<?xml version="1.0" encoding="UTF-8"?>
<!-- Generated by org.testng.reporters.JUnitReportReporter -->
<testsuite hostname="tastypotinc.private" name="ScalaTest.SimpleTest" tests="4" failures="0"
           timestamp="21 Sep 2016 00:05:31 GMT" time="0.029" errors="0">
    <testcase name="verifyException" time="0.002" classname="ScalaTest.SimpleTest"/>
    <testcase name="verifyFun" time="0.003" classname="ScalaTest.SimpleTest"/>
    <testcase name="verifyEasy" time="0.012" classname="ScalaTest.SimpleTest"/>
    <testcase name="verifyShould" time="0.012" classname="ScalaTest.SimpleTest"/>
</testsuite> <!-- ScalaTest.SimpleTest -->
