<?xml version="1.0" encoding="UTF-8"?>
<!-- Generated by org.testng.reporters.JUnitReportReporter -->
<testsuite hostname="tastypotinc.private" name="ScalaTest.ShouldBeTest" tests="4" failures="0"
           timestamp="21 Sep 2016 00:05:31 GMT" time="0.051" errors="0">
    <testcase name="verifyException" time="0.008" classname="ScalaTest.ShouldBeTest"/>
    <testcase name="verifyFun" time="0.023" classname="ScalaTest.ShouldBeTest"/>
    <testcase name="verifyShould" time="0.008" classname="ScalaTest.ShouldBeTest"/>
    <testcase name="verifyEasy" time="0.012" classname="ScalaTest.ShouldBeTest"/>
</testsuite> <!-- ScalaTest.ShouldBeTest -->
