<?xml version='1.0' encoding='UTF-8'?>
<testsuite name="JUnit Jupiter" tests="1" skipped="0" failures="0" errors="0" time="0.049" hostname="tastypotinc.private" timestamp="2016-08-30T04:12:22">
<properties>
<property name="awt.toolkit" value="sun.lwawt.macosx.LWCToolkit"/>
<property name="file.encoding" value="UTF-8"/>
<property name="file.encoding.pkg" value="sun.io"/>
<property name="file.separator" value="/"/>
<property name="ftp.nonProxyHosts" value="local|*.local|169.254/16|*.169.254/16"/>
<property name="gopherProxySet" value="false"/>
<property name="http.nonProxyHosts" value="local|*.local|169.254/16|*.169.254/16"/>
<property name="java.awt.graphicsenv" value="sun.awt.CGraphicsEnvironment"/>
<property name="java.awt.printerjob" value="sun.lwawt.macosx.CPrinterJob"/>
<property name="java.class.path" value="/Users/raliclo/work/@Netbeans/HackerRank_Practices/TestNG-1/build/classes/test:/Users/raliclo/work/@Netbeans/HackerRank_Practices/TestNG-1/build/resources/test:/Users/raliclo/work/@Netbeans/HackerRank_Practices/TestNG-1/build/classes/main:/Users/raliclo/work/@Netbeans/HackerRank_Practices/TestNG-1/build/resources/main:/Users/raliclo/.gradle/caches/modules-2/files-2.1/org.antlr/antlr4/4.5.3/f35db7e4b2446e4174ba6a73db7bd6b3e6bb5da1/antlr4-4.5.3.jar:/Users/raliclo/.gradle/caches/modules-2/files-2.1/org.apache.logging.log4j/log4j-api/2.6.2/bd1b74a5d170686362091c7cf596bbc3adf5c09b/log4j-api-2.6.2.jar:/Users/raliclo/.gradle/caches/modules-2/files-2.1/org.apache.logging.log4j/log4j-core/2.6.2/a91369f655eb1639c6aece5c5eb5108db18306/log4j-core-2.6.2.jar:/Users/raliclo/.gradle/caches/modules-2/files-2.1/com.fasterxml.jackson.core/jackson-annotations/2.8.0/45b426f7796b741035581a176744d91090e2e6fb/jackson-annotations-2.8.0.jar:/Users/raliclo/.gradle/caches/modules-2/files-2.1/org.seleniumhq.selenium/selenium-java/2.53.1/d90f85f4f389aa78b2d207ca1bfcca3fdefb71f0/selenium-java-2.53.1.jar:/Users/raliclo/.gradle/caches/modules-2/files-2.1/org.seleniumhq.selenium/selenium-server/2.53.1/1cd3a881000b8bd4c7b627cfa52b91bd016cbf4b/selenium-server-2.53.1.jar:/Users/raliclo/.gradle/caches/modules-2/files-2.1/org.seleniumhq.selenium/selenium-firefox-driver/2.53.1/5b1aa0babfb577310689a59b2ace7f342d40d70b/selenium-firefox-driver-2.53.1.jar:/Users/raliclo/.gradle/caches/modules-2/files-2.1/org.seleniumhq.selenium/selenium-chrome-driver/2.53.1/e8bb28896547d8bb6d9c11e4b103be563119fc5d/selenium-chrome-driver-2.53.1.jar:/Users/raliclo/.gradle/caches/modules-2/files-2.1/org.seleniumhq.selenium/selenium-safari-driver/2.53.1/731e322601f56f1867e665bcb0942e154277b0cd/selenium-safari-driver-2.53.1.jar:/Users/raliclo/.gradle/caches/modules-2/files-2.1/org.seleniumhq.selenium/selenium-iphone-driver/2.39.0/cb4e4cb5d66a92dce4884c8fd53e22e3052fd90/selenium-iphone-driver-2.39.0.jar:/Users/raliclo/.gradle/caches/modules-2/files-2.1/org.seleniumhq.selenium/selenium-android-driver/2.39.0/42fced997c7df37d97cad9ed44969a8a1e18369e/selenium-android-driver-2.39.0.jar:/Users/raliclo/.gradle/caches/modules-2/files-2.1/org.seleniumhq.selenium/selenium-htmlunit-driver/2.52.0/b9945a26ec2518b9d094e43e7d47b8e9146d5d39/selenium-htmlunit-driver-2.52.0.jar:/Users/raliclo/.gradle/caches/modules-2/files-2.1/org.seleniumhq.selenium/selenium-support/2.53.1/af951906201e898e1d35a9ff63b297bb633d1d03/selenium-support-2.53.1.jar:/Users/raliclo/.gradle/caches/modules-2/files-2.1/com.github.detro/phantomjsdriver/1.2.0/c8c269468edbcfb6e911e875447f1f151c4c85ca/phantomjsdriver-1.2.0.jar:/Users/raliclo/.gradle/caches/modules-2/files-2.1/org.springframework.boot/spring-boot-starter/1.4.0.RELEASE/9eb9be27958cc17de9673a6fbbdaf16fb65a7fdc/spring-boot-starter-1.4.0.RELEASE.jar:/Users/raliclo/.gradle/caches/modules-2/files-2.1/org.springframework.boot/spring-boot-starter-web/1.4.0.RELEASE/bcefa854b75a7e0bcf612bfbe030bdcb05c9da82/spring-boot-starter-web-1.4.0.RELEASE.jar:/Users/raliclo/.gradle/caches/modules-2/files-2.1/org.springframework.boot/spring-boot-starter-test/1.4.0.RELEASE/8960b7357acd9819bc357fe96a9768a9fb010ccf/spring-boot-starter-test-1.4.0.RELEASE.jar:/Users/raliclo/.gradle/caches/modules-2/files-2.1/org.springframework.boot/spring-boot-starter-data-jpa/1.4.0.RELEASE/d373fd566589910cdde69ca3b9de79c433eb29dd/spring-boot-starter-data-jpa-1.4.0.RELEASE.jar:/Users/raliclo/.gradle/caches/modules-2/files-2.1/org.springframework.boot/spring-boot-starter-security/1.4.0.RELEASE/5109b4ded64b8ae97779a977738cb1e3ae23b9d1/spring-boot-starter-security-1.4.0.RELEASE.jar:/Users/raliclo/.gradle/caches/modules-2/files-2.1/org.springframework.boot/spring-boot-configuration-processor/1.4.0.RELEASE/f56fc793a6f4bff12c82f2e3333a62fd2fd19274/spring-boot-configuration-processor-1.4.0.RELEASE.jar:/Users/raliclo/.gradle/caches/modules-2/files-2.1/org.springframework.data/spring-data-solr/2.0.2.RELEASE/e686f95b29c16b9bd919cdd58ae770ea1831e08d/spring-data-solr-2.0.2.RELEASE.jar:/Users/raliclo/.gradle/caches/modules-2/files-2.1/org.apache.hadoop/hadoop-common/2.7.3/9ffd994953fc4397830a1241a15c9121aebd9574/hadoop-common-2.7.3.jar:/Users/raliclo/.gradle/caches/modules-2/files-2.1/org.apache.hadoop/hadoop-client/2.7.3/2df5858abb96b09ea24554b786a8eb704d0436be/hadoop-client-2.7.3.jar:/Users/raliclo/.gradle/caches/modules-2/files-2.1/org.apache.hadoop/hadoop-hdfs/2.7.3/524d360c632c8cbe788b5411b00ed00770e52c3e/hadoop-hdfs-2.7.3.jar:/Users/raliclo/.gradle/caches/modules-2/files-2.1/org.apache.hadoop/hadoop-annotations/2.7.3/a55da50d8b25df34dc4ecab9cbd3a5a24664594/hadoop-annotations-2.7.3.jar:/Users/raliclo/.gradle/caches/modules-2/files-2.1/org.apache.hadoop/hadoop-core/1.2.1/3e5874122a26a735162a380627210779b41bfd59/hadoop-core-1.2.1.jar:/Users/raliclo/.gradle/caches/modules-2/files-2.1/org.apache.hadoop/hadoop-tools/1.2.1/b08c16bd0448fbcadab67c4f8df837c094fdc91e/hadoop-tools-1.2.1.jar:/Users/raliclo/.gradle/caches/modules-2/files-2.1/org.apache.hadoop/hadoop-mapreduce-client-core/2.7.3/bc47392a6830a22900a84723837e04bdba12a2d4/hadoop-mapreduce-client-core-2.7.3.jar:/Users/raliclo/.gradle/caches/modules-2/files-2.1/org.apache.hadoop/hadoop-mapreduce-client-common/2.7.3/c53b206784bf0ee7ab3de6672ca6303931654371/hadoop-mapreduce-client-common-2.7.3.jar:/Users/raliclo/.gradle/caches/modules-2/files-2.1/org.apache.hadoop/hadoop-mapreduce-client-jobclient/2.7.3/5fa80f09065a661227da50ba7df3ec5a0e9425d3/hadoop-mapreduce-client-jobclient-2.7.3.jar:/Users/raliclo/.gradle/caches/modules-2/files-2.1/org.apache.hadoop/hadoop-mapreduce-client-app/2.7.3/f04e4d71d46b0a4f7293c831efb874cc9945f16e/hadoop-mapreduce-client-app-2.7.3.jar:/Users/raliclo/.gradle/caches/modules-2/files-2.1/org.apache.hadoop/hadoop-mapreduce-client-shuffle/2.7.3/bb35404c0ab9052577d125a712e79f3581371573/hadoop-mapreduce-client-shuffle-2.7.3.jar:/Users/raliclo/.gradle/caches/modules-2/files-2.1/org.apache.hadoop/hadoop-mapreduce-client-hs/2.7.3/257807d070b3bef489219db1db7322bcf1bf3873/hadoop-mapreduce-client-hs-2.7.3.jar:/Users/raliclo/.gradle/caches/modules-2/files-2.1/org.apache.hadoop/hadoop-streaming/2.7.3/62cfc1324d4831a6830bc1fc690719bd4d8ae1f0/hadoop-streaming-2.7.3.jar:/Users/raliclo/.gradle/caches/modules-2/files-2.1/org.apache.hadoop/hadoop-yarn-common/2.7.3/455420e0d0a9e645d9489e8c7d34d0b02cd1c36f/hadoop-yarn-common-2.7.3.jar:/Users/raliclo/.gradle/caches/modules-2/files-2.1/org.apache.hadoop/hadoop-yarn-api/2.7.3/b15b7673cbe076dccf973ac45721a89f1ef95948/hadoop-yarn-api-2.7.3.jar:/Users/raliclo/.gradle/caches/modules-2/files-2.1/org.apache.hadoop/hadoop-yarn-server-common/2.7.3/65f027fd3e81ceef40a64c53d02915da735524df/hadoop-yarn-server-common-2.7.3.jar:/Users/raliclo/.gradle/caches/modules-2/files-2.1/org.apache.hadoop/hadoop-yarn-client/2.7.3/efc744ba86a8f5f9e290b5342e366b5594b232fc/hadoop-yarn-client-2.7.3.jar:/Users/raliclo/.gradle/caches/modules-2/files-2.1/org.apache.hadoop/hadoop-yarn-server-web-proxy/2.7.3/27a82c99c3c712403e1384746e94e20edd6c134c/hadoop-yarn-server-web-proxy-2.7.3.jar:/Users/raliclo/.gradle/caches/modules-2/files-2.1/org.apache.hadoop/hadoop-yarn-server-nodemanager/2.7.3/f654bd3bca5bdd5646bca5c92e02a101da107165/hadoop-yarn-server-nodemanager-2.7.3.jar:/Users/raliclo/.gradle/caches/modules-2/files-2.1/org.apache.hadoop/hadoop-yarn-server-resourcemanager/2.7.3/2bd211c3d8d1e28d0d7248c9bce329ad8a7c534c/hadoop-yarn-server-resourcemanager-2.7.3.jar:/Users/raliclo/.gradle/caches/modules-2/files-2.1/org.apache.hadoop/hadoop-auth/2.7.3/7d1236a477accb4c67fc9615ed67732097fb9af9/hadoop-auth-2.7.3.jar:/Users/raliclo/.gradle/caches/modules-2/files-2.1/org.apache.hadoop/hadoop-minicluster/2.7.3/1e1b2af99caf97bbca36380e865aee0bd009eefc/hadoop-minicluster-2.7.3.jar:/Users/raliclo/.gradle/caches/modules-2/files-2.1/org.apache.hadoop/hadoop-yarn-server-tests/2.7.3/318b07b665a8a5d922ef02e17e5828110e43bb8b/hadoop-yarn-server-tests-2.7.3.jar:/Users/raliclo/.gradle/caches/modules-2/files-2.1/org.apache.hadoop/hadoop-test/1.2.1/5c52761bb3f74cdc5c0884d9913480e170ccbc33/hadoop-test-1.2.1.jar:/Users/raliclo/.gradle/caches/modules-2/files-2.1/org.apache.cassandra/cassandra-all/3.7/e32333a1019c0b344936799c982514b1a9ee609b/cassandra-all-3.7.jar:/Users/raliclo/.gradle/caches/modules-2/files-2.1/com.datastax.spark/spark-cassandra-connector_2.10/1.6.0/50725cf97f563a02a059fb787004255837dd17f1/spark-cassandra-connector_2.10-1.6.0.jar:/Users/raliclo/.gradle/caches/modules-2/files-2.1/com.datastax.cassandra/cassandra-driver-core/3.0.3/44d4fa4a02330f8503239983d9271aef4431612/cassandra-driver-core-3.0.3.jar:/Users/raliclo/.gradle/caches/modules-2/files-2.1/org.apache.zookeeper/zookeeper/3.4.8/933ea2ed15e6a0e24b788973e3d128ff163c3136/zookeeper-3.4.8.jar:/Users/raliclo/.gradle/caches/modules-2/files-2.1/org.apache.spark/spark-core_2.11/2.0.0/c4d04336c142f10eb7e172155f022f86b6d11dd3/spark-core_2.11-2.0.0.jar:/Users/raliclo/.gradle/caches/modules-2/files-2.1/org.apache.spark/spark-sql_2.11/2.0.0/8dc07912a0b64c8d7f8f787b1b9e580b6e3bf0b8/spark-sql_2.11-2.0.0.jar:/Users/raliclo/.gradle/caches/modules-2/files-2.1/org.apache.spark/spark-mllib_2.11/2.0.0/7ee6c09714a571e55a0ee588d023a25206785d1a/spark-mllib_2.11-2.0.0.jar:/Users/raliclo/.gradle/caches/modules-2/files-2.1/org.apache.spark/spark-streaming_2.11/2.0.0/7227cbd39f5952b0ed3579bc78463bcc318ecd2b/spark-streaming_2.11-2.0.0.jar:/Users/raliclo/.gradle/caches/modules-2/files-2.1/org.apache.spark/spark-hive_2.11/2.0.0/345f7e7871333f93272fc5ef35c0af93fe87f146/spark-hive_2.11-2.0.0.jar:/Users/raliclo/.gradle/caches/modules-2/files-2.1/org.apache.spark/spark-repl_2.11/2.0.0/5b44b03faafcc1be82963ebba11ce5038e53843a/spark-repl_2.11-2.0.0.jar:/Users/raliclo/.gradle/caches/modules-2/files-2.1/org.apache.spark/spark-unsafe_2.11/2.0.0/9f8682d4c83ce32f08fea067c2e22aaabca27d86/spark-unsafe_2.11-2.0.0.jar:/Users/raliclo/.gradle/caches/modules-2/files-2.1/org.apache.spark/spark-yarn_2.11/2.0.0/2b612fcda7b8780e62926bc63e900c662af58b6e/spark-yarn_2.11-2.0.0.jar:/Users/raliclo/.gradle/caches/modules-2/files-2.1/org.apache.spark/spark-graphx_2.11/2.0.0/130cd4e6d0b94e2f5857634475df79ec4a2640ff/spark-graphx_2.11-2.0.0.jar:/Users/raliclo/.gradle/caches/modules-2/files-2.1/org.apache.spark/spark-test-tags_2.11/1.6.2/d1b6760a03ff8f01aaa56a9cdc38fa0c029aeae5/spark-test-tags_2.11-1.6.2.jar:/Users/raliclo/.gradle/caches/modules-2/files-2.1/org.apache.spark/spark-streaming-twitter_2.11/1.6.2/f18eed1e10aeb41e07610b6411901265f466d4c8/spark-streaming-twitter_2.11-1.6.2.jar:/Users/raliclo/.gradle/caches/modules-2/files-2.1/org.apache.spark/spark-streaming-kafka_2.11/1.6.2/dfe4bc0332e19bd9b13419a922fc68531a8d4f72/spark-streaming-kafka_2.11-1.6.2.jar:/Users/raliclo/.gradle/caches/modules-2/files-2.1/org.apache.spark/spark-bagel_2.11/1.6.2/baf46e8c5c7084cba641e327f950dfb76cf07d93/spark-bagel_2.11-1.6.2.jar:/Users/raliclo/.gradle/caches/modules-2/files-2.1/org.bitcoinj/bitcoinj-core/0.14.3/6dd92e26fa57dbcfe9186946f8d86ff058201f37/bitcoinj-core-0.14.3.jar:/Users/raliclo/.gradle/caches/modules-2/files-2.1/org.eclipse.californium/californium-core/2.0.0-M1/80a723e2fa34aa580991dff75c94c1f733708ab8/californium-core-2.0.0-M1.jar:/Users/raliclo/.gradle/caches/modules-2/files-2.1/de.uzl.itm/ncoap-core/1.8.3-SNAPSHOT/ffdc335c588fffc3e15fea0c3265a41ad3aac79d/ncoap-core-1.8.3-SNAPSHOT.jar:/Users/raliclo/.gradle/caches/modules-2/files-2.1/org.eclipse.leshan/leshan-all/0.1.11-M12/eda4fb99d1d85253903588fccea63251a5813617/leshan-all-0.1.11-M12.jar:/Users/raliclo/.gradle/caches/modules-2/files-2.1/io.netty/netty-all/5.0.0.Alpha2/9870d1ff5e71352077776a255f9d1494486af16/netty-all-5.0.0.Alpha2.jar:/Users/raliclo/.gradle/caches/modules-2/files-2.1/org.eclipse.jetty/jetty-server/9.4.0.M1/6ec25572ac6a924faab2ef0678db88e8fe20d566/jetty-server-9.4.0.M1.jar:/Users/raliclo/.gradle/caches/modules-2/files-2.1/com.holdenkarau/spark-testing-base_2.11/2.0.0_0.4.4/e6fcdc7218aefe59fc2335c045c232114dfc9db1/spark-testing-base_2.11-2.0.0_0.4.4.jar:/Users/raliclo/.gradle/caches/modules-2/files-2.1/org.apache.mesos/mesos/1.0.0/2a7e7503acbc129646bad71d654f749abd57fc18/mesos-1.0.0.jar:/Users/raliclo/.gradle/caches/modules-2/files-2.1/org.apache.poi/poi/3.15-beta2/752ddd3b9e673133273dbe8efbcdd34fb8352dbf/poi-3.15-beta2.jar:/Users/raliclo/.gradle/caches/modules-2/files-2.1/org.deeplearning4j/deeplearning4j-core/0.4.0/94ab62bd77089f58a0c8dca6b5b7bfdedc5c3de7/deeplearning4j-core-0.4.0.jar:/Users/raliclo/.gradle/caches/modules-2/files-2.1/org.deeplearning4j/dl4j-spark_2.11/0.4.0/fe2a1e5918c96302f5fc6799341b7a887adf5fdf/dl4j-spark_2.11-0.4.0.jar:/Users/raliclo/.gradle/caches/modules-2/files-2.1/org.nd4j/nd4j-native-platform/0.4.0/35e1a4ac6127f791d3f39f5d27f0907de82a6181/nd4j-native-platform-0.4.0.jar:/Users/raliclo/.gradle/caches/modules-2/files-2.1/org.openpnp/opencv/2.4.11-2/bff3e6b1d339eb8fa6b4c3caf4f7f36946e0e54d/opencv-2.4.11-2.jar:/Users/raliclo/.gradle/caches/modules-2/files-2.1/com.badlogicgames.gdx/gdx/1.9.3/1a3775429980a6c8da0cdefb656ad1dabf91d629/gdx-1.9.3.jar:/Users/raliclo/.gradle/caches/modules-2/files-2.1/org.jmonkeyengine/jme3-core/3.1.0-beta1/f62b2637b01033152c0938c2dd36228e430767b4/jme3-core-3.1.0-beta1.jar:/Users/raliclo/.gradle/caches/modules-2/files-2.1/com.gluonhq/maps/1.0.0/2b17192ee8faeb7d476dd17bbeeb2aa16853ff9a/maps-1.0.0.jar:/Users/raliclo/.gradle/caches/modules-2/files-2.1/commons-net/commons-net/3.5/342fc284019f590e1308056990fdb24a08f06318/commons-net-3.5.jar:/Users/raliclo/.gradle/caches/modules-2/files-2.1/org.apache.commons/commons-email/1.4/3b3c527990f7f288a3a9b23a8c7307bbf7e75965/commons-email-1.4.jar:/Users/raliclo/.gradle/caches/modules-2/files-2.1/org.jsoup/jsoup/1.9.2/5e3bda828a80c7a21dfbe2308d1755759c2fd7b4/jsoup-1.9.2.jar:/Users/raliclo/.gradle/caches/modules-2/files-2.1/org.hibernate/hibernate-core/5.2.2.Final/8e547af334b6346233a8293e50a2932e47936c9b/hibernate-core-5.2.2.Final.jar:/Users/raliclo/.gradle/caches/modules-2/files-2.1/joda-time/joda-time/2.9.4/1c295b462f16702ebe720bbb08f62e1ba80da41b/joda-time-2.9.4.jar:/Users/raliclo/.gradle/caches/modules-2/files-2.1/com.h2database/h2/1.4.192/1106492605db135523d2817881cdf029d9292afa/h2-1.4.192.jar:/Users/raliclo/.gradle/caches/modules-2/files-2.1/org.apache.kafka/kafka_2.11/0.10.0.1/9cd0b8025c3262f11384f6d0c02f7966b3551205/kafka_2.11-0.10.0.1.jar:/Users/raliclo/.gradle/caches/modules-2/files-2.1/org.apache.kafka/kafka-streams/0.10.0.1/c75f34460a6a211fdd52df21c211b545c7a7411d/kafka-streams-0.10.0.1.jar:/Users/raliclo/.gradle/caches/modules-2/files-2.1/org.apache.kafka/kafka-examples/0.10.0.1/5564103cca117b6570ac46068b63986a7a312b5/kafka-examples-0.10.0.1.jar:/Users/raliclo/.gradle/caches/modules-2/files-2.1/org.apache.kafka/kafka-tools/0.10.0.1/12873447b75a2f4bb4fda27ee5348350939243e8/kafka-tools-0.10.0.1.jar:/Users/raliclo/.gradle/caches/modules-2/files-2.1/org.apache.kafka/kafka-log4j-appender/0.10.0.1/ee40a4d50830e2cc7d6dfd2586cfb2ed8fb187f6/kafka-log4j-appender-0.10.0.1.jar:/Users/raliclo/.gradle/caches/modules-2/files-2.1/org.apache.kafka/kafka-clients/0.10.0.1/36ebf4044d0e546bf74c95629d736ca63320a323/kafka-clients-0.10.0.1.jar:/Users/raliclo/.gradle/caches/modules-2/files-2.1/org.apache.kafka/connect-api/0.10.0.1/ecb51f0dd038d576350afac7394db2de13972bf5/connect-api-0.10.0.1.jar:/Users/raliclo/.gradle/caches/modules-2/files-2.1/org.apache.kafka/connect-json/0.10.0.1/bf27e812ad6674f40662a5edb3aec65f22f541b0/connect-json-0.10.0.1.jar:/Users/raliclo/.gradle/caches/modules-2/files-2.1/org.apache.kafka/connect-file/0.10.0.1/c447bce2f1a172e8c358fa73b1118473cf28a688/connect-file-0.10.0.1.jar:/Users/raliclo/.gradle/caches/modules-2/files-2.1/org.apache.kafka/connect-runtime/0.10.0.1/4e65eb2078da25065b142d54e833ea13b6188c2e/connect-runtime-0.10.0.1.jar:/Users/raliclo/.gradle/caches/modules-2/files-2.1/org.apache.kafka/kafka-streams-examples/0.10.0.1/58ff29abfc6c22f26d431d0ea5320e635e582435/kafka-streams-examples-0.10.0.1.jar:/Users/raliclo/.gradle/caches/modules-2/files-2.1/org.apache.kafka/kafka-hadoop-producer/0.8.2.2/685aa50923298cd77a5ec3b147561fb293fc0573/kafka-hadoop-producer-0.8.2.2.jar:/Users/raliclo/.gradle/caches/modules-2/files-2.1/org.apache.kafka/kafka-hadoop-consumer/0.8.2.2/717734b5fa82e4d494050913d5f8d5ca0f087ed1/kafka-hadoop-consumer-0.8.2.2.jar:/Users/raliclo/.gradle/caches/modules-2/files-2.1/org.apache.kafka/kafka-java-examples/0.8.0/b97efcbd43e0ed42f146ca3a012060d7d0a53405/kafka-java-examples-0.8.0.jar:/Users/raliclo/.gradle/caches/modules-2/files-2.1/org.apache.pdfbox/pdfbox/2.0.2/997dba365753d7da93255781fb17ee40fbca79bc/pdfbox-2.0.2.jar:/Users/raliclo/.gradle/caches/modules-2/files-2.1/com.itextpdf/itextpdf/5.5.9/af7e24e11af3aeb7f25dfe342b050dd1618f2a54/itextpdf-5.5.9.jar:/Users/raliclo/.gradle/caches/modules-2/files-2.1/com.google.code.gson/gson/2.7/751f548c85fa49f330cecbb1875893f971b33c4e/gson-2.7.jar:/Users/raliclo/.gradle/caches/modules-2/files-2.1/org.apache.avro/avro/1.8.1/f4e11d00055760dca33daab193192bd75cc87b59/avro-1.8.1.jar:/Users/raliclo/.gradle/caches/modules-2/files-2.1/org.apache.orc/orc-core/1.2.0/4589327ef6b7928d17d4cd0d85010698f4563587/orc-core-1.2.0.jar:/Users/raliclo/.gradle/caches/modules-2/files-2.1/org.apache.orc/orc-tools/1.2.0/bae3cc416196bed7e32f63169453c4bff0d6c928/orc-tools-1.2.0.jar:/Users/raliclo/.gradle/caches/modules-2/files-2.1/org.apache.orc/orc-mapreduce/1.2.0/7fb2c6c698c90bb7dc19f2dac3a153c6b55f02b9/orc-mapreduce-1.2.0.jar:/Users/raliclo/.gradle/caches/modules-2/files-2.1/com.twitter/parquet-format/2.2.0/df2f9943d5a0abf439705799c149f73e2d8749fa/parquet-format-2.2.0.jar:/Users/raliclo/.gradle/caches/modules-2/files-2.1/org.apache.hive/hive-exec/2.1.0/f6f7bf236e9b9b73c24c63c7d168dbbff4846fe7/hive-exec-2.1.0.jar:/Users/raliclo/.gradle/caches/modules-2/files-2.1/org.apache.hive/hive-serde/2.1.0/54de8501942565677cb58bf9745976b50df527b4/hive-serde-2.1.0.jar:/Users/raliclo/.gradle/caches/modules-2/files-2.1/org.apache.hive/hive-metastore/2.1.0/37ab23954547f3de9ae98a56038bf8b76e887ad2/hive-metastore-2.1.0.jar:/Users/raliclo/.gradle/caches/modules-2/files-2.1/org.apache.hive/hive-service/2.1.0/4bd13cfd7c0869a2175668a2b7726e7f3a33ed2d/hive-service-2.1.0.jar:/Users/raliclo/.gradle/caches/modules-2/files-2.1/org.apache.ignite/ignite-core/1.7.0/f7dfede85c4ac610aa5324deb46f3804e0f2d552/ignite-core-1.7.0.jar:/Users/raliclo/.gradle/caches/modules-2/files-2.1/org.apache.ignite/ignite-mesos/1.7.0/507daec3273cc838d5085da9794a6d43b6df2a8f/ignite-mesos-1.7.0.jar:/Users/raliclo/.gradle/caches/modules-2/files-2.1/org.apache.ignite/ignite-spring/1.7.0/eb2afe31819b309493902727e5426fa83a721554/ignite-spring-1.7.0.jar:/Users/raliclo/.gradle/caches/modules-2/files-2.1/org.apache.ignite/ignite-tools/1.7.0/d94c3b1bdfab874d9e5b18843eeaf71b289f40dc/ignite-tools-1.7.0.jar:/Users/raliclo/.gradle/caches/modules-2/files-2.1/org.apache.ignite/ignite-rest-http/1.7.0/1325b462054daed3d6b859d5213a0d453c1b43ab/ignite-rest-http-1.7.0.jar:/Users/raliclo/.gradle/caches/modules-2/files-2.1/org.apache.ignite/ignite-spark_2.10/1.7.0/496fad34911007b11a10f1ac8c891760a8024c15/ignite-spark_2.10-1.7.0.jar:/Users/raliclo/.gradle/caches/modules-2/files-2.1/org.apache.ignite/ignite-kafka/1.7.0/72831dce06ca7a3782999c319189dcfb8365715a/ignite-kafka-1.7.0.jar:/Users/raliclo/.gradle/caches/modules-2/files-2.1/org.apache.ignite/ignite-camel/1.7.0/fbf897c8dade4e25230d1d9d1619e71a23989c1e/ignite-camel-1.7.0.jar:/Users/raliclo/.gradle/caches/modules-2/files-2.1/org.apache.ignite/ignite-clients/1.7.0/268fbabb7196acdbf17f2bf22cc64a2eba8cba39/ignite-clients-1.7.0.jar:/Users/raliclo/.gradle/caches/modules-2/files-2.1/org.apache.ignite/ignite-examples/1.0.0-RC3/e8052b2f00f27082e99d2a0ce1a163afe8800771/ignite-examples-1.0.0-RC3.jar:/Users/raliclo/.gradle/caches/modules-2/files-2.1/org.apache.ignite/ignite-codegen/1.0.0-RC3/207e3d8256caa1594e1cac1134d1a6e5cae325ff/ignite-codegen-1.0.0-RC3.jar:/Users/raliclo/.gradle/caches/modules-2/files-2.1/org.ow2.asm/asm-all/6.0_ALPHA/b1d8d6a8fae4f4b44131c7f2390c1bfa99c82743/asm-all-6.0_ALPHA.jar:/Users/raliclo/.gradle/caches/modules-2/files-2.1/org.ow2.asm/asm-debug-all/6.0_ALPHA/ec4d186ad9f00839ff6c9ff4a6a849497db6b3d6/asm-debug-all-6.0_ALPHA.jar:/Users/raliclo/.gradle/caches/modules-2/files-2.1/org.ow2.asm/asm-analysis/6.0_ALPHA/41176e58e57e6bee25d5e27a59ad6eaacce0d9c/asm-analysis-6.0_ALPHA.jar:/Users/raliclo/.gradle/caches/modules-2/files-2.1/org.scala-lang/scalap/2.12.0-M5/e8a9e7ff856614fd1f757925f8c3918ce9bb4c9b/scalap-2.12.0-M5.jar:/Users/raliclo/.gradle/caches/modules-2/files-2.1/com.google.guava/guava/19.0/6ce200f6b23222af3d8abb6b6459e6c44f4bb0e9/guava-19.0.jar:/Users/raliclo/.gradle/caches/modules-2/files-2.1/com.twitter/util-core_2.10/6.34.0/16e02ebb18337cde79249258d03eace0b4eacf33/util-core_2.10-6.34.0.jar:/Users/raliclo/.gradle/caches/modules-2/files-2.1/org.jmonkeyengine/jme3-desktop/3.1.0-beta1/3ee8a0543541137ce7e4e3297930391f3a90d1c7/jme3-desktop-3.1.0-beta1.jar:/Users/raliclo/.gradle/caches/modules-2/files-2.1/org.jmonkeyengine/jme3-lwjgl/3.1.0-beta1/9c29fa34737fb5a7da4966a5e10d7acc2d4f1740/jme3-lwjgl-3.1.0-beta1.jar:/Users/raliclo/.gradle/caches/modules-2/files-2.1/org.arquillian.cube/arquillian-cube-requirement/1.0.0.Alpha14/d5c9cbfa80c6ffdf77afcf0be99f5d6f5be71eb7/arquillian-cube-requirement-1.0.0.Alpha14.jar:/Users/raliclo/.gradle/caches/modules-2/files-2.1/org.arquillian.spacelift/arquillian-spacelift/1.0.0.Alpha8/437c2260215bfd55538cd98529f0a2001ef8988d/arquillian-spacelift-1.0.0.Alpha8.jar:/Users/raliclo/.gradle/caches/modules-2/files-2.1/org.testng/testng/6.9.12/354eba9b34737190bad0a72dd5671683cfbae24d/testng-6.9.12.jar:/Users/raliclo/.gradle/caches/modules-2/files-2.1/org.junit.jupiter/junit-jupiter-api/5.0.0-M2/8227f1e8ce8c1badea96a58fd3e9fc266c674487/junit-jupiter-api-5.0.0-M2.jar:/Users/raliclo/.gradle/caches/modules-2/files-2.1/org.scalatest/scalatest-app_2.12.0-M5/3.0.0/f0a52393e035c4b10eba6443ea61c495b8ff9b03/scalatest-app_2.12.0-M5-3.0.0.jar:/Users/raliclo/.gradle/caches/modules-2/files-2.1/org.junit.jupiter/junit-jupiter-engine/5.0.0-M2/2e6493b9e7a1b7954c365065b393bc44f4008d84/junit-jupiter-engine-5.0.0-M2.jar:/Users/raliclo/.gradle/caches/modules-2/files-2.1/org.apache.logging.log4j/log4j-jul/2.5/2c679bb8b6ec7e204615045c9943e6b4dbfd45ab/log4j-jul-2.5.jar:/Users/raliclo/.gradle/caches/modules-2/files-2.1/org.seleniumhq.selenium/selenium-remote-control/2.0rc2/e6ac4826b15978f696f8170b53880e3b43822ac2/selenium-remote-control-2.0rc2.jar:/Users/raliclo/.gradle/caches/modules-2/files-2.1/org.seleniumhq.selenium/selenium-edge-driver/2.53.1/8d7ce00b6d53fd2feebd12ae831c1b35e6577e96/selenium-edge-driver-2.53.1.jar:/Users/raliclo/.gradle/caches/modules-2/files-2.1/org.seleniumhq.selenium/htmlunit-driver/2.21/4c19c164835580db1d46887b43392dae0c255d50/htmlunit-driver-2.21.jar:/Users/raliclo/.gradle/caches/modules-2/files-2.1/org.seleniumhq.selenium/selenium-ie-driver/2.53.1/63c8e86d544b39026c0f803ec3c863a144995ad6/selenium-ie-driver-2.53.1.jar:/Users/raliclo/.gradle/caches/modules-2/files-2.1/org.seleniumhq.selenium/selenium-leg-rc/2.53.1/6ac994ea069b57e126e222374ed3ebbc85a08529/selenium-leg-rc-2.53.1.jar:/Users/raliclo/.gradle/caches/modules-2/files-2.1/org.seleniumhq.selenium/selenium-remote-driver/2.53.1/5b049195915b0120259a063db049e1ffa874550e/selenium-remote-driver-2.53.1.jar:/Users/raliclo/.gradle/caches/modules-2/files-2.1/commons-io/commons-io/2.4/b1b6ea3b7e4aa4f492509a4952029cd8e48019ad/commons-io-2.4.jar:/Users/raliclo/.gradle/caches/modules-2/files-2.1/org.apache.commons/commons-exec/1.3/8dfb9facd0830a27b1b5f29f84593f0aeee7773b/commons-exec-1.3.jar:/Users/raliclo/.gradle/caches/modules-2/files-2.1/commons-collections/commons-collections/3.2.2/8ad72fe39fa8c91eaaf12aadb21e0c3661fe26d5/commons-collections-3.2.2.jar:/Users/raliclo/.gradle/caches/modules-2/files-2.1/org.springframework.boot/spring-boot/1.4.0.RELEASE/3b4ea475b40eb9dc966fb3c650c97bfabb988f9/spring-boot-1.4.0.RELEASE.jar:/Users/raliclo/.gradle/caches/modules-2/files-2.1/org.springframework.boot/spring-boot-autoconfigure/1.4.0.RELEASE/9fa1ac16ac6fd96d7df2c72b55ba9814be082ffc/spring-boot-autoconfigure-1.4.0.RELEASE.jar:/Users/raliclo/.gradle/caches/modules-2/files-2.1/org.springframework.boot/spring-boot-starter-logging/1.4.0.RELEASE/53303110c92c921e09e1c9bc8b9bf4c1935c2f12/spring-boot-starter-logging-1.4.0.RELEASE.jar:/Users/raliclo/.gradle/caches/modules-2/files-2.1/org.springframework/spring-core/4.3.2.RELEASE/fd2f3cf45d3c84f293cb7ee3ab7d24c979495552/spring-core-4.3.2.RELEASE.jar:/Users/raliclo/.gradle/caches/modules-2/files-2.1/org.yaml/snakeyaml/1.17/7a27ea250c5130b2922b86dea63cbb1cc10a660c/snakeyaml-1.17.jar:/Users/raliclo/.gradle/caches/modules-2/files-2.1/org.springframework.boot/spring-boot-starter-tomcat/1.4.0.RELEASE/9f3530cbc1998b9aeebd0a5c070f5d4f24357610/spring-boot-starter-tomcat-1.4.0.RELEASE.jar:/Users/raliclo/.gradle/caches/modules-2/files-2.1/org.hibernate/hibernate-validator/5.2.4.Final/fb18766b576aa6632bcfe9a20a023cbd52bf9769/hibernate-validator-5.2.4.Final.jar:/Users/raliclo/.gradle/caches/modules-2/files-2.1/org.springframework/spring-web/4.3.2.RELEASE/562b3b775b6e8e7113b5d23b21946f939658bd19/spring-web-4.3.2.RELEASE.jar:/Users/raliclo/.gradle/caches/modules-2/files-2.1/org.springframework/spring-webmvc/4.3.2.RELEASE/99b68a8aca2ed67ad523e7341a90dd1c90fd669e/spring-webmvc-4.3.2.RELEASE.jar:/Users/raliclo/.gradle/caches/modules-2/files-2.1/org.springframework.boot/spring-boot-test/1.4.0.RELEASE/2fd44f79ea69c6e2b485d895cbc89e314c6f886c/spring-boot-test-1.4.0.RELEASE.jar:/Users/raliclo/.gradle/caches/modules-2/files-2.1/org.springframework.boot/spring-boot-test-autoconfigure/1.4.0.RELEASE/632e93da48afb7a2f4185cdb7b2bd300b7322579/spring-boot-test-autoconfigure-1.4.0.RELEASE.jar:/Users/raliclo/.gradle/caches/modules-2/files-2.1/com.jayway.jsonpath/json-path/2.2.0/22290d17944bd239fabf5ac69005a60a7ecbbbcb/json-path-2.2.0.jar:/Users/raliclo/.gradle/caches/modules-2/files-2.1/junit/junit/4.12/2973d150c0dc1fefe998f834810d68f278ea58ec/junit-4.12.jar:/Users/raliclo/.gradle/caches/modules-2/files-2.1/org.assertj/assertj-core/2.5.0/fcd21db4c5f33e5dcac69bf1816415fe0647582f/assertj-core-2.5.0.jar:/Users/raliclo/.gradle/caches/modules-2/files-2.1/org.mockito/mockito-core/1.10.19/e8546f5bef4e061d8dd73895b4e8f40e3fe6effe/mockito-core-1.10.19.jar:/Users/raliclo/.gradle/caches/modules-2/files-2.1/org.hamcrest/hamcrest-core/1.3/42a25dc3219429f0e5d060061f71acb49bf010a0/hamcrest-core-1.3.jar:/Users/raliclo/.gradle/caches/modules-2/files-2.1/org.hamcrest/hamcrest-library/1.3/4785a3c21320980282f9f33d0d1264a69040538f/hamcrest-library-1.3.jar:/Users/raliclo/.gradle/caches/modules-2/files-2.1/org.skyscreamer/jsonassert/1.3.0/d5c250eb122496866de36dc84f98e2945845ecdd/jsonassert-1.3.0.jar:/Users/raliclo/.gradle/caches/modules-2/files-2.1/org.springframework/spring-test/4.3.2.RELEASE/9ed0fa8f5d9596d28f1ea9961177e2a7cb815c79/spring-test-4.3.2.RELEASE.jar:/Users/raliclo/.gradle/caches/modules-2/files-2.1/org.springframework.boot/spring-boot-starter-aop/1.4.0.RELEASE/68109cfdd0e86e301528f3722e28f6c98f0b7d5e/spring-boot-starter-aop-1.4.0.RELEASE.jar:/Users/raliclo/.gradle/caches/modules-2/files-2.1/org.springframework.boot/spring-boot-starter-jdbc/1.4.0.RELEASE/46ab1fc323e5e6483ee94c1c17d20b3fadb42fa4/spring-boot-starter-jdbc-1.4.0.RELEASE.jar:/Users/raliclo/.gradle/caches/modules-2/files-2.1/org.hibernate/hibernate-entitymanager/5.0.9.Final/9eed86e58baf4a3fb9d5156cf03e59051e2bc6c5/hibernate-entitymanager-5.0.9.Final.jar:/Users/raliclo/.gradle/caches/modules-2/files-2.1/javax.transaction/javax.transaction-api/1.2/d81aff979d603edd90dcd8db2abc1f4ce6479e3e/javax.transaction-api-1.2.jar:/Users/raliclo/.gradle/caches/modules-2/files-2.1/org.springframework.data/spring-data-jpa/1.10.2.RELEASE/5da5131a02365790d38469cd3bae778e4891daff/spring-data-jpa-1.10.2.RELEASE.jar:/Users/raliclo/.gradle/caches/modules-2/files-2.1/org.springframework/spring-aspects/4.3.2.RELEASE/bdb8ccdfd7e52c6e7b9a187327b1be04e0e2ac1f/spring-aspects-4.3.2.RELEASE.jar:/Users/raliclo/.gradle/caches/modules-2/files-2.1/org.springframework/spring-aop/4.3.2.RELEASE/caef216e995f565dd4ab165ec5918ff44487615d/spring-aop-4.3.2.RELEASE.jar:/Users/raliclo/.gradle/caches/modules-2/files-2.1/org.springframework.security/spring-security-config/4.1.1.RELEASE/3616b49db81527d69d2bf3d9ad6b0fa899d1080d/spring-security-config-4.1.1.RELEASE.jar:/Users/raliclo/.gradle/caches/modules-2/files-2.1/org.springframework.security/spring-security-web/4.1.1.RELEASE/b4c912edc0c437f24e96db587848d856605734e2/spring-security-web-4.1.1.RELEASE.jar:/Users/raliclo/.gradle/caches/modules-2/files-2.1/org.json/json/20140107/d1ffca6e2482b002702c6a576166fd685e3370e3/json-20140107.jar:/Users/raliclo/.gradle/caches/modules-2/files-2.1/org.springframework.data/spring-data-commons/1.12.2.RELEASE/a827ed936b8685c19eecda0abb86fb86193ddffc/spring-data-commons-1.12.2.RELEASE.jar:/Users/raliclo/.gradle/caches/modules-2/files-2.1/org.apache.solr/solr-solrj/5.5.0/4587141991fc39e2d4a45fea667cf4ad72d91583/solr-solrj-5.5.0.jar:/Users/raliclo/.gradle/caches/modules-2/files-2.1/org.slf4j/slf4j-api/1.7.21/139535a69a4239db087de9bab0bee568bf8e0b70/slf4j-api-1.7.21.jar:/Users/raliclo/.gradle/caches/modules-2/files-2.1/org.slf4j/jcl-over-slf4j/1.7.21/331b564a3a42f002a0004b039c1c430da89062cd/jcl-over-slf4j-1.7.21.jar:/Users/raliclo/.gradle/caches/modules-2/files-2.1/commons-cli/commons-cli/1.2/2bf96b7aa8b611c177d329452af1dc933e14501c/commons-cli-1.2.jar:/Users/raliclo/.gradle/caches/modules-2/files-2.1/xmlenc/xmlenc/0.52/d82554efbe65906d83b3d97bd7509289e9db561a/xmlenc-0.52.jar:/Users/raliclo/.gradle/caches/modules-2/files-2.1/commons-httpclient/commons-httpclient/3.1/964cd74171f427720480efdec40a7c7f6e58426a/commons-httpclient-3.1.jar:/Users/raliclo/.gradle/caches/modules-2/files-2.1/javax.servlet/servlet-api/2.5/5959582d97d8b61f4d154ca9e495aafd16726e34/servlet-api-2.5.jar:/Users/raliclo/.gradle/caches/modules-2/files-2.1/org.mortbay.jetty/jetty/6.1.26/2f546e289fddd5b1fab1d4199fbb6e9ef43ee4b0/jetty-6.1.26.jar:/Users/raliclo/.gradle/caches/modules-2/files-2.1/org.mortbay.jetty/jetty-util/6.1.26/e5642fe0399814e1687d55a3862aa5a3417226a9/jetty-util-6.1.26.jar:/Users/raliclo/.gradle/caches/modules-2/files-2.1/javax.servlet.jsp/jsp-api/2.1/63f943103f250ef1f3a4d5e94d145a0f961f5316/jsp-api-2.1.jar:/Users/raliclo/.gradle/caches/modules-2/files-2.1/com.sun.jersey/jersey-core/1.9/8341846f18187013bb9e27e46b7ee00a6395daf4/jersey-core-1.9.jar:/Users/raliclo/.gradle/caches/modules-2/files-2.1/com.sun.jersey/jersey-json/1.9/1aa73e1896bcc7013fed247157d7f676226eb432/jersey-json-1.9.jar:/Users/raliclo/.gradle/caches/modules-2/files-2.1/com.sun.jersey/jersey-server/1.9/3a6ea7cc5e15c824953f9f3ece2201b634d90d18/jersey-server-1.9.jar:/Users/raliclo/.gradle/caches/modules-2/files-2.1/net.java.dev.jets3t/jets3t/0.9.0/792bc96ee7e57b89f472aa0cb5a31015b9f59c96/jets3t-0.9.0.jar:/Users/raliclo/.gradle/caches/modules-2/files-2.1/commons-lang/commons-lang/2.6/ce1edb914c94ebc388f086c6827e8bdeec71ac2/commons-lang-2.6.jar:/Users/raliclo/.gradle/caches/modules-2/files-2.1/commons-configuration/commons-configuration/1.6/32cadde23955d7681b0d94a2715846d20b425235/commons-configuration-1.6.jar:/Users/raliclo/.gradle/caches/modules-2/files-2.1/org.codehaus.jackson/jackson-core-asl/1.9.13/3c304d70f42f832e0a86d45bd437f692129299a4/jackson-core-asl-1.9.13.jar:/Users/raliclo/.gradle/caches/modules-2/files-2.1/org.codehaus.jackson/jackson-mapper-asl/1.9.13/1ee2f2bed0e5dd29d1cb155a166e6f8d50bbddb7/jackson-mapper-asl-1.9.13.jar:/Users/raliclo/.gradle/caches/modules-2/files-2.1/com.jcraft/jsch/0.1.42/a86104b0f2e0c0bab5b0df836065823a99b5e334/jsch-0.1.42.jar:/Users/raliclo/.gradle/caches/modules-2/files-2.1/org.apache.curator/curator-client/2.7.1/a591dfc085db3e9d4d480381cc7e6ae8a26b34af/curator-client-2.7.1.jar:/Users/raliclo/.gradle/caches/modules-2/files-2.1/org.apache.curator/curator-recipes/2.7.1/a2c180efc6a38a4f8c9197eb35bb4eb5716cd2fa/curator-recipes-2.7.1.jar:/Users/raliclo/.gradle/caches/modules-2/files-2.1/com.google.code.findbugs/jsr305/3.0.0/5871fb60dc68d67da54a663c3fd636a10a532948/jsr305-3.0.0.jar:/Users/raliclo/.gradle/caches/modules-2/files-2.1/org.apache.htrace/htrace-core/3.1.0-incubating/f73606e7c9ede5802335c290bf47490ad6d51df3/htrace-core-3.1.0-incubating.jar:/Users/raliclo/.gradle/caches/modules-2/files-2.1/org.apache.hadoop/hadoop-common/2.7.3/3633406d3cd1584c9ce5d6f10396771d9561d87a/hadoop-common-2.7.3-tests.jar:/Users/raliclo/.gradle/caches/modules-2/files-2.1/org.apache.hadoop/hadoop-hdfs/2.7.3/ae7ffdee8a3edc0f6090aed370259be622b3417a/hadoop-hdfs-2.7.3-tests.jar:/Users/raliclo/.gradle/caches/modules-2/files-2.1/org.apache.hadoop/hadoop-mapreduce-client-jobclient/2.7.3/2e473728411d324e051cc1ecf3f928cee4d5a77d/hadoop-mapreduce-client-jobclient-2.7.3-tests.jar:/Users/raliclo/.gradle/caches/modules-2/files-2.1/commons-daemon/commons-daemon/1.0.13/750856a1fdb3ddf721ccf73c3518e4211cffc3a3/commons-daemon-1.0.13.jar:/Users/raliclo/.gradle/caches/modules-2/files-2.1/org.fusesource.leveldbjni/leveldbjni-all/1.8/707350a2eeb1fa2ed77a32ddb3893ed308e941db/leveldbjni-all-1.8.jar:/Users/raliclo/.gradle/caches/modules-2/files-2.1/org.mortbay.jetty/jsp-api-2.1/6.1.14/756b3fac155e31bd0e85545dbf953495e0455c73/jsp-api-2.1-6.1.14.jar:/Users/raliclo/.gradle/caches/modules-2/files-2.1/org.mortbay.jetty/jsp-2.1/6.1.14/3a1df1e8e0fa56e9a940abbd19bc6f397fce16b5/jsp-2.1-6.1.14.jar:/Users/raliclo/.gradle/caches/modules-2/files-2.1/commons-el/commons-el/1.0/1df2c042b3f2de0124750241ac6c886dbfa2cc2c/commons-el-1.0.jar:/Users/raliclo/.gradle/caches/modules-2/files-2.1/hsqldb/hsqldb/1.8.0.10/7e9978fdb754bce5fcd5161133e7734ecb683036/hsqldb-1.8.0.10.jar:/Users/raliclo/.gradle/caches/modules-2/files-2.1/oro/oro/2.0.8/5592374f834645c4ae250f4c9fbb314c9369d698/oro-2.0.8.jar:/Users/raliclo/.gradle/caches/modules-2/files-2.1/org.eclipse.jdt/core/3.1.1/88c83ce444cf46d02494da37c9fa1eebc9ce9cea/core-3.1.1.jar:/Users/raliclo/.gradle/caches/modules-2/files-2.1/com.google.inject.extensions/guice-servlet/3.0/610cde0e8da5a8b7d8efb8f0b8987466ffebaaf9/guice-servlet-3.0.jar:/Users/raliclo/.gradle/caches/modules-2/files-2.1/org.apache.hadoop/hadoop-yarn-server-web-proxy/2.7.3/a381c36ab52cdcb07930a3e6dacb7f53fa207cf4/hadoop-yarn-server-web-proxy-2.7.3-tests.jar:/Users/raliclo/.gradle/caches/modules-2/files-2.1/javax.xml.bind/jaxb-api/2.2.2/aeb3021ca93dde265796d82015beecdcff95bf09/jaxb-api-2.2.2.jar:/Users/raliclo/.gradle/caches/modules-2/files-2.1/com.sun.jersey/jersey-client/1.9/d3c4b2b5f89db32c96ceddcb863684821910a7bb/jersey-client-1.9.jar:/Users/raliclo/.gradle/caches/modules-2/files-2.1/org.codehaus.jackson/jackson-jaxrs/1.9.13/534d72d2b9d6199dd531dfb27083dd4844082bba/jackson-jaxrs-1.9.13.jar:/Users/raliclo/.gradle/caches/modules-2/files-2.1/org.codehaus.jackson/jackson-xc/1.9.13/e3480072bc95c202476ffa1de99ff7ee9149f29c/jackson-xc-1.9.13.jar:/Users/raliclo/.gradle/caches/modules-2/files-2.1/com.google.inject/guice/3.0/9d84f15fe35e2c716a02979fb62f50a29f38aefa/guice-3.0.jar:/Users/raliclo/.gradle/caches/modules-2/files-2.1/com.sun.jersey.contribs/jersey-guice/1.9/5963c28c47df7e5d6ad34cec80c071c368777f7b/jersey-guice-1.9.jar:/Users/raliclo/.gradle/caches/modules-2/files-2.1/org.codehaus.jettison/jettison/1.1/1a01a2a1218fcf9faa2cc2a6ced025bdea687262/jettison-1.1.jar:/Users/raliclo/.gradle/caches/modules-2/files-2.1/org.apache.hadoop/hadoop-yarn-server-applicationhistoryservice/2.7.3/6c0978dbb1c14af4df3ae2006da5363e197e5bc3/hadoop-yarn-server-applicationhistoryservice-2.7.3.jar:/Users/raliclo/.gradle/caches/modules-2/files-2.1/org.apache.directory.server/apacheds-kerberos-codec/2.0.0-M15/1c16e4e477183641c5f0dd5cdecd27ec331bacb5/apacheds-kerberos-codec-2.0.0-M15.jar:/Users/raliclo/.gradle/caches/modules-2/files-2.1/org.apache.curator/curator-framework/2.7.1/8c7b1eeb78e43bb91ea737111ba3dec0512be876/curator-framework-2.7.1.jar:/Users/raliclo/.gradle/caches/modules-2/files-2.1/org.apache.hadoop/hadoop-yarn-server-tests/2.7.3/2822486d79f1c4036d2a4e8b3ee00db46f35fb27/hadoop-yarn-server-tests-2.7.3-tests.jar:/Users/raliclo/.gradle/caches/modules-2/files-2.1/org.apache.ftpserver/ftplet-api/1.0.0/457ca5bbc4b614d1712e8ebb336b3ba1e16a9642/ftplet-api-1.0.0.jar:/Users/raliclo/.gradle/caches/modules-2/files-2.1/org.apache.mina/mina-core/2.0.0-M5/a024f13898ad5df38d4e3173f478eacc94f63567/mina-core-2.0.0-M5.jar:/Users/raliclo/.gradle/caches/modules-2/files-2.1/org.apache.ftpserver/ftpserver-core/1.0.0/47c8480cc3bfda85d578e3368e78103cb9e9bed7/ftpserver-core-1.0.0.jar:/Users/raliclo/.gradle/caches/modules-2/files-2.1/org.apache.ftpserver/ftpserver-deprecated/1.0.0-M2/a1f5645a02a438ba0e115c967262c7818e308fcb/ftpserver-deprecated-1.0.0-M2.jar:/Users/raliclo/.gradle/caches/modules-2/files-2.1/net.jpountz.lz4/lz4/1.3.0/c708bb2590c0652a642236ef45d9f99ff842a2ce/lz4-1.3.0.jar:/Users/raliclo/.gradle/caches/modules-2/files-2.1/com.googlecode.concurrentlinkedhashmap/concurrentlinkedhashmap-lru/1.4/d4b42ed76a166a81dbac613339eed3343be6bd2d/concurrentlinkedhashmap-lru-1.4.jar:/Users/raliclo/.gradle/caches/modules-2/files-2.1/org.antlr/antlr/3.5.2/c4a65c950bfc3e7d04309c515b2177c00baf7764/antlr-3.5.2.jar:/Users/raliclo/.gradle/caches/modules-2/files-2.1/org.antlr/antlr-runtime/3.5.2/cd9cd41361c155f3af0f653009dcecb08d8b4afd/antlr-runtime-3.5.2.jar:/Users/raliclo/.gradle/caches/modules-2/files-2.1/com.googlecode.json-simple/json-simple/1.1/5e303a03d04e6788dddfa3655272580ae0fc13bb/json-simple-1.1.jar:/Users/raliclo/.gradle/caches/modules-2/files-2.1/com.boundary/high-scale-lib/1.0.6/7b44147cb2729e1724d2d46d7b932c56b65087f0/high-scale-lib-1.0.6.jar:/Users/raliclo/.gradle/caches/modules-2/files-2.1/org.mindrot/jbcrypt/0.3m/fe2d9c5f23767d681a7e38fc8986b812400ec583/jbcrypt-0.3m.jar:/Users/raliclo/.gradle/caches/modules-2/files-2.1/com.addthis.metrics/reporter-config3/3.0.0/8ee29824c98d1d4f2f323be9b590e4d49026c217/reporter-config3-3.0.0.jar:/Users/raliclo/.gradle/caches/modules-2/files-2.1/com.thinkaurelius.thrift/thrift-server/0.3.7/e8182774da1b1dde3704f450837c79997b5d7025/thrift-server-0.3.7.jar:/Users/raliclo/.gradle/caches/modules-2/files-2.1/org.apache.cassandra/cassandra-thrift/3.7/13e5bf4b9b3ef474667ee589ab70be81f480bf9d/cassandra-thrift-3.7.jar:/Users/raliclo/.gradle/caches/modules-2/files-2.1/com.github.jbellis/jamm/0.3.0/a08af6071e57d4eb5d13db780c7810f73b549f1a/jamm-0.3.0.jar:/Users/raliclo/.gradle/caches/modules-2/files-2.1/org.fusesource/sigar/1.6.4/e91a355d337a0b1991f54181627d63c9973624c3/sigar-1.6.4.jar:/Users/raliclo/.gradle/caches/modules-2/files-2.1/org.eclipse.jdt.core.compiler/ecj/4.4.2/71d67f5bab9465ec844596ef844f40902ae25392/ecj-4.4.2.jar:/Users/raliclo/.gradle/caches/modules-2/files-2.1/org.caffinitas.ohc/ohc-core/0.4.3/f58ad1c0f082170d7764035059d772d49e917dc3/ohc-core-0.4.3.jar:/Users/raliclo/.gradle/caches/modules-2/files-2.1/com.github.ben-manes.caffeine/caffeine/2.2.6/472291cda8957f45a2e203f15b048cdfd4f261cf/caffeine-2.2.6.jar:/Users/raliclo/.gradle/caches/modules-2/files-2.1/org.apache.cassandra/cassandra-clientutil/3.0.2/3ddc036798e2c9a2b3413ee211c2690eebb9ab29/cassandra-clientutil-3.0.2.jar:/Users/raliclo/.gradle/caches/modules-2/files-2.1/org.joda/joda-convert/1.2/35ec554f0cd00c956cc69051514d9488b1374dec/joda-convert-1.2.jar:/Users/raliclo/.gradle/caches/modules-2/files-2.1/com.twitter/jsr166e/1.1.0/233098147123ee5ddcd39ffc57ff648be4b7e5b2/jsr166e-1.1.0.jar:/Users/raliclo/.gradle/caches/modules-2/files-2.1/org.apache.avro/avro-mapred/1.7.7/d8f23aff4a3c827c6a35009c8182872bfc0e52f5/avro-mapred-1.7.7-hadoop2.jar:/Users/raliclo/.gradle/caches/modules-2/files-2.1/com.twitter/chill_2.11/0.8.0/3cbb2bf5382e5a2abfce0e258637060ed23266fc/chill_2.11-0.8.0.jar:/Users/raliclo/.gradle/caches/modules-2/files-2.1/com.twitter/chill-java/0.8.0/7ab1c85ae80f25c6e6d4aab720ff9394a5ac4d5d/chill-java-0.8.0.jar:/Users/raliclo/.gradle/caches/modules-2/files-2.1/org.apache.xbean/xbean-asm5-shaded/4.4/a413bb5a8571d4c86a47e8a0272ba7ab0d1a17f5/xbean-asm5-shaded-4.4.jar:/Users/raliclo/.gradle/caches/modules-2/files-2.1/org.apache.spark/spark-launcher_2.11/2.0.0/9c3e1bd84ccb099e86ea232f5acd8fec1a61e291/spark-launcher_2.11-2.0.0.jar:/Users/raliclo/.gradle/caches/modules-2/files-2.1/org.apache.spark/spark-network-common_2.11/2.0.0/b451dae899ee8138e96319528eed64f7e849dbe2/spark-network-common_2.11-2.0.0.jar:/Users/raliclo/.gradle/caches/modules-2/files-2.1/org.apache.spark/spark-network-shuffle_2.11/2.0.0/233c036e88761424212508b2a6a55633a3cf4ec8/spark-network-shuffle_2.11-2.0.0.jar:/Users/raliclo/.gradle/caches/modules-2/files-2.1/javax.servlet/javax.servlet-api/3.1.0/3cd63d075497751784b2fa84be59432f4905bf7c/javax.servlet-api-3.1.0.jar:/Users/raliclo/.gradle/caches/modules-2/files-2.1/org.roaringbitmap/RoaringBitmap/0.5.11/e6b04760ea1896fc36beea4f11b8649481bf5af7/RoaringBitmap-0.5.11.jar:/Users/raliclo/.gradle/caches/modules-2/files-2.1/org.json4s/json4s-jackson_2.11/3.2.11/23101cc7e917e2005b8b244dbd2949ca6d8ff107/json4s-jackson_2.11-3.2.11.jar:/Users/raliclo/.gradle/caches/modules-2/files-2.1/org.glassfish.jersey.core/jersey-client/2.22.2/1712fff037ce5a59e3d67f90fff29222989799ee/jersey-client-2.22.2.jar:/Users/raliclo/.gradle/caches/modules-2/files-2.1/org.glassfish.jersey.core/jersey-common/2.22.2/1209b89878b60ce7d49afadeff7522d2fde0e217/jersey-common-2.22.2.jar:/Users/raliclo/.gradle/caches/modules-2/files-2.1/org.glassfish.jersey.core/jersey-server/2.22.2/5ede3e5f98f8b14d31d1d0fffe9908df2bd41c0f/jersey-server-2.22.2.jar:/Users/raliclo/.gradle/caches/modules-2/files-2.1/org.glassfish.jersey.containers/jersey-container-servlet/2.22.2/d90487b9809f822af7731abb8896a2183e7c4a0c/jersey-container-servlet-2.22.2.jar:/Users/raliclo/.gradle/caches/modules-2/files-2.1/org.glassfish.jersey.containers/jersey-container-servlet-core/2.22.2/212c534c5b030594ccf5c4b929e8f7cbf26eb1ba/jersey-container-servlet-core-2.22.2.jar:/Users/raliclo/.gradle/caches/modules-2/files-2.1/io.dropwizard.metrics/metrics-jvm/3.1.2/ed364e77218e50fdcdebce4d982cb4d1f4a8c187/metrics-jvm-3.1.2.jar:/Users/raliclo/.gradle/caches/modules-2/files-2.1/io.dropwizard.metrics/metrics-json/3.1.2/88d9e57e1ef6431109d4030c717cf5f927900fd9/metrics-json-3.1.2.jar:/Users/raliclo/.gradle/caches/modules-2/files-2.1/io.dropwizard.metrics/metrics-graphite/3.1.2/15a68399652c6123fe6e4c82ac4f0749e2eb6583/metrics-graphite-3.1.2.jar:/Users/raliclo/.gradle/caches/modules-2/files-2.1/com.fasterxml.jackson.module/jackson-module-scala_2.11/2.6.5/7987dd253ccab6c25b39eea5c98a6e450dac71d6/jackson-module-scala_2.11-2.6.5.jar:/Users/raliclo/.gradle/caches/modules-2/files-2.1/org.apache.ivy/ivy/2.4.0/5abe4c24bbe992a9ac07ca563d5bd3e8d569e9ed/ivy-2.4.0.jar:/Users/raliclo/.gradle/caches/modules-2/files-2.1/net.razorvine/pyrolite/4.9/ed38335f0609a1a623921096724726d9b823c938/pyrolite-4.9.jar:/Users/raliclo/.gradle/caches/modules-2/files-2.1/net.sf.py4j/py4j/0.10.1/f87bf4daec67dda6591a60d52683123a1e9c254c/py4j-0.10.1.jar:/Users/raliclo/.gradle/caches/modules-2/files-2.1/org.spark-project.spark/unused/1.0.0/205fe37a2fade6ce6dfcf8eff57ed21a4a1c22af/unused-1.0.0.jar:/Users/raliclo/.gradle/caches/modules-2/files-2.1/com.univocity/univocity-parsers/2.1.1/f0b4ce099fe3c5b3d8b86f4d46554c2ed78ae3bc/univocity-parsers-2.1.1.jar:/Users/raliclo/.gradle/caches/modules-2/files-2.1/org.apache.spark/spark-sketch_2.11/2.0.0/34d31dd8512d79e5992a352ec421ab938ab463f2/spark-sketch_2.11-2.0.0.jar:/Users/raliclo/.gradle/caches/modules-2/files-2.1/org.apache.spark/spark-catalyst_2.11/2.0.0/e7fd48d3b50f515916b7db51bf7f842d27842ee0/spark-catalyst_2.11-2.0.0.jar:/Users/raliclo/.gradle/caches/modules-2/files-2.1/org.apache.parquet/parquet-column/1.7.0/87b549ad6981c2484cf2c800dae17dde027b6c3d/parquet-column-1.7.0.jar:/Users/raliclo/.gradle/caches/modules-2/files-2.1/org.apache.parquet/parquet-hadoop/1.7.0/a3d39d6556d0f52a8a47082d2421f70ec74c3e28/parquet-hadoop-1.7.0.jar:/Users/raliclo/.gradle/caches/modules-2/files-2.1/org.apache.spark/spark-mllib-local_2.11/2.0.0/7dca535611bc48bb772785b39b8c0bb685a9e83d/spark-mllib-local_2.11-2.0.0.jar:/Users/raliclo/.gradle/caches/modules-2/files-2.1/org.scalanlp/breeze_2.11/0.11.2/4ad3c8d549f05e59b6b9d82d6882025a853f027/breeze_2.11-0.11.2.jar:/Users/raliclo/.gradle/caches/modules-2/files-2.1/org.jpmml/pmml-model/1.2.15/2b026b87ae80d8957419d4cc7c7fe31080764004/pmml-model-1.2.15.jar:/Users/raliclo/.gradle/caches/modules-2/files-2.1/com.twitter/parquet-hadoop-bundle/1.6.0/b5ac7d2781de212c84420962723093cd17cefd72/parquet-hadoop-bundle-1.6.0.jar:/Users/raliclo/.gradle/caches/modules-2/files-2.1/org.spark-project.hive/hive-exec/1.2.1.spark2/7a6236e2fce787814560970a49a1c517e6de1927/hive-exec-1.2.1.spark2.jar:/Users/raliclo/.gradle/caches/modules-2/files-2.1/org.spark-project.hive/hive-metastore/1.2.1.spark2/1fde9720e4ead8c07b28c45011e231277c79b7a1/hive-metastore-1.2.1.spark2.jar:/Users/raliclo/.gradle/caches/modules-2/files-2.1/org.jodd/jodd-core/3.5.2/a9ac8028eeeb5fa430e17017628629c94123c401/jodd-core-3.5.2.jar:/Users/raliclo/.gradle/caches/modules-2/files-2.1/com.github.fommil.netlib/core/1.1.2/574b480eca62f535fad6d259e144fee3ef24b66e/core-1.1.2.jar:/Users/raliclo/.gradle/caches/modules-2/files-2.1/net.sourceforge.f2j/arpack_combined_all/0.1/225619a060b42605b4d9fd4af11815664abf26eb/arpack_combined_all-0.1.jar:/Users/raliclo/.gradle/caches/modules-2/files-2.1/org.twitter4j/twitter4j-stream/4.0.4/e9c442a779c65cef8872e8676bf693ad88379086/twitter4j-stream-4.0.4.jar:/Users/raliclo/.gradle/caches/modules-2/files-2.1/com.madgag.spongycastle/core/1.51.0.0/f642963312ea0e615ad65f28adc5a5b3a2a0862/core-1.51.0.0.jar:/Users/raliclo/.gradle/caches/modules-2/files-2.1/net.jcip/jcip-annotations/1.0/afba4942caaeaf46aab0b976afd57cc7c181467e/jcip-annotations-1.0.jar:/Users/raliclo/.gradle/caches/modules-2/files-2.1/com.lambdaworks/scrypt/1.4.0/906506b74f30c8c20bccd9ed4a11112d8941fe87/scrypt-1.4.0.jar:/Users/raliclo/.gradle/caches/modules-2/files-2.1/org.bitcoinj/orchid/1.2.1/53beecbbb57040608d0c54a7408ee3eb06e71a59/orchid-1.2.1.jar:/Users/raliclo/.gradle/caches/modules-2/files-2.1/com.squareup.okhttp/okhttp/2.7.2/20f6463eb19ac61960c5d91a094c2f4f0727dc2e/okhttp-2.7.2.jar:/Users/raliclo/.gradle/caches/modules-2/files-2.1/org.eclipse.californium/element-connector/2.0.0-M1/88cc1a80cc18eaef0b63d71986ed7bf67416d862/element-connector-2.0.0-M1.jar:/Users/raliclo/.gradle/caches/modules-2/files-2.1/org.eclipse.leshan/leshan-server-cf/0.1.11-M12/e05ffa7c2a06e0e06161e5b9e1a9c02cb4d65b9e/leshan-server-cf-0.1.11-M12.jar:/Users/raliclo/.gradle/caches/modules-2/files-2.1/org.eclipse.leshan/leshan-client-cf/0.1.11-M12/22b7e8a2a244169be5c9763abc5400b45bd921ab/leshan-client-cf-0.1.11-M12.jar:/Users/raliclo/.gradle/caches/modules-2/files-2.1/org.eclipse.jetty/jetty-http/9.4.0.M1/45e126f45371b510361afb244d40b199fd29b633/jetty-http-9.4.0.M1.jar:/Users/raliclo/.gradle/caches/modules-2/files-2.1/org.eclipse.jetty/jetty-io/9.4.0.M1/ea9c3881de989d259d018b4f5fa137098d749a16/jetty-io-9.4.0.M1.jar:/Users/raliclo/.gradle/caches/modules-2/files-2.1/io.github.nicolasstucki/multisets_2.11/0.3/1bd7b67a45770ec89a3cff6d754e51a4dbf8d079/multisets_2.11-0.3.jar:/Users/raliclo/.gradle/caches/modules-2/files-2.1/org.scalacheck/scalacheck_2.11/1.12.4/bb7d723764dcd86f4212fa8cc5ece34452bd1ffa/scalacheck_2.11-1.12.4.jar:/Users/raliclo/.gradle/caches/modules-2/files-2.1/org.nd4j/canova-nd4j-common/0.0.0.17/85b0ad33d40f8b5cf08f2b9bcb89cf9b1b8c9569/canova-nd4j-common-0.0.0.17.jar:/Users/raliclo/.gradle/caches/modules-2/files-2.1/org.nd4j/canova-api/0.0.0.17/1ebae6ba84b20e56bc79777637fd16d85609723f/canova-api-0.0.0.17.jar:/Users/raliclo/.gradle/caches/modules-2/files-2.1/org.nd4j/canova-nd4j-image/0.0.0.17/3e9d079ca9f356e6b223fcbaabc54f3b0c63ec11/canova-nd4j-image-0.0.0.17.jar:/Users/raliclo/.gradle/caches/modules-2/files-2.1/org.nd4j/nd4j-api/0.4.0/657a61b9bca9c32749186643a98a97ec79dd4f3d/nd4j-api-0.4.0.jar:/Users/raliclo/.gradle/caches/modules-2/files-2.1/com.fasterxml.jackson.dataformat/jackson-dataformat-yaml/2.5.1/94c0a248d09e0454733dd5d77984c73e73a3f7e5/jackson-dataformat-yaml-2.5.1.jar:/Users/raliclo/.gradle/caches/modules-2/files-2.1/org.datavec/datavec-nd4j-common/0.4.0/7feb60988a8c1c0f6401f797d2b848d2d293ae6f/datavec-nd4j-common-0.4.0.jar:/Users/raliclo/.gradle/caches/modules-2/files-2.1/org.datavec/datavec-api/0.4.0/6b0dc4298b3f3775c22db74166096cad8157deba/datavec-api-0.4.0.jar:/Users/raliclo/.gradle/caches/modules-2/files-2.1/org.datavec/datavec-data-image/0.4.0/de191a15ad9201fb0802ee305da6178884b23247/datavec-data-image-0.4.0.jar:/Users/raliclo/.gradle/caches/modules-2/files-2.1/org.deeplearning4j/deeplearning4j-scaleout-api/0.4.0/22678cc87bcd6ace5b507e7d4012ca0bbed1eb3b/deeplearning4j-scaleout-api-0.4.0.jar:/Users/raliclo/.gradle/caches/modules-2/files-2.1/org.nd4j/canova-spark_2.11/0.0.0.17/bed4412bd0fc84cdb077353d56171c1f914d1840/canova-spark_2.11-0.0.0.17.jar:/Users/raliclo/.gradle/caches/modules-2/files-2.1/org.datavec/datavec-spark_2.11/0.4.0/34e5b517b439afc2876fba63a34dc18b19e97e1f/datavec-spark_2.11-0.4.0.jar:/Users/raliclo/.gradle/caches/modules-2/files-2.1/org.deeplearning4j/deeplearning4j-ui-components/0.4.0/30ba155c08c38064fb48821deb263eb662c772a6/deeplearning4j-ui-components-0.4.0.jar:/Users/raliclo/.gradle/caches/modules-2/files-2.1/org.nd4j/nd4j-native/0.4.0/b3f75c9167bede7eaccf0bc12c87b0b7602a78b5/nd4j-native-0.4.0.jar:/Users/raliclo/.gradle/caches/modules-2/files-2.1/org.nd4j/nd4j-native/0.4.0/d9c11183ba6174b529bb82b2d378591d094b2781/nd4j-native-0.4.0-linux-x86_64.jar:/Users/raliclo/.gradle/caches/modules-2/files-2.1/org.nd4j/nd4j-native/0.4.0/4348bd4ddcd5376d5768b7398696bb903ae3e4d8/nd4j-native-0.4.0-macosx-x86_64.jar:/Users/raliclo/.gradle/caches/modules-2/files-2.1/org.nd4j/nd4j-native/0.4.0/951b828deaf69d0b5c7590be68a0b4e38dba0d21/nd4j-native-0.4.0-windows-x86_64.jar:/Users/raliclo/.gradle/caches/modules-2/files-2.1/org.nd4j/nd4j-native/0.4.0/70a1525a52ba8b9e5713b743cdf25d5703a298d1/nd4j-native-0.4.0-linux-ppc64le.jar:/Users/raliclo/.gradle/caches/modules-2/files-2.1/com.gluonhq/charm-down-common/2.0.0/ad73abc0ce08616652aa84ef8e5e56fc2989e14d/charm-down-common-2.0.0.jar:/Users/raliclo/.gradle/caches/modules-2/files-2.1/com.sun.mail/javax.mail/1.5.2/ad1027a3d832bb7f34b4b9afeed760ca8eaa12f/javax.mail-1.5.2.jar:/Users/raliclo/.gradle/caches/modules-2/files-2.1/javax.activation/activation/1.1.1/485de3a253e23f645037828c07f1d7f1af40763a/activation-1.1.1.jar:/Users/raliclo/.gradle/caches/modules-2/files-2.1/org.scala-lang.modules/scala-xml_2.12.0-M5/1.0.5/f0f85b4b3b9af2a61f6c9ab67c32ce6fa067f47f/scala-xml_2.12.0-M5-1.0.5.jar:/Users/raliclo/.gradle/caches/modules-2/files-2.1/org.scala-lang.modules/scala-parser-combinators_2.12.0-M5/1.0.4/91d5da0f70e323cffa7c77463b6a49fa0bb43701/scala-parser-combinators_2.12.0-M5-1.0.4.jar:/Users/raliclo/.gradle/caches/modules-2/files-2.1/org.scala-lang.modules/scala-swing_2.12.0-M5/2.0.0-M2/25a136feaaa8bfbcc75bcdd6fbc275c9422427db/scala-swing_2.12.0-M5-2.0.0-M2.jar:/Users/raliclo/.gradle/caches/modules-2/files-2.1/org.rocksdb/rocksdbjni/4.8.0/b543fc4ea5b52ad790730dee376ba0df06d9f5f7/rocksdbjni-4.8.0.jar:/Users/raliclo/.gradle/caches/modules-2/files-2.1/com.101tec/zkclient/0.8/c0f700a4a3b386279d7d8dd164edecbe836cbfdb/zkclient-0.8.jar:/Users/raliclo/.gradle/caches/modules-2/files-2.1/org.apache.kafka/kafka_2.10/0.10.0.1/4345fa065aa497d488f8b1c1ad7f8c6d375413eb/kafka_2.10-0.10.0.1.jar:/Users/raliclo/.gradle/caches/modules-2/files-2.1/net.sourceforge.argparse4j/argparse4j/0.5.0/701046e9aaaa4a23d45b2d21e3d865426ffb571f/argparse4j-0.5.0.jar:/Users/raliclo/.gradle/caches/modules-2/files-2.1/org.reflections/reflections/0.9.10/c7f4ea230aedc757ca1499ebcfb2953c81cf8b67/reflections-0.9.10.jar:/Users/raliclo/.gradle/caches/modules-2/files-2.1/com.fasterxml.jackson.jaxrs/jackson-jaxrs-json-provider/2.6.3/3da22b901d64001731a1b4692017e0769bf930f/jackson-jaxrs-json-provider-2.6.3.jar:/Users/raliclo/.gradle/caches/modules-2/files-2.1/org.eclipse.jetty/jetty-servlet/9.2.15.v20160210/17fd3313e5e83b48b91394cc32bf90e09fa6eacf/jetty-servlet-9.2.15.v20160210.jar:/Users/raliclo/.gradle/caches/modules-2/files-2.1/org.eclipse.jetty/jetty-servlets/9.2.15.v20160210/5f3537608e3d455a6b36b0b5b5f59a833f41aef9/jetty-servlets-9.2.15.v20160210.jar:/Users/raliclo/.gradle/caches/modules-2/files-2.1/org.apache.pig/piggybank/0.12.0/4b2d5950a28db56211fe93f717098b59af14c853/piggybank-0.12.0.jar:/Users/raliclo/.gradle/caches/modules-2/files-2.1/org.slf4j/slf4j-simple/1.6.4/6998922e7ac5ab307bd51c233776a67da0031298/slf4j-simple-1.6.4.jar:/Users/raliclo/.gradle/caches/modules-2/files-2.1/org.apache.pdfbox/fontbox/2.0.2/1753b66d890d7002da9d7bd47dfbe45ec17be054/fontbox-2.0.2.jar:/Users/raliclo/.gradle/caches/modules-2/files-2.1/io.airlift/aircompressor/0.3/d2367c4419df1fbf4b186a07f81a70fc30c1031f/aircompressor-0.3.jar:/Users/raliclo/.gradle/caches/modules-2/files-2.1/org.apache.hive/hive-storage-api/2.1.1-pre-orc/3800c2f8e112d8b0857addad94fee3122792d020/hive-storage-api-2.1.1-pre-orc.jar:/Users/raliclo/.gradle/caches/modules-2/files-2.1/com.esotericsoftware/kryo-shaded/3.0.3/977d6b42d82de551fcf77dad84ef06c2839e3a74/kryo-shaded-3.0.3.jar:/Users/raliclo/.gradle/caches/modules-2/files-2.1/org.apache.hive/hive-ant/2.1.0/a5334bf1d83981b4d72480f1b283622b3f90d8ac/hive-ant-2.1.0.jar:/Users/raliclo/.gradle/caches/modules-2/files-2.1/org.apache.hive/hive-llap-tez/2.1.0/6f5f96ff1992c24f7c5521f833fa0e64cfe1b348/hive-llap-tez-2.1.0.jar:/Users/raliclo/.gradle/caches/modules-2/files-2.1/org.apache.hive/hive-shims/2.1.0/51d5fe317dd98ca535d39c2ed2c37d3cc949891a/hive-shims-2.1.0.jar:/Users/raliclo/.gradle/caches/modules-2/files-2.1/org.apache.logging.log4j/log4j-1.2-api/2.4.1/3a82f599441425cf70e640f90ad784b7d449a901/log4j-1.2-api-2.4.1.jar:/Users/raliclo/.gradle/caches/modules-2/files-2.1/org.apache.logging.log4j/log4j-slf4j-impl/2.4.1/1153bec315f388b2635c25cf97105ae9dce61b58/log4j-slf4j-impl-2.4.1.jar:/Users/raliclo/.gradle/caches/modules-2/files-2.1/org.apache.ant/ant/1.9.1/35900c96dbebc85dcfbd71f4661059ebcf93c077/ant-1.9.1.jar:/Users/raliclo/.gradle/caches/modules-2/files-2.1/org.apache.curator/apache-curator/2.6.0/1bbbe3a8c191ec5a63ec2eaec7988d8292ea65d2/apache-curator-2.6.0.pom:/Users/raliclo/.gradle/caches/modules-2/files-2.1/org.codehaus.groovy/groovy-all/2.4.4/b22748b6cf9a38c9777792175507a679043cdd64/groovy-all-2.4.4.jar:/Users/raliclo/.gradle/caches/modules-2/files-2.1/stax/stax-api/1.0.1/49c100caf72d658aca8e58bd74a4ba90fa2b0d70/stax-api-1.0.1.jar:/Users/raliclo/.gradle/caches/modules-2/files-2.1/jline/jline/2.12/ce9062c6a125e0f9ad766032573c041ae8ecc986/jline-2.12.jar:/Users/raliclo/.gradle/caches/modules-2/files-2.1/org.iq80.snappy/snappy/0.2/c41f070352713ea90cda7712f493f933fcb066e8/snappy-0.2.jar:/Users/raliclo/.gradle/caches/modules-2/files-2.1/org.apache.hive/hive-common/2.1.0/e344f14c7b211346241e9e2bcfe17a3f228d9e93/hive-common-2.1.0.jar:/Users/raliclo/.gradle/caches/modules-2/files-2.1/org.apache.hive/hive-service-rpc/2.1.0/786f38259cd4882444b9c5c537fc1be4c2460b05/hive-service-rpc-2.1.0.jar:/Users/raliclo/.gradle/caches/modules-2/files-2.1/net.sf.opencsv/opencsv/2.3/c23708cdb9e80a144db433e23344a788a1fd6599/opencsv-2.3.jar:/Users/raliclo/.gradle/caches/modules-2/files-2.1/org.apache.parquet/parquet-hadoop-bundle/1.8.1/9f0d244af869482fba721e57973b4c1614ed4388/parquet-hadoop-bundle-1.8.1.jar:/Users/raliclo/.gradle/caches/modules-2/files-2.1/javolution/javolution/5.5.1/3fcba819cdb7861728405963ddc4b2755ab182e5/javolution-5.5.1.jar:/Users/raliclo/.gradle/caches/modules-2/files-2.1/org.apache.hbase/hbase-client/1.1.1/a4c2a391a4675f2eb3a2a2c05e244326757faacd/hbase-client-1.1.1.jar:/Users/raliclo/.gradle/caches/modules-2/files-2.1/com.jolbox/bonecp/0.8.0.RELEASE/cec24ee9345b3678472bb1b8fdd6aa6b9428beb8/bonecp-0.8.0.RELEASE.jar:/Users/raliclo/.gradle/caches/modules-2/files-2.1/org.apache.derby/derby/10.10.2.0/47eba6736561c377f2132f5e09e2fe8084d899a9/derby-10.10.2.0.jar:/Users/raliclo/.gradle/caches/modules-2/files-2.1/org.datanucleus/datanucleus-api-jdo/4.2.1/826d0e46ee6d81415ab06ac6e44e901fd2867b5e/datanucleus-api-jdo-4.2.1.jar:/Users/raliclo/.gradle/caches/modules-2/files-2.1/org.datanucleus/datanucleus-rdbms/4.1.7/2c28e8381ac6614f8dc0298abf24054ff5e6df8c/datanucleus-rdbms-4.1.7.jar:/Users/raliclo/.gradle/caches/modules-2/files-2.1/commons-pool/commons-pool/1.5.4/75b6e20c596ed2945a259cea26d7fadd298398e6/commons-pool-1.5.4.jar:/Users/raliclo/.gradle/caches/modules-2/files-2.1/commons-dbcp/commons-dbcp/1.4/30be73c965cc990b153a100aaaaafcf239f82d39/commons-dbcp-1.4.jar:/Users/raliclo/.gradle/caches/modules-2/files-2.1/javax.jdo/jdo-api/3.0.1/58e7a538e020b73871e232eeb064835fd98a492/jdo-api-3.0.1.jar:/Users/raliclo/.gradle/caches/modules-2/files-2.1/org.datanucleus/javax.jdo/3.2.0-m3/c911b22710a8f77541a966615033b4ab943fd6f3/javax.jdo-3.2.0-m3.jar:/Users/raliclo/.gradle/caches/modules-2/files-2.1/co.cask.tephra/tephra-api/0.6.0/cb55df862d048cc567518de48c423430f6baf2f5/tephra-api-0.6.0.jar:/Users/raliclo/.gradle/caches/modules-2/files-2.1/co.cask.tephra/tephra-core/0.6.0/e1714f86a40444d3f3f7e66033c20f02cb59343/tephra-core-0.6.0.jar:/Users/raliclo/.gradle/caches/modules-2/files-2.1/co.cask.tephra/tephra-hbase-compat-1.0/0.6.0/ad8b732e133aa64beeab2126fdc5f3606f70262c/tephra-hbase-compat-1.0-0.6.0.jar:/Users/raliclo/.gradle/caches/modules-2/files-2.1/org.apache.hive/hive-llap-server/2.1.0/4ae86c863a7ba706123ca279b5a82518e6eeae8f/hive-llap-server-2.1.0.jar:/Users/raliclo/.gradle/caches/modules-2/files-2.1/net.sf.jpam/jpam/1.1/cb3d91c2dfda767518a371dbb02edfd6a4aa0600/jpam-1.1.jar:/Users/raliclo/.gradle/caches/modules-2/files-2.1/org.eclipse.jetty.aggregate/jetty-all/7.6.0.v20120127/47bb68e3837e5c6422138dd1e0d4d75c60dce87a/jetty-all-7.6.0.v20120127.jar:/Users/raliclo/.gradle/caches/modules-2/files-2.1/org.jamon/jamon-runtime/2.3.1/ae23df9c0953b12ba1b799e42ebd1a281fabcd8c/jamon-runtime-2.3.1.jar:/Users/raliclo/.gradle/caches/modules-2/files-2.1/javax.cache/cache-api/1.0.0/2b57384801243f387f1a2e7ab8066ac79c2a91d3/cache-api-1.0.0.jar:/Users/raliclo/.gradle/caches/modules-2/files-2.1/org.jetbrains/annotations/13.0/919f0dfe192fb4e063e7dacadee7f8bb9a2672a9/annotations-13.0.jar:/Users/raliclo/.gradle/caches/modules-2/files-2.1/org.gridgain/ignite-shmem/1.0.0/1874ee7f7fa2c7f4bc0c458f5dd1e3a3876418e9/ignite-shmem-1.0.0.jar:/Users/raliclo/.gradle/caches/modules-2/files-2.1/org.jodd/jodd-lagarto/3.4.8/6a1d86300cc7f856f323b57c17c208925724e895/jodd-lagarto-3.4.8.jar:/Users/raliclo/.gradle/caches/modules-2/files-2.1/org.apache.tomcat/tomcat-servlet-api/8.0.23/fe715e33b2a6ddf2d77970fe280235d228132953/tomcat-servlet-api-8.0.23.jar:/Users/raliclo/.gradle/caches/modules-2/files-2.1/org.eclipse.jetty/jetty-xml/9.2.11.v20150529/f3549e42db4330d90f52cf689699e2247308f986/jetty-xml-9.2.11.v20150529.jar:/Users/raliclo/.gradle/caches/modules-2/files-2.1/org.apache.spark/spark-core_2.10/1.5.2/c800c6aaf23e251f52447d8efa8a295c22ab8a0d/spark-core_2.10-1.5.2.jar:/Users/raliclo/.gradle/caches/modules-2/files-2.1/org.apache.spark/spark-sql_2.10/1.5.2/b5a5a798cd94a4ea0ef4a6f44a04a864d1b2b702/spark-sql_2.10-1.5.2.jar:/Users/raliclo/.gradle/caches/modules-2/files-2.1/org.apache.camel/camel-core/2.16.0/f54f0c9438adbb7673d2861927b3832b93c9644c/camel-core-2.16.0.jar:/Users/raliclo/.gradle/caches/modules-2/files-2.1/org.apache.ignite/ignite-hibernate/1.0.0-RC3/f566eb5823f7fbd97da5641cb33fc884ddf7ba2b/ignite-hibernate-1.0.0-RC3.jar:/Users/raliclo/.gradle/caches/modules-2/files-2.1/org.apache.ignite/ignite-log4j/1.0.0-RC3/1ee8e6a5418d1009ff4e352c0de3b95fa4729d1f/ignite-log4j-1.0.0-RC3.jar:/Users/raliclo/.gradle/caches/modules-2/files-2.1/org.apache.ignite/ignite-indexing/1.0.0-RC3/e76123e14e17b101077cb54e1f5cb79f8b110923/ignite-indexing-1.0.0-RC3.jar:/Users/raliclo/.gradle/caches/modules-2/files-2.1/com.google.code.simple-spring-memcached/spymemcached/2.7.3/1ae59770f332d7f560a3f2894a4f14d9c3c38d62/spymemcached-2.7.3.jar:/Users/raliclo/.gradle/caches/modules-2/files-2.1/org.ow2.asm/asm-tree/6.0_ALPHA/1508b4754e3adbe1b67994dce2d94aba90ed1a9/asm-tree-6.0_ALPHA.jar:/Users/raliclo/.gradle/caches/modules-2/files-2.1/com.twitter/util-function_2.10/6.34.0/cedc9caf3d0951f4a5557c28bbd1b4bea04d4991/util-function_2.10-6.34.0.jar:/Users/raliclo/.gradle/caches/modules-2/files-2.1/org.lwjgl.lwjgl/lwjgl/2.9.3/3df168ac74e4a8c96562cdff24ad352e255bf89c/lwjgl-2.9.3.jar:/Users/raliclo/.gradle/caches/modules-2/files-2.1/org.arquillian.cube/arquillian-cube-spi/1.0.0.Alpha14/1eb509b8f7b95547ba4ae11c07fd8d7a704bef74/arquillian-cube-spi-1.0.0.Alpha14.jar:/Users/raliclo/.gradle/caches/modules-2/files-2.1/org.jboss.arquillian.junit/arquillian-junit-core/1.1.11.Final/e67720a1599e6213176f9c3d3bab741d330cc484/arquillian-junit-core-1.1.11.Final.jar:/Users/raliclo/.gradle/caches/modules-2/files-2.1/org.arquillian.spacelift/arquillian-spacelift-api/1.0.0.Alpha8/f7bee9b1c46ed9ea41d41471f25df1567e601127/arquillian-spacelift-api-1.0.0.Alpha8.jar:/Users/raliclo/.gradle/caches/modules-2/files-2.1/org.jboss.shrinkwrap.resolver/shrinkwrap-resolver-depchain/2.1.0/a7496b68d064a844839c9a50a87bf868573ad15f/shrinkwrap-resolver-depchain-2.1.0.pom:/Users/raliclo/.gradle/caches/modules-2/files-2.1/org.beanshell/bsh/2.0b4/a05f0a0feefa8d8467ac80e16e7de071489f0d9c/bsh-2.0b4.jar:/Users/raliclo/.gradle/caches/modules-2/files-2.1/com.beust/jcommander/1.48/bfcb96281ea3b59d626704f74bc6d625ff51cbce/jcommander-1.48.jar:/Users/raliclo/.gradle/caches/modules-2/files-2.1/org.opentest4j/opentest4j/1.0.0-M1/b091255eafd515995a5c5fa042cd8db6f4860bf6/opentest4j-1.0.0-M1.jar:/Users/raliclo/.gradle/caches/modules-2/files-2.1/org.junit.platform/junit-platform-commons/1.0.0-M2/a6f1f88b10512623ed14e8b93be10b7590f74c11/junit-platform-commons-1.0.0-M2.jar:/Users/raliclo/.gradle/caches/modules-2/files-2.1/org.junit.platform/junit-platform-engine/1.0.0-M2/fe36ee348295ec740b068b3dd46ec5c733134eb5/junit-platform-engine-1.0.0-M2.jar:/Users/raliclo/.gradle/caches/modules-2/files-2.1/org.apache.tomcat.embed/tomcat-embed-core/8.5.4/48ee085e4b3f71e98535e4c17c0ce1394812a94a/tomcat-embed-core-8.5.4.jar:/Users/raliclo/.gradle/caches/modules-2/files-2.1/org.apache.tomcat.embed/tomcat-embed-el/8.5.4/2d53f2e3b6b456cb7ac82e1549a944db7f5b05bf/tomcat-embed-el-8.5.4.jar:/Users/raliclo/.gradle/caches/modules-2/files-2.1/org.apache.tomcat.embed/tomcat-embed-websocket/8.5.4/211d26f536aee3283345aa5b1c479e937401fcd2/tomcat-embed-websocket-8.5.4.jar:/Users/raliclo/.gradle/caches/modules-2/files-2.1/javax.validation/validation-api/1.1.0.Final/8613ae82954779d518631e05daa73a6a954817d5/validation-api-1.1.0.Final.jar:/Users/raliclo/.gradle/caches/modules-2/files-2.1/net.minidev/json-smart/2.2.1/5b9e5df7a62d1279b70dc882b041d249c4f0b002/json-smart-2.2.1.jar:/Users/raliclo/.gradle/caches/modules-2/files-2.1/org.objenesis/objenesis/2.1/87c0ea803b69252868d09308b4618f766f135a96/objenesis-2.1.jar:/Users/raliclo/.gradle/caches/modules-2/files-2.1/org.aspectj/aspectjweaver/1.8.9/db28774f477f07220eac18d5ec9c4e01f48589d7/aspectjweaver-1.8.9.jar:/Users/raliclo/.gradle/caches/modules-2/files-2.1/org.apache.tomcat/tomcat-jdbc/8.5.4/bebaa475e69c649dcd9616bd204712cfd8551321/tomcat-jdbc-8.5.4.jar:/Users/raliclo/.gradle/caches/modules-2/files-2.1/dom4j/dom4j/1.6.1/5d3ccc056b6f056dbf0dddfdf43894b9065a8f94/dom4j-1.6.1.jar:/Users/raliclo/.gradle/caches/modules-2/files-2.1/org.hibernate.common/hibernate-commons-annotations/5.0.1.Final/71e1cff3fcb20d3b3af4f3363c3ddb24d33c6879/hibernate-commons-annotations-5.0.1.Final.jar:/Users/raliclo/.gradle/caches/modules-2/files-2.1/org.hibernate.javax.persistence/hibernate-jpa-2.1-api/1.0.0.Final/5e731d961297e5a07290bfaf3db1fbc8bbbf405a/hibernate-jpa-2.1-api-1.0.0.Final.jar:/Users/raliclo/.gradle/caches/modules-2/files-2.1/org.springframework/spring-orm/4.2.6.RELEASE/2ef30e836028ebe4dbba0d8355929625a758ed8d/spring-orm-4.2.6.RELEASE.jar:/Users/raliclo/.gradle/caches/modules-2/files-2.1/org.springframework.security/spring-security-core/4.1.1.RELEASE/238b789b01ebfe20944bd5e011f548f2f2319844/spring-security-core-4.1.1.RELEASE.jar:/Users/raliclo/.gradle/caches/modules-2/files-2.1/org.codehaus.woodstox/stax2-api/3.1.4/ac19014b1e6a7c08aad07fe114af792676b685b7/stax2-api-3.1.4.jar:/Users/raliclo/.gradle/caches/modules-2/files-2.1/org.codehaus.woodstox/woodstox-core-asl/4.4.1/84fee5eb1a4a1cefe65b6883c73b3fa83be3c1a1/woodstox-core-asl-4.4.1.jar:/Users/raliclo/.gradle/caches/modules-2/files-2.1/org.noggit/noggit/0.6/fa94a59c44b39ee710f3c9451750119e432326c0/noggit-0.6.jar:/Users/raliclo/.gradle/caches/modules-2/files-2.1/javax.xml.stream/stax-api/1.0-2/d6337b0de8b25e53e81b922352fbea9f9f57ba0b/stax-api-1.0-2.jar:/Users/raliclo/.gradle/caches/modules-2/files-2.1/javax.inject/javax.inject/1/6975da39a7040257bd51d21a231b76c915872d38/javax.inject-1.jar:/Users/raliclo/.gradle/caches/modules-2/files-2.1/aopalliance/aopalliance/1.0/235ba8b489512805ac13a8f9ea77a1ca5ebe3e8/aopalliance-1.0.jar:/Users/raliclo/.gradle/caches/modules-2/files-2.1/org.sonatype.sisu.inject/cglib/2.2.1-v20090111/7ce5e983fd0e6c78346f4c9cbfa39d83049dda2/cglib-2.2.1-v20090111.jar:/Users/raliclo/.gradle/caches/modules-2/files-2.1/org.apache.directory.server/apacheds-i18n/2.0.0-M15/71c61c84683152ec2a6a65f3f96fe534e304fa22/apacheds-i18n-2.0.0-M15.jar:/Users/raliclo/.gradle/caches/modules-2/files-2.1/org.apache.directory.api/api-asn1-api/1.0.0-M20/5e6486ffa3125ba44dc410ead166e1d6ba8ac76d/api-asn1-api-1.0.0-M20.jar:/Users/raliclo/.gradle/caches/modules-2/files-2.1/org.apache.directory.api/api-util/1.0.0-M20/a871abf060b3cf83fc6dc4d7e3d151fce50ac3cb/api-util-1.0.0-M20.jar:/Users/raliclo/.gradle/caches/modules-2/files-2.1/com.addthis.metrics/reporter-config-base/3.0.0/e3ad264a64b318e9940c0239affd0d1be8b8e11c/reporter-config-base-3.0.0.jar:/Users/raliclo/.gradle/caches/modules-2/files-2.1/com.carrotsearch/hppc/0.5.4/21b0c8e70f4285dd10eaeb517cacb16d5bb2dd63/hppc-0.5.4.jar:/Users/raliclo/.gradle/caches/modules-2/files-2.1/de.jflex/jflex/1.6.0/9d3b308283617fe047b437839e45dc4fe48a4f2a/jflex-1.6.0.jar:/Users/raliclo/.gradle/caches/modules-2/files-2.1/net.mintern/primitive/1.0/37789a58098944050660954a15f94c9ad99c867d/primitive-1.0.jar:/Users/raliclo/.gradle/caches/modules-2/files-2.1/com.github.rholder/snowball-stemmer/1.3.0.581.1/35a89d519949c33c6f28e8f37b3df7893b776ca4/snowball-stemmer-1.3.0.581.1.jar:/Users/raliclo/.gradle/caches/modules-2/files-2.1/com.googlecode.concurrent-trees/concurrent-trees/2.4.0/2e505b78f9216abebbbdf1c3254bf9f4c565ae43/concurrent-trees-2.4.0.jar:/Users/raliclo/.gradle/caches/modules-2/files-2.1/org.apache.avro/avro-ipc/1.7.7/b754e613b8fbd8c81fb6fb250e658f6c16efbffa/avro-ipc-1.7.7.jar:/Users/raliclo/.gradle/caches/modules-2/files-2.1/org.apache.avro/avro-ipc/1.7.7/1ef0eeefcd80710085a95172819c78cf2cb7f13d/avro-ipc-1.7.7-tests.jar:/Users/raliclo/.gradle/caches/modules-2/files-2.1/javax.ws.rs/javax.ws.rs-api/2.0.1/104e9c2b5583cfcfeac0402316221648d6d8ea6b/javax.ws.rs-api-2.0.1.jar:/Users/raliclo/.gradle/caches/modules-2/files-2.1/org.glassfish.hk2.external/javax.inject/2.4.0-b34/a6a3d4935af7b03e44126b5aac2c2a0ce98fe6e9/javax.inject-2.4.0-b34.jar:/Users/raliclo/.gradle/caches/modules-2/files-2.1/org.codehaus.janino/janino/2.7.8/109852ba81725a1ca29cc9aa0688455bd7be4b0f/janino-2.7.8.jar:/Users/raliclo/.gradle/caches/modules-2/files-2.1/org.antlr/antlr4-runtime/4.5.3/2609e36f18f7e8d593cc1cddfb2ac776dc96b8e0/antlr4-runtime-4.5.3.jar:/Users/raliclo/.gradle/caches/modules-2/files-2.1/org.apache.parquet/parquet-common/1.7.0/208e4576958c5d5ab64d3c808a759e388d90a99f/parquet-common-1.7.0.jar:/Users/raliclo/.gradle/caches/modules-2/files-2.1/org.apache.parquet/parquet-encoding/1.7.0/3b31bf2a9b472959a30927b96e0dca3e7ba49eb9/parquet-encoding-1.7.0.jar:/Users/raliclo/.gradle/caches/modules-2/files-2.1/org.apache.parquet/parquet-format/2.3.0-incubating/9ce0a76de9e695abc81d28bd6e3cc75322d14d28/parquet-format-2.3.0-incubating.jar:/Users/raliclo/.gradle/caches/modules-2/files-2.1/org.apache.parquet/parquet-jackson/1.7.0/32115a2437f8a3386ed15d7f7bfe7f204312fd20/parquet-jackson-1.7.0.jar:/Users/raliclo/.gradle/caches/modules-2/files-2.1/log4j/apache-log4j-extras/1.2.17/85863614d82185d7e51fe21c00aa9117a523a8b6/apache-log4j-extras-1.2.17.jar:/Users/raliclo/.gradle/caches/modules-2/files-2.1/com.googlecode.javaewah/JavaEWAH/0.3.2/7130b68f1d4d9666f0ced0ba1a1bee37e2e51926/JavaEWAH-0.3.2.jar:/Users/raliclo/.gradle/caches/modules-2/files-2.1/org.scala-lang.modules/scala-xml_2.11/1.0.2/820fbca7e524b530fdadc594c39d49a21ea0337e/scala-xml_2.11-1.0.2.jar:/Users/raliclo/.gradle/caches/modules-2/files-2.1/org.twitter4j/twitter4j-core/4.0.4/1f3c896c7b2f20c51103078ccf0bc2ea97ac012a/twitter4j-core-4.0.4.jar:/Users/raliclo/.gradle/caches/modules-2/files-2.1/com.squareup.okio/okio/1.6.0/98476622f10715998eacf9240d6b479f12c66143/okio-1.6.0.jar:/Users/raliclo/.gradle/caches/modules-2/files-2.1/org.eclipse.leshan/leshan-server-core/0.1.11-M12/c98a7b24e18f435d393164ba73e5400275faf78f/leshan-server-core-0.1.11-M12.jar:/Users/raliclo/.gradle/caches/modules-2/files-2.1/org.eclipse.californium/scandium/2.0.0-M1/357c08eaa4c14142b01899517bab91fbf51c29a7/scandium-2.0.0-M1.jar:/Users/raliclo/.gradle/caches/modules-2/files-2.1/org.eclipse.leshan/leshan-client-core/0.1.11-M12/de4d540bfca57ce9638710be93436728bf359930/leshan-client-core-0.1.11-M12.jar:/Users/raliclo/.gradle/caches/modules-2/files-2.1/com.storm-enroute/scalameter_2.11/0.6/ac47a5a1c49e95e089b203b471c6d4fb5a662bbb/scalameter_2.11-0.6.jar:/Users/raliclo/.gradle/caches/modules-2/files-2.1/org.scala-sbt/test-interface/1.0/a3f14d010c4cb32071f863d97291df31603b521/test-interface-1.0.jar:/Users/raliclo/.gradle/caches/modules-2/files-2.1/org.nd4j/nd4j-buffer/0.4.0/a9bd2f0cc8d489db09c259032709667a6df57e3d/nd4j-buffer-0.4.0.jar:/Users/raliclo/.gradle/caches/modules-2/files-2.1/org.nd4j/canova-data-image/0.0.0.17/ad48a010afc20f39a689b51f865609976c0117b0/canova-data-image-0.0.0.17.jar:/Users/raliclo/.gradle/caches/modules-2/files-2.1/com.github.jai-imageio/jai-imageio-core/1.3.0/268feccd3a0fe32058ede66db41a21d9c7a9e535/jai-imageio-core-1.3.0.jar:/Users/raliclo/.gradle/caches/modules-2/files-2.1/com.twelvemonkeys.imageio/imageio-jpeg/3.1.1/464d6537504c7855c8aa3669b2726641ee3fd00c/imageio-jpeg-3.1.1.jar:/Users/raliclo/.gradle/caches/modules-2/files-2.1/com.twelvemonkeys.imageio/imageio-tiff/3.1.1/df54331a36fba97907e9413297c51defbe24a224/imageio-tiff-3.1.1.jar:/Users/raliclo/.gradle/caches/modules-2/files-2.1/com.twelvemonkeys.imageio/imageio-psd/3.1.1/8073714c928c9343a9e6dc68b4f48ab9c51a41f0/imageio-psd-3.1.1.jar:/Users/raliclo/.gradle/caches/modules-2/files-2.1/com.twelvemonkeys.imageio/imageio-bmp/3.1.1/3b6f82168a6f76899e33a8a9f4058d0e127df30e/imageio-bmp-3.1.1.jar:/Users/raliclo/.gradle/caches/modules-2/files-2.1/org.bytedeco/javacv/1.2/2fd1a7b7d272f6eb38f17bc2292b08ef3c0ca5f/javacv-1.2.jar:/Users/raliclo/.gradle/caches/modules-2/files-2.1/org.bytedeco.javacpp-presets/opencv/3.1.0-1.2/2cbce052bcc7780513b3c54594ba13a370621154/opencv-3.1.0-1.2.jar:/Users/raliclo/.gradle/caches/modules-2/files-2.1/org.bytedeco.javacpp-presets/ffmpeg/3.0.2-1.2/a241e53329a9601667c79afa64236d4abbac56a0/ffmpeg-3.0.2-1.2.jar:/Users/raliclo/.gradle/caches/modules-2/files-2.1/org.bytedeco.javacpp-presets/leptonica/1.73-1.2/9fb1a0408ffbad180280d32308cb66f33daafbc6/leptonica-1.73-1.2.jar:/Users/raliclo/.gradle/caches/modules-2/files-2.1/org.nd4j/nd4j-context/0.4.0/dc352b7777802ef75edcd83aa9a68b02b57f050a/nd4j-context-0.4.0.jar:/Users/raliclo/.gradle/caches/modules-2/files-2.1/org.freemarker/freemarker/2.3.23/cd143cd8c02a9f838e3cb75a6dfe133750437f6d/freemarker-2.3.23.jar:/Users/raliclo/.gradle/caches/modules-2/files-2.1/org.nd4j/nd4j-native-api/0.4.0/51bb0a1421497edb823d5c0eee15c3929b48ab/nd4j-native-api-0.4.0.jar:/Users/raliclo/.gradle/caches/modules-2/files-2.1/com.fasterxml.jackson.jaxrs/jackson-jaxrs-base/2.6.3/a72ea7c0b7ca23ddfa12a3dcfdb4a4e96fa4214c/jackson-jaxrs-base-2.6.3.jar:/Users/raliclo/.gradle/caches/modules-2/files-2.1/com.fasterxml.jackson.module/jackson-module-jaxb-annotations/2.6.3/580688f0b8d0dd31fe33a9c6d02fa9928c45dae9/jackson-module-jaxb-annotations-2.6.3.jar:/Users/raliclo/.gradle/caches/modules-2/files-2.1/org.eclipse.jetty/jetty-security/9.2.15.v20160210/fbc43e32706a086d138dc16c4be7f3a0caf0e419/jetty-security-9.2.15.v20160210.jar:/Users/raliclo/.gradle/caches/modules-2/files-2.1/org.mortbay.jetty/servlet-api-2.5/6.1.14/5f07601ab7d7c85dd9e38a17c0e1b0edfbd4a191/servlet-api-2.5-6.1.14.jar:/Users/raliclo/.gradle/caches/modules-2/files-2.1/net.sf.kosmosfs/kfs/0.3/20fcbc065182bdcd706c90a2eb383ae70eb5b223/kfs-0.3.jar:/Users/raliclo/.gradle/caches/modules-2/files-2.1/com.esotericsoftware/minlog/1.3.0/ff07b5f1b01d2f92bb00a337f9a94873712f0827/minlog-1.3.0.jar:/Users/raliclo/.gradle/caches/modules-2/files-2.1/org.apache.velocity/velocity/1.5/9f306baf7523ffc0e81a6353d08a584d254133b/velocity-1.5.jar:/Users/raliclo/.gradle/caches/modules-2/files-2.1/org.apache.hive/hive-llap-client/2.1.0/51fd298e6393be09b60b35cd1e6d7699c405ab0b/hive-llap-client-2.1.0.jar:/Users/raliclo/.gradle/caches/modules-2/files-2.1/org.apache.hive.shims/hive-shims-common/2.1.0/106c8415d4644be66ce84a69081f22000972c476/hive-shims-common-2.1.0.jar:/Users/raliclo/.gradle/caches/modules-2/files-2.1/org.apache.hive.shims/hive-shims-0.23/2.1.0/241e8d9c51e22e1cc91b515d1d9c1f26d8d26e2d/hive-shims-0.23-2.1.0.jar:/Users/raliclo/.gradle/caches/modules-2/files-2.1/org.apache.hive.shims/hive-shims-scheduler/2.1.0/a8ac22d9b2aac5003e413254962ca9ee72bf171e/hive-shims-scheduler-2.1.0.jar:/Users/raliclo/.gradle/caches/modules-2/files-2.1/org.eclipse.jetty.orbit/javax.servlet/3.0.0.v201112011016/aaaa85845fb5c59da00193f06b8e5278d8bf3f8/javax.servlet-3.0.0.v201112011016.jar:/Users/raliclo/.gradle/caches/modules-2/files-2.1/org.apache.logging.log4j/log4j-web/2.4.1/86920df4aef0fe98d402d0de8f792b93b22ff3eb/log4j-web-2.4.1.jar:/Users/raliclo/.gradle/caches/modules-2/files-2.1/com.github.joshelser/dropwizard-metrics-hadoop-metrics2-reporter/0.1.0/9f1f34dd4fbe213168f4f879924c33f647730283/dropwizard-metrics-hadoop-metrics2-reporter-0.1.0.jar:/Users/raliclo/.gradle/caches/modules-2/files-2.1/org.apache.hbase/hbase-annotations/1.1.1/712945be1be56d297fa1af2a9cf350480ae80d53/hbase-annotations-1.1.1.jar:/Users/raliclo/.gradle/caches/modules-2/files-2.1/org.apache.hbase/hbase-common/1.1.1/b2b7705e5d388217989173bdf6307708190c83d6/hbase-common-1.1.1.jar:/Users/raliclo/.gradle/caches/modules-2/files-2.1/org.apache.hbase/hbase-common/1.1.1/9399d345fb1aa0acf80087c6c895366f4e6669c3/hbase-common-1.1.1-tests.jar:/Users/raliclo/.gradle/caches/modules-2/files-2.1/org.apache.hbase/hbase-protocol/1.1.1/3cab8ccd963c67db0ba90dbdc6355bf750af29d9/hbase-protocol-1.1.1.jar:/Users/raliclo/.gradle/caches/modules-2/files-2.1/org.jruby.jcodings/jcodings/1.0.8/33fa45fd853c277b888e3d5a2e6a4604b7c11e2c/jcodings-1.0.8.jar:/Users/raliclo/.gradle/caches/modules-2/files-2.1/org.jruby.joni/joni/2.1.2/1f08024ec70e86a716188b7d069b0c2d2f183e14/joni-2.1.2.jar:/Users/raliclo/.gradle/caches/modules-2/files-2.1/com.github.stephenc.findbugs/findbugs-annotations/1.3.9-1/a6b11447635d80757d64b355bed3c00786d86801/findbugs-annotations-1.3.9-1.jar:/Users/raliclo/.gradle/caches/modules-2/files-2.1/javax.transaction/jta/1.1/2ca09f0b36ca7d71b762e14ea2ff09d5eac57558/jta-1.1.jar:/Users/raliclo/.gradle/caches/modules-2/files-2.1/javax.transaction/transaction-api/1.1/2ca09f0b36ca7d71b762e14ea2ff09d5eac57558/transaction-api-1.1.jar:/Users/raliclo/.gradle/caches/modules-2/files-2.1/com.google.inject.extensions/guice-assistedinject/3.0/544449ddb19f088dcde44f055d30a08835a954a7/guice-assistedinject-3.0.jar:/Users/raliclo/.gradle/caches/modules-2/files-2.1/org.apache.twill/twill-common/0.6.0-incubating/34c9d6fbcab9eb68a2c858ce0f16529e5f5e4993/twill-common-0.6.0-incubating.jar:/Users/raliclo/.gradle/caches/modules-2/files-2.1/org.apache.twill/twill-core/0.6.0-incubating/46109bb5fd3876749009d6d8998c8066a911ee8a/twill-core-0.6.0-incubating.jar:/Users/raliclo/.gradle/caches/modules-2/files-2.1/org.apache.twill/twill-discovery-api/0.6.0-incubating/c8b5bf3ac8d25fe20a89924e00ea8e113c1a787a/twill-discovery-api-0.6.0-incubating.jar:/Users/raliclo/.gradle/caches/modules-2/files-2.1/org.apache.twill/twill-discovery-core/0.6.0-incubating/b30e4df2f98d858bba1e2914e79d3b785deb2022/twill-discovery-core-0.6.0-incubating.jar:/Users/raliclo/.gradle/caches/modules-2/files-2.1/org.apache.twill/twill-zookeeper/0.6.0-incubating/58f37b2dc9eeaadcafd63236cce8d61f500ab29c/twill-zookeeper-0.6.0-incubating.jar:/Users/raliclo/.gradle/caches/modules-2/files-2.1/org.apache.hive/hive-llap-common/2.1.0/1f893a35849d6395730baa6bc84c4a29c5a5673b/hive-llap-common-2.1.0.jar:/Users/raliclo/.gradle/caches/modules-2/files-2.1/org.apache.slider/slider-core/0.90.2-incubating/d3c034d3e785993df15f5177ce56cd500b987c97/slider-core-0.90.2-incubating.jar:/Users/raliclo/.gradle/caches/modules-2/files-2.1/org.apache.hbase/hbase-hadoop2-compat/1.1.1/86f193055017663fd755a0229727a7eb9ed2dfee/hbase-hadoop2-compat-1.1.1.jar:/Users/raliclo/.gradle/caches/modules-2/files-2.1/org.apache.hbase/hbase-server/1.1.1/a02745707c2689e1e33a4041c71e94587cf48b47/hbase-server-1.1.1.jar:/Users/raliclo/.gradle/caches/modules-2/files-2.1/org.apache.hbase/hbase-hadoop-compat/1.1.1/ef783393691738fe16011ff18e71fee1021e7189/hbase-hadoop-compat-1.1.1.jar:/Users/raliclo/.gradle/caches/modules-2/files-2.1/org.apache.geronimo.specs/geronimo-jta_1.1_spec/1.1.1/aabab3165b8ea936b9360abbf448459c0d04a5a4/geronimo-jta_1.1_spec-1.1.1.jar:/Users/raliclo/.gradle/caches/modules-2/files-2.1/javax.mail/mail/1.4.1/8b7bc69010655425dabf091b51d1e90b4de36715/mail-1.4.1.jar:/Users/raliclo/.gradle/caches/modules-2/files-2.1/org.apache.geronimo.specs/geronimo-jaspic_1.0_spec/1.0/44b95be7dae1147716dce5336419eafade880756/geronimo-jaspic_1.0_spec-1.0.jar:/Users/raliclo/.gradle/caches/modules-2/files-2.1/org.apache.geronimo.specs/geronimo-annotation_1.0_spec/1.1.1/47caa799389f69d297b86bf90523d431599c3796/geronimo-annotation_1.0_spec-1.1.1.jar:/Users/raliclo/.gradle/caches/modules-2/files-2.1/asm/asm-commons/3.1/1b607fbfe7889c6fdff1b7c16439ade0a60869ac/asm-commons-3.1.jar:/Users/raliclo/.gradle/caches/modules-2/files-2.1/com.twitter/chill_2.10/0.5.0/763dd57f6496e1ed9eb5728ac49d054226d21267/chill_2.10-0.5.0.jar:/Users/raliclo/.gradle/caches/modules-2/files-2.1/org.apache.spark/spark-launcher_2.10/1.5.2/454013929453358dd6f9539f4ff098274b621f84/spark-launcher_2.10-1.5.2.jar:/Users/raliclo/.gradle/caches/modules-2/files-2.1/org.apache.spark/spark-network-common_2.10/1.5.2/cd5257d460363f4558a62591cf4774b6fec272b0/spark-network-common_2.10-1.5.2.jar:/Users/raliclo/.gradle/caches/modules-2/files-2.1/org.apache.spark/spark-network-shuffle_2.10/1.5.2/b1c3ab5def5fca7d181f0e76a7fe26623b670682/spark-network-shuffle_2.10-1.5.2.jar:/Users/raliclo/.gradle/caches/modules-2/files-2.1/org.apache.spark/spark-unsafe_2.10/1.5.2/800168cf570987d33bf9cd45d1a2acc3a6e8c865/spark-unsafe_2.10-1.5.2.jar:/Users/raliclo/.gradle/caches/modules-2/files-2.1/com.typesafe.akka/akka-remote_2.10/2.3.11/9aed4ee314df6f54079bb4befdd77050e567b9d/akka-remote_2.10-2.3.11.jar:/Users/raliclo/.gradle/caches/modules-2/files-2.1/com.typesafe.akka/akka-slf4j_2.10/2.3.11/bb54396770d81bde57e17024f4d34daf02fe125f/akka-slf4j_2.10-2.3.11.jar:/Users/raliclo/.gradle/caches/modules-2/files-2.1/org.json4s/json4s-jackson_2.10/3.2.10/d52c4a71a17bc806593d0e868e1d32dca4257da9/json4s-jackson_2.10-3.2.10.jar:/Users/raliclo/.gradle/caches/modules-2/files-2.1/com.fasterxml.jackson.module/jackson-module-scala_2.10/2.4.4/edf8b3b592a4e80160824770d3e53ab51bd79ab/jackson-module-scala_2.10-2.4.4.jar:/Users/raliclo/.gradle/caches/modules-2/files-2.1/org.tachyonproject/tachyon-client/0.7.1/92ad20eb39794c94ae6d8dc8b997435822116823/tachyon-client-0.7.1.jar:/Users/raliclo/.gradle/caches/modules-2/files-2.1/org.apache.spark/spark-catalyst_2.10/1.5.2/2ea4b3c4cd8e956c423a9ac6e04e7bd0d796c558/spark-catalyst_2.10-1.5.2.jar:/Users/raliclo/.gradle/caches/modules-2/files-2.1/com.sun.xml.bind/jaxb-core/2.2.11/c3f87d654f8d5943cd08592f3f758856544d279a/jaxb-core-2.2.11.jar:/Users/raliclo/.gradle/caches/modules-2/files-2.1/com.sun.xml.bind/jaxb-impl/2.2.11/a49ce57aee680f9435f49ba6ef427d38c93247a6/jaxb-impl-2.2.11.jar:/Users/raliclo/.gradle/caches/modules-2/files-2.1/org.apache.lucene/lucene-core/3.5.0/90ff0731fafb05c01fee4f2247140d56e9c30a3b/lucene-core-3.5.0.jar:/Users/raliclo/.gradle/caches/modules-2/files-2.1/org.jboss.netty/netty/3.2.0.Final/3bf21bdf3d23cd92358e756ec96fe546d9019a51/netty-3.2.0.Final.jar:/Users/raliclo/.gradle/caches/modules-2/files-2.1/org.ow2.asm/asm/6.0_ALPHA/ceaedaebaf6b74e9092959285fbc66cfbc03e43b/asm-6.0_ALPHA.jar:/Users/raliclo/.gradle/caches/modules-2/files-2.1/org.lwjgl.lwjgl/lwjgl-platform/2.9.3/fbc2afb3e288578e9942578decb6291a490549a0/lwjgl-platform-2.9.3-natives-windows.jar:/Users/raliclo/.gradle/caches/modules-2/files-2.1/org.lwjgl.lwjgl/lwjgl-platform/2.9.3/b1eafe80093381c56415731e1d64279e6140bcd0/lwjgl-platform-2.9.3-natives-linux.jar:/Users/raliclo/.gradle/caches/modules-2/files-2.1/org.lwjgl.lwjgl/lwjgl-platform/2.9.3/6686cf6ddaa20b4290aa6599a09bc0d17369be05/lwjgl-platform-2.9.3-natives-osx.jar:/Users/raliclo/.gradle/caches/modules-2/files-2.1/net.java.jinput/jinput/2.0.5/39c7796b469a600f72380316f6b1f11db6c2c7c4/jinput-2.0.5.jar:/Users/raliclo/.gradle/caches/modules-2/files-2.1/org.arquillian.cube/arquillian-cube-api/1.0.0.Alpha14/f5c9f4009c131add4a127f45b3e8783a07092856/arquillian-cube-api-1.0.0.Alpha14.jar:/Users/raliclo/.gradle/caches/modules-2/files-2.1/org.jboss.arquillian.core/arquillian-core-spi/1.1.11.Final/6a459fa53984da22cdfe8c6fdb0639bb0306afa0/arquillian-core-spi-1.1.11.Final.jar:/Users/raliclo/.gradle/caches/modules-2/files-2.1/org.arquillian.extension/arquillian-recorder-reporter-api/1.1.2.Final/a45d9c059e33b5da3b2b79e8e95b68fa50858f98/arquillian-recorder-reporter-api-1.1.2.Final.jar:/Users/raliclo/.gradle/caches/modules-2/files-2.1/org.jboss.arquillian.test/arquillian-test-spi/1.1.11.Final/999cf9a818186395e587147b404eded45e2f56a0/arquillian-test-spi-1.1.11.Final.jar:/Users/raliclo/.gradle/caches/modules-2/files-2.1/org.jboss.shrinkwrap.resolver/shrinkwrap-resolver-api/2.1.0/d7c60a84858d9293171284b071611a2c3d10ff84/shrinkwrap-resolver-api-2.1.0.jar:/Users/raliclo/.gradle/caches/modules-2/files-2.1/org.jboss.shrinkwrap.resolver/shrinkwrap-resolver-api-maven/2.1.0/b3da450e93443cd446082f3e40c9f25e38d49bf7/shrinkwrap-resolver-api-maven-2.1.0.jar:/Users/raliclo/.gradle/caches/modules-2/files-2.1/org.jboss.shrinkwrap.resolver/shrinkwrap-resolver-api-maven-archive/2.1.0/24d6c1bc6d2664a9d2a1dedad32a06c834f2a04e/shrinkwrap-resolver-api-maven-archive-2.1.0.jar:/Users/raliclo/.gradle/caches/modules-2/files-2.1/org.jboss.shrinkwrap.resolver/shrinkwrap-resolver-spi/2.1.0/d5b0eecc03e582e0b32aef0c5352536d7b3193a/shrinkwrap-resolver-spi-2.1.0.jar:/Users/raliclo/.gradle/caches/modules-2/files-2.1/org.jboss.shrinkwrap.resolver/shrinkwrap-resolver-spi-maven/2.1.0/37c931b6ce00cae0d8e2230381aab6e4f5979c32/shrinkwrap-resolver-spi-maven-2.1.0.jar:/Users/raliclo/.gradle/caches/modules-2/files-2.1/org.jboss.shrinkwrap.resolver/shrinkwrap-resolver-impl-maven/2.1.0/a3b5f52aa088f7a5a4981b368a8affff76207bcf/shrinkwrap-resolver-impl-maven-2.1.0.jar:/Users/raliclo/.gradle/caches/modules-2/files-2.1/org.jboss.shrinkwrap.resolver/shrinkwrap-resolver-impl-maven-archive/2.1.0/f021d8c7ce80b835cb19fd299b32b1f5cb7b8d1c/shrinkwrap-resolver-impl-maven-archive-2.1.0.jar:/Users/raliclo/.gradle/caches/modules-2/files-2.1/net.minidev/accessors-smart/1.1/a527213f2fea112a04c9bdf0ec0264e34104cd08/accessors-smart-1.1.jar:/Users/raliclo/.gradle/caches/modules-2/files-2.1/org.apache.tomcat/tomcat-juli/8.5.4/d4312ba583aa62f08a0b22beddc816a2da419d4c/tomcat-juli-8.5.4.jar:/Users/raliclo/.gradle/caches/modules-2/files-2.1/asm/asm/3.1/c157def142714c544bdea2e6144645702adf7097/asm-3.1.jar:/Users/raliclo/.gradle/caches/modules-2/files-2.1/javax.annotation/javax.annotation-api/1.2/479c1e06db31c432330183f5cae684163f186146/javax.annotation-api-1.2.jar:/Users/raliclo/.gradle/caches/modules-2/files-2.1/org.glassfish.jersey.bundles.repackaged/jersey-guava/2.22.2/7422c693c89640c9685dfa99dbef2da745aa4617/jersey-guava-2.22.2.jar:/Users/raliclo/.gradle/caches/modules-2/files-2.1/org.glassfish.hk2/hk2-api/2.4.0-b34/1017432e219dbd1d4a1121b2d7e87c5b2f0bcfb9/hk2-api-2.4.0-b34.jar:/Users/raliclo/.gradle/caches/modules-2/files-2.1/org.glassfish.hk2/hk2-locator/2.4.0-b34/1451fc3e5b7f00d7a5ca0feaff2c1bf68be5ac91/hk2-locator-2.4.0-b34.jar:/Users/raliclo/.gradle/caches/modules-2/files-2.1/org.glassfish.hk2/osgi-resource-locator/1.0.1/4ed2b2d4738aed5786cfa64cba5a332779c4c708/osgi-resource-locator-1.0.1.jar:/Users/raliclo/.gradle/caches/modules-2/files-2.1/org.glassfish.jersey.media/jersey-media-jaxb/2.22.2/7a9adf97790a92d09a1f2c027dbd34af15ffee04/jersey-media-jaxb-2.22.2.jar:/Users/raliclo/.gradle/caches/modules-2/files-2.1/org.codehaus.janino/commons-compiler/2.7.8/fe224c801f296af125316178300dfc633675a8ff/commons-compiler-2.7.8.jar:/Users/raliclo/.gradle/caches/modules-2/files-2.1/org.apache.parquet/parquet-generator/1.7.0/3fedca3e1825a8ad7d30d374ff102fdb0d439681/parquet-generator-1.7.0.jar:/Users/raliclo/.gradle/caches/modules-2/files-2.1/org.eclipse.leshan/leshan-core/0.1.11-M12/d703a760fdb50ad780bac97b02f4360e86227f83/leshan-core-0.1.11-M12.jar:/Users/raliclo/.gradle/caches/modules-2/files-2.1/com.storm-enroute/scalameter-core_2.11/0.6/429611cd9f0a98f9bb2e40ea2d4a0bb80ea6a64a/scalameter-core_2.11-0.6.jar:/Users/raliclo/.gradle/caches/modules-2/files-2.1/com.github.wookietreiber/scala-chart_2.11/0.4.2/6cc329e2e33c19eb25a033dc5b246b49b51983d6/scala-chart_2.11-0.4.2.jar:/Users/raliclo/.gradle/caches/modules-2/files-2.1/org.scala-tools.testing/test-interface/0.5/621ea57f37a1fed152bf7cb454e78a2c30e5ca6e/test-interface-0.5.jar:/Users/raliclo/.gradle/caches/modules-2/files-2.1/org.nd4j/nd4j-common/0.4.0/e855e522b079f0b8019eab058f6fd6c21acbce03/nd4j-common-0.4.0.jar:/Users/raliclo/.gradle/caches/modules-2/files-2.1/org.bytedeco/javacpp/1.2.2/532916fe23fdda846d09997dc23c5ae4f43d092a/javacpp-1.2.2.jar:/Users/raliclo/.gradle/caches/modules-2/files-2.1/com.twelvemonkeys.imageio/imageio-core/3.1.1/dbdf29da53ac89753d9abfc0f38802f6483821e/imageio-core-3.1.1.jar:/Users/raliclo/.gradle/caches/modules-2/files-2.1/com.twelvemonkeys.imageio/imageio-metadata/3.1.1/52b6b85601492e94fa8a08211c08179b1c888d91/imageio-metadata-3.1.1.jar:/Users/raliclo/.gradle/caches/modules-2/files-2.1/com.twelvemonkeys.common/common-lang/3.1.1/a9b5f8094211a8fbe5e9f469ebb266c1886d3666/common-lang-3.1.1.jar:/Users/raliclo/.gradle/caches/modules-2/files-2.1/com.twelvemonkeys.common/common-io/3.1.1/b6aec796ca2d20b145b6fa88bbe068724a258450/common-io-3.1.1.jar:/Users/raliclo/.gradle/caches/modules-2/files-2.1/com.twelvemonkeys.common/common-image/3.1.1/c86b3bc138b0caee17ce4193275636543cf28bfe/common-image-3.1.1.jar:/Users/raliclo/.gradle/caches/modules-2/files-2.1/org.apache.twill/twill-api/0.6.0-incubating/338247e16528d12f1d70781769af63b818f4f356/twill-api-0.6.0-incubating.jar:/Users/raliclo/.gradle/caches/modules-2/files-2.1/org.apache.hadoop/hadoop-yarn-registry/2.7.1/640014928215054df53fb6c71475f4b36b3c182a/hadoop-yarn-registry-2.7.1.jar:/Users/raliclo/.gradle/caches/modules-2/files-2.1/com.yammer.metrics/metrics-core/2.2.0/f82c035cfa786d3cbec362c38c22a5f5b1bc8724/metrics-core-2.2.0.jar:/Users/raliclo/.gradle/caches/modules-2/files-2.1/org.apache.hbase/hbase-procedure/1.1.1/bc5c5f2cae9af023dc598e5fec9fc17adc6b1b1c/hbase-procedure-1.1.1.jar:/Users/raliclo/.gradle/caches/modules-2/files-2.1/org.mortbay.jetty/jetty-sslengine/6.1.26/60367999cee49a3b09fa86bdcb52310b6c896014/jetty-sslengine-6.1.26.jar:/Users/raliclo/.gradle/caches/modules-2/files-2.1/org.apache.hbase/hbase-prefix-tree/1.1.1/c73390f5a2285e9cfe62a91b2d3bcd7b827f18cd/hbase-prefix-tree-1.1.1.jar:/Users/raliclo/.gradle/caches/modules-2/files-2.1/asm/asm-tree/3.1/c9a5d4334ddf194ea492f22107d45119a5c5322f/asm-tree-3.1.jar:/Users/raliclo/.gradle/caches/modules-2/files-2.1/com.esotericsoftware.kryo/kryo/2.21/9a4e69cff8d225729656f7e97e40893b23bffef/kryo-2.21.jar:/Users/raliclo/.gradle/caches/modules-2/files-2.1/com.typesafe.akka/akka-actor_2.10/2.3.11/cb99662d461833308c760d1abca07bc389084259/akka-actor_2.10-2.3.11.jar:/Users/raliclo/.gradle/caches/modules-2/files-2.1/org.uncommons.maths/uncommons-maths/1.2.2a/e4e84f879d4160be9508aa3904516ec30c39e815/uncommons-maths-1.2.2a.jar:/Users/raliclo/.gradle/caches/modules-2/files-2.1/org.json4s/json4s-core_2.10/3.2.10/dad833a33b231556e6254ab609eedfe8364793d3/json4s-core_2.10-3.2.10.jar:/Users/raliclo/.gradle/caches/modules-2/files-2.1/org.tachyonproject/tachyon-underfs-hdfs/0.7.1/efce0bc9971414b6f41ec5f23596aba2d8465435/tachyon-underfs-hdfs-0.7.1.jar:/Users/raliclo/.gradle/caches/modules-2/files-2.1/org.tachyonproject/tachyon-underfs-local/0.7.1/575e63d2605be85b1d1834bac024162f837e2235/tachyon-underfs-local-0.7.1.jar:/Users/raliclo/.gradle/caches/modules-2/files-2.1/net.java.jutils/jutils/1.0.0/e12fe1fda814bd348c1579329c86943d2cd3c6a6/jutils-1.0.0.jar:/Users/raliclo/.gradle/caches/modules-2/files-2.1/net.java.jinput/jinput-platform/2.0.5/7ff832a6eb9ab6a767f1ade2b548092d0fa64795/jinput-platform-2.0.5-natives-linux.jar:/Users/raliclo/.gradle/caches/modules-2/files-2.1/net.java.jinput/jinput-platform/2.0.5/385ee093e01f587f30ee1c8a2ee7d408fd732e16/jinput-platform-2.0.5-natives-windows.jar:/Users/raliclo/.gradle/caches/modules-2/files-2.1/net.java.jinput/jinput-platform/2.0.5/53f9c919f34d2ca9de8c51fc4e1e8282029a9232/jinput-platform-2.0.5-natives-osx.jar:/Users/raliclo/.gradle/caches/modules-2/files-2.1/org.jboss.arquillian.core/arquillian-core-api/1.1.11.Final/c3a8984dbd9b172e04c641db28f8b1a85695f9d4/arquillian-core-api-1.1.11.Final.jar:/Users/raliclo/.gradle/caches/modules-2/files-2.1/org.arquillian.extension/arquillian-recorder-api/1.1.2.Final/ccd2b9009b34b8fc4123b6eb36c2c17f7c81c98c/arquillian-recorder-api-1.1.2.Final.jar:/Users/raliclo/.gradle/caches/modules-2/files-2.1/org.arquillian.extension/arquillian-recorder-reporter-spi/1.1.2.Final/d1c329458413d58c59948b0a3a44f33aac8d8a59/arquillian-recorder-reporter-spi-1.1.2.Final.jar:/Users/raliclo/.gradle/caches/modules-2/files-2.1/org.eclipse.persistence/org.eclipse.persistence.moxy/2.5.1/2c4634eb0a35cce9ab4b76a9989a78bca501c7af/org.eclipse.persistence.moxy-2.5.1.jar:/Users/raliclo/.gradle/caches/modules-2/files-2.1/org.jboss.arquillian.test/arquillian-test-api/1.1.11.Final/a2618054d354f2d103220ba2152d35f2b4a5ee30/arquillian-test-api-1.1.11.Final.jar:/Users/raliclo/.gradle/caches/modules-2/files-2.1/org.jboss.shrinkwrap/shrinkwrap-api/1.2.1/9cfd86f88f7134c7f160ca2f7b02e410d0c3f518/shrinkwrap-api-1.2.1.jar:/Users/raliclo/.gradle/caches/modules-2/files-2.1/org.eclipse.aether/aether-api/0.9.0.M2/97662c999c6b2fbf2ee50e814a34639c1c1d22de/aether-api-0.9.0.M2.jar:/Users/raliclo/.gradle/caches/modules-2/files-2.1/org.eclipse.aether/aether-impl/0.9.0.M2/eab9a4baae8de96a24c04219236363d0ca73e8a9/aether-impl-0.9.0.M2.jar:/Users/raliclo/.gradle/caches/modules-2/files-2.1/org.eclipse.aether/aether-spi/0.9.0.M2/3647d00620a91360990c9680f29fbcc22d69c2ee/aether-spi-0.9.0.M2.jar:/Users/raliclo/.gradle/caches/modules-2/files-2.1/org.eclipse.aether/aether-util/0.9.0.M2/b957089deb654647da320ad7507b0a4b5ce23813/aether-util-0.9.0.M2.jar:/Users/raliclo/.gradle/caches/modules-2/files-2.1/org.eclipse.aether/aether-connector-wagon/0.9.0.M2/d026605975abe777baea95dc0dcbff1723c0829a/aether-connector-wagon-0.9.0.M2.jar:/Users/raliclo/.gradle/caches/modules-2/files-2.1/org.apache.maven/maven-aether-provider/3.1.1/7fd8a65d950d0e77dd39cc4ce2776ff9673ae470/maven-aether-provider-3.1.1.jar:/Users/raliclo/.gradle/caches/modules-2/files-2.1/org.apache.maven/maven-model/3.1.1/ccf79a1a63ef35de038a4226a952175c4e9f4f59/maven-model-3.1.1.jar:/Users/raliclo/.gradle/caches/modules-2/files-2.1/org.apache.maven/maven-model-builder/3.1.1/5fb53c92da84ebeff403414b667611d6bcd477cf/maven-model-builder-3.1.1.jar:/Users/raliclo/.gradle/caches/modules-2/files-2.1/org.apache.maven/maven-repository-metadata/3.1.1/ef5bccf2a7a22a326c8fe94e1d56f6f15419bedd/maven-repository-metadata-3.1.1.jar:/Users/raliclo/.gradle/caches/modules-2/files-2.1/org.apache.maven/maven-settings/3.1.1/311d38cf15ec7f5c713985862632db91b7a827af/maven-settings-3.1.1.jar:/Users/raliclo/.gradle/caches/modules-2/files-2.1/org.apache.maven/maven-settings-builder/3.1.1/e2d5e96ea4bbd4fc463dbb76d07dd8aefac05e3c/maven-settings-builder-3.1.1.jar:/Users/raliclo/.gradle/caches/modules-2/files-2.1/org.codehaus.plexus/plexus-interpolation/1.19/b260ca7a23bb0d209771db7aae35049899433fe3/plexus-interpolation-1.19.jar:/Users/raliclo/.gradle/caches/modules-2/files-2.1/org.codehaus.plexus/plexus-utils/3.0.15/519b3f1fc84d3387c61a8c8e6235daf89aea4168/plexus-utils-3.0.15.jar:/Users/raliclo/.gradle/caches/modules-2/files-2.1/org.sonatype.plexus/plexus-sec-dispatcher/1.3/dedc02034fb8fcd7615d66593228cb71709134b4/plexus-sec-dispatcher-1.3.jar:/Users/raliclo/.gradle/caches/modules-2/files-2.1/org.apache.maven.wagon/wagon-provider-api/2.6/62da5193bb8ccca0c0bcba0868d702e22f26b33a/wagon-provider-api-2.6.jar:/Users/raliclo/.gradle/caches/modules-2/files-2.1/org.apache.maven.wagon/wagon-file/2.6/b0d5a52db3b08e247dad16f76dbaa0fcb6e2874d/wagon-file-2.6.jar:/Users/raliclo/.gradle/caches/modules-2/files-2.1/org.apache.maven.wagon/wagon-http-lightweight/2.6/c83f3ee0c535f904669ff982876e6f5ad20b57e6/wagon-http-lightweight-2.6.jar:/Users/raliclo/.gradle/caches/modules-2/files-2.1/org.jboss.shrinkwrap/shrinkwrap-impl-base/1.2.1/faaa23800cec50cde5fc7a28a99c29138df6f69a/shrinkwrap-impl-base-1.2.1.jar:/Users/raliclo/.gradle/caches/modules-2/files-2.1/org.jboss.shrinkwrap.resolver/shrinkwrap-resolver-spi-maven-archive/2.1.0/edc5861bf08f524cec1aaeca83101958f4883570/shrinkwrap-resolver-spi-maven-archive-2.1.0.jar:/Users/raliclo/.gradle/caches/modules-2/files-2.1/org.eclipse.sisu/org.eclipse.sisu.plexus/0.0.0.M5/8818cc5a4d2afde2fbc87c2a78cf1ebf5719a869/org.eclipse.sisu.plexus-0.0.0.M5.jar:/Users/raliclo/.gradle/caches/modules-2/files-2.1/org.codehaus.plexus/plexus-compiler-javac/2.3/df849db7e81b9e2d207699c6557d775f5d7d049c/plexus-compiler-javac-2.3.jar:/Users/raliclo/.gradle/caches/modules-2/files-2.1/org.glassfish.hk2/hk2-utils/2.4.0-b34/aacce18411fffef9621d8fc91464ca0477119c38/hk2-utils-2.4.0-b34.jar:/Users/raliclo/.gradle/caches/modules-2/files-2.1/org.glassfish.hk2.external/aopalliance-repackaged/2.4.0-b34/3d5e856dbc91a3a2b0bcb3a3424f8b62421ae4cf/aopalliance-repackaged-2.4.0-b34.jar:/Users/raliclo/.gradle/caches/modules-2/files-2.1/org.jfree/jfreechart/1.0.17/5766f5838947395cd2503911d5fd0ffa4d6e257d/jfreechart-1.0.17.jar:/Users/raliclo/.gradle/caches/modules-2/files-2.1/org.scala-lang.modules/scala-swing_2.11/1.0.1/b1cdd92bd47b1e1837139c1c53020e86bb9112ae/scala-swing_2.11-1.0.1.jar:/Users/raliclo/.gradle/caches/modules-2/files-2.1/com.esotericsoftware.reflectasm/reflectasm/1.07/76f11c94a53ee975a0d9154b325c408b210155bd/reflectasm-1.07-shaded.jar:/Users/raliclo/.gradle/caches/modules-2/files-2.1/com.esotericsoftware.minlog/minlog/1.2/59bfcd171d82f9981a5e242b9e840191f650e209/minlog-1.2.jar:/Users/raliclo/.gradle/caches/modules-2/files-2.1/com.typesafe/config/1.2.1/f771f71fdae3df231bcd54d5ca2d57f0bf93f467/config-1.2.1.jar:/Users/raliclo/.gradle/caches/modules-2/files-2.1/org.json4s/json4s-ast_2.10/3.2.10/6b0269aac8115a624fe432e7d4ae3e9804240ca7/json4s-ast_2.10-3.2.10.jar:/Users/raliclo/.gradle/caches/modules-2/files-2.1/org.jboss.arquillian.config/arquillian-config-api/1.1.11.Final/76166fce63c8555a7be27316b5b6a681404e4662/arquillian-config-api-1.1.11.Final.jar:/Users/raliclo/.gradle/caches/modules-2/files-2.1/org.arquillian.extension/arquillian-recorder-spi/1.1.2.Final/dba9e5a0d9e3995d8e333e97aa63627a3cbeb47a/arquillian-recorder-spi-1.1.2.Final.jar:/Users/raliclo/.gradle/caches/modules-2/files-2.1/org.eclipse.persistence/org.eclipse.persistence.core/2.5.1/edd943f941862f5407a0fdc762262271721994a4/org.eclipse.persistence.core-2.5.1.jar:/Users/raliclo/.gradle/caches/modules-2/files-2.1/org.eclipse.persistence/org.eclipse.persistence.antlr/2.5.1/7c230146738b780aab36973197294b4d55aecd2e/org.eclipse.persistence.antlr-2.5.1.jar:/Users/raliclo/.gradle/caches/modules-2/files-2.1/org.codehaus.plexus/plexus-component-annotations/1.5.5/c72f2660d0cbed24246ddb55d7fdc4f7374d2078/plexus-component-annotations-1.5.5.jar:/Users/raliclo/.gradle/caches/modules-2/files-2.1/org.sonatype.plexus/plexus-cipher/1.4/50ade46f23bb38cd984b4ec560c46223432aac38/plexus-cipher-1.4.jar:/Users/raliclo/.gradle/caches/modules-2/files-2.1/org.apache.maven.wagon/wagon-http-shared/2.6/81e12a1d6cf896f1181b0d00c6e0b41be9767358/wagon-http-shared-2.6.jar:/Users/raliclo/.gradle/caches/modules-2/files-2.1/org.jboss.shrinkwrap/shrinkwrap-spi/1.2.1/fd0a88257480450ceba714e0e1258112db4916a6/shrinkwrap-spi-1.2.1.jar:/Users/raliclo/.gradle/caches/modules-2/files-2.1/org.sonatype.sisu/sisu-guice/3.1.0/97c87d15d749c86b2be1b9809b28321a1d926c7f/sisu-guice-3.1.0-no_aop.jar:/Users/raliclo/.gradle/caches/modules-2/files-2.1/org.eclipse.sisu/org.eclipse.sisu.inject/0.0.0.M5/4f6bda3f528c60a12e70db2e7a3feee539dcc8cd/org.eclipse.sisu.inject-0.0.0.M5.jar:/Users/raliclo/.gradle/caches/modules-2/files-2.1/org.codehaus.plexus/plexus-compiler-api/2.3/a288dca07330a2faee3905498fe143c63994dd55/plexus-compiler-api-2.3.jar:/Users/raliclo/.gradle/caches/modules-2/files-2.1/org.jfree/jcommon/1.0.21/e354d6663dd3695bef264d95586fde66505492d9/jcommon-1.0.21.jar:/Users/raliclo/.gradle/caches/modules-2/files-2.1/com.google.code.findbugs/annotations/2.0.1/9ef6656259841cebfb9fb0697bb122ada4485498/annotations-2.0.1.jar:/Users/raliclo/.gradle/caches/modules-2/files-2.1/org.jboss.shrinkwrap.descriptors/shrinkwrap-descriptors-api-base/2.0.0-alpha-8/7f446d32e508ee54201c93318c72eef2ffb87e24/shrinkwrap-descriptors-api-base-2.0.0-alpha-8.jar:/Users/raliclo/.gradle/caches/modules-2/files-2.1/org.eclipse.persistence/org.eclipse.persistence.asm/2.5.1/ead0368c7fc4be2af6920a4d0df813a7a490e96d/org.eclipse.persistence.asm-2.5.1.jar:/Users/raliclo/.gradle/caches/modules-2/files-2.1/javax.annotation/jsr250-api/1.0/5025422767732a1ab45d93abfea846513d742dcf/jsr250-api-1.0.jar:/Users/raliclo/.gradle/caches/modules-2/files-2.1/org.bouncycastle/bcprov-jdk15on/1.48/960dea7c9181ba0b17e8bab0c06a43f0a5f04e65/bcprov-jdk15on-1.48.jar:/Users/raliclo/.gradle/caches/modules-2/files-2.1/org.bouncycastle/bcpkix-jdk15on/1.48/28b7614b908a47844bb27e3c94b45b6893656265/bcpkix-jdk15on-1.48.jar:/Users/raliclo/.gradle/caches/modules-2/files-2.1/mx4j/mx4j-tools/3.0.1/df853af9fe34d4eb6f849a1b5936fddfcbe67751/mx4j-tools-3.0.1.jar:/Users/raliclo/.gradle/caches/modules-2/files-2.1/org.seleniumhq.selenium/jetty-repacked/9.2.13.v20150730/ea59dd87c3272686cee6fa40e630716e24996a10/jetty-repacked-9.2.13.v20150730.jar:/Users/raliclo/.gradle/caches/modules-2/files-2.1/org.seleniumhq.selenium/jetty-rc-repacked/5/d40f950f9d50503759adb7183b4b08c99988339e/jetty-rc-repacked-5.jar:/Users/raliclo/.gradle/caches/modules-2/files-2.1/cglib/cglib-nodep/2.1_3/58d3be5953547c0019e5704d6ed4ffda3b0c7c66/cglib-nodep-2.1_3.jar:/Users/raliclo/.gradle/caches/modules-2/files-2.1/org.seleniumhq.selenium/selenium-api/2.53.1/b00ff9f84bfa214fda742c1287a06d447e92910e/selenium-api-2.53.1.jar:/Users/raliclo/.gradle/caches/modules-2/files-2.1/net.java.dev.jna/jna-platform/4.1.0/23457ad1cf75c2c16763330de5565a0e67b4bc0a/jna-platform-4.1.0.jar:/Users/raliclo/.gradle/caches/modules-2/files-2.1/com.fasterxml.jackson.core/jackson-databind/2.8.1/c04eb2cc599cd1742889bfa7cc41878db0d152f5/jackson-databind-2.8.1.jar:/Users/raliclo/.gradle/caches/modules-2/files-2.1/antlr/antlr/2.7.7/83cd2cd674a217ade95a4bb83a8a14f351f48bd0/antlr-2.7.7.jar:/Users/raliclo/.gradle/caches/modules-2/files-2.1/org.jboss/jandex/2.0.0.Final/3e899258936f94649c777193e1be846387ed54b3/jandex-2.0.0.Final.jar:/Users/raliclo/.gradle/caches/modules-2/files-2.1/org.tukaani/xz/1.5/9c64274b7dbb65288237216e3fae7877fd3f2bee/xz-1.5.jar:/Users/raliclo/.gradle/caches/modules-2/files-2.1/org.apache.zookeeper/zookeeper/3.4.8/f02eeeeb9ff6fe17fea3362cbc7a691ada7be769/zookeeper-3.4.8-tests.jar:/Users/raliclo/.gradle/caches/modules-2/files-2.1/io.netty/netty/3.9.0.Final/bead2f4609b302c43859f156df8911e50df0610b/netty-3.9.0.Final.jar:/Users/raliclo/.gradle/caches/modules-2/files-2.1/com.jamesmurty.utils/java-xmlbuilder/0.4/ac5962e48cdee3a0a6e1f8e00fcb594747ac5aaf/java-xmlbuilder-0.4.jar:/Users/raliclo/.gradle/caches/modules-2/files-2.1/org.apache.httpcomponents/httpclient/4.5.2/733db77aa8d9b2d68015189df76ab06304406e50/httpclient-4.5.2.jar:/Users/raliclo/.gradle/caches/modules-2/files-2.1/commons-codec/commons-codec/1.10/4b95f4897fa13f2cd904aee711aeafc0c5295cd8/commons-codec-1.10.jar:/Users/raliclo/.gradle/caches/modules-2/files-2.1/org.apache.commons/commons-math3/3.4.1/3ac44a8664228384bc68437264cf7c4cf112f579/commons-math3-3.4.1.jar:/Users/raliclo/.gradle/caches/modules-2/files-2.1/io.netty/netty-handler/4.0.37.Final/7fd9da26ef4031fa09e4436c7efd08d2bcbe1a06/netty-handler-4.0.37.Final.jar:/Users/raliclo/.gradle/caches/modules-2/files-2.1/io.netty/netty-buffer/4.0.37.Final/35be4e226aaa048ebff0a10548242e5007a94196/netty-buffer-4.0.37.Final.jar:/Users/raliclo/.gradle/caches/modules-2/files-2.1/io.netty/netty-transport/4.0.37.Final/4ac573ff1fc7a99fc4a8fa8cab56cf6ab3bb008c/netty-transport-4.0.37.Final.jar:/Users/raliclo/.gradle/caches/modules-2/files-2.1/io.netty/netty-codec/4.0.37.Final/fbc8d248adc1ef17847817b67b8050b14e95b7e2/netty-codec-4.0.37.Final.jar:/Users/raliclo/.gradle/caches/modules-2/files-2.1/io.netty/netty-common/4.0.37.Final/1fb66d166358d78e9ac85419fabdf2b764ff27f3/netty-common-4.0.37.Final.jar:/Users/raliclo/.gradle/caches/modules-2/files-2.1/org.apache.hadoop/hadoop-client/2.7.3/2df5858abb96b09ea24554b786a8eb704d0436be/hadoop-client-2.7.3-tests.jar:/Users/raliclo/.gradle/caches/modules-2/files-2.1/com.ning/compress-lzf/1.0.3/3e1495b0c532ebe58f1c8b1c5d9b3bdcc6c1504c/compress-lzf-1.0.3.jar:/Users/raliclo/.gradle/caches/modules-2/files-2.1/org.xerial.snappy/snappy-java/1.1.2.6/48d92871ca286a47f230feb375f0bbffa83b85f6/snappy-java-1.1.2.6.jar:/Users/raliclo/.gradle/caches/modules-2/files-2.1/org.scala-lang/scala-library/2.12.0-M5/c24c40a71ff615877e28867030bf3bcc49704990/scala-library-2.12.0-M5.jar:/Users/raliclo/.gradle/caches/modules-2/files-2.1/org.apache.mesos/mesos/1.0.0/305afe1cd47797e6eb2fa7b3d351af1dae1971e5/mesos-1.0.0-shaded-protobuf.jar:/Users/raliclo/.gradle/caches/modules-2/files-2.1/com.clearspring.analytics/stream/2.7.0/9998f8cf87d329fef226405f8d519638cfe1431d/stream-2.7.0.jar:/Users/raliclo/.gradle/caches/modules-2/files-2.1/io.dropwizard.metrics/metrics-core/3.1.2/224f03afd2521c6c94632f566beb1bb5ee32cf07/metrics-core-3.1.2.jar:/Users/raliclo/.gradle/caches/modules-2/files-2.1/org.apache.spark/spark-tags_2.11/2.0.0/7f84a46b1e60c1981e47cae05c462fed65217eff/spark-tags_2.11-2.0.0.jar:/Users/raliclo/.gradle/caches/modules-2/files-2.1/org.scala-lang/scala-reflect/2.12.0-M5/188fde96b3f9debe04298925533f15d2e2813449/scala-reflect-2.12.0-M5.jar:/Users/raliclo/.gradle/caches/modules-2/files-2.1/org.json4s/json4s-core_2.11/3.2.11/87d4c44dfdf74727defa32999aeeb62afb4e5375/json4s-core_2.11-3.2.11.jar:/Users/raliclo/.gradle/caches/modules-2/files-2.1/com.fasterxml.jackson.module/jackson-module-paranamer/2.6.5/cb7dadf00fd8001b25a082bde0f676ee536e5275/jackson-module-paranamer-2.6.5.jar:/Users/raliclo/.gradle/caches/modules-2/files-2.1/org.json4s/json4s-ast_2.11/3.2.11/4e3c37960ea52c8cf3672792ef08887bf63e63d7/json4s-ast_2.11-3.2.11.jar:/Users/raliclo/.gradle/caches/modules-2/files-2.1/commons-digester/commons-digester/1.8/dc6a73fdbd1fa3f0944e8497c6c872fa21dca37e/commons-digester-1.8.jar:/Users/raliclo/.gradle/caches/modules-2/files-2.1/commons-beanutils/commons-beanutils-core/1.8.0/175dc721f87e4bc5cc0573f990e28c3cf9117508/commons-beanutils-core-1.8.0.jar:/Users/raliclo/.gradle/caches/modules-2/files-2.1/commons-beanutils/commons-beanutils/1.7.0/5675fd96b29656504b86029551973d60fb41339b/commons-beanutils-1.7.0.jar:/Users/raliclo/.gradle/caches/modules-2/files-2.1/ch.qos.logback/logback-classic/1.1.7/9865cf6994f9ff13fce0bf93f2054ef6c65bb462/logback-classic-1.1.7.jar:/Users/raliclo/.gradle/caches/modules-2/files-2.1/ch.qos.logback/logback-core/1.1.7/7873092d39ef741575ca91378a6a21c388363ac8/logback-core-1.1.7.jar:/Users/raliclo/.gradle/caches/modules-2/files-2.1/org.apache.commons/commons-compress/1.9/cc18955ff1e36d5abd39a14bfe82b19154330a34/commons-compress-1.9.jar:/Users/raliclo/.gradle/caches/modules-2/files-2.1/com.fasterxml.jackson.core/jackson-core/2.8.1/fd13b1c033741d48291315c6370f7d475a42dccf/jackson-core-2.8.1.jar:/Users/raliclo/.gradle/caches/modules-2/files-2.1/org.scalanlp/breeze-macros_2.11/0.11.2/fe2c740389b32720054a7ac7facd2e7dd489f63c/breeze-macros_2.11-0.11.2.jar:/Users/raliclo/.gradle/caches/modules-2/files-2.1/com.github.rwl/jtransforms/2.4.0/20ab3d14a0375cc2baee9452b92b217aac7e3c57/jtransforms-2.4.0.jar:/Users/raliclo/.gradle/caches/modules-2/files-2.1/org.spire-math/spire_2.11/0.7.4/6882bd3c7b517e9049ddcd0ff9b97cbed581bf54/spire_2.11-0.7.4.jar:/Users/raliclo/.gradle/caches/modules-2/files-2.1/org.jpmml/pmml-schema/1.2.15/6e9cab7f650da2a5019f0cf530613bd17648007a/pmml-schema-1.2.15.jar:/Users/raliclo/.gradle/caches/modules-2/files-2.1/org.spire-math/spire-macros_2.11/0.7.4/35a96f7ddee39e99ca8051ac43a0f741eeb66803/spire-macros_2.11-0.7.4.jar:/Users/raliclo/.gradle/caches/modules-2/files-2.1/commons-logging/commons-logging/1.2/4bfc12adfe4842bf07b657f0369c4cb522955686/commons-logging-1.2.jar:/Users/raliclo/.gradle/caches/modules-2/files-2.1/ant/ant/1.6.5/7d18faf23df1a5c3a43613952e0e8a182664564b/ant-1.6.5.jar:/Users/raliclo/.gradle/caches/modules-2/files-2.1/org.datanucleus/datanucleus-core/4.1.6/de3c18e5f39ee03bb4ed3756a0602f9cd4981308/datanucleus-core-4.1.6.jar:/Users/raliclo/.gradle/caches/modules-2/files-2.1/org.apache.calcite/calcite-core/1.6.0/24cc4f0d9bb570ab0bd25ec6cf07404372776277/calcite-core-1.6.0.jar:/Users/raliclo/.gradle/caches/modules-2/files-2.1/org.apache.calcite/calcite-linq4j/1.6.0/b98944ef8658da18c4c907a8bd8704cb8edb260e/calcite-linq4j-1.6.0.jar:/Users/raliclo/.gradle/caches/modules-2/files-2.1/net.hydromatic/eigenbase-properties/1.1.5/a941956b3a4664d0cf728ece06ba25cc2110a3aa/eigenbase-properties-1.1.5.jar:/Users/raliclo/.gradle/caches/modules-2/files-2.1/org.pentaho/pentaho-aggdesigner-algorithm/5.1.5-jhyde/c52379c645c6c85300e645dff7c72653bf85baa2/pentaho-aggdesigner-algorithm-5.1.5-jhyde.jar:/Users/raliclo/.gradle/caches/modules-2/files-2.1/org.apache.calcite/calcite-avatica/1.6.0/888752e38a878883acb8e96f1da82e88d28614b6/calcite-avatica-1.6.0.jar:/Users/raliclo/.gradle/caches/modules-2/files-2.1/org.apache.thrift/libthrift/0.9.3/8625e8f9b6f49b881fa5fd143172c2833df1ce47/libthrift-0.9.3.jar:/Users/raliclo/.gradle/caches/modules-2/files-2.1/org.apache.thrift/libfb303/0.9.3/5d1abb695642e88558f4e7e0d32aa1925a1fd0b7/libfb303-0.9.3.jar:/Users/raliclo/.gradle/caches/modules-2/files-2.1/tomcat/jasper-compiler/5.5.23/6d35bd7fb8c4fbc1f5401fb3678aa976d2e4c241/jasper-compiler-5.5.23.jar:/Users/raliclo/.gradle/caches/modules-2/files-2.1/javax.servlet/jsp-api/2.0/e6def06602b51b1d9be51f6c3fcdf163ecd01644/jsp-api-2.0.jar:/Users/raliclo/.gradle/caches/modules-2/files-2.1/tomcat/jasper-runtime/5.5.23/96ca5528a93ab47b001476b74320c644beb89dde/jasper-runtime-5.5.23.jar:/Users/raliclo/.gradle/caches/modules-2/files-2.1/org.springframework/spring-context/4.3.2.RELEASE/e52782b824e097c3b1586b497fc6be0e95020770/spring-context-4.3.2.RELEASE.jar:/Users/raliclo/.gradle/caches/modules-2/files-2.1/org.apache.ant/ant-launcher/1.9.1/7c71043ca185eaada9e36391dd022d92859327de/ant-launcher-1.9.1.jar:/Users/raliclo/.gradle/caches/modules-2/files-2.1/org.eclipse.jetty/jetty-util/9.4.0.M1/188c8182247afa0541e6c485399dd05a1dedaff0/jetty-util-9.4.0.M1.jar:/Users/raliclo/.gradle/caches/modules-2/files-2.1/org.scala-lang/scala-compiler/2.12.0-M5/b728be824eb4104e7e2a1e3fec2abda0c7668e18/scala-compiler-2.12.0-M5.jar:/Users/raliclo/.gradle/caches/modules-2/files-2.1/org.slf4j/jul-to-slf4j/1.7.21/2f22c882ffa479d1e9ff4eb0e8e2c29f2a0871ed/jul-to-slf4j-1.7.21.jar:/Users/raliclo/.gradle/caches/modules-2/files-2.1/org.slf4j/log4j-over-slf4j/1.7.21/b3700d97464d99bdcd42c0177d6e7951c94d75ff/log4j-over-slf4j-1.7.21.jar:/Users/raliclo/.gradle/caches/modules-2/files-2.1/org.springframework/spring-beans/4.3.2.RELEASE/9e87f48f65a33a017f2dd027911947a28be29f93/spring-beans-4.3.2.RELEASE.jar:/Users/raliclo/.gradle/caches/modules-2/files-2.1/org.springframework/spring-expression/4.3.2.RELEASE/7676acd4dde9d186b7f882edce3131dc62dcb590/spring-expression-4.3.2.RELEASE.jar:/Users/raliclo/.gradle/caches/modules-2/files-2.1/org.springframework/spring-jdbc/4.3.2.RELEASE/d60bd9daf7d819c72e6a27fad16c4683b2e7df11/spring-jdbc-4.3.2.RELEASE.jar:/Users/raliclo/.gradle/caches/modules-2/files-2.1/org.jboss.logging/jboss-logging/3.3.0.Final/3616bb87707910296e2c195dc016287080bba5af/jboss-logging-3.3.0.Final.jar:/Users/raliclo/.gradle/caches/modules-2/files-2.1/org.antlr/ST4/4.0.8/a1c55e974f8a94d78e2348fa6ff63f4fa1fae64/ST4-4.0.8.jar:/Users/raliclo/.gradle/caches/modules-2/files-2.1/net.java.dev.jna/jna/4.1.0/1c12d070e602efd8021891cdd7fd18bc129372d4/jna-4.1.0.jar:/Users/raliclo/.gradle/caches/modules-2/files-2.1/org.projectlombok/lombok/1.16.6/9d3a47307466b28632bf35f8972ae9d703879416/lombok-1.16.6.jar:/Users/raliclo/.gradle/caches/modules-2/files-2.1/org.javassist/javassist/3.20.0-GA/a9cbcdfb7e9f86fbc74d3afae65f2248bfbf82a0/javassist-3.20.0-GA.jar:/Users/raliclo/.gradle/caches/modules-2/files-2.1/org.eclipse.jetty/jetty-continuation/9.2.15.v20160210/59ea4da32762ce7f844d8a0d10a334f3e70e3f6a/jetty-continuation-9.2.15.v20160210.jar:/Users/raliclo/.gradle/caches/modules-2/files-2.1/org.mortbay.jetty/servlet-api/2.5-20081211/22bff70037e1e6fa7e6413149489552ee2064702/servlet-api-2.5-20081211.jar:/Users/raliclo/.gradle/caches/modules-2/files-2.1/org.apache.pig/pig/0.12.0/39118f6dea7d8a149a32223b447c50fb21c75c2/pig-0.12.0.jar:/Users/raliclo/.gradle/caches/modules-2/files-2.1/org.apache.hive/hive-orc/2.1.0/203d5485eef70de6a5428391cc3f363e210cf88f/hive-orc-2.1.0.jar:/Users/raliclo/.gradle/caches/modules-2/files-2.1/org.apache.httpcomponents/httpcore/4.4.4/b31526a230871fbe285fbcbe2813f9c0839ae9b0/httpcore-4.4.4.jar:/Users/raliclo/.gradle/caches/modules-2/files-2.1/org.apache.commons/commons-math/2.2/4877b85d388275f994a5cfc7eceb73a8045d3006/commons-math-2.2.jar:/Users/raliclo/.gradle/caches/modules-2/files-2.1/com.lmax/disruptor/3.3.0/6925c7787741f6ac1535188ea450f04fa1246acf/disruptor-3.3.0.jar:/Users/raliclo/.gradle/caches/modules-2/files-2.1/net.sourceforge.htmlunit/htmlunit/2.21/3e752dae0006ad516bf6f4138316db7b262912d0/htmlunit-2.21.jar:/Users/raliclo/.gradle/caches/modules-2/files-2.1/xalan/xalan/2.7.2/d55d3f02a56ec4c25695fe67e1334ff8c2ecea23/xalan-2.7.2.jar:/Users/raliclo/.gradle/caches/modules-2/files-2.1/net.sourceforge.htmlunit/htmlunit-core-js/2.17/4316d68f449d42f69faf4ee255aa31b03e4f7dd5/htmlunit-core-js-2.17.jar:/Users/raliclo/.gradle/caches/modules-2/files-2.1/net.sourceforge.htmlunit/neko-htmlunit/2.21/a714aa20a2a6e04ada63805e1a16ad0540aa65e/neko-htmlunit-2.21.jar:/Users/raliclo/.gradle/caches/modules-2/files-2.1/net.sourceforge.cssparser/cssparser/0.9.18/61c015378d27b5e245a5deb7a324c7e716b4706a/cssparser-0.9.18.jar:/Users/raliclo/.gradle/caches/modules-2/files-2.1/org.eclipse.jetty.websocket/websocket-client/9.2.15.v20160210/ca9769107f3b8111102c5d4f482122dd116fb711/websocket-client-9.2.15.v20160210.jar:/Users/raliclo/.gradle/caches/modules-2/files-2.1/xalan/serializer/2.7.2/24247f3bb052ee068971393bdb83e04512bb1c3c/serializer-2.7.2.jar:/Users/raliclo/.gradle/caches/modules-2/files-2.1/org.w3c.css/sac/1.3/cdb2dcb4e22b83d6b32b93095f644c3462739e82/sac-1.3.jar:/Users/raliclo/.gradle/caches/modules-2/files-2.1/org.eclipse.jetty.websocket/websocket-common/9.2.15.v20160210/ee5616ec65d6c8f05fe16ee4dbb6723b2ebff470/websocket-common-9.2.15.v20160210.jar:/Users/raliclo/.gradle/caches/modules-2/files-2.1/org.eclipse.jetty.websocket/websocket-api/9.2.15.v20160210/f0340017129a65097824dd62a04b3c887f397dd9/websocket-api-9.2.15.v20160210.jar:/Users/raliclo/.gradle/caches/modules-2/files-2.1/com.fasterxml/classmate/1.3.0/183407ff982e9375f1a1c4a51ed0a9307c598fc7/classmate-1.3.0.jar:/Users/raliclo/.gradle/caches/modules-2/files-2.1/javax.enterprise/cdi-api/1.1/78b1feee99b05a78575fb2fd79fb77be5e74420d/cdi-api-1.1.jar:/Users/raliclo/.gradle/caches/modules-2/files-2.1/javax.el/el-api/2.2/42971279cc8ba864462580c7fc2199fd5715ee7f/el-api-2.2.jar:/Users/raliclo/.gradle/caches/modules-2/files-2.1/org.jboss.spec.javax.interceptor/jboss-interceptors-api_1.1_spec/1.0.0.Beta1/8cb388fd3b4912373da7a18e199bb55aa52aa5c1/jboss-interceptors-api_1.1_spec-1.0.0.Beta1.jar:/Users/raliclo/.gradle/caches/modules-2/files-2.1/com.thoughtworks.paranamer/paranamer/2.7/3ed64c69e882a324a75e890024c32a28aff0ade8/paranamer-2.7.jar:/Users/raliclo/.gradle/caches/modules-2/files-2.1/it.unimi.dsi/fastutil/6.5.7/dec71174d0c8a20f355e5af8b59f25eb424c49d3/fastutil-6.5.7.jar:/Users/raliclo/.gradle/caches/modules-2/files-2.1/org.scalatest/scalatest_2.11/2.2.6/80cd969b5f678cd90017498d865e63d7f6e79696/scalatest_2.11-2.2.6.jar:/Users/raliclo/.gradle/caches/modules-2/files-2.1/org.scala-lang.modules/scala-parser-combinators_2.11/1.0.4/7369d653bcfa95d321994660477a4d7e81d7f490/scala-parser-combinators_2.11-1.0.4.jar:/Users/raliclo/.gradle/caches/modules-2/files-2.1/net.sf.jopt-simple/jopt-simple/4.9/ee9e9eaa0a35360dcfeac129ff4923215fd65904/jopt-simple-4.9.jar:/Users/raliclo/.gradle/caches/modules-2/files-2.1/com.google.protobuf/protobuf-java/3.0.0-beta-1/ac43bb808c3d6c735d0d4b4ce3c91d414ee0c7d8/protobuf-java-3.0.0-beta-1.jar:/Users/raliclo/.gradle/caches/modules-2/files-2.1/org.springframework/spring-tx/4.3.2.RELEASE/dd75075485ddebb1f912102527ff91c4bfbae903/spring-tx-4.3.2.RELEASE.jar:/Users/raliclo/.gradle/caches/modules-2/files-2.1/org.apache.commons/commons-lang3/3.4/5fe28b9518e58819180a43a850fbc0dd24b7c050/commons-lang3-3.4.jar:/Users/raliclo/.gradle/caches/modules-2/files-2.1/org.apache.httpcomponents/httpmime/4.5.2/22b4c53dd9b6761024258de8f9240c3dce6ea368/httpmime-4.5.2.jar:/Users/raliclo/.gradle/caches/modules-2/files-2.1/xerces/xercesImpl/2.11.0/9bb329db1cfc4e22462c9d6b43a8432f5850e92c/xercesImpl-2.11.0.jar:/Users/raliclo/.gradle/caches/modules-2/files-2.1/xml-apis/xml-apis/1.4.01/3789d9fada2d3d458c4ba2de349d48780f381ee3/xml-apis-1.4.01.jar:/Users/raliclo/.gradle/caches/modules-2/files-2.1/org.junit.platform/junit-platform-launcher/1.0.0-M2/2c7f203cd470023891184a6e52d9562c9cc729bc/junit-platform-launcher-1.0.0-M2.jar:/Users/raliclo/.gradle/caches/modules-2/files-2.1/org.junit.platform/junit-platform-console/1.0.0-M2/e5976edd133c6966f56471d37bf89f86f86df62c/junit-platform-console-1.0.0-M2.jar:/Users/raliclo/.gradle/caches/modules-2/files-2.1/net.sf.jopt-simple/jopt-simple/5.0.2/98cafc6081d5632b61be2c9e60650b64ddbc637c/jopt-simple-5.0.2.jar"/>
<property name="java.class.version" value="52.0"/>
<property name="java.endorsed.dirs" value="/Library/Java/JavaVirtualMachines/jdk1.8.0_92.jdk/Contents/Home/jre/lib/endorsed"/>
<property name="java.ext.dirs" value="/Users/raliclo/Library/Java/Extensions:/Library/Java/JavaVirtualMachines/jdk1.8.0_92.jdk/Contents/Home/jre/lib/ext:/Library/Java/Extensions:/Network/Library/Java/Extensions:/System/Library/Java/Extensions:/usr/lib/java"/>
<property name="java.home" value="/Library/Java/JavaVirtualMachines/jdk1.8.0_92.jdk/Contents/Home/jre"/>
<property name="java.io.tmpdir" value="/var/folders/d6/lnrxqp194zn2c1g3_02j1pdh0000gn/T/"/>
<property name="java.library.path" value="/Users/raliclo/Library/Java/Extensions:/Library/Java/Extensions:/Network/Library/Java/Extensions:/System/Library/Java/Extensions:/usr/lib/java:."/>
<property name="java.runtime.name" value="Java(TM) SE Runtime Environment"/>
<property name="java.runtime.version" value="1.8.0_92-b14"/>
<property name="java.specification.name" value="Java Platform API Specification"/>
<property name="java.specification.vendor" value="Oracle Corporation"/>
<property name="java.specification.version" value="1.8"/>
<property name="java.util.logging.manager" value="org.apache.logging.log4j.jul.LogManager"/>
<property name="java.vendor" value="Oracle Corporation"/>
<property name="java.vendor.url" value="http://java.oracle.com/"/>
<property name="java.vendor.url.bug" value="http://bugreport.sun.com/bugreport/"/>
<property name="java.version" value="1.8.0_92"/>
<property name="java.vm.info" value="mixed mode"/>
<property name="java.vm.name" value="Java HotSpot(TM) 64-Bit Server VM"/>
<property name="java.vm.specification.name" value="Java Virtual Machine Specification"/>
<property name="java.vm.specification.vendor" value="Oracle Corporation"/>
<property name="java.vm.specification.version" value="1.8"/>
<property name="java.vm.vendor" value="Oracle Corporation"/>
<property name="java.vm.version" value="25.92-b14"/>
<property name="line.separator" value="&#xa;"/>
<property name="os.arch" value="x86_64"/>
<property name="os.name" value="Mac OS X"/>
<property name="os.version" value="10.11.6"/>
<property name="path.separator" value=":"/>
<property name="socksNonProxyHosts" value="local|*.local|169.254/16|*.169.254/16"/>
<property name="sun.arch.data.model" value="64"/>
<property name="sun.boot.class.path" value="/Library/Java/JavaVirtualMachines/jdk1.8.0_92.jdk/Contents/Home/jre/lib/resources.jar:/Library/Java/JavaVirtualMachines/jdk1.8.0_92.jdk/Contents/Home/jre/lib/rt.jar:/Library/Java/JavaVirtualMachines/jdk1.8.0_92.jdk/Contents/Home/jre/lib/sunrsasign.jar:/Library/Java/JavaVirtualMachines/jdk1.8.0_92.jdk/Contents/Home/jre/lib/jsse.jar:/Library/Java/JavaVirtualMachines/jdk1.8.0_92.jdk/Contents/Home/jre/lib/jce.jar:/Library/Java/JavaVirtualMachines/jdk1.8.0_92.jdk/Contents/Home/jre/lib/charsets.jar:/Library/Java/JavaVirtualMachines/jdk1.8.0_92.jdk/Contents/Home/jre/lib/jfr.jar:/Library/Java/JavaVirtualMachines/jdk1.8.0_92.jdk/Contents/Home/jre/classes"/>
<property name="sun.boot.library.path" value="/Library/Java/JavaVirtualMachines/jdk1.8.0_92.jdk/Contents/Home/jre/lib"/>
<property name="sun.cpu.endian" value="little"/>
<property name="sun.cpu.isalist" value=""/>
<property name="sun.io.unicode.encoding" value="UnicodeBig"/>
<property name="sun.java.command" value="org.junit.platform.console.ConsoleLauncher --hide-details --all -n .*Test -e junit-jupiter -e junit-vintage -r /Users/raliclo/work/@Netbeans/HackerRank_Practices/TestNG-1/build/test-results/junit-platform /Users/raliclo/work/@Netbeans/HackerRank_Practices/TestNG-1/build/classes/main /Users/raliclo/work/@Netbeans/HackerRank_Practices/TestNG-1/build/resources/main /Users/raliclo/work/@Netbeans/HackerRank_Practices/TestNG-1/build/classes/test /Users/raliclo/work/@Netbeans/HackerRank_Practices/TestNG-1/build/resources/test"/>
<property name="sun.java.launcher" value="SUN_STANDARD"/>
<property name="sun.jnu.encoding" value="UTF-8"/>
<property name="sun.management.compiler" value="HotSpot 64-Bit Tiered Compilers"/>
<property name="sun.os.patch.level" value="unknown"/>
<property name="user.country" value="US"/>
<property name="user.dir" value="/Users/raliclo/work/@Netbeans/HackerRank_Practices/TestNG-1"/>
<property name="user.home" value="/Users/raliclo"/>
<property name="user.language" value="en"/>
<property name="user.name" value="raliclo"/>
<property name="user.timezone" value="America/Los_Angeles"/>
<property name="user.variant" value=""/>
</properties>
<testcase name="myFirstTest()" classname="Java8_Tests.ClassTest.Junit5_JupiterTest" time="0.013">
<system-out><![CDATA[
unique-id: [engine:junit-jupiter]/[class:Java8_Tests.ClassTest.Junit5_JupiterTest]/[method:myFirstTest()]
display-name: myFirstTest()
]]></system-out>
</testcase>
<system-out><![CDATA[
unique-id: [engine:junit-jupiter]
display-name: JUnit Jupiter
]]></system-out>
</testsuite>
