<?xml version="1.0" encoding="UTF-8"?>
<!-- Generated by org.testng.reporters.JUnitReportReporter -->
<testsuite hostname="tastypotinc.private" name="ScalaTest.ShouldBeTest" tests="4" failures="0" timestamp="11 Sep 2016 00:50:29 GMT" time="0.098" errors="0">
  <testcase name="verifyException" time="0.011" classname="ScalaTest.ShouldBeTest"/>
  <testcase name="verifyEasy" time="0.045" classname="ScalaTest.ShouldBeTest"/>
  <testcase name="verifyShould" time="0.013" classname="ScalaTest.ShouldBeTest"/>
  <testcase name="verifyFun" time="0.029" classname="ScalaTest.ShouldBeTest"/>
</testsuite> <!-- ScalaTest.ShouldBeTest -->
