<?xml version="1.0" encoding="UTF-8"?>
<!-- Generated by org.testng.reporters.JUnitReportReporter -->
<testsuite hostname="tastypotinc.private" name="ScalaTest.SimpleTest" tests="4" failures="0" timestamp="11 Sep 2016 00:50:29 GMT" time="0.082" errors="0">
  <testcase name="verifyShould" time="0.028" classname="ScalaTest.SimpleTest"/>
  <testcase name="verifyException" time="0.022" classname="ScalaTest.SimpleTest"/>
  <testcase name="verifyEasy" time="0.027" classname="ScalaTest.SimpleTest"/>
  <testcase name="verifyFun" time="0.005" classname="ScalaTest.SimpleTest"/>
</testsuite> <!-- ScalaTest.SimpleTest -->
