<?xml version="1.0" encoding="UTF-8"?>
<!-- Generated by org.testng.reporters.JUnitReportReporter -->
<testsuite hostname="tastypotinc.private" name="ScalaTest.SimpleTest" tests="4" failures="0"
           timestamp="9 Sep 2016 18:08:40 GMT" time="0.034" errors="0">
    <testcase name="verifyEasy" time="0.022" classname="ScalaTest.SimpleTest"/>
    <testcase name="verifyShould" time="0.002" classname="ScalaTest.SimpleTest"/>
    <testcase name="verifyException" time="0.004" classname="ScalaTest.SimpleTest"/>
    <testcase name="verifyFun" time="0.006" classname="ScalaTest.SimpleTest"/>
</testsuite> <!-- ScalaTest.SimpleTest -->
