<?xml version="1.0" encoding="UTF-8"?>
<!-- Generated by org.testng.reporters.JUnitReportReporter -->
<testsuite hostname="tastypotinc.private" name="ScalaTest.ShouldBeTest" tests="4" failures="0"
           timestamp="9 Sep 2016 18:08:40 GMT" time="0.048" errors="0">
    <testcase name="verifyException" time="0.008" classname="ScalaTest.ShouldBeTest"/>
    <testcase name="verifyEasy" time="0.011" classname="ScalaTest.ShouldBeTest"/>
    <testcase name="verifyShould" time="0.007" classname="ScalaTest.ShouldBeTest"/>
    <testcase name="verifyFun" time="0.022" classname="ScalaTest.ShouldBeTest"/>
</testsuite> <!-- ScalaTest.ShouldBeTest -->
