<?xml version="1.0" encoding="UTF-8"?>
<testsuite name="advanced_Selenium.phantomjsTest" tests="1" skipped="0" failures="0" errors="0" timestamp="2016-12-08T09:00:51" hostname="tastypotinc.private" time="20.063">
  <properties/>
  <testcase name="testPhantomJSDriver" classname="advanced_Selenium.phantomjsTest" time="20.063"/>
  <system-out><![CDATA[01:00:58.930 [Forwarding newSession on session null to remote] DEBUG org.apache.http.client.protocol.RequestAddCookies - CookieSpec selected: default
01:00:59.287 [Forwarding newSession on session null to remote] DEBUG org.apache.http.client.protocol.RequestAuthCache - Auth cache not set in the context
01:00:59.304 [Forwarding newSession on session null to remote] DEBUG org.apache.http.impl.conn.PoolingHttpClientConnectionManager - Connection request: [route: {}->http://localhost:23446][total kept alive: 0; route allocated: 0 of 2000; total allocated: 0 of 2000]
01:00:59.731 [Forwarding newSession on session null to remote] DEBUG org.apache.http.impl.conn.PoolingHttpClientConnectionManager - Connection leased: [id: 0][route: {}->http://localhost:23446][total kept alive: 0; route allocated: 1 of 2000; total allocated: 1 of 2000]
01:00:59.768 [Forwarding newSession on session null to remote] DEBUG org.apache.http.impl.execchain.MainClientExec - Opening connection {}->http://localhost:23446
01:00:59.785 [Forwarding newSession on session null to remote] DEBUG org.apache.http.impl.conn.DefaultHttpClientConnectionOperator - Connecting to localhost/127.0.0.1:23446
01:00:59.804 [Forwarding newSession on session null to remote] DEBUG org.apache.http.impl.conn.DefaultHttpClientConnectionOperator - Connection established 127.0.0.1:50719<->127.0.0.1:23446
01:00:59.804 [Forwarding newSession on session null to remote] DEBUG org.apache.http.impl.conn.DefaultManagedHttpClientConnection - http-outgoing-0: set socket timeout to 10800000
01:00:59.804 [Forwarding newSession on session null to remote] DEBUG org.apache.http.impl.execchain.MainClientExec - Executing request POST /session HTTP/1.1
01:00:59.805 [Forwarding newSession on session null to remote] DEBUG org.apache.http.impl.execchain.MainClientExec - Target auth state: UNCHALLENGED
01:00:59.826 [Forwarding newSession on session null to remote] DEBUG org.apache.http.impl.execchain.MainClientExec - Proxy auth state: UNCHALLENGED
01:00:59.859 [Forwarding newSession on session null to remote] DEBUG org.apache.http.headers - http-outgoing-0 >> POST /session HTTP/1.1
01:00:59.862 [Forwarding newSession on session null to remote] DEBUG org.apache.http.headers - http-outgoing-0 >> Content-Type: application/json; charset=utf-8
01:00:59.862 [Forwarding newSession on session null to remote] DEBUG org.apache.http.headers - http-outgoing-0 >> Content-Length: 234
01:00:59.862 [Forwarding newSession on session null to remote] DEBUG org.apache.http.headers - http-outgoing-0 >> Host: localhost:23446
01:00:59.862 [Forwarding newSession on session null to remote] DEBUG org.apache.http.headers - http-outgoing-0 >> Connection: Keep-Alive
01:00:59.862 [Forwarding newSession on session null to remote] DEBUG org.apache.http.headers - http-outgoing-0 >> User-Agent: Apache-HttpClient/4.5.2 (Java/1.8.0_101)
01:00:59.863 [Forwarding newSession on session null to remote] DEBUG org.apache.http.headers - http-outgoing-0 >> Accept-Encoding: gzip,deflate
01:00:59.863 [Forwarding newSession on session null to remote] DEBUG org.apache.http.wire - http-outgoing-0 >> "POST /session HTTP/1.1[\r][\n]"
01:00:59.863 [Forwarding newSession on session null to remote] DEBUG org.apache.http.wire - http-outgoing-0 >> "Content-Type: application/json; charset=utf-8[\r][\n]"
01:00:59.864 [Forwarding newSession on session null to remote] DEBUG org.apache.http.wire - http-outgoing-0 >> "Content-Length: 234[\r][\n]"
01:00:59.865 [Forwarding newSession on session null to remote] DEBUG org.apache.http.wire - http-outgoing-0 >> "Host: localhost:23446[\r][\n]"
01:00:59.866 [Forwarding newSession on session null to remote] DEBUG org.apache.http.wire - http-outgoing-0 >> "Connection: Keep-Alive[\r][\n]"
01:00:59.866 [Forwarding newSession on session null to remote] DEBUG org.apache.http.wire - http-outgoing-0 >> "User-Agent: Apache-HttpClient/4.5.2 (Java/1.8.0_101)[\r][\n]"
01:00:59.866 [Forwarding newSession on session null to remote] DEBUG org.apache.http.wire - http-outgoing-0 >> "Accept-Encoding: gzip,deflate[\r][\n]"
01:00:59.866 [Forwarding newSession on session null to remote] DEBUG org.apache.http.wire - http-outgoing-0 >> "[\r][\n]"
01:00:59.867 [Forwarding newSession on session null to remote] DEBUG org.apache.http.wire - http-outgoing-0 >> "{"capabilities":{"desiredCapabilities":{"browserName":"phantomjs","version":"","platform":"ANY"},"requiredCapabilities":null},"desiredCapabilities":{"browserName":"phantomjs","version":"","platform":"ANY"},"requiredCapabilities":null}"
01:00:59.878 [Forwarding newSession on session null to remote] DEBUG org.apache.http.wire - http-outgoing-0 << "HTTP/1.1 200 OK[\r][\n]"
01:00:59.942 [Forwarding newSession on session null to remote] DEBUG org.apache.http.wire - http-outgoing-0 << "Cache: no-cache[\r][\n]"
01:00:59.944 [Forwarding newSession on session null to remote] DEBUG org.apache.http.wire - http-outgoing-0 << "Content-Length: 534[\r][\n]"
01:00:59.944 [Forwarding newSession on session null to remote] DEBUG org.apache.http.wire - http-outgoing-0 << "Content-Type: application/json;charset=UTF-8[\r][\n]"
01:00:59.944 [Forwarding newSession on session null to remote] DEBUG org.apache.http.wire - http-outgoing-0 << "[\r][\n]"
01:00:59.945 [Forwarding newSession on session null to remote] DEBUG org.apache.http.wire - http-outgoing-0 << "{"sessionId":"d6a0bef0-bd24-11e6-8678-ab184a9d7075","status":0,"value":{"browserName":"phantomjs","version":"2.1.1","driverName":"ghostdriver","driverVersion":"1.2.0","platform":"mac-unknown-64bit","javascriptEnabled":true,"takesScreenshot":true,"handlesAlerts":false,"databaseEnabled":false,"locationContextEnabled":false,"applicationCacheEnabled":false,"browserConnectionEnabled":false,"cssSelectorsEnabled":true,"webStorageEnabled":false,"rotatable":false,"acceptSslCerts":false,"nativeEvents":true,"proxy":{"proxyType":"direct"}}}"
01:00:59.967 [Forwarding newSession on session null to remote] DEBUG org.apache.http.headers - http-outgoing-0 << HTTP/1.1 200 OK
01:00:59.968 [Forwarding newSession on session null to remote] DEBUG org.apache.http.headers - http-outgoing-0 << Cache: no-cache
01:00:59.968 [Forwarding newSession on session null to remote] DEBUG org.apache.http.headers - http-outgoing-0 << Content-Length: 534
01:00:59.968 [Forwarding newSession on session null to remote] DEBUG org.apache.http.headers - http-outgoing-0 << Content-Type: application/json;charset=UTF-8
01:01:00.154 [Forwarding newSession on session null to remote] DEBUG org.apache.http.impl.execchain.MainClientExec - Connection can be kept alive indefinitely
01:01:00.246 [Forwarding newSession on session null to remote] DEBUG org.apache.http.impl.conn.PoolingHttpClientConnectionManager - Connection [id: 0][route: {}->http://localhost:23446] can be kept alive indefinitely
01:01:00.246 [Forwarding newSession on session null to remote] DEBUG org.apache.http.impl.conn.PoolingHttpClientConnectionManager - Connection released: [id: 0][route: {}->http://localhost:23446][total kept alive: 1; route allocated: 1 of 2000; total allocated: 1 of 2000]
01:01:00.268 [Forwarding get on session d6a0bef0-bd24-11e6-8678-ab184a9d7075 to remote] DEBUG org.apache.http.client.protocol.RequestAddCookies - CookieSpec selected: default
01:01:00.268 [Forwarding get on session d6a0bef0-bd24-11e6-8678-ab184a9d7075 to remote] DEBUG org.apache.http.client.protocol.RequestAuthCache - Auth cache not set in the context
01:01:00.268 [Forwarding get on session d6a0bef0-bd24-11e6-8678-ab184a9d7075 to remote] DEBUG org.apache.http.impl.conn.PoolingHttpClientConnectionManager - Connection request: [route: {}->http://localhost:23446][total kept alive: 1; route allocated: 1 of 2000; total allocated: 1 of 2000]
01:01:00.269 [Forwarding get on session d6a0bef0-bd24-11e6-8678-ab184a9d7075 to remote] DEBUG org.apache.http.impl.conn.PoolingHttpClientConnectionManager - Connection leased: [id: 0][route: {}->http://localhost:23446][total kept alive: 0; route allocated: 1 of 2000; total allocated: 1 of 2000]
01:01:00.269 [Forwarding get on session d6a0bef0-bd24-11e6-8678-ab184a9d7075 to remote] DEBUG org.apache.http.impl.execchain.MainClientExec - Stale connection check
01:01:00.271 [Forwarding get on session d6a0bef0-bd24-11e6-8678-ab184a9d7075 to remote] DEBUG org.apache.http.wire - http-outgoing-0 << "[read] I/O error: Read timed out"
01:01:00.271 [Forwarding get on session d6a0bef0-bd24-11e6-8678-ab184a9d7075 to remote] DEBUG org.apache.http.impl.conn.DefaultManagedHttpClientConnection - http-outgoing-0: set socket timeout to 10800000
01:01:00.271 [Forwarding get on session d6a0bef0-bd24-11e6-8678-ab184a9d7075 to remote] DEBUG org.apache.http.impl.execchain.MainClientExec - Executing request POST /session/d6a0bef0-bd24-11e6-8678-ab184a9d7075/url HTTP/1.1
01:01:00.271 [Forwarding get on session d6a0bef0-bd24-11e6-8678-ab184a9d7075 to remote] DEBUG org.apache.http.impl.execchain.MainClientExec - Target auth state: UNCHALLENGED
01:01:00.271 [Forwarding get on session d6a0bef0-bd24-11e6-8678-ab184a9d7075 to remote] DEBUG org.apache.http.impl.execchain.MainClientExec - Proxy auth state: UNCHALLENGED
01:01:00.271 [Forwarding get on session d6a0bef0-bd24-11e6-8678-ab184a9d7075 to remote] DEBUG org.apache.http.headers - http-outgoing-0 >> POST /session/d6a0bef0-bd24-11e6-8678-ab184a9d7075/url HTTP/1.1
01:01:00.272 [Forwarding get on session d6a0bef0-bd24-11e6-8678-ab184a9d7075 to remote] DEBUG org.apache.http.headers - http-outgoing-0 >> Content-Type: application/json; charset=utf-8
01:01:00.272 [Forwarding get on session d6a0bef0-bd24-11e6-8678-ab184a9d7075 to remote] DEBUG org.apache.http.headers - http-outgoing-0 >> Content-Length: 32
01:01:00.272 [Forwarding get on session d6a0bef0-bd24-11e6-8678-ab184a9d7075 to remote] DEBUG org.apache.http.headers - http-outgoing-0 >> Host: localhost:23446
01:01:00.272 [Forwarding get on session d6a0bef0-bd24-11e6-8678-ab184a9d7075 to remote] DEBUG org.apache.http.headers - http-outgoing-0 >> Connection: Keep-Alive
01:01:00.272 [Forwarding get on session d6a0bef0-bd24-11e6-8678-ab184a9d7075 to remote] DEBUG org.apache.http.headers - http-outgoing-0 >> User-Agent: Apache-HttpClient/4.5.2 (Java/1.8.0_101)
01:01:00.272 [Forwarding get on session d6a0bef0-bd24-11e6-8678-ab184a9d7075 to remote] DEBUG org.apache.http.headers - http-outgoing-0 >> Accept-Encoding: gzip,deflate
01:01:00.273 [Forwarding get on session d6a0bef0-bd24-11e6-8678-ab184a9d7075 to remote] DEBUG org.apache.http.wire - http-outgoing-0 >> "POST /session/d6a0bef0-bd24-11e6-8678-ab184a9d7075/url HTTP/1.1[\r][\n]"
01:01:00.273 [Forwarding get on session d6a0bef0-bd24-11e6-8678-ab184a9d7075 to remote] DEBUG org.apache.http.wire - http-outgoing-0 >> "Content-Type: application/json; charset=utf-8[\r][\n]"
01:01:00.273 [Forwarding get on session d6a0bef0-bd24-11e6-8678-ab184a9d7075 to remote] DEBUG org.apache.http.wire - http-outgoing-0 >> "Content-Length: 32[\r][\n]"
01:01:00.273 [Forwarding get on session d6a0bef0-bd24-11e6-8678-ab184a9d7075 to remote] DEBUG org.apache.http.wire - http-outgoing-0 >> "Host: localhost:23446[\r][\n]"
01:01:00.273 [Forwarding get on session d6a0bef0-bd24-11e6-8678-ab184a9d7075 to remote] DEBUG org.apache.http.wire - http-outgoing-0 >> "Connection: Keep-Alive[\r][\n]"
01:01:00.273 [Forwarding get on session d6a0bef0-bd24-11e6-8678-ab184a9d7075 to remote] DEBUG org.apache.http.wire - http-outgoing-0 >> "User-Agent: Apache-HttpClient/4.5.2 (Java/1.8.0_101)[\r][\n]"
01:01:00.273 [Forwarding get on session d6a0bef0-bd24-11e6-8678-ab184a9d7075 to remote] DEBUG org.apache.http.wire - http-outgoing-0 >> "Accept-Encoding: gzip,deflate[\r][\n]"
01:01:00.274 [Forwarding get on session d6a0bef0-bd24-11e6-8678-ab184a9d7075 to remote] DEBUG org.apache.http.wire - http-outgoing-0 >> "[\r][\n]"
01:01:00.274 [Forwarding get on session d6a0bef0-bd24-11e6-8678-ab184a9d7075 to remote] DEBUG org.apache.http.wire - http-outgoing-0 >> "{"url":"http://www.nthu.edu.tw"}"
01:01:09.015 [Forwarding get on session d6a0bef0-bd24-11e6-8678-ab184a9d7075 to remote] DEBUG org.apache.http.wire - http-outgoing-0 << "HTTP/1.1 200 OK[\r][\n]"
01:01:09.016 [Forwarding get on session d6a0bef0-bd24-11e6-8678-ab184a9d7075 to remote] DEBUG org.apache.http.wire - http-outgoing-0 << "Cache: no-cache[\r][\n]"
01:01:09.016 [Forwarding get on session d6a0bef0-bd24-11e6-8678-ab184a9d7075 to remote] DEBUG org.apache.http.wire - http-outgoing-0 << "Content-Length: 74[\r][\n]"
01:01:09.016 [Forwarding get on session d6a0bef0-bd24-11e6-8678-ab184a9d7075 to remote] DEBUG org.apache.http.wire - http-outgoing-0 << "Content-Type: application/json;charset=UTF-8[\r][\n]"
01:01:09.016 [Forwarding get on session d6a0bef0-bd24-11e6-8678-ab184a9d7075 to remote] DEBUG org.apache.http.wire - http-outgoing-0 << "[\r][\n]"
01:01:09.016 [Forwarding get on session d6a0bef0-bd24-11e6-8678-ab184a9d7075 to remote] DEBUG org.apache.http.wire - http-outgoing-0 << "{"sessionId":"d6a0bef0-bd24-11e6-8678-ab184a9d7075","status":0,"value":{}}"
01:01:09.016 [Forwarding get on session d6a0bef0-bd24-11e6-8678-ab184a9d7075 to remote] DEBUG org.apache.http.headers - http-outgoing-0 << HTTP/1.1 200 OK
01:01:09.016 [Forwarding get on session d6a0bef0-bd24-11e6-8678-ab184a9d7075 to remote] DEBUG org.apache.http.headers - http-outgoing-0 << Cache: no-cache
01:01:09.016 [Forwarding get on session d6a0bef0-bd24-11e6-8678-ab184a9d7075 to remote] DEBUG org.apache.http.headers - http-outgoing-0 << Content-Length: 74
01:01:09.016 [Forwarding get on session d6a0bef0-bd24-11e6-8678-ab184a9d7075 to remote] DEBUG org.apache.http.headers - http-outgoing-0 << Content-Type: application/json;charset=UTF-8
01:01:09.016 [Forwarding get on session d6a0bef0-bd24-11e6-8678-ab184a9d7075 to remote] DEBUG org.apache.http.impl.execchain.MainClientExec - Connection can be kept alive indefinitely
01:01:09.017 [Forwarding get on session d6a0bef0-bd24-11e6-8678-ab184a9d7075 to remote] DEBUG org.apache.http.impl.conn.PoolingHttpClientConnectionManager - Connection [id: 0][route: {}->http://localhost:23446] can be kept alive indefinitely
01:01:09.017 [Forwarding get on session d6a0bef0-bd24-11e6-8678-ab184a9d7075 to remote] DEBUG org.apache.http.impl.conn.PoolingHttpClientConnectionManager - Connection released: [id: 0][route: {}->http://localhost:23446][total kept alive: 1; route allocated: 1 of 2000; total allocated: 1 of 2000]
01:01:09.033 [Forwarding getPageSource on session d6a0bef0-bd24-11e6-8678-ab184a9d7075 to remote] DEBUG org.apache.http.client.protocol.RequestAddCookies - CookieSpec selected: default
01:01:09.033 [Forwarding getPageSource on session d6a0bef0-bd24-11e6-8678-ab184a9d7075 to remote] DEBUG org.apache.http.client.protocol.RequestAuthCache - Auth cache not set in the context
01:01:09.033 [Forwarding getPageSource on session d6a0bef0-bd24-11e6-8678-ab184a9d7075 to remote] DEBUG org.apache.http.impl.conn.PoolingHttpClientConnectionManager - Connection request: [route: {}->http://localhost:23446][total kept alive: 1; route allocated: 1 of 2000; total allocated: 1 of 2000]
01:01:09.033 [Forwarding getPageSource on session d6a0bef0-bd24-11e6-8678-ab184a9d7075 to remote] DEBUG org.apache.http.impl.conn.PoolingHttpClientConnectionManager - Connection leased: [id: 0][route: {}->http://localhost:23446][total kept alive: 0; route allocated: 1 of 2000; total allocated: 1 of 2000]
01:01:09.033 [Forwarding getPageSource on session d6a0bef0-bd24-11e6-8678-ab184a9d7075 to remote] DEBUG org.apache.http.impl.execchain.MainClientExec - Stale connection check
01:01:09.035 [Forwarding getPageSource on session d6a0bef0-bd24-11e6-8678-ab184a9d7075 to remote] DEBUG org.apache.http.wire - http-outgoing-0 << "[read] I/O error: Read timed out"
01:01:09.035 [Forwarding getPageSource on session d6a0bef0-bd24-11e6-8678-ab184a9d7075 to remote] DEBUG org.apache.http.impl.conn.DefaultManagedHttpClientConnection - http-outgoing-0: set socket timeout to 10800000
01:01:09.036 [Forwarding getPageSource on session d6a0bef0-bd24-11e6-8678-ab184a9d7075 to remote] DEBUG org.apache.http.impl.execchain.MainClientExec - Executing request GET /session/d6a0bef0-bd24-11e6-8678-ab184a9d7075/source HTTP/1.1
01:01:09.036 [Forwarding getPageSource on session d6a0bef0-bd24-11e6-8678-ab184a9d7075 to remote] DEBUG org.apache.http.impl.execchain.MainClientExec - Target auth state: UNCHALLENGED
01:01:09.036 [Forwarding getPageSource on session d6a0bef0-bd24-11e6-8678-ab184a9d7075 to remote] DEBUG org.apache.http.impl.execchain.MainClientExec - Proxy auth state: UNCHALLENGED
01:01:09.036 [Forwarding getPageSource on session d6a0bef0-bd24-11e6-8678-ab184a9d7075 to remote] DEBUG org.apache.http.headers - http-outgoing-0 >> GET /session/d6a0bef0-bd24-11e6-8678-ab184a9d7075/source HTTP/1.1
01:01:09.036 [Forwarding getPageSource on session d6a0bef0-bd24-11e6-8678-ab184a9d7075 to remote] DEBUG org.apache.http.headers - http-outgoing-0 >> Cache-Control: no-cache
01:01:09.036 [Forwarding getPageSource on session d6a0bef0-bd24-11e6-8678-ab184a9d7075 to remote] DEBUG org.apache.http.headers - http-outgoing-0 >> Host: localhost:23446
01:01:09.037 [Forwarding getPageSource on session d6a0bef0-bd24-11e6-8678-ab184a9d7075 to remote] DEBUG org.apache.http.headers - http-outgoing-0 >> Connection: Keep-Alive
01:01:09.037 [Forwarding getPageSource on session d6a0bef0-bd24-11e6-8678-ab184a9d7075 to remote] DEBUG org.apache.http.headers - http-outgoing-0 >> User-Agent: Apache-HttpClient/4.5.2 (Java/1.8.0_101)
01:01:09.037 [Forwarding getPageSource on session d6a0bef0-bd24-11e6-8678-ab184a9d7075 to remote] DEBUG org.apache.http.headers - http-outgoing-0 >> Accept-Encoding: gzip,deflate
01:01:09.037 [Forwarding getPageSource on session d6a0bef0-bd24-11e6-8678-ab184a9d7075 to remote] DEBUG org.apache.http.wire - http-outgoing-0 >> "GET /session/d6a0bef0-bd24-11e6-8678-ab184a9d7075/source HTTP/1.1[\r][\n]"
01:01:09.037 [Forwarding getPageSource on session d6a0bef0-bd24-11e6-8678-ab184a9d7075 to remote] DEBUG org.apache.http.wire - http-outgoing-0 >> "Cache-Control: no-cache[\r][\n]"
01:01:09.037 [Forwarding getPageSource on session d6a0bef0-bd24-11e6-8678-ab184a9d7075 to remote] DEBUG org.apache.http.wire - http-outgoing-0 >> "Host: localhost:23446[\r][\n]"
01:01:09.037 [Forwarding getPageSource on session d6a0bef0-bd24-11e6-8678-ab184a9d7075 to remote] DEBUG org.apache.http.wire - http-outgoing-0 >> "Connection: Keep-Alive[\r][\n]"
01:01:09.037 [Forwarding getPageSource on session d6a0bef0-bd24-11e6-8678-ab184a9d7075 to remote] DEBUG org.apache.http.wire - http-outgoing-0 >> "User-Agent: Apache-HttpClient/4.5.2 (Java/1.8.0_101)[\r][\n]"
01:01:09.038 [Forwarding getPageSource on session d6a0bef0-bd24-11e6-8678-ab184a9d7075 to remote] DEBUG org.apache.http.wire - http-outgoing-0 >> "Accept-Encoding: gzip,deflate[\r][\n]"
01:01:09.038 [Forwarding getPageSource on session d6a0bef0-bd24-11e6-8678-ab184a9d7075 to remote] DEBUG org.apache.http.wire - http-outgoing-0 >> "[\r][\n]"
01:01:09.052 [Forwarding getPageSource on session d6a0bef0-bd24-11e6-8678-ab184a9d7075 to remote] DEBUG org.apache.http.wire - http-outgoing-0 << "HTTP/1.1 200 OK[\r][\n]"
01:01:09.053 [Forwarding getPageSource on session d6a0bef0-bd24-11e6-8678-ab184a9d7075 to remote] DEBUG org.apache.http.wire - http-outgoing-0 << "Cache: no-cache[\r][\n]"
01:01:09.053 [Forwarding getPageSource on session d6a0bef0-bd24-11e6-8678-ab184a9d7075 to remote] DEBUG org.apache.http.wire - http-outgoing-0 << "Content-Length: 44939[\r][\n]"
01:01:09.053 [Forwarding getPageSource on session d6a0bef0-bd24-11e6-8678-ab184a9d7075 to remote] DEBUG org.apache.http.wire - http-outgoing-0 << "Content-Type: application/json;charset=UTF-8[\r][\n]"
01:01:09.053 [Forwarding getPageSource on session d6a0bef0-bd24-11e6-8678-ab184a9d7075 to remote] DEBUG org.apache.http.wire - http-outgoing-0 << "[\r][\n]"
01:01:09.055 [Forwarding getPageSource on session d6a0bef0-bd24-11e6-8678-ab184a9d7075 to remote] DEBUG org.apache.http.wire - http-outgoing-0 << "{"sessionId":"d6a0bef0-bd24-11e6-8678-ab184a9d7075","status":0,"value":"<!DOCTYPE html><html class=\" js csstransitions\"><head>\n        <meta charset=\"utf-8\">\n        <title>[0xe5][0x9c][0x8b][0xe7][0xab][0x8b][0xe6][0xb8][0x85][0xe8][0x8f][0xaf][0xe5][0xa4][0xa7][0xe5][0xad][0xb8]</title>\n\n        <meta property=\"og:title\" content=\"[0xe5][0x9c][0x8b][0xe7][0xab][0x8b][0xe6][0xb8][0x85][0xe8][0x8f][0xaf][0xe5][0xa4][0xa7][0xe5][0xad][0xb8]\">\n        <meta property=\"og:url\" content=\"http://www.nthu.edu.tw/\">\n        <meta property=\"og:description\" content=\"[0xe5][0x9c][0x8b][0xe7][0xab][0x8b][0xe6][0xb8][0x85][0xe8][0x8f][0xaf][0xe5][0xa4][0xa7][0xe5][0xad][0xb8]-1909[0xe5][0xb9][0xb4][0xe4][0xbb][0xa5][0xe7][0xbe][0x8e][0xe5][0x9c][0x8b][0xe9][0x80][0x80][0xe9][0x82][0x84][0xe5][0xba][0x9a][0xe5][0xad][0x90][0xe8][0xb3][0xa0][0xe6][0xac][0xbe][0xef][0xbc][0x8c][0xe6][0x88][0x90][0xe7][0xab][0x8b][0xe6][0xb8][0xb8][0xe7][0xbe][0x8e][0xe5][0xad][0xb8][0xe5][0x8b][0x99][0xe8][0x99][0x95][0xe9][0x81][0xb8][0xe6][0xb4][0xbe][0xe5][0xad][0xb8][0xe7][0x94][0x9f][0xe7][0x95][0x99][0xe7][0xbe][0x8e][0xe3][0x80][0x82]1911[0xe5][0xb9][0xb4][0xe8][0xa8][0xad][0xe6][0xa0][0xa1][0xe7][0xa8][0xb1][0xe6][0xb8][0x85][0xe8][0x8f][0xaf][0xe5][0xad][0xb8][0xe5][0xa0][0x82][0xe3][0x80][0x82][0xe5][0xb9][0xbe][0xe7][0xb6][0x93][0xe6][0x88][0xb0][0xe4][0xba][0x82][0xef][0xbc][0x8c]1955[0xe5][0xb9][0xb4][0xe5][0xbe][0xa9][0xe6][0xa0][0xa1][0xe6][0x96][0xbc][0xe6][0x96][0xb0][0xe7][0xab][0xb9][0xe3][0x80][0x82][0xe6][0xb8][0x85][0xe8][0x8f][0xaf][0xe5][0xa4][0xa7][0xe5][0xad][0xb8][0xe5][0xbe][0xa9][0xe6][0xa0][0xa1][0xe5][0x88][0x9d][0xe6][0x9c][0x9f][0xe9][0x87][0x8d][0xe9][0xbb][0x9e][0xe7][0x82][0xba][0xe5][0x8e][0x9f][0xe5][0xad][0x90][0xe7][0xa7][0x91][0xe5][0xad][0xb8][0xef][0xbc][0x8c][0xe5][0x85][0xb6][0xe5][0xbe][0x8c][0xe5][0x89][0x87][0xe6][0x93][0xb4][0xe5][0xb1][0x95][0xe8][0x87][0xb3][0xe7][0x90][0x86][0xe5][0xb7][0xa5][0xe6][0x96][0xb9][0xe9][0x9d][0xa2][0xef][0xbc][0x8c][0xe8][0xbf][0x91][0xe5][0x8d][0x81][0xe5][0xb9][0xbe][0xe5][0xb9][0xb4][0xe4][0xbe][0x86][0xe6][0x9b][0xb4][0xe7][0xa9][0x8d][0xe6][0xa5][0xb5][0xe7][0x99][0xbc][0xe5][0xb1][0x95][0xe4][0xba][0xba][0xe6][0x96][0x87][0xe7][0xa4][0xbe][0xe6][0x9c][0x83][0xe3][0x80][0x81][0xe7][0x94][0x9f][0xe5][0x91][0xbd][0xe7][0xa7][0x91][0xe5][0xad][0xb8][0xe3][0x80][0x81][0xe9][0x9b][0xbb][0xe6][0xa9][0x9f][0xe8][0xb3][0x87][0xe8][0xa8][0x8a][0xe8][0x88][0x87][0xe7][0xa7][0x91][0xe6][0x8a][0x80][0xe7][0xae][0xa1][0xe7][0x90][0x86][0xef][0xbc][0x9b][0xe6][0xbc][0xb8][0xe6][0xbc][0xb8][0xe5][0x9c][0xb0][0xef][0xbc][0x8c][0xe6][0xb8][0x85][0xe8][0x8f][0xaf][0xe5][0xb7][0xb2][0xe6][0x88][0x90][0xe7][0x82][0xba][0xe4][0xb8][0x80][0xe6][0x96][0x87][0xe3][0x80][0x81][0xe7][0x90][0x86][0xe3][0x80][0x81][0xe5][0xb7][0xa5][0xe5][0x9d][0x87][0xe8][0xa1][0xa1][0xe7][0x99][0xbc][0xe5][0xb1][0x95][0xe7][0x9a][0x84][0xe5][0xad][0xb8][0xe5][0xba][0x9c][0xe3][0x80][0x82][0xe7][0xa7][0x89][0xe6][0x8c][0x81][0xe3][0x80][0x8c][0xe8][0x87][0xaa][0xe5][0xbc][0xb7][0xe4][0xb8][0x8d][0xe6][0x81][0xaf][0xef][0xbc][0x8c][0xe5][0x8e][0x9a][0xe5][0xbe][0xb7][0xe8][0xbc][0x89][0xe7][0x89][0xa9][0xe3][0x80][0x8d][0xe6][0xa0][0xa1][0xe8][0xa8][0x93][0xef][0xbc][0x8c][0xe8][0x87][0xb4][0xe5][0x8a][0x9b][0xe5][0x9f][0xb9][0xe8][0x82][0xb2][0xe5][0xbe][0xb7][0xe3][0x80][0x81][0xe6][0x99][0xba][0xe3][0x80][0x81][0xe9][0xab][0x94][0xe3][0x80][0x81][0xe7][0xbe][0xa4][0xe3][0x80][0x81][0xe7][0xbe][0x8e][0xe4][0xba][0x94][0xe8][0x82][0xb2][0xe5][0x85][0xbc][0xe5][0x84][0xaa][0xef][0xbc][0x8c][0xe5][0x85][0xbc][0xe5][0x85][0xb7][0xe7][0xa7][0x91][0xe5][0xad][0xb8][0xe8][0x88][0x87][0xe4][0xba][0xba][0xe6][0x96][0x87][0xe7][0xb4][0xa0][0xe9][0xa4][0x8a][0xe7][0x9a][0x84][0xe9][0xa0][0x98][0xe5][0xb0][0x8e][0xe8][0x80][0x85][0xe5][0x92][0x8c][0xe7][0xa4][0xbe][0xe6][0x9c][0x83][0xe5][0x85][0xac][0xe6][0xb0][0x91][0xe3][0x80][0x82]\">\n        <meta property=\"og:image\" content=\"http://www.nthu.edu.tw/_img/NTHU-logo.png\">\n        <meta name=\"keywords\" content=\"National Tsing Hua University,[0xe5][0x9c][0x8b][0xe7][0xab][0x8b][0xe6][0xb8][0x85][0xe8][0x8f][0xaf][0xe5][0xa4][0xa7][0xe5][0xad][0xb8],[0xe6][0xb8][0x85][0xe8][0x8f][0xaf],[0xe6][0xb8][0x85][0xe5][0xa4][0xa7]\">\n        <meta name=\"description\" content=\"[0xe5][0x9c][0x8b][0xe7][0xab][0x8b][0xe6][0xb8][0x85][0xe8][0x8f][0xaf][0xe5][0xa4][0xa7][0xe5][0xad][0xb8]-1909[0xe5][0xb9][0xb4][0xe4][0xbb][0xa5][0xe7][0xbe][0x8e][0xe5][0x9c][0x8b][0xe9][0x80][0x80][0xe9][0x82][0x84][0xe5][0xba][0x9a][0xe5][0xad][0x90][0xe8][0xb3][0xa0][0xe6][0xac][0xbe][0xef][0xbc][0x8c][0xe6][0x88][0x90][0xe7][0xab][0x8b][0xe6][0xb8][0xb8][0xe7][0xbe][0x8e][0xe5][0xad][0xb8][0xe5][0x8b][0x99][0xe8][0x99][0x95][0xe9][0x81][0xb8][0xe6][0xb4][0xbe][0xe5][0xad][0xb8][0xe7][0x94][0x9f][0xe7][0x95][0x99][0xe7][0xbe][0x8e][0xe3][0x80][0x82]1911[0xe5][0xb9][0xb4][0xe8][0xa8][0xad][0xe6][0xa0][0xa1][0xe7][0xa8][0xb1][0xe6][0xb8][0x85][0xe8][0x8f][0xaf][0xe5][0xad][0xb8][0xe5][0xa0][0x82][0xe3][0x80][0x82][0xe5][0xb9][0xbe][0xe7][0xb6][0x93][0xe6][0x88][0xb0][0xe4][0xba][0x82][0xef][0xbc][0x8c]1955[0xe5][0xb9][0xb4][0xe5][0xbe][0xa9][0xe6][0xa0][0xa1][0xe6][0x96][0xbc][0xe6][0x96][0xb0][0xe7][0xab][0xb9][0xe3][0x80][0x82][0xe6][0xb8][0x85][0xe8][0x8f][0xaf][0xe5][0xa4][0xa7][0xe5][0xad][0xb8][0xe5][0xbe][0xa9][0xe6][0xa0][0xa1][0xe5][0x88][0x9d][0xe6][0x9c][0x9f][0xe9][0x87][0x8d][0xe9][0xbb][0x9e][0xe7][0x82][0xba][0xe5][0x8e][0x9f][0xe5][0xad][0x90][0xe7][0xa7][0x91][0xe5][0xad][0xb8][0xef][0xbc][0x8c][0xe5][0x85][0xb6][0xe5][0xbe][0x8c][0xe5][0x89][0x87][0xe6][0x93][0xb4][0xe5][0xb1][0x95][0xe8][0x87][0xb3][0xe7][0x90][0x86][0xe5][0xb7][0xa5][0xe6][0x96][0xb9][0xe9][0x9d][0xa2][0xef][0xbc][0x8c][0xe8][0xbf][0x91][0xe5][0x8d][0x81][0xe5][0xb9][0xbe][0xe5][0xb9][0xb4][0xe4][0xbe][0x86][0xe6][0x9b][0xb4][0xe7][0xa9][0x8d][0xe6][0xa5][0xb5][0xe7][0x99][0xbc][0xe5][0xb1][0x95][0xe4][0xba][0xba][0xe6][0x96][0x87][0xe7][0xa4][0xbe][0xe6][0x9c][0x83][0xe3][0x80][0x81][0xe7][0x94][0x9f][0xe5][0x91][0xbd][0xe7][0xa7][0x91][0xe5][0xad][0xb8][0xe3][0x80][0x81][0xe9][0x9b][0xbb][0xe6][0xa9][0x9f][0xe8][0xb3][0x87][0xe8][0xa8][0x8a][0xe8][0x88][0x87][0xe7][0xa7][0x91][0xe6][0x8a][0x80][0xe7][0xae][0xa1][0xe7][0x90][0x86][0xef][0xbc][0x9b][0xe6][0xbc][0xb8][0xe6][0xbc][0xb8][0xe5][0x9c][0xb0][0xef][0xbc][0x8c][0xe6][0xb8][0x85][0xe8][0x8f][0xaf][0xe5][0xb7][0xb2][0xe6][0x88][0x90][0xe7][0x82][0xba][0xe4][0xb8][0x80][0xe6][0x96][0x87][0xe3][0x80][0x81][0xe7][0x90][0x86][0xe3][0x80][0x81][0xe5][0xb7][0xa5][0xe5][0x9d][0x87][0xe8][0xa1][0xa1][0xe7][0x99][0xbc][0xe5][0xb1][0x95][0xe7][0x9a][0x84][0xe5][0xad][0xb8][0xe5][0xba][0x9c][0xe3][0x80][0x82][0xe7][0xa7][0x89][0xe6][0x8c][0x81][0xe3][0x80][0x8c][0xe8][0x87][0xaa][0xe5][0xbc][0xb7][0xe4][0xb8][0x8d][0xe6][0x81][0xaf][0xef][0xbc][0x8c][0xe5][0x8e][0x9a][0xe5][0xbe][0xb7][0xe8][0xbc][0x89][0xe7][0x89][0xa9][0xe3][0x80][0x8d][0xe6][0xa0][0xa1][0xe8][0xa8][0x93][0xef][0xbc][0x8c][0xe8][0x87][0xb4][0xe5][0x8a][0x9b][0xe5][0x9f][0xb9][0xe8][0x82][0xb2][0xe5][0xbe][0xb7][0xe3][0x80][0x81][0xe6][0x99][0xba][0xe3][0x80][0x81][0xe9][0xab][0x94][0xe3][0x80][0x81][0xe7][0xbe][0xa4][0xe3][0x80][0x81][0xe7][0xbe][0x8e][0xe4][0xba][0x94][0xe8][0x82][0xb2][0xe5][0x85][0xbc][0xe5][0x84][0xaa][0xef][0xbc][0x8c][0xe5][0x85][0xbc][0xe5][0x85][0xb7][0xe7][0xa7][0x91][0xe5][0xad][0xb8][0xe8][0x88][0x87][0xe4][0xba][0xba][0xe6][0x96][0x87][0xe7][0xb4][0xa0][0xe9][0xa4][0x8a][0xe7][0x9a][0x84][0xe9][0xa0][0x98][0xe5][0xb0][0x8e][0xe8][0x80][0x85][0xe5][0x92][0x8c][0xe7][0xa4][0xbe][0xe6][0x9c][0x83][0xe5][0x85][0xac][0xe6][0xb0][0x91][0xe3][0x80][0x82]\">\n\n        <meta name=\"viewport\" content=\"width=device-width, initial-scale=1.0\">\n<meta http-equiv=\"X-UA-Compatible\" content=\"IE=9; IE=8; IE=7\">\n<base href=\"http://www.nthu.edu.tw//public/\">\n<link rel=\"shortcut icon\" type=\"image/x-icon\" href=\"http://www.nthu.edu.tw/favicon-nthu.ico\"> <!--favicon.ico-->\n<link href=\"style/reset.css\" rel=\"stylesheet\" type=\"text/css\">\n<link href=\"style/header.css\" rel=\"stylesheet\" type=\"text/css\">\n<link href=\"style/footer.css\" rel=\"stylesheet\" type=\"text/css\">\n\n<!--js-->\n\n<script src=\"js/jquery-1.8.2.min.js\" type=\"text/javascript\"></script>\n<script src=\"js/CreateHTML5Elements.js\" type=\"text/javascript\"></script>\n<script src=\"js/jquery.easing.1.3.js\" type=\"text/javascript\"></script>\n<script src=\"js/modernizr.custom.js\" type=\"text/javascript\"></script>\n<script src=\"js/jquery-ui-1.10.1.custom.min.js\" type=\"text/javascript\"></script>\n<script src=\"js/custom.js\" type=\"text/javascript\"></script>\n<noscript>[0xe4][0xbb][0xa5][0xe4][0xb8][0x8a][0xe5][0x85][0xad][0xe5][0x80][0x8b]Script[0xe5][0x8a][0x9f][0xe8][0x83][0xbd][0xe6][0x8f][0x90][0xe4][0xbe][0x9b][0xe5][0x9f][0xba][0xe6][0x9c][0xac][0xe9][0x81][0x8b][0xe4][0xbd][0x9c][0xe5][0x8a][0x9f][0xe8][0x83][0xbd][0xef][0xbc][0x8c][0xe8][0x8b][0xa5][0xe6][0x82][0xa8][0xe7][0x9a][0x84][0xe7][0x80][0x8f][0xe8][0xa6][0xbd][0xe5][0x99][0xa8][0xe4][0xb8][0x8d][0xe6][0x94][0xaf][0xe6][0x8f][0xb4][0xe6][0xad][0xa4][0xe9][0xa0][0x85][0xe5][0x8a][0x9f][0xe8][0x83][0xbd][0xef][0xbc][0x8c][0xe4][0xb9][0x9f][0xe4][0xb8][0x8d][0xe5][0xbd][0xb1][0xe9][0x9f][0xbf][0xe4][0xbd][0xa0][0xe9][0x96][0xb1][0xe8][0xae][0x80][0xe6][0x9c][0xac][0xe7][0xb6][0xb2][0xe7][0xab][0x99][0xe8][0xb3][0x87][0xe8][0xa8][0x8a][0xe3][0x80][0x82]</noscript>\n\n<!-- Menu -->\n\n<script src=\"js/jquery.meanmenu.js\"></script>\n<script>\n    jQuery(document).ready(function () {\n        jQuery('nav').meanmenu();\n    });\n</script>\n\n<!-- SEARCH -->\n\n<script type=\"text/javascript\">\n$(document).ready(function(){\n\t// search\n\t$('#searchBtn').click(function () {\n\t\t$('#searchForm').attr('action', '/searchUrl/index');\n\n\t\t$('#searchForm').attr('method', 'get');\n\t\t$('#searchForm').attr('target', '_blank');\n\t\t$('#searchForm').submit();\n\t})\n});\n</script>\n\n<noscript>[0xe6][0x9c][0xac]Script[0xe5][0x8a][0x9f][0xe8][0x83][0xbd][0xe6][0x8f][0x90][0xe4][0xbe][0x9b][0xe9][0x81][0xb8][0xe5][0x96][0xae][0xe5][0x8a][0x9f][0xe8][0x83][0xbd][0xef][0xbc][0x8c][0xe8][0x8b][0xa5][0xe6][0x82][0xa8][0xe7][0x9a][0x84][0xe7][0x80][0x8f][0xe8][0xa6][0xbd][0xe5][0x99][0xa8][0xe4][0xb8][0x8d][0xe6][0x94][0xaf][0xe6][0x8f][0xb4][0xe6][0xad][0xa4][0xe9][0xa0][0x85][0xe5][0x8a][0x9f][0xe8][0x83][0xbd][0xef][0xbc][0x8c][0xe4][0xb9][0x9f][0xe4][0xb8][0x8d][0xe5][0xbd][0xb1][0xe9][0x9f][0xbf][0xe4][0xbd][0xa0][0xe9][0x96][0xb1][0xe8][0xae][0x80][0xe6][0x9c][0xac][0xe7][0xb6][0xb2][0xe7][0xab][0x99][0xe8][0xb3][0x87][0xe8][0xa8][0x8a][0xe3][0x80][0x82]</noscript>\n\n<!--[0xe6][0x94][0xb6][0xe5][0x90][0x88]-->\n<script type=\"text/javascript\">\n    function carrousel_show_cover(id) {\n        $(\"#hide_text_\" + id).slideToggle(100);\n    }\n\n    function carrousel_hide_cover(id) {\n        $(\"#hide_text_\" + id).hide(10);\n    }\n</script>\n\n<script src=\"js/nthu.js\"></script>        <link href=\"style/index.css\" rel=\"stylesheet\" type=\"text/css\">\n\n        <!-- FlexSlider -->\n        <script defer=\"\" src=\"js/jquery.flexslider.js\"></script>\n        <script type=\"text/javascript\">\n            $(window).load(function () {\n                $('.flexslider').flexslider({\n                    animation: \"slide\"\n                });\n            });\n        </script>\n        <noscript>[0xe6][0x9c][0xac]Script[0xe5][0x8a][0x9f][0xe8][0x83][0xbd][0xe6][0x8f][0x90][0xe4][0xbe][0x9b][0xe5][0xbb][0xa3][0xe5][0x91][0x8a][0xe8][0xbc][0xaa][0xe6][0x92][0xad][0xe5][0x8a][0x9f][0xe8][0x83][0xbd][0xef][0xbc][0x8c][0xe8][0x8b][0xa5][0xe6][0x82][0xa8][0xe7][0x9a][0x84][0xe7][0x80][0x8f][0xe8][0xa6][0xbd][0xe5][0x99][0xa8][0xe4][0xb8][0x8d][0xe6][0x94][0xaf][0xe6][0x8f][0xb4][0xe6][0xad][0xa4][0xe9][0xa0][0x85][0xe5][0x8a][0x9f][0xe8][0x83][0xbd][0xef][0xbc][0x8c][0xe4][0xb9][0x9f][0xe4][0xb8][0x8d][0xe5][0xbd][0xb1][0xe9][0x9f][0xbf][0xe4][0xbd][0xa0][0xe9][0x96][0xb1][0xe8][0xae][0x80][0xe6][0x9c][0xac][0xe7][0xb6][0xb2][0xe7][0xab][0x99][0xe8][0xb3][0x87][0xe8][0xa8][0x8a][0xe3][0x80][0x82]</noscript>\n\n        <!-- Flexisel -->\n        <script src=\"js/jquery.flexisel.js\"></script>\n        <noscript>[0xe6][0x9c][0xac]Script[0xe5][0x8a][0x9f][0xe8][0x83][0xbd][0xe6][0x8f][0x90][0xe4][0xbe][0x9b][0xe5][0xb0][0x8f][0xe5][0xbb][0xa3][0xe5][0x91][0x8a][0xe8][0xbc][0xaa][0xe6][0x92][0xad][0xe5][0x8a][0x9f][0xe8][0x83][0xbd][0xef][0xbc][0x8c][0xe8][0x8b][0xa5][0xe6][0x82][0xa8][0xe7][0x9a][0x84][0xe7][0x80][0x8f][0xe8][0xa6][0xbd][0xe5][0x99][0xa8][0xe4][0xb8][0x8d][0xe6][0x94][0xaf][0xe6][0x8f][0xb4][0xe6][0xad][0xa4][0xe9][0xa0][0x85][0xe5][0x8a][0x9f][0xe8][0x83][0xbd][0xef][0xbc][0x8c][0xe4][0xb9][0x9f][0xe4][0xb8][0x8d][0xe5][0xbd][0xb1][0xe9][0x9f][0xbf][0xe4][0xbd][0xa0][0xe9][0x96][0xb1][0xe8][0xae][0x80][0xe6][0x9c][0xac][0xe7][0xb6][0xb2][0xe7][0xab][0x99][0xe8][0xb3][0x87][0xe8][0xa8][0x8a][0xe3][0x80][0x82]</noscript>\n\n    </head>\n\n    <body class=\"mean-container\"><div class=\"mean-bar\"><a href=\"#nav\" class=\"meanmenu-reveal\" style=\"background:;color:;right:0;left:auto;\"><span></span><span></span><span></span></a><nav class=\"mean-nav\">\n\t<ul style=\"display: none;\">\n    \t<li><a href=\"/about\">[0xe8][0xaa][0x8d][0xe8][0xad][0x98][0xe6][0xb8][0x85][0xe8][0x8f][0xaf]</a></li><!--<i class=\"fa fa-angle-down\" aria-hidden=\"true\"></i>-->\n        <li><a href=\"/units/administrative\">[0xe8][0xa1][0x8c][0xe6][0x94][0xbf][0xe5][0x96][0xae][0xe4][0xbd][0x8d]</a></li><!--<i class=\"fa fa-angle-down\" aria-hidden=\"true\"></i>-->\n        <li><a href=\"/units/education\">[0xe6][0x95][0x99][0xe5][0xad][0xb8][0xe5][0x96][0xae][0xe4][0xbd][0x8d]</a></li><!--<i class=\"fa fa-angle-down\" aria-hidden=\"true\"></i>-->\n        <li><a href=\"/units/researchCenter\">[0xe7][0xa0][0x94][0xe7][0xa9][0xb6][0xe4][0xb8][0xad][0xe5][0xbf][0x83]</a></li><!--<i class=\"fa fa-angle-down\" aria-hidden=\"true\"></i>-->\n        <li><a href=\"http://www.lib.nthu.edu.tw/\" target=\"_blank\">[0xe5][0x9c][0x96][0xe6][0x9b][0xb8][0xe9][0xa4][0xa8]</a></li><!--<i class=\"fa fa-angle-down\" aria-hidden=\"true\"></i>-->\n        <li><a href=\"http://www.cc.nthu.edu.tw/bin/home.php\">[0xe8][0xa8][0x88][0xe7][0xae][0x97][0xe6][0xa9][0x9f][0xe8][0x88][0x87][0xe9][0x80][0x9a][0xe8][0xa8][0x8a][0xe4][0xb8][0xad][0xe5][0xbf][0x83]</a></li><!--<i class=\"fa fa-angle-down\" aria-hidden=\"true\"></i>-->\n        <li><a href=\"http://admission.nthu.edu.tw/\">[0xe6][0x8b][0x9b][0xe7][0x94][0x9f][0xe5][0xb0][0x88][0xe5][0x8d][0x80]</a></li>\n        <li><a href=\"https://www.ccxp.nthu.edu.tw/ccxp/INQUIRE/\">[0xe6][0xa0][0xa1][0xe5][0x8b][0x99][0xe8][0xb3][0x87][0xe8][0xa8][0x8a][0xe7][0xb3][0xbb][0xe7][0xb5][0xb1]</a></li>\n        <li class=\"mean-last\"><a href=\"http://www.nhcue.edu.tw\" target=\"_blank\">[0xe5][0x8d][0x97][0xe5][0xa4][0xa7][0xe6][0xa0][0xa1][0xe5][0x8d][0x80]</a></li>\n    </ul>\n</nav></div>\n        <div class=\"weapper\">\n<header>\n\t<div class=\"container\">\n        <div class=\"logo\"><a href=\"/\"><img src=\"images/logo.png\" alt=\"[0xe5][0x9c][0x8b][0xe7][0xab][0x8b][0xe6][0xb8][0x85][0xe8][0x8f][0xaf][0xe5][0xa4][0xa7][0xe5][0xad][0xb8]logo\"></a></div>\n        <div class=\"top\">\n\t\t\n        \t<ul>\n\t\t\t\t<a href=\"/sitemap\" accesskey=\"U\" class=\"tab\" title=\"[0xe4][0xb8][0x8a][0xe6][0x96][0xb9][0xe9][0x81][0xb8][0xe5][0x96][0xae][0xe5][0x8d][0x80]\">:::</a>\n            \t<li>\n                \t<!-- -------------------------- { [0xe6][0x90][0x9c][0xe5][0xb0][0x8b][0xe5][0x8d][0x80] } -------------------------- -->\n                    <form name=\"searchForm\" id=\"searchForm\" method=\"get\" accept-charset=\"utf-8\">\n                        <div class=\"width-25\">\n                        \t<select id=\"type\" name=\"type\">\n                        \t  <option>Web</option>\n                              <option value=\"1\">People</option>\n                              <option value=\"2\">Offices</option>\n                        \t</select>\n                        </div>\n                        <div class=\"width-75 input\">\n                            <input name=\"q\" id=\"q\" type=\"text\" placeholder=\"search\"><input name=\"searchBtn\" id=\"searchBtn\" type=\"button\">\n                        </div>\n                    </form>\n                    <!-- -------------------------- { [0xe6][0x90][0x9c][0xe5][0xb0][0x8b][0xe5][0x8d][0x80] end } -------------------------- -->\n\n                    <div class=\"width-100 pull-right text\">\n                        <a href=\"http://www.nhcue.edu.tw\" target=\"_blank\">[0xe5][0x8d][0x97][0xe5][0xa4][0xa7][0xe6][0xa0][0xa1][0xe5][0x8d][0x80]</a> | \n                        <a href=\"/sitemap\" target=\"_blank\">[0xe7][0xb6][0xb2][0xe7][0xab][0x99][0xe5][0xb0][0x8e][0xe8][0xa6][0xbd]</a> | \n                        <a href=\"http://dgaa.web.nthu.edu.tw/files/11-1074-2942.php\" target=\"_blank\">[0xe8][0xa1][0x8c][0xe4][0xba][0x8b][0xe6][0x9b][0x86]</a> | \n                        <a href=\"http://dud.web.nthu.edu.tw/files/11-1675-9374.php?Lang=zh-tw\" target=\"_blank\">[0xe6][0x8d][0x90][0xe6][0xac][0xbe]</a> | \n                        <a href=\"http://nthu-en.web.nthu.edu.tw/bin/home.php\" target=\"_blank\">English</a>\n                    </div>\n                </li>\n                <li>\n                    <"
01:01:09.064 [Forwarding getPageSource on session d6a0bef0-bd24-11e6-8678-ab184a9d7075 to remote] DEBUG org.apache.http.headers - http-outgoing-0 << HTTP/1.1 200 OK
01:01:09.064 [Forwarding getPageSource on session d6a0bef0-bd24-11e6-8678-ab184a9d7075 to remote] DEBUG org.apache.http.headers - http-outgoing-0 << Cache: no-cache
01:01:09.064 [Forwarding getPageSource on session d6a0bef0-bd24-11e6-8678-ab184a9d7075 to remote] DEBUG org.apache.http.headers - http-outgoing-0 << Content-Length: 44939
01:01:09.064 [Forwarding getPageSource on session d6a0bef0-bd24-11e6-8678-ab184a9d7075 to remote] DEBUG org.apache.http.headers - http-outgoing-0 << Content-Type: application/json;charset=UTF-8
01:01:09.064 [Forwarding getPageSource on session d6a0bef0-bd24-11e6-8678-ab184a9d7075 to remote] DEBUG org.apache.http.impl.execchain.MainClientExec - Connection can be kept alive indefinitely
01:01:09.065 [Forwarding getPageSource on session d6a0bef0-bd24-11e6-8678-ab184a9d7075 to remote] DEBUG org.apache.http.wire - http-outgoing-0 << "a href=\"/entrance/student\" target=\"_blank\">[0xe5][0x9c][0xa8][0xe6][0xa0][0xa1][0xe7][0x94][0x9f]</a> | \n                    <a href=\"http://oga.nthu.edu.tw/\" target=\"_blank\">International Students</a> | \n                    <a href=\"http://gsa.web.nthu.edu.tw/files/11-1146-3222.php\" target=\"_blank\">[0xe5][0x83][0x91] [0xe7][0x94][0x9f]</a> | \n                    <a href=\"http://oga.nthu.edu.tw/cont.php?id=398&amp;m=m141&amp;mm=mm142&amp;tc=8&amp;lang=big5\" target=\"_blank\">[0xe9][0x99][0xb8]  [0xe7][0x94][0x9f]</a><span>|</span>\n                </li>\n\n                <li>\n                    <a href=\"/entrance/teacher\" target=\"_blank\">[0xe6][0x95][0x99][0xe8][0x81][0xb7][0xe5][0x93][0xa1]</a> | \n                    <a href=\"http://alumni.web.nthu.edu.tw/bin/home.php\" target=\"_blank\">[0xe6][0xa0][0xa1][0xe5][0x8f][0x8b]</a> | \n                    <a href=\"http://admission.nthu.edu.tw/\" target=\"_blank\">[0xe6][0x9c][0xaa][0xe4][0xbe][0x86][0xe5][0xad][0xb8][0xe7][0x94][0x9f]</a> | \n                    <a href=\"/entrance/visitor\" target=\"_blank\">[0xe8][0xa8][0xaa] [0xe5][0xae][0xa2]</a> | \n                    <a href=\"http://www1.nthu.edu.tw/\" target=\"_blank\">[0xe8][0x88][0x8a][0xe7][0x89][0x88][0xe9][0xa6][0x96][0xe9][0xa0][0x81]</a>\n                </li>\n\n                <li>\n                    <a href=\"/hotNews\">[0xe9][0xa6][0x96][0xe9][0xa0][0x81][0xe6][0x95][0x85][0xe4][0xba][0x8b]</a> | \n                    <a href=\"/periodical\">[0xe6][0xb8][0x85][0xe8][0x8f][0xaf][0xe7][0xb0][0xa1][0xe8][0xa8][0x8a]</a> | \n                    <a href=\"/newsLetter\">NTHU Newsletter</a>\n                </li>\n\n                \n\n            </ul>\n        </div>\n    </div>\n</header>\n\n<section>\n<div class=\"container\">\n    <div class=\"mean-push\"></div><nav class=\"main_menu\" style=\"display: none;\">\n\t<ul>\n    \t<li><a href=\"/about\">[0xe8][0xaa][0x8d][0xe8][0xad][0x98][0xe6][0xb8][0x85][0xe8][0x8f][0xaf]</a></li><!--<i class=\"fa fa-angle-down\" aria-hidden=\"true\"></i>-->\n        <li><a href=\"/units/administrative\">[0xe8][0xa1][0x8c][0xe6][0x94][0xbf][0xe5][0x96][0xae][0xe4][0xbd][0x8d]</a></li><!--<i class=\"fa fa-angle-down\" aria-hidden=\"true\"></i>-->\n        <li><a href=\"/units/education\">[0xe6][0x95][0x99][0xe5][0xad][0xb8][0xe5][0x96][0xae][0xe4][0xbd][0x8d]</a></li><!--<i class=\"fa fa-angle-down\" aria-hidden=\"true\"></i>-->\n        <li><a href=\"/units/researchCenter\">[0xe7][0xa0][0x94][0xe7][0xa9][0xb6][0xe4][0xb8][0xad][0xe5][0xbf][0x83]</a></li><!--<i class=\"fa fa-angle-down\" aria-hidden=\"true\"></i>-->\n        <li><a href=\"http://www.lib.nthu.edu.tw/\" target=\"_blank\">[0xe5][0x9c][0x96][0xe6][0x9b][0xb8][0xe9][0xa4][0xa8]</a></li><!--<i class=\"fa fa-angle-down\" aria-hidden=\"true\"></i>-->\n        <li><a href=\"http://www.cc.nthu.edu.tw/bin/home.php\">[0xe8][0xa8][0x88][0xe7][0xae][0x97][0xe6][0xa9][0x9f][0xe8][0x88][0x87][0xe9][0x80][0x9a][0xe8][0xa8][0x8a][0xe4][0xb8][0xad][0xe5][0xbf][0x83]</a></li><!--<i class=\"fa fa-angle-down\" aria-hidden=\"true\"></i>-->\n        <li><a href=\"http://admission.nthu.edu.tw/\">[0xe6][0x8b][0x9b][0xe7][0x94][0x9f][0xe5][0xb0][0x88][0xe5][0x8d][0x80]</a></li>\n        <li><a href=\"https://www.ccxp.nthu.edu.tw/ccxp/INQUIRE/\">[0xe6][0xa0][0xa1][0xe5][0x8b][0x99][0xe8][0xb3][0x87][0xe8][0xa8][0x8a][0xe7][0xb3][0xbb][0xe7][0xb5][0xb1]</a></li>\n        <li><a href=\"http://www.nhcue.edu.tw\" target=\"_blank\">[0xe5][0x8d][0x97][0xe5][0xa4][0xa7][0xe6][0xa0][0xa1][0xe5][0x8d][0x80]</a></li>\n    </ul>\n</nav>\n        <a href=\"\" accesskey=\"L\" class=\"tab\" title=\"[0xe4][0xb8][0xad][0xe9][0x96][0x93][0xe5][0x85][0xa7][0xe5][0xae][0xb9][0xe5][0x8d][0x80]\">:::</a>\n\n                    <!-- [0xe9][0xa6][0x96][0xe9][0xa0][0x81][0xe6][0x95][0x85][0xe4][0xba][0x8b] -->\n            <div class=\"slider\">\n                <div class=\"flexslider\">\n                    \n                <div class=\"flex-viewport\" style=\"overflow: hidden; position: relative;\"><ul class=\"slides\" style=\"width: 1000%; -webkit-transition: 0s; transition: 0s; -webkit-transform: translate3d(-380px, 0, 0);\"><li class=\"clone\" aria-hidden=\"true\" style=\"width: 380px; float: left; display: block;\"><a href=\"/hotNews/content/114\"><img src=\"/images/hnMain_148067228090.jpg\" alt=\"[0xe9][0xa0][0x82][0xe5][0xb0][0x96][0xe7][0xa7][0x91][0xe5][0xad][0xb8][0xe5][0xae][0xb6][0xe9][0xbd][0x8a][0xe8][0x81][0x9a][0xe5][0x8f][0xb0][0xe7][0x81][0xa3] [0xe9][0xab][0x98][0xe7][0x86][0xb5][0xe5][0x90][0x88][0xe9][0x87][0x91][0xe7][0xa0][0x94][0xe7][0xa9][0xb6][0xe9][0x82][0x81][0xe5][0x90][0x91][0xe6][0x96][0xb0][0xe7][0xb4][0x80][0xe5][0x85][0x83]\" draggable=\"false\"><div>[0xe9][0xa0][0x82][0xe5][0xb0][0x96][0xe7][0xa7][0x91][0xe5][0xad][0xb8][0xe5][0xae][0xb6][0xe9][0xbd][0x8a][0xe8][0x81][0x9a][0xe5][0x8f][0xb0][0xe7][0x81][0xa3] [0xe9][0xab][0x98][0xe7][0x86][0xb5][0xe5][0x90][0x88][0xe9][0x87][0x91][0xe7][0xa0][0x94][0xe7][0xa9][0xb6][0xe9][0x82][0x81][0xe5][0x90][0x91][0xe6][0x96][0xb0][0xe7][0xb4][0x80][0xe5][0x85][0x83]</div></a></li>\n                                                    <li style=\"width: 380px; float: left; display: block;\" class=\"flex-active-slide\"><a href=\"/hotNews/content/116\"><img src=\"/images/hnMain_148029985673.jpg\" alt=\"[0xe5][0x85][0xa8][0xe6][0xa0][0xa1][0xe9][0x81][0x8b][0xe5][0x8b][0x95][0xe6][0x9c][0x83][0xe8][0x90][0xbd][0xe5][0xb9][0x95] [0xe7][0x94][0xb7][0xe5][0xad][0x90]100[0xe5][0x85][0xac][0xe5][0xb0][0xba][0xe5][0x89][0xb5][0xe6][0xb8][0x85][0xe8][0x8f][0xaf][0xe6][0x96][0xb0][0xe7][0x96][0xbe][0xe9][0x80][0x9f][0xe5][0x82][0xb3][0xe8][0xaa][0xaa]\" draggable=\"false\"><div>[0xe5][0x85][0xa8][0xe6][0xa0][0xa1][0xe9][0x81][0x8b][0xe5][0x8b][0x95][0xe6][0x9c][0x83][0xe8][0x90][0xbd][0xe5][0xb9][0x95] [0xe7][0x94][0xb7][0xe5][0xad][0x90]100[0xe5][0x85][0xac][0xe5][0xb0][0xba][0xe5][0x89][0xb5][0xe6][0xb8][0x85][0xe8][0x8f][0xaf][0xe6][0x96][0xb0][0xe7][0x96][0xbe][0xe9][0x80][0x9f][0xe5][0x82][0xb3][0xe8][0xaa][0xaa]</div></a></li>\n                                                    <li style=\"width: 380px; float: left; display: block;\"><a href=\"/hotNews/content/115\"><img src=\"/images/hnMain_148117961413.jpg\" alt=\"[0xe6][0x9c][0xac][0xe6][0xa0][0xa1]6[0xe4][0xbd][0x8d][0xe6][0x95][0x99][0xe5][0xb8][0xab][0xe7][0x8d][0xb2]105[0xe5][0xb9][0xb4][0xe5][0x90][0xb3][0xe5][0xa4][0xa7][0xe7][0x8c][0xb7][0xe5][0x85][0x88][0xe7][0x94][0x9f][0xe7][0xb4][0x80][0xe5][0xbf][0xb5][0xe7][0x8d][0x8e]\" draggable=\"false\"><div>[0xe6][0x9c][0xac][0xe6][0xa0][0xa1]6[0xe4][0xbd][0x8d][0xe6][0x95][0x99][0xe5][0xb8][0xab][0xe7][0x8d][0xb2]105[0xe5][0xb9][0xb4][0xe5][0x90][0xb3][0xe5][0xa4][0xa7][0xe7][0x8c][0xb7][0xe5][0x85][0x88][0xe7][0x94][0x9f][0xe7][0xb4][0x80][0xe5][0xbf][0xb5][0xe7][0x8d][0x8e]</div></a></li>\n                             "
01:01:09.068 [Forwarding getPageSource on session d6a0bef0-bd24-11e6-8678-ab184a9d7075 to remote] DEBUG org.apache.http.wire - http-outgoing-0 << "                       <li style=\"width: 380px; float: left; display: block;\"><a href=\"/hotNews/content/114\"><img src=\"/images/hnMain_148067228090.jpg\" alt=\"[0xe9][0xa0][0x82][0xe5][0xb0][0x96][0xe7][0xa7][0x91][0xe5][0xad][0xb8][0xe5][0xae][0xb6][0xe9][0xbd][0x8a][0xe8][0x81][0x9a][0xe5][0x8f][0xb0][0xe7][0x81][0xa3] [0xe9][0xab][0x98][0xe7][0x86][0xb5][0xe5][0x90][0x88][0xe9][0x87][0x91][0xe7][0xa0][0x94][0xe7][0xa9][0xb6][0xe9][0x82][0x81][0xe5][0x90][0x91][0xe6][0x96][0xb0][0xe7][0xb4][0x80][0xe5][0x85][0x83]\" draggable=\"false\"><div>[0xe9][0xa0][0x82][0xe5][0xb0][0x96][0xe7][0xa7][0x91][0xe5][0xad][0xb8][0xe5][0xae][0xb6][0xe9][0xbd][0x8a][0xe8][0x81][0x9a][0xe5][0x8f][0xb0][0xe7][0x81][0xa3] [0xe9][0xab][0x98][0xe7][0x86][0xb5][0xe5][0x90][0x88][0xe9][0x87][0x91][0xe7][0xa0][0x94][0xe7][0xa9][0xb6][0xe9][0x82][0x81][0xe5][0x90][0x91][0xe6][0x96][0xb0][0xe7][0xb4][0x80][0xe5][0x85][0x83]</div></a></li>\n                                            <li style=\"width: 380px; float: left; display: block;\" class=\"clone\" aria-hidden=\"true\"><a href=\"/hotNews/content/116\"><img src=\"/images/hnMain_148029985673.jpg\" alt=\"[0xe5][0x85][0xa8][0xe6][0xa0][0xa1][0xe9][0x81][0x8b][0xe5][0x8b][0x95][0xe6][0x9c][0x83][0xe8][0x90][0xbd][0xe5][0xb9][0x95] [0xe7][0x94][0xb7][0xe5][0xad][0x90]100[0xe5][0x85][0xac][0xe5][0xb0][0xba][0xe5][0x89][0xb5][0xe6][0xb8][0x85][0xe8][0x8f][0xaf][0xe6][0x96][0xb0][0xe7][0x96][0xbe][0xe9][0x80][0x9f][0xe5][0x82][0xb3][0xe8][0xaa][0xaa]\" draggable=\"false\"><div>[0xe5][0x85][0xa8][0xe6][0xa0][0xa1][0xe9][0x81][0x8b][0xe5][0x8b][0x95][0xe6][0x9c][0x83][0xe8][0x90][0xbd][0xe5][0xb9][0x95] [0xe7][0x94][0xb7][0xe5][0xad][0x90]100[0xe5][0x85][0xac][0xe5][0xb0][0xba][0xe5][0x89][0xb5][0xe6][0xb8][0x85][0xe8][0x8f][0xaf][0xe6][0x96][0xb0][0xe7][0x96][0xbe][0xe9][0x80][0x9f][0xe5][0x82][0xb3][0xe8][0xaa][0xaa]</div></a></li></ul></div><ol class=\"flex-control-nav flex-control-paging\"><li><a class=\"flex-active\">1</a></li><li><a>2</a></li><li><a>3</a></li></ol><ul class=\"flex-direction-nav\"><li class=\"flex-nav-prev\"><a class=\"flex-prev\" href=\"#\">Previous</a></li><li class=\"flex-nav-next\"><a class=\"flex-next\" href=\"#\">Next</a></li></ul></div>\n            </div>\n            <!-- [0xe9][0xa6][0x96][0xe9][0xa0][0x81][0xe6][0x95][0x85][0xe4][0xba][0x8b] end -->\n        \n        <div class=\"width-100 main\">\n\n            \n                            <!-- [0xe5][0x8d][0x93][0xe8][0xb6][0x8a][0xe7][0x8d][0x8e][0xe9][0xa0][0x85] -->\n                <div>\n                    <h1>[0xe5][0x8d][0x93] [0xe8][0xb6][0x8a] [0xe7][0x8d][0x8e] [0xe9][0xa0][0x85]</h1>\n                    <ul>\n                                                    <li><a href=\"/award/content/107\">[0xe5][0x8c][0x96][0xe5][0xb7][0xa5][0xe7][0xb3][0xbb][0xe9][0x99][0xb3][0xe4][0xbf][0xa1][0xe6][0x96][0x87][0xe6][0x95][0x99][0xe6][0x8e][0x88][0xe6][0xa6][0xae][0xe7][0x8d][0xb2][0xe7][0xbe][0x8e][0xe5][0x9c][0x8b]TMS[0xe5][0xad][0xb8][0xe6][0x9c][0x83][0xef][0xbd][0xa2]2017[0xe5][0xb9][0xb4][0xe5][0x8a][0x9f][0xe8][0x83][0xbd][0xe6][0x80][0xa7][0xe6][0x9d][0x90][0xe6][0x96][0x99][0xe5][0x82][0x91][0xe5][0x87][0xba][0xe7][0xa7][0x91][0xe5][0xad][0xb8][0xe5][0xae][0xb6]/[0xe5][0xb7][0xa5][0xe7][0xa8][0x8b][0xe5][0xb8][0xab][0xe7][0x8d][0x8e][0xef][0xbd][0xa3]</a></li>\n                                                    <li><a href=\"/award/content/106\">[0xe5][0x8c][0x96][0xe5][0xb7][0xa5][0xe7][0xb3][0xbb][0xe9][0xbb][0x83][0xe6][0x8c][0xaf][0xe7][0x85][0x8c][0xe5][0x8a][0xa9][0xe7][0x90][0x86][0xe6][0x95][0x99][0xe6][0x8e][0x88][0xe6][0xa6][0xae][0xe7][0x8d][0xb2]2016[0xe5][0xb9][0xb4][0xe7][0x99][0xbe][0xe5][0xa4][0xa7][0xe7][0xa7][0x91][0xe6][0x8a][0x80][0xe7][0xa0][0x94][0xe7][0x99][0xbc][0xe7][0x8d][0x8e](R&amp;D 100 Awards)</a></li>\n                                                    <li><a href=\"/award/content/105\">[0xe7][0x94][0x9f][0xe7][0xa7][0x91][0xe9][0x99][0xa2][0xe6][0xb1][0x9f][0xe5][0xae][0x89][0xe4][0xb8][0x96][0xe9][0x99][0xa2][0xe9][0x95][0xb7][0xe7][0x95][0xb6][0xe9][0x81][0xb8]TWAS[0xe6][0x96][0xb0][0xe4][0xbb][0xbb][0xe9][0x99][0xa2][0xe5][0xa3][0xab]</a></li>\n                                                    <li><a href=\"/award/content/104\">[0xe5][0x8c][0x96][0xe5][0xad][0xb8][0xe7][0xb3][0xbb][0xe7][0x8e][0x8b][0xe7][0xb4][0xa0][0xe8][0x98][0xad][0xe6][0x95][0x99][0xe6][0x8e][0x88][0xe3][0x80][0x81][0xe7][0x89][0xa9][0xe7][0x90][0x86][0xe7][0xb3][0xbb][0xe9][0x83][0xad][0xe7][0x91][0x9e][0xe5][0xb9][0xb4][0xe6][0x95][0x99][0xe6][0x8e][0x88][0xe5][0x8f][0x8a][0xe9][0x9b][0xbb][0xe6][0xa9][0x9f][0xe7][0xb3][0xbb][0xe5][0xbc][0xb5][0xe6][0xad][0xa3][0xe5][0xb0][0x9a][0xe6][0x95][0x99][0xe6][0x8e][0x88][0xe6][0xa6][0xae][0xe7][0x8d][0xb2][0xe6][0x95][0x99][0xe8][0x82][0xb2][0xe9][0x83][0xa8][0xe7][0xac][0xac]20[0xe5][0xb1][0x86][0xe5][0x9c][0x8b][0xe5][0xae][0xb6][0xe8][0xac][0x9b][0xe5][0xba][0xa7]</a></li>\n                                                    <li><a href=\"/award/content/103\">[0xe7][0x89][0xa9][0xe7][0x90][0x86][0xe7][0xb3][0xbb][0xe5][0xbc][0xb5][0xe6][0x95][0xac][0xe6][0xb0][0x91][0xe6][0x95][0x99][0xe6][0x8e][0x88][0xe3][0x80][0x81][0xe8][0xb3][0x87][0xe5][0xb7][0xa5][0xe7][0xb3][0xbb][0xe8][0xa8][0xb1][0xe5][0x81][0xa5][0xe5][0xb9][0xb3][0xe6][0x95][0x99][0xe6][0x8e][0x88][0xe3][0x80][0x81][0xe8][0xaa][0x9e][0xe8][0xa8][0x80][0xe6][0x89][0x80][0xe6][0xa2][0x85][0xe5][0xbb][0xa3][0xe6][0x95][0x99][0xe6][0x8e][0x88][0xe3][0x80][0x81][0xe7][0xb5][0xb1][0xe8][0xa8][0x88][0xe6][0x89][0x80][0xe6][0x9b][0xbe][0xe5][0x8b][0x9d][0xe6][0xbb][0x84][0xe6][0x95][0x99][0xe6][0x8e][0x88][0xe6][0xa6][0xae][0xe7][0x8d][0xb2][0xe6][0x95][0x99][0xe8][0x82][0xb2][0xe9][0x83][0xa8][0xe7][0xac][0xac]60[0xe5][0xb1][0x86][0xe5][0xad][0xb8][0xe8][0xa1][0x93][0xe7][0x8d][0x8e]</a></li>\n                                                    <li><a href=\"/award/content/102\">[0xe5][0x8c][0x96][0xe5][0xad][0xb8][0xe7][0xb3][0xbb][0xe6][0xb1][0x9f][0xe6][0x98][0x80][0xe7][0xb7][0xaf][0xe5][0x89][0xaf][0xe6][0x95][0x99][0xe6][0x8e][0x88][0xe3][0x80][0x81][0xe9][0x9b][0xbb][0xe6][0xa9][0x9f][0xe7][0xb3][0xbb][0xe7][0xbf][0x81][0xe8][0xa9][0xa0][0xe7][0xa5][0xbf][0xe5][0x89][0xaf][0xe6][0x95][0x99][0xe6][0x8e][0x88][0xe3][0x80][0x81][0xe5][0xb7][0xa5][0xe5][0xb7][0xa5][0xe7][0xb3][0xbb][0xe5][0xbb][0x96][0xe5][0xb4][0x87][0xe7][0xa2][0xa9][0xe5][0x89][0xaf][0xe6][0x95][0x99][0xe6][0x8e][0x88][0xe3][0x80][0x81][0xe5][0x8c][0x96][0xe5][0xb7][0xa5][0xe7][0xb3][0xbb][0xe8][0xa1][0x9b][0xe5][0xad][0x90][0xe5][0x81][0xa5][0xe5][0x89][0xaf][0xe6][0x95][0x99][0xe6][0x8e][0x88][0xe3][0x80][0x81][0xe4][0xb8][0xad][0xe6][0x96][0x87][0xe7][0xb3][0xbb][0xe9][0xa1][0x8f][0xe5][0x81][0xa5][0xe5][0xaf][0x8c][0xe5][0x89][0xaf][0xe6][0x95][0x99][0xe6][0x8e][0x88][0xe3][0x80][0x81][0xe7][0xab][0xb9][0xe6][0x95][0x99][0xe5][0xa4][0xa7][0xe8][0x8b][0xb1][0xe8][0xaa][0x9e][0xe7][0xb3][0xbb][0xe6][0xa5][0x8a][0xe8][0x95][0x99][0xe5][0x90][0x9b][0xe5][0x89][0xaf][0xe6][0x95][0x99][0xe6][0x8e][0x88][0xe7][0x8d][0xb2]105[0xe5][0xb9][0xb4][0xe5][0x90][0xb3][0xe5][0xa4][0xa7][0xe7][0x8c][0xb7][0xe5][0x85][0x88][0xe7][0x94][0x9f][0xe7][0xb4][0x80][0xe5][0xbf][0xb5][0xe7][0x8d][0x8e]</a></li>\n                                                <a href=\"/award\">Read more</a>\n                    </ul>\n                </div>\n                <!-- [0xe5][0x8d][0x93][0xe8][0xb6][0x8a][0xe7][0x8d][0x8e][0xe9][0xa0][0x85] end -->\n            \n                            <!-- [0xe6][0xb8][0x85][0xe8][0x8f][0xaf][0xe6][0x96][0xb0][0xe8][0x81][0x9e] -->\n                <div>\n                    <h1>[0xe6][0xb8][0x85] [0xe8][0x8f][0xaf] [0xe6][0x96][0xb0] [0xe8][0x81][0x9e]</h1>\n                                            <div>\n                            <div class=\"width-28\"><img src=\"/images/news_147755965777.jpg\" alt=\"[0xe5][0x89][0xb5][0xe6][0xa5][0xad][0xe5][0xad][0xb8][0xe8][0x87][0xba][0xe7][0x81][0xa3] [0xe6][0xb8][0x85][0xe5][0xa4][0xa7][0xe3][0x80][0x8c][0xe8][0xb2][0xa1][0xe5][0x8b][0x99][0xe7][0xae][0xa1][0xe7][0x90][0x86][0xe3][0x80][0x8d][0xe8][0xaa][0xb2][0xe7][0xa8][0x8b][0xe9][0xa2][0xa8][0xe9][0x9d][0xa1][0xe5][0xb0][0x8d][0xe5][0xb2][0xb8]\"></div>\n                            <div class=\"width-72\">\n                                <p class=\"fontsize18\">[0xe5][0x89][0xb5][0xe6][0xa5][0xad][0xe5][0xad][0xb8][0xe8][0x87][0xba][0xe7][0x81][0xa3] [0xe6][0xb8][0x85][0xe5][0xa4][0xa7][0xe3][0x80][0x8c][0xe8][0xb2][0xa1][0xe5][0x8b][0x99][0xe7][0xae][0xa1][0xe7][0x90][0x86][0xe3][0x80][0x8d][0xe8][0xaa][0xb2][0xe7][0xa8][0x8b][0xe9][0xa2][0xa8][0xe9][0x9d][0xa1][0xe5][0xb0][0x8d][0xe5][0xb2][0xb8]</p>\n                                <p>[0xe5][0xb0][0x8d][0xe5][0xb2][0xb8][0xe8][0xa8][0xb1][0xe5][0xa4][0x9a][0xe5][0xa4][0xa7][0xe5][0xad][0xb8][0xe7][0x94][0x9f][0xe6][0x91][0xa9][0xe6][0x8b][0xb3][0xe6][0x93][0xa6][0xe6][0x8e][0x8c][0xe6][0x83][0xb3][0xe5][0x89][0xb5][0xe6][0xa5][0xad][0xef][0xbc][0x8c][0xe7][0xb7][0x9a][0xe4][0xb8][0x8a][0xe5][0xad][0xb8][0xe8][0xb2][0xa1][0xe5][0x8b][0x99][0xe7][0xae][0xa1][0xe7][0x90][0x86][0xe6][0xad][0xa3][0xe5][0xa4][0xaf][0xef][0xbc][0x81][0xe7][0x94][0xb1][0xe5][0x9c][0x8b][0xe7][0xab][0x8b][0xe6][0xb8][0x85][0xe8][0x8f][0xaf][0xe5][0xa4][0xa7][0xe5][0xad][0xb8][0xe8][0xa8][0x88][0xe9][0x87][0x8f][0xe8][0xb2][0xa1][0xe5][0x8b][0x99][0xe9][0x87][0x91][0xe8][0x9e][0x8d][0xe5][0xad][0xb8]...<a href=\"http://secretary.web.nthu.edu.tw/files/15-1160-108027,c8330-1.php?Lang=zh-tw\" target=\"_blank\">Read more</a></p>\n                            </div>\n                        </div>\n                                            <div>\n                            <div class=\"width-28\"><img src=\"/images/news_147314981267.jpg\" alt=\"[0xe5][0x85][0xa9][0xe5][0xb2][0xb8][0xe4][0xb8][0x89][0xe5][0x9c][0xb0][0xe8][0x96][0xaa][0xe7][0x81][0xab][0xe7][0x9b][0xb8][0xe5][0x82][0xb3] [0xe5][0x8f][0xb0][0xe6][0xb8][0xaf][0xe9][0x99][0xb8][0xe4][0xb8][0x89][0xe6][0xa0][0xa1][0xe5][0xad][0xb8][0xe7][0x94][0x9f][0xe9][0xab][0x94][0xe9][0xa9][0x97][0xe4][0xb8][0x8d][0xe5][0x90][0x8c][0xe6][0x96][0x87][0xe5][0x8c][0x96]\"></div>\n                            <div class=\"width-72\">\n                                <p class=\"fontsize18\">[0xe5][0x85][0xa9][0xe5][0xb2][0xb8][0xe4][0xb8][0x89][0xe5][0x9c][0xb0][0xe8][0x96][0xaa][0xe7][0x81][0xab][0xe7][0x9b][0xb8][0xe5][0x82][0xb3] [0xe5][0x8f][0xb0][0xe6][0xb8][0xaf][0xe9][0x99][0xb8][0xe4][0xb8][0x89][0xe6][0xa0][0xa1][0xe5][0xad][0xb8][0xe7][0x94][0x9f][0xe9][0xab][0x94][0xe9][0xa9][0x97][0xe4][0xb8][0x8d][0xe5][0x90][0x8c][0xe6][0x96][0x87][0xe5][0x8c][0x96]</p>\n                     "
01:01:09.070 [Forwarding getPageSource on session d6a0bef0-bd24-11e6-8678-ab184a9d7075 to remote] DEBUG org.apache.http.wire - http-outgoing-0 << "           <p>[0xe5][0x9c][0x8b][0xe7][0xab][0x8b][0xe6][0xb8][0x85][0xe8][0x8f][0xaf][0xe5][0xa4][0xa7][0xe5][0xad][0xb8][0xe5][0x8f][0x8a][0xe9][0xa6][0x99][0xe6][0xb8][0xaf][0xe4][0xb8][0xad][0xe6][0x96][0x87][0xe5][0xa4][0xa7][0xe5][0xad][0xb8][0xe8][0x81][0xaf][0xe5][0x90][0x88][0xe6][0x9b][0xb8][0xe9][0x99][0xa2][0xe3][0x80][0x81][0xe5][0x8c][0x97][0xe4][0xba][0xac][0xe6][0xb8][0x85][0xe8][0x8f][0xaf][0xe5][0xa4][0xa7][0xe5][0xad][0xb8][0xe7][0xac][0xac][0xe4][0xba][0x94][0xe5][0xb1][0x86][0xe5][0x85][0xa9][0xe5][0xb2][0xb8][0xe4][0xb8][0x89][0xe5][0x9c][0xb0][0xe8][0x96][0xaa][0xe7][0x81][0xab][0xe8][0xa8][0x88][0xe7][0x95][0xab]...<a href=\"http://secretary.web.nthu.edu.tw/files/15-1160-106192,c8330-1.php?Lang=zh-tw\" target=\"_blank\">Read more</a></p>\n                            </div>\n                        </div>\n                                            <div>\n                            <div class=\"width-28\"><img src=\"/images/news_147314964239.jpg\" alt=\"F1[0xe8][0xb3][0xbd][0xe8][0xbb][0x8a][0xe3][0x80][0x81]AI[0xe6][0xa9][0x9f][0xe5][0x99][0xa8][0xe4][0xba][0xba] [0xe6][0xb8][0x85][0xe8][0x8f][0xaf][0xe5][0xad][0xb8][0xe5][0xad][0x90][0xe6][0x89][0x93][0xe9][0x80][0xa0][0xe5][0xb9][0xbb][0xe6][0x83][0xb3][0xe6][0x9c][0xaa][0xe4][0xbe][0x86]\"></div>\n                            <div class=\"width-72\">\n                                <p class=\"fontsize18\">F1[0xe8][0xb3][0xbd][0xe8][0xbb][0x8a][0xe3][0x80][0x81]AI[0xe6][0xa9][0x9f][0xe5][0x99][0xa8][0xe4][0xba][0xba] [0xe6][0xb8][0x85][0xe8][0x8f][0xaf][0xe5][0xad][0xb8][0xe5][0xad][0x90][0xe6][0x89][0x93][0xe9][0x80][0xa0][0xe5][0xb9][0xbb][0xe6][0x83][0xb3][0xe6][0x9c][0xaa][0xe4][0xbe][0x86]</p>\n                                <p>[0xe5][0xbf][0xb5][0xe6][0xa9][0x9f][0xe6][0xa2][0xb0][0xe7][0xb3][0xbb][0xe4][0xb8][0x8d][0xe5][0x85][0x89][0xe5][0x8f][0xaa][0xe6][0x98][0xaf][0xe7][0x95][0xb6][0xe4][0xbf][0xae][0xe8][0xbb][0x8a][0xe9][0xbb][0x91][0xe6][0x89][0x8b][0xef][0xbc][0x8c][0xe5][0x9c][0x8b][0xe7][0xab][0x8b][0xe6][0xb8][0x85][0xe8][0x8f][0xaf][0xe5][0xa4][0xa7][0xe5][0xad][0xb8][0xe5][0x8b][0x95][0xe5][0x8a][0x9b][0xe6][0xa9][0x9f][0xe6][0xa2][0xb0][0xe7][0xb3][0xbb][0xe5][0xad][0xb8][0xe7][0x94][0x9f][0xe4][0xb8][0x8d][0xe5][0x83][0x85][0xe6][0x89][0x93][0xe9][0x80][0xa0]F1[0xe8][0xb3][0xbd][0xe8][0xbb][0x8a][0xe3][0x80][0x81]AI[0xe8][0x87][0xaa][0xe5][0x8b][0x95][0xe5][0x8c][0x96]...<a href=\"http://secretary.web.nthu.edu.tw/files/15-1160-105559,c8330-1.php?Lang=zh-tw\" target=\"_blank\">Read more</a></p>\n                            </div>\n                        </div>\n                                            <div>\n                            <div class=\"width-28\"><img src=\"/images/news_147314951687.jpg\" alt=\"[0xe6][0xb8][0x85][0xe5][0xa4][0xa7][0xe7][0xa3][0xa8][0xe8][0xaa][0xb2][0xe5][0xb8][0xab][0xe5][0x89][0x8d][0xe9][0x80][0xb2][0xe6][0xad][0x90][0xe6][0xb4][0xb2][0xe6][0x96][0xbc]FutureLearn[0xe5][0xb9][0xb3][0xe5][0x8f][0xb0][0xe6][0x95][0x99][0xe4][0xbd][0xa0][0xe9][0xa0][0x90]...\"></div>\n                            <div class=\"width-72\">\n                                <p class=\"fontsize18\">[0xe6][0xb8][0x85][0xe5][0xa4][0xa7][0xe7][0xa3][0xa8][0xe8][0xaa][0xb2][0xe5][0xb8][0xab][0xe5][0x89][0x8d][0xe9][0x80][0xb2][0xe6][0xad][0x90][0xe6][0xb4][0xb2][0xe6][0x96][0xbc]FutureLearn[0xe5][0xb9][0xb3][0xe5][0x8f][0xb0][0xe6][0x95][0x99][0xe4][0xbd][0xa0][0xe9][0xa0][0x90]...</p>\n                                <p>[0xe3][0x80][0x8c][0xe6][0xb8][0x85][0xe8][0x8f][0xaf][0xe7][0xa3][0xa8][0xe8][0xaa][0xb2][0xe5][0xb8][0xab][0xe3][0x80][0x8d][0xe5][0x89][0x8d][0xe9][0x80][0xb2][0xe6][0xad][0x90][0xe6][0xb4][0xb2][0xe3][0x80][0x82][0xe5][0x9c][0x8b][0xe7][0xab][0x8b][0xe6][0xb8][0x85][0xe8][0x8f][0xaf][0xe5][0xa4][0xa7][0xe5][0xad][0xb8][0xe6][0x9c][0xac][0xe6][0x9c][0x88][0xe8][0x88][0x87][0xe8][0x8b][0xb1][0xe5][0x9c][0x8b][0xe6][0x9c][0x80][0xe5][0xa4][0xa7][0xe7][0xb7][0x9a][0xe4][0xb8][0x8a][0xe6][0x95][0x99][0xe5][0xad][0xb8][0xe5][0xb9][0xb3][0xe5][0x8f][0xb0]FutureLearn[0xe7][0xb0][0xbd][0xe7][0xb4][0x84]...<a href=\"http://secretary.web.nthu.edu.tw/files/15-1160-105558,c8330-1.php?Lang=zh-tw\" target=\"_blank\">Read more</a></p>\n                            </div>\n                        </div>\n                                    </div>\n                <!-- [0xe6][0xb8][0x85][0xe8][0x8f][0xaf][0xe6][0x96][0xb0][0xe8][0x81][0x9e] end -->\n            \n                            <!-- [0xe5][0xbd][0xb1][0xe9][0x9f][0xb3][0xe6][0x96][0xb0][0xe8][0x81][0x9e] -->\n                <div>\n                    <h1>[0xe5][0xbd][0xb1] [0xe9][0x9f][0xb3] [0xe6][0x96][0xb0] [0xe8][0x81][0x9e]</h1>\n                                            <div class=\"width-100 video\">\n                            <div class=\"width-65\"><iframe width=\"560\" height=\"315\" src=\"https://www.youtube.com/embed/zKU7-DstApM\" frameborder=\"0\" allowfullscreen=\"\" title=\"[0xe3][0x80][0x8c][0xe6][0xa2][0x85][0xe3][0x80][0x8d][0xe4][0xb8][0x8d][0xe5][0x8b][0x9d][0xe6][0x94][0xb6] [0xe6][0xb8][0x85][0xe8][0x8f][0xaf][0xe6][0xa2][0x85][0xe5][0x9c][0x92][0xe5][0x86][0x8d][0xe6][0xa4][0x8d][0xe7][0x99][0xbe][0xe6][0xa3][0xb5][0xe6][0x96][0xb0][0xe6][0xa2][0x85]\"></iframe></div>\n                            <div class=\"width-35\">\n                                <p class=\"fontsize18\">[0xe5][0x9c][0x8b][0xe7][0xab][0x8b][0xe6][0xb8][0x85][0xe8][0x8f][0xaf][0xe5][0xa4][0xa7][0xe5][0xad][0xb8][0xe3][0x80][0x8c][0xe6][0xa2][0x85][0xe5][0x9c][0x92][0xe3][0x80][0x8d][0xe7][0x82][0xba][0xe5][0x89][0x8d][0xe6][0xa0][0xa1][0xe9][0x95][0xb7][0xe6][0xa2][0x85][0xe8][0xb2][0xbd][0xe7][0x90][0xa6][0xe9][0x95][0xb7][0xe7][0x9c][0xa0][0xe4][0xb9][0x8b][0xe5][0x9c][0xb0][0xef][0xbc][0x8c][0xe5][0x9c][0x92][0xe5][0x85][0xa7][0xe9][0x81][0x8d][0xe6][0xa4][0x8d][0xe6][0xa2][0x85][0xe6][0xa8][0xb9][0xef][0xbc][0x8c][0xe6][0xaf][0x8f][0xe5][0xb9][0xb4][0xe6][0xa2][0x85][0xe8][0x8a][0xb1][0xe7][0x9b][0x9b][0xe9][0x96][0x8b][0xe5][0xad][0xa3][0xe7][0xaf][0x80][0xe5][0xb8][0xb8][0xe5][0x90][0xb8][0xe5][0xbc][0x95][0xe6][0xb0][0x91][0xe7][0x9c][0xbe][0xe7][0xb5][0x84][0xe5][0x9c][0x98][0xe8][0xb3][0x9e][0xe6][0xa2][0x85][0xe3][0x80][0x82][0xe4][0xb8][0x8d][0xe9][0x81][0x8e][0xe8][0xbf][0x91][0xe5][0xb9][0xb4][0xe5][0x8f][0x97][0xe5][0x88][0xb0][0xe7][0x99][0xbd][0xe8][0x9f][0xbb][0xe8][0x9b][0x80][0xe8][0x9d][0x95][0xef][0xbc][0x8c][0xe6][0xa2][0x85][0xe6][0xa8][0xb9][0xe5][0x81][0xa5][0xe5][0xba][0xb7][0xe7][0x8b][0x80][0xe6][0xb3][0x81][0xe4][0xb8][0x8d][0xe4][0xbd][0xb3][0xef][0xbc][0x8c][0xe6][0xb8][0x85][0xe8][0x8f][0xaf][0xe6][0xa0][0xa1][0xe5][0x8f][0x8b][0xe3][0x80][0x81][0xe5][0xa5][0x95][0xe9][0x9d][0x92][0xe8][0x8e][0x8a][0xe5][0x9c][0x92][0xe8][0x8e][0x8a][0xe4][0xb8][0xbb][0xe5][0x90][0xb3][0xe4][0xbd][0xb3][0xe6][0x87][0x8b][0xe5][0xbe][0x97][0xe7][0x9f][0xa5][0xe5][0xbe][0x8c][0xef][0xbc][0x8c][0xe6][0xb1][0xba][0xe6][0x8d][0x90][0xe8][0xb4][0x88]100[0xe6][0xa3][0xb5][0xe6][0xa2][0x85][0xe6][0xa8][0xb9][0xe8][0x8b][0x97][0xef][0xbc][0x8c][0xe5][0x9c][0xa8]12[0xe6][0x9c][0x88]3[0xe6][0x97][0xa5][0xe8][0x88][0x89][0xe8][0xbe][0xa6][0xe3][0x80][0x8c][0xe6][0xa2][0x85][0xe6][0xa8][0xb9][0xe6][0xb8][0x85][0xe9][0xa6][0x99][0xef][0xbc][0x8c][0xe6][0xa8][0xb9][0xe9][0x80][0xa0][0xe6][0x96][0xb0][0xe8][0x91][0x89][0xe3][0x80][0x8d][0xe6][0xa4][0x8d][0xe6][0xa8][0xb9][0xe6][0xb4][0xbb][0xe5][0x8b][0x95][0xef][0xbc][0x8c][0xe9][0x82][0x80]...</p>\n                            </div>\n                            <a href=\"http://nthunews.media.nthu.edu.tw/\" target=\"_blank\">Read more</a>\n                        </div>\n                                    </div>\n                <!-- [0xe5][0xbd][0xb1][0xe9][0x9f][0xb3][0xe6][0x96][0xb0][0xe8][0x81][0x9e] end -->\n            \n                            <!-- [0xe5][0xaa][0x92][0xe9][0xab][0x94][0xe5][0xa0][0xb1][0xe5][0xb0][0x8e] -->\n                <div>\n                    <h1>[0xe5][0xaa][0x92] [0xe9][0xab][0x94] [0xe5][0xa0][0xb1] [0xe5][0xb0][0x8e]</h1>\n                    <ul>\n                                                    <li><a href=\"/mediaReport/content/83\">[0xe7][0xa7][0x91][0xe6][0x8a][0x80][0xe5][0xbe][0x8b][0xe5][0xb8][0xab][0xe5][0xad][0xb8][0xe8][0x8b][0x91] [0xe6][0xb8][0x85][0xe5][0xa4][0xa7][0xe9][0x96][0x8b][0xe8][0xbe][0xa6]</a></li>\n                                                    <li><a href=\"/mediaReport/content/82\">[0xe6][0x95][0x99][0xe6][0x8e][0x88][0xe4][0xb8][0x8b][0xe9][0x84][0x89][0xe6][0x95][0x99][0xe6][0x95][0xb8][0xe5][0xad][0xb8] [0xe6][0xb4][0xaa][0xe6][0x96][0x87][0xe8][0x89][0xaf][0xe3][0x80][0x8c][0xe5][0xb5][0x8c][0xe5][0x90][0x8d][0xe8][0x81][0xaf][0xe3][0x80][0x8d][0xe6][0xbf][0x80][0xe5][0x8b][0xb5][0xe5][0xad][0xb8][0xe5][0xad][0x90]</a></li>\n                                                    <li><a href=\"/mediaReport/content/81\">[0xe6][0x8e][0xa8][0xe7][0xbf][0xbb][0xe5][0x82][0xb3][0xe7][0xb5][0xb1][0xe9][0x87][0x91][0xe5][0xb1][0xac][0xe6][0x9d][0x90][0xe6][0x96][0x99][0xe8][0xbf][0xb7][0xe6][0x80][0x9d] [0xe6][0x96][0xb0][0xe5][0x90][0x88][0xe9][0x87][0x91][0xe6][0x9d][0x90][0xe6][0x96][0x99][0xe5][0x8d][0xb3][0xe5][0xb0][0x87][0xe5][0x95][0x8f][0xe4][0xb8][0x96]</a></li>\n                                                    <li><a href=\"/mediaReport/content/80\">[0xe7][0x84][0xa1][0xe6][0x95][0xb5][0xe5][0x90][0x88][0xe9][0x87][0x91][0xe6][0x9d][0x90][0xe6][0x96][0x99] 7[0xe6][0x97][0xa5][0xe5][0x9c][0xa8][0xe6][0xb8][0x85][0xe8][0x8f][0xaf][0xe7][0x99][0xbc][0xe8][0xa1][0xa8]</a></li>\n                                                    <li><a href=\"/mediaReport/content/79\">[0xe8][0x80][0x90][0xe9][0xab][0x98][0xe6][0xba][0xab][0xe9][0xab][0x98][0xe7][0x86][0xb5][0xe5][0x90][0x88][0xe9][0x87][0x91][0xe5][0x95][0x8f][0xe4][0xb8][0x96] [0xe6][0xb8][0x85][0xe5][0xa4][0xa7][0xe6][0x95][0x99][0xe6][0x8e][0x88][0xe9][0x96][0x8b][0xe5][0x89][0xb5][0xe6][0x9d][0x90][0xe6][0x96][0x99][0xe7][0x94][0xa2][0xe6][0xa5][0xad][0xe6][0x96][0xb0][0xe5][0xa5][0x91][0xe6][0xa9][0x9f]</a></li>\n                                                    <li><a href=\"/mediaReport/content/78\">[0xe6][0xb8][0x85][0xe5]"
01:01:09.071 [Forwarding getPageSource on session d6a0bef0-bd24-11e6-8678-ab184a9d7075 to remote] DEBUG org.apache.http.wire - http-outgoing-0 << "[0xa4][0xa7][0xe7][0xab][0xb9][0xe6][0x95][0x99][0xe5][0xa4][0xa7][0xe5][0x90][0x88][0xe4][0xbd][0xb5] [0xe6][0xa0][0xa1][0xe5][0xb7][0xb4][0xe4][0xb8][0x8a][0xe8][0xb7][0xaf][0xe9][0x99][0x84][0xe5][0xb0][0x8f][0xe6][0x8f][0xad][0xe7][0x89][0x8c]</a></li>\n                                                    <li><a href=\"/mediaReport/content/77\">[0xe6][0xb8][0x85][0xe5][0xa4][0xa7][0xe7][0xab][0xb9][0xe6][0x95][0x99][0xe5][0xa4][0xa7][0xe5][0x90][0x88][0xe4][0xbd][0xb5][0xe7][0xac][0xac][0xe4][0xb8][0x80][0xe5][0xa4][0xa9][0xe3][0x80][0x80][0xe7][0xab][0xb9][0xe5][0xa4][0xa7][0xe9][0x99][0x84][0xe5][0xb0][0x8f][0xe6][0x94][0xb9][0xe5][0x90][0x8d][0xe6][0xb8][0x85][0xe5][0xa4][0xa7][0xe9][0x99][0x84][0xe5][0xb0][0x8f]</a></li>\n                                                    <li><a href=\"/mediaReport/content/76\">[0xe6][0xb8][0x85][0xe8][0x8f][0xaf][0xe3][0x80][0x81][0xe7][0xab][0xb9][0xe6][0x95][0x99][0xe5][0xa4][0xa7][0xe5][0x90][0x88][0xe4][0xbd][0xb5][0xe3][0x80][0x80][0xe9][0x99][0x84][0xe5][0xb0][0x8f][0xe6][0x93][0xac][0xe9][0x96][0x8b][0xe9][0x9b][0x99][0xe8][0xaa][0x9e][0xe7][0x8f][0xad]</a></li>\n                                                    <li><a href=\"/mediaReport/content/75\">[0xe6][0xb8][0x85][0xe5][0xa4][0xa7][0xe7][0xab][0xb9][0xe6][0x95][0x99][0xe5][0xa4][0xa7][0xe5][0x90][0x88][0xe4][0xbd][0xb5] [0xe6][0xa0][0xa1][0xe5][0xb7][0xb4][0xe4][0xb8][0x8a][0xe8][0xb7][0xaf][0xe9][0x99][0x84][0xe5][0xb0][0x8f][0xe6][0x8f][0xad][0xe7][0x89][0x8c]</a></li>\n                                                    <li><a href=\"/mediaReport/content/74\"> [0xe6][0xb8][0x85][0xe8][0x8f][0xaf][0xe5][0xa4][0xa7][0xe5][0xad][0xb8][0xe9][0x99][0x84][0xe8][0xa8][0xad][0xe5][0xaf][0xa6][0xe9][0xa9][0x97][0xe5][0xb0][0x8f][0xe5][0xad][0xb8][0xe6][0x8f][0xad][0xe7][0x89][0x8c]</a></li>\n                                                <a href=\"/mediaReport\">Read more</a>\n                    </ul>\n                </div>\n                <!-- [0xe5][0xaa][0x92][0xe9][0xab][0x94][0xe5][0xa0][0xb1][0xe5][0xb0][0x8e] end -->\n            \n        </div>\n\n                    <!-- [0xe6][0xa0][0xa1][0xe5][0x85][0xa7][0xe6][0xb4][0xbb][0xe5][0x8b][0x95] -->\n            <div class=\"width-100\">\n                <h1>[0xe6][0xa0][0xa1] [0xe5][0x85][0xa7] [0xe6][0xb4][0xbb] [0xe5][0x8b][0x95]</h1>\n                <div class=\"nbs-flexisel-container\"><div class=\"nbs-flexisel-inner\"><ul id=\"flexiselDemo2\" class=\"nbs-flexisel-ul\" style=\"left: -350px; display: block;\">\n                                            <li class=\"nbs-flexisel-item\" style=\"width: 350px;\">\n                            <div>\n                                <a href=\"http://artscenter.web.nthu.edu.tw/files/14-1898-107627,r11-1.php?Lang=zh-tw\" target=\"_blank\"><img src=\"/images/event_147756005917.jpg\" alt=\"[0xe4][0xb8][0x8d][0xe6][0x95][0xa3][0xef][0xbc][0x8e][0xe5][0xa4][0x9c][0xe8][0xb2][0x93][0xe5][0xad][0x90][0xe9][0x9b][0xbb][0xe5][0xbd][0xb1][0xe9][0x99][0xa2][0xe5][0x8d][0x81][0xe9][0x80][0xb1][0xe5][0xb9][0xb4][0xe7][0xb2][0xbe][0xe9][0x81][0xb8][0xe5][0xbd][0xb1][0xe5][0xb1][0x95]\"></a>\n                                <p>\n                                    <span>[0xe4][0xb8][0x8d][0xe6][0x95][0xa3][0xef][0xbc][0x8e][0xe5][0xa4][0x9c][0xe8][0xb2][0x93][0xe5][0xad][0x90][0xe9][0x9b][0xbb][0xe5][0xbd][0xb1][0xe9][0x99][0xa2][0xe5][0x8d][0x81][0xe9][0x80][0xb1][0xe5][0xb9][0xb4][0xe7][0xb2][0xbe][0xe9][0x81][0xb8][0xe5][0xbd][0xb1][0xe5][0xb1][0x95]</span>\n                                    <br><br>[0xe6][0x99][0x82][0xe9][0x96][0x93][0xef][0xbc][0x9a]11/01~12/31[0xe6][0xaf][0x8f][0xe9][0x80][0xb1][0xe4][0xba][0x8c][0xe3][0x80][0x81][0xe5][0x85][0xad]<br><br>\n                                    <span>[0xe5][0x9c][0xb0][0xe9][0xbb][0x9e][0xef][0xbc][0x9a][0xe5][0x90][0x88][0xe5][0x8b][0xa4][0xe6][0xbc][0x94][0xe8][0x97][0x9d][0xe5][0xbb][0xb3][0xe3][0x80][0x81][0xe8][0x98][0x87][0xe6][0xa0][0xbc][0xe8][0xb2][0x93][0xe5][0xba][0x95]</span>\n                                    <a href=\"http://artscenter.web.nthu.edu.tw/files/14-1898-107627,r11-1.php?Lang=zh-tw\" target=\"_blank\">Read more</a>\n                                </p>\n                            </div>\n                        </li><li class=\"nbs-flexisel-item\" style=\"width: 350px;\">\n                            <div>\n                                <a href=\"http://ctld.nthu.edu.tw/course/index.php?mode=detail&amp;id=11529\" target=\"_blank\"><img src=\"/images/event_148109313315.jpg\" alt=\"[0xe5][0xad][0xb8][0xe7][0xbf][0x92][0xe7][0xb3][0xbb][0xe5][0x88][0x97][0xe8][0xac][0x9b][0xe5][0xba][0xa7][0xe3][0x80][0x8c][0xe8][0x87][0xaa][0xe6][0x88][0x91][0xe5][0x83][0xb9][0xe5][0x80][0xbc][0xe5][0xb7][0xa5][0xe7][0xa8][0x8b]-[0xe5][0x89][0xb5][0xe9][0x80][0xa0][0xe8][0x87][0xaa][0xe6][0x88][0x91][0xe6][0xa0][0xb8][0xe5][0xbf][0x83][0xe5][0x83][0xb9][0xe5][0x80][0xbc][0xe3][0x80][0x8d]\"></a>\n                                <p>\n                                    <span>[0xe5][0xad][0xb8][0xe7][0xbf][0x92][0xe7][0xb3][0xbb][0xe5][0x88][0x97][0xe8][0xac][0x9b][0xe5][0xba][0xa7][0xe3][0x80][0x8c][0xe8][0x87][0xaa][0xe6][0x88][0x91][0xe5][0x83][0xb9][0xe5][0x80][0xbc][0xe5][0xb7][0xa5][0xe7][0xa8][0x8b]-[0xe5][0x89][0xb5][0xe9][0x80][0xa0][0xe8][0x87][0xaa][0xe6][0x88][0x91][0xe6][0xa0][0xb8][0xe5][0xbf][0x83][0xe5][0x83][0xb9][0xe5][0x80][0xbc][0xe3][0x80][0x8d]</span>\n                                    <br><br> [0xe6][0x99][0x82][0xe9][0x96][0x93][0xef][0xbc][0x9a]12/21([0xe4][0xb8][0x89])[0xe6][0x99][0x9a][0xe4][0xb8][0x8a]7[0xe9][0xbb][0x9e]<br><br>\n                                    <span>[0xe5][0x9c][0xb0][0xe9][0xbb][0x9e][0xef][0xbc][0x9a][0xe6][0x97][0xba][0xe5][0xae][0x8f][0xe9][0xa4][0xa8]R245[0xe6][0x95][0x99][0xe5][0xae][0xa4]</span>\n                                    <a href=\"http://ctld.nthu.edu.tw/course/index.php?mode=detail&amp;id=11529\" target=\"_blank\">Read more</a>\n                                </p>\n                            </div>\n                        </li>\n                                            <li class=\"nbs-flexisel-item\" style=\"width: 350px;\">\n                            <div>\n                                <a href=\"http://dtc.web.nthu.edu.tw/files/13-1008-110471.php\" target=\"_blank\"><img src=\"/images/event_148109257791.jpg\" alt=\"[0xe7][0xa7][0x91][0xe6][0x8a][0x80][0xe4][0xba][0xba][0xe6][0x96][0x87][0xe8][0xac][0x9b][0xe5][0xba][0xa7][0xe4][0xb8][0x83][0xef][0xbc][0x9a][0xe6][0x90][0xb6][0xe6][0x95][0x91][0xe7][0x97][0x85][0xe5][0x8d][0xb1][0xe7][0x9a][0x84][0xe5][0x9c][0xb0][0xe7][0x90][0x83] - [0xe3][0x80][0x90][0xe7][0xb6][0xa0][0xe8][0x83][0xbd][0xe7][0xa7][0x91][0xe6][0x8a][0x80][0xe3][0x80][0x91]\"></a>\n                                <p>\n                                    <span>[0xe7][0xa7][0x91][0xe6][0x8a][0x80][0xe4][0xba][0xba][0xe6][0x96][0x87][0xe8][0xac][0x9b][0xe5][0xba][0xa7][0xe4][0xb8][0x83][0xef][0xbc][0x9a][0xe6][0x90][0xb6][0xe6][0x95][0x91][0xe7][0x97][0x85][0xe5][0x8d][0xb1][0xe7][0x9a][0x84][0xe5][0x9c][0xb0][0xe7][0x90][0x83] - [0xe3][0x80][0x90][0xe7][0xb6][0xa0][0xe8][0x83][0xbd][0xe7][0xa7][0x91][0xe6][0x8a][0x80][0xe3][0x80][0x91]</span>\n                                    <br><br>[0xe5][0x9c][0xb0][0xe9][0xbb][0x9e][0xef][0xbc][0x9a]12/21[0xe6][0x99][0x9a][0xe4][0xb8][0x8a]6:30<br><br>\n                                    <span>[0xe5][0x9c][0xb0][0xe9][0xbb][0x9e][0xef][0xbc][0x9a][0xe6][0xb8][0x85][0xe8][0x8f][0xaf][0xe5][0xa4][0xa7][0xe5][0xad][0xb8][0xe5][0x90][0x8d][0xe4][0xba][0xba][0xe5][0xa0][0x82]</span>\n                                    <a href=\"http://dtc.web.nthu.edu.tw/files/13-1008-110471.php\" target=\"_blank\">Read more</a>\n                                </p>\n                            </div>\n                        </li>\n                                            <li class=\"nbs-flexisel-item\" style=\"width: 350px;\">\n               "
01:01:09.072 [Forwarding getPageSource on session d6a0bef0-bd24-11e6-8678-ab184a9d7075 to remote] DEBUG org.apache.http.wire - http-outgoing-0 << "             <div>\n                                <a href=\"http://artscenter.web.nthu.edu.tw/files/14-1898-110627,r11-1.php?Lang=zh-tw\" target=\"_blank\"><img src=\"/images/event_148067167138.jpg\" alt=\"[[0xe6][0x8a][0x92][0xe5][0xaf][0xab][0xe4][0xbe][0x86][0xe6][0x99][0x82][0xe8][0xb7][0xaf]] 2016 [0xe5][0x8f][0xb2][0xe6][0xac][0xbd][0xe6][0xb3][0xb0][0xe6][0x99][0x82][0xe4][0xbb][0xa3][0xe6][0x9b][0xb8][0xe6][0xb3][0x95][0xe5][0xb1][0x95]\"></a>\n                                <p>\n                                    <span>[[0xe6][0x8a][0x92][0xe5][0xaf][0xab][0xe4][0xbe][0x86][0xe6][0x99][0x82][0xe8][0xb7][0xaf]] 2016 [0xe5][0x8f][0xb2][0xe6][0xac][0xbd][0xe6][0xb3][0xb0][0xe6][0x99][0x82][0xe4][0xbb][0xa3][0xe6][0x9b][0xb8][0xe6][0xb3][0x95][0xe5][0xb1][0x95]</span>\n                                    <br><br>[0xe5][0xb1][0x95][0xe5][0x87][0xba][0xe6][0x97][0xa5][0xe6][0x9c][0x9f][0xef][0xbc][0x9a]12/21~1/6<br><br>\n                                    <span>[0xe5][0x9c][0xb0][0xe9][0xbb][0x9e][0xef][0xbc][0x9a][0xe8][0x97][0x9d][0xe8][0xa1][0x93][0xe5][0x89][0xb5][0xe6][0x84][0x8f][0xe7][0xa9][0xba][0xe9][0x96][0x93] ([0xe5][0xad][0xb8][0xe7][0xbf][0x92][0xe8][0xb3][0x87][0xe6][0xba][0x90][0xe4][0xb8][0xad][0xe5][0xbf][0x83][0xe4][0xb8][0x80][0xe6][0xa8][0x93])</span>\n                                    <a href=\"http://artscenter.web.nthu.edu.tw/files/14-1898-110627,r11-1.php?Lang=zh-tw\" target=\"_blank\">Read more</a>\n                                </p>\n                            </div>\n                        </li>\n                                            <li class=\"nbs-flexisel-item\" style=\"width: 350px;\">\n                            <div>\n                                <a href=\"http://bulletin.web.nthu.edu.tw/files/14-1912-110110,r5083-1.php?Lang=zh-tw\" target=\"_blank\"><img src=\"/images/event_148067158850.jpg\" alt=\"[0xe5][0xad][0xab][0xe9][0x81][0x8b][0xe7][0x92][0xbf][0xe7][0xa7][0x91][0xe6][0x8a][0x80][0xe8][0xac][0x9b][0xe5][0xba][0xa7][0xe6][0xbc][0x94][0xe8][0xac][0x9b]\"></a>\n                                <p>\n                                    <span>[0xe5][0xad][0xab][0xe9][0x81][0x8b][0xe7][0x92][0xbf][0xe7][0xa7][0x91][0xe6][0x8a][0x80][0xe8][0xac][0x9b][0xe5][0xba][0xa7][0xe6][0xbc][0x94][0xe8][0xac][0x9b]</span>\n                                    <br><br>[0xe6][0x99][0x82][0xe9][0x96][0x93][0xef][0xbc][0x9a]12/08([0xe5][0x9b][0x9b])[0xe6][0x99][0x9a][0xe4][0xb8][0x8a]7[0xe9][0xbb][0x9e]<br><br>\n                                    <span>[0xe5][0x9c][0xb0][0xe9][0xbb][0x9e][0xef][0xbc][0x9a][0xe5][0x8f][0xb0][0xe7][0xa9][0x8d][0xe9][0xa4][0xa8][0xe4][0xb8][0x80][0xe6][0xa8][0x93][0xe5][0xad][0xab][0xe9][0x81][0x8b][0xe7][0x92][0xbf][0xe6][0xbc][0x94][0xe8][0xac][0x9b][0xe5][0xbb][0xb3]</span>\n                                    <a href=\"http://bulletin.web.nthu.edu.tw/files/14-1912-110110,r5083-1.php?Lang=zh-tw\" target=\"_blank\">Read more</a>\n                                </p>\n                            </div>\n                        </li>\n                                            <li class=\"nbs-flexisel-item\" style=\"width: 350px;\">\n                            <div>\n                                <a href=\"http://artscenter.web.nthu.edu.tw/files/14-1898-108458,r11-1.php?Lang=zh-tw\" target=\"_blank\"><img src=\"/images/event_147935481766.jpg\" alt=\"[0xe5][0x91][0x82][0xe7][0x87][0x95][0xe5][0x8d][0xbf][0xe5][0x89][0xb5][0xe4][0xbd][0x9c][0xe5][0xb1][0x95][0xe2][0x80][0x94][0xe9][0x9f][0xb6][0xe5][0x85][0x89][0xe5][0xa6][0x82][0xe8][0xa9][0xa9]\"></a>\n                                <p>\n                                    <span>[0xe5][0x91][0x82][0xe7][0x87][0x95][0xe5][0x8d][0xbf][0xe5][0x89][0xb5][0xe4][0xbd][0x9c][0xe5][0xb1][0x95][0xe2][0x80][0x94][0xe9][0x9f][0xb6][0xe5][0x85][0x89][0xe5][0xa6][0x82][0xe8][0xa9][0xa9]</span>\n                                    <br><br>[0xe6][0x99][0x82][0xe9][0x96][0x93][0xef][0xbc][0x9a]11/14~2017/1/4<br><br>\n                                    <span>[0xe5][0x9c][0xb0][0xe9][0xbb][0x9e][0xef][0xbc][0x9a][0xe8][0x97][0x9d][0xe8][0xa1][0x93][0xe4][0xb8][0xad][0xe5][0xbf][0x83][0xe5][0xb1][0x95][0xe8][0xa6][0xbd][0xe5][0xbb][0xb3]</span>\n                                    <a href=\"http://artscenter.web.nthu.edu.tw/files/14-1898-108458,r11-1.php?Lang=zh-tw\" target=\"_blank\">Read more</a>\n                                </p>\n                            </div>\n                        </li>\n                                            <li class=\"nbs-flexisel-item\" style=\"width: 350px;\">\n                            <div>\n                                <a href=\"http://artscenter.web.nthu.edu.tw/files/14-1898-107627,r11-1.php?Lang=zh-tw\" target=\"_blank\"><img src=\"/images/event_147756005917.jpg\" alt=\"[0xe4][0xb8][0x8d][0xe6][0x95][0xa3][0xef][0xbc][0x8e][0xe5][0xa4][0x9c][0xe8][0xb2][0x93][0xe5][0xad][0x90][0xe9][0x9b][0xbb][0xe5][0xbd][0xb1][0xe9][0x99][0xa2][0xe5][0x8d][0x81][0xe9][0x80][0xb1][0xe5][0xb9][0xb4][0xe7][0xb2][0xbe][0xe9][0x81][0xb8][0xe5][0xbd][0xb1][0xe5][0xb1][0x95]\"></a>\n                                <p>\n                                    <span>[0xe4][0xb8][0x8d][0xe6][0x95][0xa3][0xef][0xbc][0x8e][0xe5][0xa4][0x9c][0xe8][0xb2][0x93][0xe5][0xad][0x90][0xe9][0x9b][0xbb][0xe5][0xbd][0xb1][0xe9][0x99][0xa2][0xe5][0x8d][0x81][0xe9][0x80][0xb1][0xe5][0xb9][0xb4][0xe7][0xb2][0xbe][0xe9][0x81][0xb8][0xe5][0xbd][0xb1][0xe5][0xb1][0x95]</span>\n                                    <br><br>[0xe6][0x99][0x82][0xe9][0x96][0x93][0xef][0xbc][0x9a]11/01~12/31[0xe6][0xaf][0x8f][0xe9][0x80][0xb1][0xe4][0xba][0x8c][0xe3][0x80][0x81][0xe5][0x85][0xad]<br><br>\n                                    <span>[0xe5][0x9c][0xb0][0xe9][0xbb][0x9e][0xef][0xbc][0x9a][0xe5][0x90][0x88][0xe5][0x8b][0xa4][0xe6][0xbc][0x94][0xe8][0x97][0x9d][0xe5][0xbb][0xb3][0xe3][0x80][0x81][0xe8][0x98][0x87][0xe6][0xa0][0xbc][0xe8][0xb2][0x93][0xe5][0xba][0x95]</span>\n                                    <a href=\"http://artscenter.web.nthu.edu.tw/files/14-1898-107627,r11-1.php?Lang=zh-tw\" target=\"_blank\">Read more</a>\n                                </p>\n                            </div>\n                        </li>\n                                    <li class=\"nbs-flexisel-item\" style=\"width: 350px;\">\n                            <div>\n                                <a href=\"http://ctld.nthu.edu.tw/course/index.php?mode=detail&amp;id=11529\" target=\"_blank\"><img src=\"/images/event_148109313315.jpg\" alt=\"[0xe5][0xad][0xb8][0xe7][0xbf][0x92][0xe7][0xb3][0xbb][0xe5][0x88][0x97][0xe8][0xac][0x9b][0xe5][0xba][0xa7][0xe3][0x80][0x8c][0xe8][0x87][0xaa][0xe6][0x88][0x91][0xe5][0x83][0xb9][0xe5][0x80][0xbc][0xe5][0xb7][0xa5][0xe7][0xa8][0x8b]-[0xe5][0x89][0xb5][0xe9][0x80][0xa0][0xe8][0x87][0xaa][0xe6][0x88][0x91][0xe6][0xa0][0xb8][0xe5][0xbf][0x83][0xe5][0x83][0xb9][0xe5][0x80][0xbc][0xe3][0x80][0x8d]\"></a>\n                                <p>\n                                    <span>[0xe5][0xad][0xb8][0xe7][0xbf][0x92][0xe7][0xb3][0xbb]"
01:01:09.073 [Forwarding getPageSource on session d6a0bef0-bd24-11e6-8678-ab184a9d7075 to remote] DEBUG org.apache.http.wire - http-outgoing-0 << "[0xe5][0x88][0x97][0xe8][0xac][0x9b][0xe5][0xba][0xa7][0xe3][0x80][0x8c][0xe8][0x87][0xaa][0xe6][0x88][0x91][0xe5][0x83][0xb9][0xe5][0x80][0xbc][0xe5][0xb7][0xa5][0xe7][0xa8][0x8b]-[0xe5][0x89][0xb5][0xe9][0x80][0xa0][0xe8][0x87][0xaa][0xe6][0x88][0x91][0xe6][0xa0][0xb8][0xe5][0xbf][0x83][0xe5][0x83][0xb9][0xe5][0x80][0xbc][0xe3][0x80][0x8d]</span>\n                                    <br><br> [0xe6][0x99][0x82][0xe9][0x96][0x93][0xef][0xbc][0x9a]12/21([0xe4][0xb8][0x89])[0xe6][0x99][0x9a][0xe4][0xb8][0x8a]7[0xe9][0xbb][0x9e]<br><br>\n                                    <span>[0xe5][0x9c][0xb0][0xe9][0xbb][0x9e][0xef][0xbc][0x9a][0xe6][0x97][0xba][0xe5][0xae][0x8f][0xe9][0xa4][0xa8]R245[0xe6][0x95][0x99][0xe5][0xae][0xa4]</span>\n                                    <a href=\"http://ctld.nthu.edu.tw/course/index.php?mode=detail&amp;id=11529\" target=\"_blank\">Read more</a>\n                                </p>\n                            </div>\n                        </li><li class=\"nbs-flexisel-item\" style=\"width: 350px;\">\n                            <div>\n                                <a href=\"http://dtc.web.nthu.edu.tw/files/13-1008-110471.php\" target=\"_blank\"><img src=\"/images/event_148109257791.jpg\" alt=\"[0xe7][0xa7][0x91][0xe6][0x8a][0x80][0xe4][0xba][0xba][0xe6][0x96][0x87][0xe8][0xac][0x9b][0xe5][0xba][0xa7][0xe4][0xb8][0x83][0xef][0xbc][0x9a][0xe6][0x90][0xb6][0xe6][0x95][0x91][0xe7][0x97][0x85][0xe5][0x8d][0xb1][0xe7][0x9a][0x84][0xe5][0x9c][0xb0][0xe7][0x90][0x83] - [0xe3][0x80][0x90][0xe7][0xb6][0xa0][0xe8][0x83][0xbd][0xe7][0xa7][0x91][0xe6][0x8a][0x80][0xe3][0x80][0x91]\"></a>\n                                <p>\n                                    <span>[0xe7][0xa7][0x91][0xe6][0x8a][0x80][0xe4][0xba][0xba][0xe6][0x96][0x87][0xe8][0xac][0x9b][0xe5][0xba][0xa7][0xe4][0xb8][0x83][0xef][0xbc][0x9a][0xe6][0x90][0xb6][0xe6][0x95][0x91][0xe7][0x97][0x85][0xe5][0x8d][0xb1][0xe7][0x9a][0x84][0xe5][0x9c][0xb0][0xe7][0x90][0x83] - [0xe3][0x80][0x90][0xe7][0xb6][0xa0][0xe8][0x83][0xbd][0xe7][0xa7][0x91][0xe6][0x8a][0x80][0xe3][0x80][0x91]</span>\n                                    <br><br>[0xe5][0x9c][0xb0][0xe9][0xbb][0x9e][0xef][0xbc][0x9a]12/21[0xe6][0x99][0x9a][0xe4][0xb8][0x8a]6:30<br><br>\n                                    <span>[0xe5][0x9c][0xb0][0xe9][0xbb][0x9e][0xef][0xbc][0x9a][0xe6][0xb8][0x85][0xe8][0x8f][0xaf][0xe5][0xa4][0xa7][0xe5][0xad][0xb8][0xe5][0x90][0x8d][0xe4][0xba][0xba][0xe5][0xa0][0x82]</span>\n                                    <a href=\"http://dtc.web.nthu.edu.tw/files/13-1008-110471.php\" target=\"_blank\">Read more</a>\n                                </p>\n                            </div>\n                        </li><li class=\"nbs-flexisel-item\" style=\"width: 350px;\">\n                            <div>\n                                <a href=\"http://artscenter.web.nthu.edu.tw/files/14-1898-110627,r11-1.php?Lang=zh-tw\" target=\"_blank\"><img src=\"/images/event_148067167138.jpg\" alt=\"[[0xe6][0x8a][0x92][0xe5][0xaf][0xab][0xe4][0xbe][0x86][0xe6][0x99][0x82][0xe8][0xb7][0xaf]] 2016 [0xe5][0x8f][0xb2][0xe6][0xac][0xbd][0xe6][0xb3][0xb0][0xe6][0x99][0x82][0xe4][0xbb][0xa3][0xe6][0x9b][0xb8][0xe6][0xb3][0x95][0xe5][0xb1][0x95]\"></a>\n                                <p>\n                                    <span>[[0xe6][0x8a][0x92][0xe5][0xaf][0xab][0xe4][0xbe][0x86][0xe6][0x99][0x82][0xe8][0xb7][0xaf]] 2016 [0xe5][0x8f][0xb2][0xe6][0xac][0xbd][0xe6][0xb3][0xb0][0xe6][0x99][0x82][0xe4][0xbb][0xa3][0xe6][0x9b][0xb8][0xe6][0xb3][0x95][0xe5][0xb1][0x95]</span>\n                                    <br><br>[0xe5][0xb1][0x95][0xe5][0x87][0xba][0xe6][0x97][0xa5][0xe6][0x9c][0x9f][0xef][0xbc][0x9a]12/21~1/6<br><br>\n                                    <span>[0xe5][0x9c][0xb0][0xe9][0xbb][0x9e][0xef][0xbc][0x9a][0xe8][0x97][0x9d][0xe8][0xa1][0x93][0xe5][0x89][0xb5][0xe6][0x84][0x8f][0xe7][0xa9][0xba][0xe9][0x96][0x93] ([0xe5][0xad][0xb8][0xe7][0xbf][0x92][0xe8][0xb3][0x87][0xe6][0xba][0x90][0xe4][0xb8][0xad][0xe5][0xbf][0x83][0xe4][0xb8][0x80][0xe6][0xa8][0x93])</span>\n                                    <a href=\"http://artscenter.web.nthu.edu.tw/files/14-1898-110627,r11-1.php?Lang=zh-tw\" target=\"_blank\">Read more</a>\n                                </p>\n                            </div>\n                        </li><li class=\"nbs-flexisel-item\" style=\"width: 350px;\">\n                            <div>\n                                <a href=\"http://bulletin.web.nthu.edu.tw/files/14-1912-110110,r5083-1.php?Lang=zh-tw\" target=\"_blank\"><img src=\"/images/event_148067158850.jpg\" alt=\"[0xe5][0xad][0xab][0xe9][0x81][0x8b][0xe7][0x92][0xbf][0xe7][0xa7][0x91][0xe6][0x8a][0x80][0xe8][0xac][0x9b][0xe5][0xba][0xa7][0xe6][0xbc][0x94][0xe8][0xac][0x9b]\"></a>\n                                <p>\n                                    <span>[0xe5][0xad][0xab][0xe9][0x81][0x8b][0xe7][0x92][0xbf][0xe7][0xa7][0x91][0xe6][0x8a][0x80][0xe8][0xac][0x9b][0xe5][0xba][0xa7][0xe6][0xbc][0x94][0xe8][0xac][0x9b]</span>\n                                    <br><br>[0xe6][0x99][0x82][0xe9][0x96][0x93][0xef][0xbc][0x9a]12/08([0xe5][0x9b][0x9b])[0xe6][0x99][0x9a][0xe4][0xb8][0x8a]7[0xe9][0xbb][0x9e]<br><br>\n                                    <span>[0xe5][0x9c][0xb0][0xe9][0xbb][0x9e][0xef][0xbc][0x9a][0xe5][0x8f][0xb0][0xe7][0xa9][0x8d][0xe9][0xa4][0xa8][0xe4][0xb8][0x80][0xe6][0xa8][0x93][0xe5][0xad][0xab][0xe9][0x81][0x8b][0xe7][0x92][0xbf][0xe6][0xbc][0x94][0xe8][0xac][0x9b][0xe5][0xbb][0xb3]</span>\n                                    <a href=\"http://bulletin.web.nthu.edu.tw/files/14-1912-110110,r5083-1.php?Lang=zh-tw\" target=\"_blank\">Read more</a>\n                                </p>\n                            </div>\n                        </li><li class=\"nbs-flexisel-item\" style=\"width: 350px;\">\n                            <div>\n                                <a href=\"http://artscenter.web.nthu.edu.tw/files/14-1898-108458,r11-1.php?Lang=zh-tw\" target=\"_blank\"><img src=\"/images/event_147935481766.jpg\" alt=\"[0xe5][0x91][0x82][0xe7][0x87][0x95][0xe5][0x8d][0xbf][0xe5][0x89][0xb5][0xe4][0xbd][0x9c][0xe5][0xb1][0x95][0xe2][0x80][0x94][0xe9][0x9f][0xb6][0xe5][0x85][0x89][0xe5][0xa6][0x82][0xe8][0xa9][0xa9]\"></a>\n                                <p>\n                                    <span>[0xe5][0x91][0x82][0xe7][0x87][0x95][0xe5][0x8d][0xbf][0xe5][0x89][0xb5][0xe4][0xbd][0x9c][0xe5][0xb1][0x95][0xe2][0x80][0x94][0xe9][0x9f][0xb6][0xe5][0x85][0x89][0xe5][0xa6][0x82][0xe8][0xa9][0xa9]</span>\n                                    <br><br>[0xe6][0x99][0x82][0xe9][0x96][0x93][0xef][0xbc][0x9a]11/14~2017/1/4<br><br>\n                                    <span>[0xe5][0x9c][0xb0][0xe9][0xbb][0x9e][0xef][0xbc][0x9a][0xe8][0x97][0x9d][0xe8][0xa1][0x93][0xe4][0xb8][0xad][0xe5][0xbf][0x83][0xe5][0xb1][0x95][0xe8][0xa6][0xbd][0xe5][0xbb][0xb3]</span>\n                                    <a href=\"http://artscenter.web.nthu.edu.tw/files/14-1898-108458,r11-1.php?Lang=zh-tw\" target=\"_blank\">Read more</a>\n                                </p>\n                            </div>\n                        </li></ul><div class=\"nbs-flexisel-nav-left\" style=\"top: 219px;\"></div><div class=\"nbs-fle"
01:01:09.073 [Forwarding getPageSource on session d6a0bef0-bd24-11e6-8678-ab184a9d7075 to remote] DEBUG org.apache.http.wire - http-outgoing-0 << "xisel-nav-right\" style=\"top: 219px;\"></div></div></div>\n                <div class=\"clearout\"></div>\n            </div>\n            <!-- -[0xe6][0xa0][0xa1][0xe5][0x85][0xa7][0xe6][0xb4][0xbb][0xe5][0x8b][0x95] end -->\n        \n                    <!-- [0xe4][0xb8][0x8b][0xe6][0x96][0xb9][0xe6][0xa9][0xab][0xe5][0xb9][0x85][0xe8][0xbc][0xaa][0xe6][0x92][0xad] -->\n            <div class=\"width-100 link\">\n                <div class=\"nbs-flexisel-container\"><div class=\"nbs-flexisel-inner\"><ul id=\"flexiselDemo1\" class=\"nbs-flexisel-ul\" style=\"left: -175px; display: block;\">\n                                            <li class=\"nbs-flexisel-item\" style=\"width: 175px;\"><a href=\"http://www.ust.edu.tw/\" target=\"_blank\"><img src=\"/images/a6.jpg\" alt=\"[0xe5][0x8f][0xb0][0xe7][0x81][0xa3][0xe8][0x81][0xaf][0xe5][0x90][0x88][0xe5][0xa4][0xa7][0xe5][0xad][0xb8][0xe7][0xb3][0xbb][0xe7][0xb5][0xb1]\"></a></li><li class=\"nbs-flexisel-item\" style=\"width: 175px;\"><a href=\"http://pims.web.nthu.edu.tw\" target=\"_blank\"><img src=\"/images/activity_148067125998.jpg\" alt=\"[0xe5][0x80][0x8b][0xe8][0xb3][0x87][0xe4][0xbf][0x9d][0xe8][0xad][0xb7][0xe5][0xb0][0x88][0xe5][0x8d][0x80]\"></a></li>\n                                            <li class=\"nbs-flexisel-item\" style=\"width: 175px;\"><a href=\"http://top100.web.nthu.edu.tw\" target=\"_blank\"><img src=\"/images/activity_147756056815.jpg\" alt=\"[0xe9][0x82][0x81][0xe5][0x90][0x91][0xe9][0xa0][0x82][0xe5][0xb0][0x96][0xe5][0xa4][0xa7][0xe5][0xad][0xb8]\"></a></li>\n                                            <li class=\"nbs-flexisel-item\" style=\"width: 175px;\"><a href=\"http://info.web.nthu.edu.tw/bin/home.php\" target=\"_blank\"><img src=\"/images/activity_147756052156.jpg\" alt=\"[0xe6][0xa0][0xa1][0xe5][0x8b][0x99][0xe8][0xb3][0x87][0xe8][0xa8][0x8a][0xe5][0x85][0xac][0xe9][0x96][0x8b]\"></a></li>\n                                            <li class=\"nbs-flexisel-item\" style=\"width: 175px;\"><a href=\"http://college.nthu.edu.tw\" target=\"_blank\"><img src=\"/images/activity_147756049127.jpg\" alt=\"[0xe4][0xbd][0x8f][0xe5][0xae][0xbf][0xe6][0x9b][0xb8][0xe9][0x99][0xa2]\"></a></li>\n                                            <li class=\"nbs-flexisel-item\" style=\"width: 175px;\"><a href=\"http://st.web.nthu.edu.tw/files/11-1884-11079.php\" target=\"_blank\"><img src=\"/images/activity_147756046892.jpg\" alt=\"[0xe8][0xb7][0xa8][0xe9][0xa0][0x98][0xe5][0x9f][0x9f][0xe5][0xad][0xb8][0xe7][0xbf][0x92]\"></a></li>\n                                            <li class=\"nbs-flexisel-item\" style=\"width: 175px;\"><a href=\"http://gencom.web.nthu.edu.tw\" target=\"_blank\"><img src=\"/images/activity_147756032748.jpg\" alt=\"[0xe6][0x80][0xa7][0xe5][0xb9][0xb3][0xe6][0x95][0x99][0xe8][0x82][0xb2][0xe8][0xb3][0x87][0xe8][0xa8][0x8a]\"></a></li>\n                                            <li class=\"nbs-flexisel-item\" style=\"width: 175px;\"><a href=\"http://y105.web.nthu.edu.tw/\" target=\"_blank\"><img src=\"/images/a9.jpg\" alt=\"[0xe5][0x89][0xb5][0xe6][0xa0][0xa1]105[0xe9][0x80][0xb1][0xe5][0xb9][0xb4][0xe6][0x9a][0xa8][0xe5][0x9c][0xa8][0xe8][0x87][0xba][0xe5][0xbb][0xba][0xe6][0xa0][0xa1]60[0xe9][0x80][0xb1][0xe5][0xb9][0xb4][0xe6][0xa0][0xa1][0xe6][0x85][0xb6]\"></a></li>\n                                            <li class=\"nbs-flexisel-item\" style=\"width: 175px;\"><a href=\"http://www.nthu.edu.tw/nobel/index.php\" target=\"_blank\"><img src=\"/images/a2.jpg\" alt=\"[0xe8][0xab][0xbe][0xe8][0xb2][0x9d][0xe7][0x88][0xbe][0xe5][0xa4][0xa7][0xe5][0xb8][0xab][0xe5][0x9c][0xa8][0xe6][0xb8][0x85][0xe8][0x8f][0xaf]\"></a></li>\n                                            <li class=\"nbs-flexisel-item\" style=\"width: 175px;\"><a href=\"http://www.nthu.edu.tw/intro/aboutnthu14.php\" target=\"_blank\"><img src=\"/images/a10.jpg\" alt=\"[0xe6][0xb8][0x85][0xe8][0x8f][0xaf][0xe5][0x93][0x81][0xe7][0x89][0x8c][0xe7][0xae][0xa1][0xe7][0x90][0x86]\"></a></li>\n                                            <li class=\"nbs-flexisel-item\" style=\"width: 175px;\"><a href=\"http://ocic.nthu.edu.tw/ocic/Content02.aspx?c=menu02\" target=\"_blank\"><img src=\"/images/a12.jpg\" alt=\"[0xe7][0x94][0xa2][0xe5][0xad][0xb8][0xe5][0x90][0x88][0xe4][0xbd][0x9c][0xe8][0xb3][0x87][0xe8][0xa8][0x8a][0xe5][0xb9][0xb3][0xe5][0x8f][0xb0]\"></a></li>\n                                            <li class=\"nbs-flexisel-item\" style=\"width: 175px;\"><a href=\"http://nesh.web.nthu.edu.tw/files/11-1021-9390.php\" target=\"_blank\"><img src=\"/images/a13.jpg\" alt=\"[0xe5][0x9e][0x83][0xe5][0x9c][0xbe][0xe4][0xb8][0x8d][0xe8][0x90][0xbd][0xe5][0x9c][0xb0][0xe5][0xb0][0x88][0xe5][0x8d][0x80]\"></a></li>\n                                            <li class=\"nbs-flexisel-item\" style=\"width: 175px;\"><a href=\"http://www.ust.edu.tw/\" target=\"_blank\"><img src=\"/images/a6.jpg\" alt=\"[0xe5][0x8f][0xb0][0xe7][0x81][0xa3][0xe8][0x81][0xaf][0xe5][0x90][0x88][0xe5][0xa4][0xa7][0xe5][0xad][0xb8][0xe7][0xb3][0xbb][0xe7][0xb5][0xb1]\"></a></li>\n                                    <li class=\"nbs-flexisel-item\" style=\"width: 175px;\"><a href=\"http://pims.web.nthu.edu.tw\" target=\"_blank\"><img src=\"/images/activity_148067125998.jpg\" alt=\"[0xe5][0x80][0x8b][0xe8][0xb3][0x87][0xe4][0xbf][0x9d][0xe8][0xad][0xb7][0xe5][0xb0][0x88][0xe5][0x8d][0x80]\"></a></li><li class=\"nbs-flexisel-item\" style=\"width: 175px;\"><a href=\"http://top100.web.nthu.edu.tw\" target=\"_blank\"><img src=\"/images/activity_147756056815.jpg\" alt=\"[0xe9][0x82][0x81][0xe5][0x90][0x91][0xe9][0xa0][0x82][0xe5][0xb0][0x96][0xe5][0xa4][0xa7][0xe5][0xad][0xb8]\"></a></li><li class=\"nbs-flexisel-item\" style=\"width: 175px;\"><a href=\"http://info.we"
01:01:09.074 [Forwarding getPageSource on session d6a0bef0-bd24-11e6-8678-ab184a9d7075 to remote] DEBUG org.apache.http.wire - http-outgoing-0 << "b.nthu.edu.tw/bin/home.php\" target=\"_blank\"><img src=\"/images/activity_147756052156.jpg\" alt=\"[0xe6][0xa0][0xa1][0xe5][0x8b][0x99][0xe8][0xb3][0x87][0xe8][0xa8][0x8a][0xe5][0x85][0xac][0xe9][0x96][0x8b]\"></a></li><li class=\"nbs-flexisel-item\" style=\"width: 175px;\"><a href=\"http://college.nthu.edu.tw\" target=\"_blank\"><img src=\"/images/activity_147756049127.jpg\" alt=\"[0xe4][0xbd][0x8f][0xe5][0xae][0xbf][0xe6][0x9b][0xb8][0xe9][0x99][0xa2]\"></a></li><li class=\"nbs-flexisel-item\" style=\"width: 175px;\"><a href=\"http://st.web.nthu.edu.tw/files/11-1884-11079.php\" target=\"_blank\"><img src=\"/images/activity_147756046892.jpg\" alt=\"[0xe8][0xb7][0xa8][0xe9][0xa0][0x98][0xe5][0x9f][0x9f][0xe5][0xad][0xb8][0xe7][0xbf][0x92]\"></a></li><li class=\"nbs-flexisel-item\" style=\"width: 175px;\"><a href=\"http://gencom.web.nthu.edu.tw\" target=\"_blank\"><img src=\"/images/activity_147756032748.jpg\" alt=\"[0xe6][0x80][0xa7][0xe5][0xb9][0xb3][0xe6][0x95][0x99][0xe8][0x82][0xb2][0xe8][0xb3][0x87][0xe8][0xa8][0x8a]\"></a></li><li class=\"nbs-flexisel-item\" style=\"width: 175px;\"><a href=\"http://y105.web.nthu.edu.tw/\" target=\"_blank\"><img src=\"/images/a9.jpg\" alt=\"[0xe5][0x89][0xb5][0xe6][0xa0][0xa1]105[0xe9][0x80][0xb1][0xe5][0xb9][0xb4][0xe6][0x9a][0xa8][0xe5][0x9c][0xa8][0xe8][0x87][0xba][0xe5][0xbb][0xba][0xe6][0xa0][0xa1]60[0xe9][0x80][0xb1][0xe5][0xb9][0xb4][0xe6][0xa0][0xa1][0xe6][0x85][0xb6]\"></a></li><li class=\"nbs-flexisel-item\" style=\"width: 175px;\"><a href=\"http://www.nthu.edu.tw/nobel/index.php\" target=\"_blank\"><img src=\"/images/a2.jpg\" alt=\"[0xe8][0xab][0xbe][0xe8][0xb2][0x9d][0xe7][0x88][0xbe][0xe5][0xa4][0xa7][0xe5][0xb8][0xab][0xe5][0x9c][0xa8][0xe6][0xb8][0x85][0xe8][0x8f][0xaf]\"></a></li><li class=\"nbs-flexisel-item\" style=\"width: 175px;\"><a href=\"http://www.nthu.edu.tw/intro/aboutnthu14.php\" target=\"_blank\"><img src=\"/images/a10.jpg\" alt=\"[0xe6][0xb8][0x85][0xe8][0x8f][0xaf][0xe5][0x93][0x81][0xe7][0x89][0x8c][0xe7][0xae][0xa1][0xe7][0x90][0x86]\"></a></li><li class=\"nbs-flexisel-item\" style=\"width: 175px;\"><a href=\"http://ocic.nthu.edu.tw/ocic/Content02.aspx?c=menu02\" target=\"_blank\"><img src=\"/images/a12.jpg\" alt=\"[0xe7][0x94][0xa2][0xe5][0xad][0xb8][0xe5][0x90][0x88][0xe4][0xbd][0x9c][0xe8][0xb3][0x87][0xe8][0xa8][0x8a][0xe5][0xb9][0xb3][0xe5][0x8f][0xb0]\"></a></li><li class=\"nbs-flexisel-item\" style=\"width: 175px;\"><a href=\"http://nesh.web.nthu.edu.tw/files/11-1021-9390.php\" target=\"_blank\"><img src=\"/images/a13.jpg\" alt=\"[0xe5][0x9e][0x83][0xe5][0x9c][0xbe][0xe4][0xb8][0x8d][0xe8][0x90][0xbd][0xe5][0x9c][0xb0][0xe5][0xb0][0x88][0xe5][0x8d][0x80]\"></a></li></ul><div class=\"nbs-flexisel-nav-left\" style=\"top: 25.5px;\"></div><div class=\"nbs-flexisel-nav-right\" style=\"top: 25.5px;\"></div></div></div>\n                <div class=\"clearout\"></div>\n            </div>\n            <!-- [0xe4][0xb8][0x8b][0xe6][0x96][0xb9][0xe6][0xa9][0xab][0xe5][0xb9][0x85][0xe8][0xbc][0xaa][0xe6][0x92][0xad] end -->\n        \n        <!-- [0xe4][0xb8][0x8b][0xe6][0x96][0xb9][0xe5][0xa4][0xa7][0xe9][0xa0][0x85] -->\n        <div class=\"width-100 icon\">\n            <div><a href=\"http://nthu-president.vm.nthu.edu.tw/\" target=\"_blank\"><img src=\"images/icon01.png\" alt=\"[0xe6][0xa0][0xa1][0xe9][0x95][0xb7][0xe4][0xbf][0xa1][0xe7][0xae][0xb1]\"><p>[0xe6][0xa0][0xa1][0xe9][0x95][0xb7][0xe4][0xbf][0xa1][0xe7][0xae][0xb1]</p></a></div>\n            <div><a href=\"https://www.ccxp.nthu.edu.tw/ccxp/INQUIRE/OT/QA/\" target=\"_blank\"><img src=\"images/icon03.png\" alt=\"[0xe5][0x90][0x88][0xe6][0xa0][0xa1]Q &amp; A\"><p>[0xe5][0x90][0x88][0xe6][0xa0][0xa1]Q &amp; A</p></a></div>\n            <div><a href=\"http://www1.nthu.edu.tw/reporting.php\" target=\"_blank\"><img src=\"images/icon02.png\" alt=\"[0xe6][0x84][0x8f][0xe8][0xa6][0x8b][0xe5][0x8f][0x8d][0xe6][0x87][0x89][0xe9][0x80][0x9a][0xe5][0xa0][0xb1]\"><p>[0xe6][0x84][0x8f][0xe8][0xa6][0x8b][0xe5][0x8f][0x8d][0xe6][0x87][0x89][0xe9][0x80][0x9a][0xe5][0xa0][0xb1]</p></a></div>\n            <div><a href=\"http://bulletin.web.nthu.edu.tw/\" target=\"_blank\"><img src=\"images/icon05.png\" alt=\"[0xe5][0x85][0xac][0xe5][0x91][0x8a][0xe8][0x88][0x87][0xe6][0xb4][0xbb][0xe5][0x8b][0x95]\"><p>[0xe5][0x85][0xac][0xe5][0x91][0x8a][0xe8][0x88][0x87][0xe6][0xb4][0xbb][0xe5][0x8b][0x95]</p></a></div>\n            <div><a href=\"http://www1.nthu.edu.tw/focuson.php\" target=\"_blank\"><img src=\"images/icon04.png\" alt=\"[0xe6][0xb8][0x85][0xe8][0x8f][0xaf][0xe7][0x84][0xa6][0xe9][0xbb][0x9e]\"><p>[0xe6][0xb8][0x85][0xe8][0x8f][0xaf][0xe7][0x84][0xa6][0xe9][0xbb][0x9e]</p></a></div>\n        </div>\n        <!-- [0xe4][0xb8][0x8b][0xe6][0x96][0xb9][0xe5][0xa4][0xa7][0xe9][0xa0][0x85] -->\n\n        </div>\n</section>\n<footer>\n\t<div class=\"container\">\n    \t<div><a href=\"/sitemap\" accesskey=\"B\" class=\"tab\" title=\"[0xe4][0xb8][0x8b][0xe6][0x96][0xb9][0xe5][0x85][0xa7][0xe5][0xae][0xb9][0xe5][0x8d][0x80]\">:::</a><a href=\"/\"><img src=\"images/footer-logo.png\" alt=\"[0xe5][0x9c][0x8b][0xe7][0xab][0x8b][0xe6][0xb8][0x85][0xe8][0x8f][0xaf][0xe5][0xa4][0xa7][0xe5][0xad][0xb8]logo\"></a></div>\n        <div>\n        \t<ul>\n            \t<li>Copyright[0xc2][0xa9]2016<br>National Tsing Hua<br>University ALL<br>RIGHTS RESERVED.</li>\n                <li><a href=\"mailto:web@cc.nthu.edu.tw\" target=\"_blank\"><i class=\"fa fa-chevron-right\" aria-hidden=\"true\"></i> [0xe8][0x81][0xaf][0xe7][0xb5][0xa1][0xe6][0x88][0x91][0xe5][0x80][0x91]</a></li>\n                <li><a href=\"http://campusmap.cc.nthu.edu.tw/\" target=\"_blank\"><i class=\"fa fa-chevron-right\" aria-hidden=\"true\"></i> [0xe6][0xa0][0xa1][0xe5][0x9c][0x92][0xe5][0x9c][0xb0][0xe5][0x9c][0x96]</a></li>\n                <li><a href=\"http://my.nthu.edu.tw/~maps3d/\" target=\"_blank\"><i class=\"fa fa-chevron-right\" aria-hidden=\"true\"></i> 3D[0xe6][0xa0][0xa1][0xe5][0x9c][0x92][0xe5][0xb0][0x8e][0xe8][0xa6][0xbd]</a></li>\n                <li><a href=\"http://campusmap.cc.nthu.edu.tw/graphics/nthu_campus_map.jpg\" target=\"_blank\"><i class=\"fa fa-chevron-right\" aria-hidden=\"true\"></i> [0xe6][0xa0][0xa1][0xe5][0x9c][0x92][0xe5][0xb0][0x8e][0xe8][0xa6][0xbd][0xe5][0x9c][0x96]</a></li>\n            </ul>"
01:01:09.075 [Forwarding getPageSource on session d6a0bef0-bd24-11e6-8678-ab184a9d7075 to remote] DEBUG org.apache.http.wire - http-outgoing-0 << "\n        </div>\n        <div>\n        \t<ul>\n            \t<li>QUICK LINK</li>\n                <li><a href=\"http://www1.nthu.edu.tw/elearning2.php\"><i class=\"fa fa-chevron-right\" aria-hidden=\"true\"></i> [0xe6][0x95][0xb8][0xe4][0xbd][0x8d][0xe5][0xad][0xb8][0xe7][0xbf][0x92] / [0xe7][0xb7][0x9a][0xe4][0xb8][0x8a][0xe8][0xaa][0xb2][0xe7][0xa8][0x8b]</a></li>\n                <li><a href=\"http://academic.web.nthu.edu.tw/files/90-1009-6.php\" target=\"_blank\"><i class=\"fa fa-chevron-right\" aria-hidden=\"true\"></i> [0xe7][0x8d][0x8e][0xe5][0x8a][0xa9][0xe5][0xad][0xb8][0xe9][0x87][0x91]</a></li>\n                <li><a href=\"http://eas.web.nthu.edu.tw/files/11-1161-3647.php\" target=\"_blank\"><i class=\"fa fa-chevron-right\" aria-hidden=\"true\"></i> [0xe7][0xa4][0xbe][0xe5][0x9c][0x98][0xe8][0xb3][0x87][0xe8][0xa8][0x8a]</a></li>\n                <li><a href=\"http://www.media.nthu.edu.tw/channel/show/id/90\" target=\"_blank\"><i class=\"fa fa-chevron-right\" aria-hidden=\"true\"></i> [0xe6][0xb8][0x85][0xe8][0x8f][0xaf][0xe7][0xb0][0xa1][0xe4][0xbb][0x8b]</a></li>\n                <li><a href=\"http://livecam.web.nthu.edu.tw/files/14-1931-97850.php\" target=\"_blank\"><i class=\"fa fa-chevron-right\" aria-hidden=\"true\"></i> [0xe6][0xa0][0xa1][0xe6][0x99][0xaf][0xe5][0x8d][0xb3][0xe6][0x99][0x82][0xe7][0x9c][0x8b]</a></li>\n                <li><a href=\"http://www.facebook.com/nthu.tw\" target=\"_blank\"><i class=\"fa fa-chevron-right\" aria-hidden=\"true\"></i> NTHU FB</a></li>\n            </ul>\n        </div>\n         <div>\n        \t<ul>\n            \t<li>CONTACT</li>\n                <li><img src=\"images/footer-icon01.png\" alt=\" \">30013 [0xe6][0x96][0xb0][0xe7][0xab][0xb9][0xe5][0xb8][0x82][0xe5][0x85][0x89][0xe5][0xbe][0xa9][0xe8][0xb7][0xaf][0xe4][0xba][0x8c][0xe6][0xae][0xb5]101[0xe8][0x99][0x9f] </li>\n                <li><img src=\"images/footer-icon02.png\" alt=\" \">[0xe7][0xb8][0xbd][0xe6][0xa9][0x9f][0xef][0xbc][0x9a]03-5715131 </li>\n                <li><img src=\"images/footer-icon03.png\" alt=\" \">[0xe7][0xb5][0xb1][0xe4][0xb8][0x80][0xe7][0xb7][0xa8][0xe8][0x99][0x9f][0xef][0xbc][0x9a]46804804 </li>\n                <li><img src=\"images/footer-icon04.png\" alt=\" \"><p>VoIP [0xe7][0xb8][0xbd][0xe6][0xa9][0x9f][0xe4][0xbb][0xa3][0xe8][0xa1][0xa8][0xe8][0x99][0x9f][0xef][0xbc][0x9a]930-50000<br>[0xe8][0xbd][0x89][0xe6][0x8e][0xa5][0xe6][0x88][0x96][0xe7][0x9b][0xb4][0xe6][0x92][0xa5] 930+[0xe5][0x88][0x86][0xe6][0xa9][0x9f][0xe8][0x99][0x9f]</p></li>\n            </ul>\n        </div>   \n    </div>\n</footer>\n</div>\n\n                <noscript>[0xe6][0x9c][0xac]Script[0xe5][0x8a][0x9f][0xe8][0x83][0xbd][0xe6][0x8f][0x90][0xe4][0xbe][0x9b][0xe8][0xb7][0x91][0xe9][0xa6][0xac][0xe7][0x87][0x88][0xe6][0x92][0xad][0xe5][0x8a][0x9f][0xe8][0x83][0xbd][0xef][0xbc][0x8c][0xe8][0x8b][0xa5][0xe6][0x82][0xa8][0xe7][0x9a][0x84][0xe7][0x80][0x8f][0xe8][0xa6][0xbd][0xe5][0x99][0xa8][0xe4][0xb8][0x8d][0xe6][0x94][0xaf][0xe6][0x8f][0xb4][0xe6][0xad][0xa4][0xe9][0xa0][0x85][0xe5][0x8a][0x9f][0xe8][0x83][0xbd][0xef][0xbc][0x8c][0xe4][0xb9][0x9f][0xe4][0xb8][0x8d][0xe5][0xbd][0xb1][0xe9][0x9f][0xbf][0xe4][0xbd][0xa0][0xe9][0x96][0xb1][0xe8][0xae][0x80][0xe6][0x9c][0xac][0xe7][0xb6][0xb2][0xe7][0xab][0x99][0xe8][0xb3][0x87][0xe8][0xa8][0x8a][0xe3][0x80][0x82]</noscript>\n\n        <script type=\"text/javascript\">\n\n            $(window).load(function () {\n                $(\"#flexiselDemo2\").flexisel({\n                    visibleItems: 4,\n                    animationSpeed: 1000,\n                    autoPlay: false,\n                    autoPlaySpeed: 3000,\n                    pauseOnHover: true,\n                    enableResponsiveBreakpoints: true,\n                    responsiveBreakpoints: {\n                        portrait: {\n                            changePoint: 480,\n                            visibleItems: 1\n                        },\n                        landscape: {\n                            changePoint: 640,\n                            visibleItems: 2\n                        },\n                        tablet: {\n                            changePoint: 768,\n                            visibleItems: 3\n                        }\n                    }\n                });\n            });\n\n            $(window).load(function () {\n\n                $(\"#flexiselDemo1\").flexisel({\n                    visibleItems: 6,\n                    animationSpeed: 1000,\n                    autoPlay: true,\n                    autoPlaySpeed: 6000,\n                    pauseOnHover: true,\n                    enableResponsiveBreakpoints: true,\n                    responsiveBreakpoints: {\n                        portrait: {\n                            changePoint: 480,\n                            visibleItems: 2\n                        },\n                        landscape: {\n                            changePoint: 640,\n                            visibleItems: 3\n                        },\n                        tablet: {\n                            changePoint: 768,\n                            visibleItems: 4\n                        }\n                    }\n                });\n\n            })\n        </script>\n        <noscript>[0xe6][0x9c][0xac]Script[0xe5][0x8a][0x9f][0xe8][0x83][0xbd][0xe6][0x8f][0x90][0xe4][0xbe][0x9b][0xe5][0xb0][0x8f][0xe5][0xbb][0xa3][0xe5][0x91][0x8a][0xe8][0xbc][0xaa][0xe6][0x92][0xad][0xe5][0x8a][0x9f][0xe8][0x83][0xbd][0xef][0xbc][0x8c][0xe8][0x8b][0xa5][0xe6][0x82][0xa8][0xe7][0x9a][0x84][0xe7][0x80][0x8f][0xe8][0xa6][0xbd][0xe5][0x99][0xa8][0xe4][0xb8][0x8d][0xe6][0x94][0xaf][0xe6][0x8f][0xb4][0xe6][0xad][0xa4][0xe9][0xa0][0x85][0xe5][0x8a][0x9f][0xe8][0x83][0xbd][0xef][0xbc][0x8c][0xe4][0xb9][0x9f][0xe4][0xb8][0x8d][0xe5][0xbd][0xb1][0xe9][0x9f][0xbf][0xe4][0xbd][0xa0][0xe9][0x96][0xb1][0xe8][0xae][0x80][0xe6][0x9c][0xac][0xe7][0xb6][0xb2][0xe7][0xab][0x99][0xe8][0xb3][0x87][0xe8][0xa8][0x8a][0xe3][0x80][0x82]</noscript>\n\n    \n\n\n<div class=\"btn-up\"></div></body></html>"}"
01:01:09.075 [Forwarding getPageSource on session d6a0bef0-bd24-11e6-8678-ab184a9d7075 to remote] DEBUG org.apache.http.impl.conn.PoolingHttpClientConnectionManager - Connection [id: 0][route: {}->http://localhost:23446] can be kept alive indefinitely
01:01:09.075 [Forwarding getPageSource on session d6a0bef0-bd24-11e6-8678-ab184a9d7075 to remote] DEBUG org.apache.http.impl.conn.PoolingHttpClientConnectionManager - Connection released: [id: 0][route: {}->http://localhost:23446][total kept alive: 1; route allocated: 1 of 2000; total allocated: 1 of 2000]
<!DOCTYPE html><html class=" js csstransitions"><head>
        <meta charset="utf-8">
        <title>國立清華大學</title>

        <meta property="og:title" content="國立清華大學">
        <meta property="og:url" content="http://www.nthu.edu.tw/">
        <meta property="og:description" content="國立清華大學-1909年以美國退還庚子賠款，成立游美學務處選派學生留美。1911年設校稱清華學堂。幾經戰亂，1955年復校於新竹。清華大學復校初期重點為原子科學，其後則擴展至理工方面，近十幾年來更積極發展人文社會、生命科學、電機資訊與科技管理；漸漸地，清華已成為一文、理、工均衡發展的學府。秉持「自強不息，厚德載物」校訓，致力培育德、智、體、群、美五育兼優，兼具科學與人文素養的領導者和社會公民。">
        <meta property="og:image" content="http://www.nthu.edu.tw/_img/NTHU-logo.png">
        <meta name="keywords" content="National Tsing Hua University,國立清華大學,清華,清大">
        <meta name="description" content="國立清華大學-1909年以美國退還庚子賠款，成立游美學務處選派學生留美。1911年設校稱清華學堂。幾經戰亂，1955年復校於新竹。清華大學復校初期重點為原子科學，其後則擴展至理工方面，近十幾年來更積極發展人文社會、生命科學、電機資訊與科技管理；漸漸地，清華已成為一文、理、工均衡發展的學府。秉持「自強不息，厚德載物」校訓，致力培育德、智、體、群、美五育兼優，兼具科學與人文素養的領導者和社會公民。">

        <meta name="viewport" content="width=device-width, initial-scale=1.0">
<meta http-equiv="X-UA-Compatible" content="IE=9; IE=8; IE=7">
<base href="http://www.nthu.edu.tw//public/">
<link rel="shortcut icon" type="image/x-icon" href="http://www.nthu.edu.tw/favicon-nthu.ico"> <!--favicon.ico-->
<link href="style/reset.css" rel="stylesheet" type="text/css">
<link href="style/header.css" rel="stylesheet" type="text/css">
<link href="style/footer.css" rel="stylesheet" type="text/css">

<!--js-->

<script src="js/jquery-1.8.2.min.js" type="text/javascript"></script>
<script src="js/CreateHTML5Elements.js" type="text/javascript"></script>
<script src="js/jquery.easing.1.3.js" type="text/javascript"></script>
<script src="js/modernizr.custom.js" type="text/javascript"></script>
<script src="js/jquery-ui-1.10.1.custom.min.js" type="text/javascript"></script>
<script src="js/custom.js" type="text/javascript"></script>
<noscript>以上六個Script功能提供基本運作功能，若您的瀏覽器不支援此項功能，也不影響你閱讀本網站資訊。</noscript>

<!-- Menu -->

<script src="js/jquery.meanmenu.js"></script>
<script>
    jQuery(document).ready(function () {
        jQuery('nav').meanmenu();
    });
</script>

<!-- SEARCH -->

<script type="text/javascript">
$(document).ready(function(){
	// search
	$('#searchBtn').click(function () {
		$('#searchForm').attr('action', '/searchUrl/index');

		$('#searchForm').attr('method', 'get');
		$('#searchForm').attr('target', '_blank');
		$('#searchForm').submit();
	})
});
</script>

<noscript>本Script功能提供選單功能，若您的瀏覽器不支援此項功能，也不影響你閱讀本網站資訊。</noscript>

<!--收合-->
<script type="text/javascript">
    function carrousel_show_cover(id) {
        $("#hide_text_" + id).slideToggle(100);
    }

    function carrousel_hide_cover(id) {
        $("#hide_text_" + id).hide(10);
    }
</script>

<script src="js/nthu.js"></script>        <link href="style/index.css" rel="stylesheet" type="text/css">

        <!-- FlexSlider -->
        <script defer="" src="js/jquery.flexslider.js"></script>
        <script type="text/javascript">
            $(window).load(function () {
                $('.flexslider').flexslider({
                    animation: "slide"
                });
            });
        </script>
        <noscript>本Script功能提供廣告輪播功能，若您的瀏覽器不支援此項功能，也不影響你閱讀本網站資訊。</noscript>

        <!-- Flexisel -->
        <script src="js/jquery.flexisel.js"></script>
        <noscript>本Script功能提供小廣告輪播功能，若您的瀏覽器不支援此項功能，也不影響你閱讀本網站資訊。</noscript>

    </head>

    <body class="mean-container"><div class="mean-bar"><a href="#nav" class="meanmenu-reveal" style="background:;color:;right:0;left:auto;"><span></span><span></span><span></span></a><nav class="mean-nav">
	<ul style="display: none;">
    	<li><a href="/about">認識清華</a></li><!--<i class="fa fa-angle-down" aria-hidden="true"></i>-->
        <li><a href="/units/administrative">行政單位</a></li><!--<i class="fa fa-angle-down" aria-hidden="true"></i>-->
        <li><a href="/units/education">教學單位</a></li><!--<i class="fa fa-angle-down" aria-hidden="true"></i>-->
        <li><a href="/units/researchCenter">研究中心</a></li><!--<i class="fa fa-angle-down" aria-hidden="true"></i>-->
        <li><a href="http://www.lib.nthu.edu.tw/" target="_blank">圖書館</a></li><!--<i class="fa fa-angle-down" aria-hidden="true"></i>-->
        <li><a href="http://www.cc.nthu.edu.tw/bin/home.php">計算機與通訊中心</a></li><!--<i class="fa fa-angle-down" aria-hidden="true"></i>-->
        <li><a href="http://admission.nthu.edu.tw/">招生專區</a></li>
        <li><a href="https://www.ccxp.nthu.edu.tw/ccxp/INQUIRE/">校務資訊系統</a></li>
        <li class="mean-last"><a href="http://www.nhcue.edu.tw" target="_blank">南大校區</a></li>
    </ul>
</nav></div>
        <div class="weapper">
<header>
	<div class="container">
        <div class="logo"><a href="/"><img src="images/logo.png" alt="國立清華大學logo"></a></div>
        <div class="top">
		
        	<ul>
				<a href="/sitemap" accesskey="U" class="tab" title="上方選單區">:::</a>
            	<li>
                	<!-- -------------------------- { 搜尋區 } -------------------------- -->
                    <form name="searchForm" id="searchForm" method="get" accept-charset="utf-8">
                        <div class="width-25">
                        	<select id="type" name="type">
                        	  <option>Web</option>
                              <option value="1">People</option>
                              <option value="2">Offices</option>
                        	</select>
                        </div>
                        <div class="width-75 input">
                            <input name="q" id="q" type="text" placeholder="search"><input name="searchBtn" id="searchBtn" type="button">
                        </div>
                    </form>
                    <!-- -------------------------- { 搜尋區 end } -------------------------- -->

                    <div class="width-100 pull-right text">
                        <a href="http://www.nhcue.edu.tw" target="_blank">南大校區</a> | 
                        <a href="/sitemap" target="_blank">網站導覽</a> | 
                        <a href="http://dgaa.web.nthu.edu.tw/files/11-1074-2942.php" target="_blank">行事曆</a> | 
                        <a href="http://dud.web.nthu.edu.tw/files/11-1675-9374.php?Lang=zh-tw" target="_blank">捐款</a> | 
                        <a href="http://nthu-en.web.nthu.edu.tw/bin/home.php" target="_blank">English</a>
                    </div>
                </li>
                <li>
                    <a href="/entrance/student" target="_blank">在校生</a> | 
                    <a href="http://oga.nthu.edu.tw/" target="_blank">International Students</a> | 
                    <a href="http://gsa.web.nthu.edu.tw/files/11-1146-3222.php" target="_blank">僑 生</a> | 
                    <a href="http://oga.nthu.edu.tw/cont.php?id=398&amp;m=m141&amp;mm=mm142&amp;tc=8&amp;lang=big5" target="_blank">陸  生</a><span>|</span>
                </li>

                <li>
                    <a href="/entrance/teacher" target="_blank">教職員</a> | 
                    <a href="http://alumni.web.nthu.edu.tw/bin/home.php" target="_blank">校友</a> | 
                    <a href="http://admission.nthu.edu.tw/" target="_blank">未來學生</a> | 
                    <a href="/entrance/visitor" target="_blank">訪 客</a> | 
                    <a href="http://www1.nthu.edu.tw/" target="_blank">舊版首頁</a>
                </li>

                <li>
                    <a href="/hotNews">首頁故事</a> | 
                    <a href="/periodical">清華簡訊</a> | 
                    <a href="/newsLetter">NTHU Newsletter</a>
                </li>

                

            </ul>
        </div>
    </div>
</header>

<section>
<div class="container">
    <div class="mean-push"></div><nav class="main_menu" style="display: none;">
	<ul>
    	<li><a href="/about">認識清華</a></li><!--<i class="fa fa-angle-down" aria-hidden="true"></i>-->
        <li><a href="/units/administrative">行政單位</a></li><!--<i class="fa fa-angle-down" aria-hidden="true"></i>-->
        <li><a href="/units/education">教學單位</a></li><!--<i class="fa fa-angle-down" aria-hidden="true"></i>-->
        <li><a href="/units/researchCenter">研究中心</a></li><!--<i class="fa fa-angle-down" aria-hidden="true"></i>-->
        <li><a href="http://www.lib.nthu.edu.tw/" target="_blank">圖書館</a></li><!--<i class="fa fa-angle-down" aria-hidden="true"></i>-->
        <li><a href="http://www.cc.nthu.edu.tw/bin/home.php">計算機與通訊中心</a></li><!--<i class="fa fa-angle-down" aria-hidden="true"></i>-->
        <li><a href="http://admission.nthu.edu.tw/">招生專區</a></li>
        <li><a href="https://www.ccxp.nthu.edu.tw/ccxp/INQUIRE/">校務資訊系統</a></li>
        <li><a href="http://www.nhcue.edu.tw" target="_blank">南大校區</a></li>
    </ul>
</nav>
        <a href="" accesskey="L" class="tab" title="中間內容區">:::</a>

                    <!-- 首頁故事 -->
            <div class="slider">
                <div class="flexslider">
                    
                <div class="flex-viewport" style="overflow: hidden; position: relative;"><ul class="slides" style="width: 1000%; -webkit-transition: 0s; transition: 0s; -webkit-transform: translate3d(-380px, 0, 0);"><li class="clone" aria-hidden="true" style="width: 380px; float: left; display: block;"><a href="/hotNews/content/114"><img src="/images/hnMain_148067228090.jpg" alt="頂尖科學家齊聚台灣 高熵合金研究邁向新紀元" draggable="false"><div>頂尖科學家齊聚台灣 高熵合金研究邁向新紀元</div></a></li>
                                                    <li style="width: 380px; float: left; display: block;" class="flex-active-slide"><a href="/hotNews/content/116"><img src="/images/hnMain_148029985673.jpg" alt="全校運動會落幕 男子100公尺創清華新疾速傳說" draggable="false"><div>全校運動會落幕 男子100公尺創清華新疾速傳說</div></a></li>
                                                    <li style="width: 380px; float: left; display: block;"><a href="/hotNews/content/115"><img src="/images/hnMain_148117961413.jpg" alt="本校6位教師獲105年吳大猷先生紀念獎" draggable="false"><div>本校6位教師獲105年吳大猷先生紀念獎</div></a></li>
                                                    <li style="width: 380px; float: left; display: block;"><a href="/hotNews/content/114"><img src="/images/hnMain_148067228090.jpg" alt="頂尖科學家齊聚台灣 高熵合金研究邁向新紀元" draggable="false"><div>頂尖科學家齊聚台灣 高熵合金研究邁向新紀元</div></a></li>
                                            <li style="width: 380px; float: left; display: block;" class="clone" aria-hidden="true"><a href="/hotNews/content/116"><img src="/images/hnMain_148029985673.jpg" alt="全校運動會落幕 男子100公尺創清華新疾速傳說" draggable="false"><div>全校運動會落幕 男子100公尺創清華新疾速傳說</div></a></li></ul></div><ol class="flex-control-nav flex-control-paging"><li><a class="flex-active">1</a></li><li><a>2</a></li><li><a>3</a></li></ol><ul class="flex-direction-nav"><li class="flex-nav-prev"><a class="flex-prev" href="#">Previous</a></li><li class="flex-nav-next"><a class="flex-next" href="#">Next</a></li></ul></div>
            </div>
            <!-- 首頁故事 end -->
        
        <div class="width-100 main">

            
                            <!-- 卓越獎項 -->
                <div>
                    <h1>卓 越 獎 項</h1>
                    <ul>
                                                    <li><a href="/award/content/107">化工系陳信文教授榮獲美國TMS學會｢2017年功能性材料傑出科學家/工程師獎｣</a></li>
                                                    <li><a href="/award/content/106">化工系黃振煌助理教授榮獲2016年百大科技研發獎(R&amp;D 100 Awards)</a></li>
                                                    <li><a href="/award/content/105">生科院江安世院長當選TWAS新任院士</a></li>
                                                    <li><a href="/award/content/104">化學系王素蘭教授、物理系郭瑞年教授及電機系張正尚教授榮獲教育部第20屆國家講座</a></li>
                                                    <li><a href="/award/content/103">物理系張敬民教授、資工系許健平教授、語言所梅廣教授、統計所曾勝滄教授榮獲教育部第60屆學術獎</a></li>
                                                    <li><a href="/award/content/102">化學系江昀緯副教授、電機系翁詠祿副教授、工工系廖崇碩副教授、化工系衛子健副教授、中文系顏健富副教授、竹教大英語系楊蕙君副教授獲105年吳大猷先生紀念獎</a></li>
                                                <a href="/award">Read more</a>
                    </ul>
                </div>
                <!-- 卓越獎項 end -->
            
                            <!-- 清華新聞 -->
                <div>
                    <h1>清 華 新 聞</h1>
                                            <div>
                            <div class="width-28"><img src="/images/news_147755965777.jpg" alt="創業學臺灣 清大「財務管理」課程風靡對岸"></div>
                            <div class="width-72">
                                <p class="fontsize18">創業學臺灣 清大「財務管理」課程風靡對岸</p>
                                <p>對岸許多大學生摩拳擦掌想創業，線上學財務管理正夯！由國立清華大學計量財務金融學...<a href="http://secretary.web.nthu.edu.tw/files/15-1160-108027,c8330-1.php?Lang=zh-tw" target="_blank">Read more</a></p>
                            </div>
                        </div>
                                            <div>
                            <div class="width-28"><img src="/images/news_147314981267.jpg" alt="兩岸三地薪火相傳 台港陸三校學生體驗不同文化"></div>
                            <div class="width-72">
                                <p class="fontsize18">兩岸三地薪火相傳 台港陸三校學生體驗不同文化</p>
                                <p>國立清華大學及香港中文大學聯合書院、北京清華大學第五屆兩岸三地薪火計畫...<a href="http://secretary.web.nthu.edu.tw/files/15-1160-106192,c8330-1.php?Lang=zh-tw" target="_blank">Read more</a></p>
                            </div>
                        </div>
                                            <div>
                            <div class="width-28"><img src="/images/news_147314964239.jpg" alt="F1賽車、AI機器人 清華學子打造幻想未來"></div>
                            <div class="width-72">
                                <p class="fontsize18">F1賽車、AI機器人 清華學子打造幻想未來</p>
                                <p>念機械系不光只是當修車黑手，國立清華大學動力機械系學生不僅打造F1賽車、AI自動化...<a href="http://secretary.web.nthu.edu.tw/files/15-1160-105559,c8330-1.php?Lang=zh-tw" target="_blank">Read more</a></p>
                            </div>
                        </div>
                                            <div>
                            <div class="width-28"><img src="/images/news_147314951687.jpg" alt="清大磨課師前進歐洲於FutureLearn平台教你預..."></div>
                            <div class="width-72">
                                <p class="fontsize18">清大磨課師前進歐洲於FutureLearn平台教你預...</p>
                                <p>「清華磨課師」前進歐洲。國立清華大學本月與英國最大線上教學平台FutureLearn簽約...<a href="http://secretary.web.nthu.edu.tw/files/15-1160-105558,c8330-1.php?Lang=zh-tw" target="_blank">Read more</a></p>
                            </div>
                        </div>
                                    </div>
                <!-- 清華新聞 end -->
            
                            <!-- 影音新聞 -->
                <div>
                    <h1>影 音 新 聞</h1>
                                            <div class="width-100 video">
                            <div class="width-65"><iframe width="560" height="315" src="https://www.youtube.com/embed/zKU7-DstApM" frameborder="0" allowfullscreen="" title="「梅」不勝收 清華梅園再植百棵新梅"></iframe></div>
                            <div class="width-35">
                                <p class="fontsize18">國立清華大學「梅園」為前校長梅貽琦長眠之地，園內遍植梅樹，每年梅花盛開季節常吸引民眾組團賞梅。不過近年受到白蟻蛀蝕，梅樹健康狀況不佳，清華校友、奕青莊園莊主吳佳懋得知後，決捐贈100棵梅樹苗，在12月3日舉辦「梅樹清香，樹造新葉」植樹活動，邀...</p>
                            </div>
                            <a href="http://nthunews.media.nthu.edu.tw/" target="_blank">Read more</a>
                        </div>
                                    </div>
                <!-- 影音新聞 end -->
            
                            <!-- 媒體報導 -->
                <div>
                    <h1>媒 體 報 導</h1>
                    <ul>
                                                    <li><a href="/mediaReport/content/83">科技律師學苑 清大開辦</a></li>
                                                    <li><a href="/mediaReport/content/82">教授下鄉教數學 洪文良「嵌名聯」激勵學子</a></li>
                                                    <li><a href="/mediaReport/content/81">推翻傳統金屬材料迷思 新合金材料即將問世</a></li>
                                                    <li><a href="/mediaReport/content/80">無敵合金材料 7日在清華發表</a></li>
                                                    <li><a href="/mediaReport/content/79">耐高溫高熵合金問世 清大教授開創材料產業新契機</a></li>
                                                    <li><a href="/mediaReport/content/78">清大竹教大合併 校巴上路附小揭牌</a></li>
                                                    <li><a href="/mediaReport/content/77">清大竹教大合併第一天　竹大附小改名清大附小</a></li>
                                                    <li><a href="/mediaReport/content/76">清華、竹教大合併　附小擬開雙語班</a></li>
                                                    <li><a href="/mediaReport/content/75">清大竹教大合併 校巴上路附小揭牌</a></li>
                                                    <li><a href="/mediaReport/content/74"> 清華大學附設實驗小學揭牌</a></li>
                                                <a href="/mediaReport">Read more</a>
                    </ul>
                </div>
                <!-- 媒體報導 end -->
            
        </div>

                    <!-- 校內活動 -->
            <div class="width-100">
                <h1>校 內 活 動</h1>
                <div class="nbs-flexisel-container"><div class="nbs-flexisel-inner"><ul id="flexiselDemo2" class="nbs-flexisel-ul" style="left: -350px; display: block;">
                                            <li class="nbs-flexisel-item" style="width: 350px;">
                            <div>
                                <a href="http://artscenter.web.nthu.edu.tw/files/14-1898-107627,r11-1.php?Lang=zh-tw" target="_blank"><img src="/images/event_147756005917.jpg" alt="不散．夜貓子電影院十週年精選影展"></a>
                                <p>
                                    <span>不散．夜貓子電影院十週年精選影展</span>
                                    <br><br>時間：11/01~12/31每週二、六<br><br>
                                    <span>地點：合勤演藝廳、蘇格貓底</span>
                                    <a href="http://artscenter.web.nthu.edu.tw/files/14-1898-107627,r11-1.php?Lang=zh-tw" target="_blank">Read more</a>
                                </p>
                            </div>
                        </li><li class="nbs-flexisel-item" style="width: 350px;">
                            <div>
                                <a href="http://ctld.nthu.edu.tw/course/index.php?mode=detail&amp;id=11529" target="_blank"><img src="/images/event_148109313315.jpg" alt="學習系列講座「自我價值工程-創造自我核心價值」"></a>
                                <p>
                                    <span>學習系列講座「自我價值工程-創造自我核心價值」</span>
                                    <br><br> 時間：12/21(三)晚上7點<br><br>
                                    <span>地點：旺宏館R245教室</span>
                                    <a href="http://ctld.nthu.edu.tw/course/index.php?mode=detail&amp;id=11529" target="_blank">Read more</a>
                                </p>
                            </div>
                        </li>
                                            <li class="nbs-flexisel-item" style="width: 350px;">
                            <div>
                                <a href="http://dtc.web.nthu.edu.tw/files/13-1008-110471.php" target="_blank"><img src="/images/event_148109257791.jpg" alt="科技人文講座七：搶救病危的地球 - 【綠能科技】"></a>
                                <p>
                                    <span>科技人文講座七：搶救病危的地球 - 【綠能科技】</span>
                                    <br><br>地點：12/21晚上6:30<br><br>
                                    <span>地點：清華大學名人堂</span>
                                    <a href="http://dtc.web.nthu.edu.tw/files/13-1008-110471.php" target="_blank">Read more</a>
                                </p>
                            </div>
                        </li>
                                            <li class="nbs-flexisel-item" style="width: 350px;">
                            <div>
                                <a href="http://artscenter.web.nthu.edu.tw/files/14-1898-110627,r11-1.php?Lang=zh-tw" target="_blank"><img src="/images/event_148067167138.jpg" alt="[抒寫來時路] 2016 史欽泰時代書法展"></a>
                                <p>
                                    <span>[抒寫來時路] 2016 史欽泰時代書法展</span>
                                    <br><br>展出日期：12/21~1/6<br><br>
                                    <span>地點：藝術創意空間 (學習資源中心一樓)</span>
                                    <a href="http://artscenter.web.nthu.edu.tw/files/14-1898-110627,r11-1.php?Lang=zh-tw" target="_blank">Read more</a>
                                </p>
                            </div>
                        </li>
                                            <li class="nbs-flexisel-item" style="width: 350px;">
                            <div>
                                <a href="http://bulletin.web.nthu.edu.tw/files/14-1912-110110,r5083-1.php?Lang=zh-tw" target="_blank"><img src="/images/event_148067158850.jpg" alt="孫運璿科技講座演講"></a>
                                <p>
                                    <span>孫運璿科技講座演講</span>
                                    <br><br>時間：12/08(四)晚上7點<br><br>
                                    <span>地點：台積館一樓孫運璿演講廳</span>
                                    <a href="http://bulletin.web.nthu.edu.tw/files/14-1912-110110,r5083-1.php?Lang=zh-tw" target="_blank">Read more</a>
                                </p>
                            </div>
                        </li>
                                            <li class="nbs-flexisel-item" style="width: 350px;">
                            <div>
                                <a href="http://artscenter.web.nthu.edu.tw/files/14-1898-108458,r11-1.php?Lang=zh-tw" target="_blank"><img src="/images/event_147935481766.jpg" alt="呂燕卿創作展—韶光如詩"></a>
                                <p>
                                    <span>呂燕卿創作展—韶光如詩</span>
                                    <br><br>時間：11/14~2017/1/4<br><br>
                                    <span>地點：藝術中心展覽廳</span>
                                    <a href="http://artscenter.web.nthu.edu.tw/files/14-1898-108458,r11-1.php?Lang=zh-tw" target="_blank">Read more</a>
                                </p>
                            </div>
                        </li>
                                            <li class="nbs-flexisel-item" style="width: 350px;">
                            <div>
                                <a href="http://artscenter.web.nthu.edu.tw/files/14-1898-107627,r11-1.php?Lang=zh-tw" target="_blank"><img src="/images/event_147756005917.jpg" alt="不散．夜貓子電影院十週年精選影展"></a>
                                <p>
                                    <span>不散．夜貓子電影院十週年精選影展</span>
                                    <br><br>時間：11/01~12/31每週二、六<br><br>
                                    <span>地點：合勤演藝廳、蘇格貓底</span>
                                    <a href="http://artscenter.web.nthu.edu.tw/files/14-1898-107627,r11-1.php?Lang=zh-tw" target="_blank">Read more</a>
                                </p>
                            </div>
                        </li>
                                    <li class="nbs-flexisel-item" style="width: 350px;">
                            <div>
                                <a href="http://ctld.nthu.edu.tw/course/index.php?mode=detail&amp;id=11529" target="_blank"><img src="/images/event_148109313315.jpg" alt="學習系列講座「自我價值工程-創造自我核心價值」"></a>
                                <p>
                                    <span>學習系列講座「自我價值工程-創造自我核心價值」</span>
                                    <br><br> 時間：12/21(三)晚上7點<br><br>
                                    <span>地點：旺宏館R245教室</span>
                                    <a href="http://ctld.nthu.edu.tw/course/index.php?mode=detail&amp;id=11529" target="_blank">Read more</a>
                                </p>
                            </div>
                        </li><li class="nbs-flexisel-item" style="width: 350px;">
                            <div>
                                <a href="http://dtc.web.nthu.edu.tw/files/13-1008-110471.php" target="_blank"><img src="/images/event_148109257791.jpg" alt="科技人文講座七：搶救病危的地球 - 【綠能科技】"></a>
                                <p>
                                    <span>科技人文講座七：搶救病危的地球 - 【綠能科技】</span>
                                    <br><br>地點：12/21晚上6:30<br><br>
                                    <span>地點：清華大學名人堂</span>
                                    <a href="http://dtc.web.nthu.edu.tw/files/13-1008-110471.php" target="_blank">Read more</a>
                                </p>
                            </div>
                        </li><li class="nbs-flexisel-item" style="width: 350px;">
                            <div>
                                <a href="http://artscenter.web.nthu.edu.tw/files/14-1898-110627,r11-1.php?Lang=zh-tw" target="_blank"><img src="/images/event_148067167138.jpg" alt="[抒寫來時路] 2016 史欽泰時代書法展"></a>
                                <p>
                                    <span>[抒寫來時路] 2016 史欽泰時代書法展</span>
                                    <br><br>展出日期：12/21~1/6<br><br>
                                    <span>地點：藝術創意空間 (學習資源中心一樓)</span>
                                    <a href="http://artscenter.web.nthu.edu.tw/files/14-1898-110627,r11-1.php?Lang=zh-tw" target="_blank">Read more</a>
                                </p>
                            </div>
                        </li><li class="nbs-flexisel-item" style="width: 350px;">
                            <div>
                                <a href="http://bulletin.web.nthu.edu.tw/files/14-1912-110110,r5083-1.php?Lang=zh-tw" target="_blank"><img src="/images/event_148067158850.jpg" alt="孫運璿科技講座演講"></a>
                                <p>
                                    <span>孫運璿科技講座演講</span>
                                    <br><br>時間：12/08(四)晚上7點<br><br>
                                    <span>地點：台積館一樓孫運璿演講廳</span>
                                    <a href="http://bulletin.web.nthu.edu.tw/files/14-1912-110110,r5083-1.php?Lang=zh-tw" target="_blank">Read more</a>
                                </p>
                            </div>
                        </li><li class="nbs-flexisel-item" style="width: 350px;">
                            <div>
                                <a href="http://artscenter.web.nthu.edu.tw/files/14-1898-108458,r11-1.php?Lang=zh-tw" target="_blank"><img src="/images/event_147935481766.jpg" alt="呂燕卿創作展—韶光如詩"></a>
                                <p>
                                    <span>呂燕卿創作展—韶光如詩</span>
                                    <br><br>時間：11/14~2017/1/4<br><br>
                                    <span>地點：藝術中心展覽廳</span>
                                    <a href="http://artscenter.web.nthu.edu.tw/files/14-1898-108458,r11-1.php?Lang=zh-tw" target="_blank">Read more</a>
                                </p>
                            </div>
                        </li></ul><div class="nbs-flexisel-nav-left" style="top: 219px;"></div><div class="nbs-flexisel-nav-right" style="top: 219px;"></div></div></div>
                <div class="clearout"></div>
            </div>
            <!-- -校內活動 end -->
        
                    <!-- 下方橫幅輪播 -->
            <div class="width-100 link">
                <div class="nbs-flexisel-container"><div class="nbs-flexisel-inner"><ul id="flexiselDemo1" class="nbs-flexisel-ul" style="left: -175px; display: block;">
                                            <li class="nbs-flexisel-item" style="width: 175px;"><a href="http://www.ust.edu.tw/" target="_blank"><img src="/images/a6.jpg" alt="台灣聯合大學系統"></a></li><li class="nbs-flexisel-item" style="width: 175px;"><a href="http://pims.web.nthu.edu.tw" target="_blank"><img src="/images/activity_148067125998.jpg" alt="個資保護專區"></a></li>
                                            <li class="nbs-flexisel-item" style="width: 175px;"><a href="http://top100.web.nthu.edu.tw" target="_blank"><img src="/images/activity_147756056815.jpg" alt="邁向頂尖大學"></a></li>
                                            <li class="nbs-flexisel-item" style="width: 175px;"><a href="http://info.web.nthu.edu.tw/bin/home.php" target="_blank"><img src="/images/activity_147756052156.jpg" alt="校務資訊公開"></a></li>
                                            <li class="nbs-flexisel-item" style="width: 175px;"><a href="http://college.nthu.edu.tw" target="_blank"><img src="/images/activity_147756049127.jpg" alt="住宿書院"></a></li>
                                            <li class="nbs-flexisel-item" style="width: 175px;"><a href="http://st.web.nthu.edu.tw/files/11-1884-11079.php" target="_blank"><img src="/images/activity_147756046892.jpg" alt="跨領域學習"></a></li>
                                            <li class="nbs-flexisel-item" style="width: 175px;"><a href="http://gencom.web.nthu.edu.tw" target="_blank"><img src="/images/activity_147756032748.jpg" alt="性平教育資訊"></a></li>
                                            <li class="nbs-flexisel-item" style="width: 175px;"><a href="http://y105.web.nthu.edu.tw/" target="_blank"><img src="/images/a9.jpg" alt="創校105週年暨在臺建校60週年校慶"></a></li>
                                            <li class="nbs-flexisel-item" style="width: 175px;"><a href="http://www.nthu.edu.tw/nobel/index.php" target="_blank"><img src="/images/a2.jpg" alt="諾貝爾大師在清華"></a></li>
                                            <li class="nbs-flexisel-item" style="width: 175px;"><a href="http://www.nthu.edu.tw/intro/aboutnthu14.php" target="_blank"><img src="/images/a10.jpg" alt="清華品牌管理"></a></li>
                                            <li class="nbs-flexisel-item" style="width: 175px;"><a href="http://ocic.nthu.edu.tw/ocic/Content02.aspx?c=menu02" target="_blank"><img src="/images/a12.jpg" alt="產學合作資訊平台"></a></li>
                                            <li class="nbs-flexisel-item" style="width: 175px;"><a href="http://nesh.web.nthu.edu.tw/files/11-1021-9390.php" target="_blank"><img src="/images/a13.jpg" alt="垃圾不落地專區"></a></li>
                                            <li class="nbs-flexisel-item" style="width: 175px;"><a href="http://www.ust.edu.tw/" target="_blank"><img src="/images/a6.jpg" alt="台灣聯合大學系統"></a></li>
                                    <li class="nbs-flexisel-item" style="width: 175px;"><a href="http://pims.web.nthu.edu.tw" target="_blank"><img src="/images/activity_148067125998.jpg" alt="個資保護專區"></a></li><li class="nbs-flexisel-item" style="width: 175px;"><a href="http://top100.web.nthu.edu.tw" target="_blank"><img src="/images/activity_147756056815.jpg" alt="邁向頂尖大學"></a></li><li class="nbs-flexisel-item" style="width: 175px;"><a href="http://info.web.nthu.edu.tw/bin/home.php" target="_blank"><img src="/images/activity_147756052156.jpg" alt="校務資訊公開"></a></li><li class="nbs-flexisel-item" style="width: 175px;"><a href="http://college.nthu.edu.tw" target="_blank"><img src="/images/activity_147756049127.jpg" alt="住宿書院"></a></li><li class="nbs-flexisel-item" style="width: 175px;"><a href="http://st.web.nthu.edu.tw/files/11-1884-11079.php" target="_blank"><img src="/images/activity_147756046892.jpg" alt="跨領域學習"></a></li><li class="nbs-flexisel-item" style="width: 175px;"><a href="http://gencom.web.nthu.edu.tw" target="_blank"><img src="/images/activity_147756032748.jpg" alt="性平教育資訊"></a></li><li class="nbs-flexisel-item" style="width: 175px;"><a href="http://y105.web.nthu.edu.tw/" target="_blank"><img src="/images/a9.jpg" alt="創校105週年暨在臺建校60週年校慶"></a></li><li class="nbs-flexisel-item" style="width: 175px;"><a href="http://www.nthu.edu.tw/nobel/index.php" target="_blank"><img src="/images/a2.jpg" alt="諾貝爾大師在清華"></a></li><li class="nbs-flexisel-item" style="width: 175px;"><a href="http://www.nthu.edu.tw/intro/aboutnthu14.php" target="_blank"><img src="/images/a10.jpg" alt="清華品牌管理"></a></li><li class="nbs-flexisel-item" style="width: 175px;"><a href="http://ocic.nthu.edu.tw/ocic/Content02.aspx?c=menu02" target="_blank"><img src="/images/a12.jpg" alt="產學合作資訊平台"></a></li><li class="nbs-flexisel-item" style="width: 175px;"><a href="http://nesh.web.nthu.edu.tw/files/11-1021-9390.php" target="_blank"><img src="/images/a13.jpg" alt="垃圾不落地專區"></a></li></ul><div class="nbs-flexisel-nav-left" style="top: 25.5px;"></div><div class="nbs-flexisel-nav-right" style="top: 25.5px;"></div></div></div>
                <div class="clearout"></div>
            </div>
            <!-- 下方橫幅輪播 end -->
        
        <!-- 下方大項 -->
        <div class="width-100 icon">
            <div><a href="http://nthu-president.vm.nthu.edu.tw/" target="_blank"><img src="images/icon01.png" alt="校長信箱"><p>校長信箱</p></a></div>
            <div><a href="https://www.ccxp.nthu.edu.tw/ccxp/INQUIRE/OT/QA/" target="_blank"><img src="images/icon03.png" alt="合校Q &amp; A"><p>合校Q &amp; A</p></a></div>
            <div><a href="http://www1.nthu.edu.tw/reporting.php" target="_blank"><img src="images/icon02.png" alt="意見反應通報"><p>意見反應通報</p></a></div>
            <div><a href="http://bulletin.web.nthu.edu.tw/" target="_blank"><img src="images/icon05.png" alt="公告與活動"><p>公告與活動</p></a></div>
            <div><a href="http://www1.nthu.edu.tw/focuson.php" target="_blank"><img src="images/icon04.png" alt="清華焦點"><p>清華焦點</p></a></div>
        </div>
        <!-- 下方大項 -->

        </div>
</section>
<footer>
	<div class="container">
    	<div><a href="/sitemap" accesskey="B" class="tab" title="下方內容區">:::</a><a href="/"><img src="images/footer-logo.png" alt="國立清華大學logo"></a></div>
        <div>
        	<ul>
            	<li>Copyright©2016<br>National Tsing Hua<br>University ALL<br>RIGHTS RESERVED.</li>
                <li><a href="mailto:web@cc.nthu.edu.tw" target="_blank"><i class="fa fa-chevron-right" aria-hidden="true"></i> 聯絡我們</a></li>
                <li><a href="http://campusmap.cc.nthu.edu.tw/" target="_blank"><i class="fa fa-chevron-right" aria-hidden="true"></i> 校園地圖</a></li>
                <li><a href="http://my.nthu.edu.tw/~maps3d/" target="_blank"><i class="fa fa-chevron-right" aria-hidden="true"></i> 3D校園導覽</a></li>
                <li><a href="http://campusmap.cc.nthu.edu.tw/graphics/nthu_campus_map.jpg" target="_blank"><i class="fa fa-chevron-right" aria-hidden="true"></i> 校園導覽圖</a></li>
            </ul>
        </div>
        <div>
        	<ul>
            	<li>QUICK LINK</li>
                <li><a href="http://www1.nthu.edu.tw/elearning2.php"><i class="fa fa-chevron-right" aria-hidden="true"></i> 數位學習 / 線上課程</a></li>
                <li><a href="http://academic.web.nthu.edu.tw/files/90-1009-6.php" target="_blank"><i class="fa fa-chevron-right" aria-hidden="true"></i> 獎助學金</a></li>
                <li><a href="http://eas.web.nthu.edu.tw/files/11-1161-3647.php" target="_blank"><i class="fa fa-chevron-right" aria-hidden="true"></i> 社團資訊</a></li>
                <li><a href="http://www.media.nthu.edu.tw/channel/show/id/90" target="_blank"><i class="fa fa-chevron-right" aria-hidden="true"></i> 清華簡介</a></li>
                <li><a href="http://livecam.web.nthu.edu.tw/files/14-1931-97850.php" target="_blank"><i class="fa fa-chevron-right" aria-hidden="true"></i> 校景即時看</a></li>
                <li><a href="http://www.facebook.com/nthu.tw" target="_blank"><i class="fa fa-chevron-right" aria-hidden="true"></i> NTHU FB</a></li>
            </ul>
        </div>
         <div>
        	<ul>
            	<li>CONTACT</li>
                <li><img src="images/footer-icon01.png" alt=" ">30013 新竹市光復路二段101號 </li>
                <li><img src="images/footer-icon02.png" alt=" ">總機：03-5715131 </li>
                <li><img src="images/footer-icon03.png" alt=" ">統一編號：46804804 </li>
                <li><img src="images/footer-icon04.png" alt=" "><p>VoIP 總機代表號：930-50000<br>轉接或直撥 930+分機號</p></li>
            </ul>
        </div>   
    </div>
</footer>
</div>

                <noscript>本Script功能提供跑馬燈播功能，若您的瀏覽器不支援此項功能，也不影響你閱讀本網站資訊。</noscript>

        <script type="text/javascript">

            $(window).load(function () {
                $("#flexiselDemo2").flexisel({
                    visibleItems: 4,
                    animationSpeed: 1000,
                    autoPlay: false,
                    autoPlaySpeed: 3000,
                    pauseOnHover: true,
                    enableResponsiveBreakpoints: true,
                    responsiveBreakpoints: {
                        portrait: {
                            changePoint: 480,
                            visibleItems: 1
                        },
                        landscape: {
                            changePoint: 640,
                            visibleItems: 2
                        },
                        tablet: {
                            changePoint: 768,
                            visibleItems: 3
                        }
                    }
                });
            });

            $(window).load(function () {

                $("#flexiselDemo1").flexisel({
                    visibleItems: 6,
                    animationSpeed: 1000,
                    autoPlay: true,
                    autoPlaySpeed: 6000,
                    pauseOnHover: true,
                    enableResponsiveBreakpoints: true,
                    responsiveBreakpoints: {
                        portrait: {
                            changePoint: 480,
                            visibleItems: 2
                        },
                        landscape: {
                            changePoint: 640,
                            visibleItems: 3
                        },
                        tablet: {
                            changePoint: 768,
                            visibleItems: 4
                        }
                    }
                });

            })
        </script>
        <noscript>本Script功能提供小廣告輪播功能，若您的瀏覽器不支援此項功能，也不影響你閱讀本網站資訊。</noscript>

    


<div class="btn-up"></div></body></html>

01:01:09.101 [Forwarding get on session d6a0bef0-bd24-11e6-8678-ab184a9d7075 to remote] DEBUG org.apache.http.client.protocol.RequestAddCookies - CookieSpec selected: default
01:01:09.101 [Forwarding get on session d6a0bef0-bd24-11e6-8678-ab184a9d7075 to remote] DEBUG org.apache.http.client.protocol.RequestAuthCache - Auth cache not set in the context
01:01:09.101 [Forwarding get on session d6a0bef0-bd24-11e6-8678-ab184a9d7075 to remote] DEBUG org.apache.http.impl.conn.PoolingHttpClientConnectionManager - Connection request: [route: {}->http://localhost:23446][total kept alive: 1; route allocated: 1 of 2000; total allocated: 1 of 2000]
01:01:09.101 [Forwarding get on session d6a0bef0-bd24-11e6-8678-ab184a9d7075 to remote] DEBUG org.apache.http.impl.conn.PoolingHttpClientConnectionManager - Connection leased: [id: 0][route: {}->http://localhost:23446][total kept alive: 0; route allocated: 1 of 2000; total allocated: 1 of 2000]
01:01:09.102 [Forwarding get on session d6a0bef0-bd24-11e6-8678-ab184a9d7075 to remote] DEBUG org.apache.http.impl.execchain.MainClientExec - Stale connection check
01:01:09.104 [Forwarding get on session d6a0bef0-bd24-11e6-8678-ab184a9d7075 to remote] DEBUG org.apache.http.wire - http-outgoing-0 << "[read] I/O error: Read timed out"
01:01:09.104 [Forwarding get on session d6a0bef0-bd24-11e6-8678-ab184a9d7075 to remote] DEBUG org.apache.http.impl.conn.DefaultManagedHttpClientConnection - http-outgoing-0: set socket timeout to 10800000
01:01:09.104 [Forwarding get on session d6a0bef0-bd24-11e6-8678-ab184a9d7075 to remote] DEBUG org.apache.http.impl.execchain.MainClientExec - Executing request POST /session/d6a0bef0-bd24-11e6-8678-ab184a9d7075/url HTTP/1.1
01:01:09.104 [Forwarding get on session d6a0bef0-bd24-11e6-8678-ab184a9d7075 to remote] DEBUG org.apache.http.impl.execchain.MainClientExec - Target auth state: UNCHALLENGED
01:01:09.104 [Forwarding get on session d6a0bef0-bd24-11e6-8678-ab184a9d7075 to remote] DEBUG org.apache.http.impl.execchain.MainClientExec - Proxy auth state: UNCHALLENGED
01:01:09.104 [Forwarding get on session d6a0bef0-bd24-11e6-8678-ab184a9d7075 to remote] DEBUG org.apache.http.headers - http-outgoing-0 >> POST /session/d6a0bef0-bd24-11e6-8678-ab184a9d7075/url HTTP/1.1
01:01:09.104 [Forwarding get on session d6a0bef0-bd24-11e6-8678-ab184a9d7075 to remote] DEBUG org.apache.http.headers - http-outgoing-0 >> Content-Type: application/json; charset=utf-8
01:01:09.104 [Forwarding get on session d6a0bef0-bd24-11e6-8678-ab184a9d7075 to remote] DEBUG org.apache.http.headers - http-outgoing-0 >> Content-Length: 32
01:01:09.104 [Forwarding get on session d6a0bef0-bd24-11e6-8678-ab184a9d7075 to remote] DEBUG org.apache.http.headers - http-outgoing-0 >> Host: localhost:23446
01:01:09.104 [Forwarding get on session d6a0bef0-bd24-11e6-8678-ab184a9d7075 to remote] DEBUG org.apache.http.headers - http-outgoing-0 >> Connection: Keep-Alive
01:01:09.105 [Forwarding get on session d6a0bef0-bd24-11e6-8678-ab184a9d7075 to remote] DEBUG org.apache.http.headers - http-outgoing-0 >> User-Agent: Apache-HttpClient/4.5.2 (Java/1.8.0_101)
01:01:09.105 [Forwarding get on session d6a0bef0-bd24-11e6-8678-ab184a9d7075 to remote] DEBUG org.apache.http.headers - http-outgoing-0 >> Accept-Encoding: gzip,deflate
01:01:09.105 [Forwarding get on session d6a0bef0-bd24-11e6-8678-ab184a9d7075 to remote] DEBUG org.apache.http.wire - http-outgoing-0 >> "POST /session/d6a0bef0-bd24-11e6-8678-ab184a9d7075/url HTTP/1.1[\r][\n]"
01:01:09.105 [Forwarding get on session d6a0bef0-bd24-11e6-8678-ab184a9d7075 to remote] DEBUG org.apache.http.wire - http-outgoing-0 >> "Content-Type: application/json; charset=utf-8[\r][\n]"
01:01:09.105 [Forwarding get on session d6a0bef0-bd24-11e6-8678-ab184a9d7075 to remote] DEBUG org.apache.http.wire - http-outgoing-0 >> "Content-Length: 32[\r][\n]"
01:01:09.105 [Forwarding get on session d6a0bef0-bd24-11e6-8678-ab184a9d7075 to remote] DEBUG org.apache.http.wire - http-outgoing-0 >> "Host: localhost:23446[\r][\n]"
01:01:09.105 [Forwarding get on session d6a0bef0-bd24-11e6-8678-ab184a9d7075 to remote] DEBUG org.apache.http.wire - http-outgoing-0 >> "Connection: Keep-Alive[\r][\n]"
01:01:09.105 [Forwarding get on session d6a0bef0-bd24-11e6-8678-ab184a9d7075 to remote] DEBUG org.apache.http.wire - http-outgoing-0 >> "User-Agent: Apache-HttpClient/4.5.2 (Java/1.8.0_101)[\r][\n]"
01:01:09.105 [Forwarding get on session d6a0bef0-bd24-11e6-8678-ab184a9d7075 to remote] DEBUG org.apache.http.wire - http-outgoing-0 >> "Accept-Encoding: gzip,deflate[\r][\n]"
01:01:09.105 [Forwarding get on session d6a0bef0-bd24-11e6-8678-ab184a9d7075 to remote] DEBUG org.apache.http.wire - http-outgoing-0 >> "[\r][\n]"
01:01:09.105 [Forwarding get on session d6a0bef0-bd24-11e6-8678-ab184a9d7075 to remote] DEBUG org.apache.http.wire - http-outgoing-0 >> "{"url":"https://www.google.com"}"
01:01:09.843 [Forwarding get on session d6a0bef0-bd24-11e6-8678-ab184a9d7075 to remote] DEBUG org.apache.http.wire - http-outgoing-0 << "HTTP/1.1 200 OK[\r][\n]"
01:01:09.844 [Forwarding get on session d6a0bef0-bd24-11e6-8678-ab184a9d7075 to remote] DEBUG org.apache.http.wire - http-outgoing-0 << "Cache: no-cache[\r][\n]"
01:01:09.844 [Forwarding get on session d6a0bef0-bd24-11e6-8678-ab184a9d7075 to remote] DEBUG org.apache.http.wire - http-outgoing-0 << "Content-Length: 74[\r][\n]"
01:01:09.844 [Forwarding get on session d6a0bef0-bd24-11e6-8678-ab184a9d7075 to remote] DEBUG org.apache.http.wire - http-outgoing-0 << "Content-Type: application/json;charset=UTF-8[\r][\n]"
01:01:09.844 [Forwarding get on session d6a0bef0-bd24-11e6-8678-ab184a9d7075 to remote] DEBUG org.apache.http.wire - http-outgoing-0 << "[\r][\n]"
01:01:09.844 [Forwarding get on session d6a0bef0-bd24-11e6-8678-ab184a9d7075 to remote] DEBUG org.apache.http.wire - http-outgoing-0 << "{"sessionId":"d6a0bef0-bd24-11e6-8678-ab184a9d7075","status":0,"value":{}}"
01:01:09.844 [Forwarding get on session d6a0bef0-bd24-11e6-8678-ab184a9d7075 to remote] DEBUG org.apache.http.headers - http-outgoing-0 << HTTP/1.1 200 OK
01:01:09.844 [Forwarding get on session d6a0bef0-bd24-11e6-8678-ab184a9d7075 to remote] DEBUG org.apache.http.headers - http-outgoing-0 << Cache: no-cache
01:01:09.844 [Forwarding get on session d6a0bef0-bd24-11e6-8678-ab184a9d7075 to remote] DEBUG org.apache.http.headers - http-outgoing-0 << Content-Length: 74
01:01:09.844 [Forwarding get on session d6a0bef0-bd24-11e6-8678-ab184a9d7075 to remote] DEBUG org.apache.http.headers - http-outgoing-0 << Content-Type: application/json;charset=UTF-8
01:01:09.844 [Forwarding get on session d6a0bef0-bd24-11e6-8678-ab184a9d7075 to remote] DEBUG org.apache.http.impl.execchain.MainClientExec - Connection can be kept alive indefinitely
01:01:09.844 [Forwarding get on session d6a0bef0-bd24-11e6-8678-ab184a9d7075 to remote] DEBUG org.apache.http.impl.conn.PoolingHttpClientConnectionManager - Connection [id: 0][route: {}->http://localhost:23446] can be kept alive indefinitely
01:01:09.845 [Forwarding get on session d6a0bef0-bd24-11e6-8678-ab184a9d7075 to remote] DEBUG org.apache.http.impl.conn.PoolingHttpClientConnectionManager - Connection released: [id: 0][route: {}->http://localhost:23446][total kept alive: 1; route allocated: 1 of 2000; total allocated: 1 of 2000]
01:01:09.849 [Forwarding setTimeout on session d6a0bef0-bd24-11e6-8678-ab184a9d7075 to remote] DEBUG org.apache.http.client.protocol.RequestAddCookies - CookieSpec selected: default
01:01:09.849 [Forwarding setTimeout on session d6a0bef0-bd24-11e6-8678-ab184a9d7075 to remote] DEBUG org.apache.http.client.protocol.RequestAuthCache - Auth cache not set in the context
01:01:09.849 [Forwarding setTimeout on session d6a0bef0-bd24-11e6-8678-ab184a9d7075 to remote] DEBUG org.apache.http.impl.conn.PoolingHttpClientConnectionManager - Connection request: [route: {}->http://localhost:23446][total kept alive: 1; route allocated: 1 of 2000; total allocated: 1 of 2000]
01:01:09.850 [Forwarding setTimeout on session d6a0bef0-bd24-11e6-8678-ab184a9d7075 to remote] DEBUG org.apache.http.impl.conn.PoolingHttpClientConnectionManager - Connection leased: [id: 0][route: {}->http://localhost:23446][total kept alive: 0; route allocated: 1 of 2000; total allocated: 1 of 2000]
01:01:09.850 [Forwarding setTimeout on session d6a0bef0-bd24-11e6-8678-ab184a9d7075 to remote] DEBUG org.apache.http.impl.execchain.MainClientExec - Stale connection check
01:01:09.851 [Forwarding setTimeout on session d6a0bef0-bd24-11e6-8678-ab184a9d7075 to remote] DEBUG org.apache.http.wire - http-outgoing-0 << "[read] I/O error: Read timed out"
01:01:09.851 [Forwarding setTimeout on session d6a0bef0-bd24-11e6-8678-ab184a9d7075 to remote] DEBUG org.apache.http.impl.conn.DefaultManagedHttpClientConnection - http-outgoing-0: set socket timeout to 10800000
01:01:09.851 [Forwarding setTimeout on session d6a0bef0-bd24-11e6-8678-ab184a9d7075 to remote] DEBUG org.apache.http.impl.execchain.MainClientExec - Executing request POST /session/d6a0bef0-bd24-11e6-8678-ab184a9d7075/timeouts HTTP/1.1
01:01:09.851 [Forwarding setTimeout on session d6a0bef0-bd24-11e6-8678-ab184a9d7075 to remote] DEBUG org.apache.http.impl.execchain.MainClientExec - Target auth state: UNCHALLENGED
01:01:09.851 [Forwarding setTimeout on session d6a0bef0-bd24-11e6-8678-ab184a9d7075 to remote] DEBUG org.apache.http.impl.execchain.MainClientExec - Proxy auth state: UNCHALLENGED
01:01:09.852 [Forwarding setTimeout on session d6a0bef0-bd24-11e6-8678-ab184a9d7075 to remote] DEBUG org.apache.http.headers - http-outgoing-0 >> POST /session/d6a0bef0-bd24-11e6-8678-ab184a9d7075/timeouts HTTP/1.1
01:01:09.852 [Forwarding setTimeout on session d6a0bef0-bd24-11e6-8678-ab184a9d7075 to remote] DEBUG org.apache.http.headers - http-outgoing-0 >> Content-Type: application/json; charset=utf-8
01:01:09.852 [Forwarding setTimeout on session d6a0bef0-bd24-11e6-8678-ab184a9d7075 to remote] DEBUG org.apache.http.headers - http-outgoing-0 >> Content-Length: 30
01:01:09.852 [Forwarding setTimeout on session d6a0bef0-bd24-11e6-8678-ab184a9d7075 to remote] DEBUG org.apache.http.headers - http-outgoing-0 >> Host: localhost:23446
01:01:09.852 [Forwarding setTimeout on session d6a0bef0-bd24-11e6-8678-ab184a9d7075 to remote] DEBUG org.apache.http.headers - http-outgoing-0 >> Connection: Keep-Alive
01:01:09.852 [Forwarding setTimeout on session d6a0bef0-bd24-11e6-8678-ab184a9d7075 to remote] DEBUG org.apache.http.headers - http-outgoing-0 >> User-Agent: Apache-HttpClient/4.5.2 (Java/1.8.0_101)
01:01:09.852 [Forwarding setTimeout on session d6a0bef0-bd24-11e6-8678-ab184a9d7075 to remote] DEBUG org.apache.http.headers - http-outgoing-0 >> Accept-Encoding: gzip,deflate
01:01:09.852 [Forwarding setTimeout on session d6a0bef0-bd24-11e6-8678-ab184a9d7075 to remote] DEBUG org.apache.http.wire - http-outgoing-0 >> "POST /session/d6a0bef0-bd24-11e6-8678-ab184a9d7075/timeouts HTTP/1.1[\r][\n]"
01:01:09.852 [Forwarding setTimeout on session d6a0bef0-bd24-11e6-8678-ab184a9d7075 to remote] DEBUG org.apache.http.wire - http-outgoing-0 >> "Content-Type: application/json; charset=utf-8[\r][\n]"
01:01:09.852 [Forwarding setTimeout on session d6a0bef0-bd24-11e6-8678-ab184a9d7075 to remote] DEBUG org.apache.http.wire - http-outgoing-0 >> "Content-Length: 30[\r][\n]"
01:01:09.852 [Forwarding setTimeout on session d6a0bef0-bd24-11e6-8678-ab184a9d7075 to remote] DEBUG org.apache.http.wire - http-outgoing-0 >> "Host: localhost:23446[\r][\n]"
01:01:09.852 [Forwarding setTimeout on session d6a0bef0-bd24-11e6-8678-ab184a9d7075 to remote] DEBUG org.apache.http.wire - http-outgoing-0 >> "Connection: Keep-Alive[\r][\n]"
01:01:09.852 [Forwarding setTimeout on session d6a0bef0-bd24-11e6-8678-ab184a9d7075 to remote] DEBUG org.apache.http.wire - http-outgoing-0 >> "User-Agent: Apache-HttpClient/4.5.2 (Java/1.8.0_101)[\r][\n]"
01:01:09.852 [Forwarding setTimeout on session d6a0bef0-bd24-11e6-8678-ab184a9d7075 to remote] DEBUG org.apache.http.wire - http-outgoing-0 >> "Accept-Encoding: gzip,deflate[\r][\n]"
01:01:09.852 [Forwarding setTimeout on session d6a0bef0-bd24-11e6-8678-ab184a9d7075 to remote] DEBUG org.apache.http.wire - http-outgoing-0 >> "[\r][\n]"
01:01:09.852 [Forwarding setTimeout on session d6a0bef0-bd24-11e6-8678-ab184a9d7075 to remote] DEBUG org.apache.http.wire - http-outgoing-0 >> "{"type":"implicit","ms":30000}"
01:01:09.857 [Forwarding setTimeout on session d6a0bef0-bd24-11e6-8678-ab184a9d7075 to remote] DEBUG org.apache.http.wire - http-outgoing-0 << "HTTP/1.1 200 OK[\r][\n]"
01:01:09.857 [Forwarding setTimeout on session d6a0bef0-bd24-11e6-8678-ab184a9d7075 to remote] DEBUG org.apache.http.wire - http-outgoing-0 << "Cache: no-cache[\r][\n]"
01:01:09.857 [Forwarding setTimeout on session d6a0bef0-bd24-11e6-8678-ab184a9d7075 to remote] DEBUG org.apache.http.wire - http-outgoing-0 << "Content-Length: 74[\r][\n]"
01:01:09.857 [Forwarding setTimeout on session d6a0bef0-bd24-11e6-8678-ab184a9d7075 to remote] DEBUG org.apache.http.wire - http-outgoing-0 << "Content-Type: application/json;charset=UTF-8[\r][\n]"
01:01:09.857 [Forwarding setTimeout on session d6a0bef0-bd24-11e6-8678-ab184a9d7075 to remote] DEBUG org.apache.http.wire - http-outgoing-0 << "[\r][\n]"
01:01:09.857 [Forwarding setTimeout on session d6a0bef0-bd24-11e6-8678-ab184a9d7075 to remote] DEBUG org.apache.http.wire - http-outgoing-0 << "{"sessionId":"d6a0bef0-bd24-11e6-8678-ab184a9d7075","status":0,"value":{}}"
01:01:09.858 [Forwarding setTimeout on session d6a0bef0-bd24-11e6-8678-ab184a9d7075 to remote] DEBUG org.apache.http.headers - http-outgoing-0 << HTTP/1.1 200 OK
01:01:09.858 [Forwarding setTimeout on session d6a0bef0-bd24-11e6-8678-ab184a9d7075 to remote] DEBUG org.apache.http.headers - http-outgoing-0 << Cache: no-cache
01:01:09.858 [Forwarding setTimeout on session d6a0bef0-bd24-11e6-8678-ab184a9d7075 to remote] DEBUG org.apache.http.headers - http-outgoing-0 << Content-Length: 74
01:01:09.858 [Forwarding setTimeout on session d6a0bef0-bd24-11e6-8678-ab184a9d7075 to remote] DEBUG org.apache.http.headers - http-outgoing-0 << Content-Type: application/json;charset=UTF-8
01:01:09.858 [Forwarding setTimeout on session d6a0bef0-bd24-11e6-8678-ab184a9d7075 to remote] DEBUG org.apache.http.impl.execchain.MainClientExec - Connection can be kept alive indefinitely
01:01:09.858 [Forwarding setTimeout on session d6a0bef0-bd24-11e6-8678-ab184a9d7075 to remote] DEBUG org.apache.http.impl.conn.PoolingHttpClientConnectionManager - Connection [id: 0][route: {}->http://localhost:23446] can be kept alive indefinitely
01:01:09.859 [Forwarding setTimeout on session d6a0bef0-bd24-11e6-8678-ab184a9d7075 to remote] DEBUG org.apache.http.impl.conn.PoolingHttpClientConnectionManager - Connection released: [id: 0][route: {}->http://localhost:23446][total kept alive: 1; route allocated: 1 of 2000; total allocated: 1 of 2000]
01:01:09.860 [Forwarding getPageSource on session d6a0bef0-bd24-11e6-8678-ab184a9d7075 to remote] DEBUG org.apache.http.client.protocol.RequestAddCookies - CookieSpec selected: default
01:01:09.860 [Forwarding getPageSource on session d6a0bef0-bd24-11e6-8678-ab184a9d7075 to remote] DEBUG org.apache.http.client.protocol.RequestAuthCache - Auth cache not set in the context
01:01:09.860 [Forwarding getPageSource on session d6a0bef0-bd24-11e6-8678-ab184a9d7075 to remote] DEBUG org.apache.http.impl.conn.PoolingHttpClientConnectionManager - Connection request: [route: {}->http://localhost:23446][total kept alive: 1; route allocated: 1 of 2000; total allocated: 1 of 2000]
01:01:09.860 [Forwarding getPageSource on session d6a0bef0-bd24-11e6-8678-ab184a9d7075 to remote] DEBUG org.apache.http.impl.conn.PoolingHttpClientConnectionManager - Connection leased: [id: 0][route: {}->http://localhost:23446][total kept alive: 0; route allocated: 1 of 2000; total allocated: 1 of 2000]
01:01:09.861 [Forwarding getPageSource on session d6a0bef0-bd24-11e6-8678-ab184a9d7075 to remote] DEBUG org.apache.http.impl.execchain.MainClientExec - Stale connection check
01:01:09.863 [Forwarding getPageSource on session d6a0bef0-bd24-11e6-8678-ab184a9d7075 to remote] DEBUG org.apache.http.wire - http-outgoing-0 << "[read] I/O error: Read timed out"
01:01:09.863 [Forwarding getPageSource on session d6a0bef0-bd24-11e6-8678-ab184a9d7075 to remote] DEBUG org.apache.http.impl.conn.DefaultManagedHttpClientConnection - http-outgoing-0: set socket timeout to 10800000
01:01:09.863 [Forwarding getPageSource on session d6a0bef0-bd24-11e6-8678-ab184a9d7075 to remote] DEBUG org.apache.http.impl.execchain.MainClientExec - Executing request GET /session/d6a0bef0-bd24-11e6-8678-ab184a9d7075/source HTTP/1.1
01:01:09.863 [Forwarding getPageSource on session d6a0bef0-bd24-11e6-8678-ab184a9d7075 to remote] DEBUG org.apache.http.impl.execchain.MainClientExec - Target auth state: UNCHALLENGED
01:01:09.863 [Forwarding getPageSource on session d6a0bef0-bd24-11e6-8678-ab184a9d7075 to remote] DEBUG org.apache.http.impl.execchain.MainClientExec - Proxy auth state: UNCHALLENGED
01:01:09.864 [Forwarding getPageSource on session d6a0bef0-bd24-11e6-8678-ab184a9d7075 to remote] DEBUG org.apache.http.headers - http-outgoing-0 >> GET /session/d6a0bef0-bd24-11e6-8678-ab184a9d7075/source HTTP/1.1
01:01:09.864 [Forwarding getPageSource on session d6a0bef0-bd24-11e6-8678-ab184a9d7075 to remote] DEBUG org.apache.http.headers - http-outgoing-0 >> Cache-Control: no-cache
01:01:09.864 [Forwarding getPageSource on session d6a0bef0-bd24-11e6-8678-ab184a9d7075 to remote] DEBUG org.apache.http.headers - http-outgoing-0 >> Host: localhost:23446
01:01:09.864 [Forwarding getPageSource on session d6a0bef0-bd24-11e6-8678-ab184a9d7075 to remote] DEBUG org.apache.http.headers - http-outgoing-0 >> Connection: Keep-Alive
01:01:09.864 [Forwarding getPageSource on session d6a0bef0-bd24-11e6-8678-ab184a9d7075 to remote] DEBUG org.apache.http.headers - http-outgoing-0 >> User-Agent: Apache-HttpClient/4.5.2 (Java/1.8.0_101)
01:01:09.864 [Forwarding getPageSource on session d6a0bef0-bd24-11e6-8678-ab184a9d7075 to remote] DEBUG org.apache.http.headers - http-outgoing-0 >> Accept-Encoding: gzip,deflate
01:01:09.864 [Forwarding getPageSource on session d6a0bef0-bd24-11e6-8678-ab184a9d7075 to remote] DEBUG org.apache.http.wire - http-outgoing-0 >> "GET /session/d6a0bef0-bd24-11e6-8678-ab184a9d7075/source HTTP/1.1[\r][\n]"
01:01:09.864 [Forwarding getPageSource on session d6a0bef0-bd24-11e6-8678-ab184a9d7075 to remote] DEBUG org.apache.http.wire - http-outgoing-0 >> "Cache-Control: no-cache[\r][\n]"
01:01:09.864 [Forwarding getPageSource on session d6a0bef0-bd24-11e6-8678-ab184a9d7075 to remote] DEBUG org.apache.http.wire - http-outgoing-0 >> "Host: localhost:23446[\r][\n]"
01:01:09.865 [Forwarding getPageSource on session d6a0bef0-bd24-11e6-8678-ab184a9d7075 to remote] DEBUG org.apache.http.wire - http-outgoing-0 >> "Connection: Keep-Alive[\r][\n]"
01:01:09.865 [Forwarding getPageSource on session d6a0bef0-bd24-11e6-8678-ab184a9d7075 to remote] DEBUG org.apache.http.wire - http-outgoing-0 >> "User-Agent: Apache-HttpClient/4.5.2 (Java/1.8.0_101)[\r][\n]"
01:01:09.865 [Forwarding getPageSource on session d6a0bef0-bd24-11e6-8678-ab184a9d7075 to remote] DEBUG org.apache.http.wire - http-outgoing-0 >> "Accept-Encoding: gzip,deflate[\r][\n]"
01:01:09.865 [Forwarding getPageSource on session d6a0bef0-bd24-11e6-8678-ab184a9d7075 to remote] DEBUG org.apache.http.wire - http-outgoing-0 >> "[\r][\n]"
01:01:09.873 [Forwarding getPageSource on session d6a0bef0-bd24-11e6-8678-ab184a9d7075 to remote] DEBUG org.apache.http.wire - http-outgoing-0 << "HTTP/1.1 200 OK[\r][\n]"
01:01:09.873 [Forwarding getPageSource on session d6a0bef0-bd24-11e6-8678-ab184a9d7075 to remote] DEBUG org.apache.http.wire - http-outgoing-0 << "Cache: no-cache[\r][\n]"
01:01:09.873 [Forwarding getPageSource on session d6a0bef0-bd24-11e6-8678-ab184a9d7075 to remote] DEBUG org.apache.http.wire - http-outgoing-0 << "Content-Length: 56899[\r][\n]"
01:01:09.873 [Forwarding getPageSource on session d6a0bef0-bd24-11e6-8678-ab184a9d7075 to remote] DEBUG org.apache.http.wire - http-outgoing-0 << "Content-Type: application/json;charset=UTF-8[\r][\n]"
01:01:09.873 [Forwarding getPageSource on session d6a0bef0-bd24-11e6-8678-ab184a9d7075 to remote] DEBUG org.apache.http.wire - http-outgoing-0 << "[\r][\n]"
01:01:09.873 [Forwarding getPageSource on session d6a0bef0-bd24-11e6-8678-ab184a9d7075 to remote] DEBUG org.apache.http.headers - http-outgoing-0 << HTTP/1.1 200 OK
01:01:09.873 [Forwarding getPageSource on session d6a0bef0-bd24-11e6-8678-ab184a9d7075 to remote] DEBUG org.apache.http.headers - http-outgoing-0 << Cache: no-cache
01:01:09.874 [Forwarding getPageSource on session d6a0bef0-bd24-11e6-8678-ab184a9d7075 to remote] DEBUG org.apache.http.headers - http-outgoing-0 << Content-Length: 56899
01:01:09.874 [Forwarding getPageSource on session d6a0bef0-bd24-11e6-8678-ab184a9d7075 to remote] DEBUG org.apache.http.headers - http-outgoing-0 << Content-Type: application/json;charset=UTF-8
01:01:09.874 [Forwarding getPageSource on session d6a0bef0-bd24-11e6-8678-ab184a9d7075 to remote] DEBUG org.apache.http.impl.execchain.MainClientExec - Connection can be kept alive indefinitely
01:01:09.874 [Forwarding getPageSource on session d6a0bef0-bd24-11e6-8678-ab184a9d7075 to remote] DEBUG org.apache.http.wire - http-outgoing-0 << "{"sessionId":"d6a0bef0-bd24-11e6-8678-ab184a9d7075","status":0,"value":"<!DOCTYPE html><html itemscope=\"\" itemtype=\"http://schema.org/WebPage\" lang=\"en\"><head><meta content=\"Search the world's information, including webpages, images, videos and more. Google has many special features to help you find exactly what you're looking for.\" name=\"description\"><meta content=\"noodp\" name=\"robots\"><meta content=\"text/html; charset=UTF-8\" http-equiv=\"Content-Type\"><meta content=\"/images/branding/googleg/1x/googleg_standard_color_128dp.png\" itemprop=\"image\"><title>Google</title><script>(function(){window.google={kEI:'VSFJWKOrCNHIjwP10q2IAQ',kEXPI:'750722,1351903,1352386,1352402,3700331,4029815,4031109,4032677,4036527,4038012,4039268,4043492,4045841,4048347,4052304,4055744,4062666,4063220,4065787,4067860,4068550,4069839,4069840,4071845,4072364,4072602,4072773,4073405,4073726,4073959,4074597,4075941,4076096,4076316,4076607,4076931,4076999,4078010,4078430,4078438,4078456,4079105,4079441,4079894,4080167,4080271,4080629,4081037,4081039,4081485,4082057,4082087,4082217,4082441,4082618,4082638,4083353,4083476,4084147,4084298,4084343,4084956,4085627,4085642,4085769,4086707,4087017,4087169,4087719,4087911,4088217,4088421,4088429,4088433,4088436,4088438,4088443,4088448,4089117,4089142,4089233,4089480,4089538,4089741,4090085,8300096,8300272,8503585,8505025,8505259,8505276,8505831,8506340,8506399,8506615,8507098,8507294,8507380,8507419,8507897,8507899,8507952,8507974,8508022,8508060,8508065,8508229,8508292,8508395,8508421,8508583,8508589,8508910,8508931,8508956,8509006,8509016,8509037,8509063,8509065,8509373,10200083,10202213,13500019,16200027,19001295',authuser:0,kscs:'c9c918f0_24'};google.kHL='en';})();(function(){google.lc=[];google.li=0;google.getEI=function(a){for(var b;a&&(!a.getAttribute||!(b=a.getAttribute(\"eid\")));)a=a.parentNode;return b||google.kEI};google.getLEI=function(a){for(var b=null;a&&(!a.getAttribute||!(b=a.getAttribute(\"leid\")));)a=a.parentNode;return b};google.https=function(){return\"https:\"==window.location.protocol};google.ml=function(){return null};google.wl=function(a,b){try{google.ml(Error(a),!1,b)}catch(c){}};google.time=function(){return(new Date).getTime()};google.log=function(a,b,c,d,g){a=google.logUrl(a,b,c,d,g);if(\"\"!=a){b=new Image;var e=google.lc,f=google.li;e[f]=b;b.onerror=b.onload=b.onabort=function(){delete e[f]};window.google&&window.google.vel&&window.google.vel.lu&&window.google.vel.lu(a);b.src=a;google.li=f+1}};google.logUrl=function(a,b,c,d,g){var e=\"\",f=google.ls||\"\";c||-1!=b.search(\"&ei=\")||(e=\"&ei=\"+google.getEI(d),-1==b.search(\"&lei=\")&&(d=google.getLEI(d))&&(e+=\"&lei=\"+d));a=c||\"/\"+(g||\"gen_204\")+\"?atyp=i&ct=\"+a+\"&cad=\"+b+e+f+\"&zx=\"+google.time();/^http:/i.test(a)&&google.https()&&(google.ml(Error(\"a\"),!1,{src:a,glmm:1}),a=\"\");return a};google.y={};google.x=function(a,b){google.y[a.id]=[a,b];return!1};google.lq=[];google.load=function(a,b,c){google.lq.push([[a],b,c])};google.loadAll=function(a,b){google.lq.push([a,b])};}).call(this);var a=window.location,b=a.href.indexOf(\"#\");if(0<=b){var c=a.href.substring(b+1);/(^|&)q=/.test(c)&&-1==c.indexOf(\"#\")&&a.replace(\"/search?\"+c.replace(/(^|&)fp=[^&]*/g,\"\")+\"&cad=h\")};</script><style>#gb{font:13px/27px Arial,sans-serif;height:30px}#gbz,#gbg{position:absolute;white-space:nowrap;top:0;height:30px;z-index:1000}#gbz{left:0;padding-left:4px}#gbg{right:0;padding-right:5px}#gbs{background:transparent;position:absolute;top:-999px;visibility:hidden;z-index:998;right:0}.gbto #gbs{background:#fff}#gbx3,#gbx4{background-color:#2d2d2d;background-image:none;_background-image:none;background-position:0 -138px;background-repeat:repeat-x;border-bottom:1px solid #000;font-size:24px;height:29px;_height:30px;opacity:1;filter:alpha(opacity=100);position:absolute;top:0;width:100%;z-index:990}#gbx3{left:0}#gbx4{right:0}#gbb{position:relative}#gbbw{left:0;position:absolute;top:30px;width:100%}.gbtcb{position:absolute;visibility:hidden}#gbz .gbtcb{right:0}#gbg .gbtcb{left:0}.gbxx{display:none !important}.gbxo{opac"
01:01:09.875 [Forwarding getPageSource on session d6a0bef0-bd24-11e6-8678-ab184a9d7075 to remote] DEBUG org.apache.http.wire - http-outgoing-0 << "ity:0 !important;filter:alpha(opacity=0) !important}.gbm{position:absolute;z-index:999;top:-999px;visibility:hidden;text-align:left;border:1px solid #bebebe;background:#fff;-moz-box-shadow:-1px 1px 1px rgba(0,0,0,.2);-webkit-box-shadow:0 2px 4px rgba(0,0,0,.2);box-shadow:0 2px 4px rgba(0,0,0,.2)}.gbrtl .gbm{-moz-box-shadow:1px 1px 1px rgba(0,0,0,.2)}.gbto .gbm,.gbto #gbs{top:29px;visibility:visible}#gbz .gbm{left:0}#gbg .gbm{right:0}.gbxms{background-color:#ccc;display:block;position:absolute;z-index:1;top:-1px;left:-2px;right:-2px;bottom:-2px;opacity:.4;-moz-border-radius:3px;filter:progid:DXImageTransform.Microsoft.Blur(pixelradius=5);*opacity:1;*top:-2px;*left:-5px;*right:5px;*bottom:4px;-ms-filter:\"progid:DXImageTransform.Microsoft.Blur(pixelradius=5)\";opacity:1\\0/;top:-4px\\0/;left:-6px\\0/;right:5px\\0/;bottom:4px\\0/}.gbma{position:relative;top:-1px;border-style:solid dashed dashed;border-color:transparent;border-top-color:#c0c0c0;display:-moz-inline-box;display:inline-block;font-size:0;height:0;line-height:0;width:0;border-width:3px 3px 0;padding-top:1px;left:4px}#gbztms1,#gbi4m1,#gbi4s,#gbi4t{zoom:1}.gbtc,.gbmc,.gbmcc{display:block;list-style:none;margin:0;padding:0}.gbmc{background:#fff;padding:10px 0;position:relative;z-index:2;zoom:1}.gbt{position:relative;display:-moz-inline-box;display:inline-block;line-height:27px;padding:0;vertical-align:top}.gbt{*display:inline}.gbto{box-shadow:0 2px 4px rgba(0,0,0,.2);-moz-box-shadow:0 2px 4px rgba(0,0,0,.2);-webkit-box-shadow:0 2px 4px rgba(0,0,0,.2)}.gbzt,.gbgt{cursor:pointer;display:block;text-decoration:none !important}span#gbg6,span#gbg4{cursor:default}.gbts{border-left:1px solid transparent;border-right:1px solid transparent;display:block;*display:inline-block;padding:0 5px;position:relative;z-index:1000}.gbts{*display:inline}.gbzt .gbts{display:inline;zoom:1}.gbto .gbts{background:#fff;border-color:#bebebe;color:#36c;padding-bottom:1px;padding-top:2px}.gbz0l .gbts{color:#fff;font-weight:bold}.gbtsa{padding-right:9px}#gbz .gbzt,#gbz .gbgt,#gbg .gbgt{color:#ccc!important}.gbtb2{display:block;border-top:2px solid transparent}.gbto .gbzt .gbtb2,.gbto .gbgt .gbtb2{border-top-width:0}.gbtb .gbts{background:url(//ssl.gstatic.com/gb/images/b_8d5afc09.png);_background:url(//ssl.gstatic.com/gb/images/b8_3615d64d.png);background-position:-27px -22px;border:0;font-size:0;padding:29px 0 0;*padding:27px 0 0;width:1px}.gbzt:hover,.gbzt:focus,.gbgt-hvr,.gbgt:focus{background-color:#4c4c4c;background-image:none;_background-image:none;background-position:0 -102px;background-repeat:repeat-x;outline:none;text-decoration:none !important}.gbpdjs .gbto .gbm{min-width:99%}.gbz0l .gbtb2{border-top-color:#dd4b39!important}#gbi4s,#gbi4s1{font-weight:bold}#gbg6.gbgt-hvr,#gbg6.gbgt:focus{background-color:transparent;background-image:none}.gbg4a{font-size:0;line-height:0}.gbg4a .gbts{padding:27px 5px 0;*padding:25px 5px 0}.gbto .gbg4a .gbts{padding:29px 5px 1px;*padding:27px 5px 1px}#gbi4i,#gbi4id{left:5px;border:0;height:24px;position:absolute;top:1px;width:24px}.gbto #gbi4i,.gbto #gbi4id{top:3px}.gbi4p{display:block;width:24px}#gbi4id{background-position:-44px -101px}#gbmpid{background-position:0 0}#gbmpi,#gbmpid{border:none;display:inline-block;height:48px;width:48px}#gbmpiw{display:inline-block;line-height:9px;padding-left:20px;margin-top:10px;position:relative}#gbmpi,#gbmpid,#gbmpiw{*display:inline}#gbg5{font-size:0}#gbgs5{padding:5px !important}.gbto #gbgs5{padding:7px 5px 6px !important}#gbi5{background:url(//ssl.gstatic.com/gb/images/b_8d5afc09.png);_background:url(//ssl.gstatic.com/gb/images/b8_3615d64d.png);background-position:0 0;display:block;font-size:0;height:17px;width:16px}.gbto #gbi5{background-position:-6px -22px}.gbn .gbmt,.gbn .gbmt:visited,.gbnd .gbmt,.gbnd .gbmt:visited{color:#dd8e27 !important}.gbf .gbmt,.gbf .gbmt:visited{color:#900 !important}.gbmt,.gbml1,.gbmlb,.gbmt:visited,.gbml1:visited,.gbmlb:visited{color:#36c !important;text-decoration:none !important}.gbmt,.gbmt:visited{display:block}.gbml1,.gbmlb,.gbml1:visited,.gbmlb:visited{display:inline-block;margin:0 "
01:01:09.876 [Forwarding getPageSource on session d6a0bef0-bd24-11e6-8678-ab184a9d7075 to remote] DEBUG org.apache.http.wire - http-outgoing-0 << "10px}.gbml1,.gbmlb,.gbml1:visited,.gbmlb:visited{*display:inline}.gbml1,.gbml1:visited{padding:0 10px}.gbml1-hvr,.gbml1:focus{outline:none;text-decoration:underline !important}#gbpm .gbml1{display:inline;margin:0;padding:0;white-space:nowrap}.gbmlb,.gbmlb:visited{line-height:27px}.gbmlb-hvr,.gbmlb:focus{outline:none;text-decoration:underline !important}.gbmlbw{color:#ccc;margin:0 10px}.gbmt{padding:0 20px}.gbmt:hover,.gbmt:focus{background:#eee;cursor:pointer;outline:0 solid black;text-decoration:none !important}.gbm0l,.gbm0l:visited{color:#000 !important;font-weight:bold}.gbmh{border-top:1px solid #bebebe;font-size:0;margin:10px 0}#gbd4 .gbmc{background:#f5f5f5;padding-top:0}#gbd4 .gbsbic::-webkit-scrollbar-track:vertical{background-color:#f5f5f5;margin-top:2px}#gbmpdv{background:#fff;border-bottom:1px solid #bebebe;-moz-box-shadow:0 2px 4px rgba(0,0,0,.12);-o-box-shadow:0 2px 4px rgba(0,0,0,.12);-webkit-box-shadow:0 2px 4px rgba(0,0,0,.12);box-shadow:0 2px 4px rgba(0,0,0,.12);position:relative;z-index:1}#gbd4 .gbmh{margin:0}.gbmtc{padding:0;margin:0;line-height:27px}.GBMCC:last-child:after,#GBMPAL:last-child:after{content:'\\0A\\0A';white-space:pre;position:absolute}#gbmps{*zoom:1}#gbd4 .gbpc,#gbmpas .gbmt{line-height:17px}#gbd4 .gbpgs .gbmtc{line-height:27px}#gbd4 .gbmtc{border-bottom:1px solid #bebebe}#gbd4 .gbpc{display:inline-block;margin:16px 0 10px;padding-right:50px;vertical-align:top}#gbd4 .gbpc{*display:inline}.gbpc .gbps,.gbpc .gbps2{display:block;margin:0 20px}#gbmplp.gbps{margin:0 10px}.gbpc .gbps{color:#000;font-weight:bold}.gbpc .gbpd{margin-bottom:5px}.gbpd .gbmt,.gbpd .gbps{color:#666 !important}.gbpd .gbmt{opacity:.4;filter:alpha(opacity=40)}.gbps2{color:#666;display:block}.gbp0{display:none}.gbp0 .gbps2{font-weight:bold}#gbd4 .gbmcc{margin-top:5px}.gbpmc{background:#fef9db}.gbpmc .gbpmtc{padding:10px 20px}#gbpm{border:0;*border-collapse:collapse;border-spacing:0;margin:0;white-space:normal}#gbpm .gbpmtc{border-top:none;color:#000 !important;font:11px Arial,sans-serif}#gbpms{*white-space:nowrap}.gbpms2{font-weight:bold;white-space:nowrap}#gbmpal{*border-collapse:collapse;border-spacing:0;border:0;margin:0;white-space:nowrap;width:100%}.gbmpala,.gbmpalb{font:13px Arial,sans-serif;line-height:27px;padding:10px 20px 0;white-space:nowrap}.gbmpala{padding-left:0;text-align:left}.gbmpalb{padding-right:0;text-align:right}#gbmpasb .gbps{color:#000}#gbmpal .gbqfbb{margin:0 20px}.gbp0 .gbps{*display:inline}a.gbiba{margin:8px 20px 10px}.gbmpiaw{display:inline-block;padding-right:10px;margin-bottom:6px;margin-top:10px}.gbxv{visibility:hidden}.gbmpiaa{display:block;margin-top:10px}.gbmpia{border:none;display:block;height:48px;width:48px}.gbmpnw{display:inline-block;height:auto;margin:10px 0;vertical-align:top}\n.gbqfb,.gbqfba,.gbqfbb{-moz-border-radius:2px;-webkit-border-radius:2px;border-radius:2px;cursor:default !important;display:inline-block;font-weight:bold;height:29px;line-height:29px;min-width:54px;*min-width:70px;padding:0 8px;text-align:center;text-decoration:none !important;-moz-user-select:none;-webkit-user-select:none}.gbqfb:focus,.gbqfba:focus,.gbqfbb:focus{border:1px solid #4d90fe;-moz-box-shadow:inset 0 0 0 1px rgba(255, 255, 255, 0.5);-webkit-box-shadow:inset 0 0 0 1px rgba(255, 255, 255, 0.5);box-shadow:inset 0 0 0 1px rgba(255, 255, 255, 0.5);outline:none}.gbqfb-hvr:focus,.gbqfba-hvr:focus,.gbqfbb-hvr:focus{-webkit-box-shadow:inset 0 0 0 1px #fff,0 1px 1px rgba(0,0,0,.1);-moz-box-shadow:inset 0 0 0 1px #fff,0 1px 1px rgba(0,0,0,.1);box-shadow:inset 0 0 0 1px #fff,0 1px 1px rgba(0,0,0,.1)}.gbqfb-no-focus:focus{border:1px solid #3079ed;-moz-box-shadow:none;-webkit-box-shadow:none;box-shadow:none}.gbqfb-hvr,.gbqfba-hvr,.gbqfbb-hvr{-webkit-box-shadow:0 1px 1px rgba(0,0,0,.1);-moz-box-shadow:0 1px 1px rgba(0,0,0,.1);box-shadow:0 1px 1px rgba(0,0,0,.1)}.gbqfb::-moz-focus-inner,.gbqfba::-moz-focus-inner,.gbqfbb::-moz-focus-inner{border:0}.gbqfba,.gbqfbb{border:1px solid #dcdcdc;border-color:rgba(0,0,0,.1);color:#444 !important;font-size:11px}.gbqfb{background-color:#4d90fe;background-image:-webkit-gradie"
01:01:09.877 [Forwarding getPageSource on session d6a0bef0-bd24-11e6-8678-ab184a9d7075 to remote] DEBUG org.apache.http.wire - http-outgoing-0 << "nt(linear,left top,left bottom,from(#4d90fe),to(#4787ed));background-image:-webkit-linear-gradient(top,#4d90fe,#4787ed);background-image:-moz-linear-gradient(top,#4d90fe,#4787ed);background-image:-ms-linear-gradient(top,#4d90fe,#4787ed);background-image:-o-linear-gradient(top,#4d90fe,#4787ed);background-image:linear-gradient(top,#4d90fe,#4787ed);filter:progid:DXImageTransform.Microsoft.gradient(startColorStr='#4d90fe',EndColorStr='#4787ed');border:1px solid #3079ed;color:#fff!important;margin:0 0}.gbqfb-hvr{border-color:#2f5bb7}.gbqfb-hvr:focus{border-color:#2f5bb7}.gbqfb-hvr,.gbqfb-hvr:focus{background-color:#357ae8;background-image:-webkit-gradient(linear,left top,left bottom,from(#4d90fe),to(#357ae8));background-image:-webkit-linear-gradient(top,#4d90fe,#357ae8);background-image:-moz-linear-gradient(top,#4d90fe,#357ae8);background-image:-ms-linear-gradient(top,#4d90fe,#357ae8);background-image:-o-linear-gradient(top,#4d90fe,#357ae8);background-image:linear-gradient(top,#4d90fe,#357ae8)}.gbqfb:active{background-color:inherit;-webkit-box-shadow:inset 0 1px 2px rgba(0, 0, 0, 0.3);-moz-box-shadow:inset 0 1px 2px rgba(0, 0, 0, 0.3);box-shadow:inset 0 1px 2px rgba(0, 0, 0, 0.3)}.gbqfba{background-color:#f5f5f5;background-image:-webkit-gradient(linear,left top,left bottom,from(#f5f5f5),to(#f1f1f1));background-image:-webkit-linear-gradient(top,#f5f5f5,#f1f1f1);background-image:-moz-linear-gradient(top,#f5f5f5,#f1f1f1);background-image:-ms-linear-gradient(top,#f5f5f5,#f1f1f1);background-image:-o-linear-gradient(top,#f5f5f5,#f1f1f1);background-image:linear-gradient(top,#f5f5f5,#f1f1f1);filter:progid:DXImageTransform.Microsoft.gradient(startColorStr='#f5f5f5',EndColorStr='#f1f1f1')}.gbqfba-hvr,.gbqfba-hvr:active{background-color:#f8f8f8;background-image:-webkit-gradient(linear,left top,left bottom,from(#f8f8f8),to(#f1f1f1));background-image:-webkit-linear-gradient(top,#f8f8f8,#f1f1f1);background-image:-moz-linear-gradient(top,#f8f8f8,#f1f1f1);background-image:-ms-linear-gradient(top,#f8f8f8,#f1f1f1);background-image:-o-linear-gradient(top,#f8f8f8,#f1f1f1);background-image:linear-gradient(top,#f8f8f8,#f1f1f1);filter:progid:DXImageTransform.Microsoft.gradient(startColorStr='#f8f8f8',EndColorStr='#f1f1f1')}.gbqfbb{background-color:#fff;background-image:-webkit-gradient(linear,left top,left bottom,from(#fff),to(#fbfbfb));background-image:-webkit-linear-gradient(top,#fff,#fbfbfb);background-image:-moz-linear-gradient(top,#fff,#fbfbfb);background-image:-ms-linear-gradient(top,#fff,#fbfbfb);background-image:-o-linear-gradient(top,#fff,#fbfbfb);background-image:linear-gradient(top,#fff,#fbfbfb);filter:progid:DXImageTransform.Microsoft.gradient(startColorStr='#ffffff',EndColorStr='#fbfbfb')}.gbqfbb-hvr,.gbqfbb-hvr:active{background-color:#fff;background-image:-webkit-gradient(linear,left top,left bottom,from(#fff),to(#f8f8f8));background-image:-webkit-linear-gradient(top,#fff,#f8f8f8);background-image:-moz-linear-gradient(top,#fff,#f8f8f8);background-image:-ms-linear-gradient(top,#fff,#f8f8f8);background-image:-o-linear-gradient(top,#fff,#f8f8f8);background-image:linear-gradient(top,#fff,#f8f8f8);filter:progid:DXImageTransform.Microsoft.gradient(startColorStr='#ffffff',EndColorStr='#f8f8f8')}.gbqfba-hvr,.gbqfba-hvr:active,.gbqfbb-hvr,.gbqfbb-hvr:active{border-color:#c6c6c6;-webkit-box-shadow:0 1px 1px rgba(0,0,0,.1);-moz-box-shadow:0 1px 1px rgba(0,0,0,.1);box-shadow:0 1px 1px rgba(0,0,0,.1);color:#222 !important}.gbqfba:active,.gbqfbb:active{-webkit-box-shadow:inset 0 1px 2px rgba(0,0,0,.1);-moz-box-shadow:inset 0 1px 2px rgba(0,0,0,.1);box-shadow:inset 0 1px 2px rgba(0,0,0,.1)}\n.gbprcd{padding:0;width:258px;white-space:normal}.gbprcb{display:inline-block;height:27px;padding:0 15px;text-decoration:none}#gbprc .gbprcbc{background-color:;background-image:none;border-color:;color:!important}#gbprc .gbprcbc:hover{color:!important}#gbprc .gbprcbc:active,#gbprc .gbprcbc:focus{color:!important}.gbprct{color:#666;line-height:17px;margin:0;margin-bottom:20px}.gbprci{color:#333;font-size:16px;line-height:20px;margin:0;margin-bottom:16px}#gbprc ."
01:01:09.877 [Forwarding getPageSource on session d6a0bef0-bd24-11e6-8678-ab184a9d7075 to remote] DEBUG org.apache.http.wire - http-outgoing-0 << "gbmc{padding:26px;padding-bottom:22px;border:1px solid #bebebe}#gbprc .gbm{border:0}#gbprc .gbprcx,#gbprc .gbprcx.gbgt-hvr,#gbprc .gbprcx:focus,#gbprc .gbprcx:active{right:12px;background:url(//ssl.gstatic.com/s2/oz/images/stars/x.png);display:block;height:9px;opacity:.8;filter:alpha(opacity=80);position:absolute;top:12px;width:9px}#gbprc .gbprcx.gbgt-hvr,#gbprc .gbprcx:focus,#gbprc .gbprcx:active{opacity:1;filter:alpha(opacity=100)}.gbgs .gbmab,.gbgs .gbmab{left:10px;margin:40px 0 0}.gbgs .gbmac,.gbgs .gbmac{left:10px;margin:41px 0 0}.gbemi .gbgs .gbmab,.gbem .gbgs .gbmab{left:10px;margin:40px 0 0}.gbemi .gbgs .gbmac,.gbem .gbgs .gbmac{left:10px;margin:41px 0 0}.gbesi .gbgs .gbmab,.gbes .gbgs .gbmab{left:10px;margin:40px 0 0}.gbesi .gbgs .gbmac,.gbes .gbgs .gbmac{left:10px;margin:41px 0 0}#gbprca .gbmab{z-index:999}#gbprca .gbmac{border-bottom-color:#fff;z-index:999}#gbprcs{position:absolute;background:transparent;top:-999px;z-index:-1;visibility:hidden;margin-top:1px;margin-left:1px}\n#gb #gbprc{right:-28px;top:15px;z-index:997}#gbprca{left:-63px;position:relative;top:-22px}.gbmab,.gbmac{left:5px;border-style:dashed dashed solid;border-color:transparent;border-bottom-color:#bebebe;border-width:0 10px 10px;display:-moz-inline-box;display:inline-block;font-size:0;height:0;line-height:0;position:absolute;top:0;width:0;z-index:1000}.gbmab,.gbmac{visibility:hidden}.gbmac{border-bottom-color:#fff}.gbto .gbmab,.gbto .gbmac{visibility:visible}#gbqfqw,#gbqfb{vertical-align:top}#gbqfbw{right:0;margin:0 15px;position:absolute;top:0}.gbqfb{background-color:#4d90fe;background-image:-webkit-gradient(linear,left top,left bottom,from(#4d90fe),to(#4787ed));background-image:-webkit-linear-gradient(top,#4d90fe,#4787ed);background-image:-moz-linear-gradient(top,#4d90fe,#4787ed);background-image:-ms-linear-gradient(top,#4d90fe,#4787ed);background-image:-o-linear-gradient(top,#4d90fe,#4787ed);background-image:linear-gradient(top,#4d90fe,#4787ed);filter:progid:DXImageTransform.Microsoft.gradient(startColorStr='#4d90fe',EndColorStr='#4787ed');border:1px solid #3079ed;-moz-border-radius:2px;-webkit-border-radius:2px;border-radius:2px;-moz-user-select:none;-webkit-user-select:none;color:#fff;cursor:default;font-size:11px;font-weight:bold;height:29px;min-width:54px;*min-width:70px;text-align:center;padding:0 8px}.gbqfb-hvr{border:1px solid #2f5bb7;background-color:#357ae8;background-image:-webkit-gradient(linear,left top,left bottom,from(#4d90fe),to(#357ae8));background-image:-webkit-linear-gradient(top,#4d90fe,#357ae8);background-image:-moz-linear-gradient(top,#4d90fe,#357ae8);background-image:-ms-linear-gradient(top,#4d90fe,#357ae8);background-image:-o-linear-gradient(top,#4d90fe,#357ae8);background-image:linear-gradient(top,#4d90fe,#357ae8);-webkit-box-shadow:0 1px 1px rgba(0,0,0,.1);-moz-box-shadow:0 1px 1px rgba(0,0,0,.1);box-shadow:0 1px 1px rgba(0,0,0,.1)}.gbqfb:focus{-moz-box-shadow:inset 0 0 0 1px #fff;-webkit-box-shadow:inset 0 0 0 1px #fff;box-shadow:inset 0 0 0 1px #fff;outline:none}.gbqfb::-moz-focus-inner{border:0}.gbqfb-hvr:focus{-moz-box-shadow:inset 0 0 0 1px #fff,0 1px 1px rgba(0,0,0,.1);-webkit-box-shadow:inset 0 0 0 1px #fff,0 1px 1px rgba(0,0,0,.1);box-shadow:inset 0 0 0 1px #fff,0 1px 1px rgba(0,0,0,.1)}.gbqfb:active{-moz-box-shadow:inset 0 1px 2px rgba(0,0,0,.3);-webkit-box-shadow:inset 0 1px 2px rgba(0,0,0,.3);box-shadow:inset 0 1px 2px rgba(0,0,0,.3)}\n#gbmpas{max-height:220px}#gbmm{max-height:530px}.gbsb{-webkit-box-sizing:border-box;display:block;position:relative;*zoom:1}.gbsbic{overflow:auto}.gbsbis .gbsbt,.gbsbis .gbsbb{-webkit-mask-box-image:-webkit-gradient(linear,left top,right top,color-stop(0,rgba(0,0,0,.1)),color-stop(.5,rgba(0,0,0,.8)),color-stop(1,rgba(0,0,0,.1)));left:0;margin-right:0;opacity:0;position:absolute;width:100%}.gbsb .gbsbt:after,.gbsb .gbsbb:after{content:\"\";display:block;height:0;left:0;position:absolute;width:100%}.gbsbis .gbsbt{background:-webkit-gradient(linear,left top,left bottom,from(rgba(0,0,0,.2)),to(rgba(0,0,0,0)));background-image:-webkit-linear-gradient(top,rgba(0,0,0,.2),rgba(0,0"
01:01:09.878 [Forwarding getPageSource on session d6a0bef0-bd24-11e6-8678-ab184a9d7075 to remote] DEBUG org.apache.http.wire - http-outgoing-0 << ",0,0));background-image:-moz-linear-gradient(top,rgba(0,0,0,.2),rgba(0,0,0,0));background-image:-ms-linear-gradient(top,rgba(0,0,0,.2),rgba(0,0,0,0));background-image:-o-linear-gradient(top,rgba(0,0,0,.2),rgba(0,0,0,0));background-image:linear-gradient(top,rgba(0,0,0,.2),rgba(0,0,0,0));height:6px;top:0}.gbsb .gbsbt:after{border-top:1px solid #ebebeb;border-color:rgba(0,0,0,.3);top:0}.gbsb .gbsbb{-webkit-mask-box-image:-webkit-gradient(linear,left top,right top,color-stop(0,rgba(0,0,0,.1)),color-stop(.5,rgba(0,0,0,.8)),color-stop(1,rgba(0,0,0,.1)));background:-webkit-gradient(linear,left bottom,left top,from(rgba(0,0,0,.2)),to(rgba(0,0,0,0)));background-image:-webkit-linear-gradient(bottom,rgba(0,0,0,.2),rgba(0,0,0,0));background-image:-moz-linear-gradient(bottom,rgba(0,0,0,.2),rgba(0,0,0,0));background-image:-ms-linear-gradient(bottom,rgba(0,0,0,.2),rgba(0,0,0,0));background-image:-o-linear-gradient(bottom,rgba(0,0,0,.2),rgba(0,0,0,0));background-image:linear-gradient(bottom,rgba(0,0,0,.2),rgba(0,0,0,0));bottom:0;height:4px}.gbsb .gbsbb:after{border-bottom:1px solid #ebebeb;border-color:rgba(0,0,0,.3);bottom:0}\n.gbsbic::-webkit-scrollbar{height:16px;width:16px}.gbsbic::-webkit-scrollbar-button{height:0;width:0}.gbsbic::-webkit-scrollbar-button:start:decrement,.gbsbic::-webkit-scrollbar-button:end:increment{display:block}.gbsbic::-webkit-scrollbar-button:vertical:start:increment,.gbsbic::-webkit-scrollbar-button:vertical:end:decrement{display:none}.gbsbic::-webkit-scrollbar-track:vertical,.gbsbic::-webkit-scrollbar-track:horizontal,.gbsbic::-webkit-scrollbar-thumb:vertical,.gbsbic::-webkit-scrollbar-thumb:horizontal,.gbsbis .gbsbic::-webkit-scrollbar-track:vertical,.gbsbis .gbsbic::-webkit-scrollbar-track:horizontal,.gbsbis .gbsbic::-webkit-scrollbar-thumb:vertical,.gbsbis .gbsbic::-webkit-scrollbar-thumb:horizontal{border-style:solid;border-color:transparent}.gbsbic::-webkit-scrollbar-track:vertical{background-clip:padding-box;background-color:#fff;border-left-width:5px;border-right-width:0}.gbsbic::-webkit-scrollbar-track:horizontal{background-clip:padding-box;background-color:#fff;border-bottom-width:0;border-top-width:5px}.gbsbic::-webkit-scrollbar-thumb{-webkit-box-shadow:inset 1px 1px 0 rgba(0,0,0,.1),inset 0 -1px 0 rgba(0,0,0,.07);background-clip:padding-box;background-color:rgba(0,0,0,.2);min-height:28px;padding-top:100px}.gbsbic::-webkit-scrollbar-thumb:hover{-webkit-box-shadow:inset 1px 1px 1px rgba(0,0,0,.25);background-color:rgba(0,0,0,.4)}.gbsbic::-webkit-scrollbar-thumb:active{-webkit-box-shadow:inset 1px 1px 3px rgba(0,0,0,.35);background-color:rgba(0,0,0,.5)}.gbsbic::-webkit-scrollbar-thumb:vertical{border-width:0;border-left-width:5px}.gbsbic::-webkit-scrollbar-thumb:horizontal{border-width:0;border-top-width:5px}.gbsbis .gbsbic::-webkit-scrollbar-track:vertical{border-left-width:6px;border-right-width:1px}.gbsbis .gbsbic::-webkit-scrollbar-track:horizontal{border-bottom:1px;border-top:6px}.gbsbis .gbsbic::-webkit-scrollbar-thumb:vertical{border-width:0;border-left-width:6px;border-right-width:1px}.gbsbis .gbsbic::-webkit-scrollbar-thumb:horizontal{border-width:0;border-bottom:1px;border-top:6px}.gbsbic::-webkit-scrollbar-track:hover{-webkit-box-shadow:inset 1px 0 0 rgba(0,0,0,.1);background-color:rgba(0,0,0,.05)}.gbsbic::-webkit-scrollbar-track:active{-webkit-box-shadow:inset 1px 0 0 rgba(0,0,0,.14),inset -1px -1px 0 rgba(0,0,0,.07);background-color:rgba(0,0,0,.05)}\n</style><style>body,td,a,p,.h{font-family:arial,sans-serif}body{margin:0;overflow-y:scroll}#gog{padding:3px 8px 0}td{line-height:.8em}.gac_m td{line-height:17px}form{margin-bottom:20px}.h{color:#36c}.q{color:#00c}.ts td{padding:0}.ts{border-collapse:collapse}em{font-weight:bold;font-style:normal}.lst{height:25px;width:496px}.gsfi,.lst{font:18px arial,sans-serif}.gsfs{font:17px arial,sans-serif}.ds{display:-webkit-inline-box;display:inline-block;margin:3px 0 4px;margin-left:4px}input{font-family:inherit}a.gb1,a.gb2,a.gb3,a.gb4{color:#11c !important}body{background:#fff;color:black}a{color:#11c;text-decoration:none}a:hover,a:active{text-decor"
01:01:09.879 [Forwarding getPageSource on session d6a0bef0-bd24-11e6-8678-ab184a9d7075 to remote] DEBUG org.apache.http.wire - http-outgoing-0 << "ation:underline}.fl a{color:#36c}a:visited{color:#551a8b}a.gb1,a.gb4{text-decoration:underline}a.gb3:hover{text-decoration:none}#ghead a.gb2:hover{color:#fff !important}.sblc{padding-top:5px}.sblc a{display:block;margin:2px 0;margin-left:13px;font-size:11px}.lsbb{background:#eee;border:solid 1px;border-color:#ccc #999 #999 #ccc;height:30px}.lsbb{display:block}.ftl,#fll a{display:inline-block;margin:0 12px}.lsb{background:url(/images/nav_logo229.png) 0 -261px repeat-x;border:none;color:#000;cursor:pointer;height:30px;margin:0;outline:0;font:15px arial,sans-serif;vertical-align:top}.lsb:active{background:#ccc}.lst:focus{outline:none}</style><script>(function(){try{var e=this;var aa=function(a,b,c,d){d=d||{};d._sn=[\"cfg\",b,c].join(\".\");window.gbar.logger.ml(a,d)};var g=window.gbar=window.gbar||{},h=window.gbar.i=window.gbar.i||{},ba;function _tvn(a,b){a=parseInt(a,10);return isNaN(a)?b:a}function _tvf(a,b){a=parseFloat(a);return isNaN(a)?b:a}function _tvv(a){return!!a}function p(a,b,c){(c||g)[a]=b}g.bv={n:_tvn(\"2\",0),r:\"\",f:\".66.41.\",e:\"1300102,3700331\",m:_tvn(\"1\",1)};\nfunction ca(a,b,c){var d=\"on\"+b;if(a.addEventListener)a.addEventListener(b,c,!1);else if(a.attachEvent)a.attachEvent(d,c);else{var f=a[d];a[d]=function(){var a=f.apply(this,arguments),b=c.apply(this,arguments);return void 0==a?b:void 0==b?a:b&&a}}}var da=function(a){return function(){return g.bv.m==a}},ea=da(1),fa=da(2);p(\"sb\",ea);p(\"kn\",fa);h.a=_tvv;h.b=_tvf;h.c=_tvn;h.i=aa;var q=window.gbar.i.i;var r=function(){},u=function(){},ia=function(a){var b=new Image,c=ga;b.onerror=b.onload=b.onabort=function(){try{delete ha[c]}catch(d){}};ha[c]=b;b.src=a;ga=c+1},ha=[],ga=0;p(\"logger\",{il:u,ml:r,log:ia});var v=window.gbar.logger;var y={},ja={},z=[],ka=h.b(\"0.1\",.1),la=h.a(\"1\",!0),ma=function(a,b){z.push([a,b])},na=function(a,b){y[a]=b},oa=function(a){return a in y},A={},B=function(a,b){A[a]||(A[a]=[]);A[a].push(b)},D=function(a){B(\"m\",a)},pa=function(a,b){var c=document.createElement(\"script\");c.src=a;c.async=la;Math.random()<ka&&(c.onerror=function(){c.onerror=null;r(Error(\"Bundle load failed: name=\"+(b||\"UNK\")+\" url=\"+a))});(document.getElementById(\"xjsc\")||document.getElementsByTagName(\"body\")[0]||\ndocument.getElementsByTagName(\"head\")[0]).appendChild(c)},F=function(a){for(var b=0,c;(c=z[b])&&c[0]!=a;++b);!c||c[1].l||c[1].s||(c[1].s=!0,qa(2,a),c[1].url&&pa(c[1].url,a),c[1].libs&&E&&E(c[1].libs))},ra=function(a){B(\"gc\",a)},sa=null,ta=function(a){sa=a},qa=function(a,b,c){if(sa){a={t:a,b:b};if(c)for(var d in c)a[d]=c[d];try{sa(a)}catch(f){}}};p(\"mdc\",y);p(\"mdi\",ja);p(\"bnc\",z);p(\"qGC\",ra);p(\"qm\",D);p(\"qd\",A);p(\"lb\",F);p(\"mcf\",na);p(\"bcf\",ma);p(\"aq\",B);p(\"mdd\",\"\");\np(\"has\",oa);p(\"trh\",ta);p(\"tev\",qa);if(h.a(\"1\")){var ua=h.a(\"1\"),va=h.a(\"\"),wa=h.a(\"\"),xa=window.gapi={},ya=function(a,b){var c=function(){g.dgl(a,b)};ua?D(c):(B(\"gl\",c),F(\"gl\"))},za={},Aa=function(a){a=a.split(\":\");for(var b;(b=a.pop())&&za[b];);return!b},E=function(a){function b(){for(var b=a.split(\":\"),d=0,f;f=b[d];++d)za[f]=1;for(b=0;d=z[b];++b)d=d[1],(f=d.libs)&&!d.l&&d.i&&Aa(f)&&d.i()}g.dgl(a,b)},H=window.___jsl={};H.h=\"m;/_/scs/abc-static/_/js/k=gapi.gapi.en.U_ZjamIixkk.O/m=__features__/rt=j/d=1/rs=AHpOoo-vbowTsdJgxjMinuRjWcqUL15H1g\";H.ms=\"https://apis.google.com\";\nH.m=\"\";H.l=[];ua||z.push([\"gl\",{url:\"//ssl.gstatic.com/gb/js/abc/glm_e7bb39a7e1a24581ff4f8d199678b1b9.js\"}]);var Ba={pu:va,sh:\"\",si:wa,hl:\"en\"};y.gl=Ba;p(\"load\",ya,xa);p(\"dgl\",ya);p(\"agl\",Aa);h.o=ua};var Ca=h.b(\"0.1\",.001),Da=0;\nfunction _mlToken(a,b){try{if(1>Da){Da++;var c,d=a;b=b||{};var f=encodeURIComponent,k=[\"//www.google.com/gen_204?atyp=i&zx=\",(new Date).getTime(),\"&jexpid=\",f(\"28834\"),\"&srcpg=\",f(\"prop=1\"),\"&jsr=\",Math.round(1/Ca),\"&ogev=\",f(\"VSFJWPH8CILQjwPBsZqYCg\"),\"&ogf=\",g.bv.f,\"&ogrp=\",f(\"\"),\"&ogv=\",f(\"1480650288.0\"),\"&oggv=\"+f(\"es_plusone_gc_20161117.0_p0\"),\"&ogd=\",f(\"com\"),\"&ogc=\",f(\"USA\"),\"&ogl=\",f(\"en\")];b._sn&&(b._sn=\n\"og.\"+b._sn);for(var m in b)k.push(\"&\"),k."
01:01:09.880 [Forwarding getPageSource on session d6a0bef0-bd24-11e6-8678-ab184a9d7075 to remote] DEBUG org.apache.http.wire - http-outgoing-0 << "push(f(m)),k.push(\"=\"),k.push(f(b[m]));k.push(\"&emsg=\");k.push(f(d.name+\":\"+d.message));var n=k.join(\"\");Ea(n)&&(n=n.substr(0,2E3));c=n;var l=window.gbar.logger._aem(a,c);ia(l)}}catch(t){}}var Ea=function(a){return 2E3<=a.length},Fa=function(a,b){return b};function Ga(a){r=a;p(\"_itl\",Ea,v);p(\"_aem\",Fa,v);p(\"ml\",r,v);a={};y.er=a}h.a(\"\")?Ga(function(a){throw a;}):h.a(\"1\")&&Math.random()<Ca&&Ga(_mlToken);var _E=\"left\",Ha=h.a(\"\"),J=function(a,b){var c=a.className;I(a,b)||(a.className+=(\"\"!=c?\" \":\"\")+b)},K=function(a,b){var c=a.className;b=new RegExp(\"\\\\s?\\\\b\"+b+\"\\\\b\");c&&c.match(b)&&(a.className=c.replace(b,\"\"))},I=function(a,b){b=new RegExp(\"\\\\b\"+b+\"\\\\b\");a=a.className;return!(!a||!a.match(b))},Ia=function(a,b){I(a,b)?K(a,b):J(a,b)},Ja=function(a,b){a[b]=function(c){var d=arguments;g.qm(function(){a[b].apply(this,d)})}},Ka=function(a){a=[\"//www.gstatic.com\",\"/og/_/js/d=1/k=\",\n\"og.og2.en_US.bMuvE1SC6YI.O\",\"/rt=j/m=\",a,\"/rs=\",\"AA2YrTtzBlTmy1wcjkBNuQoi-kZ1wphK5w\"];Ha&&a.push(\"?host=www.gstatic.com&bust=og.og2.en_US.lXDzID-6m6Q.DU\");a=a.join(\"\");pa(a)};p(\"ca\",J);p(\"cr\",K);p(\"cc\",I);h.k=J;h.l=K;h.m=I;h.n=Ia;h.p=Ka;h.q=Ja;var La=[\"gb_71\",\"gb_155\"],Ma;function Na(a){Ma=a}function Oa(a){var b=Ma&&!a.href.match(/.*\\/accounts\\/ClearSID[?]/)&&encodeURIComponent(Ma());b&&(a.href=a.href.replace(/([?&]continue=)[^&]*/,\"$1\"+b))}function Pa(a){window.gApplication&&(a.href=window.gApplication.getTabUrl(a.href))}function Qa(a){try{var b=(document.forms[0].q||\"\").value;b&&(a.href=a.href.replace(/([?&])q=[^&]*|$/,function(a,d){return(d||\"&\")+\"q=\"+encodeURIComponent(b)}))}catch(c){q(c,\"sb\",\"pq\")}}\nvar Ra=function(){for(var a=[],b=0,c;c=La[b];++b)(c=document.getElementById(c))&&a.push(c);return a},Sa=function(){var a=Ra();return 0<a.length?a[0]:null},Ta=function(){return document.getElementById(\"gb_70\")},L={},M={},Ua={},N={},O=void 0,Za=function(a,b){try{var c=document.getElementById(\"gb\");J(c,\"gbpdjs\");P();Va(document.getElementById(\"gb\"))&&J(c,\"gbrtl\");if(b&&b.getAttribute){var d=b.getAttribute(\"aria-owns\");if(d.length){var f=document.getElementById(d);if(f){var k=b.parentNode;if(O==d)O=void 0,\nK(k,\"gbto\");else{if(O){var m=document.getElementById(O);if(m&&m.getAttribute){var n=m.getAttribute(\"aria-owner\");if(n.length){var l=document.getElementById(n);l&&l.parentNode&&K(l.parentNode,\"gbto\")}}}Wa(f)&&Xa(f);O=d;J(k,\"gbto\")}}}}D(function(){g.tg(a,b,!0)});Ya(a)}catch(t){q(t,\"sb\",\"tg\")}},$a=function(a){D(function(){g.close(a)})},ab=function(a){D(function(){g.rdd(a)})},Va=function(a){var b,c=document.defaultView;c&&c.getComputedStyle?(a=c.getComputedStyle(a,\"\"))&&(b=a.direction):b=a.currentStyle?\na.currentStyle.direction:a.style.direction;return\"rtl\"==b},cb=function(a,b,c){if(a)try{var d=document.getElementById(\"gbd5\");if(d){var f=d.firstChild,k=f.firstChild,m=document.createElement(\"li\");m.className=b+\" gbmtc\";m.id=c;a.className=\"gbmt\";m.appendChild(a);if(k.hasChildNodes()){c=[[\"gbkc\"],[\"gbf\",\"gbe\",\"gbn\"],[\"gbkp\"],[\"gbnd\"]];for(var d=0,n=k.childNodes.length,f=!1,l=-1,t=0,C;C=c[t];t++){for(var T=0,G;G=C[T];T++){for(;d<n&&I(k.childNodes[d],G);)d++;if(G==b){k.insertBefore(m,k.childNodes[d]||\nnull);f=!0;break}}if(f){if(d+1<k.childNodes.length){var U=k.childNodes[d+1];I(U.firstChild,\"gbmh\")||bb(U,C)||(l=d+1)}else if(0<=d-1){var V=k.childNodes[d-1];I(V.firstChild,\"gbmh\")||bb(V,C)||(l=d)}break}0<d&&d+1<n&&d++}if(0<=l){var w=document.createElement(\"li\"),x=document.createElement(\"div\");w.className=\"gbmtc\";x.className=\"gbmt gbmh\";w.appendChild(x);k.insertBefore(w,k.childNodes[l])}g.addHover&&g.addHover(a)}else k.appendChild(m)}}catch(Ab){q(Ab,\"sb\",\"al\")}},bb=function(a,b){for(var c=b.length,\nd=0;d<c;d++)if(I(a,b[d]))return!0;return!1},db=function(a,b,c){cb(a,b,c)},eb=function(a,b){cb(a,\"gbe\",b)},fb=function(){D(function(){g.pcm&&g.pcm()})},gb=function(){D(function(){g.pca&&g.pca()})},hb=function(a,b,c,d,f,k,m,n,l,t){D(function(){g.paa&&g.paa(a,b,c,d,f,k,m,n,l,t)})},ib=function(a,b){L[a]||(L[a]=[]);L[a]"
01:01:09.880 [Forwarding getPageSource on session d6a0bef0-bd24-11e6-8678-ab184a9d7075 to remote] DEBUG org.apache.http.wire - http-outgoing-0 << ".push(b)},jb=function(a,b){M[a]||(M[a]=[]);M[a].push(b)},kb=function(a,b){Ua[a]=b},lb=function(a,b){N[a]||(N[a]=[]);N[a].push(b)},Ya=function(a){a.preventDefault&&a.preventDefault();a.returnValue=\n!1;a.cancelBubble=!0},mb=null,Xa=function(a,b){P();if(a){nb(a,\"Opening&hellip;\");Q(a,!0);b=\"undefined\"!=typeof b?b:1E4;var c=function(){ob(a)};mb=window.setTimeout(c,b)}},pb=function(a){P();a&&(Q(a,!1),nb(a,\"\"))},ob=function(a){try{P();var b=a||document.getElementById(O);b&&(nb(b,\"This service is currently unavailable.%1$sPlease try again later.\",\"%1$s\"),Q(b,!0))}catch(c){q(c,\"sb\",\"sdhe\")}},nb=function(a,b,c){if(a&&b){var d=Wa(a);if(d){if(c){d.innerHTML=\"\";b=b.split(c);c=0;for(var f;f=b[c];c++){var k=document.createElement(\"div\");\nk.innerHTML=f;d.appendChild(k)}}else d.innerHTML=b;Q(a,!0)}}},Q=function(a,b){(b=void 0!==b?b:!0)?J(a,\"gbmsgo\"):K(a,\"gbmsgo\")},Wa=function(a){for(var b=0,c;c=a.childNodes[b];b++)if(I(c,\"gbmsg\"))return c},P=function(){mb&&window.clearTimeout(mb)},qb=function(a){var b=\"inner\"+a;a=\"offset\"+a;return window[b]?window[b]:document.documentElement&&document.documentElement[a]?document.documentElement[a]:0},rb=function(){return!1},sb=function(){return!!O};p(\"so\",Sa);p(\"sos\",Ra);p(\"si\",Ta);p(\"tg\",Za);\np(\"close\",$a);p(\"rdd\",ab);p(\"addLink\",db);p(\"addExtraLink\",eb);p(\"pcm\",fb);p(\"pca\",gb);p(\"paa\",hb);p(\"ddld\",Xa);p(\"ddrd\",pb);p(\"dderr\",ob);p(\"rtl\",Va);p(\"op\",sb);p(\"bh\",L);p(\"abh\",ib);p(\"dh\",M);p(\"adh\",jb);p(\"ch\",N);p(\"ach\",lb);p(\"eh\",Ua);p(\"aeh\",kb);ba=h.a(\"\")?Pa:Qa;p(\"qs\",ba);p(\"setContinueCb\",Na);p(\"pc\",Oa);p(\"bsy\",rb);h.d=Ya;h.j=qb;var tb={};y.base=tb;z.push([\"m\",{url:\"//ssl.gstatic.com/gb/js/sem_f70ed39779130cc06d510ce54eca305c.js\"}]);g.sg={c:\"1\"};p(\"wg\",{rg:{}});var ub={tiw:h.c(\"15000\",0),tie:h.c(\"30000\",0)};y.wg=ub;var vb={thi:h.c(\"10000\",0),thp:h.c(\"180000\",0),tho:h.c(\"5000\",0),tet:h.b(\"0.5\",0)};y.wm=vb;if(h.a(\"1\")){var wb=h.a(\"\");z.push([\"gc\",{auto:wb,url:\"//ssl.gstatic.com/gb/js/abc/gci_91f30755d6a6b787dcc2a4062e6e9824.js\",libs:\"googleapis.client:plusone:gapi.iframes\"}]);var xb={version:\"gci_91f30755d6a6b787dcc2a4062e6e9824.js\",index:\"\",lang:\"en\"};y.gc=xb;var yb=function(a){window.googleapis&&window.iframes?a&&a():(a&&ra(a),F(\"gc\"))};p(\"lGC\",yb);h.a(\"1\")&&p(\"lPWF\",yb)};window.__PVT=\"\";if(h.a(\"1\")&&h.a(\"1\")){var zb=function(a){yb(function(){B(\"pw\",a);F(\"pw\")})};p(\"lPW\",zb);z.push([\"pw\",{url:\"//ssl.gstatic.com/gb/js/abc/pwm_45f73e4df07a0e388b0fa1f3d30e7280.js\"}]);var Bb=[],Cb=function(a){Bb[0]=a},Db=function(a,b){b=b||{};b._sn=\"pw\";r(a,b)},Eb={signed:Bb,elog:Db,base:\"https://plusone.google.com/u/0\",loadTime:(new Date).getTime()};y.pw=Eb;var Fb=function(a,b){var c=b.split(\".\");b=function(){var b=arguments;a(function(){for(var a=g,d=0,f=c.length-1;d<f;++d)a=a[c[d]];a[c[d]].apply(a,b)})};for(var d=g,f=0,k=c.length-1;f<\nk;++f)d=d[c[f]]=d[c[f]]||{};return d[c[f]]=b};Fb(zb,\"pw.clk\");Fb(zb,\"pw.hvr\");p(\"su\",Cb,g.pw)};var Gb=[1,2,3,4,5,6,9,10,11,13,14,28,29,30,34,35,37,38,39,40,41,42,43,48,49,500];var Hb=h.b(\"0.001\",1E-4),Ib=h.b(\"1\",1),Jb=!1,Kb=!1;if(h.a(\"1\")){var Lb=Math.random();Lb<Hb&&(Jb=!0);Lb<Ib&&(Kb=!0)}var R=null;\nfunction Mb(a,b){var c=Hb,d=Jb,f;f=a;if(!R){R={};for(var k=0;k<Gb.length;k++){var m=Gb[k];R[m]=!0}}if(f=!!R[f])c=Ib,d=Kb;if(d){var d=encodeURIComponent,n=\"es_plusone_gc_20161117.0_p0\",l;g.rp?(l=g.rp(),l=\"-1\"!=l?l:\"\"):l=\"\";f=(new Date).getTime();var k=d(\"28834\"),m=d(\"VSFJWPH8CILQjwPBsZqYCg\"),t=g.bv.f,C=d(\"1\");l=d(l);var c=Math.round(1/c),T=d(\"1480650288.0\"),n=n?\"&oggv=\"+d(n):\"\",G=d(\"com\"),U=d(\"en\"),\nV=d(\"USA\"),w;w=0;h.a(\"\")&&(w|=1);h.a(\"\")&&(w|=2);h.a(\"\")&&(w|=4);a=[\"//www.google.com/gen_204?atyp=i&zx=\",f,\"&oge=\",a,\"&ogex=\",k,\"&ogev=\",m,\"&ogf=\",t,\"&ogp=\",C,\"&ogrp=\",l,\"&ogsr=\",c,\"&ogv=\",T,n,\"&ogd=\",G,\"&ogl=\",U,\"&ogc=\",V,\"&ogus=\",w];if(b){\"ogw\"in b&&(a.push(\"&ogw=\"+b.ogw),delete b.ogw);var x;f=[];for(x in b)0!=f.length&&f.push(\",\"),f.push(Nb(x)),f.push(\".\"),f.push(Nb(b"
01:01:09.881 [Forwarding getPageSource on session d6a0bef0-bd24-11e6-8678-ab184a9d7075 to remote] DEBUG org.apache.http.wire - http-outgoing-0 << "[x]));x=f.join(\"\");\"\"!=x&&(a.push(\"&ogad=\"),a.push(d(x)))}ia(a.join(\"\"))}}\nfunction Nb(a){\"number\"==typeof a&&(a+=\"\");return\"string\"==typeof a?a.replace(\".\",\"%2E\").replace(\",\",\"%2C\"):a}u=Mb;p(\"il\",u,v);var Ob={};y.il=Ob;var Pb=function(a,b,c,d,f,k,m,n,l,t){D(function(){g.paa(a,b,c,d,f,k,m,n,l,t)})},Qb=function(){D(function(){g.prm()})},Rb=function(a){D(function(){g.spn(a)})},Sb=function(a){D(function(){g.sps(a)})},Tb=function(a){D(function(){g.spp(a)})},Ub={\"27\":\"//ssl.gstatic.com/gb/images/silhouette_24.png\",\"27\":\"//ssl.gstatic.com/gb/images/silhouette_24.png\",\"27\":\"//ssl.gstatic.com/gb/images/silhouette_24.png\"},Vb=function(a){return(a=Ub[a])||\"//ssl.gstatic.com/gb/images/silhouette_24.png\"},\nWb=function(){D(function(){g.spd()})};p(\"spn\",Rb);p(\"spp\",Tb);p(\"sps\",Sb);p(\"spd\",Wb);p(\"paa\",Pb);p(\"prm\",Qb);ib(\"gbd4\",Qb);\nif(h.a(\"\")){var Xb={d:h.a(\"\"),e:\"\",sanw:h.a(\"\"),p:\"//ssl.gstatic.com/gb/images/silhouette_96.png\",cp:\"1\",xp:h.a(\"1\"),mg:\"%1$s (delegated)\",md:\"%1$s (default)\",mh:\"220\",s:\"1\",pp:Vb,ppl:h.a(\"\"),ppa:h.a(\"\"),\nppm:\"Google+ page\"};y.prf=Xb};var S,Yb,W,Zb,X=0,$b=function(a,b,c){if(a.indexOf)return a.indexOf(b,c);if(Array.indexOf)return Array.indexOf(a,b,c);for(c=null==c?0:0>c?Math.max(0,a.length+c):c;c<a.length;c++)if(c in a&&a[c]===b)return c;return-1},Y=function(a,b){return-1==$b(a,X)?(q(Error(X+\"_\"+b),\"up\",\"caa\"),!1):!0},bc=function(a,b){Y([1,2],\"r\")&&(S[a]=S[a]||[],S[a].push(b),2==X&&window.setTimeout(function(){b(ac(a))},0))},cc=function(a,b,c){if(Y([1],\"nap\")&&c){for(var d=0;d<c.length;d++)Yb[c[d]]=!0;g.up.spl(a,b,\"nap\",c)}},dc=\nfunction(a,b,c){if(Y([1],\"aop\")&&c){if(W)for(var d in W)W[d]=W[d]&&-1!=$b(c,d);else for(W={},d=0;d<c.length;d++)W[c[d]]=!0;g.up.spl(a,b,\"aop\",c)}},ec=function(){try{if(X=2,!Zb){Zb=!0;for(var a in S)for(var b=S[a],c=0;c<b.length;c++)try{b[c](ac(a))}catch(d){q(d,\"up\",\"tp\")}}}catch(d){q(d,\"up\",\"mtp\")}},ac=function(a){if(Y([2],\"ssp\")){var b=!Yb[a];W&&(b=b&&!!W[a]);return b}};Zb=!1;S={};Yb={};W=null;\nvar X=1,fc=function(a){var b=!1;try{b=a.cookie&&a.cookie.match(\"PREF\")}catch(c){}return!b},gc=function(){try{return!!e.localStorage&&\"object\"==typeof e.localStorage}catch(a){return!1}},hc=function(a){return a&&a.style&&a.style.behavior&&\"undefined\"!=typeof a.load},ic=function(a,b,c,d){try{fc(document)||(d||(b=\"og-up-\"+b),gc()?e.localStorage.setItem(b,c):hc(a)&&(a.setAttribute(b,c),a.save(a.id)))}catch(f){f.code!=DOMException.QUOTA_EXCEEDED_ERR&&q(f,\"up\",\"spd\")}},jc=function(a,b,c){try{if(fc(document))return\"\";\nc||(b=\"og-up-\"+b);if(gc())return e.localStorage.getItem(b);if(hc(a))return a.load(a.id),a.getAttribute(b)}catch(d){d.code!=DOMException.QUOTA_EXCEEDED_ERR&&q(d,\"up\",\"gpd\")}return\"\"},kc=function(a,b,c){a.addEventListener?a.addEventListener(b,c,!1):a.attachEvent&&a.attachEvent(\"on\"+b,c)},lc=function(a){for(var b=0,c;c=a[b];b++){var d=g.up;c=c in d&&d[c];if(!c)return!1}return!0},mc=function(a,b){try{if(fc(a))return-1;var c=a.cookie.match(/OGPC=([^;]*)/);if(c&&c[1]){var d=c[1].match(new RegExp(\"\\\\b\"+\nb+\"-([0-9]+):\"));if(d&&d[1])return parseInt(d[1],10)}}catch(f){f.code!=DOMException.QUOTA_EXCEEDED_ERR&&q(f,\"up\",\"gcc\")}return-1};p(\"up\",{r:bc,nap:cc,aop:dc,tp:ec,ssp:ac,spd:ic,gpd:jc,aeh:kc,aal:lc,gcc:mc});var Z=function(a,b){a[b]=function(c){var d=arguments;g.qm(function(){a[b].apply(this,d)})}};Z(g.up,\"sl\");Z(g.up,\"si\");Z(g.up,\"spl\");Z(g.up,\"dpc\");Z(g.up,\"iic\");g.mcf(\"up\",{sp:h.b(\"0.01\",1),tld:\"com\",prid:\"1\"});function nc(){function a(){for(var b;(b=k[m++])&&\"m\"!=b[0]&&!b[1].auto;);b&&(qa(2,b[0]),b[1].url&&pa(b[1].url,b[0]),b[1].libs&&E&&E(b[1].libs));m<k.length&&setTimeout(a,0)}function b(){0<f--?setTimeout(b,0):a()}var c=h.a(\"1\"),d=h.a(\"\"),f=3,k=z,m=0,n=window.gbarOnReady;if(n)try{n()}catch(l){q(l,\"ml\",\"or\")}d?p(\"ldb\",a):c?ca(window,\"load\",b):b()}p(\"rdl\",nc);}catch(e){window.gbar&&gbar.logger&&gbar.logger.ml(e,{\"_sn\":\"cfg.init\"});}})();\n(function(){try{var b=window.gbar;var d=function(a,c){b[a]=function()"
01:01:09.881 [Forwarding getPageSource on session d6a0bef0-bd24-11e6-8678-ab184a9d7075 to remote] DEBUG org.apache.http.wire - http-outgoing-0 << "{return window.navigator&&window.navigator.userAgent?c(window.navigator.userAgent):!1}},e=function(a){return!(/AppleWebKit\\/.+(?:Version\\/[35]\\.|Chrome\\/[01]\\.)/.test(a)||-1!=a.indexOf(\"Firefox/3.5.\"))};d(\"bs_w\",e);}catch(e){window.gbar&&gbar.logger&&gbar.logger.ml(e,{\"_sn\":\"cfg.init\"});}})();\n(function(){try{var a=window.gbar;a.mcf(\"pm\",{p:\"19000096,8QJ,7,,\"});}catch(e){window.gbar&&gbar.logger&&gbar.logger.ml(e,{\"_sn\":\"cfg.init\"});}})();\n(function(){try{var a=window.gbar;a.mcf(\"mm\",{s:\"1\"});}catch(e){window.gbar&&gbar.logger&&gbar.logger.ml(e,{\"_sn\":\"cfg.init\"});}})();\n(function(){try{var d=window.gbar.i.i;var e=window.gbar;var f=e.i;var g=f.c(\"1\",0),h=/\\bgbmt\\b/,k=function(a){try{var b=document.getElementById(\"gb_\"+g),c=document.getElementById(\"gb_\"+a);b&&f.l(b,h.test(b.className)?\"gbm0l\":\"gbz0l\");c&&f.k(c,h.test(c.className)?\"gbm0l\":\"gbz0l\")}catch(l){d(l,\"sj\",\"ssp\")}g=a},m=e.qs,n=function(a){var b;b=a.href;var c=window.location.href.match(/.*?:\\/\\/[^\\/]*/)[0],c=new RegExp(\"^\"+c+\"/search\\\\?\");(b=c.test(b))&&!/(^|\\\\?|&)ei=/.test(a.href)&&(b=window.google)&&b.kEXPI&&(a.href+=\"&ei=\"+b.kEI)},p=function(a){m(a);\nn(a)},q=function(){if(window.google&&window.google.sn){var a=/.*hp$/;return a.test(window.google.sn)?\"\":\"1\"}return\"-1\"};e.rp=q;e.slp=k;e.qs=p;e.qsi=n;}catch(e){window.gbar&&gbar.logger&&gbar.logger.ml(e,{\"_sn\":\"cfg.init\"});}})();\n(function(){try{var a=this;var b=window.gbar;var c=b.i;var d=c.a,e=c.c,f={cty:\"USA\",cv:\"1480650288\",dbg:d(\"\"),ecv:\"0\",ei:e(\"VSFJWPH8CILQjwPBsZqYCg\"),ele:d(\"1\"),esr:e(\"0.1\"),evts:[\"mousedown\",\"touchstart\",\"touchmove\",\"wheel\",\"keydown\"],gbl:\"es_plusone_gc_20161117.0_p0\",hd:\"com\",hl:\"en\",irp:d(\"\"),pid:e(\"1\"),\nsnid:e(\"28834\"),to:e(\"300000\"),u:e(\"\"),vf:\".66.41.\"},g=f,h=[\"bndcfg\"],k=a;h[0]in k||!k.execScript||k.execScript(\"var \"+h[0]);for(var l;h.length&&(l=h.shift());)h.length||void 0===g?k=k[l]?k[l]:k[l]={}:k[l]=g;}catch(e){window.gbar&&gbar.logger&&gbar.logger.ml(e,{\"_sn\":\"cfg.init\"});}})();\n(function(){try{window.gbar.rdl();}catch(e){window.gbar&&gbar.logger&&gbar.logger.ml(e,{\"_sn\":\"cfg.init\"});}})();\n</script><link href=\"/images/branding/product/ico/googleg_lodp.ico\" rel=\"shortcut icon\"><style type=\"text/css\">.gsib_a{width:100%;padding:4px 6px 0}.gsib_a,.gsib_b{vertical-align:top}.gssb_c{border:0;position:absolute;z-index:989}.gssb_e{border:1px solid #ccc;border-top-color:#d9d9d9;box-shadow:0 2px 4px rgba(0,0,0,0.2);-webkit-box-shadow:0 2px 4px rgba(0,0,0,0.2);cursor:default}.gssb_f{visibility:hidden;white-space:nowrap}.gssb_k{border:0;display:block;position:absolute;top:0;z-index:988}.gsdd_a{border:none!important}.gsmq_a{padding:0}a.gspqs_a{padding:0 3px 0 8px}.gspqs_b{color:#666;line-height:22px}.gsls_a{color:red}.gsn_a{padding-top:4px;padding-bottom:1px}.gsn_b{display:block;line-height:16px}.gsn_c{color:green;font-size:13px}.gsq_a{padding:0}.gssb_a{padding:0 7px}.gssb_a,.gssb_a td{white-space:nowrap;overflow:hidden;line-height:22px}#gssb_b{font-size:11px;color:#36c;text-decoration:none}#gssb_b:hover{font-size:11px;color:#36c;text-decoration:underline}.gssb_g{text-align:center;padding:8px 0 7px;position:relative}.gssb_h{font-size:15px;height:28px;margin:0.2em;-webkit-appearance:button}.gssb_i{background:#eee}.gss_ifl{visibility:hidden;padding-left:5px}.gssb_i .gss_ifl{visibility:visible}a.gssb_j{font-size:13px;color:#36c;text-decoration:none;line-height:100%}a.gssb_j:hover{text-decoration:underline}.gssb_l{height:1px;background-color:#e5e5e5}.gssb_m{color:#000;background:#fff}a.gspqs_a{padding-left:0}.gssb_e{border-top:1px solid #a2bff0;border-right:1px solid #558be3;border-bottom:1px solid #558be3;border-left:1px solid #a2bff0;}.gssb_i{background:#d5e2ff}</style></head><body bgcolor=\"#fff\"><script>(function(){var src='/images/nav_logo229.png';var iesg=false;document.body.onload = function(){window.n && window.n();if (document.images){new Image().src=src;}\nif (!iesg){document.f&&document.f.q.focus();document.gbqf&&document.gbqf.q.focus();}\n}\n})("
01:01:09.882 [Forwarding getPageSource on session d6a0bef0-bd24-11e6-8678-ab184a9d7075 to remote] DEBUG org.apache.http.wire - http-outgoing-0 << ");</script><div id=\"mngb\"> <div id=\"gb\"><script>window.gbar&&gbar.eli&&gbar.eli()</script><div id=\"gbw\"><div id=\"gbz\"><span class=\"gbtcb\"></span><ol id=\"gbzc\" class=\"gbtc\"><li class=\"gbt\"><a onclick=\"gbar.logger.il(1,{t:119});\" class=\"gbzt\" id=\"gb_119\" href=\"https://plus.google.com/?gpsrc=ogpy0&amp;tab=wX\"><span class=\"gbtb2\"></span><span class=\"gbts\">Google+</span></a></li><li class=\"gbt\"><a onclick=\"gbar.logger.il(1,{t:1});\" class=\"gbzt gbz0l gbp1\" id=\"gb_1\" href=\"https://www.google.com/webhp?tab=ww\"><span class=\"gbtb2\"></span><span class=\"gbts\">Search</span></a></li><li class=\"gbt\"><a onclick=\"gbar.logger.il(1,{t:2});\" class=\"gbzt\" id=\"gb_2\" href=\"https://www.google.com/imghp?hl=en&amp;tab=wi\"><span class=\"gbtb2\"></span><span class=\"gbts\">Images</span></a></li><li class=\"gbt\"><a onclick=\"gbar.logger.il(1,{t:8});\" class=\"gbzt\" id=\"gb_8\" href=\"https://maps.google.com/maps?hl=en&amp;tab=wl\"><span class=\"gbtb2\"></span><span class=\"gbts\">Maps</span></a></li><li class=\"gbt\"><a onclick=\"gbar.logger.il(1,{t:78});\" class=\"gbzt\" id=\"gb_78\" href=\"https://play.google.com/?hl=en&amp;tab=w8\"><span class=\"gbtb2\"></span><span class=\"gbts\">Play</span></a></li><li class=\"gbt\"><a onclick=\"gbar.logger.il(1,{t:36});\" class=\"gbzt\" id=\"gb_36\" href=\"https://www.youtube.com/?tab=w1\"><span class=\"gbtb2\"></span><span class=\"gbts\">YouTube</span></a></li><li class=\"gbt\"><a onclick=\"gbar.logger.il(1,{t:5});\" class=\"gbzt\" id=\"gb_5\" href=\"https://news.google.com/nwshp?hl=en&amp;tab=wn\"><span class=\"gbtb2\"></span><span class=\"gbts\">News</span></a></li><li class=\"gbt\"><a onclick=\"gbar.logger.il(1,{t:23});\" class=\"gbzt\" id=\"gb_23\" href=\"https://mail.google.com/mail/?tab=wm\"><span class=\"gbtb2\"></span><span class=\"gbts\">Gmail</span></a></li><li class=\"gbt\"><a class=\"gbgt\" id=\"gbztm\" href=\"https://www.google.com/intl/en/options/\" onclick=\"gbar.tg(event,this)\" aria-haspopup=\"true\" aria-owns=\"gbd\"><span class=\"gbtb2\"></span><span id=\"gbztms\" class=\"gbts gbtsa\"><span id=\"gbztms1\">More</span><span class=\"gbma\"></span></span></a><div class=\"gbm\" id=\"gbd\" aria-owner=\"gbztm\"><div id=\"gbmmb\" class=\"gbmc gbsb gbsbis\"><ol id=\"gbmm\" class=\"gbmcc gbsbic\"><li class=\"gbmtc\"><a onclick=\"gbar.logger.il(1,{t:49});\" class=\"gbmt\" id=\"gb_49\" href=\"https://drive.google.com/?tab=wo\">Drive</a></li><li class=\"gbmtc\"><a onclick=\"gbar.logger.il(1,{t:24});\" class=\"gbmt\" id=\"gb_24\" href=\"https://www.google.com/calendar?tab=wc\">Calendar</a></li><li class=\"gbmtc\"><a onclick=\"gbar.logger.il(1,{t:51});\" class=\"gbmt\" id=\"gb_51\" href=\"https://translate.google.com/?hl=en&amp;tab=wT\">Translate</a></li><li class=\"gbmtc\"><a onclick=\"gbar.logger.il(1,{t:17});\" class=\"gbmt\" id=\"gb_17\" href=\"http://www.google.com/mobile/?hl=en&amp;tab=wD\">Mobile</a></li><li class=\"gbmtc\"><a onclick=\"gbar.logger.il(1,{t:10});\" class=\"gbmt\" id=\"gb_10\" href=\"https://books.google.com/bkshp?hl=en&amp;tab=wp\">Books</a></li><li class=\"gbmtc\"><a onclick=\"gbar.logger.il(1,{t:212});\" class=\"gbmt\" id=\"gb_212\" href=\"https://wallet.google.com/?tab=wa\">Wallet</a></li><li class=\"gbmtc\"><a onclick=\"gbar.logger.il(1,{t:6});\" class=\"gbmt\" id=\"gb_6\" href=\"http://www.google.com/shopping?hl=en&amp;tab=wf\">Shopping</a></li><li class=\"gbmtc\"><a onclick=\"gbar.logger.il(1,{t:30});\" class=\"gbmt\" id=\"gb_30\" href=\"https://www.blogger.com/?tab=wj\">Blogger</a></li><li class=\"gbmtc\"><a onclick=\"gbar.logger.il(1,{t:27});\" class=\"gbmt\" id=\"gb_27\" href=\"https://www.google.com/finance?tab=we\">Finance</a></li><li class=\"gbmtc\"><a onclick=\"gbar.logger.il(1,{t:31});\" class=\"gbmt\" id=\"gb_31\" href=\"https://photos.google.com/?tab=wq&amp;pageId=none\">Photos</a></li><li class=\"gbmtc\"><a onclick=\"gbar.logger.il(1,{t:12});\" class=\"gbmt\" id=\"gb_12\" href=\"http://video.google.com/?hl=en&amp;tab=wv\">Videos</a></li><li class=\"gbmtc\"><a onclick=\"gbar.logger.il(1,{t:25});\" class=\"gbmt\" i"
01:01:09.882 [Forwarding getPageSource on session d6a0bef0-bd24-11e6-8678-ab184a9d7075 to remote] DEBUG org.apache.http.wire - http-outgoing-0 << "d=\"gb_25\" href=\"https://docs.google.com/document/?usp=docs_alc\">Docs</a></li><li class=\"gbmtc\"><div class=\"gbmt gbmh\"></div></li><li class=\"gbmtc\"><a onclick=\"gbar.logger.il(1,{t:66});\" href=\"https://www.google.com/intl/en/options/\" class=\"gbmt\">Even more [0xc2][0xbb]</a></li></ol><div class=\"gbsbt\"></div><div class=\"gbsbb\"></div></div></div></li></ol></div><div id=\"gbg\"><h2 class=\"gbxx\">Account Options</h2><span class=\"gbtcb\"></span><ol class=\"gbtc\"><li class=\"gbt\"><a target=\"_top\" href=\"https://accounts.google.com/ServiceLogin?hl=en&amp;passive=true&amp;continue=https://www.google.com/\" onclick=\"gbar.logger.il(9,{l:'i'})\" id=\"gb_70\" class=\"gbgt\"><span class=\"gbtb2\"></span><span id=\"gbgs4\" class=\"gbts\"><span id=\"gbi4s1\">Sign in</span></span></a></li><li class=\"gbt gbtb\"><span class=\"gbts\"></span></li><li class=\"gbt\"><a class=\"gbgt\" id=\"gbg5\" href=\"http://www.google.com/preferences?hl=en\" title=\"Options\" onclick=\"gbar.tg(event,this)\" aria-haspopup=\"true\" aria-owns=\"gbd5\"><span class=\"gbtb2\"></span><span id=\"gbgs5\" class=\"gbts\"><span id=\"gbi5\"></span></span></a><div class=\"gbm\" id=\"gbd5\" aria-owner=\"gbg5\"><div class=\"gbmc\"><ol id=\"gbom\" class=\"gbmcc\"><li class=\"gbkc gbmtc\"><a class=\"gbmt\" href=\"/preferences?hl=en\">Search settings</a></li><li class=\"gbmtc\"><div class=\"gbmt gbmh\"></div></li><li class=\"gbkp gbmtc\"><a class=\"gbmt\" href=\"http://www.google.com/history/optout?hl=en\">Web History</a></li></ol></div></div></li></ol></div></div><div id=\"gbx3\"></div><div id=\"gbx4\"></div><script>window.gbar&&gbar.elp&&gbar.elp()</script></div> </div><center><br clear=\"all\" id=\"lgpd\"><div id=\"lga\"><img alt=\"Google\" height=\"92\" src=\"/images/branding/googlelogo/1x/googlelogo_white_background_color_272x92dp.png\" style=\"padding:28px 0 14px\" width=\"272\" id=\"hplogo\" onload=\"window.lol&amp;&amp;lol()\"><br><br></div><form action=\"/search\" name=\"f\"><table cellpadding=\"0\" cellspacing=\"0\"><tbody><tr valign=\"top\"><td width=\"25%\">&nbsp;</td><td align=\"center\" nowrap=\"\"><input value=\"en\" name=\"hl\" type=\"hidden\"><input name=\"source\" type=\"hidden\" value=\"hp\"><input name=\"biw\" type=\"hidden\"><input name=\"bih\" type=\"hidden\"><div class=\"ds\" style=\"height:32px;margin:4px 0\"><input style=\"color: rgb(0, 0, 0); margin: 0px; padding: 5px 8px 0px 6px; vertical-align: top; outline: none;\" autocomplete=\"off\" class=\"lst\" value=\"\" title=\"Google Search\" maxlength=\"2048\" name=\"q\" size=\"57\" dir=\"ltr\" spellcheck=\"false\"></div><br style=\"line-height:0\"><span class=\"ds\"><span class=\"lsbb\"><input class=\"lsb\" value=\"Google Search\" name=\"btnG\" type=\"submit\"></span></span><span class=\"ds\"><span class=\"lsbb\"><input class=\"lsb\" value=\"I'm Feeling Lucky\" name=\"btnI\" onclick=\"if(this.form.q.value)this.checked=1; else top.location='/doodles/'\" type=\"submit\"></span></span></td><td class=\"fl sblc\" align=\"left\" nowrap=\"\" width=\"25%\"><a href=\"/advanced_search?hl=en&amp;authuser=0\">Advanced search</a><a href=\"/language_tools?hl=en&amp;authuser=0\">Language tools</a></td></tr></tbody></table><input id=\"gbv\" name=\"gbv\" type=\"hidden\" value=\"2\"><script>(function(){var a,b=\"1\";if(document&&document.getElementById)if(\"undefined\"!=typeof XMLHttpRequest)b=\"2\";else if(\"undefined\"!=typeof ActiveXObject){var c,d,e=[\"MSXML2.XMLHTTP.6.0\",\"MSXML2.XMLHTTP.3.0\",\"MSXML2.XMLHTTP\",\"Microsoft.XMLHTTP\"];for(c=0;d=e[c++];)try{new ActiveXObject(d),b=\"2\"}catch(h){}}a=b;if(\"2\"==a&&-1==location.search.indexOf(\"&gbv=2\")){var f=google.gbvu,g=document.getElementById(\"gbv\");g&&(g.value=a);f&&window.setTimeout(function(){location.href=f},0)};}).call(this);</script><input type=\"hidden\" name=\"oq\"><input type=\"hidden\" name=\"gs_l\"></form><div id=\"gac_scont\"></div><div style=\"font-size:83%;min-height:3.5em\"><br><div id=\"prm\"><style>.szppmdbYutt__middle-slot-promo{font-size:small;margin-bottom:32px}.szppmdbYutt__middle-slot-promo a._uFi{display:inline-block;text-"
01:01:09.883 [Forwarding getPageSource on session d6a0bef0-bd24-11e6-8678-ab184a9d7075 to remote] DEBUG org.apache.http.wire - http-outgoing-0 << "decoration:none}.szppmdbYutt__middle-slot-promo img{border:none;margin-right:5px;vertical-align:middle}.szppmdbYutt__middle-slot-promo ._vFi{color:red}</style><div class=\"szppmdbYutt__middle-slot-promo r-isdD52z8guCw\" jsl=\"$t t-Gza07Ho9En4;$x 0;\" data-ved=\"0ahUKEwjjqfWGnuTQAhVR5GMKHXVpCxEQnIcBCAQ\"><a class=\"_XIi\" href=\"https://www.google.com/url?q=https://www.youtube.com/rewind&amp;source=hpp&amp;id=19001295&amp;ct=3&amp;usg=AFQjCNF4cIP-BQSUXTsT7jqTtHYbASI-sA&amp;sa=X&amp;ved=0ahUKEwjjqfWGnuTQAhVR5GMKHXVpCxEQ8IcBCAU\" rel=\"nofollow\">#YouTubeRewind:</a> The videos, people, and events that defined YouTube in 2016</div></div></div><span id=\"footer\"><div style=\"font-size:10pt\"><div style=\"margin:19px auto;text-align:center\" id=\"fll\"><a href=\"/intl/en/ads/\">Advertising&nbsp;Programs</a><a href=\"/services/\">Business Solutions</a><a href=\"https://plus.google.com/116899029375914044550\" rel=\"publisher\">+Google</a><a href=\"/intl/en/about.html\">About Google</a></div></div><p style=\"color:#767676;font-size:8pt\">[0xc2][0xa9] 2016 - <a href=\"/intl/en/policies/privacy/\">Privacy</a> - <a href=\"/intl/en/policies/terms/\">Terms</a></p></span></center><script>(function(){window.google.cdo={height:0,width:0};(function(){var a=window.innerWidth,b=window.innerHeight;if(!a||!b)var c=window.document,d=\"CSS1Compat\"==c.compatMode?c.documentElement:c.body,a=d.clientWidth,b=d.clientHeight;a&&b&&(a!=google.cdo.width||b!=google.cdo.height)&&google.log(\"\",\"\",\"/client_204?&atyp=i&biw=\"+a+\"&bih=\"+b+\"&ei=\"+google.kEI);}).call(this);})();</script><div id=\"xjsd\"><script src=\"/xjs/_/js/k=xjs.hp.en_US.A83a9f804i4.O/m=sb_he,d/rt=j/d=1/t=zcms/rs=ACT90oF2eNnQs0ONdr_WSmdRg-UEHmCM5g\"></script></div><div id=\"xjsi\"><script>(function(){function c(b){window.setTimeout(function(){var a=document.createElement(\"script\");a.src=b;document.getElementById(\"xjsd\").appendChild(a)},0)}google.dljp=function(b,a){google.xjsu=b;c(a)};google.dlj=c;}).call(this);(function(){window.google.xjsrm=['mids'];})();if(google.y)google.y.first=[];if(!google.xjs){window._=window._||{};window._._DumpException=function(e){throw e};if(google.timers&&google.timers.load.t){google.timers.load.t.xjsls=new Date().getTime();}google.dljp('/xjs/_/js/k\\x3dxjs.hp.en_US.A83a9f804i4.O/m\\x3dsb_he,d/rt\\x3dj/d\\x3d1/t\\x3dzcms/rs\\x3dACT90oF2eNnQs0ONdr_WSmdRg-UEHmCM5g','/xjs/_/js/k\\x3dxjs.hp.en_US.A83a9f804i4.O/m\\x3dsb_he,d/rt\\x3dj/d\\x3d1/t\\x3dzcms/rs\\x3dACT90oF2eNnQs0ONdr_WSmdRg-UEHmCM5g');google.xjs=1;}google.pmc={\"sb_he\":{\"agen\":true,\"cgen\":true,\"client\":\"heirloom-hp\",\"dh\":true,\"dhqt\":true,\"ds\":\"\",\"fl\":true,\"host\":\"google.com\",\"isbh\":28,\"jam\":0,\"jsonp\":true,\"msgs\":{\"cibl\":\"Clear Search\",\"dym\":\"Did you mean:\",\"lcky\":\"I\\u0026#39;m Feeling Lucky\",\"lml\":\"Learn more\",\"oskt\":\"Input tools\",\"psrc\":\"This search was removed from your \\u003Ca href=\\\"/history\\\"\\u003EWeb History\\u003C/a\\u003E\",\"psrl\":\"Remove\",\"sbit\":\"Search by image\",\"srch\":\"Google Search\"},\"nds\":true,\"ovr\":{},\"pq\":\"\",\"refpd\":true,\"rfs\":[],\"scd\":10,\"sce\":5,\"stok\":\"fbG1mMok6820OZx2Q30Xpcl6VJM\"},\"d\":{}};google.y.first.push(function(){if(google.med){google.med('init');google.initHistory();google.med('history');}});if(google.j&&google.j.en&&google.j.xi){window.setTimeout(google.j.xi,0);}\n</script></div><table cellspacing=\"0\" cellpadding=\"0\" class=\"gstl_0 gssb_c\" style=\"width: 510px; display: none; top: 240px; left: 5px; position: absolute;\"><tbody><tr><td class=\"gssb_f\"></td><td class=\"gssb_e\" style=\"width: 100%;\"></td></tr></tbody></table></body></html>"}"
01:01:09.884 [Forwarding getPageSource on session d6a0bef0-bd24-11e6-8678-ab184a9d7075 to remote] DEBUG org.apache.http.impl.conn.PoolingHttpClientConnectionManager - Connection [id: 0][route: {}->http://localhost:23446] can be kept alive indefinitely
01:01:09.884 [Forwarding getPageSource on session d6a0bef0-bd24-11e6-8678-ab184a9d7075 to remote] DEBUG org.apache.http.impl.conn.PoolingHttpClientConnectionManager - Connection released: [id: 0][route: {}->http://localhost:23446][total kept alive: 1; route allocated: 1 of 2000; total allocated: 1 of 2000]
<!DOCTYPE html><html itemscope="" itemtype="http://schema.org/WebPage" lang="en"><head><meta content="Search the world's information, including webpages, images, videos and more. Google has many special features to help you find exactly what you're looking for." name="description"><meta content="noodp" name="robots"><meta content="text/html; charset=UTF-8" http-equiv="Content-Type"><meta content="/images/branding/googleg/1x/googleg_standard_color_128dp.png" itemprop="image"><title>Google</title><script>(function(){window.google={kEI:'VSFJWKOrCNHIjwP10q2IAQ',kEXPI:'750722,1351903,1352386,1352402,3700331,4029815,4031109,4032677,4036527,4038012,4039268,4043492,4045841,4048347,4052304,4055744,4062666,4063220,4065787,4067860,4068550,4069839,4069840,4071845,4072364,4072602,4072773,4073405,4073726,4073959,4074597,4075941,4076096,4076316,4076607,4076931,4076999,4078010,4078430,4078438,4078456,4079105,4079441,4079894,4080167,4080271,4080629,4081037,4081039,4081485,4082057,4082087,4082217,4082441,4082618,4082638,4083353,4083476,4084147,4084298,4084343,4084956,4085627,4085642,4085769,4086707,4087017,4087169,4087719,4087911,4088217,4088421,4088429,4088433,4088436,4088438,4088443,4088448,4089117,4089142,4089233,4089480,4089538,4089741,4090085,8300096,8300272,8503585,8505025,8505259,8505276,8505831,8506340,8506399,8506615,8507098,8507294,8507380,8507419,8507897,8507899,8507952,8507974,8508022,8508060,8508065,8508229,8508292,8508395,8508421,8508583,8508589,8508910,8508931,8508956,8509006,8509016,8509037,8509063,8509065,8509373,10200083,10202213,13500019,16200027,19001295',authuser:0,kscs:'c9c918f0_24'};google.kHL='en';})();(function(){google.lc=[];google.li=0;google.getEI=function(a){for(var b;a&&(!a.getAttribute||!(b=a.getAttribute("eid")));)a=a.parentNode;return b||google.kEI};google.getLEI=function(a){for(var b=null;a&&(!a.getAttribute||!(b=a.getAttribute("leid")));)a=a.parentNode;return b};google.https=function(){return"https:"==window.location.protocol};google.ml=function(){return null};google.wl=function(a,b){try{google.ml(Error(a),!1,b)}catch(c){}};google.time=function(){return(new Date).getTime()};google.log=function(a,b,c,d,g){a=google.logUrl(a,b,c,d,g);if(""!=a){b=new Image;var e=google.lc,f=google.li;e[f]=b;b.onerror=b.onload=b.onabort=function(){delete e[f]};window.google&&window.google.vel&&window.google.vel.lu&&window.google.vel.lu(a);b.src=a;google.li=f+1}};google.logUrl=function(a,b,c,d,g){var e="",f=google.ls||"";c||-1!=b.search("&ei=")||(e="&ei="+google.getEI(d),-1==b.search("&lei=")&&(d=google.getLEI(d))&&(e+="&lei="+d));a=c||"/"+(g||"gen_204")+"?atyp=i&ct="+a+"&cad="+b+e+f+"&zx="+google.time();/^http:/i.test(a)&&google.https()&&(google.ml(Error("a"),!1,{src:a,glmm:1}),a="");return a};google.y={};google.x=function(a,b){google.y[a.id]=[a,b];return!1};google.lq=[];google.load=function(a,b,c){google.lq.push([[a],b,c])};google.loadAll=function(a,b){google.lq.push([a,b])};}).call(this);var a=window.location,b=a.href.indexOf("#");if(0<=b){var c=a.href.substring(b+1);/(^|&)q=/.test(c)&&-1==c.indexOf("#")&&a.replace("/search?"+c.replace(/(^|&)fp=[^&]*/g,"")+"&cad=h")};</script><style>#gb{font:13px/27px Arial,sans-serif;height:30px}#gbz,#gbg{position:absolute;white-space:nowrap;top:0;height:30px;z-index:1000}#gbz{left:0;padding-left:4px}#gbg{right:0;padding-right:5px}#gbs{background:transparent;position:absolute;top:-999px;visibility:hidden;z-index:998;right:0}.gbto #gbs{background:#fff}#gbx3,#gbx4{background-color:#2d2d2d;background-image:none;_background-image:none;background-position:0 -138px;background-repeat:repeat-x;border-bottom:1px solid #000;font-size:24px;height:29px;_height:30px;opacity:1;filter:alpha(opacity=100);position:absolute;top:0;width:100%;z-index:990}#gbx3{left:0}#gbx4{right:0}#gbb{position:relative}#gbbw{left:0;position:absolute;top:30px;width:100%}.gbtcb{position:absolute;visibility:hidden}#gbz .gbtcb{right:0}#gbg .gbtcb{left:0}.gbxx{display:none !important}.gbxo{opacity:0 !important;filter:alpha(opacity=0) !important}.gbm{position:absolute;z-index:999;top:-999px;visibility:hidden;text-align:left;border:1px solid #bebebe;background:#fff;-moz-box-shadow:-1px 1px 1px rgba(0,0,0,.2);-webkit-box-shadow:0 2px 4px rgba(0,0,0,.2);box-shadow:0 2px 4px rgba(0,0,0,.2)}.gbrtl .gbm{-moz-box-shadow:1px 1px 1px rgba(0,0,0,.2)}.gbto .gbm,.gbto #gbs{top:29px;visibility:visible}#gbz .gbm{left:0}#gbg .gbm{right:0}.gbxms{background-color:#ccc;display:block;position:absolute;z-index:1;top:-1px;left:-2px;right:-2px;bottom:-2px;opacity:.4;-moz-border-radius:3px;filter:progid:DXImageTransform.Microsoft.Blur(pixelradius=5);*opacity:1;*top:-2px;*left:-5px;*right:5px;*bottom:4px;-ms-filter:"progid:DXImageTransform.Microsoft.Blur(pixelradius=5)";opacity:1\0/;top:-4px\0/;left:-6px\0/;right:5px\0/;bottom:4px\0/}.gbma{position:relative;top:-1px;border-style:solid dashed dashed;border-color:transparent;border-top-color:#c0c0c0;display:-moz-inline-box;display:inline-block;font-size:0;height:0;line-height:0;width:0;border-width:3px 3px 0;padding-top:1px;left:4px}#gbztms1,#gbi4m1,#gbi4s,#gbi4t{zoom:1}.gbtc,.gbmc,.gbmcc{display:block;list-style:none;margin:0;padding:0}.gbmc{background:#fff;padding:10px 0;position:relative;z-index:2;zoom:1}.gbt{position:relative;display:-moz-inline-box;display:inline-block;line-height:27px;padding:0;vertical-align:top}.gbt{*display:inline}.gbto{box-shadow:0 2px 4px rgba(0,0,0,.2);-moz-box-shadow:0 2px 4px rgba(0,0,0,.2);-webkit-box-shadow:0 2px 4px rgba(0,0,0,.2)}.gbzt,.gbgt{cursor:pointer;display:block;text-decoration:none !important}span#gbg6,span#gbg4{cursor:default}.gbts{border-left:1px solid transparent;border-right:1px solid transparent;display:block;*display:inline-block;padding:0 5px;position:relative;z-index:1000}.gbts{*display:inline}.gbzt .gbts{display:inline;zoom:1}.gbto .gbts{background:#fff;border-color:#bebebe;color:#36c;padding-bottom:1px;padding-top:2px}.gbz0l .gbts{color:#fff;font-weight:bold}.gbtsa{padding-right:9px}#gbz .gbzt,#gbz .gbgt,#gbg .gbgt{color:#ccc!important}.gbtb2{display:block;border-top:2px solid transparent}.gbto .gbzt .gbtb2,.gbto .gbgt .gbtb2{border-top-width:0}.gbtb .gbts{background:url(//ssl.gstatic.com/gb/images/b_8d5afc09.png);_background:url(//ssl.gstatic.com/gb/images/b8_3615d64d.png);background-position:-27px -22px;border:0;font-size:0;padding:29px 0 0;*padding:27px 0 0;width:1px}.gbzt:hover,.gbzt:focus,.gbgt-hvr,.gbgt:focus{background-color:#4c4c4c;background-image:none;_background-image:none;background-position:0 -102px;background-repeat:repeat-x;outline:none;text-decoration:none !important}.gbpdjs .gbto .gbm{min-width:99%}.gbz0l .gbtb2{border-top-color:#dd4b39!important}#gbi4s,#gbi4s1{font-weight:bold}#gbg6.gbgt-hvr,#gbg6.gbgt:focus{background-color:transparent;background-image:none}.gbg4a{font-size:0;line-height:0}.gbg4a .gbts{padding:27px 5px 0;*padding:25px 5px 0}.gbto .gbg4a .gbts{padding:29px 5px 1px;*padding:27px 5px 1px}#gbi4i,#gbi4id{left:5px;border:0;height:24px;position:absolute;top:1px;width:24px}.gbto #gbi4i,.gbto #gbi4id{top:3px}.gbi4p{display:block;width:24px}#gbi4id{background-position:-44px -101px}#gbmpid{background-position:0 0}#gbmpi,#gbmpid{border:none;display:inline-block;height:48px;width:48px}#gbmpiw{display:inline-block;line-height:9px;padding-left:20px;margin-top:10px;position:relative}#gbmpi,#gbmpid,#gbmpiw{*display:inline}#gbg5{font-size:0}#gbgs5{padding:5px !important}.gbto #gbgs5{padding:7px 5px 6px !important}#gbi5{background:url(//ssl.gstatic.com/gb/images/b_8d5afc09.png);_background:url(//ssl.gstatic.com/gb/images/b8_3615d64d.png);background-position:0 0;display:block;font-size:0;height:17px;width:16px}.gbto #gbi5{background-position:-6px -22px}.gbn .gbmt,.gbn .gbmt:visited,.gbnd .gbmt,.gbnd .gbmt:visited{color:#dd8e27 !important}.gbf .gbmt,.gbf .gbmt:visited{color:#900 !important}.gbmt,.gbml1,.gbmlb,.gbmt:visited,.gbml1:visited,.gbmlb:visited{color:#36c !important;text-decoration:none !important}.gbmt,.gbmt:visited{display:block}.gbml1,.gbmlb,.gbml1:visited,.gbmlb:visited{display:inline-block;margin:0 10px}.gbml1,.gbmlb,.gbml1:visited,.gbmlb:visited{*display:inline}.gbml1,.gbml1:visited{padding:0 10px}.gbml1-hvr,.gbml1:focus{outline:none;text-decoration:underline !important}#gbpm .gbml1{display:inline;margin:0;padding:0;white-space:nowrap}.gbmlb,.gbmlb:visited{line-height:27px}.gbmlb-hvr,.gbmlb:focus{outline:none;text-decoration:underline !important}.gbmlbw{color:#ccc;margin:0 10px}.gbmt{padding:0 20px}.gbmt:hover,.gbmt:focus{background:#eee;cursor:pointer;outline:0 solid black;text-decoration:none !important}.gbm0l,.gbm0l:visited{color:#000 !important;font-weight:bold}.gbmh{border-top:1px solid #bebebe;font-size:0;margin:10px 0}#gbd4 .gbmc{background:#f5f5f5;padding-top:0}#gbd4 .gbsbic::-webkit-scrollbar-track:vertical{background-color:#f5f5f5;margin-top:2px}#gbmpdv{background:#fff;border-bottom:1px solid #bebebe;-moz-box-shadow:0 2px 4px rgba(0,0,0,.12);-o-box-shadow:0 2px 4px rgba(0,0,0,.12);-webkit-box-shadow:0 2px 4px rgba(0,0,0,.12);box-shadow:0 2px 4px rgba(0,0,0,.12);position:relative;z-index:1}#gbd4 .gbmh{margin:0}.gbmtc{padding:0;margin:0;line-height:27px}.GBMCC:last-child:after,#GBMPAL:last-child:after{content:'\0A\0A';white-space:pre;position:absolute}#gbmps{*zoom:1}#gbd4 .gbpc,#gbmpas .gbmt{line-height:17px}#gbd4 .gbpgs .gbmtc{line-height:27px}#gbd4 .gbmtc{border-bottom:1px solid #bebebe}#gbd4 .gbpc{display:inline-block;margin:16px 0 10px;padding-right:50px;vertical-align:top}#gbd4 .gbpc{*display:inline}.gbpc .gbps,.gbpc .gbps2{display:block;margin:0 20px}#gbmplp.gbps{margin:0 10px}.gbpc .gbps{color:#000;font-weight:bold}.gbpc .gbpd{margin-bottom:5px}.gbpd .gbmt,.gbpd .gbps{color:#666 !important}.gbpd .gbmt{opacity:.4;filter:alpha(opacity=40)}.gbps2{color:#666;display:block}.gbp0{display:none}.gbp0 .gbps2{font-weight:bold}#gbd4 .gbmcc{margin-top:5px}.gbpmc{background:#fef9db}.gbpmc .gbpmtc{padding:10px 20px}#gbpm{border:0;*border-collapse:collapse;border-spacing:0;margin:0;white-space:normal}#gbpm .gbpmtc{border-top:none;color:#000 !important;font:11px Arial,sans-serif}#gbpms{*white-space:nowrap}.gbpms2{font-weight:bold;white-space:nowrap}#gbmpal{*border-collapse:collapse;border-spacing:0;border:0;margin:0;white-space:nowrap;width:100%}.gbmpala,.gbmpalb{font:13px Arial,sans-serif;line-height:27px;padding:10px 20px 0;white-space:nowrap}.gbmpala{padding-left:0;text-align:left}.gbmpalb{padding-right:0;text-align:right}#gbmpasb .gbps{color:#000}#gbmpal .gbqfbb{margin:0 20px}.gbp0 .gbps{*display:inline}a.gbiba{margin:8px 20px 10px}.gbmpiaw{display:inline-block;padding-right:10px;margin-bottom:6px;margin-top:10px}.gbxv{visibility:hidden}.gbmpiaa{display:block;margin-top:10px}.gbmpia{border:none;display:block;height:48px;width:48px}.gbmpnw{display:inline-block;height:auto;margin:10px 0;vertical-align:top}
.gbqfb,.gbqfba,.gbqfbb{-moz-border-radius:2px;-webkit-border-radius:2px;border-radius:2px;cursor:default !important;display:inline-block;font-weight:bold;height:29px;line-height:29px;min-width:54px;*min-width:70px;padding:0 8px;text-align:center;text-decoration:none !important;-moz-user-select:none;-webkit-user-select:none}.gbqfb:focus,.gbqfba:focus,.gbqfbb:focus{border:1px solid #4d90fe;-moz-box-shadow:inset 0 0 0 1px rgba(255, 255, 255, 0.5);-webkit-box-shadow:inset 0 0 0 1px rgba(255, 255, 255, 0.5);box-shadow:inset 0 0 0 1px rgba(255, 255, 255, 0.5);outline:none}.gbqfb-hvr:focus,.gbqfba-hvr:focus,.gbqfbb-hvr:focus{-webkit-box-shadow:inset 0 0 0 1px #fff,0 1px 1px rgba(0,0,0,.1);-moz-box-shadow:inset 0 0 0 1px #fff,0 1px 1px rgba(0,0,0,.1);box-shadow:inset 0 0 0 1px #fff,0 1px 1px rgba(0,0,0,.1)}.gbqfb-no-focus:focus{border:1px solid #3079ed;-moz-box-shadow:none;-webkit-box-shadow:none;box-shadow:none}.gbqfb-hvr,.gbqfba-hvr,.gbqfbb-hvr{-webkit-box-shadow:0 1px 1px rgba(0,0,0,.1);-moz-box-shadow:0 1px 1px rgba(0,0,0,.1);box-shadow:0 1px 1px rgba(0,0,0,.1)}.gbqfb::-moz-focus-inner,.gbqfba::-moz-focus-inner,.gbqfbb::-moz-focus-inner{border:0}.gbqfba,.gbqfbb{border:1px solid #dcdcdc;border-color:rgba(0,0,0,.1);color:#444 !important;font-size:11px}.gbqfb{background-color:#4d90fe;background-image:-webkit-gradient(linear,left top,left bottom,from(#4d90fe),to(#4787ed));background-image:-webkit-linear-gradient(top,#4d90fe,#4787ed);background-image:-moz-linear-gradient(top,#4d90fe,#4787ed);background-image:-ms-linear-gradient(top,#4d90fe,#4787ed);background-image:-o-linear-gradient(top,#4d90fe,#4787ed);background-image:linear-gradient(top,#4d90fe,#4787ed);filter:progid:DXImageTransform.Microsoft.gradient(startColorStr='#4d90fe',EndColorStr='#4787ed');border:1px solid #3079ed;color:#fff!important;margin:0 0}.gbqfb-hvr{border-color:#2f5bb7}.gbqfb-hvr:focus{border-color:#2f5bb7}.gbqfb-hvr,.gbqfb-hvr:focus{background-color:#357ae8;background-image:-webkit-gradient(linear,left top,left bottom,from(#4d90fe),to(#357ae8));background-image:-webkit-linear-gradient(top,#4d90fe,#357ae8);background-image:-moz-linear-gradient(top,#4d90fe,#357ae8);background-image:-ms-linear-gradient(top,#4d90fe,#357ae8);background-image:-o-linear-gradient(top,#4d90fe,#357ae8);background-image:linear-gradient(top,#4d90fe,#357ae8)}.gbqfb:active{background-color:inherit;-webkit-box-shadow:inset 0 1px 2px rgba(0, 0, 0, 0.3);-moz-box-shadow:inset 0 1px 2px rgba(0, 0, 0, 0.3);box-shadow:inset 0 1px 2px rgba(0, 0, 0, 0.3)}.gbqfba{background-color:#f5f5f5;background-image:-webkit-gradient(linear,left top,left bottom,from(#f5f5f5),to(#f1f1f1));background-image:-webkit-linear-gradient(top,#f5f5f5,#f1f1f1);background-image:-moz-linear-gradient(top,#f5f5f5,#f1f1f1);background-image:-ms-linear-gradient(top,#f5f5f5,#f1f1f1);background-image:-o-linear-gradient(top,#f5f5f5,#f1f1f1);background-image:linear-gradient(top,#f5f5f5,#f1f1f1);filter:progid:DXImageTransform.Microsoft.gradient(startColorStr='#f5f5f5',EndColorStr='#f1f1f1')}.gbqfba-hvr,.gbqfba-hvr:active{background-color:#f8f8f8;background-image:-webkit-gradient(linear,left top,left bottom,from(#f8f8f8),to(#f1f1f1));background-image:-webkit-linear-gradient(top,#f8f8f8,#f1f1f1);background-image:-moz-linear-gradient(top,#f8f8f8,#f1f1f1);background-image:-ms-linear-gradient(top,#f8f8f8,#f1f1f1);background-image:-o-linear-gradient(top,#f8f8f8,#f1f1f1);background-image:linear-gradient(top,#f8f8f8,#f1f1f1);filter:progid:DXImageTransform.Microsoft.gradient(startColorStr='#f8f8f8',EndColorStr='#f1f1f1')}.gbqfbb{background-color:#fff;background-image:-webkit-gradient(linear,left top,left bottom,from(#fff),to(#fbfbfb));background-image:-webkit-linear-gradient(top,#fff,#fbfbfb);background-image:-moz-linear-gradient(top,#fff,#fbfbfb);background-image:-ms-linear-gradient(top,#fff,#fbfbfb);background-image:-o-linear-gradient(top,#fff,#fbfbfb);background-image:linear-gradient(top,#fff,#fbfbfb);filter:progid:DXImageTransform.Microsoft.gradient(startColorStr='#ffffff',EndColorStr='#fbfbfb')}.gbqfbb-hvr,.gbqfbb-hvr:active{background-color:#fff;background-image:-webkit-gradient(linear,left top,left bottom,from(#fff),to(#f8f8f8));background-image:-webkit-linear-gradient(top,#fff,#f8f8f8);background-image:-moz-linear-gradient(top,#fff,#f8f8f8);background-image:-ms-linear-gradient(top,#fff,#f8f8f8);background-image:-o-linear-gradient(top,#fff,#f8f8f8);background-image:linear-gradient(top,#fff,#f8f8f8);filter:progid:DXImageTransform.Microsoft.gradient(startColorStr='#ffffff',EndColorStr='#f8f8f8')}.gbqfba-hvr,.gbqfba-hvr:active,.gbqfbb-hvr,.gbqfbb-hvr:active{border-color:#c6c6c6;-webkit-box-shadow:0 1px 1px rgba(0,0,0,.1);-moz-box-shadow:0 1px 1px rgba(0,0,0,.1);box-shadow:0 1px 1px rgba(0,0,0,.1);color:#222 !important}.gbqfba:active,.gbqfbb:active{-webkit-box-shadow:inset 0 1px 2px rgba(0,0,0,.1);-moz-box-shadow:inset 0 1px 2px rgba(0,0,0,.1);box-shadow:inset 0 1px 2px rgba(0,0,0,.1)}
.gbprcd{padding:0;width:258px;white-space:normal}.gbprcb{display:inline-block;height:27px;padding:0 15px;text-decoration:none}#gbprc .gbprcbc{background-color:;background-image:none;border-color:;color:!important}#gbprc .gbprcbc:hover{color:!important}#gbprc .gbprcbc:active,#gbprc .gbprcbc:focus{color:!important}.gbprct{color:#666;line-height:17px;margin:0;margin-bottom:20px}.gbprci{color:#333;font-size:16px;line-height:20px;margin:0;margin-bottom:16px}#gbprc .gbmc{padding:26px;padding-bottom:22px;border:1px solid #bebebe}#gbprc .gbm{border:0}#gbprc .gbprcx,#gbprc .gbprcx.gbgt-hvr,#gbprc .gbprcx:focus,#gbprc .gbprcx:active{right:12px;background:url(//ssl.gstatic.com/s2/oz/images/stars/x.png);display:block;height:9px;opacity:.8;filter:alpha(opacity=80);position:absolute;top:12px;width:9px}#gbprc .gbprcx.gbgt-hvr,#gbprc .gbprcx:focus,#gbprc .gbprcx:active{opacity:1;filter:alpha(opacity=100)}.gbgs .gbmab,.gbgs .gbmab{left:10px;margin:40px 0 0}.gbgs .gbmac,.gbgs .gbmac{left:10px;margin:41px 0 0}.gbemi .gbgs .gbmab,.gbem .gbgs .gbmab{left:10px;margin:40px 0 0}.gbemi .gbgs .gbmac,.gbem .gbgs .gbmac{left:10px;margin:41px 0 0}.gbesi .gbgs .gbmab,.gbes .gbgs .gbmab{left:10px;margin:40px 0 0}.gbesi .gbgs .gbmac,.gbes .gbgs .gbmac{left:10px;margin:41px 0 0}#gbprca .gbmab{z-index:999}#gbprca .gbmac{border-bottom-color:#fff;z-index:999}#gbprcs{position:absolute;background:transparent;top:-999px;z-index:-1;visibility:hidden;margin-top:1px;margin-left:1px}
#gb #gbprc{right:-28px;top:15px;z-index:997}#gbprca{left:-63px;position:relative;top:-22px}.gbmab,.gbmac{left:5px;border-style:dashed dashed solid;border-color:transparent;border-bottom-color:#bebebe;border-width:0 10px 10px;display:-moz-inline-box;display:inline-block;font-size:0;height:0;line-height:0;position:absolute;top:0;width:0;z-index:1000}.gbmab,.gbmac{visibility:hidden}.gbmac{border-bottom-color:#fff}.gbto .gbmab,.gbto .gbmac{visibility:visible}#gbqfqw,#gbqfb{vertical-align:top}#gbqfbw{right:0;margin:0 15px;position:absolute;top:0}.gbqfb{background-color:#4d90fe;background-image:-webkit-gradient(linear,left top,left bottom,from(#4d90fe),to(#4787ed));background-image:-webkit-linear-gradient(top,#4d90fe,#4787ed);background-image:-moz-linear-gradient(top,#4d90fe,#4787ed);background-image:-ms-linear-gradient(top,#4d90fe,#4787ed);background-image:-o-linear-gradient(top,#4d90fe,#4787ed);background-image:linear-gradient(top,#4d90fe,#4787ed);filter:progid:DXImageTransform.Microsoft.gradient(startColorStr='#4d90fe',EndColorStr='#4787ed');border:1px solid #3079ed;-moz-border-radius:2px;-webkit-border-radius:2px;border-radius:2px;-moz-user-select:none;-webkit-user-select:none;color:#fff;cursor:default;font-size:11px;font-weight:bold;height:29px;min-width:54px;*min-width:70px;text-align:center;padding:0 8px}.gbqfb-hvr{border:1px solid #2f5bb7;background-color:#357ae8;background-image:-webkit-gradient(linear,left top,left bottom,from(#4d90fe),to(#357ae8));background-image:-webkit-linear-gradient(top,#4d90fe,#357ae8);background-image:-moz-linear-gradient(top,#4d90fe,#357ae8);background-image:-ms-linear-gradient(top,#4d90fe,#357ae8);background-image:-o-linear-gradient(top,#4d90fe,#357ae8);background-image:linear-gradient(top,#4d90fe,#357ae8);-webkit-box-shadow:0 1px 1px rgba(0,0,0,.1);-moz-box-shadow:0 1px 1px rgba(0,0,0,.1);box-shadow:0 1px 1px rgba(0,0,0,.1)}.gbqfb:focus{-moz-box-shadow:inset 0 0 0 1px #fff;-webkit-box-shadow:inset 0 0 0 1px #fff;box-shadow:inset 0 0 0 1px #fff;outline:none}.gbqfb::-moz-focus-inner{border:0}.gbqfb-hvr:focus{-moz-box-shadow:inset 0 0 0 1px #fff,0 1px 1px rgba(0,0,0,.1);-webkit-box-shadow:inset 0 0 0 1px #fff,0 1px 1px rgba(0,0,0,.1);box-shadow:inset 0 0 0 1px #fff,0 1px 1px rgba(0,0,0,.1)}.gbqfb:active{-moz-box-shadow:inset 0 1px 2px rgba(0,0,0,.3);-webkit-box-shadow:inset 0 1px 2px rgba(0,0,0,.3);box-shadow:inset 0 1px 2px rgba(0,0,0,.3)}
#gbmpas{max-height:220px}#gbmm{max-height:530px}.gbsb{-webkit-box-sizing:border-box;display:block;position:relative;*zoom:1}.gbsbic{overflow:auto}.gbsbis .gbsbt,.gbsbis .gbsbb{-webkit-mask-box-image:-webkit-gradient(linear,left top,right top,color-stop(0,rgba(0,0,0,.1)),color-stop(.5,rgba(0,0,0,.8)),color-stop(1,rgba(0,0,0,.1)));left:0;margin-right:0;opacity:0;position:absolute;width:100%}.gbsb .gbsbt:after,.gbsb .gbsbb:after{content:"";display:block;height:0;left:0;position:absolute;width:100%}.gbsbis .gbsbt{background:-webkit-gradient(linear,left top,left bottom,from(rgba(0,0,0,.2)),to(rgba(0,0,0,0)));background-image:-webkit-linear-gradient(top,rgba(0,0,0,.2),rgba(0,0,0,0));background-image:-moz-linear-gradient(top,rgba(0,0,0,.2),rgba(0,0,0,0));background-image:-ms-linear-gradient(top,rgba(0,0,0,.2),rgba(0,0,0,0));background-image:-o-linear-gradient(top,rgba(0,0,0,.2),rgba(0,0,0,0));background-image:linear-gradient(top,rgba(0,0,0,.2),rgba(0,0,0,0));height:6px;top:0}.gbsb .gbsbt:after{border-top:1px solid #ebebeb;border-color:rgba(0,0,0,.3);top:0}.gbsb .gbsbb{-webkit-mask-box-image:-webkit-gradient(linear,left top,right top,color-stop(0,rgba(0,0,0,.1)),color-stop(.5,rgba(0,0,0,.8)),color-stop(1,rgba(0,0,0,.1)));background:-webkit-gradient(linear,left bottom,left top,from(rgba(0,0,0,.2)),to(rgba(0,0,0,0)));background-image:-webkit-linear-gradient(bottom,rgba(0,0,0,.2),rgba(0,0,0,0));background-image:-moz-linear-gradient(bottom,rgba(0,0,0,.2),rgba(0,0,0,0));background-image:-ms-linear-gradient(bottom,rgba(0,0,0,.2),rgba(0,0,0,0));background-image:-o-linear-gradient(bottom,rgba(0,0,0,.2),rgba(0,0,0,0));background-image:linear-gradient(bottom,rgba(0,0,0,.2),rgba(0,0,0,0));bottom:0;height:4px}.gbsb .gbsbb:after{border-bottom:1px solid #ebebeb;border-color:rgba(0,0,0,.3);bottom:0}
.gbsbic::-webkit-scrollbar{height:16px;width:16px}.gbsbic::-webkit-scrollbar-button{height:0;width:0}.gbsbic::-webkit-scrollbar-button:start:decrement,.gbsbic::-webkit-scrollbar-button:end:increment{display:block}.gbsbic::-webkit-scrollbar-button:vertical:start:increment,.gbsbic::-webkit-scrollbar-button:vertical:end:decrement{display:none}.gbsbic::-webkit-scrollbar-track:vertical,.gbsbic::-webkit-scrollbar-track:horizontal,.gbsbic::-webkit-scrollbar-thumb:vertical,.gbsbic::-webkit-scrollbar-thumb:horizontal,.gbsbis .gbsbic::-webkit-scrollbar-track:vertical,.gbsbis .gbsbic::-webkit-scrollbar-track:horizontal,.gbsbis .gbsbic::-webkit-scrollbar-thumb:vertical,.gbsbis .gbsbic::-webkit-scrollbar-thumb:horizontal{border-style:solid;border-color:transparent}.gbsbic::-webkit-scrollbar-track:vertical{background-clip:padding-box;background-color:#fff;border-left-width:5px;border-right-width:0}.gbsbic::-webkit-scrollbar-track:horizontal{background-clip:padding-box;background-color:#fff;border-bottom-width:0;border-top-width:5px}.gbsbic::-webkit-scrollbar-thumb{-webkit-box-shadow:inset 1px 1px 0 rgba(0,0,0,.1),inset 0 -1px 0 rgba(0,0,0,.07);background-clip:padding-box;background-color:rgba(0,0,0,.2);min-height:28px;padding-top:100px}.gbsbic::-webkit-scrollbar-thumb:hover{-webkit-box-shadow:inset 1px 1px 1px rgba(0,0,0,.25);background-color:rgba(0,0,0,.4)}.gbsbic::-webkit-scrollbar-thumb:active{-webkit-box-shadow:inset 1px 1px 3px rgba(0,0,0,.35);background-color:rgba(0,0,0,.5)}.gbsbic::-webkit-scrollbar-thumb:vertical{border-width:0;border-left-width:5px}.gbsbic::-webkit-scrollbar-thumb:horizontal{border-width:0;border-top-width:5px}.gbsbis .gbsbic::-webkit-scrollbar-track:vertical{border-left-width:6px;border-right-width:1px}.gbsbis .gbsbic::-webkit-scrollbar-track:horizontal{border-bottom:1px;border-top:6px}.gbsbis .gbsbic::-webkit-scrollbar-thumb:vertical{border-width:0;border-left-width:6px;border-right-width:1px}.gbsbis .gbsbic::-webkit-scrollbar-thumb:horizontal{border-width:0;border-bottom:1px;border-top:6px}.gbsbic::-webkit-scrollbar-track:hover{-webkit-box-shadow:inset 1px 0 0 rgba(0,0,0,.1);background-color:rgba(0,0,0,.05)}.gbsbic::-webkit-scrollbar-track:active{-webkit-box-shadow:inset 1px 0 0 rgba(0,0,0,.14),inset -1px -1px 0 rgba(0,0,0,.07);background-color:rgba(0,0,0,.05)}
</style><style>body,td,a,p,.h{font-family:arial,sans-serif}body{margin:0;overflow-y:scroll}#gog{padding:3px 8px 0}td{line-height:.8em}.gac_m td{line-height:17px}form{margin-bottom:20px}.h{color:#36c}.q{color:#00c}.ts td{padding:0}.ts{border-collapse:collapse}em{font-weight:bold;font-style:normal}.lst{height:25px;width:496px}.gsfi,.lst{font:18px arial,sans-serif}.gsfs{font:17px arial,sans-serif}.ds{display:-webkit-inline-box;display:inline-block;margin:3px 0 4px;margin-left:4px}input{font-family:inherit}a.gb1,a.gb2,a.gb3,a.gb4{color:#11c !important}body{background:#fff;color:black}a{color:#11c;text-decoration:none}a:hover,a:active{text-decoration:underline}.fl a{color:#36c}a:visited{color:#551a8b}a.gb1,a.gb4{text-decoration:underline}a.gb3:hover{text-decoration:none}#ghead a.gb2:hover{color:#fff !important}.sblc{padding-top:5px}.sblc a{display:block;margin:2px 0;margin-left:13px;font-size:11px}.lsbb{background:#eee;border:solid 1px;border-color:#ccc #999 #999 #ccc;height:30px}.lsbb{display:block}.ftl,#fll a{display:inline-block;margin:0 12px}.lsb{background:url(/images/nav_logo229.png) 0 -261px repeat-x;border:none;color:#000;cursor:pointer;height:30px;margin:0;outline:0;font:15px arial,sans-serif;vertical-align:top}.lsb:active{background:#ccc}.lst:focus{outline:none}</style><script>(function(){try{var e=this;var aa=function(a,b,c,d){d=d||{};d._sn=["cfg",b,c].join(".");window.gbar.logger.ml(a,d)};var g=window.gbar=window.gbar||{},h=window.gbar.i=window.gbar.i||{},ba;function _tvn(a,b){a=parseInt(a,10);return isNaN(a)?b:a}function _tvf(a,b){a=parseFloat(a);return isNaN(a)?b:a}function _tvv(a){return!!a}function p(a,b,c){(c||g)[a]=b}g.bv={n:_tvn("2",0),r:"",f:".66.41.",e:"1300102,3700331",m:_tvn("1",1)};
function ca(a,b,c){var d="on"+b;if(a.addEventListener)a.addEventListener(b,c,!1);else if(a.attachEvent)a.attachEvent(d,c);else{var f=a[d];a[d]=function(){var a=f.apply(this,arguments),b=c.apply(this,arguments);return void 0==a?b:void 0==b?a:b&&a}}}var da=function(a){return function(){return g.bv.m==a}},ea=da(1),fa=da(2);p("sb",ea);p("kn",fa);h.a=_tvv;h.b=_tvf;h.c=_tvn;h.i=aa;var q=window.gbar.i.i;var r=function(){},u=function(){},ia=function(a){var b=new Image,c=ga;b.onerror=b.onload=b.onabort=function(){try{delete ha[c]}catch(d){}};ha[c]=b;b.src=a;ga=c+1},ha=[],ga=0;p("logger",{il:u,ml:r,log:ia});var v=window.gbar.logger;var y={},ja={},z=[],ka=h.b("0.1",.1),la=h.a("1",!0),ma=function(a,b){z.push([a,b])},na=function(a,b){y[a]=b},oa=function(a){return a in y},A={},B=function(a,b){A[a]||(A[a]=[]);A[a].push(b)},D=function(a){B("m",a)},pa=function(a,b){var c=document.createElement("script");c.src=a;c.async=la;Math.random()<ka&&(c.onerror=function(){c.onerror=null;r(Error("Bundle load failed: name="+(b||"UNK")+" url="+a))});(document.getElementById("xjsc")||document.getElementsByTagName("body")[0]||
document.getElementsByTagName("head")[0]).appendChild(c)},F=function(a){for(var b=0,c;(c=z[b])&&c[0]!=a;++b);!c||c[1].l||c[1].s||(c[1].s=!0,qa(2,a),c[1].url&&pa(c[1].url,a),c[1].libs&&E&&E(c[1].libs))},ra=function(a){B("gc",a)},sa=null,ta=function(a){sa=a},qa=function(a,b,c){if(sa){a={t:a,b:b};if(c)for(var d in c)a[d]=c[d];try{sa(a)}catch(f){}}};p("mdc",y);p("mdi",ja);p("bnc",z);p("qGC",ra);p("qm",D);p("qd",A);p("lb",F);p("mcf",na);p("bcf",ma);p("aq",B);p("mdd","");
p("has",oa);p("trh",ta);p("tev",qa);if(h.a("1")){var ua=h.a("1"),va=h.a(""),wa=h.a(""),xa=window.gapi={},ya=function(a,b){var c=function(){g.dgl(a,b)};ua?D(c):(B("gl",c),F("gl"))},za={},Aa=function(a){a=a.split(":");for(var b;(b=a.pop())&&za[b];);return!b},E=function(a){function b(){for(var b=a.split(":"),d=0,f;f=b[d];++d)za[f]=1;for(b=0;d=z[b];++b)d=d[1],(f=d.libs)&&!d.l&&d.i&&Aa(f)&&d.i()}g.dgl(a,b)},H=window.___jsl={};H.h="m;/_/scs/abc-static/_/js/k=gapi.gapi.en.U_ZjamIixkk.O/m=__features__/rt=j/d=1/rs=AHpOoo-vbowTsdJgxjMinuRjWcqUL15H1g";H.ms="https://apis.google.com";
H.m="";H.l=[];ua||z.push(["gl",{url:"//ssl.gstatic.com/gb/js/abc/glm_e7bb39a7e1a24581ff4f8d199678b1b9.js"}]);var Ba={pu:va,sh:"",si:wa,hl:"en"};y.gl=Ba;p("load",ya,xa);p("dgl",ya);p("agl",Aa);h.o=ua};var Ca=h.b("0.1",.001),Da=0;
function _mlToken(a,b){try{if(1>Da){Da++;var c,d=a;b=b||{};var f=encodeURIComponent,k=["//www.google.com/gen_204?atyp=i&zx=",(new Date).getTime(),"&jexpid=",f("28834"),"&srcpg=",f("prop=1"),"&jsr=",Math.round(1/Ca),"&ogev=",f("VSFJWPH8CILQjwPBsZqYCg"),"&ogf=",g.bv.f,"&ogrp=",f(""),"&ogv=",f("1480650288.0"),"&oggv="+f("es_plusone_gc_20161117.0_p0"),"&ogd=",f("com"),"&ogc=",f("USA"),"&ogl=",f("en")];b._sn&&(b._sn=
"og."+b._sn);for(var m in b)k.push("&"),k.push(f(m)),k.push("="),k.push(f(b[m]));k.push("&emsg=");k.push(f(d.name+":"+d.message));var n=k.join("");Ea(n)&&(n=n.substr(0,2E3));c=n;var l=window.gbar.logger._aem(a,c);ia(l)}}catch(t){}}var Ea=function(a){return 2E3<=a.length},Fa=function(a,b){return b};function Ga(a){r=a;p("_itl",Ea,v);p("_aem",Fa,v);p("ml",r,v);a={};y.er=a}h.a("")?Ga(function(a){throw a;}):h.a("1")&&Math.random()<Ca&&Ga(_mlToken);var _E="left",Ha=h.a(""),J=function(a,b){var c=a.className;I(a,b)||(a.className+=(""!=c?" ":"")+b)},K=function(a,b){var c=a.className;b=new RegExp("\\s?\\b"+b+"\\b");c&&c.match(b)&&(a.className=c.replace(b,""))},I=function(a,b){b=new RegExp("\\b"+b+"\\b");a=a.className;return!(!a||!a.match(b))},Ia=function(a,b){I(a,b)?K(a,b):J(a,b)},Ja=function(a,b){a[b]=function(c){var d=arguments;g.qm(function(){a[b].apply(this,d)})}},Ka=function(a){a=["//www.gstatic.com","/og/_/js/d=1/k=",
"og.og2.en_US.bMuvE1SC6YI.O","/rt=j/m=",a,"/rs=","AA2YrTtzBlTmy1wcjkBNuQoi-kZ1wphK5w"];Ha&&a.push("?host=www.gstatic.com&bust=og.og2.en_US.lXDzID-6m6Q.DU");a=a.join("");pa(a)};p("ca",J);p("cr",K);p("cc",I);h.k=J;h.l=K;h.m=I;h.n=Ia;h.p=Ka;h.q=Ja;var La=["gb_71","gb_155"],Ma;function Na(a){Ma=a}function Oa(a){var b=Ma&&!a.href.match(/.*\/accounts\/ClearSID[?]/)&&encodeURIComponent(Ma());b&&(a.href=a.href.replace(/([?&]continue=)[^&]*/,"$1"+b))}function Pa(a){window.gApplication&&(a.href=window.gApplication.getTabUrl(a.href))}function Qa(a){try{var b=(document.forms[0].q||"").value;b&&(a.href=a.href.replace(/([?&])q=[^&]*|$/,function(a,d){return(d||"&")+"q="+encodeURIComponent(b)}))}catch(c){q(c,"sb","pq")}}
var Ra=function(){for(var a=[],b=0,c;c=La[b];++b)(c=document.getElementById(c))&&a.push(c);return a},Sa=function(){var a=Ra();return 0<a.length?a[0]:null},Ta=function(){return document.getElementById("gb_70")},L={},M={},Ua={},N={},O=void 0,Za=function(a,b){try{var c=document.getElementById("gb");J(c,"gbpdjs");P();Va(document.getElementById("gb"))&&J(c,"gbrtl");if(b&&b.getAttribute){var d=b.getAttribute("aria-owns");if(d.length){var f=document.getElementById(d);if(f){var k=b.parentNode;if(O==d)O=void 0,
K(k,"gbto");else{if(O){var m=document.getElementById(O);if(m&&m.getAttribute){var n=m.getAttribute("aria-owner");if(n.length){var l=document.getElementById(n);l&&l.parentNode&&K(l.parentNode,"gbto")}}}Wa(f)&&Xa(f);O=d;J(k,"gbto")}}}}D(function(){g.tg(a,b,!0)});Ya(a)}catch(t){q(t,"sb","tg")}},$a=function(a){D(function(){g.close(a)})},ab=function(a){D(function(){g.rdd(a)})},Va=function(a){var b,c=document.defaultView;c&&c.getComputedStyle?(a=c.getComputedStyle(a,""))&&(b=a.direction):b=a.currentStyle?
a.currentStyle.direction:a.style.direction;return"rtl"==b},cb=function(a,b,c){if(a)try{var d=document.getElementById("gbd5");if(d){var f=d.firstChild,k=f.firstChild,m=document.createElement("li");m.className=b+" gbmtc";m.id=c;a.className="gbmt";m.appendChild(a);if(k.hasChildNodes()){c=[["gbkc"],["gbf","gbe","gbn"],["gbkp"],["gbnd"]];for(var d=0,n=k.childNodes.length,f=!1,l=-1,t=0,C;C=c[t];t++){for(var T=0,G;G=C[T];T++){for(;d<n&&I(k.childNodes[d],G);)d++;if(G==b){k.insertBefore(m,k.childNodes[d]||
null);f=!0;break}}if(f){if(d+1<k.childNodes.length){var U=k.childNodes[d+1];I(U.firstChild,"gbmh")||bb(U,C)||(l=d+1)}else if(0<=d-1){var V=k.childNodes[d-1];I(V.firstChild,"gbmh")||bb(V,C)||(l=d)}break}0<d&&d+1<n&&d++}if(0<=l){var w=document.createElement("li"),x=document.createElement("div");w.className="gbmtc";x.className="gbmt gbmh";w.appendChild(x);k.insertBefore(w,k.childNodes[l])}g.addHover&&g.addHover(a)}else k.appendChild(m)}}catch(Ab){q(Ab,"sb","al")}},bb=function(a,b){for(var c=b.length,
d=0;d<c;d++)if(I(a,b[d]))return!0;return!1},db=function(a,b,c){cb(a,b,c)},eb=function(a,b){cb(a,"gbe",b)},fb=function(){D(function(){g.pcm&&g.pcm()})},gb=function(){D(function(){g.pca&&g.pca()})},hb=function(a,b,c,d,f,k,m,n,l,t){D(function(){g.paa&&g.paa(a,b,c,d,f,k,m,n,l,t)})},ib=function(a,b){L[a]||(L[a]=[]);L[a].push(b)},jb=function(a,b){M[a]||(M[a]=[]);M[a].push(b)},kb=function(a,b){Ua[a]=b},lb=function(a,b){N[a]||(N[a]=[]);N[a].push(b)},Ya=function(a){a.preventDefault&&a.preventDefault();a.returnValue=
!1;a.cancelBubble=!0},mb=null,Xa=function(a,b){P();if(a){nb(a,"Opening&hellip;");Q(a,!0);b="undefined"!=typeof b?b:1E4;var c=function(){ob(a)};mb=window.setTimeout(c,b)}},pb=function(a){P();a&&(Q(a,!1),nb(a,""))},ob=function(a){try{P();var b=a||document.getElementById(O);b&&(nb(b,"This service is currently unavailable.%1$sPlease try again later.","%1$s"),Q(b,!0))}catch(c){q(c,"sb","sdhe")}},nb=function(a,b,c){if(a&&b){var d=Wa(a);if(d){if(c){d.innerHTML="";b=b.split(c);c=0;for(var f;f=b[c];c++){var k=document.createElement("div");
k.innerHTML=f;d.appendChild(k)}}else d.innerHTML=b;Q(a,!0)}}},Q=function(a,b){(b=void 0!==b?b:!0)?J(a,"gbmsgo"):K(a,"gbmsgo")},Wa=function(a){for(var b=0,c;c=a.childNodes[b];b++)if(I(c,"gbmsg"))return c},P=function(){mb&&window.clearTimeout(mb)},qb=function(a){var b="inner"+a;a="offset"+a;return window[b]?window[b]:document.documentElement&&document.documentElement[a]?document.documentElement[a]:0},rb=function(){return!1},sb=function(){return!!O};p("so",Sa);p("sos",Ra);p("si",Ta);p("tg",Za);
p("close",$a);p("rdd",ab);p("addLink",db);p("addExtraLink",eb);p("pcm",fb);p("pca",gb);p("paa",hb);p("ddld",Xa);p("ddrd",pb);p("dderr",ob);p("rtl",Va);p("op",sb);p("bh",L);p("abh",ib);p("dh",M);p("adh",jb);p("ch",N);p("ach",lb);p("eh",Ua);p("aeh",kb);ba=h.a("")?Pa:Qa;p("qs",ba);p("setContinueCb",Na);p("pc",Oa);p("bsy",rb);h.d=Ya;h.j=qb;var tb={};y.base=tb;z.push(["m",{url:"//ssl.gstatic.com/gb/js/sem_f70ed39779130cc06d510ce54eca305c.js"}]);g.sg={c:"1"};p("wg",{rg:{}});var ub={tiw:h.c("15000",0),tie:h.c("30000",0)};y.wg=ub;var vb={thi:h.c("10000",0),thp:h.c("180000",0),tho:h.c("5000",0),tet:h.b("0.5",0)};y.wm=vb;if(h.a("1")){var wb=h.a("");z.push(["gc",{auto:wb,url:"//ssl.gstatic.com/gb/js/abc/gci_91f30755d6a6b787dcc2a4062e6e9824.js",libs:"googleapis.client:plusone:gapi.iframes"}]);var xb={version:"gci_91f30755d6a6b787dcc2a4062e6e9824.js",index:"",lang:"en"};y.gc=xb;var yb=function(a){window.googleapis&&window.iframes?a&&a():(a&&ra(a),F("gc"))};p("lGC",yb);h.a("1")&&p("lPWF",yb)};window.__PVT="";if(h.a("1")&&h.a("1")){var zb=function(a){yb(function(){B("pw",a);F("pw")})};p("lPW",zb);z.push(["pw",{url:"//ssl.gstatic.com/gb/js/abc/pwm_45f73e4df07a0e388b0fa1f3d30e7280.js"}]);var Bb=[],Cb=function(a){Bb[0]=a},Db=function(a,b){b=b||{};b._sn="pw";r(a,b)},Eb={signed:Bb,elog:Db,base:"https://plusone.google.com/u/0",loadTime:(new Date).getTime()};y.pw=Eb;var Fb=function(a,b){var c=b.split(".");b=function(){var b=arguments;a(function(){for(var a=g,d=0,f=c.length-1;d<f;++d)a=a[c[d]];a[c[d]].apply(a,b)})};for(var d=g,f=0,k=c.length-1;f<
k;++f)d=d[c[f]]=d[c[f]]||{};return d[c[f]]=b};Fb(zb,"pw.clk");Fb(zb,"pw.hvr");p("su",Cb,g.pw)};var Gb=[1,2,3,4,5,6,9,10,11,13,14,28,29,30,34,35,37,38,39,40,41,42,43,48,49,500];var Hb=h.b("0.001",1E-4),Ib=h.b("1",1),Jb=!1,Kb=!1;if(h.a("1")){var Lb=Math.random();Lb<Hb&&(Jb=!0);Lb<Ib&&(Kb=!0)}var R=null;
function Mb(a,b){var c=Hb,d=Jb,f;f=a;if(!R){R={};for(var k=0;k<Gb.length;k++){var m=Gb[k];R[m]=!0}}if(f=!!R[f])c=Ib,d=Kb;if(d){var d=encodeURIComponent,n="es_plusone_gc_20161117.0_p0",l;g.rp?(l=g.rp(),l="-1"!=l?l:""):l="";f=(new Date).getTime();var k=d("28834"),m=d("VSFJWPH8CILQjwPBsZqYCg"),t=g.bv.f,C=d("1");l=d(l);var c=Math.round(1/c),T=d("1480650288.0"),n=n?"&oggv="+d(n):"",G=d("com"),U=d("en"),
V=d("USA"),w;w=0;h.a("")&&(w|=1);h.a("")&&(w|=2);h.a("")&&(w|=4);a=["//www.google.com/gen_204?atyp=i&zx=",f,"&oge=",a,"&ogex=",k,"&ogev=",m,"&ogf=",t,"&ogp=",C,"&ogrp=",l,"&ogsr=",c,"&ogv=",T,n,"&ogd=",G,"&ogl=",U,"&ogc=",V,"&ogus=",w];if(b){"ogw"in b&&(a.push("&ogw="+b.ogw),delete b.ogw);var x;f=[];for(x in b)0!=f.length&&f.push(","),f.push(Nb(x)),f.push("."),f.push(Nb(b[x]));x=f.join("");""!=x&&(a.push("&ogad="),a.push(d(x)))}ia(a.join(""))}}
function Nb(a){"number"==typeof a&&(a+="");return"string"==typeof a?a.replace(".","%2E").replace(",","%2C"):a}u=Mb;p("il",u,v);var Ob={};y.il=Ob;var Pb=function(a,b,c,d,f,k,m,n,l,t){D(function(){g.paa(a,b,c,d,f,k,m,n,l,t)})},Qb=function(){D(function(){g.prm()})},Rb=function(a){D(function(){g.spn(a)})},Sb=function(a){D(function(){g.sps(a)})},Tb=function(a){D(function(){g.spp(a)})},Ub={"27":"//ssl.gstatic.com/gb/images/silhouette_24.png","27":"//ssl.gstatic.com/gb/images/silhouette_24.png","27":"//ssl.gstatic.com/gb/images/silhouette_24.png"},Vb=function(a){return(a=Ub[a])||"//ssl.gstatic.com/gb/images/silhouette_24.png"},
Wb=function(){D(function(){g.spd()})};p("spn",Rb);p("spp",Tb);p("sps",Sb);p("spd",Wb);p("paa",Pb);p("prm",Qb);ib("gbd4",Qb);
if(h.a("")){var Xb={d:h.a(""),e:"",sanw:h.a(""),p:"//ssl.gstatic.com/gb/images/silhouette_96.png",cp:"1",xp:h.a("1"),mg:"%1$s (delegated)",md:"%1$s (default)",mh:"220",s:"1",pp:Vb,ppl:h.a(""),ppa:h.a(""),
ppm:"Google+ page"};y.prf=Xb};var S,Yb,W,Zb,X=0,$b=function(a,b,c){if(a.indexOf)return a.indexOf(b,c);if(Array.indexOf)return Array.indexOf(a,b,c);for(c=null==c?0:0>c?Math.max(0,a.length+c):c;c<a.length;c++)if(c in a&&a[c]===b)return c;return-1},Y=function(a,b){return-1==$b(a,X)?(q(Error(X+"_"+b),"up","caa"),!1):!0},bc=function(a,b){Y([1,2],"r")&&(S[a]=S[a]||[],S[a].push(b),2==X&&window.setTimeout(function(){b(ac(a))},0))},cc=function(a,b,c){if(Y([1],"nap")&&c){for(var d=0;d<c.length;d++)Yb[c[d]]=!0;g.up.spl(a,b,"nap",c)}},dc=
function(a,b,c){if(Y([1],"aop")&&c){if(W)for(var d in W)W[d]=W[d]&&-1!=$b(c,d);else for(W={},d=0;d<c.length;d++)W[c[d]]=!0;g.up.spl(a,b,"aop",c)}},ec=function(){try{if(X=2,!Zb){Zb=!0;for(var a in S)for(var b=S[a],c=0;c<b.length;c++)try{b[c](ac(a))}catch(d){q(d,"up","tp")}}}catch(d){q(d,"up","mtp")}},ac=function(a){if(Y([2],"ssp")){var b=!Yb[a];W&&(b=b&&!!W[a]);return b}};Zb=!1;S={};Yb={};W=null;
var X=1,fc=function(a){var b=!1;try{b=a.cookie&&a.cookie.match("PREF")}catch(c){}return!b},gc=function(){try{return!!e.localStorage&&"object"==typeof e.localStorage}catch(a){return!1}},hc=function(a){return a&&a.style&&a.style.behavior&&"undefined"!=typeof a.load},ic=function(a,b,c,d){try{fc(document)||(d||(b="og-up-"+b),gc()?e.localStorage.setItem(b,c):hc(a)&&(a.setAttribute(b,c),a.save(a.id)))}catch(f){f.code!=DOMException.QUOTA_EXCEEDED_ERR&&q(f,"up","spd")}},jc=function(a,b,c){try{if(fc(document))return"";
c||(b="og-up-"+b);if(gc())return e.localStorage.getItem(b);if(hc(a))return a.load(a.id),a.getAttribute(b)}catch(d){d.code!=DOMException.QUOTA_EXCEEDED_ERR&&q(d,"up","gpd")}return""},kc=function(a,b,c){a.addEventListener?a.addEventListener(b,c,!1):a.attachEvent&&a.attachEvent("on"+b,c)},lc=function(a){for(var b=0,c;c=a[b];b++){var d=g.up;c=c in d&&d[c];if(!c)return!1}return!0},mc=function(a,b){try{if(fc(a))return-1;var c=a.cookie.match(/OGPC=([^;]*)/);if(c&&c[1]){var d=c[1].match(new RegExp("\\b"+
b+"-([0-9]+):"));if(d&&d[1])return parseInt(d[1],10)}}catch(f){f.code!=DOMException.QUOTA_EXCEEDED_ERR&&q(f,"up","gcc")}return-1};p("up",{r:bc,nap:cc,aop:dc,tp:ec,ssp:ac,spd:ic,gpd:jc,aeh:kc,aal:lc,gcc:mc});var Z=function(a,b){a[b]=function(c){var d=arguments;g.qm(function(){a[b].apply(this,d)})}};Z(g.up,"sl");Z(g.up,"si");Z(g.up,"spl");Z(g.up,"dpc");Z(g.up,"iic");g.mcf("up",{sp:h.b("0.01",1),tld:"com",prid:"1"});function nc(){function a(){for(var b;(b=k[m++])&&"m"!=b[0]&&!b[1].auto;);b&&(qa(2,b[0]),b[1].url&&pa(b[1].url,b[0]),b[1].libs&&E&&E(b[1].libs));m<k.length&&setTimeout(a,0)}function b(){0<f--?setTimeout(b,0):a()}var c=h.a("1"),d=h.a(""),f=3,k=z,m=0,n=window.gbarOnReady;if(n)try{n()}catch(l){q(l,"ml","or")}d?p("ldb",a):c?ca(window,"load",b):b()}p("rdl",nc);}catch(e){window.gbar&&gbar.logger&&gbar.logger.ml(e,{"_sn":"cfg.init"});}})();
(function(){try{var b=window.gbar;var d=function(a,c){b[a]=function(){return window.navigator&&window.navigator.userAgent?c(window.navigator.userAgent):!1}},e=function(a){return!(/AppleWebKit\/.+(?:Version\/[35]\.|Chrome\/[01]\.)/.test(a)||-1!=a.indexOf("Firefox/3.5."))};d("bs_w",e);}catch(e){window.gbar&&gbar.logger&&gbar.logger.ml(e,{"_sn":"cfg.init"});}})();
(function(){try{var a=window.gbar;a.mcf("pm",{p:"19000096,8QJ,7,,"});}catch(e){window.gbar&&gbar.logger&&gbar.logger.ml(e,{"_sn":"cfg.init"});}})();
(function(){try{var a=window.gbar;a.mcf("mm",{s:"1"});}catch(e){window.gbar&&gbar.logger&&gbar.logger.ml(e,{"_sn":"cfg.init"});}})();
(function(){try{var d=window.gbar.i.i;var e=window.gbar;var f=e.i;var g=f.c("1",0),h=/\bgbmt\b/,k=function(a){try{var b=document.getElementById("gb_"+g),c=document.getElementById("gb_"+a);b&&f.l(b,h.test(b.className)?"gbm0l":"gbz0l");c&&f.k(c,h.test(c.className)?"gbm0l":"gbz0l")}catch(l){d(l,"sj","ssp")}g=a},m=e.qs,n=function(a){var b;b=a.href;var c=window.location.href.match(/.*?:\/\/[^\/]*/)[0],c=new RegExp("^"+c+"/search\\?");(b=c.test(b))&&!/(^|\\?|&)ei=/.test(a.href)&&(b=window.google)&&b.kEXPI&&(a.href+="&ei="+b.kEI)},p=function(a){m(a);
n(a)},q=function(){if(window.google&&window.google.sn){var a=/.*hp$/;return a.test(window.google.sn)?"":"1"}return"-1"};e.rp=q;e.slp=k;e.qs=p;e.qsi=n;}catch(e){window.gbar&&gbar.logger&&gbar.logger.ml(e,{"_sn":"cfg.init"});}})();
(function(){try{var a=this;var b=window.gbar;var c=b.i;var d=c.a,e=c.c,f={cty:"USA",cv:"1480650288",dbg:d(""),ecv:"0",ei:e("VSFJWPH8CILQjwPBsZqYCg"),ele:d("1"),esr:e("0.1"),evts:["mousedown","touchstart","touchmove","wheel","keydown"],gbl:"es_plusone_gc_20161117.0_p0",hd:"com",hl:"en",irp:d(""),pid:e("1"),
snid:e("28834"),to:e("300000"),u:e(""),vf:".66.41."},g=f,h=["bndcfg"],k=a;h[0]in k||!k.execScript||k.execScript("var "+h[0]);for(var l;h.length&&(l=h.shift());)h.length||void 0===g?k=k[l]?k[l]:k[l]={}:k[l]=g;}catch(e){window.gbar&&gbar.logger&&gbar.logger.ml(e,{"_sn":"cfg.init"});}})();
(function(){try{window.gbar.rdl();}catch(e){window.gbar&&gbar.logger&&gbar.logger.ml(e,{"_sn":"cfg.init"});}})();
</script><link href="/images/branding/product/ico/googleg_lodp.ico" rel="shortcut icon"><style type="text/css">.gsib_a{width:100%;padding:4px 6px 0}.gsib_a,.gsib_b{vertical-align:top}.gssb_c{border:0;position:absolute;z-index:989}.gssb_e{border:1px solid #ccc;border-top-color:#d9d9d9;box-shadow:0 2px 4px rgba(0,0,0,0.2);-webkit-box-shadow:0 2px 4px rgba(0,0,0,0.2);cursor:default}.gssb_f{visibility:hidden;white-space:nowrap}.gssb_k{border:0;display:block;position:absolute;top:0;z-index:988}.gsdd_a{border:none!important}.gsmq_a{padding:0}a.gspqs_a{padding:0 3px 0 8px}.gspqs_b{color:#666;line-height:22px}.gsls_a{color:red}.gsn_a{padding-top:4px;padding-bottom:1px}.gsn_b{display:block;line-height:16px}.gsn_c{color:green;font-size:13px}.gsq_a{padding:0}.gssb_a{padding:0 7px}.gssb_a,.gssb_a td{white-space:nowrap;overflow:hidden;line-height:22px}#gssb_b{font-size:11px;color:#36c;text-decoration:none}#gssb_b:hover{font-size:11px;color:#36c;text-decoration:underline}.gssb_g{text-align:center;padding:8px 0 7px;position:relative}.gssb_h{font-size:15px;height:28px;margin:0.2em;-webkit-appearance:button}.gssb_i{background:#eee}.gss_ifl{visibility:hidden;padding-left:5px}.gssb_i .gss_ifl{visibility:visible}a.gssb_j{font-size:13px;color:#36c;text-decoration:none;line-height:100%}a.gssb_j:hover{text-decoration:underline}.gssb_l{height:1px;background-color:#e5e5e5}.gssb_m{color:#000;background:#fff}a.gspqs_a{padding-left:0}.gssb_e{border-top:1px solid #a2bff0;border-right:1px solid #558be3;border-bottom:1px solid #558be3;border-left:1px solid #a2bff0;}.gssb_i{background:#d5e2ff}</style></head><body bgcolor="#fff"><script>(function(){var src='/images/nav_logo229.png';var iesg=false;document.body.onload = function(){window.n && window.n();if (document.images){new Image().src=src;}
if (!iesg){document.f&&document.f.q.focus();document.gbqf&&document.gbqf.q.focus();}
}
})();</script><div id="mngb"> <div id="gb"><script>window.gbar&&gbar.eli&&gbar.eli()</script><div id="gbw"><div id="gbz"><span class="gbtcb"></span><ol id="gbzc" class="gbtc"><li class="gbt"><a onclick="gbar.logger.il(1,{t:119});" class="gbzt" id="gb_119" href="https://plus.google.com/?gpsrc=ogpy0&amp;tab=wX"><span class="gbtb2"></span><span class="gbts">Google+</span></a></li><li class="gbt"><a onclick="gbar.logger.il(1,{t:1});" class="gbzt gbz0l gbp1" id="gb_1" href="https://www.google.com/webhp?tab=ww"><span class="gbtb2"></span><span class="gbts">Search</span></a></li><li class="gbt"><a onclick="gbar.logger.il(1,{t:2});" class="gbzt" id="gb_2" href="https://www.google.com/imghp?hl=en&amp;tab=wi"><span class="gbtb2"></span><span class="gbts">Images</span></a></li><li class="gbt"><a onclick="gbar.logger.il(1,{t:8});" class="gbzt" id="gb_8" href="https://maps.google.com/maps?hl=en&amp;tab=wl"><span class="gbtb2"></span><span class="gbts">Maps</span></a></li><li class="gbt"><a onclick="gbar.logger.il(1,{t:78});" class="gbzt" id="gb_78" href="https://play.google.com/?hl=en&amp;tab=w8"><span class="gbtb2"></span><span class="gbts">Play</span></a></li><li class="gbt"><a onclick="gbar.logger.il(1,{t:36});" class="gbzt" id="gb_36" href="https://www.youtube.com/?tab=w1"><span class="gbtb2"></span><span class="gbts">YouTube</span></a></li><li class="gbt"><a onclick="gbar.logger.il(1,{t:5});" class="gbzt" id="gb_5" href="https://news.google.com/nwshp?hl=en&amp;tab=wn"><span class="gbtb2"></span><span class="gbts">News</span></a></li><li class="gbt"><a onclick="gbar.logger.il(1,{t:23});" class="gbzt" id="gb_23" href="https://mail.google.com/mail/?tab=wm"><span class="gbtb2"></span><span class="gbts">Gmail</span></a></li><li class="gbt"><a class="gbgt" id="gbztm" href="https://www.google.com/intl/en/options/" onclick="gbar.tg(event,this)" aria-haspopup="true" aria-owns="gbd"><span class="gbtb2"></span><span id="gbztms" class="gbts gbtsa"><span id="gbztms1">More</span><span class="gbma"></span></span></a><div class="gbm" id="gbd" aria-owner="gbztm"><div id="gbmmb" class="gbmc gbsb gbsbis"><ol id="gbmm" class="gbmcc gbsbic"><li class="gbmtc"><a onclick="gbar.logger.il(1,{t:49});" class="gbmt" id="gb_49" href="https://drive.google.com/?tab=wo">Drive</a></li><li class="gbmtc"><a onclick="gbar.logger.il(1,{t:24});" class="gbmt" id="gb_24" href="https://www.google.com/calendar?tab=wc">Calendar</a></li><li class="gbmtc"><a onclick="gbar.logger.il(1,{t:51});" class="gbmt" id="gb_51" href="https://translate.google.com/?hl=en&amp;tab=wT">Translate</a></li><li class="gbmtc"><a onclick="gbar.logger.il(1,{t:17});" class="gbmt" id="gb_17" href="http://www.google.com/mobile/?hl=en&amp;tab=wD">Mobile</a></li><li class="gbmtc"><a onclick="gbar.logger.il(1,{t:10});" class="gbmt" id="gb_10" href="https://books.google.com/bkshp?hl=en&amp;tab=wp">Books</a></li><li class="gbmtc"><a onclick="gbar.logger.il(1,{t:212});" class="gbmt" id="gb_212" href="https://wallet.google.com/?tab=wa">Wallet</a></li><li class="gbmtc"><a onclick="gbar.logger.il(1,{t:6});" class="gbmt" id="gb_6" href="http://www.google.com/shopping?hl=en&amp;tab=wf">Shopping</a></li><li class="gbmtc"><a onclick="gbar.logger.il(1,{t:30});" class="gbmt" id="gb_30" href="https://www.blogger.com/?tab=wj">Blogger</a></li><li class="gbmtc"><a onclick="gbar.logger.il(1,{t:27});" class="gbmt" id="gb_27" href="https://www.google.com/finance?tab=we">Finance</a></li><li class="gbmtc"><a onclick="gbar.logger.il(1,{t:31});" class="gbmt" id="gb_31" href="https://photos.google.com/?tab=wq&amp;pageId=none">Photos</a></li><li class="gbmtc"><a onclick="gbar.logger.il(1,{t:12});" class="gbmt" id="gb_12" href="http://video.google.com/?hl=en&amp;tab=wv">Videos</a></li><li class="gbmtc"><a onclick="gbar.logger.il(1,{t:25});" class="gbmt" id="gb_25" href="https://docs.google.com/document/?usp=docs_alc">Docs</a></li><li class="gbmtc"><div class="gbmt gbmh"></div></li><li class="gbmtc"><a onclick="gbar.logger.il(1,{t:66});" href="https://www.google.com/intl/en/options/" class="gbmt">Even more »</a></li></ol><div class="gbsbt"></div><div class="gbsbb"></div></div></div></li></ol></div><div id="gbg"><h2 class="gbxx">Account Options</h2><span class="gbtcb"></span><ol class="gbtc"><li class="gbt"><a target="_top" href="https://accounts.google.com/ServiceLogin?hl=en&amp;passive=true&amp;continue=https://www.google.com/" onclick="gbar.logger.il(9,{l:'i'})" id="gb_70" class="gbgt"><span class="gbtb2"></span><span id="gbgs4" class="gbts"><span id="gbi4s1">Sign in</span></span></a></li><li class="gbt gbtb"><span class="gbts"></span></li><li class="gbt"><a class="gbgt" id="gbg5" href="http://www.google.com/preferences?hl=en" title="Options" onclick="gbar.tg(event,this)" aria-haspopup="true" aria-owns="gbd5"><span class="gbtb2"></span><span id="gbgs5" class="gbts"><span id="gbi5"></span></span></a><div class="gbm" id="gbd5" aria-owner="gbg5"><div class="gbmc"><ol id="gbom" class="gbmcc"><li class="gbkc gbmtc"><a class="gbmt" href="/preferences?hl=en">Search settings</a></li><li class="gbmtc"><div class="gbmt gbmh"></div></li><li class="gbkp gbmtc"><a class="gbmt" href="http://www.google.com/history/optout?hl=en">Web History</a></li></ol></div></div></li></ol></div></div><div id="gbx3"></div><div id="gbx4"></div><script>window.gbar&&gbar.elp&&gbar.elp()</script></div> </div><center><br clear="all" id="lgpd"><div id="lga"><img alt="Google" height="92" src="/images/branding/googlelogo/1x/googlelogo_white_background_color_272x92dp.png" style="padding:28px 0 14px" width="272" id="hplogo" onload="window.lol&amp;&amp;lol()"><br><br></div><form action="/search" name="f"><table cellpadding="0" cellspacing="0"><tbody><tr valign="top"><td width="25%">&nbsp;</td><td align="center" nowrap=""><input value="en" name="hl" type="hidden"><input name="source" type="hidden" value="hp"><input name="biw" type="hidden"><input name="bih" type="hidden"><div class="ds" style="height:32px;margin:4px 0"><input style="color: rgb(0, 0, 0); margin: 0px; padding: 5px 8px 0px 6px; vertical-align: top; outline: none;" autocomplete="off" class="lst" value="" title="Google Search" maxlength="2048" name="q" size="57" dir="ltr" spellcheck="false"></div><br style="line-height:0"><span class="ds"><span class="lsbb"><input class="lsb" value="Google Search" name="btnG" type="submit"></span></span><span class="ds"><span class="lsbb"><input class="lsb" value="I'm Feeling Lucky" name="btnI" onclick="if(this.form.q.value)this.checked=1; else top.location='/doodles/'" type="submit"></span></span></td><td class="fl sblc" align="left" nowrap="" width="25%"><a href="/advanced_search?hl=en&amp;authuser=0">Advanced search</a><a href="/language_tools?hl=en&amp;authuser=0">Language tools</a></td></tr></tbody></table><input id="gbv" name="gbv" type="hidden" value="2"><script>(function(){var a,b="1";if(document&&document.getElementById)if("undefined"!=typeof XMLHttpRequest)b="2";else if("undefined"!=typeof ActiveXObject){var c,d,e=["MSXML2.XMLHTTP.6.0","MSXML2.XMLHTTP.3.0","MSXML2.XMLHTTP","Microsoft.XMLHTTP"];for(c=0;d=e[c++];)try{new ActiveXObject(d),b="2"}catch(h){}}a=b;if("2"==a&&-1==location.search.indexOf("&gbv=2")){var f=google.gbvu,g=document.getElementById("gbv");g&&(g.value=a);f&&window.setTimeout(function(){location.href=f},0)};}).call(this);</script><input type="hidden" name="oq"><input type="hidden" name="gs_l"></form><div id="gac_scont"></div><div style="font-size:83%;min-height:3.5em"><br><div id="prm"><style>.szppmdbYutt__middle-slot-promo{font-size:small;margin-bottom:32px}.szppmdbYutt__middle-slot-promo a._uFi{display:inline-block;text-decoration:none}.szppmdbYutt__middle-slot-promo img{border:none;margin-right:5px;vertical-align:middle}.szppmdbYutt__middle-slot-promo ._vFi{color:red}</style><div class="szppmdbYutt__middle-slot-promo r-isdD52z8guCw" jsl="$t t-Gza07Ho9En4;$x 0;" data-ved="0ahUKEwjjqfWGnuTQAhVR5GMKHXVpCxEQnIcBCAQ"><a class="_XIi" href="https://www.google.com/url?q=https://www.youtube.com/rewind&amp;source=hpp&amp;id=19001295&amp;ct=3&amp;usg=AFQjCNF4cIP-BQSUXTsT7jqTtHYbASI-sA&amp;sa=X&amp;ved=0ahUKEwjjqfWGnuTQAhVR5GMKHXVpCxEQ8IcBCAU" rel="nofollow">#YouTubeRewind:</a> The videos, people, and events that defined YouTube in 2016</div></div></div><span id="footer"><div style="font-size:10pt"><div style="margin:19px auto;text-align:center" id="fll"><a href="/intl/en/ads/">Advertising&nbsp;Programs</a><a href="/services/">Business Solutions</a><a href="https://plus.google.com/116899029375914044550" rel="publisher">+Google</a><a href="/intl/en/about.html">About Google</a></div></div><p style="color:#767676;font-size:8pt">© 2016 - <a href="/intl/en/policies/privacy/">Privacy</a> - <a href="/intl/en/policies/terms/">Terms</a></p></span></center><script>(function(){window.google.cdo={height:0,width:0};(function(){var a=window.innerWidth,b=window.innerHeight;if(!a||!b)var c=window.document,d="CSS1Compat"==c.compatMode?c.documentElement:c.body,a=d.clientWidth,b=d.clientHeight;a&&b&&(a!=google.cdo.width||b!=google.cdo.height)&&google.log("","","/client_204?&atyp=i&biw="+a+"&bih="+b+"&ei="+google.kEI);}).call(this);})();</script><div id="xjsd"><script src="/xjs/_/js/k=xjs.hp.en_US.A83a9f804i4.O/m=sb_he,d/rt=j/d=1/t=zcms/rs=ACT90oF2eNnQs0ONdr_WSmdRg-UEHmCM5g"></script></div><div id="xjsi"><script>(function(){function c(b){window.setTimeout(function(){var a=document.createElement("script");a.src=b;document.getElementById("xjsd").appendChild(a)},0)}google.dljp=function(b,a){google.xjsu=b;c(a)};google.dlj=c;}).call(this);(function(){window.google.xjsrm=['mids'];})();if(google.y)google.y.first=[];if(!google.xjs){window._=window._||{};window._._DumpException=function(e){throw e};if(google.timers&&google.timers.load.t){google.timers.load.t.xjsls=new Date().getTime();}google.dljp('/xjs/_/js/k\x3dxjs.hp.en_US.A83a9f804i4.O/m\x3dsb_he,d/rt\x3dj/d\x3d1/t\x3dzcms/rs\x3dACT90oF2eNnQs0ONdr_WSmdRg-UEHmCM5g','/xjs/_/js/k\x3dxjs.hp.en_US.A83a9f804i4.O/m\x3dsb_he,d/rt\x3dj/d\x3d1/t\x3dzcms/rs\x3dACT90oF2eNnQs0ONdr_WSmdRg-UEHmCM5g');google.xjs=1;}google.pmc={"sb_he":{"agen":true,"cgen":true,"client":"heirloom-hp","dh":true,"dhqt":true,"ds":"","fl":true,"host":"google.com","isbh":28,"jam":0,"jsonp":true,"msgs":{"cibl":"Clear Search","dym":"Did you mean:","lcky":"I\u0026#39;m Feeling Lucky","lml":"Learn more","oskt":"Input tools","psrc":"This search was removed from your \u003Ca href=\"/history\"\u003EWeb History\u003C/a\u003E","psrl":"Remove","sbit":"Search by image","srch":"Google Search"},"nds":true,"ovr":{},"pq":"","refpd":true,"rfs":[],"scd":10,"sce":5,"stok":"fbG1mMok6820OZx2Q30Xpcl6VJM"},"d":{}};google.y.first.push(function(){if(google.med){google.med('init');google.initHistory();google.med('history');}});if(google.j&&google.j.en&&google.j.xi){window.setTimeout(google.j.xi,0);}
</script></div><table cellspacing="0" cellpadding="0" class="gstl_0 gssb_c" style="width: 510px; display: none; top: 240px; left: 5px; position: absolute;"><tbody><tr><td class="gssb_f"></td><td class="gssb_e" style="width: 100%;"></td></tr></tbody></table></body></html>

01:01:09.901 [Forwarding findElements on session d6a0bef0-bd24-11e6-8678-ab184a9d7075 to remote] DEBUG org.apache.http.client.protocol.RequestAddCookies - CookieSpec selected: default
01:01:09.901 [Forwarding findElements on session d6a0bef0-bd24-11e6-8678-ab184a9d7075 to remote] DEBUG org.apache.http.client.protocol.RequestAuthCache - Auth cache not set in the context
01:01:09.901 [Forwarding findElements on session d6a0bef0-bd24-11e6-8678-ab184a9d7075 to remote] DEBUG org.apache.http.impl.conn.PoolingHttpClientConnectionManager - Connection request: [route: {}->http://localhost:23446][total kept alive: 1; route allocated: 1 of 2000; total allocated: 1 of 2000]
01:01:09.901 [Forwarding findElements on session d6a0bef0-bd24-11e6-8678-ab184a9d7075 to remote] DEBUG org.apache.http.impl.conn.PoolingHttpClientConnectionManager - Connection leased: [id: 0][route: {}->http://localhost:23446][total kept alive: 0; route allocated: 1 of 2000; total allocated: 1 of 2000]
01:01:09.901 [Forwarding findElements on session d6a0bef0-bd24-11e6-8678-ab184a9d7075 to remote] DEBUG org.apache.http.impl.execchain.MainClientExec - Stale connection check
01:01:09.903 [Forwarding findElements on session d6a0bef0-bd24-11e6-8678-ab184a9d7075 to remote] DEBUG org.apache.http.wire - http-outgoing-0 << "[read] I/O error: Read timed out"
01:01:09.903 [Forwarding findElements on session d6a0bef0-bd24-11e6-8678-ab184a9d7075 to remote] DEBUG org.apache.http.impl.conn.DefaultManagedHttpClientConnection - http-outgoing-0: set socket timeout to 10800000
01:01:09.903 [Forwarding findElements on session d6a0bef0-bd24-11e6-8678-ab184a9d7075 to remote] DEBUG org.apache.http.impl.execchain.MainClientExec - Executing request POST /session/d6a0bef0-bd24-11e6-8678-ab184a9d7075/elements HTTP/1.1
01:01:09.903 [Forwarding findElements on session d6a0bef0-bd24-11e6-8678-ab184a9d7075 to remote] DEBUG org.apache.http.impl.execchain.MainClientExec - Target auth state: UNCHALLENGED
01:01:09.903 [Forwarding findElements on session d6a0bef0-bd24-11e6-8678-ab184a9d7075 to remote] DEBUG org.apache.http.impl.execchain.MainClientExec - Proxy auth state: UNCHALLENGED
01:01:09.903 [Forwarding findElements on session d6a0bef0-bd24-11e6-8678-ab184a9d7075 to remote] DEBUG org.apache.http.headers - http-outgoing-0 >> POST /session/d6a0bef0-bd24-11e6-8678-ab184a9d7075/elements HTTP/1.1
01:01:09.903 [Forwarding findElements on session d6a0bef0-bd24-11e6-8678-ab184a9d7075 to remote] DEBUG org.apache.http.headers - http-outgoing-0 >> Content-Type: application/json; charset=utf-8
01:01:09.903 [Forwarding findElements on session d6a0bef0-bd24-11e6-8678-ab184a9d7075 to remote] DEBUG org.apache.http.headers - http-outgoing-0 >> Content-Length: 39
01:01:09.903 [Forwarding findElements on session d6a0bef0-bd24-11e6-8678-ab184a9d7075 to remote] DEBUG org.apache.http.headers - http-outgoing-0 >> Host: localhost:23446
01:01:09.903 [Forwarding findElements on session d6a0bef0-bd24-11e6-8678-ab184a9d7075 to remote] DEBUG org.apache.http.headers - http-outgoing-0 >> Connection: Keep-Alive
01:01:09.903 [Forwarding findElements on session d6a0bef0-bd24-11e6-8678-ab184a9d7075 to remote] DEBUG org.apache.http.headers - http-outgoing-0 >> User-Agent: Apache-HttpClient/4.5.2 (Java/1.8.0_101)
01:01:09.903 [Forwarding findElements on session d6a0bef0-bd24-11e6-8678-ab184a9d7075 to remote] DEBUG org.apache.http.headers - http-outgoing-0 >> Accept-Encoding: gzip,deflate
01:01:09.904 [Forwarding findElements on session d6a0bef0-bd24-11e6-8678-ab184a9d7075 to remote] DEBUG org.apache.http.wire - http-outgoing-0 >> "POST /session/d6a0bef0-bd24-11e6-8678-ab184a9d7075/elements HTTP/1.1[\r][\n]"
01:01:09.904 [Forwarding findElements on session d6a0bef0-bd24-11e6-8678-ab184a9d7075 to remote] DEBUG org.apache.http.wire - http-outgoing-0 >> "Content-Type: application/json; charset=utf-8[\r][\n]"
01:01:09.904 [Forwarding findElements on session d6a0bef0-bd24-11e6-8678-ab184a9d7075 to remote] DEBUG org.apache.http.wire - http-outgoing-0 >> "Content-Length: 39[\r][\n]"
01:01:09.904 [Forwarding findElements on session d6a0bef0-bd24-11e6-8678-ab184a9d7075 to remote] DEBUG org.apache.http.wire - http-outgoing-0 >> "Host: localhost:23446[\r][\n]"
01:01:09.904 [Forwarding findElements on session d6a0bef0-bd24-11e6-8678-ab184a9d7075 to remote] DEBUG org.apache.http.wire - http-outgoing-0 >> "Connection: Keep-Alive[\r][\n]"
01:01:09.904 [Forwarding findElements on session d6a0bef0-bd24-11e6-8678-ab184a9d7075 to remote] DEBUG org.apache.http.wire - http-outgoing-0 >> "User-Agent: Apache-HttpClient/4.5.2 (Java/1.8.0_101)[\r][\n]"
01:01:09.904 [Forwarding findElements on session d6a0bef0-bd24-11e6-8678-ab184a9d7075 to remote] DEBUG org.apache.http.wire - http-outgoing-0 >> "Accept-Encoding: gzip,deflate[\r][\n]"
01:01:09.904 [Forwarding findElements on session d6a0bef0-bd24-11e6-8678-ab184a9d7075 to remote] DEBUG org.apache.http.wire - http-outgoing-0 >> "[\r][\n]"
01:01:09.904 [Forwarding findElements on session d6a0bef0-bd24-11e6-8678-ab184a9d7075 to remote] DEBUG org.apache.http.wire - http-outgoing-0 >> "{"using":"css selector","value":"body"}"
01:01:09.915 [Forwarding findElements on session d6a0bef0-bd24-11e6-8678-ab184a9d7075 to remote] DEBUG org.apache.http.wire - http-outgoing-0 << "HTTP/1.1 200 OK[\r][\n]"
01:01:09.915 [Forwarding findElements on session d6a0bef0-bd24-11e6-8678-ab184a9d7075 to remote] DEBUG org.apache.http.wire - http-outgoing-0 << "Cache: no-cache[\r][\n]"
01:01:09.915 [Forwarding findElements on session d6a0bef0-bd24-11e6-8678-ab184a9d7075 to remote] DEBUG org.apache.http.wire - http-outgoing-0 << "Content-Length: 106[\r][\n]"
01:01:09.915 [Forwarding findElements on session d6a0bef0-bd24-11e6-8678-ab184a9d7075 to remote] DEBUG org.apache.http.wire - http-outgoing-0 << "Content-Type: application/json;charset=UTF-8[\r][\n]"
01:01:09.915 [Forwarding findElements on session d6a0bef0-bd24-11e6-8678-ab184a9d7075 to remote] DEBUG org.apache.http.wire - http-outgoing-0 << "[\r][\n]"
01:01:09.915 [Forwarding findElements on session d6a0bef0-bd24-11e6-8678-ab184a9d7075 to remote] DEBUG org.apache.http.wire - http-outgoing-0 << "{"sessionId":"d6a0bef0-bd24-11e6-8678-ab184a9d7075","status":0,"value":[{"ELEMENT":":wdc:1481187669914"}]}"
01:01:09.915 [Forwarding findElements on session d6a0bef0-bd24-11e6-8678-ab184a9d7075 to remote] DEBUG org.apache.http.headers - http-outgoing-0 << HTTP/1.1 200 OK
01:01:09.915 [Forwarding findElements on session d6a0bef0-bd24-11e6-8678-ab184a9d7075 to remote] DEBUG org.apache.http.headers - http-outgoing-0 << Cache: no-cache
01:01:09.915 [Forwarding findElements on session d6a0bef0-bd24-11e6-8678-ab184a9d7075 to remote] DEBUG org.apache.http.headers - http-outgoing-0 << Content-Length: 106
01:01:09.915 [Forwarding findElements on session d6a0bef0-bd24-11e6-8678-ab184a9d7075 to remote] DEBUG org.apache.http.headers - http-outgoing-0 << Content-Type: application/json;charset=UTF-8
01:01:09.915 [Forwarding findElements on session d6a0bef0-bd24-11e6-8678-ab184a9d7075 to remote] DEBUG org.apache.http.impl.execchain.MainClientExec - Connection can be kept alive indefinitely
01:01:09.916 [Forwarding findElements on session d6a0bef0-bd24-11e6-8678-ab184a9d7075 to remote] DEBUG org.apache.http.impl.conn.PoolingHttpClientConnectionManager - Connection [id: 0][route: {}->http://localhost:23446] can be kept alive indefinitely
01:01:09.916 [Forwarding findElements on session d6a0bef0-bd24-11e6-8678-ab184a9d7075 to remote] DEBUG org.apache.http.impl.conn.PoolingHttpClientConnectionManager - Connection released: [id: 0][route: {}->http://localhost:23446][total kept alive: 1; route allocated: 1 of 2000; total allocated: 1 of 2000]
[[[PhantomJSDriver: phantomjs on MAC (d6a0bef0-bd24-11e6-8678-ab184a9d7075)] -> css selector: body]]
01:01:09.927 [Forwarding screenshot on session d6a0bef0-bd24-11e6-8678-ab184a9d7075 to remote] DEBUG org.apache.http.client.protocol.RequestAddCookies - CookieSpec selected: default
01:01:09.927 [Forwarding screenshot on session d6a0bef0-bd24-11e6-8678-ab184a9d7075 to remote] DEBUG org.apache.http.client.protocol.RequestAuthCache - Auth cache not set in the context
01:01:09.927 [Forwarding screenshot on session d6a0bef0-bd24-11e6-8678-ab184a9d7075 to remote] DEBUG org.apache.http.impl.conn.PoolingHttpClientConnectionManager - Connection request: [route: {}->http://localhost:23446][total kept alive: 1; route allocated: 1 of 2000; total allocated: 1 of 2000]
01:01:09.928 [Forwarding screenshot on session d6a0bef0-bd24-11e6-8678-ab184a9d7075 to remote] DEBUG org.apache.http.impl.conn.PoolingHttpClientConnectionManager - Connection leased: [id: 0][route: {}->http://localhost:23446][total kept alive: 0; route allocated: 1 of 2000; total allocated: 1 of 2000]
01:01:09.928 [Forwarding screenshot on session d6a0bef0-bd24-11e6-8678-ab184a9d7075 to remote] DEBUG org.apache.http.impl.execchain.MainClientExec - Stale connection check
01:01:09.929 [Forwarding screenshot on session d6a0bef0-bd24-11e6-8678-ab184a9d7075 to remote] DEBUG org.apache.http.wire - http-outgoing-0 << "[read] I/O error: Read timed out"
01:01:09.929 [Forwarding screenshot on session d6a0bef0-bd24-11e6-8678-ab184a9d7075 to remote] DEBUG org.apache.http.impl.conn.DefaultManagedHttpClientConnection - http-outgoing-0: set socket timeout to 10800000
01:01:09.929 [Forwarding screenshot on session d6a0bef0-bd24-11e6-8678-ab184a9d7075 to remote] DEBUG org.apache.http.impl.execchain.MainClientExec - Executing request GET /session/d6a0bef0-bd24-11e6-8678-ab184a9d7075/screenshot HTTP/1.1
01:01:09.929 [Forwarding screenshot on session d6a0bef0-bd24-11e6-8678-ab184a9d7075 to remote] DEBUG org.apache.http.impl.execchain.MainClientExec - Target auth state: UNCHALLENGED
01:01:09.929 [Forwarding screenshot on session d6a0bef0-bd24-11e6-8678-ab184a9d7075 to remote] DEBUG org.apache.http.impl.execchain.MainClientExec - Proxy auth state: UNCHALLENGED
01:01:09.930 [Forwarding screenshot on session d6a0bef0-bd24-11e6-8678-ab184a9d7075 to remote] DEBUG org.apache.http.headers - http-outgoing-0 >> GET /session/d6a0bef0-bd24-11e6-8678-ab184a9d7075/screenshot HTTP/1.1
01:01:09.930 [Forwarding screenshot on session d6a0bef0-bd24-11e6-8678-ab184a9d7075 to remote] DEBUG org.apache.http.headers - http-outgoing-0 >> Cache-Control: no-cache
01:01:09.930 [Forwarding screenshot on session d6a0bef0-bd24-11e6-8678-ab184a9d7075 to remote] DEBUG org.apache.http.headers - http-outgoing-0 >> Host: localhost:23446
01:01:09.930 [Forwarding screenshot on session d6a0bef0-bd24-11e6-8678-ab184a9d7075 to remote] DEBUG org.apache.http.headers - http-outgoing-0 >> Connection: Keep-Alive
01:01:09.930 [Forwarding screenshot on session d6a0bef0-bd24-11e6-8678-ab184a9d7075 to remote] DEBUG org.apache.http.headers - http-outgoing-0 >> User-Agent: Apache-HttpClient/4.5.2 (Java/1.8.0_101)
01:01:09.930 [Forwarding screenshot on session d6a0bef0-bd24-11e6-8678-ab184a9d7075 to remote] DEBUG org.apache.http.headers - http-outgoing-0 >> Accept-Encoding: gzip,deflate
01:01:09.930 [Forwarding screenshot on session d6a0bef0-bd24-11e6-8678-ab184a9d7075 to remote] DEBUG org.apache.http.wire - http-outgoing-0 >> "GET /session/d6a0bef0-bd24-11e6-8678-ab184a9d7075/screenshot HTTP/1.1[\r][\n]"
01:01:09.930 [Forwarding screenshot on session d6a0bef0-bd24-11e6-8678-ab184a9d7075 to remote] DEBUG org.apache.http.wire - http-outgoing-0 >> "Cache-Control: no-cache[\r][\n]"
01:01:09.930 [Forwarding screenshot on session d6a0bef0-bd24-11e6-8678-ab184a9d7075 to remote] DEBUG org.apache.http.wire - http-outgoing-0 >> "Host: localhost:23446[\r][\n]"
01:01:09.930 [Forwarding screenshot on session d6a0bef0-bd24-11e6-8678-ab184a9d7075 to remote] DEBUG org.apache.http.wire - http-outgoing-0 >> "Connection: Keep-Alive[\r][\n]"
01:01:09.930 [Forwarding screenshot on session d6a0bef0-bd24-11e6-8678-ab184a9d7075 to remote] DEBUG org.apache.http.wire - http-outgoing-0 >> "User-Agent: Apache-HttpClient/4.5.2 (Java/1.8.0_101)[\r][\n]"
01:01:09.930 [Forwarding screenshot on session d6a0bef0-bd24-11e6-8678-ab184a9d7075 to remote] DEBUG org.apache.http.wire - http-outgoing-0 >> "Accept-Encoding: gzip,deflate[\r][\n]"
01:01:09.930 [Forwarding screenshot on session d6a0bef0-bd24-11e6-8678-ab184a9d7075 to remote] DEBUG org.apache.http.wire - http-outgoing-0 >> "[\r][\n]"
01:01:10.062 [Forwarding screenshot on session d6a0bef0-bd24-11e6-8678-ab184a9d7075 to remote] DEBUG org.apache.http.wire - http-outgoing-0 << "HTTP/1.1 200 OK[\r][\n]"
01:01:10.063 [Forwarding screenshot on session d6a0bef0-bd24-11e6-8678-ab184a9d7075 to remote] DEBUG org.apache.http.wire - http-outgoing-0 << "Cache: no-cache[\r][\n]"
01:01:10.063 [Forwarding screenshot on session d6a0bef0-bd24-11e6-8678-ab184a9d7075 to remote] DEBUG org.apache.http.wire - http-outgoing-0 << "Content-Length: 55530[\r][\n]"
01:01:10.063 [Forwarding screenshot on session d6a0bef0-bd24-11e6-8678-ab184a9d7075 to remote] DEBUG org.apache.http.wire - http-outgoing-0 << "Content-Type: application/json;charset=UTF-8[\r][\n]"
01:01:10.063 [Forwarding screenshot on session d6a0bef0-bd24-11e6-8678-ab184a9d7075 to remote] DEBUG org.apache.http.wire - http-outgoing-0 << "[\r][\n]"
01:01:10.063 [Forwarding screenshot on session d6a0bef0-bd24-11e6-8678-ab184a9d7075 to remote] DEBUG org.apache.http.wire - http-outgoing-0 << "{"sessionId":"d6a0bef0-bd24-11e6-8678-ab184a9d7075","status":0,"value":"iVBORw0KGgoAAAANSUhEUgAAAmUAAAHGCAYAAAA17/z6AAAACXBIWXMAAAsTAAALEwEAmpwYAAAgAElEQVR4nOzdeVzUdf7A8dd3ZpgZBrkURQexgFDUSHQ1jQzNq9QOS7PD6pdtq23tWlZ2udqm2VrbYZdbdtillrotZlp5bVqZLuaZZJqQB3ihgFxzf39/jJggx3dggEHfz8ejRzLz+X6+n+/M93jP51SSk5NVznPpHVo0dREa1Ij9xU1dBCGEECJg6XQ6PB5PUxcDXVMXQAghhBCiKen1+qYuAgCGpi5AIJCaJCGEEOL8pdfrcTqdTV0MqSkTQgghxPnNYAiMOioJyoQQQghxXguU5ksJyoQQQghxXpOgTAghhBAiAEhQJoQQQggRAIKCgnzeZvDgwaxevZrVq1czdOhQv5RDgjIhhBBCnNd0utrDoeDgYAYOHHj67/Dw8NP/jo6OPv3vgQMHYjKZ6lSOwBhuIIQQQgjRRGobfRkcHMzMmTO5+OKL6datGy+99BItW7Y8/X55gPbAAw9w3XXX8dNPP/Hoo49it9t9Kofi64z+anwa424aROeYVoSYDNhL8vhtx3e8+95yChXFp537Iu1PU7k29hAvT5lDbgPupzI18SZenno73S6IwqwHty2PTcve4aGXljZaGQBUNZHpH79A75Yn+fjB2/loT/0/A1W1cvdTE4g9sJxpc9f5oZSBQbUOYvKEQYS581n+/EzWFf7+WanhaTz+6DAiOUr68y+yobDxzqXqlJc3xO0+/Zrbbafg8B6+emM+mYrSqOe/Gp7G409cS+TJTF6d8V6F/anx1/PUn/tB9nKmzV7le96qlbsn30+nEHCf9a4eSn7hjUr7PFN4nzt4YmQcq15+mlW5Dfw5WAcxeeJVkLmUZ8+4PtTwPjz+xAiKVs1h9qqsBi1DXTXWffrM7yOjw908MTLW5++muV2vomqqNY3777qKi9pGYNKD217ArvVLmb14AwDdb32Im3u04+Tur3n2bd/vHTXxR94JCQns3bu32vfT0tJ46qmnTv9dWFhYoaasqtf+/ve/8+233/pUDp+aL9XudzB7ylhSk2IJcRWQk5MHYVaS00bz7FO3+bRjX7VpF0NUbDsiGnQvFanqTXz+7ykM6hZH64hQQkNDiWgdx6C7ZrBk2rWNWBKAEOKS4mgXm4Q1xF95mmnXIZoOcW38lWFgMEcQEx1NtDWJ/oMTKryV0L8vSdZooq2diGvVROWr7FR5rdFRREV5/7PGxpHcawiTXnuYeFVt1PNfKVzH3pMmohPTuOe2rhXeu3vctcRFhXFoc0YdczcTFll+nNFYrVasVivRUeWvRWKuYetW7eOIjupA65oS+Ys5gpioKBLTxjC2+xm/XVu1JzE6mrYRjVEI3zXmfbpVdBzRUXG0NkOr9rF1+26a2/UqzqKqaTw7Yyy9Eq1EhlqwWCyERlrpNXw8M8b2ASChcxeio6KIj23t9/37I+/aaspWr17NkiVLTv9dOSCr/NqSJUtYs2aN7+XQmlBV43l47AAsuNmR/hIvLck8/fqDLzxJSlx/bo2fz4Kshvkl43QBbhc2reW1jmL2jCv57/T7WFzHMnW8ZyBxABxj+Suz+GJfG8ZPfYBuERB3zW30nfI53zVirZ3TAZgcFOd6/26jqhyt7/7d4HbVu2gBp7wWJuaSy2Hx77UZl196wal/uWj6uZtPsXkvxOylzzFtibesqmrl7umTSYvtRO8EKPXx/K+vRTPmcsm7E4gbcidp8x9jnaJgHfoQadF68jLm8faGwjrlqyhZvDJpPOA9xsdnzyDJsIep42b8XjtW0zntdAF2So+DqoajKHUrhya28vPISNo9j7P2vplkKcrp1wPxsmns+3TWkmk8mBFOYa5CfLILcNfpumpW16s4S8ywnlgByGf9woV8fziSEWNHkxgK1suH0OW9H8j8YTVtDrcgZ/Nav+/fH3nXNvoyKCiImTNn0r9//9PBV15eHl999RUAV199NVFRUYC3xmzmzJlYLBafy6G9T1mPfnQJhdI9S09f6OC9yc6a/z2v3ZuMuX0MZOXSZ9QD3HZ1CqF6AAfZ69OZ9vaXAIR3uZ4Hxg4jLsoIQFHuVuY/P4sNhQrh3Ufx6D1XY7XowV1Kvt1ESGkmzz3yYoWiqNY0Hp94M0lRltN5zH1yFlsq3cwNGKjPUyykPOp1uSh15PPdqqV8SxT//msqHP+ZI3ibFZ+aO4sRPWMxAK6ibD6d+QjPLd2DmngTc2f9lZ6xp+o3XEXs/OY9bn3oXRLveIn3J16B+1guzpZxtDa5WP/K3bx48kZmPXgNsaHer6bgwHr+OXY8nx8pL5WRK1/8N3d164gJKMhexYTrJrK1nsGZqsbz8AsP067sOKbYWEKB0iM7+O82GDwkGSPgyNvF3GdmsqFQwdrnVu69rT+xod7v0V2Uy+r5z7NgQyGq2oVx0+8hNTYSgLwDuViijax4+hHScyK46cFHGZ7ivYRxHGHN3Ff5aEMuqhrPuOl/Ob2duzSX1e88z4ItPj54baAH3A43xthLGBSusqpQQQ0fRHerkfzcfCKtplPH3Z1xT91Gapz3YsJdyp7v/8Ozc1dhHXQfk2/pSmm+m6ioUACO7FjGP15cRAEJ/inrmYJ+r2JQlFw+W7eftDFJtIuP4cxK9eo++/knh/HypIHkLXuJZxd7r9H46x/jyRHRLJ0+kSU+PIgVZQsvfrKVWWNSGPX4MNbO3Me9I5OhdBf/emMlKAqqGs+dj49jQNKpDq6OPNbN+xdz12Ux9KF/MrL9IZ6d+CJZioJ10H08dUsc6VMf4cvTTVtmym+DEUBu+fENeoCnbmnP8qmPsCTX+7099+JN5C99jkUAWOj3t9cYERUKuMnd8RXPv7iIQkXRfG/Q6vRt2pLEnx8czKRXVlG5Kq+6fSY99Rr9Q3fx9CNvkEMM9z83mR7GvTw78UX2EsHd05+lu+s7pix1/n7fA/IPZPDOlDfIrEuZNd6nrfEjmHxLV4qO2Im2RgJuDmSsZk9oLwYkef/O3bqUya8sqeUaOfVdPfsIO3wvrZdP12v155z3eu2GuxRCQ43k71jIxE9K/Ho+iKqZQ1p4/+F2Y3OeJHPLBnYSwfRRF8PJbAqADm0TSeoaTQfzQZZsyKX7qIe45+pkLHpw5GWTVRZKotXCjk9mMCuzF889dS36nB0cMnUk2WrBG0ssYloVzZNhZ+Sd/oOZB194mC6WUvbtdxCfZEWP97t/88lZ1V5XNXXM79u3LxEREbRp0+Z0QFZQUMDo0aMpKioC4L333uOzzz4jIiKC8PBw/vKXv3D06FEKCgr47rvvNH+WmpsvExJi0eNm05fpZ72nbJnLhPEPMXddLuFpDzB+eAqW/F2kz53H+j0niUsdzcw/paGqfXh00gjiouxkLJvHwjU7MFlTGD/9YaxqHx6dMByrIY81C+exIrOISIseY5i50j2wK5OfGktSlJ316fOYt2wremsKE164n3BVxdq9D4MGpdGvVxv06Inp1Y+0QYNI627V/KGU27J0FYcADO0YNWk227dv5tuJKWSueIdRd09jj6Lwl4/fZVTPWAyuIg4cKsAQGseYGW9yf6LK9NeneAOyokPszj6EyxBK10H38liKSkhYa0INJiLaxdHaBFDM7uKrmD9lBLGhBuwFhyhwQURsKjMWvMzv4zpMdOzWkZOHjuECIuIG8fT063w+tqoEWSxExcZyeN0yVmTkYolOZviQLuxbt4w1O3IxRiUxbHBXVHUQj4wfQqz+CMvmzWXesgxKQ60Mue0urKrKTU/dT2psJNnrlzFvWQaWWCsWo4UgMwx+8CmGp1jJ3bqCuXPTybZHM2D841wfr9Lvwb+QGhtCRvpc3pq3hnyLlSH330+86lO3x9P2b8vEQRSX9vc2iSQMTiWSPLb8dITy3yN3PjuB1LhIdqxZyNy56ezKM5CYdgOjrCrmkAgsegtRkaWsmDeXZVtziU4ezqN39/B7WV2AIciEqoYTHh6ONT6NPw5KBErZm5lzRsrB1X72MTt3UeDWk5jan3BVRVXDGdg3CX3pEXZU31WiWoWrXmHZnlJCk0bywgv3E6t3sOaNU7VFwIjJDzMgKdr7Xc5bwQFXFGljH+bWLipGcxj6sBan8zKHRGHUh1G5xa+8huTM307mkHCM+jAs5WlbRRCpN2I6I2iNjLSzZuE81uzKw3rqO1HVLjXeG+rCAOxKn8eOIohKucnbjHlGYWva56FDpRijutIrBojpRVK0BX1kAr0TgIhUusdasB8q5N57h2N1Z7HwrVdZuC6byNhe3Pvg4DqVV+t9uvzcjrY6WJOeztZcO7G9hjCgQxlr0pexK8+NNWUg11vVWq6RU99VnUpbkZbrtaZzzntMRkJDT7JrzwH27Xf6/XwQVdu7PoM8AH0UA8ZMYu7cd3jt5kSy/7eUqc99RK6i0L5dNKEWC6EtQlD7/In7h58KyPKPYI+MIyk2Cr3eQnhEBBBEqFFPVFwKydFu8ovcgJG4VO95V9mZeQOEWCwYLVEkJlk5mVeEGwi1pnDnuMuqPQa3++xeruWefvppJk6cyJgxY06/9umnn6KqKmFhYYSFhaGqKp9++unp98eMGcPEiRN5+umnffostdeUnWo2KDpVY6Oq8UyePYXE01ejm13pz7Kra0cgl3cemckGRUFdm4Hl5Vmk9O5Lr2wbVmDHvJnMXpULrGIf05g0oBNX3W7GCmyd9xgfrVPgy1UYZrzDgKiKN2zL4MEkGiFv60pW78jFTBb/TUhgeFI3hiUkEHf/eBLPqIVMGTGWFIDcFazbssCnD0fZ8y5D7nQwd8afSImNwICBiNiujBg/g2uGXc7Nw35kWDdvLdimj59i7Is2Xl/zKv1at6bvtd154/XplPTqTF7GGo52uIYH/9iO1gZHpWr4Y7x/5wBeLOnIPU+8iwmwZ6fT6/qpqH0f4t9P9ONkpSfq7sUPMWraKh5a8D13dQ3Fmpjo03FVR28A94EVPDt3Map6kIvfH09U9len/t5L0vsTvAkjclm/bh3OrV+TngVd4438lteL5MhwIriM7nEWHNnLmPb2YgCymMqU4TFAApd2iYSiXSxduhF7OCz98kImjE6hW48EMvQGQE/bhARarN/I3Lf2EWU/eDoI8IUBsOds4peuySRfejksyaJfzzjIXcH3xzowwHsg7NuyhjX/28OH6T+T0DWevYfySYoOPbPSiox3HmPBBgV15TZiXptFSvcrafOb/8oK3uAkdsgE3h9S8fXcjP+wJFfh+vIXavzsN7NiYx7jU7sxLAHmM5ieUZC7bkWdy7Voxqd0f3cs1igLR9bP5aNMbz6q2odLEy24D6xg8ive62ptppM5M4bTo/9gvL8Lz2zg8/5bWxNUpbRV1HZnvPMIH21QUJdn0Pq1WST3HELyAVsN9wZYUMc++SYymfnmOuZMSiNt7MN8PeXn00cWUcP9qN1n3+BIHUK3XjF840jCW9dqIbFHAhEl3QnFwQ+rdxHXE7BE0jGxA+vWfsxbe9tjP/hr3Qqr8T696NRfGW89xkcbFMIdScwancTWT5/no3WFhDs6Mmv0BVjMtV0jvnyv1dN2vV5W4zm38dRvl4y5zzB7XSHhgx5glg/nw9ChQxk2bFiF15YvX86XX35Zz6M79ym5X/LIdCePj7uOxOhQ9OgJjY4jbcR4Lr8smamPzcF5xtCeEQOS0QOO3HWMnzwXVR3Ec++OIfqMZ7c3dR4LH36E5QU9mD5nArHGCg0KpzkrDRsq/+vAin8ydUEmo6a+wfA4C5Ht2ld7DDUFZVWxWCwVptHQ6XR1aq6szMcpMSx06BIDubnAcf733XoKWoDTEktqSmyFX7Llg0AVpZDdR0pJCYOgEDPg5lBWDuC9uRec9N5xvbGvm6MHf9/byRI7Z1QRARAa4Y2Eo1JGMyXlzHeKcLKXN6ZOJoQSSqKv4/kJffnu1af5/AiElPy+T61Srr2Dq7pY+f7lUYxdGc7g0UMYduN1DOraDkPsQG4ckX+643XPu15ix12/bxtz8R8w04vhQ1OJGDGq+p0U7WPNFlCUPZhPzV3nOOm9oyrfvcSo4S+d+nzKD7aIjM9XAgp2l/ckcvh0VDXQQ/7h8lqZo5S4gezygLCQEre35UYpzKTAMIqbJsxgxJnbl7qwJcQRBeRk/t50sjfzAO7hMQS17ESkETAmMX7KlAq7jkhIZvnMuXR8diwpyWmMSU7D24TyFds2763TiDG941dWbM0jObUrfayDSI6GPQuXczzo/lMpCvj1KAy7eTzvVzyQCg+ZopPe/ytKIbtzSklJbEHmi3OJ8WdZgbwda1jz80mMxiCCKGHvjvVsyarUHFqws/rPHti57DvuSB1Bj4GXke3qjZEivvtsM76e++UUZR3f7RnF6CQ9m5at/T2fmGhCgf3bt/2eOCeTfY7hxLdtXa9uA1Wp3H/rzO/k55xSkhNNtIrw3tGrvjfUQ1AESuZc5mV0YmyvZCbcG3T6pt+qpvvRkY1klQ4hvls/hrk6wJEd7NAn06nL5QxzXQClv7B2717WzlvDxJsHkDJgBCkDRoAjn/WLXmdLnQd2arhPOwEcHD166jiMeqCUnF8LAIVW3pZxnBqvEX+o9XptWcs5l+Mt19HyY6jxWXG28uCrPDCTgEy7+D6D6B3Xmu2fTmHm5hB69OvFZf370isuCn10T/olzKH0jPRBpzoGGPXlV3YmR0shOrRSxqX5/FIAUEiJCzD68gOglO0bdwIKzlPPypr6gbpc1b87Y8YMOnbsSHh4OEOGeH85Dxs2jM8//5wTJ04A0LJlywpB/VdffUVRURG7d+/WXGLwISjbu2M3pSMSSR52C/ErXyRLKWTVgrdZBajh19NzViwAQVWMYGgbaQEMGIMA9ES2j4BTDxvzqTYKPWe/FxZiOmvcvLPE+8Ke9Ok8e6pTtLX79QzvaSHzOBQW5lIIqLgwYsRVmENhrkJhHR5Kl4++lzHdQuG6i/ll5e2sWrSHlXtasenDUZhwwL5M8lwQaoBN70/mH2vyGXLjzSRH5vP9p04mzk4lAheb5j3F2Jn5fLJpNl0rN1sbz55F2BjmHWakJj7EivkjIfcX3vnTq79/Bj4fiTYGoOyMqNgAuMvsFf4GsA59jDGpceTvWceb6WvZkpnFrdPeYUg0sDeHk0B0QiLgDcwSusSiB5wn9lHkhqgjaxg7+SPvMYZ3587RKeRtyiChXypH/zeXu9KzuGzwYFKvvJLklMEMS1hUp1oOQwhsXr0ZR+oQRt4/jEjySF9eQMjph0sP7h07gOjSA6S/9QkZP+yEEZOZMeKCM3KpeAK2j7KAvRhLvwT/lhUo2vs9X35Z88Ythz1e/WcPKLlL2JR7LWk9RzKSKNwH1vBlPacRMJZ3gD3zF2pOPqVAh0u6wan+a0RcQJQR8g7kwKlBUOWxmc2X339Bhooblzgrbe2g7NR7qhpOxxgL2O2UlHhfq+7eUF9r33iVni9PIzkpCYDD2LDVeD/ay9GdeST1GshA9OSu+S//NbQhOW0AQ4Aj6zeRQwLDYuDrNx5kZUE8w/pdxuCBvUi96SZWr5zpcw2n1vt01Qxn9ZfTdo34R63X64lazjniKhxDzd9N1WU4MwiTgEy75AE3MCTRAn3j2HffDLasy2XzwTDmTBmAsYpQ6GhBKWDBTSjhqkpBQi/aVw7IGllNQdkXX3yBy+VCURR69+5NeHg4rVq14q233uLrr78GvLP7t2rlfXYXFhYydepUVFXFYDD4VIOm+U6pZC3m0/XdGZuazJTZz5GxYRO7D5XQLu4SuvdOwgi4nDY2b9vH8LhExj51N3y8lrYD7yItGop2ZPDNSifXDI+j15hHub7oXfa06sc9Q2LBfYCdH68hflAive78G2NDvsbWeRADrHoqhNcYKF2+hiOjk0gcNo5b8z9ko6ML4+4ZTrQ+j1/mzP+9QqAkm4wdGWTX42b8+sJvGd9tGIR2Y/aW9Rw6ZqN1u9beD811iMwtn0PWVOI6mug58l4e7ljG"
01:01:10.063 [Forwarding screenshot on session d6a0bef0-bd24-11e6-8678-ab184a9d7075 to remote] DEBUG org.apache.http.headers - http-outgoing-0 << HTTP/1.1 200 OK
01:01:10.063 [Forwarding screenshot on session d6a0bef0-bd24-11e6-8678-ab184a9d7075 to remote] DEBUG org.apache.http.headers - http-outgoing-0 << Cache: no-cache
01:01:10.063 [Forwarding screenshot on session d6a0bef0-bd24-11e6-8678-ab184a9d7075 to remote] DEBUG org.apache.http.headers - http-outgoing-0 << Content-Length: 55530
01:01:10.063 [Forwarding screenshot on session d6a0bef0-bd24-11e6-8678-ab184a9d7075 to remote] DEBUG org.apache.http.headers - http-outgoing-0 << Content-Type: application/json;charset=UTF-8
01:01:10.064 [Forwarding screenshot on session d6a0bef0-bd24-11e6-8678-ab184a9d7075 to remote] DEBUG org.apache.http.impl.execchain.MainClientExec - Connection can be kept alive indefinitely
01:01:10.064 [Forwarding screenshot on session d6a0bef0-bd24-11e6-8678-ab184a9d7075 to remote] DEBUG org.apache.http.wire - http-outgoing-0 << "pakdve//74VTp6KB6E5X8vq/u50KyIJpH1ux+q/F6f2t54/dhmGKG8X3X/fG1qIdrU0GiHSw9Qj4ZxGH2mgfz1527ABZOTaGjp3KkNjy72otG/fczPCkEUz9UxDr89tww/A4vG/uZM9+B3Fx/XjyjkN88v1xBt5+D6lxFnZlf40xdTBD4q6mDe+wKCOTxEvTAHDWudbFDHvX8kvREJKtkTiyV7BOUYg/9W4QoRgBSo+z5+ccIvrdydgR3n5cv4fKevqNfZxDc5cSdPktpEbBkfXriek/1s9lpep6+QoMlNfRVP3Ze33930zSxiQTBWxd9Xk9ClSpeGf8W1HWsTP3TgbEDuSxW4+xdJeDwTePIBLY+suv0NIF+gu46abLWHc0kduuLT8HKipvrTjzyI8fLQTiSL3rTvam7+GyMcMwVtjKyPAHH+fom0sJuXwUKaFwZP1aMpaj7d5QR4qSy4uvr2b2lCF4f2aayVm+tsZ9rv1mO3f2GoAeN7/+uJnNpp6406LR42Dn92uBy+g3ZADRfeMIeuNjtm3Lpu/AXkSWFFGXW5fW+7R2Wq4Rf6ntel1b8zkX2bdCbrV9N9WdDxKM+S59zVZGJKaCJZFJ784mL99OZFSk9/p2Hyd7b8VGr20/ZUOvKPTRvXhx9mu4LaGVrvFTGnF6+5qaL8uDqkcffbTCtBctW7bk1ltvPSt9eHg406dP5/nnn/e5HD4d8rq3J+MofoDR/VPoNWA4vU697i49QsaKdGYvyQKeZWHMNEb3SmPCFO+DqujAema9uBxFUXh5biyP3JnGiAmnmq9Kc1n2xhQ2KAo/TI5k+uMjSRs9Bhz55Dsg0mA4dcN2gb2YAn7gH2/F8bexQxgydhJDANz5rJv7MuvO+FWpFG5g9ksbqM+dWFn6OJMTQ3jw9n60NoTSrp03lHcVZPPxkyNZqih8PvIJ4pY/TWpsLKmp3nJmr3qDez/6kDu6j2TSoDhiew4iliKOFdhpHWGi2/BrKck4Vd9V5qT4jP091aUNU8f0JLSddwSkqyCbd58cz266n6q0+f3EOVlSBkRgK6vntACu3/9nqPRyVX/nLF/KjgHxJKeOYVYqQBG5uUVYrW1JjoFFM54kePJTDEgdThxuirw/igCY//QrtHn2flIGjGGKt6MIuRnpPLcqFzVzEd0ev4WUEeNJGeE91ux1H7K4DpOEugCX0/sgXb8ll+Q0K5nrzxwubafUtpa1GVcxulcKk2bNArwjRd2xVhJ7dGVjeZVkWBJjJnlrR/Kz1/HqnB/IiWnht7KWl7fWFPZi9i3/qsbPPisXclb+l9wxyVgde1i5tqDmKSY0cJy6WZVWepZ/+OQbtH7uHpKHjCFpCICDXSve4pV1uagHV3DZYyNIGT6eFCA/9whua+hZD3LbqXP6zKwL1i5i3aAE0hIHMGHSACjKw4F35J/Ncer8tyQxtvw72bOGf8z5AUVRNN0bfOE9j34vnZK1gHfWJDJhgHeyHEXZUPM+d37PntIBJBn2s3UnwA5y3anElv7C6p3e7T9M7839I1IYPWkKowEcR1j20bw6T/Kq5T5tHVpxUg/v51rV3zVfI2tLztyu7hOFaLteIb2Gc67yMdX63Qi/UTa8zVvtLYy+OoVIvYWoU6Nd3UW5fPWm9/le3i/WXlxC4brZTA+5j79c041ISyiluQcoiY4lUg/FBQW/Z+w6I1Cq9Pyrir245Iy/fk9bYrMDobhd1bcz1danrF+/flx11VWn/y4uLqZFixYV0pz52lVXXcXGjRtZu9a3aTp8ntG/nDU+3hss2Y6TlXt2UKCGW+kaE4GtYCdZlR5UqhpOQtcYzLYCMrO8A+FV6yCmP34V2fOfYe6GQlQ1nAdfnkUKGTw48Y0qb1DxXbpgttnIzGr4WbVT+valBVB8ZDdb9xw96/3ElL5Et4Aju79lz9EzZqROTOGKaNj97RbNc4qpaiJXXBENxUf4busefx2C31njuxBBxc9fVa2Me/YRYn9LZ+rb3lnQu4+dwYS0KFZMH3d6fqTw+HhizGYKcnaSW6l5zRofT4QZcnbWrX+Wr1RrPF0jzi5L/PVPMmVEDOmT7+Mbc1da2c4+lxu7rL/v9+zPvpwaPpSXZ42GjLk8NLvhV2rwfpdVfwbeazSHzMp947Tka40nJgIyM6u+vuO7dIGCnCrvP415b/DHPqu6J/pDbfdpzeWr5hppKjWdc1VpivPhfBXfpQtmwFbNtQkQP/QhHhtxISfz8/juw6dJLxjGc9NGE60vZVk95hatD6vVSm5u9deewWDghRdeIDk5mSVLljB16lQmTZrE7bffDsBnn33G008/zbRp07j++uvZtm0bjz76aI3NolWpc1Dmb2r4IF6YNYYoSjmwJwdj23iiQ/Vkr3iVaQu2NHXxhA/umPEOA6x68nOzySOCRGsk5GUw+ZE3GnWJrPqKHzWVKcM7sGL6HxtsUmR/UtVw7p4+nbTYUKCI9Ml/ZUkDL0UkhBC+UrvcwZxJA85usnTs4Z/jZtRtjr56atOmDUePnl3hUk5VVRwOB1dccQVr1qyhRYsW3Hjjjdx/v3cgygcffMCHH35IcXExAwYMYO3atZjNZhQfj0UfHR399/ociL8o9ixW7CnhQms72rQMB9sRtq76iJcXS0DW3Gxb/RNBMVaio1sSqnNwcOd6Zs94j/3NKCAD8Jhak9CmjJ3/28C+osAvu6LYibqoF7EtytiydC7zt+Q1dZGEEOIsyrHtZOZbiI4w4nY4sZUUcSR7Mx89/yo77E1zrzWbzZSVlVX7vqIo6PV69u7dS0iId2Rv69at6d+/P+Dti5iVlYXRaOTXX3+tU0AGAVRTJoQQQgjRFMLDwyks9K2Jv6ys7PQ2YWFhTTFPmRBCCCHEucXXyWMBgoODCQ4O9ms5NC+zJIQQQghxLvK1Q35DkaBMCCGEEOe1utSUNQQJyoQQQghxXnM6G2qtHN9IUCaEEEIIEW8cvJwAACAASURBVAAUytcCF0IIIYQQTcagqhKTCSGEEEI0NWm+FEIIIYQIABKUCSGEEEIEAAnKhBBCCCECgARlQgghhBABQIIyIYQQQogAIEGZEEIIIUQAkKBMCCGEECIASFAmhBBCCBEAJCgTQgghhAgAEpQJIYQQQgQACcqEEEIIIQKABGVCCCGEEAFAgjIhhBBCiAAgQZkQQgghRACQoEwIIYQQIgBIUCaEEEIIEQAkKBNCCCGECAASlAkhhBBCBAAJyoQQQgghAoAEZUIIIYQQAUCCMiGEEEKIACBBmRBCCCFEAJCgTAghhBAiAEhQJoQQQggRACQoE0IIIYQIABKUCSGEEEIEAAnKhBBCCCECgARlQgghhBABQIIyIYQQQogAIEGZEEIIIUQAkKBMCCGEECIASFAmhBBCCBEAJCgTQgghhAgAEpQJIYQQQgQACcqEEEIIIQKABGVCCCGEEAFAgjIhhBBCiAAgQZkQQgghRACQoEwIIYQQIgBIUCaEEEIIEQAkKBNCCCGECAASlAkhhBBCBAAJyoQQQgghAoAEZUIIIYQQAUCCMiGEEEKIAGBo6gIIEchK7SoHTqgcKfSQX6JSZAOHS8XjAYMeTEEKYcEKrVooRIcrxETqMMpVJYQQog7k8SHEGQ4XqmTsdbP9gJvMHDeHC1Sfttcp0CFKR5cYHd066OkVryfcojRQaYUQQpxLFFVVfXvqCHGOOVaksnKHi/9musg66vFr3grQ7QI9gy42cGUXA+Ygv2YvhBDiHCJBmThv7TjgZtFGJ+v3uGmMqyDEpHBNdwMjLw2iVQupPROBY85PC3l758Ja02XcvLgRSiPE+UuaL8V5Z+dBN+9+42Tbfnej7rfErvLpBifpm5zc0CuIMalBWEwSnAkhhPCSoEycN44Xq8xe6eCbn11NWg67Cz75wcmK7S7+epWRtCS5DIUQQkhQJs4DKrBiu4s3VjoosQdOa/2JEpWnP7PTv7ObiUONtDBLrZkQQpzPJCgT57RSu8oLyx2sbeLasZp887OLXblunh5l5qJomTpQCCHOV/IEEOesnBMe7nvfFtABWbnDhSoTPijj218Cv6xCCCEahgRl4py086Cb+9+3ceC4"
01:01:10.064 [Forwarding screenshot on session d6a0bef0-bd24-11e6-8678-ab184a9d7075 to remote] DEBUG org.apache.http.wire - http-outgoing-0 << "f6e4MBkgIkShdZhCZIhCkN5/edtd8PS/7SzdLIGZEEKcj6T5UpxzNv/m5m+LbNid9csnrrWO7hfq6RKjo0OUjvaROkyV5hlTgWKbSs4Jlb1HPew86ObHbDd5RXXsu6ZAsLF+5RZCCNE8SVAmzinb9rn520Ib9jpWNrWNULj6kiAGJxtoG157x3sFCDUrJFkVkqw6hqcYUIGfczys2OFk5Q4XNo3BoaLA49eaGHSxXJZCCHE+kru/OGdkHfXwt8X2OgVkF0TpuP3yIPp1NqCvZ6O+AnSJ0dElxsQf+xv5LMPJoo0uyhzV155JQCaEEEKeAOKcUFCi8uRCG6U+TnkRbFQYmxbEiJ5B9Q7GqhJqVvi/K4xc0z2o2jnSJCATQggBEpSJc4BHhWnpdo6d9C0g6xKjY8oNZtqENfz8YK1aKEy5wcQVnfS8uNxB6alaMwnIhBBClJMngWj2Fqx3sm2fb0smjegZxJ8HGTE08vjj/l0MXNRWx+SFdnLyPRKQCSGEOE2eBqJZyzrq4cNvHT5t88f+Rm5NDaKp5s9v31LHq3ea+TnXQ5+L/DinhhBCiGZNgjLRbKkqvPylHZcPU5GNG2Dk5j5BtSdsYOEWRQIyIYQQFcjksaLZWvmTi8wc7RHZyEuDGB0AAZkQQghRFQnKRLPkdMP767Q3W6ZcoOfegcYma7IUQgghaiNBmWiWVu5wcaRQ22jLsGCFJ683oZOITAghRACToEw0O6oKCzdqX0Ppz4OMtGohEZkQQojAJkGZaHa27HNrXmi8S4yOwTLlhBBCiGZAgjLR7Hy1Tfs6Svf0N6JIJZkQQohmQIIy0azYnfDdbm1BWZJVxyUXyLQTQjQbqsf7nxDnKWnXEc3Kln1u7Bq7k93Qs+kmiG1W3G5ce3bh2L4Z155fcOccwHPsCGppKarDjmI0oVgs6FpHo2/fAcNFnTB264Hhok6gD4CgV3WhFm1BzV+HWrQFyvai2g6CuwjcpaAYwBCBYrJCSEeU0O4oEVeghPX0vtfECktVNmW7+emAh71HPRwu8FBYquLygEEPkRaFmJY6OrXT0StezyUd9A2yTmtjUm1lOLf+iLP8nMs9iCf/OKrDO6JaMZnQtYzynm8dO2Ps0Yugi1MC43wTogEpqqr6tmCgEE3otRUO0jfVHpWZguDfD1gINkpYVh3Xr79g+/Jz7N+swlOY7/P2uohITP0HYx56HYaEjg1QwpqpRdtQc+fiOboYHEd9zyCoFbo2N6LE3IMS2t3/BayBqsKGX918vtnJpiw3Hh/uwi1DFK77QxA39DTQwvz7+f1Npotvd9e83NiFUTru6Hv2XH1zflrI2zsX1rrvjJsXay9oZaqKM3M7ZUsW4/j+G1S73afNdRGRmK+6huAbbkEX1bru5RAigElQJpqVce+Usfdo7c0b/TsbmHKDqRFK1Pw4d26n9IM5ODb/z295Gv/QG8td4wnqfLHf8qyOWrgBT9Y01BOr/JanEtkPXfzTKBGpfsuzKiqw8Vc3b//XwW/H6tdMFxqscO9AI1ddYkAB3lvrYN73Nf9g6dZBz0u3m896vaGDMufPP1Hy9ms4t2+p0/ZnUoKMBI+8Bcvtf0QxB9c7PyECSdPX3Quhkd0JWRofZN0vlGaOyjyFBZT862Vsq770e96OHzfi+HEj5sHDCPnzRHRh4X7fB8483LsnoR6e5/es1fy1uH/sjxJ9M/qOL4HR/zUxJ0pUXl5uZ/2emmuztCoqU/nnF3Z+zHYzaXhg/gBR7TZK5rxG2ZJF/svT6aD0kw+xf7OK0MnPNMoPASEaSzPvmSDOJ7/ledBar3tJBzm1z+Tcson8P93WIAHZmWwrl5M/7jac2zf7NV81fy2ujX9okICswn6OfIprYw/U/G/8mu/WfW7+9HaZ3wKyM63Z6WLKIpvmvpaNxZ1zgIL77/JrQFYh/8O5FEwch+3rLxokfyGagjy5RLNx8IS2WjKjAWJbyqldzrZ8CQWP/QXPibxG2Z8n7xgFj9yH7aul/skv933cW64G+yG/5FcrxxHcW4biyXnbL9mt2OHi0QU2CkobrqfIpmw3i/8XOFGZ69dfKJjwR1y/ZTXwjlwU/XMaZf+e37D7EaKRyJNLNBtHT2p7qMW01MncZKeULZpH0UszwNPI0wx4PBS9MJ2yfy+oXzb7X8Hz8zhQ/V/DVCPVjWfX/Xj2v1yvbL7c5uK5pXbc59EsD67f9lIw6T48hQWNts/if83Ctjy90fYnREORPmWi2dBa0xAd1vAR2eOf2MjIauRA4Qz/ftBChKXm47R9+TnFb73SSCWqWvG/XkYJDcM8ZLjP23oOfYBnz6QGKJUPZdjzGBgi0Vnv8nnb73e7eXGZbyMMmzvPieMUPvEAalFRo++7aNZM9NZYglL+0Oj7FsJfJCgTzUaJTVtQFmI+96vJcvPVGoMy588/UTTrH3XOXxfZEl10OxSTGdVuw3M4F0+B79NmABS9NAPDBXEYOnXRvI168n94fr6vTvsDwNQOxdwBdBbwlKKW7QPH4Tpl5dl1P0pIJ5TwyzRv89sxD88usVHXBsvWYQptwnQE6aHUrnIwX6XUHuAD5VUPJ/8xBc8x36cnUUwmDJ26om8f6z3nSopxH9iHc88ucGlcwcPj4eSMyUS+swBdeKTPZRAiEEhQJpoNl8aKqeCzp2E65+QVeaiu94FaWsLJ6U+C27eaPENCR8zDR2Dq0xddm7Znve8+cgjHhu+wLfsPrqxftWfscnFy+hNEzlmAYrFoSH8S947bQPWtj5QS2gMl5o/oooaDyXp2AnsOnmNfoOa+g1q0TXvGqhP3T3dg6L0ZDGG1Jne64Zkldmw+dvHq1E7HtT2C6HORnsiQigG3qsLeox5W/+Ri2VYXJQEYoJV9/m+cWzb5tI0hqSuWUbdhvCwNxXT2CFK1tAT7NyspXfAB7kM5tebnyT9B8avPEzal7j9IhGhKEpSJZkNrPzFfJuJsrk6WVf9eydw38RzVXiukax1Ni788gik1rcYPWR/djuDrbyL4ulHYv/svxW+8iCfvmKZ9uA8fouTDObS498Fa03qypoFtv+byY45F3+lVlKhhUNMaDqYYdO3HQ/txqMc+x/3Lg2Cv/UEPgG0/nqyn0HWsvY/ZJz84ydYwl165NmEKD1xtovdF+mpLryhwUbSOi6KN3JYaxJz/Oli+VfsasA3NU1hAybuzNadXQsMI/eskTFcOqfGcUywhmIeNwDRoGCVvvaJpJKd97WocQzdi7Nlbc3mECBTS0V80G0Eapx4rczRsOQKBzVF15One/xtl6dqnIDD2uoyWc+Zjuryf9qhXUTBdMYDIOfMx9rhU877KPvsE94F9NaZRS3bhOfi65jyVqGEYem9GiRpOjQFZxa1QWl+PofePKC0Ha96X5+CbqCW/1Jgmr0hlwXrtJ2CveD1v3xNMnxoCsspCgxUeHmbiietMAbPcUtmnH6KWlmhKq78gjsg3P8I04CrN55xiNNLir5OwjL5DU/qSOa/IGpqiWQqQS1qI2rXQ2FesWGPfs+bMVc3zpnTB+5ofRqa+/Qmf/iJKaGidyqALCyf82ZcxpqZp28DjofSTD2pOsu95zeVX2tyI/pLFYKjjRLVBLdGnpKO0vk5betWN57dna0yy4Acndo0VWH0u0vPMTWbN53Vlgy428LcRpiZf31UtLaFs6Wea0upjLyDipbfQR7er075C/nifpiW9XFm/Yl//bZ32IURTkqBMNBuV+9lUJ7fg3A/KdFVcuZ7jx7Ct/krT9oaOSYQ++QwY6tmDwRBE2ORnMCQkakpuW/UlnhPHq37Tfgj1sLYpNJSwXui7flD/BcWVIPQXf4QSmqIpuXpkYbXzpRXZVL7cqq0jWXwbHVNuMGOo58ITaUkGbq9iLcvGZF/zNWpZaa3pFHMw4dNfRBceUbcdeTw4Mn7QXLtW9tkndduPEE1IgjLRbESHa7sZHy7wVFuTdK4wVRGL2FZ/rW0+MkMQYU8+g2I0+qUsislM6BPTQa8hwnC7sf93RZVveY58om0+Mp0JXdcPQOenpYV0wd78FA3BjerGc7jqiUrX7HRpqiXTKfDkdSbMfoqlbu9r5MLW"
01:01:10.065 [Forwarding screenshot on session d6a0bef0-bd24-11e6-8678-ab184a9d7075 to remote] DEBUG org.apache.http.wire - http-outgoing-0 << "TXcr1/pDIOSu8ejbd/A5f09hPqWffMiJO2+g8G8P4fq15ibkcs5tP9baXC5EoJGgTDQbsa20na5uD2T50NG6OQoxnR2g2tdqW6A7+IbRdXo41sRwYTzB147UlNb+zcoqX1ePaFvsWhf7FxTLRZrLpoUS0hld+3Ga0qpHq26qW5OpbbTr8O4G4tr479Zr0MHd/fwTYPtKLSrC+dP2WtPpWkZhvn6UDxmr3mldnvs7x2++hpJ3Xsd92PcVHcqW/cfnbYRoSjL6UjQbsa288zY5NTz7tu1z07Ftw/3mGNEziL6dtF8+1bW4VH45+5iHzzJqbwKLqDxlQnERrt27ai+IXo9l1G21p6uD4JvGULZkca19wpy/ZKKWllacHsNViFr0Y+07UQzoYifUs6RV03V4CM/Bf9VafvXkJnDlg+H3ubCKbSo7D9Z+YirALX38H0ClJuppF6FwqJGb7p0/bdXUB9A87HqUoNqPW7XbsK9ZQdmSRZprxGrijzyEaEwSlIlmw6CDTu30/KTh4bcpy81NvRuur02fi+rZGagan2/W1iepTaVVC5yZOzQ9HI09LkXXqnWdylYbfXQ7grp1x7m1luDK48GZuR1jzz6nX1ILf9BUfqXVEDDVrZN4rcyxKJFXop5YXUtCFbXwfyitrjr9SmaOB1VDPHTJBXraRvi/a76iwJVdDMxf37jrXzp3/6wpnenyfjW+7z64n7Kln2H7eilqcT1XAzAEYeo3kODrRhHUJbl+eQnRyCQoE83KJR10moKyzb+5KShRz6pRCnS/HtYQmCjQNrxiLaB7X7am/I29L69TubQyXppae1DGqfKeGZSVaKjlgwqBUENQWg3REJSBWryjQll+PaKtubyhgnmAnnH6Rg/KtJx3islU9YhJtxv7xu+wLVmM48eN9S6LProd5mtvxHz1degiZEZ/0TxJUCaalUsTtD14PCqsyXRxY6/mNb1/Zk7tD/eYSB3GSleuK+eApvx9WeqoLoKSLtaUzn2w0uSwpXs0baeE9fS1SD5RwnppS1hWMRjJOaEtKEtq13BN6okNmHd13Idza02jbxdTYbiwJ/8Eti+XULb0MzzHjtSvAIqCsddlBF83CuOlqVUPSxaiGZGgTDQrXWL0RIQoFJTU3lb0WYaT6/8QFDATbNbmeLFK9rHaH+4dq3j4qoUFmvaht7b3uVy+0Jq/p1J5VWeepu2U4ASfy+QLrfmrjorBxPFibX25Ylo23MloMSqarw1/UU/Wft4poWHejvuZ2ylbshj7utXa17OsIc/goddjvuaGBj+nhWhMEpSJZkWvgys7G/jPptpryw4VqKz92cWArs3jNP9+t7YHVdeYKoIyDfNEAehCa1+7sT4UjfmfVV63ttngMdRxjiutglppS1epvFpXkQivYRF5fwgzN3JQVmarNY37UA7548f4tl5qNYI6X4z5ulGY0gZWuVamEM1d83haCXGGoSnagjKAd9c66NvJcFZzXyBauUNbUNb9wir6JWldfLyBu9gpWuYqg7NrSlQtx66A0sDVnorG8leaT82jpZc/oG/gz7/xa4VrP25P3jHNa6RWRTEaMQ24muDrRmHomFTnfIRoDprBo0qIihLa6EiO1bPjQO2ByOEClU83OLmjiWc9r82uXI+m/mRtwxU6RJ395FWCLVWkPptaZqs4FYWfeTSuf3hWGfQhGrZSvTVUmtLWkfuktnS64Ap/Bhk0zjLvULFUMcecv5RVsyZqg/HTBMRV0cfEEnzdSMxDrq3zUmBCNDfNpLeNEBXdcpn2IOvj7x2aR8c1lffXaWv/6tfZUGVllxKiLVBxHz3sQ6l85zmibYJPpUWlh6zG9StVm7YBDXWllu2vPRGAsWIzZ3iwtkDr6MmGC5pUVXvfNn/Rhfm5OVnRYbq8H+HPvUbL9xcRPPI2CcjEeUWCMtEs9b5ITyeNo81cbpj2HzuljV2LoNH3u91kZGlrfhx8cdWV21o7Ozf0ZJquX3drSle5vEpwvLYdFG/ztUg+UTXmr5gvqPC31iXAGnKliZx8j6aJlf1JF93WP/lEtsQy5m5azV9C2NP/xPiH3g3fVC1EAJKzXjRLCjB+gPamk5wTHqZ9Zg+4NTGPF6u89KVdU9qL2+urXZ5H67JJzq2bNJetLhxbMjSlq1xexVLFPFZVUE+s8blMvtAyRxl4l2U6k9a1Jzf/1nBR07b9jX9yGzrE1Wv7oEu6E/a3GbRasJSQsfeiax3tp5IJ0TxJUCaarW4X6OnfWXu3yIwsNy98YccTIBVmZQ6VKYtsmkfLje5TfZOtobO2mcvt33+D6tA4VNBHqq0Mxw/fakp71kzr4b01bec5tgQ8tY/4qxN3CeqxL7SlDbu0wp+drdpupd/tdjdYbdZ3v9Rvmom6MCT5Pu+dEmwh+LpRRL6zgIiX3sLUfzAYArvPpxCNRYIy0azdP8RIqFl7x+mVP7l4Jt3e6M08lZXaVZ5caOeXQ9pqNy6K1pGaWP3IQH3bdujb1r78kFpUhH3lMs3l9IXty881Tc2hj4k9q0ZEMV9wVpNglZwn8ByeX9ci1siT+z64a1/iRzFfgBJcsawdonREhdZ+HhaVqaze6f/g6XCBqrkJ3J+CLulR/cKulehjL6DFA4/R6tPltJjwKIYLG3bOOSGaIwnKRLPWMkThwaG+jQBb+7OLxxbYONGI8zmd6dhJlYkf29i+X/tDdPwAY63PPuPl/TXlVfLhO5rnNdNKLSmm9OP3NKWtbh1EpfX1mrb3ZE0Hd7HmsmniKsTz20xNSb3lrPhlKMDlHbXV2n74rQO7n1dD+vh7h6a1N/1NFxZOUNdumtIaLkwg+NqRfh396zlx3LvuqxDnCAnKRLPXv7OBa7r7NrvLtv1uxr9Txubsxq1d2JTt5t73ynwaDXplFwM94mqfP8s8aKim/DzHj1H85iua969F8esv4CnM15TWNLDqcirtxmjbmT0Hz69PaC2aJp7dD4ND25I/1ZXzqku0nYNHClXe+cZ/Tcg7Drj5alvjN12WMw+6WlM6+7drcGz83n87drs5+Y8pFDzwJ0rmvIpq19Y3U4hAJkGZOCf8ZYiJLlXMdF+TEyUqkxbYePZze4PXmp0sU3n5SzuPLbBRUKp9X61aKPx1iLaaQMNFnQjqrG3tSduy/1C29DPN5ahJ2WefYFu5XFPaoK7dMCQkVvmeEpqCorVv2cG38OS8q7mMNeZ14A08hz7UlFYJ740S2r3K9zq102k+Bz/LcLJC42TBNTlerDIj3a5hCteGYxpwNYpF25QsRc9Pw+OPaVlUlaJXnsO5ZROoHkoXfkz+vbfj/Pmn+uctRBOSoEycE4L0MP0mMzGRvp/Sq39ycfvsUv612uH3eZ6KbSrz1zu5819lfLHFt4ewToHJ15u0L82jKFjG3K29bK8+R1n6Qurc7qWqlC2eT/HslzRvYrm9pvIp6C58XHNenl334Tn4lub0Z1Px7H8Fz+6JmrfQxT1Z4/u399XelP7PL+z1CsyOF6s8usDGsaKmHbmiWCwEjxitKa2nMJ+CxybgOV73Gf5xuSh6aQa25ekVXnYf2EfBhHsomfNagw1mEaKh6f/+97//vakLIYQ/mIMULks08O0uF6U+3pPdHsjM8fBZhpM9hz3oddAmTCGoDuviuNyweZ+bed87+ecyOxlZbhx1ePY+cLWJNB9Gl4K3E71zxxY8h7VN4ur433o8h3IIuqQHismseT+ewnyKXniGssXaO90be1xKyP+Nq7FjuGJJRC34Dmy/acpTPf4lqi0bXWTaWbPs18iZh/vne1H3v6x5EyXySnQJf6emtapiWurYccDD4YLaAyUV7xx1haVwSQedT+fatn1uHv/URm6+bwFZ23Bdlc2sPx7dyeZjO2vdftzFVQdfQYlJ2JYv0dSEqJ4swL52FUGduqD3cZ4zd+5BTk6dhGP9uupyx7lzO/Z1azB06oy+dRuf8heiqSmq2hTdQ4VoODn5HibNt3GksH6ntl4Hna16urbXEdtKR2xLhTCLgsWoYDSA0+0dRVlQqnKoQGV/nodfDnvYedBd747cY/sZuf3yuk0T4D7wGyf+NAZc2guhhIZiGXkb5qHX"
01:01:10.065 [Forwarding screenshot on session d6a0bef0-bd24-11e6-8678-ab184a9d7075 to remote] DEBUG org.apache.http.wire - http-outgoing-0 << "oWvVutp0nrxj2JanU/rZJ6jFtY9UPJ1/kJHIt+drmk9NLfkF9//+AB4fIuuglug6PIDOOhaMNTzo7Yfw5L6LZ/+r4CrQnr/OiP7SH1FCOtWa9MBxD396p8ynEb6tWijc3CeIIZcYqh1NrAK/HvbwyQYn32TWrYatWwc9L91+dvA956eFvL1zYa3bZ9y8uNr3bF9/QdE/p/lUHtOAq7DcNAbDRZ1qDNbdB36jbMliyr74j/bzWtER9vRzmFKrHlgiRCCSoEyck44VqTzxqY3sBpxBvaHclWas91qdZekLKX79Bd83VBQMHTsT1Pli9NHtwBwMtjLch3Nx/vwTrj276tTcGfrg45ivuVFzes/B2Xh+edDn/aDoUEJ7ooT3AvMF3nUy3SVQ9hvqyQzUk5vQsoh2ZbqOL6OLvV9z+vRNTl5b4XsTmkEHXWP1dGyro02YgtGgUGxTOXjCw/YDHnJO1O98bsigDFXl5FOPYl+/1udy6dvFEHRxN/TtO6CEhQMKakkR7pwDODN34N6X7XOehriLiHj9PZ9qgIVoahKUiXNWqUPlH0vsrN/TxJOSaaTgnXfthp5+mEhTVTk58ynsq7+qf171ZB4ynNBJUzXPZ+Wl4t55F+rhBQ1WLq2UtmPQd32PmpotK1OB5z63s/KnphsVWZUGDcrwzoOX/5e7cOc07BqltdGFRxLxxlz0ba1NWg4hfCUd/cU5y2JUmDbKzLgBRgwBfqZbTArPjDb7JyADUBTCJk3B2LOPf/KrI2Pvywl9aLKPARmAgr7z2yithjRIuTSXouVg9J3fxJeAjFOpHx5u4g8apjI5lyihoYT/4xV0LVvVnrihymAJIfwfsyQgE81SgD+qhKgfRYGb+wTx+l3BJFSzbmRT69ROx1t3m+lzkZ8f4IYgwp5+vsn61Jj69ids6kww+DZY4TSdEX3yQpTW1/q3YBopUcPRd1sMOlOdtg/Sw/RRZnrFn1+Bmd7anogX30TXBJ3sdeGRRLzwLwwdO9eeWIgAFJhPKSH8LLGtjtl3B/PngUZCTL6PqGwIJgP86Uojr/1fMNY6TOWhhWIyE/b35wgeeVuD5F8dy+g7CJs6E8VUt4DmNL0FffJCdB0e8E/BNNJ1mIj+kkW+jeisgikInhltZnhKHQNTjdqEKVzRqWH34Qt97AVEvjYXQyff18asK8OFCUS8/h6GjkmNtk8h/E2CMnHeMOhgVO8gPvpzMDf3CcLURM8wRYEhyQY+uNfCLZcFoW/oq1Cno8WfHyR8xssN3qykaxlF+LOzCBn3V9D56cAUPbrEf6Lvll7zyEp/MLZF3+0/6BKfA8U/J4hBBw8NM/HYtSYsDfCDoF2EwotjzHSICowfG+V0Ua2JmDUHy+g7QGnYkzz42pHePmTtYhp0P0I0tMD5aSVEIwm3KIwbYOTmPkEs3eLiiy1Ojp1s+PEuJgMMTjYw6tIgYls1/u8hY+/Lafn+Yko/fpey/yxEdfpvgk3FaCT4hpuxjPmjX9c2rLCPqGEYLvsJT/azeA6+AR4/LqujM6Frf593clhDuP/yPcOQZAM9LtQzZ43Db4uSX9HJwEPDjIQFawvIfO7aV09KkJGQcX/FdOVgiv81C+f2zX7N39CpwdYNWQAAIABJREFUCy3+/CBBF6f4NV8hmoqMvhTnPY8Km39z802mi/V73BT6sAxSbQw66H6hnrQkA/066wOm6dRz4jhl//kU29dL8Zw4Xud8dC2jMA+9luAbbkEXEenHEtbCcdi7PFLuB+Cox7I9xmh01v9D1/5+MLXzX/lq8esRDws3OFn7swtXHWa5SGij4+7+RnpfpD89BOHdbxzMX1/zHF494/Q8d2vDjb6skari3L6Zsn9/gn3Dt+Cp+/Qexu69CB55K8belzd+pClEA5KgTIgzqCrsPuxhx343O3M8ZB/zzg3l0XiVRIcrdGilI8mqo0uMnuRYHcHGAH5oeDw4tm7CsXE9zu2bcWXtAXcNU4jo9RgSEgm6pAfG3pdj7PYH/zVT1oXqRs3/BvX4V6j561CLd4BaQy2UokdpcTFKRBpK1FCUyH6g+GnEax2cLFP59hc3G391seOAh5Nl1Z9o7SIUesUbGNBVz8Wx+rPGg7652sGijTUHZWlJBp66sZ79/PzAU5CPY/06HD9uwJm5A8+xozWm14VHYEjqirHHpZiuuBJdmwZuxhaiiUhQJkQtXB7IO6lyokSlyKbicKm4PWDQKZiCoIVZIcKiEBWqENTcB9q5XLiPHMJz9AieshKw2cBsRhccgq5NtHeaAX0AH6TqRLXtB9t+cBV7J47VBYEhAkztUYLjQKd9fcrGpALHi1QOF3goLAOnS8UY5D232rdUam2ifP4LO19vr7lZ9JruBiYObfqgrDK1uAj34Vw8+SdQy0pBVVFMZpTwCPTR7dBFtpQaMXFekD5lQtTCoIO2EQptI86Dh4LBgD4mFn1MbFOXpG6UIJTgBAhOaOqS+EwBokIVokLrFvRqWVYsKjQwx3YpLUK9Sy0JcZ4LzCtUCCGEZiqQfaz2PlrtzocfFkI0YxKUCSFEI7A7YV9ew6zFuj/Po2mASlyATqAshPCS5kshhGhAOSc8fL7FxdfbXISY4IN7LRj83C1v3a7a13c1GeCCKAnKhAhkEpQJIYSfeVTY8Kubz390kpH1e8BUZIP0TU5G9fbfiE+XG77YUvOoS/h/9u48Lupq/+P4CxXGBUEZ1FQU01wyLMvMq1dLK5e0umpmYVQ3rKtBWWhaLhWapWa5XK/YonYzTW3R7k3qppXU9UoaqKEpbrjhBqhsyQwq5/fHzMCwo1lN/d7PxwOR73K+Z/l+v/OZc858B64Jqu7x3wEr8v+dgjIRkcsk86zhs23n+XTLOdLKeSDx4m/yualVdZpfpl6rTxLPkZFT+dDlTa08+FOzIgJoTpmIyGUz9n0bi+Lyyw3IAOznYdJHdjIvw0OKD6QXsDiuat/McHM7vQcX8XQKykRELpN7bqrasOTR0wU8s8xWpR6uitIYv9KGvQrf2NS5ZXUa+euTlyKeTkGZiMhl0jukBi0aVO22eiC9gBGL8/huX+WT9N0Z4Nvk80T+01bl72y99zLOYRORX46e6C8ichltP3KBp9+zXdQ+na6szr1dvLmhRXWqlxPT2c/Dpn3n+fj78+w4UvVA7trm1ZkVVrPU1zKJiOdRUCYicpm9+VU+H1TyPZRlqVvTi/ZNq9E0oBq1fRxf8ZX5k+HIacOe4xc4d3GdalTzgjeG16KVnk8m8rugoExE5DI7XwDj3rfxw+GLjKIus0du8SHszxq6FPm90NsnEZHLrEY1mDzEwpVVnF/2S+jaujoPdFNAJvJ7oqBMROQXULemF68Nq/mbDB12aFadSQNr4qWJZCK/Kxq+FBH5Bf1kN7y02l7syf6/pG6tHQGZRZ1kIr87CspERH5hxsCK787xz2/zOf8LxWY1qsFfb/Hh/j95q4dM5HdKQZmIyK/k8KkC3vgyn037L29kdlOr6oy8zUdfOC7yO6egTETkV7bzaAEff3+ODbvPX3LPmaUG9GhXg8GdvWnbWMGYyB+BgjIRkd9Ijs2wed8FEg9eIPlYAamnC7hQUPa2tX28aNHAi3ZNqtMxuDqdrqxOTc0bE/lDUVAmIuIhLhTA6VxDts2Qfx6qV4Na3lCvjhe+Nb30VH6RPzgFZSIiIiIeQBMRRERERDyAgjIRERERD6CgTERERMQDKCgTERER8QAKykREREQ8gIIyEREREQ+goExERETEAygoExEREfEACspEREREPICCMhEREREPoKBMRERExAMoKBMRERHxAArKRERERDyAgjIRERERD6CgTERERMQDKCgTERER8QAKykREREQ8gIIyEREREQ+goExERETEAygoExEREfEACspEREREPICCMhEREREPoKBMRERExAMoKBMRERHxAArKRERERDyAgjIRERERD6CgTERERMQDKCgTERER8QAKykREREQ8gIIyEREREQ+goExERETEAygoExEREfEACspEREREPICCMhEREREPoKBMRERExAMoKBMRERHxAArKRERERDyAgjIRERERD6CgTERERMQD"
01:01:10.065 [Forwarding screenshot on session d6a0bef0-bd24-11e6-8678-ab184a9d7075 to remote] DEBUG org.apache.http.wire - http-outgoing-0 << "KCgTERER8QAKykREREQ8QI2yFv5z8du/dj5ERETkN/DX8Md+6yyIU5lBGcCuXcm/Zj5ERETkVzb+2bG/dRbETblBGcCMma//WvkQERGRX1lmxonfOgviRnPKRERERDyAgjIRERERD6CgTERERC5ZdvJhbhyRyOgvcsvdZuO7P9BrQfqvmKsK5J5iyIitrDvz22Vh46Kt9FtUuj4UlImIiMgl+++6DMfvL05wrJxtvCn49TJUGW8oP3z8deQD9jJCsAon+ouIiIiUKzedeTsMEY825cuFR/lwxzmeCvEGYNsXe4halUMuXhgMgTfBxvd3MCuvIR8NbwjAxne38w+u4P3+1Xhx3mFiTzqCt443NWHW8Mbkbz3EqLV2rsjM4dvTENisHvPGtqK15Ryx7+7lxY15xbb3OZbOhNcO8+1P4GWxMDaiNUPbWeDMGV6cfYDYk4a6FsilBt4lipKxI5VR806yB/CqU4voyNYMaOXNoe8PMWZhBgeBuo38mT3uKjr6wrEdqbzw1km22cGLagy6rxUTbrXw5ow9JAGbUvJ5cGQI/XOO8eSy02TgyP+sp1vhU6MauRsP0++Hg2TYi/KvnjIRERG5JHu/SeeUxZ9hna/gkRAvlsamAWDbf5hHV+Vw/6Nt+erFYG62OLZvc3UtDm0+yfd2gGyWbcwnpH0dls07yGd1GvCfNzvxdVQjfth8nE1nAM6zJyWH4Lta8+8JTfE9ksnSJBt7v9hH9MZzTBoXwtcTmrB/8zH+sfUM0ZMPc+LGZmx4sxNvD/Bm5uy9bLMXsGx+Cp/5WFn++rW8fGttAM4VK4mdt946Cb1bkvDm9Uy80sa8uEw4dpx7Fmbwp4fbkvBmCI83yOaxVw9jI5MX5p3E0rcVCW924u27Laxe6egpzDmZz+ZMC5MeaMYtNdIJXXaaLve1YsPrremSlknkStewpTdPPhXCxyMDC8urnjIRERG5BDb+9VUe1PPhP9+e4CRekJLGuvSmXHM0Dy/8uaezL3748tDNqUSlGwKvb8xt7OLjJDsdaqSxmdq837k2ra++miuTsvnio/1s358LVHf2ZBm8LP480s0PP/wY2vIYP56Doyl5+HZsxsBWFqAx/5paH2rkMBTwPZHJrAXZ2PNsGM7zzd5sTh+B/o9eQWtfb1oPvILWnx8sURZvrmrhxap1KQzbX5cBXYNZ3MVKRtI+AI79cIIXf4CcYwZOn2FLbnNmvdiaTftyePPdDJKS86BOPXyA/PPQPzSYgZ0tZHy/By/8efLWetQExr9yDU9Skx0rU/Ht2IQBrSxAA24jg+/32RWUiYiIyMWz7U9jxU/QMegC3yacwce7JlbO8s66M0y7ogDwKty2Tq3qzv/V5v7ePjz2xTGu9M4i+JaWtKaAD95KZuZuL267KYA/dfTlq5RsCscX7Y45WAAN/aqzxZWoj9tg37l8UjMcQ59XtaxL+1oF4F2LNi0NTevCf8Cta6w69UuVphpDI9vTJukMX353hoXLDjLn82w+GApe1CCkbR18zxXg07IWIXnVaGCyiZ68l//WsXBft/rc0iGPzd+5p2eK/mvxwsf535oUkHzybIljVyfQAjkYDV+KiIjIxfvqswy8GjVg4ei2zBp9NdOfvJrpd/iw95sTpDWpDeTyRbIdOMtnG+zg4wjSOt7WCOuR0yxM8eKR3vWBfH7cbejxQFumDw/m+loGMKSdKv/DAQ2b+5C7+STfnwFyzzBy8l7mH/EiCMjxrsnAvk3pXj+fOZ+n85N3Ha4MgE3fZZABHPo+nc2lUsxl9KgfWZJTl2eebM8/76sNp8+Bnw+G89AkgKF9m9Lw1GkWfJ6Dz3kbW4GJ40N4ZkhT6uQVgD2ftBKp+gbUxNgz+WiHDbCz+NVdPPZRVqmju4JO9ZSJiIjIxbGfYdkOQ/+HGxZb3PHPjbB+foRv8loyt/dPjJq9g9lAXQtYXRvVDyS85RFmngukRwOAmvS6xcIzy3Zx4zKoG+CDFcOWQzZurQtYvIodwwK0H3AVj+/exePPJQIQ2LYBr/VpiE8TG2HzUrjx345tb76jJQOaeMPo5iS9dJh+I07ghReUmubvy6P3+fPQyt3cuNKxZPB9rbmylR8L7sjj8dk7iMExof/xJ9sQXP8CA5t5MXVSIlOBFs18ABt7juHsFXPkuWar5iy44ycen/ejY/86tZkb1RhWncDiU3R0H4AaXngZY9z62Bz+ufhtdu1K1tcsiYiI/IFlZpygXuAVv9wBcu1knPMmsH7lA3O2XDu5eBPoW/VBvLL3KSDjzDl8alvwsxTfPuOMHd/6FmqWl6D9HBlnC0pvU87y7DN2KOM4ZacLgfVLBoPFqadMREREfhm+FgKruGlN3wqCpYvapxqB9cuOkspbXsjiTWBZm5Sz3K+y9CpLtwTNKRMRERHxAArKRERERDyAgjIRERERD6CgTERERMQDKCgTERGRi5axdR+dR+0j47fOyOWSns6bsWcuaVdHXez/2XWhoExEREQu3nnA/ltn4vLJPniaFSnnLz0Be6knjF00PRJDRERELl65EYSNZQv2MXubI2ILbObPrKevouHeQ4xaa+eKzBy+PQ2Bzeoxb2wrWltg2xd7iFqVQy5eXNesOqne9fkgsg6jJ5wk/JX2dPOFbR/t5NWfGvH+w1aO7UjlhbdOss3ueKDroPtaMeFWPzKSjzJq9gn2AC2aWcg9XZ2XplxNZ++zvDl/L2/vPo8XXgwa3JIJfesVZTn3FKMX5pJDLsPercb7d1fntbcOsCKlAC+86D/4Sib3rQ/Y+eTd/UzdmAdAm45X8PfHmxYr/fexexj37xxygMCWAcyKvJL2vlWrUvWUiYiIyGWz85O9zNlWnYWvdyLh9Va0P5LFkiQbcJ49KTkE39Waf09oiu+RTJYm2bDtP8yjq3K4/9G2fDU1mMDT5zl18hy5FJBqt/GT8zsrM7NsHD9bAGTywryTWPq2IuHNTrx9t4XVK09wjGxenH2C2r2b85/Xr2aQ/zlO/ZRP5jn4ZP4uFmb68fHfO/H5uEasW7WfxfvdvsbJ18rowbUJbNuI1+6vzwdv7Wdlph9Lpl/LRyMDiV2Vwmtb7ez9Yj8vb7zA5HEhfP1ic67YdoKR758qSic3nXH/zuH+J0NI+Htruhw9zSe7bFWuOwVlIiIictm0H9iOd0da2fPlIV555xjfAn7eAAYviz+PdPOjSfAVDG3pBefgyL5cvCz1CO3si18DK4/fWRvOm2JfV0Sx/9dj1outGVj3J958dx9vb8iDOtUxh7LZTDXC+jUg0Lc2D9zTECgA7OxLBc7ZWLZ0D2/FZZMDfLap+PyxhgHVwduHJpZcvkmB/oODaF/fm+DrmzOuGcR+l83WbXn4dryCAa0s+DVpwOODa3HomzOccCXibeF6YOG8H4lcfIqbHmnN6M5VfySugjIRERG5bHZ+sY+H3jjC2iPnuOoaPzoChQGVvejLtxv6Va/SlDRv5zcT+biGS+3ZRE/ey4RPzpBTpxa3dPBxzG/Dq8SebiHOebA2r8N1V9bhqivrMe7uBoS1LuMR+zW8gGrULbHYx7vod26x5V6OL+N0sfjxytS2zLwvkMDsbF58Yy9h7j1plVBQJiIiIpfoAgeO2Th06Cx7D+Wy95idtJQ8vNo2ZeGTVzG0XQ0ygYzT58pNodlVvhh7Jsu35pKdfobF685CDVfwVsDug3awZ/NFYoHjS7zP2tgKTBwfwjNDmlInrwDs+WRdUYfrKODDL9PJyLXxwb/SnEfwJqAhnMquRpdbmzL0eh/W/jud7/JKh0Cndp1hr91Cm0bw2X/TyQCyD51gaQr0vtGPFs19YNtpvj8D5Oby4Zqz+F7nT+G3hx47TvdJu8ls15zJz17HpLZw6NSFKtemJvqLiIjIJaiOIYvHJ/9YuMTL4s9bD9bHd+FRbhxxFC9LDVrXga17cqEhYCnem2UBarZqzpL78nnojd0sxAurBXyb1iLA18rIjseYOm8HbwMtArzwBajvy8BmXkydlMhUoEUzH8DGnlP1mDWuCSNfPUy/zyEwwAuoRdPa1egd2YI9Lx2k34iTAAS2bcT0m2sXy4tvQG187ScZNvYw"
01:01:10.066 [Forwarding screenshot on session d6a0bef0-bd24-11e6-8678-ab184a9d7075 to remote] DEBUG org.apache.http.wire - http-outgoing-0 << "nz/fnB0vHS7cvs1NTXmiswW/zq14dP9uHn8u0VHeRv68G9YAdmY5ytYkkEk3ZTB1siNvXvgwcVz9KteolzGm1Gc4/7n4bXbtSmbGzNernJCIiIj8vmRmnKBe4BWVb3ix7OfIOAuB9b0r3TQ7OZXR/7rAlGeDaQJ8MiuRl2s15/vHGwBgy7WTizeBvsV7trLP2KG2BT/X8KE9k+dePk6/J6+mZwM49PUuhqz05vM3ryr8UvTsM3byvUunVW7eSh7DyXbGTm4F6dhy7eSeq1al8rtTT5mIiIhcXhZvAsuYslUWvyv9CEzZy19GnMKK4RTVGDuu6HEVNX0tlDVV3q9+iQNY/LihXgrPTEoksA5k/AS3D25dGJCVuU9leStn+5r1y85TZXmujIIyERER+e1Y/Jj+5rXsTM7lp/PVadrajyYXFzs5VWPo6Bvosj+TtDxDvUb+tG7w+5o6X+7w5cC77/ot8iMiIiK/ol9k+FIuSZlBmYiIiIj8un5f/XoiIiIif1AKykREREQ8gIIyEREREQ+goExERETEAygoExEREfEACspEREREPICCMhEREREPoCf6S5UkJib+1lmQy6BTp07F/la7CpQ+L0Tkt6GgTKqsdevWv3UW5GdYsWJFmS++atf/38o7L0Tk16fhSxEREREPoKBMRERExAMoKBMRERHxAArKRERERDyAgjIRERERD6CgTERERMQDKCgTERER8QB6Tpn8ArI5duwM5855U6d+AIF+NX/rDP0MNjKOneanc/wByiIiIp5MPWVy+WT/yMIJYVzj34yrr76Wa6+9mlbNGtE1bALrD9l+xYxkMKufP/5hC8n+GalsXjGFrv6NaHX11W5lmcKGY5cto5fAWbaBMT+rbFU9VsxAf/z9w9iQDZtjwvD392f6hozLkrpt60Ku8ffHv5yfKesvR0UXPxd+XDIcf/9+rL88RSh9tA2zHHV0WfJehuz19LtsdSMinkY9ZXJ52LYS2awnSwGCejFm+J208Mtm00eLWPrpfAZ+upPY/Z/QPfBXzNP+DHIBv0vY9dCnE+g9Yj4QRNiY4VzfBLZ+tIiln77OgE+z2Jj1Otdc5uxelJPZl1y2i5FtA8jgp3w4l+GIZPLP5V+WtHMzM0gFgrr24vpA3+Lrci10CAq4LMcBCs+FtIM7Af/Ll24p+W7//jKyfsG0ReS3paBMLosvXh3PUiBoyOt8s+hRXLHXQ4+Opt+UgYS9vp7XPthM94ibftV8+Vzifsnx64Eg5iUk8lBr55DloxH0iOzEiKUL+XTDeK75VSPMEvx9cIQxNuCXG1L1cfvdsE0rIB4f70ut1RK8Hb8enLSE57r/0uGlowy9Xogn64Vf/FAiIpdEw5fy82VvYMHr8cAQ3plfFJC53DVuAkMA34yTuAYx965fwvB+1xQOVQ2MnMVWt/E427HNzIocWLj+mn7DWbG5aMjGtvcLJoR1da6/hsgpEwjr15UxS7aWmcWMrauJLHa8GH4sd/zPxsmTjpU+xQKemvR/+Fnu6jqEFnWKtt2wZApdC4fdujJhyQbcB2s3r5jOwK5Fx+7abzhLXGXJ3kxkv35EThhDP+f+C7dmQ0aJ8g+MZPVWtzG3+LVMHxOGv3+jwvr78RceIW4W1AiA69sFOvLdtR8TZs0isquz7NcMZMmGH1m/cExhvvsNn8XeyvJVSc9bpW2X/SMxY8o/V9wd+nQ6XbtGsiGbwjJMWRjjVoauTFi4wW2PY6yYMrxwmLVr5HRipoTRb/hCLmkENHszkdd0JWZzRgXLsvkiZgL9rnHlqR9TSpxTRZWzgTED+3FN1+G8vWACXa8ZyBL3C4ljxAzvSr/IJb/CcLeI/FzqKZMqu3DhQpnL7Yf2sRdoHzWMTt4XKLWZdyfeOn3alQhH1r7EjffPBnrxwtyJ1Dy4hgmzJ7N+6X6+Pv53Otr/R/jVdxEL3BM1k9tbZLDkqRmM6P0RRz/dw9MdDhB+41BigeEvzOVa+/c8NWM+AF3/dJoLF5pgACjgwoULnNm2iFa3jgW68uzciQQe+5KxM8bTLe4Im5OmclWpEnlz/W094aOljLjRn38Pf5Y+3a6nQ4cQOnZ6gHdjHyisj7gZAxk8I56gXsOZG3YjB1e9zOwnB7AldRWxz/Zk3+qx9B6xCLqGMXPBn+Hg/5g7YylP9s7jmuPv0TEvh6Px8ayPj6d9r1603wtN6+5l9C29WZRaVP55T83gr+v347fnXWfZ4pm/sBfPzpxJ/nfvMHvpZB5tcB0bnu952doVLjiPBQUXLlDnhkdYteTPtKl9gQs5OezfGU/85Hja3xPFK0OyiZmyiCcHdAOCiHhlJpbEVcz+aDJPtr+R2Kf/XDr1ggIA0g7tJGV3fX5yi8186gVxVRM/sittu32M7dqtsK76t8lh6eNTGNH7I7K/PsjwjheKnQv7EuPYuRNy8i5wAUcZlo6JJ2hABDMfqctnc2cwf8wArCEHebqzhZWjevP40lS6hj3LxM4WPnhqCuMB2rcn78IFStacq0wFBRfKrtcLOWxJ3UmDnLyi9SWWrX1pKPfPjieoVwQLJrclYeFTvP7kADL9tzLzZmf61etx4eRXPNhmMLHACyu28kDQtzzz3HxmvLeeB669EwD7ttWM/2gnA15pQ50y8isinkVBmfxsOWnHSAWGhwS5Lc1mzRtz+S4dLADYocHNPDXyT3z+3mygKyt2fEyfJgD38acWo7j1qaXM/yCcZ30/cQRcCzYz8z5HyHTfzdcw4PqHmPLKUjrelUgsELViB8/3aQI8SNcWFm56fFEZucvm/ZccL+or9sTSJ9BxvNvb1OP64TEsj3ua53uWHoZsf9/f+YKmRL88g9hFM4gtTLorUQuief6+zmD/H/NmxMOAmXz/3nBHOQcNpMVjjXlqxjz+93hP6pyG9l0j+GesK/i7j1b5+xk8+zRpOYCPYwAy6J6ZfPb2cPyAjLiXuD8V7pn7NW8/2BGAHo3yCbn/Q5J3n3Lm4x4+Pfg2f/YDht+OfdP1xHyxiWPP96TJxTdh1Via0PNOZ+p2x6+ge+by1dsPYgE62Hdy14x4nl31H57t2QToxJ6Pb+VAzrkKk1301F2UarnhKzg980+Vtl3omTdZlAphCzbzd+e5MuiOjgxoMZixr3/Ive/9pViyrpFXn8J/HGX43lmGsE7+NL51Ajk/5cKxb5m3NJWgsAWs+vt9WID77mjPPW3uZz2XPjReoew45s6Oh14v8PXHTxMI3Ne/HZmd+7Lzmy3Yb66PP5CdvJTH7hpLLF2Z+/W7PNgxELiDF3o9xZRFK/l+6p10tsC6j5YCXXlwSOdfIrcicpkpKJMqM8aUvdx5Fu3YcwJjWjmX2vnxX7OJ2eS2YZCF8BFN2RYL3HMfPRobXEled/dAujy1lB8Pnuawzw6gHbff2qromM27cHsXiD9jJysrAwii4/WNC9e36vcXurCIMxRgjMEUAAVgjJ2sswDx3H93N9q58pKcDMDn/01i0i29yizXjUPHsWboODKO7WX3li3875tYZiyOZfbjfUkz/2Vqu12sB4gdS687FjlmYPtD8iaA4+TaDd3CX2Vlp/X8e8ZE5u47TOKmWJJTAbpQwxiMKaAAaH1DB+oagwGSN20EuhDa77rC8jXuPYlTpyYBGcwpANpdRZu6rvqrjbUpkAXezjQuRnntCs56pIACU9RWjlWOfDe96kp8nMc0FABd6FzYLk25oR3sd7ZJ6eM6fj/w6nKGX1uf3PyirrKGbTthTG6lbfdndgCw9PHBJMx1fVggl2SAH46RU+xcMM484iyPq+7bFpbB58oQujg2ID35R3YCjw/oXrge6/V07wLrs1zplV0mCkzZ9eo8ZrH1pgZ1XctycjgD3POX3lhd6fvcyFs/OIPx7PXUBBaNHev4e8B9hF1ndaZlZeBfw5myfjEr1x7lxjuP8k7MTrgnhh7WEu0nIh5JQZlUWXkv3tY2nekCbNqXTJbp5vxEoJWxsRk4XjoymDugHS9leeNt6uAXBNT0xeL+omac/Q4GfAxALvnFAgFT+Lu6AfB1vFCaUqvd8ul44XP1aITffS+Bzi4ey71hWCx2fFsFlS5XdgLP"
01:01:10.066 [Forwarding screenshot on session d6a0bef0-bd24-11e6-8678-ab184a9d7075 to remote] DEBUG org.apache.http.wire - http-outgoing-0 << "D3+atNvm8ObIG7E2vopuA66i24ChjHpkKU17PE3inpPYgxxzgIJ6hXNv96bY7Y60w+4KAwK40tewfsa9DHl1PQC9BtxDv5Gv0uurcSxYDzjznwV07dCiMB/5zl4ovIu/kGZnZGOpW7xspkThywoUKlNRUOa2UYmgzJHvfp1buAUXznV217bGUdum7GO4ctq03fVce2Pp3kpjciptOx/nFMIBjw/jhrquDjwLYWEW8G1HnRLnQlFVlV33mHyynHlz5c+CKXZOuadXKigrbJH1LMNHAAAgAElEQVTygjLnLx/vwvX21GQ2AV0x2DLPkAx08vUutr89Oxu7xQ8/A2cButzDA4E/siz2acau/BOvDnX0Eja/fSgDWMzif3/FAz4HWQ+Me/jW4teaiHgsTfSXKjPGlP1jDeGunsDH43hiTlzp9Rm7STnqSCPfOHt1lq3i+7yibY59+zmbgPYtGmB8agGp/LjjWFEaWbtJdPa61fazAsls+u5g4fq9X3/CJhwPO3B/7aXw//0JHTuKsWPHMnbsWEbdfgW7Nv5Ihr2M8ngbDq1P5uNJbxGXUXydj+ttjD0f6zU3OXpVmnRj1KiitDt5H2XjloPk2I6x+d/rISic+PR0PvjnG0wc8QhdrmxXmLnC1938/MJjNA25BtjEV98WlT9v6xu0bNeSx5bucCubK1+Usaz0z0W3q3u6lF5Xav9S21Z8DNcO+W5lL/v45bddLasVgNa3hTPKuX7s2L9g27WRXccyS9dNsTyWrnv3PFtbtCEI+GjN1+QVnss7+O8mt/TKKZOPd52yy5TvOEf37DpZuOz4/gOFx/RpciVdgGWffee230Geb9mSloPnkOFM/+kJrzLnn/MYDCyO+CtrDjq39enEI093gY+f5uHQORAUzqCu1graWKGaiCdRT5lUWfk38AD+tnA1W64axKqpQ2jwUX+euudmWgSe4+Dmr5i7PM6x2eDG1DYB9H/0EaZueoc7hozjn88Noc6xtURFLgC6cPefr6ar92N0mRrHq0OGYua/RM8mmSwd/xifAY+MGcjNfW+h/6TPmPPXG8maOJ22+T/w3MzlAGQZx7CUo8fEUGAC+MvjI5i66U169xjB/JeG0+SnLUz/6/NsIoi3JzctXS5LJx6b2J/PXl7FkHabCX3qYW5qE0jGns28O9dxnHv6dMTU9eH+wRC17FHu9DnOc8Nu4FjcIiJfXgXtxvJK3Rp4+wPJG1nzyQZ6t4Dv3p/Oc+8kA+3IzTGY+s6eFVM0xNeq5130ZzEL/joU37dfome9NBZFTQLaMbRve35c5SqbK8goKq/tsvaUudIFe0HJnrLS+S5w9QIVblvgyEs5L/4FBaXTKK7ytruu+2P0fPYz5gy5nbzZM7i7Dayd/yxzP0ul//Qo6hY7F0yJPJZxfPdlzfvwYmgQjy17mt55BxjRw5d/Rb1MHIC/e/2XLtM3707F/rUPNtdHJvPz8es2jLG9qlML+OzZcbwRMIpmuZuZFLUAAG9TgKl7PQ+FBrFp+dM83MwQeWcLtiyezmJg8P23E2DSHT15+TkYcx1TPxzLqntn8tfIV9n26ViaADcNvZ+gOZtIBXqOuIdW6iUT+d1QUCZVVuG76rrdWLDvf3Sf9w/emrucuS9/VrgqqMtgRowcycP9r8NiDHXvnk5sjg8jRr/JXwe949io3WDeeuNV7mhuMNzOsri3GDfyb8yMvJeZjlQYMWseU+5uhQHe2RfLK6PGMPfl54B2jBg7gtiZb9K1YwuMAZ9aOMamjKH5HVNY+4+ajHpiLpH3rnLmqgsvLZ3F3c0tZZar26h3WG19hemz5rJ87sssd61o15/pUybzSDcrxsCwBd9j9x/Lc+88j6soQT1HMG/OMzQ2cO+Yl/hy6PO8/NggXgYIGszYsaHMnLmcb7bu5Y5bjeNRpu5DfHW78fe4d6g58hFmPuYqvyO/dzSGI25lc+zhg18toJZf0dyni1BRu/rVArBS26fknKTS+fbxqeVcU3rbio7hU87wJlB529GNhf97h+eHP8KbUQ/wpnOLwWPf4tVHrsWYU8XOBagF5BUOT5aq+2LLLNw9ZyM1gp7mkZlziVoFPUMfoefyd4jLyncMr5dTpk2r3mFTiWVd/O7gmbtvIfqtpwj721yef8zxKd7Bj4TCO8vJdx5zyJzV5NR8gufmRvHZ3KLyTB12NSYnrVierTc/wzsjvuWRN2cyZekAFjxwNZZWfXm4C7y8qR0P33WjesNEfke8jK5YqYLExESCgoIq3xAAGxnHz3D2HNSuV7/874u0ZXM8LRNq16NxYNkPD804fpxzQJ3GjQufXp+960Oem7mdB1+dQlfnVCTbD2/Rou8LjFq5lQm3NC4nX9kcP5wJ3rWp3ziwyo9czc44TubZc3hXkE9bxnHSyt0mm+PHfwK8adz44h44m3H8MGfxpmHjxj/7EbH/+te/+Nvf/lZs2cW162+p8rbLOH6cs0Dt+o0JvBzP07Xt4rXRM/EZHM2o25s7F+4i6opeLA+dx8HZ9156m9iyOX4mE7wb0riczDrOKahdrzHlnHblcOax/zQOLn6k0jyWdV6IyG9DPWVSZQXOZzBVzoeARo1wfUlOufv5+NIoyLfCbQIaNXIlgmuLgpyDrPrsLVZl2Pn7E3dQL/MH/jFqGhDEVQ38K8hn0fHc06uMb0AjfAMqLotPQCOCyt3Gl0aNKi5neQIaBTnq8SLye7EuNk+/jcrbruicK+CyFKnAzo5Vn/GfVSnYXxtLt6BzfPHGVJYDgzpdg8/PaROfys+JonOqquU5zEfzlrFx62pWAE8+1Ofn5VFEfnUKyqTKPKVTtW6nCJZHpxMa/S6jHnrXsTDoZl6ZM4t72pY9HCnlU32Vw9KBV/89EyLG8vozw3nduXjQ+IW8FtrWA+stn4Rp81gBtHtoLhE9rvDAPIpIRRSUSZV5zg3eQo9HXyE17DlOZJ4F79pcYXWM73hOHn8/VGflC7ghlIXfhXLq1AnOnfOmdj0rfjUp8UlOT9GSF3b+wKhz3o7rwSPzKCIVUVAmVeZxL96WujRqVBfwwLz9jqjuKhcQ4BxGL/UhBs9iqRtAI9SmIr9XCsqkynSj/2NSu4qIeAYFZVJlevH+Y1K7ioh4BgVlUmV68f5jUruKiHgGBWVSZXrx/mNSu4qIeAZ996WIiIiIB1BPmVTZ2rVrf+ssyC9A7Soi4hn0NUsiIiIiHkDDlyIiIiIeQEGZiIiIiAdQUCYiIiLiARSUiYiIiHgABWUiIiIiHkBBmYiIiIgHUFAmIiIi4gEUlImIiIh4AAVlIiIiIh5AQZmIiIiIB1BQJiIiIuIBFJSJiIiIeAAFZSIiIiIeQEGZiIiIiAdQUCYiIiLiARSUiYiIiHgABWUiIiIiHkBBmYiIiIgHUFAmIiIi4gEUlImIiIh4AAVlIiIiIh5AQZmIiIiIB1BQJiIiIuIBFJSJiIiIeAAFZSIiIiIeQEGZiIiIiAdQUCYiIiLiARSUiYiIiHgABWUiIiIiHkBBmYiIiIgHUFAmIiIi4gEUlImIiIh4AAVlIiIiIh5AQZmIiIiIB1BQJiIiIuIBFJSJiIiIeAAFZSIiIiIeQEGZiIiIiAdQUCYiIiLiARSUiYiIiHiAGr91Bn5vvpu7g5eyGxP7vJXvZuzgpbP1uPlYNvua1+e15xvj775x+ikmjT4OvYKYGl7vko539MvDRK/8iZo1S8fPNlsNRr7Wik7+ZewIwDmWPbMPe2hLwjtZLu7AWZm8NOk4aSXidv+GNek28Ar6d7jI9Mqx/cP9vLqpJv94rSnlFqMstlxmPHmEBiMrLlvquhheXJFIzZo1Sydha0jErKfZOXk0+Q9MZ3inBhdfgKpkdfdqIid/T8SCV0q1lW33asZMTmLk4hfpUDqLfzi23SuJnPxDmXXx2+THs+p/9zfroGNv2l5M3dhS2b4XOnQIqvBcu5h0Kt30Iuptd+wcxk9fxJbMm5g6pjmfJbVkwawHL+56rzgzTI98lQYRJa5h23amR05jb/O/MOvF+0rcm79hwlNz4baJvDK80yUcNIuVkyewNg3KuLNAwz68UvKYxbL8M9rpMqVjS09k"
01:01:10.066 [Forwarding screenshot on session d6a0bef0-bd24-11e6-8678-ab184a9d7075 to remote] DEBUG org.apache.http.wire - http-outgoing-0 << "ccxiNvxwnFqNr2PwyAgGdHDWn+0AK+fM41+bT1C/XXfCoyIofXtMJ2b4c1giZjHc/eDpicTMXsyXyWdofN1tjIwYTodf5tb6x2TkIuSbOb0STK/pp40x+WbKDQlmyKIzZt2UJFO/foKZGJtXbOsPHk00VmuiWZp84ZKPGDd9u7G22WJuuGGLuaFNgqlfP6Hwb2ub7WZdWkV728xEa4J5okS+qiQtzfSyJhjrDUlmSP8k07//dtO//xbH8X9mmdytG5NgrNa9psJilJO/NtYEM2ZdxWWLmzbIEBxiQkJCTEgwBij8m+BBZm1amhkPJmLNkUsuQ6VZjRtvALOmjEKmrR1vILjMdX9EnlZeT8pPZlz0JeQl08zujiFijTHm55SneDqVqfpxUkxUMIbgPiY8ItrMj8TA+Iu/3ivOjAkGE7W29DW8NrqPAcz4Etf3ivBgA8FmSfIl3BsdBzXzQ0NMcEiICQkJdtxXoPDvkEGzKyzj5TrvKrq3VCgzzvQBA8EmPCrCdHfmf35CpjEm08zu4/g7NCLcBIOBcJNUrKryzKrxzrp1r/fMODMIDISY8IhQ5/02yqT8vGL+v6Kg7KL8ZB61JpiJ8ReMMVlmiDXBTE/IN8b8ZMa0STBW606T5NwyM/6gqV8/wYQtOnPZjp4Zv89YrVvMusyq7mEzE9skmIlx+cYYYy7q9pOZZm6wJpgpzn1d0uIPmTbWBNNresbFpFa+vAsXly/jLEfeadPLmmAmVhKUucvcGG0gxKwtVn9pZnwwZnycY2Hepd6jK5GXWXbCeRunOfLkAUHBryEtLtqjyutJ9e86P+OqfH0bY0ymmRaCCRkfZ4xx1W93E+c83S7i6iiWTmWqXG95a00ImCjXRZeXd9HXe4XJOzJjupcMDgo5g0LCi+7NG2c7Ao6FCZcpF5lmWncMIdGmqk1XvJ1+Xo2Ud2+p8PhrHcHcfFeklbnRDAITMn6tyUtaaAATsSLZucpRX1GuwDYv2cwODSkMRKPd6j1h9iBnsOv4O2VVhAEK/5bKaU5ZVWSd4cG2ibRtm8zHBfDGndvo1GkfXxXAzL67+TK9NlPfb0BBwVmem3EGsPHSwxlU6xjArMJhSzufzNhFQEAiAQGJBHbayYfb7Y7kEw/Tqe1OvslybmrL5LG2W5nxjb1YNvJdf+a7L7Uzd0Dxbb+bu5O29x4iHbD4wsalKdwamEiTgERuffAA213HoYAvF+x2y9MuPtl9juKpFxT7u0HHOjQFsnKcy7OymfHgD4VpDHjyMAeAzyZtp9ODqTgOdY7Fj/1QmCco4MNnfmDApDQS39nNdc7l383dyYAnDzDp3i2O/ARu5aVPcguPvf2T/XRylqNT/wNsKwCLqw7u3cK9M05V2Iz5rnrLL77cUhcS/zWZvl5e1KrlRYsekaw7YHOutbEuJhIvLy/HT4fhrN6dRUnxc4bh1WMCuwuX2FgZ2YMOke+RlRhD5+vC+SYdIJX3Rg92pteCv4wbDxQNbafHv8fgFl6F6ye8l1i4bve6GPoWruvAhPfii+pm9WQ6uPLo1YPJK4v2K09W4iJ6tOjBsGF9C8s3fM46bIUbbGf6sB6F6/pGxnCgKKesnj7crV6GsXJ7urMuhtNj+AQi+zrXtRjMovjUMvNQUXkrzPvuWEb37VB4/BZ9I4ndbQPSmTO4B8MnTKCva12PSNYVHr7i+i+u7La37V5JD68OxCQWnQepsZNp4TXMcQ2XW2/l5y0rfg7XdYsGdtCz3mDWpVetTRNjHmf8DtgxrSctBs8hA4ANvDlmGF5eXtTy8qLv6Pec11359VYynfRSR7qE8zYrnmG1+rADmN2nHn0nf0Pi4kjaOdOPnzOMvpHTmTC4ReE5PXm16wqq+Lpz1U0tLy869A5lA657QUlX8srH84HFPDM9HkhlcmgUdJ/G3MJhy4rO5WHF6iMrcREdWgwjvtgtIB/X3TfHbWlWYgwdWgxzu68nMrxFB6Z/40ptA3PD++LlVQsvrxZEVvnaK34M173FcT33JTJyWOF+g93a3t2JXD9Cw2dzh2vs2b89N4U48n9o50ZgEGF/aetY1XUI44Nh1f92OWrrq78TtTyHqOgoAIpeedJZt2g1wVHzebAtpKemE3BrNEkJSfQLLiMTUrbfOir8fbCZuNXHTcyYbcZq3W4WxZ40MU9sMVbrdhPzQZpJcb7ZWDdlm7FaE01Y2DZjtW4xq1OLUoibss3Ur59gnog5aZISTpoxvRKM1brNxKYakxa311itW0ys611nmqOXqmQvUFqcs6es2LtTR2+Y+zBe3JQtxtpmr0kzNjO9l2PIc+LSDJOw7pBjSHLIIZNpjEmI2V6Up6QMM7F/grFak0xcmjEm0zF8GTbnuImPzzBxcRlm3brjZkqYYwjTkbc8M+WGBGO1bjdL484UpR92xCQt3Wms1m2Od/2ZGaa/1VneNGNM3mnT35pgwpbmuOW1qI5ueOKgiYs/6czPdhOfZ0xmgqPnsdcTh0xCQoaZ6CrXujxjjM0sejTJPBpzusJWLLuXJs3xLhdM1MI1ZuOa+Y6u/NCFJs8YkzB/kONd4/w1Jikpzozvg4E+jjpyk5c03/mu0bkibY0JARO+JNk5xBBi1qQZs2Z8d0eX/5I4k7B2vgkBA93N2jRj8pKXmGAwIaHTzMakJLNqWrjzHWpKYfrBodNMXFKCWRLtGBoIX5JkTKajN2LQtFUmOSXJLIwIqdKQhqM+MASHmzUJSWbt/AjnO+QUY8wREx2CgUFmSVyCSVhbvF7iorsX1UvCGhPV3VGONUeK1nWPWGiSkjeaaYOCC9e5t0FF5a1YgmOIpHuUWZuQZBLWLnQMxfSZbzLd2nP8wjUmbs1sZ76XmDxTcf2XOkq5bZ9iosAQvsK5pXO4p89sk1lhvVWUtzSzZrajTaOWxJm0KrZpZtIK0915XqzdmGSOuNqUULMibqNZNdtRp+Pj0iqst8Ml0inZ93Jp5+02k7DKkZ/QaSvMxqQ0ExcdYgh2DF+6zpOQiNkmbuMaZ/0OMhvzKr7uMhNmO8+v+SYhIc6Md9VpmT1lDmujuxsINqGh3Q2EmFVum1Z8Lhfl13HNFF3LbldSYU+Z++JS26Y52nT82iNu116oWbUxobDOqnLtmXKOkVai7VdMc5xP0SVvVmU4sja6sPdw7fiQEmVxlC84yjm0nZlmjmQaY/LiSvRQus7vEOf54RgejV6VVOp4Uj4FZRchac42Yw07ZowxJn7KFmN94mSJLbLME855X48uzXJbnmOesCaYNmPctncOD4YtOlM62Mq8HEHZPpNmbGbKDQnmholFQ40pq5OdAaBjnbV/iklOs5mUFJtJiT/kDHRsxmSmmf5WR1ncf6zWJBMT6yhbXoJj+7CY0yYtLc+kptnMuulJjvR3nnSUIS7f5MWnFO4/cZ3N5DmHYWPT3PPqCMqs1t2F8w8y3bZbN3GLsVp3m8I4NzPjoocvywvKokPcbjjGmLjxjhvxEec6+kwzyWlpJiUlzaRsnO98ASh5o3NuG7rEGGNM0vxBBvqYjZnuxz1ixgdjgsevLdzryKqowjw5XhxCzIqkI+ZISopJS0swUSGOF/vY6O4GIkzRKECemT8IQ3C0SXPe7EPCo82ajckmLS3FJCWlVDoo4rqJLyxMNM/MdwYXJxIc5Qydv9GkpR0xR9LSzNppfZwvAMkmguJ15goMQxcmOMsRZY6UWBe15kixNqiovBUOA+UdMWtXrDBxKZnG5GWaIykJZnYoxdqsWHtGu9qz4vovsz3LafsEZ/vG5RljUlY45jStOWLyKqy3ivLmGr7s7ngjU+U2LWv40r1Nk004mEHzEyqpt4qGLy/9vM10vXA7x2Qd5Y12C8qK5hu5hm9d9VRe3a8dH1Li/CoZHJQlyUQ455SGL3EPEio7l4vyW1S/5byxKxWUldg2s3RQ5n7tze6Dofs0c7jCc6h4qdyP4UpziVvbh5Yz185dyhpnMOecB7dxWncD4437XqUDteLlKVnH41dsNEeOJJn5Ed2d5fyF5oX8AWn4sipsmUy6dwfPLTlPQewx7n1wB5FzC2B5Krfeu5vvCruy/Xgg3Idq1Wpw351+Rftn"
01:01:10.067 [Forwarding screenshot on session d6a0bef0-bd24-11e6-8678-ab184a9d7075 to remote] DEBUG org.apache.http.wire - http-outgoing-0 << "2UkB7u3ntsy/LgODYfPOEmNprtU/K8NFzWrPhV49fQv/DrjC8YFbn+yz7DkEBfGn6dp2B5067aBTf0dH9+5Ex5BhHhCx9BpOn+7Ege0teOBKRxqNr3aUI+eMY6gzdmIKbdv+SIe2Oxg6Ix+ogU+gP0Ovhc/XneHrddlUuyeQFwfA53GOv7k2gD+X+kROAVir48qta7jWB/C2VANM0cijvx+9rBR19/8cOXBbl6uK/rY4/rFk7WP3DmDteNo1bEjLlg1p2S0SgOTEnSUSacD9k8Jh+VvEZ6Wy6tXVBEeMpKt7Q2bs4tNDcNvVVxQdytc9jdrADu6/thnNWrakYcMbmb0DOJvFWecWPoXb1uT6m7o7D92bt5aMh8XR3NmtHQ0btiRizkr2lh5lLVNAHbc0e3WH3WmcOO04F5ZHdqNhw2Y0a9iQPuPXAk3wyT7BPmDYHdcVJeJ/NUNCYOOPJ4BM6N6waDjJ/yp6B8M65/BHVcqbQwVqBhGQ/wNPtKyHV616NGt5I1HLgWYWxzFLticAFizpldW/m0ravtO9wwlhLR98lcr2zxdziFAeGRBETkX1VlHecA2vZzp+V7lNXUNn7veREJoHuP4fQOsQ2JJ6upJ6Kysdp0rrrYJ2tOeTCZBfVotmQrB/0fXuPLRPdsV172OpB9gpnGjh35Hbgyu7F3QgbGQfoDv3392haHFWZefy5VVyoNz92uvSqzscyeZ0ZedQhUK4wq3t21YybLhuzjBa3hlNcPh80lY9TQMgNzsTgi1uw8HpbPx0ByF3daPiD1FeQcO6QOgKXrmvK0FBHYh45QVCgB8PZ1Sac3FQUFYVNWty3Y3ViT8AAyICubVNNQ4UQOhYK3/pXof6bpMZ7PnOuVbu9zZ/b5oAH/4nu2iZLY+kQ3Dz9TXhnHEsc11xlmpU8fXUsTmO4MvlTNoFXHc6C3Bob9Gof+7pC47s+dUi2ArVHmjK6dOdHD/HrmbxvCaMGeoIurLc8uTf1Mq8fzfjWvJ5tPNutgM+vo7TJ2p1SGEaBxJbMHduI66ua6F/WC0OvZFK1NzzhA5owN131+ZAzFHCZhcwaHj9iwo8z9kLAC+3m1Iu350q6+PoF88O+AcElF7h34wWwUDEKoyjVxmTl8KqJSsYe1/HUpu37fcQfdhA9OhxRB+CcSNvLb5BoCM42bzrdOEiH5+iWsi3HwNCSXAdyxiS1q5ixXN3UsueWep4h/duAOxkp2/nhG8vPjeGtJQkVs0OZ8Pi8byzoex5XMUVv2vvS9oAzRoS4Os4qaPj0grzkpkSx5Ilo7i6aQBBwPuf/1C0o+0IP+yA265v7vj7iL2orbIO8/0h6P3nq4sdq6LyBlaQ46z46dz40DRaR68g5Ygjf2uigsFZReW2Z4OK67+Yytq+wW2MC4WY6eN48dW1dI9+hA6AT0X1VreCvLnzAdvFtGkOYCn/5doO1K1CvZWbTiX1dqntWC6/ius+354JWPAu3GEnGw9Vfi/Itzvf2hS7N1fhXKbo1uxD8Xm+lRyw+M4WH4pfxSH4Fr522Ni6fgM088O3knPoYpSfWxsrR/egT9RywufHcXBRRGHAdVXnm+HQR2wrfBHKJW0H5NjK7kBw58h5GdtVvqs4KSirkprcG1aPatWq8fCkYB4P86NatRo88FQwTz0VRNsy7gbFz0E/BoR6ceqfqcz4LJOjB7JZ8ORBviqAG66tRd1GPhQUFPDm309w4Ggui8ce5kBB6TTLThvwheUvHea7Aza++3Af4csM+Du282kK658/wLJEG0e3n+C5h3KgSwCdG9Sk273VYPkxXvokk/T0syybupfwJ4/xzekyDgrQtCELFvhSUJDLU5PS8P9TA+6pBnNHp/DZdhvpu9N5pt9Bnnoqg9M1oUPfAKwYTuHFzZ1rc+WNfjSoBtWqVWNAT7deQ/cesGL/L3Jd73oUFOTw3IwTHDh6lg8nHSW+sI7O8clLu3npw+wy9qxC/QGlb192IIg/DwuBmCgmr04kPf0A7015iMEP3V92HfnfwqioENYuXg7do7m7Q8kX/MZ0GRDMjmlPELNuO6m71zHhiWhc75873vUAsJwJo99jd2o6ibHTubbPYO7/6gQ39R0CxDBywkoOpKcT/95o7l8MfZ6+i6aHv2Lw4D6Mmh6LPaA17Vs7X0x8ANtuYkZHMn319nJq4xBR46aTmJpK/HujeWg5hP/tDpp1HUQ4EP3Ec8RuTyV99zpG9+rJQw8t40zNDtwZEcyh2ZFMj00k9cB2YiL/xmqgU8fmQBM4FM3omHWkpm4nZvQTbCCELu2Lv0RXVN6aleYbGre8isaBPsSvnMCdsw+V6IYo3Z72Suq/uMraviZ3j5gGG5az+lAwf3uoNwD+FdZbRXnD+SK+g8SvE7FV1KbFNODaAcHs+PJfrNtefhDu3k9Vdr1VlM6ln7dlB0p2txqwlxE4VFz3Hfs+AMxm3PTVHEg9wMoJM1lbbslLK379V3IuW+rBoY9Ytm43B7av5vGHp1HW+WIv8Rug7hVBwA4WzFnNgdTdLBrzBDuK7bWDPmHT2Z6aSvx7U4hcC+F/G0SrKp1DP8+BlWO4f/YG6B7F4Na5rF69mtUrVxIbn8qVtw6kOzt4bHQMu7NSWT15DDHAuAe6V5JqAwaNC4flDzF60Tekp+9m0YTR7CCEHu0rf/adOP26o6W/X2mxycZq3W3SjDHJS38s99la8dOTHJPlS02K+cnMeXSb29ysLWZ6bI5zXb75YExS0br+P1Ywp2xbqbRTYlNMG2tRuv1vSDDW/gdNpnOiv/WGLUVp99pt4gv3zzMxT2wrNmfsiUXO+WfOif6l52zlm5iwRFO/foKJSco3ecknTdgNbnPO2mw3HyS5HqPhOv5e57yRHMejQ/ofLJwzFDdlm7H2SimaU+b8v3t5XXPo4mOS3Y6zzbSxOue/GZuZ0ibBtJlY8YTWwo+hl3gkRnRw8XkXcdHdDSHTnPk4UjgvwvUTsbD8xwa4Pk4e7vYZ8MyN09wmk6eYaW4fJ3f89Ng0PK4AACAASURBVCmcd5KwZLzzuUCOn5DQ2cY1HWPjwqhi+/WJWuLMY55Z45zU6/rpHrHQMSfE+TyiYnNmitUHJjikaL9B41cUtk1e8hoT6raO4EFmRZJrbYqZHe5eLyFm2ppkZ/31KVG+EDNtbYrzmO51UUF5K8i3MUeKfSQf+piIiD6OOV6Z5bRnd1d7Vlz/JY9Tcds7H7cwaH6xOXDl11sleUtZ5Xx2FGb82sPlt2kJyStc50Wo+d/G4vXrmhvXfVpcJfVWPJ3SU7Mv8bx1tqNr3pF7eYu3S9H16Uiz4rrf6PxQiqN+u5vgMud5FrdxWlFZS5atvHPZpMWZcPfrIyLcBNO91ER/13yw4jnINCui3K6FPqGFc7Ac9wQMwW5pR68qnDNY8bXndgS39s4sq+2Dy55T5vrgRskf1/WWsnZ2sfaMmL+xdIU65/IV/yBByXtRsJlW6Qd3xJ2XMcZcYjz3/4vtHEdPQdOm3mCzk57jTYMGF9/RaEu3cyofrE0tpd5F2rLsnMqFpk0v4Wn5tnMcPXUBX2tN/Mt4N2VLt3Eq36vMtB15MuXuWxXpR23k+3jRtMHledJ/uZzltDateVmGLqt82PR0Mux26gYGXXIductKTyWHugQ1KGP4zJZFakYOlrqBNCh5sMJ1QZTatZz9vpncg4ezXuDgrN7FNk//ZjINe35JXOZ/6ZKfSo5PGWkC6amp2C0WghqUnlHiqBcIDGpQ2B7fTO5Az48eIG37c5Cajk9Qg4qHqi8y3y6OOiw7X5WpsP5LZu8S276iequyis6FEttlYcG/jG+uKKnCeqsknUs+by9RhXXvPF5gUNBluReUdS67ONoykKAGF38kW1Y6GTkQFFT2eZCemgrl1NllOYculS2L9Jx88GlQ5n2h4l0dZa5b2bUvpSgoE/kjs20n8i9zGLh0Eb1L3NfT102gYZ/3WZN2kAGX8Z6/bkIL+kwbzBEzi0setKgg3yIif1QKykT+n7IdWMeMt/cy+NkISk1/+xl2x8aw+sQ1PD38ll+1N1NE5PdOQZmIiIiIB9CnL0VEREQ8gIIyEREREQ+g"
01:01:10.067 [Forwarding screenshot on session d6a0bef0-bd24-11e6-8678-ab184a9d7075 to remote] DEBUG org.apache.http.wire - http-outgoing-0 << "oExERETEAygoExEREfEACspEREREPICCMhEREREPoKBMRERExAMoKBMRERHxAArKRERERDyAgjIRERERD6CgTERERMQDKCgTERER8QAKykREREQ8gIIyEREREQ+goExERETEAygoExEREfEACspEREREPICCMhEREREPoKBMRERExAMoKBMRERHxAArKRERERDyAgjIRERERD6CgTERERMQDKCgTERER8QAKykREREQ8gIIyEREREQ+goExERETEAygoExEREfEACspEREREPICCMhEREREPoKBMRERExAMoKBMRERHxAArKRERERDyAgjIRERERD6CgTERERMQDKCgTERER+b927j0sqvNe9PiXJTMDAhkExhtBQ5AQmyIaStUmJxSq3Va0W6u4k6iJm2rU7LCNfUg8rZo20e4eoruGQyPmUkoTianoI81OMK0mPnRvAzZnJIqREAMEYRQdLjNcZC5kOH8MMIAyYASd2N/neXxk1rxrrfc+v7XeNeMBJCgTQgghhPAAEpQJIYQQQngACcqEEEIIITyABGVCCCGEEB5AgjIhhBBCCA8gQZkQQgghhAeQoEwIIYQQwgNIUCaEEEII4QEkKBNCCCGE8AASlAkhhBBCeAAJyoQQQgghPIAEZUIIIYQQHkCCMiGEEEIIDyBB2U1WnP0FK9d8QbHRfTpLeR2pKysotQzv+csLjZSbAezkppWRrbe6TV+aV8HKNAPmYcyDudRA6poyUlPLe/6lbakg92jrMJ7lNmY2se2q+qsiX3+jnWVofeKmsFwhL/1zkhNPERt7iuQ1n5NbeGVou5ZfZM3KL9APodOaq0zoDQ5gZPq657FTmFfNmuRSYmNLSEw6Q1q6gfJhnmeudV6P6VtdBpqLR6of9O5r13Zr2uZ6xosYeRKU3UyWJv7zWTPvHTTznwdMbpO21LSy77CZmpbhO725sIIHltRQYQNwUJJzhaJLnW73uXTCxOGcdmzDlw1slyzkHrzCvr9e4aOPnP+yd5tIXVbOmtzmYTzTbcpm59ihK+zb19ZVf21k724kZe6nZBTfyIfe0PrEyLOQvqSMtektVAarSUhQU3mohdTFZaTlDx6YtdS0cehwM5cG67TmBhbHVZBzyplwJPq6Z7GSkXSaxWvrOVQJCT8KIGK0nez0Oh6IKR/2C8C+HJTlXKHklvetLm7m4kunmjmc086wXiL262tXu3VtM+TxIm4KCcpuoqr3jXzQdaF07KXLVLlJG+A/CvBCPZwZ0AB44ad2vtheO43M+T5ud5mzfQa19VPQDWc+VKAoCm//fQZ6vfNfY/ldJClw6LeXMQznuW5HajAD6w7e11V/93NBH8ZsBd44cCOXu0PrEyPO2Mz+E5C0MwJ93lR27pyKvuJukhTIec04+B0MlRdDGjsaZz1q/UYBI9TXbwkr6bF6thztG6CX51byfBHMfjKMWn00O7dP4bW8GRRmBuAwtvLiwRG+Ux0MmmGd0L4+d3OxSgNMHoU/wHAFQ/36Wn+3tG2GOl7ETSFB2U1j553XWlDCAzmUrcVhbGFvYe9J00Ju2hmCgvSEhJxkyS8aAQXbFxdJDCkhS2/vSWkoqCAq5CyFZsDcTPrKUwQF6QkK0pOUer5rgrGStfIUSSvPEBWiJ+TBT/nOAhMOh4MlEWc4arTyysqzZHTloTS/gtgQfdf5T7Etz3n1qP9DOTHJ1RiB4oyzJKVWsSX5ZFe6ErbluyaL0jzXMWKTy0hOLGFNlps7gr2vzHTBPL7KC+flab+8J1VjxEp+ellPOUNiz5JX6qq/gc5t1teSGFVCUlIJQUF6kjOaMJdfJq3rdVCQnqikcgrKnTN0ccZZktZUkNZdxtiz5BZeZkti13mjzpCnd19nN4um1/D1CR/DrMn0XN0XZ5wlqqvdAMz6WmKjzlJsBkuVkdTEkz3lT06r7QqEXX3CWW+lpKae7ZXO0HO8gfud++N39/GgID1RieUUVA28nOOj6fVCO4anMwJ55KHuje77Q0829eeJjeoaKwAWE2uiSkgvbCFjyZdUOWD34tOszGjq09fdHd/9OLi+Mo4UW2v/eMLK/t9eQQnX8rvtY+kddkcvn8SmH3gzjo6etAPX7dcbh/0Ziw0kR3WPnZNsyb2ZY2ewuViB6iYeTTxJ0ETnmM8tHrz819PX+hp621gMDWxZWdJn3LmWN2+HthESlN0sVfXsPgEJq3XELwrhBwpkvG7smTgLtpSTmm3lycy7+MvbIdSddm5XT9FyPw627qnvSmnnwMsmGmb6MV1rYVviOXYcHkXmoQiO7NfRvs9I3MpaLEDz2Q6K3rOy8JlA1i0cw46tvgCsyphAjA6Mpzsw2jvBbGTVahN3PxNKkT6SFx9xsGttBQVGaK230HDaGRBam+0U5TZyeHwwhwrCWDfTQcbqLym2gLm4mvi1JrSP6Cg4cheLaOeDTxxUGOwMpLXVARYHFosDg/4ir+R0whQV/v3z/pAvp7Z9Rkr6FZb/OozCI2Gs0razPuEzCgzuz21rtfKJ0cGJExo2bQwg8b4OVj9QQ067H/uPRHJk/zimnGjlsZ/VYu4u40ETJ8eHcOjQeBJa20ldXEPJ98axf+84ZjZYWb+n0W2d3Qxa4NiB82RlVZORUUVq8hl2VcHTj4wBwNps7Wk3AFurheoGK402KxlLz7PPV0tB0VQKXtHyQfYlnuianLv7hLPebOzbB68cuptXNvnyQXYdewqtgLt+N/DxS7POsSHHzs5DkRQdCeW7p1t5bF4VV1WZzp9lM+FgagUhUaWkbqkit6CB8UsiyNw0Hi1Q6KY/9GZrtVHdYKWt+wKgxc7JBgctdhXz/i0IgKRNE3n6x/59+rq747sbB0Mu40gwX0Gvb6a8tJXLgPl8M+WlzehLr2Axt1JcDdMWjSH8qh192JQXw87lgYOW3d17Q50DLOUGHlxQR+V3gygojOT1Z3zZnVpBWsHQnhm8YYPMxaDgcHRSd18IRwrvYt0UKxsWfMZRo/vyX09f62PIbdPKMzFfsuewNzv3R1CQHULdPiMPLKnGzG3SNgLvW52BfxTF++tpwItl85wDcvkqhWM5Rt433MmiUAsf5XWge3IS25cHA8G887qFmNVtwGge2aYhZ2s9hZkTiL/onFBWvTEOjf4yu6og6deh/PBbPtjw5RfPmHl4h5EPjTpsgC4ljJ2bxgJgLm5HUewsXBCMjl5Xhl2TSOUXbVRc8mfhc1HEPQGROjgBgFdPUkUJ4EDmZMKB6Vtb2LOgmcYW+PjdRhSdljczJxEKzMpTOB1SSeUA9eFwOEiJLSGl1zZFUfP678LQYu+X91ZSQzrQpYSRud5Zlp2HvDgWcZ59fzGhrhz83C8eu5eUaAUsFiKzJvLUd0KInwCGiw5++KNLnPi7recuk6IE9ByLFfUcy/Dl1e13Egr4bzCyYG8bBpt2wDq7GXyBE/vMmCd70draidHofFan4rM2iA3sSuXVaw/n32q6mvsLKyVl7cz7fhhFhWNRj/cFrr6jk3H8WyRHAfEq3tlRjtneiWUI/e5ax7/0VifQydlP2oiZN4b/c3w0z6o111guHM2m96YxK+8CB/abyN3dSO7uRuBLnsyOYvsiOJAxcH+Ii+h9LFe5+/4BUYl3MF1pZPKsEGLDVRT2pG91e/zVDDwOsA21jMPP+HEtc5f1egg17TwHAUXx4o3/DqMOuP9ulSt9YQVRi113QcKXjOPD1wLdlL2OQDf1MpRxCHBifz0NKGx/dgJh/g4iUiaQsr+CnJeNbJ0/Ge3IVE8P93MxgANFCeCdrnLEvuXgcMR53v+4Eavbfjf0vtaHzTGktslf9xW5DvjlkXtJiVUBgbyDlZjVjRw3BnP4NmgbIUHZTdJKbrYNhwPWxpawttc7r+1tYlFKB4cb4KGprvUada+LqdilY5m8tYYDH1oIqq6nAV8en+9Dy1HnVc57myt5b7MrvaKonfNBKzw0c3TPdpsVwIG9/wOdOh0vZ5j5tw0mVhx0TgTTlwSRsbP/dZsDgrueteg5nnPuUWkUaLD3WpH05zuT4bSbWtn4yl3MHQtWuwP8NUyfdYdr0PfOu9lKJZA87w7XztoAFk2G"
01:01:10.067 [Forwarding screenshot on session d6a0bef0-bd24-11e6-8678-ab184a9d7075 to remote] DEBUG org.apache.http.wire - http-outgoing-0 << "vWdtrNa6P7eieDNpUtdNYR8fxtjaeCLuAr1XlZTp3c9UOMvomk/7vnYW2Qu1mzqLvgkzVx3OZ8q2x7uW87JWfsrWDTUsXBDoZk8N/54TyucbDGxO+ZLNgBKuIePVSML7RQ6KojAuqPuVinuCnc/FtDS563cDH3/5hgi2fVHB5ucvkP38BRTFi0e2hbFjva7Pko3F0MonNRCfPJn45Mlk4qCqtJ6X/3cNe1ZXMTd2otv+QJ+g7Go9zWN1OJ9Ps38F9PqgHLS/DTwOZg2xjCNBN2cKVVVfodXY2RJThjk9isx5GszWUWg1zewDTpa5LsYCJgWyc6cGTYAXZfvr2PM3C63uyv5JO1MGem8I49BFweHoYG38p323ajtohRH+4B9kLt40BnDANJVrDtB4czdw8ngLvlxfvxu0rwEEqPgWg7dN0wovFMWLyEmu/f3HOJ9RUzff2BzpcivbRoAsX94UxsJL5BpheeZdFBVGcuRIJEVFd/HkdDixo45SnR8JwXCyzHUrWa3q9UCoLoSf/Qj27azkhZdsTNugIxpQ+zubb+Ohb9PYGEtjYyxV+rvIyBjH1ABnAKEd028CAPo/0WkxNlPnp+Wd+ljK9ZFk/3I0nxxs5I/Hh/6Uq93qAHo/xNrGmWrwHyC9ongz+4fBzIoPJn6OjvjeARn98q5VMRHIe7/XNzMt7Zyuhodm+Azh3I6eu4Hm4irmppq5e8NE9KXOetub4sX1fv99OOrsxvUevhpmfFsFdLiWT3A1tZrub71ZKauBp9+cQWPVVAr2jiOh1cqGJy4MusTW/ZHhvt8NfPyy0jYmL42gsXEGRUcmsfWRUezbWsuH/U587p0vmT+/nPyepUiF8OixbH9W6yyfj/v+0Ie9s29FaJSrm1rV7+HrQfqbO8YhlnFkKGi1KvAZBQ2A2ht8VGi1Cvj48b2ZUL2njvyuh/98woNJSbmT5cmhfD+qqy+5K/tM3xsch052aweK4suRrr7T2BhL4f5QstKCCR7uKuln0Lm4O6HB4ZomrR1UAvcn+LvvF1+nr8HQ28be6VxWrXNdTdravnL+f8eNzpFdp7iFbSOcJCgbcQ7+uteEovjyxPJgoqLvIDb2DqKigvnpen8cjiv8qQBm/tCL6j3nyTrajKHcyJafmXA1j8KC1UE4PmnnWIMXP13hvKWhnaVjiQIZP6ukoNSCsdxI2rwv2bChnsaez45eX0G3d+JwONAfM/V9CPh8Eykp53k6/TK2IH+mRnbNKmrXMVyf853X/MmAuMXBOBwtLE09T7G+gW3JlbzncHdl5cA26Fewu/N+B0mPeNGQU0t6gQlDVTNZqV/ygQPun+b7Nc4N4+/2ZUKwQnHeF6zI7uyX+Npl7P2+fdA6G1laoOTIJQry68jPv0h2ejnz020w+Q5idIBagYZm3jraSlVpHU89YcbZn+z8/jED/7SykuLWUUyN8WM8wN0qAoZ6brf9buDjG/5Uy2NLPiOr8ArjpwQweawCKKj71Vn0vGDCFVgdU0pG3mX0ehMFuVXMX2KGyQHE6Nz3h94CxqlxOBy88n/rqDK0kv3MedcdUpuzf5X/7TKlVd0hZye2QfqbK93Vzg6xjCNLxfdf1PGjiFF9tq1/NYxp2FgdV8KWrIsUFpsoLLjIlpUlLNvt6Hqe013Zg4dlHMYsCMThaOe5NAPlBiv6girilxlY/6FthO8mDmUutgDeOIwm0rKMGAzNZKXVUo1C4lT35b/+vnZ9bTP5wRCSFHh21TkKq6wY9Bd58rEWCPYjYpAx4fltI7rJ8uVIMzfx1iGYts55d6u38IVjSVrfyp59jdS/eS+VpnI2LztH94qQorhiZm38OFJ0jeRMC2FBz6qiP5nHw7A8WsOKrtvNik5D1rFIonGQT99vYOki/JmtmElPqaDF/x40Xe/7xIaxd1MbK9JriE6vAWD68nFsnOPDF0UKhHYv3/X+u5szj9rYSZTu7+THDxuZn2tkepI/s5VWJsb0/ZB08e76aY5r685bt0WZ91JtOcfzKypI76qbTXujWB+tAgY+t1rTSu9rD+2sCfwyycTzqRXkpjqX3JYvV7Nv3xXOmq9VRqXf5aTz/QA3dXYz+AJFuy9R1Gvb7CWBbP2PCEKB0JQ7Wbz/SzYvK2cz8IPlowneZ8OGP786qKNiiZH50c7reCV8NG+/OBEf7D31rtY4g4neXG3irt+pBjz+nCB/1pVUsnmxM0+K4sW6rCnM6f/JED6B9//i4Mkn6nh+bU3PZt1sLe/mTHGWz01/MBa68u4TPYFXUsys3WUgdhcos30JV9q7DujPsgQv0nfVcdqs4lWtq+3d9bfC/IHHQfwz4UMr44hSmJMy6erNoWMp+HgUO56rZdfmC+zuTq14k/LrUDatH4uWQcba1xyH4Oo/ulnhHMn8ikc31DE7uw6A8KQQ3to+dmSrZUhzcT1z73GghGuo2Hqe6M3OMm59O4r5oQxS/qH3tfKd/co6xLb53bGJrF56gcWxZ5zvT/fn7TfvIQqI+tpt45ojb1nbiB5enZ2dHvJrfgLAbLTQyihCdddYdnTDaLBgU3sRqtMMnnggFjuGhq9Q+6vRaa/vJqqhsJqn93qx+7VJzoeazUYSI85z/9v3sXMYAxWL0UqDDYJDNT1Xbl/n3M56vsH6ghuqs5vB2S/UhOr6582B0WDDpr7+vnb18a9VjwMf32y00tqvDQdiNlqdd6TUqmvW77X6w7VYzFYaWiE09Prae6jHv1a+h1rGW8Jix2gFbKAboP3dlX1YxqGHj53u/PmH+lx1R8lt3XzNvtb7vO7bxv3Y/Ydom9uYBGViWJj11YTPrUeZPZoNs0ZxLKOF06h541S08wrzNj23EMJJxqHnkrb55pCgTAybqsKLvLy3iWqTg/HT7mB5yp3MCr05V1m38txCCCcZh55L2uabQYIyIYQQQggPIGGyEEIIIYQHkKBMCCGEEMIDSFAmhBBCCOEBJCgTQgghhPAAEpQJIYQQQngACcqEEEIIITyABGVCCCGEEB5AgjIhhBBCCA8gQZkQQgghhAeQoEwIIYQQwgNIUCaEEEII4QEkKBNCCCGE8AASlAkhhBBCeAAJyoQQQgghPIAEZUIIIYQQHkCCMiGEEEIIDyBBmRBCCCGEB5CgTAghhBDCA0hQJoQQQgjhASQoE+J21taGyWTCdqvzIYQQYlDetzoDQogRYCrjrVdzOdVgR+Wrwt5uJ2zmIv71J7PxuyrpMV7NfZ8GO0AgDy5dycK4O8FUyu9f2svn7YAqjKVPPUHceHXPfucKXiLX+AC/ejyua0sbRftfI19/EYCwmUt54idxqBkKKxlJZ3i+qO/WJZvC2LlpLNp+adNCzmB94z4y5/sMuUpGwtEtJSzb7bhqu6LTcqp8CqG3IE9CiG8uCcqEuN20lfHSb3IImLeC1Lu8MZo68Nf58NmB13lhj4Vt6xJ6BUp1vJ3zPl/FLuXni75FzdE32XvgAFNi1lD16l4+D5nDM0/EUfrmTg7seZfIX/2EQEwU7c8hX3+RwFjXFFJ77A/k620s3biNyJaj/Ob1A/xlRgwLw4cWljXXgbJkHMd/EQg2qDt9icVra5g0S8vWeE2vlCoef3sSxAztuCMpbn0khf+ioG5r5McLLvHQi3fxiwQNrTZvCciEENdNli+FuM2U/PlP2B5cRSLHydzzX5SdO87rmbmMX7GR2Lr3ebeszZXY1k5ozEyWJsURqPYjOj4WFfWY6j7n7w0wb+lcQtSBJCz5Z1TtpzlnAtPHfyb/rA/3BIK1o/tAJj4qrOGepY8R432ZJt/72Ziayv8ae32B0+RJvkSF+xMV5U98cjgbdWBu68RYXE1S0lmSovSEJFby/h/r+LCijfSkk2wpuNK1t4X0xJNsO2rBUFxLcpSeoCA9ISElbMlrdqYor2NlbNf2qDPklbaRkXSS1LzWrmPYyUouIS3/yjXz15821J/o6NFETfUlFBgX4U94uD/RUT6Ag6MZZQQFOc+XtOUiRgBzAysTz7Ay6SQhIaVkvVBGcmo5iSF6QkJOkpZVy5Yk5z6xyVVUARibSEs82VOebfnN11WvQohvBgnKhLitmCj7XMPcxAkU"
01:01:10.067 [Forwarding screenshot on session d6a0bef0-bd24-11e6-8678-ab184a9d7075 to remote] DEBUG org.apache.http.wire - http-outgoing-0 << "fVDHwmee5dFl63hu42oiQ8YTFzuBy3VNruTqcBY++hMi/Zz7FvzhAHbfaUQGA/ji3706qPLuua0eGPMI6b9ax/cifOmwuw7lDXx+YBdbd2SyJ3MXu976iNb+a6WDqP68lWK9ieLiJnLTP2OXEXRBo8DaQVFRO1M3TeSNXwZj/ruNmlYVsx4axZ6dRswA5fXsOO3F7BgLTy+4hM+mCBobY/nLixr2rK/DQDOpDxg4mzCR8gvf5vWFNtYn1HHfD1Xs23LJGTBV1bP1WCcPxo2+znp3OPNg7+zZUpV3joe3dbBXP4PGqgjuzrvAqiwT4MBw2ophaghvvDGRUC8bx/bZSDv+bd7d5kv25ktYVkVQWjgR7bFG9hdbOZpRRY5vMOWNsRzPGk3GpsvO/AohbiuyfCnEbcobGNU1wluMNTT53MnAT2DV8V8v7eJ/Lk7g4WeWEUIJ0HHtpGrn3S9Lv7c7AMLm8NxTc/FrK+OlF3L4oCSRx2eEdKWwUXLkXc61AB0dhMUlMTvcFbWpteB4r54Ff2/AYexEF67hl9kRbJilwljYiaJo2ZoyAS1WPuraJ37FWNhxkePmyfi9aYQfjWeOLpC4jyM5fqqFjG31/L9j7TA5ELXRwt9QeHnrBHQ+sGh7NHGbIJQmgrfV8FcD3Lv/MiSMZV7vtUdbHUfe/RsteNPR4UNc0nzChxBsVpy6Aih8+PtKPsRBZQOcyGvC/Kg/ZhTSt05ijhaOfnSe4FUTmR+lwVynRlE6eTw5kFD8SAi+gLGxk3FTfXHsrufBxDZSVgRx7H/Gohs8C0KIbxgJyoS4rQQSfY+Vwx9eZHF8CK//5iWqYrw5daqeRRvDqNFfZOzyMX13aStjzws5VPl+i3XbHidcDZicb7mWJzvoGChI607RDvfMnOH8IoHfJCb5QkufFHbajJe53Ah0dDCm9202wGYG3ZOTKN8+cLhx1bdIQ0PYNvMCf9hTS+AeBxveDQFLM2lx5zg0WcOGx8Yw75/aOZx9jYP5QOOn7ahjQ9iUUMPvs2u5b28H617W9QteW2i6cJnL3tDREYTFbS30M9mXmd/xw9YGMzJGswRfwPnFANs1vhJroxOC1YwHwIEVQA3Ry6MoureBDwuayEs3sONZIwcroonXXn0MIcQ3lwRlQtxmov/5X/jghRw+mPMwq1d5Y2rtIG62P5+9nYl+/ELSI3vf5qnnrR05VBHOinVJBDTWUdsBY+4MZ5qvnfffK+LBx2dT8t5R7IQzIXCgswYyNcaXt//8V2pjHmXs5dOUt0OEd+8pxo8HH13Hg8NaWhU/3qhl87JLKLoAPp6lAmMTfwOy3vk2yaGQv6UeGmzU6dR8Fwd/fKuJOevHUJz1GQu2evNx/VQWPhVI2uJLnFZGc2yOpu8p1JEseyryunM2LlQF1V8RljCBWVoLGUmfsvvuUFIWjBp4JzvQcPXmvDUlrGci9a/dw/oVFwmJu0iT/M6JELcdCcqEuN34TeXpn69mf04urx/twNcX2tsh/MGlPLcwrk9SW1UJZ9sBqti7a0fXVl+W/vxXLFi9kC8y89m0KR/wZc7qh7mz177e3hpnENFlxtLVnNudSebWUwAExy5iUfSAUdxV1FoI1bh5zDXYq+dPZ9jkfB06ZyxLFDOmp8cSDqDzJyXBi7XRetYC03+gBix8QdFuxAAAAexJREFUVhXIb9/VMW9BJUGbQVEUtr0b6dwnfhzLFROfbhhL9JBz3JuCFtCoXHmMXj+FF0+WMT9c70wR7s/BnPGAEVB6vgGrgp5n99QqLwh2PZfWXc6F/z6RnIQLBB28AMDsJyeSIOuXQtx2vDo7OzsHTyaE+EaytdFmBz+/63zi3nUATPVXGB0SOMTfG4M2kwm7ajSBfrf2JyvMRisEaNBe9SCdA6PRToBO41qmNFwmMaaGnx6PZXnU8ObDYrbSYlPQ6VQ3eCRnvtVqDVpZthTitiRBmRDiH5o+6wxzN1tRloyn9rVQN1+GEEKIkSVBmRDiH5vFgv4TG1Nm3YHcgBJC3EoSlAkhhBBCeAD58VghhBBCCA8gQZkQQgghhAeQoEwIIYQQwgNIUCaEEEII4QEkKBNCCCGE8AASlAkhhBBCeAAJyoQQQgghPIAEZUIIIYQQHkCCMiGEEEIIDyBBmRBCCCGEB5CgTAghhBDCA0hQJoQQQgjhASQoE0IIIYTwABKUCSGEEEJ4AAnKhBBCCCE8gARlQgghhBAeQIIyIYQQQggPIEGZEEIIIYQHkKBMCCGEEMIDSFAmhBBCCOEBJCgTQgghhPAAEpQJIYQQQngACcqEEEIIITyABGVCCCGEEB5AgjIhhBBCCA/w/wHX7svesUKcLAAAAABJRU5ErkJggg=="}"
01:01:10.068 [Forwarding screenshot on session d6a0bef0-bd24-11e6-8678-ab184a9d7075 to remote] DEBUG org.apache.http.impl.conn.PoolingHttpClientConnectionManager - Connection [id: 0][route: {}->http://localhost:23446] can be kept alive indefinitely
01:01:10.068 [Forwarding screenshot on session d6a0bef0-bd24-11e6-8678-ab184a9d7075 to remote] DEBUG org.apache.http.impl.conn.PoolingHttpClientConnectionManager - Connection released: [id: 0][route: {}->http://localhost:23446][total kept alive: 1; route allocated: 1 of 2000; total allocated: 1 of 2000]
01:01:10.227 [Forwarding screenshot on session d6a0bef0-bd24-11e6-8678-ab184a9d7075 to remote] DEBUG org.apache.http.client.protocol.RequestAddCookies - CookieSpec selected: default
01:01:10.227 [Forwarding screenshot on session d6a0bef0-bd24-11e6-8678-ab184a9d7075 to remote] DEBUG org.apache.http.client.protocol.RequestAuthCache - Auth cache not set in the context
01:01:10.227 [Forwarding screenshot on session d6a0bef0-bd24-11e6-8678-ab184a9d7075 to remote] DEBUG org.apache.http.impl.conn.PoolingHttpClientConnectionManager - Connection request: [route: {}->http://localhost:23446][total kept alive: 1; route allocated: 1 of 2000; total allocated: 1 of 2000]
01:01:10.227 [Forwarding screenshot on session d6a0bef0-bd24-11e6-8678-ab184a9d7075 to remote] DEBUG org.apache.http.impl.conn.PoolingHttpClientConnectionManager - Connection leased: [id: 0][route: {}->http://localhost:23446][total kept alive: 0; route allocated: 1 of 2000; total allocated: 1 of 2000]
01:01:10.227 [Forwarding screenshot on session d6a0bef0-bd24-11e6-8678-ab184a9d7075 to remote] DEBUG org.apache.http.impl.execchain.MainClientExec - Stale connection check
01:01:10.229 [Forwarding screenshot on session d6a0bef0-bd24-11e6-8678-ab184a9d7075 to remote] DEBUG org.apache.http.wire - http-outgoing-0 << "[read] I/O error: Read timed out"
01:01:10.229 [Forwarding screenshot on session d6a0bef0-bd24-11e6-8678-ab184a9d7075 to remote] DEBUG org.apache.http.impl.conn.DefaultManagedHttpClientConnection - http-outgoing-0: set socket timeout to 10800000
01:01:10.229 [Forwarding screenshot on session d6a0bef0-bd24-11e6-8678-ab184a9d7075 to remote] DEBUG org.apache.http.impl.execchain.MainClientExec - Executing request GET /session/d6a0bef0-bd24-11e6-8678-ab184a9d7075/screenshot HTTP/1.1
01:01:10.229 [Forwarding screenshot on session d6a0bef0-bd24-11e6-8678-ab184a9d7075 to remote] DEBUG org.apache.http.impl.execchain.MainClientExec - Target auth state: UNCHALLENGED
01:01:10.229 [Forwarding screenshot on session d6a0bef0-bd24-11e6-8678-ab184a9d7075 to remote] DEBUG org.apache.http.impl.execchain.MainClientExec - Proxy auth state: UNCHALLENGED
01:01:10.229 [Forwarding screenshot on session d6a0bef0-bd24-11e6-8678-ab184a9d7075 to remote] DEBUG org.apache.http.headers - http-outgoing-0 >> GET /session/d6a0bef0-bd24-11e6-8678-ab184a9d7075/screenshot HTTP/1.1
01:01:10.229 [Forwarding screenshot on session d6a0bef0-bd24-11e6-8678-ab184a9d7075 to remote] DEBUG org.apache.http.headers - http-outgoing-0 >> Cache-Control: no-cache
01:01:10.229 [Forwarding screenshot on session d6a0bef0-bd24-11e6-8678-ab184a9d7075 to remote] DEBUG org.apache.http.headers - http-outgoing-0 >> Host: localhost:23446
01:01:10.229 [Forwarding screenshot on session d6a0bef0-bd24-11e6-8678-ab184a9d7075 to remote] DEBUG org.apache.http.headers - http-outgoing-0 >> Connection: Keep-Alive
01:01:10.230 [Forwarding screenshot on session d6a0bef0-bd24-11e6-8678-ab184a9d7075 to remote] DEBUG org.apache.http.headers - http-outgoing-0 >> User-Agent: Apache-HttpClient/4.5.2 (Java/1.8.0_101)
01:01:10.230 [Forwarding screenshot on session d6a0bef0-bd24-11e6-8678-ab184a9d7075 to remote] DEBUG org.apache.http.headers - http-outgoing-0 >> Accept-Encoding: gzip,deflate
01:01:10.230 [Forwarding screenshot on session d6a0bef0-bd24-11e6-8678-ab184a9d7075 to remote] DEBUG org.apache.http.wire - http-outgoing-0 >> "GET /session/d6a0bef0-bd24-11e6-8678-ab184a9d7075/screenshot HTTP/1.1[\r][\n]"
01:01:10.230 [Forwarding screenshot on session d6a0bef0-bd24-11e6-8678-ab184a9d7075 to remote] DEBUG org.apache.http.wire - http-outgoing-0 >> "Cache-Control: no-cache[\r][\n]"
01:01:10.230 [Forwarding screenshot on session d6a0bef0-bd24-11e6-8678-ab184a9d7075 to remote] DEBUG org.apache.http.wire - http-outgoing-0 >> "Host: localhost:23446[\r][\n]"
01:01:10.230 [Forwarding screenshot on session d6a0bef0-bd24-11e6-8678-ab184a9d7075 to remote] DEBUG org.apache.http.wire - http-outgoing-0 >> "Connection: Keep-Alive[\r][\n]"
01:01:10.230 [Forwarding screenshot on session d6a0bef0-bd24-11e6-8678-ab184a9d7075 to remote] DEBUG org.apache.http.wire - http-outgoing-0 >> "User-Agent: Apache-HttpClient/4.5.2 (Java/1.8.0_101)[\r][\n]"
01:01:10.230 [Forwarding screenshot on session d6a0bef0-bd24-11e6-8678-ab184a9d7075 to remote] DEBUG org.apache.http.wire - http-outgoing-0 >> "Accept-Encoding: gzip,deflate[\r][\n]"
01:01:10.230 [Forwarding screenshot on session d6a0bef0-bd24-11e6-8678-ab184a9d7075 to remote] DEBUG org.apache.http.wire - http-outgoing-0 >> "[\r][\n]"
01:01:10.280 [Forwarding screenshot on session d6a0bef0-bd24-11e6-8678-ab184a9d7075 to remote] DEBUG org.apache.http.wire - http-outgoing-0 << "HTTP/1.1 200 OK[\r][\n]"
01:01:10.280 [Forwarding screenshot on session d6a0bef0-bd24-11e6-8678-ab184a9d7075 to remote] DEBUG org.apache.http.wire - http-outgoing-0 << "Cache: no-cache[\r][\n]"
01:01:10.281 [Forwarding screenshot on session d6a0bef0-bd24-11e6-8678-ab184a9d7075 to remote] DEBUG org.apache.http.wire - http-outgoing-0 << "Content-Length: 55530[\r][\n]"
01:01:10.281 [Forwarding screenshot on session d6a0bef0-bd24-11e6-8678-ab184a9d7075 to remote] DEBUG org.apache.http.wire - http-outgoing-0 << "Content-Type: application/json;charset=UTF-8[\r][\n]"
01:01:10.281 [Forwarding screenshot on session d6a0bef0-bd24-11e6-8678-ab184a9d7075 to remote] DEBUG org.apache.http.wire - http-outgoing-0 << "[\r][\n]"
01:01:10.281 [Forwarding screenshot on session d6a0bef0-bd24-11e6-8678-ab184a9d7075 to remote] DEBUG org.apache.http.wire - http-outgoing-0 << "{"sessionId":"d6a0bef0-bd24-11e6-8678-ab184a9d7075","status":0,"value":"iVBORw0KGgoAAAANSUhEUgAAAmUAAAHGCAYAAAA17/z6AAAACXBIWXMAAAsTAAALEwEAmpwYAAAgAElEQVR4nOzdeVzUdf7A8dd3ZpgZBrkURQexgFDUSHQ1jQzNq9QOS7PD6pdtq23tWlZ2udqm2VrbYZdbdtillrotZlp5bVqZLuaZZJqQB3ihgFxzf39/jJggx3dggEHfz8ejRzLz+X6+n+/M93jP51SSk5NVznPpHVo0dREa1Ij9xU1dBCGEECJg6XQ6PB5PUxcDXVMXQAghhBCiKen1+qYuAgCGpi5AIJCaJCGEEOL8pdfrcTqdTV0MqSkTQgghxPnNYAiMOioJyoQQQghxXguU5ksJyoQQQghxXpOgTAghhBAiAEhQJoQQQggRAIKCgnzeZvDgwaxevZrVq1czdOhQv5RDgjIhhBBCnNd0utrDoeDgYAYOHHj67/Dw8NP/jo6OPv3vgQMHYjKZ6lSOwBhuIIQQQgjRRGobfRkcHMzMmTO5+OKL6datGy+99BItW7Y8/X55gPbAAw9w3XXX8dNPP/Hoo49it9t9Kofi64z+anwa424aROeYVoSYDNhL8vhtx3e8+95yChXFp537Iu1PU7k29hAvT5lDbgPupzI18SZenno73S6IwqwHty2PTcve4aGXljZaGQBUNZHpH79A75Yn+fjB2/loT/0/A1W1cvdTE4g9sJxpc9f5oZSBQbUOYvKEQYS581n+/EzWFf7+WanhaTz+6DAiOUr68y+yobDxzqXqlJc3xO0+/Zrbbafg8B6+emM+mYrSqOe/Gp7G409cS+TJTF6d8V6F/anx1/PUn/tB9nKmzV7le96qlbsn30+nEHCf9a4eSn7hjUr7PFN4nzt4YmQcq15+mlW5Dfw5WAcxeeJVkLmUZ8+4PtTwPjz+xAiKVs1h9qqsBi1DXTXWffrM7yOjw908MTLW5++muV2vomqqNY3777qKi9pGYNKD217ArvVLmb14AwDdb32Im3u04+Tur3n2bd/vHTXxR94JCQns3bu32vfT0tJ46qmnTv9dWFhYoaasqtf+/ve/8+233/pUDp+aL9XudzB7ylhSk2IJcRWQk5MHYVaS00bz7FO3+bRjX7VpF0NUbDsiGnQvFanqTXz+7ykM6hZH64hQQkNDiWgdx6C7ZrBk2rWNWBKAEOKS4mgXm4Q1xF95mmnXIZoOcW38lWFgMEcQEx1NtDWJ/oMTKryV0L8vSdZooq2diGvVROWr7FR5rdFRREV5/7PGxpHcawiTXnuYeFVt1PNfKVzH3pMmohPTuOe2rhXeu3vctcRFhXFoc0YdczcTFll+nNFYrVasVivRUeWvRWKuYetW7eOIjupA65oS+Ys5gpioKBLTxjC2+xm/XVu1JzE6mrYRjVEI3zXmfbpVdBzRUXG0NkOr9rF1+26a2/UqzqKqaTw7Yyy9Eq1EhlqwWCyERlrpNXw8M8b2ASChcxeio6KIj23t9/37I+/aaspWr17NkiVLTv9dOSCr/NqSJUtYs2aN7+XQmlBV43l47AAsuNmR/hIvLck8/fqDLzxJSlx/bo2fz4Kshvkl43QBbhc2reW1jmL2jCv57/T7WFzHMnW8ZyBxABxj+Suz+GJfG8ZPfYBuERB3zW30nfI53zVirZ3TAZgcFOd6/26jqhyt7/7d4HbVu2gBp7wWJuaSy2Hx77UZl196wal/uWj6uZtPsXkvxOylzzFtibesqmrl7umTSYvtRO8EKPXx/K+vRTPmcsm7E4gbcidp8x9jnaJgHfoQadF68jLm8faGwjrlqyhZvDJpPOA9xsdnzyDJsIep42b8XjtW0zntdAF2So+DqoajKHUrhya28vPISNo9j7P2vplkKcrp1wPxsmns+3TWkmk8mBFOYa5CfLILcNfpumpW16s4S8ywnlgByGf9woV8fziSEWNHkxgK1suH0OW9H8j8YTVtDrcgZ/Nav+/fH3nXNvoyKCiImTNn0r9//9PBV15eHl999RUAV199NVFRUYC3xmzmzJlYLBafy6G9T1mPfnQJhdI9S09f6OC9yc6a/z2v3ZuMuX0MZOXSZ9QD3HZ1CqF6AAfZ69OZ9vaXAIR3uZ4Hxg4jLsoIQFHuVuY/P4sNhQrh3Ufx6D1XY7XowV1Kvt1ESGkmzz3yYoWiqNY0Hp94M0lRltN5zH1yFlsq3cwNGKjPUyykPOp1uSh15PPdqqV8SxT//msqHP+ZI3ibFZ+aO4sRPWMxAK6ibD6d+QjPLd2DmngTc2f9lZ6xp+o3XEXs/OY9bn3oXRLveIn3J16B+1guzpZxtDa5WP/K3bx48kZmPXgNsaHer6bgwHr+OXY8nx8pL5WRK1/8N3d164gJKMhexYTrJrK1nsGZqsbz8AsP067sOKbYWEKB0iM7+O82GDwkGSPgyNvF3GdmsqFQwdrnVu69rT+xod7v0V2Uy+r5z7NgQyGq2oVx0+8hNTYSgLwDuViijax4+hHScyK46cFHGZ7ivYRxHGHN3Ff5aEMuqhrPuOl/Ob2duzSX1e88z4ItPj54baAH3A43xthLGBSusqpQQQ0fRHerkfzcfCKtplPH3Z1xT91Gapz3YsJdyp7v/8Ozc1dhHXQfk2/pSmm+m6ioUACO7FjGP15cRAEJ/inrmYJ+r2JQlFw+W7eftDFJtIuP4cxK9eo++/knh/HypIHkLXuJZxd7r9H46x/jyRHRLJ0+kSU+PIgVZQsvfrKVWWNSGPX4MNbO3Me9I5OhdBf/emMlKAqqGs+dj49jQNKpDq6OPNbN+xdz12Ux9KF/MrL9IZ6d+CJZioJ10H08dUsc6VMf4cvTTVtmym+DEUBu+fENeoCnbmnP8qmPsCTX+7099+JN5C99jkUAWOj3t9cYERUKuMnd8RXPv7iIQkXRfG/Q6vRt2pLEnx8czKRXVlG5Kq+6fSY99Rr9Q3fx9CNvkEMM9z83mR7GvTw78UX2EsHd05+lu+s7pix1/n7fA/IPZPDOlDfIrEuZNd6nrfEjmHxLV4qO2Im2RgJuDmSsZk9oLwYkef/O3bqUya8sqeUaOfVdPfsIO3wvrZdP12v155z3eu2GuxRCQ43k71jIxE9K/Ho+iKqZQ1p4/+F2Y3OeJHPLBnYSwfRRF8PJbAqADm0TSeoaTQfzQZZsyKX7qIe45+pkLHpw5GWTVRZKotXCjk9mMCuzF889dS36nB0cMnUk2WrBG0ssYloVzZNhZ+Sd/oOZB194mC6WUvbtdxCfZEWP97t/88lZ1V5XNXXM79u3LxEREbRp0+Z0QFZQUMDo0aMpKioC4L333uOzzz4jIiKC8PBw/vKXv3D06FEKCgr47rvvNH+WmpsvExJi0eNm05fpZ72nbJnLhPEPMXddLuFpDzB+eAqW/F2kz53H+j0niUsdzcw/paGqfXh00gjiouxkLJvHwjU7MFlTGD/9YaxqHx6dMByrIY81C+exIrOISIseY5i50j2wK5OfGktSlJ316fOYt2wremsKE164n3BVxdq9D4MGpdGvVxv06Inp1Y+0QYNI627V/KGU27J0FYcADO0YNWk227dv5tuJKWSueIdRd09jj6Lwl4/fZVTPWAyuIg4cKsAQGseYGW9yf6LK9NeneAOyokPszj6EyxBK10H38liKSkhYa0INJiLaxdHaBFDM7uKrmD9lBLGhBuwFhyhwQURsKjMWvMzv4zpMdOzWkZOHjuECIuIG8fT063w+tqoEWSxExcZyeN0yVmTkYolOZviQLuxbt4w1O3IxRiUxbHBXVHUQj4wfQqz+CMvmzWXesgxKQ60Mue0urKrKTU/dT2psJNnrlzFvWQaWWCsWo4UgMwx+8CmGp1jJ3bqCuXPTybZHM2D841wfr9Lvwb+QGhtCRvpc3pq3hnyLlSH330+86lO3x9P2b8vEQRSX9vc2iSQMTiWSPLb8dITy3yN3PjuB1LhIdqxZyNy56ezKM5CYdgOjrCrmkAgsegtRkaWsmDeXZVtziU4ezqN39/B7WV2AIciEqoYTHh6ONT6NPw5KBErZm5lzRsrB1X72MTt3UeDWk5jan3BVRVXDGdg3CX3pEXZU31WiWoWrXmHZnlJCk0bywgv3E6t3sOaNU7VFwIjJDzMgKdr7Xc5bwQFXFGljH+bWLipGcxj6sBan8zKHRGHUh1G5xa+8huTM307mkHCM+jAs5WlbRRCpN2I6I2iNjLSzZuE81uzKw3rqO1HVLjXeG+rCAOxKn8eOIohKucnbjHlGYWva56FDpRijutIrBojpRVK0BX1kAr0TgIhUusdasB8q5N57h2N1Z7HwrVdZuC6byNhe3Pvg4DqVV+t9uvzcjrY6WJOeztZcO7G9hjCgQxlr0pexK8+NNWUg11vVWq6RU99VnUpbkZbrtaZzzntMRkJDT7JrzwH27Xf6/XwQVdu7PoM8AH0UA8ZMYu7cd3jt5kSy/7eUqc99RK6i0L5dNKEWC6EtQlD7/In7h58KyPKPYI+MIyk2Cr3eQnhEBBBEqFFPVFwKydFu8ovcgJG4VO95V9mZeQOEWCwYLVEkJlk5mVeEGwi1pnDnuMuqPQa3++xeruWefvppJk6cyJgxY06/9umnn6KqKmFhYYSFhaGqKp9++unp98eMGcPEiRN5+umnffostdeUnWo2KDpVY6Oq8UyePYXE01ejm13pz7Kra0cgl3cemckGRUFdm4Hl5Vmk9O5Lr2wbVmDHvJnMXpULrGIf05g0oBNX3W7GCmyd9xgfrVPgy1UYZrzDgKiKN2zL4MEkGiFv60pW78jFTBb/TUhgeFI3hiUkEHf/eBLPqIVMGTGWFIDcFazbssCnD0fZ8y5D7nQwd8afSImNwICBiNiujBg/g2uGXc7Nw35kWDdvLdimj59i7Is2Xl/zKv1at6bvtd154/XplPTqTF7GGo52uIYH/9iO1gZHpWr4Y7x/5wBeLOnIPU+8iwmwZ6fT6/qpqH0f4t9P9ONkpSfq7sUPMWraKh5a8D13dQ3Fmpjo03FVR28A94EVPDt3Map6kIvfH09U9len/t5L0vsTvAkjclm/bh3OrV+TngVd4438lteL5MhwIriM7nEWHNnLmPb2YgCymMqU4TFAApd2iYSiXSxduhF7OCz98kImjE6hW48EMvQGQE/bhARarN/I3Lf2EWU/eDoI8IUBsOds4peuySRfejksyaJfzzjIXcH3xzowwHsg7NuyhjX/28OH6T+T0DWevYfySYoOPbPSiox3HmPBBgV15TZiXptFSvcrafOb/8oK3uAkdsgE3h9S8fXcjP+wJFfh+vIXavzsN7NiYx7jU7sxLAHmM5ieUZC7bkWdy7Voxqd0f3cs1igLR9bP5aNMbz6q2odLEy24D6xg8ive62ptppM5M4bTo/9gvL8Lz2zg8/5bWxNUpbRV1HZnvPMIH21QUJdn0Pq1WST3HELyAVsN9wZYUMc++SYymfnmOuZMSiNt7MN8PeXn00cWUcP9qN1n3+BIHUK3XjF840jCW9dqIbFHAhEl3QnFwQ+rdxHXE7BE0jGxA+vWfsxbe9tjP/hr3Qqr8T696NRfGW89xkcbFMIdScwancTWT5/no3WFhDs6Mmv0BVjMtV0jvnyv1dN2vV5W4zm38dRvl4y5zzB7XSHhgx5glg/nw9ChQxk2bFiF15YvX86XX35Zz6M79ym5X/LIdCePj7uOxOhQ9OgJjY4jbcR4Lr8smamPzcF5xtCeEQOS0QOO3HWMnzwXVR3Ec++OIfqMZ7c3dR4LH36E5QU9mD5nArHGCg0KpzkrDRsq/+vAin8ydUEmo6a+wfA4C5Ht2ld7DDUFZVWxWCwVptHQ6XR1aq6szMcpMSx06BIDubnAcf733XoKWoDTEktqSmyFX7Llg0AVpZDdR0pJCYOgEDPg5lBWDuC9uRec9N5xvbGvm6MHf9/byRI7Z1QRARAa4Y2Eo1JGMyXlzHeKcLKXN6ZOJoQSSqKv4/kJffnu1af5/AiElPy+T61Srr2Dq7pY+f7lUYxdGc7g0UMYduN1DOraDkPsQG4ckX+643XPu15ix12/bxtz8R8w04vhQ1OJGDGq+p0U7WPNFlCUPZhPzV3nOOm9oyrfvcSo4S+d+nzKD7aIjM9XAgp2l/ckcvh0VDXQQ/7h8lqZo5S4gezygLCQEre35UYpzKTAMIqbJsxgxJnbl7qwJcQRBeRk/t50sjfzAO7hMQS17ESkETAmMX7KlAq7jkhIZvnMuXR8diwpyWmMSU7D24TyFds2763TiDG941dWbM0jObUrfayDSI6GPQuXczzo/lMpCvj1KAy7eTzvVzyQCg+ZopPe/ytKIbtzSklJbEHmi3OJ8WdZgbwda1jz80mMxiCCKGHvjvVsyarUHFqws/rPHti57DvuSB1Bj4GXke3qjZEivvtsM76e++UUZR3f7RnF6CQ9m5at/T2fmGhCgf3bt/2eOCeTfY7hxLdtXa9uA1Wp3H/rzO/k55xSkhNNtIrw3tGrvjfUQ1AESuZc5mV0YmyvZCbcG3T6pt+qpvvRkY1klQ4hvls/hrk6wJEd7NAn06nL5QxzXQClv7B2717WzlvDxJsHkDJgBCkDRoAjn/WLXmdLnQd2arhPOwEcHD166jiMeqCUnF8LAIVW3pZxnBqvEX+o9XptWcs5l+Mt19HyY6jxWXG28uCrPDCTgEy7+D6D6B3Xmu2fTmHm5hB69OvFZf370isuCn10T/olzKH0jPRBpzoGGPXlV3YmR0shOrRSxqX5/FIAUEiJCzD68gOglO0bdwIKzlPPypr6gbpc1b87Y8YMOnbsSHh4OEOGeH85Dxs2jM8//5wTJ04A0LJlywpB/VdffUVRURG7d+/WXGLwISjbu2M3pSMSSR52C/ErXyRLKWTVgrdZBajh19NzViwAQVWMYGgbaQEMGIMA9ES2j4BTDxvzqTYKPWe/FxZiOmvcvLPE+8Ke9Ok8e6pTtLX79QzvaSHzOBQW5lIIqLgwYsRVmENhrkJhHR5Kl4++lzHdQuG6i/ll5e2sWrSHlXtasenDUZhwwL5M8lwQaoBN70/mH2vyGXLjzSRH5vP9p04mzk4lAheb5j3F2Jn5fLJpNl0rN1sbz55F2BjmHWakJj7EivkjIfcX3vnTq79/Bj4fiTYGoOyMqNgAuMvsFf4GsA59jDGpceTvWceb6WvZkpnFrdPeYUg0sDeHk0B0QiLgDcwSusSiB5wn9lHkhqgjaxg7+SPvMYZ3587RKeRtyiChXypH/zeXu9KzuGzwYFKvvJLklMEMS1hUp1oOQwhsXr0ZR+oQRt4/jEjySF9eQMjph0sP7h07gOjSA6S/9QkZP+yEEZOZMeKCM3KpeAK2j7KAvRhLvwT/lhUo2vs9X35Z88Ythz1e/WcPKLlL2JR7LWk9RzKSKNwH1vBlPacRMJZ3gD3zF2pOPqVAh0u6wan+a0RcQJQR8g7kwKlBUOWxmc2X339Bhooblzgrbe2g7NR7qhpOxxgL2O2UlHhfq+7eUF9r33iVni9PIzkpCYDD2LDVeD/ay9GdeST1GshA9OSu+S//NbQhOW0AQ4Aj6zeRQwLDYuDrNx5kZUE8w/pdxuCBvUi96SZWr5zpcw2n1vt01Qxn9ZfTdo34R63X64lazjniKhxDzd9N1WU4MwiTgEy75AE3MCTRAn3j2HffDLasy2XzwTDmTBmAsYpQ6GhBKWDBTSjhqkpBQi/aVw7IGllNQdkXX3yBy+VCURR69+5NeHg4rVq14q233uLrr78GvLP7t2rlfXYXFhYydepUVFXFYDD4VIOm+U6pZC3m0/XdGZuazJTZz5GxYRO7D5XQLu4SuvdOwgi4nDY2b9vH8LhExj51N3y8lrYD7yItGop2ZPDNSifXDI+j15hHub7oXfa06sc9Q2LBfYCdH68hflAive78G2NDvsbWeRADrHoqhNcYKF2+hiOjk0gcNo5b8z9ko6ML4+4ZTrQ+j1/mzP+9QqAkm4wdGWTX42b8+sJvGd9tGIR2Y/aW9Rw6ZqN1u9beD811iMwtn0PWVOI6mug58l4e7ljG"
01:01:10.281 [Forwarding screenshot on session d6a0bef0-bd24-11e6-8678-ab184a9d7075 to remote] DEBUG org.apache.http.headers - http-outgoing-0 << HTTP/1.1 200 OK
01:01:10.282 [Forwarding screenshot on session d6a0bef0-bd24-11e6-8678-ab184a9d7075 to remote] DEBUG org.apache.http.headers - http-outgoing-0 << Cache: no-cache
01:01:10.282 [Forwarding screenshot on session d6a0bef0-bd24-11e6-8678-ab184a9d7075 to remote] DEBUG org.apache.http.headers - http-outgoing-0 << Content-Length: 55530
01:01:10.282 [Forwarding screenshot on session d6a0bef0-bd24-11e6-8678-ab184a9d7075 to remote] DEBUG org.apache.http.headers - http-outgoing-0 << Content-Type: application/json;charset=UTF-8
01:01:10.282 [Forwarding screenshot on session d6a0bef0-bd24-11e6-8678-ab184a9d7075 to remote] DEBUG org.apache.http.impl.execchain.MainClientExec - Connection can be kept alive indefinitely
01:01:10.283 [Forwarding screenshot on session d6a0bef0-bd24-11e6-8678-ab184a9d7075 to remote] DEBUG org.apache.http.wire - http-outgoing-0 << "pakdve//74VTp6KB6E5X8vq/u50KyIJpH1ux+q/F6f2t54/dhmGKG8X3X/fG1qIdrU0GiHSw9Qj4ZxGH2mgfz1527ABZOTaGjp3KkNjy72otG/fczPCkEUz9UxDr89tww/A4vG/uZM9+B3Fx/XjyjkN88v1xBt5+D6lxFnZlf40xdTBD4q6mDe+wKCOTxEvTAHDWudbFDHvX8kvREJKtkTiyV7BOUYg/9W4QoRgBSo+z5+ccIvrdydgR3n5cv4fKevqNfZxDc5cSdPktpEbBkfXriek/1s9lpep6+QoMlNfRVP3Ze33930zSxiQTBWxd9Xk9ClSpeGf8W1HWsTP3TgbEDuSxW4+xdJeDwTePIBLY+suv0NIF+gu46abLWHc0kduuLT8HKipvrTjzyI8fLQTiSL3rTvam7+GyMcMwVtjKyPAHH+fom0sJuXwUKaFwZP1aMpaj7d5QR4qSy4uvr2b2lCF4f2aayVm+tsZ9rv1mO3f2GoAeN7/+uJnNpp6406LR42Dn92uBy+g3ZADRfeMIeuNjtm3Lpu/AXkSWFFGXW5fW+7R2Wq4Rf6ntel1b8zkX2bdCbrV9N9WdDxKM+S59zVZGJKaCJZFJ784mL99OZFSk9/p2Hyd7b8VGr20/ZUOvKPTRvXhx9mu4LaGVrvFTGnF6+5qaL8uDqkcffbTCtBctW7bk1ltvPSt9eHg406dP5/nnn/e5HD4d8rq3J+MofoDR/VPoNWA4vU697i49QsaKdGYvyQKeZWHMNEb3SmPCFO+DqujAema9uBxFUXh5biyP3JnGiAmnmq9Kc1n2xhQ2KAo/TI5k+uMjSRs9Bhz55Dsg0mA4dcN2gb2YAn7gH2/F8bexQxgydhJDANz5rJv7MuvO+FWpFG5g9ksbqM+dWFn6OJMTQ3jw9n60NoTSrp03lHcVZPPxkyNZqih8PvIJ4pY/TWpsLKmp3nJmr3qDez/6kDu6j2TSoDhiew4iliKOFdhpHWGi2/BrKck4Vd9V5qT4jP091aUNU8f0JLSddwSkqyCbd58cz266n6q0+f3EOVlSBkRgK6vntACu3/9nqPRyVX/nLF/KjgHxJKeOYVYqQBG5uUVYrW1JjoFFM54kePJTDEgdThxuirw/igCY//QrtHn2flIGjGGKt6MIuRnpPLcqFzVzEd0ev4WUEeNJGeE91ux1H7K4DpOEugCX0/sgXb8ll+Q0K5nrzxwubafUtpa1GVcxulcKk2bNArwjRd2xVhJ7dGVjeZVkWBJjJnlrR/Kz1/HqnB/IiWnht7KWl7fWFPZi9i3/qsbPPisXclb+l9wxyVgde1i5tqDmKSY0cJy6WZVWepZ/+OQbtH7uHpKHjCFpCICDXSve4pV1uagHV3DZYyNIGT6eFCA/9whua+hZD3LbqXP6zKwL1i5i3aAE0hIHMGHSACjKw4F35J/Ncer8tyQxtvw72bOGf8z5AUVRNN0bfOE9j34vnZK1gHfWJDJhgHeyHEXZUPM+d37PntIBJBn2s3UnwA5y3anElv7C6p3e7T9M7839I1IYPWkKowEcR1j20bw6T/Kq5T5tHVpxUg/v51rV3zVfI2tLztyu7hOFaLteIb2Gc67yMdX63Qi/UTa8zVvtLYy+OoVIvYWoU6Nd3UW5fPWm9/le3i/WXlxC4brZTA+5j79c041ISyiluQcoiY4lUg/FBQW/Z+w6I1Cq9Pyrir245Iy/fk9bYrMDobhd1bcz1danrF+/flx11VWn/y4uLqZFixYV0pz52lVXXcXGjRtZu9a3aTp8ntG/nDU+3hss2Y6TlXt2UKCGW+kaE4GtYCdZlR5UqhpOQtcYzLYCMrO8A+FV6yCmP34V2fOfYe6GQlQ1nAdfnkUKGTw48Y0qb1DxXbpgttnIzGr4WbVT+valBVB8ZDdb9xw96/3ElL5Et4Aju79lz9EzZqROTOGKaNj97RbNc4qpaiJXXBENxUf4busefx2C31njuxBBxc9fVa2Me/YRYn9LZ+rb3lnQu4+dwYS0KFZMH3d6fqTw+HhizGYKcnaSW6l5zRofT4QZcnbWrX+Wr1RrPF0jzi5L/PVPMmVEDOmT7+Mbc1da2c4+lxu7rL/v9+zPvpwaPpSXZ42GjLk8NLvhV2rwfpdVfwbeazSHzMp947Tka40nJgIyM6u+vuO7dIGCnCrvP415b/DHPqu6J/pDbfdpzeWr5hppKjWdc1VpivPhfBXfpQtmwFbNtQkQP/QhHhtxISfz8/juw6dJLxjGc9NGE60vZVk95hatD6vVSm5u9deewWDghRdeIDk5mSVLljB16lQmTZrE7bffDsBnn33G008/zbRp07j++uvZtm0bjz76aI3NolWpc1Dmb2r4IF6YNYYoSjmwJwdj23iiQ/Vkr3iVaQu2NHXxhA/umPEOA6x68nOzySOCRGsk5GUw+ZE3GnWJrPqKHzWVKcM7sGL6HxtsUmR/UtVw7p4+nbTYUKCI9Ml/ZUkDL0UkhBC+UrvcwZxJA85usnTs4Z/jZtRtjr56atOmDUePnl3hUk5VVRwOB1dccQVr1qyhRYsW3Hjjjdx/v3cgygcffMCHH35IcXExAwYMYO3atZjNZhQfj0UfHR399/ociL8o9ixW7CnhQms72rQMB9sRtq76iJcXS0DW3Gxb/RNBMVaio1sSqnNwcOd6Zs94j/3NKCAD8Jhak9CmjJ3/28C+osAvu6LYibqoF7EtytiydC7zt+Q1dZGEEOIsyrHtZOZbiI4w4nY4sZUUcSR7Mx89/yo77E1zrzWbzZSVlVX7vqIo6PV69u7dS0iId2Rv69at6d+/P+Dti5iVlYXRaOTXX3+tU0AGAVRTJoQQQgjRFMLDwyks9K2Jv6ys7PQ2YWFhTTFPmRBCCCHEucXXyWMBgoODCQ4O9ms5NC+zJIQQQghxLvK1Q35DkaBMCCGEEOe1utSUNQQJyoQQQghxXnM6G2qtHN9IUCaEEEIIEW8cvJwAACAASURBVAAUytcCF0IIIYQQTcagqhKTCSGEEEI0NWm+FEIIIYQIABKUCSGEEEIEAAnKhBBCCCECgARlQgghhBABQIIyIYQQQogAIEGZEEIIIUQAkKBMCCGEECIASFAmhBBCCBEAJCgTQgghhAgAEpQJIYQQQgQACcqEEEIIIQKABGVCCCGEEAFAgjIhhBBCiAAgQZkQQgghRACQoEwIIYQQIgBIUCaEEEIIEQAkKBNCCCGECAASlAkhhBBCBAAJyoQQQgghAoAEZUIIIYQQAUCCMiGEEEKIACBBmRBCCCFEAJCgTAghhBAiAEhQJoQQQggRACQoE0IIIYQIABKUCSGEEEIEAAnKhBBCCCECgARlQgghhBABQIIyIYQQQogAIEGZEEIIIUQAkKBMCCGEECIASFAmhBBCCBEAJCgTQgghhAgAEpQJIYQQQgQACcqEEEIIIQKABGVCCCGEEAFAgjIhhBBCiAAgQZkQQgghRACQoEwIIYQQIgBIUCaEEEIIEQAkKBNCCCGECAASlAkhhBBCBAAJyoQQQgghAoAEZUIIIYQQAUCCMiGEEEKIAGBo6gIIEchK7SoHTqgcKfSQX6JSZAOHS8XjAYMeTEEKYcEKrVooRIcrxETqMMpVJYQQog7k8SHEGQ4XqmTsdbP9gJvMHDeHC1Sfttcp0CFKR5cYHd066OkVryfcojRQaYUQQpxLFFVVfXvqCHGOOVaksnKHi/9musg66vFr3grQ7QI9gy42cGUXA+Ygv2YvhBDiHCJBmThv7TjgZtFGJ+v3uGmMqyDEpHBNdwMjLw2iVQupPROBY85PC3l758Ja02XcvLgRSiPE+UuaL8V5Z+dBN+9+42Tbfnej7rfErvLpBifpm5zc0CuIMalBWEwSnAkhhPCSoEycN44Xq8xe6eCbn11NWg67Cz75wcmK7S7+epWRtCS5DIUQQkhQJs4DKrBiu4s3VjoosQdOa/2JEpWnP7PTv7ObiUONtDBLrZkQQpzPJCgT57RSu8oLyx2sbeLasZp887OLXblunh5l5qJomTpQCCHOV/IEEOesnBMe7nvfFtABWbnDhSoTPijj218Cv6xCCCEahgRl4py086Cb+9+3ceC4"
01:01:10.283 [Forwarding screenshot on session d6a0bef0-bd24-11e6-8678-ab184a9d7075 to remote] DEBUG org.apache.http.wire - http-outgoing-0 << "f6e4MBkgIkShdZhCZIhCkN5/edtd8PS/7SzdLIGZEEKcj6T5UpxzNv/m5m+LbNid9csnrrWO7hfq6RKjo0OUjvaROkyV5hlTgWKbSs4Jlb1HPew86ObHbDd5RXXsu6ZAsLF+5RZCCNE8SVAmzinb9rn520Ib9jpWNrWNULj6kiAGJxtoG157x3sFCDUrJFkVkqw6hqcYUIGfczys2OFk5Q4XNo3BoaLA49eaGHSxXJZCCHE+kru/OGdkHfXwt8X2OgVkF0TpuP3yIPp1NqCvZ6O+AnSJ0dElxsQf+xv5LMPJoo0uyhzV155JQCaEEEKeAOKcUFCi8uRCG6U+TnkRbFQYmxbEiJ5B9Q7GqhJqVvi/K4xc0z2o2jnSJCATQggBEpSJc4BHhWnpdo6d9C0g6xKjY8oNZtqENfz8YK1aKEy5wcQVnfS8uNxB6alaMwnIhBBClJMngWj2Fqx3sm2fb0smjegZxJ8HGTE08vjj/l0MXNRWx+SFdnLyPRKQCSGEOE2eBqJZyzrq4cNvHT5t88f+Rm5NDaKp5s9v31LHq3ea+TnXQ5+L/DinhhBCiGZNgjLRbKkqvPylHZcPU5GNG2Dk5j5BtSdsYOEWRQIyIYQQFcjksaLZWvmTi8wc7RHZyEuDGB0AAZkQQghRFQnKRLPkdMP767Q3W6ZcoOfegcYma7IUQgghaiNBmWiWVu5wcaRQ22jLsGCFJ683oZOITAghRACToEw0O6oKCzdqX0Ppz4OMtGohEZkQQojAJkGZaHa27HNrXmi8S4yOwTLlhBBCiGZAgjLR7Hy1Tfs6Svf0N6JIJZkQQohmQIIy0azYnfDdbm1BWZJVxyUXyLQTQjQbqsf7nxDnKWnXEc3Kln1u7Bq7k93Qs+kmiG1W3G5ce3bh2L4Z155fcOccwHPsCGppKarDjmI0oVgs6FpHo2/fAcNFnTB264Hhok6gD4CgV3WhFm1BzV+HWrQFyvai2g6CuwjcpaAYwBCBYrJCSEeU0O4oEVeghPX0vtfECktVNmW7+emAh71HPRwu8FBYquLygEEPkRaFmJY6OrXT0StezyUd9A2yTmtjUm1lOLf+iLP8nMs9iCf/OKrDO6JaMZnQtYzynm8dO2Ps0Yugi1MC43wTogEpqqr6tmCgEE3otRUO0jfVHpWZguDfD1gINkpYVh3Xr79g+/Jz7N+swlOY7/P2uohITP0HYx56HYaEjg1QwpqpRdtQc+fiOboYHEd9zyCoFbo2N6LE3IMS2t3/BayBqsKGX918vtnJpiw3Hh/uwi1DFK77QxA39DTQwvz7+f1Npotvd9e83NiFUTru6Hv2XH1zflrI2zsX1rrvjJsXay9oZaqKM3M7ZUsW4/j+G1S73afNdRGRmK+6huAbbkEX1bru5RAigElQJpqVce+Usfdo7c0b/TsbmHKDqRFK1Pw4d26n9IM5ODb/z295Gv/QG8td4wnqfLHf8qyOWrgBT9Y01BOr/JanEtkPXfzTKBGpfsuzKiqw8Vc3b//XwW/H6tdMFxqscO9AI1ddYkAB3lvrYN73Nf9g6dZBz0u3m896vaGDMufPP1Hy9ms4t2+p0/ZnUoKMBI+8Bcvtf0QxB9c7PyECSdPX3Quhkd0JWRofZN0vlGaOyjyFBZT862Vsq770e96OHzfi+HEj5sHDCPnzRHRh4X7fB8483LsnoR6e5/es1fy1uH/sjxJ9M/qOL4HR/zUxJ0pUXl5uZ/2emmuztCoqU/nnF3Z+zHYzaXhg/gBR7TZK5rxG2ZJF/svT6aD0kw+xf7OK0MnPNMoPASEaSzPvmSDOJ7/ledBar3tJBzm1z+Tcson8P93WIAHZmWwrl5M/7jac2zf7NV81fy2ujX9okICswn6OfIprYw/U/G/8mu/WfW7+9HaZ3wKyM63Z6WLKIpvmvpaNxZ1zgIL77/JrQFYh/8O5FEwch+3rLxokfyGagjy5RLNx8IS2WjKjAWJbyqldzrZ8CQWP/QXPibxG2Z8n7xgFj9yH7aul/skv933cW64G+yG/5FcrxxHcW4biyXnbL9mt2OHi0QU2CkobrqfIpmw3i/8XOFGZ69dfKJjwR1y/ZTXwjlwU/XMaZf+e37D7EaKRyJNLNBtHT2p7qMW01MncZKeULZpH0UszwNPI0wx4PBS9MJ2yfy+oXzb7X8Hz8zhQ/V/DVCPVjWfX/Xj2v1yvbL7c5uK5pXbc59EsD67f9lIw6T48hQWNts/if83Ctjy90fYnREORPmWi2dBa0xAd1vAR2eOf2MjIauRA4Qz/ftBChKXm47R9+TnFb73SSCWqWvG/XkYJDcM8ZLjP23oOfYBnz6QGKJUPZdjzGBgi0Vnv8nnb73e7eXGZbyMMmzvPieMUPvEAalFRo++7aNZM9NZYglL+0Oj7FsJfJCgTzUaJTVtQFmI+96vJcvPVGoMy588/UTTrH3XOXxfZEl10OxSTGdVuw3M4F0+B79NmABS9NAPDBXEYOnXRvI168n94fr6vTvsDwNQOxdwBdBbwlKKW7QPH4Tpl5dl1P0pIJ5TwyzRv89sxD88usVHXBsvWYQptwnQE6aHUrnIwX6XUHuAD5VUPJ/8xBc8x36cnUUwmDJ26om8f6z3nSopxH9iHc88ucGlcwcPj4eSMyUS+swBdeKTPZRAiEEhQJpoNl8aKqeCzp2E65+QVeaiu94FaWsLJ6U+C27eaPENCR8zDR2Dq0xddm7Znve8+cgjHhu+wLfsPrqxftWfscnFy+hNEzlmAYrFoSH8S947bQPWtj5QS2gMl5o/oooaDyXp2AnsOnmNfoOa+g1q0TXvGqhP3T3dg6L0ZDGG1Jne64Zkldmw+dvHq1E7HtT2C6HORnsiQigG3qsLeox5W/+Ri2VYXJQEYoJV9/m+cWzb5tI0hqSuWUbdhvCwNxXT2CFK1tAT7NyspXfAB7kM5tebnyT9B8avPEzal7j9IhGhKEpSJZkNrPzFfJuJsrk6WVf9eydw38RzVXiukax1Ni788gik1rcYPWR/djuDrbyL4ulHYv/svxW+8iCfvmKZ9uA8fouTDObS498Fa03qypoFtv+byY45F3+lVlKhhUNMaDqYYdO3HQ/txqMc+x/3Lg2Cv/UEPgG0/nqyn0HWsvY/ZJz84ydYwl165NmEKD1xtovdF+mpLryhwUbSOi6KN3JYaxJz/Oli+VfsasA3NU1hAybuzNadXQsMI/eskTFcOqfGcUywhmIeNwDRoGCVvvaJpJKd97WocQzdi7Nlbc3mECBTS0V80G0Eapx4rczRsOQKBzVF15One/xtl6dqnIDD2uoyWc+Zjuryf9qhXUTBdMYDIOfMx9rhU877KPvsE94F9NaZRS3bhOfi65jyVqGEYem9GiRpOjQFZxa1QWl+PofePKC0Ha96X5+CbqCW/1Jgmr0hlwXrtJ2CveD1v3xNMnxoCsspCgxUeHmbiietMAbPcUtmnH6KWlmhKq78gjsg3P8I04CrN55xiNNLir5OwjL5DU/qSOa/IGpqiWQqQS1qI2rXQ2FesWGPfs+bMVc3zpnTB+5ofRqa+/Qmf/iJKaGidyqALCyf82ZcxpqZp28DjofSTD2pOsu95zeVX2tyI/pLFYKjjRLVBLdGnpKO0vk5betWN57dna0yy4Acndo0VWH0u0vPMTWbN53Vlgy428LcRpiZf31UtLaFs6Wea0upjLyDipbfQR7er075C/nifpiW9XFm/Yl//bZ32IURTkqBMNBuV+9lUJ7fg3A/KdFVcuZ7jx7Ct/krT9oaOSYQ++QwY6tmDwRBE2ORnMCQkakpuW/UlnhPHq37Tfgj1sLYpNJSwXui7flD/BcWVIPQXf4QSmqIpuXpkYbXzpRXZVL7cqq0jWXwbHVNuMGOo58ITaUkGbq9iLcvGZF/zNWpZaa3pFHMw4dNfRBceUbcdeTw4Mn7QXLtW9tkndduPEE1IgjLRbESHa7sZHy7wVFuTdK4wVRGL2FZ/rW0+MkMQYU8+g2I0+qUsislM6BPTQa8hwnC7sf93RZVveY58om0+Mp0JXdcPQOenpYV0wd78FA3BjerGc7jqiUrX7HRpqiXTKfDkdSbMfoqlbu9r5MLW"
01:01:10.284 [Forwarding screenshot on session d6a0bef0-bd24-11e6-8678-ab184a9d7075 to remote] DEBUG org.apache.http.wire - http-outgoing-0 << "TXcr1/pDIOSu8ejbd/A5f09hPqWffMiJO2+g8G8P4fq15ibkcs5tP9baXC5EoJGgTDQbsa20na5uD2T50NG6OQoxnR2g2tdqW6A7+IbRdXo41sRwYTzB147UlNb+zcoqX1ePaFvsWhf7FxTLRZrLpoUS0hld+3Ga0qpHq26qW5OpbbTr8O4G4tr479Zr0MHd/fwTYPtKLSrC+dP2WtPpWkZhvn6UDxmr3mldnvs7x2++hpJ3Xsd92PcVHcqW/cfnbYRoSjL6UjQbsa288zY5NTz7tu1z07Ftw/3mGNEziL6dtF8+1bW4VH45+5iHzzJqbwKLqDxlQnERrt27ai+IXo9l1G21p6uD4JvGULZkca19wpy/ZKKWllacHsNViFr0Y+07UQzoYifUs6RV03V4CM/Bf9VafvXkJnDlg+H3ubCKbSo7D9Z+YirALX38H0ClJuppF6FwqJGb7p0/bdXUB9A87HqUoNqPW7XbsK9ZQdmSRZprxGrijzyEaEwSlIlmw6CDTu30/KTh4bcpy81NvRuur02fi+rZGagan2/W1iepTaVVC5yZOzQ9HI09LkXXqnWdylYbfXQ7grp1x7m1luDK48GZuR1jzz6nX1ILf9BUfqXVEDDVrZN4rcyxKJFXop5YXUtCFbXwfyitrjr9SmaOB1VDPHTJBXraRvi/a76iwJVdDMxf37jrXzp3/6wpnenyfjW+7z64n7Kln2H7eilqcT1XAzAEYeo3kODrRhHUJbl+eQnRyCQoE83KJR10moKyzb+5KShRz6pRCnS/HtYQmCjQNrxiLaB7X7am/I29L69TubQyXppae1DGqfKeGZSVaKjlgwqBUENQWg3REJSBWryjQll+PaKtubyhgnmAnnH6Rg/KtJx3islU9YhJtxv7xu+wLVmM48eN9S6LProd5mtvxHz1degiZEZ/0TxJUCaalUsTtD14PCqsyXRxY6/mNb1/Zk7tD/eYSB3GSleuK+eApvx9WeqoLoKSLtaUzn2w0uSwpXs0baeE9fS1SD5RwnppS1hWMRjJOaEtKEtq13BN6okNmHd13Idza02jbxdTYbiwJ/8Eti+XULb0MzzHjtSvAIqCsddlBF83CuOlqVUPSxaiGZGgTDQrXWL0RIQoFJTU3lb0WYaT6/8QFDATbNbmeLFK9rHaH+4dq3j4qoUFmvaht7b3uVy+0Jq/p1J5VWeepu2U4ASfy+QLrfmrjorBxPFibX25Ylo23MloMSqarw1/UU/Wft4poWHejvuZ2ylbshj7utXa17OsIc/goddjvuaGBj+nhWhMEpSJZkWvgys7G/jPptpryw4VqKz92cWArs3jNP9+t7YHVdeYKoIyDfNEAehCa1+7sT4UjfmfVV63ttngMdRxjiutglppS1epvFpXkQivYRF5fwgzN3JQVmarNY37UA7548f4tl5qNYI6X4z5ulGY0gZWuVamEM1d83haCXGGoSnagjKAd9c66NvJcFZzXyBauUNbUNb9wir6JWldfLyBu9gpWuYqg7NrSlQtx66A0sDVnorG8leaT82jpZc/oG/gz7/xa4VrP25P3jHNa6RWRTEaMQ24muDrRmHomFTnfIRoDprBo0qIihLa6EiO1bPjQO2ByOEClU83OLmjiWc9r82uXI+m/mRtwxU6RJ395FWCLVWkPptaZqs4FYWfeTSuf3hWGfQhGrZSvTVUmtLWkfuktnS64Ap/Bhk0zjLvULFUMcecv5RVsyZqg/HTBMRV0cfEEnzdSMxDrq3zUmBCNDfNpLeNEBXdcpn2IOvj7x2aR8c1lffXaWv/6tfZUGVllxKiLVBxHz3sQ6l85zmibYJPpUWlh6zG9StVm7YBDXWllu2vPRGAsWIzZ3iwtkDr6MmGC5pUVXvfNn/Rhfm5OVnRYbq8H+HPvUbL9xcRPPI2CcjEeUWCMtEs9b5ITyeNo81cbpj2HzuljV2LoNH3u91kZGlrfhx8cdWV21o7Ozf0ZJquX3drSle5vEpwvLYdFG/ztUg+UTXmr5gvqPC31iXAGnKliZx8j6aJlf1JF93WP/lEtsQy5m5azV9C2NP/xPiH3g3fVC1EAJKzXjRLCjB+gPamk5wTHqZ9Zg+4NTGPF6u89KVdU9qL2+urXZ5H67JJzq2bNJetLhxbMjSlq1xexVLFPFZVUE+s8blMvtAyRxl4l2U6k9a1Jzf/1nBR07b9jX9yGzrE1Wv7oEu6E/a3GbRasJSQsfeiax3tp5IJ0TxJUCaarW4X6OnfWXu3yIwsNy98YccTIBVmZQ6VKYtsmkfLje5TfZOtobO2mcvt33+D6tA4VNBHqq0Mxw/fakp71kzr4b01bec5tgQ8tY/4qxN3CeqxL7SlDbu0wp+drdpupd/tdjdYbdZ3v9Rvmom6MCT5Pu+dEmwh+LpRRL6zgIiX3sLUfzAYArvPpxCNRYIy0azdP8RIqFl7x+mVP7l4Jt3e6M08lZXaVZ5caOeXQ9pqNy6K1pGaWP3IQH3bdujb1r78kFpUhH3lMs3l9IXty881Tc2hj4k9q0ZEMV9wVpNglZwn8ByeX9ci1siT+z64a1/iRzFfgBJcsawdonREhdZ+HhaVqaze6f/g6XCBqrkJ3J+CLulR/cKulehjL6DFA4/R6tPltJjwKIYLG3bOOSGaIwnKRLPWMkThwaG+jQBb+7OLxxbYONGI8zmd6dhJlYkf29i+X/tDdPwAY63PPuPl/TXlVfLhO5rnNdNKLSmm9OP3NKWtbh1EpfX1mrb3ZE0Hd7HmsmniKsTz20xNSb3lrPhlKMDlHbXV2n74rQO7n1dD+vh7h6a1N/1NFxZOUNdumtIaLkwg+NqRfh396zlx3LvuqxDnCAnKRLPXv7OBa7r7NrvLtv1uxr9Txubsxq1d2JTt5t73ynwaDXplFwM94mqfP8s8aKim/DzHj1H85iua969F8esv4CnM15TWNLDqcirtxmjbmT0Hz69PaC2aJp7dD4ND25I/1ZXzqku0nYNHClXe+cZ/Tcg7Drj5alvjN12WMw+6WlM6+7drcGz83n87drs5+Y8pFDzwJ0rmvIpq19Y3U4hAJkGZOCf8ZYiJLlXMdF+TEyUqkxbYePZze4PXmp0sU3n5SzuPLbBRUKp9X61aKPx1iLaaQMNFnQjqrG3tSduy/1C29DPN5ahJ2WefYFu5XFPaoK7dMCQkVvmeEpqCorVv2cG38OS8q7mMNeZ14A08hz7UlFYJ740S2r3K9zq102k+Bz/LcLJC42TBNTlerDIj3a5hCteGYxpwNYpF25QsRc9Pw+OPaVlUlaJXnsO5ZROoHkoXfkz+vbfj/Pmn+uctRBOSoEycE4L0MP0mMzGRvp/Sq39ycfvsUv612uH3eZ6KbSrz1zu5819lfLHFt4ewToHJ15u0L82jKFjG3K29bK8+R1n6Qurc7qWqlC2eT/HslzRvYrm9pvIp6C58XHNenl334Tn4lub0Z1Px7H8Fz+6JmrfQxT1Z4/u399XelP7PL+z1CsyOF6s8usDGsaKmHbmiWCwEjxitKa2nMJ+CxybgOV73Gf5xuSh6aQa25ekVXnYf2EfBhHsomfNagw1mEaKh6f/+97//vakLIYQ/mIMULks08O0uF6U+3pPdHsjM8fBZhpM9hz3oddAmTCGoDuviuNyweZ+bed87+ecyOxlZbhx1ePY+cLWJNB9Gl4K3E71zxxY8h7VN4ur433o8h3IIuqQHismseT+ewnyKXniGssXaO90be1xKyP+Nq7FjuGJJRC34Dmy/acpTPf4lqi0bXWTaWbPs18iZh/vne1H3v6x5EyXySnQJf6emtapiWurYccDD4YLaAyUV7xx1haVwSQedT+fatn1uHv/URm6+bwFZ23Bdlc2sPx7dyeZjO2vdftzFVQdfQYlJ2JYv0dSEqJ4swL52FUGduqD3cZ4zd+5BTk6dhGP9uupyx7lzO/Z1azB06oy+dRuf8heiqSmq2hTdQ4VoODn5HibNt3GksH6ntl4Hna16urbXEdtKR2xLhTCLgsWoYDSA0+0dRVlQqnKoQGV/nodfDnvYedBd747cY/sZuf3yuk0T4D7wGyf+NAZc2guhhIZiGXkb5qHX"
01:01:10.284 [Forwarding screenshot on session d6a0bef0-bd24-11e6-8678-ab184a9d7075 to remote] DEBUG org.apache.http.wire - http-outgoing-0 << "oWvVutp0nrxj2JanU/rZJ6jFtY9UPJ1/kJHIt+drmk9NLfkF9//+AB4fIuuglug6PIDOOhaMNTzo7Yfw5L6LZ/+r4CrQnr/OiP7SH1FCOtWa9MBxD396p8ynEb6tWijc3CeIIZcYqh1NrAK/HvbwyQYn32TWrYatWwc9L91+dvA956eFvL1zYa3bZ9y8uNr3bF9/QdE/p/lUHtOAq7DcNAbDRZ1qDNbdB36jbMliyr74j/bzWtER9vRzmFKrHlgiRCCSoEyck44VqTzxqY3sBpxBvaHclWas91qdZekLKX79Bd83VBQMHTsT1Pli9NHtwBwMtjLch3Nx/vwTrj276tTcGfrg45ivuVFzes/B2Xh+edDn/aDoUEJ7ooT3AvMF3nUy3SVQ9hvqyQzUk5vQsoh2ZbqOL6OLvV9z+vRNTl5b4XsTmkEHXWP1dGyro02YgtGgUGxTOXjCw/YDHnJO1O98bsigDFXl5FOPYl+/1udy6dvFEHRxN/TtO6CEhQMKakkR7pwDODN34N6X7XOehriLiHj9PZ9qgIVoahKUiXNWqUPlH0vsrN/TxJOSaaTgnXfthp5+mEhTVTk58ynsq7+qf171ZB4ynNBJUzXPZ+Wl4t55F+rhBQ1WLq2UtmPQd32PmpotK1OB5z63s/KnphsVWZUGDcrwzoOX/5e7cOc07BqltdGFRxLxxlz0ba1NWg4hfCUd/cU5y2JUmDbKzLgBRgwBfqZbTArPjDb7JyADUBTCJk3B2LOPf/KrI2Pvywl9aLKPARmAgr7z2yithjRIuTSXouVg9J3fxJeAjFOpHx5u4g8apjI5lyihoYT/4xV0LVvVnrihymAJIfwfsyQgE81SgD+qhKgfRYGb+wTx+l3BJFSzbmRT69ROx1t3m+lzkZ8f4IYgwp5+vsn61Jj69ids6kww+DZY4TSdEX3yQpTW1/q3YBopUcPRd1sMOlOdtg/Sw/RRZnrFn1+Bmd7anogX30TXBJ3sdeGRRLzwLwwdO9eeWIgAFJhPKSH8LLGtjtl3B/PngUZCTL6PqGwIJgP86Uojr/1fMNY6TOWhhWIyE/b35wgeeVuD5F8dy+g7CJs6E8VUt4DmNL0FffJCdB0e8E/BNNJ1mIj+kkW+jeisgikInhltZnhKHQNTjdqEKVzRqWH34Qt97AVEvjYXQyff18asK8OFCUS8/h6GjkmNtk8h/E2CMnHeMOhgVO8gPvpzMDf3CcLURM8wRYEhyQY+uNfCLZcFoW/oq1Cno8WfHyR8xssN3qykaxlF+LOzCBn3V9D56cAUPbrEf6Lvll7zyEp/MLZF3+0/6BKfA8U/J4hBBw8NM/HYtSYsDfCDoF2EwotjzHSICowfG+V0Ua2JmDUHy+g7QGnYkzz42pHePmTtYhp0P0I0tMD5aSVEIwm3KIwbYOTmPkEs3eLiiy1Ojp1s+PEuJgMMTjYw6tIgYls1/u8hY+/Lafn+Yko/fpey/yxEdfpvgk3FaCT4hpuxjPmjX9c2rLCPqGEYLvsJT/azeA6+AR4/LqujM6Frf593clhDuP/yPcOQZAM9LtQzZ43Db4uSX9HJwEPDjIQFawvIfO7aV09KkJGQcX/FdOVgiv81C+f2zX7N39CpwdYNWQAAIABJREFUCy3+/CBBF6f4NV8hmoqMvhTnPY8Km39z802mi/V73BT6sAxSbQw66H6hnrQkA/066wOm6dRz4jhl//kU29dL8Zw4Xud8dC2jMA+9luAbbkEXEenHEtbCcdi7PFLuB+Cox7I9xmh01v9D1/5+MLXzX/lq8esRDws3OFn7swtXHWa5SGij4+7+RnpfpD89BOHdbxzMX1/zHF494/Q8d2vDjb6skari3L6Zsn9/gn3Dt+Cp+/Qexu69CB55K8belzd+pClEA5KgTIgzqCrsPuxhx343O3M8ZB/zzg3l0XiVRIcrdGilI8mqo0uMnuRYHcHGAH5oeDw4tm7CsXE9zu2bcWXtAXcNU4jo9RgSEgm6pAfG3pdj7PYH/zVT1oXqRs3/BvX4V6j561CLd4BaQy2UokdpcTFKRBpK1FCUyH6g+GnEax2cLFP59hc3G391seOAh5Nl1Z9o7SIUesUbGNBVz8Wx+rPGg7652sGijTUHZWlJBp66sZ79/PzAU5CPY/06HD9uwJm5A8+xozWm14VHYEjqirHHpZiuuBJdmwZuxhaiiUhQJkQtXB7IO6lyokSlyKbicKm4PWDQKZiCoIVZIcKiEBWqENTcB9q5XLiPHMJz9AieshKw2cBsRhccgq5NtHeaAX0AH6TqRLXtB9t+cBV7J47VBYEhAkztUYLjQKd9fcrGpALHi1QOF3goLAOnS8UY5D232rdUam2ifP4LO19vr7lZ9JruBiYObfqgrDK1uAj34Vw8+SdQy0pBVVFMZpTwCPTR7dBFtpQaMXFekD5lQtTCoIO2EQptI86Dh4LBgD4mFn1MbFOXpG6UIJTgBAhOaOqS+EwBokIVokLrFvRqWVYsKjQwx3YpLUK9Sy0JcZ4LzCtUCCGEZiqQfaz2PlrtzocfFkI0YxKUCSFEI7A7YV9ew6zFuj/Po2mASlyATqAshPCS5kshhGhAOSc8fL7FxdfbXISY4IN7LRj83C1v3a7a13c1GeCCKAnKhAhkEpQJIYSfeVTY8Kubz390kpH1e8BUZIP0TU5G9fbfiE+XG77YUvOoS/h/9u48Lupq/+P4CxXGBUEZ1FQU01wyLMvMq1dLK5e0umpmYVQ3rKtBWWhaLhWapWa5XK/YonYzTW3R7k3qppXU9UoaqKEpbrjhBqhsyQwq5/fHzMCwo1lN/d7PxwOR73K+Z/l+v/OZc858B64Jqu7x3wEr8v+dgjIRkcsk86zhs23n+XTLOdLKeSDx4m/yualVdZpfpl6rTxLPkZFT+dDlTa08+FOzIgJoTpmIyGUz9n0bi+Lyyw3IAOznYdJHdjIvw0OKD6QXsDiuat/McHM7vQcX8XQKykRELpN7bqrasOTR0wU8s8xWpR6uitIYv9KGvQrf2NS5ZXUa+euTlyKeTkGZiMhl0jukBi0aVO22eiC9gBGL8/huX+WT9N0Z4Nvk80T+01bl72y99zLOYRORX46e6C8ichltP3KBp9+zXdQ+na6szr1dvLmhRXWqlxPT2c/Dpn3n+fj78+w4UvVA7trm1ZkVVrPU1zKJiOdRUCYicpm9+VU+H1TyPZRlqVvTi/ZNq9E0oBq1fRxf8ZX5k+HIacOe4xc4d3GdalTzgjeG16KVnk8m8rugoExE5DI7XwDj3rfxw+GLjKIus0du8SHszxq6FPm90NsnEZHLrEY1mDzEwpVVnF/2S+jaujoPdFNAJvJ7oqBMROQXULemF68Nq/mbDB12aFadSQNr4qWJZCK/Kxq+FBH5Bf1kN7y02l7syf6/pG6tHQGZRZ1kIr87CspERH5hxsCK787xz2/zOf8LxWY1qsFfb/Hh/j95q4dM5HdKQZmIyK/k8KkC3vgyn037L29kdlOr6oy8zUdfOC7yO6egTETkV7bzaAEff3+ODbvPX3LPmaUG9GhXg8GdvWnbWMGYyB+BgjIRkd9Ijs2wed8FEg9eIPlYAamnC7hQUPa2tX28aNHAi3ZNqtMxuDqdrqxOTc0bE/lDUVAmIuIhLhTA6VxDts2Qfx6qV4Na3lCvjhe+Nb30VH6RPzgFZSIiIiIeQBMRRERERDyAgjIRERERD6CgTERERMQDKCgTERER8QAKykREREQ8gIIyEREREQ+goExERETEAygoExEREfEACspEREREPICCMhEREREPoKBMRERExAMoKBMRERHxAArKRERERDyAgjIRERERD6CgTERERMQDKCgTERER8QAKykREREQ8gIIyEREREQ+goExERETEAygoExEREfEACspEREREPICCMhEREREPoKBMRERExAMoKBMRERHxAArKRERERDyAgjIRERERD6CgTERERMQDKCgTERER8QAKykREREQ8gIIyEREREQ+goExERETEAygoExEREfEACspEREREPICCMhEREREPoKBMRERExAMoKBMRERHxAArKRERERDyAgjIRERERD6CgTERERMQD"
01:01:10.284 [Forwarding screenshot on session d6a0bef0-bd24-11e6-8678-ab184a9d7075 to remote] DEBUG org.apache.http.wire - http-outgoing-0 << "KCgTERER8QAKykREREQ8QI2yFv5z8du/dj5ERETkN/DX8Md+6yyIU5lBGcCuXcm/Zj5ERETkVzb+2bG/dRbETblBGcCMma//WvkQERGRX1lmxonfOgviRnPKRERERDyAgjIRERERD6CgTERERC5ZdvJhbhyRyOgvcsvdZuO7P9BrQfqvmKsK5J5iyIitrDvz22Vh46Kt9FtUuj4UlImIiMgl+++6DMfvL05wrJxtvCn49TJUGW8oP3z8deQD9jJCsAon+ouIiIiUKzedeTsMEY825cuFR/lwxzmeCvEGYNsXe4halUMuXhgMgTfBxvd3MCuvIR8NbwjAxne38w+u4P3+1Xhx3mFiTzqCt443NWHW8Mbkbz3EqLV2rsjM4dvTENisHvPGtqK15Ryx7+7lxY15xbb3OZbOhNcO8+1P4GWxMDaiNUPbWeDMGV6cfYDYk4a6FsilBt4lipKxI5VR806yB/CqU4voyNYMaOXNoe8PMWZhBgeBuo38mT3uKjr6wrEdqbzw1km22cGLagy6rxUTbrXw5ow9JAGbUvJ5cGQI/XOO8eSy02TgyP+sp1vhU6MauRsP0++Hg2TYi/KvnjIRERG5JHu/SeeUxZ9hna/gkRAvlsamAWDbf5hHV+Vw/6Nt+erFYG62OLZvc3UtDm0+yfd2gGyWbcwnpH0dls07yGd1GvCfNzvxdVQjfth8nE1nAM6zJyWH4Lta8+8JTfE9ksnSJBt7v9hH9MZzTBoXwtcTmrB/8zH+sfUM0ZMPc+LGZmx4sxNvD/Bm5uy9bLMXsGx+Cp/5WFn++rW8fGttAM4VK4mdt946Cb1bkvDm9Uy80sa8uEw4dpx7Fmbwp4fbkvBmCI83yOaxVw9jI5MX5p3E0rcVCW924u27Laxe6egpzDmZz+ZMC5MeaMYtNdIJXXaaLve1YsPrremSlknkStewpTdPPhXCxyMDC8urnjIRERG5BDb+9VUe1PPhP9+e4CRekJLGuvSmXHM0Dy/8uaezL3748tDNqUSlGwKvb8xt7OLjJDsdaqSxmdq837k2ra++miuTsvnio/1s358LVHf2ZBm8LP480s0PP/wY2vIYP56Doyl5+HZsxsBWFqAx/5paH2rkMBTwPZHJrAXZ2PNsGM7zzd5sTh+B/o9eQWtfb1oPvILWnx8sURZvrmrhxap1KQzbX5cBXYNZ3MVKRtI+AI79cIIXf4CcYwZOn2FLbnNmvdiaTftyePPdDJKS86BOPXyA/PPQPzSYgZ0tZHy/By/8efLWetQExr9yDU9Skx0rU/Ht2IQBrSxAA24jg+/32RWUiYiIyMWz7U9jxU/QMegC3yacwce7JlbO8s66M0y7ogDwKty2Tq3qzv/V5v7ePjz2xTGu9M4i+JaWtKaAD95KZuZuL267KYA/dfTlq5RsCscX7Y45WAAN/aqzxZWoj9tg37l8UjMcQ59XtaxL+1oF4F2LNi0NTevCf8Cta6w69UuVphpDI9vTJukMX353hoXLDjLn82w+GApe1CCkbR18zxXg07IWIXnVaGCyiZ68l//WsXBft/rc0iGPzd+5p2eK/mvxwsf535oUkHzybIljVyfQAjkYDV+KiIjIxfvqswy8GjVg4ei2zBp9NdOfvJrpd/iw95sTpDWpDeTyRbIdOMtnG+zg4wjSOt7WCOuR0yxM8eKR3vWBfH7cbejxQFumDw/m+loGMKSdKv/DAQ2b+5C7+STfnwFyzzBy8l7mH/EiCMjxrsnAvk3pXj+fOZ+n85N3Ha4MgE3fZZABHPo+nc2lUsxl9KgfWZJTl2eebM8/76sNp8+Bnw+G89AkgKF9m9Lw1GkWfJ6Dz3kbW4GJ40N4ZkhT6uQVgD2ftBKp+gbUxNgz+WiHDbCz+NVdPPZRVqmju4JO9ZSJiIjIxbGfYdkOQ/+HGxZb3PHPjbB+foRv8loyt/dPjJq9g9lAXQtYXRvVDyS85RFmngukRwOAmvS6xcIzy3Zx4zKoG+CDFcOWQzZurQtYvIodwwK0H3AVj+/exePPJQIQ2LYBr/VpiE8TG2HzUrjx345tb76jJQOaeMPo5iS9dJh+I07ghReUmubvy6P3+fPQyt3cuNKxZPB9rbmylR8L7sjj8dk7iMExof/xJ9sQXP8CA5t5MXVSIlOBFs18ABt7juHsFXPkuWar5iy44ycen/ejY/86tZkb1RhWncDiU3R0H4AaXngZY9z62Bz+ufhtdu1K1tcsiYiI/IFlZpygXuAVv9wBcu1knPMmsH7lA3O2XDu5eBPoW/VBvLL3KSDjzDl8alvwsxTfPuOMHd/6FmqWl6D9HBlnC0pvU87y7DN2KOM4ZacLgfVLBoPFqadMREREfhm+FgKruGlN3wqCpYvapxqB9cuOkspbXsjiTWBZm5Sz3K+y9CpLtwTNKRMRERHxAArKRERERDyAgjIRERERD6CgTERERMQDKCgTERGRi5axdR+dR+0j47fOyOWSns6bsWcuaVdHXez/2XWhoExEREQu3nnA/ltn4vLJPniaFSnnLz0Be6knjF00PRJDRERELl65EYSNZQv2MXubI2ILbObPrKevouHeQ4xaa+eKzBy+PQ2Bzeoxb2wrWltg2xd7iFqVQy5eXNesOqne9fkgsg6jJ5wk/JX2dPOFbR/t5NWfGvH+w1aO7UjlhbdOss3ueKDroPtaMeFWPzKSjzJq9gn2AC2aWcg9XZ2XplxNZ++zvDl/L2/vPo8XXgwa3JIJfesVZTn3FKMX5pJDLsPercb7d1fntbcOsCKlAC+86D/4Sib3rQ/Y+eTd/UzdmAdAm45X8PfHmxYr/fexexj37xxygMCWAcyKvJL2vlWrUvWUiYiIyGWz85O9zNlWnYWvdyLh9Va0P5LFkiQbcJ49KTkE39Waf09oiu+RTJYm2bDtP8yjq3K4/9G2fDU1mMDT5zl18hy5FJBqt/GT8zsrM7NsHD9bAGTywryTWPq2IuHNTrx9t4XVK09wjGxenH2C2r2b85/Xr2aQ/zlO/ZRP5jn4ZP4uFmb68fHfO/H5uEasW7WfxfvdvsbJ18rowbUJbNuI1+6vzwdv7Wdlph9Lpl/LRyMDiV2Vwmtb7ez9Yj8vb7zA5HEhfP1ic67YdoKR758qSic3nXH/zuH+J0NI+Htruhw9zSe7bFWuOwVlIiIictm0H9iOd0da2fPlIV555xjfAn7eAAYviz+PdPOjSfAVDG3pBefgyL5cvCz1CO3si18DK4/fWRvOm2JfV0Sx/9dj1outGVj3J958dx9vb8iDOtUxh7LZTDXC+jUg0Lc2D9zTECgA7OxLBc7ZWLZ0D2/FZZMDfLap+PyxhgHVwduHJpZcvkmB/oODaF/fm+DrmzOuGcR+l83WbXn4dryCAa0s+DVpwOODa3HomzOccCXibeF6YOG8H4lcfIqbHmnN6M5VfySugjIRERG5bHZ+sY+H3jjC2iPnuOoaPzoChQGVvejLtxv6Va/SlDRv5zcT+biGS+3ZRE/ey4RPzpBTpxa3dPBxzG/Dq8SebiHOebA2r8N1V9bhqivrMe7uBoS1LuMR+zW8gGrULbHYx7vod26x5V6OL+N0sfjxytS2zLwvkMDsbF58Yy9h7j1plVBQJiIiIpfoAgeO2Th06Cx7D+Wy95idtJQ8vNo2ZeGTVzG0XQ0ygYzT58pNodlVvhh7Jsu35pKdfobF685CDVfwVsDug3awZ/NFYoHjS7zP2tgKTBwfwjNDmlInrwDs+WRdUYfrKODDL9PJyLXxwb/SnEfwJqAhnMquRpdbmzL0eh/W/jud7/JKh0Cndp1hr91Cm0bw2X/TyQCyD51gaQr0vtGPFs19YNtpvj8D5Oby4Zqz+F7nT+G3hx47TvdJu8ls15zJz17HpLZw6NSFKtemJvqLiIjIJaiOIYvHJ/9YuMTL4s9bD9bHd+FRbhxxFC9LDVrXga17cqEhYCnem2UBarZqzpL78nnojd0sxAurBXyb1iLA18rIjseYOm8HbwMtArzwBajvy8BmXkydlMhUoEUzH8DGnlP1mDWuCSNfPUy/zyEwwAuoRdPa1egd2YI9Lx2k34iTAAS2bcT0m2sXy4tvQG187ScZNvYw"
01:01:10.285 [Forwarding screenshot on session d6a0bef0-bd24-11e6-8678-ab184a9d7075 to remote] DEBUG org.apache.http.wire - http-outgoing-0 << "nz/fnB0vHS7cvs1NTXmiswW/zq14dP9uHn8u0VHeRv68G9YAdmY5ytYkkEk3ZTB1siNvXvgwcVz9KteolzGm1Gc4/7n4bXbtSmbGzNernJCIiIj8vmRmnKBe4BWVb3ix7OfIOAuB9b0r3TQ7OZXR/7rAlGeDaQJ8MiuRl2s15/vHGwBgy7WTizeBvsV7trLP2KG2BT/X8KE9k+dePk6/J6+mZwM49PUuhqz05vM3ryr8UvTsM3byvUunVW7eSh7DyXbGTm4F6dhy7eSeq1al8rtTT5mIiIhcXhZvAsuYslUWvyv9CEzZy19GnMKK4RTVGDuu6HEVNX0tlDVV3q9+iQNY/LihXgrPTEoksA5k/AS3D25dGJCVuU9leStn+5r1y85TZXmujIIyERER+e1Y/Jj+5rXsTM7lp/PVadrajyYXFzs5VWPo6Bvosj+TtDxDvUb+tG7w+5o6X+7w5cC77/ot8iMiIiK/ol9k+FIuSZlBmYiIiIj8un5f/XoiIiIif1AKykREREQ8gIIyEREREQ+goExERETEAygoExEREfEACspEREREPICCMhEREREPoCf6S5UkJib+1lmQy6BTp07F/la7CpQ+L0Tkt6GgTKqsdevWv3UW5GdYsWJFmS++atf/38o7L0Tk16fhSxEREREPoKBMRERExAMoKBMRERHxAArKRERERDyAgjIRERERD6CgTERERMQDKCgTERER8QB6Tpn8ArI5duwM5855U6d+AIF+NX/rDP0MNjKOneanc/wByiIiIp5MPWVy+WT/yMIJYVzj34yrr76Wa6+9mlbNGtE1bALrD9l+xYxkMKufP/5hC8n+GalsXjGFrv6NaHX11W5lmcKGY5cto5fAWbaBMT+rbFU9VsxAf/z9w9iQDZtjwvD392f6hozLkrpt60Ku8ffHv5yfKesvR0UXPxd+XDIcf/9+rL88RSh9tA2zHHV0WfJehuz19LtsdSMinkY9ZXJ52LYS2awnSwGCejFm+J208Mtm00eLWPrpfAZ+upPY/Z/QPfBXzNP+DHIBv0vY9dCnE+g9Yj4QRNiY4VzfBLZ+tIiln77OgE+z2Jj1Otdc5uxelJPZl1y2i5FtA8jgp3w4l+GIZPLP5V+WtHMzM0gFgrr24vpA3+Lrci10CAq4LMcBCs+FtIM7Af/Ll24p+W7//jKyfsG0ReS3paBMLosvXh3PUiBoyOt8s+hRXLHXQ4+Opt+UgYS9vp7XPthM94ibftV8+Vzifsnx64Eg5iUk8lBr55DloxH0iOzEiKUL+XTDeK75VSPMEvx9cIQxNuCXG1L1cfvdsE0rIB4f70ut1RK8Hb8enLSE57r/0uGlowy9Xogn64Vf/FAiIpdEw5fy82VvYMHr8cAQ3plfFJC53DVuAkMA34yTuAYx965fwvB+1xQOVQ2MnMVWt/E427HNzIocWLj+mn7DWbG5aMjGtvcLJoR1da6/hsgpEwjr15UxS7aWmcWMrauJLHa8GH4sd/zPxsmTjpU+xQKemvR/+Fnu6jqEFnWKtt2wZApdC4fdujJhyQbcB2s3r5jOwK5Fx+7abzhLXGXJ3kxkv35EThhDP+f+C7dmQ0aJ8g+MZPVWtzG3+LVMHxOGv3+jwvr78RceIW4W1AiA69sFOvLdtR8TZs0isquz7NcMZMmGH1m/cExhvvsNn8XeyvJVSc9bpW2X/SMxY8o/V9wd+nQ6XbtGsiGbwjJMWRjjVoauTFi4wW2PY6yYMrxwmLVr5HRipoTRb/hCLmkENHszkdd0JWZzRgXLsvkiZgL9rnHlqR9TSpxTRZWzgTED+3FN1+G8vWACXa8ZyBL3C4ljxAzvSr/IJb/CcLeI/FzqKZMqu3DhQpnL7Yf2sRdoHzWMTt4XKLWZdyfeOn3alQhH1r7EjffPBnrxwtyJ1Dy4hgmzJ7N+6X6+Pv53Otr/R/jVdxEL3BM1k9tbZLDkqRmM6P0RRz/dw9MdDhB+41BigeEvzOVa+/c8NWM+AF3/dJoLF5pgACjgwoULnNm2iFa3jgW68uzciQQe+5KxM8bTLe4Im5OmclWpEnlz/W094aOljLjRn38Pf5Y+3a6nQ4cQOnZ6gHdjHyisj7gZAxk8I56gXsOZG3YjB1e9zOwnB7AldRWxz/Zk3+qx9B6xCLqGMXPBn+Hg/5g7YylP9s7jmuPv0TEvh6Px8ayPj6d9r1603wtN6+5l9C29WZRaVP55T83gr+v347fnXWfZ4pm/sBfPzpxJ/nfvMHvpZB5tcB0bnu952doVLjiPBQUXLlDnhkdYteTPtKl9gQs5OezfGU/85Hja3xPFK0OyiZmyiCcHdAOCiHhlJpbEVcz+aDJPtr+R2Kf/XDr1ggIA0g7tJGV3fX5yi8186gVxVRM/sittu32M7dqtsK76t8lh6eNTGNH7I7K/PsjwjheKnQv7EuPYuRNy8i5wAUcZlo6JJ2hABDMfqctnc2cwf8wArCEHebqzhZWjevP40lS6hj3LxM4WPnhqCuMB2rcn78IFStacq0wFBRfKrtcLOWxJ3UmDnLyi9SWWrX1pKPfPjieoVwQLJrclYeFTvP7kADL9tzLzZmf61etx4eRXPNhmMLHACyu28kDQtzzz3HxmvLeeB669EwD7ttWM/2gnA15pQ50y8isinkVBmfxsOWnHSAWGhwS5Lc1mzRtz+S4dLADYocHNPDXyT3z+3mygKyt2fEyfJgD38acWo7j1qaXM/yCcZ30/cQRcCzYz8z5HyHTfzdcw4PqHmPLKUjrelUgsELViB8/3aQI8SNcWFm56fFEZucvm/ZccL+or9sTSJ9BxvNvb1OP64TEsj3ua53uWHoZsf9/f+YKmRL88g9hFM4gtTLorUQuief6+zmD/H/NmxMOAmXz/3nBHOQcNpMVjjXlqxjz+93hP6pyG9l0j+GesK/i7j1b5+xk8+zRpOYCPYwAy6J6ZfPb2cPyAjLiXuD8V7pn7NW8/2BGAHo3yCbn/Q5J3n3Lm4x4+Pfg2f/YDht+OfdP1xHyxiWPP96TJxTdh1Via0PNOZ+p2x6+ge+by1dsPYgE62Hdy14x4nl31H57t2QToxJ6Pb+VAzrkKk1301F2UarnhKzg980+Vtl3omTdZlAphCzbzd+e5MuiOjgxoMZixr3/Ive/9pViyrpFXn8J/HGX43lmGsE7+NL51Ajk/5cKxb5m3NJWgsAWs+vt9WID77mjPPW3uZz2XPjReoew45s6Oh14v8PXHTxMI3Ne/HZmd+7Lzmy3Yb66PP5CdvJTH7hpLLF2Z+/W7PNgxELiDF3o9xZRFK/l+6p10tsC6j5YCXXlwSOdfIrcicpkpKJMqM8aUvdx5Fu3YcwJjWjmX2vnxX7OJ2eS2YZCF8BFN2RYL3HMfPRobXEled/dAujy1lB8Pnuawzw6gHbff2qromM27cHsXiD9jJysrAwii4/WNC9e36vcXurCIMxRgjMEUAAVgjJ2sswDx3H93N9q58pKcDMDn/01i0i29yizXjUPHsWboODKO7WX3li3875tYZiyOZfbjfUkz/2Vqu12sB4gdS687FjlmYPtD8iaA4+TaDd3CX2Vlp/X8e8ZE5u47TOKmWJJTAbpQwxiMKaAAaH1DB+oagwGSN20EuhDa77rC8jXuPYlTpyYBGcwpANpdRZu6rvqrjbUpkAXezjQuRnntCs56pIACU9RWjlWOfDe96kp8nMc0FABd6FzYLk25oR3sd7ZJ6eM6fj/w6nKGX1uf3PyirrKGbTthTG6lbfdndgCw9PHBJMx1fVggl2SAH46RU+xcMM484iyPq+7bFpbB58oQujg2ID35R3YCjw/oXrge6/V07wLrs1zplV0mCkzZ9eo8ZrH1pgZ1XctycjgD3POX3lhd6fvcyFs/OIPx7PXUBBaNHev4e8B9hF1ndaZlZeBfw5myfjEr1x7lxjuP8k7MTrgnhh7WEu0nIh5JQZlUWXkv3tY2nekCbNqXTJbp5vxEoJWxsRk4XjoymDugHS9leeNt6uAXBNT0xeL+omac/Q4GfAxALvnFAgFT+Lu6AfB1vFCaUqvd8ul44XP1aITffS+Bzi4ey71hWCx2fFsFlS5XdgLP"
01:01:10.285 [Forwarding screenshot on session d6a0bef0-bd24-11e6-8678-ab184a9d7075 to remote] DEBUG org.apache.http.wire - http-outgoing-0 << "D3+atNvm8ObIG7E2vopuA66i24ChjHpkKU17PE3inpPYgxxzgIJ6hXNv96bY7Y60w+4KAwK40tewfsa9DHl1PQC9BtxDv5Gv0uurcSxYDzjznwV07dCiMB/5zl4ovIu/kGZnZGOpW7xspkThywoUKlNRUOa2UYmgzJHvfp1buAUXznV217bGUdum7GO4ctq03fVce2Pp3kpjciptOx/nFMIBjw/jhrquDjwLYWEW8G1HnRLnQlFVlV33mHyynHlz5c+CKXZOuadXKigrbJH1LMNHAAAgAElEQVTygjLnLx/vwvX21GQ2AV0x2DLPkAx08vUutr89Oxu7xQ8/A2cButzDA4E/siz2acau/BOvDnX0Eja/fSgDWMzif3/FAz4HWQ+Me/jW4teaiHgsTfSXKjPGlP1jDeGunsDH43hiTlzp9Rm7STnqSCPfOHt1lq3i+7yibY59+zmbgPYtGmB8agGp/LjjWFEaWbtJdPa61fazAsls+u5g4fq9X3/CJhwPO3B/7aXw//0JHTuKsWPHMnbsWEbdfgW7Nv5Ihr2M8ngbDq1P5uNJbxGXUXydj+ttjD0f6zU3OXpVmnRj1KiitDt5H2XjloPk2I6x+d/rISic+PR0PvjnG0wc8QhdrmxXmLnC1938/MJjNA25BtjEV98WlT9v6xu0bNeSx5bucCubK1+Usaz0z0W3q3u6lF5Xav9S21Z8DNcO+W5lL/v45bddLasVgNa3hTPKuX7s2L9g27WRXccyS9dNsTyWrnv3PFtbtCEI+GjN1+QVnss7+O8mt/TKKZOPd52yy5TvOEf37DpZuOz4/gOFx/RpciVdgGWffee230Geb9mSloPnkOFM/+kJrzLnn/MYDCyO+CtrDjq39enEI093gY+f5uHQORAUzqCu1graWKGaiCdRT5lUWfk38AD+tnA1W64axKqpQ2jwUX+euudmWgSe4+Dmr5i7PM6x2eDG1DYB9H/0EaZueoc7hozjn88Noc6xtURFLgC6cPefr6ar92N0mRrHq0OGYua/RM8mmSwd/xifAY+MGcjNfW+h/6TPmPPXG8maOJ22+T/w3MzlAGQZx7CUo8fEUGAC+MvjI5i66U169xjB/JeG0+SnLUz/6/NsIoi3JzctXS5LJx6b2J/PXl7FkHabCX3qYW5qE0jGns28O9dxnHv6dMTU9eH+wRC17FHu9DnOc8Nu4FjcIiJfXgXtxvJK3Rp4+wPJG1nzyQZ6t4Dv3p/Oc+8kA+3IzTGY+s6eFVM0xNeq5130ZzEL/joU37dfome9NBZFTQLaMbRve35c5SqbK8goKq/tsvaUudIFe0HJnrLS+S5w9QIVblvgyEs5L/4FBaXTKK7ytruu+2P0fPYz5gy5nbzZM7i7Dayd/yxzP0ul//Qo6hY7F0yJPJZxfPdlzfvwYmgQjy17mt55BxjRw5d/Rb1MHIC/e/2XLtM3707F/rUPNtdHJvPz8es2jLG9qlML+OzZcbwRMIpmuZuZFLUAAG9TgKl7PQ+FBrFp+dM83MwQeWcLtiyezmJg8P23E2DSHT15+TkYcx1TPxzLqntn8tfIV9n26ViaADcNvZ+gOZtIBXqOuIdW6iUT+d1QUCZVVuG76rrdWLDvf3Sf9w/emrucuS9/VrgqqMtgRowcycP9r8NiDHXvnk5sjg8jRr/JXwe949io3WDeeuNV7mhuMNzOsri3GDfyb8yMvJeZjlQYMWseU+5uhQHe2RfLK6PGMPfl54B2jBg7gtiZb9K1YwuMAZ9aOMamjKH5HVNY+4+ajHpiLpH3rnLmqgsvLZ3F3c0tZZar26h3WG19hemz5rJ87sssd61o15/pUybzSDcrxsCwBd9j9x/Lc+88j6soQT1HMG/OMzQ2cO+Yl/hy6PO8/NggXgYIGszYsaHMnLmcb7bu5Y5bjeNRpu5DfHW78fe4d6g58hFmPuYqvyO/dzSGI25lc+zhg18toJZf0dyni1BRu/rVArBS26fknKTS+fbxqeVcU3rbio7hU87wJlB529GNhf97h+eHP8KbUQ/wpnOLwWPf4tVHrsWYU8XOBagF5BUOT5aq+2LLLNw9ZyM1gp7mkZlziVoFPUMfoefyd4jLyncMr5dTpk2r3mFTiWVd/O7gmbtvIfqtpwj721yef8zxKd7Bj4TCO8vJdx5zyJzV5NR8gufmRvHZ3KLyTB12NSYnrVierTc/wzsjvuWRN2cyZekAFjxwNZZWfXm4C7y8qR0P33WjesNEfke8jK5YqYLExESCgoIq3xAAGxnHz3D2HNSuV7/874u0ZXM8LRNq16NxYNkPD804fpxzQJ3GjQufXp+960Oem7mdB1+dQlfnVCTbD2/Rou8LjFq5lQm3NC4nX9kcP5wJ3rWp3ziwyo9czc44TubZc3hXkE9bxnHSyt0mm+PHfwK8adz44h44m3H8MGfxpmHjxj/7EbH/+te/+Nvf/lZs2cW162+p8rbLOH6cs0Dt+o0JvBzP07Xt4rXRM/EZHM2o25s7F+4i6opeLA+dx8HZ9156m9iyOX4mE7wb0riczDrOKahdrzHlnHblcOax/zQOLn6k0jyWdV6IyG9DPWVSZQXOZzBVzoeARo1wfUlOufv5+NIoyLfCbQIaNXIlgmuLgpyDrPrsLVZl2Pn7E3dQL/MH/jFqGhDEVQ38K8hn0fHc06uMb0AjfAMqLotPQCOCyt3Gl0aNKi5neQIaBTnq8SLye7EuNk+/jcrbruicK+CyFKnAzo5Vn/GfVSnYXxtLt6BzfPHGVJYDgzpdg8/PaROfys+JonOqquU5zEfzlrFx62pWAE8+1Ofn5VFEfnUKyqTKPKVTtW6nCJZHpxMa/S6jHnrXsTDoZl6ZM4t72pY9HCnlU32Vw9KBV/89EyLG8vozw3nduXjQ+IW8FtrWA+stn4Rp81gBtHtoLhE9rvDAPIpIRRSUSZV5zg3eQo9HXyE17DlOZJ4F79pcYXWM73hOHn8/VGflC7ghlIXfhXLq1AnOnfOmdj0rfjUp8UlOT9GSF3b+wKhz3o7rwSPzKCIVUVAmVeZxL96WujRqVBfwwLz9jqjuKhcQ4BxGL/UhBs9iqRtAI9SmIr9XCsqkynSj/2NSu4qIeAYFZVJlevH+Y1K7ioh4BgVlUmV68f5jUruKiHgGBWVSZXrx/mNSu4qIeAZ996WIiIiIB1BPmVTZ2rVrf+ssyC9A7Soi4hn0NUsiIiIiHkDDlyIiIiIeQEGZiIiIiAdQUCYiIiLiARSUiYiIiHgABWUiIiIiHkBBmYiIiIgHUFAmIiIi4gEUlImIiIh4AAVlIiIiIh5AQZmIiIiIB1BQJiIiIuIBFJSJiIiIeAAFZSIiIiIeQEGZiIiIiAdQUCYiIiLiARSUiYiIiHgABWUiIiIiHkBBmYiIiIgHUFAmIiIi4gEUlImIiIh4AAVlIiIiIh5AQZmIiIiIB1BQJiIiIuIBFJSJiIiIeAAFZSIiIiIeQEGZiIiIiAdQUCYiIiLiARSUiYiIiHgABWUiIiIiHkBBmYiIiIgHUFAmIiIi4gEUlImIiIh4AAVlIiIiIh5AQZmIiIiIB1BQJiIiIuIBFJSJiIiIeAAFZSIiIiIeQEGZiIiIiAdQUCYiIiLiARSUiYiIiHiAGr91Bn5vvpu7g5eyGxP7vJXvZuzgpbP1uPlYNvua1+e15xvj775x+ikmjT4OvYKYGl7vko539MvDRK/8iZo1S8fPNlsNRr7Wik7+ZewIwDmWPbMPe2hLwjtZLu7AWZm8NOk4aSXidv+GNek28Ar6d7jI9Mqx/cP9vLqpJv94rSnlFqMstlxmPHmEBiMrLlvquhheXJFIzZo1Sydha0jErKfZOXk0+Q9MZ3inBhdfgKpkdfdqIid/T8SCV0q1lW33asZMTmLk4hfpUDqLfzi23SuJnPxDmXXx2+THs+p/9zfroGNv2l5M3dhS2b4XOnQIqvBcu5h0Kt30Iuptd+wcxk9fxJbMm5g6pjmfJbVkwawHL+56rzgzTI98lQYRJa5h23amR05jb/O/MOvF+0rcm79hwlNz4baJvDK80yUcNIuVkyewNg3KuLNAwz68UvKYxbL8M9rpMqVjS09k"
01:01:10.286 [Forwarding screenshot on session d6a0bef0-bd24-11e6-8678-ab184a9d7075 to remote] DEBUG org.apache.http.wire - http-outgoing-0 << "ccxiNvxwnFqNr2PwyAgGdHDWn+0AK+fM41+bT1C/XXfCoyIofXtMJ2b4c1giZjHc/eDpicTMXsyXyWdofN1tjIwYTodf5tb6x2TkIuSbOb0STK/pp40x+WbKDQlmyKIzZt2UJFO/foKZGJtXbOsPHk00VmuiWZp84ZKPGDd9u7G22WJuuGGLuaFNgqlfP6Hwb2ub7WZdWkV728xEa4J5okS+qiQtzfSyJhjrDUlmSP8k07//dtO//xbH8X9mmdytG5NgrNa9psJilJO/NtYEM2ZdxWWLmzbIEBxiQkJCTEgwBij8m+BBZm1amhkPJmLNkUsuQ6VZjRtvALOmjEKmrR1vILjMdX9EnlZeT8pPZlz0JeQl08zujiFijTHm55SneDqVqfpxUkxUMIbgPiY8ItrMj8TA+Iu/3ivOjAkGE7W29DW8NrqPAcz4Etf3ivBgA8FmSfIl3BsdBzXzQ0NMcEiICQkJdtxXoPDvkEGzKyzj5TrvKrq3VCgzzvQBA8EmPCrCdHfmf35CpjEm08zu4/g7NCLcBIOBcJNUrKryzKrxzrp1r/fMODMIDISY8IhQ5/02yqT8vGL+v6Kg7KL8ZB61JpiJ8ReMMVlmiDXBTE/IN8b8ZMa0STBW606T5NwyM/6gqV8/wYQtOnPZjp4Zv89YrVvMusyq7mEzE9skmIlx+cYYYy7q9pOZZm6wJpgpzn1d0uIPmTbWBNNresbFpFa+vAsXly/jLEfeadPLmmAmVhKUucvcGG0gxKwtVn9pZnwwZnycY2Hepd6jK5GXWXbCeRunOfLkAUHBryEtLtqjyutJ9e86P+OqfH0bY0ymmRaCCRkfZ4xx1W93E+c83S7i6iiWTmWqXG95a00ImCjXRZeXd9HXe4XJOzJjupcMDgo5g0LCi+7NG2c7Ao6FCZcpF5lmWncMIdGmqk1XvJ1+Xo2Ud2+p8PhrHcHcfFeklbnRDAITMn6tyUtaaAATsSLZucpRX1GuwDYv2cwODSkMRKPd6j1h9iBnsOv4O2VVhAEK/5bKaU5ZVWSd4cG2ibRtm8zHBfDGndvo1GkfXxXAzL67+TK9NlPfb0BBwVmem3EGsPHSwxlU6xjArMJhSzufzNhFQEAiAQGJBHbayYfb7Y7kEw/Tqe1OvslybmrL5LG2W5nxjb1YNvJdf+a7L7Uzd0Dxbb+bu5O29x4iHbD4wsalKdwamEiTgERuffAA213HoYAvF+x2y9MuPtl9juKpFxT7u0HHOjQFsnKcy7OymfHgD4VpDHjyMAeAzyZtp9ODqTgOdY7Fj/1QmCco4MNnfmDApDQS39nNdc7l383dyYAnDzDp3i2O/ARu5aVPcguPvf2T/XRylqNT/wNsKwCLqw7u3cK9M05V2Iz5rnrLL77cUhcS/zWZvl5e1KrlRYsekaw7YHOutbEuJhIvLy/HT4fhrN6dRUnxc4bh1WMCuwuX2FgZ2YMOke+RlRhD5+vC+SYdIJX3Rg92pteCv4wbDxQNbafHv8fgFl6F6ye8l1i4bve6GPoWruvAhPfii+pm9WQ6uPLo1YPJK4v2K09W4iJ6tOjBsGF9C8s3fM46bIUbbGf6sB6F6/pGxnCgKKesnj7crV6GsXJ7urMuhtNj+AQi+zrXtRjMovjUMvNQUXkrzPvuWEb37VB4/BZ9I4ndbQPSmTO4B8MnTKCva12PSNYVHr7i+i+u7La37V5JD68OxCQWnQepsZNp4TXMcQ2XW2/l5y0rfg7XdYsGdtCz3mDWpVetTRNjHmf8DtgxrSctBs8hA4ANvDlmGF5eXtTy8qLv6Pec11359VYynfRSR7qE8zYrnmG1+rADmN2nHn0nf0Pi4kjaOdOPnzOMvpHTmTC4ReE5PXm16wqq+Lpz1U0tLy869A5lA657QUlX8srH84HFPDM9HkhlcmgUdJ/G3MJhy4rO5WHF6iMrcREdWgwjvtgtIB/X3TfHbWlWYgwdWgxzu68nMrxFB6Z/40ptA3PD++LlVQsvrxZEVvnaK34M173FcT33JTJyWOF+g93a3t2JXD9Cw2dzh2vs2b89N4U48n9o50ZgEGF/aetY1XUI44Nh1f92OWrrq78TtTyHqOgoAIpeedJZt2g1wVHzebAtpKemE3BrNEkJSfQLLiMTUrbfOir8fbCZuNXHTcyYbcZq3W4WxZ40MU9sMVbrdhPzQZpJcb7ZWDdlm7FaE01Y2DZjtW4xq1OLUoibss3Ur59gnog5aZISTpoxvRKM1brNxKYakxa311itW0ys611nmqOXqmQvUFqcs6es2LtTR2+Y+zBe3JQtxtpmr0kzNjO9l2PIc+LSDJOw7pBjSHLIIZNpjEmI2V6Up6QMM7F/grFak0xcmjEm0zF8GTbnuImPzzBxcRlm3brjZkqYYwjTkbc8M+WGBGO1bjdL484UpR92xCQt3Wms1m2Od/2ZGaa/1VneNGNM3mnT35pgwpbmuOW1qI5ueOKgiYs/6czPdhOfZ0xmgqPnsdcTh0xCQoaZ6CrXujxjjM0sejTJPBpzusJWLLuXJs3xLhdM1MI1ZuOa+Y6u/NCFJs8YkzB/kONd4/w1Jikpzozvg4E+jjpyk5c03/mu0bkibY0JARO+JNk5xBBi1qQZs2Z8d0eX/5I4k7B2vgkBA93N2jRj8pKXmGAwIaHTzMakJLNqWrjzHWpKYfrBodNMXFKCWRLtGBoIX5JkTKajN2LQtFUmOSXJLIwIqdKQhqM+MASHmzUJSWbt/AjnO+QUY8wREx2CgUFmSVyCSVhbvF7iorsX1UvCGhPV3VGONUeK1nWPWGiSkjeaaYOCC9e5t0FF5a1YgmOIpHuUWZuQZBLWLnQMxfSZbzLd2nP8wjUmbs1sZ76XmDxTcf2XOkq5bZ9iosAQvsK5pXO4p89sk1lhvVWUtzSzZrajTaOWxJm0KrZpZtIK0915XqzdmGSOuNqUULMibqNZNdtRp+Pj0iqst8Ml0inZ93Jp5+02k7DKkZ/QaSvMxqQ0ExcdYgh2DF+6zpOQiNkmbuMaZ/0OMhvzKr7uMhNmO8+v+SYhIc6Md9VpmT1lDmujuxsINqGh3Q2EmFVum1Z8Lhfl13HNFF3LbldSYU+Z++JS26Y52nT82iNu116oWbUxobDOqnLtmXKOkVai7VdMc5xP0SVvVmU4sja6sPdw7fiQEmVxlC84yjm0nZlmjmQaY/LiSvRQus7vEOf54RgejV6VVOp4Uj4FZRchac42Yw07ZowxJn7KFmN94mSJLbLME855X48uzXJbnmOesCaYNmPctncOD4YtOlM62Mq8HEHZPpNmbGbKDQnmholFQ40pq5OdAaBjnbV/iklOs5mUFJtJiT/kDHRsxmSmmf5WR1ncf6zWJBMT6yhbXoJj+7CY0yYtLc+kptnMuulJjvR3nnSUIS7f5MWnFO4/cZ3N5DmHYWPT3PPqCMqs1t2F8w8y3bZbN3GLsVp3m8I4NzPjoocvywvKokPcbjjGmLjxjhvxEec6+kwzyWlpJiUlzaRsnO98ASh5o3NuG7rEGGNM0vxBBvqYjZnuxz1ixgdjgsevLdzryKqowjw5XhxCzIqkI+ZISopJS0swUSGOF/vY6O4GIkzRKECemT8IQ3C0SXPe7EPCo82ajckmLS3FJCWlVDoo4rqJLyxMNM/MdwYXJxIc5Qydv9GkpR0xR9LSzNppfZwvAMkmguJ15goMQxcmOMsRZY6UWBe15kixNqiovBUOA+UdMWtXrDBxKZnG5GWaIykJZnYoxdqsWHtGu9qz4vovsz3LafsEZ/vG5RljUlY45jStOWLyKqy3ivLmGr7s7ngjU+U2LWv40r1Nk004mEHzEyqpt4qGLy/9vM10vXA7x2Qd5Y12C8qK5hu5hm9d9VRe3a8dH1Li/CoZHJQlyUQ455SGL3EPEio7l4vyW1S/5byxKxWUldg2s3RQ5n7tze6Dofs0c7jCc6h4qdyP4UpziVvbh5Yz185dyhpnMOecB7dxWncD4437XqUDteLlKVnH41dsNEeOJJn5Ed2d5fyF5oX8AWn4sipsmUy6dwfPLTlPQewx7n1wB5FzC2B5Krfeu5vvCruy/Xgg3Idq1Wpw351+Rftn"
01:01:10.286 [Forwarding screenshot on session d6a0bef0-bd24-11e6-8678-ab184a9d7075 to remote] DEBUG org.apache.http.wire - http-outgoing-0 << "2UkB7u3ntsy/LgODYfPOEmNprtU/K8NFzWrPhV49fQv/DrjC8YFbn+yz7DkEBfGn6dp2B5067aBTf0dH9+5Ex5BhHhCx9BpOn+7Ege0teOBKRxqNr3aUI+eMY6gzdmIKbdv+SIe2Oxg6Ix+ogU+gP0Ovhc/XneHrddlUuyeQFwfA53GOv7k2gD+X+kROAVir48qta7jWB/C2VANM0cijvx+9rBR19/8cOXBbl6uK/rY4/rFk7WP3DmDteNo1bEjLlg1p2S0SgOTEnSUSacD9k8Jh+VvEZ6Wy6tXVBEeMpKt7Q2bs4tNDcNvVVxQdytc9jdrADu6/thnNWrakYcMbmb0DOJvFWecWPoXb1uT6m7o7D92bt5aMh8XR3NmtHQ0btiRizkr2lh5lLVNAHbc0e3WH3WmcOO04F5ZHdqNhw2Y0a9iQPuPXAk3wyT7BPmDYHdcVJeJ/NUNCYOOPJ4BM6N6waDjJ/yp6B8M65/BHVcqbQwVqBhGQ/wNPtKyHV616NGt5I1HLgWYWxzFLticAFizpldW/m0ravtO9wwlhLR98lcr2zxdziFAeGRBETkX1VlHecA2vZzp+V7lNXUNn7veREJoHuP4fQOsQ2JJ6upJ6Kysdp0rrrYJ2tOeTCZBfVotmQrB/0fXuPLRPdsV172OpB9gpnGjh35Hbgyu7F3QgbGQfoDv3392haHFWZefy5VVyoNz92uvSqzscyeZ0ZedQhUK4wq3t21YybLhuzjBa3hlNcPh80lY9TQMgNzsTgi1uw8HpbPx0ByF3daPiD1FeQcO6QOgKXrmvK0FBHYh45QVCgB8PZ1Sac3FQUFYVNWty3Y3ViT8AAyICubVNNQ4UQOhYK3/pXof6bpMZ7PnOuVbu9zZ/b5oAH/4nu2iZLY+kQ3Dz9TXhnHEsc11xlmpU8fXUsTmO4MvlTNoFXHc6C3Bob9Gof+7pC47s+dUi2ArVHmjK6dOdHD/HrmbxvCaMGeoIurLc8uTf1Mq8fzfjWvJ5tPNutgM+vo7TJ2p1SGEaBxJbMHduI66ua6F/WC0OvZFK1NzzhA5owN131+ZAzFHCZhcwaHj9iwo8z9kLAC+3m1Iu350q6+PoF88O+AcElF7h34wWwUDEKoyjVxmTl8KqJSsYe1/HUpu37fcQfdhA9OhxRB+CcSNvLb5BoCM42bzrdOEiH5+iWsi3HwNCSXAdyxiS1q5ixXN3UsueWep4h/duAOxkp2/nhG8vPjeGtJQkVs0OZ8Pi8byzoex5XMUVv2vvS9oAzRoS4Os4qaPj0grzkpkSx5Ilo7i6aQBBwPuf/1C0o+0IP+yA265v7vj7iL2orbIO8/0h6P3nq4sdq6LyBlaQ46z46dz40DRaR68g5Ygjf2uigsFZReW2Z4OK67+Yytq+wW2MC4WY6eN48dW1dI9+hA6AT0X1VreCvLnzAdvFtGkOYCn/5doO1K1CvZWbTiX1dqntWC6/ius+354JWPAu3GEnGw9Vfi/Itzvf2hS7N1fhXKbo1uxD8Xm+lRyw+M4WH4pfxSH4Fr522Ni6fgM088O3knPoYpSfWxsrR/egT9RywufHcXBRRGHAdVXnm+HQR2wrfBHKJW0H5NjK7kBw58h5GdtVvqs4KSirkprcG1aPatWq8fCkYB4P86NatRo88FQwTz0VRNsy7gbFz0E/BoR6ceqfqcz4LJOjB7JZ8ORBviqAG66tRd1GPhQUFPDm309w4Ggui8ce5kBB6TTLThvwheUvHea7Aza++3Af4csM+Du282kK658/wLJEG0e3n+C5h3KgSwCdG9Sk273VYPkxXvokk/T0syybupfwJ4/xzekyDgrQtCELFvhSUJDLU5PS8P9TA+6pBnNHp/DZdhvpu9N5pt9Bnnoqg9M1oUPfAKwYTuHFzZ1rc+WNfjSoBtWqVWNAT7deQ/cesGL/L3Jd73oUFOTw3IwTHDh6lg8nHSW+sI7O8clLu3npw+wy9qxC/QGlb192IIg/DwuBmCgmr04kPf0A7015iMEP3V92HfnfwqioENYuXg7do7m7Q8kX/MZ0GRDMjmlPELNuO6m71zHhiWhc75873vUAsJwJo99jd2o6ibHTubbPYO7/6gQ39R0CxDBywkoOpKcT/95o7l8MfZ6+i6aHv2Lw4D6Mmh6LPaA17Vs7X0x8ANtuYkZHMn319nJq4xBR46aTmJpK/HujeWg5hP/tDpp1HUQ4EP3Ec8RuTyV99zpG9+rJQw8t40zNDtwZEcyh2ZFMj00k9cB2YiL/xmqgU8fmQBM4FM3omHWkpm4nZvQTbCCELu2Lv0RXVN6aleYbGre8isaBPsSvnMCdsw+V6IYo3Z72Suq/uMraviZ3j5gGG5az+lAwf3uoNwD+FdZbRXnD+SK+g8SvE7FV1KbFNODaAcHs+PJfrNtefhDu3k9Vdr1VlM6ln7dlB0p2txqwlxE4VFz3Hfs+AMxm3PTVHEg9wMoJM1lbbslLK379V3IuW+rBoY9Ytm43B7av5vGHp1HW+WIv8Rug7hVBwA4WzFnNgdTdLBrzBDuK7bWDPmHT2Z6aSvx7U4hcC+F/G0SrKp1DP8+BlWO4f/YG6B7F4Na5rF69mtUrVxIbn8qVtw6kOzt4bHQMu7NSWT15DDHAuAe6V5JqAwaNC4flDzF60Tekp+9m0YTR7CCEHu0rf/adOP26o6W/X2mxycZq3W3SjDHJS38s99la8dOTHJPlS02K+cnMeXSb29ysLWZ6bI5zXb75YExS0br+P1Ywp2xbqbRTYlNMG2tRuv1vSDDW/gdNpnOiv/WGLUVp99pt4gv3zzMxT2wrNmfsiUXO+WfOif6l52zlm5iwRFO/foKJSco3ecknTdgNbnPO2mw3HyS5HqPhOv5e57yRHMejQ/ofLJwzFDdlm7H2SimaU+b8v3t5XXPo4mOS3Y6zzbSxOue/GZuZ0ibBtJlY8YTWwo+hl3gkRnRw8XkXcdHdDSHTnPk4UjgvwvUTsbD8xwa4Pk4e7vYZ8MyN09wmk6eYaW4fJ3f89Ng0PK4AACAASURBVCmcd5KwZLzzuUCOn5DQ2cY1HWPjwqhi+/WJWuLMY55Z45zU6/rpHrHQMSfE+TyiYnNmitUHJjikaL9B41cUtk1e8hoT6raO4EFmRZJrbYqZHe5eLyFm2ppkZ/31KVG+EDNtbYrzmO51UUF5K8i3MUeKfSQf+piIiD6OOV6Z5bRnd1d7Vlz/JY9Tcds7H7cwaH6xOXDl11sleUtZ5Xx2FGb82sPlt2kJyStc50Wo+d/G4vXrmhvXfVpcJfVWPJ3SU7Mv8bx1tqNr3pF7eYu3S9H16Uiz4rrf6PxQiqN+u5vgMud5FrdxWlFZS5atvHPZpMWZcPfrIyLcBNO91ER/13yw4jnINCui3K6FPqGFc7Ac9wQMwW5pR68qnDNY8bXndgS39s4sq+2Dy55T5vrgRskf1/WWsnZ2sfaMmL+xdIU65/IV/yBByXtRsJlW6Qd3xJ2XMcZcYjz3/4vtHEdPQdOm3mCzk57jTYMGF9/RaEu3cyofrE0tpd5F2rLsnMqFpk0v4Wn5tnMcPXUBX2tN/Mt4N2VLt3Eq36vMtB15MuXuWxXpR23k+3jRtMHledJ/uZzltDateVmGLqt82PR0Mux26gYGXXIductKTyWHugQ1KGP4zJZFakYOlrqBNCh5sMJ1QZTatZz9vpncg4ezXuDgrN7FNk//ZjINe35JXOZ/6ZKfSo5PGWkC6amp2C0WghqUnlHiqBcIDGpQ2B7fTO5Az48eIG37c5Cajk9Qg4qHqi8y3y6OOiw7X5WpsP5LZu8S276iequyis6FEttlYcG/jG+uKKnCeqsknUs+by9RhXXvPF5gUNBluReUdS67ONoykKAGF38kW1Y6GTkQFFT2eZCemgrl1NllOYculS2L9Jx88GlQ5n2h4l0dZa5b2bUvpSgoE/kjs20n8i9zGLh0Eb1L3NfT102gYZ/3WZN2kAGX8Z6/bkIL+kwbzBEzi0setKgg3yIif1QKykT+n7IdWMeMt/cy+NkISk1/+xl2x8aw+sQ1PD38ll+1N1NE5PdOQZmIiIiIB9CnL0VEREQ8gIIyEREREQ+g"
01:01:10.287 [Forwarding screenshot on session d6a0bef0-bd24-11e6-8678-ab184a9d7075 to remote] DEBUG org.apache.http.wire - http-outgoing-0 << "oExERETEAygoExEREfEACspEREREPICCMhEREREPoKBMRERExAMoKBMRERHxAArKRERERDyAgjIRERERD6CgTERERMQDKCgTERER8QAKykREREQ8gIIyEREREQ+goExERETEAygoExEREfEACspEREREPICCMhEREREPoKBMRERExAMoKBMRERHxAArKRERERDyAgjIRERERD6CgTERERMQDKCgTERER8QAKykREREQ8gIIyEREREQ+goExERETEAygoExEREfEACspEREREPICCMhEREREPoKBMRERExAMoKBMRERHxAArKRERERDyAgjIRERERD6CgTERERMQDKCgTERER+b927j0sqvNe9PiXJTMDAhkExhtBQ5AQmyIaStUmJxSq3Va0W6u4k6iJm2rU7LCNfUg8rZo20e4eoruGQyPmUkoTianoI81OMK0mPnRvAzZnJIqREAMEYRQdLjNcZC5kOH8MMIAyYASd2N/neXxk1rxrrfc+v7XeNeMBJCgTQgghhPAAEpQJIYQQQngACcqEEEIIITyABGVCCCGEEB5AgjIhhBBCCA8gQZkQQgghhAeQoEwIIYQQwgNIUCaEEEII4QEkKBNCCCGE8AASlAkhhBBCeAAJyoQQQgghPIAEZUIIIYQQHkCCMiGEEEIIDyBB2U1WnP0FK9d8QbHRfTpLeR2pKysotQzv+csLjZSbAezkppWRrbe6TV+aV8HKNAPmYcyDudRA6poyUlPLe/6lbakg92jrMJ7lNmY2se2q+qsiX3+jnWVofeKmsFwhL/1zkhNPERt7iuQ1n5NbeGVou5ZfZM3KL9APodOaq0zoDQ5gZPq657FTmFfNmuRSYmNLSEw6Q1q6gfJhnmeudV6P6VtdBpqLR6of9O5r13Zr2uZ6xosYeRKU3UyWJv7zWTPvHTTznwdMbpO21LSy77CZmpbhO725sIIHltRQYQNwUJJzhaJLnW73uXTCxOGcdmzDlw1slyzkHrzCvr9e4aOPnP+yd5tIXVbOmtzmYTzTbcpm59ihK+zb19ZVf21k724kZe6nZBTfyIfe0PrEyLOQvqSMtektVAarSUhQU3mohdTFZaTlDx6YtdS0cehwM5cG67TmBhbHVZBzyplwJPq6Z7GSkXSaxWvrOVQJCT8KIGK0nez0Oh6IKR/2C8C+HJTlXKHklvetLm7m4kunmjmc086wXiL262tXu3VtM+TxIm4KCcpuoqr3jXzQdaF07KXLVLlJG+A/CvBCPZwZ0AB44ad2vtheO43M+T5ud5mzfQa19VPQDWc+VKAoCm//fQZ6vfNfY/ldJClw6LeXMQznuW5HajAD6w7e11V/93NBH8ZsBd44cCOXu0PrEyPO2Mz+E5C0MwJ93lR27pyKvuJukhTIec04+B0MlRdDGjsaZz1q/UYBI9TXbwkr6bF6thztG6CX51byfBHMfjKMWn00O7dP4bW8GRRmBuAwtvLiwRG+Ux0MmmGd0L4+d3OxSgNMHoU/wHAFQ/36Wn+3tG2GOl7ETSFB2U1j553XWlDCAzmUrcVhbGFvYe9J00Ju2hmCgvSEhJxkyS8aAQXbFxdJDCkhS2/vSWkoqCAq5CyFZsDcTPrKUwQF6QkK0pOUer5rgrGStfIUSSvPEBWiJ+TBT/nOAhMOh4MlEWc4arTyysqzZHTloTS/gtgQfdf5T7Etz3n1qP9DOTHJ1RiB4oyzJKVWsSX5ZFe6ErbluyaL0jzXMWKTy0hOLGFNlps7gr2vzHTBPL7KC+flab+8J1VjxEp+ellPOUNiz5JX6qq/gc5t1teSGFVCUlIJQUF6kjOaMJdfJq3rdVCQnqikcgrKnTN0ccZZktZUkNZdxtiz5BZeZkti13mjzpCnd19nN4um1/D1CR/DrMn0XN0XZ5wlqqvdAMz6WmKjzlJsBkuVkdTEkz3lT06r7QqEXX3CWW+lpKae7ZXO0HO8gfud++N39/GgID1RieUUVA28nOOj6fVCO4anMwJ55KHuje77Q0829eeJjeoaKwAWE2uiSkgvbCFjyZdUOWD34tOszGjq09fdHd/9OLi+Mo4UW2v/eMLK/t9eQQnX8rvtY+kddkcvn8SmH3gzjo6etAPX7dcbh/0Ziw0kR3WPnZNsyb2ZY2ewuViB6iYeTTxJ0ETnmM8tHrz819PX+hp621gMDWxZWdJn3LmWN2+HthESlN0sVfXsPgEJq3XELwrhBwpkvG7smTgLtpSTmm3lycy7+MvbIdSddm5XT9FyPw627qnvSmnnwMsmGmb6MV1rYVviOXYcHkXmoQiO7NfRvs9I3MpaLEDz2Q6K3rOy8JlA1i0cw46tvgCsyphAjA6Mpzsw2jvBbGTVahN3PxNKkT6SFx9xsGttBQVGaK230HDaGRBam+0U5TZyeHwwhwrCWDfTQcbqLym2gLm4mvi1JrSP6Cg4cheLaOeDTxxUGOwMpLXVARYHFosDg/4ir+R0whQV/v3z/pAvp7Z9Rkr6FZb/OozCI2Gs0razPuEzCgzuz21rtfKJ0cGJExo2bQwg8b4OVj9QQ067H/uPRHJk/zimnGjlsZ/VYu4u40ETJ8eHcOjQeBJa20ldXEPJ98axf+84ZjZYWb+n0W2d3Qxa4NiB82RlVZORUUVq8hl2VcHTj4wBwNps7Wk3AFurheoGK402KxlLz7PPV0tB0VQKXtHyQfYlnuianLv7hLPebOzbB68cuptXNvnyQXYdewqtgLt+N/DxS7POsSHHzs5DkRQdCeW7p1t5bF4VV1WZzp9lM+FgagUhUaWkbqkit6CB8UsiyNw0Hi1Q6KY/9GZrtVHdYKWt+wKgxc7JBgctdhXz/i0IgKRNE3n6x/59+rq747sbB0Mu40gwX0Gvb6a8tJXLgPl8M+WlzehLr2Axt1JcDdMWjSH8qh192JQXw87lgYOW3d17Q50DLOUGHlxQR+V3gygojOT1Z3zZnVpBWsHQnhm8YYPMxaDgcHRSd18IRwrvYt0UKxsWfMZRo/vyX09f62PIbdPKMzFfsuewNzv3R1CQHULdPiMPLKnGzG3SNgLvW52BfxTF++tpwItl85wDcvkqhWM5Rt433MmiUAsf5XWge3IS25cHA8G887qFmNVtwGge2aYhZ2s9hZkTiL/onFBWvTEOjf4yu6og6deh/PBbPtjw5RfPmHl4h5EPjTpsgC4ljJ2bxgJgLm5HUewsXBCMjl5Xhl2TSOUXbVRc8mfhc1HEPQGROjgBgFdPUkUJ4EDmZMKB6Vtb2LOgmcYW+PjdRhSdljczJxEKzMpTOB1SSeUA9eFwOEiJLSGl1zZFUfP678LQYu+X91ZSQzrQpYSRud5Zlp2HvDgWcZ59fzGhrhz83C8eu5eUaAUsFiKzJvLUd0KInwCGiw5++KNLnPi7recuk6IE9ByLFfUcy/Dl1e13Egr4bzCyYG8bBpt2wDq7GXyBE/vMmCd70draidHofFan4rM2iA3sSuXVaw/n32q6mvsLKyVl7cz7fhhFhWNRj/cFrr6jk3H8WyRHAfEq3tlRjtneiWUI/e5ax7/0VifQydlP2oiZN4b/c3w0z6o111guHM2m96YxK+8CB/abyN3dSO7uRuBLnsyOYvsiOJAxcH+Ii+h9LFe5+/4BUYl3MF1pZPKsEGLDVRT2pG91e/zVDDwOsA21jMPP+HEtc5f1egg17TwHAUXx4o3/DqMOuP9ulSt9YQVRi113QcKXjOPD1wLdlL2OQDf1MpRxCHBifz0NKGx/dgJh/g4iUiaQsr+CnJeNbJ0/Ge3IVE8P93MxgANFCeCdrnLEvuXgcMR53v+4Eavbfjf0vtaHzTGktslf9xW5DvjlkXtJiVUBgbyDlZjVjRw3BnP4NmgbIUHZTdJKbrYNhwPWxpawttc7r+1tYlFKB4cb4KGprvUada+LqdilY5m8tYYDH1oIqq6nAV8en+9Dy1HnVc57myt5b7MrvaKonfNBKzw0c3TPdpsVwIG9/wOdOh0vZ5j5tw0mVhx0TgTTlwSRsbP/dZsDgrueteg5nnPuUWkUaLD3WpH05zuT4bSbWtn4yl3MHQtWuwP8NUyfdYdr0PfOu9lKJZA87w7XztoAFk2G"
01:01:10.287 [Forwarding screenshot on session d6a0bef0-bd24-11e6-8678-ab184a9d7075 to remote] DEBUG org.apache.http.wire - http-outgoing-0 << "vWdtrNa6P7eieDNpUtdNYR8fxtjaeCLuAr1XlZTp3c9UOMvomk/7vnYW2Qu1mzqLvgkzVx3OZ8q2x7uW87JWfsrWDTUsXBDoZk8N/54TyucbDGxO+ZLNgBKuIePVSML7RQ6KojAuqPuVinuCnc/FtDS563cDH3/5hgi2fVHB5ucvkP38BRTFi0e2hbFjva7Pko3F0MonNRCfPJn45Mlk4qCqtJ6X/3cNe1ZXMTd2otv+QJ+g7Go9zWN1OJ9Ps38F9PqgHLS/DTwOZg2xjCNBN2cKVVVfodXY2RJThjk9isx5GszWUWg1zewDTpa5LsYCJgWyc6cGTYAXZfvr2PM3C63uyv5JO1MGem8I49BFweHoYG38p323ajtohRH+4B9kLt40BnDANJVrDtB4czdw8ngLvlxfvxu0rwEEqPgWg7dN0wovFMWLyEmu/f3HOJ9RUzff2BzpcivbRoAsX94UxsJL5BpheeZdFBVGcuRIJEVFd/HkdDixo45SnR8JwXCyzHUrWa3q9UCoLoSf/Qj27azkhZdsTNugIxpQ+zubb+Ohb9PYGEtjYyxV+rvIyBjH1ABnAKEd028CAPo/0WkxNlPnp+Wd+ljK9ZFk/3I0nxxs5I/Hh/6Uq93qAHo/xNrGmWrwHyC9ongz+4fBzIoPJn6OjvjeARn98q5VMRHIe7/XNzMt7Zyuhodm+Azh3I6eu4Hm4irmppq5e8NE9KXOetub4sX1fv99OOrsxvUevhpmfFsFdLiWT3A1tZrub71ZKauBp9+cQWPVVAr2jiOh1cqGJy4MusTW/ZHhvt8NfPyy0jYmL42gsXEGRUcmsfWRUezbWsuH/U587p0vmT+/nPyepUiF8OixbH9W6yyfj/v+0Ie9s29FaJSrm1rV7+HrQfqbO8YhlnFkKGi1KvAZBQ2A2ht8VGi1Cvj48b2ZUL2njvyuh/98woNJSbmT5cmhfD+qqy+5K/tM3xsch052aweK4suRrr7T2BhL4f5QstKCCR7uKuln0Lm4O6HB4ZomrR1UAvcn+LvvF1+nr8HQ28be6VxWrXNdTdravnL+f8eNzpFdp7iFbSOcJCgbcQ7+uteEovjyxPJgoqLvIDb2DqKigvnpen8cjiv8qQBm/tCL6j3nyTrajKHcyJafmXA1j8KC1UE4PmnnWIMXP13hvKWhnaVjiQIZP6ukoNSCsdxI2rwv2bChnsaez45eX0G3d+JwONAfM/V9CPh8Eykp53k6/TK2IH+mRnbNKmrXMVyf853X/MmAuMXBOBwtLE09T7G+gW3JlbzncHdl5cA26Fewu/N+B0mPeNGQU0t6gQlDVTNZqV/ygQPun+b7Nc4N4+/2ZUKwQnHeF6zI7uyX+Npl7P2+fdA6G1laoOTIJQry68jPv0h2ejnz020w+Q5idIBagYZm3jraSlVpHU89YcbZn+z8/jED/7SykuLWUUyN8WM8wN0qAoZ6brf9buDjG/5Uy2NLPiOr8ArjpwQweawCKKj71Vn0vGDCFVgdU0pG3mX0ehMFuVXMX2KGyQHE6Nz3h94CxqlxOBy88n/rqDK0kv3MedcdUpuzf5X/7TKlVd0hZye2QfqbK93Vzg6xjCNLxfdf1PGjiFF9tq1/NYxp2FgdV8KWrIsUFpsoLLjIlpUlLNvt6Hqe013Zg4dlHMYsCMThaOe5NAPlBiv6girilxlY/6FthO8mDmUutgDeOIwm0rKMGAzNZKXVUo1C4lT35b/+vnZ9bTP5wRCSFHh21TkKq6wY9Bd58rEWCPYjYpAx4fltI7rJ8uVIMzfx1iGYts55d6u38IVjSVrfyp59jdS/eS+VpnI2LztH94qQorhiZm38OFJ0jeRMC2FBz6qiP5nHw7A8WsOKrtvNik5D1rFIonGQT99vYOki/JmtmElPqaDF/x40Xe/7xIaxd1MbK9JriE6vAWD68nFsnOPDF0UKhHYv3/X+u5szj9rYSZTu7+THDxuZn2tkepI/s5VWJsb0/ZB08e76aY5r685bt0WZ91JtOcfzKypI76qbTXujWB+tAgY+t1rTSu9rD+2sCfwyycTzqRXkpjqX3JYvV7Nv3xXOmq9VRqXf5aTz/QA3dXYz+AJFuy9R1Gvb7CWBbP2PCEKB0JQ7Wbz/SzYvK2cz8IPlowneZ8OGP786qKNiiZH50c7reCV8NG+/OBEf7D31rtY4g4neXG3irt+pBjz+nCB/1pVUsnmxM0+K4sW6rCnM6f/JED6B9//i4Mkn6nh+bU3PZt1sLe/mTHGWz01/MBa68u4TPYFXUsys3WUgdhcos30JV9q7DujPsgQv0nfVcdqs4lWtq+3d9bfC/IHHQfwz4UMr44hSmJMy6erNoWMp+HgUO56rZdfmC+zuTq14k/LrUDatH4uWQcba1xyH4Oo/ulnhHMn8ikc31DE7uw6A8KQQ3to+dmSrZUhzcT1z73GghGuo2Hqe6M3OMm59O4r5oQxS/qH3tfKd/co6xLb53bGJrF56gcWxZ5zvT/fn7TfvIQqI+tpt45ojb1nbiB5enZ2dHvJrfgLAbLTQyihCdddYdnTDaLBgU3sRqtMMnnggFjuGhq9Q+6vRaa/vJqqhsJqn93qx+7VJzoeazUYSI85z/9v3sXMYAxWL0UqDDYJDNT1Xbl/n3M56vsH6ghuqs5vB2S/UhOr6582B0WDDpr7+vnb18a9VjwMf32y00tqvDQdiNlqdd6TUqmvW77X6w7VYzFYaWiE09Prae6jHv1a+h1rGW8Jix2gFbKAboP3dlX1YxqGHj53u/PmH+lx1R8lt3XzNvtb7vO7bxv3Y/Ydom9uYBGViWJj11YTPrUeZPZoNs0ZxLKOF06h541S08wrzNj23EMJJxqHnkrb55pCgTAybqsKLvLy3iWqTg/HT7mB5yp3MCr05V1m38txCCCcZh55L2uabQYIyIYQQQggPIGGyEEIIIYQHkKBMCCGEEMIDSFAmhBBCCOEBJCgTQgghhPAAEpQJIYQQQngACcqEEEIIITyABGVCCCGEEB5AgjIhhBBCCA8gQZkQQgghhAeQoEwIIYQQwgNIUCaEEEII4QEkKBNCCCGE8AASlAkhhBBCeAAJyoQQQgghPIAEZUIIIYQQHkCCMiGEEEIIDyBBmRBCCCGEB5CgTAghhBDCA0hQJoQQQgjhASQoE+J21taGyWTCdqvzIYQQYlDetzoDQogRYCrjrVdzOdVgR+Wrwt5uJ2zmIv71J7PxuyrpMV7NfZ8GO0AgDy5dycK4O8FUyu9f2svn7YAqjKVPPUHceHXPfucKXiLX+AC/ejyua0sbRftfI19/EYCwmUt54idxqBkKKxlJZ3i+qO/WJZvC2LlpLNp+adNCzmB94z4y5/sMuUpGwtEtJSzb7bhqu6LTcqp8CqG3IE9CiG8uCcqEuN20lfHSb3IImLeC1Lu8MZo68Nf58NmB13lhj4Vt6xJ6BUp1vJ3zPl/FLuXni75FzdE32XvgAFNi1lD16l4+D5nDM0/EUfrmTg7seZfIX/2EQEwU7c8hX3+RwFjXFFJ77A/k620s3biNyJaj/Ob1A/xlRgwLw4cWljXXgbJkHMd/EQg2qDt9icVra5g0S8vWeE2vlCoef3sSxAztuCMpbn0khf+ioG5r5McLLvHQi3fxiwQNrTZvCciEENdNli+FuM2U/PlP2B5cRSLHydzzX5SdO87rmbmMX7GR2Lr3ebeszZXY1k5ozEyWJsURqPYjOj4WFfWY6j7n7w0wb+lcQtSBJCz5Z1TtpzlnAtPHfyb/rA/3BIK1o/tAJj4qrOGepY8R432ZJt/72Ziayv8ae32B0+RJvkSF+xMV5U98cjgbdWBu68RYXE1S0lmSovSEJFby/h/r+LCijfSkk2wpuNK1t4X0xJNsO2rBUFxLcpSeoCA9ISElbMlrdqYor2NlbNf2qDPklbaRkXSS1LzWrmPYyUouIS3/yjXz15821J/o6NFETfUlFBgX4U94uD/RUT6Ag6MZZQQFOc+XtOUiRgBzAysTz7Ay6SQhIaVkvVBGcmo5iSF6QkJOkpZVy5Yk5z6xyVVUARibSEs82VOebfnN11WvQohvBgnKhLitmCj7XMPcxAkU"
01:01:10.288 [Forwarding screenshot on session d6a0bef0-bd24-11e6-8678-ab184a9d7075 to remote] DEBUG org.apache.http.wire - http-outgoing-0 << "fVDHwmee5dFl63hu42oiQ8YTFzuBy3VNruTqcBY++hMi/Zz7FvzhAHbfaUQGA/ji3706qPLuua0eGPMI6b9ax/cifOmwuw7lDXx+YBdbd2SyJ3MXu976iNb+a6WDqP68lWK9ieLiJnLTP2OXEXRBo8DaQVFRO1M3TeSNXwZj/ruNmlYVsx4axZ6dRswA5fXsOO3F7BgLTy+4hM+mCBobY/nLixr2rK/DQDOpDxg4mzCR8gvf5vWFNtYn1HHfD1Xs23LJGTBV1bP1WCcPxo2+znp3OPNg7+zZUpV3joe3dbBXP4PGqgjuzrvAqiwT4MBw2ophaghvvDGRUC8bx/bZSDv+bd7d5kv25ktYVkVQWjgR7bFG9hdbOZpRRY5vMOWNsRzPGk3GpsvO/AohbiuyfCnEbcobGNU1wluMNTT53MnAT2DV8V8v7eJ/Lk7g4WeWEUIJ0HHtpGrn3S9Lv7c7AMLm8NxTc/FrK+OlF3L4oCSRx2eEdKWwUXLkXc61AB0dhMUlMTvcFbWpteB4r54Ff2/AYexEF67hl9kRbJilwljYiaJo2ZoyAS1WPuraJ37FWNhxkePmyfi9aYQfjWeOLpC4jyM5fqqFjG31/L9j7TA5ELXRwt9QeHnrBHQ+sGh7NHGbIJQmgrfV8FcD3Lv/MiSMZV7vtUdbHUfe/RsteNPR4UNc0nzChxBsVpy6Aih8+PtKPsRBZQOcyGvC/Kg/ZhTSt05ijhaOfnSe4FUTmR+lwVynRlE6eTw5kFD8SAi+gLGxk3FTfXHsrufBxDZSVgRx7H/Gohs8C0KIbxgJyoS4rQQSfY+Vwx9eZHF8CK//5iWqYrw5daqeRRvDqNFfZOzyMX13aStjzws5VPl+i3XbHidcDZicb7mWJzvoGChI607RDvfMnOH8IoHfJCb5QkufFHbajJe53Ah0dDCm9202wGYG3ZOTKN8+cLhx1bdIQ0PYNvMCf9hTS+AeBxveDQFLM2lx5zg0WcOGx8Yw75/aOZx9jYP5QOOn7ahjQ9iUUMPvs2u5b28H617W9QteW2i6cJnL3tDREYTFbS30M9mXmd/xw9YGMzJGswRfwPnFANs1vhJroxOC1YwHwIEVQA3Ry6MoureBDwuayEs3sONZIwcroonXXn0MIcQ3lwRlQtxmov/5X/jghRw+mPMwq1d5Y2rtIG62P5+9nYl+/ELSI3vf5qnnrR05VBHOinVJBDTWUdsBY+4MZ5qvnfffK+LBx2dT8t5R7IQzIXCgswYyNcaXt//8V2pjHmXs5dOUt0OEd+8pxo8HH13Hg8NaWhU/3qhl87JLKLoAPp6lAmMTfwOy3vk2yaGQv6UeGmzU6dR8Fwd/fKuJOevHUJz1GQu2evNx/VQWPhVI2uJLnFZGc2yOpu8p1JEseyryunM2LlQF1V8RljCBWVoLGUmfsvvuUFIWjBp4JzvQcPXmvDUlrGci9a/dw/oVFwmJu0iT/M6JELcdCcqEuN34TeXpn69mf04urx/twNcX2tsh/MGlPLcwrk9SW1UJZ9sBqti7a0fXVl+W/vxXLFi9kC8y89m0KR/wZc7qh7mz177e3hpnENFlxtLVnNudSebWUwAExy5iUfSAUdxV1FoI1bh5zDXYq+dPZ9jkfB06ZyxLFDOmp8cSDqDzJyXBi7XRetYC03+gBix8QdFuxAAAAexJREFUVhXIb9/VMW9BJUGbQVEUtr0b6dwnfhzLFROfbhhL9JBz3JuCFtCoXHmMXj+FF0+WMT9c70wR7s/BnPGAEVB6vgGrgp5n99QqLwh2PZfWXc6F/z6RnIQLBB28AMDsJyeSIOuXQtx2vDo7OzsHTyaE+EaytdFmBz+/63zi3nUATPVXGB0SOMTfG4M2kwm7ajSBfrf2JyvMRisEaNBe9SCdA6PRToBO41qmNFwmMaaGnx6PZXnU8ObDYrbSYlPQ6VQ3eCRnvtVqDVpZthTitiRBmRDiH5o+6wxzN1tRloyn9rVQN1+GEEKIkSVBmRDiH5vFgv4TG1Nm3YHcgBJC3EoSlAkhhBBCeAD58VghhBBCCA8gQZkQQgghhAeQoEwIIYQQwgNIUCaEEEII4QEkKBNCCCGE8AASlAkhhBBCeAAJyoQQQgghPIAEZUIIIYQQHkCCMiGEEEIIDyBBmRBCCCGEB5CgTAghhBDCA0hQJoQQQgjhASQoE0IIIYTwABKUCSGEEEJ4AAnKhBBCCCE8gARlQgghhBAeQIIyIYQQQggPIEGZEEIIIYQHkKBMCCGEEMIDSFAmhBBCCOEBJCgTQgghhPAAEpQJIYQQQngACcqEEEIIITyABGVCCCGEEB5AgjIhhBBCCA/w/wHX7svesUKcLAAAAABJRU5ErkJggg=="}"
01:01:10.288 [Forwarding screenshot on session d6a0bef0-bd24-11e6-8678-ab184a9d7075 to remote] DEBUG org.apache.http.impl.conn.PoolingHttpClientConnectionManager - Connection [id: 0][route: {}->http://localhost:23446] can be kept alive indefinitely
01:01:10.288 [Forwarding screenshot on session d6a0bef0-bd24-11e6-8678-ab184a9d7075 to remote] DEBUG org.apache.http.impl.conn.PoolingHttpClientConnectionManager - Connection released: [id: 0][route: {}->http://localhost:23446][total kept alive: 1; route allocated: 1 of 2000; total allocated: 1 of 2000]
Base 64 String Length55456
01:01:10.318 [Forwarding findElements on session d6a0bef0-bd24-11e6-8678-ab184a9d7075 to remote] DEBUG org.apache.http.client.protocol.RequestAddCookies - CookieSpec selected: default
01:01:10.319 [Forwarding findElements on session d6a0bef0-bd24-11e6-8678-ab184a9d7075 to remote] DEBUG org.apache.http.client.protocol.RequestAuthCache - Auth cache not set in the context
01:01:10.319 [Forwarding findElements on session d6a0bef0-bd24-11e6-8678-ab184a9d7075 to remote] DEBUG org.apache.http.impl.conn.PoolingHttpClientConnectionManager - Connection request: [route: {}->http://localhost:23446][total kept alive: 1; route allocated: 1 of 2000; total allocated: 1 of 2000]
01:01:10.319 [Forwarding findElements on session d6a0bef0-bd24-11e6-8678-ab184a9d7075 to remote] DEBUG org.apache.http.impl.conn.PoolingHttpClientConnectionManager - Connection leased: [id: 0][route: {}->http://localhost:23446][total kept alive: 0; route allocated: 1 of 2000; total allocated: 1 of 2000]
01:01:10.320 [Forwarding findElements on session d6a0bef0-bd24-11e6-8678-ab184a9d7075 to remote] DEBUG org.apache.http.impl.execchain.MainClientExec - Stale connection check
01:01:10.323 [Forwarding findElements on session d6a0bef0-bd24-11e6-8678-ab184a9d7075 to remote] DEBUG org.apache.http.wire - http-outgoing-0 << "[read] I/O error: Read timed out"
01:01:10.324 [Forwarding findElements on session d6a0bef0-bd24-11e6-8678-ab184a9d7075 to remote] DEBUG org.apache.http.impl.conn.DefaultManagedHttpClientConnection - http-outgoing-0: set socket timeout to 10800000
01:01:10.324 [Forwarding findElements on session d6a0bef0-bd24-11e6-8678-ab184a9d7075 to remote] DEBUG org.apache.http.impl.execchain.MainClientExec - Executing request POST /session/d6a0bef0-bd24-11e6-8678-ab184a9d7075/elements HTTP/1.1
01:01:10.324 [Forwarding findElements on session d6a0bef0-bd24-11e6-8678-ab184a9d7075 to remote] DEBUG org.apache.http.impl.execchain.MainClientExec - Target auth state: UNCHALLENGED
01:01:10.325 [Forwarding findElements on session d6a0bef0-bd24-11e6-8678-ab184a9d7075 to remote] DEBUG org.apache.http.impl.execchain.MainClientExec - Proxy auth state: UNCHALLENGED
01:01:10.325 [Forwarding findElements on session d6a0bef0-bd24-11e6-8678-ab184a9d7075 to remote] DEBUG org.apache.http.headers - http-outgoing-0 >> POST /session/d6a0bef0-bd24-11e6-8678-ab184a9d7075/elements HTTP/1.1
01:01:10.325 [Forwarding findElements on session d6a0bef0-bd24-11e6-8678-ab184a9d7075 to remote] DEBUG org.apache.http.headers - http-outgoing-0 >> Content-Type: application/json; charset=utf-8
01:01:10.326 [Forwarding findElements on session d6a0bef0-bd24-11e6-8678-ab184a9d7075 to remote] DEBUG org.apache.http.headers - http-outgoing-0 >> Content-Length: 36
01:01:10.326 [Forwarding findElements on session d6a0bef0-bd24-11e6-8678-ab184a9d7075 to remote] DEBUG org.apache.http.headers - http-outgoing-0 >> Host: localhost:23446
01:01:10.326 [Forwarding findElements on session d6a0bef0-bd24-11e6-8678-ab184a9d7075 to remote] DEBUG org.apache.http.headers - http-outgoing-0 >> Connection: Keep-Alive
01:01:10.327 [Forwarding findElements on session d6a0bef0-bd24-11e6-8678-ab184a9d7075 to remote] DEBUG org.apache.http.headers - http-outgoing-0 >> User-Agent: Apache-HttpClient/4.5.2 (Java/1.8.0_101)
01:01:10.327 [Forwarding findElements on session d6a0bef0-bd24-11e6-8678-ab184a9d7075 to remote] DEBUG org.apache.http.headers - http-outgoing-0 >> Accept-Encoding: gzip,deflate
01:01:10.329 [Forwarding findElements on session d6a0bef0-bd24-11e6-8678-ab184a9d7075 to remote] DEBUG org.apache.http.wire - http-outgoing-0 >> "POST /session/d6a0bef0-bd24-11e6-8678-ab184a9d7075/elements HTTP/1.1[\r][\n]"
01:01:10.329 [Forwarding findElements on session d6a0bef0-bd24-11e6-8678-ab184a9d7075 to remote] DEBUG org.apache.http.wire - http-outgoing-0 >> "Content-Type: application/json; charset=utf-8[\r][\n]"
01:01:10.329 [Forwarding findElements on session d6a0bef0-bd24-11e6-8678-ab184a9d7075 to remote] DEBUG org.apache.http.wire - http-outgoing-0 >> "Content-Length: 36[\r][\n]"
01:01:10.329 [Forwarding findElements on session d6a0bef0-bd24-11e6-8678-ab184a9d7075 to remote] DEBUG org.apache.http.wire - http-outgoing-0 >> "Host: localhost:23446[\r][\n]"
01:01:10.329 [Forwarding findElements on session d6a0bef0-bd24-11e6-8678-ab184a9d7075 to remote] DEBUG org.apache.http.wire - http-outgoing-0 >> "Connection: Keep-Alive[\r][\n]"
01:01:10.329 [Forwarding findElements on session d6a0bef0-bd24-11e6-8678-ab184a9d7075 to remote] DEBUG org.apache.http.wire - http-outgoing-0 >> "User-Agent: Apache-HttpClient/4.5.2 (Java/1.8.0_101)[\r][\n]"
01:01:10.330 [Forwarding findElements on session d6a0bef0-bd24-11e6-8678-ab184a9d7075 to remote] DEBUG org.apache.http.wire - http-outgoing-0 >> "Accept-Encoding: gzip,deflate[\r][\n]"
01:01:10.331 [Forwarding findElements on session d6a0bef0-bd24-11e6-8678-ab184a9d7075 to remote] DEBUG org.apache.http.wire - http-outgoing-0 >> "[\r][\n]"
01:01:10.331 [Forwarding findElements on session d6a0bef0-bd24-11e6-8678-ab184a9d7075 to remote] DEBUG org.apache.http.wire - http-outgoing-0 >> "{"using":"class name","value":"lst"}"
01:01:10.345 [Forwarding findElements on session d6a0bef0-bd24-11e6-8678-ab184a9d7075 to remote] DEBUG org.apache.http.wire - http-outgoing-0 << "HTTP/1.1 200 OK[\r][\n]"
01:01:10.345 [Forwarding findElements on session d6a0bef0-bd24-11e6-8678-ab184a9d7075 to remote] DEBUG org.apache.http.wire - http-outgoing-0 << "Cache: no-cache[\r][\n]"
01:01:10.345 [Forwarding findElements on session d6a0bef0-bd24-11e6-8678-ab184a9d7075 to remote] DEBUG org.apache.http.wire - http-outgoing-0 << "Content-Length: 106[\r][\n]"
01:01:10.345 [Forwarding findElements on session d6a0bef0-bd24-11e6-8678-ab184a9d7075 to remote] DEBUG org.apache.http.wire - http-outgoing-0 << "Content-Type: application/json;charset=UTF-8[\r][\n]"
01:01:10.345 [Forwarding findElements on session d6a0bef0-bd24-11e6-8678-ab184a9d7075 to remote] DEBUG org.apache.http.wire - http-outgoing-0 << "[\r][\n]"
01:01:10.345 [Forwarding findElements on session d6a0bef0-bd24-11e6-8678-ab184a9d7075 to remote] DEBUG org.apache.http.wire - http-outgoing-0 << "{"sessionId":"d6a0bef0-bd24-11e6-8678-ab184a9d7075","status":0,"value":[{"ELEMENT":":wdc:1481187669915"}]}"
01:01:10.346 [Forwarding findElements on session d6a0bef0-bd24-11e6-8678-ab184a9d7075 to remote] DEBUG org.apache.http.headers - http-outgoing-0 << HTTP/1.1 200 OK
01:01:10.346 [Forwarding findElements on session d6a0bef0-bd24-11e6-8678-ab184a9d7075 to remote] DEBUG org.apache.http.headers - http-outgoing-0 << Cache: no-cache
01:01:10.346 [Forwarding findElements on session d6a0bef0-bd24-11e6-8678-ab184a9d7075 to remote] DEBUG org.apache.http.headers - http-outgoing-0 << Content-Length: 106
01:01:10.346 [Forwarding findElements on session d6a0bef0-bd24-11e6-8678-ab184a9d7075 to remote] DEBUG org.apache.http.headers - http-outgoing-0 << Content-Type: application/json;charset=UTF-8
01:01:10.348 [Forwarding findElements on session d6a0bef0-bd24-11e6-8678-ab184a9d7075 to remote] DEBUG org.apache.http.impl.execchain.MainClientExec - Connection can be kept alive indefinitely
01:01:10.349 [Forwarding findElements on session d6a0bef0-bd24-11e6-8678-ab184a9d7075 to remote] DEBUG org.apache.http.impl.conn.PoolingHttpClientConnectionManager - Connection [id: 0][route: {}->http://localhost:23446] can be kept alive indefinitely
01:01:10.350 [Forwarding findElements on session d6a0bef0-bd24-11e6-8678-ab184a9d7075 to remote] DEBUG org.apache.http.impl.conn.PoolingHttpClientConnectionManager - Connection released: [id: 0][route: {}->http://localhost:23446][total kept alive: 1; route allocated: 1 of 2000; total allocated: 1 of 2000]
01:01:10.354 [Forwarding sendKeysToElement on session d6a0bef0-bd24-11e6-8678-ab184a9d7075 to remote] DEBUG org.apache.http.client.protocol.RequestAddCookies - CookieSpec selected: default
01:01:10.354 [Forwarding sendKeysToElement on session d6a0bef0-bd24-11e6-8678-ab184a9d7075 to remote] DEBUG org.apache.http.client.protocol.RequestAuthCache - Auth cache not set in the context
01:01:10.354 [Forwarding sendKeysToElement on session d6a0bef0-bd24-11e6-8678-ab184a9d7075 to remote] DEBUG org.apache.http.impl.conn.PoolingHttpClientConnectionManager - Connection request: [route: {}->http://localhost:23446][total kept alive: 1; route allocated: 1 of 2000; total allocated: 1 of 2000]
01:01:10.354 [Forwarding sendKeysToElement on session d6a0bef0-bd24-11e6-8678-ab184a9d7075 to remote] DEBUG org.apache.http.impl.conn.PoolingHttpClientConnectionManager - Connection leased: [id: 0][route: {}->http://localhost:23446][total kept alive: 0; route allocated: 1 of 2000; total allocated: 1 of 2000]
01:01:10.355 [Forwarding sendKeysToElement on session d6a0bef0-bd24-11e6-8678-ab184a9d7075 to remote] DEBUG org.apache.http.impl.execchain.MainClientExec - Stale connection check
01:01:10.356 [Forwarding sendKeysToElement on session d6a0bef0-bd24-11e6-8678-ab184a9d7075 to remote] DEBUG org.apache.http.wire - http-outgoing-0 << "[read] I/O error: Read timed out"
01:01:10.356 [Forwarding sendKeysToElement on session d6a0bef0-bd24-11e6-8678-ab184a9d7075 to remote] DEBUG org.apache.http.impl.conn.DefaultManagedHttpClientConnection - http-outgoing-0: set socket timeout to 10800000
01:01:10.356 [Forwarding sendKeysToElement on session d6a0bef0-bd24-11e6-8678-ab184a9d7075 to remote] DEBUG org.apache.http.impl.execchain.MainClientExec - Executing request POST /session/d6a0bef0-bd24-11e6-8678-ab184a9d7075/element/%3Awdc%3A1481187669915/value HTTP/1.1
01:01:10.356 [Forwarding sendKeysToElement on session d6a0bef0-bd24-11e6-8678-ab184a9d7075 to remote] DEBUG org.apache.http.impl.execchain.MainClientExec - Target auth state: UNCHALLENGED
01:01:10.357 [Forwarding sendKeysToElement on session d6a0bef0-bd24-11e6-8678-ab184a9d7075 to remote] DEBUG org.apache.http.impl.execchain.MainClientExec - Proxy auth state: UNCHALLENGED
01:01:10.357 [Forwarding sendKeysToElement on session d6a0bef0-bd24-11e6-8678-ab184a9d7075 to remote] DEBUG org.apache.http.headers - http-outgoing-0 >> POST /session/d6a0bef0-bd24-11e6-8678-ab184a9d7075/element/%3Awdc%3A1481187669915/value HTTP/1.1
01:01:10.357 [Forwarding sendKeysToElement on session d6a0bef0-bd24-11e6-8678-ab184a9d7075 to remote] DEBUG org.apache.http.headers - http-outgoing-0 >> Content-Type: application/json; charset=utf-8
01:01:10.357 [Forwarding sendKeysToElement on session d6a0bef0-bd24-11e6-8678-ab184a9d7075 to remote] DEBUG org.apache.http.headers - http-outgoing-0 >> Content-Length: 105
01:01:10.357 [Forwarding sendKeysToElement on session d6a0bef0-bd24-11e6-8678-ab184a9d7075 to remote] DEBUG org.apache.http.headers - http-outgoing-0 >> Host: localhost:23446
01:01:10.357 [Forwarding sendKeysToElement on session d6a0bef0-bd24-11e6-8678-ab184a9d7075 to remote] DEBUG org.apache.http.headers - http-outgoing-0 >> Connection: Keep-Alive
01:01:10.357 [Forwarding sendKeysToElement on session d6a0bef0-bd24-11e6-8678-ab184a9d7075 to remote] DEBUG org.apache.http.headers - http-outgoing-0 >> User-Agent: Apache-HttpClient/4.5.2 (Java/1.8.0_101)
01:01:10.357 [Forwarding sendKeysToElement on session d6a0bef0-bd24-11e6-8678-ab184a9d7075 to remote] DEBUG org.apache.http.headers - http-outgoing-0 >> Accept-Encoding: gzip,deflate
01:01:10.357 [Forwarding sendKeysToElement on session d6a0bef0-bd24-11e6-8678-ab184a9d7075 to remote] DEBUG org.apache.http.wire - http-outgoing-0 >> "POST /session/d6a0bef0-bd24-11e6-8678-ab184a9d7075/element/%3Awdc%3A1481187669915/value HTTP/1.1[\r][\n]"
01:01:10.357 [Forwarding sendKeysToElement on session d6a0bef0-bd24-11e6-8678-ab184a9d7075 to remote] DEBUG org.apache.http.wire - http-outgoing-0 >> "Content-Type: application/json; charset=utf-8[\r][\n]"
01:01:10.357 [Forwarding sendKeysToElement on session d6a0bef0-bd24-11e6-8678-ab184a9d7075 to remote] DEBUG org.apache.http.wire - http-outgoing-0 >> "Content-Length: 105[\r][\n]"
01:01:10.357 [Forwarding sendKeysToElement on session d6a0bef0-bd24-11e6-8678-ab184a9d7075 to remote] DEBUG org.apache.http.wire - http-outgoing-0 >> "Host: localhost:23446[\r][\n]"
01:01:10.357 [Forwarding sendKeysToElement on session d6a0bef0-bd24-11e6-8678-ab184a9d7075 to remote] DEBUG org.apache.http.wire - http-outgoing-0 >> "Connection: Keep-Alive[\r][\n]"
01:01:10.358 [Forwarding sendKeysToElement on session d6a0bef0-bd24-11e6-8678-ab184a9d7075 to remote] DEBUG org.apache.http.wire - http-outgoing-0 >> "User-Agent: Apache-HttpClient/4.5.2 (Java/1.8.0_101)[\r][\n]"
01:01:10.358 [Forwarding sendKeysToElement on session d6a0bef0-bd24-11e6-8678-ab184a9d7075 to remote] DEBUG org.apache.http.wire - http-outgoing-0 >> "Accept-Encoding: gzip,deflate[\r][\n]"
01:01:10.358 [Forwarding sendKeysToElement on session d6a0bef0-bd24-11e6-8678-ab184a9d7075 to remote] DEBUG org.apache.http.wire - http-outgoing-0 >> "[\r][\n]"
01:01:10.358 [Forwarding sendKeysToElement on session d6a0bef0-bd24-11e6-8678-ab184a9d7075 to remote] DEBUG org.apache.http.wire - http-outgoing-0 >> "{"id":":wdc:1481187669915","value":["w","w","w",".","l","i","f","e","-","f","u","n","d",".","o","r","g"]}"
01:01:10.407 [Forwarding sendKeysToElement on session d6a0bef0-bd24-11e6-8678-ab184a9d7075 to remote] DEBUG org.apache.http.wire - http-outgoing-0 << "HTTP/1.1 200 OK[\r][\n]"
01:01:10.407 [Forwarding sendKeysToElement on session d6a0bef0-bd24-11e6-8678-ab184a9d7075 to remote] DEBUG org.apache.http.wire - http-outgoing-0 << "Cache: no-cache[\r][\n]"
01:01:10.407 [Forwarding sendKeysToElement on session d6a0bef0-bd24-11e6-8678-ab184a9d7075 to remote] DEBUG org.apache.http.wire - http-outgoing-0 << "Content-Length: 76[\r][\n]"
01:01:10.407 [Forwarding sendKeysToElement on session d6a0bef0-bd24-11e6-8678-ab184a9d7075 to remote] DEBUG org.apache.http.wire - http-outgoing-0 << "Content-Type: application/json;charset=UTF-8[\r][\n]"
01:01:10.407 [Forwarding sendKeysToElement on session d6a0bef0-bd24-11e6-8678-ab184a9d7075 to remote] DEBUG org.apache.http.wire - http-outgoing-0 << "[\r][\n]"
01:01:10.407 [Forwarding sendKeysToElement on session d6a0bef0-bd24-11e6-8678-ab184a9d7075 to remote] DEBUG org.apache.http.wire - http-outgoing-0 << "{"sessionId":"d6a0bef0-bd24-11e6-8678-ab184a9d7075","status":0,"value":null}"
01:01:10.408 [Forwarding sendKeysToElement on session d6a0bef0-bd24-11e6-8678-ab184a9d7075 to remote] DEBUG org.apache.http.headers - http-outgoing-0 << HTTP/1.1 200 OK
01:01:10.408 [Forwarding sendKeysToElement on session d6a0bef0-bd24-11e6-8678-ab184a9d7075 to remote] DEBUG org.apache.http.headers - http-outgoing-0 << Cache: no-cache
01:01:10.408 [Forwarding sendKeysToElement on session d6a0bef0-bd24-11e6-8678-ab184a9d7075 to remote] DEBUG org.apache.http.headers - http-outgoing-0 << Content-Length: 76
01:01:10.408 [Forwarding sendKeysToElement on session d6a0bef0-bd24-11e6-8678-ab184a9d7075 to remote] DEBUG org.apache.http.headers - http-outgoing-0 << Content-Type: application/json;charset=UTF-8
01:01:10.408 [Forwarding sendKeysToElement on session d6a0bef0-bd24-11e6-8678-ab184a9d7075 to remote] DEBUG org.apache.http.impl.execchain.MainClientExec - Connection can be kept alive indefinitely
01:01:10.408 [Forwarding sendKeysToElement on session d6a0bef0-bd24-11e6-8678-ab184a9d7075 to remote] DEBUG org.apache.http.impl.conn.PoolingHttpClientConnectionManager - Connection [id: 0][route: {}->http://localhost:23446] can be kept alive indefinitely
01:01:10.408 [Forwarding sendKeysToElement on session d6a0bef0-bd24-11e6-8678-ab184a9d7075 to remote] DEBUG org.apache.http.impl.conn.PoolingHttpClientConnectionManager - Connection released: [id: 0][route: {}->http://localhost:23446][total kept alive: 1; route allocated: 1 of 2000; total allocated: 1 of 2000]
01:01:10.410 [Forwarding screenshot on session d6a0bef0-bd24-11e6-8678-ab184a9d7075 to remote] DEBUG org.apache.http.client.protocol.RequestAddCookies - CookieSpec selected: default
01:01:10.410 [Forwarding screenshot on session d6a0bef0-bd24-11e6-8678-ab184a9d7075 to remote] DEBUG org.apache.http.client.protocol.RequestAuthCache - Auth cache not set in the context
01:01:10.410 [Forwarding screenshot on session d6a0bef0-bd24-11e6-8678-ab184a9d7075 to remote] DEBUG org.apache.http.impl.conn.PoolingHttpClientConnectionManager - Connection request: [route: {}->http://localhost:23446][total kept alive: 1; route allocated: 1 of 2000; total allocated: 1 of 2000]
01:01:10.410 [Forwarding screenshot on session d6a0bef0-bd24-11e6-8678-ab184a9d7075 to remote] DEBUG org.apache.http.impl.conn.PoolingHttpClientConnectionManager - Connection leased: [id: 0][route: {}->http://localhost:23446][total kept alive: 0; route allocated: 1 of 2000; total allocated: 1 of 2000]
01:01:10.410 [Forwarding screenshot on session d6a0bef0-bd24-11e6-8678-ab184a9d7075 to remote] DEBUG org.apache.http.impl.execchain.MainClientExec - Stale connection check
01:01:10.412 [Forwarding screenshot on session d6a0bef0-bd24-11e6-8678-ab184a9d7075 to remote] DEBUG org.apache.http.wire - http-outgoing-0 << "[read] I/O error: Read timed out"
01:01:10.412 [Forwarding screenshot on session d6a0bef0-bd24-11e6-8678-ab184a9d7075 to remote] DEBUG org.apache.http.impl.conn.DefaultManagedHttpClientConnection - http-outgoing-0: set socket timeout to 10800000
01:01:10.412 [Forwarding screenshot on session d6a0bef0-bd24-11e6-8678-ab184a9d7075 to remote] DEBUG org.apache.http.impl.execchain.MainClientExec - Executing request GET /session/d6a0bef0-bd24-11e6-8678-ab184a9d7075/screenshot HTTP/1.1
01:01:10.412 [Forwarding screenshot on session d6a0bef0-bd24-11e6-8678-ab184a9d7075 to remote] DEBUG org.apache.http.impl.execchain.MainClientExec - Target auth state: UNCHALLENGED
01:01:10.412 [Forwarding screenshot on session d6a0bef0-bd24-11e6-8678-ab184a9d7075 to remote] DEBUG org.apache.http.impl.execchain.MainClientExec - Proxy auth state: UNCHALLENGED
01:01:10.412 [Forwarding screenshot on session d6a0bef0-bd24-11e6-8678-ab184a9d7075 to remote] DEBUG org.apache.http.headers - http-outgoing-0 >> GET /session/d6a0bef0-bd24-11e6-8678-ab184a9d7075/screenshot HTTP/1.1
01:01:10.412 [Forwarding screenshot on session d6a0bef0-bd24-11e6-8678-ab184a9d7075 to remote] DEBUG org.apache.http.headers - http-outgoing-0 >> Cache-Control: no-cache
01:01:10.412 [Forwarding screenshot on session d6a0bef0-bd24-11e6-8678-ab184a9d7075 to remote] DEBUG org.apache.http.headers - http-outgoing-0 >> Host: localhost:23446
01:01:10.412 [Forwarding screenshot on session d6a0bef0-bd24-11e6-8678-ab184a9d7075 to remote] DEBUG org.apache.http.headers - http-outgoing-0 >> Connection: Keep-Alive
01:01:10.412 [Forwarding screenshot on session d6a0bef0-bd24-11e6-8678-ab184a9d7075 to remote] DEBUG org.apache.http.headers - http-outgoing-0 >> User-Agent: Apache-HttpClient/4.5.2 (Java/1.8.0_101)
01:01:10.412 [Forwarding screenshot on session d6a0bef0-bd24-11e6-8678-ab184a9d7075 to remote] DEBUG org.apache.http.headers - http-outgoing-0 >> Accept-Encoding: gzip,deflate
01:01:10.412 [Forwarding screenshot on session d6a0bef0-bd24-11e6-8678-ab184a9d7075 to remote] DEBUG org.apache.http.wire - http-outgoing-0 >> "GET /session/d6a0bef0-bd24-11e6-8678-ab184a9d7075/screenshot HTTP/1.1[\r][\n]"
01:01:10.412 [Forwarding screenshot on session d6a0bef0-bd24-11e6-8678-ab184a9d7075 to remote] DEBUG org.apache.http.wire - http-outgoing-0 >> "Cache-Control: no-cache[\r][\n]"
01:01:10.412 [Forwarding screenshot on session d6a0bef0-bd24-11e6-8678-ab184a9d7075 to remote] DEBUG org.apache.http.wire - http-outgoing-0 >> "Host: localhost:23446[\r][\n]"
01:01:10.412 [Forwarding screenshot on session d6a0bef0-bd24-11e6-8678-ab184a9d7075 to remote] DEBUG org.apache.http.wire - http-outgoing-0 >> "Connection: Keep-Alive[\r][\n]"
01:01:10.412 [Forwarding screenshot on session d6a0bef0-bd24-11e6-8678-ab184a9d7075 to remote] DEBUG org.apache.http.wire - http-outgoing-0 >> "User-Agent: Apache-HttpClient/4.5.2 (Java/1.8.0_101)[\r][\n]"
01:01:10.412 [Forwarding screenshot on session d6a0bef0-bd24-11e6-8678-ab184a9d7075 to remote] DEBUG org.apache.http.wire - http-outgoing-0 >> "Accept-Encoding: gzip,deflate[\r][\n]"
01:01:10.412 [Forwarding screenshot on session d6a0bef0-bd24-11e6-8678-ab184a9d7075 to remote] DEBUG org.apache.http.wire - http-outgoing-0 >> "[\r][\n]"
01:01:10.469 [Forwarding screenshot on session d6a0bef0-bd24-11e6-8678-ab184a9d7075 to remote] DEBUG org.apache.http.wire - http-outgoing-0 << "HTTP/1.1 200 OK[\r][\n]"
01:01:10.469 [Forwarding screenshot on session d6a0bef0-bd24-11e6-8678-ab184a9d7075 to remote] DEBUG org.apache.http.wire - http-outgoing-0 << "Cache: no-cache[\r][\n]"
01:01:10.469 [Forwarding screenshot on session d6a0bef0-bd24-11e6-8678-ab184a9d7075 to remote] DEBUG org.apache.http.wire - http-outgoing-0 << "Content-Length: 58742[\r][\n]"
01:01:10.469 [Forwarding screenshot on session d6a0bef0-bd24-11e6-8678-ab184a9d7075 to remote] DEBUG org.apache.http.wire - http-outgoing-0 << "Content-Type: application/json;charset=UTF-8[\r][\n]"
01:01:10.469 [Forwarding screenshot on session d6a0bef0-bd24-11e6-8678-ab184a9d7075 to remote] DEBUG org.apache.http.wire - http-outgoing-0 << "[\r][\n]"
01:01:10.469 [Forwarding screenshot on session d6a0bef0-bd24-11e6-8678-ab184a9d7075 to remote] DEBUG org.apache.http.headers - http-outgoing-0 << HTTP/1.1 200 OK
01:01:10.469 [Forwarding screenshot on session d6a0bef0-bd24-11e6-8678-ab184a9d7075 to remote] DEBUG org.apache.http.headers - http-outgoing-0 << Cache: no-cache
01:01:10.470 [Forwarding screenshot on session d6a0bef0-bd24-11e6-8678-ab184a9d7075 to remote] DEBUG org.apache.http.headers - http-outgoing-0 << Content-Length: 58742
01:01:10.470 [Forwarding screenshot on session d6a0bef0-bd24-11e6-8678-ab184a9d7075 to remote] DEBUG org.apache.http.headers - http-outgoing-0 << Content-Type: application/json;charset=UTF-8
01:01:10.470 [Forwarding screenshot on session d6a0bef0-bd24-11e6-8678-ab184a9d7075 to remote] DEBUG org.apache.http.impl.execchain.MainClientExec - Connection can be kept alive indefinitely
01:01:10.470 [Forwarding screenshot on session d6a0bef0-bd24-11e6-8678-ab184a9d7075 to remote] DEBUG org.apache.http.wire - http-outgoing-0 << "{"sessionId":"d6a0bef0-bd24-11e6-8678-ab184a9d7075","status":0,"value":"iVBORw0KGgoAAAANSUhEUgAAAmUAAAHGCAYAAAA17/z6AAAACXBIWXMAAAsTAAALEwEAmpwYAAAgAElEQVR4nOzdeVzUdf7A8dd3ZpgZBrkURQexgFDUSHQ1jQzNq9QOS7PD6pdtq23tWlZ2udqm2VrbYZdbdtillrotZlp5bVqZLuaZZJqQB3ihgFxzf39/jJggx3dggEHfz8ejRzLz+X6+n+/M93jP51SSk5NVznPpHVo0dREa1Ij9xU1dBCGEECJg6XQ6PB5PUxcDXVMXQAghhBCiKen1+qYuAgCGpi5AIJCaJCGEEOL8pdfrcTqdTV0MqSkTQgghxPnNYAiMOioJyoQQQghxXguU5ksJyoQQQghxXpOgTAghhBAiAEhQJoQQQggRAIKCgnzeZvDgwaxevZrVq1czdOhQv5RDgjIhhBBCnNd0utrDoeDgYAYOHHj67/Dw8NP/jo6OPv3vgQMHYjKZ6lSOwBhuIIQQQgjRRGobfRkcHMzMmTO5+OKL6datGy+99BItW7Y8/X55gPbAAw9w3XXX8dNPP/Hoo49it9t9Kofi64z+anwa424aROeYVoSYDNhL8vhtx3e8+95yChXFp537Iu1PU7k29hAvT5lDbgPupzI18SZenno73S6IwqwHty2PTcve4aGXljZaGQBUNZHpH79A75Yn+fjB2/loT/0/A1W1cvdTE4g9sJxpc9f5oZSBQbUOYvKEQYS581n+/EzWFf7+WanhaTz+6DAiOUr68y+yobDxzqXqlJc3xO0+/Zrbbafg8B6+emM+mYrSqOe/Gp7G409cS+TJTF6d8V6F/anx1/PUn/tB9nKmzV7le96qlbsn30+nEHCf9a4eSn7hjUr7PFN4nzt4YmQcq15+mlW5Dfw5WAcxeeJVkLmUZ8+4PtTwPjz+xAiKVs1h9qqsBi1DXTXWffrM7yOjw908MTLW5++muV2vomqqNY3777qKi9pGYNKD217ArvVLmb14AwDdb32Im3u04+Tur3n2bd/vHTXxR94JCQns3bu32vfT0tJ46qmnTv9dWFhYoaasqtf+/ve/8+233/pUDp+aL9XudzB7ylhSk2IJcRWQk5MHYVaS00bz7FO3+bRjX7VpF0NUbDsiGnQvFanqTXz+7ykM6hZH64hQQkNDiWgdx6C7ZrBk2rWNWBKAEOKS4mgXm4Q1xF95mmnXIZoOcW38lWFgMEcQEx1NtDWJ/oMTKryV0L8vSdZooq2diGvVROWr7FR5rdFRREV5/7PGxpHcawiTXnuYeFVt1PNfKVzH3pMmohPTuOe2rhXeu3vctcRFhXFoc0YdczcTFll+nNFYrVasVivRUeWvRWKuYetW7eOIjupA65oS+Ys5gpioKBLTxjC2+xm/XVu1JzE6mrYRjVEI3zXmfbpVdBzRUXG0NkOr9rF1+26a2/UqzqKqaTw7Yyy9Eq1EhlqwWCyERlrpNXw8M8b2ASChcxeio6KIj23t9/37I+/aaspWr17NkiVLTv9dOSCr/NqSJUtYs2aN7+XQmlBV43l47AAsuNmR/hIvLck8/fqDLzxJSlx/bo2fz4Kshvkl43QBbhc2reW1jmL2jCv57/T7WFzHMnW8ZyBxABxj+Suz+GJfG8ZPfYBuERB3zW30nfI53zVirZ3TAZgcFOd6/26jqhyt7/7d4HbVu2gBp7wWJuaSy2Hx77UZl196wal/uWj6uZtPsXkvxOylzzFtibesqmrl7umTSYvtRO8EKPXx/K+vRTPmcsm7E4gbcidp8x9jnaJgHfoQadF68jLm8faGwjrlqyhZvDJpPOA9xsdnzyDJsIep42b8XjtW0zntdAF2So+DqoajKHUrhya28vPISNo9j7P2vplkKcrp1wPxsmns+3TWkmk8mBFOYa5CfLILcNfpumpW16s4S8ywnlgByGf9woV8fziSEWNHkxgK1suH0OW9H8j8YTVtDrcgZ/Nav+/fH3nXNvoyKCiImTNn0r9//9PBV15eHl999RUAV199NVFRUYC3xmzmzJlYLBafy6G9T1mPfnQJhdI9S09f6OC9yc6a/z2v3ZuMuX0MZOXSZ9QD3HZ1CqF6AAfZ69OZ9vaXAIR3uZ4Hxg4jLsoIQFHuVuY/P4sNhQrh3Ufx6D1XY7XowV1Kvt1ESGkmzz3yYoWiqNY0Hp94M0lRltN5zH1yFlsq3cwNGKjPUyykPOp1uSh15PPdqqV8SxT//msqHP+ZI3ibFZ+aO4sRPWMxAK6ibD6d+QjPLd2DmngTc2f9lZ6xp+o3XEXs/OY9bn3oXRLveIn3J16B+1guzpZxtDa5WP/K3bx48kZmPXgNsaHer6bgwHr+OXY8nx8pL5WRK1/8N3d164gJKMhexYTrJrK1nsGZqsbz8AsP067sOKbYWEKB0iM7+O82GDwkGSPgyNvF3GdmsqFQwdrnVu69rT+xod7v0V2Uy+r5z7NgQyGq2oVx0+8hNTYSgLwDuViijax4+hHScyK46cFHGZ7ivYRxHGHN3Ff5aEMuqhrPuOl/Ob2duzSX1e88z4ItPj54baAH3A43xthLGBSusqpQQQ0fRHerkfzcfCKtplPH3Z1xT91Gapz3YsJdyp7v/8Ozc1dhHXQfk2/pSmm+m6ioUACO7FjGP15cRAEJ/inrmYJ+r2JQlFw+W7eftDFJtIuP4cxK9eo++/knh/HypIHkLXuJZxd7r9H46x/jyRHRLJ0+kSU+PIgVZQsvfrKVWWNSGPX4MNbO3Me9I5OhdBf/emMlKAqqGs+dj49jQNKpDq6OPNbN+xdz12Ux9KF/MrL9IZ6d+CJZioJ10H08dUsc6VMf4cvTTVtmym+DEUBu+fENeoCnbmnP8qmPsCTX+7099+JN5C99jkUAWOj3t9cYERUKuMnd8RXPv7iIQkXRfG/Q6vRt2pLEnx8czKRXVlG5Kq+6fSY99Rr9Q3fx9CNvkEMM9z83mR7GvTw78UX2EsHd05+lu+s7pix1/n7fA/IPZPDOlDfIrEuZNd6nrfEjmHxLV4qO2Im2RgJuDmSsZk9oLwYkef/O3bqUya8sqeUaOfVdPfsIO3wvrZdP12v155z3eu2GuxRCQ43k71jIxE9K/Ho+iKqZQ1p4/+F2Y3OeJHPLBnYSwfRRF8PJbAqADm0TSeoaTQfzQZZsyKX7qIe45+pkLHpw5GWTVRZKotXCjk9mMCuzF889dS36nB0cMnUk2WrBG0ssYloVzZNhZ+Sd/oOZB194mC6WUvbtdxCfZEWP97t/88lZ1V5XNXXM79u3LxEREbRp0+Z0QFZQUMDo0aMpKioC4L333uOzzz4jIiKC8PBw/vKXv3D06FEKCgr47rvvNH+WmpsvExJi0eNm05fpZ72nbJnLhPEPMXddLuFpDzB+eAqW/F2kz53H+j0niUsdzcw/paGqfXh00gjiouxkLJvHwjU7MFlTGD/9YaxqHx6dMByrIY81C+exIrOISIseY5i50j2wK5OfGktSlJ316fOYt2wremsKE164n3BVxdq9D4MGpdGvVxv06Inp1Y+0QYNI627V/KGU27J0FYcADO0YNWk227dv5tuJKWSueIdRd09jj6Lwl4/fZVTPWAyuIg4cKsAQGseYGW9yf6LK9NeneAOyokPszj6EyxBK10H38liKSkhYa0INJiLaxdHaBFDM7uKrmD9lBLGhBuwFhyhwQURsKjMWvMzv4zpMdOzWkZOHjuECIuIG8fT063w+tqoEWSxExcZyeN0yVmTkYolOZviQLuxbt4w1O3IxRiUxbHBXVHUQj4wfQqz+CMvmzWXesgxKQ60Mue0urKrKTU/dT2psJNnrlzFvWQaWWCsWo4UgMwx+8CmGp1jJ3bqCuXPTybZHM2D841wfr9Lvwb+QGhtCRvpc3pq3hnyLlSH330+86lO3x9P2b8vEQRSX9vc2iSQMTiWSPLb8dITy3yN3PjuB1LhIdqxZyNy56ezKM5CYdgOjrCrmkAgsegtRkaWsmDeXZVtziU4ezqN39/B7WV2AIciEqoYTHh6ONT6NPw5K"
01:01:10.470 [Forwarding screenshot on session d6a0bef0-bd24-11e6-8678-ab184a9d7075 to remote] DEBUG org.apache.http.wire - http-outgoing-0 << "BErZm5lzRsrB1X72MTt3UeDWk5jan3BVRVXDGdg3CX3pEXZU31WiWoWrXmHZnlJCk0bywgv3E6t3sOaNU7VFwIjJDzMgKdr7Xc5bwQFXFGljH+bWLipGcxj6sBan8zKHRGHUh1G5xa+8huTM307mkHCM+jAs5WlbRRCpN2I6I2iNjLSzZuE81uzKw3rqO1HVLjXeG+rCAOxKn8eOIohKucnbjHlGYWva56FDpRijutIrBojpRVK0BX1kAr0TgIhUusdasB8q5N57h2N1Z7HwrVdZuC6byNhe3Pvg4DqVV+t9uvzcjrY6WJOeztZcO7G9hjCgQxlr0pexK8+NNWUg11vVWq6RU99VnUpbkZbrtaZzzntMRkJDT7JrzwH27Xf6/XwQVdu7PoM8AH0UA8ZMYu7cd3jt5kSy/7eUqc99RK6i0L5dNKEWC6EtQlD7/In7h58KyPKPYI+MIyk2Cr3eQnhEBBBEqFFPVFwKydFu8ovcgJG4VO95V9mZeQOEWCwYLVEkJlk5mVeEGwi1pnDnuMuqPQa3++xeruWefvppJk6cyJgxY06/9umnn6KqKmFhYYSFhaGqKp9++unp98eMGcPEiRN5+umnffostdeUnWo2KDpVY6Oq8UyePYXE01ejm13pz7Kra0cgl3cemckGRUFdm4Hl5Vmk9O5Lr2wbVmDHvJnMXpULrGIf05g0oBNX3W7GCmyd9xgfrVPgy1UYZrzDgKiKN2zL4MEkGiFv60pW78jFTBb/TUhgeFI3hiUkEHf/eBLPqIVMGTGWFIDcFazbssCnD0fZ8y5D7nQwd8afSImNwICBiNiujBg/g2uGXc7Nw35kWDdvLdimj59i7Is2Xl/zKv1at6bvtd154/XplPTqTF7GGo52uIYH/9iO1gZHpWr4Y7x/5wBeLOnIPU+8iwmwZ6fT6/qpqH0f4t9P9ONkpSfq7sUPMWraKh5a8D13dQ3Fmpjo03FVR28A94EVPDt3Map6kIvfH09U9len/t5L0vsTvAkjclm/bh3OrV+TngVd4438lteL5MhwIriM7nEWHNnLmPb2YgCymMqU4TFAApd2iYSiXSxduhF7OCz98kImjE6hW48EMvQGQE/bhARarN/I3Lf2EWU/eDoI8IUBsOds4peuySRfejksyaJfzzjIXcH3xzowwHsg7NuyhjX/28OH6T+T0DWevYfySYoOPbPSiox3HmPBBgV15TZiXptFSvcrafOb/8oK3uAkdsgE3h9S8fXcjP+wJFfh+vIXavzsN7NiYx7jU7sxLAHmM5ieUZC7bkWdy7Voxqd0f3cs1igLR9bP5aNMbz6q2odLEy24D6xg8ive62ptppM5M4bTo/9gvL8Lz2zg8/5bWxNUpbRV1HZnvPMIH21QUJdn0Pq1WST3HELyAVsN9wZYUMc++SYymfnmOuZMSiNt7MN8PeXn00cWUcP9qN1n3+BIHUK3XjF840jCW9dqIbFHAhEl3QnFwQ+rdxHXE7BE0jGxA+vWfsxbe9tjP/hr3Qqr8T696NRfGW89xkcbFMIdScwancTWT5/no3WFhDs6Mmv0BVjMtV0jvnyv1dN2vV5W4zm38dRvl4y5zzB7XSHhgx5glg/nw9ChQxk2bFiF15YvX86XX35Zz6M79ym5X/LIdCePj7uOxOhQ9OgJjY4jbcR4Lr8smamPzcF5xtCeEQOS0QOO3HWMnzwXVR3Ec++OIfqMZ7c3dR4LH36E5QU9mD5nArHGCg0KpzkrDRsq/+vAin8ydUEmo6a+wfA4C5Ht2ld7DDUFZVWxWCwVptHQ6XR1aq6szMcpMSx06BIDubnAcf733XoKWoDTEktqSmyFX7Llg0AVpZDdR0pJCYOgEDPg5lBWDuC9uRec9N5xvbGvm6MHf9/byRI7Z1QRARAa4Y2Eo1JGMyXlzHeKcLKXN6ZOJoQSSqKv4/kJffnu1af5/AiElPy+T61Srr2Dq7pY+f7lUYxdGc7g0UMYduN1DOraDkPsQG4ckX+643XPu15ix12/bxtz8R8w04vhQ1OJGDGq+p0U7WPNFlCUPZhPzV3nOOm9oyrfvcSo4S+d+nzKD7aIjM9XAgp2l/ckcvh0VDXQQ/7h8lqZo5S4gezygLCQEre35UYpzKTAMIqbJsxgxJnbl7qwJcQRBeRk/t50sjfzAO7hMQS17ESkETAmMX7KlAq7jkhIZvnMuXR8diwpyWmMSU7D24TyFds2763TiDG941dWbM0jObUrfayDSI6GPQuXczzo/lMpCvj1KAy7eTzvVzyQCg+ZopPe/ytKIbtzSklJbEHmi3OJ8WdZgbwda1jz80mMxiCCKGHvjvVsyarUHFqws/rPHti57DvuSB1Bj4GXke3qjZEivvtsM76e++UUZR3f7RnF6CQ9m5at/T2fmGhCgf3bt/2eOCeTfY7hxLdtXa9uA1Wp3H/rzO/k55xSkhNNtIrw3tGrvjfUQ1AESuZc5mV0YmyvZCbcG3T6pt+qpvvRkY1klQ4hvls/hrk6wJEd7NAn06nL5QxzXQClv7B2717WzlvDxJsHkDJgBCkDRoAjn/WLXmdLnQd2arhPOwEcHD166jiMeqCUnF8LAIVW3pZxnBqvEX+o9XptWcs5l+Mt19HyY6jxWXG28uCrPDCTgEy7+D6D6B3Xmu2fTmHm5hB69OvFZf370isuCn10T/olzKH0jPRBpzoGGPXlV3YmR0shOrRSxqX5/FIAUEiJCzD68gOglO0bdwIKzlPPypr6gbpc1b87Y8YMOnbsSHh4OEOGeH85Dxs2jM8//5wTJ04A0LJlywpB/VdffUVRURG7d+/WXGLwISjbu2M3pSMSSR52C/ErXyRLKWTVgrdZBajh19NzViwAQVWMYGgbaQEMGIMA9ES2j4BTDxvzqTYKPWe/FxZiOmvcvLPE+8Ke9Ok8e6pTtLX79QzvaSHzOBQW5lIIqLgwYsRVmENhrkJhHR5Kl4++lzHdQuG6i/ll5e2sWrSHlXtasenDUZhwwL5M8lwQaoBN70/mH2vyGXLjzSRH5vP9p04mzk4lAheb5j3F2Jn5fLJpNl0rN1sbz55F2BjmHWakJj7EivkjIfcX3vnTq79/Bj4fiTYGoOyMqNgAuMvsFf4GsA59jDGpceTvWceb6WvZkpnFrdPeYUg0sDeHk0B0QiLgDcwSusSiB5wn9lHkhqgjaxg7+SPvMYZ3587RKeRtyiChXypH/zeXu9KzuGzwYFKvvJLklMEMS1hUp1oOQwhsXr0ZR+oQRt4/jEjySF9eQMjph0sP7h07gOjSA6S/9QkZP+yEEZOZMeKCM3KpeAK2j7KAvRhLvwT/lhUo2vs9X35Z88Ythz1e/WcPKLlL2JR7LWk9RzKSKNwH1vBlPacRMJZ3gD3zF2pOPqVAh0u6wan+a0RcQJQR8g7kwKlBUOWxmc2X339Bhooblzgrbe2g7NR7qhpOxxgL2O2UlHhfq+7eUF9r33iVni9PIzkpCYDD2LDVeD/ay9GdeST1GshA9OSu+S//NbQhOW0AQ4Aj6zeRQwLDYuDrNx5kZUE8w/pdxuCBvUi96SZWr5zpcw2n1vt01Qxn9ZfTdo34R63X64lazjniKhxDzd9N1WU4MwiTgEy75AE3MCTRAn3j2HffDLasy2XzwTDmTBmAsYpQ6GhBKWDBTSjhqkpBQi/aVw7IGllNQdkXX3yBy+VCURR69+5NeHg4rVq14q233uLrr78GvLP7t2rlfXYXFhYydepUVFXFYDD4VIOm+U6pZC3m0/XdGZuazJTZz5GxYRO7D5XQLu4SuvdOwgi4nDY2b9vH8LhExj51N3y8lrYD7yItGop2ZPDNSifXDI+j15hHub7oXfa06sc9Q2LBfYCdH68hflAive78G2NDvsbWeRADrHoqhNcYKF2+hiOjk0gcNo5b8z9ko6ML4+4ZTrQ+j1/mzP+9QqAkm4wdGWTX42b8+sJvGd9tGIR2Y/aW9Rw6ZqN1u9beD811iMwtn0PWVOI6mug58l4e7ljGpakdve//74VTp6KB6E5X8vq/u50KyIJpH1ux+q/F6f2t54/dhmGKG8X3X/fG1qIdrU0GiHSw9Qj4ZxGH2mgfz152"
01:01:10.471 [Forwarding screenshot on session d6a0bef0-bd24-11e6-8678-ab184a9d7075 to remote] DEBUG org.apache.http.wire - http-outgoing-0 << "7ABZOTaGjp3KkNjy72otG/fczPCkEUz9UxDr89tww/A4vG/uZM9+B3Fx/XjyjkN88v1xBt5+D6lxFnZlf40xdTBD4q6mDe+wKCOTxEvTAHDWudbFDHvX8kvREJKtkTiyV7BOUYg/9W4QoRgBSo+z5+ccIvrdydgR3n5cv4fKevqNfZxDc5cSdPktpEbBkfXriek/1s9lpep6+QoMlNfRVP3Ze33930zSxiQTBWxd9Xk9ClSpeGf8W1HWsTP3TgbEDuSxW4+xdJeDwTePIBLY+suv0NIF+gu46abLWHc0kduuLT8HKipvrTjzyI8fLQTiSL3rTvam7+GyMcMwVtjKyPAHH+fom0sJuXwUKaFwZP1aMpaj7d5QR4qSy4uvr2b2lCF4f2aayVm+tsZ9rv1mO3f2GoAeN7/+uJnNpp6406LR42Dn92uBy+g3ZADRfeMIeuNjtm3Lpu/AXkSWFFGXW5fW+7R2Wq4Rf6ntel1b8zkX2bdCbrV9N9WdDxKM+S59zVZGJKaCJZFJ784mL99OZFSk9/p2Hyd7b8VGr20/ZUOvKPTRvXhx9mu4LaGVrvFTGnF6+5qaL8uDqkcffbTCtBctW7bk1ltvPSt9eHg406dP5/nnn/e5HD4d8rq3J+MofoDR/VPoNWA4vU697i49QsaKdGYvyQKeZWHMNEb3SmPCFO+DqujAema9uBxFUXh5biyP3JnGiAmnmq9Kc1n2xhQ2KAo/TI5k+uMjSRs9Bhz55Dsg0mA4dcN2gb2YAn7gH2/F8bexQxgydhJDANz5rJv7MuvO+FWpFG5g9ksbqM+dWFn6OJMTQ3jw9n60NoTSrp03lHcVZPPxkyNZqih8PvIJ4pY/TWpsLKmp3nJmr3qDez/6kDu6j2TSoDhiew4iliKOFdhpHWGi2/BrKck4Vd9V5qT4jP091aUNU8f0JLSddwSkqyCbd58cz266n6q0+f3EOVlSBkRgK6vntACu3/9nqPRyVX/nLF/KjgHxJKeOYVYqQBG5uUVYrW1JjoFFM54kePJTDEgdThxuirw/igCY//QrtHn2flIGjGGKt6MIuRnpPLcqFzVzEd0ev4WUEeNJGeE91ux1H7K4DpOEugCX0/sgXb8ll+Q0K5nrzxwubafUtpa1GVcxulcKk2bNArwjRd2xVhJ7dGVjeZVkWBJjJnlrR/Kz1/HqnB/IiWnht7KWl7fWFPZi9i3/qsbPPisXclb+l9wxyVgde1i5tqDmKSY0cJy6WZVWepZ/+OQbtH7uHpKHjCFpCICDXSve4pV1uagHV3DZYyNIGT6eFCA/9whua+hZD3LbqXP6zKwL1i5i3aAE0hIHMGHSACjKw4F35J/Ncer8tyQxtvw72bOGf8z5AUVRNN0bfOE9j34vnZK1gHfWJDJhgHeyHEXZUPM+d37PntIBJBn2s3UnwA5y3anElv7C6p3e7T9M7839I1IYPWkKowEcR1j20bw6T/Kq5T5tHVpxUg/v51rV3zVfI2tLztyu7hOFaLteIb2Gc67yMdX63Qi/UTa8zVvtLYy+OoVIvYWoU6Nd3UW5fPWm9/le3i/WXlxC4brZTA+5j79c041ISyiluQcoiY4lUg/FBQW/Z+w6I1Cq9Pyrir245Iy/fk9bYrMDobhd1bcz1danrF+/flx11VWn/y4uLqZFixYV0pz52lVXXcXGjRtZu9a3aTp8ntG/nDU+3hss2Y6TlXt2UKCGW+kaE4GtYCdZlR5UqhpOQtcYzLYCMrO8A+FV6yCmP34V2fOfYe6GQlQ1nAdfnkUKGTw48Y0qb1DxXbpgttnIzGr4WbVT+valBVB8ZDdb9xw96/3ElL5Et4Aju79lz9EzZqROTOGKaNj97RbNc4qpaiJXXBENxUf4busefx2C31njuxBBxc9fVa2Me/YRYn9LZ+rb3lnQu4+dwYS0KFZMH3d6fqTw+HhizGYKcnaSW6l5zRofT4QZcnbWrX+Wr1RrPF0jzi5L/PVPMmVEDOmT7+Mbc1da2c4+lxu7rL/v9+zPvpwaPpSXZ42GjLk8NLvhV2rwfpdVfwbeazSHzMp947Tka40nJgIyM6u+vuO7dIGCnCrvP415b/DHPqu6J/pDbfdpzeWr5hppKjWdc1VpivPhfBXfpQtmwFbNtQkQP/QhHhtxISfz8/juw6dJLxjGc9NGE60vZVk95hatD6vVSm5u9deewWDghRdeIDk5mSVLljB16lQmTZrE7bffDsBnn33G008/zbRp07j++uvZtm0bjz76aI3NolWpc1Dmb2r4IF6YNYYoSjmwJwdj23iiQ/Vkr3iVaQu2NHXxhA/umPEOA6x68nOzySOCRGsk5GUw+ZE3GnWJrPqKHzWVKcM7sGL6HxtsUmR/UtVw7p4+nbTYUKCI9Ml/ZUkDL0UkhBC+UrvcwZxJA85usnTs4Z/jZtRtjr56atOmDUePnl3hUk5VVRwOB1dccQVr1qyhRYsW3Hjjjdx/v3cgygcffMCHH35IcXExAwYMYO3atZjNZhQfj0UfHR399/ociL8o9ixW7CnhQms72rQMB9sRtq76iJcXS0DW3Gxb/RNBMVaio1sSqnNwcOd6Zs94j/3NKCAD8Jhak9CmjJ3/28C+osAvu6LYibqoF7EtytiydC7zt+Q1dZGEEOIsyrHtZOZbiI4w4nY4sZUUcSR7Mx89/yo77E1zrzWbzZSVlVX7vqIo6PV69u7dS0iId2Rv69at6d+/P+Dti5iVlYXRaOTXX3+tU0AGAVRTJoQQQgjRFMLDwyks9K2Jv6ys7PQ2YWFhTTFPmRBCCCHEucXXyWMBgoODCQ4O9ms5NC+zJIQQQghxLvK1Q35DkaBMCCGEEOe1utSUNQQJyoQQQghxXnM6G2qtHN9IUCaEEEIIEW8cvJwAACAASURBVAAUytcCF0IIIYQQTcagqhKTCSGEEEI0NWm+FEIIIYQIABKUCSGEEEIEAAnKhBBCCCECgARlQgghhBABQIIyIYQQQogAIEGZEEIIIUQAkKBMCCGEECIASFAmhBBCCBEAJCgTQgghhAgAEpQJIYQQQgQACcqEEEIIIQKABGVCCCGEEAFAgjIhhBBCiAAgQZkQQgghRACQoEwIIYQQIgBIUCaEEEIIEQAkKBNCCCGECAASlAkhhBBCBAAJyoQQQgghAoAEZUIIIYQQAUCCMiGEEEKIACBBmRBCCCFEAJCgTAghhBAiAEhQJoQQQggRACQoE0IIIYQIABKUCSGEEEIEAAnKhBBCCCECgARlQgghhBABQIIyIYQQQogAIEGZEEIIIUQAkKBMCCGEECIASFAmhBBCCBEAJCgTQgghhAgAEpQJIYQQQgQACcqEEEIIIQKABGVCCCGEEAFAgjIhhBBCiAAgQZkQQgghRACQoEwIIYQQIgBIUCaEEEIIEQAkKBNCCCGECAASlAkhhBBCBAAJyoQQQgghAoAEZUIIIYQQAUCCMiGEEEKIAGBo6gIIEchK7SoHTqgcKfSQX6JSZAOHS8XjAYMeTEEKYcEKrVooRIcrxETqMMpVJYQQog7k8SHEGQ4XqmTsdbP9gJvMHDeHC1Sfttcp0CFKR5cYHd066OkVryfcojRQaYUQQpxLFFVVfXvqCHGOOVaksnKHi/9musg66vFr3grQ7QI9gy42cGUXA+Ygv2YvhBDiHCJBmThv7TjgZtFGJ+v3uGmMqyDEpHBNdwMjLw2iVQupPROBY85PC3l758Ja02XcvLgRSiPE+UuaL8V5Z+dBN+9+42Tbfnej7rfErvLpBifpm5zc0CuIMalBWEwSnAkhhPCSoEycN44Xq8xe6eCbn11NWg67Cz75wcmK7S7+epWRtCS5DIUQQkhQJs4DKrBiu4s3VjoosQdOa/2JEpWnP7PTv7ObiUONtDBLrZkQQpzPJCgT57RSu8oLyx2sbeLasZp887OLXblunh5l5qJomTpQCCHOV/IEEOesnBMe7nvfFtABWbnDhSoTPijj218Cv6xCCCEahgRl4py086Cb+9+3ceC4f6e4MBkgIkShdZhCZIhCkN5/edtd8PS/7SzdLIGZEEKcj6T5UpxzNv/m5m+LbNid9csnrrWO7hfq6RKjo0OUjvaR"
01:01:10.471 [Forwarding screenshot on session d6a0bef0-bd24-11e6-8678-ab184a9d7075 to remote] DEBUG org.apache.http.wire - http-outgoing-0 << "OkyV5hlTgWKbSs4Jlb1HPew86ObHbDd5RXXsu6ZAsLF+5RZCCNE8SVAmzinb9rn520Ib9jpWNrWNULj6kiAGJxtoG157x3sFCDUrJFkVkqw6hqcYUIGfczys2OFk5Q4XNo3BoaLA49eaGHSxXJZCCHE+kru/OGdkHfXwt8X2OgVkF0TpuP3yIPp1NqCvZ6O+AnSJ0dElxsQf+xv5LMPJoo0uyhzV155JQCaEEEKeAOKcUFCi8uRCG6U+TnkRbFQYmxbEiJ5B9Q7GqhJqVvi/K4xc0z2o2jnSJCATQggBEpSJc4BHhWnpdo6d9C0g6xKjY8oNZtqENfz8YK1aKEy5wcQVnfS8uNxB6alaMwnIhBBClJMngWj2Fqx3sm2fb0smjegZxJ8HGTE08vjj/l0MXNRWx+SFdnLyPRKQCSGEOE2eBqJZyzrq4cNvHT5t88f+Rm5NDaKp5s9v31LHq3ea+TnXQ5+L/DinhhBCiGZNgjLRbKkqvPylHZcPU5GNG2Dk5j5BtSdsYOEWRQIyIYQQFcjksaLZWvmTi8wc7RHZyEuDGB0AAZkQQghRFQnKRLPkdMP767Q3W6ZcoOfegcYma7IUQgghaiNBmWiWVu5wcaRQ22jLsGCFJ683oZOITAghRACToEw0O6oKCzdqX0Ppz4OMtGohEZkQQojAJkGZaHa27HNrXmi8S4yOwTLlhBBCiGZAgjLR7Hy1Tfs6Svf0N6JIJZkQQohmQIIy0azYnfDdbm1BWZJVxyUXyLQTQjQbqsf7nxDnKWnXEc3Kln1u7Bq7k93Qs+kmiG1W3G5ce3bh2L4Z155fcOccwHPsCGppKarDjmI0oVgs6FpHo2/fAcNFnTB264Hhok6gD4CgV3WhFm1BzV+HWrQFyvai2g6CuwjcpaAYwBCBYrJCSEeU0O4oEVeghPX0vtfECktVNmW7+emAh71HPRwu8FBYquLygEEPkRaFmJY6OrXT0StezyUd9A2yTmtjUm1lOLf+iLP8nMs9iCf/OKrDO6JaMZnQtYzynm8dO2Ps0Yugi1MC43wTogEpqqr6tmCgEE3otRUO0jfVHpWZguDfD1gINkpYVh3Xr79g+/Jz7N+swlOY7/P2uohITP0HYx56HYaEjg1QwpqpRdtQc+fiOboYHEd9zyCoFbo2N6LE3IMS2t3/BayBqsKGX918vtnJpiw3Hh/uwi1DFK77QxA39DTQwvz7+f1Npotvd9e83NiFUTru6Hv2XH1zflrI2zsX1rrvjJsXay9oZaqKM3M7ZUsW4/j+G1S73afNdRGRmK+6huAbbkEX1bru5RAigElQJpqVce+Usfdo7c0b/TsbmHKDqRFK1Pw4d26n9IM5ODb/z295Gv/QG8td4wnqfLHf8qyOWrgBT9Y01BOr/JanEtkPXfzTKBGpfsuzKiqw8Vc3b//XwW/H6tdMFxqscO9AI1ddYkAB3lvrYN73Nf9g6dZBz0u3m896vaGDMufPP1Hy9ms4t2+p0/ZnUoKMBI+8Bcvtf0QxB9c7PyECSdPX3Quhkd0JWRofZN0vlGaOyjyFBZT862Vsq770e96OHzfi+HEj5sHDCPnzRHRh4X7fB8483LsnoR6e5/es1fy1uH/sjxJ9M/qOL4HR/zUxJ0pUXl5uZ/2emmuztCoqU/nnF3Z+zHYzaXhg/gBR7TZK5rxG2ZJF/svT6aD0kw+xf7OK0MnPNMoPASEaSzPvmSDOJ7/ledBar3tJBzm1z+Tcson8P93WIAHZmWwrl5M/7jac2zf7NV81fy2ujX9okICswn6OfIprYw/U/G/8mu/WfW7+9HaZ3wKyM63Z6WLKIpvmvpaNxZ1zgIL77/JrQFYh/8O5FEwch+3rLxokfyGagjy5RLNx8IS2WjKjAWJbyqldzrZ8CQWP/QXPibxG2Z8n7xgFj9yH7aul/skv933cW64G+yG/5FcrxxHcW4biyXnbL9mt2OHi0QU2CkobrqfIpmw3i/8XOFGZ69dfKJjwR1y/ZTXwjlwU/XMaZf+e37D7EaKRyJNLNBtHT2p7qMW01MncZKeULZpH0UszwNPI0wx4PBS9MJ2yfy+oXzb7X8Hz8zhQ/V/DVCPVjWfX/Xj2v1yvbL7c5uK5pXbc59EsD67f9lIw6T48hQWNts/if83Ctjy90fYnREORPmWi2dBa0xAd1vAR2eOf2MjIauRA4Qz/ftBChKXm47R9+TnFb73SSCWqWvG/XkYJDcM8ZLjP23oOfYBnz6QGKJUPZdjzGBgi0Vnv8nnb73e7eXGZbyMMmzvPieMUPvEAalFRo++7aNZM9NZYglL+0Oj7FsJfJCgTzUaJTVtQFmI+96vJcvPVGoMy588/UTTrH3XOXxfZEl10OxSTGdVuw3M4F0+B79NmABS9NAPDBXEYOnXRvI168n94fr6vTvsDwNQOxdwBdBbwlKKW7QPH4Tpl5dl1P0pIJ5TwyzRv89sxD88usVHXBsvWYQptwnQE6aHUrnIwX6XUHuAD5VUPJ/8xBc8x36cnUUwmDJ26om8f6z3nSopxH9iHc88ucGlcwcPj4eSMyUS+swBdeKTPZRAiEEhQJpoNl8aKqeCzp2E65+QVeaiu94FaWsLJ6U+C27eaPENCR8zDR2Dq0xddm7Znve8+cgjHhu+wLfsPrqxftWfscnFy+hNEzlmAYrFoSH8S947bQPWtj5QS2gMl5o/oooaDyXp2AnsOnmNfoOa+g1q0TXvGqhP3T3dg6L0ZDGG1Jne64Zkldmw+dvHq1E7HtT2C6HORnsiQigG3qsLeox5W/+Ri2VYXJQEYoJV9/m+cWzb5tI0hqSuWUbdhvCwNxXT2CFK1tAT7NyspXfAB7kM5tebnyT9B8avPEzal7j9IhGhKEpSJZkNrPzFfJuJsrk6WVf9eydw38RzVXiukax1Ni788gik1rcYPWR/djuDrbyL4ulHYv/svxW+8iCfvmKZ9uA8fouTDObS498Fa03qypoFtv+byY45F3+lVlKhhUNMaDqYYdO3HQ/txqMc+x/3Lg2Cv/UEPgG0/nqyn0HWsvY/ZJz84ydYwl165NmEKD1xtovdF+mpLryhwUbSOi6KN3JYaxJz/Oli+VfsasA3NU1hAybuzNadXQsMI/eskTFcOqfGcUywhmIeNwDRoGCVvvaJpJKd97WocQzdi7Nlbc3mECBTS0V80G0Eapx4rczRsOQKBzVF15One/xtl6dqnIDD2uoyWc+Zjuryf9qhXUTBdMYDIOfMx9rhU877KPvsE94F9NaZRS3bhOfi65jyVqGEYem9GiRpOjQFZxa1QWl+PofePKC0Ha96X5+CbqCW/1Jgmr0hlwXrtJ2CveD1v3xNMnxoCsspCgxUeHmbiietMAbPcUtmnH6KWlmhKq78gjsg3P8I04CrN55xiNNLir5OwjL5DU/qSOa/IGpqiWQqQS1qI2rXQ2FesWGPfs+bMVc3zpnTB+5ofRqa+/Qmf/iJKaGidyqALCyf82ZcxpqZp28DjofSTD2pOsu95zeVX2tyI/pLFYKjjRLVBLdGnpKO0vk5betWN57dna0yy4Acndo0VWH0u0vPMTWbN53Vlgy428LcRpiZf31UtLaFs6Wea0upjLyDipbfQR7er075C/nifpiW9XFm/Yl//bZ32IURTkqBMNBuV+9lUJ7fg3A/KdFVcuZ7jx7Ct/krT9oaOSYQ++QwY6tmDwRBE2ORnMCQkakpuW/UlnhPHq37Tfgj1sLYpNJSwXui7flD/BcWVIPQXf4QSmqIpuXpkYbXzpRXZVL7cqq0jWXwbHVNuMGOo58ITaUkGbq9iLcvGZF/zNWpZaa3pFHMw4dNfRBceUbcdeTw4Mn7QXLtW9tkndduPEE1IgjLRbESHa7sZHy7wVFuTdK4wVRGL2FZ/rW0+MkMQYU8+g2I0+qUsislM6BPTQa8hwnC7sf93RZVveY58om0+Mp0JXdcPQOenpYV0wd78FA3BjerGc7jqiUrX7HRpqiXTKfDkdSbMfoqlbu9r5MLWTXcr1/pDIOSu8ejbd/A5f09hPqWffMiJO2+g8G8P4fq15ibkcs5tP9baXC5EoJGgTDQbsa20na5uD2T50NG6OQox"
01:01:10.471 [Forwarding screenshot on session d6a0bef0-bd24-11e6-8678-ab184a9d7075 to remote] DEBUG org.apache.http.wire - http-outgoing-0 << "nR2g2tdqW6A7+IbRdXo41sRwYTzB147UlNb+zcoqX1ePaFvsWhf7FxTLRZrLpoUS0hld+3Ga0qpHq26qW5OpbbTr8O4G4tr479Zr0MHd/fwTYPtKLSrC+dP2WtPpWkZhvn6UDxmr3mldnvs7x2++hpJ3Xsd92PcVHcqW/cfnbYRoSjL6UjQbsa288zY5NTz7tu1z07Ftw/3mGNEziL6dtF8+1bW4VH45+5iHzzJqbwKLqDxlQnERrt27ai+IXo9l1G21p6uD4JvGULZkca19wpy/ZKKWllacHsNViFr0Y+07UQzoYifUs6RV03V4CM/Bf9VafvXkJnDlg+H3ubCKbSo7D9Z+YirALX38H0ClJuppF6FwqJGb7p0/bdXUB9A87HqUoNqPW7XbsK9ZQdmSRZprxGrijzyEaEwSlIlmw6CDTu30/KTh4bcpy81NvRuur02fi+rZGagan2/W1iepTaVVC5yZOzQ9HI09LkXXqnWdylYbfXQ7grp1x7m1luDK48GZuR1jzz6nX1ILf9BUfqXVEDDVrZN4rcyxKJFXop5YXUtCFbXwfyitrjr9SmaOB1VDPHTJBXraRvi/a76iwJVdDMxf37jrXzp3/6wpnenyfjW+7z64n7Kln2H7eilqcT1XAzAEYeo3kODrRhHUJbl+eQnRyCQoE83KJR10moKyzb+5KShRz6pRCnS/HtYQmCjQNrxiLaB7X7am/I29L69TubQyXppae1DGqfKeGZSVaKjlgwqBUENQWg3REJSBWryjQll+PaKtubyhgnmAnnH6Rg/KtJx3islU9YhJtxv7xu+wLVmM48eN9S6LProd5mtvxHz1degiZEZ/0TxJUCaalUsTtD14PCqsyXRxY6/mNb1/Zk7tD/eYSB3GSleuK+eApvx9WeqoLoKSLtaUzn2w0uSwpXs0baeE9fS1SD5RwnppS1hWMRjJOaEtKEtq13BN6okNmHd13Idza02jbxdTYbiwJ/8Eti+XULb0MzzHjtSvAIqCsddlBF83CuOlqVUPSxaiGZGgTDQrXWL0RIQoFJTU3lb0WYaT6/8QFDATbNbmeLFK9rHaH+4dq3j4qoUFmvaht7b3uVy+0Jq/p1J5VWeepu2U4ASfy+QLrfmrjorBxPFibX25Ylo23MloMSqarw1/UU/Wft4poWHejvuZ2ylbshj7utXa17OsIc/goddjvuaGBj+nhWhMEpSJZkWvgys7G/jPptpryw4VqKz92cWArs3jNP9+t7YHVdeYKoIyDfNEAehCa1+7sT4UjfmfVV63ttngMdRxjiutglppS1epvFpXkQivYRF5fwgzN3JQVmarNY37UA7548f4tl5qNYI6X4z5ulGY0gZWuVamEM1d83haCXGGoSnagjKAd9c66NvJcFZzXyBauUNbUNb9wir6JWldfLyBu9gpWuYqg7NrSlQtx66A0sDVnorG8leaT82jpZc/oG/gz7/xa4VrP25P3jHNa6RWRTEaMQ24muDrRmHomFTnfIRoDprBo0qIihLa6EiO1bPjQO2ByOEClU83OLmjiWc9r82uXI+m/mRtwxU6RJ395FWCLVWkPptaZqs4FYWfeTSuf3hWGfQhGrZSvTVUmtLWkfuktnS64Ap/Bhk0zjLvULFUMcecv5RVsyZqg/HTBMRV0cfEEnzdSMxDrq3zUmBCNDfNpLeNEBXdcpn2IOvj7x2aR8c1lffXaWv/6tfZUGVllxKiLVBxHz3sQ6l85zmibYJPpUWlh6zG9StVm7YBDXWllu2vPRGAsWIzZ3iwtkDr6MmGC5pUVXvfNn/Rhfm5OVnRYbq8H+HPvUbL9xcRPPI2CcjEeUWCMtEs9b5ITyeNo81cbpj2HzuljV2LoNH3u91kZGlrfhx8cdWV21o7Ozf0ZJquX3drSle5vEpwvLYdFG/ztUg+UTXmr5gvqPC31iXAGnKliZx8j6aJlf1JF93WP/lEtsQy5m5azV9C2NP/xPiH3g3fVC1EAJKzXjRLCjB+gPamk5wTHqZ9Zg+4NTGPF6u89KVdU9qL2+urXZ5H67JJzq2bNJetLhxbMjSlq1xexVLFPFZVUE+s8blMvtAyRxl4l2U6k9a1Jzf/1nBR07b9jX9yGzrE1Wv7oEu6E/a3GbRasJSQsfeiax3tp5IJ0TxJUCaarW4X6OnfWXu3yIwsNy98YccTIBVmZQ6VKYtsmkfLje5TfZOtobO2mcvt33+D6tA4VNBHqq0Mxw/fakp71kzr4b01bec5tgQ8tY/4qxN3CeqxL7SlDbu0wp+drdpupd/tdjdYbdZ3v9Rvmom6MCT5Pu+dEmwh+LpRRL6zgIiX3sLUfzAYArvPpxCNRYIy0azdP8RIqFl7x+mVP7l4Jt3e6M08lZXaVZ5caOeXQ9pqNy6K1pGaWP3IQH3bdujb1r78kFpUhH3lMs3l9IXty881Tc2hj4k9q0ZEMV9wVpNglZwn8ByeX9ci1siT+z64a1/iRzFfgBJcsawdonREhdZ+HhaVqaze6f/g6XCBqrkJ3J+CLulR/cKulehjL6DFA4/R6tPltJjwKIYLG3bOOSGaIwnKRLPWMkThwaG+jQBb+7OLxxbYONGI8zmd6dhJlYkf29i+X/tDdPwAY63PPuPl/TXlVfLhO5rnNdNKLSmm9OP3NKWtbh1EpfX1mrb3ZE0Hd7HmsmniKsTz20xNSb3lrPhlKMDlHbXV2n74rQO7n1dD+vh7h6a1N/1NFxZOUNdumtIaLkwg+NqRfh396zlx3LvuqxDnCAnKRLPXv7OBa7r7NrvLtv1uxr9Txubsxq1d2JTt5t73ynwaDXplFwM94mqfP8s8aKim/DzHj1H85iua969F8esv4CnM15TWNLDqcirtxmjbmT0Hz69PaC2aJp7dD4ND25I/1ZXzqku0nYNHClXe+cZ/Tcg7Drj5alvjN12WMw+6WlM6+7drcGz83n87drs5+Y8pFDzwJ0rmvIpq19Y3U4hAJkGZOCf8ZYiJLlXMdF+TEyUqkxbYePZze4PXmp0sU3n5SzuPLbBRUKp9X61aKPx1iLaaQMNFnQjqrG3tSduy/1C29DPN5ahJ2WefYFu5XFPaoK7dMCQkVvmeEpqCorVv2cG38OS8q7mMNeZ14A08hz7UlFYJ740S2r3K9zq102k+Bz/LcLJC42TBNTlerDIj3a5hCteGYxpwNYpF25QsRc9Pw+OPaVlUlaJXnsO5ZROoHkoXfkz+vbfj/Pmn+uctRBOSoEycE4L0MP0mMzGRvp/Sq39ycfvsUv612uH3eZ6KbSrz1zu5819lfLHFt4ewToHJ15u0L82jKFjG3K29bK8+R1n6Qurc7qWqlC2eT/HslzRvYrm9pvIp6C58XHNenl334Tn4lub0Z1Px7H8Fz+6JmrfQxT1Z4/u399XelP7PL+z1CsyOF6s8usDGsaKmHbmiWCwEjxitKa2nMJ+CxybgOV73Gf5xuSh6aQa25ekVXnYf2EfBhHsomfNagw1mEaKh6f/+97//vakLIYQ/mIMULks08O0uF6U+3pPdHsjM8fBZhpM9hz3oddAmTCGoDuviuNyweZ+bed87+ecyOxlZbhx1ePY+cLWJNB9Gl4K3E71zxxY8h7VN4ur433o8h3IIuqQHismseT+ewnyKXniGssXaO90be1xKyP+Nq7FjuGJJRC34Dmy/acpTPf4lqi0bXWTaWbPs18iZh/vne1H3v6x5EyXySnQJf6emtapiWurYccDD4YLaAyUV7xx1haVwSQedT+fatn1uHv/URm6+bwFZ23Bdlc2sPx7dyeZjO2vdftzFVQdfQYlJ2JYv0dSEqJ4swL52FUGduqD3cZ4zd+5BTk6dhGP9uupyx7lzO/Z1azB06oy+dRuf8heiqSmq2hTdQ4VoODn5HibNt3GksH6ntl4Hna16urbXEdtKR2xLhTCLgsWoYDSA0+0dRVlQqnKoQGV/nodfDnvYedBd747cY/sZuf3yuk0T4D7wGyf+NAZc2guhhIZiGXkb5qHXoWvVutp0nrxj2JanU/rZJ6jFtY9UPJ1/kJHIt+drmk9NLfkF9//+AB4fIuuglug6PIDOOhaMNTzo7Yfw5L6LZ/+r"
01:01:10.472 [Forwarding screenshot on session d6a0bef0-bd24-11e6-8678-ab184a9d7075 to remote] DEBUG org.apache.http.wire - http-outgoing-0 << "4CrQnr/OiP7SH1FCOtWa9MBxD396p8ynEb6tWijc3CeIIZcYqh1NrAK/HvbwyQYn32TWrYatWwc9L91+dvA956eFvL1zYa3bZ9y8uNr3bF9/QdE/p/lUHtOAq7DcNAbDRZ1qDNbdB36jbMliyr74j/bzWtER9vRzmFKrHlgiRCCSoEyck44VqTzxqY3sBpxBvaHclWas91qdZekLKX79Bd83VBQMHTsT1Pli9NHtwBwMtjLch3Nx/vwTrj276tTcGfrg45ivuVFzes/B2Xh+edDn/aDoUEJ7ooT3AvMF3nUy3SVQ9hvqyQzUk5vQsoh2ZbqOL6OLvV9z+vRNTl5b4XsTmkEHXWP1dGyro02YgtGgUGxTOXjCw/YDHnJO1O98bsigDFXl5FOPYl+/1udy6dvFEHRxN/TtO6CEhQMKakkR7pwDODN34N6X7XOehriLiHj9PZ9qgIVoahKUiXNWqUPlH0vsrN/TxJOSaaTgnXfthp5+mEhTVTk58ynsq7+qf171ZB4ynNBJUzXPZ+Wl4t55F+rhBQ1WLq2UtmPQd32PmpotK1OB5z63s/KnphsVWZUGDcrwzoOX/5e7cOc07BqltdGFRxLxxlz0ba1NWg4hfCUd/cU5y2JUmDbKzLgBRgwBfqZbTArPjDb7JyADUBTCJk3B2LOPf/KrI2Pvywl9aLKPARmAgr7z2yithjRIuTSXouVg9J3fxJeAjFOpHx5u4g8apjI5lyihoYT/4xV0LVvVnrihymAJIfwfsyQgE81SgD+qhKgfRYGb+wTx+l3BJFSzbmRT69ROx1t3m+lzkZ8f4IYgwp5+vsn61Jj69ids6kww+DZY4TSdEX3yQpTW1/q3YBopUcPRd1sMOlOdtg/Sw/RRZnrFn1+Bmd7anogX30TXBJ3sdeGRRLzwLwwdO9eeWIgAFJhPKSH8LLGtjtl3B/PngUZCTL6PqGwIJgP86Uojr/1fMNY6TOWhhWIyE/b35wgeeVuD5F8dy+g7CJs6E8VUt4DmNL0FffJCdB0e8E/BNNJ1mIj+kkW+jeisgikInhltZnhKHQNTjdqEKVzRqWH34Qt97AVEvjYXQyff18asK8OFCUS8/h6GjkmNtk8h/E2CMnHeMOhgVO8gPvpzMDf3CcLURM8wRYEhyQY+uNfCLZcFoW/oq1Cno8WfHyR8xssN3qykaxlF+LOzCBn3V9D56cAUPbrEf6Lvll7zyEp/MLZF3+0/6BKfA8U/J4hBBw8NM/HYtSYsDfCDoF2EwotjzHSICowfG+V0Ua2JmDUHy+g7QGnYkzz42pHePmTtYhp0P0I0tMD5aSVEIwm3KIwbYOTmPkEs3eLiiy1Ojp1s+PEuJgMMTjYw6tIgYls1/u8hY+/Lafn+Yko/fpey/yxEdfpvgk3FaCT4hpuxjPmjX9c2rLCPqGEYLvsJT/azeA6+AR4/LqujM6Frf593clhDuP/yPcOQZAM9LtQzZ43Db4uSX9HJwEPDjIQFawvIfO7aV09KkJGQcX/FdOVgiv81C+f2zX7N39CpwdYNWQAAIABJREFUCy3+/CBBF6f4NV8hmoqMvhTnPY8Km39z802mi/V73BT6sAxSbQw66H6hnrQkA/066wOm6dRz4jhl//kU29dL8Zw4Xud8dC2jMA+9luAbbkEXEenHEtbCcdi7PFLuB+Cox7I9xmh01v9D1/5+MLXzX/lq8esRDws3OFn7swtXHWa5SGij4+7+RnpfpD89BOHdbxzMX1/zHF494/Q8d2vDjb6skari3L6Zsn9/gn3Dt+Cp+/Qexu69CB55K8belzd+pClEA5KgTIgzqCrsPuxhx343O3M8ZB/zzg3l0XiVRIcrdGilI8mqo0uMnuRYHcHGAH5oeDw4tm7CsXE9zu2bcWXtAXcNU4jo9RgSEgm6pAfG3pdj7PYH/zVT1oXqRs3/BvX4V6j561CLd4BaQy2UokdpcTFKRBpK1FCUyH6g+GnEax2cLFP59hc3G391seOAh5Nl1Z9o7SIUesUbGNBVz8Wx+rPGg7652sGijTUHZWlJBp66sZ79/PzAU5CPY/06HD9uwJm5A8+xozWm14VHYEjqirHHpZiuuBJdmwZuxhaiiUhQJkQtXB7IO6lyokSlyKbicKm4PWDQKZiCoIVZIcKiEBWqENTcB9q5XLiPHMJz9AieshKw2cBsRhccgq5NtHeaAX0AH6TqRLXtB9t+cBV7J47VBYEhAkztUYLjQKd9fcrGpALHi1QOF3goLAOnS8UY5D232rdUam2ifP4LO19vr7lZ9JruBiYObfqgrDK1uAj34Vw8+SdQy0pBVVFMZpTwCPTR7dBFtpQaMXFekD5lQtTCoIO2EQptI86Dh4LBgD4mFn1MbFOXpG6UIJTgBAhOaOqS+EwBokIVokLrFvRqWVYsKjQwx3YpLUK9Sy0JcZ4LzCtUCCGEZiqQfaz2PlrtzocfFkI0YxKUCSFEI7A7YV9ew6zFuj/Po2mASlyATqAshPCS5kshhGhAOSc8fL7FxdfbXISY4IN7LRj83C1v3a7a13c1GeCCKAnKhAhkEpQJIYSfeVTY8Kubz390kpH1e8BUZIP0TU5G9fbfiE+XG77YUvOoS/h/9u48Lqpyf+D4BxUGFUUdd1FQc0nH1HC5eLG0ErcWMdMw28CuBmWhWaFWaOaSJZoXbEG7mV21BVu0fmElJkEauCAqbihCLoDIpgyoPL8/zsww7KBYU/f7fr0U5pznPOuZmS/Pc+YM9Hapb/PfASvE/zoJyoQQoo5kX1Z8u+8q3+y5QnolNyReu6OIQV3r06mOZq2+jL9CZl71S5eDutrwp2aFEIBcUyaEEHVm9n+NrIkqqjQgAyi8CvM+LyS7Dm5SfDKjmLVRNftmhjt6yt/gQtg6CcqEEKKOPDioZsuSv2cV88InxhrNcFWVR9AmI4U1+MamgV3q08ZZPnkphK2ToEwIIerICEMD3FrV7GX1ZEYx09YW8Ovx6i/St6aAn5OuEvAfY42/s/WhOryGTQhx88gd/YUQog4dSL3G8x8ba3WMe+f6PDTYntvd6lO/kpiu8CrsOn6VL367SmJqzQO52zrVZ/kUx3JfyySEsD0SlAkhRB1778ciPq3meygr0sTRjl4d6tGhRT0aOWhf8ZV9SZGapTh69hpXajepRj07eNevIV3l/mRC/CVIUCaEEHXsajG8+F8j+0/XMoqqY0/e6cCUf8rSpRB/FfLnkxBC1LEG9WD+BB2da3h92c3g0a0+jwyRgEyIvxIJyoQQ4iZo4mjHW5Md/5Slwz4d6zNvnCN2ciGZEH8psnwphBA30aVCxeubC0vd2f9mGtJNC8h0MkkmxF+OBGVCCHGTKQUbf73Cf34u4upNis0a1IMn7nTg4X/YywyZEH9REpQJIcQf5PSFYt79oYhdJ+o2MhvUtT7T73aQLxwX4i9OgjIhhPiDHfq9mC9+u0L0kavXPXOmawBDezZg/EB7erSTYEyIvwMJyoQQ4k+SZ1TsPn6N+FPXSDpTTFpWMdeKK07byMEOt1Z29Gxfn36u9XHvXB9HuW5MiL8VCcqEEMJGXCuGrHxFrlFRdBXq14OG9tCssR1OjnZyV34h/uYkKBNCCCGEsAFyIYIQQgghhA2QoEwIIYQQwgZIUCaEEEIIYQMkKBNCCCGEsAESlAkhhBBC2AAJyoQQQgghbIAEZUIIIYQQNkCCMiGEEEIIGyBBmRBCCCGEDZCgTAghhBDCBkhQJoQQQghhAyQoE0IIIYSwARKUCSGEEELYAAnKhBBCCCFsgARlQgghhBA2QIIyIYQQQggbIEGZEEIIIYQNkKBMCCGEEMIGSFAmhBBCCGEDJCgTQgghhLABEpQJIYQQQtgACcqEEEIIIWyABGVCCCGEEDZAgjIhhBBCCBsgQZkQQgghhA2QoEwIIYQQwgZIUCaEEEIIYQMkKBNCCCGEsAESlAkhhBBC2AAJyoQQQgghbIAEZUIIIYQQNkCCMiGEEEIIGyBBmRBCCCGEDZCgTAghhBDCBkhQJoQQQghhAyQoE0IIIYSwARKUCSGEEELYAAnKhBBCCCFsgARlQgghhBA2QIIyIYQQQggbIEGZEEII"
01:01:10.472 [Forwarding screenshot on session d6a0bef0-bd24-11e6-8678-ab184a9d7075 to remote] DEBUG org.apache.http.wire - http-outgoing-0 << "IYQNaFDRxv+s/eCProcQQggh/gRP+D71Z1dBmFQYlAEcPpz0R9ZDCCGEEH+woJdm/9lVEFYqDcoAli57+4+qhxBCCCH+YNmZ5/7sKggrck2ZEEIIIYQNkKBMCCGEEMIGSFAmhBBCiOuWm3SaAdPimfl9fqVpYj7az/DVGX9graqQf4EJ0/ay7eKfV4WYNXsZtaZ8f0hQJoQQQojrtnNbpvbz+3OcqSSNPcV/XIWqYw+Vh49/jCKgsIIQrMoL/YUQQgghKpWfwapEhf/UDvwQ/jufJV7hOYM9APu+P0pgRB752KFQtBwEMf9NZHlBaz73aw1AzEcH+Ddt+e+Yery26jRbz2vBW79B7Vnu146ivSnMiCykbXYeP2dBy47NWDW7K910V9j60TFeiykold7hTAZz3jrNz5fATqdjtn83JvbUwcWLvBZykq3nFU10kE8D7Ms0JTMxjRmrznMUsGvckOCAboztak/KbynMCs/kFNCkjTMhL95CPyc4k5jGq++fZ18h2FEP70ldmXOXjveWHiUB2JVcxKPTDYzJO8Ozn2SRiVb/5c93xaFBPfJjTjNq/ykyC0vqLzNlQgghhLgux3ZkcEHnzOSBbXnSYMf6rekAGE+cZmpEHg9P7cGPr7lyh05L3/3WhqTsPs9vhQC5fBJThKFXYz5ZdYpvG7fi/95z56fANuzffZZdFwGucjQ5D9f7uvH1nA44pWazPsHIse+PExxzhXkvGvhpTntO7D7Dv/deJHj+ac4N6Ej0e+58MNaeZSHH2FdYzCehyXzroGfD27fxxl2NALhSqiWFvP/+eRjRhbj3+jO3s5FVUdlw5iwPhmfyj8d7EPeegadb5fLUm6cxks2rq86jG9mVuPfc+eB+HZs3aTOFeeeL2J2tY94jHbmzQQY+n2QxeFJXot/uxuD0bAI2mZct7Xn2OQNfTG9paa/MlAHGjJOknMsHp+a07eyCs43mKYQQQtgOI1/9WADNHPi/n89xHjtITmdbRgd6/16AHc48ONCJpjjx2B1pBGYoWvZvx90c5ouEQvo0SGc3jfjvwEZ0u/VWOifk8v3nJzhwIh+ob5rJUtjpnHlySFOa0pSJXc5w8Ar8nlyAU7+OjOuqA9rx1cLm0CCPiYDTuWyWr86lsMCI4io7juWSlQpjpralm5M93ca1pdt3p8q0xZ5b3OyI2JbM5BNNGOvhytrBejITjgNwZv85XtsPeWcUZF1kT34nlr/WjV3H83jvo0wSkgqgcTMcgKKrMMbHlXEDdWT+dhQ7nHn2rmY4AkGLevMsjiRuSsOpX3vGdtUBrbibTH47XtGC5t9I7Irx2NnZMX9bRpnHaZY08Wv8aNi6Cz1vu42eXTqW2ne9bkaeNRG7pHR7hRBCiJvFeCKdjZegb7Nr/Bx3kZM4oqeYD7dd5MrVYrC6jqxxw/qm3xrx8AgHfvz+DB9F5uB6Z1u6Ucyn7yfx3EdnOZDTgH/0c9KONa8vFmrXYAG0blqfQnOmDlYhzJUi0s5p5d3SpQm9ujSkf7+WBI5uQ98mUAgUWqbG6tO8XGvqMTGgF+FT23N7o6uEf3KKB4JPktcA7GiAoUdjendpyB3D2vL06Na0UrkEzz/GnC8vkte4IXf2cYCr1vmpkl91djiYfnWkmLTzl8uUXZ+WOihE/b2DsqKcSwAUmoYwP/0YADnm0c3ZwfNT1wLg6umFl5c/D/RzubFCb0aeNVRUWLq9QgghxM3y47eZ2LVpRfjMHiyfeStLnr2VJaMdOLbjHOntGwH5fJ9UCFzm2+hCcLADoN/dbdCnZhGebMeTI5oDRRw8ohj6SA+W+LnSv6ECFOkXKv9wQOtODuTvPs9vF4H8i0yff4zQVDtcgDx7R8aN7IBn8yJWfJfBJfvGdG4Bu37NJBNI+S2D3eVyzGfmjIOsy2vCC8/24j+TGkHWFWjqgOIqtG/BxJEdaH0hi9Xf5eFw1cheYG6QgRcmdKBxQTEUFpFeJlenFo6owmw+TzQChax98zBPfZ5TrnRzWPI/tXw54tVoUp/KQ9fOFCTpoBGAIZj9O1+rmyXGm5FnDTno/sDChBBC/O8qvMgniYoxj7cutbnfP9ug/y6VHQVdWDniEjNCEgkBmuhAb07UvCW+XVJZdqUlQ1sBODL8Th0vfHKYAZ9AkxYO6FHsSTFyVxNAZ1eqDB3Qa+wtPH3kME+/HA9Ayx6teMurNQ7tjUxZlcyAr7W0d4zuwtj29jCzEwmvn2bUtHPYYQflLvN3YuokZx7bdIQBm7Qt4yd1o3PXpqweXcDTIYmEoV3Q//Sz3XFtfo1xHe1YOC+ehYBbRwfAyNEzmGbFtDo7du3E6tGXeHrVQe34xo1YGdgOIs6hcygp3QGggR2oCny45n314gszy20P9PZSXj6LVZLVtrjwQOXl5aX8Q2OstiarxT5earCHpxrg6aWCtySX7MqO0fLxDlQx2VZHbFmsvDy91L+ee1x51vKY4AjrGpWICvZSgAqKTFVKKZUUEay8PL1VeEy6StgYrLw8DVo4jqvy8vZSgeHmNqSqjcG+yuDqqlxdXZWrq0H5Bq9TqRWWUqKyPBM2BilPT28VGpNeJr22PTxO2560MVh5evqodZGRKsRXq7urq6vy9PJVG+NKH1uQHKWCfb0sdfT2D1ZBPoZS7a1UdpIKDyrfvuSC0nXz8vJVIaGLlbfBVEbgRpVtKdtbGVxdFbgqT59gFRERonw8vVTQxoRqekkIIYStuJhx9uYWkGdUGVnXapS0IM+oMvJqlrbqY66pjCyjyjGWT5+RZVQF5TeXMBZVnKaS7TmVlFNxvkXVJqtdUOaKAlRogrla6SrYU9uGIViZw4aChFBtW89B2k/vcEtD0qOCTUGLdfBQoMJ9tG3PvfZYrY8JriQIKRuURQZ5Wh7HhHhb8jT/8wyOVKogTvm7Wm3z9CxJ4+qvEqoYzcrytC7XWtnt5scl5blaPfZUW8yHp29RnpbtrsrT4FrquCqDsvRI5U0l7cPHEvRGBnmVawueISq7bNmepcs2BEVWXrYQQgibctODMlErtbqm7IEnvQD4YedBbUPGbn6INu1M/IHdpuvL9/74AwDeTzyOF8DmHzlo1Pbt+/4HS347tx/WfjHuZesGAB8enTql1sfcO7Rm12w56BpZfvd4PgKVHokngCGIVKXY+doIdiydQ1gK4BlITGoBO3fuRKXHEegJpITxwoodleZfWZ7W5VZWn9KPDYREJqNOnUKlx+DrChDNL/vTACMfPxdANIBXMEkFp9h54BQJG4Nq1AebXn6KzQAGf2LSFTt37qQgNQpfA8AG/jV/q6ku5iMMLN6SQHJcJJErHuTrsmXvPEXSlmBcTamb1agWQgghhCirVkFZv3tHA7D5q53kAGm7fyHasjeaX3anARlEfrEZcMV74iM84A2wgW17c4A0tn9jdcQ320kDMnZGshlw9X0Ad5dBtT/G8TpaDuBguv6rmQ4tBskg6odIAIJenYmHiyNGoxFjK3eCFgYDEPnJ91T5WcpyedaeIXAJz4/orD1o5cHU6V6WvOEshw+kAK6se+c1epja3mfSItb5uFaQm7UDRP6YAkDof9/Go5W21dHlTkL/EwJA4rZfSrXP4L+Al8f2obP7CEa4Z/NrjFb2xndLyu4x9jVCAz2vs7VCCCGEgFoGZc7ud+MLEPkdh4D9P34DGFgcEgjAN78chpzdfB4NGCYzvLMzd3v7ArB9xyHI2c83iWDwX0yQN5C4k8M5sG+7NhM2efw/ges5po7kHCLGFP8t9uqInZ0dDRs2pKGdHa2HBZsS6SBnB+Pt7HBzc7P8s7Mbz446uhNFt04tSj0usv4wZcZxdiYCDKFXmRisn+eQqjPOOUdaCoAvQ/uUjmQdb+mvzVAm7uSwVTu6dWtrVfY5ElIA1/EM6lw660EP3FN12UIIIYSoUi0/fdmHe/0NrA2LZMe2HeRuSwTXQLwfeYDtgSFE7oxhW98cEgGvR0biAjDcCwNridy+i9gep0kE/O/x5r6U7SzeHEnMT9so/CYa8GKkp7YM2eM6jqkTRUVY7h7i6Y1Px9KBS8OGUODcBV1REceAlJQUq71NavBdWjWbO+vb"
01:01:10.472 [Forwarding screenshot on session d6a0bef0-bd24-11e6-8678-ab184a9d7075 to remote] DEBUG org.apache.http.wire - http-outgoing-0 << "/5bqE7k2xKHMDGFzV7dqDnKgMYCrM06Vpim9pFphXZpUlLMQQgghbkStb4nhOW4ChCXy7oJ5kAiuvoPp0aofwz0hMjoYL9NM0wNjB2u/uPyTCZ6QGLmCF88AuHLHwB70bzsciCR4vGlpzmcig833j7ieY+pCq1sYaoDoRFfWrYvg0VKzQRls2xyNQ6d+tGrVjp9SU8vcDUxHy1ZA+duPWBiLyt4/rOwN5DSF5dJZ17ETAw0QnbibQ2nQxyomPfzjzsqPs5ayjd1p0Nk6ns06zREAwxD6tYJDFdXFwYFWAIkR7D65nM5W/bPb6ro/IYQQf3+Ze48z+kP47p1baPlnV6YuZGTw3u4GTBtb/tay1dH6wo7v3ul6Q31R65vHtho0DG8gJTqaFGCs1yDAmTvHepckcg3kbsvymAteD3oDKUQnpoBhPINcwLGXB1ZH4P/AXZRM/FzPMTkciY8lNvZAVXFRNdpx6yBXIIU3F4ZZXVtlZFPAXXiNH8+wJzaRgyOtXFxwKfWvFdVd2hay5mtL3YxHNjEvOLrK9BVryy3tARJZ+Nqakrae3MxbIWXzK9MnzoPRhimRl15bQ8kqZRor5r5CCkB758pnvZzvZJK/1j8vzVrCEdMHMU5uW8HMxdfTFiGEEH9ZV+HvdK/y3FNZbEy+Wn3CyhSq6tNUo/Z39HcezFjLBeUG7jBdXNRrxB2WJJ6TR9PD6pD+d4+1/G64YyidAZz7cYeX5QjG3FX6IqVaH5MRzYQBQxgy5D6ia3Ft12WAbPN55cijLy7FACSuDaCj20hmzp/D5KE9eTgsEYDF//ar9oawpfOEwfc+oP2yOYC+QycT4Deehj0f5vrCGGf8392IK5C4dirNhk5mzhw/+nQZT2TZpOX6xJFH5ocDkLJ2Kq37jGfO/DmM79ORwA0pgIF170yvsn2TgkLxBFI2B9GzoRtDh7rRxSuQxOtqixBCiL+sStfajHyyOpEB0+IZMC2eUQuPcygfMvemMHnpUWYGmbef4JjpjXLf90cZPi2egdP2MHXhfkYtPU1u/gWmzjhEjOnaoH2fH2LyRxcAOJOYxtQZWj4Dp+1l0U+5AGQm/c5kU7kTFiYyauZhfssHCi/z3vL9pvR7WPR9dukq519gZng+eYmntTIuZvPW0r2W9K99f9GUsJAvPzpkadvk1b+TWab1v23V2jJgWjyjlp7kUPXXNllcx9csOXLXQ+O1Xw338U9TXOTceyg+phQP3jeo9BF97iLQoP1+35iBpq3ODH3AdIS3D56tuLFjHJzoBkAPy0yPg3NjAMyfgyx5bDlIu4KqvdUnJXtMIjppC76erpASSUjwYjZEp4CrF4sjEnj5zjIVLad8no7u/sSE+gOQEr2BsLWbweBPeGhgNfUr2w6TzpOIjgnH2xWI3sDixWtJxIugIJ9S+VXUJ459/EiP24iPAUjczOLgxWxOBFdPXzbG/cSjpo9UVlYXXMayMzuOIG8DkEJ0dAqePkEEemuBeseubcseIYQQ4n/IoS+PsWJffcLfdifu7a70Ss1hXYIRuMrR5Dxc7+vG13M64JSazfoEI8YTp5kakcfDU3vw40JXWmZd5cL5K+RTTFqhkUum76zMzjFy9nIxkM2rq86jG9mVuPfc+eB+HZs3neMMubwWco5GIzrxf2/firfzFS5cKiL7CnwZepjw7KZ88Y47373Yhm0RJ1h7wuprnJz0zBzfiJY92vDWw8359P0TbMpuyrolt/H59JZsjUjmrb2FHPv+BG/EXGP+iwZ+eq0TbfedY/p/L5Tkk5/Bi1/n8fCzBuLe6cbg37P48rCxxn1np5QqN9/2n7UfcPhwEkuXvX2dQ/L3kJF2kqxL4OBgT7vOLtUuT1bLmMPJs1kUFYFrj843nh9GMtLOknWpiBauPWhVywwzTp4kqwgaN26Bi0vNLs7bETaHdcddmLfcH+u5za0Bfbg3LJGgyHQWjagucBVCCGELsjPP0azl9f0xnbn3OKPfhe/eK3tN2RUO7b1IYkoBx1MvEZFYwPipvflXgzRGfwg/vnMLTYFPl+7h4NBeTMlLZvJWHT++05WmQMpPh5nwpT3fLXJmyqw0Zi3pz4jmELVmL/OLXNj+dCtyz+Sy63geyScLSEjKYXdhM758Tse4RRkse7s/w5yAM78zcH46i5b0Yv/riWzSNcL7lvrANSJ2X8btTjc+n6wvac9vR5nyazP+71lHAqYdo+VUA/MHalMTny6MZ7W+E0/nnmZ1005sf1p7nzv2/SEmRzjw4XR48l347p3WLJpxjJ3YMahfc8b8Q8/d/ZvW+P3+f+q7L2urlUtn6jS8cHSmc+e6/GSC4w3VsVXn2h6bw8GvFrM2Eo4W6li36BHa6fLY+1kI94YlAq7c2qmCj2YKIYT4n3Ho++M8FnGZfgZnvHo3pV9iAebvgqSw5Mu3Wzetz54a5Gdv+ppKhwZoBxfmEjz/GDsb65g0pDl39ilg96+UlGFhtRh4FfTdGtO3c30uUY8X2zbGoXUFd0RoYAfUK3eTAQf7kp/5pbbblV5S0jVl0cIe/Hogi+2/XeS1d7P4sEzwV5XrWL4U/7uceShYu8lsdNhUujRrSMOGrRny2GIAvBZ/YFn+FEII8b/gGifPGElJucyxlHyOnSkkPbkAux4dCH/2Fib2bEA2kJl1pdIcOt7ihCrMZsPefHIzLrJ222VoYA7eijlyqhAKc/k+vlj7Eu/LRvYCc4MMvDChA40LiqGwiJy2jelLMZ/9kEFmvpFPv0o3lWBPi9ZwIbceg+/qwMT+DkR+ncGvBeVDoAuHL3KsUEf3NvDtzgwygdyUc6xPhhEDmuLWyQH2ZfHbRSA/n8+2XMaprzOWucYzZ/Gcd4Tsnp2Y/1Jf5vWAlAvXatybMlMmaqWVx/NkJ/Xnw48+5eekswA0b9cXr4kPM+nOHtUcLYQQ4u+jPoocnp5/0LLFTufM+482xyn8dwZM+x07XQO6NYa9R/OhNaArPZulAxy7dmLdpCIee/cI4dih14FTh4a0cNIzvd8ZFq5K5APArYWddo/N5k6M62jHwnnxLATcOjoARo5eaMbyF9sz/c3TjPoOWrawAxrSoVE9RgS4cfT1U4yadh6Alj3asOSO0vfldGrRCKfC80yefZrvXulE4uunLem7D+rAMwN1NB3YlaknjvD0y/Fae9s489GUVnAoR2tb+5bMG5TJwvla3exwYO6LNb/FhlxTJoQQQvyPupFryqpUeIXMy9CyuX21SXOT0pj51TUWvORKe+DL5fG80bATv5mu2zLmF5KPPS2dSs9s5V4shEY6mpqXDwuzefmNs4x69laGtTJdm7bJvtQ1b7kXCymyL59XpXUrW4aJ8WIh+VXkY8wvJP9KvRq135rMlAkhhBCibunsaVnDL4Bu2rkpLZOP8cC0C+hRXKAes19sZtnv6KSr8EL5ps3LFKBryu3NknlhXjwtG0PmJbhnfLdSH0Iod0x1daskvWPziutUXZ2rI0GZEEIIIf48uqYsee82DiXlc+lqfTp0a0r72sVOJvWYOPN2Bp/IJr1A0ayNM91a/bUuna90+XLc/ff9GfURQgghxB/opixfiutSYVAmhBBCCCH+WH+teT0hhBBCiL8pCcqEEEIIIWyABGVCCCGEEDZAgjIhhBBCCBsgQZkQQgghhA2QoEwIIYQQwgZIUCaEEEIIYQPkjv6iRuLj4//sKog64O7uXuqxjKuA8ueFEOLPIUGZqLFu3br92VUQN2Djxo0VvvnKuP5vq+y8EEL88WT5UgghhBDCBkhQJoQQQghhAyQoE0IIIYSwARKUCSGEEELYAAnKhBBCCCFsgARlQgghhBA2QIIyIYQQQggbIPcpEzdBLmfOXOTKFXsaN29By6aOf3aFboCRzDNZXLrC36AtQgghbJnMlIm6k3uQ8DlT6O3ckVtvvY3bbruVrh3b4DFlDttTjH9gRTJZPsoZ5ynh5N5ALrs3LsDDuQ1db73Vqi0LiD5TZxW9Dqa2jQu7obbVtKywcc44O08hOhd2h03B2dmZJdGZdZK7cW84vZ2dca7k34LtddHRpc+Fg+v8cHYexfa6aUL50qKXa31UJ3WvQO52"
01:01:10.472 [Forwarding screenshot on session d6a0bef0-bd24-11e6-8678-ab184a9d7075 to remote] DEBUG org.apache.http.wire - http-outgoing-0 << "RtVZ3wghbI3MlIm6YdxLQMdhrAdwGc4sv3txa5rLrs/XsP6bUMZ9c4itJ77Es+UfWKcTmeQDTa/j0JRv5jBiWijgwpRZfvRvD3s/X8P6b95m7Dc5xOS8Te86rm6tnM+97rbVRq4RIJNLRXAlU4tkiq4U1Une+dmZpAEuHsPp39Kp9L58HX1cWtRJOYCr8h6wAAAgAElEQVTlXEg/dQhwrrt8yymy+v/myLmJeQsh/lwSlIk68f2bQawHXCa8zY41UzHHXo9NncmoBeOY8vZ23vp0N57+g/7Qejlc53FJsdsBF1bFxfNYN9OS5VR/hga4M219ON9EB9H7D40wy3B2QAtjjMDNW1J1sPrZuntXIBYH++vt1TLstR+PzlvHy543O7zU2jD81VhyXr3pRQkhxHWR5Utx43KjWf12LDCBD0NLAjKz+16cwwTAKfM85kXMY9vX4Teqt2WpalzAcvZarccZz+xmecA4y/7eo/zYuLtkycZ47HvmTPEw7e9NwII5TBnlwax1eyusYubezQSUKi+Mg5Wu/xk5f17b6VAq4HFkzOMvcZ/HBNwal6SNXrcAD8uymwdz1kVjvVi7e+MSxnmUlO0xyo915rbk7iZg1CgC5sxilOn48L25kFmm/eMC2LzXas0tNpIls6bg7NzG0n8Hb/IKcUeXNgD079lSq7fHKOYsX06Ah6ntvcexLvog28NnWeo9ym85x6qrVzUzb9WOXe5BwmZVfq5YS/lmCR4eAUTnYmnDgvAwqzZ4MCc82uqIM2xc4GdZZvUIWELYgimM8gvnulZAc3cT0NuDsN2ZVWzL5fuwOYzqba7TKBaUOadKOieaWeNG0dvDjw9Wz8Gj9zjWWT+ROEOYnwejAtb9AcvdQogbJTNlosauXbtW4fbClOMcA3oFTsbd/hrlktm7835WljkTUiNfZ8DDIcBwXl05F8dTW5gTMp/t60/w09l36Ff4C7633sdW4MHAZdzjlsm655YybcTn/P7NUZ7vcxLfARPZCvi9upLbCn/juaWhAHj8I4tr19qjACjm2rVrXNy3hq53zQY8eGnlXFqe+YHZS4MYEpXK7oSF3FKuRfb0v3sYfL6eaQOc+drvJbyG9KdPHwP93B/ho62PWPojauk4xi+NxWW4HyunDOBUxBuEPDuWPWkRbH1pGMc3z2bEtDXgMYVlq/8Jp35h5dL1PDuigN5nP6ZfQR6/x8ayPTaWXsOH0+sYdGhyjJl3jmBNWkn7Vz23lCe2n6Dp0Y9MbYslNHw4Ly1bRtGvHxKyfj5TW/Ul+pVhdTaucM1UFhRfu0bj258kYt0/6d7oGtfy8jhxKJbY+bH0ejCQRRNyCVuwhmfHDgFc8F+0DF18BCGfz+fZXgPY+vw/y+deXAxAesohko8055JVbObQzIVb2jclt9qxO85sjyGWvhrTPY/1Ty9g2ojPyf3pFH79rpU6F47HR3HoEOQVXOMaWhvWz4rFZaw/y55swrcrlxI6ayx6wymeH6hj04wRPL0+DY8pLzF3oI5Pn1tAEECvXhRcu0bZnjO3qbj4WsX9ei2PPWmHaJVXULK/zLbI1yfycEgsLsP9WT2/B3Hhz/H2s2PJdt7LsjtM+ddvxrXzP/Jo9/FsBV7duJdHXH7mhZdDWfrxdh657V4ACvdtJujzQ4xd1J3GFdRXCGFbJCgTNywv/QxpgJ/BxWprLlveXcmvGaADoBBa3cFz0//Bdx+HAB5sTPwCr/YAk/iH2wzuem49oZ/68pLTl1rAtXo3yyZpIdOkO3oztv9jLFi0nn73xbMVCNyYyCte7YFH8XDTMejpNRXULpf/vq69qW88uhWvllp593RvRn+/MDZEPc8rw8ovQ/aa9A7f04HgN5aydc1Stlqy9iBwdTCvTBoIhb+wamksjF3Gbx/7ae30HofbU+14bukqfnl6GI2zoJeHP//Zag7+JtG16ATjQ7JIzwMctAVIlweX8e0HfjQFMqNe5+E0eHDlT3zwaD8AhrYpwvDwZyQduWCqx4N8c+oD/tkU8LuHwl39Cft+F2deGUb72g9hzejaM+xeU+6F2g+XB1fy4wePogP6FB7ivqWxvBTxf7w0rD3gztEv7uJk3pUqs13z3H2UGzm/jWQt+0e1Y+dz8T3WpMGU1bt5x3SueI/ux1i38cx++zMe+viBUtmaV14dLP9pbfjN1IYp7s60u2sOeZfy4czPrFqfhsuU1US8MwkdMGl0Lx7s/jDbuf6l8SrlRrEyJBaGv8pPXzxPS2DSmJ5kDxzJoR17KLyjOc5AbtJ6nrpvNlvxYOVPH/Fov5bAaF4d/hwL1mzit4X3MlAH2z5fD3jw6ISBN6O2Qog6JkGZqDGlVMXbTWdR4tFzKNXVtLWQg1+FELbLKqGLDt9pHdi3FXhwEkPbKcxZ9r1/HIOfW8/BU1mcdkgEenLPXV1Lyuw0mHsGQ+zFQnJyMgEX+vVvZ9nfddQDDGYNFylGKYUqBopBqUJyLgPE8vD9Q+hprktSEgDf7Uxg3p3DK2zXgIkvsmXii2SeOcaRPXv4ZcdWlq7dSsjTI0lXO1nY8zDbAbbOZvjoNdoV2M6QtAvgLPmFiiG+b7LJfTtfL53LyuOnid+1laQ0gME0UAqliikGut3ehyZKoYCkXTHAYHxG9bW0r92IeVy4MA/IZEUx0PMWujcx918j9B2AHLA35VEblY0rmPqRYopVyVhpu7R6d7ilMw6mMhXFwGAGWsalA7f3hBOmMSlfrvbzkTc34Hdbc/KLSqbKWvdwR6n8asfunyQCsP7p8cStNH9YIJ8kgP1nyCt1LihTHTG1x9z3PSxtcOhsYLCWgIykgxwCnh7radmPvj+eg2F7jjm/ittEsaq4X01lltqvGtDEvC0vj4vAgw+MQG/O32EA7+83BeO523EE1syerT0eO4kpffWmvPSMe8KXBdvXsinydwbc+zsfhh2CB8MYqi8zfkIImyRBmaixyt689d0HMhjYdTyJHDXE9IlAPbO3ZqK9dWSycmxPXs+xx141pqkL4OiEzvpNTZnmHRQ4KIB8ikoFAsrys74CcNLeKFW53Vb11N74zDMavvc/REvTFI/uoSnodIU4dXUp367cOF7xe570u1fw3vQB6NvdwpCxtzBk7ERmPLmeDkOfJ/7oeQpdtGuAXIb78pBnBwoLtbyn3DcFaEFnJ8X2pQ8x4c3tAAwf+yCjpr/J8B9fZPV2wFT/HMCjj5ulHkWmWSjsS7+R5mbmomtSum2qTOMrChSqU1VQZpWoTFCm1XvUQDer4MK0r9CcVmm9rSouw1zTDj37c9uA8rOVSuVVO3YOpksIxz49mdubmCfwdEyZogOnnjQucy6UdFXFfY8qIsdUN3P9dKhS55R1fuWCMsuIVBaUmX442Fv2F6YlsQvwQGHMvkgS4O5kX+r4wtxcCnVNaargMsDgB3mk5UE+2fo8szf9gzcnarOEne6ZyFjWsvbrH3nE4RTbgRcfv6v0c00IYbPkQn9RY0qpiv/pDdw3DPjiRZ5ZEVV+f+YRkn/X8ihSplmdTyL4raAkzZmfv2MX0MutFcqhIZDGwcQzJXnkHCHeNOvWqKkeSGLXr6cs+4/99CW70G52YP3ei+X3MfjMnsHs2bOZPXs2M+5py+GYg2QWVtAee0XK9iS+mPc+UZml9zmY/4wpLELfe5A2q9J+CDNmlOTtbv87MXtOkWc8w+6vt4OLL7EZGXz6n3eZO+1JBnfuaamc5X23qMhSRgdDb2AXP/5c0v6Cve/SpWcXnlqfaNU2c72oYFv5f7UeV+t8Kb+v3PHl0lZdhvmAIqu2V1x+5WPXUK8HoNvdvsww7Z89+wGMh2M4fCa7fN+UqmP5vreus96tOy7A51t+osByLieyc5dVfpW0ycG+ccVtKtLO0aOHz1u2nT1x0lKmQ/vODAY++fZXq+NO8UqXLnQZv4JMU/7Pz3mTFf9ZxXhgrf8TbDllSuvgzpPPD4YvnudxnxXg4ou3h76KMZZQTQhbIjNlosYqfwFvwb/CN7PnFm8iFk6g1edjeO7BO3BreYVTu39k5YYoLdn4djRSLRgz9UkW7vqQ0RNe5D8vT6DxmUgCA1YDg7n/n7fi"
01:01:10.472 [Forwarding screenshot on session d6a0bef0-bd24-11e6-8678-ab184a9d7075 to remote] DEBUG org.apache.http.wire - http-outgoing-0 << "Yf8UgxdG8eaEiajQ1xnWPpv1QU/xLfDkrHHcMfJOxsz7lhVPDCBn7hJ6FO3n5WUbAMhR2rKUNmOiKFYteODpaSzc9R4jhk4j9HU/2l/aw5InXmEXLnwwv0P5dunceWruGL59I4IJPXfj89zjDOreksyju/lopVbOg179UE0ceHg8BH4ylXsdzvLy5Ns5E7WGgDcioOdsFjVpgL0zkBTDli+jGeEGv/53CS9/mAT0JD9PoZqbZlZUyRJf12H3MYa1rH5iIk4fvM6wZumsCZwH9GTiyF4cjDC3zRxklLTXWKczZeZ8obC47ExZ+XoXm2eBLGmLtbpU8uZfXFw+j9KqH7u+nk8x7KVvWTHhHgpClnJ/d4gMfYmV36YxZkkgTUqdC6pMHSso33pbJy9e83HhqU+eZ0TBSaYNdeKrwDeIAnC27v/ybdrx0UIKf3LAaP7IZFERTYdMZvbw+jQEvn3pRd5tMYOO+buZF7gaAHtVjGrSn8d8XNi14Xke76gIuNeNPWuXsBYY//A9tFAZ2kxeUR5K9WXhZ7OJeGgZTwS8yb5vZtMeGDTxYVxW7CINGDbtQbrKLJkQfxkSlIkaq/Kv6iZDWH38FzxX/Zv3V25g5RvfWna5DB7PtOnTeXxMX3RK0eT+JWzNc2DazPd4wvtDLVHP8bz/7puM7qRQ3MMnUe/z4vR/sSzgIZZpuTBt+SoW3N8VBXx4fCuLZsxi5RsvAz2ZNnsaW5e9h0c/N5QCh4Zoa1NK0Wn0AiL/7ciMZ1YS8FCEqVaDeX39cu7vpKuwXUNmfMhm/SKWLF/JhpVvsMG8o+cYliyYz5ND9CgFk1f/RqHzbF7+8BXMTXEZNo1VK16gnYKHZr3ODxNf4Y2nvHkDwGU8s2f7sGzZBnbsPcbou5R2K1PrJb4mQ3gn6kMcpz/JsqfM7dfqO7odpFq1TTvCgaYNgYZNS659qoWqxrVpQwA9jRzKXpNUvt4ODg1Ne8qnraoMh0qWN4Hqx44hhP/yIa/4Pcl7gY/wninF+Nnv8+aTt6HUhVLnAjQECizLk+X6vtQ2HfeviKGBy/M8uWwlgREwzOdJhm34kKicIm15vZI27Yr4kF1ltg1uOpoX7r+T4PefY8q/VvLKU9qneMc/6QMfbqDIVOaEFZvJc3yGl1cG8u3KkvYsnHwrKi+9VJ31d7zAh9N+5sn3lrFg/VhWP3Iruq4jeXwwvLGrJ4/fN0Bmw4T4C7FT8owVNRAfH4+Li0v1CQEwknn2IpevQKNmzSv/vkhjLmfTs6FRM9q1rPjmoZlnz3IFaNyuneXu9bmHP+PlZQd49M0FeJguRTLufx+3ka8yY9Ne5tzZrpJ65XL2dDbYN6J5u5Y1vuVqbuZZsi9fwb6Kehozz5JeaZpczp69BNjTrl3tbjibefY0l7Gndbt2N3yL2K+++op//etfpbbVblz/TNWPXebZs1wGGjVvR8u6uJ+u8TBvzVyGw/hgZtzTybTxMIFth7PBZxWnQh66/jEx5nL2YjbYt6ZdJZXVzilo1KwdlZx2lTDVccxiTq19sto6VnReCCH+HDJTJmqs2HQPpuo50KJNG8xfklPpcQ5OtHFxqjJNizZtzJlgTlGcd4qIb98nIrOQd54ZTbPs/fx7xmLAhVtaOVdRz5LyrPOrjlOLNji1qLotDi3a4FJpGifatKm6nZVp0cZF68da1Le2alunP0f1Y1dyzhVTJ00qLiQx4lv+LyKZwrdmM8TlCt+/u5ANgLd7bxxuZEwcqj8nSs6pmrbnNJ+v+oSYvZvZCDz7mNeN1VEI8YeToEzUmK1MqjZx92dDcAY+wR8x47GPtI0ud7BoxXIe7FHxcqSonPRXJXR9ePPrZeA/m7df8ONt02bvoHDe8ulhg/1WRNziVWwEej62Ev+hbW2wjkKIqkhQJmrMdl7gdQyduoi0KS9zLvsy2DeirV5b37GdOv51SJ9VrsXtPoT/6sOFC+e4csWeRs30NHWkzCc5bUUXXj20nxlX7LXng03WUQhRFQnKRI3Z3Ju3rglt2jQBbLBufyHSd9Vr0cK0jF7uQwy2RdekBW2QMRXir0qCMlFj8kL/9yTjKoQQtkGCMlFj8ub99yTjKoQQtkGCMlFj8ub99yTjKoQQtkGCMlFj8ub99yTjKoQQtkG++1IIIYQQwgbITJmoscjIyD+7CuImkHEVQgjbIF+zJIQQQghhA2T5UgghhBDCBkhQJoQQQghhAyQoE0IIIYSwARKUCSGEEELYAAnKhBBCCCFsgARlQgghhBA2QIIyIYQQQggbIEGZEEIIIYQNkKBMCCGEEMIGSFAmhBBCCGEDJCgTQgghhLABEpQJIYQQQtgACcqEEEIIIWyABGVCCCGEEDZAgjIhhBBCCBsgQZkQQgghhA2QoEwIIYQQwgZIUCaEEEIIYQMkKBNCCCGEsAESlAkhhBBC2AAJyoQQQgghbIAEZUIIIYQQNkCCMiGEEEIIGyBBmRBCCCGEDZCgTAghhBDCBkhQJoQQQghhAyQoE0IIIYSwARKUCSGEEELYAAnKhBBCCCFsgARlQgghhBA2QIIyIYQQQggbIEGZEEIIIYQNkKBMCCGEEMIGSFAmhBBCCGEDJCgTQgghhLABEpQJIYQQQtgACcqEEEIIIWyABGVCCCGEEDZAgjIhhBBCCBsgQZkQQgghhA1o8GdX4K/m15WJvJ7bjq2v6Pl1aSKvX27GHWdyOd6pOW+90g5n68QZF5g38ywMd2Ghb7PrKu/3H04TvOkSjo7l42ejsQHT3+qKu3MFBwJwhU9eOE6hTxd83XW1Kzgnm9fnnSW9TNzu3NqRIePaMqZPLfOrxIHPTvDmLkf+/VYHKm1GRYz5LH02lVbTq25b2rYwXtsYj6OjY/ksjK3xX/48h+bPpOiRJfi5t6p9A2pS1SObCZj/G/6rF5UbK+ORzcyan8D0ta/Rp3wV/3aMRzYRMH9/hX3x59THtvr/yI5t0G8EPWrTN8Y0DhyDPn1cqjzXapNPtUlr0W9Htq4gaMka9mQPYuGsTnyb0IXVyx+t3fO96sqwJOBNWvmXeQ4bD7AkYDHHOj3A8tcmlXlt3sGc51bC3XNZ5Od+HYXmsGn+HCLToYJXFmjtxaKyZZaq8g2MUx3lY8yIZ23YWqL3n6Vhu76Mn+7P2D6m/jOeZNOKVXy1+xzNe3riG+hP+ZfHDML8Xkbnvxw/68Iz4gkLWcsPSRdp1/dupvv70efmvLT+PSlRC0VqxfA4NXxJllKqSC24PU5NWHNRbVuQoJo3j1NztxaUSv3p1Hil18er9UnXrrvEqCUHlL77HnX77XvU7d3jVPPmcZbH+u4H1Lb0qo42qrn6OPVMmXrVSHq6Gq6PU/rbE9SEMQlqzJgDasyYPVr5N9gma9tmxSm9/piqshmV1K+7Pk7N2lZ126IWeytcDcpgMCiDKwqwPMbVW0Wmp6sgUP5bUq+7DdVWNSpIAWpLBY1MjwxS4Frhvr8jW2uvLdUnOyr4OuqSrUI8UfhvUUrdSHtK51OdmpeTrAJdUbh6KV//YBUagIKg2j/fq66McgUVGFn+ORwZ7KUAFVTm+b3R11WBq1qXdB2vjVqhKtTHoFwNBmUwuGqvK2B5bPAOqbKNdXXeVfXaUqXsKOUFClyVb6C/8jTVPzQuWymVrUK8tMc+/r7KFRT4qoRSXVWgIoJMfWvd79lRyhsUGJSvv4/p9TZQJd9YM/+nSFBWK5fUVH2cmht7TSmVoybo49SSuCKl1CU1q3uc0usPqQRTyuzYU6p58zg1Zc3FOis9O/a40uv3qG3ZNT3CqOZ2j1Nzo4qUUkrV6uUnO13dro9TC0zHmqXHpqju+jg1fElmbXKrXMG12tVLmdpRkKWG6+PU3GqCMmvZMcEKDCqyVP+lqyBXVFCUtrHgel+jq1GQXXHGBTGLtTrZQFDwR0iPCrap9tpS/5vPz6gaP7+VUipbLTagDEFRSilz/3qqKNPpVotnR6l8qlPjfiuIVAZQgeYnXUFBrZ/vVWavVUZ5lg0OLExBIb4lr80xIVrAER5XR7XIVos9URiCVU2HrvQ43ViPVPbaUmX5kVowF2qOtLJjlDcoQ1CkKkgIV4Dy"
01:01:10.473 [Forwarding screenshot on session d6a0bef0-bd24-11e6-8678-ab184a9d7075 to remote] DEBUG org.apache.http.wire - http-outgoing-0 << "35hk2qX1V6A5sC1IUiE+BksgGmzV73Eh3qZgV3ucHOGvAMtjUT25pqwmci7yaI94evRI4otiePfefbi7H+fHYlg28gg/ZDRi4X9bUVx8mZeXXgSMvP54JvX6tWC5ZdmykC+XHqZFi3hatIinpfshPjtQqGUffxr3HofYkWNKaszmqR57WbqjsFQ1iswPi6y3FrJybOm0v648RI+HUsgAdE4Qsz6Zu1rG075FPHc9epID5nIo5ofVR6zqdJgvj1yhdO7FpR636teYDkBOnml7Ti5LH91vyWPss6c5CXw77wDuj6ahFXWFtU/tt9QJivnshf2MnZdO/IdH6Gva/uvKQ4x99iTzHtqj1aflXl7/Mt9S9oEvT+Buaof7mJPsKwaduQ8e2sNDSy9UOYxF5n4rKr1d1wTiv5rPSDs7Gja0w21oANtOGk17jWwLC8DOzk7718ePzUdyKCt2xWTshs7hiGWLkU0BQ+kT8DE58WEM7OvLjgyAND6eOd6UnxsPvBgElCxtZ8R+zHg3O8v+OR/HW/Yd2RbGSMu+Psz5OLakbzbPp4+5jnZDmb+p5LjK5MSvYajbUCZPHmlpn9+KbRgtCQ6wZPJQy76RAWGcLKkpm5f4WfXLZDYdyDD1hR9D/eYQMNK0z208a2LTKqxDVe2tsu5HtjJzZB9L+W4jA9h6xAhksGL8UPzmzGGked/QALZZiq+6/0ureOyNRzYx1K4PYfEl50Ha1vm42U3WnsOV9lvldcuJXUHfIcFAIsOajWdbRs3GND7saYISIXHxMNzGryATgGjemzUZOzs7GtrZMXLmx6bnXeX9VjafjHIlXcd5mxPL5IZeJAIhXs0YOX8H8WsD6GnKP3bFZEYGLGHOeDfLOT1/s/kZVPXzztw3De3s6DPCh2jMrwVldWbRF6HAWl5YEgukMd8nEDwXs9KybFnVuTy5VH/kxK+hj9tkYku9BBRhfvXNs9qaEx9GH7fJVq/r8fi59WHJDnNu0az0HYmdXUPs7NwIqPFzr3QZ5tcW7fk8koCAyZbjxluNvbVz+U3x8Q1htHnt2bkXgwxa/VMOxQDeTHmgh7bLYwJBrhDxy2Gtt358h8ANeQQGBwJQ8s6TwbY1m3ENDOXRHpCRlkGLu4JJiEtglGsFlRAV+7Ojwr8Go4rafFaFzdqn9PoDas3W8yrsmT1Krz+gwj5NV8mmPza2Ldin9Pp4NWXKPqXX71Gb00pyiFqwTzVvHqeeCTuvEuLOq1nD45Rev09tTVMqPeqY0uv3qK3mvzrTtVmqsrNA6VGmmbJSf51qs2HWy3hRC/YoffdjKl0Z1ZLh2pLn3PWZKm5birYkOSFFZSul4sIOlNQpIVPNHROn9PoEFZWulMrWli+nrDirYmMzVVRUptq27axaMEVbwtTqVqAW3B6n9PoDan3UxZL8p6SqhPWHlF6/T/urPztTjdGb2puulCrIUmP0cWrK+jyrupb00e3PnFJRsedN9TmgYguUyo7TZh6HP5Oi4uIy1Vxzu7YVKKWMas3UBDU1LKvKUax4liZd+ysXVGD4FhWzJVSbyvcJVwVKqbhQb+2vxtAtKiEhSgV5ocBL6yMrBQmhpr8aTTvStygDKN91SaYlBoPakq7UliBPbcp/XZSKiwxVBlDgqSLTlSpIWqdcQRl8FquYhAQVsdjX9BdqsiV/V5/FKiohTq0L1pYGfNclKJWtzUZ4L45QSckJKtzfUKMlDa0/ULj6qi1xCSoy1N/0F3KyUipVBRtQ4K3WRcWpuMjS/RIV7FnSL3FbVKCn1o4tqSX7PP3DVUJSjFrs7WrZZz0GVbW3anHaEolnoIqMS1BxkeHaUoxXqMq2Gs+g8C0qakuIqd7rVIGquv/LlVLp2CerQFD4bjSlNC33eIWo7Cr7raq6pastIdqYBq6LUuk1HNPshI3K03ReRMYkqFTzmOKjNkbFqIgQrU+DotKr7LfTZfIpO/dyfeftPhUXodXHZ/FGFZOQrqKCDQpXbfnSfJ4Y/ENUVMwWU/96q5iCqp932XEhpvMrVMXFRakgc59WOFOmiQz2VOCqfHw8FRhUhFXSqs/lkvpqz5mS57LVM8kyU2a9uVzadG1MgyJTrZ57PioiJs7SZzV57qlKykgvM/YbF2vnU3DZF6sKpEYGW2YPI4MMZdqitc810LS0nZ2uUrOVUgVRZWYozee3wXR+aMujwREJ5coTlZOgrBYSVuxT+ilnlFJKxS7Yo/TPnC+TIkc9Y7rua+r6HKvteeoZfZzqPssqvWl5cMqai+WDrey6CMqOq3RlVAtuj1O3zy1ZakzenGQKALV9+jHJKindqJKTjSo5NsUU6BiVyk5XY/RaW6z/6fUJKmyr1raCOC39lLAslZ5eoNLSjWrbkgQt/0PntTZEFamC2GTL8XO3GVWBaRl2a7p1XbWgTK8/Yrn+INsq3ba5e5Ref0RZ4tzszFovX1YWlAUbrF5wlFJRQdoLcappH16LVVJ6ukpOTlfJMaGmN4CyL3SmtD7rlFJKJYR6K/BSMdnW5aaqIFeUa1Ck5ajUiEBLnbQ3B4PamJCqUpOTVXp6nAo0aG/2W4M9FfirklWAAhXqjcI1WKWbXuwNvsFqS0ySSk9PVgkJydUuiphfxMMtmRaoUFNwcS5Oa6dPaIxKT09VqenpKnKxl+kNIEn5U7rPzIGhT3icqR2BKrXMvsAtqaXGoKr2VrkMVJCqIjduVFHJ2UoVZKvU5DgV4kOpMSs1nsHm8ay6/yscz0rGPs40vlEFSqnkjdo1TVtSVUGV/VZV3czLl57aHzI1HtOKli+txzRJ+YLyDo2rpt+qWr68/vM22/zGbVqT1dobbBWUlVxvZF6+NfdTZX0fGWQoc36VDQ4qkqD8TdeU+q6zDhKqO5dL6lvSv5X8YVcuKCuTNrt8UGb93AvxQuG5WJ2u8hwq3SrrMnJr2/YAACAASURBVMx5rrMae59KrrWzlrzFFMyZroOLWeypIEhZH1U+UCvdnrJ9HLQxRqWmJqhQf09TO2/SdSF/Q7J8WRPGbOY9lMjL665SvPUMDz2aSMDKYtiQxl0PHeFXy1R2Ux7xdaBevQZMurdpyfE5hSQDD42y2ubchHGusPtQmbU08+4bqnDJsBbmw/BhTpbHLdpqH7h1yL3M0RQojs3Co0ci7u6JuI/RJrqPxGtLhgWA//reZGW5c/KAG4901vJod6vWjryL2lLn1rnJ9OhxkD49Epm4tAhogENLZybeBt9tu8hP23Kp92BLXhsL30Vpj7mtBf8s94mcYtDXx1xb83KtA2CvqweokpVH56YM11My3X8j8uDuwbeUPNZp/+lyjnMkEYgMomfr1nTp0pouQwIASIo/VCaTVjw8zxc2vE9sThoRb27G1X86HtYDmXmYb1Lg7lvblhTlZJ1HIyCRh2/rSMcuXWjdegAhicDlHC6bUjhY0jrSf5CnqegRvL8uCNYGc++QnrRu3QX/FZs4Vn6VtUItGlvlOdwTjqRzLks7FzYEDKF16450bN0ar6BIoD0Ouec4Dkwe3bckE+dbmWCAmIPngGzwbF2ynOR8CyNcYZtp+aMm7c2jCo4utCjazzNdmmHXsBkduwwgcAPQUaeVWXY8AdChy6iu/61UM/buD/lhIJJPf0zjwHdrScGHJ8e6kFdVv1VVN8zL69nazxqPqXnpzPp1xECnFubfW9DNAHvSsqrpt4ryMam236oYx8IisgGKKhrRbHB1Lnm+m4p2yK267x10zYBCLBdaOPfjHtfqXgv6MGW6F+DJw/f3KdmcU925XLfKLpRbP/cGD/eE1FyyqjuHqmSgrdXY96hm2XDbisl0uTcYV99Q0iOepxWQn5sNrjqr5eAMYr5JxHDfEKr+EGVbWjcBfDayaJIHLi598F/0Kgbg4OnMamsuNBKU1YSjI30H1Cf2JIz1b8ld3etxshh8Zut5wLMxza0uZigsMl1rZf3a5mxPe+Cz/8st2WYsICEF7ujvCFeUts38jNPVo4bvp1pytODL7GL6NcyvdDog5VjJqn9+1jWtek0b4qqHeo90ICvLXft35lbWrmrPrIla0JVjVSfnDnpWfd2R2yhi6sAjHAAcnLTTJ3Cz"
01:01:10.473 [Forwarding screenshot on session d6a0bef0-bd24-11e6-8678-ab184a9d7075 to remote] DEBUG org.apache.http.wire - http-outgoing-0 << "wZLHyXg3Vq5sw61NdIyZ0pCUd9MIXHkVn7GtuP/+RpwM+50pIcV4+zWvVeB5pbAYsLN6Ucrn1wsVfRz9/9u7+/gm63v/468GmrZQTGkb7grUCtihVtSOAZPJYMAYhR0Q8Ijc6OlQgdkhDGUT2FDcD1HOsIcj4FTGUSoIOJgH0AmK3VGLcwGhCFSkpdBCIW1paEuTtCa/P5K26V1akJvI3s/How/a5Lq+1/c+n+u6vle4eA7AFBnZ8A1TN26MBWb+BbfnqjLuimz+8voGnvj3OxpsHj9iKsP5mEVznmRRLjw5fUjdDaI9wck/DhfXvGQ01taC03EKmMg/q4/ldnPg/b+w4TejCHOUNDjeiaMfAw7OWzMpCB/Mu243Z7MP8JflyXy85rf8+ePG13HVVXfW/vrAx9CtA5Hhnk696KOzNXkpyf6I11//Fb1jIukKvPnu/tod7SfZfxB+cmd3z98nHbVtZTvB57kw7O7edY7lr7zRfnJsy3iO709dQq9FG8g+6cnfttmx4K2iJtvT7L/+62iu7c0/4cmJsPK5J/n98+8zcNF/kAAY/dVbOz9582UE+8W0aSkQ0vTHtQNo14J6azKdZurtUtuxSTf4r3unowQIIbhmh0N8mtv8XOB0eE9t6szNLejL1E7NRuqu823mgHV3DjFSdxTfRnjNZ4edfbs/hm43EN5MH7oYTefWzltzfsTw2etJfukjjr82sybg6tn3HsjdzBc1H0JlnD0IpfbGLyD48uS8ke2a31W8FJS1SCgTJkdgMBh4cEEsMybfgMHQmkmzYpk1qyvxjcwGdfvgDSRNDKJobR5Ld5SQn3OeVSnH+cAFd90eRruORlwuFy//VwE5+WWseeIEOa6GaTaeNhAO6xefYE+OnT2bviY5zQ0mz3bGGNi9MIc0i538zAJ+M7UU+kXS1xzKDycYYP0pFm8twWq9QNqzR0lOOUV6cSMHBYjpwKpV4bhcZcxacBZTfzPjDJA6J5sdmXasWVbmjjjOrFmFFIdCwk8jicJNEUHc07cNcd+/AbMBDAYDST/2uWroewWszu+1+gyLwOUq5TdLC8jJv8CmBflk1NRRJVsXZ7F40/lG9mxB/QENpy8H0JW7H7gNVs7m6S0WrNYc3nhmKvdOvb/xOjIN4lezb+P9Neth4CJ+nlD/A78z/ZJiObjkMVbuzCQvaydPPbaI6vPnO0ZPAtbz1Jw3yMqzYtn+HLcPv5f7PyjgBz8dD6xk+lNvkWO1kvHGHO5fA8MfH03MiQ+4997h/Oq57Tgie3FLL++HiRGwZ7Fyzi95bktmE7WRy+wnn8OSl0fGG3OYuh6SH/kZ3QaMJRlY9Nhv2J6ZhzVrJ3MG/5ipU9M4F5rAqJmx5C7/Jc9tt5CXk8nKXz7CFiDxju5AF8hdxJyVO8nLy2TlnMf4mNvod0vdj2h/5Q1tNt/Q+aaedI42kvHWU4xanlvvMkTD9nQ0U/91Ndf2ofz80SXw8Xq25MbyyNRhAJj81pu/vOH9ED+I5UMLdn9tWoeZ25NiObjrr+zMbDoI971O1Xi9+Uvn0vtt44GSw6cGHI0EDv7r/o6fTgKW8+RzW8jJy+Gtp17g/SZL3lDd8d9MXw6JgNzNpO3MIidzCzMeXEJj/cVR71+Adp26AgdZ9eIWcvKyeO3Xj3Gwzl4HGT75OTLz8sh44xl++T4kPzKWHi3qQ99Ozlu/5v7lH8PA2dzbq4wtW7aw5a232J6RR9yQMQzkIA/PWUmWLY8tT/+alcCTkwY2k6qZsU8mw/qpzHktHas1i9eemsNBbuNHtzT/3XfidXXvln53nd1+xB0VleU+63a7j6z7ssnv1sp47oBnsXyDRTHl7henfeGzNmuv+7ntpd73nO6Nvz5Q+97IL/2sKfuiQdrZ27PdN0fVpjvyrn+6o0Yed5d4F/pH3bW3Nu3BWe6Mmv0r3Csf+6LOmrHHXvOuP/Mu9G+4ZsvpXjnZ4m7f/p/ulQec7oojZ9yT7/JZc3Zzpnvjgeqv0ag+/lHvupFSz1eHjDxes2boo2e+cEcNzq5dU+b93be81WvoMlYe8TnOF+6bo7zr39x29zM3/9N983z/C1prHkOv95UYi2Lrrrv4aNFAN7ct8ebjZM26iOqfma82/bUB1Y+TJ/s8A17y6RKfxeTZ7iU+j5N7fobXrDv55+u/9X4vkOfntonL3dXLMT59dXad/YbPft2bxwr3Nu+i3uqfgTNf9awJ8X4fUZ01M3XqA3fsbbX7jf3thpq2qTiyzT3R5z1ix7o3HKh+N9u9PNm3Xm5zL9l2xFt/w+uV7zb3kvezvcf0rQs/5fWTb7f7ZJ1H8mG4e+bM4Z41XiVNtOfA6vb0X//1j+O/7b1ftzD2pTpr4Jqut2bylv0X73dH4f7t+yeabtN6jmyo7hcT3Z98Wrd+q9fGDVzyUTP1VjedhkuzL7Hfetuxet2Rb3nrtkvt+PSk6b/uP/U+lOKp34Hu2EbXedb16ZLastYvW1N92X32I3ey7/iYmeyOZWCDhf7V68Hq5qDEvWG2z1gYPrFmDZZnTsBNrE/ai/5Ss2bQ/9jzOYJPe5c01vaxja8pq35wo/5P9XjLfn95nfac+dKnDSvUu5av7oME9eeiWPeSZh/cEV9BbrfbfYnx3L8WeyX5RRATEwx2B9bSYMzmi7/QaLc6KHJCVExIg7NIu81BURnExFzCt+XbK8kv+obwqFBMjZxN2a12ipxBjabtyZO7yX1bwppvx2kMIsZ8eb7pv0neckbFhF6WW5ctPqzVSqHDQbvorpdcR75s1jxKaUdXcyO3z+w28gpLCWkXjbn+wWre60qDXZvYL/3pH/Gg7Xcc/+OwOptb05+mw4938VHJ/9HPmUepsZE0AWteHo6QELqaG64o8dQLRHc117RH+tMJ/HjzJM5m/gbyrBi7mv3fqr7IfFfz1GHj+WqO3/qvn71LbHt/9dZi/vpCve1shGBq5H+uqM9vvTWTziX320vkt+69x4vu2vWyzAWN9eVqnraMpqv54o9kt1kpLIWuXRvvB9a8PGiizi5LH7pUdhvWUicYzY3OC/539ZS5XXNjXxpQUCZyPbNn8st/e5Ex615jWL153brzKToMf5NtZ4+TdBnn/J1P3cjwJfdy0v1HLvmmhZ98i4hcrxSUifyLsufsZOkrR7l33kwaLH/7FrK2r2RLwa08/otBV/VqpojId52CMhEREZEAoKcvRURERAKAgjIRERGRAKCgTERERCQAKCgTERERCQAKykREREQCgIIyERERkQCgoExEREQkACgoExEREQkACspEREREAoCCMhEREZEAoKBMREREJAAoKBMREREJAArKRERERAKAgjIRERGRAKCgTERERCQAKCgTERERCQAKykREREQCgIIyERERkQCgoExEREQkACgoExEREQkACspEREREAoCCMhEREZEAoKBMREREJAAoKBMREREJAArKRERERAKAgjIRERGRAKCgTERERCQAKCgTERERCQAKykREREQCgIIyERERkQCgoExEREQkACgoExEREQkACspEREREAoCCMhEREZEAoKBMREREJAAoKBMREREJAArKRERERAKAgjIRERGRAKCgTERERCQAKCgTERERCQAKykREREQCgIIyERERkQCgoExEREQkACgoExEREQkACspEREREAoCCMhEREZEAoKBMREREJAAoKBMREREJAArKRERERAKAgrKrbM+ar5ny8Nfssfrfzp5VQMqUY2TaL+/xs9KtZNkAKkmbe5g1Foff7TM3HWPK3HxslzEPtsx8Uh4+TEpKVs3P3AXHSNtVdhmPch2zlbC4Qf3lsNXybTtLy/rEVWG/wKalXzFhyH4SE/cz4eGvSEu/0LJds07z8JSvsbSg09pySrDku4Ar09cDTyXpm3J5eEImiYn7GJJ0kLlL88m6zPNMY8cNmL7l1dRcfKX6gW9fa9y1aZuLGS9y5Skou5rs5/jPJ21sf9vGf24u8btp6cky1r9r42Tp5Tu8Lf0Yd487yTEngIt9ay+Qccbtd58zn5Xw7toKnJcvGzjP2El7+wLr37/Ap596ftasLCHlviweTjt/GY90nXJW"
01:01:10.473 [Forwarding screenshot on session d6a0bef0-bd24-11e6-8678-ab184a9d7075 to remote] DEBUG org.apache.http.wire - http-outgoing-0 << "snvLBdavL/fWXzlrVhaTPOxLUvd8mw+9lvWJK8/O0nGHeXRpKdlRRgYPNpK9pZSUsYeZu7X5wKz0ZDlb3j3PmeY6ra2IsX2PsXa/Z8Mr0dcDi4PUpAOMfbSQLdkw+Gft6NGmkjVLC7i7T9ZlPwGsy8XhtRfYd837lpefufjM/vO8u7aCy3qKWK+vNXTt2qbF40WuCgVlV1HOe1Y+8J4o7X7xLDl+tm0X3goIwng5MxACEERbo+ePZ/NuZ8XIUL+7DH32TvIKe2K+nPkIBoPBwIZ/3InF4vkpzrqRJANs+eNZ8i/nsa5HRrAB09++1Vt/d3HK0o0BBnh987c53W1Zn7jirOfZ+BkkLeuBZVNvli3rjeXYTSQZYO0r1uavYAQH0aKxE+KpR1PbVsAV6uvXhIOliRYW7KoboGelZfN0BgyY2Y08SwLLnu3JK5vuJH1FO1zWMp5/+wpfqY6CkMs6oV06f3NxcAgQ24pwgMsVDNXra/Vd07Zp6XiRq0JB2VVTyTuvlGKIi2DLGhMuaynr0n0nTTtpcw8SGWkhOnov454qBgw4vz7NkOh9rLJU1myZv+MY8dGHSLcBtvMsnbKfyEgLkZEWklJOeCcYB6um7CdpykHioy1ED/yS748qweVyMa7HQXZZHbw85RCp3jxkbj1GYrTFe/z9LN7kOXu0/DmLPhNysQJ7Ug+RlJLDggl7vdvtY/HW2skic1NtGokTDjNhyD4eXuXniqDvmZk5igcfCsJzelov70m5WHGwdenhmnJGJx5iU2Zt/TV1bJsljyHx+0hK2kdkpIUJqeewZZ1lrvfvyEgL8UlZ7MjyzNB7Ug+R9PAx5laXMfEQaelnWTDEe9z4g2yy+K+zqyXEZ/iGxrWnfyw1Z/d7Ug8R7203AJslj8T4Q+yxgT3HSsqQvTXlnzA3zxsI1/YJT71lkpJyyGe7/Jr0mu53/tOv7uORkRbih2SxI6fp2zmhIT5/mNrzeGoEE++pftF/f6jJpuUEifHesQJgL+Hh+H0sTS8lddxxclywcuwBpqSeq9PX/aXvfxxcXBmvFGdZ/XjCwcY/XsAQZ+K/n+2Ab9idMKk7837Smo5U1WzbdN1e2jisz7onnwnx1WNnLwvSrubYaW4uNkDuOR4YspfILp4xn7an+fJfTF+rq+VtY88vYsGUfXXGXe3tzeuhbURB2dWSU8jKz2DwNDODxkTzEwOkvmqtmTh3LMgiZY2DmStu5G8boik44Hnd2NPEXbhYuLrQu2Ulm18qoahfW+4w2Vk85CgvvNuKFVt6sHOjmYr1VvpOycMOnD9URcZ2B6OfiGD66Pa8sDAMgIdSO9PHDNYDVVgr3WCz8tC0Em56IoYMSy+en+hi+aPH2GGFskI7RQc8AaHjfCUZacW82ymKLTu6Mb2fi9Rpx9ljB9ueXAY9WoJpopkdO29kDBV88IWLY/mVNKWszAV2F3a7i3zLaV5e64aewYTXz/s9YexffITkpReY9IdupO/sxkOmCmYMPsKOfP/HdpY5+MLq4rPPQpg3ux1Dbq1i2t0nWVvRlo07e7FzY0d6flbG1Dl52KrL+HYJeztFs2VLJwaXVZAy9iT7ftiRjes60q/IwYzVxX7r7GowAbs3n2DVqlxSU3NImXCQ5Tnw+MT2ADjOO2raDcBZZie3yEGx00Hq+BOsDzOxI6M3O1428cGaMzzinZyr+4Sn3pysXw8vb7mJl+eF8cGaAlanOwB//a7p9DNXHWXW2kqWbelFxs4YfnCgjKkjcmhQZeZw7usHb6ccIzo+k5QFOaTtKKLTuB6smNcJE5Dupz/4cpY5yS1yUF59AlBayd4iF6WVwYz4ZSQASfO68PjPw+v0dX/p+xsHLS7jlWC7gMVynqzMMs4CthPnyco8jyXzAnZbGXty4fYx7YlrsGMo8zb1YdmkiGbL7u+9ls4B9qx8Bo4qIPsHkexI78WrT4SxMuUYc3e0bM3gt9bMXAwGXC43BbdGszP9Rqb3dDBr1BF2Wf2X/2L6Wh0tbpsynuhznNXvtmbZxh7sWBNNwXord4/LxcZ10jZC62udgX8VezYWUkQQ943wDMhJDxnYvdbKe/ldGRNj59NNVZhndufZSVFAFO+8aqfPtHKgDRMXh7B2YSHpKzoz6LRnQnno9Y6EWM6yPAeS/hDD8FtCcRLGU0/YuP8FKx9azTgBc3I3ls3rAIBtTwUGQyWjR0VhxufM0DuJZH9dzrEz4Yz+XTx9H4FeZvgMgKCaTQ2GdmxeEUsccMfCUlaPOk9xKXy+rRiD2cQbK7oTA/TfZOBAdDbZTdSHy+UiOXEfyT6vGQxGXv3vbpiorJf3MlKiqzAnd2PFDE9Zlm0JYnePE6z/WwnG7OaP/fzu75GcYAC7nV6ruvDY96MZ1BnyT7sY/rMzfPYPZ81VJoOhXU1aTC5kd2oYf3q2KzFA+Cwro9aVk+80NVlnV0MY8Nl6G7bYIMrK3FitnrU6x46UQ2KEd6sgnz08vxvxNvfXDvYdrmDEj7uRkd4BY6cwoOEVndRPbmFCPDAomHdeyMJW6cbegn7XWPpn3nQDbg59UU6fEe157pM2PGkMaeR2YRvmbb+d/ptOsXljCWkri0lbWQwcZ+aaeJ4dA5tTm+4PfXv4plVb7rq/QPyQG7jDUExs/2gS44JJr9m+zG/602h6HOBsaRkvP+vneQy7z2cR6twTvA0YDEG8/n/dKADuuim4dvv0Y8SPrb0KEjeuIx++EuGn7AVE+KmXloxDgM82FlKEgWef7Ey3cBc9kjuTvPEYa1+ysnBkLKYrUz01/M/FAC4Mhna84y1H4psu3u1xgvc+L8bht9+1vK/V4XS1qG22Tv+GNBf8fuf3SE4MBiJ4Bwd9phXziTWKd6+DthEFZVdJGWlrnLhc8GjiPh71eeeVdecYk1zFu0VwT+/a+zVGn5OpxPEdiF14ks0f2onMLaSIMB4cGUrpLs9Zzvb52WyfX7u9wWD0zAdlcE+/NjWvOx0ALirrL+g0m3kp1cYvZ5Uw+W3PRHDHuEhSl9U/b3NBlHetRU16nrknOMQARZU+dyTD+X4sHPBTK7NfvpFhHcBR6YLwEO7of0PtoPfNu81BNjBhxA21O5vaMSYW1h1yMs3k/9gGQ2u6d/deFA4Npb2znEf6nsL3rpLhjuo1FZ4y1s6ndf/2FDkIo586S7gKM1cBnjVlzw6qvZ23asqXLJx1ktGjIvzsGcKv1sbw1ax85icfZz5giAsh9U+9iKsXORgMBjpGVv8VzM1RnnUxpef89bum0580qweLvz7G/KdPsebpUxgMQUxc3I0XZpjr3LKx55fxxUkYNCGWQRNiWYGLnMxCXvrNSVZPy2FYYhe//YE6QVlDNc3jcHnWp1V+A/h8UDbb35oeB/1bWMYrwTy0Jzk532AKqWRBn8PYlsazYkQINkcrTCHnWQ/sPVx7MtauewTLloUQ0i6IwxsLWP13O2X+yv5FBT2beq8F47CWAZerikcHfVn3VVMVZXCFP/ibmYvntQdccHtw7RwQ0pqbgL2flBLGxfW7ZvsaQLtgbqH5tjk3OQiDIYhe3Wv3D2/vWaNmPP/t5sha17JtBHT78qqwpp8hzQqTVtxIRnovdu7sRUbGjcy8Az57oYBMc1sGR8Hew7WXko3BPgtCzdHM+RmsX5bNMy86uX2WmQTAGO5pvtlbbqO4OJHi4kRyLDeSmtqR3u08AYSpfb0JAKi/otNuPU9BWxPvFCaSZenFmt+34Yu3i/mfT1q+yrXS4QJ8F7GWczAXwpvY3mBozYDhUfQfFMWgoWYG+QZk1Mu7KZguwKb3fJ7MtFdwIBfuuTO0Bcd21VwNtO3JYViKjZtmdcGS6am3dclBXOzz75ejzr493+Ebwp23BQNVtbdPqG1qI9VPvTk4fBIef+NOinN6s2NdRwaXOZj1yKlmb7FVf2T473dNp384s5zY8T0oLr6TjJ3dWTixFesX5vFhvQMffec4I0dmsbXmVqSBuIQOPPukyVO+UP/9oY5Kd92KCDE0bOrgeouvm+lv/lhbWMYrw4DJFAyhraAIMLaG0GBMJgOEtuWH/SB3dQFbvYv/QuOiSE7uyqQJMfw4"
01:01:10.473 [Forwarding screenshot on session d6a0bef0-bd24-11e6-8678-ab184a9d7075 to remote] DEBUG org.apache.http.wire - http-outgoing-0 << "3tuX/JW9X9i3HIcelY4qDIYwdnr7TnFxIukbY1g1N4qoy10l9TQ7F1dvmO+qnSYdVWQDdw0O998vLqWvQcvbptLtua1aUHs26Sz/xvPvDd92jvQe4hq2jXgoKLviXLy/rgSDIYxHJkURn3ADiYk3EB8fxS9mhONyXeCtHdBveBC5q0+watd58rOsLJhTQm3zGBg1LRLXFxXsLgriF5M9lzRM/c2MM0DqnGx2ZNqxZlmZO+I4s2YVUlzz2eHzCHqlG5fLhWV3Sd1FwCfOkZx8gseXnsUZGU7vXt5ZxVibRu3nvLvRrwzoOzYKl6uU8Skn2GMpYvGEbLa7/J1ZuXA2+wh2dd5vIGliEEVr81i6o4T8nPOsSjnOBy646/awSzg2dLopjM5RBvZs+prJa9z1Nm68jL7vVzZbZ1eWCdi38ww7thawdetp1izNYuRSJ8TeQB8zYDRA0Xne3FVGTmYBjz1iw9OfKnltaj4/nZLNnrJW9O7Tlk4ANwXTrqXH9tvvmk4//608po47wqr0C3Tq2Y7YDgbAgLFenSWMiCLOANP6ZJK66SwWSwk70nIYOc4Gse3oY/bfH3y162jE5XLx8n8VkJNfxponTtReIXV6+lfW38+SmVMdcrpxNtPfardr6FALy3hlBfPj5838rEerOq/N+FM3bsfJtL77WLDqNOl7SkjfcZoFU/Zx30qXdz2nv7JHXZZx2GdUBC5XBb+bm09WvgPLjhwG3ZfPjA+dV/hqYkvmYjvQGpe1hLmrrOTnn2fV3DxyMTCkt//yX3xfu7i2iR0YTZIBnnzoKOk5DvItp5k5tRSi2tKjmTER+G0j1XT78kqznePNLXD7dM/VLV9xozuQNKOM1euLKXzje2SXZDH/vqNU3xEyGGpjZtOgjiSbi1l7ezSjau4qhrPik27YHzjJZO/lZoM5hFW7e5GAi63UfQLL3COcAQYbS5OPURp+MyHe90MTu7FuXjmTl54kYelJAO6Y1JHZQ0P5OsMAMdW373x/r+bJoymxO5kb3fz8fisj06zckRTOAEMZXfrU/ZCs1dr71RyNq85btTErvkeu/ShPTz7GUm/dzFsXz4yEYKDpYxtDyvA99zD178zvk0p4OuUYaSmeW26TJhlZv/4Ch2yNldFQ73TS8347P3V2NYQBGSvPkOHz2oBxESz8fz2IAWKSuzJ243Hm35fFfOAnk9oQtd6Jk3AWvW3m2DgrIxM85/GGuDZseL4LoVTW1LsxxBNM+KptE3/9LrjJ9IdGhjN9Xzbzx3ryZDAEMX1VT4bW/2SI68x7f3Mx85ECnn70ZM3L5gEmtq3t6Smfn/5gTa/Ne2hCZ15OtvHo8nwSl4NhQBhxhgpvguHcNziIpcsLOGAL5k+m2rb319/StzY9DgY9EdeyMl5RBoYmd2/4ckwHdnzeihd+l8fy+adYWb21oTXJf4hh3owOmGhmrF3iOITa/mPuH8fOFd/wwKwCBqwpACAuKZo3n+1wZaulRXNxIcNudmGIC+HYwhMkzPeUceGGeEbG0Ez5W97XspbVK2sL2+a/d3dh2vhTjE086Hn/jnA2vHEz8UD8JbdN7Rx56LbxbAAAC1VJREFUzdpGagS53e4A+TY/AbBZ7ZTRihhzI7cd/bDm23Eag4gxhzS/cVPsleQXfYMx3IjZdHEXUfPTc3l8XRArX+nuWdRsszKkxwnu2nAryy5joGK3OihyQlRMSM2Z26Uc21PP37K+4FvV2dXg6RdGYsz18+bCmu/Eabz4vtYw/cbqsen0bVYHZfXasCk2q8NzRcoY3Gj9NtYfGmO3OSgqg5iYi2vvlqbfWL5bWsZrwl6J1QE4wdxE+/sr+2UZhwE+dqrzFx4T2uCKkt+6ucS+5ntc/23jf+z+S7TNdUxBmVwWNksuccMKMQxow6z+rdidWsoBjLy+P8FzhnmdHltEPDQOA5fa5rtDQZlcNjnpp3lp3TlyS1x0uv0GJiV3pX/M1TnLupbHFhEPjcPApbb5blBQJiIiIhIAFCaLiIiIBAAFZSIiIiIBQEGZiIiISABQUCYiIiISABSUiYiIiAQABWUiIiIiAUBBmYiIiEgAUFAmIiIiEgAUlImIiIgEAAVlIiIiIgFAQZmIiIhIAFBQJiIiIhIAFJSJiIiIBAAFZSIiIiIBQEGZiIiISABQUCYiIiISABSUiYiIiAQABWUiIiIiAUBBmYiIiEgAUFAmcj0rL6ekpATntc6HiIg0q/W1zoCIXAElh3nzT2nsL6okOCyYyopKuvUbw3/cO4C2DTbdzZ/S3qOoEiCCgeOnMLpvVyjJ5LUX1/FVBRDcjfGPPULfTsaa/Y7ueJE0690serCv95VyMja+wlbLaQC69RvPI/f2xUhLOEhNOsjTGXVfHTevG8vmdcBUb9u50QdxvH4rK0aGtrhKroRdC/Zx30pXg9cNZhP7s3oScw3yJCLfXQrKRK435Yd5ccla2o2YTMqNrbGWVBFuDuXI5ld5ZrWdxdMH+wRKBWxY+x7fJI7nt2Nu4eSuN1i3eTM9+zxMzp/W8VX0UJ54pC+Zbyxj8+pt9Fp0LxGUkLFxLVstp4lIrJ1C8nb/ma0WJ+NnL6ZX6S6WvLqZv93Zh9FxLQvLzheAYVxHPnkqApxQcOAMYx89Sff+JhYOCvHZMpgHN3SHPi1L90rqO6MX6f9uwFhezM9HneGe52/kqcEhlDlbKyATkYum25ci15l9f30L58CHGMInrFj9vxw++gmvrkij0+TZJBa8x7bD5bUbOyuI6dOP8Ul9iTC2JWFQIsEUUlLwFf8oghHjhxFtjGDwuH8juOIAR0ug5PO/svVQKDdHgKOqOqESPk0/yc3jp9Kn9VnOhd3F7JQUftTh4gKn2O5hxMeFEx8fzqAJccw2g63cjXVPLklJh0iKtxA9JJv3/qeAD4+VszRpLwt2XPDubWfpkL0s3mUnf08eE+ItREZaiI7ex4JN5z1bZBUwJdH7evxBNmWWk5q0l5RNZd40Klk1YR9zt15oNH/1mWLCSUhoQ3zvMGKAjj3CiYsLJyE+FHCxK/UwkZGe4yUtOI0VwFbElCEHmZK0l+joTFY9c5gJKVkMibYQHb2XuavyWJDk2SdxQg45ANZzzB2yt6Y8i7eev6h6FZHvBgVlIteVEg5/FcKwIZ3J+KCA0U88yQP3Ted3s6fRK7oTfRM7c7bgXO3mxjhGP3Avvdp69t3x581Uht1OryiAMMKr7w4Gt665rB7RZyJLF03nhz3CqKqsTao18NXm5Sx8YQWrVyxn+ZufUlb/Xmkzcr8qY4+lhD17zpG29AjLrWCObAWOKjIyKug9rwuv/z4K2z+cnCwLpv89rVi9zIoNIKuQFw4EMaCPncdHnSF0Xg+KixP52/MhrJ5RQD7nSbk7n0ODu5B16jZeHe1kxuACbh0ezPoFZzwBU04hC3e7Gdi3zUXWu8uTh0p3zSs5m45y/+Iq1lnupDinBzdtOsVDq0oAF/kHHOT3jub117sQE+Rk93oncz+5jW2Lw1gz/wz2h3qQmd4F0+5iNu5xsCs1h7VhUWQVJ/LJqjakzjvrya+IXFd0+1LkOtUaaOUd4aXWk5wL7UrTK7AK+N8Xl/Px6c7c/8R9RLMPqGp8U6Pn6pe93ttVAN2G8rvHhtG2/DAvPrOWD/YN4cE7o71bONm3cxtHS4GqKrr1TWJAXG3UZjSBa3sho/5RhMvqxhwXwu/X9GBW/2Cs6W4MBhMLkztjwsGn3n0GTe4AL5zmE1ssbd+wws86MdQcQd/Pe/HJ/lJSFxfyz90VEBuB0Wrn7xh4aWFnzKEw5tkE+s6DGM4Rtfgk7+fD9zaehcEdGOF779FZwM5tf6eU1lRVhdI3aSRxLQg2j+2/ABj48LVsPsRFdhF8tukctgfCsWFg6cLuDDXBrk9PEPVQF0bGh2ArMGIwuHlwQgQxtGVw1CmsxW469g7DtbKQgUPKSZ4cye6PO2BuPgsi8h2joEzkuhJBws0O3v3wNGMHRfPqkhfJ6dOa/fsLGTO7Gyctp+kwqX3dXcoPs/qZteSE3cL0xQ8SZwRKPG/V3p6soqqpIK16iwq4ud+dngcJ2nanexiU1tmiknLr"
01:01:10.473 [Forwarding screenshot on session d6a0bef0-bd24-11e6-8678-ab184a9d7075 to remote] DEBUG org.apache.http.wire - http-outgoing-0 << "Wc4WA1VVtPe9zAY4bWCe2Z2sZ5sONxo8RRoTzeJ+p/jz6jwiVruYtS0a7OeZ2/coW2JDmDW1PSN+WsG7axpJLBSKv6zAmBjNvMEneW1NHreuq2L6S+Z6wWsp506d5WxrqKqKxO63FuqJDaPf99viLIc7U9swjjDA82CAs5FHYp24IcpIJwBcOACMkDApnozvFfHhjnNsWprPC09aeftYAoNMDdMQke8uBWUi15mEf/t3PnhmLR8MvZ9pD7WmpKyKvgPCObJhBZZOo1nay/cyTyFvvrCWHOKYPD2JdsUF5FVB+65x3B5WyXvbMxj44AD2bd9FJXF0jmjqqBH07hPGhr++T16fB+hw9gBZFdCjte8U05aBD0xn4GUtbTA/n21i/n1nMJjb8Xn/YLCe4+/AqnduY0IMbF1QCEVOCsxGfoCL/3nzHENntGfPqiOMWtiazwt7M/qxCOaOPcMBQxt2Dw2pewhjL+57rNdF56xjTDDkfkO3wZ3pb7KTmvQlK2+KIXlUq6Z3qgSKGr686eF9zKALha/czIzJp4nue5pz+p4TkeuOgjKR603b3jz+22lsXJvGq7uqCAuDigqIGzie343uW2dTZ84+DlUA5LBu+QveV8MY/9tFjJo2mq9XbGXevK1AGEOn3U9Xn31btw7xBBFed46fxtGVK1ixcD8AUYljGJPQZBTXgNEEMSF+lrlGBdX86gmbPH/HDO3AOIONksc7EAdgDid5cBCPJlh4FLjjJ0bAzpGcCP64zcyIUdlEzgeDwcDibb08+wzqyCRDCV/O6kBCi3Psy4AJCAmuzWPCjJ48v/cwI+Msni3iwnl7bSfAChhqnoANhpq1e8bgIIiqXZdWXc7Rv+rC2sGniHz7FAADZnZhsO5filx3gtxut7v5zUTkO8lZTnkltG17kSvuaxOgpPACbaIjWvh9Y1BeUkJlcBsi2l7br6ywWR3QLgRTg4V0LqzWStqZQ2pvU+afZUifk/zik0QmxV/efNhtDkqdBszm4G+ZkiffRmMIJt22FLkuKSgTkX9pllUHGTbfgWFcJ/JeifHzMISIyJWloExE/rXZ7Vi+cNKz/w3oApSIXEsKykREREQCgL48VkRERCQAKCgTERERCQAKykREREQCgIIyERERkQCgoExEREQkACgoExEREQkACspEREREAoCCMhEREZEAoKBMREREJAAoKBMREREJAArKRERERAKAgjIRERGRAKCgTERERCQAKCgTERERCQAKykREREQCgIIyERERkQCgoExEREQkACgoExEREQkACspEREREAoCCMhEREZEAoKBMREREJAAoKBMREREJAArKRERERAKAgjIRERGRAKCgTERERCQA/H9Dv2UL7lxXpQAAAABJRU5ErkJggg=="}"
01:01:10.474 [Forwarding screenshot on session d6a0bef0-bd24-11e6-8678-ab184a9d7075 to remote] DEBUG org.apache.http.impl.conn.PoolingHttpClientConnectionManager - Connection [id: 0][route: {}->http://localhost:23446] can be kept alive indefinitely
01:01:10.474 [Forwarding screenshot on session d6a0bef0-bd24-11e6-8678-ab184a9d7075 to remote] DEBUG org.apache.http.impl.conn.PoolingHttpClientConnectionManager - Connection released: [id: 0][route: {}->http://localhost:23446][total kept alive: 1; route allocated: 1 of 2000; total allocated: 1 of 2000]
01:01:10.482 [Forwarding findElements on session d6a0bef0-bd24-11e6-8678-ab184a9d7075 to remote] DEBUG org.apache.http.client.protocol.RequestAddCookies - CookieSpec selected: default
01:01:10.483 [Forwarding findElements on session d6a0bef0-bd24-11e6-8678-ab184a9d7075 to remote] DEBUG org.apache.http.client.protocol.RequestAuthCache - Auth cache not set in the context
01:01:10.483 [Forwarding findElements on session d6a0bef0-bd24-11e6-8678-ab184a9d7075 to remote] DEBUG org.apache.http.impl.conn.PoolingHttpClientConnectionManager - Connection request: [route: {}->http://localhost:23446][total kept alive: 1; route allocated: 1 of 2000; total allocated: 1 of 2000]
01:01:10.483 [Forwarding findElements on session d6a0bef0-bd24-11e6-8678-ab184a9d7075 to remote] DEBUG org.apache.http.impl.conn.PoolingHttpClientConnectionManager - Connection leased: [id: 0][route: {}->http://localhost:23446][total kept alive: 0; route allocated: 1 of 2000; total allocated: 1 of 2000]
01:01:10.483 [Forwarding findElements on session d6a0bef0-bd24-11e6-8678-ab184a9d7075 to remote] DEBUG org.apache.http.impl.execchain.MainClientExec - Stale connection check
01:01:10.484 [Forwarding findElements on session d6a0bef0-bd24-11e6-8678-ab184a9d7075 to remote] DEBUG org.apache.http.wire - http-outgoing-0 << "[read] I/O error: Read timed out"
01:01:10.484 [Forwarding findElements on session d6a0bef0-bd24-11e6-8678-ab184a9d7075 to remote] DEBUG org.apache.http.impl.conn.DefaultManagedHttpClientConnection - http-outgoing-0: set socket timeout to 10800000
01:01:10.485 [Forwarding findElements on session d6a0bef0-bd24-11e6-8678-ab184a9d7075 to remote] DEBUG org.apache.http.impl.execchain.MainClientExec - Executing request POST /session/d6a0bef0-bd24-11e6-8678-ab184a9d7075/elements HTTP/1.1
01:01:10.485 [Forwarding findElements on session d6a0bef0-bd24-11e6-8678-ab184a9d7075 to remote] DEBUG org.apache.http.impl.execchain.MainClientExec - Target auth state: UNCHALLENGED
01:01:10.485 [Forwarding findElements on session d6a0bef0-bd24-11e6-8678-ab184a9d7075 to remote] DEBUG org.apache.http.impl.execchain.MainClientExec - Proxy auth state: UNCHALLENGED
01:01:10.485 [Forwarding findElements on session d6a0bef0-bd24-11e6-8678-ab184a9d7075 to remote] DEBUG org.apache.http.headers - http-outgoing-0 >> POST /session/d6a0bef0-bd24-11e6-8678-ab184a9d7075/elements HTTP/1.1
01:01:10.485 [Forwarding findElements on session d6a0bef0-bd24-11e6-8678-ab184a9d7075 to remote] DEBUG org.apache.http.headers - http-outgoing-0 >> Content-Type: application/json; charset=utf-8
01:01:10.485 [Forwarding findElements on session d6a0bef0-bd24-11e6-8678-ab184a9d7075 to remote] DEBUG org.apache.http.headers - http-outgoing-0 >> Content-Length: 36
01:01:10.486 [Forwarding findElements on session d6a0bef0-bd24-11e6-8678-ab184a9d7075 to remote] DEBUG org.apache.http.headers - http-outgoing-0 >> Host: localhost:23446
01:01:10.486 [Forwarding findElements on session d6a0bef0-bd24-11e6-8678-ab184a9d7075 to remote] DEBUG org.apache.http.headers - http-outgoing-0 >> Connection: Keep-Alive
01:01:10.486 [Forwarding findElements on session d6a0bef0-bd24-11e6-8678-ab184a9d7075 to remote] DEBUG org.apache.http.headers - http-outgoing-0 >> User-Agent: Apache-HttpClient/4.5.2 (Java/1.8.0_101)
01:01:10.486 [Forwarding findElements on session d6a0bef0-bd24-11e6-8678-ab184a9d7075 to remote] DEBUG org.apache.http.headers - http-outgoing-0 >> Accept-Encoding: gzip,deflate
01:01:10.487 [Forwarding findElements on session d6a0bef0-bd24-11e6-8678-ab184a9d7075 to remote] DEBUG org.apache.http.wire - http-outgoing-0 >> "POST /session/d6a0bef0-bd24-11e6-8678-ab184a9d7075/elements HTTP/1.1[\r][\n]"
01:01:10.487 [Forwarding findElements on session d6a0bef0-bd24-11e6-8678-ab184a9d7075 to remote] DEBUG org.apache.http.wire - http-outgoing-0 >> "Content-Type: application/json; charset=utf-8[\r][\n]"
01:01:10.487 [Forwarding findElements on session d6a0bef0-bd24-11e6-8678-ab184a9d7075 to remote] DEBUG org.apache.http.wire - http-outgoing-0 >> "Content-Length: 36[\r][\n]"
01:01:10.487 [Forwarding findElements on session d6a0bef0-bd24-11e6-8678-ab184a9d7075 to remote] DEBUG org.apache.http.wire - http-outgoing-0 >> "Host: localhost:23446[\r][\n]"
01:01:10.487 [Forwarding findElements on session d6a0bef0-bd24-11e6-8678-ab184a9d7075 to remote] DEBUG org.apache.http.wire - http-outgoing-0 >> "Connection: Keep-Alive[\r][\n]"
01:01:10.487 [Forwarding findElements on session d6a0bef0-bd24-11e6-8678-ab184a9d7075 to remote] DEBUG org.apache.http.wire - http-outgoing-0 >> "User-Agent: Apache-HttpClient/4.5.2 (Java/1.8.0_101)[\r][\n]"
01:01:10.487 [Forwarding findElements on session d6a0bef0-bd24-11e6-8678-ab184a9d7075 to remote] DEBUG org.apache.http.wire - http-outgoing-0 >> "Accept-Encoding: gzip,deflate[\r][\n]"
01:01:10.487 [Forwarding findElements on session d6a0bef0-bd24-11e6-8678-ab184a9d7075 to remote] DEBUG org.apache.http.wire - http-outgoing-0 >> "[\r][\n]"
01:01:10.487 [Forwarding findElements on session d6a0bef0-bd24-11e6-8678-ab184a9d7075 to remote] DEBUG org.apache.http.wire - http-outgoing-0 >> "{"using":"class name","value":"lsb"}"
01:01:10.502 [Forwarding findElements on session d6a0bef0-bd24-11e6-8678-ab184a9d7075 to remote] DEBUG org.apache.http.wire - http-outgoing-0 << "HTTP/1.1 200 OK[\r][\n]"
01:01:10.502 [Forwarding findElements on session d6a0bef0-bd24-11e6-8678-ab184a9d7075 to remote] DEBUG org.apache.http.wire - http-outgoing-0 << "Cache: no-cache[\r][\n]"
01:01:10.502 [Forwarding findElements on session d6a0bef0-bd24-11e6-8678-ab184a9d7075 to remote] DEBUG org.apache.http.wire - http-outgoing-0 << "Content-Length: 139[\r][\n]"
01:01:10.502 [Forwarding findElements on session d6a0bef0-bd24-11e6-8678-ab184a9d7075 to remote] DEBUG org.apache.http.wire - http-outgoing-0 << "Content-Type: application/json;charset=UTF-8[\r][\n]"
01:01:10.502 [Forwarding findElements on session d6a0bef0-bd24-11e6-8678-ab184a9d7075 to remote] DEBUG org.apache.http.wire - http-outgoing-0 << "[\r][\n]"
01:01:10.502 [Forwarding findElements on session d6a0bef0-bd24-11e6-8678-ab184a9d7075 to remote] DEBUG org.apache.http.wire - http-outgoing-0 << "{"sessionId":"d6a0bef0-bd24-11e6-8678-ab184a9d7075","status":0,"value":[{"ELEMENT":":wdc:1481187669916"},{"ELEMENT":":wdc:1481187669917"}]}"
01:01:10.502 [Forwarding findElements on session d6a0bef0-bd24-11e6-8678-ab184a9d7075 to remote] DEBUG org.apache.http.headers - http-outgoing-0 << HTTP/1.1 200 OK
01:01:10.502 [Forwarding findElements on session d6a0bef0-bd24-11e6-8678-ab184a9d7075 to remote] DEBUG org.apache.http.headers - http-outgoing-0 << Cache: no-cache
01:01:10.502 [Forwarding findElements on session d6a0bef0-bd24-11e6-8678-ab184a9d7075 to remote] DEBUG org.apache.http.headers - http-outgoing-0 << Content-Length: 139
01:01:10.502 [Forwarding findElements on session d6a0bef0-bd24-11e6-8678-ab184a9d7075 to remote] DEBUG org.apache.http.headers - http-outgoing-0 << Content-Type: application/json;charset=UTF-8
01:01:10.503 [Forwarding findElements on session d6a0bef0-bd24-11e6-8678-ab184a9d7075 to remote] DEBUG org.apache.http.impl.execchain.MainClientExec - Connection can be kept alive indefinitely
01:01:10.503 [Forwarding findElements on session d6a0bef0-bd24-11e6-8678-ab184a9d7075 to remote] DEBUG org.apache.http.impl.conn.PoolingHttpClientConnectionManager - Connection [id: 0][route: {}->http://localhost:23446] can be kept alive indefinitely
01:01:10.503 [Forwarding findElements on session d6a0bef0-bd24-11e6-8678-ab184a9d7075 to remote] DEBUG org.apache.http.impl.conn.PoolingHttpClientConnectionManager - Connection released: [id: 0][route: {}->http://localhost:23446][total kept alive: 1; route allocated: 1 of 2000; total allocated: 1 of 2000]
01:01:10.505 [Forwarding clickElement on session d6a0bef0-bd24-11e6-8678-ab184a9d7075 to remote] DEBUG org.apache.http.client.protocol.RequestAddCookies - CookieSpec selected: default
01:01:10.505 [Forwarding clickElement on session d6a0bef0-bd24-11e6-8678-ab184a9d7075 to remote] DEBUG org.apache.http.client.protocol.RequestAuthCache - Auth cache not set in the context
01:01:10.505 [Forwarding clickElement on session d6a0bef0-bd24-11e6-8678-ab184a9d7075 to remote] DEBUG org.apache.http.impl.conn.PoolingHttpClientConnectionManager - Connection request: [route: {}->http://localhost:23446][total kept alive: 1; route allocated: 1 of 2000; total allocated: 1 of 2000]
01:01:10.505 [Forwarding clickElement on session d6a0bef0-bd24-11e6-8678-ab184a9d7075 to remote] DEBUG org.apache.http.impl.conn.PoolingHttpClientConnectionManager - Connection leased: [id: 0][route: {}->http://localhost:23446][total kept alive: 0; route allocated: 1 of 2000; total allocated: 1 of 2000]
01:01:10.505 [Forwarding clickElement on session d6a0bef0-bd24-11e6-8678-ab184a9d7075 to remote] DEBUG org.apache.http.impl.execchain.MainClientExec - Stale connection check
01:01:10.507 [Forwarding clickElement on session d6a0bef0-bd24-11e6-8678-ab184a9d7075 to remote] DEBUG org.apache.http.wire - http-outgoing-0 << "[read] I/O error: Read timed out"
01:01:10.507 [Forwarding clickElement on session d6a0bef0-bd24-11e6-8678-ab184a9d7075 to remote] DEBUG org.apache.http.impl.conn.DefaultManagedHttpClientConnection - http-outgoing-0: set socket timeout to 10800000
01:01:10.507 [Forwarding clickElement on session d6a0bef0-bd24-11e6-8678-ab184a9d7075 to remote] DEBUG org.apache.http.impl.execchain.MainClientExec - Executing request POST /session/d6a0bef0-bd24-11e6-8678-ab184a9d7075/element/%3Awdc%3A1481187669916/click HTTP/1.1
01:01:10.507 [Forwarding clickElement on session d6a0bef0-bd24-11e6-8678-ab184a9d7075 to remote] DEBUG org.apache.http.impl.execchain.MainClientExec - Target auth state: UNCHALLENGED
01:01:10.507 [Forwarding clickElement on session d6a0bef0-bd24-11e6-8678-ab184a9d7075 to remote] DEBUG org.apache.http.impl.execchain.MainClientExec - Proxy auth state: UNCHALLENGED
01:01:10.508 [Forwarding clickElement on session d6a0bef0-bd24-11e6-8678-ab184a9d7075 to remote] DEBUG org.apache.http.headers - http-outgoing-0 >> POST /session/d6a0bef0-bd24-11e6-8678-ab184a9d7075/element/%3Awdc%3A1481187669916/click HTTP/1.1
01:01:10.508 [Forwarding clickElement on session d6a0bef0-bd24-11e6-8678-ab184a9d7075 to remote] DEBUG org.apache.http.headers - http-outgoing-0 >> Content-Type: application/json; charset=utf-8
01:01:10.508 [Forwarding clickElement on session d6a0bef0-bd24-11e6-8678-ab184a9d7075 to remote] DEBUG org.apache.http.headers - http-outgoing-0 >> Content-Length: 27
01:01:10.508 [Forwarding clickElement on session d6a0bef0-bd24-11e6-8678-ab184a9d7075 to remote] DEBUG org.apache.http.headers - http-outgoing-0 >> Host: localhost:23446
01:01:10.508 [Forwarding clickElement on session d6a0bef0-bd24-11e6-8678-ab184a9d7075 to remote] DEBUG org.apache.http.headers - http-outgoing-0 >> Connection: Keep-Alive
01:01:10.508 [Forwarding clickElement on session d6a0bef0-bd24-11e6-8678-ab184a9d7075 to remote] DEBUG org.apache.http.headers - http-outgoing-0 >> User-Agent: Apache-HttpClient/4.5.2 (Java/1.8.0_101)
01:01:10.508 [Forwarding clickElement on session d6a0bef0-bd24-11e6-8678-ab184a9d7075 to remote] DEBUG org.apache.http.headers - http-outgoing-0 >> Accept-Encoding: gzip,deflate
01:01:10.509 [Forwarding clickElement on session d6a0bef0-bd24-11e6-8678-ab184a9d7075 to remote] DEBUG org.apache.http.wire - http-outgoing-0 >> "POST /session/d6a0bef0-bd24-11e6-8678-ab184a9d7075/element/%3Awdc%3A1481187669916/click HTTP/1.1[\r][\n]"
01:01:10.509 [Forwarding clickElement on session d6a0bef0-bd24-11e6-8678-ab184a9d7075 to remote] DEBUG org.apache.http.wire - http-outgoing-0 >> "Content-Type: application/json; charset=utf-8[\r][\n]"
01:01:10.509 [Forwarding clickElement on session d6a0bef0-bd24-11e6-8678-ab184a9d7075 to remote] DEBUG org.apache.http.wire - http-outgoing-0 >> "Content-Length: 27[\r][\n]"
01:01:10.509 [Forwarding clickElement on session d6a0bef0-bd24-11e6-8678-ab184a9d7075 to remote] DEBUG org.apache.http.wire - http-outgoing-0 >> "Host: localhost:23446[\r][\n]"
01:01:10.509 [Forwarding clickElement on session d6a0bef0-bd24-11e6-8678-ab184a9d7075 to remote] DEBUG org.apache.http.wire - http-outgoing-0 >> "Connection: Keep-Alive[\r][\n]"
01:01:10.509 [Forwarding clickElement on session d6a0bef0-bd24-11e6-8678-ab184a9d7075 to remote] DEBUG org.apache.http.wire - http-outgoing-0 >> "User-Agent: Apache-HttpClient/4.5.2 (Java/1.8.0_101)[\r][\n]"
01:01:10.509 [Forwarding clickElement on session d6a0bef0-bd24-11e6-8678-ab184a9d7075 to remote] DEBUG org.apache.http.wire - http-outgoing-0 >> "Accept-Encoding: gzip,deflate[\r][\n]"
01:01:10.509 [Forwarding clickElement on session d6a0bef0-bd24-11e6-8678-ab184a9d7075 to remote] DEBUG org.apache.http.wire - http-outgoing-0 >> "[\r][\n]"
01:01:10.509 [Forwarding clickElement on session d6a0bef0-bd24-11e6-8678-ab184a9d7075 to remote] DEBUG org.apache.http.wire - http-outgoing-0 >> "{"id":":wdc:1481187669916"}"
01:01:11.307 [Forwarding clickElement on session d6a0bef0-bd24-11e6-8678-ab184a9d7075 to remote] DEBUG org.apache.http.wire - http-outgoing-0 << "HTTP/1.1 200 OK[\r][\n]"
01:01:11.308 [Forwarding clickElement on session d6a0bef0-bd24-11e6-8678-ab184a9d7075 to remote] DEBUG org.apache.http.wire - http-outgoing-0 << "Cache: no-cache[\r][\n]"
01:01:11.308 [Forwarding clickElement on session d6a0bef0-bd24-11e6-8678-ab184a9d7075 to remote] DEBUG org.apache.http.wire - http-outgoing-0 << "Content-Length: 74[\r][\n]"
01:01:11.308 [Forwarding clickElement on session d6a0bef0-bd24-11e6-8678-ab184a9d7075 to remote] DEBUG org.apache.http.wire - http-outgoing-0 << "Content-Type: application/json;charset=UTF-8[\r][\n]"
01:01:11.308 [Forwarding clickElement on session d6a0bef0-bd24-11e6-8678-ab184a9d7075 to remote] DEBUG org.apache.http.wire - http-outgoing-0 << "[\r][\n]"
01:01:11.308 [Forwarding clickElement on session d6a0bef0-bd24-11e6-8678-ab184a9d7075 to remote] DEBUG org.apache.http.wire - http-outgoing-0 << "{"sessionId":"d6a0bef0-bd24-11e6-8678-ab184a9d7075","status":0,"value":{}}"
01:01:11.308 [Forwarding clickElement on session d6a0bef0-bd24-11e6-8678-ab184a9d7075 to remote] DEBUG org.apache.http.headers - http-outgoing-0 << HTTP/1.1 200 OK
01:01:11.308 [Forwarding clickElement on session d6a0bef0-bd24-11e6-8678-ab184a9d7075 to remote] DEBUG org.apache.http.headers - http-outgoing-0 << Cache: no-cache
01:01:11.308 [Forwarding clickElement on session d6a0bef0-bd24-11e6-8678-ab184a9d7075 to remote] DEBUG org.apache.http.headers - http-outgoing-0 << Content-Length: 74
01:01:11.308 [Forwarding clickElement on session d6a0bef0-bd24-11e6-8678-ab184a9d7075 to remote] DEBUG org.apache.http.headers - http-outgoing-0 << Content-Type: application/json;charset=UTF-8
01:01:11.308 [Forwarding clickElement on session d6a0bef0-bd24-11e6-8678-ab184a9d7075 to remote] DEBUG org.apache.http.impl.execchain.MainClientExec - Connection can be kept alive indefinitely
01:01:11.309 [Forwarding clickElement on session d6a0bef0-bd24-11e6-8678-ab184a9d7075 to remote] DEBUG org.apache.http.impl.conn.PoolingHttpClientConnectionManager - Connection [id: 0][route: {}->http://localhost:23446] can be kept alive indefinitely
01:01:11.309 [Forwarding clickElement on session d6a0bef0-bd24-11e6-8678-ab184a9d7075 to remote] DEBUG org.apache.http.impl.conn.PoolingHttpClientConnectionManager - Connection released: [id: 0][route: {}->http://localhost:23446][total kept alive: 1; route allocated: 1 of 2000; total allocated: 1 of 2000]
01:01:11.310 [Forwarding screenshot on session d6a0bef0-bd24-11e6-8678-ab184a9d7075 to remote] DEBUG org.apache.http.client.protocol.RequestAddCookies - CookieSpec selected: default
01:01:11.310 [Forwarding screenshot on session d6a0bef0-bd24-11e6-8678-ab184a9d7075 to remote] DEBUG org.apache.http.client.protocol.RequestAuthCache - Auth cache not set in the context
01:01:11.310 [Forwarding screenshot on session d6a0bef0-bd24-11e6-8678-ab184a9d7075 to remote] DEBUG org.apache.http.impl.conn.PoolingHttpClientConnectionManager - Connection request: [route: {}->http://localhost:23446][total kept alive: 1; route allocated: 1 of 2000; total allocated: 1 of 2000]
01:01:11.310 [Forwarding screenshot on session d6a0bef0-bd24-11e6-8678-ab184a9d7075 to remote] DEBUG org.apache.http.impl.conn.PoolingHttpClientConnectionManager - Connection leased: [id: 0][route: {}->http://localhost:23446][total kept alive: 0; route allocated: 1 of 2000; total allocated: 1 of 2000]
01:01:11.310 [Forwarding screenshot on session d6a0bef0-bd24-11e6-8678-ab184a9d7075 to remote] DEBUG org.apache.http.impl.execchain.MainClientExec - Stale connection check
01:01:11.312 [Forwarding screenshot on session d6a0bef0-bd24-11e6-8678-ab184a9d7075 to remote] DEBUG org.apache.http.wire - http-outgoing-0 << "[read] I/O error: Read timed out"
01:01:11.312 [Forwarding screenshot on session d6a0bef0-bd24-11e6-8678-ab184a9d7075 to remote] DEBUG org.apache.http.impl.conn.DefaultManagedHttpClientConnection - http-outgoing-0: set socket timeout to 10800000
01:01:11.312 [Forwarding screenshot on session d6a0bef0-bd24-11e6-8678-ab184a9d7075 to remote] DEBUG org.apache.http.impl.execchain.MainClientExec - Executing request GET /session/d6a0bef0-bd24-11e6-8678-ab184a9d7075/screenshot HTTP/1.1
01:01:11.312 [Forwarding screenshot on session d6a0bef0-bd24-11e6-8678-ab184a9d7075 to remote] DEBUG org.apache.http.impl.execchain.MainClientExec - Target auth state: UNCHALLENGED
01:01:11.312 [Forwarding screenshot on session d6a0bef0-bd24-11e6-8678-ab184a9d7075 to remote] DEBUG org.apache.http.impl.execchain.MainClientExec - Proxy auth state: UNCHALLENGED
01:01:11.312 [Forwarding screenshot on session d6a0bef0-bd24-11e6-8678-ab184a9d7075 to remote] DEBUG org.apache.http.headers - http-outgoing-0 >> GET /session/d6a0bef0-bd24-11e6-8678-ab184a9d7075/screenshot HTTP/1.1
01:01:11.312 [Forwarding screenshot on session d6a0bef0-bd24-11e6-8678-ab184a9d7075 to remote] DEBUG org.apache.http.headers - http-outgoing-0 >> Cache-Control: no-cache
01:01:11.312 [Forwarding screenshot on session d6a0bef0-bd24-11e6-8678-ab184a9d7075 to remote] DEBUG org.apache.http.headers - http-outgoing-0 >> Host: localhost:23446
01:01:11.312 [Forwarding screenshot on session d6a0bef0-bd24-11e6-8678-ab184a9d7075 to remote] DEBUG org.apache.http.headers - http-outgoing-0 >> Connection: Keep-Alive
01:01:11.312 [Forwarding screenshot on session d6a0bef0-bd24-11e6-8678-ab184a9d7075 to remote] DEBUG org.apache.http.headers - http-outgoing-0 >> User-Agent: Apache-HttpClient/4.5.2 (Java/1.8.0_101)
01:01:11.312 [Forwarding screenshot on session d6a0bef0-bd24-11e6-8678-ab184a9d7075 to remote] DEBUG org.apache.http.headers - http-outgoing-0 >> Accept-Encoding: gzip,deflate
01:01:11.312 [Forwarding screenshot on session d6a0bef0-bd24-11e6-8678-ab184a9d7075 to remote] DEBUG org.apache.http.wire - http-outgoing-0 >> "GET /session/d6a0bef0-bd24-11e6-8678-ab184a9d7075/screenshot HTTP/1.1[\r][\n]"
01:01:11.312 [Forwarding screenshot on session d6a0bef0-bd24-11e6-8678-ab184a9d7075 to remote] DEBUG org.apache.http.wire - http-outgoing-0 >> "Cache-Control: no-cache[\r][\n]"
01:01:11.312 [Forwarding screenshot on session d6a0bef0-bd24-11e6-8678-ab184a9d7075 to remote] DEBUG org.apache.http.wire - http-outgoing-0 >> "Host: localhost:23446[\r][\n]"
01:01:11.312 [Forwarding screenshot on session d6a0bef0-bd24-11e6-8678-ab184a9d7075 to remote] DEBUG org.apache.http.wire - http-outgoing-0 >> "Connection: Keep-Alive[\r][\n]"
01:01:11.312 [Forwarding screenshot on session d6a0bef0-bd24-11e6-8678-ab184a9d7075 to remote] DEBUG org.apache.http.wire - http-outgoing-0 >> "User-Agent: Apache-HttpClient/4.5.2 (Java/1.8.0_101)[\r][\n]"
01:01:11.312 [Forwarding screenshot on session d6a0bef0-bd24-11e6-8678-ab184a9d7075 to remote] DEBUG org.apache.http.wire - http-outgoing-0 >> "Accept-Encoding: gzip,deflate[\r][\n]"
01:01:11.312 [Forwarding screenshot on session d6a0bef0-bd24-11e6-8678-ab184a9d7075 to remote] DEBUG org.apache.http.wire - http-outgoing-0 >> "[\r][\n]"
01:01:11.611 [Forwarding screenshot on session d6a0bef0-bd24-11e6-8678-ab184a9d7075 to remote] DEBUG org.apache.http.wire - http-outgoing-0 << "HTTP/1.1 200 OK[\r][\n]"
01:01:11.611 [Forwarding screenshot on session d6a0bef0-bd24-11e6-8678-ab184a9d7075 to remote] DEBUG org.apache.http.wire - http-outgoing-0 << "Cache: no-cache[\r][\n]"
01:01:11.611 [Forwarding screenshot on session d6a0bef0-bd24-11e6-8678-ab184a9d7075 to remote] DEBUG org.apache.http.wire - http-outgoing-0 << "Content-Length: 470110[\r][\n]"
01:01:11.611 [Forwarding screenshot on session d6a0bef0-bd24-11e6-8678-ab184a9d7075 to remote] DEBUG org.apache.http.wire - http-outgoing-0 << "Content-Type: application/json;charset=UTF-8[\r][\n]"
01:01:11.611 [Forwarding screenshot on session d6a0bef0-bd24-11e6-8678-ab184a9d7075 to remote] DEBUG org.apache.http.wire - http-outgoing-0 << "[\r][\n]"
01:01:11.611 [Forwarding screenshot on session d6a0bef0-bd24-11e6-8678-ab184a9d7075 to remote] DEBUG org.apache.http.headers - http-outgoing-0 << HTTP/1.1 200 OK
01:01:11.612 [Forwarding screenshot on session d6a0bef0-bd24-11e6-8678-ab184a9d7075 to remote] DEBUG org.apache.http.headers - http-outgoing-0 << Cache: no-cache
01:01:11.612 [Forwarding screenshot on session d6a0bef0-bd24-11e6-8678-ab184a9d7075 to remote] DEBUG org.apache.http.headers - http-outgoing-0 << Content-Length: 470110
01:01:11.612 [Forwarding screenshot on session d6a0bef0-bd24-11e6-8678-ab184a9d7075 to remote] DEBUG org.apache.http.headers - http-outgoing-0 << Content-Type: application/json;charset=UTF-8
01:01:11.612 [Forwarding screenshot on session d6a0bef0-bd24-11e6-8678-ab184a9d7075 to remote] DEBUG org.apache.http.impl.execchain.MainClientExec - Connection can be kept alive indefinitely
01:01:11.612 [Forwarding screenshot on session d6a0bef0-bd24-11e6-8678-ab184a9d7075 to remote] DEBUG org.apache.http.wire - http-outgoing-0 << "{"sessionId":"d6a0bef0-bd24-11e6-8678-ab184a9d7075","status":0,"value":"iVBORw0KGgoAAAANSUhEUgAABFgAAAX7CAYAAAAM/A9RAAAACXBIWXMAAAsTAAALEwEAmpwYAAAgAElEQVR4nOzdeVxUdd//8ddhYEAQAQXRUTQwlEslsbTFEM0FUyvNzFKrX1pXdmm3qWVp3u63aV25tMh1tShdmdp2uWRmuZVKZlqpqbiQoqm4UYAgwsBwfn8Mq4KC4Fbv5+Phw5mzfM/nnDnnMOcz38UIDw83+Ytb0qD61Q7hsur5W8bVDkFERERERETksnBxcSEvL+9qh4HL1Q5ARERERERERORSWSyWqx0CAK5XO4BrgWp4iIiIiIiIiFyfLBYLOTk5VzsM1WARERERERERkeuXq+u1UXdECRYRERERERERuW5dK02ElGARERERERERkeuWEiwiIiIiIiIiIpWkBIuIiIiIiIiISCW5ublVeJ3OnTuzZs0a1qxZQ9euXaskDiVYREREREREROS65eJy8dRGtWrV6NixY+F7Hx+fwteBgYGFrzt27Ii7u/slxXFtdLUrIiIiIiIiInIJLjaKULVq1Zg2bRrNmzenRYsWzJgxg5o1axbOL0i2PPvss9x3333s3LmTF154gezs7ArFYYSHh5sVWcEMieKpBzvxt3q18HJ3JftMMgd3xDFn7pekGUaFNl4RUX8fx71Bx5g59h2SLuN2zmWGPsjMcY/QoqE/HhZwZCXz4/L3GDFj2RWLAcA0Q5n84WvcVvM0Hw57hHkJlT8Gpmlj4PihBB3+kkmx66sgymuDaevEmKGdqOFI4ctXp7E+rehYmT5RjHqhG36cZMmr09mUduXOpbIUxOvlcBROcziyST2ewFezFxBvGFf0/Dd9ohg1+l78TsfzxpS5JbZnhvRg/D/aQeKXTIpZXfGyTRsDxwyhiRc4zptrgTN7mX3ONovzuf1RRj8QzOqZE1mddJmPg60TY4Z3gfhlvFzs+jB9bmfU6J6kr36HmNUHLmsMl+pK3aeLfx5bGgxk9ANBFf5srrfrVUREROTPyLRFMeTxLtxYxxd3CziyU9mzcRkxn20CoGXfETx0c11O7/ual9+t+HPAhVRF2Y0aNWL//v1lzo+KimL8+PGF79PS0krUYClt2oQJE9iwYUOF4qhQEyGz5aPEjB1Am7AgvHJTOXo0GWrYCI/qw8vj+1VowxVVu249/IPq4ntZt1KSaT7I5/8dS6cWwQT4euPt7Y1vQDCdHp/C0kn3XsFIALwIDgumblAYNq+qKtODug0CaRBcu6oKvDZ4+FIvMJBAWxjtOzcqMatR+0jCbIEE2poQXOsqxXeu/Hhtgf74+zv/2YKCCW8dzcg3nyPENK/o+W+krWf/aXcCQ6N4sl+zEvMGPnUvwf41OPbzlkss3YMafgX7GYjNZsNmsxHoXzDND48LrF2rfjCB/g0IuNBCVcXDl3r+/oRG9WdAy2J56Fr1CQ0MpI7vlQii4q7kfbpWYDCB/sEEeECt+kGX9tlcb9eriIiIyJ+MaUbx8pQBtA614eftiaenJ95+Nlp3H8SUAbcD0OhvTQn09yckKKDKt18VZV+sBsuaNWtYunRp4ftzkyvnTlu6dClr166teBzlXdA0Q3huQAc8cbBjyQxmLI0vnD7stZeICG5P35AFLDxweX5hzMkFHLlklTdeW29iptzFN5MH89klxtT4yY4EA3CKL1+fxReHajNo3LO08IXge/oROfZz4q5gbZocO+BuJyPJ+b62aXKystt3gCO30qFdcwpqR9S76U74rKiWwZ23Nsx/lUvOFY+qDFnOCzFx2StMWuqM1TRtDJw8hqigJtzWCDIreP5X1qdTYrlpzlCCox8jasGLrDcMbF1HEBVoIXnLfN7dlHZJ5RrGAV4fOQhw7uOomCmEuSYw7qkpRbVWLnRO5+QC2WT+Dqbpg2FcWhzlklVwHlmJenIU6wZP44BhFE6/Fi+bK32fPrB0EsO2+JCWZBASngs4Lum6uq6uVxEREZE/mXrdWmEDIIWNn3zCd8f96DmgD6HeYLszmqZzvyf++zXUPl6doz+vq/LtV0XZFxtFyM3NjWnTptG+ffvCREpycjJfffUVAHfffTf+/v6AsybLtGnT8PT0rHAc5e+D5eZ2NPWGzIRlhV/awfnANGvBd7z5dDge9evBgSRu7/0s/e6OwNsCYCdx4xImvbsCAJ+mPXh2QDeC/a0ApCdtY8Grs9iUZuDTsjcvPHk3Nk8LODJJyXbHKzOeV56fXiIU0xbFqOEPEebvWVhG7Euz2HrOg5krrlTmidSrIIOVm0umPYW41cvYgD///Z828PtuTuBsujM+dhY9WwXhCuSmJ/LxtOd5ZVkCZuiDxM76H1oF5dc7yE1n17dz6TtiDqGPzuD94W1xnEoip2YwAe65bHx9INNP92LWsHsI8nZ+NKmHN/LPAYP4/ERBVFbumv5fHm/RGHcgNXE1Q+8bzrZKJlpMM4TnXnuOumd/xz0oCG8g88QOvtkOnaPDsQL25D3E/t80NqUZ2G7vy9P92hPk7fwcHelJrFnwKgs3pWGaTXlq8pO0CfIDIPlwEp6BVlZOfJ4lR315cNgLdI9wXsLYT7A29g3mbUrCNEN4avIzhes5MpNY896rLNxawYfoLLAADrsDa9BNdPIxWZ1mYPp0oqXNSkpSCn429/z9bslT4/vRJth5MeHIJOG7xbwcuxpbp8GMebgZmSkO/P29ATixYzlTp39KKo2qJtbi3Ip++jeMJBat/42o/mHUDalH8cpuZR37Bae7MXNkR5KXz+Dlz5zXaEiPF3mpZyDLJg9naQUeqg1jK9M/2sas/hH0HtWNddMO8fQD4ZC5h3/NXgWGgWmG8Niop+gQlt8hlD2Z9fP/Rez6A3Qd8U8eqH+Ml4dP54BhYOs0mPEPB7Nk3POsKGw+4kHBbdAXSCrYv07PMv7h+nw57nmWJjk/t1emP0jKslf4FABP2v3vm/T09wYcJO34ilenf0qaYZT73lBehbdpzzD+MawzI19fzblVbMraZtj4N2nvvYeJz8/mKPUY8soYbrbu5+Xh09mPLwMnv0zL3DjGLsspuu8BKYe38N7Y2cRfSszlvE/bQnoy5uFmpJ/IJtDmBzg4vGUNCd6t6RDmfJ+0bRljXl96kWsk/7N6+Xl2VDxapwpdr2Wfc87rtQWOTPD2tpKy4xOGf3SmSs8HERERkT8jD6/qzhcOB1k5p4nfuold+DK5d3M4nUgq0KBOKGHNAmngcYSlm5Jo2XsET94djqcF7MmJHDjrTajNkx0fTWFWfGteGX8vlqM7OObemHCbJ868wKdMKqUJUI1iZS/53oNhrz1HU89MDv1mJyTMhgXn97h/vzSrzO/IF+qUNjIyEl9fX2rXrl2YXElNTaVPnz6kp6cDMHfuXBYtWoSvry8+Pj4888wznDx5ktTUVOLi4sp9LMvdRKhRoyAsOPhxxZLz5hlbYxk6aASx65PwiXqWQd0j8EzZw5LY+WxMOE1wmz5M+3sUpnk7L4zsSbB/NluWz+eTtTtwt0UwaPJz2MzbeWFod2yuyaz9ZD4r49Px87RgreFxzvNMM8aMH0CYfzYbl8xn/vJtWGwRDH1tCD6mia3l7XTqFEW71rWxYKFe63ZEdepEVEtbuQ9Kga3LVnMMwLUuvUfG8MsvP7NheATxK9+j98BJJBgGz3w4h96tgnDNTefwsVRcvYPpP+XfDAk1mfzWWGdyJf0Y+xKPkevqTbNOT/NihIlXjQC8Xd3xrRtMgDtABvsyurBgbE+CvF3JTj1Gai74BrVhysKZFPVp7E7jFo05fewUuYBvcCcmTr6vwvtWGjdPT/yDgji+fjkrtyThGRhO9+imHFq/nLU7krD6h9GtczNMsxPPD4omyHKC5fNjmb98C5neNqL7PY7NNHlw/BDaBPmRuHE585dvwTPIhqfVEzcP6DxsPN0jbCRtW0ls7BISswPpMGgUPUJM2g17hjZBXmxZEsvb89eS4mkjesgQQswKdRNU6Lft8djx59b2zmYHjTq3wY9ktu48QUFu8bGX"
01:01:11.612 [Forwarding screenshot on session d6a0bef0-bd24-11e6-8678-ab184a9d7075 to remote] DEBUG org.apache.http.wire - http-outgoing-0 << "h9Im2I8daz8hNnYJe5JdCY26n942Ew8vXzwtnvj7ZbJyfizLtyURGN6dFwbeXOWx5gKubu6Ypg8+Pj7YQqJ4olMokMn++KPFluxc5rGvt2sPqQ4LoW3a42OamKYPHSPDsGSeYEfZzRHLlLb6dZYnZOId9gCvvTaEIIudtbPza3EAPcc8R4ewQOdnOX8lh3P9iRrwHH2bmlg9amCpUb2wLA8vf6yWGpzbqqag5kLxPKiHlw9WSw08C5at5YufxYp7sQSUn182az+Zz9o9ydjyPxPTbHrBe8OlcAX2LJnPjnTwj3jQ2VSoWLAX2uaxY5lY/ZvRuh5QrzVhgZ5Y/BpxWyPAtw0tgzzJPpbG0093x+Y4wCdvv8En6xPxC2rN08M6X1K85b1PF5zbgTY7a5csYVtSNkGto+nQ4CxrlyxnT7IDW0RHetjMi1wj+Z/VJUVbUnmu1wudc859suLtfZo9CYc59FtOlZ8PIiIiIn9G+zduIRnA4k+H/iOJjX2PNx8KJXHzMsa9Mo8kw6B+3UC8PT3xru6FefvfGdI9P7mScoJsv2DCgvyxWDzx8fUF3PC2WvAPjiA80EFKugOwEtzG+R3yXMXLBvDy9MTq6U9omI3Tyek4AG9bBI89dUeZ++BwnN/DY4GJEycyfPhw+vfvXzjt448/xjRNatSoQY0aNTBNk48//rhwfv/+/Rk+fDgTJ06s0LEsfw2W/Kr56fk1KUwzhDExYwkt/GbtYM+Sl9nTrDGQxHvPT2OTYWCu24LnzFlE3BZJ68QsbMCO+dOIWZ0ErOYQkxjZoQldHvHABmyb/yLz1huwYjWuU96jg3/Jhy/Pzp0JtULytlWs2ZGEBwf4plEjuoe1oFujRgQPGURosdpBET0HEAGQtJL1WxdW6OAYCXOIfsxO7JS/ExHkiyuu+AY1o+egKdzT7U4e6vYT3Vo4a6f8+OF4BkzP4q21b9AuIIDIe1sy+63JnGn9N5K3rOVkg3sY9kRdAlzt51R1P8X7j3Vg+pnGPDl6Du5AduISWvcYhxk5gv+Obsfpc56O9302gt6TVjNi4Xc83swbW2hohfarLBZXcBxeycuxn2GaR2j+/iD8E7/Kf7+fsPeHOhf0TWLj+vXkbPuaJQegWYiVg8mtCffzwZc7aBnsiT1xOZPe/QyAA4xjbPd6QCNubeoH6XtYtuwHsn1g2YobGNonghY3N2KLxRWwUKdRI6pv/IHYtw/hn32k8IG+IlyB7KM/srdZOOG33glLD9CuVTAkreS7Uw3o4NwRDm1dy9rNCXywZDeNmoWw/1gKYYHexSuTsOW9F1m4ycBctZ16b84iouVd1D5YdbGCM9EQFD2U96NLTk/aspilSQY9CiZc8Nj/zMofkhnUpgXdGsECOtPKH5LWr7zkuD6d8jEt5wzA5u/JiY2xzIt3lmOat3NrqCeOwysZ87rzuloXn8M7U7pzc/vOOHO8xRvROF+Xr5nHOcuWUgtty3vPM2+TgfnlFgLenEV4q2jCD2dd4N4ACy+xP1p34pn27/W8MzKKqAHP8fXY3YV75nuB+1HdRd9ibxNNi9b1+NYehrMOlCehNzfC90xLvLHz/Zo9BLcCPP1oHNqA9es+5O399ck+8uulBVvO+/Sn+e+2vP0i8zYZ+NjDmNUnjG0fv8q89Wn42Bszq09DPD0udo1U5HMtW/mu1zsueM79kJ+H3BL7f8SsT8On07PMqsD50LVrV7p161Zi2pdffsmKFSsquXciIiIi1zYjaQXPT85h1FP3ERrojQUL3oHBRPUcxJ13hDPuxXfIKTZERc8O4VgAe9J6Bo2JxTQ78cqc/gQWew53Lp3MJ889z5epNzP5naEEWUtU2i+Uc87wFwXvDq/8J+MWxtN73Gy6B3viV7d+mftwoQRLaTw9PUsM7ezi4nJJTYLOVcFhmj1p0LQeJCUBv7M5biOp1SHHM4g2EUElfmEuGMzIMNLYdyKTiBrg5uUBODh24CjgfFBLPe18enLmsRycPFK0tdNnsilWdQMAb19nVss/og9jI4rPSSeH/cweNwYvznAm8D5eHRpJ3BsT+fwEeJ0p2mZ5Rdz7KF2a2vhuZm8GrPKhc59ouvW6j07N6uIa1JFePVMKOx1t9fgMdjxetG695rfgQWu6d22Db8/eZW8k/RBrt4JhJODh5pxkP+18OjLiZtC7+4z841Ows+ls+XwVYJCd6zyJ7BXaqwuwQMrxgtoSJznjABILkjtpnHE4W0cYafGkuvbmwaFT6Fl8/cxcshoF4w8cjS9qnrA//jCO7vVwq9kEPytgDWPQ2LElNu3bKJwvp8XS+OUBRIRH0T88Cmczha/Y/vP+Sxr5xGL/lZXbkglv04zbbZ0ID4SET77kd7ch+Uuk8utJ6PbQIN4vuSMlHhjTTzv/N4w09h3NJCK0OvHTY6lXlbECyTvWsnb3aaxWN9w4w/4dG9l64JwmR6m7yj72wK7lcTzapic3d7yDxNzbsJJO3KKfqei5X8Aw1hOX0Js+YRZ+XL6uqJx6gXgDv/2yvWjho/EcsncnpE5ApZrmlebc/k6Kfya7j2YSHupOLV/nHb30e0MluPlixMcyf0sTBrQOZ+jTboU3/VoXuh+d+IEDmdGEtGhHt9wGcGIHOyzhNGl6J91yG0LmXtbt38+6+WsZ/lAHIjr0JKJDT7CnsPHTt9h6yQMUleM+nQNg5+TJ/P2wWoBMjv6aChjUcrY+I6ec10hVuOj1WvMi59xRZ1wnC/bhgn8rzleQSClIsii5IiIiIn8VIbd34rbgAH75eCzTfvbi5natuaN9JK2D/bEEtqJdo3fILLa8W35Dequl4Ft6PCczIdD7nIIzU9ibCpDGmVzAWpEf5jL55YddgEFO/nPvhfpAzM0te+6UKVNo3LgxPj4+REc7f9Hu1q0bn3/+OX/88QcANWvWLPFj21dffUV6ejr79u0rd8RQgQTL/h37yOwZSni3hwlZNZ0DRhqrF77LasD06UGrWUEAuJXSe28dP0/AFasbgAW/+r6Q/+Dokd8OwML582p4uZ83lmvOGeeEhCWTeTm/Q1Bbyx50b+VJ/O+QlpZEGmCSixUruWlHSUsySLuEB8w7+zxN/xbecF9z9q56hNWfJrAqoRY/ftAbd+xwKJ7kXPB2hR/fH8PUtSlE93qIcL8Uvvs4h+ExbfAllx/nj2fAtBQ++jGGZuc2DbO6nbddaw3ncBlm6AhWLngAkvby3t/fKDoGFd6T8nEFzhbLcLkCjrPZJd4D2Lq+SP82waQkrOffS9axNf4AfSe9R3QgsP8op4HARqGAM8nSqGkQFiDnj0OkO8D/xFoGjJnn3EefljzWJ4LkH7fQqF0bTm6O5fElB7ijc2fa3HUX4RGd6dbo00uqfeDqBT+v+Rl7m2geGNINP5JZ8mUqXoUPijfz9IAOBGYeZsnbH7Hl+13QcwxTejYsVkrJE7C+vydkZ+DZrlHVxgqk7/+OFSsuvHLNbqPKPvaAkbSUH5PuJarVAzyAP47Da1lRyaFtrQUdRhXPNh9NIRNocFMLyO/vBd+G+Fsh+fBRyO8AvCDPklWRXK6ba8mVz+Scs7ads/nzTNOHxvU8ITubM2ec08q6N1TWutlv0GrmJMLDwgA4ThZZF7wf7efkrmTCWnekIxaS1n7DN661CY/qQDRwYuOPHKUR3erB17OHsSo1hG7t7qBzx9a0efBB1qyaVuGaR+W9T5fO9bz+Zcp3jVSNi16vf1zknCO4xD5c+LMpPYbiCRUlV0REROSvIrzD/USHekJkMIcGT2Hr+iR+PlKDd8Z2wFpKWuNkaibgiQNvfEyT1EatqX9ucuUKu1CC5YsvviA3NxfDMLjtttvw8fGhVq1avP3223z99dcAdO7cmVq1nM/haWlpjBs3DtM0cXV1rVDNlnI/9RgHPuPjjS0Z0CacsTGvsGXTj+w7doa6wTfR8rYwrEBuThY/bz9E9+BQBowfCB+uo07Hx4kKhPQdW/h2VQ73dA+mdf8X6JE+h4Ra7XgyOggch9n14VpCOoXS+rH/ZYDX12T9rRMdbBZKpMpwJfPLtZzoE0Zot6fom/IBP9ib8tST3Qm0JLP3nQVFP9Sf"
01:01:11.612 [Forwarding screenshot on session d6a0bef0-bd24-11e6-8678-ab184a9d7075 to remote] DEBUG org.apache.http.wire - http-outgoing-0 << "SWTLji0kVuLB6q1PNjCoRTfwbkHM1o0cO5VFQN0A50HLPUb81s/hwDiCG7vT6oGnea7xWW5t09g5f/Nr+aeiK4FN7uKt/7bIT65Uo35QyWo51Qu3t5EnWnTDPbg33319G1nV6xLg7gp+dradgK6XvisVUP4xVs+eOsyBo1l0HTCO6KCCz2odPyQ8RPewnoz7uxsbU2pzf/dgnDN3kfCbneDgdrz06DE++u53Oj7yJG2CPdmT+DXWNp2JDr6b2rzHp1viCb01CoCcS64N4QH717E3PZpwmx/2xJWsNwxC8ue64Y0VIPN3EnYfxbfdYwzo6ez3pCjtZaHdgFEci12G250P08YfTmzcSL32A6o4VkqvL1eCKwV1J0o/9k5ffxNPVP9w/IFtqz+vREDnhFfstWGsZ1fSY3QI6siLfU+xbI+dzg/1xA/YtvdXqJkLloY8+OAdrD8ZSr97C86BkgpqERbf899PpgHBtHn8MfYvSeCO/t2wlljLSvdhozj572V43dmbCG84sXEdW76kfPeGS2QYSUx/aw0xY6Nxpow9OPrlugtuc923v/BY6w5YcPDrTz/zs3srHFGBWLCz67t1wB20i+5AYGQwbrM/ZPv2RCI7tsbvTDqXcusq7326/MpzjVSVi12v6y58zvlFlijtYp9NWeeDEisiIiLyV7Nk7TZ6hrYBz1BGzokhOSUbP38/53d1x+8k7i/ZsGT7zkRo7Y8lsDXTY97E4el9zvf1fBVsL1MZF2oiVJAgeeGFF0oMxVyzZk369u173vI+Pj5MnjyZV199tcJxVGiX1787BnvGs/RpH0HrDt1pnT/dkXmCLSuXELP0APAyn9SbRJ/WUQwd63zoTD+8kVnTv8QwDGbGBvH8Y1H0HJrfRCQzieWzx7LJMPh+jB+TRz1AVJ/+YE8hxQ5+rq75D1+5kJ1BKt8z9e1g/ndANNEDRhIN4EhhfexM1hf7tddI20TMjE1U5qnKWDaKMaFeDHukHQGu3tSt60zL5aYm8uFLD7DMMPj8gdEEfzmRNkFBtGnjjDNx9WyenvcBj7Z8gJGdgglq1Ykg0jmVmk2Arzstut/LmS359VDO5pBRbHvjm9ZmXP9WeNd1juSTm5rInJcGsY+W+ZUpik6c02fOAr5kna3kULW5Rf+5njO5tPdHv1zGjg4hhLfpz6w2AOkkJaVjs9UhvB58OuUlqo0ZT4c23QnGQbozwQnAgomvU/vlIUR06M9YZ8cKJG1ZwiurkzDjP6XFqIeJ6DmIiJ7OfU1c/wGfJVX8M8wFcnOcD8UbtyYRHmUjfmPxYb+yycxax7otXejTOoKRs2YBzhGPHEE2Qm9uxg8FVYVqhNF/pLPWQkriet5453uO1qteZbEWxHvRJbIzOPTlVxc89geS4Oiqb0jqH47NnsCqdakXHva4HOz5N6vMc57LP3hpNgGvPEl4dH/CogHs7Fn5Nq+vT8I8spI7XuxJRPdBRAApSSdw2LzPeyjPyj+nixeduu5T1ndqRFRoB4aO7ADpydhxjmCTZc8//z3DGFDwmSSsZeo732MYRrnuDRXhPI+KojMOLOS9taEM7eAcwN0wNl14m7u+IyGzA2Guv7FtF8AOkhxtCMrcy5pdzvU/WHIbQ3pG0GfkWPoA2E+wfN78S2pqBuW7T9u6lhxo2nlcS3t/4Wtk3Zni61364NXlu15hyQXOuXP36aKfjYiIiIgAYGx6l7fre9Ln7gj8LJ7454/A6EhP4qt/O5/VC/qEzM44Q9r6GCZ7DeaZe1rg5+lNZtJhzgQG4WeBjNTUooJziyU9znmWLU12xpli74qWPZOVDXjjyC27LcfF+mBp164dXbp0KXyfkZFB9erVSyxTfFqXLl344YcfWLeuYkNHG+Hh4Zc0nIItJMSZ+Mj6nQNJ5z/gmz42mtXzJSt1FwfOeeg0TR8aNauHR1Yq8Qecg7Oatk5MHtWFxAX/R+ymNEzTh2EzZxHBFoYNn13qw0ZI06Z4ZGURf+CSOysot4jISKoDGSf2sS3h5HnzQyMiCawOJ/ZtIOFkUaxmaARtA2Hfhq2cLOeXetMMpW3bQMg4Qdy2hKrahSpnC2mKLyWPv2naeOrl5wk6uIRx764HoOWAKQyN8mfl5KdYmD9UsE9ICPU8PEg9uoukc5qw2EJC8PWAo7surT+TijJtITTzPT+WkB4vMbZnPZaMGcy3Hs2olXX+uXylYy3a7vnHvoDp05WZs/rAllhGxKy/7LE4P8vSj4HzGj1K/Ll9yZSnXFsI9XwhPr706zukaVNIPVrq/edK3huqYpul3ROrwsXu0+WOr4xr5Gq50DlXmqtxPoiIiIhcj0KaNsUDyCrjezZASNcRvNjzBk6nJBP3wUSWpHbjlUl9CLRksnzyYD47cOW/L9psNpKSyv4e7erqymuvvUZ4eDhLly5l3LhxjBw5kkceeQSARYsWMXHiRCZNmkSPHj3Yvn07L7zwwgWbHpXmkhMsVc306cRrs/rjTyaHE45irRNCoLeFxJVvMGnh1qsdnlTAo1Peo4PNQkpSIsn4Emrzg+QtjHl+NknX0S/HIb3HMbZ7A1ZOfqIwMXQtM00fBk6eTFSQN5DOkjH/w9JLrFEjIiIiIiJSGrPpo7wzssP5zYLsCfzzqSnEX4Vnvtq1a3Py5PkVIQqYpondbqdt27asXbuW6tWr06tXL4YMcQ6o8J///IcPPviAjIwMOnTowLp16/Dw8MCo4L5YAgMDJ1RmR6qKkX2AlQlnuMFWl9o1fSDrBNtWz2PmZ0quXG+2r9mJWz0bgYE18Xaxc2TXRmKmzOW36yi5ApDnHkCj2mfZtXkTh9Kv/dgNIxv/G1sTVP0sW5fFsmBr8tUOSURERERE/mSMU78Qn+JJoK8Vhz2HrO8bOJ0AACAASURBVDPpnEj8mXmvvsGO7Kvz3OTh4cHZs2fLnG8YBhaLhf379+Pl5RxtMiAggPbt2wPOfvgOHDiA1Wrl119/vaTkClxDNVhERERERERERCrKx8eHtLSKNYk/e/Zs4To1atSo0GhBZbmC/fqKiIiIiIiIiFSti3VyW5pq1apRrVq1Ko3DpUpLExERERERERG5giraGe3logSLiIiIiIiIiFy3LqUGy+WgBIuIiIiIiIiIXLdycnKudgiAEiwiIiIiIiIiIpVmABpFSERERERERESkElwrOpSRiIiIiIiIiIiUpCZCIiIiIiIiIiKVpASLiIiIiIiIiEglKcEiIiIiIiIiIlJJSrCIiIiIiIiIiFSSEiwiIiIiIiIiIpWkBIuIiIiIiIiISCUpwSIiIiIiIiIiUklKsIiIiIiIiIiIVJISLCIiIiIiIiIilaQEi4iIiIiIiIhIJSnBIiIiIiIiIiJSSUqwiIiIiIiIiIhUkhIsIiIiIiIiIiKVpASLiIiIiIiIiEglKcEiIiIiIiIiIlJJSrCIiIiIiIiIiFSSEiwiIiIiIiIiIpWkBIuIiIiIiIiISCW5XqkN5Tgg4QQcTIbTZw3yTKhRzaRBTWhSB9zdrlQkIiIiIiIiIiJV67InWI6mwJKtBnF7DbIcRqnLWA0HkU0MHrjFxOZ3uSO68vaf/o2YPR8Vvp9+6wtXMZoLO378OMeOHbvaYYiIiIhcNi1btqx0GRt/Nfnnijz+OGNWQUTXv5peBiO7uhBhO4unp+fVDkdE5Kq4bAmWXAcs+MFg8U8mGBduiWQ3LazdA+v2OHjoNoPerUyM0nMx16X0nEy2/b7naodRbu3atbvaIYiIiIhcFvv27auScv65Ig9XqxdB1VUNGyDbnsM/V5xh/hNXOxIRkavnsiRYMrJMpnxhYc9xA4olSqyGgxvruuDvZeLiYnIq3YV9x01y8pwJGAcWFvwAqZl5/L2dfg0QERERkWvTH2dMgrxcwdR3VgB3N1dOpuhYiMhfW5UnWLJzYfIyF/adKMqs+Ho56HerQdvG4OGWV2zpPLJzYcO+POZvMknNtFDT08F9EVUdlYiIiIhI1TJRQkFERIpUeYJlznqDfSeKmgTd3MDBiC4mXu6lL+/uCp2amtweYvL+d3n0bgWBPlUdlYiIiIiIiIjI5VOlCZbdSbAqvii5Em4zGd0dXC0X"
01:01:11.612 [Forwarding screenshot on session d6a0bef0-bd24-11e6-8678-ab184a9d7075 to remote] DEBUG org.apache.http.wire - http-outgoing-0 << "71CluofBMx31K4CIiIiIXC/03VVERIpUaYLlkx+LXntaTZ67Ow9XS1VuQURERETkGqH8ioiIFFNlCZbkDNh2EMivwHJfhInPZR6hzUxNIS/xV8g8A55euISEYvj4lnt9I+ckxpkdGI50TIs3ptdNmG4B5Vo3xwF7jkFSqoGLASEBJiG1S/TpW8GdMTGTjpB35DfIzcUIrINLSCi4XHgEJrlEWWkcSU7H3d2bgIDKtUnLOnWE5Gzw9vbHx8ejigIUERGRa58yLCIiUqTKEiy//GaUSAa0D7t8f3Dydu8i96O5mDu2l5wOWJrfjKX/41iaNC1zfZeMzVgOT8UtY0OJ6Y48yPONIrf+S5herUpd1zThi+3w6Y8upGeVTKeEBDgYcCeMXVw0bfH/XHx/HJs24FgYi3n4t5L7U7Mm1of+H5ZO3fhTjVt9uaWtootvNJkTvmXD+KZMa1ub0Uzg5IbxBABpP8UQ2WoIOwFoyBcnD9K9fHm186ya1ovo0fkfeMPRHD74MvWrZi/OcYpZXWozPLNoP0REROTqMjWCkIiIFFNlCZaDvxe99vV0EFijqkouKXfxx+TMe5fS6nW4AObOn7GP2orbgKdwve/B85ZxPfYGlt8mYSmlAIsLWE6vxyV+A476E8mtO7jktvNg+lcubDpQerLjwCkLE79wgFG8XZSj7J0xTXJi/03eF/8tdbbLH3+Q+6+Z5O3bjdvgEWCoNkt5ZQKp2XbAiocnsDebbACy+Gy6M7kSPXA4twQ2oIH3JW4kbRWTRi8GmjNweGdCWz5wmZIr+ZvLBFIv4wZERETkutD3dhd63GyhuofzO2lGlsnSnx0s3JR3kTVFRORyqrIES1pm0euaXhdf/v63ytc5S9vGeYyIdv464Fi1HEex5EqeC1jCb8EIrIN54jiO7T/hArgYJo7338bwroHlri6FZVlOfoD1yKTCZkyOPAt5vu3AGgT233A5vQ4LeVgwsRwZB641yQ14uHD9978zSiRXArzyuPVG8HSDPccMdhw1yM0tf6czuV/8t0RyJc/DC9c2kRg+vuQl7MHc6ayhk7fmK3Lr1se118NlFSVl8mHY1yZPZ4Gz8U42pw4D9OW1OTMIr0zR7lYAmo9+izkvt6tsoBdhpYyBuEREROSqufI1WGb1d+XGwJLfN6t7GPRv48ptjRwMm597xWMSERGnKqsSYRhmsddVVSqkZzrLNVNTyH3vX0XbCLoB9zfexzr+FdyeHo51/Ct4vBkLtqDCZezvvImZnuZcPuckrof/t3BeXrUmZLf4npwmn5ATPJ2cJp9iD99InseNhctYfhsFOX8AcDAZlm8t2sf2TRzEPGbyZFuTfrebTLo/j5F3O8C8QI2VYszTqTjmxRbtT/MWeLz9AW7PjMT10b9jnTQd16eHFc53LPgPZvKpcpV9JQzpEk6vER+TVTDhyHL6tQ2n14h5JaeFh3NPj7sJb/sE69IKZpwi5okuhLcdcs60trR98HkGVqDsIXN+ukikp5jzRBc6D4nhVNZPjOgSyeg4gB0837YtQ2K+ByBx3Rx6hd+AYRgYhkGXIbPYm1Z2qWnfx9C29TPEATsXPEPbtv1YvH0dQ9qGM2TO98WXZN6QLrR9IoZTzhUZ0rYtQ2bNYdoTbfO3dwNdnpjGjuLbS9vBrCG9uCE/nn4jJvJNHHCRLoZ2LJ5VbD9uoMuQWUXlpn3PkLZdmDgnhn7hznKfiPkJyGLdnJdoe4NzmtH2CaZNG0Hb8F7M23GBgyAiIvJXZ5pX9F/f2124MdBCRlYek5fYuWd6FvdMz2LyEjsZWXncGGih7+0uVzyuwn8iIn9xVZZg8S3Woe2pNJeqy+cX1DZZ9SXkOB+v8zzccRs3DRdbyQYZRr0g3MZNBVfnb/0u2Vk41nwFgOXUPCx5zmo2DqqT3fgz8Agpsb7pcSPZjT/F4VLNuU5eBq7J8wFYsdMAF+evBfX8TIZ05LwRktrcCA+0Ll92yfHtKsh1NlrBxwe3FydieOd3tpqXR96WjTi+L9ZHTF4OjhVLylX2leCTtJPFMz9ma37GY+83i1gYt5PFM1ewK3/ajq/ns3DnTmrVM9gZN5evNx9xzji1mYVzV7IzLoavN+cnjY7E8a+5cRyuEUSdCpTt0yDworEe2bySuM2nyMaKh1exDIWnJ+7uVhIXjyCk/ZMs3nmIvoOHMzC6IStjhhPWYgg7yiq0ujcBpDtfHwJPzywOHT3FL3E7Wb8/o9iCdg6sL9g+YM/g17g4YoY/yei5h7l/YF8iGx5i5dzR3PSPOfkJpCNMvOcmhscs5lBkX4YPvp+FM2ey8iL7+dOcftzUaziLd0Lf4cPpGwkrY4Zzk28/vk9zbvuXuJVMeHIIC3fmHxu7nZ9i+tH+yanEHWrOwOGDiYyby+jRM4nbuZjdx9MvenxFRET+qswr/K/Hzc4vnzO/ymXT/rzC6Zv25zHzK2fNlR43W654XAX/RET+6qoswXJDsV43T2cbHE258PILnsot81+npkXtR32duQ4c24tqKrje1QWjln+p5brUroNL+w6F7/Py17OcXlc0LeAhTGvdUtc33YMwaz5Q+N5I/RaAXw4XJU6i/5aHaxlHrlt4+f685O36pSjmdp0xvKpjnk4ld9FCsv/xCDlTx2EW22ejaQuMv91UrrKvhHv7RwOLWbfVWcNh87dr8ucsZMOuNCCNDcsXAvcz8OneACxb4WzydGTzd8TlL73hm20A7P1uNTuBfr0eqFDZ97a9eK8n7vk5FXePcF5etIqpkUDz/nzy9dfMeMLKa71mAtF8ccBkwewZzPn6IN/O7AuHYpg6p/QUi0/4oyza8h8igcgJb/H114sYdmfpoxEVbh/A6uwfBqJZdGAPi+YsYMP2jfQF2LGfZODUujlMiIOGfWdzcsMCZsxexOEvJjgLKasPlqzvmfLkQiCSj/bsYcGMGSzYsIePhkcCC/ln7E9gBWceNJKP9pzFTD3MnL52Xhqy2Ln/h3cwZ8ZsNpz9kcENL3pYRURE5AqnMKp7OL+AbtrvOG+ecxr5yyjFIiJyNVRZgiUiCMxiHbquib9wTY5qVqPMf3uPFa3bwN/52jx+rCjoG/92wbJdGheNIFS4XnZi0bTqN19wfUf1ohGELPnrnUorSvo0LD23Azj7n/GuVo4/MCePF73OtpMzayrZAx/G8eEcOHUScNbUcenaA+vrc7D+33QsrW67eLlXSMvuPQBYvjIe2MGKuYcK563f8BsQz9LFQN/7ue2mDgxvCDsXreEIsH3NssJl45ZtJA3YvDQGiKZLZP0Kld2ywqMip+d3dpvtrH+SdpyCVNcf8ctZvHgxixcv5w+rM7N3eP9xyDrC9+vWsa7Yv72nsiDdDhR0plsxzYc/zf3B+cH73MhNkQDuuAPx324E4OlB/QtHC6rf/QkmNC+7vLRdW1kMNB89ioeaFBwUDx4aPYpIYPGKDaThTO40HPiMcxmf+vif/JWVQOTo5+lekKvyuIXnZw6v8D6JiIiIiIj8lVVZJ7e+nnBbsMHm/DzGl9tM7g6nwqMJ7T8Jh1OKEiw31XMmK0zDQcFU8yKtcMzincA4nEkfo1in6iYXKaD4aD3GZeqNvVgIeV9/XmKSERSMpdt9uER1xKjmef661wCP8I4MBmJW/0BiL28WAqM/WkTWi72YuXkze9edYiUw+MFIPAima79IZk5dxZbEHWxZtBMGvsdHDT7h4Qkb2Zz4PSsWAvf34TafipZdce7F/j+1bWN+bZqVPHbP+Y1w4pZtZPddK2gTPbPE9MFfHGZ25CVsPJ+vT/ULzM0EIrkloniNGHd8bEDShcvdueePkhOsVmetlaSTpNMMgKAGNQtnpx93Nts6t2JMzZq1L7whERER4Ur3O5KRlUd1DxduDzHYtL/kd9TbG7kULqP+UEREro4qS7AA9Gltsnm/A1ws2E0L//zKweSeJtWs5euXJNcBb39brPZKLZOQ/Oc8i39dzN+dD4/mgV+hfecyyzEPJBS+Nuo4mwKZ7kGQ66zN4pK5Awd9ylzfJWN74WuH9QYAAmq4cPy0c9qBUwYtGpT+h+v3DEg/W479DagDB4tq1eRZLFjuiMK1"
01:01:11.613 [Forwarding screenshot on session d6a0bef0-bd24-11e6-8678-ab184a9d7075 to remote] DEBUG org.apache.http.wire - http-outgoing-0 << "Ww9cmjSr2p6CL4smdBvenJiZK3g31gtozp13d8W+siEz537CGyQBkfSMDAbg1nu7w9TRfPpuLDsOQd/2Hbi7wRFgArGv1WIhMPihgoRJxcqujIBGN9Ec2Bk9kz0f9saakQOAmxuknPgDajYg2L6NmVMbUJjNybJyW4uyqzH55o8u5GQtdZnU7LJjctaHiWPXr2l0vqUoyZKVWdYagN15ckaG1TlvViZAaH0KRqMuvm2r1ZluOrfv3PQ/Tl5gYyIiIuJ0ZRMZS3/Kpf+dVoZ3tTJzRXZhkuX2Ri4M72otXEbNdUREro4qayIE0Kg29CjW+mb/SQvjl7iQnFH2OgXSs0ymLIeEk0UhPXxrXlGtjptaFk53rP0K83Tpo5uYqSnkfrO68L1LuHO9vBpRRdOSF2Lk/l7q+kbOSVz++KSovBrOagoRxRIqK3cZ2MsYAW/ZttKnn8uleUSJ9+6vvIV1xBhcwpqXSK6Y2Vkl+p+5ltzaozewkqkzF0Pze2nh40FEdHdgJTELd8L9D3BrfhsXn5ad6QssnDqTnTSk463B+ES0IhJYGOPsO6TbnU0uqWzIIi0trWiEoYrwr0MowMrN/OFdn+DgYIKDg2HLm9zUqhWD392GR5PODBs1jGHD8v+NGswd9UupO5PfUihu+66iWBLXsjzu/EUv5G+t2gIwZ+5XRRMT484rJystjbQ055Z8mt5BNBA3NZbvix2Inz77iDigeVgopfUQ43NbO+4H4qb+i1WFg1TtZca4maUsLSIiIsVd6UF6Fv+Yw6/Hc6nu4cLY+6ux/HkvPn6mGmPvr1bYP0tGlqlBhERErpIqTbAAPNIGIuoX9cWScNKFZ+a78PFmg99LSbRkZJl8tcPg2QUG234rGpYnKjSP2xsVLefauRu4uAFgZJ5xdgKbVrJhg5nyBzlTx+KSdcY5weqKpVNXAHIDHsVhODP7Fkcq1n2PYuSUHPbYyDmBdd8jWBzOkVMcpgeOgEcA6H6TWdjHzPHTBtO/Nsi0F/0lMXEmXpb+XL7jZGnfmTwP98L3ue++iZl+uuT+ZKSTM208uRNfJOf1VzDTr60RXQJui+b+/NfN772T+kDwrVE0zJ/Wt3vHood6j1voMbBgTncimwA+LehU0Mwm+gEii/VXW5GyT616BV9fX3pMK+rIuLjsc9q/lKg84nEH/5jg7Ai2TbUuTJv3MXOmDSGylzPB0PeBWy96HIqCrkNjgMVD6DFkGnNmvUTbkF7OJkgXGV65eEz1O/ZlcEPYGfMwXYZMZE7MNLqcW86pVXT29cU3chJHAHzaMXR4c+d+hPUi5uPFxLzUj1ZPzgWa88L/K2M/PO5g5Mz7gcVE127LkJdG0OWGMGbuLP9ui4iI/HVd2U5kM+0mQ+dl8eF32c6mQDg7tc3IyuPD77J5e00Wgzq688aj7lc8NtWaERGp4iZCAK4uMKo7zFiZx+ZEZ/4mO8fgo80GH22GOt4mAd6AAaln4fDveSX7PAFa35DHM51K9pRi+NfG9dGB5P7nbQDMvbvIevoRXO9shxFYF/P4UXK/X49LVtGjquWRpzD8ajmXd6+Ho/4YLIfHO+ed2Yz1l9aYfveQ534DLtmJGL8vx0JRFii3wVhMq7PJRf2a0PsWg//mVybZnOjCU+8b3NzApJo77E4ynH3HlDNlZXjXwPr4P8j996z8/YnHPvgxXO5sh1ErADP5FHkb18EZZzx561aR1/wmLB27lm8DV4JHS+4f2JzFc3dy710tnNOCb6Vfc5i6szkPdggvsfidvfrB3Kk0HxyFs65Kfdp3ioa4lfTt07FkDYuKlJ3fzCXzdFFns54A7lbASv1wKD7eso8nJTod6Tz+C75wH8E9o+cy+rGCflgimbAohsG3lD4yUP6Gi20HIJyJ385mX/shrIwZzUqgYd/RTK22jNGbz12nZEklYvIIZ3bcSuj7d2JiJjiHZ24eCTuLVWHxrk4QgG+NwqK6z1jLRz7P8vCEhQx5eLFzYvP7ee+dN3i0iQ+kUeq27xi2iB9rvcTjj00lZmocRA5kQr8UJkxdXFgrR0REREpzdZIKCzbaWbCx9D/SHZu5cmMdV9541IOh885e4chERP7ajLS0tMvyl8E0YdlW+HCTQU5eObMOpoMHWhv0u83EpbQuSEyT3A/exbH0k1JmlmS5/yFcH3nynL5MTNwOT8Tt+FsXXT+nzrPkBP0vxXujzTNh9hqDtXvK3h9vD5P0rKJ1Fj/jYNvve3hu86uF09Z0nVu4Pzkf/Ye8Tz+8+P48/P9w7fPoRZerrOPHj9O4cePLvp1rUtYpEo9lgJsbdevXv6QOdPML4kjiMXKoTnBwwMUXv4BTR46QkQM1g+uX2sSnVGmnSPwjAze36tSvf7Ht72XWExNJa/8c4x+9pXDqqpfCiZ6azgd79vBok0s/EiIiIteaffv2UafO+X2WVVS7abnU9XWrgoiq3huPVePGOq78ejyXoR9cuSTLsdQcVgy14+l5bQ7SICJyuVV5DZYChgH33Qxtw0yWb8/j270mv2dYSl3Ww2LSJtTk/puhfs0L5HsMA9f/9xRGs3Ac8+diHko8f5EbgrH0fxLLLaUNaWyQEzQBR/U7sB6ejEv2nvOWyPP4G/agceT5nt+JrosBz3QyaV4/j4U/wKn0komWmxs4ePg2eOHT0veztP1x6/s4jiZNcXz4LubBMvbn0UFYWrY6f32pWh4BlU6I5BdE/eDKd8ALEFC/PhWOyCeAYJ/yrmVnx9yFzJ27kWz7u/SNrMOvK/5Nr6k7gfu5saGSKyIiImUxr9FmMf/zQSZvPlaNOr6WazZGEZE/o8tWg+VcJnAsFQ4mQ9pZyMuD6h5g84XgAGfToooVaGIePYzj171wJgPDszouoU0w6gWVcwQeE+NsAi5ntkFuKoabDw7PlpjVQuFiwzg7N09iMiSlgquLQUiASe0azvdDPnQmWDytJvOfKucwz6aJeeQ38n7dh3kmHcPLG6NRKC5BDa/oiEJ/6Rosf1GJq6ZxV/RoDpWYGsl7GxfxxB1VkXASERG5dlRlDZY6vuX8Ue0v4niqQzVYROQv7bLVYDmXgTOZYrtIZ5/lL9DAqN8A1/oNLjkis1pjHNXKn0wwgZ1HwMMNQgMhJMD5r3j724QTRcvX9a1A7sowMIIaYglqePFlRapQcOdRHDz7CD9t3c8fGXasNRsQcUuT8jdJEhER+atS5RARESnmiiVYrnfbf4N317twNNWgnp/Jq70deLqXrFmS64AlxYZpblEfkeuDR31uuUMnrIiISMUowyIiIkWqfJjmPys/LziW5mzuczTFYMxig91JzqZCJnDgFExa5sLBU86qoi6Gg87N9EdXRERERERE5K9ANVjKqUEtePxOmJs/Uu7BZAsvLQKr4QDAbpZsg9untUEdHyVYRERERP6sTFPf9UREpIgSLBVwbwRYXBzM2QB5+QmVcxMrAPffnEefW/UHV0REROTPqqaXgT3XxKpv0wDYc53HRETkr+yKjSL0Z3I8Db7YbvDTQYNTp53NhgJquNCsnknXcJNGta9ygJVw/Pjxqx2CiIiIyGVVFaMIbfzV5J8r8vjjjL5KgzO5MrKrCxG2sxpFSET+spRgERERERERERGpJHVyKyIiIiIiIiJSSUqwiIiIiIiIiIhUkhIsIiIiIiIiIiKVpASLiIiIiIiIiEglKcEiIiIiIiIiIlJJSrCIiIiIiIiIiFSSEiwiIiIiIiIiIpWkBIuIiIiIiIiISCUpwSIiIiIiIiIiUklKsIiIiIiIiIiIVJISLCIiIiIiIiIilaQEi4iIiIiIiIhIJSnBIiIiIiIiIiJSSUqwiIiIiIiIiIhUkhIsIiIiIiIiIiKVpASLiIiIiIiIiEglKcEiIiIiIiIiIlJJSrCIiIiIiIiIiFSSEiwiIiIiIiIiIpWkBIuIiIiIiIiISCUpwSIiIiIiIiIiUkmuGRkZVzsGEREREREREZHrmmGapnm1gxARERERERERuZ6piZCIiIiIiIiISCUpwSIiIiIiIiIiUklKsIiIiIiIiIiIVJISLCIiIiIiIiIilaQEi4iIiIiIiIhIJSnBIiIiIiIiIiJSSUqw"
01:01:11.613 [Forwarding screenshot on session d6a0bef0-bd24-11e6-8678-ab184a9d7075 to remote] DEBUG org.apache.http.wire - http-outgoing-0 << "iIiIiIiIiIhUkhIsIiIiIiIiIiKVpASLiIiIiIiIiEglKcEiIiIiIiIiIlJJSrCIiIiIiIiIiFSSEiwiIiIiIiIiIpWkBIuIiIiIiIiISCUpwSIiIiIiIiIiUklKsIiIiIiIiIiIVJISLCIiIiIiIiIilaQEi4iIiIiIiIhIJSnBIiIiIiIiIiJSSUqwiIiIiIiIiIhUkhIsIiIiIiIiIiKVpASLiIiIiIiIiEglKcEiIiIiIiIiIlJJlgkTJky42kHI9StzyQxOLvgv6dtPU+32plgK55wmZfYkfv9iO66t7sDNvp0TU17mdLwd71vDrmLEBc4QtyCWuDR/whv4Xu1grk32Iyx6bx5bU/0ID6l1zsw0Vv9nDhuS/fBNWsP8b07RLOIGrOcsdfDbBcxf93up8/4UziTwybsfsctem2bFzyP7ERa9t5CjPqGE1PK4evFdCfbjxC39L4uXfsXXa+LYvnc/We51uCGwOgAH4z4p8/y4PM7w7X9i+dXrOj/2ZxL4JPYz4rb/hn/zv+FrKTbPfpBF73/M+q3HqNO8CTUsZZZy/crf/03bt7N161a2bt3Kjj0HOesRQFAtz0oVbT/yPe/N24BPs3Bq/SlvTCIiInK1qAaLVMJuUt77jOyfN5K9eganD2QVm5eD/btvsP+8lhw7YE8l6+cfyfpu99UK9hy5JO1OZPf+lKsdyLXL6ke104f5ZfVajpwzy35wI6t3HybXy5uU/T9zeHcSuaUUkZKUwOHdSZy9EvFeDbkZHDh8mJ+/+A9xx4tNP3uKrYmJHM3IuWqhXRnJLHp9Fl9s3k1qNT9uuMGP1MTdfDV/Fv/53nlAUn7bfYXPgVwO7U5kf+p1fuxzMziQmEhiwmY27korMStt72Y2JySSmPAzx/6sF1f+/ickHOTIkSMcOXLw/7N373FVVXnjxz/A4ZzD/SiggJCgEgOKBqamUmSRSoODY05OWmPzsotljc08PV1mypmpZqZpfHoyK7v5K2us0UFHkhFTrCgQhQAVhRhQUO4Ceo6HyzmHA/z+2Ic7AoI9Wn3fr5cvOPuy9lprr31wf/daa1NwLJPEzevZXWAYfP8BNNeWUFJWgL6/Ly0hhBBCiBFQXekMiO+ulrRkzN0+Gz9Jw/OxmM7Pds7ABRfsANQoP52voseFKlA5XulMXM1cmBEzldRtx8gsaMQ/1KVzzYmDmUAAN033IXj6c0xWq3v2TrBYQK1Gq9WAo4rvbTWrsPXaaibp/Z2EP7UED9tyFXx/y93BUEJePQTErGJNTLCyrLGA15/fQkFaFo2zF6FSAU5anKCzXXy7PLjruWdB7TL4ple5jo4pRcfyIWJ25/L8zI5Ateb7+0dcBWZg6orHWR7uAYClOosNr+wgJ/M/LAqdMYK0VYDq+1t3QgghhLhi5P8XYphMXEja02NJW8p2Gh+KwUVzhbI0bAZ2v76JM66+NBUUUA/oguayIBI+2ZFOM+AUMJNV9y/BXw2N5VkkfLyHgnrl0bGjZzA/ueseZvirgTq+2LKVvQVVAASE5hsVcgAAIABJREFUBmMsNfHjx9cQ7mIhN/lDtqUWKYd1CiJ+1d3M9ncBDHyx5f3O/Rx1wfzk3nuY4XNlA1JeEXMI2naM3MxjLAntuMEr5eCxZpymziFYDUXJ7/HBf/x4fO0inKpz+fD9nRTpW8DJlwBnfbdvmYHLn7HzHyRmltjWBRC38m6iAj24WuumQ2vHL/pM/p4czprYYPp052ksZef7/yCzTA+AZ3A096yKpeyjv7HnfASPr4nBhUZS3tpIqmkyj69dhAcW0ra8TIbjray9RdVVr4BvaAwrVsbg9X9WyoGpuv8lcQll/sJIvjzXkTsNNOfx/oY8yqqaASci41dy5+xABjrvjUUpbPzga9x8HCgrqwcgaO4yfrkogpYB1qkx8OmmTbTc8hBLwmH3hk1Uel/DhWPHqEdpP0vuW0WEF1i6t1dHHb4ujejdZvLYmkVKoOxKUilty9HJkeaCHIosswlWA5YiMoua8Q32paqoo/tKNV98tIO9x8qUj446IhfcwZ1RwQPWo/oqv7agZxhE7RPGeKcd5HUuGfh74+LrujOQsvltUkrVxK95CN+SXWxJzLH1uNIRGafUoxBCCCHEUMgQITE81Wk0HG8CRqP7y3qUmQ6OYzhw+srma5hajHrKCgoYH7eMO2KC0Zeks21HJqFxy4ifG0xzWSYHTtQBRbz72g4KWgNZtmo1q5bF4F5fxI6PD9AI5H70LnsLqpi6cBmrlsVgLChC32zEaoWi5E1sSy0iOPoOVq9ewVTnEhJfe4M8A5Qmv8/eAj0xK1bzyKp4fPRF7Hh9FyPrCH85BDInUkdLQQ5FFmWJIS+TMmDuTZMBMBmraakzAtV8/Mo2isz+xK9cRXy4irJ6wBZwG6j8eds3kZhZoqxbdQehmjKS3txEVt3VXDcKMzBzxSrmekJZ6kfKUKEeoes6tq9/k8wyJxauWMWqZdG0FqXyyuspePm501z2NacagcZT5Jboaak6wX8MgOUkGQV6nP1cSXprG0UO4ax85DFWxk2lqiCF95KLrkRxe/IIINwTSvZu5qln/8bmj3byRVYeo+bcyaols1H6kDgAzdRpI1mxchmRvlZyEv9B7iDn3Wo6h75FT1m1O3esWs2y6GBK0rfxYVr1gOsAjHV6jFYlGNXSrKfk2DHGxdzBijvm4qIvYtu2L7BQzofd2usdM0dRpW+hua6Zq2lwUejcmThRRm6h0uINJ7KoIoCZUwPA1ocwY/Mr7D1Wzdz4laxevYKZ/mZyknaQ2zhwPV7t15YGOJX5b5KTd7N79042b1hPTjPMmRMGDNx+BlrXkbpKZSDl9b+QUlTP3DtXMNvtBFsSc9DNjOeRx1YTE2wmJ2kzWVdLhQghhBDiqicBFjEsTQc+UZ7c+yxAFz4Ht9gAAEw7P7mqbk6GymoGx9A7uDMqghkxCwgGnKYu4c6oCGYv+jGdzy8to7gpLo4V9y4lYrw3o3zH86MA4MJ5mikn55gep6nLWH5zBMERMTy0bCrKTZCB3Mwq8JzJgjnXotVewy1x0UA9eacMNFstgJWK0nKanYJZ9shqVq9ZcOWfogPhc24Aysg6odyZ5H6ZA04zbT12OqhoKjhIATB3+S+ZHRrM7CX3E9N5DzhQ+QvIzNHjGHoHq2JnEBg8g5WPLsMJPZlHiq7quulgwo9Fv4zDiWaSPtxNo6O2I66EpSiLnGYIiJ5PxDWjGDVhDgtmekJZOnUTI3FCT96pRixnilD6F+gpOmXAcjKPepyYGeGndIi5UEtpWS2jwn/MI6tXc88cvytV3G58WPLfz7Iibi7BXq0UHctk746trF/3FB9ldMzc0wqEsubBRYSHRrB4fjhKoygf8Lx3iHnwQWYEBxIRew/RnlCUkUXTAOsae+Ww49peHjOD8BmL+HGkE1RXUpN3kCIgeuWDzA4NZsaiB4kPVgZ1XS1Du8yAdmw4kTrIycwHIC/zGATPJKxzTmULvpHxxK94kEWzJzLK1Zuga3wAsHbrSdVfXemv8mvLAdAX5ZGZmUNmZi5FtglnzlZUMnD7OTiEtqVn5/r1pJQ5sXD1sywK9+rseaavLaPqvIoZSx9k9erHmHa1VIgQQgghrnoyREgMw2kM//pa+bX6Y87c9ynt1edsnxO5UHg/niFXLnfDYgWfcd62D264OYJ/kK/tsxNujihdxtVeuFrP8NErSWztvr9OhaOhinIgODSgc7FHwDU4UoS1qZLaZqA5k9f+ktnj0LUlZwhdcg/RZz8kNT2JgvQkwJHg6CXcExtx5d++4x/BTN1eMjO/YXmEJ4fKIChuZp+bMKvVBDjhP6Yjx2rG+eqgGmgcoPz/OYkFCJ0a1LXQJYBQJ8ir0BO68iqumw7WZvCKYmXMCd5MSefvSS2d82c0NxgBKEvdwl9Su+/kicr9WsJ1kJeXz1HVfyBoLnOt6eQU5HNUVQC6SMI8PAhbGU/tPxJJTdxKaiLg5MvC5ffic4Vv/Cx15ZyshfCoRYRHLQIsVJce5dN/7uBY4seET/1vwAyOTp1Bi+aOm/6m85zj4uedsbZFnS8CUhM4UUdqrhGT"
01:01:11.613 [Forwarding screenshot on session d6a0bef0-bd24-11e6-8678-ab184a9d7075 to remote] DEBUG org.apache.http.wire - http-outgoing-0 << "7U9Xf+v6zPlqBf+Jvr0Wdvzpc8RrVNdSVzeXvsO7rjCryps5NwSQvvcY5Y1eZJdA5MppOFltQ19Q4z0KPv3HayT2/FLq8Qe+v7ryX3R1X1tN9JyDBQwkv76e1L27yJu88OLt53QN7hdb161tNTe3AC1U1hoh0AU8IrhzYQHb9+awoyQHAF3QTH5+9xICv/tT+gghhBDi/4AEWMQla83dR7PthUF2Wmfa9SbQOoOpCWjCmJyGZ0jEFc3jpbICrp6jenxWaVU9PgM0Fuxk895j+EbG8eAt4fh4eZC15Vl2lAIe3ngBZ0qqIEKZf8JQdoYWQOXszShHKAuM58VVtrlMLNVkHCxG96MJGEr/g9fMe3hx1WjKi06Q++WnpKd+wtE5Ecy44k9PPZgTFUxmUjYpya7o8SQ+wr/PViqVFmim+rwFPJTbM/35RuVbxmWg8nvyZW4aBcdKOusNSy1VzeA/3htDadVVXDc9BcbczdwTL5KeqQSRxuPY2Y4iVzzNnbYbxcbqPLK+MRHg5MGo6wPITPmET2ghOH4GM1orSU9KZAcQtDAcFwwU1ML8+54j2OkcBfnH2fdJCns/OkDE75dc0d4GlVk72JJaRfzjLzLbC0CNT+AM7lpYxLqtRZiscNEXJTu74Q4XPe9QQu++JDVVenCZjJbmi65z6nUYK6B1cbtIJlowdGuvDcbGq+6votUEPhEzcdq7g8R/7KGKAOJD1bR0TkRSTcKbiZToQlnxyI+Z4O8Fedt5fmv3N7b1X1ct34lrq/sJ8SDQ153UsiZM6gHaz8SxUDR424p7bC3WHevZu+N9gq99immUoteEsubF5ThWl5Kf9SmJ6Zmk5t9E4IyrZcYjIYQQQlzNZIiQuGQX/p0IgF3kkwQlpHT+G/fwPMA22a3xSuZwuIY+uMl1zFhGu6soSPuIHQUttnlGlPlK9Jlb+eiLXIpyU9i07RjKSi+CQ52gaA/bM4owGKr5IuF9EvcmUWCEMwc/YcfW10nOO8sovwC83BxQ5gj4dkp6qXxmzsGXKlJSi3AKjSK0z9NcK46hkQQBqf9MoKDaQGnWThKLbPNgDFj+a5ga7EhLwSfszCqirrqU5Pe2UwVcE+h91ddNTy4suvcndIzesNKCS+hMgoCcnf8gq7QOQ3kuf399K3v3ZtKghsDrInGkhRYcCQn2wWdSiO122ImpUwIBI1/uSGTzuwkUNDtxTdA4XAF07n2CCf/XAiOm4wQkrv8bu9OyKCoqIuuLnby89Rg4BRPUeZNu7efqChzwvCta2LNtJ0V1dRR8sYW9ZRB0QwTOA6zrv6NB76NbcQqfQzCQsvkd0gqKyNr9ltJer7pJuq3gEUakJ5QVVeE0dSaBdAV9rZgwAbiNwXeMO82lGby/NQfQdOuM039d1V3l15YGqMjLICsjg4yMNFJ2bmZLZj04hRLkMVD7mTaEtqXCxc2Lm+9ehid6dry9G8PZPBITt7F1ZxYtbn4E+Izq2FQIIYQQYkjkvw3i0hgP0nBIGQ7k8tOoHqs0t/4U9RufY+E4xqPnsFfDVXi30pOq60dLr8X9fXYJvYm5AXmk793Mur0AngQHe1JUdJozjRBx528wsYnEvds4hiOeOkB5cQwzlq+hrvldUhM3k6PEqAiOWcGSYBfwW87Uig9I3foayigSR6bGrSLiaumWrg5lTqiOHQWNzIye2mulBly0OBLI3avjeOPNJLa8cgxQnpu36NxwYpDyB6+h7q33Sd+xGaXvhxMz73iE2EAX8L6660YDqLq/79tjBvfGF/FK4jHbAn9++cgdvLN5BzveXK8scvQlbvW9BAJ4hRGhSyTTHMokL4BJTHKEAvdIpnop+9+xIpp3t6ayZb0tTacgli276coP4/CJ4rFVVt7/aC/pSTtIty129JzKygeW4wVUdbaP7pTvhdmrLn7eDR09NOoy2bxeWes7NY67b/bHOsA6MPS4fntfy13t1Z9Vz65kyxsfkbRlMzj54usEVeb+gkFXhtK2AFyImB1MelIRM2eEddvCGa0qkJtigilJSWX9OuUKCQgNxrGgiKJTdVzb8Ve+n7pyaby6ry0HoP5YCjuOdS3zDIok7ud34gV4DdB+GGBdY4EK0ChRKo8I7ok/xiuJ6eysWMUdM8+wI3MH6zN3AKALjuHHEdJ7RQghhBBDY9fe3t5+pTMhxHdNo6GOZhzx8ujej76RLza/y+mJ8ay8ORCA6rTNvJJUzh1P/76zy73FYOBCSwtO7l64qHuna6C5Bdy9PK78zfOwWTDUXQAnLzz6uVEbqPzKuv7L/32oG0NdHS2OvdvNUCn12uLohFd/FXuFNRoMSo8JlRMevU/sIPo774a87fxl6ylWPPsUIdY6mlVd7WmgdUPPcBFb3tjHxLvuJ8pfDVhI3rCOVGJ4bm3Md6+NNRqoa+57XQ2lrr7r19ZA3xsDrbt4go3UXWjG0cn9ktuyEEIIIX7YpAeLEMPg4uHVz1AEFzTUUbD3TTacnIovteQUVUFADGHd7qfVHh5c7Hmoi4fHRYY4fJeo8fC6+BPfgcr/fa+bgeplcAPX65XmMqygkaLf8261Ao2YrKD28Op5czzQuqFyhIb6MpJee5mTkRMwnc6jpB6m3jHlOxlkwMUDr/4ukCHU1Xf92hrud8rFE3TBq9/KFEIIIYQYmMMf/vCHP1zpTAjxfREQOR1PmqipqEHfpuXambdy789v5GJTbAoh+mdvZ8XQNIprw4LRqYe+bsgcPJl53XhaGuqoqDkHLuOZ8+O7WBThM+K8X00uS10JIYQQQoghkSFCQgghhBBCCCGEECMkbxESQgghhBBCCCGEGCEJsAghhBBCCCGEEEKMkARYhBBCCCGEEEIIIUZIAixCCCGEEEIIIYQQIyQBFiGEEEIIIYQQQogRkgCLEEIIIYQQQgghxAhJgEUIIYQQQgghhBBihCTAIoQQQgghhBBCCDFCEmARQgghhBBCCCGEGCEJsAghhBBCCCGEEEKMkARYhBBCCCGEEEIIIUZIAixCCCGEEEIIIYQQIyQBFiGEEEIIIYQQQogRkgCLEEIIIYQQQgghxAhJgEUIIYQQQgghhBBihCTAIoQQQgghhBBCCDFCEmARQgghhBBCCCGEGCEJsAghhBBCCCGEEEKMkARYhBBCCCGEEEIIIUZIdaUzIK4+p+LmXOksMCHp4JXOghBCCCGEEEIIMWTSg0UIIYQQQgghhBBihCTAIoQQQgghhBBCCDFCdrW1te1XOhNCCCGEEEIIIYQQ32V27e3tEmARQgghhBBCCCGEGAEZIiSEEEIIIYQQQggxQhJgEUIIIYQQQgghhBghCbAIIYQQQgghhBBCjJAEWIQQQgghhBBCCCFGSAIsQgghhBBCCCGEECMkARYhhBBCCCGEEEKIEZIAixBCCCGEEEIIIcQISYBFCCGEEEIIIYQQYoQkwCKEEEIIIYQQQggxQhJgEUIIIYQQQgghhBghCbAIIYQQQgghhBBCjJAEWIQQQgghhBBCCCFGSAIsQgghhBBCCCGEECMkARYhhBBCCCGEEEKIEZIAixBCCCGEEEIIIcQIqa50BsR3W2nWfnIqIfLW2wh07VpeefQzDlV6EBs7HafLeLzm+jLqHHwI0Dn2t5aT2ZkcP32WVrUnwdMiCQ/QDZJiAxmJB1BFzmdGQN+c9leO5rOFZGR+g94CuoAfMXtGyEXLWJaXwdGiKiwOToyfMpPpEz27cjtQOi31HD2Yycmzzah1vkybPZsA134P8a1rOXuUPWlniYy9jQCnwc6BEEIIIYQQQvwwSQ8WMXwtpWTlllBXU0JWXlmPVcazZdSVncN8OY/XfJKdO5I5WtXY7+q85O0cyC6krlUNhmIykreTerJhgARbyNu/m7yaGvRN/eT0bDb7DxdTd7ZbORoK2LkrleLKJtQODRTnprJ9f0G/qZ89mkhyRh71rQ6gLyP7wA7SShuGkE4zaQk7OFxYBk4O1JTkkfxRIpUtQ6mky898/iw1dWdoaGXQcyCEEEIIIYQQP1QSYBHDVv9NAedtv5/PP059t3UqB0CjRgNwuQIDKrACGrWm77rmkxwrM6MJmM2qn8WzZMVywkZB4aEj"
01:01:11.613 [Forwarding screenshot on session d6a0bef0-bd24-11e6-8678-ab184a9d7075 to remote] DEBUG org.apache.http.wire - http-outgoing-0 << "NPeXVstZ0nZ+REaJEQCHPhvU89n+bCWwonLo7Op1MvsIjbgQvfwu4uJXED3JBXPJEU72OchZMg/XwKhwlv8sniUr4/BzgPycQloGSael8jj5RvCbtZglcfEsnx8G1HC0WD+8ehsplQOgUr4sBjoHQgghhBBCCPEDJkOExDA1U3C8DDSTuDWylQMZJRw92cAtEzvGsajAXMyurcUYG1vBYRTTb41leqAr0EBe6gEyCmuUTTVezLptPtP8XGkuy2D7viqili9hohPQUkbiB5+hu3khDpkHMAMlBz5kZ9V8lkQFduWmppxGICR0km2JKxMCvcjPLaOyGSWtbhqKM8mvsxIwKYCy4jJae5XuZOo+ihtdGDvKRE1T516cLjXC2FmE2IoZMu1HpBZnc+pMAxNDuo3haT5PPRAwJRRlII0f00LcqMwvp5aQAdNxM1UCo5gSNgYAp8ApBDnkc6a8BkJ7DnkqTUsk/awDamMl580OhMcuJ7w1n+QD2ZxvBXAgaPp8bpseAEBl3mfszyi29chxYdKsm7hlWgClaTs5UDWGZT+LwhVoLsti+74yopcvwaur1khL6HkObvA41W96QgghhBBCCPFDIz1YxPDU/4dCI4y69kdMDP8Ro4DiowXdOqvYA61YPMKIjbuVIOfzZO9LpLABTn6WSEZhDX7hNxIXeyMBqjoOJyVSoIdWSwPmViOWjoiHuQl9qxmLVcO114UA4BUyixmhY3tkR+WsRCos5q5QiaXJDLR1pdWNa+DN3HnPKmJvvBaXXutayjI4UGgk4MaFRPpqlS4b3WjctF0fnHW2/Xtt1GTCCug8unp6ePmOBfQYGgZO5/xZPWg88eqc4kSFWgtY2/qUo9XSQGNdJRZdEJMCJuFDPtv2ZdM0KoT5cXHMDvGiJDuZ5IJ6aC5kf0YxziGzWXxHHBF+VooPJ1PQAK0WI60Xmrulq8fcaqS5R9259jwHExoump4QQgghhBBC/NBIgEUMS+nxfFpx4NprvQEffhSggbp8vukcxdIGBBAfN5sAv4nctjgaDY2cKjtJQXEjDgE3Ejc7FL+AUGKXKOsKisroGKzT2TC7jd0ZM8kfF8DN/1oCPHt2SXEcE0iAA5SkJpJ2tJC8jGT2FRp7ptWdkys6J8Bq7RUaqeTT5Dwc/GYTG+pJq6VnNhwAs9HUbfve+yuam4y04sKYUV357IhV2A+SjkatAnNrt3Rd8RmjofVsFf3HLvxYGH8bt8RG01b0Da1ouO6Gaeg0GoKmRxKggbIjBZ3BkiZ9LfVGFaE3xxEXdweTOjvedB8o1es82PQ4B+6Og6QnhBBCCCGEED8cMkRIDMNZjhcrwYvDO97jcLc1x4+WEh4dCFjBxbmrgak0OAPnyqqxB66Z4Nu1k9NYAjRQUtcAo/serTONjmCI1Qx93tvjSezyWD5L/oz8w6mg8SIkyIvCEiN9+31cXGlaKpWAl5uJ7OwsztabgHoyM44Sev1EWgGNW/cIgqrfi8jJzQMHGqmqa2ZiP28nGigds8UKDg7d0m2gotKMxm8cfWMXVnBwpqufjD1g5nDS9h7nBZUFs2sI0dPPkJpdzFf7igFwGRvCvPnRA1VJr8N1OwcDpOd3OV8dJYQQQgghhBDfARJgEZes4eRxKlvBb/qtzPR1wtwKGk0zR/cfoKTwKJXRgcqGptauPhFWM03AmPHeWErhzKkqCLHNJ9Kip94MXmM8wFquLOvYUaXq20NE1c8Eqy168o6UM/6WldxiS7b0s60UMoYxl9SjwhmNpg1jaT7HAbO5FThPYf5Jxl93LWoVmOvP0sJEHIGWurM0AmpNr0tJ44wWqD/XBLYAS8WpMnDwY6yrA7UDpOPl4wklZVQ0Q4gTgJkmM1j7GSLUm7XVAngR+8ASOmZCqSzMo7ZNh7qhEqP6GuIfuA1VfSUlBVlk5BdytHQa19q27eqp08+4qu5UGloGSM8vdLDXYwshhBBCCCHE94sEWMQlaqHweDHgReT0iYzptiZySgElhys5UaBnAmpoLWZfxjiiQ90oSD2EGQ2BY6/F6vcVNWUHSS1wZdoYBwrSUjkPhPuOQoMrYOZYRh5ekWM5lZbW9YrkViXAoD+dT6UuBD/PbpETRwun8vKoKbfgFDsdSjLZV9zIqPC5eAIt9QV8kVbKmBk3M22A7hWBUfEERnV9Lv1sC/tKArhn1S04AW5T/cjPyCMl25cbJ8JXX+aBQwBTAl2h5SwZKZlY/COJDr+Ga0dB7uHPyPONxc94hLQSMy4hE9DhROgA6Xg2B+OSUUnavgxGzQ+lJuMzKoHwKYEXyXXXcKJxwYFQUkhacja3zg7BXJVN8leFEHAjYa71ZGTk8825Nm6bOYmxnm5AjW3MkgpayzhSeJZr3WpI/aIE+sxO0/McVJkukJFR1H96QgghhBBCCPEDIwEWcWmaz/CfGnAJmoxfr1WeYVPwOlxJSUERE3RtoBlFQ14q2/MANIRFxykvwYlbjCFxL/lfJVOIsi7kxsXM9nMCrmNWQCmHizPYUQy4eaHpCLG4jiFwlAOFxdkkm51ZFRva7ehjiL41nMQDeSR9pKTqFjCd2NmBAJj1VZTUlGE1mHsFWJShOQ6q/i+FVlSg7erP4Rl+K7Ork8jI3sdH2QBuzIq7GU8Aq5HSskqamEh0uB8zYudTk7iPjF0fAeDgFcbC6ImDp+MUwsLoWnal5rHrwzwA/MLnM7ufoUagAq2680J2DYwmdrqFfdnZ7CrLVmrXK4zYmFAcHVu4MeQsXxV+xfbCrwBw8YtgdogO3bgbOF56gLzUXeQBo/zG4lDZYBtepbymufc52G+ezY0h5/tNTwghhBBCCCF+aOza29vbr3QmxPdYSzP6RjMana7PrCktDQ00WsFF54pjn90aaDSDTnepM6Y2o9ebUWlccHXqlmpLJYnvJeO3+BfMGNP7aJeupUFPo1XVJ+8nP9vKF+brWRUb0rmsQa/HqtKgc+0bILlYOsrKZhrMreDgSj+7DpJBpd771MMg65S8uqBzvYQ6GuhYQgghhBBCCPEDIQEW8YPQXJZB0lEVcXEz+gR6LpuWSpISsgheFE+IvElHCCGEEEIIIX5QJMAihBBCCCGEEEIIMUIyHaUQQgghhBBCCCHECEmARQghhBBCCCGEEGKEJMAihBBCCCGEEEIIMUISYBFCCCGEEEIIIYQYIQmwCCGEEEIIIYQQQoyQBFiEEEIIIYQQQgghRkgCLEIIIYQQQgghhBAjJAEWIYQQQgghhBBCiBGSAIsQQgghhBBCCCHECEmARQghhBBCCCGEEGKEJMAihBBCCCGEEEIIMUISYBFCCCGEEEIIIYQYIQmwCCGEEEIIIYQQQoyQBFiEEEIIIYQQQgghRkgCLEIIIYQQQgghhBAjJAEWIYQQQgghhBBCiBFSXc7Emna9zPmcShh9A2MeW4rj5Uy8BxNNuYVoIqbhwAXOv/5XGms8Gf3fv8HZ7Vs7qBDfqtpyIxaNA65uznhoR56eodZIgxnQqBnnrRnaTiYzFXUW1Bo13kPdp8cxm2gwt17aMb8HTIYm6o2tALh6uQ35/F3ucy6+g/q55ky1RurN4OrmhIfHZf0zLYQQQgghvkWXsQdLAeffTcCccxBzystcOGW6fEl3Zy6m5uFbqH52F8rtTCPmzz/HkrOHFsu3c0jR5YV5CfjpUjjU6/Sm/G4P49wT8IvNwdBjjdG2z6d82XPF0BlKidMlcNtzZUPYprSflU0jy3dZWY+08/6eyjj3BF5Iabpodr58bg9+up28l2fuk//a1Czb/kZlY9NZ1s1L4LqwT5k5cQ8r3qoepEIG0sSeTQe5LTiBsImfMjPsU2ZO3I1f8C7WbjjZrYxNvDQvAb95h6i1LTFkH2GWz25mhn3KtOB/s6fWzJ7NeeQM4bzlbM9hWcROwibu6TpmxKe8mVI/grJcXEVqHi9srvhW0r4UhakneDB2FxMDbOUO+5SwMQnE3Z9FTm23DQ0921C/57y2glc3fMOwLhNb+uPcB/63LsVIbeqhQdvv0AzePr58znZ96ZLYVd7fFnrWRSh5i3txgOu7h75t98pp4qXYvvU8OXgnt8V+zpt7zvbYuve1"
01:01:11.613 [Forwarding screenshot on session d6a0bef0-bd24-11e6-8678-ab184a9d7075 to remote] DEBUG org.apache.http.wire - http-outgoing-0 << "3/eag5QXP2Wi7doNvT6TK9/KhRBCCCHEUF22AEtLWjLmbp+Nn6RdrqR7slRgOgP4jMYBgFG4r3kSj/t+g9b12zmk6BI0yR67Nj2ZJ7qfbT379thu1jKqyep+11N7ltRcIGI0oR7DP64ZuGBuHcI2/a1Rjyzf7q3UApW2XWtOKTdHFgbOj11bGyU1lr6eerNqAAAgAElEQVT5b2lRfjoqLbg2rZjN2aCbrmPFA37ce8uoAdO9uCZeXbqH+5+sJL8GIuK9eei3/qxY5oxdjZWEZ3OZ/+g3KDEmB7RaoLwNJYdWdr5STHkbRCzz4b41gdRu3M99/1VE9SCByz3P7WHRfadIO9lGWLw3a387nqXzVdidNPL8ks9Zu0s/zPJchKGUJfGF7D7VcnnTvUR5f/+cWxYVkJRuRTfdjRWPj+ehR70Js4fcbaeJC07hUGfwoWcb6nvONbwwP4MXXztHwzDzMy5IRdh0LWHTnQmbqHy1t49VETZXS9h0Lf4TnQkZq+7cfrD2O5gvnxta+wCwazPxr0/P9lluyitl80nld7PxEvNzmZvVsJmg3d7eVvfKP2rbyE+v5/mff9kzcNTj2u97zQW0l/LXF42026uIe8CHx34/gXFXpFBCCCGEEGI4LlPfYxMXkvb0WNKWsp3Gh2Jw0QDUU/fUwzTUjcVpphtNn3xOO6C64QF8noni3MOP0awfjcfv32Z0iBaMB6n49Z+xNE3Aa+OruHl2pFpP3Z/+ptwWVCdyZvlpvDY+jSX93zRUeqO99XZU+e9T/qcE7MOicKhLwXSmCXzmMOreWzB99DLNZ5rA/XpGv/ACugnuUP811S/8gaaicwA43riGsU+uQI3oz5zbPGFbLdmZ52G6j7KwpJrUEuVXu7YmvswyEnO7Mlar9mgN+W0QudgP728zYxqHAVaqRpZvj3EcrvYHrXK5qIcQl1QP0IC8Y+Zw8ixKgANwc1UG0931lxieuWHQpC8qZ9NB/roP2sfq+GDfzcQEdV3ez/22iKURR8n5MJ+PH5jEL8M1/Cp5KQ+YQMlGK7Xl0G6v4y/vRBEOHHqxGlDjOsCwO8OhHO5f30S7vTOvfnUrS8M7hgXN4OHtadxyXzX/vDeX+/TzCB9+0XrSOOBu+3mlmAq/4b5HlN45D31wE88sHtO57pk/GXnznv08n6jnhfcrSFo7DjwCe7ShvufczEs6AHuGFSf2COCt3IDOj4ZDWYTNP83ke6azf11Aj01rU5WfaseRfcup1fYM1j66259QjmHVGLrHWdP+Vdn14bs8oizIj4TPb+hRtrxdh1j4i3JyXszivZ/68ssQVa9r39znmsOkBGMC1kznrT8F9D2OEEIIIYS4ql2eHizVaTQcbwJGo/vLetsN23EMB053btJaV0Zb9dc0fvI5qimTsAOsh96mdhdo/aD9QjHGlMMAmDP2Y64+R7suHGfPnodqN3eM8Wii3XKBdsBaepzWM8VYLdBmOUer6RwtOZ9gYgIqd6D6IOdffIFmywQcfZzhwtec+/MWWiim6sFf0VR0Dvtrrkft40zLV69Tvi6BtstSMd8/QTPG4m8P+w/W03EmCtOrKG+Dh96YRJg9fPpZ1xCXo58rgav5UV62JUYSnvucWbbhDH7BSTyxqbQzLQwVrJ23hxc2H2GlbejAg5v7jkGoOKQMzVDS2MO6V8q4AMqN9+XOt6GatbFJPLjpYp31raTYhuWMc09g1tLP2bTt4sMvDIeOsCg8iTcPNXFoUyrR9yg3VW8s3Enc/UeUYQ+1Fbxwz56uIQfzPiche4AhHaZqNjytp93enj/t7BlcAdAGBfM/r3li19aG8ZwFaOK9+/ew6NEj1JqqeSI2mQ3ZAA08PS+JlfcfYO2LTdi1mfjv2F08uKG/slvZv/kMAD97e1a34Ioi5M4ZPDnfHrwtFOZ1dN0YuFyGQ0e4bd7nJOzJ6zz/yvAmWxsxVLA2Nov8NjjxYXZXfWFmz4bUHu1q3eaygdvVpuEPxfrsnW+Unge/ndUjuKJwY/XL4fjbQ+3xc8qQn25tqO85z+LV+/cr9V9SyfyIPbyXbYbyMl64fw+TbWWaHLGHF7YPLc+Wjt5SA/T6ytuXy4PzdvatY2VH9mxKIy7Ctl63k1mxKbyXqnQbKdx+cAjtA6BN6d0x0R4yKknvMUyont0fNtE+VoXOHrp3gSxJPcGDsUld7SQiqdcQN1s5bT8rUnJYNi+JWfPSyDF1pJHHMlv+x7knEPdoDoWDjL8a6nH707vnUfjiG9jxWzfs2tr46AOl4J3Xfmppn2vu4SfSuG12NvltULY9m9vmpbCrxMpI2vaAdWCoYO28JNZuyOOl+5M6z3Pc/Vnk9Siwka3Pfc6s4Iscf7D8CSGEEEL8gFyWAEvTgU+UXiU+C9CFz8EtVnnyZtr5CR2d+O1sP53+awcBL36AZ4yyTUtpBe4/WwpAa/I+zEBD8lfKtovn0/MZtSfezz2ndLvxWUpAwtu4e3albdd9U+0Cxr3xNv5rl9o+z8Hn3bcJWBNvy3QLLYc/odkEMAfv51/F7/dPKWnnfELDtzN1xHdfkA/R3sDuOooAsHLw03ra7d24felEZgdBWWIlhQA0ceigiXZ7HVGTNYCRl2I/Ze36esq8nVnxgDeTa01sffJrojuGrlhayM9tYtOvi0mxDR2oaOkV7ir5hvkLlaEZEct8WDTJxOY/V1I+UFRsJPm2mMjPtXKkvP8hKTmbDrDyyUpO1KqIe8Ab95T6zrz3x2I2kV9jorKhFbXaAXdbl4WACC0uWgeoLSUuOINNiU34z/dkxUo39Nn1rJ23h1cPXSTIYjRRCRARwJLw/jumhdw9j4oLS/lVtDMAFV83ceJrExbs0bp020drj11ra2d9uqPGw7W/3iIWvim20m7vzKIFnv2s1/CrhCVUFi1Qgi9DKJfFbCI/u561Py9kf4MzcfEdw5u+Zt0efWf+AOxqrKB1AMy8d8+/uf/Z2h7tavOvD7Pod7YT0V+7sgx3iEwTOdlW2u21PLzqIr0MvIM5rF/K4XfClV4N3dpQ33OuwlHb9VXs7uMAnOeJeYfZtK0Jv0XerHpAByVNbLovjRdSRzp3iiJtYzm7y7XELXPrrOMntytffCnP7ef+J6vJaVCz9FE/Fs22pzxdz+/i09hTC43GliG0jw4uLH9kDHZtJhK/6BomZMg+TUIN3P2bQKYAFzqX5xC1qICkdBNRy3xYsdINSkwkPJvLE9t7fjG7ArWpOcxccoqvci2s+MM0IrVQsiuNqEWFpJ1sI2alD3Fz7cndcop516eSd5FcXspx+9Nff6Ab7h6Pvz2cOFhLLd2u/Ua7Ptec2tWR0R2h/VrQaFs5U2McdtsetA4sLZzMNZHwbCGv/NNC1DIdk73byN12mgWP5NkCJGbeXPopT6yvpwxnlj7gSYDt+Gv/Xs+Qrj0hhBBCiB+QyxBgOY3hX18rv1Z/zJn74qhLto05r07kQmH351gBuEz1BcDOUXnabQfYhyzAxQfgMIZ9CTQVNQFTcI8e38/xum5y2wfKVsB4VNA1y4DOT3mr0aSpShDFuXvhD1Kzcg6lD63DCsC5gdP+QdNxc7wKqKewBKCGvbuBmLFEat244XYt1NZzsBAw2OYxWeRLmBZqU06wIR3a544nveh2Xlofzf7Ts4kbC+VbjvN+nhnUykiBdnstG7IWU1G2gLeWd5+TxMrWP+ejb4Olb9xE0jtRvJX8EzasHOwVLMPP94DjxQxlrHvaSLu9M+8eX8xbtjLFjB1abUauimL3JuUmfdEfbmXbxnCy/nqEXFv5DifM46WNCziZHoK/Pbz4x/4nQa3Nrya/DSbP8e4xTKG2sJovUys4dMj2L7WMvHKlq4Bap2yj1o7huYSFrJ0OBI1ja/LtvP//5rPjt86022t5Nvl2Xlrl00/Zz3LINk/NtCHMr7PnEsqlmz+BrKLbeevD28nc6Q9AaroePMax4V/TCbOHsMdnkbQxHLfsAp5JbEM3fwJHO9qVfh6rpsOJ1/NIKLH2367uHe7sFhYu6AG0+HQbHmOqredQ97o+VMahPNtExt3aUN9zHsFDG2+11X8ACckL+OU1jeTWQvv8Sez/"
01:01:11.613 [Forwarding screenshot on session d6a0bef0-bd24-11e6-8678-ab184a9d7075 to remote] DEBUG org.apache.http.wire - http-outgoing-0 << "MJrn1sdwcK/yfZiXcXmiv511/M4Cjtjq+NBRI5iqeedlE+32biTlxbHhT3N4K3kxWx7VYtdm4tBRI5GrogdvH51amXjLeGLsYffW8s7znLXzDO32bsQt7Bmcy9qp9IpatfN2tr0TxUsbF5B9YAIAR44auzb0UXMmO4+b40/Rbq9i3d6F/CraDTjLK/dW027vzDtHl7JlYxRvJS/h4+d12NXUsn5z37lgLum4l8JNqwyN1LfSY6oa9eg+19wr62axLWMGYfYw+TfTSUpewAOOp4fZth0HrwO10mmo3d6ZN3J/wrZ3Ytj/9Wxi7IHjRuoBw6FjPL8P2qf7kV50OxvWz+Nw7hR09rD7j0WUDeXaE0IIIYT4ARnxHCytuftsvUDATutMu94EWmcwNQFNGJPT8AyJGCQVXzzi5tD47kEaXn0ZAPsb77TN33IRTTDQM1OHSdfiAF1DfQZ86DuHse+uQ93yHwyf5WLnfS1OMmHuRU27ZQx2b1fyVUETS8/VkNYGt8X6ATBjnhd2G8v5Iq2eu66rJb8NFi3wQQukHawD4LHfTyWoIzGPcTz1J2+S7qulssYC1yj/6R/1s0ksDVEBboyj+w2lhZKv22gf683Dd3cMzVCx9DeT+P2Hx7+VfA/onIlaIGBNGLf7d5Xp8d/oSHlyaLNwGm3DOCwtFsBCTrbtpsRsYM8uAxZArW5Vhj9l1HLUADf1DmhcZL7XrNfSuH9Lz2W6ByI4sd6315YW2w1gKw2AB2CxKFePxQj9V4QDLgB6GHyeU+OQyhVq2/qO1T/qnNxz3IxxRNiXd70xxjYZasekwUf21yjLR0HWniIsFmV+ELWnPXZtVo4VNLN0bn/tqjcrhYeqqOk2VEXt48kNIc69trNgbuj4rVsJjxZwx5KeQ3jax/qRVTSnz7F6nnMN0Nqz/t20jAbs9hUzeV4dd93pS8wtP6Liwow+uR6uux7tqmPvGeMIsy9XepFovdhyehH1RgvU1ZNT3sSpE7XsP9jzLA/ePjq0ga8vi35mz/5/nuHz8kgW+5/ln69bYZE/N/na83y3rWOejePIQ81YNK0UZldQVqYnJ00Zstd9CKBd+ikWzlN+X/TBray+wXaeDE3k27Y5X3CSXUfbAHtQK38xKk/1/8dgqMcdFl1/cdq+19xla9uG+iHXQcB9wSzuGFLoMYrJEbBfb48aOFetXAx3/3d413d20I9IOqDDMtadir9/NXj+goY4SY8QQgghxPfAiAMsF/6dCIBd5JMEPRffudy853dUvPG5MtntqsECLKC9dQmqdw/S8bzL9fao/je0tCi9Sy7sofzhekat+03/27X0vePs3SvFYVYsGhIwc5D6d99FyxEaDhUDc3C6PVomur2IcTPGEmZfSf7XVXzpUUu7vT3zo0YD4D3Dhwj7cr4+VMlnDedot7fntrnKE2q12p52ey2RoT0jZ6PH9r6BBb+Ai9+xqXVAiUPPyUBHu+BH1zCDy5nvgdSerKW8DdrP9Jxx4JoID4b3mhOHznaX8OujJPRebd9MQz/RDO9p3oTZl3PiYC0GAjt7sUy7dxrPhpnQqO1RWwz8+elK/C4yOay6189BeXgyPQK+yq2jwADj+unFYiisIL0MZkSNusRytfb4vcfLoXpl0GIb6qPfdor7t/XNQ/czM1C7wlDOkoVfo+821Kx9ZQSVGyf22tAVb3+g1kSDmc7ggndUKBv+1wMjoNa08MkfT/GVq/2Q67NH/WvH8XLiBO6NP0V+tp5N2Xo2UUD7WDde3Xlzn/luhsPS0rOOu6ioyjrOow8Vk1sz4sMoxzKriP6pD3bbKkk+qGdxaDlJbXD3XUFArx45xho2PpbF5n1D7/2QtqMUw2JlOFbtEaU3lx1NPPHz3D7bnthTTe2fAvtOuj2M4w7K2Kvt9tLnmrtMbXtIdfCE0uvI3d3xovk7maV8h2nVPb8zgmwThX95CfkTQgghhPghGFmAxXiQhkPKEz6Xn/YMiGhu/SnqNz7HwnGMR8/ZhuN03RQ4uCrjE+wcbf+5c5uDx42jqf/qHLj/BPfwi9wIeUbgHOyMsaiJ1jOf01R8L/bq7mk79vhhr7b94uzYc44WAELx+Z8nqfzdX2k5lKBMUqidwqg/raPvLb/o5D2G6Ah44/Mz7NAawduHOSEdT0B9mT8bXvy6km3FyrrptkefFmMbdm0mis9Yiek2T0hDY99gWP+vW7alAxDUe3Sb8h/9AZ80DzPfA3EL8EBnX4nfNT3ba8O5gW6rBmYB2u1VvPrVrcx27RpaYGmwYEHNNf29jsnW44HcCpLyIlhhq99x04NZPb1jowo+frqS2n52Hx4HvD2VV/B+ma4n5nZdr/VWPn4sg+fTYcXOm3AfQrmG8MbfPiy2fmox/zub9QtcaOhsTq2cP9fK2EludNzED9Su0Ljx2z9O6Ha734pbcO8yATgzZYoKu2wT72wqI+Yp2zwsWk+WruoKytVvPsVXI3iVsOesqeyunkpVURUH0yr4ZHsladlGfvWLXKJzb/j23splKOPRpcXktkHc45OIj/YmNMyLk5v2s3L9MG+ZLeB9SwBR9pXs3n2Km45W0m7vxpJbnMHcfciOmVd/kcHmdPCP9+NXd/kROtGTiepq5kcc7ZFku70zrx6I5JvH09iUWMi67X5suNMT74me+NuXUzZ7Ap9/EIy6QfluUDvCuRoTjHbvp+6GftwBitjHl38vVN5GNm8c3nDJ195w2/bQ6uBsn/16cx3jCJj6BAnzUoo41uCIyjqU/AkhhBBC/HCMLMDiNoeApIP9r9Ncj3/3dVEH6f6uDeeVrzJhZccnE631JTR3vCr5x7EDPPX1xPt/UxhdX0WbehSObtqeaXs+yoSkRzu3dojo+Rm3aK7pnq+QeAISFtBSfZ521Kh9Bu+1INy4aZ4bm9bXkwBMfmBsV/dxNET9RIfdk3pSgMkP+HauCwh1AUy893Yxqzf+yLa0ia0blVe1qh2H8tpdB7w8wS67kvdSmngmRgmF5SWUkN8GYd9Cvgei9XHHDzjxejE5zwYSqe0o03DfUGMrX5uVb2pgabjtBt9QxrKIw3yFjp3VMdzQO/6oHceap9xI+7OR/77xAC6Hb2Rx96EtJj1bnz9Obhv4MzQWlOBJ2Tno/25eQ9yj43lm32neXX6QyMPzWRzS9ZWStz2T59OV19D+PMqDzCGUq3dfkQHZeuJMmzMaqOSbI0a8V42zZdXK1vuTeGKblYd2384z1w0hPa0nK9YO7fqf98BEdB8Wkvbnwzzh78hzd3cfTmYlZ1cuW3OBoLZLDhqpAUP2EcLmFeP/wPUcXh9IUHgAKx6qZpkuja+49DQvRe2RanLbQLdyGm+tC7YtNfLPjI7gilLvg7ePXrQB/ORn2aRtO8UTwKhlk5R23OMGv5ULJmU+kb99OIebbEsPbThIeRuEde+4E+TNbdN9iHs1hE1zC/nnA4dZNO92YrycCQTKMs5x3s2NG2x5q9iVxsJfVBP26PXs/1Ngr8xdwnEvoveo0rw9WTz0YhPt9vbcdU/vIXlDM+y2PZQ6eGLw44fOGg0Y2b2thGdiJtuWVvPC0qN8hSf/SBgNrwySv2h5XCGEEEKIH44RDxG6HC68spS6lHO2T5PwWDht0H0cPH0HnIPl0mhx9Bnef4B/qKZFj4b1ysSPs2/pOcFlWJQXHcNjZi/sCquF3D2ZuEe+JGnLcW4z6VkereXI1lMkpEP79PH8MtqZwd+HquHepyfx/L5i3li6jwtPXYO/8Rx/3Ti0rgLDyfeAPAJ48jd5rFyvJ252Cn962peS7YVsTh/a7n11lW/Tkk8penwSiya08c8/niKtDSY/PqlvcMXmpqdu5Nmv9/L8PiNrZuzhL3N1RE/WYqi5QFJi15wL0dOUp8qWXlXW+6Z97DgtYGL9z/dQ8XQkz9zZdyJT7+gZvL6ygjVbmlgzYxfvLvPhpikaTu6tICldGWrxs9ciiNRqCBtCuYb0hN82LKHs5WxW1tby+AshrBhbydYtx5lVVcfqxR5UpJ5m0zYr7WO9+dmQ2tWl8QgP5x+vnWPhw7VsfTiNv/9Ry6KFOjwwkbtXT75taE1AlAdDC9m0YtGD"
01:01:11.614 [Forwarding screenshot on session d6a0bef0-bd24-11e6-8678-ab184a9d7075 to remote] DEBUG org.apache.http.wire - http-outgoing-0 << "3clyli5NZc26CcTYF5Py9tcs05zjrhkacnaUkNYGo64f3c/8MZeP93XehNmf5sSHJ1h3Hdzka2L33wpJyFbWmywWwHlI7aO3m386BrYpAdU7lvVXCgfcUQI3rz+eQ8NCD4r3FvPXt5Vr9kKtEuTpMXdJeDgfP17GXeub+MVDRyhIuI77f6Mlbb2eJT57eOy1CXiX17D+RaV13bGkv+/6oR33okoqWRq7x9aPso3aDFPnW5Zue34WK4L6/1M7WKDMO2aYbVs7bgh1UDVonjxuCGbF2NNs3VbAbRi5N1rLl5uLSWuDyN9O4qYY58HzJ4QQQgjxA3JZXtM8Uprrl6KZcj3aG5fi+T+v4S6dSK56Htf5EGWvdNO/aUbPbuDacD/ixtrWTeu+bgxvHZ/Firn25G8r55mHi0lIbyMsfjyf7prRedOoAdx7PTFWlikhNe306/jsA38CsLL1z6f460Y9YfOV/8iPdhs47Da8fDv0mye/UUo/q5h1N/PSA27YndTzzH0FvJtiT0y8EgXp6InVPf8dvHq92rZjW+3060jbPYmIsZCyvpi1D58irQaiHg3l/XWBA5TOmdUJP2bL//oTMRHK0/VsfbuapETlKXrUyvHsOLqYl+70BBwYN6Xn3u69AjfhC4KIsgf9ySbe+N0pKi5y1MUbY9nyVx/C7CF3WzUbnj1NUrqV9oluPLtzHhvu9rzkcnm59uzD1qP+vMewaJEKuzYr+z88Q5nFk5cOzmbVfBXl+6p55uFCNm0zoZvrzQf75hLSI40Bqu8Shd8dTea+KSydr8WuxkTSlmq2blGCK/5zPXlh5zwOb5xs69nSfxvqKqUbMY8oz//z99Xy8eeO/DkxhIixkLbxFGt+UcDmRBP+8ePZ2dn7awgGKG//dQx4BPLX13ywa7Oy+ddHWfnzQv6p17H2t0r+ctOVyNyQ2oe655+Ycba3CbXbe7I4qusa66obDQ/8v2lEjYW0t09x/5JcXny3kRXPjydmLJR9WEWOyYFxtm5YHSW4ad0sVkxUJgXemNpEzLrbeOe3nti1NbHh4eM88+dazqPloQ9uYvX0/iplKMe9eF3atbWRn95EbnoTuekmyrAnLN6Hl3bPY8vavoGkjmu/9zXX1U46vhuG37YHr4P+22TPPOk6j5+/rZwnHi4mKVu5Zt96KmDI+RNCCCGE+KGwa29vlzcSi/9zhnIj51pacR3tirfHcDtSmakoacbiqCbI/8o/KTUZmqg6Z0E9WtfvhK+XzkpFSQMWHHAd7Yb3JaZpqDVyrqEVtaMaT3/nwd+IdJE8GGpb0bhp0A6agJXa8gZlHoYBz8nIytXBZDBj1jjgoe1qP51ldnVinPdljKYMxtBExTmLrUxOw2/TJjO1ZnDz0HSer9pyIw0tjCzdYeWliZIqC2pHNeMGOJdDbx+XoquNjA5yY9iXk60MODrg6+82hGvgMh33WzDstn3JdXCR4w/ynX3Frj0hhBBCiKvIVTFESHx3jHPv8/4XIYQQoo//ejqM3zw98MxYQgghhBDfJ9KDRQghhBBCCCGEEGKEroo5WIQQQgghhBBCCCG+yyTAIoQQQgghhBBCCDFCI5+D5UIuf3nqHc5quia102g88A+9gZ+uXDiy14maKjheDFOm9E7lAh899RQty/7IygjvkRxBCCGEEEIIIYQQYsRGHmAxnyN1717+4+GHn4uyqLGykgt2H/Lyv37N4V2PMLwQyAVeW3wjL4e+wan/7R1gMfOf7Xsx3Pw7Vo4s9+J7xlBbgRE1bu7eeMiLLL41tbWlNOD4/9l797goy/Tx/+1+GgYFBkVZEvCEibScREOUJDRUPOQh80gm+8FjwraOFYFaUpogueIW4gnZRNNVSUUy0ECdRFD5Isphw1HBw4hN6BiD4AzT7+XvjxlggAHx0NZ+9nm/Xgjz3IfnPlz37TzXc13XjY3E4Xc8zhoUFXexsndodhqMGkWlCp1OhKWkK7aW7ThX5X4l5eq69udv1o7Kyrv6k4C6OiAcsCIgICAgICAgICDwf5OnV7CI4T4w5/ODRPnVq1LUfB0xnff3/ZP8yjDGPKGRieY+2FtbmE60BmsLK30+Dc/4iFCB1ii4VszWE19RVVv9xHVYd7JiwYg38ert9hQtqSQm0odI0VJ+/iQMa9Ts/GIcc4orABg9agdrrM5ywSGYuW6/Pyun/ENzeSn9FsdiMhjVxUSG+1n4vTsfv3mnWOP9GHZgTcqZ6cfIIoKfVywweeRs/qEgXkqv5eTfDuHPKQLfDeYYELXoLCu90JdXwWjfHRwN9oP7BSz99A3iVIYKLObz0/rIJ1Si/rporu+lx5qPiZZeIMJFAveLSdi5htgLZ7hulM+tx3TWh0Qxyl6/iRQdmYvH4ca5Kf8+Cqevkg2553Dz8z9zIk3G4AnB9G9TWXKLvbvXsVqWSrHR1dcHRBAdsuARZR+PyquH+epKD5YEej27SgUEBAQEBAQEBAQEHotnd0xzXZ3RBwnjZ4wkfP8mrijUYKtid9QqPtx5EoCHkn7MXxFN5BteaK5lEbnoPQ5fVgPgM+0jPosJ5qetUjbd7gA7/4yXXMqx3U0tYcQWcPbIGiYH76OoQwck/SaybnM0Ab3NgUoOr1uJdNNR/f26D+ezzTG84WaLumAr40LOEi3bjp8E0BSweOhfcPr8IAssv2V6yDbMe0FR0W18pLvZHebzzIbo/wJPq1wBqKqtZuuJr9j0v9FP36Cf71ANWN/LYWtxBViMINrXi55Wmbx0YCeR82Y9/T1+Be5X3Xpknp+fpGKdvpzG+Jrqrn6MTLZDrym5rwNEddQarmt/qQPM0Gr1ny/V1gBQ+UNqo3IF6GXTFbMnaee/gZKCo8AIxrtIQFvA3HffIAlA7EHkkHH07aQm5+xXJN3cx+iPSzkZcwj/LvDjj5cAS0MtlSQfSgbskdNDMcsAACAASURBVPpPxtVxDFd3zWbOOfgmoC0Fi5qE1X6E3gRwRuo/BddOd9l3fBsHL8RwMErNT9HvPSPFVCVxsUuIHrCNJc+kvl8BbQmrFm/C9YNopjhboZLL2H0gk5v3oMfAkQTN8MfGkLU85wAnSmsxMwhWXV0dfUdMw7+PVRtptWwJW4YoaA0hvnYm7l/Oga9OUGvWVFrr6joxbNoUnK1AcfEohw5no6yzoM/gAKZN8MaqWTXytHgO1PoRMcOzze6WZO0l7WQxNWZdGDxmOhO8HVvkMVXXk46LgICAgICAgIDA74NnomCxBDQ6HaBBo4G66iskb/uKhw/74dlXwmHpAFakWrN0w26GO9WRkRBJwvuRDB61k4LZ80ntNp896bOg6EuCwj8h1MmDZN9x9Ht4AuWIxaxbMLzFF12RJRTt38+0lQlE2t1g5eIY5q8awL+2B5MX/RbSxMtM/GAjc71hV+Ri3p/4FhanMhh0v4KKqkvUGB4cqVZRWFXBH+vq0N6v4LL6Ng8Lh7N4/jAkL7b8UvzfTgvlingo6+a9iX1tIcv+sZVrrZTr7SFlzcuwbFMc10zV89jYEhFdRkT9x056S6eQ1z4k4tXeaIrX6Zv33H/aw4cGMAeRGZ2fpHiXAIq2lBk+VDZcbqEH0OovmonMAU2DkqRTk0y2zF2QgNN1FTYO7gBcuXxBn2Qxh5vro/j9rhA1p86egf6f4Q4c2RVJEtDLKYK8DxY0KDbmTn6P17ZPZsq5QtZkncV/qg+j5mbzcG59PWL04aUmsz7oPQByFd0ADZadaJVLx1fqlSs28ymNjqR/w/1msSzyVaJVCSQUBLPymcSQEiOxALdOv1dVF+RsW08hLxPqbIW2/AALl+8Bc0cGOYMsJR6ZXM2uDycgBsq+P0h6fhMVIf4u4/HvY9VGmh0j/LqxPG4rI3w/pE/zBtTc5nh6OsoWLZPQd/IUuuUlIY1NB4kTg+zvkZ4cy+nLi9i+NKAhpzInieXJMiT+A9vsa/nRVUQlFiJx8sC+Ipfk2FyqVmxhtqdNQx5TdT3NuAgICAgICAgICPw+eCYKFnNgf2gA+5tdn7QyCT+JhuLXNrBhigsT/XpSeetHvAZ4QEYZOi3oAK5f4WLpTUa/Ekp66lTM7Hoise3LSHs41MOH"
01:01:11.614 [Forwarding screenshot on session d6a0bef0-bd24-11e6-8678-ab184a9d7075 to remote] DEBUG org.apache.http.wire - http-outgoing-0 << "AJ+WriS6+yCZtpGY4DEALJ+TTHBqOXeRc2CbHMn0BOIW6NNi9m0je8B89mcWMMhJ/6gpqq/IxBvolYc3Euwm+By1BxcPP+wBOnnwmpMF8WU1JvOpfvn/4A//81h1a65nsGznauJuVgDWhAwO5N6VbLoP+4KN4x1JWP8WqR3nkOCnYvLW7RQDN7+ZjWtmH/519zQA//iHP5eufs7uCXYkJEU1uodYeBAVGMnKwJYWSkd2BBF61Zm05VG4i4HKLIKiV4LnCnYb5O3S8SgCD91kx8fb8e9SyZGUNUR8V+8KYo907MesmRyAOXDp+2imHpLRz8acgzcLwWY6Sc5t9dUeqe8wbj5Je8IXkLz+XdxDDrLEhAdW/vF1LDuUwDEt9LIbwcD7hYBzy4wAVHL0u2SOVNXS+5cXsbmyjlmyQn1STSpjIy8w981tLHETcyRlZWP/xc5EBi5nzXi/Nma3koMpf2P99/vI1gJY8/qAt4l+awH9LYH7Zwn9dCWFIge8beFA8Qmui0dwcs12/HVnWbZxJdE35Xq58H+bnj9+S6YCZoVsY7GbLdzP42sVLB47CO6f4vNzcmAEe5YsaGE18vrsSGadm4WmSokGuP19NBMP3ST+g2D2bVhEggoggd7vZPLmoN6sydGPwfB3hhG36CBLWihJKjn4XSpgT/KiRuWKnt588OZS0rZ+A/eUgC2gQXYkhrDDyY3yMzGaNeP9jOSniKkv9SRFto9ioJfNCFYFx/CWCySsfZ3IGiD/HXpfHMqeTxIYSjEb/rECabG+rb1sRrDqzU94y80BqCRh/VtkdhxClxupJKmqeNiglPsVqM5jt0zNUOl4bICSc2cBR8IT4vC2gotJUlanHyVfNQFfGxVXLmsw95eyM8y3WUVtpYHz5CAcU1azN0tBREAz1Z+NL/H7G8tUl+wlJCoFx7GL8LfRkrY2HfAgdrteOZMV8xabcy+iIABHtOQdiCN2Tz4AHdvsbDl7EwvBaSoJa2cgRk7MW8tJTTnNNM8JiNuo68oTj4uAgICAgICAgMDvhWeiYNEAw6VxLPDuQl1dHXVY0tfFk962eiVFTztIeG8M0ssdjEr1Q4QtoZs3cOW9JayVnmQt8LC7D6u/+Du9bQ3KF+pa3A+AGhjq7dT4Waz/x0ytpByYNMq9MU3iwnh72PeDEpxogaXR3w8f9sOxp6BcaR9dec2jJzU3ZZRY+eP70qvEl6U1pE4cGc7U/j15jjpUtf8Duqvtr/r+WYLWLOYgsNh/JQN1Z5mXsw+AYT+qAEcqFXKOIYdJAbzpOZTN5zLo7ziMEQ590Nyq5uNLhVg5BBJgb8ferTMILa4ixDeC0T0g9ZsYog7MAoezrGwWo6Vnt45cz0km6/JS3N0kXCr6mj01FZBzmJXBY+iPmvSTyVzXTuL5Lhp2rh/NnEtV9OoxnUTfFyk5uYG49Pl8d3sDRW9P5Ea5jOIaOcU1MLqHMxU4YfeHC4031Br1ddRKXGu+J9TQ18duT+f7nKupwO6B3sXHGEVeFC/tTQbxCDZOeYUreR8TVwN6FalpFBVnOKgCt+4qxpJnFLukimJVITfUdRz84nWmGGLf6PsjJ/pwMPlVOzgaZErJUknCWh9CmzzTV+ldZy5c4P/9LYFB3KdQJScbOdn1ZgdaMc9bFhO6cBYJ9cXEVSTJYhpq8Xug3y8UP5wiG3siXuyNRinjEuA2OIihplx6xD7sNlIwXLkso7gG7newY4h7IIWyfWRjz5RBr9G32x94XXyMg1prQgZMxtXOlPWAkps1gMV4xvRqmWrtFkbR52ENn7/bMZnROXJ62U0icbg3V3M+I/pwMHl3tnEqOIAblw3yIzvDrMFLmUsB0nMnmBO3kgFbYujXfyTDypLJ7jyU/3UZho1ITuj7E0nQwqzBEUxyVJN0IIE5X/hRLb3AYhdQV8o5qJKD2JnRrYS5qifqZBQfyz42mbbSfyVRw6PaLC//7jBKXHjb4LpT+3MN0IVOhqGT2NpAve1b9VVK1eDazxpFuZxaXSd6OTvqt/e20gDEnrw2yJzNB4+hCgjBhtZQsnt9CpgP5d0Qb0CL07g5zMGtwfLlOTOAGr3LnOoMsXvycRw0FPJzUbfV2erbXAaGjhtuaJczEwIdyU+9wHUm4NxGXU88LgICAgICAgICAr8bnomC5T7Qw3MoPj6mzN2vsWbiEjKcp7Mj/S94OjvAqWgGBB8BKvlBAWHb/8V2qx85myPj75Efs+IvOxiVHQw1gNi02bsWkHQ2ER1U0gV7IPW7IqICDMFBNQqKKmCohyPUndFfq/9mambG/ea90SLQHv74KgPN4dyF/fzTrg+DB/sy0TKNw/fBxesdZvbvyc1LRzl215aZvgPrNWbtIj/j7xwEIoNPscbXAQhm2PNSXA6kNuQRiwGtGIm9HxGz4ci5DHxHLCPCS4KmWK9gmTp6GXO9qlmWUgUMYcqomYy3lzBjsCf9dx7nJauWjyjugyfhdvgEX+dfZImbH+cu5BpScsm+Dv275vG1Eob5vkb/e6eZd6kKekRwsT6Q7Kvj+ONHPkReSOC7+xMxMygwFs/IYOOremsR2Y4DDfcrytzKQUD65nHWv9IbCMbHei4vpZ94/Pa0OqKV7DqQDAzh2JrtjLIEAg3tVGpaLVU/Op2BUXO/5Z+145hZXAEWcyj9ZCm97nyH9w69cmXxlAw2Bjpz6ah+no7JNpE70Y+hlk3rrCpIbFCuhIzaxvqpAfyYF8/UxPUUk8Gyw2c5OrHRXamX01LSZr7MDZUFNnlfNyhXooKPs9K3N/lHI3jpwL4m98g7kwoW0xlsC9XXKrgOLO7TwyiHmoMp6zlVVa9e0oD1cD6YOgYzw65oJurNW0FR3CraR7Z2MiuDw7AGXqw6xkGZhjkh7+Fv6gn3noJCLdBZZCKxGdpTrMuRQ48ISlcs0Lfl1Sn0Xfsn5uV8geyNAMye07ewUT7AlTGMPlfGjXsSxk+OIP/7ZH7uO4uVQX5cOi4lQQshUzLYHqiXtxkve+H37nxCU/7JmyteN2xxQzj28W7TQZaNqFegNFeytEe5AipOHCkFj3m4Gq54TwvCMTOOqLkfMKgf5OeXIfEPw9cGtPKb3AEUiVHk11dhN5So6KW8cLv1NFeDUsJtqBfEn6ZUFYJvKxoWRdY/yFTD2PA/G1zcxLj6T8AVKJftZW/mGfJLNdiNHaO37bIZQlycO46OFiTNzeVEW92tqqYOcOje6D/Ws78LcI7bKnBuo64nHRdXwUNIQEBAQEBAQOB3wx+eWU11rViacF//ls7BCaeeXakuPow0eBtgiY577Fi8hDfmxnC22oIX3V2wA+hpixW2uA63pkJ2hKzi1gKCNr+nFnBjzCRrqvZFsi6jgFvXitm69F3OdujAAI+eWNnZ06HDbbZvPMy1W3J2REZyu0MHU5ULPIIxAwcCt8i5AT9eOU8NVrw60AMA1969QfcDcZlpZBUkEX/hR/if9rsI3a9RAdZ4v9h4gk7/l6cwjFaCv+rq+BnQ/qKP7VKt02tz9J8deCNgDHCG1z4eQIeFwwjaeYqXRsxhfC9Jy7psh/KmDWRfzKaSYtIvVTHabRLDqCKrVE7lD9+RDczy8abyWgHZQOSr442CyNoye8x0QE7O5Ur0Nl7OTPYy7Yrz451bgD0B7r0brg0aGUSDh89jtKd1alBrgR7DGdyg8LBl1MARbZRpjoTnJd30f4rF2FhKqK4sajghpzBvLUGr5xJ5Os9wRYXKhFLtyvUrhr/GsGRqANZAf+95LOmhH8FjpXlG0WPgf0fPwL2XF+O9nPnXv84a7j+Jmb69ARj08nCaekPJySyuYthLw/TuQAaFSeFN4wgcWgrzk4k7l0z0uWSiz+0j+vsztIwMVH9F17Db1On0Cqm6Wqi6upugj4IIWjuXoLVzCVwdQe7DLvr76h6tUawq/4FjADdj8I4chvvSYbhHjmReGcAdffBhg/yMHdi7oVyDEsjQRi3AL/oW3ij/AYCkAzP09S0dhvtH75EN8FMF1RgUZxbuDHiEcqWeqOFRrPRf2fC5fcqVRiRdGrUAitIyFAAdzTAzRGxV37yJQgt1D2oxQ8LYsE/ZtX8X"
01:01:11.614 [Forwarding screenshot on session d6a0bef0-bd24-11e6-8678-ab184a9d7075 to remote] DEBUG org.apache.http.wire - http-outgoing-0 << "sdJJSJS5xGw82mZaPXYunpijpux2azGeFBz6Mh8cJzHNu6UGRqeupMYwqsqi85RrAcQ4OtoANehoahemrVahVCoNPyruVlWiwQ6n7o39rZcCvbqt9bqedFwEBAQEBAQEBAR+PzyzILet40bwykkc/WQtr7iuBWD49ElY70vlTKEFy3dEUBYcQ9ArOwF42H0M29bMwBxwGRZIh8P7mT+xksNl25s8RIlpdlIKlmChb8nEuIPc0C4iLnQqm4CHD7uzOCGdBW4SYCax074lPFFKQCI8dB+O/UP9G3ixmeiRvRGoxwO/PlaAFUtC4xuuWvQbjsv3+rgPv1Re5UfDdWV1zROo8yye2Qk1g8Yn8JNLFl+d/Ib0kpPsuZDAngsJvD72aw5Mbn60rS2jfIYQmS7j8HERe4DEcW9TWZFK5IXDDO50FJhEgIsECgxFRE1bKhbprQ6s22HEUE9TdaFxkNvHaE9Tc6wmtWt+AUTiJm4FNjYS4FL7G1lPg5VXY203a/SK0E6insxy6o9GJ8HsFxMt+eVBQ9nGUTPHrH6sdM0saprUYUjTaltzHkRzPZcEIG6g/nQW296DGcY2sn/8gSr8DIowW1ZGl6FXGRiO/NaKH9vlok5dwR7lGXqJ9bVeZyhrLJzwtICDqivc0IJt80orD+O3YgmdBnzGriF3AehlN4k3XRzQGpQycy2sABte6ETDGmqvBVi98uX1AdMZ3Kl+qkTMtTCHji+2CBjeXowVKu1WrqhKOacGV/e+9Rc4sikVnKaya+0MxIBWfoDZy/ewL38US31ns33/7IbifXxnMz0rlcSSy9RGhLWapiRQr5zvJMEa+KmqFkz0VFtyGpkG/KeNMjkOzhPCWDUBtCV7mR2VwsEzk1nqb+JUIgP52xYSl9v4edHqRZij5NKNarwfy7Tkyceloe8CAgICAgICAgK/OU+vYJEEkFHWdoBEn+A4rr6+jFvVdVh1dUBiDsTEGVIXkFE2h8pbd6kzs8LBttGiwPmNGK6OX4YaM5raGdgSWdD0nn6RGZRF1n/qTVhCBvMqK7lbB10dbI2iTEh4I+YQ45dVcrcaHByM3Zreo6zsvcfr/38pz//Jjz5/gPPn9lGgBqjFwu5VZro781r/rpQDz9n0RAKoAfP/EfE4PkKWFjaAnNNF1xhvcIu4dO4A2cCw9lRgeCjXnyJ0iw3r5/J91/c5MDdOf5Rtxde4f/w+B8+fpmqyV4sjjAcNfo1e6SuYt1cOjGFYX2d+dPGAnASkGLnj2NjTC0g78z1rvN8wlNZw+Lg+yGk/B1sabfpNY2Ot72vhlUpe99bLo6Iwi2ygPoJJu9vTKl2wfg4o+54CbXBDLJLs3JPwFI9nVjZdG/4OmrCdNb4OVBVvZemxH+jfw5ueJgyEXujlDJwBUtlxfC5rXnWj6urX7CqrAmCYiw+2DeoTZ3xfaFyjf/rTEMiRAxn84+hZ1gQ6kX54f4MVDTQez+znYrh5Fw/esIPsshj+d3dfDgQF0IR7pVyuAZ57PO9As05g6/UeD7e03DPqfIcQ9d0J/px0mKK3JxqlaNj5z1iygRAnd2z7dWYY27jZeRgRQW805Mo9FMFnl6rxewy3unqbDUtrvWWGy0vziPCuH7trxKxfxuWu3R+jhy15HKsVAGz64mUOBUVXoV5RYQZYPt+gzBJ379pwWZ62nrXHzVgRF2aIh6LlZxXQzZaKtPUsayWtwSGnSkUV8EcL00c8lZ49BbgwYpCxzKvY++H7nHGcS9xCfQBZcc8e+v9zHqEgdZ/+KSsCdYb/SDvR0/4OB4FyRRX1vjulZ8+BuRd9Ww8K81Tj0sZhVgICAgICAgICAv9mnp2L0KOQ2OLgYFCutMAcWweHJsqVxiQJEvMnCzprbmuLQxPlinG1ts2UKwKPwzjPF0EnJyXve7IufU/Wpf/H4e8zuAkM9HyVK7crwdyDUG8Pnu/yCvO9e4Lu/2t3/YMm/JXXgeivXiV091YSdizGZa8+/kq9i1BbD8NWNvYApBxZyfacMnQ/yzmYM5+5u78mt/QsO7/Lohhw6/si1kBlcTy9F3qxodjgnGLvT5Ah+Gev/sPoDwzwaFTtvFHvjtPrNcJ7QHHx+wRu2kFu6SkSNs1kXlkV9JiJ5yNcMOqAQSPnMhqISnydmOOnkH2/jrE7kptmbG97mtE4RrbMmTwdOIFvVAQHi8+yc0cQcwxKjXpqWy1fT1PrEvO+M4kzPKtG7/DDb/VkPL+IIelSKlFn5FiIgfunCHrHiSm7T+lb4jEVqaEv0Xsn0uEdLzrHvq93lcGDjya2fvqQrXcQUsMTaNyBWXRc6MMUmXEki2pOnT8DTgEMMur7kvAdzAIOyubTYWkQy3ZvZfuReJatn0yHiGCStICdvUmrBm2z33W/AMj5e9I6ZJWm49cMnbqGSAsovrCEDpGL2XD0aw4e3crcyD8xxxDDZkWgM1h682cnuH7pffy+iEdWepadu+fim76Pg0qwa5dBnV4Zdf3cZyxL+Robv7cZDUQnjmbpkQxyizNYtvp1Ii+d4Z61E9b8O8NMiehkZmydZUHv3uZQmMzeHDkqVTlpOw4BYN+9M92et0CtkLF5SxbKahV5B+JIUYDTEDd6tZFWP2/Vt6+hQYJTD1MzWU1RkRKc3OjZxKrIhm4WdSgyt7M3pxyVUs6uDdtRY45rz7aVj1aOzni6uuLq6oqrax+srDx41QkKE78gq1yFIm8Xm2Rq7Eb4PEKN+eTjIoRgERAQEBAQEBD4/fBMXIQE/suwHMlgG/jph5z6My4MFHLiWjVzeg+k17erSe++grGDF7B+sCH5Md7GI/bhwN/2sGzDu0TLYtAfXTydAzn7eKWf3t3AWkSTJ8XORsXN+w4l0gaib6Yy75/WXInYxrUv3iNB9j5JMn2eYf2XkjzTYM2gq+Y6Vfz0oP5R0IEJvkOI/u4M41/Sv9W2/pMfr5PAQfF0xtZbRyBh8fsZ1G18B+mFjzl2obHuxNAwHIGrplV8AHq3GMsAdklXMzthBZF7g/Xle3jAzUIjl5X2tqfpOIiNxqjPKzGcVGkZnr6PKV/sA6wJ6e9B0qV6JYFZw9tw8XNmgBjHztagqmrYKSytHQC5kWeQhCWfZMD6d5BekpN903AssN109kijqD8s964WauvHVuzG+k++5o9bI4m8JAdtVUOZHX+Jwr8LRq5OzcfOmfWfHeaPG1ew+VIh13FG6j+A7wzHF6MpZLsSQmY0O8rW0o/df8sgYO8GNpzLIFp2piGpl80IlowNY9ErXoa7mWOsSBIbBrK+ywMGTsHtXAwHLyRwuZMPRcGmFEK9WROdgWNSFKEXMpAeyGhIeX3ASqJDgg2WCBLmfnAc7RdLCC1ez3CDKY5+LCKN5Ke5Isf4mgO+L40A2Qmiv1vNywEF7Fu2gaV/X0Lc4cXU2wrO8v2MTZO9gMoWa+fXwwb3l+1IT89CHuaLM2ICwz/h1urVpMQtJ8XQF/95UUzpI4Y+QYSN/Yn49M2EZeprcBkbxooZrojp2WpaPUVnzwGu9DRpLaKjRg2SwU4tlBIBoR9yZfVaUuLCDW2yY1LYCgIdW9bSNmKmfLAC+Uer2Ry+UN87l0lEhLQVH0lf7knHRUBAQEBAQEBA4PdDh4cPHz78rRsh8J9D0MawR2cyQmLpgL1IQ+m9uy3SdhvFbmlO1dXdvL2nkIWhMfoHbkBTGk/HuPVEzjvFGm+HVss2qee+GkQSrA1Px1X3blH9C4g7dsXW8tkex625d4vbD8BS8qR1a6isvMt9zOhj+ytaV2nVKO6qQNIbx2cYcqjq3i1UD3SIOtrg2MWENZop7leieFAHz1m1q0xlwTpe/Ucm7g5ODPZbwhJf5wZ3r2Igcl4mix3+gFXX3g1z3hLDOOuebq6q7tchtpS0cci1Aa0ahVqFTifCsqtDy5gs9TXeu8Xtxx2/Zvep0plhbdSfyspb3AcsJa3f91dHJWPuwni8pPGE+TbacVSrlNTqoJOdXUsrDG01qhodiCywaX7SV2tp2otIZ6/GZl4sHwb24Umob1NnO7unPgJZpVSiE3XCzubxbEyeeFwEBAQEBAQEBAR+cwQFi8Bj8fY/Iqmq"
01:01:11.614 [Forwarding screenshot on session d6a0bef0-bd24-11e6-8678-ab184a9d7075 to remote] DEBUG org.apache.http.wire - http-outgoing-0 << "be2EjvZj3cmKTf8b3Wp6VXE0nb/YBjaTSJ7wGjbVBcQcSCAba5LDc3mr77NVjgj8h3AvA/eIxQ0xV9xs7ClWVRg+eXDyb4fwF+JU/+7I2zKX2OzBxO9c+KsFZC3ZJSUq1Y64/RE8tuGJgICAgICAgICAwDPg3xeDReD/BAtGvIl1p6fz+rfuZMWCEW+2ncdNyrFRk0CVypwd83ntQALZYg82LvpGUK78N9NlDClvLm4IdNygXLEYQuJfNgrKld8p3gtXMNJewYXyX8svSUlBuQ1zPg0VlCsCAgICAgICAgK/GYIFi8DvG60ahbq63S4kAv89VN2rpPqXOsTPWWEryIaAgICAgICAgICAwG+MoGAREBAQEBAQEBAQEBAQEBAQeEqe/hQhdQHREdv4SdwYcE8stsbxxSG8HjyG9oUibQXNLYqvgJubqVrUnNq9lT1ZP6BFgte4mcx7w6dlwMlrGUhXnWFOXBReLV5yq9kdEYFuxscEewlHNgsICAgICAgICAgICAgICDwZTx+DRatClpFB6sk88vL0P0f3JRP3SSh+k+OpfOKK1cRP9mPi9iITaRp2Lx7Anz/cRBkSxHdPEhcexMzorGb5bhG9aDGpJzJRmnT91yLfl8EFZZ2pRAEBAQEBAQEBAQEBAQEBAYF28fQKFjHcB+Z8fpDs7Gyys7MpKLtA7LR+UPhP8p9cw4LmPthbW7RMUOeRnAHub39JxvY4Eg7lEhsooXDbd1wzynY2/n0SL3cALBG1dhNrsLbQB23VaJ68rQICAgICAgICAgICAgICAv+9PL2LUD11xlYgEsbPGEn4/k1cUajBVsXuqFV8uPMkAA8l/Zi/IprIN7zQXMsictF7HL6sBsBn2kd8FhPMT1ulbLrdAXb+GS+5lGO7w2hw4jHrgv+IEdgHeBoumOPYww4o5aYaektAU7yDoLiz9HPvjryw9WaLLeDskTVMDt5HUYcOSPpNZN3maAJ6mwOVHF63Eummo/p2dx/OZ5tjeMPNFnXBVsaFnCVath0/CaApYPHQv+D0+UEWWH7L9JBtmPeCoqLb+Eh3s6zncRYt2cbtDh14+LAf8z/T9/8/juoStmw4wD1Ro8rKzLIL/dyHMdrfFXEbRZ/J7RUl3BC9gKvdY95Jq0R+HZyd239IrLZcRtzm73Gdu4QJzoaTk6pL2LLhn9z743BCFwZQf55SSVo8/7xshxuFVPabSdgE1/oWk7VlIyd/6sLMJQtxNRTQyo8Su72EMUvnozq0kXP3aKYE1KGzHEBo2ARsGnvP0S2m8urz02Uwgb2vcaDEnvClE2h+1pO2PIvYpB+YEh7W0I5HD4KcLav3Yj8zlAmuNk2uJ8XuxXZKs+smkKfFs/NyL8KXDufk+g3oAkOZYqJMY76WbX8a5LJdbN9/gooHEkZMn0dIoGvbBVRy0g59Q3ZRGXfUD5B068egV8cyLdCzffL9BLJmimr5UTbuPQeiZpKh68IUI1n69ShnV8wuFF18m8i6KZ7V3Bmvb/nRLexsRZafFEXOLrak/8zMJmtAwYH4XRQozZgYNp8fvzKS0cecy2pFHqmHMsgvvYb6QUfsbZbaMgAAIABJREFUXYcw9c1peNqJgWrS2pD/35bW9hZT+9C/CxV7V21ENGUJU4yEvbo8h917s1DUgKNXAEFTfBvko620x0Kr4OhX+zh+vow7D6BbbyeGjZnOBO9f74yqZyHv8rR4dpbYsjBihnCaloCAgICAwG/EMzmm2RLQ6HSABo1Gg7qymMRtX/HwYT88+0o4LH2VFcnnkcbtJjX1SxYPvc+29yPJUlcSP3s+qebT2Z2exe7Ytzi7/xNCtxbQ13cc/R4+RDL8bdb9dXjTLxzmbkRu305wfVAV9Vm2bpODxzi8JQByIid+zMPhq9i8cjJ6GxvTiCyhaP9+XFYmsHvjB9jJU5m/ai8a4FT0W0g3HWXiBxtJTdnIdMsTvD/xLTJugfZ+BRVVl6ipdz2qVlFYVcH9ujq09yu4rL5NYWF/3p43jeG9rrNoyTZ6Lt5AelYqKyfdJzF8KhlPYd3zm6GroqiwkPySy1y+fJnLl0vIlWWSHB/FvFVp/FqHsAJQnUekNIq00p8ftyC73g1j+YHSxyoltobLZYVkF9xouKYqOkFmYSn5mccoa+iskux9MkqVv/DLzVJkh7JR1SdpyziWmU9pYSYnipQN9VwpOE5hWRl00nHtXD6F+fmG8az/kXNNWdviYednxWXkhnHPz88nPz+fEkP+y2WVVF4+R2nudWpN9Kfmzg8Ulsq4o3uMQai5w7nSQi5X6VpcP11o4roJ7lwvMLRJx+XcQkpaaUBjvmeHtvwAy+NTqXEcjI+9mvTEGI4q2iigyCJs4XKS03O5Y+aIl1c/qMgnNXE178bL2nHHJ5M1U+juXCO/yVrT/xTKy2jHsD81qpxjpOYXkp/5JTltjRnPaO6are87JZmU5l7nWXb1xvkTlJYWGK0BFXs/jGSPLB/c/PC2M5bRx5vL6pK9hEhjSZUVYubohVc/C0pzU1kd9i5ZSgAd13MLkT/WAvx38Tj70L8DLVnxq0gpLKSiykiqVDIiw+PIzFdhYaYkc08cS+rXZVtpj4WSpAgpiem53LGww9XVjjuFuSTHSlmf9YiF8BQ8C3m/U1FKaf4xrqoenVdAQEBAQEDg1+GZWLCYA/tDA9jf7PqklUn4STQUv7aBDVNcmOjXk8pbP+I1wAMyytBp0X+ZuH6Fi6U3Gf1KKOmpUzGz64nEti8j7eFQDx8CfNxav3nlKRaPDuYEzmzYMAdzICPqHVIZweHtQfQuWAeAWSuvhHT3QTJtIzHBYwBYPieZ4NRy7iLnwDY5kukJxC3Qp8Xs20b2gPnszyxgkJP+XXbDF08Tr7ZXHt5IsJs5VGaRDNwoK6FM6cK4ZbsYNBde+E+MqyuCB4D/O58R5m14p6lVsGt1JKmFyXx18WVCPH+ld51m+ntbdur02EXrHoDE8jHL2bjzsh2kF5ehnaG3zik6X/+wVUZ+qQpPTxtQXaVIAx6vDsG75l8c2lPK1WqwsYLq0nzKDCUKzpSCrx2gpfh8GThOxcMKijoCjGTD9oWPeHNpw4xV25kBQDVJYSGkPxhJglG5vC0nQNKJTgBaLRgFn7bxDmNX0nzEj/N61CDgZu29bqoKEWAuQoQNobuSaNEAQzstOnU05Ht21NyuACQESxfiLR5IwbRYSq4qCXQ0ZZGgYtffNqPEnEnh65jtbcgTpmLvh38lRZaMLMgf/0eI9xPJmilEABKkCdvx/dWtVZqj5WR6tuFvDWlH8ghc6G0i2zOcu2br2zd0F4OWip+pVZxI1NHoUzUHVv2VlFINLlNXsGqG3iKyUUarH2Muy9kWkwI4EhYXg7+jvtVBF3excHUqX/4ji4AILzBv7F+z5fmbI2r3PvQroy1n1+rVpJbqrVqNZSrv0CGU2CHdEoevDeRsCSMu8xB5wf7QRpp3Q4dUJM1dSO3cLYT5trKQVaWcVoDLrChWTTFYu1Vf5MOQ1eR+c5LqgNm/yvg8C3n/9yvCBAQEBAQEBJrzTBQsGmC4NI4F3l2oq6ujDkv6unjS21Z/pk9PO0h4bwzSyx2MSvVDhC2hmzdw5b0lrJWeZC3wsLsPq7/4O71tDcoXWg9AW3l2B6/P+pgKhpBwPIkxvc1RF2wldOdl8BhC4de7Scs6BNRwIH4rTJyJn3Ozo4RqYKi3U+Nnsf4fM7WScmDSKPfGNIkL4+1h3w9KcKIFlkZ/P3zYD8eehjONbAP42+o5vLtiG6FHE/W9D3ybdTHv4dbiZKP/EHRG79nEjsxe8R6XZq/m9KlSQjx90Srz2Ba/GZnhS7LjoKm8I51BH7GKXR98RHkPF1QyGQrA3G4Qb38Yodc9oCAtfgvJMoMiw9yOkbPfZmFgd3ZFxKIGZLEhKCetYNWkjiTFfk56qbLhHu+aMI0u2RtLur4gb92cxN/XzqYqZy+fb0pBoQGQ4D/nHcImeDYracOggY6kp1+gggn0QUG+TInjyKnYZadw/sxVQjxtUF0tQok5rw/oQ69aL9izh0tl1Xh7WlF65jxIhjLVq4wUWT4K/HHUXqG4DJym"
01:01:11.614 [Forwarding screenshot on session d6a0bef0-bd24-11e6-8678-ab184a9d7075 to remote] DEBUG org.apache.http.wire - http-outgoing-0 << "ejV+me74uF+NdQ1vOmvB6At/R1CfJvaD05SWqQEJIxd9wMIAZ6pL9rIkpphFf1+Ft42KtPVrSc4tMwzzIOZFSBseDJsjEjV7yDSzwPhRtfX5Ni6kYv9HH1E39RNCvG3QKnKIi9lEvlIDEidcJEowq19vrcjBgDt8EJaIk3QdC/UCgyovib/GXuKdLWvxbvbMJLLoDKhJ+fIoKtFx1Jjj2rez6SFV5HFUAXYj32lUrgBgw4yFszmz8jiaO/WaM7lJ2asyIWtNm9SafLfutiQyqcVSsffDjziDBXdKy9A4TmJL3DRK98YRl5KvzyLxYNGKJQT00UuH6mIaa9clU6YBMMd/ToSRK1vz6s9wpFSD01Qpw8o3kZx5GPlCb5wNyW3PnYqspI1sTjf4ZkpcmPeBlEBnG6pLDhAZc5wuvUWUluqtATwmSQmf7cL+Zut7pugwMef7GMbwUXWewtHVkvx8/bg6DZ3DB0tbc2sR0dlCy9GYJewp1OAyKbxBuWIsoz5lcY+Yy0aqL54gVwMec95psoZsPKcxz/8S5zpBtWEuS09tQxqb27j3RUjxdRS3OW4A5a3uWW2tZS05bchEC1rdh0zJ2zgKHjHPdq4WFOaXAeYMnTUPz5+/ZXO6/vOgqe8QMaOl0k51Zi+ppXUMHTmU3MxcI4sOFedPK8BjHvW6Ed/xgcRlJnO26CqiVtNUeBspU3R1bX2raMTMeCisPJk5ZyRpld0BuLhrFdvKu+CokpGvAMydmPXeUqZ4Gvakttaa6iJb4raRadg7nIbOYunSKdw5FGsk723N26P27n70/L15oAkICAgICPwX8UxchO4DPTyH4uPjh59fAAF+Pg3KFbjGmolLyGA6X6Z/T8HVqxR8Oc9QqpIfFBC2/V9cLchi98aPGFJzhhV/2aE/fagGEJt+R34rax1Dgj6hZshijpftZkzv+vuJce/eD2dNJglxCezLraBDBzWpCZs4a+IoIS0g6dyl5Q0kXbAHUr8zOsVIo6CoAoZ6OEKdtv52eszMmjki3afeX0ZTWYzS0o+9ZWWcyUolThrI5aOb2JVzq+2B/U9C3IM+dqAuKEJFOXFhschKJcySRrFi0STU+SmER+yiGqirUVIok9F3VhjhYZOwVuYTF693L8qKkZIsu8akRSv49NNwxjo/IDNxEznVNrw8eSwALmPnMXO4JVuWLCe91II54VFESaeiy09B+uGBFm5KPb2GYQeYu4zl7aDBPCffS3hcCnd6jyX80yjmjLRHlryaVWnyFt1y8hkEyJErAUUBucCQ0eN4xcsc5bnzVAM3i4rA3As3OxD38cIDKCq9Aag4f06JZLAf40YMAQooUQIVlygFfAb3aryR8jT7046SlpZGWloaBw5koXiEv5Wo2e/GT2oqLEcQvkLKSKc6Mjd/To4KdLWVqDUV1ALyvWtJzr3DrPBPiY1aRG9lPvGRX2LKsrwjUHR4G/Hx8Y0/cbtpdHhqe76N+blCyc86HaBgozSO/AfOLFoRxaKXzShVGG5GG3LQqS89zDVkpp42zLOW04fT0dj1p6+Jhworz3H4S6AsM5HE9DLGSqMJbEWJpLpxGQ3mTBhvwlLDMZC47WsJdLYClK3K3vPNZK15iO7W5dtkkwA1Zw+lGcnFAfIU+sw1FUoUpWV4jR2Jv3sPru/9iLiUfAZNDePTT8PxlxSyOfwj8lSgLU/jr6uTudN7LCs+/ZRFY52RJUexXmba5aHku0zUmPPqcF9GBwwDSvmmwT2i7bnL2/IRm9ML9e2ICmNox1ISl3+ETKmXQaVGSek1G8KiPkU6dRCFqXHEHa1ttr6dqP35GpqKn9tZp4L8fJgXvoJ5Y10oy01mf54paRYBCnZ/9C6J+WpwmsWq2U3nu15Gm+8bJsKtN6CrqQUkBLzcp1mKmMCwVXwYoo9hI+oIitxceswKY0XYVP3et+UI2kf0UdvGntXWWi5pQyZM0sY+1FzeStsxz4X5liwKD2fqIGty98Sz+XwXFoVLGetiRn7KbvJMyL3NwAXEJ+1k6Z/9MGVnJvmjkXLI+nlDnl/aSNNBtYKSEjnl8qvcA2p+LKVcLqdErmjp1mrTl5cdoTA5imlvSYmJTyJNlke30QuJMMxjXY0SZaEMhd0sPo1dwVj7CvasXqWfqzbXmoL491eTWSpiljSK8HkjKcvdw7IteU3kva15a3vvfgDmXbBuZXoFBAQEBAQEfn1+pSC3xtxHDeDghFPPrlQXH+aj4G2AMzrusWPxEjKc57BneygvurvovxD1tMUKW1yHW7NNdoSsCU4EuDk0VlmZRej8BB5izdyZXpQePkwhoNOZMWh8MIeygxuyqs9GM2DWEbZdyCagVWuR5m3XAm6MmWRNxr5I1g23Y5aLiCOx73K2Qwc+8OiJFfZ06HCb7RsP03eOC7J1kdzu0MFU5aA4iVQah498I58tGI7LCz301/+P2fOaiYAH8HPJafKBSVGfGIITurKGnwjbfILzqnHoHoD50DDCpvjrC5aeIDb7Oj+jpccri1gU4ESAtz0qZSUuzr1JL1Si00GfIe7Yxadj5+7LC1XfEqUGl6lBvNy3GzpGETT2DHHpRzijmtLEjcPK2ZeBkkRO27nj6+lM3pbPgUF8siqEPgDOK6gtm03KvhOoJjg3eUtt9YI7jqRSclWFa/UFwAWvPlZ0G+IDuecoqp7GzfNKzH2CDF/m+zDYAxLPl6EdV8U5NQwe6IKVqxmOpHLuggJXSgAPvPqI0WsRAdSkJyca3dmO54cH0IouoA10wFDWfDgbO8CDIjJXnzOkiRr+faCrA+q4dqmc/i8PICz2U6pE3Vp9Q19VUcbV+0YCq7vT8Gd1m/M9G1MOFtUXj5ELTFoaToCrGDxXUFU+mz0VQJty4Mj46S7Ikg3zTD6HSmHQvNEm2q4g6YNIZGqQmINaY07nbtYoctI498CJ8QHNgjKLRIA1Vg1PJyq2hC0ks0GTZM7Y8L/zZqeTZLYie8XdNjSRtaa0Ld+tIUtJbvLZ//mX8XYUoUO/jpaG+OvbOjceHMcyY5Q7olqY/OepyFancLZUBUVH0SBh9lvjeb6Tjh6TpzD0dCG5h05S7d/c5UHBiW9KwW4sA+xA3HkYHmQ2uEfQ5tyVk5WpxHxoGBEz9Ot7abSIuSFxZJ4uwd2w9c365EP8+wCuUm6emU1KxklCYxrXt6ujFXn6SWl3nXNiVxHYB/CWkJ0eTk0bg1pWpsTcHDRlB9l1cRSzPVtadDTfN9rizo9KaGLTZZr6vW+pYe8LLjpG7NkKfn5EHztVnqK1PWt4YGtrWcX+Y2WtyoS3SReZ1vehpvJWTsy0dsxz7IcE9AGtWREp+elMfUdKgLMYrVkR6avPUWtqiqxs9HtptY4HzZJEgPonY61MY5620lRF+4iKy21M2hNHOADmhG3Z2cztz5GQuCTcj6aSdfwM+bJ08mXpJMeD/6JYwgLqlWhD+TBiCnaA84q3OR0SR36pkk6lbaw1l+6cVcPI8A+Z4m0DuBKFBcWYobtW3wsV2W3Mm18be/dNUUd4plGLBAQEBAQEBB6XZ6JgsWwz1Y3glZM4+slaXnFdC8Dw6ZOw3pfKmUILlu+IoCw4hqBXdgLwsPsYtq2ZgTngMiyQDof3M39iJYfLtlMfiaWy8BxFHTrQATVx0gUNd3r40J0do8bQYMwCaOsMLWzFGkCM3sWpSW8s9D2aGHeQG9pFxIVOZRPw8GF3Fieks8BNAswkdtq3hCdKCUiEh+7DsX9Yoa/TTNRkVMy95rHx7QJCN4Xyyib9tX4TP+IvAQ78X6JGDUgseK62BjCnR/fGh5ZOEv37XxFAHTi79mxWWoQIMd27wd7Pw9kca5xmZyhn+MKsq6WmSv+mrzRlNQtTjPM6mjxhR2f43fSO9Yhx6W8HFSY6JXZhiCMcK8rj3E+F4DJH7ybhPhA7ZJzPOc1NJfgEuzQUcR3sAYklnMkxQ40jQ1ysABf8nGDPudOcFsnBYzZN3nVLRrJl+8JncFLHAzC3aOhbTSt6T8/Z7zJV8TdSUhPJTQW9yf7bSGf4togB8AAYtiiahd5GD6HaPMJm6ydJ96j5NoGuTv/G36l7/d3E9O1j"
01:01:11.614 [Forwarding screenshot on session d6a0bef0-bd24-11e6-8678-ab184a9d7075 to remote] DEBUG org.apache.http.wire - http-outgoing-0 << "h/6c9bbloM/widglx5J5upyeZumocWTs8JZnZiiO/oP0Mg1jpVsI8b3DqmnL2bN8MXvQgOMkRjVXsACgpOxGNb6uVoAFw6bNwVYNotrLJKfkUqvTPUL2TMtafR/blG+TSJBu2U7LZ2FV03VUfROFGlCnE74wvUnOm6VX8UEEKElcHta0mo41zVzMQFtyEpkG0KQTNs2oLsVRviufxvC25q76DkrAZ0jjesCqL4MlkH3tDhgevK0btG5iXNzt4MTP1Bqt7yYtaledEro2KMascTRvVF2aYui8WJYG6lg1bTmpq1fTP2kt3i10LG3NZVO69XAErlFdC80XsfKijOKabgz27d5y7xPp/xE9qo8WRtkB4z3LtbW1PM6iTZkwIVRt70NN5K19c/K8YU5q6nSAHT0MMlO/Lz2+YyRI/mjcOlGDWqutNBvfUJLc52NlVkX8PCn3/xxLxLBuVNeZYdU8JJSynNIfwTtwNt6BswEtCvkZ9m2KR7b5c3wGxwEPwK5zY/uteuJqDiVFV/ETtb7WKq7+gAY7Bro0ttM1cDauQN4Ww4VHrGXPkNb37h7uLtC0iICAgICAgMC/madXsEgCyCgrazOLT3AcV19fxq3qOqy6OiAxB2LiDKkLyCibQ+Wtu9SZWeFg22hm4vxGDFfHL0ONGcbGJ7YBkVy9Gtmu5tn6RVJW1lpeWyILmrbdLzKDxuy9CUvIYF5lJXfroKuDLY26GwlvxBxi/LJK7laDg4NxxNr3KCt7z+izOWPe287VMDW37lZjZtUVW4mRFug/kWYxOaovfkumGpxGe2GpOwFouHtHCzb6L9T6h3D9l2AdYGFlyohZwbblmym0G0p47Ju49LGDvC2ExJ5rmk3UCZHBQX5k+BYWGgJvVCvyOFlQS19Ttvx1NBx3q9M1fy8KP95SAi4mHqXEePm5kLJnF3uAQYsMR2tbuTPEEVITkwFHphp9YXYc4IuEzSTvApxm4WJlqGeYB3uSU0gBhi5qGfvi3/neUSW/wfMB77I/wpbyknxOp+0mNWU7Z0b5mgziqmv+0Ftj9HbZcIJYa/Nt6iFKZNYJUHPTqMydn6oMUXMfIQdW3kwYZE7ioSSSKMV86CI8TVj63LisBBwZ5GsD2PDhlkXMXbgZNTAyaFyLQJU2fd2xI5PU5FTGrZ2NDWJc/SfgCqDN41CK/g24yKJt2SsykrWmtFO+20mTdWT1PHbmUOq6iP0RAfprWgVZx0ro5uVCzSE14ELU/lXUS548J4ty3fM0j0iTnXYCcGRe1Nv0MSgAqDrH2tgUjhw8w6iANubOyhob4OyZUsIMMXLQ/kiZGpz7dQdKgaZ7341yJVgPabR0ah7vp111thyb1kfNDj9fvXpzSdRUQqJSiP0oiS1xIS0VC63OZVNsur+AhEz27csicGmAUYqS/evikWkG0d93Qet73yP6qLve+p5V2epaXtOmTLQ1Qq1db5S3x58TePCUm5wIi46gLitDizdiQHujDCUw0KITZq2miQAxVlZifS80wHOdQGyFlYl94/rJzaxOKWNR/H4C7ADEODr7ExpURG5sAbU69LJapWvc26pvU6YBV/e+6IpaX2vduxUDMi7d0OLtqr95yYH1/LPClZH1lT1iLavkRa3u3QM72eM/q/9vcKS2gICAgICAQD3PJAZLu5DY4uBgUK60wBxbB4cmypXGJAkS899WGWFua4tDE+WKUZrEtplypa2KJDg4OPzHK1c6AjfPf4csK4uso0fZtWUVIatTAQ/mTHbFZtAIXIA9a+PIU6hQlhxlbXwumLsaBd9r/k1bh45a/VvnLg70tO9MrTyL2NhMoKM+t8Hk/+b5k9zuOhAPIHPzRmRyJaryHDZExpKcnElViy/NNrzgao666BQ5ciUuPoOBfP4WfxSFSsXFtPUkFoJjoGmf/15eXui/lUsY6lZvKWHFYD/DQ4rjEIMSxYCdG17moNaAx7DGQLZ9vHwNMiRhkFejxUW9vudJ3uYa/zZOedRzzNVj24mPjWRvXgXdevalexcR0LE9z5J6jPK1d76N22TlOQwPIGXTNi4qVMhlSWzO1xhyPkIOAN8JgaAupVQNr702zGQT3X3cAQXb1h9ArihH9l2e3l0RyNz9JRebx2Sy8eWdOYOgLJWFYas4kJVDSclFstKS+GCePgCrSCTCynNEG7LXVNaa8uh+PT71Je1w95FA/pdsySpBpVKQti2GzcmJ5FeBi9/LQCmJ69MoV6ookSWxPG4zifl3mlrxVOfxTb4a80GvEejqjLOzM87OfXD2nsxoJ1DnfkuZU1tz54zvIHM0uYkkyUpQKuTsjf2cMsC5f3fDTTR8GZ9EiVLJxbT1JJeCR+DLWBmtb7miPkiIrp11Ph71rilWrjNYMckJFOms2pLTLFfTudQqcohfFcNRuYnAIY4BzB3piDp3M9L1u8grkSO/KCP+/2fv/cOirPLG/5fX5xkYQQYlbdJGN6BwuhAJeVBBDX2g1Fqz9cE1XdI+RGk5j+tYi7iCUWAp24rrjgkr+ikyjSQ3YgttYXWeElSuiQVimzAH0wmdxFFnAgdmry/fP2aAmWFm+CFtW92v61Jn7vvc57zP+7zfxznnPud9Nj6P2gKxa5Idgm/37fvop47e+iyTR1/2bhOuDKwf6pZ9+NukfwKY+4to0JWwu6wOo6GO3XtKQBzLg5ETvdxznG7wZ9ryJGIneT4ZKmzWfyEB8hVKDhxT09jYiLpsP8/lqkEShW0uXQKWCnYWV2EwNFG8Mx8DEsJDR3v1NUnYdKKB0h27qdEb0deVsedQNec7xfYJRivWfnzZW9996XI7XL/cJ/aVgICAgICAwL+O4YvBIvCTQQToKg6hqui+IkYeu5jHnkjG9lIunLStqeRkF5KrXG1LIo1GmbmBYIyIcI16MxIC/RARxiPLo6k/VIIi2bb3Qh4bjbhaQ4PWQHxcKLNCxJRXFJHdpqAwV0FOjgpV91JscQipW9NwFy0hJCoKNNXkbb7G1sPZZCxvI+dQIUq1Ld6ALHYlmcmupwjZ8A2OIlp8CE3gLCIcZmDCoqYjPqTlrplTXFZDSJk2Q4pafZO4KIeNQLIpzJZAxcjpRPT85hcxbgLutyf1g3/39gKnq926dLkG9lU/ts8xqzYQf24bJblp2DQtJj410+1xwO4jS4h6V5X5emtvaGUkBI7GDxzaPoz1W1PZsrmQHKXaLgFYxo7Gr187kBIQPpdoStFIEpkb5j5QTUDME6QlXSO35BCbqw/Z8lm4hqSffUlOfgWV2l8SKXXeWhS2KJ1cSTH5RSUcyq/vuS6WTmX5umR73IQg0rzYnsjB1sYeznawx/7rNVDt46RLG/GKl7n8bTYl+Vl0u2b08jRSwgOAFLJWtrOtqIi0altMF4l8MRlr453yNDacRg8kLZruUpovcxcnUpJXwcefBnppO0hIf4VL2dsoVWXZdytIWKjIZVlYAMYae3Yt5WQpbHdD4lNZvygYEDn4t4R1/r227C1Pc12vXXvSjTNjGO2wyi0yeSOLG35NaUUeB2b/3ulZx35jo1KKul6D3wL302Fxq1/CKtpNYXkpuba9G4CUxNR0VifIwFPf52MbWnurI6z22GcFmb34slebcNZYf/2Qq+yDaRPHvsfdd08ljsQ2qdmNLGEtaz7PIb8oB5sZy0jd+pRt8srbvR58iVuyzHuxsvn8LquT7TuKKC1U0d2SYlk8GZkKpMAF+7X6kjwUJfa6K1+0BdCWefc1Ze4acrbkk6u0rYgThySSuTaeG68f7rF3r748yXN713x+HPXpKJbag/EKCAgICAgI/OsZ0dXV1fV9CyHwY6UDo+E6VpEf0qBB/NwzGzG0W/EbLXW7hNsVo8GAVSRCGtTPwugOM2Z8CPD17fluuN6OyE/KYMT7MWE2Gmm3wmhpkJt4JINlKO1tewZ3beDNDjrq2JicA8u3sn2J9wCkmI0YrSDyD+rJx2w0EtCPvZiNRtv7epE/QR4M0aPtudraQOs1DHQYjVy3etJbt82P9linQZTkue165HC2LWNNAatzG0jbr2Kq1UCbaHC+5y7P7xxvben+AYxG2xY5/6DBy+m1jl76LG++7NUm"
01:01:11.615 [Forwarding screenshot on session d6a0bef0-bd24-11e6-8678-ab184a9d7075 to remote] DEBUG org.apache.http.wire - http-outgoing-0 << "bpHvo006jAauW0Ue6ur53mDx1AfUFDxJ7plZFOxLAYMRkTSo74SGV18bWF/prd2Gt+8WEBAQEBAQGC6ECRYBAYEfEB0c25FOYbUekJG2P89NcFKBf1eMVSpW5512c3KLgMAPhyrV4+Spo1Ad3uB2W6mAgICAgIDATxdhi5CAgMAPCF9k94QSYpAye8X/FSZXfmD4T5pGYvw4xv/IjqgX+GkxPuLnLJwQ0idAtICAgIDNjJljAAAgAElEQVSAgICAsIJFQEBAQEBAQEBAQEBAQEBA4Bb5150iJCAgICAgICAgICAgICAgIPAj5da3CJlqeSV9L984BAD09Q1Edu9MfrFqAXfeSt6Wr/nsS5gy5ZZyGQImDqanY132IquiBngEs4CAgICAgICAgICAgICAwE+W/5OVlZV1SzmY/sHW9DyqLpsxX2mhpaWFz099gvp/P2T/8f/Disem499/Lu4yRvXzGay7GMOvF9x9SyIOpex3n07nq7mrWHC3pP/kP0WMTZQdeoP9RW/x9uF3OVH1Oa3/XwCT776D/wA6mit5ZceHjI2Zzu2+0Kw+wLZX/0DRu/WEzpJj0rdx222jvu9a9NBcU8V1yUTGfEfHMTSVqdj5gYGY2MmDO/Gho5n9r6hoHhvBvbf3d6ypZ8z6Rr68Gcjto25StiOXRkkE997+T4fPffMesswDlamxjNw/vsNlcShTJnrxs2HSAfTXzgaOFeTxyh8K+evp8/jfPYW7vguD6DDQpBsG+zfUoMp+lYKiw3zO3cy+9/bhkW8Q3LqNmL3a4KDoaKLgxde4JI1gsmNeHU3sf+U19GNdrrthKPVpLFPxxz83Ez57Ct0taqgpJi//z1wOkDPlzu6reg5s+x2ffHWFyrf+zLWfTWPybd3HWjVSkPtHKrRdRP5nSE/ZjWUq/viBgfumjeDQq69x7JNqPvnkk54/x48f59w/JxEVMmaA0g6BYbLX76KP7e3XhHByAgICAgICAv8e3PoWIV/4Fli56889P/pqdX8nd+k9UP82mitDz9ryLUwIHNr0zC0TCL5CIEb36CtRrN5MUXk1rT4yoqLugRYNpYU5PKdSA9DW+jn1WjWtVgA9fy4sRXdDQtg9o/nbFgWbj2i/1yo4Yq4pIC13Dxes310ZrV/Voq3+ivbBPth2ieP19Zy/cQvCmWvYpMyiTHsdsHK2up7GVitg5avqeppa3ec9ZJkHSFXZO9Rr6yk5+BFGbwmHQwf0386NB7ZRWNFE+Lx5+LdUo8o56F2uoUnBgeeGx/5rDr+BWtfK2LB7CJ88fhhkGzy3biPebXBQtLVyRlvPWVc7aWvlZL2b624YSn0Cfa6h1fyFv+t7r/396F9stn30770X9Y2UarSYRvlwVlfPJ7UXem4ZG45TUa9FU/ERuo7uqwY+eUeN1mDFv62VTzX1aBrPcvZs75/zTU183WoahLSDZXjs9TvpY536NQEBAQEBAQGBfw+GLwZLZ6fDFwkPL0tkxIhLfKk3Aec5mPUkoaGhhIaGEhK1gFferQXAcr4S5YKonnsr0t/ga6D2T0r2XBrBpTefIGqFCsd5mqNZjzL7yTew/aw08cazCxzSWHg3fQGPZh0FLFT+Sdlb7uxneb+p98foldMHWREVYrsXEkXWwVqXSvkA8Nm7WcwOCUH5huv9nyJGDvw+HwNiFqep2Lc9HYUinbw3C0iSizGoi1AbIShGwYH9B2xHsXZcoNECsc+8RGb6EwR2gGSU3/ddkV58bH/5fRcTah220ZK/30gQixhMER0A/v4E0m2JQ8QHbgKj/PyAINYe2E9avP1wUXH3dXt5DohEDFrmAWOu4ajGYvtsKOevTa6l0yvTcOgA+mlnM7UaPTCDtSkprPl5CJi0nDPfaqF96bw5PPbvI7oJ4nlsz0xnUfj3c+bxsNiIow26N4MBCmP7p4+deLruLosh1Ed2XxxiLDSeM9ivNHGm3m7b9Wdosl/Vf1ELSLl/TjyzpKD7TNfjcw2fdk9g6NBo7dN6xnM0WGDqf0XhK7L5cPy6nezbt6/3z5tvkrkschDSDp5hsdfvoo916tcEBAQEBAQEBP49GJZ1taMAi9UKWLBYoNP8JUV736Kr6x4iQyW8r7yPjNJANuw8yNyQTo6+tonXfrOJ6Q+8SW3yU5SOfYpD5cuh4XVWpL3E2pCpFMU9xD1dxzHMe5ZXn56L42msIWETaCk6RJ1pFXOo489Hm7jBX9BcUbAgoI4332nitpwQav+UwtPbT/PIxt08GedPScYq1i9oYczp94i5dpAHl2fgP+9ZDioXYDj6GsrMJCxBlWxbYFs1EzgKzr+rZHHa+0Ss3Mkrq6KGQ10/bPQ1HNODNHEdyTFShxtBLFudzKkX/oal1Yz50oes3/YZa15O4v0NeZiA6rwU1hyZwFUToM7l8YuL+cP2hzi5YztF1ToAxNJoUtOVxMv6riNvPLafPYXldA9jQmKXs2HDEqQYKc7cwin8adXqsMgWU5C3FG1xHnklGltiyVTWZKwnIdj5XF9z3QGezakAIDdlI8qC7QTWuC+Hqv08n3ec2WteYXWCDJqPsXFLIT4/zyDbZZDToa8ib9seNAYLSEKQSwzgE9F9lyovsjVVFrA9vwITIJGKMQERgLmx2KbT17JtxxN3NJKduoM71/2OlJggMNZRkLeXCq3BQe65/DU9F5vKUzAs/jWTG96mM+klUmJA5AMNR3ejyNVgAKTyhaxLSyHM9fhjcxP7c3dRbs9bFp3Ec+nLkHk0FO80nziKHjHL01KpzVXxl798wrINCT33PekAoLmqmF17StBbACTEr1yHYlEk2O3gU38ZbRpbfSTyRDakrWaSrm87xznNSQQwOUIG+loOV1byzUc6kCQS6uUY6KZjBWwvtMsYMpWxbecZNWcDmcvCPerrRnEu5U72n4zz1IieMlUBRWr7gFssJTH5GVbPD3dKVbN/I7kVJqCcpY9/zYZ14by16wNEY0GvNxGyOIPti0d6aTPvNtiLZ52GuyStO5DJqw2Te+pkbjzC+m21rHstG/kNB3/A0XdtNqj9eC/K3Gr02PqAZ9KVxLnpAwaCSOQy4Pbxx2lj0ABtue5ANnubxyAzqtHoAXEIy5/fwJJIqXNC6RRmiOF0wzmIl9LRVEs9YhYun035oQpqmzoIC/Pli5pGkMxDHhSE/zQZ5eV/p4VFBKNHozYgS0xC+kkJn546R0pkEMZzDRgQ84v7goFLg9CA9zarO5DN3i9E+Ldo0JnEJGW9xvQbH7r1qcY+9uq9X9VXFfPHPSXo7Pkkpm5gxR21Xn2v7kAmr+uDCb12HLXOYntuTQarE4IBT/2+a7+WQRIlHu0v5MIRNm0bjH8ICAgICAgICAyNYVnBIgYOr00gNDSc8PBwomYuJu+YicUvvMIciYWQn+9k5xvFKB6JRDpmIlH3TQXA2gFWgK++pE57Een9aykvLWXnL0KRTHmAxAngP3EGCTOmIHYoL+yBR5hAE5V1Jiyfn6ZhxAhGjDjLqforWOr+Rj0TWPrAGI4WnaIr4hme+UU0o0bJeWJTOiNGNFBZf4Wad4u4wQSUyuXIRo0idtVTLB3fxTv5f8EE+PrDO688RULa+8xQvs57WY84yfBTxXjhLBbELHo4pu9N2Xzy9m1nflgA1vYrmCwttPuH8NiaRADkC1NZteB+pIBYvpBnVkynpXg7RdWtLE/bSm7WGu4yaFBter3P1gxzXQFZheWIEleSlbsVRVIsuupDvFVl+3Hc1mJAr9URtTCR+IiJfFW8hbwSDdFJCrZuTSNeUk9+2hZqXDIOiHyI1MVyAGJXJjHxoudypHGPMl9moSL/99QYmlDlFKKzRPP4o65vkPXsVuahuRnGmows1szyQauH7lFeoxfZzI0H2JxfwcjoJLKy0ojCNiC1Qq9Ou5fZt93gvMVEu9UK6FH9JocKrYjlyizSUhPRVR/itwXnmPXowh79PzZ3EtdbDFy32jIRjQRDvQb5yjSylEmgLWdzTjHOCzcMFKzfTLnWn5VpWWQpk7BqSlBmHumz6gWgQ19D8YEyGj3urzHy0bF6kMzmgZh45kaLsVT/hRp7od500NFUTFpeCa13"
01:01:11.615 [Forwarding screenshot on session d6a0bef0-bd24-11e6-8678-ab184a9d7075 to remote] DEBUG org.apache.http.wire - http-outgoing-0 << "LSRtaxYrEyegLsohu8y2TqDtmgGdRkNEagZb05Yj0VaQlVMMLu0sd7PgI+bB/wJMlObnU000Gb9bjad1Iea6A2wutMmYkZXGdJrQGUwYrtzwqq87omY72b/rBsjKbUqK1OdZvCaDrVvTWBh2k4rCPVS5rKQJnbeChXIxiKeS+swjBFmvYLCY0OsnsDAxlmkh/+G1zbzZoCuedOq6uKezrQVLS+92DWt7CyZLC9etRt56IQ+NaDYZuXlkpMajqz7EtuJGwGaD+upqJi5XkKFIItCgIa/gA7e2pa85RnFZTZ+yuxkJNLy/F5VK1fsn72DP4HwwttzZZsBQr0YvXc7W3AwWTmjhUE42aoNLQqRMmyHBUtuAGfjyzCkgnAcffpCpwKnaLwEDdRoL0lnRBAEhM6KBJpoMgL6WamDmgw9xf5QYw5lPMQMXGxpAHMUUaW/dLp7+kGNlZZSVlVFWdoSyyjq3evLWZp1tBgxaDW13xZMYO4+wzg89+tQkF3v12q/qy9iUV0LLhETStmaxPHYkFYVZfDgy0avvdbZdQ68pp3bMfNIyFMTLTFTk51PX4a3ft7r0ayFe7M/Wdw7GPwQEBAQEBAQEhsqwrGCxAHOVeTwdM4bOzk46GUWoPJK7xtmmJCZJ4bXnF6A8O8LhqXsQMY61+Tv58vn1bFeeYDvQNX4GOX/8A3eNs0++0NmnPMZF82gYvFdZxUzfCrrmK9nQsYO3P65mpu8HEPYYcb46DrfAiEt7WDhzj9PjTbVaEhAzYsRZ0hbf73BnBIwyYwZEo8DU0ADAhX9cxALCBAvY19AHEhDYfcFIgWI1FT2DDjEL0/7Ao/ZF9iICCJ89DWl+BdKIOGJj4PNDb3NSGkFcZBh1DZ1AJ+e/aGbyrPtQ5G7lhmhsn4Gtzx2zSU2Vc9/8eEYbjfiF3ImY3mX/VkAcq2BDSrxNpidVIFvIsgciELXDo08koc4p4bTWSIzT0oUgpkXIoPQac+bGcHu7n5dygkh+KY2GlFxyFZsBKam5SsJcXrSb6z6iGli8IY2EcF+IzOBGczKHWmz6+uQjnUfZrJ8eB2LJTF+GFAh/JQ1tSm638h3+dvwAGL7gtAkS0zJZEhMEhJOFP5/hw4SZEUhV5Ugj4giXWTnu8Jj1Jkji01AsigFiSL/ZjDL/Iz41LqN7HUBn4wkqTCBPWsGs0LFYeYAVC0+RV/4Bp4xLbNvAHGi7dJqSUjXNE6cTHu/yth/oaD5BhQHky2cTAEQlzANNOe//tYmYJWE0HPesg/rjHwPRvJSdQjBAWAbtumRK3jmOcdFSW30S01g9PxKIJH3NeRT2+ji2s6t9mZuOsWlzETYvtwCjuM3fiLr4rzBlLvHhzvVo+Pg4iON7ZIzc/jy6pTm0Ah1e9PXZ2J1MkxT22L+LZph4/xrWJISQEDMBo+EK8rC7KK83YHWJXREUHEm0LJDy87cTFxeJteYUAMu3ZrAkzJeOxmKSPbbZXLRebNDZP/Cq076bM0R9Pouw9+WterS6S8yKWUFu8IOIxo4HrFhv2n13STwAqxo+Ivd0C9cBV+u58HEhJdWxzF0Ug6fFRTdadJz71kEOa2uvhvux5b71iSUz3bbSJizjGU6m5KHRGoiXOksmnxYF6gZ0HWa0p/QQ/XNkvsFMnwqFpz7D/NBEaoH5M0IACLg7AhmlNJ4zEm7+OyAnKjiAsTNnQPUZGsxLufipAfGMFT06EAE6dQk6x4KlicxKiOwTkLf/NosmPVOBDKgpUODJp6xvrnCw17EU7PJsN2iPYUFO1vbVhAMxG57DWnCSED9/5F58r1vPL6YnIwPkT2hR55zhepv3fj/YqV8LoKZHS92I+lwZmH/07dMEBAQEBAQEBAbKsEywfAtMjIxlxgx3Rxqf5+VH1nM07Je8Uf4/RIbdCR+/wn2rPgCu8LkeFPv+wb6Ay5yuUvOHTS+S8T9v8MAnq6AN8HW3c34cC5bP47UXN7GJGyze+XN+bv0HeWlK1gILsucikYxhYiB0zc1Dl/eI7THLed4/okEaF8m3r7fS1TWXd3X76N7481nl+3xhnchtgNUAc7NLyRx1gARlJpve/U/y/tt1QPRTxYDugpm48ADAn9lLVzLOBKL2sxSVVNtWVDj+qu20chPA2g6I7BNntr8jk58jSf97SkoLqS4FEBOd9AzKZXFOgwbf0YFcry1EUahyL1InhIVPsn02X0RvAkzlpK0ud0p2UXsOXAeQnQA3sVoHUE5ADE8mydlcokU8dRHzg/tuY7B2tgMSQsZ33/MlNFgK5/uXbYZoJNBJz3g6QE6E2OYK7uje+mA89zkWpExzeD0cPj+ZcABzlZP+XesePi2053vgWNtpJI6p2m7Y3gprS3JYXeL4tMxtrIqgGAX7C1aAv/tRiuaDv9nyO5TF0kO917UffIRhSRiiAeigt1xf5JOl0GL/2gnhEZN67vpJ/HvSO7azM2ZK9xRiEE8lqzCTSfX7ScktR5mqBgtMHT2deOcdOjYZLdd6ZSSEyRKbGN71ZXWyf2d8GT8WinelkZ/reF3qVs+dtlZ1yEnKHXab8ypD2+D8w5tOB0YQKzauQb8rn5J8LSUAkhBWbtiILAhn3+3J2H0clLi1+5E/5eNxZdFNsG3hi3GYfumoQZFsU+jgbPkmSEf3Xg+YRLgYGu1bgZxqKJ+GBDUNp87QYIDYpVMACI+LhvxPqaq6goUQou62y+UrZ6YMPmqo4cw39SBfSRhAxDSkqPm06iQXDTBjlbynDBMQryxA4do+7vDaZjdBPKbPZJJ7n3Kw1/76LutNkETQG245mGWrbdt8jJds5fb1vW55/HvksXb2yuO1P3b6f8XLXr4eBugfA8hJQEBAQEBAQMATw3e2YaeblSYAfGsLRntnCCGTbsP82ftsWbUXCMPKNd54dj1Hw1ZyaN9a7o2Q297WTRpHAOMInxvIXvUHVC4KIWHKnU65TklcTOCLx7lBILOj7+Iu62wkXUe5wQQWxNt+3M5cPIGiohd4Zd5EUmPH8Nfda8h88yzPlNSyauGjjHhzDy+mHyT3fx6greENktbuoWvpbv57gYwOYJxUyl0JWWx8+x22/WYd82Ye5RFnMX5yBIVGIKWC0qJSHtqeTBC+hMcvsg3kO2p4r6S6/0w6sa+EAWPTBe5IeI7D6eNobtRwsuwgpSX7OPVAnNNbxJrXX6BEA0nKLB6ICCeIGp5Mye3Jxwr4dy+rCbgDqRi04Ws4nG6P69Ghp/KjRsZG9Q5Y+iDqvxwMlewqscXHsNQXsr8mxhb/xDEbHz/AxMXWDgiy/aBv/eaG7bVrP7K1vXcT8HH4ka9Da4FQoGd00n3TR2QfYoP/2HGAmi8udBATbiuz8cgO3m4JJ22VffAh8sN1YC8CLl5sBfuQtf16W48+e4rxt31KTCtgtb2uZn0NJ2rbCfVwyFdAkKdBYCPlagPIF5OVMh1RuxX8/Lh4PJ/8cjUf1K1CbvWsA6v1Zp8cL39tAOS2mvmATtcKcbYBcHt7b32cKu1EO9dbQRx+P+G+QEwKuSu/Jq2oHpDyyPzgPmXa5HCs/AWaTbYmFvWjrwYH+3dGz97N+dRLY0nL/RXyYCnUFJCSe8atJvtys6eiXmW4fZD+4UWn7moh6vm3W+tGdJfgscwDhPtdoe7TMxwsPETRjveYte9RZ9/tD9+AbpfyiNV1wN1m7fGT/trmAi7csPbW0XwJnQXCI0JdU0GQnFlSKC18HZCxeJpNV7KoWKSoKCzUgXw5d/fI7kvUHDklhw5wCIheY5/mD4hgpgxKC4sAGUl99rIN8BieQbRZvz7Vba/99l2A6Ro36O5NjBzZsZsrkctY2n0K+yBnL/rtj8Herzl87fnXVVcD9I/v6eBCAQEBAQEBgR8HwxKDZZTXu1NY9cJiRpzYzv3h4dy/WAm/XEwgTZyq92fzG+mENRWx4v6ZRN2/glL/Bex9eRliQD57PiPOHuapR7bwmWu2d8byqzBgwmKi7wTu+k/mBwJTH2OufRJkQVYx6YulFCqTmDkzgcw3z/LIltd5PkrCuBnPU5L9OF+9k8HC+2eStHYP4+cqOZq1AMC+eqITEPP0H/YykybW/+ZP"
01:01:11.615 [Forwarding screenshot on session d6a0bef0-bd24-11e6-8678-ab184a9d7075 to remote] DEBUG org.apache.http.wire - http-outgoing-0 << "fJcHYv4gCIpj3cpo0JWyWpHNkcoqGhvrqCzbz8ZUW9BBkdvBY08G3B0uxtTwMVVNBs59tA9V7iaKa1oYOymU8WNEwMi+408rwFjumDQJf2szxTvzMQEXdZdcEwFSImZIQPM6BZWNGI16yvZuI7+oEM0NNyJZrYAJ7ZlG+xyGp3L0qH6bj4Gp5B7eT5IMynO398QO6SYgcjZTgZI9e6nTG2lS7ydf0x1HxLts8hmzgGpU+yvRG/QcUx2k+/RX2ySKidKDlegNzRzJy++xR9+w6UQDpTt2U6M3oq8rY8+has53igmwT8xc/PQETfprTrKKAkFXsouyRgOGpkpUqmqQzSOiZ1xnxSdyHlOBivzdqJsMGJur2Lkpl6KiCm4MMg6pQX0cLZD4yEOEB4cRFh5OWHAwCUsXIwWOv3/Cqw7kM6YDGn6vOobeaKSubAeF9SCbP8cWMHUkGEqLKKvTY2iqZIdjfRza2TnOgpR7w8VYNCoKjtWhb67h+Jnz3RJzsKCyT8yPiHkPAtW8sK2YusYaCjZuQ4ttRVGAV305278z7bZVOmPuZNKE0bQ3VZKbWwGMHOiwugfvMgzOP7zqFOhZ5SAaCZYzfFjVjL6pktxdartGbvC+Kp+s7L3UtfsRIg9lDMDY0Q5TVK41HMbzfB36Eu96cakPErBUsLO4CoOhieKd+RiQEB462k0hQURPk4HFAiEzieie3wmKwD7XwtTpUU6r8n4WFYVtO5qE2CndoVUDmD7HPsklm4l8IAsz3FV5oG1Gfz7laK94tZuIOfMADbtUx9AbDVQV7+ZQdb1tK5hH3+srj8tlPPbHTv2a0Yv99WVgdiAgICAgICAgMHhufQWLJIGjOp3XJDNW5XHuF7/la3MnAbfdiUQMbMuz332ao7qVXPn6Kp0+Adw5TtLzXNh/b+Pcw7/FhA+SPrmO4/mjOp7vTc22Wh3bnNLcydN5R1n52ytc7XQo207Uiixql2zg66tmfAJuY1zPzXFsqnWo07gEDvZTx58SYYvSyZUUk19UwqH8+p7rYulUlq9LZklMEOY620SJDZFT+4VERYGmmrzN19i6fwPx57ZRkptm2zqAmPjUTOJcBhZTH/4lIepCVMoUVNhObQkR16P77AtYNh4RztF64hUvc/nbbErys6iwX4tenkaK69EnQNCke5Ghpjw/C/OKxwjhbbflNHIatQkWZ6wlmACC0xWcUqjIzT3C4ewljhpi/dZUtmwuJEepttcKLGNH49evbClkJH1DTkk+ynJALLXH/hHhG/YQqbGnKKzIR1kByORIeqZYglHmriFnSz65StsqInFIIplr48FXz6wQMeUVRWS3PcFsF10huUlRloIiAGksGS/ZTuE4x0gIHI0fwaTlKsjJUaHarLA3dgipW9MY7Ka5kxVqEEfzoMuqHwLiWBS9j0LN3zi3Ps+jDoJiVpOxvI2cQ4Uo1YUAyGJXkplsO0XIehMksk6KcpT2+kSTlmk/qcehndtHOm+1SFC+xFc5OZQX5tjbREaSch1+p3ZRVHGCC08kEO4w8AoIX4ZKaeW3eSXkaEAqj0aGhqB7xkM/+hI52P/Yw9kOOgzjkeXR1B8qQZFs8wZ5bDTiag0NWgPxca4RSUb2BCES+Tj6G/3KEDYI//Cm014bgZhHVzH1ZC4leTZfDomeilhjwEowT6clkZ1bQo7C5g9IpqL8n4fxpa2P79rqNbSjd90Ppx37H+96qXGoTzf1JXkobPuaWKh8kfkeTjcKiY6Gcj3yGVEO62eCiJ4ZQnlpK9OjnFdC+QZHES0+hCZwFhEOTRsWNR3xIS13zZzikI/IQ93c03+b+fXMO3n3KZf++vDLJHm0m2SyVn5DVlEh9m6PqYuV/CoyAF+9Z9/DRZ6ea/TX70936NckvPmEJ/sbvH8ICAgICAgICAyVEV1dXV3ftxACP1zMRqP97bU/QQGDePXXYcaMDwG+vj35tFthtDSoT8BGh4cwGq6D3+gBl9VhNHLdasVvtJSBizf4crznIyXIzZtor7J1mDFcb2e0VNpHHx1mI9fbQSp1tw3HVqZV5IfUXaGeJDUauG4VecizF6PBgFUkQupxC9Aw4kUH3fdETro1onp8NawrQDEVDG2iQekAwGw00G4VOdhhB0azb5/2M9QcYMdRERszl9kmb8xVKFLyCFGq2OAwEeJRXy727yIEhvbB2qxnvLVZ//4xeJ3ayhuNtM9enqHZ5ndFf7ZcU/AkuWdmUbAvBQxGRNKgAUX6+P4Zoh+49anee472OpC+SzRa2u92roExuP7Ys/15S/8v6tMEBAQEBAQEfvQMXwwWgZ8knmNt9INvgNNgJSBoIIMXX4Kkrm/x+3kiKKjPSSQDeGrQ5QwlH6+y+QYglbrXiG9AEB5u9VumZ1mkA9LT8OhlgHjRgcd7Fvi23Qq+UqRDGNwFBEld7LDv5AqAnx/o6ktYrWwiUe5PQ0U1BmQsDXUJfupJXy727yKEl/YdPEO2wW4GqVPP5Q2XXw0P/clitXaC6TpWPE1m/hszFD/ox98c7wy17xoag7ObwdrYv5NNCggICAgICPzw+T9ZWVlZ37cQAgICArfOP7nZ2cl4+X2E3PbdBlLwvX0qccGBmL5uRm8wIY1O4MkNCmZIf2xz1v86nf678c+bVv4j9D6m33vnD+xNxE+3zQQEBAQEBAQEvm+ELUICAgICAgICAgICAgICAgICt8iwnCIkICAgICAgICAgICAgICAg8FNGmGAREBAQEBAQEBAQEBAQEBAQuEV+WFvLBb5/OpooyClmwmNrWRQe5HR9f24x45asZVG4iLIdO7HOX8uScG/BIc1e0zWVqXjz7M9I2zCXEwPKD5qOFfBm4wTSNixyG0S0uaYK5HEEDzUGY0cT+/OK+cblUFGr1cqdccmkJAR7eHAAmBsp2HmEb0R3skyZQphj+AR7uV8TTLIymeDvKLSCoaqYP1U2IRKJ+tyzWsewZP0KdHsH1jh6jkwAACAASURBVBa3RgdVRw6jbe8+ibiTTsbx4NJFyHzB3FzFweJK9G0gi0pgxZK4Pu1tbixjZ9EZgh9KITneuV306gMUfNjM9CfXsyjs+z0bxtxUxu7iv4ODzn1GjeGeaQ+yKG5o9mTWN3JBdDfhQ4n0202HgaavICxMSkdzJbn7P2dJmgI3JzkPQUCbrV9zY2dY2xgV/hgP+n/i1ZcHXFTTMXYXn3HSL3Tb8+p+6zMsuhwohkYOvHWEU43nuclIJtwTQeKSpcSH9fpas/oA+YeP03LzLp7fmUlkj/xmjhXs5JO2cBQbljgFoW0qU1F8JYK0lHgvp7TZc/lX1ldAQEBAQEBA4EfGrU+wmGp5JX0v3zgcN+rrG4js3pn8YtUC7ryVvC1f89mXMGXKLeVySzR9XAmRCYRJTBxMT8e67EVWRY373uT53mlr5Yy2nvAb1j7XT9bXE55gu362up62aCtLvGZm5avqer6Ntrq92/pVLdpqaMc6wPyg9ewZtNVRtEPfAXdNAWm5n6AoiGPI0yBtrXyqqccgliDxcbje2QlhpqHmasN6g4b6egzUM0bzKGFxvYMqY/1xyjX1wHkutH13EywXtJ9S39Rqq1unCZMFsNfV1DmWBKv3Nhs2OrSUHipF53RRQuhDi5C1qdmUpsKAjOipVioO5XGmxco+RbxT6oDwKfi3FFGqymfytO3EdBtERx1/VJWikySi+J4nVwCsrS1o6ut79AxgMpmoVlfw96tbyVwUNrgMzTVsUuYiU6gIH/IJKWYOPKegVKbgcLqUttbPqdequd+qGGJ+rrSjb2qixccH6MRksvTUv7Ozk6jpfl59eTBYW8/30S9023M/Dw+LLgeGufEI67MOYQJkU2OR+19DXV2BVlNBw5o8FAkyQM+fC0vRIWNq+O0u/4FbOX+mHq2pnh3Fk9m+LLznTutXtdSr4XpKvPdTo/6F9RUQEBAQEBAQ+DFy6xMsHUbUR4/SFDiBCf62S20tLZhGvMmOPys5/Z6CoU1HmFA9Oocd976GLu/7mWAxffwKC1a9w2unawmjg6Z3jnJj7mZWfS/S/Jtgfwns4/V6EGsP7AffAQyLxDDKzw+Ajg5wmKez"
01:01:11.615 [Forwarding screenshot on session d6a0bef0-bd24-11e6-8678-ab184a9d7075 to remote] DEBUG org.apache.http.wire - http-outgoing-0 << "vXAWixANIj+RCJD44ecuQx/bX35uXpoPGBHcBOLX7UQRM/yD827Rak/VQlxCz/XayjP2TyO5FfH7IyZlO4dTbJ/NdQWk5JxB+do+4nqqauRTL202bFy5TAuwMGM/KZHOeq7Z/x4GpCgL8ogLgqoCBXkV71GzKh7nJglmbWYS1ZtLyN+rJmaDbQJGvXcXOiSkvrh6CEd4fweIACTOejbWkLk6l/r3PsKwKGxwcvrYbLS7jYZK502QjLLlERSj4MD+pwbk0gMiIIbsN9+0fe6oQZGci9zFp2rO49mXB4M7/Q6UYdJl/+h5Y9shTEhZmfVSz+pAhd0O1Pl/ZEbUdmL8L9BogVjlS2xwUxnRSMAEupIdHJu1j/ky+/WevrQf/mX1FRAQEBAQEBD4cXLrEyy+8C2wctefyZrTPZVi4t30X/Kbd95Gc0XBgiEu+LB8CxMC/W9ZxCHjA+CPf/fv+kAI9Lf9qLVYQCz+vgT7/hGJXH6A+/gzsueLkcNbttCZ9BIpMUE0HStge2EFJkASMpWxbecZNWcDmcvGI/IB7cd7UeZWowfE0mieSVcSJ3McTDnn16GvIm/bHjQGC4ilhATeoHXMfH6XnQyMBNNJcjeeRKszARIS12xkxdgzPJtTAUBuykaUBdsZW1vA9nybXCAlMfUZVs8PB4wc2PhrGiavY3tKzKB101xVzK49JegtABLiV65DsSgSMFKcuYVT+NOq1WGRLaYgL5medSoisAJiiRhT9QkaOxII9wU6GvlIYyIkOgSdpm2I5SxFW5xHXonG9rBkKmsy1pPgZa+UtbP7g/N1722mp0xVQJFaa0sslpKYbNNr3YFMXtcHE3rtOGqdxd42Gax2s63KeOEsFiT8bOQNmhsvwNhJBEsDACOfntTD1FS6F/jEPTyfvIoiTjcYiYlz3rbkG7YMZeIp8ipUHGmOZwlHUKlNyJdv7Rl8Ym5if+4uyrUGAGTRSTyXvgwZYG5Ws3dXEdV6m5WIZdGkrlMSH+xL3YFs9n4hwr9Fg84kJilrK37HdlNUrbNXPZrUdCXxsgFODDjqOSiGhbFitLXgvj0fonb/bvLL623pJXJSNyqZHwYH0nMxAercFAyLM8hOllPlse3NVO7fyevl9VgApNEonlvL2DO5lNsy4fGLi3l5pYisbZ+x5g/Z+HzovR09+3s4bmmzchPA6rpWxb0vr06wregx1pWx/dUidBYAMfEr01Es8lAGNrt1R92BTF5tmMwfttt80dx4hPXbaln3mpKGLc66TKLEQ9psKHW1h9d44J8nBiSjue4j1BaITn3OeetlUAxpGYtJySml8uNy3j+wHxNQnZeCsiGNvNXO/ZMVQCJFbDJQuG0/MaoUnD0CPPvoeBfb+TWTNf+PzhW/IyUmqI+uLvax/4HXV0BAQEBAQEDgx8rwBbnt7HT4IuHhZYmMGHGJL/Um4DwHs54kNDSU0NBQQqIW8Mq7tQBYzleiXBDVc29F+ht8DdT+ScmeSyO49OYTRK1QccWpsCuonlzAk+npPBoSQmhoKAueVVF5VMVs+/fZT75Kk8WW2vL1x2Q9ObunjEeVf7Lfu4JqxQKezcrqySdqgZLKr8F0WkX88r2MGHGJVfetoPIK+PrD3z94mUdDQggPt6c9bxk2Ff5QGAk0vL8XlUrV+yfvIAaHNNdbDFy3WjHXHWBzYQUjo5PIyEpjOk3oDCYMV24Atjeu+upqJi5XkKFIItCgIa/gAzpcyuzOD5rJU+ahuRnGmowsFPOl6AwWTC1t9vGpCDDRMmoeaRlKEkM6qcjfRcPEh0hdLAcgdmUSclEV2/MrGLtwDbl5W1kefZOKwizURlt5fqPGMsrf/YhsJHDx9IccKyujrKyMsrIjlFXW0QF0NBWTlldC610LSduaxcrECaiLcsguawKgrcWAXqsjamEi8RETcTd9OOPh+UjQ8km9TRij5jg65DwYOxnb++XBl/NV8RbySjREJynYujWNeEk9+WlbqDEOuNl78NZmlduUFKnPs3hNBlu3prEw7CYVhXuoMkNn2zX0mnJqx8wnLUNBvMxERX4+da6NDZzTngNM5G9WkpaVRZoihY0F6h67kNzuMBAPvMO+wsP9fo+41euIBg7lbGRjziGQLUa5pHvbjYGC9Zsp1/qzMi2LLGUSVk0JyswjdNBITpqKams4yqytZCmXM1avQbXrPcxAZ5sBg1ZD213xJMbOQ6LZTVF1K8vTtpKbtYa7DBpUm15noCq+2d4BHR10dHRgaDxGabUFxo7Gj77tqS3YQn55va09sxTEjtRSuHkLakMQsx5dCIB8YSqPzQ2h0Uvb1x3IIb+8nrDFCrZmrWHqDQ2qtN38R9RspIBYvpBnVkxH1H4Fk6WFdry3Y3/+7t6gvN3o68tVRuhoLuPXOUW03rWQjK1bWbMwDHVRFjvUeg95mTj9Xre/lnHkyBFq9GYAOttasLRc70lpbW/BZGnhurWvLj2n7WsPYV0nBixje1s7IOV+NzF3AiKnIwfOXhzBY2sSe+R5Yl5o32reBOmsVaQvl4OhnLwjjX2SePZR1/pO4nqryd7v0kdXt1JfAQEBAQEBAYEfK8MS5HYUYLFaAQsWC3Sav6Ro71t0dd1DZKiE95X3kVEayIadB5kb0snR1zbx2m82Mf2BN6lNforSsU9xqHw5NLzOirSXWBsylaK4h7in6ziGec/y6tNz++zBt3zdxIkTZ0n93V7WfPsX1r6Ux1NHJTz1u72EX/oLyrw97D+5nG0JbWyas4pSpvLC3j8ibzvJc+u3saC5k7+/twyLsYljb57l8Rde4znpl2x9dgdPbYnhH/uW8cqGWtbmneCXOc8wdRzUjoKGw4dZ+sJrbJJe4IVnt/FU9n38Y98qfmqLWW606Dj3rcPIyNrqNl3Dx8dBHE9m+jKkQOT259EtzaE7tfUmiGMVbFhi276xquEjck+3cN1tbmCu+QgNkLQxk4QwIDKcf+ofJ/9s9zjNCsTycmYyUmAqDVTknAGCmBYhg9JrzJkbQ5C1CoDWr7/kwtUQ5j79IlNa4WdBAEEsyczzGO9FBOjUJc7xQaSJzEqI5Nzxj4FoXspOscV5CcugXZdMyTvHMS5aaluhEqtgQ0q8m5xt0yd+E6czT1pKaWUtq2MSqKlUQ7SCqLHnetLVD6ocIwVPqkC2kGUPRCBqh0efSEKdU8Jpbd9VH/3huc06mHj/GtYkhJAQMwGj4QrysLsorzdgtXa3TywvpicjA+RPaFHnnOF6G7hG3vTxHwXSaJTpa4kbZ6Xy9TzyK1S8NfP3tmH3N2ZHiezTTp4IZq19FYAOKWte7l011NF4ggoTyJNWMCt0LFYeYMXCU+SVf8Cpy7NYnJqKKDyOmHFguGIlWg7681do78k7mvRMBTKg7oAS6OT8F81MnnUfityt3BCNdbOCwB0m8pXJ5Dtdk7HmuaUE0ObSns1sW2pAHKsgfZmtDTa8IuLJlDwqTjaS/XAEUlU50og4wmVWCj7SeWj7L+CYDqLXkJlsyyftJXjr5D/x/1kc0ySFnJRGEBcZhrHmOOA4F+K+Hfvz98HhyZeh/qNjWJCQ/PjD3OFnZeKjS4g9WU/1eycwxye7jdmiLily+h5/xyxiZN0pHWd5RD1/B8901GUANV7S2ui1h5oCxYBlvHH5GmDA7DbgzHiCJXAeCeGzpyHNr0AaEUekh/hBN9ohPEVJ4t9WU3FoB5Vz93GHqHt9oXcfda6vleNuS3Cs/9DqKyAgICAgICDwY2VYJljEwOG1CRx2ub74hf3MkVj47Oc72blEziNzJnHl68tE3TcVjuqwdtjfOX/1JXXaizx4/1rKS5PwkU5CMi6UxAnw3sQZJMyY0qdM67cgWbqbTf+dAEzkkRdLqVn5qv17KMd3lAJgqv2I90eMYENJEauiJEAUxeiZs/5tqq4s68kna9UCADY/9Tar3mniKiuIi7mbrq6vefjncxjHlZ6027rTrixiVWkzV+HWgvn+wLgJzF7zCqsdA17Y4yi4IhKNBMs1h7UFIUyWQEv3104IC5/k8IDtL08vtW35iLljbO81yZhA6FlAdRPE/j3PtzksrLJtebmJ1QoExbFu5afs"
01:01:11.615 [Forwarding screenshot on session d6a0bef0-bd24-11e6-8678-ab184a9d7075 to remote] DEBUG org.apache.http.wire - http-outgoing-0 << "KqpAVW/bOiSdupB161PoL+6pCYhXFqBwMzHRPQXSK78v8snS3gq71tddHX3G8+B8OaVFVTSb7+Bv9ZCYMRP/f2r7pB1QOeaL6E2AqZy01eVOz1/UnoNBTrB4bjNfxo+F4l1p5DuZgtQup61tujeXdW9BctfWkcuyObys93vCikRer9DSoDmHHJDc7iizyGF7mnsCIh8iUVLKJ1ErSHAIaNJ2wzaVpy3JYXWJ4xMyRD5SAjvPskNZiHN1RA71GdNTn8jk50jS/56S0kKqSwHERCc9g3JZXL8ntwAkpqYxMwg6rVbwH4s8Msw+KG1zac9WDMCMmXKHCoYyXQKfnG+FTlHvlhvzZS9t30KID0hG9WrPNziBlGAAo93X3K0K8tyO/fr7oPDsy7bSDBRudgm6O7LNQ1BcCcqCfYM2dTo9bV/yJG+vPQxGxrF3jAHE7v9D7tDxhQkCRQOTxwcrEMTq9DWcUeaTn3eA1OBuLfbjo075u/NMR08ben0FBAQEBAQEBH6sDMsEiwWYq8zj6ZgxdHZ20skoQuWR3DXOtq5jkhRee34ByrMjHJ66BxHjWJu/ky+fX8925Qm2A13jZ5Dzxz9w17jun/adfcoDoA2m3dsdRGEMtwdCzLTuJdP+3B4IN4COb810dUm4WybpeTRgTCBg//nYBrExIS6Z++IDdHQCfEtn974E17S+vWl/alhdf+C3uV9FYLXeBKeNMBdoNvUGybUC/gGBgyzdwtXWDgiyDVtN1264ibrrBRF0GJto9ZvGy4cViPRN1J4oJr+0nL98+jAb4gcSUtT9dhRbfZ25/LUBkGNlYPW1toFsViKSIhX7d3+LDjlPRvrSWTPEcgLuQCoGbfgaDqfbA+d26Kn8qJGxUfI++fSH5zro2bs5n3ppLGm5v0IeLIWaAlJyz7hJ6w0jR7K3cPrOVX1i4Eh/NgH/T8Gk09FBDL5AxwUdBmCaf//hf13NRGR/JjGtgNX2OBNmfQ0natu549x+NhapCUlM5cVHY5BJg1DveBxV310XNqmbLnBHwnMcTh9Hc6OGk2UHKS3Zx6kH4ojvd2AvJSIuhkgPo1Dn9gwkCDh9Sosizm6rHZfRmSDsnvHQvV5E5NdP24dy6jh0dvbackfzMXLyz/JYxgpb1+vuGGUv9Ofvw4XVagLkZB3OpjvCR1NVJc3WOxg9xDxFPf+68W2XmFNe0w5BxqBJ9yBGzev/7xgJ6fOd7tW9Z1stlzhNDvSdZPWILIGMlVWkFZVSqAWkcgbsoyI/wIoI+Nahq/HW134XbSIgICAgICAg8ENjWGKwfAtMjIxlxow5zJmTQMKcGT2TK3Celx9Zz1F+yevl/0vtuXPUvp5qf+oKn+tBse8fnKut5ODuLcxsO0XG/7xhi7nSBvi6/zXXAYyTSZ2++zoMsHrCOnR2MGKECYOhN1ZKR5stHoDVnk4yeoz3Cvr25tlv2p8qHsZhEfMeBKp5YVsxdY01FGzchhZcVhy4DlKsTp+dY38+aIunkZ3DsbpG1AeyyddYXDK0uh/2WK2ACe2ZRjounSE/P48d+9VYA39GyMTbHephprJgGwXHmrzX2Q3yGdMBDb9XHUNvNFJXtoPCepDNn+NwEkx/Z8NaIWga82Sg1eiQxCcS5vCUddDlSImYIQHN6xRUNmI06inbu438okI0XkJjeJfWXZu10wYw5k4mTRhNe1MlubkVwEiH1B7axokg/DGgK8+nuKoZo6GJA7mFWBATNXkyc38RDboSdpfVYTTUsXtPCYhjeTBysMsTICByHlOBivzdqJsMGJur2Lkpl6KiCkz2rmfMBBnjRouoO6ZCVe3Z1s59tA9V7iaKa1oYOymU8WNEwEhEIujQq1Fl7+BYkxn32FdWeaU7QRhx0WIs1YXsVzdi0DdRnLsLHRA2eTzdGV389ARNepGXth9DxAwplupCDlQ1YTQ08lZ+IVrdNUQBQdwdLsbU8DFVTQa3srgTd2D+PhjclyOfMwvQUrijjGaDkUb1fjbn5VOoaR3QaiEnRCPBcoYPq5rRN1WSu0vdK7GTLo3e07rIOygZZfN5PkmORVPI45kFVDU209xUR/EOJTklWsRTV/JEzODtO3jRepK63wnchH591Km+18AHNAffok5voO6YqqevdefP/dXX3HSMbdkqqvTd/zv37WebK/ezreAYnrxEQEBAQEBAQODfnWFZwQK4BLl15FvbKS13hhAy6TbMn73PllV7gTCsXOONZ9dzNGwlh/at5d4IuW1wOGkcAYwjfG4ge9UfULkohIQp7jbheCqzl3GzFjO3q4gX12wi5MBvCbn2v/zm2Xcg8JeEjINTbvPpoBPw6exgxIhL1J6oZdYj3atl+qb9qeF+sCRC4vTNpqmA8GWolFZ+m1dCjgak8mhkaAi6Z7xTOqfcffx6Pwfagnz2pgsmfX8GO7a8SmFOFkhCCJGA7mb3D/2REOjnMt9jkzho0r3IUFOen0W78o8oFn6BqlyFolwFgDR6Ob+KkwJGvvxEwyfW+1k9PwxnvG9HCYpZTcbyNnIOFaJUFwIgi11JZrLtdJ++9XVmJN2LBgKYtSCa0kIND86b5pBCgp9o8OXEK17m8rfZlORnUWG/Fr08jZTw/hbuj+xzrLXnNgvjkeXR1B8qQZFs228jj41GXK2hQWtghpe2cWX++izO5+ygJC8NW05SktIybSf/yNay5vMc8otyqC4CkJG69SlkbnPqj2DSchXk5KhQdW9tEIeQujWN+8LaWSw/SWlRFsn2cqKjZWg0Ws6Z7bI71Cdm1Qbiz22jJLdbZjHxqZnEBYBRq0VdX03n/b9ivts9aBKvx4e76jwh/RUuZW+jVJVFuf35hYpcloUFAKHMChFTXlFEdpuENzd4afvwdC5e20ZJ3mZsmyplLM9YSxggiooCTTV5m6+xOSOY3rby3I79+bsn3FuBF1+OTCFrZTvbiopIsxkBEvliMta6j23kbYon5tFVTD2Z22NrIdFTEWsMtv4kyEWXT3hOK3KRd7AyRi7LJsOvgL1FFeRldbeUmOiFa3g6JcE+KePcz7ri36eaASzbqOTT1XnoRkJ/Phof51hfBa+sXMgnqnJylNWABJkE9KLu7WGDrO/Nr9HUq/G5sJQ4mRSw9ulnL31+Es3pKNpXzxe2FAkICAgICAj8MOm6VW5UdM0PDu56oULvMcmp19d3hYSE9PxJ2bi+6z77M/r/LeiaHxzccy941jNdFc03u7q6urq+KNlouxac0tXglOM3XS/fF9y1sadM799vNJR0Lb/PoYz567tst1yf6+r635fndwXP/13XN11dXV3NpV2L7bK9UPG5+7Sz7GkF3HL5zJtdaS+93XW1+4LpZNfapKSu35+8PLQMTZ91/X59RtdRncV+wdL1dlpSV1Lau10Wrw96wGLqunz5ctdV05CeHkC+w5vtrZZjuXq16/Lly13DXV0nTMNXhunqZVtebu5Zrl7uunz56tDa3Q1XL1/uunz1ap/rpqvur3vCdPVqX7ksX3S9lJTc9a5ueBVvcVeW17Tu28VjPhZTl8kycJmH3d/7Yxj919b+A8tnMGkHL6Ol6+rVq11Xrw6fbfdhMD5ql3/g4n9HfaqAgICAgICAwA+AEV1dXV3/kpkc0xW+NncScNudSPocuWPhytf/P3t3HhdV1T9w/DMjwoRsiqPIkguZewpm4K6Fij5uT5G2uNTjUm6Zz2Nqi1ZopeYvM7ce0qfcKpNMhUyTUpMUU0AFFxJcYhGcUDZxGGHu7487DCCIILTZ9/168ZK599xzzj1z7/F1v5xzbiYmW0c89Df9fc6YQw62OOlq+p6eSsoQv5nckxv51xvbwfMBAlrXIy7iEBl4MnXFUqq01MnNCk4yd9QbnKExXQM6cO1MJCdSjPSeupSpve9sDIMQv7Xck5tZEFaX1+Y8elf/Zb7W73chhBBCCCH+Qn6/AIv420o5spsvdkWSkWeifgtfBg4fTsfG1V4poUTGSTZvCSMm+Sq2Dl48FDicIV0kuCLEn0Gt3+9CCCGEEEL8RUiARQghhBBCCCGEEKKGauUtQkIIIYQQQgghhBB/ZxJgEUIIIYQQQgghhKghCbAIIYQQ"
01:01:11.615 [Forwarding screenshot on session d6a0bef0-bd24-11e6-8678-ab184a9d7075 to remote] DEBUG org.apache.http.wire - http-outgoing-0 << "QgghhBBC1JAEWIQQQgghhBBCCCFqSAIsQgghhBBCCCGEEDVkU+MccmJ5Z85HXLYreQ2nnZ0znm38+efYQDxqkrcxlfhEaN++RrkIIYQQQgghhBBC/KZq/ppmw3cE+k3gZ2d33Oupm66lpZGj0aB0mMHhbVPR31HGOawI7MR7bVZxbmlgjaoohBBCCCGEEEII8Vuq+RQhO8gDxnzwFZGRkURGRhJ77hiLH28JJz4n2nDnWRvzwN25Xo2rKIQQQgghhBBCCPFbqr01WEymUh+c+MfIADSaSySm5AAX+PSNcXh7e+Pt7U0Ln0De+TIWAOOF75gR6GPd99ScdaQCsSEzWH1Jw6UNz+Dz1ApKx2ni182gRY8ZxOaUbNv1xnB8xoWQAxgOf8pTPi3Uslr48MansdZ0sV8uIbBFi3LlgYGQcYEMH/cUPi1a0GJ42TKFEEIIIYQQQgghbqVWAiwOgPHGDcCI0WgkxxDPmo82oSgt6ejtxI4ZD/Pa+hhmLP2U7ds/YXLXPD566WW+yzGwYtQEtutG8Ok33/Hp4tEc3hLMlJBYvLsNoqWi4NRnEkum98GxVHntu3ZBc2kH6/ddUDfkHODD9Sdo06sbtj9/Sv8nX+MX38l8un0770/uyoa5QczZdYGcw+8QNGs1ugkLCP1mOytnP87hLcEs/04NseQk/EzcvsMMmDyBMT3uK1OmEEIIIYQQQgghxK3UfJFbQAdsmfIIW27aPuz1/9HTyUj84Pd5/9HWDO15L4bUdHw6PQC7znGjAG4AXEzk+Jlk+veawjfbg7BtfC9Oem8C3GGblx+P+LUvm/H9g5nR4TXe+1847wydSvqezzjB/Xw0qD1H1swkG3dem/Ekng43aDF2Ao9v28UXH4bzn5WBLF7sg/9jgbgaDNRr0wInRUFnyfYG4PT4ShbOlDVfhBBCCCGEEEIIUXW1EmAxAn1mLGVil/qYTCZMOODduiPN9Gro4t7GsGpmIDPOakod1ZK66Jny4fskznyRRTP2sQhQmvixYPkymuktwRdM5coDJwb/awTvvbiWfan/JPGjXRC4gEf0cAAdGs1ZZg3rVSq9BhxyMbnWJzPyTXrNmlJqV6k6XYOuXVrURpOI30DU2oOsjoJJb3fDv5KVk40JZ5m9IJPxH/nTQXfrdLeTfT6dpLoN8fWslduk8rKiTzLr/cv4jPXh+QCXKh5VwKaZBzE96cezne1rqSaV55mdcIHlKxLZH5lHjostnbq58ewkX/w9q5Z7wv4L0KkZrZxrqbpClHL39REFhAZHsccAN1fTaLTjuSX+tE0/w/QFV3huRTd87/i++i36EtXv2Y8KIYQQQvzRamWKUB7g1bErfn496dnzER7p6WcNrsAF3h76IrsYwSff/EBsUhKxn4y3HGXgdApMXXuKpNjv+HTlPPyvRfHatHXq+ifXADvbCsts1n8k/mTz4ZIlrP0ZJo/tB4Cp4FcUpQ+hSUkkWX62hyzl3RcDObN0FAu3/8rskFCiYpNIiv2EJooCtmoZBYCTS/3aaBJR24ypLP1PGhGb01gaml5p0txkA1vC0kjOrUF52ckE+USy7sT1GmRSdXs+SSB8eybBb52txto/RRxfk0lURlEt1qSIhDWZHKsoz/NnDiFeDgAAIABJREFU6O93lNXrsmjQoyH+nhC+/ByPtt9NRBUqnb0/ir7DYkiqKGYqRE3dlX1EEWe+MhC+zkBU5NUyP2H7srligtzkK4SFpZNeo/uqkvu+Jn7nflQIIYQQ4o/2Gy1yW1oeOQAeLWhxryu58TuYMfYjwIEbXGXd5Bd5bNxCDufWo02H1jQGuFePI3ra9XEmbf/XfBefWj5bnQ/jxtxP3I4dZDuPIMhP/XPlAwOHo9Hs4805n/JzqoHYXUsYNnEGL+3LwLYA4F7u9fbGseBnQua8zCWNhp9Pp5Q+kVprElF7zu86T6RZ/f3Ae4mcrySto0NdQEvFobkqsoMcwLlejXKpmuxkPtmgnpwm+iJfxhVW8UB7gtOHsGxQLa8WpK84rpnw4yWS0bLsyHA2L+/Bsg2D+GmrJxpzLmE/Zt0+XzsALQ6/Q5OKv5+7tY+wdQHF25NvY4dzuNRP2tkBBOiBulpqfC4A+pJzMRprmpnF79mPCiGEEEL8CdTaIre31p6xrw9Ds28Rvdq1o9ewGTBiGM78TNSJery6bg73/7yep3r549PrKbbXC+Sjt0eiA1r3GIDm7BYmDJ1HfAU5P/LUGJwUBf9x/6SZZZvebyah80dz8YvXGNjLn6Apq2nSZwa73giky1Mz8CeKKY/40M5/IOuzHsDPSSHq8AnA8vwn/oQKCPtvOoq3J5+td0eTkc6m/fml9ueyaeZuPJxCcXfZStDLFymZ/ZbPtoV78XAKVff7RBAapx6bHR1Hv5bhjB2907r/uWUXMJLPB/88TIoZ1g4JY+yy8gG+7IQkZg3cZj2u3cD97ExQAyNRyyIYPO0I84K2Wuq0jQXbMm95dglhicSgZUGYDwFaWL6u5NFQreNOpk+LsJY1cuZJyyiXfEJG7eGD/flAPh+MDmfszEgGu6jp+k2IIWJnDH6Wz36jj5BgeXCK+eII/Szb1TzjqCCMWcbVlOuoXUbJX7k9Alozd6Iej+LAZPZlFo8Ot+Y7eNoxzgPZUTF0C0xBYy7kiaZVG/EiRNXd3X0ELnWq3BKGqJOMbBlqPdd5G4tH8+Tz4ehwRk7bb733/UZHEZOt7rV1gJiwIwx2CcW7USjt+u4n4nxxsDeLTa+W9EHuLcNZ8EV6qTaqqI+6fRsJIYQQQtx1lN9L9mUlJSVFyb5e0c7ryuWUFCXlcnYFu7KV7OsVHqRcjnhbad68k7I9paIss5WUlBTlcrkC1bLKbxd/WudOK22dtygjVmUoinJJGeG8RWky6oRS/A1+/UqY4u64RZm74Rclek+s8pDzFqWJc5iy57Ki7H9T3ffCqkTlxNFE5aU+6r6vkxXl8r5DirvjFqXJfd8rXx/NUPas2qem3XxVOfP1T4q74xZlzDunlehzxpsqZKlDnwPKnqMZSvSeE8o/nLcoTQJjlSylpMyHpkYr+w8lKnMDtyhNnHcphyq85K4p8/tsUZp0OqRkKYry1dQvlSbOXyv7s9S91jo671G27EtRtryzR3F33KLM33dNUZRrytz7tigv7clRFOWasqjPFnXf5vPK12v2WY77Upm/+bzy1fvq55f25ChZh9Q8//FmvBJ9JkP5etUB676yed78PfysBDirZTwU+L0y//0Typ6jV0slyFHmd1LPdeO+S0r0nlglwPpdXVO+fl+t+0sbflEu1+ByEKKcu7aPUO/rJs5fKvNXnVD+typWWV38s+G8kqWodWzi/JWy57KiXD8Tr7R13qI8NOon5dCJDOWrd75X77mvrypl+4gU5cQ+S50ei1WySu17aU2icujr0veuonw1Va3Dsq9SlBMnflEWjf9Kbb+syvuoyttICCGEEOLuU3tThG7HSY+HhwdOFS4oqEPv4YGH3qmCXU446W46yBjLjEAf/Ceugb4v0d+joiyd8PDwQF+uQLWs8tvFn1XU5nNcRcvjgQ2Ahjw53gbCktiVApBL1BdGXKY9SPAoL3wDOrH1EzegEMjky/eMuEz0Ydkkbzp09mbxtgfxwsjm3SVrNLwV3pdBnRsRMKk7c7vDlo/P4fawG2210LRrc3yb3zS2yViPCSHt+fx/XQho50xjbz39hwCJ+eRZkihaNz5f7ksvf2/+87oncJ0rFaz3YExIYnU09JvaDGege5AXGnM+a0Mvl0n37uEAgnp7EDRHHeWSc6P8WgmmLHCZ6MNrI5oxaFx7grTgNcWX10Y0Y/j0jgRZ7nY7z2YsW+PDf+e1o20DB7zbOuCiLb+IZjnNW7LnbC8WvOKGPv0qq+cmMLZvBO4tI9h5vhBjdBKrk6DfO+3p37YejTvez+w59hCWxPcGe7r7OaBodQwe4kUl648KUW13cx8BoDGbWfXeWZa8fI7gl88xf3YiwWsN5Sa0/rT5PFex4aVZrfFysKX7uDY87Q0bl58jG7WP8Jzpx2sjPOjQuwP//cQNIi7wo6Gk/1g8zhv/QZ2YO8UGonLJpBDv"
01:01:11.616 [Forwarding screenshot on session d6a0bef0-bd24-11e6-8678-ab184a9d7075 to remote] DEBUG org.apache.http.wire - http-outgoing-0 << "YR1Ztb03LwxvjFt9R3wtq+mWnhlcUR/VqrI2EkIIIYS4C/1Fl/Wvi0eLNvRp040Zbz51+wdD8ReWyWdr89GYYXrHbUy3bNUAazamMnzcDXYboEebkjdf2BbPWcvJJwl4LLBRSXbOrgxpDp+dvgb3qZvq1yveaUOn3jpYaySvoEhdO+iGiXKTx3SONDBdYZJPPCnmUts7F6+DUAh6G+vUOVOBpV4VnF3k+osARMyIxGNGyfY9KxJJHdcIW0DR2tC4QfGee2ipV9c1KCcPHmzjaE2n14N/l+I3Etmitxyna6jj1wMxPDQ+tqJcbul8XCpXHRry7JwePDsHjNn5HNt7kunPXGT824kcH6nOP4qYfYhOs0sdqLXH1toOhbderkmIO3J39xGgrsFyPNa/wsBk2dl2WjTmQqZ33102kYtJDezkQe9uJW8pc6hvU1JuHvR4qNQbzCxrJtliw72NYcULe5kSXboonbW+t+yjKmsjIYQQQoi70O83gqU26dozc9WnrF06lfYVDHoRdw/D/rOEZkDQKj++/7EXYXt78f0RP8Z1hpiFPxOnd6G3Ho6dLrAeY1vXEjd0ssMD+HJXqdEgxhzizkOPTmogQtGWvQWSThrBU1eyrlDd8o882VFHGDI5jWb/bk/kqUGk5gTx0UQtVGGd17LS2bDSiDKsBWFHerFrbw92HenLylcc0SSlsSmqoMKjbhWfMAGNmzqU+WznUKfMZ4AfFu8jeIOJuVt7cCw5iNRkPzy1QN3K1nnI5+NHDzH4XyewLNmAztke/+FdeGEIcDSLHEtZk8LUNknNCeLUcT/eXdGKNqXX4ZX1LkUturv7CAuXOlW6bUwFJhStC2GW+y81J4hdWzvywUvNcAVwgNiT16zp866pa6yYLD/ODe6pINcs3up5nDDc+OzIAE7lBHEqzBN1BNAt6nHzhgraSAghhBDibvTXDLCIv4lCvt2YgqJ1YfwoL1p1aIRv50a0auXFs5P0aMyZbNmp8FCgluSV0XwYcZnUhAvMezEFdXBWIwaO1nJ1zXEW70wn9fxlPpx2hEgz+HRUh7hrzGZeffkIMSm5RG2MZNZ2GDKuKc4mdQpOwv5E4s7nV1g7txYuNGlYh6gvDjIhxAwupfeab/s+qtSd54gww+TxrfFt1YgOnd3o0MqV4ZNa0VYL69Ym3kGbVeE1qwUA93Cvd30cTZl8ODOaFDMknKpwXIyFPY/PcUETfZFuQQfZFpFKTHQyHwdHMGs7+D7jhbd/CwZrYdWLh9kZl4sh4QKz+h/mpannuaIDbpjRmAuJ2ZtObb2kRPzd3d19BFiCFbEZfLYtiW3bzlp/Qr84Q1RK2SBHxyEeaMxZzJt5koSUfGJ2HiHw0eO88P01dKhvJDr5+nE2RWWRGneWfz+VDl3vpYt1aMzN/YcZMKlBVU8HvJveQ17cWV4YprbfbetfhTYSQgghhLib/EWnCIm/hexLfLYF2k25jw437Wo+9D4CtAbWfJZC2oaHOZe1j/mP/sD84gSWvzoPX/4wvxgjWfREJMtQh7K/+Hlfnu9gh2G/JW38RYa0Vafq9JjWnsWjXIE6PBagZdmS0zyRo+PkEm9r2c7+rZk9LJVFkyMJnQyK1p7Hx9qzZcMVTmcD2IBn3Zv+4lz+Vvv2szSUxnoe721fdodzM54bfYwXNlzk6Eh9uWNtwRqguNXvlX1+aExreq6MZ0LHMAA8+7vSo3EmBw4aYJJTueOKdRjXh3WmH5n+chpTvk2zbg+Y2ZEPpqsLIS077IPxiVgmWKYoKI0d+eBAT/X789bjo01j2ZhI8rYOIjjAvoJShKiGu7yPgDo0dNWiMRuZP6b8lL6nP/fgpXp1rMfq/bsQtuoGo6ee5uGQ0wB4DmvB+gXeQD6mLPDqWsSs/hEAKJ31fL7eFz35Fdz3NuBQF2jEs/+nJ3xGIg9tV4O+ARP11F9jIOp4Lt0dSsovZs1L73rLNhJCCCGEuBtpFEVR/uhKCFEbsg255GGLh778XH+jIZ/MAnD1tLeu2WPYH0XHYb/y+cXBPGTKJdfWEb1zdcurg4f+rxgoKMSQch0c70HvXN04ayEGw3VMBXVwaGiPcwWLIBlScjHZ/VXbRtyt/jZ9hLGA1F9N2Ja5v/OZ13InrBlEsB+k5tapsB1uKTuf1NwiHBo6VnjPCyGEEEIIGcEi7iLOekdu9eyj09tT7mVTN9Th73km0Okdq71YcmXl/fnZoPd0vH2yWx2rr/zYO89biN/O36aP0Nnh4VlB8MQA2deKQOeIR7VPxh6Pv26HJ4QQQgjxu5AAi/jbcvR2Z/IUe7xk/UUhRAXurj6iDv5vNsV0d5yMEEIIIcSfkkwREkIIIYQQQgghhKgheYuQEEIIIYQQQgghRA1JgEUIIYQQQgghhBCihiTAIoQQQgghhBBCCFFDEmARQgghhBBCCCGEqCEJsAghhBBCCCGEEELUkARYhBBCCCGEEEIIIWrI5o+ugBCVyk5nwczTGHQlsUA7J3u6Pdqa4Z0d/8CKVV1q9Fk+/uQi+yPzyMGG1j0aMnLiAwzqYA+AMeEs0xcYeG5FN3yd8wkNPsx/v7oKD7bg0+XepJ+FDh2qf65xO2NY8O4vxGfZMvZlX2aNcLvtMdnRJ5n1/mV8xvrwfIBLtcv8bRWwaeZBTE/68Wxn+z+6MuJPoYBNMw+Q0Kk9waPcrNu2BUfxVbId05f44+usbjXGnWH6m5dp7GqCnlVN/ytPv9+Fy/+LYo8BdGXKNmN0asSCt9qhL1Wf0OCK0qrp0TcheF5rnCs4k5htx/jvxjSOJZlwcnOg99DmPDfJGz039xFlj6tsn5ogl7g77EOEEEIIIUT1yAgW8edmMrJ/SyZbNmQSFXmVqMhMNi2/yJS+u/kgKv+Prt1txa3dy0N9j7NqQw7uPRrRu4eOiHUpTOi+k8X71frnphsI355GugkM+08wfUkmtK+Pj7cdGwbuZkDI5WqXa0yII/CJc1xp78Zj7U28P/Egoedvf9yeTxII355J8FtnMVS71N9aEQlrMjmWUfRHV0T8ieSezGLN/10ouV6Nv/LZewYiNqew7UiuNd2pyIuERWRz/Vx10meBYxFnvjIQvs5g6YNKfo79cgPbMrUp4tezV4m09FWh6wyErjMQUXzMiXxMFZxD3Nq9DBmTSNhx8H+kIe7GLFbPjqXPhJMYgdxkA2Fh6aRXcHDp/qO8Aj64wz5ECCGEEEJUn4xgEX9utpADjN8eSHBvy4iP80kE+cSyKfQSL/h7/7H1q4whiX//JxPF243wfT2sf11ePDuJwe1jef+NMzy31xd9724kJReic4ZsO1C0Nszf0Bd/Cli8+SReTraVl1OB3ORcFK0Nc9/1p5cumd0uh/npdC5BzSv5K3Z2Mp9sMAOgib7Il3E+PN/hT9ZF6MGu+s0h7lp2dA9ygf9c4XQ26J0h+1gakeplzO5dlwkOcAQK+em7XOh6H08E/cqmaqR/yBmiXEDx9uTbWP8KR5+UsOf5DcN5HoACFvcN4/0sTw5Welw+32zMROnelOPfdLGMhikkdFo4L2w4y/dvt6NLXS1gi4Pl9jVSMkKmdP9REWMWd9SHCCGEEEKI6pMRLOIvwZY61t91zT3xbw55ls9Ry/bSb/R+RvqE4u6ylQ+jC0iIOMbglqF4OIXi7rKNeRtTwZjKcy23Mm9bpnqgIZmxLbcyfW26+jk7lbEtt7J4fz5x26Lwcyk+PpwFX6RbyzdEnWSkNe+tzNtYsq+0qE8TOGWGeev9yw7d9/Qm+B1XfNvbqcVGH6P3g/sI236Etv1T0JgLedRlKy/+ex/LkiBl+WHaBcVgIJ9NM3fj4aSW3a7vfnaeL6y4vRx0aMyFrFx8htCFp0hGy0Nt7qm0jRPCEolBy4IwHwK0sHxdyZCX7Og4+rUMZ+zondbyn1t2ASMA+Xw4OpyR0/bTz9JmfqOjiMm2HJuQxKyB20rqPXA/OxMKb/ndVbV9hQBo2aMxGnM+x04XAHD82wwUbzfmTtORvOYS5wGMv3IoAnoOdaddNdNbp/q41ClfeKWKrKNV8ipNB6YsoF6dUqNbbAia2prHR3vgZYmNaMxG1r4UgYdTKN5O"
01:01:11.616 [Forwarding screenshot on session d6a0bef0-bd24-11e6-8678-ab184a9d7075 to remote] DEBUG org.apache.http.wire - http-outgoing-0 << "oQyeeRIDJf3HD4bi+3Qbgy33W+DI7+64DxFCCCGEENUnARbxp+cE7A+N5cPVMXyw7AjTg75hdRJMe9ITAFP2NU5tN3DlQXcmj/eik+k0Dz+ayHn/pnz2Yw/e/bcDaycf4rlQhXb3mVmzMQ0jkHrkIhEZZraEppENGI5cZI9BS/tGlxn/TArN5nTk++O9eGt0IavHR7LTAMaEk/QJPM0F/6Z8+WMvVs2pz9rJkczamVWu3leSTSiNPXmsglEgvpP6Er68Hc6AKS+fZEMeddq3ZOV8VwAmr+jI6GFetNWCy7CmLJvpyS+rD/DSmussCOvF93s78mCsgfH9j1Y4lcfZvzXjvCFySTzT387lxdCHCWpe2WiUfLaszYTm7jza25t/jtZydc1ZfrAESUx51ziVYWRP1D18tLcX6xbpCZ97lNlfqOedk2Ikcp2B3iFd2RXWCn1YCoPHHSObdCb6xbLR2JB1e3sRtrUVzQ8ZGP9iPNkVfXckVrl9hQDQtXJnsBZ+jL0K5PPDV0a8/tmUJx91By4TnQJcNBBhhsCHG1Q7vVVsKv/deIZNG0+yaeNJPl57lvPGyutme9O/FbNn0FRXNN+eo4vLVkZOiOSDjWeJsW3OsuVd6FAqOLtnAywL68rK+a7Ehpxm+f58a/+RR/F9WkjMIQemz3QjsJ/HHfchQgghhBCi+v5k4/+FKM8OiNmQRk5zLXl5ZrIy1PH8505fhc7qQpWKVk/IR91oDvwQHI6i1bN1QxdaAXRoSO6JbQS/mcKzr7vC1DRO0YH0b35VCzhkIAlI354GPi3o3lDdfCEpk6SMBgye14cHJ0JLPfy0+jxXseHNWa3xcijCe1wbnt4cycbl53h1kG+paQD5xEQXgkOpE8m+wOCmR4m1TEdQtI6sPzuAjpY4p62TC9397kHR6ug1xJvOzgX0a36KL+91I8C/EVGHiwAzp49doWOgB28fdmamrUOpBTaLZbE46HvWJoFnY0g2aNE3vofzESfZl+fKk8Pdyi3AaUxIYnU09FvaDGege5AXmnUXWRt6mV7jGlnTvRXel0GtgM4NmLtjG8EfnyN4RGtMWeA504/XRngAHvz3k2y6PHOBH5O9mRDSnildmtOrCaReMtN/SAIxUfnWv+rf/N3dun1bV+OqEX8frvR7HF74LhPjU0bCzsOQ3o1w7qzFl3PsOZhFZ35F0brSrZXNHaRXx5VozIUsmxxvLVXR6lg/tCXNy69mWyljdj6ZucXrCNXB1dMe33F9+andWT7edJGwDelEbk5nEcfxHNuK8OUdrMe+dTiAoFZAbx3fvL6XhFM50NbSf5Qq460DfXi2gw1QgGnl2TvoQ4QQQgghxJ2QAIv40zNQdg0WdUrKLoKnxjB4yCCgEPR2ZWIZUPqBw4ZOD+rgOHj38aQ+x4ncn0zShkKeXtqKU/9JICLiAqkboN+KpjjrXVm2Io3pU1OYsDkFgLYjm/Leki6AFo25kOndd5ctzMVEHpQKsNjj382GVSsLyQP1AcbOhfH/14prdnXJPX2R4JU3yp2rqQCgEJMJSqYYqA9j/tO7MS/xIPPnxrNpbjyKVsvj7/iyaFKzMgGT81/EsuxbM9O3DmJWQB7PufzAqz2/RmM2o3RvwaMVBFgi118EIGJGJB4zSrbvWZFI6rhG1rasX69Um/bWwVqjGijJg97dSt465FBf7VpsdY40MF1hkk88KeZSBXbWWvK8+burvH2FqEjnfq4w8Ve+332VZOwJ6GQHNOaxAHh1zwV8dFfh8bZqwPUO0oO6BsvxWP8aByMi5+9kbEjJ55VJQ/BO+hWHTi15zb8lry2H7JRMwlcfZdbyBJYPa8a0uuraTF7WATX34N0c1qUYoW3Z/BWtDq97i/9rv7M+RAghhBBC3BkJsIi/iNLrH9jTqZ0OwkzkmSgXWDEVlF9TICXJCJgxeXow1uc4C1+MBnR8HuRNi9AE5j96FEWrY1UfV4yGy6Q7uLM1qxu25y/z446TTJl7kQ3/bE3/AhOK1oXwrAB8LXnHRZwlweSI601lerVxRmNOZ+HadP47zg10LgwfpwYhsvdfIXjl5QrfKFJGHmCnnrshLot7g7qRutyBhOgUdn8Sz8KXjzEgqBmDSj31JR2/hqK1p1eAPWDPf8925FjL46QAk+dU9IrYdDasNKIMa0H4a57UzTODQ12SvjrKlLfT2BRVwLOAoi07ozDppBE8dWr7O0DsyWsQoK7CmXdN/Q6yjh5h7OQ0esxsz+f/upfmnvbsnLmV8d9VfLqmarSvEMWad/PEi+O8+SoQ0IpOzgA2dBvuimZyIvOBUevd7jh9sdver1XQZUovvnzSbAkw1sWbFNr2j6XH0l5stowWc/Z05em32vPBykPcahaSifJ9n6qwbEXvoA8RQgghhBB3RtZgEX96TkDMtz+zc9tZtm07w8cL9/PY2/nQ3I2O1ocCs/WZomN/NzRmA9NePcN5Qz5RGyOZvhl8pzbFA3sGjnJBk1QIPg3p6GzPQ4GWV3N0daevJ/BLClPGHOXfC5MwNWhAm5aWxWFtoeMQDzTmLObNPElCSj4xO48Q+OhxXvj+Wrm/ALca5cfs/hA+I5LB046wc38qUVEX+DB4L22HpAG2ONxicQb1XOxpH6glee9FIuJyOf35McYP+54P92fjdp8r9+q1gA22N+XRpX9DNOZ85s6MI+58JjtD06yjR1YtjCEqpWwAKnXnOSLMMHl8a3xbNaJDZzc6tHJl+KRWtNXCurWJAGjMZl59+QgxKblEbYxk1nYYMq4pzoCtC5x8/TiborJIjTvLv59Kh6734lNfLcOthQtNGtYh6ouDTAgxg0vpGpT67qrRvkJYeboxQA8pGTBkeMnCtK26e+KiVUd/9OnucsfpTZYlgKr7Lh7TTf8CODdvhH9nN3w7u+Hb2RVnfSOmd4fIGT/wXHAcP0SlE7X/LLMGHibFDG0a37rU24/qurM+RAghhBBC3BkZwSL+9OyA2OUJTCi1zWekJ6+97Y8HkIQNeNa1Pvzoe/vz5dJIHpsRT4/l6poJPhPb8PF0DwA6POyJpzYL/QAPnIG2PRoDuQx52lMd3dH5AT565QoT3o7lobdjAWg7thXTAxzR04WwVTcYPfU0D4ecBsBzWAvWL6joddH2vBA6APeFMby78CIT1l207ukxtikzZvvg7wzZdnUoeyvaWAMvbXo2QrMunTE9jey+6M/4mIPMH7KX+agjSsaH9CDgpiEpzr0f5LNFBTw5O4HAkAQAAl7pyKTWmTw2JoWtJ/Lw9yx5ePz2szSUxnoet07BKs6oGc+NPsYLGy4S9U/L3IT4iwxpq55Hj2ntWTzKFcjHlAVeXYuY1T8CAKWzns/X++Ktz2X2sFQWTY4kdDIoWnseH2vPlg3qa3K5+bvzr6x987GFW/5FX/ydOdJrhI41KwsZ2L3UWKfmbjzZ/DirXNzoor/T9HXwaA/EU21OOsClzm0CM47M+qoXTPuJZUsSCF+i3rOK1p45W7vxbAc7sqNu7iNU7o51sC3Vf9iW60vurA8RQgghhBB3RqMoivJHV0KI34SxgNRfTdg6OqK/kwcI6/H3oHe2qfq+ChViMFzHVFAHh4b2OFdnOIaxgGzq4KxTy8k25JNXAK6e9pWP6sjOx2ACW8eS8rIN+Tjr7Ss7qkKG/VF0HPYrn18czEOmXHJtS7dpPvNa7oQ1gwj2g9TcOnjo7cpWxZBLHnXwqGrZ1W5fIe4CxgIMuUVAHfQ33UM1zfeO+hAhhBBCCFEt8uQi7l46Ozw8a/CQUtnx1c7bBr3e8Y7rUTo+5Ky3r2AdlQo425dbkPNOgisA3DAD6po3Or1j+YcyA2RfKwKdIx4VPLE56x2rVudiNf3uhPgr0tmh/y0iHnfahwghhBBCiGqRAIsQ4rYcvd2ZPMUerwrnOtTB/82mmCreKYQQQgghhBB/CzJFSAghhBBCCCGEEKKG5C1CQgghhBBCCCGEEDUkARYhhBBCCCGEEEKIGpIAixBCCCGEEEIIIUQNSYBFCCGEEEIIIYQQooYkwCKEEEIIIYQQQghRQxJgEUIIIYQQQgghhKihWg2w5G97j9R5M0l9P5QbZfbk"
01:01:11.616 [Forwarding screenshot on session d6a0bef0-bd24-11e6-8678-ab184a9d7075 to remote] DEBUG org.apache.http.wire - http-outgoing-0 << "cHXlq6TMe4/8XCD3OBnzXiBt5fbaLP4O3FQvAIzkxx6n6I+slhBCCCGEEEIIIf5SajHAcpqra0IpiDlIQcR75Jwzltp3A9OPezHFfM8NE2DKwhhzFOOPp2uv+DtyU70KEsmY/DDpc7dJgEUIIYQQQgghhBBVVmsBlhuR31BQ6nPujsgy+zX2APXQANii/mtvW1vF37Ey9TKlYvwFcGtAnT+0VkIIIYQQQgghhPgrsamdbIzkhO8ss8Uc8QXXJgVQz656ORXFbSLlzc/Q3NcRzS97uZFCsnnRAAAgAElEQVRjj+P8zThdCyPj/RAKjQBe1Jv8Co0HdQQg/9vl/BrymWUf1Gk/lIYvzaGeK+RveZXLmw9jMyQYz7HdIPcgqc/No/C+Z/EMDixVcia/vvWuOnIlfTu/PHWRhsuXUCf61nkLIYQQQgghhBBCQG2NYEmPJC8+H2iAyztL0AEQT/Z3F6udlTk/gyLjFQrj93IjB8CdujfCSF0YQqHRnrq+D1KHZK6tmkT63kuQvJ2MDz6j0NiAe4Y+yz0tG1AUv4OMuZ9gBoouJ2I25lN0tXhVmBsU5uRTlJhRbhqQUlA8rSkfxZSDklZ53kIIIYQQQgghhBBQSwGW/O92qMEKtwG4dOiG40AvAIxbd9y02G11tKfhuoO0+GwF2iPfAKDtOQ334A/Qj++rlrslnBtZV1HU0jDng67fMzhPfgfPRU9YTu6mITQmy7/2lmlKVq7og4PVIT1uQXiFhuDA7fIWQgghhBBCCCGEqJUpQhfJ/uqo+mv6Z/wyfjdK+hXL5+3kJEzAtdUdZOvWgXtcAZzQWIIk5gOLuHhgUUmay5koHSbj0vN7sg4kUhDxMQUR6q5rcbPxnD2sXLY3EqPVYFB+RYWWhIMUQNvh0UrzliCLEEIIIYQQQgghoBYCLEWx33LdMrNGo7NHyTKCzh6M+UA+ud9E4trKp/oZ55cKdtxQl8+tE/Aa7uN6UHRqLzlnrmLr7Yc28yp23Z/AqQXYNbnB9R+/Ju9APIUHPiVv/DAos/QuqK8Lul3ZUAcw3yZvJ1mHRQghhBBCCCGEENRCgCXn6+0AaHxn0zy4ZMRIwc5XSV21V13sdtwdBFjAMj0H7undAyI+oyhiHb/WT8V84GMK0kHT05N6dU+QsTAUaID92AnY1tdbjvLCxhVwcQaSKYpYRbr9IQp27FB321dQoOmGWmbOTlImZ+I81JUrKyrJWwghhBBCCCGEEIKarsGSe5C8KHU6UL1/9iizy+6Rf6K+hDme3ONXUD/c/pVCWtu66i8uda1rpNT1mUbjsQOAZK5vUYMrddo/i/vsAOr6Tabhk33RcIX8dYvI2rEXdPfhPPc/2AP2QTO4xw0gmfwdO9D6Plh27ZXS9XL1wb6lPZBP0S97MTo8UWneQgghhBBCCCGEEAAaRVGU2yf7kyjIxHTVhKZefeo66m7amcON9Gso2GLrVn54yY30S1DhceUVZV7CbFs6beV5CyGEEEIIIYQQ4u/trxVgEUIIIYQQQgghhPgTkhfhCCGEEEIIIYQQQtSQBFiEEEIIIYQQQgghakgCLEIIIYQQQgghhBA1JAEWIYQQQgghhBBCiBqSAIsQQgghhBBCCCFEDUmARQghhBBCCCGEEKKGahZgMf7MksnjeGNdbAU7DaybM445Fe6rLMsdTB73BrE5d1KfVOLjU2uejxBCCCGEEEIIIUQ11CzAonPDKW0v69/8iJ9v2mWM/4rgLfsoqF+/WlnmJsewa+92MgqqW5kcVgzvydC1cWo+GTHs3rfhDvIRQgghhBBCCCGEqJ4aThFy4h/TxqDR7GbH4bJDRX4MXY+i9GFM/2bVy9LWDmhMPUcAY7UONeaBu3M9APQ93+Bk7EkC9dUrXgghhBBCCCGEEKK6arwGi8cjQQxQFDZ9ta/U1ng+XZ+G+5in8NEBGPkuZAbe3t54e3vTosdkdvysBmQOr5hM4LgZPNWjBS1a+LDhrBGN5iyrpwzH27sdLVr4MGPFd9ZQS87Pu5gzvIc1L5/hM9j1s5HYkBmsvqTh0oZn8HlqBUmxIQT0nsIBA+TEriPQJ5DJM55Sy2/hw5x1u9ixpOTzjJADNW0KIf6mCjGk5JKakoshu/CProwQQgghhBBC/CFqYZHb9jw54X6yv9hOrCUKYjgQxj6NhglPdQcgNuRfTFy0g6GzV7J9+yeMabiLFwPHcMAAptxznN23gysPjGHCiKfx8dABEBXjytJPQ3l/cld2LJ3Iy19eAGJ5PnAyXxh7EBK6ndCQeTQ9sZ3Js9aj7zaIloqCU59JLJneB7u8NNKyE7gGFOSlcTbnLLu2u7D0k0+YM6wxW4Kn8GJEY5Z+EsLkvvXYvvD/OCDrtQhRdSmpLJ62m3Yu2+jUdjcPtd1NJ69ttOsbwcf7s/7o2gkhhBBCCCHE76pW3iLU87ExaDT72P6jusDsnk8+QmkyiUH36wADu9ZHoXSYxKR/dsbBoTXPvDwHjSaO704YAFCUoXy46g1eXjiT9vZqnq9vXstQPx+GznyPGR0Utn8UisHYiHHvvsu6D1/hkTb30sj7AQL6AhfT0LTvR4A71PPy4xG/9thhB0DdUvV8fdcqhvbsyZgnAgCYs+QdhvZ8hKkT/wH8yjVZr0WIqjl/ln7tD7FsXS5XsWHwRHemz3QnoLOWrOgsXhsSwYKI3D+6lkIIIYQQQgjxu7GplVzu78eklq+x6sso3njEk/V7IfDdoegBcs6RmAaaS6sZ6L+6zGE/x57hEfLAuRH1bsqyvnWDji497odNeZh0HjQoiGPawy9xSaOx7NdASztsKeAGAKYKq6goTfC0rLeba7qBorTE+16d5bO6vW6FRwohysplwb+Oc8oMbce24dPl7bAudTQPYjbuZ8hkA6teiuPp2G40/yOrKoQQQgghhBC/k1oZwQJ6giYMg11fsi7kc37mAcb2u1/d5eSJlzMoQ5eSlJSk/pz8jqXzFzM9qGOFuSlKE+rZFn8ycjzyZ2jsgPHwEoLmbuDeCe/y3Q9RJCUlsfJxJ8izJL0G2NlWmGd5eSAjVu5M9mU+mLabdi6heDiFMnjaET4M3ovfwEhijJAddYx+fSNYvHA/fi6huLuE83F0AVDAzmXqNg+nUNxbhjNvbfJNSxnfJk12KtP7hjN9WRyLJ4SraVy2MnjCEeKyLUks5X+49giDW6r5tPPZzQc7L5c9D0MqC0bvxMPJkqbvXkKj88skOb//JM8NDC9J4xPO9GVJZJdKE7MthpF9t1rrMnLmMRKyS+cRx0ifrdY8Bk+LKbO/QsYsQhfup1/LsvnGlTouO+oYg/uGM3JCFB+8GmFpr51siivAeP4C0wdusx47ffUZPn41gn59w3ludeptCq9cdtQZVkeD4u1GSOngioXvKH9mdwfO55OcjeU728mCtccY66O2wXOr06vcNpWnyefjCeGMnHmMbasjrddku74RfBxlGUFjuWbGvnqEWaOLr5ltPBd8BkOZkqpwfRrSWTxtN34ti9NsY/CEKGJKZZSdcIF5o3da6+I38KbrqgrXnRBCCCGEEOKvp3ZGsADN/vEE/i89SfAiDe4jluLnVLzHA/9h7qxf/zrv9PVifNf67Fn5PHM3nGVSaCx+ABSUGXei0VxiwoQl7Fj5JNf2f8SiOA2B84eiZwcAjZu2wM3VjsNfvsGULTnQEkBPuz7OfLT/a74b0oIHauvExE1yWTD8B/UBu7MLo9oXsWndRWIBRasjPRe8Coycis7iVLR6hAYjOBTy8ejdvLbdjNLYnlHD6hG7xsDaGYc5dM7Enre8gQI+Hv115WlMN0iKNRIbnYCi1dJzpAtX9mURu/kiA4w6zm3ogMlafhZKZxcmj6jDZyszWfTED+RsHcBrAY5guMDglkeJNYNnf1d6NzGxaV0m0/vuJO3bQbzgb092dAw9hpwDoMdIN5rqrvH1hlxC58ZibOLCf0e4cv6L/QwZrz5dB4x1g/h0IkIS6XvSzOlvfLmyLZIeY9Kt+3WJlwlfd46+u3LZfbY3HSps4ywWDIxgdXTJFo3ZTGRIIgPWZPD52QH00oOpwEhstBGiU4gsTmiAxkoKQ3xiOWUu"
01:01:11.616 [Forwarding screenshot on session d6a0bef0-bd24-11e6-8678-ab184a9d7075 to remote] DEBUG org.apache.http.wire - http-outgoing-0 << "OTZ0djyhliQ53W7U6Ar45aQa0Xz85Ta3GJ1ixwvfBPGCtU43OBWbz6noRGuKVFMR56vQNlVJY0g0EhmdSCTg2d2FB8kh4scsXg08gPfFQfSyXjMXUbQ2PD7NnfSdaYQviSfSACeXt6ZK1x6ZTO8WSWgGuHR3YdyIuhz6wkDs5hQGpxzj9DedcE5JIshPbXvP/nr+Uf8amzZn8sIj32IfP5xBdre/7oQQQgghhBB/TbUWYEHnx5gR9xP1RQZjRvUpsyvwjc3MyR7HohlBrLFsGzrvE2b6OHFglwM0dqB43ImdrWWizsVVDOulTinyG7+U9566Hx1PMqPPNpbODWLHXFCUDgwb1oHt2w9zJgda9xiAZscWJgw18OlnbQCHUnk6WOtzu8/i1lIj4lgdDS7D7uPghk44Ay8FxdBn2DmuAqXHD7n0b8G3ob7YpuRSN+Ms7babcenfgn2hvuqohyWZzOu7lzUr4wgd35TBV07z2m3SBDVQBx4pWntWxfZneHMbyE5lbNND7InPJbNUHZTuTTnyTRc8gGlDjtEtMJFVb53huYAuHFl0jFgzBK3qxbJRjQAInhhH754JLHzzDGO/8eXI1l8AGLd1EMEB6oNv8DMxePc9x7HjuTCiiIUTDShaG946MJBnO9gB+Szuu5P3D13gR4Mnu59JR9HasyZ2EIMs0YgflkXw5FwDS9ZeZt24RuXaOGb1YWtwxaW/J6tfb0by58eZtTwXjTmXSa+c4eRHrcsco3i7MGeiAydTXGFbgjW4EvBKR94Y5UzYmwdZtFl9w48TNZOReg0AfYN7Sm0tJCE6g4wbpa6BAqjftjGtbMEONQD3weFAgtyuk8p1Fje9XdvA+7dtPwdrcDZoVQ+WjXIDCtk0egeztucTcSSXXl2KrxlL+a1s4K3LzPL5gY0bTrFp6n08lnf7a6/fL2fV4MrI9iXt/1YW01tGsCXdSB5wZPVpTpkhYL4f66Z7AfCEbwRDZmexdGMq/Hr76865ht+PEEIIIYQQ4o9RewEWIHDhLs4trGiPBxOX7mLMKwYyTSYcXT1wUpc/oefLuzj3cklKJ7+ZJCXNBMCQmgqOruiLE+PB1LWRjDGkkostHnp1csLSpZbdjy0k6R+vkIMtTjod586p+aCfWfK7pYzKPotbO733CopWy8xZ7a0Pgvre7Xiu6zkWHiqb9rHnW+MB4OlI1MYMdWN9OLLzLCYT2NpqsXXVojEXcuL0dTxP3D5NkPpiKrzGt1SDKwDO9WnnA3uytGUCPOP/004tH3D2v58nfRJZFWvgdHYuMdGW1wkXZLNzWzYmwNa2SA0+HDJwPBsC5g7m2KTrmOyKSIhOJTk5i5jIK4AlSGHI5xxQf3RrS3AFwJ7n/teDgDwdbW2zKL40r55OYttxM6AF2zoApJ2raFpIAT99p05tUbSubAj1xxegQ0MyY7ax6Ee4ui+DBFrTwHKEotUyb00fnu9sA+SzoO9xdbu3O0vmtEQPvLC8M99uOUysueLvFcCQkM7p9FKjW+zs6OjfqNwDf8WT8K6z9pFDbLop/6c/H8Di7mqAo/7j96nBDRzxyM7k1O3aJpvbp0ENzipaHUOGuFlS2/DgEFfYXnYCkNf4VpbyARox6XU9m8YYSEi6zrGqXHuDHuRU0gPkAecTLpOcnE3SSQOnDIAD2JJPzEEjitaecc94Wcv1fdaPsIeu0/jeunw84vbXXS+JsAghhBBCCPGXVKsBltvR6fXWB96q0HtUnNpJ73Hrv8LrnGr8F3pxa7Z2AFq83EpfOnY81NseDt389F5k/c1kUn/P2nyOCZvL52usYppiTk6VL0msaG3o1bH0dAt7/LvpWBVrJs9UxxokCJ1x3Dp1xkp7nTwTYMpg+YtHWPttYcWFWDJx1+vKbHZu7oYvYNh/hlNm0JDPrCdiyx1+cmc6hrea3bSGSRGmayWf6lt/s1Hb+Md8MFwlyYA1wAI67ruv5PuwBkDOF5AHav46R3ybQ2xSxacCcPyjg4wNKfsdrkwKYvhNi6w4OOsAI4Yr14HiNr6HwSGtaJMLto7wwzsJhCeBrlQ0xt2rpJ0Mx9Jv2zan+1OF9rOMANK74F0qMOHW2K5MWjsgOaOozLYG9S11t63qtVfE3tWHmbIks3wCl1K/++hpUzpIonPEt7MjkF+1604IIYQQQgjxl/S7BljEX5+pAMBMcnoh6IsvnwKOHc0HdLc+DvXBPWBpV5YMqEeedaBEEVevFNH4PkdOH719GlAfbnNus0CxxlxI4i8FBOiLH7TV0QVgj62t+q4pRWvDBwceoatDkXWaiSnPhAlb7tUX8MHAQ6z9ETyHufPCk+608XbF2zad/j7Hi09KrUtO2Qd3Y0oqX+7Opc0DLnhqU0ju2oK961tim6ems60LVzKM0MCp3AKxUCqQpC8bREpKKt7jjJtj6T3mMi/Psv5a+vjsLA6dv2VzAeAV2IrpXgUl36KtPV0qqKB3Jwcgiy2rE3hxRPFbgmzoNaIDvSxpHriURvjcsq9pLv2d6b1db9s2beqmVr39HGzKTPK7OU5RAHjdW/b6zCv1XvaqXJ8JX+xnypJMlMaOvDinBf7tnOnYyZb/Dozg/SxLPlnA+WySjVASd8tl58ZfsO2or8J1V769hRBCCCGEEH8NtfQWIfF34d3FBY3ZzJIPTlvfpJMd/TMfR1R+XMdu6niLM8dy0Xu60Ly5C82bO3Dw7QMM6fsDHx/Lr1Ka6vhya0rJh/O/8GUs0LwBHZ3r0NBVDcKcyQCP5payGuQyr+cPDOh5lNPGInKM6tSTdzd04+lBzfBt5cjpHedIMaMOibCtSwMgeU0iUaXefBP+5mFmzYgnIl9HM4BDV7jq6Gg5Hxc4Gk9g30j+vab4rUaFZGcXWAIr9vh3VZ/MNRnpTAs+i8FYSMzGSGZtLl5YpSFtbxnLsse/b6njZ54kLi6ZeU/EWNdluZVWAe2YNd2XF4p/JrWucMSZc+/WjPMGTXQaT0w4xvmyr4HCkHCBNdvU4IrxViMyGtrfvm2qkqaK7IDkL84TZ92Sy8fvpqNotTT3uqdK117ycfWcJq95hFnjWtLLvxHOl9LZEwtgxoQtzR/UojFnse37kuCSIeIkEyafZvrn2VW47qp8SkIIIYQQQog/GRnBIqql+fD2jPNOZ+3mBNokZjC+M6wNsfz5Xlt+5EAxfUArnm6cxqZ18fhd+pXnhzuTuv8iqzcXojTW83hve/TcPg23eL1xReWeWh7L4AID/b3MfPt6GilmGPV6S/TY8czL9zH/20RWP7qbszPvY0gLM1vePEekGdrNvA9/XR1+AjRmIytnxpAX6EzirkQWhagPzjkGIzg3Y8oceyLfzuXRPhHMe9kT008XWbTZjNLYnad7N8P33/FELsniUbedvLiiBfqUDJYsVNcGeezRJgAYIo7S6dEUfF7xI3yOF73+1R6f99Q3zcQuOU6nJcet56Rotbz7Vht0QOnxIaXPP+BfbWj7nvomm9iQ0wSG3O5brS4XgsN8iGkfS+zmRLpvOUfPx11p5QwJ0VeJtKxvo2gd6dPmnoqz0Hkw4d+6yttGZ3f7NBTd8pq7mSYjkwF99zJvVEPOfXOWTdHAsJY82coGXasqXHsZ9QAjq944QPOXmmN3MY13X1avK85f4bjBhsdeaMmszQmseWoP2W+2oqdtNu++nAbAzDHNeTLv2m2uuzv+UoQQQgghhBB/MAmwiGpyITh2AO7TDjB/XRZro6HHWD1XNhg42bwBbUpNcWjoUHo5VFcWH+yKbtIR1n6bzmvfqq/edemuZ9mq7rSqcpo62AFOZZfYsC6aXJqi1RIbkmJ5hbSWxxd1YfFwVwB0nTsRGQbTxicSsSSR4gE4Paa14b15zQCY+L+O/Nj/OJEh54gMUfMYNb8pGSsusmfDJWLebU2vOY+w0nSAKUuymD8+q1R9H8ID8JjXj49sDzLh7UyWTY631EvH5PUP8Xxny0nUVRdtLci1TDXybEbo4SJmvxhH6I8l678onV1Z9WE3hre6+bYtu7gvnt7sia/DrBfj+TrCyFVsmLyiNaa18ayNpnZ4ehN+th4fLopn+ZosIjcbrK+KVhrbM/7f"
01:01:11.616 [Forwarding screenshot on session d6a0bef0-bd24-11e6-8678-ab184a9d7075 to remote] DEBUG org.apache.http.wire - http-outgoing-0 << "rXhukrc6AiabCr+zgCq0ze3TFNDQFciquJql20XR2uCVksn8Geo0s7bDmrLiow6WKVFVuPZGPMjcPd8xf3Mms56w5DG2KdONGSzbbCT+VD6Dev8/e3ceEGW1N3D8KzrMiAKKEaaYgqm4oCK5EYYLrmmaWeaSllpuXA0r0nIht5C8koaKid4k02tyTdNcMSNJVEJDJREVNEZyGh3ZnQGF948ZdhhArd7u/X3+KOZZzvacZ+r5zTnncSVq133eHHWF8AUXCTeV962wbrzepg5Qdb8TQgghhBBC/D3VKigoKPirCyH+PvSXEpj9gYbhH3sVvTYXTK+qre9IzNkeVS5knK7NRJd1H8v6dWlqr3zgYyqjjTxJ52FqZh8ehl/n+yT/dh+7J6yxrXB0wD1uJGeRS23q21ljX+4NLsX77ZysK3+FbnoOybpcLBWWNHW0Kr9fn0Pyb7mgqM0TjtZmVqspc1p6Drd1ueQqLHGqKN0KnFwdweTd9/F8SsWzk7syrocVaK/SvdVZ1PnQ7p3uHFnYrOqEqu0eWnUWWXk80PWqVts8YPsBkH6N/s1/grk9OTLXgRvJWVC/Pk3tK44vV9X3CvfXt6uPvW1lMeqq+k1V/U4IIYQQQgjxdyMBFlEjTW3KvftEPEIenvaciNJWfeDfJB9RM2/Pa8ecee3+6mIIIYQQQgghHoAEWEQNGQj/4CizPy294GzBM0049LUHrv8P1pDQRpyg88hUpu8dwnyv6o36+O+SyZpXj7JiT/nXS3u+48aWhS1rNgLk7057je6tfiJrihvxK1v+1aURQgghhBBC/JeSAIt4IOnq28QlZBqnQDRrQJc21lWf9GfR53Djt/s0cqrhVJL/Mtrk26RocsjKug/1VTRr+RhOlUyL+e92D636LljXNTOlRwghhBBCCCEejgRYhBBCCCGEEEIIIR6SxV9dACGEEEIIIYQQQoi/OwmwCCH+J6Rrr6G+o//zMjRoSdaWWEjYkIE69RpqrZY/sRRCCCGEEEKIP4lMERI1cvbaBT479iXpOZkPnIatlTVv9hmHW4sOj7BkQphzjTlT+xLUeSMF0/v9KTlGbvGk94muJG0Iov7ZYPqGrOKCaV+Hbhs5P/kPKkfWcUa+PZGvAf8pp1jU1f6PyUcIIYQQQghRioxgETXysMEVgPScTD479uUjKpEQ1ZAaSxDwUY+Of1KGWr6PS6V55z44oWXdV8XBFYD+bf/Atxnl5VI4bsZA7h+XjxBCCCGEEKIUCbCIGikXXFH2ZOXMYLa9/iYtzJzXoqMv26b7Fh3zsEEaIWri0vn9QA+82v1Jozm0sYRnw9in3QElStNmz24bKdiQxCqPFo8+T4Np4pFVff4XX04uhBBCCCHEX00CLOKhuHTsRRMAq44Mda5X6XG6e/dr1NvmLBxErzkj+OSC8bd47dlges0bRK95M4i8YzwmMnwGrvMG8VzAVHrNGUSvhf6cNxj3fb1pMr3mDWLg+m2m9S6u8eHSQfTy7UUvP+9qpz1y/X8qLJ/++kHmLPWk1lRnak11Y/KmuYyc58nMb88CWtatGsTI9f5MnudGranOjN19CtAT+a0/rlOdTed5Mufb46XW49Am/KfonFpTnRm4KpjzWaadWaeYPGcQ7+8OZvIcUxqzPJmz+3jh2aZ8V/LhqkHFZdvyH7TVzQNIv/oNc5YOKtpfa5YnM8OPlihnBt+Gz6XXrML9g3i/RD2qSr8il2K2MHahZ9E5rgtnsCOhsNRa1q0aQa95I5i5xZ+BpnxnHroAZPD1thm0KDxvhT8B6yfTa54nk8NPFV4tomKOQbOBuCnh0nf+tJgzg8gSZTr/3Vxc5/gSm2U8Pvpb/+L6TXVj7PotJJv6FoZENm2aXJRnraluDFy10nSuUfLFQ1ygNX1a3uH9hUOYpzNujzr9Dr0W+hKtOcXMeYPoNW8EmxIyiq7vzIUlthV+XjiDTd99xsgS7R1wIrE4szuneH/pIGrNaketqZ5M/mw1h803txBCCCGEEOIPUOevLoD4O2vE0I5Pkp0SSby1Fx5P9yU4aW/R3ue9/RjV5knqkIsupzbkXa12yk+SSFA2pB2P5a0Ogzh98t9E6VKBRA5d0eLVNZuvfjjIBQM0celPWvIRLmQn8u3lubh2uMLO08eIAtDt46xhLD3Vh/FPSQSsGWeXyZfp1Uzb3bF84bJOMXb5DL4GZngtokveKaac+AoAz5s6wJEMbSJf6xJB2ZoB9aBu3Xoc2TKCAScSae4wnNDeXbl64mM++mYiMbc2cnxiP9ITPuPxoACgNf7Pv4v9raPMPLGKju+rSVgTQJu8LBKzE9l8YBXNm73M2mdt2fPdRoIOTOTxp35mbgeK8v2aHqwd9wkZPwUy78S7nM6px/npg6rO485Bhga+RRRNmNd/KW3rpvL10XWsO/IGj7c8xSI3e77d9DJDTyfS3OFlwnq35eSRD/nom4mkW3/H8scPm0+/gmt96TtfXHbsKbXtguYgrwQdJGHKcRZ1tUSrPUeUDqJOnCs6plXzJ/l208uMPF0cbLiQFMa8wg/ppoiHIY6vUmDMyJ6ogF+TT3I9G7LyivO7mfIzF7KzuJkH6ReC8fgmjA7OEwjr6sqN+I3M+/lDTnzWkGv/6M26jwcxMwVe6DyDFW2aEBezjo8urePwZ04UzHkRgNM/7QG7OXSz1LBYk1qiZulEaWLQ5Q3lnC6RKKBXZiZgA3lZnNOU2Fb0OZGoHQeLkzAkMm/LJNq0iuIFmwtMnjuGzYX7lKlsvlAyP/P8v/fnw8gPK9y3yGsR/r39q52WEEIIIYQQ/+tkBIt4cI/3pYsK4n/eyb8TfwV7D56vb9zl4jaLV9o8yW+XDrHpxAWUVrVrlPTgZwYBcOHi96i5wdGLxQ+Ne88lgPYE6wwATZjU/w2mOxj3fXsuDv31WLYXHX2SU+oMYs9+b/xo9woze9cgbY/u5coWe3A1XwPzJh5n7diJTJ64joSRw0sdYxzs0IPDHx7k0KqzbOp9h5UnEqHZXBIWBzG571iWz6C/mTAAACAASURBVI8m1BmiTnxKZFYG/9pmDEzsCzjIoufGMmPiJpJGDwfDV2yJ0YLCmHZz50UkzA9gxoh57JkxB4CMuyWnXHVkX8A2Zjz7PHPn7CeoGVz4+ROO3Kk6j3SNBpRNCPrHfpaPGsurz73DtkkzjHW6lwtZRwk4nQgOM4hZHMCrfSey1n87Y5RwLi6Kz6qqQ1mGU8wzBVeaN3uDcwG/cHfpdnztjLv9v/iUS1A0xQY68m/fb/h+4hbGOcaxxhRc8ez8MWkbkrj7/jpeKJNF+i/HOYwtw11bA2BpCitbljjG+Hd9LIFfrycB0L/zcF7t+yJz/3GQXV4TeL1ZPdKzrnIltwkveKxj1/R3GN13LMvf28oMJaA+jxqAs+y5BC90fwbb+v04vuYg80yDuzp0+Ji0NRE814Dy03gUZbaV+NyhzSJ+35DE7/+YY9qSSszlG2jPhRcFV/wnHqRgTRI/PV+6L5rj39ufRV6Lym2X4IoQQgghhBA1JyNYxAMb1KULcIMTv8LNzDNkdxtB3y4d+eaHc7Rv0QLyLhIUsZebwC2rJrzXsfpBljbdnsdz10GiDFF884MzMYbifReuHGVHZIrxg91z9G1ig+6ZQbDrIFHnv2OP5ZVSaf1wah/pCScBeKH7IHp209Qg7fJly8rWAbZ0bdu0uLzPjMRz1x7STJ+VAPVc6dzQ+Dk9+aJx2kZKAF3nhRkjMEq4oAO4RVaegfQ8gESGLvGk6P1K2cbgz95z51je1pRXSxdUpt0qx054liibwQA4v0C/hoVbbBjcdRC+KdHo7mZUncfkiRxf7s6OiLXMPHyFK9ozHNalF2dwN5s0YEz3QRStZqLszrY1SYCWD+ctNJ9+1zJvzsnJKpq+NPa5Kbg2VAHdmTPsZYK2fAWGn7lyp/jwDp2nMdrFlPKdo+SYtnd9+llsAZoPYnQbW76+VFzm02d2g3Ig3Sq4lhVxdetHh28OErTrRYJ2gWez4Yx5diRvPdsLW2DV4giif9jB++t9SfjtIl9rTCNo6hnXWtEn/Mh2INTNdMGUDbFRAtnQwKoBtkoV"
01:01:11.617 [Forwarding screenshot on session d6a0bef0-bd24-11e6-8678-ab184a9d7075 to remote] DEBUG org.apache.http.wire - http-outgoing-0 << "5FWcd2VG9RlibO8WnRgAxr6kgF9++dl0xHBe8TAGkNy9RzLgmz3VniZUGEgpHMkiwRUhhBBCCCEejARYxAPqSC8na8Cat2YGF22t16o3Lj8Yp3Hc017lpmm7JjO7ZuOlGnowxgGiNKnM/DIAAM8Ob9AxdSPrdGG8csR42AumB337woCMbqNpny2+XsM5EhnG15Hz+RqAJozu5gYNM2qUdsXqlRoBUZXcu7cBaO4wnHEuTTHkGZ+wJ9ezBux4ygrOm46d0WkEj5uewJUKa1SWeqybNANSSAN6tXQumXJRUKdQc6uGRQEYABTG8R+5ecUjQSrLIz3hMzoFBXAdaG7Xg35PjmOtaxIzI41TVPQZd7gAdKtbuvb6rAwMiqrTL0dRcXspFaoKtzewrPiEkkdnlQpeXONAXCodOvXHqeKsymvyIuf/6cqOiP+w50wk21P2EPXlHmYeeIOUj8awbk5fPsoGlK0Z06IzQd1HcvpQANtNgbqzZyKA4Xg2r7gOZSkLe5Ki8h5luFf4NqBK3gqkVNaoP5ZVMqAiwRUhhBBCCCEejARYxANp3K4XThZw5vRXnM0AyKGeQ19ecW3N0DaNSAbq2D2JDZABqGorqNnP9jb0M41KKeTtOQGPM5GsK1pzwxQwgRIBmcKjuzBu8CjSI8OKX49rN8I0IqWGaZdRv54dkMiP56/x3LMtALh0ehdRUGo0SUn2rbrhyUZSGngyd+yLRdujd8/l40uZ9Cpqmh5MmvgO7oUfr/6Hydv30+rx54sTu1f5q3eVSrh+YQ/neR5XwLjA6x6gNY1tlNyoIo/TP4ZxHQj6xyne6mAML2lPzGVmJIAlKgdnPIHNMdFs6tvalMA13n67L+vsXuOD6tahiGXRNJi9UfvxdZuIPdf48lDhmixteaphcfCpFEWJc7/bwcSOU7D8JYzPk0qMuEmNJcgA/l2KX8+cew8gi6x7xYfdzMgCjPPbYr+dy2tRsO2jAEaPmMc2tKxbMYCZSd8S+T18lA3N23zMtTmF1/EsY7/B9G2q5fBP52jeYVKF680UyaNo9M3vmdmAPcmxUTVenLZdu85w4hwYviLsxDQWebTg/I/fPtAitxJYEUIIIYQQ4uHIGizigQzp1BbyEgmP+YGjl37g6KWf+OaHg6QAXTr15cpvWlB1ZGbXjjRu+CxvdH0S8u7XKI823Z4vEbBojUerpnRu26P4gKKACRQFTQo16457ww70bmNbtGlM935FI1JqlHbWccbOcmbkNuPbetyHzeYF4KMv+zJz22es2zKjaJHWwtEkJWYdGdXvymvOcP3Su/T6NJjIhFN8sW0yHge+4msNONS3Z/Tgl4GTPD1nMl/EnCLyh2B6Bb7L5pQzOD31ZPUbjmMMW+jPtxdOsWn9K0xJgg4dZtC/YdV52DUy5vPDqSPEXr3At9/603WLcQHf2F8SoH5X3mxjC0kfMnLTFqITjvPJqmmsA8Z4jmRylXXIYN0KT2rNmUF0FlC/F+97GYMfFy58yONT3WgxtS++KcYgie+46bSpqD0xnvuOh+ncpFW4zGqHc0iAcXFjk0vnjwIdGVDi9cxPteoMpOL76Vy+jjnIuvUjeKXEwrD162RwQfcVY1d8xLcXznLkux3sSUoHuvJ069Y0B65rY/g24QKxMduYPOdF45o/SjAUvp7Z3Z2SypXfyq6oL67b8QK9FnrivGVjuSrmlNtSept9x+GMMf3tv6UvrvM86bjjq4paSwghhBBCCPEHkwCLqLn63nSzg9+vnOBaqR3nOHYtE+y70PzCGg6kZuLa7U1WjX0Zp0qmgpjV0IMxzUwBEgdvOtcH+7a9GGDaPcmz9BSekkGTSW4eAHg+PdC0pTUvPVNiREoN075tAO1d08gRZXd2/XM785o1YV1kADNPnMPX42WaA8+2agmAbbn62jD5ve9Y26EjURdW0TtoDBMij9Hc4WW+nzcPR8Dp2QB+GjmBDtnHmBA6ht5friKK1gRN3MHoJsbpJg0qaKaKtpEWxtBPxzDl53N4tpnLN/8wjh6pKg9379n4Otjy9en5PB34PEO/CeM5jzd4QQmHr8aRjopX53zN2g6t+fr0h3gETcT3UiJjPD5m9XMdqlEHAxnZqZCdSuFbjb3G/pvD/Yeb1mxJ57rpen007htWPdu6VHtalZma1H/ibg73fxnPesZrOaDzXEI7F49WOfrjQXAYglvxKrk4Pfs2oW1ac13zFSNDZzDzZ5jXrU/R/jYDPySscw8uJG1k6KcvMmDHKg4re/Bvvw9p06Q/QR59QPcVQ4Oe5+nQ+Zx2fIN5zk1AF8nxuENcoAl9SqzPA6AsW36lG/+cOIPmpjpHaVIZ020Gk0yL+9rUsaTk6B5lncJ6l9mmdGPz+58wxlS/C7pUBrR5mRdMi+o+3MQhIYQQQgghRE3UKigoKPirCyH+Psau9anR8Tb1m9JEoSfhzu1y+7aVWLvl7yT96jambz/H1JkBeJkWk9UnBFM3aBXzphxnedemZs/X37nBb3fzUNS1w7GhTQVHZKBO1YGiHo/Z21O9lTwAtATM6848ZvD7R++A9gbUbYR9/YpSMJ+HVnsDA2Bt0xRbZQWnF9UD6ts0xb7+o6iDHq32NlnAE/ZNq3GOlnUrXmUPTXF8rB8Bk8dij5aAhd2Zp4EO3dYRNdKVTBrh2LB8avo7Wn67m4tdo0rqmKVFfTcX6liXu076LC2/ZeRS36ZM+xq0JGeAk33lq/eUYshAnZGJstLrVF161NqbUKeyPiWEEEIIIYT4o8kaLKJGbK2sSc/JrPpAk4ysG2RUks7f1t3rbE/5iu2BBsKGDcUu8ywBu9YBtrS1a1Tl6aqGTXFqaO4IGxybPNhDsgHAYFzQxd7eXKDHfB7mzzUyX48HqYMKe/umZhYWLktJbloih3WJkHSMo/FhWGcnFq2507+VC7YNm2Jbydmqhvbmr0N9exzLBY5M59a3x6mifUp7nKpfAVDa4Gj/KAIiKhztWzyCdIQQQgghhBAPSqYIiRp5s8+4hw6O2FpZ82afcY+oRH8+2w6+HO4/HHR7mLDlDYbuWkeUsiNrp+3j1ZYPMwrhEZRNQfGrfP7r2fDWnI3MsDOGUK4XBVdsmdF/I8tNCxALIYQQQgghxJ9BpggJ8aBM0zsqmkIi/lz6rAwy72ZiqGPJYw1rMq1KCCGEEEIIIR4NCbAIIYQQQgghhBBCPCSZIiSEEEIIIYQQQgjxkCTAIoQQQgghhBBCCPGQJMAihBBCCCGEEEII8ZDkNc3iwegS2bt7H1Hnk7iVcRebx1rh3ncwLw3s9L/zEpsqGJKPErj5IiP9fGj/CN5KbUg+RODmy9VIL5O9qz4hb+BMRra3q1EeiXuD+eJyc/zmDMNcFpmJe1m742dQKExbLKn/eFO69OmPh1PN8nwQyTEnwMUDp5q2q0FD4nVo3dqhhuclszlwKw1G1rxNK6fj0Ia17D2dCC2GsnjBaP74lvv/KzFyK5t2HiP1rg19Xp7CpIHt/+oiVVN1r6P5+zI5cishO4+RercF73yygE5m+vYD938hhBBCCPGHkhEsoubUR/GZ+gFhB6K5ZemIm1srSI1lT+hS3g6O/KtL9/9G9q2LnEuI5FbeI0rvt8ucSzhVjfTyuB59jsQHyPjW9bMkRF8np6ocbqUSe+4csfGXuXz5Mpfjo4k8EE6Q31SCI9U1zrcmMmM24Be4nl9rXL1Mtr7twwe7EmqeafZvHDt3jmvpj+hiArqYnYRGnIMmrXFu+hj1HlnKfz+G5F18ELyHbMdudG+SwYHQAA79sd3okan+dTR3X6r5OnQPSek2tG71uNlfPh68/wshhBBCiD+ajGARNaRj6z9D0KBiuN9Kxnc1jQTw0bFjwWzCI8OIHOuF1//yT/Emdl192Lr5DZSP6ldmhQKwRFHlgYAK6ltZAWCAao8qUigAlaLqPBQANviu24SHqX6ZyUdZ6BdCZPC/GOC1gNbVzLPGLI3/sKpWQ5SWexds6lvV6BwDoKxXD9vCrB8RhSWADW8sWUCnR5ju31H2b6mADRN9p9JV2YWzLwUSf1XDQMcajjT6C9ToOqrAsqJ+a/iVeD309F3MHI8qvjAe"
01:01:11.617 [Forwarding screenshot on session d6a0bef0-bd24-11e6-8678-ab184a9d7075 to remote] DEBUG org.apache.http.wire - http-outgoing-0 << "ov8LIYQQQog/lgRYRM2oYzikBgfvWcXBFQDsGD11PCcXfYf+ViaZvx1hXsC3KB4DtToD5+HzWTG8LpsD13AgQQOAo/so3p47GkcADJzYEURQeKwxOZuOTJv/Fv2crInbuoDP1U60vHOMyCQ9YIP3tPlM7edEZvwu5gV8R8MWChISjD95dxzui994D5SALm4vK1aGkaQHUOE1YS4+w4xTDzKTI9m4JoxodQYAKkd3pszyxctJCWRydPMnfH7gHHoAB3d83p6Jl5O12TRLyozfwVsBF5i2egkdc04QFLCeWI0eAOeeY5gzZyQVPT4mHtrAitAIMgAb5448ln2N+r3mMNO59HHJJ3awZn04aj2ADV4TZuEzzPiIp7CE8wfX4hMYiwZwcBnMLL9JtLauqt41VOJXdGunfsz1uYhPcCSHT+ho7WFnpow6tr63kORmLugiI1EDKgd3pi+Yi4cDgJq9wRsIizSNNlE54D1+OmMbn2XG0ggAAie9h++GFXgoEs30q2LxOwI5kAFEBvJqynBWrxhPupk2TDy6gRUhpuvgoCIDcDWlVVkbPnE2iA++Bf9P5hZN44oM9iVU04N1S0YXTbvSxWxmaqCxHktfepXBfqsZ9+RVNgaHEJmQUVSPWb6jcVLq2LFgISepx62EJPSOw9kQNL7UNJSaXFODukRfVDngbJvOrYYD+XjJEI6Uy+clEiq5L8Hc/VXV9S1NUa8BkEH454fQKb4jAxXtWzYof6AxV3YsWMiZeo5kxxr7t42LN3P8phrbPNNcf6i4X001TUdSn9jBp+vDTfWxwXvKHOO+StK0Kncd/bHctpzcsR8zqavxCsVtXcDK821YvWJIxdXJjGPBpCAygOigSfie9+O1et+YzjFe58z4XbwVcJYp09uwLqhk/3+PpCXvVpLfeFK2LmHjJQX1UmNJylAxyn8d/e99X63vLyGEEEIIUXMyRUjUiO7Xy+hRMey5ruV3Og4kaNMKBra2Ji9Hi0afgVrdhMHePeniXIcNb33AgYR6TPDzx993FHmx4fgu2IUBiN+xkKDwWNxH+bBsmR9eNucI8VtIjA5ys++gjj3A2YYD8Zvvg5djBhEhIcQZMOWjIeGaHT7+y/Ad5c65PUEEHVJjSN7L7KVh3GoxmPnLljFtcGsiw/xZFakG4lnqF0x0Xnt8/Zfh7zuGx9SxBK/ZTSYQt3UpIQfO0Xq4D8v8p9ExPZZgv7UkmU2ztLwcLRn6VHLQ8eWiIGIVnswPDGL+FC+SorcTsCO+3DmZcVv5IDSCuu6jmO/vRzcSSdJkoNGmlzrOkLgDv6BwbrUYjN8yfyZ4NyEybClL9iYCoKgLmnOxuEzww993FCQc4IOlO8isot4Py6FLFxyA3LycKsuYm63hXGQkLcf44OczHFtNLEHBezEARwN8CYu8xvBp81m2zI/Bre8SEbqe885DmDLcBYCeE0bhYqcx269KetLNEwdA5TKY6WO7UcdM+TLjt/JBiPE6+Pv74WYMs5niSZW34RNu7SEjlr2nTf0hM4bdkWqauLmVWtPGzmUA04Z3BMB7whT6tNQS5BNIZIINY3z9mT9tOBmx4fjN3UomkJ2qQZ2QhNtgb7xcm5WZhlKTa5pMkG8QsXdbM22+Pz4DHUjS6MlIzSavgnyum7kvzd9f5q9vWdadhuBlA0kRoYQeSGKw70cMdKw84Jd9R0NSbCyuU+azzG8MNgkR+C/dQSbm+0Nl/epEJqDey7ygcFKbeOO3zJ8xPesSEerPjsSUStOsV+461iPtVgZpecWRx9zsVPSpaZXWBWtnXpnmDYDL4Cm81qdluXPyclLJ0KeS61K2/2M2v9xsDZqEWLJbeOHdsw+tC76v9veXEEIIIYSoORnBImpGoQBssbYt3KBjg89UIjSFn1UM9lvNCNOnMcvmM7K1EkP8DsZngMuosTzT8jHy6M/YwScJOvAtJ3W9STicBI6DGd3fFUUOjHhtFJFLwzmVoKM7AD35cO54HAGX1xKIXHqatGxoVpjP4gV4OQHtfUk5OZ7wg99z8tpJ9Ngw/tXnaGyVR7MRI+n54zmid39PZo/+DJ8yBUV7D7rag0abh7sLqK9pyUHD8UNJ4D6NBeO9APBbDF/+eI9LB/ZWnqbX+DILwyqK/pkHcEtNQtJvPNN1LIFOA1A89kS55j1//BiovFgwdzQOQKcV75D00lJulTnu3LHjgDuLl0zCCaD1fHKSxhP+1TF0w14i7y7YePnhM6wr0JW5d5PxDTnMmZu9zdT70Um6+hvnEqouo6qnDz4jjW1MwjECo66ThoFmz05jWj9n+nVtgk6jxaV1Cw6c05CXZ0cXV0fYc4devbtSL34HEZX2q5GlpqpZt/agi00oPzq44tGpNTEb1lRavujup4GeRdeh/Ud+JEwKNCZkeKzyNnSayHDHMPbs+x5Dv/FoTxxEjQO+vctMmLJ2pJvr44TscaBLby8e+3UrscBw/8WMbG8NtGc5v+MTcowzuiHkYWyrOZO8yje2ufJAqT6ZGXOYWGDUewvo1xro1J576lcJuVzcT4vz0bFhcnCl9yXnD5m5F4aYub6UGbmlZvN784jMABsVZOhVNHjMFvWJvZy+68xz/dqXm+KWdxdsvP2YOrAT0Im5067hE3KYU9GY6Q/PmelXEHP4EHpc8F8xlfZA1zlvk7fhR5rdOEZ4ZWnmjSx1HZ2sdZXcEebm81jT3rMLDiEROLh60Km1NTHHyp5T+F1ih2uJ/m9HdfJzZ+4CHxyBmA0+Nfj+EkIIIYQQNSUBFvEANCT9molHe2ugHp4vTcA+AxQ5lwkLjyYnL8/0//cONH7C+GiUnW78RTUhfClTw0um5YgiOwV1BpBxAL+pB0rllJJwle7cBVU9ClfOyMs1/rvkI4Rt0bIaSlxcHeBYGrkoAA2hH/iULn7dbHKUDtjmXmaVbyiBJfc5KFCgQGEJNvXrFm1WOvVjkhPEbDhYeZpQyQOKHWPfm4Z6TQjhIQmEA9g4M2HOeziWWatGoagL+jslZt4408YGUitMt2QbKHFp41B0YF4utO/Ssmiv7WMNjcdbmqv3I5CXx13AzaUlnDdfRnKhdfsny9VIgZInHoMda/wIKV1IYxAgF+AueXlV9KvyhTO1a+nVQSsqn0JRF8gtPtLaBVcVZAOY7TvW9B7akz0hhzip6U/K3nPQcQIeFaxJVLIeeTnZgIpmTxT3ICubesXlq7CtCotd/WtqrI+Kxo8Vb7NpaAume6pUPplV3Zdm7q9Ky1y+TOpD/+JAkp7BvhuY5HGLJS99wPYPZrAdPTgOp38FARZyob1rcdqFbXU/01x/MN+vjFEbV4rDnk6MnuqE7sQGM2mWvo4Vq1vZjhL1Md435FX+LVKoZvndBVVDilcdMn/NJMAihBBCCPFwJMAiasSupSsORLAnbA9DVozHDiXtvYbRHsAQw+7w6BJH3y16llXUMz5WefttYKpprYBMdQzfn82h5eONcVBBQvtp7Jzbz3iCQc3Rw/E85uZC7rdVlUpV6tOvyRqw7YFFXgbggv/OJRSuMJB44ijJeY2pE7cZ/7BInL2n8OGIrjg62BG56lWCC2ft5EJubvETjCH5EEtDLtOhceVpVrZiBOhI+g1eWbCV9lZa4s6cZlvodsJW7eaZTZNKraWRl3cXSk0A+ZXkjPKLqxqPK+3mDQ3gQh7Gx6iUlFtgSj0nLRuAjPjNBJmrd43ULX5Ls0nktp1koKLVk/XIO2O+jHlAveKhUCWo2fhBCOcceuIXOA4XJweI2cCkwNOlD1NU0a8qep1LLkWvljbXhnfz7lJ6QeEkEvTQEsisou84eg7EOSSa3f/6F7c0MPiNZyooSBl5eYCe27cMYGcMJxiDLlTRVlWXp7zS+WTcSS/qYKXysTZ/X2bvNn8vmCtzSb9e1gCOuHvYAXYs2DCNyVNDyAC8xw6p+KHfEpKSblG4oEuOqa0K6prrD2o2Tq28X+XlARl3SKfwrtGxa9VabjSsaybN8kVTAFklulbJ9q0pRdG/K4imKGqeX56Z78TKv7+EEEIIIUR1yRosombsPJg1wR2S9jDVZwm7jp4gPj6Oo3s3896UQDIARdmnbsC6"
01:01:11.617 [Forwarding screenshot on session d6a0bef0-bd24-11e6-8678-ab184a9d7075 to remote] DEBUG org.apache.http.wire - http-outgoing-0 << "Ux86AhEha4lM1KBLPsEn8wIJC4sgXemAa3cbiP2cDUfj0enU7N0YQEhYKLFFS4/kVfSIYaLn8+DNxGs0xO1dRVgCdBz4DG69ngESCF21l2SNjvjIzXwQFEJo7K2i54+GTRyxb6Ag7lAwwdF604+/drh2d0AfHcrWE4noNPF8GRJKQtIdWvatPM3KV4xI55vgEPyXbCQuxwpnl5Y0BHisQblXurr2GQBEsyhgB3HxMWx4L4AEyv8G7tK9GxDLP4MPodbpiNu7itBz4DiwFw6AwhaSwtewN16DJvEowcHR4NiH9jbm6l26rQ3qEwQvCeBQYmWrs2g4deQokUePcmjvLoIXTCY4UoNNz9cY6KissoyFeZWWRx45xpEiDZvyZJMG5CQeJTAwAqhrPNr4JEzC6XgszfarsuW146n2KjLOH+dEosZs+Xp0fwaIJnjzUdQaNYeCt1F2lYpK21DZnuFeDqhjY9GrejKgk/lXauUBdu59cAG2rwgiRq1DE3+IFcHRoGrPk3Ylj6yc+WtqaoGuA3AHti9ZyqG4eCK3LiEktvz1NzJ/X7qYub+U5dIq/lx2i2t3V0DNxlW7SFQnE3kkhgzTvohtnxOnKb9qi6IuaPaEsTdOjSbxKKtM/btbL3P9wXy/cu3VB4hlTfAh1DoNJ3asZXv0Oep1GVStPlZUL0uI3fYlcWoNcYeCi9q3Rm9VVtQF/Wn2n0hGnXiUwDWRFF2kEv3fUK38itu8etdMCCGEEEI8KBnBImqs9bC5BNrsICQsnO0h54q2qxw6MmbWeEZ2tSMzTkHppzYn/AJ9WLo0mODC4ekqZ6Ys86M10NpnOTezlhAe4k+E6Qz3MX5Mam9NTFRdsLUqM7WgzNNj6gH8fYzTGJy9pvDWMCesccJ/Qg4BYWH4RYcBYOMynPkzvbBWujDc5Uf2hPkzPgzAEXd3R2JjE7iaCR4+c0m5E0B40Afswbh/zPyZPN3JrtI0y1JYFraBE2/6jWJJYDhLfSKNO2064vuP58o91Fi3H02wbx7vB4WzNBYcXNxxJBa7Vk9AiVCLXdepzB+TzdLtofhGhhpL2HMCC8Yb39BjzOMuYf4+hAE49GT+4vE0s9aYrTfUBdsGWAHZv54h8lwsVoMqfzSM3B5CZOEHG0e8Rk1m4miPapVRQfHMlKJramuFgtY8P8adc9vD8RlvnJPh0tMdVXQs5xM0eD3ZFkciORDiT07dDWb7VVnObm4QG03QB3dYtnNJpeWzoxPzR/3O0vAQfA8AKgfTOCkF1p2eM9uGdtbg8dxA1keG0WRgv3JvMyqtrvF1u8r2+C2bwtIloQT6TjXucnDHd8EcnCpsq2LVKU8xJ+Zuns+qhSsJXeoPNs4420DS3byikU8l8/Eyc1/CJDP3grnrW6b8XV/Db9QdAsO380H0dgBcBk9jVPMrLA2J4GjCy3RyKN2KeXfBxjGXsKW+pv7tjt8C4xt3Ku8P1ub7lcd4/Cf8jn9YKL6mTt1xuC/jOnUAM31MV/I6YsdzEwYTFXyApb7RgA2ONqBWGKc4Vn4dFdiU+NR1xEQ6/hhIeJAf4YCze0dUsRpjMK5M/x9hJr+ybW7Xydw1E0IIIYQQD6tWQUFBwV9dCPH3lanTGX8dVdTDzrp6v4HqNBryFAoc7Mr/sm/Q6UjLy8OqgQPVSU4Xs4GpgefxQ9pP2AAAIABJREFU2xxMxzwN2QqHMg+UgCETTVoOCqsG5cqYqdOQQ8VlKS4PNHCwKx0MMZNm5QzoNGnkKaxwKFdII03MVlYdVPDegtHGaQqZJ/CZFISzbzBzKnq/bVE5Kqg3YNBpSMtT4OBQun5V1fuRqqKMlcrUocmpQV8w06/KlicTS6yVyqrLZ9rXwMGhXDDMXBvqTmxgalAU04K/oF9F7+KuvHBV9pHKVOuaZsazauG/aT9rPgOdlICBHe+NJ5wxbF0xstJRDGbvywe6FyqsALo8UNSzK8ojU6fDulx9dAS/OhVmbcCnI2iyFRW2VaX9oap+VVifBg6Fs6iqTrOSNKrbdytjzK8BDmUL8rD5PaprJoQQQgghSpERLOKhlH/4qZqdQ+VPnEo7O2r0PJqXB6STkwdKu/IPwcZErXFwqPhh1drOwezCjpWWx0yaZlIzW3cAKytIOhfOVN9EvF3qcT4iGg2OvNSykvOqKIfSzqHC8ldV70fqgdoKsLajJqdV1bYly2Nd5nOl5atp3zHEE/B2ALEaPbhMwLNGnRmq00cqU61ragl31AmE+r1NvLcr2QlRnFODl083s1NEzN6XD3p9y7K2o+y3SaXfL3rIyskDpQMOlRS80nasql+ZqU9N+tijaJM/LL9Hdc2EEEIIIUQptf39/f3/6kII8aAsat0jQ98Y1y4daPRf8EOs8vGOeDjZknEjGbUmAwf3fkye40N3B4mF/i3cTyMx7gp1HJ/F1/elSh/+/zJ1HqevV3sKsm9y5fpvYNuOIRPf4lUP8xOZ/n+5x93cXJ5w6Yzzf8NNL4QQQggh/mvIFCEhhBBCCCGEEEKIhyRvERJCCCGEEEIIIYR4SBJgEUIIIYQQQgghhHhIEmARQgghhBBCCCGEeEgSYBFCCCGEEEIIIYR4SBJgEUIIIYQQQgghhHhIEmARQgghhBBCCCGEeEgSYBFCCCGEEEIIIYR4SBJgEUIIIYQQQgghhHhIEmARQgghhBBCCCGEeEgSYBFCCCGEEEIIIYR4SBJgEUIIIYQQQgghhHhIEmARQgghhBBCCCGEeEgSYBFCCCGEEEIIIYR4SBJgEUIIIYQQQgghhHhIEmARQgghhBBCCCGEeEgSYBFCCCGEEEIIIYR4SBJgEUIIIYQQQgghhHhIEmARQgghhBBCCCGEeEgSYBHCHH0a4et/JiLZYPyYnELI+svc0NfsvAeTw8nIm2jNHZJ+m91bL5Ncojx6bRrJ6ZWdkMa/FscQkVy9EkSsP8P+S/fKpRGy+AxnKs0D9MnXWLM6nktl20l/mzXvHCNw9+3qFQC4FHGewE3XMJNd1bS/E77+Z3afzHyYVIQQQgghhBCiUnX+6gII8WfSazO5jSVN7ZXVOyEzjUXzrvBc85Z4OynJvJrCkvdSSW3VmMXe1tU+74Fof+PFYWeZvGsIi72tAPghYB+v7HiMuLM9sAe0MZeY4XOT0IGtcFIB+huMahXNGaxYc2oAo9pk8eXqJDItTbHU9HSWrNRScDmPZb2tMOQCufkoWzXn9SGN0Cff4D8/pqGkNljq2TkvieOk8/FnjrTsZIsuTkdOpo4lK1NpkALLnrMiO+s+WNow9OVm2BZW/2oqAYtu8tTY9rRRlaiTqi762Nt8EnqBl9K8cKqyEQzsfPcS62jO1MktHqAR73Hmq5+Y/qYadT7AFULffIp/LuhMG9uqzhXoDdy4lQtAfUdrpMmEEEIIIYSonARYRA3lEDh4P5/oHYk7ZnzIL0kbeZLOw9RM3zWE+aagwP8nUZ8cYcLaxsSkedC0OidYQn1AZWn6rKjmoC/L2jQBVPVql9lxD636LrllttZ/zBpbVZmNlrVpZwFwv3hb7j3IKnGMwgKwoLB4qJryz3BnRo5KYlb3fdz6vBXRn18jAQuMt7sx54YXfmfbBcigDmTpcfFx4HUg8+p1/GaklipGLW7jN+U200PbcPLNS5zNN25P25HEzB3GvwsGPMXQl5sVnWNd31QuSwADEV9dQZMLyvqW4GhBrVgtAQHn6e+swJB7n3rNGjPCqxHoMzlzKo1cpbGdLRV6tFnAU3Dx/E3Ivk+FFCo6uzeiZBPeOJnA4nkX2BcLjgMc+c/HLui+ieONBVfoE5rE+I+68O70FuX6cLEc1gzez4ofKz0AgHbvPM2R2TC0+U8Y5jzNkYUtyqUTOHg/n0RbEXZ5CN5lMtz/wT7e+FSP4+gOnNroYian35nd6gfCNTD53wNZPMRMgK9c3hYsPPoc09xLB/u0kTF0Hna93P2afv4qywIv8uWe4iFIBRYWvDTXlflzW1XYZj8E7GfM8hym7xrI/BLBx/TYM7Trk0SBhYp1F4YywrH4nJOrD/Higkwm7xpoPmBZWJc++/mEir97qqeCNLQ3WLMtk4mzXSSAJIQQQggh"
01:01:11.617 [Forwarding screenshot on session d6a0bef0-bd24-11e6-8678-ab184a9d7075 to remote] DEBUG org.apache.http.wire - http-outgoing-0 << "HooEWESN5eqBtCqOoZIH4b+YpdIC7EsEJKrBpiYZpGdy/tdcLLPTyADSr9wmuXEWWblg2dCONtZqhnb4yTSaoti4fw8ksIIH5gwAygZpMFv+Nt5diD2uxKvXJXIbO7F8vSV74/UoscAyN50181Lh6aa85mVFriEfrO0Y87Ix3GTv3Y2rv9dBpYLCh9H/9HmaU4VBg5ddIT2Foc1P0SW8/EPxjdirRKeAISELyOfk3qvkouGNMkEbgH3LL7HP9HeBxR26pnliGRXHsJE3yx1bS3OdF5+5XmmdCywaE5PmSVMg+eRl1q88z5eHSzZyFkHvnoK60MAC0vLz+fK9n9g67wJT/tmWqeNa0rRsgIvaWDta4eiejw0WkKbnl6vGNB3drbAhH9Lu4WyrAPIwABmVzQjTA+RXsP0GO9YagxgpO6+wf7kLQyqJHGgjkgjXGP8O3XyZt4d0qVZAIFcPtfLzWfzKSfpc9qJNqb3G+7Tk/Zp+8gztBiQBUNDSmikv2GGZkc720DTCl8exM15P0heulG2ulk83AHKIPHa7VIAl7ojxetbK13PsRBojXm5g2mPg9MFMCizq0LFldYJFJlV895hX29i3r+SbQo05LB0QzbqsJrw4GwmwCCGEEEKIhyIBFlFjNQlO/P3cQ58OKAHqQOZ9U5CjNH2u8dj09FyydLlY2jXA3hYilhxh4mfFD9LhvqcIN/3d4M3uxK+sjQ3g/X5bXu2oIjdLx7tvXi8eIaPP5OSpbNp6NcYWY3An/eYd0vVWphEudUCbzpGTtxnao1EFBcvkh6gMunm351RaewCSd2v5NOB3mjjWIUOtR50PDX66wedX6gD3SFVraPt8U3qY0jf8fAavQdewcbMkQw0pX/xM968vYNPAWOeMNMiyt0D7biTR5JLashnfh3fFHri4PY7ZpvrXAtbPOEuBQxN+/H0U9ePjmR+Syevvd6TzExC1IYYvfndg5YKnsDSYHm67duLgj62xtKwN1Cb36mUGvXKdoUHdmdvXiqysigN3lg1taYqBkFF7WXLYuG3okg4Mb5TDGfV9yC0+z3WuHZbUxtlFyZEPL7LJ9yyhb18k7PpQvEs9YSt5feMQXi9q2xSGNj7FGTdHDh/rUfphPP1aheWqyo2DyUTkQwMHC9I0erZsu8mQ2Y0rOPIe+7akUmBhQTP7fFIirrHvUhfGtang0DIKu1YtjRafxdcqGGFT0u/4DTIGV4YG9WTD5OJxXvPfusroDmeJ2nOJNSdb4tej9Ai1pp2a0M4ilfgTWrQUjgzK5IdDOUXHRBy5AYUBFv0tfowGnB6nZ9VzxSqsU80pmXVgFG/qMQWIamPZAMCC+g+cphBCCCGEEEYSYBGPVEUPPud3n2Hph9eIuppPgYUFXV5twUdLu+BqC5DDv974noO2jXm+WSbLF2lJywfHAU1Yv74zv64/wcyVxp+s2412JvjTLsVremhvsHROHOv3GB/gGrg34sOV3Rnl/uBTk7QRp+k8svxoi7K+fOUQX5b4XPCmG6krW9LpDQ+2jwLLm9d4cYKaoSvcmNMtn7f7xaE1DYXJAHr2fApvLyXoLQl6s3hkhvbUeV4clsr0vcOY39kY5wmfEc3OQ21I/cIVS0sLauVnMnvAMW79OIrXyizvcvKTSMYs1+M4+in2bexMbmQC39+25f1FtkBtlAYdi95OpcOQFrzUSWFcgwW4+K8EGr7uYmzbetYMnNKIM0fv0KJ3Y4Y1q0NuRhabPkuj3fDGDOtTh1zDXaK/SseudyP692hcNF3Dc8EgflkK+/5xkHd3WrDm1ACGNrdCpYLwkEvs3WnB4EU9UKkgK+UOEZ9p+bhrYwJHmB66ba1xdS0ezaBNyaPAog7Dn2+GUzXmhAyc1oZbbW6x/tPb7FtwoWiEDECBgwW1NOVHkbj9ozkDHO3oWtXwhcziIE0WFY92sKnRcjsG9m69SYGFimW7OrC9108cD77EpdmNKRc30V5n29588H6K9ZNyGPZKKp+HXWPcshY1yZBfVv5EyHNPlJsqVJRNRBL78o1TvlZPLjOJzrEli4N/pY/PHW7EZ0CZAAv2j9PfDeLParmYDva2gPp39p6Fdv94Cq9LV1i383fOb2yPK6CP1xCVD+2HNCmerlete/ouWwIi2RBg/K5oN6AJCz7pxrOOpv+cqVNY+uF5tu/MIS0fGrS0Ysy8Lsx/uTGF3zfbaMK2ja3Z98Z3rI4FLFIZ4LafaaH9eN1dSXLkeea+dZko04glt4nO/HNpF1m3RwghhBBCmCUBFvGADFy8lIYu974pqnIfsOROSuk3zpzZFMEw3zQKLCzo/2ZjiP2diC1JDPxCx67r3vSwBe2VHKJik4gC2g1ogNPVNM4eTmVYS2Ogw214Awwn0/hlRxITHrfj1LIWoL3G0FY/cTYfHAc0wuuJXL7ccpvZffaTengIs8o+/FWTdctmLFhhhdLSNC1Hq2P+8vLv8XEb3YQBHaywbqSiYX0Fjds+AYB9G1OwQX+fdhZqHNo50sYdnnWK4z8lp4/k5QJKMJQeIWPv1YZxDqms+zSRce/oOYMFL71Zj52hlwlXu+KYm09BSyu6ZOWweE0Cw6aVnj7UY25fVt/6jtmfXaE3+bzfTMv8lZk0cKgD5EN9C5q4qdDtv8air/IxvkjsHne0Ddj1unH9D1vXVix+z4LuoVq6fNzJON1Dn0J06Cm8ZvZgfo86oL1G/7U/0WZ0F/y8rdFjHBGgsrVCxU1+2JlPrfx89h68zajZVqSfjGH2jnz6r+hetAbHiJUD+PXafgJei8KjzNocheKOpVEr/x5TBuynV2PQFS0Jko9SpQD9fQZ81Lvoejt5uzLfM4XItbdxC+6EwSeOnd5tOPbOffoOuMKodT2Z0fg6fUemsuBwdy4OOoXtgI7M8qpGZMSywj9LydBmcyn5Nrm5pmNywdJSz62KprWok/lXBODmQB/XFtx76QxRO7TsjMgpt37R+W+S+SUf+g9uRpchejwtUjm+9gpnFrSgS7mpTeUVPOPMv1/PYcyUmyx+JYY+lz3LB3GAuGO3AJgyrXW5KUAAbcb3IXV8ZblY0WOgFbViczh50cCzPZQk//Qb6nyYPqA1Qx5PZf3h2xyLNeDqruSX0zoAvAY8bjy9ynvaeFitq7dZsRzaDbfH8+4d9h1O5ZUO37PvpjddVLfx63OKLzXG/S865PGf0DTWT4kChyHM94IbP+UQj55camOpKl5Tyaax8V5K3h2F5wTjtCbviY1RXfmdfVuS6HMwk0OXvXCturmFEEIIIcT/KAmwiAdS66qWMV0jzB+kv8GKt9MosFCx5tQgRrUxTkkJf+cgsz9LI+jzm+yYbVO04Ouodc+yevzjoL/B6MbRROXD9H97M39IA1BfpnuHOFL23+TGshbErfiZs/klzgEWv3ker16XCPgwgYkHqrc+RVkqp2ZMm168WCv6FLYFlA+w9BjvbvahPD1ewy/50DOvcI2L6mrE5EWN2Opznb2D7QAVL77VCX1oFBu2XmOBLdDAnrfezmKCTxKH+9uVOd+KUSuHYmWznymrdLS9OZAbC9PYvSmFbGUFC/Qa8lE+1YxRXqYRJOkp9G9+il9MAz02jTxEqEUdQk91RglYoiNk8A8sMS38+svIQ2wCRv17IKtNa8jc2H+FfabzIxacIvCJbG59ZBylk6rNKQrGnP8qnsNxxrU5ZrxxhmcOdCmzcGkmJ08YRzLUuprDhcYN8HQ0LmeiUtXm5523UedDj7LrnpiCVjZtW/HOHi07h2vIXd8WN4srNG3bkJRdpyhwd2Zaj2YE2p/iVmGw6yEpAfWWi/TdcrHiA8o0/8n/XEedDy9Nd8YW6D++Gey4zrqQq7zjXXKNk0x2Bhvvo9HPG6eFTZxSh6jP0thyMI0uhaN/zLmZS6eXe/Dev3az4seblU4VsjT1kfqKalS4Ap1628Py68SeugM9GhN79HcKLFT06GxFO2VjIInDR24xy92B00fTKLCw4tnOxmDS/irv6eIFgL1X9GTLdOO4l90f7GPmp2ms/vImW57P5qzWOALnyBedAXh7VAztBlznfPRt8GpknBKUBpYoGfdpP25c2Msnac0I"
01:01:11.617 [Forwarding screenshot on session d6a0bef0-bd24-11e6-8678-ab184a9d7075 to remote] DEBUG org.apache.http.wire - http-outgoing-0 << "P9AVW35ndr+bFFhYEXp2CENMU5d+WB3BmAVaVm76nS2TH3+wxhFCCCGEEP/1JMAiHkiBhRUzPmyM5d0Sa2LUrU3ulZus32J8KE6P1xKVD83+0dYUXAGow6j32rIh9CzHD6aSPtsGS6DAQsWwYaYHF1VD3N3guLoJrw8xPTw6NmaYUxzrAEsyORNrGiljSGf/7nRyAUvL+8YFaaO1xKXDs49iOL+h4jVYcqt4KM/NMoZUmjSsDTVc8LfNqNZ08YlmhW8qWKjIfawx42bW4ZWAS5ycAqRBp2FP0cznFCv/lU9Ft/GQhQO46FfHuG6L9jYfvX2JFHsLmtUv+ZSfj/pqPg3etCoOsCgbsGRPd3Kzb/Pu2Cu4fNiJ6d1taWtnIAjINdRlWGBP2l28zpgpqQxd0onXO6to2K6uKc00Vs++SYEDoFUx/lUFq6dcAGDocBV7V8Xz3fRWDLG/x49fXeeMoyNrfNKZtUjH1cJpJYWSb7D9LLiNbkTyztt4v/40q4sWSM0h8Mp+PlE3ZpxXmdFKpvVW1r2ym0juUSsfBrWMBuDMKweppcmnFkn073ONXzQwrvrRL7MMQIF7I94aYQtF90VtVOSwYnnZhXtvsz04kwILCzq3tESrzoQn7XCzuM6ZiKscVLsWjejRx15l01WgpR0tyeGGGpp1awifadm5+jLzR3TFnntcOvkbmhLBJsvGjehRYphKLnWYtbETezvEGacKvdCi3BSz4mMfjG3nJnhaXOf4cS3MVnDki3zo6UAnW1B1dsDTIonjhzSkz1UQHQH0bEwnW6Ba97QxwFJgYc/704unL42Y3oaP1saRkJQN1irsgFqHr9C+zy3GvPwE3n1duJHR1XR08XowRvdNdb1vnPaVnsMvpj13Ll5ld9z/sXfvcVGViePHP5kDI8iAhI3paIGFFAIa6w01NE2ycjXDTDNrjdKKrXD3h5pQFFjKtpJGCSv6LaKMYk2iMlzcIhVUdiRQakQDXUd0QkdgROfiyu+PMzDDZYaLlbv1vF+vkplzznOe2zkz55nnYu3lZe3RVlPV9nhBEARBEARBsBENLELP+Pbnj8+17yVi3FvChndbr/Zy4rCx9U4u10pNE6eNdisOu6Ns+7DX1361n2tbfnmGa1vez4kpa5lEtkWvi5z/iR6ae+q8zkRTLzk33+xK+4e6TsgHEftXFW+latlV7Y5SDrc8FMiLo9wYUl4K5/8DnoPJ3OkG544wObL9qju1BfsJiTTw4fEI7nCRJtbtN3MY6yIV1olir8VFZuTvUWXsdbUbZiTvw+ABZvTnGlDQi8BbPOjX71r+XXaa7y6D39GznJ/ggXKIJyN7nWbwjW70GyCT4tS/N9+s20dWrRur/ubNyif13LdsOMffK2bYBxG8Mv5Hvs0rJTu/jnsWGPh7AQQuH0Tkc2O5q4MVXAoyjnKOXqx6NYxGYx7/78l9PBARwR2ecGBDEevUsCBzOO3mR/W4jv/3sh9VSD1lHnDphdlsP/dKL1yQVpGZMasXI27t0zaEHgucfDOxzw1u8+4lKNzG6mLbO/V7pRWBruEycZPzibPb+xoukZF1glnLpXD+ueWY9P4PNdw5tM38QKUn+OzgSP4wRMvsu/9FnV0ymx4dSc2bN7TeX3ULa1O13P30WV5ZWMSIN9oOBJICMFscJNBYxxdfnmVwyA0E+XYwDE/uw+SpsKtAz1417AYm3j1Q6pkkV3L3DNiVV8ueQhn/Aib+fqC13LtxTfe/tvWEtB4y+gMHimqplY9lba4fj82s4jt1HRvUdWzge5qUHqzfOonIDsb3uNj9W/utVM+v4QKxD5W227fii9PUrnK2tLcgCIIgCILwWyYaWIQe+k+Hv3IbTHa9NSzSU1rgMPd2+5kAhrrZHpR8+zCgC3NJNDMDTb16s37XFMb1tcXFfN6MGReG/IJPQEbtj3x7rg9jWyZnvURRXi30H8itPexFc8fjY9F/u5VdXp4MAeRBt7AkCL4pLwGk9A8LvY7awiMdHH2JHdk1wHX08wTqpb42dX/7ngf+1n7v2+wbtmqPM3qU7cHyu4d2s85u82cx/2o1cWzpwmI2YHuYL0g10G/pGGYPPc1KzJg9BpF9fAZ4SgOM/jC1lFde/hfJ3/+H7y5D/L1SA0C7bNL+wJq3jDBjGHf3d4XYYcTmHuah6G/Z+uhlHl9RR9N4P1Z2NDxG7oXqYi3PvWroKGtbaRrvx/fP/XS3wQZTR72VzBjbtDH+Y9MJACb80Y/f+8ls19L5el5/6TQHVh/l4PLBBBlP8m7GJZp6yXn+rze2erCv3XucddlG0t49zh+SvHjhZT/Otmz9Dx63dDx0KGjBGJa9/wVr9tTwwIzW24b+zhuo4e/v/sALU9svxVz9aSlPRJ2ladoFanI6mo3EldFTPKDgHFveMVJ3GSZP8LFu601YxHVck3uWd9883mZb167pQ3b72g78DyZgcJg0/5FxTDB5p4M5deQURbtP8ulHNexWG3h2YSnhpcEd5kmz/kOvQ9VLy4lxfnyVeQsu1lWrXGSg1xnBWyEaVwRBEARBEASHRAOL8LPxvHWANOThraPsjb/JugwwHMiRJuwcPMyrR/OkwLX4XAfXXL6ERgeRQbb5Q+aO3McuvNh6emrL+X4KLn0dLwx7VlPJ7MgfyTgym3v6A9pq1udB4FLb6ijtjpY19xqRepe0U61h5XuXmfjywA7zyOkytbVa3vkYApf6EgTUf1/LAXqxPHMUo/vZHk5dXI1suLsMjf0cJv1vZP931+Ni36uFa3E5/2+mjSwj/J3JvDK5LwazfUPCfzDTB+jNnL/cyqy7B8O+k9ImM9C/uQXHlcdeGkbi+MOse1OaJ+OxoI5vQTkvl/HdZVgVe6v0kB8URF5iDTPij/JALjQpr+OzTxzPs2M2W2jq5cX6nGF4dTRESwZ7V/+Lt0+bezwcpsfqT/DOx5dp6uVF3Krb20yaaqJ2Wx7r1Gd57wsDT5mrpWF2jw4j9vFbWofzezl//7iMExlH2RsfwcPPdbBsd4e9p9xsQ4XaLKo06E4/7utVw2e5h1m2qT/rHrctGW2sPsbyJ6UmnKf/ONRh8m6boKQfR8l510CT8jrG261YNGz89ah6nWX3DqO0raX8u3JNhwFwje40eXtNPDtWCnfvB0f57jJMuF5Gvfpbbpt8FNWTv2Pf6zfhGzSYh586zVyv3eyy9lpyxAXAx42bgBPFes55eDDW2ppycttu7l54mtv++Dv+0c2VmwRBEARBEITfDtHAIvx8PAfzdJSaJ/5Wx+ygfF5c5Qdlx0l8s46mXr15duENOOoJ4/yh15XHVtxM4o6jbJidz5E/38wMv8t8/HKVtOzrn2/+6RpXDNIcEHmv78I8K5g/3iw1PLjIbE0cJ4rOQP8BhFgfxr7JOoL2MiTPbV4Wx8yZaluQCkB39CyHB1zEfKJWmgy3zWm/yDjKOXoz74EBdNfBT6UHzqT7pfOfPnqBay5fZs3CfR3uf1urV73pq/2ByKe0uA5onq/lWjhtQHsZCtft49F0aGzZ/zKoVPzfRmlC0aBZgQC0nxZYcvyE7UgKatiydyh/GOvRap+TXxTxXPZlvB4N4Q/WB/Dag8f4cJfdsbWNFHx6ktseHNThajfQi2su1/Hc7I7T3CLU+eZWzNaeV3Xdn6PEbPfv4byjlF6GwU/6drAijStznurPuqhast7U4IM0/OuBh4e0D7T/EP4wtYzEHQb+L+8sYxd01MDigN1QoVbkA0jKUfHZbC05MbspyPLigQhPXE7q2fCu1COoadrN/LHtvDf2QQQNYAJH+QzoN+n61mn0HUR4/+95Xwf9Jt1gt61r13TztNqr795Ow18DGFSlJe5NA0293HjmsUF4ul7L1F5HKfjbv5jrqmfeKFcO/F1qpOr3O28GAeZWKzr9B3MdXPODlsjIQp5ZNZYnlsrZ/Xodswd8wfOpfvTX6njdOtH1A7PbDLkSBEEQBEEQBDuigUX4WTQ3P9zz+jTWKYp47vU6EqPKAGga6sGqDWE8PMwVMOFzHda5VWwUcqCjEQ7W9+ShI9idB3+MOkrB60dbHrwm/PFW1nawOkpX1R48QeH+s2i+"
01:01:11.617 [Forwarding screenshot on session d6a0bef0-bd24-11e6-8678-ab184a9d7075 to remote] DEBUG org.apache.http.wire - http-outgoing-0 << "r2ev+iylautP/DvqODDxMh6jpOVVCrNK8fnOBXP9BfLWXgJf63wx2iMkrr5A07SbuW9Yb+qNlzj9pYb3L8PI62VgtOAKfBazr9VQm1YOV/D/3jLSb86tHS5d7NxZ3ltdR1OoivuCeoPxJK9G19I0/kbKto+iv/ESRnlva6OEgaSR+eS1CcFV6cFtw+UY5Xa9WFQeVFcbQO7CANW12Ea8/Ac8O19yprb6JP/3ainrso009XJj+Wv9yVtxnLhp+XzwqB+JSwMZ6+tK/cEKZs+voamXF5uSfDlcqGFTxlHez5XOeF/iSKJHGEma+T3roop5Y6UHz790MzPXlh/1AAAgAElEQVQjVAzrbz/WSeoh8pcPfOnXUYRc4EBaKW//0LVclY65Fm8Ar2s77EHkCihcr+1gy7UMUvWC0l70dTHx1bazNPXqxR/mdVy4vhE3M6FXLbuKT/Ip0KQcwMyxHc1G68qMRQNJ3FFD3vvHSV5wneMeYV7t4xW0YAzLtn3Jmh2XccG2vf/UsezPq+CVhMN8pq5jk1q6OJt69WLO8iDilt/SSc8zH+6Y05vPsi9x772D2mzzYtKDct5/08i997ZuPOz8mjbho+pFU6kLd40zsyFGGjDUpPTi7a0TrZNaD+DV3GGcjTrM7jelpd8BVDNvJPPNAMDEoOHYxhrhwdTo/myIqeW7HbVsmXiO7BfvYqNLEU+8epZ1T1vP0UvO05mjWRJ65atNCYIgCIIgCL9e1zQ1NTVd7UgIvwH1F6jWm3GRuTBI5fjX7+67xMnq85i5lr7eHq1XoenAN69s46H3BlB2ZGyHcyl8s3Ir8968TFOvXgROVTDud0rGjutPyAgfBnn2Bs7y4vRCNu2xja1o6tWb5z+YROw9fUienMc6NSR/F8nQDdt44M1L1n3kZBy6j3s8jhF447/ou3QkmXO9MJ8+wd0zjvLwhxEk3+MB/Mhir2/IozdvH5rVroHlm5XbeOij6yk5EsYgoLagiJDI0y3Dk+r3SkvSRmZMZd2DXrz/SA6xufDcjnuIHWvNd7tlsAG8nhxJxeuOh3xIx5xgzIB9ROTO4BUny1M3a45X5vHfcz7uU555VzqZaqaKDWvHcnt/oPY0yUv/xbpcI029epFxZDbnlkrxTSqZRcgnXzLjValhZeSjNxK3bCRjVc1twhf4YsMBXl5xGu1lKX8/PH5fy8pRBSs/49E3je0j1kbT0IGUlIbRthlAkNTXGtBbJ0X29vXo4ZC+7urKNW3dR+bCDSq3Dnsx1WoNnLdAX+8+9Pfs5LcEo4laE3h4utrCMl6g+pQZZNdyg8rDQU8pQRAEQRAEQbARDSxCl6197Tv++tp3ne8oCILwK/SnFbexdMVtne8oCIIgCIIg/CaJBhbhN6XgzzkszBhASd0E0WtBEARBEARBEARB+MmIBhbhN6X24EnKGuVMGHud6PIvCIIgCIIgCIIg/GREA4sgCIIgCIIgCIIgCMIV6tX5LoIgCIIgCIIgCIIgCIIzooFF+E2qrT1Gde1J6k1XFo7x3Emqa45Re77zFWt+Leprj6E999tJryAIgiAIgiAIQleIBhbh1+P8LiIW+3HNYj9eLq1t/xrgfClLV/hxfdyd+MVNxGvFa9T26GRGPn93Pn2WT8Tv5Tu5/k+38Yam4SdMTBvndzG7OS0lPYvxT+MYL8fdyeAP91zFOAiCIAiCIAiCIPz3EQ0swq+ImQvWv0yXzGBppMb6uv6iGYDa73NJ0duOuNH7Olx6cqpzX7O8aK/dG8EEKhU9CalrLOaWhiAT5p/vPJ2pUZMCvDY2+OrFQRAEQRAEQRAE4b9Q76sdAUH4KbnZv+gXSurDf+H0JRm33Sotynz0yLfSNveFnFibgKrHJ3JnIHAISIn5jucDfqY1iUxGcJWDW9/WabtKDh/8AhhL+G39r3ZUBEEQBEEQBEEQ/quIBhah60ylLF21gpLzch5YtJHnh/entjSV2R99BviRFPs24f2gMOdpotVVDPG8kYYfj0Pfsby9MoEgV/hk0+OsPXoStyELyX1qPnKO8XLSEgrONoLMFS717VLYtwx5gq1PPeA8vue15H/zdzTmPtw/cBLnC19iXmG5tK0xl+krvuXxhzfy/HBXPs95ieX/yOUQgKs/KyJW8uq9EzsMtl7zLg/+bSM7rK///sEs9t/4NG+MOc0jmzNBtZCspU/SH6g/9DcetHvP5dDfeHDzVlCO5cGh9ST+I5fjwHDlg6z9YwJ39bc21JzbxwtvvcRrJyqBgSwaPqTlfM4cLnmXl/M2skUn9d0ZrrybuPkvMzegP1DL22ufYEstBAeM4Kg6kx0meHr2p7wVMYRPPlhOTOGXUnz8FvKw4gSf//sw/qF/ZVPkGMDI7pKvYPBLjHTtQmQEQRAEQRAEQRB+Q0QDi9B1rkMZQiUpjVC3S83zw+9m/94P2a2vASrJP1pL+KhGPvrmSw6ZYGDAXdRV/4NDjZV8fmQ5QcOP8vH+r9gNoP+MUtN8xml3kHCiEvDgYW8D79d3MezQLvQ9sejZdWIvu4EAg4EBZ0s43rKxnkP6cv7dYOaTN+9n9qEa23GmSl779FHU9e+SP799I4vZUM2ORtv+u3WVUFfEsts9pfe1Z2meO9dsOdv6PctZdjRWQlUlO6psYR7SfcS0N/2oe+VJPE2HeHz5PDa35HsNm+3j58Dhf8YQkJ3b6r1Dui95KOVLNFG7eGmUC7W15ezWw+6i8pZ9brlxCJ9vepDZ+yttx1VlsqIlq85b86WMj07AvNnj6Ky/TsLXCbxc+HKH214Kf4mESQmdpkcQBEEQBEEQBOF/iZiDRegGBdPH3w3Aoe+/RstJdn5ve/DPK9dAbRFvmwAGsuiuJ3hKKW37vLwM43E1W1r23ss+bQPq0q+ll94P8cykboQdNqbz6MpaDxm66/Ev+HD4QOmF+0I0f/2WVwfu5UVr48XTs7+kKb0KzeyZAOwo3EDx+fbB9h+VQN0LbzABAH8+fGEfda++wEC7fTrq4NH2vRUPS+f7LMw6n8n5GgxAbXlOS+NKwqNf0rS+in/9fqbztJr2scLauHLj4CcoX/0dF5O2EONtDee9NzncKg7BfBjzKV8/+i4Pq8pYb21cmTDiL9SlV3Hxhbe5v80p6r/bxQ48mRnk7zwuQMKkBF4Kf6nd+6JxRRAEQRAEQRCEXyvRg0XolmGjf8+ErV+y27SbT7/xo8RumeNDR3eSXXhCeuF9L3cOVKAffzds/ZLdB/9JrsvRVmF9s+8z6jXSRLH3j7mbcaN13Qi7J7FXMEDhA9SAqyvefRUYvj8oDQsCykvWML8EjObD1nf06C2VrF6bwH5LH+SAsRHun5/CIyr3lsYbb0V/PPvS4WpELsgcxCWYiNulhooJoROgqBwa91J2Dvp+Z50nhpk8FCbtEzp1NtM+zXU8TOjC+Zbzz783iqB+cmAMS2c8SMq7H4HpW46es+0+fMQS5gYMl16c29kyOfCo392BJ8CNdzN3mCefHK5vOWb/gW3gGsHoLuZ9c0NKc08W0bgiCIIgCIIgCMKvmWhgEbqnXxjzlLBbV8Mz768GYMLwJwiu2cjb+kwe+oe02/1j7qY/0L+5QUa/0brNk5jwmfyjMJNPCuP4BICBzB09Evo1dCvsK9LSeGPr03Gi8SQAbrIhzPMbhtGiwKXhBPsP7+WAqycAx031hBhMOOVqa1Q5evz7jvfxHsNtfaU/zRZLy9utVjRyde36CkcO2nFcZR0P5vFy6fgA+73PW+y3HGN7WQ3DQ+7Ct6txglYNKqJxRRAEQRAEQRCEXzMxREjoJgVTrMOEmk2dsJBZN9sPG7E2mEBLg4zN7Tw8PZLR9m95z7L2SOlm2D8BD+/rWv6eP2MTu177ko8enEQfmYIQv1EMGTCFrelVHFtfyrH1pTSlV/HSqE6ad/QH+O48QAP7Dh/oeB8nbTS33TbCus9HZBYdA+Dgns87meTWpaVHTd7uL6y9WY7xfn7znCy3cnM/B4fK7I79ZzaHTUaqS//GO1W23ivUqEkxQeTt3V+eOWFSgmhcEQRBEARBEAThV080sAjdNmz0763zjwD4E3bLIEbcOta2Q0uDCbRr"
01:01:11.617 [Forwarding screenshot on session d6a0bef0-bd24-11e6-8678-ab184a9d7075 to remote] DEBUG org.apache.http.wire - http-outgoing-0 << "NBk8htB+w5k0zLPlrXljprT0SOlW2Od3Mf9ZP2Z/sKtl8wVaa/sajK1eyYc+RIq1Aei1dycyMWkWIW+uZvPhXBL2VuLeo9Vy9jLphQlMXDqCZ+wbKbrADPQPnsk86+uEd+8kaMUEgrM/arNnA2+vmcA1S5+W5onpO5EXwqXGj0OHXub6xSO5afGdxJyQzh/z8FMMw0G7Tt+J/Nk6D8yhqrUEPHsbfmmrpcmIrQ4f3AkEM00szywIgiAIgiAIgtAh0cAidF+/MOYNtjaQKKcyoi/0v3Ui06ybF01oPYTHvtFk0cgwACb8LsL6jj9zxtv1SOlm2GdNUHvRbH1l64nh2tulg9fQ13OQ9Y3mEBQ8/8qXpAyTesnsPlHOceBG5YMUvZxA52sV2QbV9B/5DB+OsPbwMNWwuzGYp4cFtzkfHb8GwJu+MsB1JJtfeIN51n0O6WuYNuxB7ndvPtQFMNHQWAONNTTPwxs+/0N23DUTaWaVeuuKSf689vCnrL1DSp+ndWSQW5/Wg4/uenQbO+56kAnuUt5PG7GcjBG23io793wJynvE8syCIAiCIAiCIAgOXNPU1NR0tSMhCP8N6s+dRH/RgqyPN6p+ih6HYzx3kjOXwKP/IDw7391ZSGhrT0Pv7sbHSG3tWc4DN/Qf1OmSylDL22seIZdBqHymsPrx+fSnltUvjmGFDoaPfpvds4MwcB2qfp2HJgiCIAiCIAiC8FskGlgE4TevgTdWjCBGL7260d0fj8bKltWVYh7+J2vvuOlqRU4QBEEQBEEQBOF/ghgiJAi/eQqeX7qRp72tKyW1NK548vRdG3lVNK4IgiAIgiAIgiB0SvRgEQShhfF8A4aLBky9XfDp178Lw4sEQRAEQRAEQRAEEA0sgiAIgiAIgiAIgiAIV0wMERIEQRAEQRAEQRAEQbhCooFFEARBEARBEARBEAThCokGFkEQBEEQBEEQBEEQhCskGliEbjFV7yQxPpUKQ8fbDdoKKnSmltfVJUVUO9i3MxXZ8cSkFlpf6dkc8zjpJfqeBfYLu5J0t83Dn4Spms2JiWyt6Cz/DOStbd7P/u9fRrt80+4k5vFEygxg0leQnb6a+GXLSFydTmGlXbxMWvI3ryV+WTyrU7PpOMp6shMT2dq28uoryE5dzbJl8axO30qlvvUx7etdx+EYqotIX51IfHwi6VuLaFv8revzL6nn5ViZn0782rx2abkqTDoqK3XdP6yTe5ZjtnwzVef3MIz/FV2vI5V5qT9Pnehh+Xb7ND2uD131y983u8N2j/1l4nn17nuCIAiCcHWIBhahWxpPfU+5Zh9nLB1sNJSwIiaBPE2d9WU6sckb+HdH+3bKwL4dGujvI73UlfKV1sxNN3j3NOq/mCtKd5s8/Mk0nuKr8nKO1XcWKQtHisupOGMBLBwvLqeyw8L+6XWUb9X7d6A1X89gSli+OIGcggpclP3QqQtIXbmY7AoDYCBreQwZ24uhnwsVhTkkLE6kslUblYmdqYnklJdTU3/B/qQsW5xATuER+vYDdcEWVj63Fm3z9nb1zkE4+kJWxKZQoNbj7qKjYEsKz7d6qGhTn39RPS/HMxUFaIqP88vUAGcMZP0pmpVbNd0+0uk9yylbvjWeOtLDMP5X2F/3zp05Xoqm+DgXOt2zO3pevt3VeOZ7yjWFP2NZdj0vf2mt77G/RDyv5n1PEARBEK6O3lc7AsL/GJkM8MTNXXppAlybt7nARaCvm1vLa3DBTdaD8xgOsqcBZo2+GQDtoSKMjGGE6gri/ku5knS3zcOfgAlwdXfHszlqTnnzTNZmcPUA9CAHl56koyfa5ZuJ/buqUE6eDwd3oQUiV2Uw198VDGUsW5TEjq8OMkt2mlwthEYlszzCF0NZFouScvlsr46l4UowVZOVlESupgEA++RU5OZQhZyFyZuY4QvanauJSSumtBpUvm3qnZNwSrZtQ4eSmPQUwryhKD2alIJtlDwazigP2tXnX1wPyzHsmSxCl7rarvGryHwRFH17cF04u2d1pjnfZDLAhV/qUvjl2V/3zslkgFz2k+dFj8u3m7xHRZO1+YmuJLWnZ+hyXv7iWt1jf4F4Xu37niAIgiBcBaKBRegBHZ+mxJOsln5tVI1bSPzS8XyxPJkGoDB5ESfHjEW7by8AyYuWEZO+jBMpL3LAXUWjWo0OUARMZWnsYgI9wFC5ledXfsL42HUsGuWN/uBeGghlpK/0KFTxdTmK8Bh+2BzPn7+qYfKzr7JolJKi9Hg27K5h5IPLWDrDn4rsRFZ/VolyUH90J+s73e+WMbdzfN8BfMY8xproKejLsnjx9Xy4KYJXEhfgXZ3PsqQszgyM4C+JC7DvP1O5M501aQVIj9tKpkY9xfwBpTydVGCX7jUE1ReycX0mxVppT7kqlKhnYwj3daUsK5GNh2W416ipanDl5utMLXmomxlHJDm8fnAY69ZI5zZUbOX51aU8+3Yi5CaysbofKn0hai0g92Pen5cyO0TZLn4KpZwGIMgad0O1ozg18vGLL2KOfIVFo5pTWkfWsj+zV/kYqUunSG+ZKlj99Gr6zn+N6Cn2rV56spa9SPXgAPSFhWgBuTKUp+KXE6YEDJVsTl7Pdo00FEAVGsmfls/FsyyrXb6FuWvYq4WxT/lx5oSagOCZjPe3Php7+DFMATVATXUF4Mf0Sb7SppC7CJfnsu/gDxCuRL83m1yNmXFTx1FcUGzXG0PPvq+qkI+LZoYv6HV6PEc/yaoBZ/AZSKt6pwSn4RzYo4XgKMKsFSTs3ghSCjLZd1DPqLDW9dmkLSJl9QbUOiPIlfh51nOmX3P90rNz81ukbS+XAlIEELUshgh/KeDqomzWb8hBawRQEL7wWaJnhEjlnZ/OmgxrefsF49N4jL4TlxI/94ZWV6+jMuio7bJiWzKrD/iybs0CTmTF8061isHnd1NcZQRFAAuXTOX4u6kU6qT6F7V8GRGBkB3v+FoHLXmp6WQWWnsryJVMXfAUiyMCAdAWZfPmhhyqrGmcGrWUCXUfsl26MHjkxMyW66EVfRnpKRspsKbLb9w8li6dbW0I6OieNQNvoCJ/MxsyttM8OKX5OGUH+WE7VR5rXs+0xlFO+MLlRM8IpLP677zsTRRlp5CSo7aWfTBL4p5nim/HD8Ad3X+kPHRehzrK38URN9hd995O7g+dNU05ToOhYisrVu9CFdgXtbUc/MYtZNnSGZzKTm5TvnPQOA3nc2Q+oNU24DfzOW4//KHD+tb6HitnxsK7KPzoCEvWJRJ8wa482pZ9N66TNrWj1T3UWX0oy4rnHa0vQ899RWGVUSqPJXEsnuLrpBwha9lzqP2eImVxmLTNUEL80+vxffZ15vhoOiy72xs+bnOPXUbVGluZO763dKNOt8nDtp/jgiAIgvBbIIYICT2iUUNUbBxLZgajLc7kgxIYP2s6AAHTo1jw0ByiZgYAMG5hJAHe0HhOR5VaTVBUHKti56HQFJCQlC2N5b9oQaEYyCBP6XHo4DelEDrK+mW2kt0aGD0xgCGD3DEaG9izUwNo+aZAg9HYQPHuQ4CB3bvKMRqN+Pt7d2m/YaHB9DEaqSr8mkrgh1170RmN6DR7+cEElfv/SVWDkT4qv9YPdIYi1qQV4DN9Cckpq5gXepGCjAQODL6nTborSIpNpdgSSEzCKhJi5uGjVZO6fhsGwNyoQ6dR03hTOFPH3cmU+215+NAkP8yNNRhrbMOFLBdqaDDWUGexHlteiFY5j1XJcUwfWMOWpEQKdWCoyGJlWgF9QiNJSIhlJNKXX6lRwHmc6mp01Fnsu417ERTkg674E4qs8xbo9uajboBbhrV/3DA36igvLGTovGhio2fiqVOTkpqHCR3pz69ku8adhbEJJMREYlHnEBO/FZeQtvkGBs1etAQw2t8D/ymLSIxf0PJwoyv6gO0NcNNAT04dOQYKPwa3fIeX4eYJmKU0eN/+JKmb32PpYxPbPzT3AWNxJo/PmcPi6MUsWvQcX50Gb9fW9a7TcADF9XYPwp4DrPtIcbDV52pSYlJQX/RnSVwC0RFKqnRGGmoasQAl6S+Str2c0MhoViVEM66PhoyVL1KoA1NlNrEp"
01:01:11.618 [Forwarding screenshot on session d6a0bef0-bd24-11e6-8678-ab184a9d7075 to remote] DEBUG org.apache.http.wire - http-outgoing-0 << "OZy5aTqxqxJYOHUghZlJJOZVYijLYmWGVN5xCbGMppIqXQO62vo2sXRcBh3N+nOh7lhL/TM3nkNbXkBVv/uIjV2In1lDZnIqPwTMIyZ6HipjFRlbSwDn1/rO1TFkFh5j5pI4Vq2KZbr/RQoyNkh1S5vHipQcagZOJXZVAvPG9aEgIwH1dWNQAvKA6Tw1fzTu7WKqJfX/JVGgkTEvJoHYqKlUFW/hhfSSlj3a37P0GMrSScjYjmzqQhKSVxEdOY6q4i28X+R4LhBTdR7PJWVy5qbpxK1axZLp/hRmJrC2UGvNJ0f133nZV2S/SEqOWir7VbGEK8pJi32RDqedcnD/KdQ7r0OO8je70mx33Tu/PzjjLA2WC7XojFrU1nKImh5AVXEmH5foGTJyQqvyPd5pOA1otQOZPnUct/v1d1rfWt9jJ3OLooEGYw0X0PP+SymoZROIS04hLiqcquItrM6u6PZ10pb9PdRxfbBeU+rtlPaLIDYumnBVAwVpaZSZnJWjN8P8PNEW5FJhjUz111+iMbowdMgZh2VHB/fY5ng6u7c4T4OzPGz7Od7mOtKWkJ2V52C+LEEQBEH43yV6sAg9Mi85kQhfYJSCotxYTlSdwndWEMrU7SiDwghUeWAIUkHuOSZOGoU3eiwXQTE1lsURIUAIy5ccIzptBwf0cwkPmUvKprnW0LUUq42Mix4OgKlyPxpURAZ4o/K7A1WGGm2FmopKI0eaI1RVQVm1Jwd1gHwc98wZy/fbyzrdb/y4Ccj80thSpaG0opJGTfODlY6D5ZW4H6gCYOLk0NYZYG1/OHPyKP8+68ekJ19m+Bm40dsbs326TTpmRkUhCwxjVH/Q1VoIDQDtsVq7OQxCWR4fLX0JNZWwLcOWh9LjoX1nfFmbd8YRv1z6tdA/7in2LEpBrdEhO/iVddtclEDga7FoFiVLh5h8uhCn1kLuug9Fbho7v64mbMZAvt5WDH6RTOrgm7PlIsjHRRM9O1x6Q/MVybuP82PFBQoaICByPuOH+mDhLuZP30vK9s/Zq5/N7a3qC5Ts2g8Bs/BvE762MJ2Y1ALwm0nM7EBObO4DDRa7HiXeBAQo2F6qQU843h7e1l+kLVxsFdIZfqwHaGBkVBxzRvTh6/9bT07aSvr7ZXGvxVbvAHAYjlQeDT/aP37a72Orz4aSbaiByGXxTPEHQgK5pH2EtCMgo5qdBTrk46JZPlfKu6WvyXh8UQoFeypwq90FhPJK4iJ8AfzjuFC1gJyPvqJ4zH6Qh7eUd8iaP1M1J4kzbeJpqvjacRmcvouAa2w1wM2ruRnJvv7Z6hQT8kku8GN5tFT/3DWfk7T7CDpGObnWZzH4jiUsmeLHlFED0etqCfC/ie3lOiwWKNmRj5EAEtYsJhAYtfRPWNL34BcQyiXFu+xRBhEW4o/JoEd3wdISPy8Os68BpsbGM3uUNxBIAu4cwgWzda+O7lkukyYQFRXAiIhwvPR63PwGIcf5ULryHfkYUbDgkXsZ4GZh8KzZjNtTTvG2rzGE3+Ow/p8sqXFS9np276gC1XTm3hWE7ALMeiySwqQc9mn0BAdBnX16rUXS/v5TTYqzOlTnIH/dzNS2VJIu3h9MBnR19vVF5jQNQ61xXmhXDru3x9JoseDhH8btigxr+fqQvr7zcOatimO2vyugJ32T488WadCR7R6rL0lvqdUWgDNaNFWnGD9qPsm+05D53ICp4otuXSceTjpoOKoPtmbzcby8XGo8DnhMQ2HSfuoaqyl2Uo6J985AXpBB/l4dgeEydmwrh4CFhHv5IHNYdt5t7rG2lo3yrxzfW/Qz5jhJw3iHedj2c7ytxlP7yMktpHrwaALDnfUXEwRBEIT/LaKBRegBBQM8m//2ZJACvqqtB7M0fwiWC4AHFjPARVo6Q5ghMGhISyhuCul36HZj+atLUaMk5nbpS5dm915QTSTAFXANZaIfbKkqJXNTFQ2AXA5GYyUfpOnRAcoJE1F5BHdtP1xhWihb0tTsytzERbsfrvfkbKJPFVJDjH+bb9DeYTy78ADrMwtILZe6XSuDp/Ps84vwsU+3hxJP8xHWxmSQbH+8snkOg4sg70fLzANmS6s8dO4iKL1s+ecxhEA5VBz8gYmyPoDZ1ujgEUCQHBoBXDuLUweUE7jXL40t+XvQjx/MZ1oIj5nU8VwWZvAPHNLmTRnmeumRQpOTxOIc+20q6WGnVX3Rsa+wgeCoka1CKcqKJyVXgzw4knXxc/EGNBcutpkTQs/B0gYUI4PaDyNpxYd+LsBNUURHSMNs5j4znx2LUjh2qg6Nxq7edcICKK63P5uMPs1/2tVniwZAzgC7OR8V/TzBDBjOoAPGjA2wbfQYymgF7D52huZuG7Z0uhIwTAk1IJP1AeM5u0Ym2xAqe41OysBYvpHojcUt74RGpzKl1dEXQe5ud/7Wr83W2MmsLzq+1l25wQey18eS1rryScdZLoIiCNugJl/mLpaGSxwAmls21RsXk2KLKgueCMeIktsDbGUQGLGAQEBfshdH9yxXryHUlWYQnZFK18kAHRkro1u/3adRaoBwUP+bAMdlfwJtA9CwndjF21sdeULzA+q9ya3SuyT9447vP1FBndQhx/m7r/mtLt4fzqk3stwuUqGPP02jkzRI4xMVXGdXDqrmexLNDaSWTvNCCkfJgBvsLkynny1t7rEtvJm/bAna9WnkpGnIAVD4sXDpMsZ38zpZ7qyBwEF9sMXNvSVuFmtroKyxk3vB7DAiVBnkfrEfw1AXChpg6pLx4OrttOzafSa3i1Uz273FeRoc56GqvvXneFveo6LZnD4f3P/7J64XBEEQhO4QDSzCFbPQ5hdfWZuvss3f2lygquoM0mQccOFC81fr1ipLd4PidoI8APSo9+jwu3ek9WHeldF3hrKlSk1VlREIIOrZ4WQk51BVpQXkTJwc3I39QDXyDlSo0VZJvVXCl8Qg+ySFgiqpYUY1YWK7Ls4mfSVn3G7n1Y+jkWkrKf06m7Tc7Xx24F4ea06+DAxlm0nILMRvahQvzxqFSulN4dpHSK3oJFPb5KGs5d82uVVvsX0pNpyiygiBQQtRTksAACAASURBVEOxHLxI60k5q9AYYSg9jZMrk2ZOZUtKPn97ywcjwUwL6/iLswVw9/Bs976LuxSbqbHpLB4lfak2aEv4uvQCQ+3HfMgA3SEKkbOkZVZjE/lr/0RGsY7gyFji57ZMEMOQW2+Bwv1oDIsJ8wC4wLkGMJs7Xx1DipG5/QZLXZt65zwU9z7QUFWFiVG4AqZ/V6EDbneXtarPUoyMnD1jah6HRMO5eukC8vDEG9i3V0N0c96aTlPVAP633IDleNt+M3D6pA4I4KLlIrQaOPNvqhva98SQOSmDEaFDSVBGSJ8Kl8BzsBenerqoi8NrXcvGlWmUK8cRm/wwAb5KKElnUfJ+absFaDhHPVgbx/RsXfsWtSHTpWKSSfEPenAVcREW6weYG0rZfrIo5PC/TYwKtM7btHUtH9YE8sSY9tFrvmeVvPMSOWqIjEngrqBAvCnh8UXJLefpiMXSAASQ8HEigdb3Kot2Um0ZgBeO67/EUdkPQCkHTeASPl7ePM+Rlp07KvAZGYAfbdJLJWUd3X8qb+ukDjnJX6uu3h/6BT1IQpx9fVGw7X3HaeDUgQ7LoUVz+XaSF1I4F1sf7OSzxXFJ6qk6BQ/FZxHoVkvZgf18kLGFzLXbGPFs964TZ5zXBwfcnd8LwIO7Zo0jN3Ubb6QDhHLvKO+u39vbZIrF4vjeYnGaBsd5OODew3af4x3z8BaNK4IgCMKvj5iDRfhJmIHmn8VOHPiaSq2++WkJzf4KTICsD+hyM8kr06Kr3Mna1GJQTSbIW5ooLzVxNfmVpyjdVYVycqjUf0OvYU8DTBhtGyiiGnWHbQ4M1XDGjhptG0YiH9nS26Sr++EdxFi/5g1Kbh8dRpCfouV8Y60NMbY4GuDUftLSUli7uRCL5434Db5e2llGq3Q3P7r3G6iiv5eMsvxUUouN2Lo3gO3X2w7yUNYHjPv5oqgabeVOktcXYjtYAcYC3sguQqerJPuNNHQoCBzqRcCY8UAxqZt3otVpyU/9wLb0"
01:01:11.618 [Forwarding screenshot on session d6a0bef0-bd24-11e6-8678-ab184a9d7075 to remote] DEBUG org.apache.http.wire - http-outgoing-0 << "cJfi1J532DRCMaIu16KcendLXrbKF7s0tWbBJWQywUBB2lsUVurQVxfxxopkMjMLqHdtnW9V3xaBfAzDrQWozU8ho1gHynHcMfgCO3fuZGd+PoVlOlSj70BJAxveyKbaoGNn+puogfsibneeILyZPCsYNJms3VqCXl/N1rc20YCCEJ+z7eqdYx5Muj8UqnJ4K68Mva6MtzbkgHwc00Jkreqz96hphAJbEpPIL6ugMCuRNHVz3vsTFirHWJzB5sIKdNpKspPXUwX4D7uBgDGjATV/Tc1Hq9dTlreWjHJQRUxk4uRpQDEvrc6mrKKE9GWr0dC+SD2clcF1KgJDAgkMDCQwJBCVd3PTkv3wK0u7km1N2u74Wr8g9VjoN4ghA724ULmT5OQCoA8WIGjiZEDN+tR8tHodRdlvsaW4HJnPMG4OlNNwcBdFlTo8VP6EBFrjGuiLj/9oQoHctW9RotWjLctjw5Zijpnl9HUQU+meBeDDgCFDcLdUk/1GGg3AiapTDlMYMHE8oCFjbR7VOj0VhZtZmZJGhvqMXWNc+/rf12nZKwkaowD1O6TvrECv15K3cTVpmRmo62mXXg+H9x9fp3XIcf5e3y6dnd6zPNrWl8FO0+Cct1350u1wnH22tMS33VH1fJqaRkLiRsouuOEXMJR+AD5eXN+j68SZ9vXB+TXl/F4AoAy/j2AaKNc04Bc5o9WPAA7Lrs1ncjNn9xZbM3pHaXCUh32otP8cFwRBEITfENGDRegWmYuMjp7EPd1k4D2E8X5ythdkktio4L0Hb0VFIdvTErjQZzWyi6BQmclMiiETQBlKbLy0Goj+3wcoLFfjFj6GPVqY9pTUNVqv2UsDwYy0//boHcSdAXK2aIz4hQ7HFV9GhyooVzegmmzX26Sr++HB+GnjyEkrBmUQAR7A2JFQXAgK2/CgxuY43m3BddQcoqcfJnV7KtHbpeEFytB5PBymxFtrl+6YJGYG7CE3M4EFmQAqQkNVqNUafjAg5aWnm+0HRe+hrfPwsUcJ3pNMTkosOYBfaDByta7VL7PlOSlES32zmR7zMhEqV1AtIi7yR5Jy0ojZDsiVyKUSxCPkXqdxkmHr02H/N/gyfaYf6twaIqYFt7xrny/tj7FPoy+xydEkJaWS2jy8Qu5H1KpYqbFmiC3fKvqBfExsy5f7H45Ym4d0xaTaDUuQj4smPCSc5TFVrEjJIXaR1J8/NDKOuYFtv9pLw3Zkdr0TfGfEEl2bROqWZIq3AMiZHv0aI+s/Iq1tvXMSjmrKMyz5Pom0zCSKrXkateoJVAYNO+zqM/iyfHMca198nYykBFD44aeAqovSQ9aU5a9xKnE1uakJSIMjFEyPTmauvwewmLh5jSRtySCmMEM677iFxC8IwYMQUmMsvJCSQ5IalAGhqFDjfcsNbcqkkzJox75+tqmr9GnTRca23eLkWv/9vFDKt+QQvUAqq4BxociL1RzU6AgPW0DCwh9JyMwgplAKNXhmDA+HeFBzeiSoi0lZeQ6fjxPbxNeXmOQlJL2YRnJMsTVZU4l/JhyZ5gcc3bOCJz+IX2EGqTGLSEVafclPXk7VocMw9wa7fLPd97xDFpGw8AKrMzOJlQobRcBM4p4JB/RO67+zsg+PfpXT5xPJSUugwHpk6LxYFrWrx+Aa6Pj+owxzVocc5W9f3rHGu7P7g5Qerw6G3DhPg6Gs/WeHfV75jbSV76qPXyWyG+E4q28/tKm3ts8wX56MjSQxOYekaGtmKIKJ+eO9uOLazeukNcf30Ob8c3RN0ZI25/cCAH/unq6ifLuFeyZJfak6K7tRQ9p8Jlvj5j3K8b2lszrdYR4uupFNcfb3PUEQBEH47bimqamp6WpHQvgt0JP6yGJ4Np3oYNA1ylB6d/TblgmdrhEvpbf0a7DJgK4RB/v+F7BO9Chz88LbyUyHBr2OC8hQ9rBLtF6nwyLzQmn3a2lJ+uMk7x9P+qZFoNMjU3q3/7XQGj8vpbLdUJeexCk/8REydJNJT13UyfwmzknpcXxug14P7t5OJ49sx2RA32gBmTfdrS4mg566C+DWnIc9rHcmvY46i8xWf9vWZ0MFa1/8kMBn44jwdQVMZC9bQA7zyFozu6WMTHo9dRbswmmdTqnOKVvSqSvJYu2XMpZZ56XBUET0ohT8YlJZ6mAoV2dl0HNduNatk9Q6nCC0OY1eSlp1EDAZMOCCh6ujimFCr6vDInPrRtlJx9DJNewwjl09rltl7yRvuhiHLtWhtvlrH90ruGd1Kw1t4mVfvl0Lp6ufLQ5P6rTO/HzXSdc4LUcHelx2Hdxbunhgmzxsc98TBEEQhN8Q0YNF+OUY4fwFC7gqUTr81uWK0n6jq4eTff8LuHqgVHb+TdTDW3lFXaW9le0fki0WMzTUYQGUSgdfpJ3ErztxMpRls+L1HHRGGBd97xU1rkDH6Wkdtx6cwdXD4cNi54d60yqbeljvXL2VbZZwblOfXeCcVkNG7J+omBpEo2Y35VoIjx7d6kHE1du7w6WgW+LWpkzd3KCqPIfFMZVMDXDnYEExOlTMGeo4nzsrgyvS2bXeNr/bclRvXT06qbOuPUhXT46hy9d+i5+i7LsRh+7Wobau5J7VrTS0OrB1+XY5nC59tjg8qdPy/1mvky7oSV72uOy6W6dtB7bJpzb3PUEQBEH4Dbk2ISEh4WpHQvgtuMRFs5kbAkbgd5344vVTuHTRQu+hIxh966CfvaXU3HCSQ0frCJjyGEvuvVW0zPZU7+u5MzyQpsbTHD1+Cjxv455Hn+eRsA7HInWZ6/XBhPl60nCyGq2uAWXoFB5fGs0Y5dUoKXGtd+hnKntB1DdBEARBEP57iCFCgiAIgiAIgiAIgiAIV0isIiQIgiAIV8hkMrV9B4PB0OG+giAIgiAIwq+TaGARBEEQBJMBg8H2X3N7SeXWeOZEZ+G0qaR6KwsWLGBrpa2RpToviUWLkqnsYHeDTkvJzizi4zej1ZcRMyeGEuuh+upKyioqqCirRG8CMFFdVkJJWRllZSVUVOuRGm/ApM3nkTnRFOlMmAwGDAb7Rp4Kls2ZQ1aFLeYVWTHMWbZVWqJXm88jc+aQV92DvBIEQRAEQRA6JIYICT1i0JaQu+1L1JpjNFzsw8DAsUQ+PIeQ/9GJ7apLiiAgDN/urj6jLWJj+sfsO9bATWNmsfiJGagcrcpRmc9b2ftB1npRToulH7OfX0wHq7H2jKmazclZeM1+hnvdSkne/D2zY6N/svBN1Tt/8jDb0VeSt+0zdh+s4kzDRRQ+txB653TmRIR0bVUKk47K4+Dvf3UnqOwJW100kLf2DSwRzzA78EqmFTZRkf8+mXl7qKmHgf6jiXzyMUY5uVYNFXm88eG3+E//A3O7OEdIZX4671UMJHbpjCua0PlnY6pmc/JmLox4iOgZga23GUqIXpSMzu4tRXgMm6LDyIufQ6b7ErKWT8BskBardXHxwNUVKreuZuWWIygVDegapOOUShXQgM76hkKpoKHeh5h1awjzBn1ROotTpMWHVaGRRE2XkZC0BeRylDeNRHWuGLUOQEVcVgohrga2xj/NFo1ROkF4LJsnH2RRwvb2aVRMJX3TYrxNeiqPatiakIJaPpWE+CDyN2yiWCvFSa5Q4tKgowFADqoJMaQsDus0Cyt2ZpP39SEaXfox+u4HmTFKzB8jCIIgCIJgT8xVKXSboSKbRQk5APiFhjOSExQW55JUvJclqalM+R97pjWUpBObvJvo9DB8u3Wkjo0rUigkgOmTlWzfnslfvYaQsiCkw70tZ46hLi8HuQKFi+39BrMPUyxXkoI2Gk/xVXk5I6dYaKz/nnLNPu6wRP+EwV9JmHoqK87gc7O/4xV/tDuJjklDByj8Qhk5En7YpyY3Q83eI9GkRod3cg4DWX+KJlcVzcfL/7cqY+u6aOFIcTmNoRZmX0GY1fnJJGSUI/cbx/0TXfg8p4Dk6CriNq8hxEFLSFHeR5RrjJSf28FdYV1bkvvMkf1oikdyAf47G1gaT7GnXAP96ttv8wggPiUFCyBzgz1rYvjELAO0VBwDjGksmJPWsrt8XDTvLQ3Hc/gUoqJGWt/tTe/eZ/ggLQef"
01:01:11.618 [Forwarding screenshot on session d6a0bef0-bd24-11e6-8678-ab184a9d7075 to remote] DEBUG org.apache.http.wire - http-outgoing-0 << "qfNYcr8ncIlLl8zAdQx1l/Zy93QHeTjp70XjDeiL1oI8lJg/T8e9zwBC/JeCPp/HnzvCYFcAD2Ynvsds3U4eiU5jTJAn9bIxxMWNgbp9JKVuZ2ZMAn4ntpKS8yMndCa83U7wXkIKxxQKFOwmYaWGyCUPMvP4SXCxoM4t4IzfOGYGeWHGizF3hXaafdX5iSRklKPwC2ZgTTGZycXUx6WzIOTqLF8sCIIgCILw30g0sAjdVM3G1TmAiuiU1YRbu2vML8ticVIu7/zfTqYsn3J1o9hdLtL/3GSd7diGXkOpEUKXRLNoihL2zOGrH+sc7y8DUBDz9ibCfqYnUBPg6u6OJ9ZkyWSAJ27uLVuv/CQyGeBCd7MLQF/0DitTigmPSSc6rKMHMz1Zf01Dh5yZsa+zYJS1gSRaT3b8c+QUZlI4P5zwTp7pzBdB0detBzG8ylrVRW+eydoMrldSWQzsySsH+TheW7MUFXBXgBeLknLZeUBHSHgHDVCGEr5UW3tL6Lbzj8qHmevfeb2RyQC5rEf14pfSx+EWD5QqWz4PHqyQ/tDuR21UELXqVUb5QMnfXiDDMot1S6VGPqV/MHWbnianBmujaQMNQMPuz/lgvxSE2dzAwIgEIqxZ6DpkGCpjMs89UojLTTN50PcEGBv4+AMdfQeHcvCzg+QWV4Fiql389GStTsMYvITocAvL5iRQo1DgYpZ61ORuWIsCM2Bk47ZyUhePIjohmv1aIy6YkasmEe5WROLXJ5G5m2kAXMzn0GobabRYmODVWflWk51RDn6RvL1mLq5UsvqRleTm7GFOyIyf4q4iCIIgCILwqyAaWIRuMZR9RbERghc+29K4AuAdMoeo8MPsdwMD4KIrYWNqGoUaqUu6KjSSZ2Pm4uuqJyv+RQ738+N8cTFaQBk8k/l3wKbUXBoARcB04uIWdXNf0Jflseb1TKqMAHLCFy63DgXQk7XsRaoHB6AvLEQLyJWhPBW/nKDTWTydJHXXT160jJj0ZZx9Zw2ZxVVg3S9qeUyrtNoSfQO3yEH9wfsU9r6erxrA53qvTvNQ5uJgg6GSzcnr2a7RteTZn5bPReqEb6IoO4WUHLW0ryKYJXHPM8U6pqlyZzpr0gqkPFHKaQCCWgLWkZMUQ7JGC8gJnfkUMQvCcAUM1YVsXJ9pGzqgCiXq2RjCfV0BAzs3v8E728sxAihDif7TM3bhAujZujqRLRUuLHntFaY4Gh9l5T5kLOMCIGiIe8c7aEvI14Jy6rO2xhUAvJm7eAF7X/onxjMG8PbA5KCOXdiWzPYGoDCZR07MZN2aBW16YGjJS00ns1AjvZQrmbrgKRZHtBk2Ys27vLVrW+pD6NRwdPvPMf+NeFxy43n94LCW8A0VW3l+dSnPvp1IiIez+ti6vEDJ1KinmD+gtF1drFrzIubIV1g0ytthen1dHdfvMCX4TZzKdJ/JNA/m8Bg8GIWTMqr++ku0yJkXG0VpciqffbabuUubG0315K11dn1Yu2JpC4l/KZWagZH8JXFu1/J/0iUSo16n32OvED3FF/QlxD+3Hvf7l7N8diAYyoh/+nV8n13HHJ+DHddbt70si87AL+Z1FodJ9Udfspnnkg/z7JsLUQLHnKTdYDDg4uHCBTN4elko3PY5+E0jzF+JByDHjHLQEGt6TJTkfw63T2PeGBkymQwsteRv2Y5s5GTuvMkNZGCxgMVymBLtEEapPAALDcDIB2OIGD6E+q+0jIu8jxDLDtLytUxfvpAl139IWr6tW1vl1hRyteAXeoHCIhlx6QkU7dHSm2O8k1nAyPvnc0vtZ2QWDOWVxaMAqK86yO7dOlwwo5yg4PS3X3LsPPiclxqB5JbznDvngrnxGJveCWKNsyFChlMcAcbdM8namOLPjAgV6txvOc4M/J3kqSAIgiAIwm+JmORW6BZL4wVAwZTxbQfTuBIRnUj8oil4UE1KdDKFGgXzYhKIWzKTBnUOsculiSLN53RoiosJiIohel4ouvJcUlLzGR0Vw5KZoTRotvOJNAlBl/c1VefxXFImZ26aTtyqVSyZ7k9hZgJrC7VSOI06ygsLGTovmtjomXjq1KSk5uEScg9RMwMAGLcwEtk/1pBZfIZ5satITljCTTo1qSveQd9hbvgz474AaCgmNTUXl3FRvOJgeJBNA/u25ZGXJ/23detWSrQGQEf68yvZrnFnYWwCCTGRWNQ5xMRLE1JWZL9ISo6a0MhoVq2KJVxRTlrsi5TowVCRxcq0AvqERpKQEMtIqTkE+1FHVcf6siQugSXT/VHnppCSr/3/7N15XFRV/8DxjyQwoiyiOIqggqYooSLhbmrirmnmkktaarmmYT6kZUaJudRPK8ml1BIzs8gkzRVTEnFFVMAQFTSRHEcRGKVZDH5/zAAz7Ig99TzP9/16Wcxdzr33nHMv3O+cBUgkJCiUYwZvAoMXExw4mrppsYR+sgMNcO6rENbuOU/zITNZHDyV1lmxhAZ9yu8A1MDaOoPtb09ha2waQ2bNKTe4AmDr1pk5i+aUHLACMn67hBYFgwf6F1/p1peVG5bRt7k9lFHHnH27ogQUXv2ZNqY9RUM5B5cGEhZ1lSFTF7B4cRD9m/9B5Po1xJQwimlU6CLCjqUQMHkBi4NGkxYZRVq2ihwD6O+no00vbLFkyEknW5tOpoGy66MmhmVrI6nbfyrLVy5mtN8fRK4P5oy7ZV30cobMdBWZBkOZ16uh9Pqtw57Oo6YwsZfpFTjjHEtnh5KNF73aldR9KoP9+86DQ1d6+3enh58C7bFdnDLlTfK2cu4PGzsMqhgCA0NJ0vsxJ6hocKWM/Nd74lFXS9T+OHSAKv4ISVotsUfi0AAZ8UdI0trQtNHvpddbZVPcFVoiI44aB3JFx9Ef96BVtqBp/QY0dAB9iTUPMk6tY+LEiYwbMY7QY9mojm4gNCob5e1wQrYlAypiY7V4ermb9tCTcSmRhORkTvz8A2FhYexLvIVnp04o9WmcPbGVsLCt/HwikeSERG6a9UyqgQInGwM52b/xy6FYbLx60cvHHQdvXxqU0ATIYK3E09OL2xFhhK48RFZOFoknT3LqbApaQJV4isS7SroP8Smo79YOLrh7uuHm6YmLnR1evfrRp6MfylqgcOtEVzcb7uv1ULs9wwf6FD+ouSwNeqBhg8JWYY1aeAFX+b3kh6MQQgghxP8kacEiKuX2TRVlNbQH0CQeJRYYEvwew7ztAW/e5xYz1x7iTMYADH8YxzCY0rcz0IBjW2O51H2a6XMjTkXEFqRV0W3P79+HFgfGvTCQ+nYG3IcOo9PR8xzbcRhN98JjzhxmGr8j6RDLo6+RyWDa+bhBxF269fDHJuJrQM/Vi6m06NKWmcsXk2Vdt8QxKM5tW0RIeBIKBwXabC0OTs7YqE7x1eFseg/tRWljiEaFh1l87l6/C62zDhOZDV7Dx9ClaV0M9GZM/+Os3PMTxzN6kLQ/Bdz6M6q3D9Y5MPTF4USFhHMiKQPDmUNAJ96eNwol4L0kiKSJyy2OMfq9RfTyANo04/f4cUTs3E9Gj4EMmTwZa+/O+LuASm3AzwvSrqrJQcWRfSngN5W3xxnzLOg92HL0ARiuAirWvjab7GwHxi/+iMHNH1GfJ1OXJnvH/AUZrJs5hciC0UcV9A/6mBF2pdex5Lof0c5hPUeVPnRuU/S7dR3uT01lai9Pevm7kqFS49W8CXvOqzAUGwdHRfwJFYrugUzp2wZow9tTk5m59pJZNxjzt2Hrgv+WWR99PAG4feMyv93xpMcr7/LEbWjs7IzerC46m4X1KnpPFa/fUBBG0SWzdEoIsbgxdeWCEsdf0aUeJlIFXqO7Yg/49uoJsXv48UAy/sOa84dBT2n3xxUcIHsPc2fuQavoxMrNcyg+BGpZ+W9Pl6dbExF2gssM4/axROMuafH8Btz+JQqUQ2jnVBfrUuutGwNHehEV9hPHM4bRnVh2JIHf5D44Yww6OpbaF9AAdGLxxpepazBgbZ1DfFIODXJ2ERR6iLQuTTiGgqmNTE8D3W1w9aZ945rkXFORotLi5e1NY2sAG3KuqTifchuvdm1pbG3AJus2haPTaDn0bRhnHOryh9aN"
01:01:11.618 [Forwarding screenshot on session d6a0bef0-bd24-11e6-8678-ab184a9d7075 to remote] DEBUG org.apache.http.wire - http-outgoing-0 << "8e6QfPguNWzuc3TbCiLOZ4ODW0GQ1NqhMUPmzMTnygomfm3Nnd/uYKOsR039PQBq1a5NbWswZF7nsga87cHa2tiqxtoAdevaceXgjxxJTEKFH4Fv9OLMshBq9xyPW3wYm35qh/+UEoKa+fUvS40WJZ4NCitNwbmVupcQQgghxP8eCbCISqnr7gZcRZMDRaMOqnNRJNyvy+PW9wEF7mZ/jNs5GL9XtQbQQ5MmDUxrHKmtgMdbNsrfktoKuJ+/Y4W3tQZUrH+ryMCrNe6TY0qnuXcjy3UYx4sw6AH+wGAA/3GvMzzt/wiPWM+xCAAFfsOnETiqs+U4AxkxfBJ+HmX3qYTO7MXBFTNZu2c5kw+BVqvEc0BpARYHAtdtoOjwIxkxxpYQSeEhTAk3X+OG9f3rpGUD2XsImmI5c8j1pCt0sK4B6AtbrNh74WOeh4BjwRfPtvj4KIk4lIPBVomj/hIrAtdjEY5RWmONNdY24FCrMJhm69GLiR7Gb/oBsrO1gJZrv2dBRQMsGYls332RFgOGUfrEOCpSftPQ2dseqEnXEeNxyQbrnEuEhR8jx2DAkFNWHTOY8qKkkYNtaVAXtn0SxFrLiy7+ophxhSQtuLoURHtwcvcALhkHQy3zQsuoj86dmTX+DJ+ERRJ63tglSNm6P7Nem0hds7poruzrpcz6XXA5sbuIRcHklSvpVcrkL7E//QxA0tZgRmwtXJ70035Uw5rTpoz7I58WQHuX3zXgVqxalJ3/Hu07owhbS9ypU6TFZtNp9Giub93KiZgYbsWC1/gu2JdZb8GjxzMow5YTeTSVRjZ7yMaN/j3cgAzQg6dX05IvHgAb6trbmx5tznT2B3R98QoNJjAQcBtO+/y802eTeOIEd2vVoqa1G506eXIv+SxnTWVnbe1Op07u3EtN5Oz9u1g/0ZS+pl3/wIFZGzbgr9rJpDcTufl1IKFRafiNH8e4wcMYELWUKTtcyO9w+PuxMEKP2TCzdiIKn6m4183BxRXsDAYUpFPTxQVXa8ihJo42ABouJqVzP1MP2JBz8Bvi4tJNBRTLhmWJZGcDEd9y1wGsW5SRJYB93QYoUHHxNw3+f9nUYUIIIYQQ//kkwCIqxblBMxyI5NtvD9J3jvlgtiq++zCUKK0fwYG1AC13buvInyrG+IJofOU1ALXr1y3Y0wDY1LC2+Gz+c0W2NRiyAS+Cv1tE/kgayTEHSTXUx8m0Xc3CZhEls4aM5N+o3+t1vpvnQmpiLEd3fk1E+AaO9+5sMbCq7vZNsoH2HdoD0GvOEn4PnEhEGuA1uNKD2FrXNF5TQNA6pvgbD6RJO8XhuBya1quPUgFJ3lP5Ln8AYV0aB/cnUtfXi/s7/sBy0NkUkrRQ+BrpQGGW6UiKV4FjO/TnNhIcFoVnwGTeHeqPm9KZqBUvEGpqOIAe9PrC0tCl7iNk7SUGDLAGFExe+SH6dTMJC12Kj09ouQPPAmTE72NrxDH83LvgXcIAq85NfVASSURYBAOWjcMZW7y7DzaWqe4UO8KPGTc0GCirjqGn2HTYRml8/tZazis7EbR8LF4eSji1jonLTxbf1LkpXgo4oS7s26HPMgbCirdbMQZ28pVVH2tkJHPbrh3vfzcT67Rk4g5vY23EHnadGciLdkUSLUywzOutSP3OMTjh5TeSHqXOrJvInigVeA0heGJ7rHMMYGfH9UNrWbsnip/OTWBojdLvDzsMoOjO8g878MnM/wQXxwAAIABJREFU5SwP2cbGZaOKzChUTv4rfemphIi1awElQb17kHJkK+ErVwJKprb3QFNevbX3Z7CfgvU7NrKRJBSdptLGFsCZrs8GcNGxjNCYojDr086dA882uNl7M7y/GyF70ggY07vweuzbMGdZG5J3rmDNz9dLSCy/BVItnp61jMEegCaGwIkryQaWjxiBwkEB2VrCo0wlsCOESTv0puBlLK+vq0/olM50HDWa0KD1hAIBkzP4csNeVNjA/XS0aEk5fgKVDejv6zG4+zPOHy4fiuJYkwCG1I4n4pgbizd+BIc/ZdHPtRg51Ad1ZBipvuOp9/N6rDt4lZ4nAHYOOAKpaVnkz82edOIkKHxpKpMICSGEEEIUkDFYROW49WJSgBvZx9YSuOIrTiUmk3wuitA35hKlhU5Tx+Ht1xMvYOuylZxKy0CVuI9locdA4U2jgj/GKzMvcfnbenXrAiSxfsVOUlUZJEZt5K2Va1kfe9us5UnRdEwtHQwGIJukk4kk7d9A6PL5bDuVTt1GTWlQ2xrjeCOWe9o2b4EXEPnJR0Qlp5Ecc4D426aVSd/yVUxaJa4P7Nv0pDUQufZTopJVZKTG8NH85YSFRZJlq8SngwPEfsm6g4lkZKSx8/OlrA1bT2wWeHXoAhwjdONB0lRp7Av9GsujZ7Ny0UaSVSrO7fyc8DRo3bdnwbfjtV3dcHGy5ty+UEKPaU09wJzx6aBEe2w9X8Ukk6FKZMva9SSl3MXaDsAGe0clgwMDcUNF6KKvShmnxpJzu2eZOXkmo0oc/wNw7sys8X6QEsGUmYvYfjCGxMRzHNy5kTcmLycbY9cH5zLrmDPNvBVkxx8hJllV5AA5xpY9tRvSyNWJnOSDLF8eCdQooZYpaddBiTZqDV/FJKNKjeHTTcZtAbCuAdqT7I5JJS35IMs/iSpYV2Z9/P0ka9euZMXGKAyOjfF0r2dKD4u6qDPPloe6pwyWwcoHNVHWBrWOEqmiDpEEBDwzAG+P5jT39qa5hwe9RgxBCRz68TBXyrw//gCscVT68/pkP0gJ56PtyZXMf2e6Pu0F2dmg9MHL3pkn/IxdqnDrSHuzalNyvTXqPLgvZCeRlA2DBnU1LdVwM8dAzs3fS7x+awCtipiD23l70ggCQ0I4/DuQuo/P9xjvqMivd1D0zr59LZE0Gz/GvDiGMWMs/704ph+kJXHpd1M9tPHixaAggoMXs2DmaByztWi9hrMgeAHBCyZjk51NdrYj/cfPJDg4mFkDjYEPW4+BDPcEUOLj34ORY8YwZMhwhjzbEwUK2vUbwvAhQxg6YgTtTfNBG4CAF6YwblBHIJZF0yfyVlgs2rQovtodj7WyLue3hhKpqktDU2Aved9Glq7bR7HhiOxb87QnnF+/ioOpGaSd+oo1Udkoe3ZACejSYghdtJR9ySUMZCSEEEII8T9EWrCISus85T0M1p+yfk8Ey439BDDOhDKPKb3cADeCFk8mZNF6lgdOMa32I/DtOXiQgTWWA02W9bmi2zq3mUjw+ByWhoURdMw4xomD1xAWzOgOJRwTaoCjHdaAc6OWuBHFnrXB5EydQ/crqwlfHoSxp46C7pPfLqFFijeBweNZFhxG6FuBxi09uxM4piV7QtYScTCOcZ1LaipQ2vg1HgQtn0lISCih+d1KFJ5MXhxEc6D5zPe5eW8R4WuDiTTt4Tc6iIne9sBEFgy/RUj4WgL3AAolClPuWNuYIkO39/DWTGP3Is+AqQQN9sAWO4Z4HSUiLJhxYQBu+Pm5ERubxBUNdJ45j+t3lxK+8i2MpezG6AUzaMEO43UYAOfOvD71OIFrI/h0Z3veHlzOfCL2HnTvW3SAZEvNB89jucM21oaFs3Xt+YLlCmVrRs8axzB/Z8C5jDoG+PpC7DFWvnWXut8tMpvlpDnPjPbj/NZwZo4zlrBXJz8Ux2KJT1LRvbNl4KfzzLe5fneRWR4U8h86gdZHlxO+0lhXPP1ao4hVGbOljPpoa6tjZv+LhO4JZeaeUNOpj2ZsZyXOaWZ1scbSwnpr612pe8q8fufLvnacqMhsfEYMpqQxho9GRoHCjz7+RZok2HdmsN8G1sf+DJ/MofuVpSXeH6eoAabWIW59ZzD65HS2bl1DTI+VZl3iys//5u274rA1CYd27bAHmvm2g4gUWj/d3th6pM3AMuutsz3Ye/fAjwhiHQLoUTDFtIHL+6KI7tCOcb2K1lMNB0zNSNavvYpf/8ksH+pPzqlQRqyPQtF6PKGv1GHFzJUETspkwfszaGPqA2hNDdBnkn07mwcPHlikWr36fWphmn0bwNaZNq0NRP30Heu3RqFVeDL5hQG0aW4PeLEgCLZ9/RV7wkKJ7zScaS82"
01:01:11.618 [Forwarding screenshot on session d6a0bef0-bd24-11e6-8678-ab184a9d7075 to remote] DEBUG org.apache.http.wire - http-outgoing-0 << "AyB53+eEpwCoWDllMq0DBvFUO1+a1m2II4409GhEIzvIMeRAzn1wBmtHiFw2k3hUoPBj2nvj4OgqNqT14d1hsG5RFKBgyOSOfLvwc9punkPW1aPERvuSM6VvkZZHtgx7YwHJC0NYG2SsfwqvIcybaBy35f5vZ4g6H4tdv8oEzoUQQggh/vtUy8vLy/u7T0L8p9KRkWHsplDT2Zni72w6MlSZGKztUDr/m/rt6zSoMnOwtnPC2b78WW1Ko8nIIMcATsqSrsvigGSoMsHaDuf8a9RloLF15mGvOEOlwmBtjdK5eNt7XUYGmQYDdk5Kil2e6dqdlMoSzzlDpYIS8kWToSKHko9XeMyK5MWjp8nIMLZssK5ZSnmWUcd0GjTYYG9bwn6aDFQ5peRjieehwmCtxDplIxNDjlqMo2MsLyeUziUkVFZ9fKi6+jfcUyWo+P1RagKVyv+Skyij3urO8ca4EBi9mGXDKjaJcPLB7aQ6PEEP/+bYAokbZxK8R0XrIYEEmaY1R3WKRXOXc17rSfBXy/C2hZgVk1h5DNzcSpr8Opu0tGw6BYYyp7MSSGXpiCBiUdB99DQmDOtc4nMi7dxOVoWEkeI5mu+WPcGiEW+hCggkdIof5w7uYM/h41y6mka2FlBgGvjGRNmfdaFD+XrEFE74DWdkvTOEHa1FJ9erHEvKxi1gOO7xu7jf8VkaXvyBPUlaHLoHsmFmGdM0mzHW97+3/gkhhBBC/FNJgEUIISooIyaUKStPMHPd5gqNOSP+3XTsWzGP9cfSADeCNq7E/2HjADoVaZlOuBUbrTqD1DTwcDNWgIzURG47etO8lPqQlngOGrUpHPBXk4HGvgIBWF0GGXpnnO0BnQZsK3MhOtKSr2HXvDnOgE6j4X5OFjkGa1zczAOwGlKTb1O3ucdDB4SFEEIIIUQhCbAIIUQFaVKj+Pqnm/ScMKrCEyeJf6/EnaGERd+j65iXGNymlLF+hBBCCCGE+AtIgEUIIYQQQgghhBCiimQWISGEEEIIIYQQQogqkgCLEEIIIYQQQgghRBVJgEUIIYQQQgghhBCiiiTAIoQQQgghhBBCCFFFEmARQgghhBBCCCGEqCIJsAghhBBCCCGEEEJUkQRYhBBCCCGEEEIIIapIAixCCCGEEEIIIYQQVSQBFiGEEEIIIYQQQogqkgCLEEIIIYQQQgghRBVJgEUIIYQQQgghhBCiiiTAIoQQQgghhBBCCFFFEmARQgghhBBCCCGEqCIJsAghhBBCCCGEEEJUkQRYhBBCCCGEEEIIIapIAixCCCGEEEIIIYQQVSQBFiGEEEIIIYQQQogqkgCLEEIIIYQQQgghRBVJgEUIIYQQQgghhBCiiiTAIoQQQgghhBBCCFFFEmARQgghhBBCCCGEqCIJsAghhBBCCCGEEEJUkQRYhBBCCCGEEEIIIapIAixCCCGEEEIIIYQQVSQBFiGEEEIIIYQQQogqqv53n4AQonxZag33dGBjXwMXx/+F2/YBN9LugW0tGrr8L1yvEEIIIYQQ4j+dtGARlZTD8v7hNHSw/OfqtJ0OvrsJ+vgS6sqk1TMc157HK7HPI5B1lUFOxa+h4Foe+fnk8MnwHXg/Hs6opdfLOK/rjDKdV+F2mXzywg5aNd1H+1b7aOu+g5ConMqfQtaNgrRLvGan3UT+mwpBHXW84LjLS7sWdRrDnoikz7JrFUjxFrMfN6a3cLfmkZ7r30p9g08+TiKrSomUfL/+O8v9l/d24+q0nS/idRXbfuluGjqEExJpWZZZsWdM57yLHWmW+xz/eJ+x/CMrWP6PJG//fuXlrTY+ng5l3Pfl5Vlly+6RKVI+6qhTJdaJR+2X93aXmVejPr7xlx076/gZvJ3CcXWK5Hixilnkd6Xpd1jv98r4fSKEEEKIv4V8NSwqTwt5VlZ4+9oULsvUc+FKDlvePkfUdStOfNi04ullPvpTLI8OyFNWx7tZddCar3kAzRSP/HjZdx6QqYIMzZ+lb6TXc9X0Y8JtPQDqyAssi3hQsEmeVXXatbKr/AnoDWSUvQH6yqdaZfcMpeSHDTgADraPlZuGOjKFcJXx5/UbL/H6gHY4PrpT/JvkENLnGKvvufLcbKp0PXpT/c5rqqCdk7Hu58vOrIFNiXs9WtVyc0lV6cHHttxtmz7pBOQQdegOCwLsC5afO3DTlJaWQzGZDB3pZFqj4+ReDXlW1Wnd1L54gsU8urz9JygrbzWq+6Tlmp7XnWyKPOsgOxNca5V9j1Wm7B6NEsrHYDCusi7/efAoODVV4OpUZGHmAxR/5P5lxzyw5Tcyc6EamXyx8w4dx9UpvpHZ70odkK0r4/eJEEIIIf4WEmARD8fDlfBDHS1eTtSx8QzqdZHr638l8u2mBPzD31y8X/DjwEL3f8uxKvQS69KAxaE5XNeBsm0DAOxrWQPGwMrqhKEMdXtQ9B2pwieQ/3rk1MeNxRPrYB5ReaC3omVF3k0fAfsKBE3yZZe7xQN2bUonz8oKd5dcrkdeZdfFdoxtUZUz/Cd4DBsnACtqVTElGyDPSkHY4UF/yz1pU8kITsM2rrSySicxRo2aJrgAoOGXfYWtnSIP3ID8AIv2NkePAR716ORRkSM8urz9u5Wbt8bHB95z/B/qWVfZsns0ipePS0BnrtwCxaOPfZdo9Ee9WdD93xVQArKu8+XmB+QpraitzmXn/11i4bg6NPz3nYEQQgghHhHpIiQe2r0in138mjO2k/FnvenlPTUqkSn9dxU0sfb23cXsj6+U3DQ/6waze+5iyntnCHl5V0HXoylLr6BW3yCo/3bTsh3MXmPWNDrtOiEv78bbKf8Yuwn59mb5F1CBb//id5xhlO/2gnMZ9OoZ4gtOPocvXt7NqLmnCHnZ2LTcu380Zx4qAgJo73F8n4rDe9I5fuUeZzZE032a8Tqr5T5gyQu7GfRyAhpAm3qVoOGF+dqhfxQ7KtiM37W1O0MHPM7QoYX/ho9siocCsmLjGdRzF737R/FL/nVqbxEyfDeD+u9iyhpjE/ms2HhG9dzFoP5RfPHtWSaY8sj78V0s/MqyGX38t8fpberC493zEB+Gl92WplLU1/h6Zy4EeLLmY1eq5ebyZdjVYptlXbzKwhcK60iH/ocIj82p8HrUNwh5obD7gHfPIuvJYcfSKHrn15XHdzDhrXhSK7wei7S+ePkAH8cCqen08d3NF7HGstWmXmXhC2bl3vMQW45XsNtEOU2UKpJ2+ds8IHJNTEF5dxh+iDXbKtmlzaUevX2BODW/5tfBtFvsjINWrzZjWh+4+90t4vPPKVFFdC54D3A1vZDq2L0mmkFm922H/pF8EZVJWXlbdhlX7V4v7zmYdfwsvXseInx3PBN8wwvqyOyPr5oFVKuQtxVq6VBe+jl88fIuer981qIL5fE1UXTwjWRHamFLuzM7zjCqZ2H+j5p7losFz83Kl0/W8bMM9tnF2uP556Mh/L1DBd2fXB/fRdAas7wy/S6Z/XE8y81+lwx6+ZTZ87t0ekN57fkqcvzdhGw4W1CeU9aU/jvp4s4U4nJh8DsdeHOEFdWupPF97L+5W5YQQgghHglpwSIe0mPFv/3V3iX2WOHHrNgzdB2cAkDXUfVprLjPT5s1hL8dh7aBE+tG1rDcX2/gSpyWuNgU8qyq022IPQk7Nex6P45d7xtbcfQeUpPICA3hb5ygaft6zPK7R1DPE2xRQashLjynNPD9+kzWTI4G5QAWdC+9O002xpcOrfaBxXKFwnhbnNkQyeDATPKsrOj9Sn2IvUXkphT6bs5g+7UAOjqCOi2H6G3XiDbte/eyFcqH/ZZVk0PUzkwu5IJbixye0t0i7Uphk/S02Byup+VA6iUG+57jgllr9bSjamZ02cnNQ4OZ6lf2N6/Z19WcibcGvSkBA9RuWhcPl+ro790nLlZLnhXcy3/H0OQQFZnDhVxQtzM21dffvU90rBbQEne08HUrU6Vlw/Rj1G05mFl+tlz86hD9pt8pXB97hzWxD5k/JYj/MZULudC7vzvtBmjpapXOkU8vc+btJrTLL4e0KwzvEGfM1z4uDKx9ny3b7jCr137sEoYygHLW215l0OOnicsFtz51"
01:01:11.618 [Forwarding screenshot on session d6a0bef0-bd24-11e6-8678-ab184a9d7075 to remote] DEBUG org.apache.http.wire - http-outgoing-0 << "6N5Az5ZNd5jdczfp+wcwq6MdZz4+woz3NTg1tWfsqzW5sPsmkasucjrbmsRVXuWut/QYNorC2LdDfVOLn9QkuvsmkGY6z+6m8wzqs4/U7X0tutMU94B79x6AvWUvkfy6XqG0K7DNmTUHmfCGsbvO4Fdqk7JeTWSle1XY0bGvHdViczj+q46nOtqSevp30nJhWp/mDKiXzpr9dzgUq8PHz5YLJ40Bu+596gEQ+d4BXv5QS55SwYhXndGeucWuo5m8NSQa5aXeJeeturwyfvh7vfznYB30Oi0XYu8w+/k75CntGDwEdkXkEP72aWwfd2L5AKeq5a3OgJYH6LKKBloew9E0aHZF0r9xWksiWotYnV6tIe2KljO//sFQD3tSv41i8GTjMyFgQn1IuEnkZ5fpmZjLr3vaceohykev03JBpaXTvT8BDcv77+Pjo5CntGPckJrErVez5Y3TRF3QErXKC0XB75KL5FlZ0W2UExmHM4nbdo2+WgUpm30oq+i09/4EHqC1CKBVN7WgqdjxL8TlcCH2cmHe6UsLcuUQsUFNnlV1+vdtSM/69Qnals66L39jlt/jZZylEEIIIf6JJMAiHs69DDZ9lYi9LhdsreBOFt+HphOXC/Rxo4sLnProNwAmbR/AewHGQMd7L56hac8Uzp7TQNEAi41pbBQrO1bHDWCoB9zYHU3752+Sp3Ri+2ljUOPit1E8PVnN7bt6UGcSp4a8Ps04sLktAK8PP0WrPteIP3YHSgmw2AJpq+JouCrOYnmeVXXWXxrKAPsbLHs9kzwrBZ+c6MfwFtWBB4TP3cvszzJZ+eVNts12KBjfYtDKrqybVJsbaTx8s26zbjwOQJsJHVhe91eC3s8kz6o6r4V607FlXaLeP8SFXGO3j3nhnXhOmcl74+PYdQXeW/IrL4a3LfPlIW3bZQZvu2yxbOw3fVk+wPIF3cbsB/PzAgq6HgDk+dXnm41tYO9pRr9hDKbsP3CLWX62rJhp/Gw81/YMrp3BvF4JRD+SoQw0fBdqLKNRzxjHK5gwuTrRn2WyaW8m7YYau5BErvmVC7kQsKgDm2Ybu0k83y6SwW9ksvKrG9hoyl7P7bPE5cLw1U/x8TjjS/x7r8TTvdtFlr6bxIQ9XuzeoSHPyorF+/sy1AVYfIspj//Czssa1OSUsx5TN5h8toxd1YsbCTv5KNOd8D3+OPKALS9fIC0XApZ1YtM0Yy2bPeoU7YddY/W0c4y91JXSeshUy33AjDY7mFFk+aTtfXkvoAZb3i8v7Y7ElLfN6cYsnK8hz8qO9QkDGOAGvH2DCU8eI1JVuZJt08MF3r9G7Im70LE+sQdvkWeloGNbO1rZ1gdS2H/gNrP8lJw8mEmelR1PtbUD7U0+X6Elz8qeXfF9C4JskW/tYsIqLcfP6XmvWN7C7rnll/HD3uuntpf3HCwca8Opjyf7w9vRELgReZz2w9KIOpoJXTRVytsLn52j6Wfnii3PU7py6lJnGmZdr1D6Nk5AZtEuj6aAiA3ALZa+YgwWLD7Sn5d8bDEO0Lqbj45d5eh1VzY9RPmoowqPpo5MNAY3ujTm6B5/Y51/+wZTnjzGrk0JfPmKB1Mbmf8u6cNQj+qQdYMJjY9xIEHDHcouuy3jI9lSZJnbq09yYnGTCh/fFgp/f9T/gxuUEgC9mMqmOCCgCT1dwDGgGYOs0tm5+RKRIY//47vaCiGEEMKSBFjEQ6mm0rBs+q/Flrv1cWXNhrY4AgFvD+LstD/Q2/7JxdgbXL+eyZlo47fNDsX2LFT7BU+Gmt4UG7ZW4mZ1E4eRzeho+kOzvtKshYa9Ameg2v7LePe8zeiRDQh42osb2f5lnr9xkFsF3dqYRQr4k/s1nGlqD1mJaqJzwf3VlqbgCkB1hr/RknXr4ziyN52s2Q4F41uMGF7feL5uZR62Ulx8GjLofjpB72cC1Wk3+HGecswh5LIpOuFhTyulARU18X3Cil1XciEynWh1WwJcyky6uCqMtTA92J+nPGzhpWb4zr9DXC7oNH+COocU0zbeM9owK6AeUI8VX96m/fgKdOEqhzb2ChuuAE2daUoON9LAvX1t+EzNdx9fYsFQf1zI4UyMljwrOya9WDgGRbuXOrCz/R8oGynYMrKs9dZ8MdLUwkmXxe4dWegBG5s/jXX4mJpzWe1o51edarEPmN55F4dGutKzjxsh8cNZZ3qBLG99cX+aWgn8yT3AET2pp3PJU7rw5rTCV8OGAa15o8s1lh7L5Fc1eJRR7k5+9jxZp7AFy/07+QOcViTtCmxzWYkacJ/RyviCDuDYkLlznIh8o3IjWTu2daWr1TWOHFHDbGsObM6FTkraOIKirZKuVikc2acia541xyKBTvVp4whQl03XBnNHo4fbdziTlkNKopoDMeZtLormrYYzseWVsddD3+uVeQ4+N9Wr4MW/oX9DfK3SjN1xMrRVyts8pYLBPWpaLtT+iVZpb7z1q5h+AdM9X/sFL1NwBcCOKRu7EnBPQSv3Wjxd6fKxdC7mNgCvvdO6MKDo2JB5i13YNVlNukoPjYyL3Sc/bgyuADjWxtsXDmRalfu4c/Ozo0kds7Gi7v9JfTfrSh1fB9Qe0cz0+8O+1IDOL9uukZkL3brVQa/WoKYGHQcbWzBtDr9FwKR65ZytEEIIIf5JJMAiHkqesg7rv2mJs+FPIBe9Dmo3qoOPh1mLEY2KVa+dYsP+B6WmUxJXF7O3TntrHLAc7NSid7yiISsiPHlxSAoXYjNZE5vJGn4lT2nPJ9t7MLyMmS+8X2jDtlIGfszvpn/9YpFBFmweM7bmuKktHIPGxYmmf9G3jHrzsRP0QNYdjpsa3VS7omZCl6Jz7JY/G5DbK23YH9IIvdmMRjb2DzEzEcYXzo6tTHlcdJwHs5Yvvl0Kv72tVfvRPHZ+3noVgGpX0nm6abrlyrjr7Ir35SWf/BNwoaV5GSnsaednD+SUuz7/ZSw88BzhRU/C6g/u6WHAG/6MTTzBlqNawlelEL7KGFoavqwDH09zL3d9SWyK/t8JSC3aNc+W9t3t4FhumS+NeVYK1uzpy1MlBnRyKpR2edv8kao2zljzm+U908jXkUpPFaaoS88AOBKZwfFYiAa69XM1tvRRKOk3GI7sVHM0yprTQLdnXE0v4tX5/VQCr067TFwZLTss8/axCpUx8HD3eqWeg39a/Jw/Cof6StXy1vuFNqwrY5DbqqZfwJSRFs9wwNGjPu1MP6dWunyKrLOxIs9KQbuWls92Z2XxZ5iDg3WxZRUxOLhXqYPcVub4ru7l9SG7xZYVxmdQ9NsnaPu25doDoZdJnVSv1JZpQgghhPjnkQCLeDi1auDvV5/SvzDX8cn4Y2w4Cm5DXJk12pWWTevQ1OYmfXyLN1U3l13Jsf3qdGjNzput+f3S78RE3+DHb9OJjtUwa3wc3eM6lnqOZU5xaZoW1LtFzWKrdABN7QpfNGtVr/hsJJWYQadEjva084C4K8Yg1wcfuGGr/xP0BjRYYV/LAf9yWq842FrjqLClzH5EWFm83TzUcIv6wv3iTmtggLHLjt7wCPoHaW+waf0D8qwUvPZ/jS3KWH38Gh9v07J20zVe+rAB+kwgNYvrWih879Ow+6vfsGnjUv56jF3HPjnSi061/iwIYOnv6dFjQyMXACVvffMMb2myOBWTzv6d19gSoeW7+bH0He7OAJfy1pd/yXoAj6Ljkj/gSqIWsCk3sHZPQ6llXpG0y9vmsYaOOFml49rI8iD3Mh6m9tjSvpc9RN5l65daMnOhZ9e6pnXV6dy3DtUi7rBp1TXLdVnXeXX4ZeJyYdDcZgzp7kLLVnW5suYAEz4sfUTaipRxAlTuXgeq8hw0Z+9exbwtZ5DbqqRvMdOQKeOysy2Pp027wff7NLTsbMvChygfc3pNLtVytVz+7QEBPoV/wty7byi2bWV/lxQcw6CnMDz81x1fHXmZXbng1KU+c8c6mj1oDRxemkLklXS+O64jqOPDXYcQQggh/v1kFiHxF/mTbK3xm/MPNndm7IAmtGthz68/ppCWS2l/u1ZaVuxZmtbbQfcFaXj4uDN2Wke2HepMVyuA3HJfOkvj2LI+vlaQ+Oll"
01:01:11.619 [Forwarding screenshot on session d6a0bef0-bd24-11e6-8678-ab184a9d7075 to remote] DEBUG org.apache.http.wire - http-outgoing-0 << "jpv93X8m3DioqnsLp2JN1ysi+9JNdkdeZffuKwX/duy4wpm0irbyqYFrU9OP6j9RPvk4w0c2In3HFd569xLrvrrOzYedxQjA9I5QLTeH/ftuYZxZ5KLFgLoVZq/A1fRj4uYL7LioA/UNPlicXuZuFZG6N9XYheuFFgRN8uEls39B77fAzQqur7/M8SwbPJ60olpuJjt+LpztRh2ZyMvTf2X2N5py1mdRt45xDJMkFTT0cMLDwwkPZw0Lu/1C326n+VWbSdDjO2jZ+Ag33eoQMNKH5ZsH8fkr1THGsMtbX7b8VhYOCmNrnS8izWbtSb3MJztzAXualhOkKb2FS0XSLn+blq0ccMV4zxTOrpPDllVFu4M9ICtLV+50460XWBUNAAAgAElEQVS6KqnNA8I3achT1qGL2eDNLbrUw80KovdrjetML7rqszeJywWnCW1Yt7AtA7o3xMNFz5lj+UezDHDm5235ZVz6eWqzdGRllXb/PprnoKJ+RfO2FOUEdiuavh4g9TanChrOafglyixzbKxxJv/eK1y8690TBAUmEHFY9RDlY8m9pTHo/cVn5uNI5bBlVbrpFKoYxC7Hozv+A3ZtMubv6Hn+vDTO/DnWjjfnGQPSmzZcLisRIYQQQvzDSAsW8Rd5DAegWq6WT+ee4V4/Ry7vvcyyz4wvZ9lq4x/UDxsAyefoXZ8Aq8tEfnaaUbYZjPa35cz3xpfv2k86P/yAs47uTJ8cy8ufZTLMZx8LF3vCuWssWmUccHbW+AYUjhVQcWkR13g54lqx5WO/qUc7/4q0FLHluVcbs2j/NarlZjKhVWGHhmoALVzxKamVgr5irVDszaZF2TL5F7ZMtlyfTSUo6jN7iT2Rb2ioptIww39nsUFWH46OneuMLybPjW1UfLVLI14KOMei/Rq+2JnFx7MeJ2jbRdaPOUDWuy3oZpPFB/ONL0NzxzfmOX1OGes9GH3vPov2X2bNsH1cmtuMwZ65fPduinFq4LnN6KhwIq2fFVs23WFY/yjmTnGF82l8uP4BUANnGyfal7m+pGv8E30mVLuSxvDhUcxY3JHR8xqzbPA1Vg8/gHpOE1o66vn+nTTScqHboma0KCW39EX+X5xtBdK2xbm8bRwb8saceCZ8mMmgTpEsnt+A1G8vsuGo5dHUkadpOywN3zc7sWte6Xeowqc+XbnMLqB2j3r4mK/0aEh3l1/ZooLaPRoUrHNp60Irq2skbk5kYVt4qoGWnR9cJNw0c5VWrwceK5a3L85vVk4ZQ2RJJ6m+yuDHT5Po4cqpuM4lPG8q9hwsl6N7hfK2NImbYxl0LL7Ycp1Wj+dQP9bNrkj6dnTsrGBNrJbJIw8xb1xtroSnEH7UGH21AXBsyIx5dkS/r2FYj0gWzndDf/Iay7blkqd05ZUx9YmZn1bp8ulidhYtxnkzaOYv7NqUQG9tJmO6Kzi7JYXwo5Dn15iXutsV9vEsovzndfmR5Koc30KacYr5PKs6DCmhO1KLZ5rR6vXTJH6Xyu53PKr8u1IIIYQQ/x7SgkU8HKfyNrDllY1t6KqE6M9SeHlYHEvX32fsosYEKOH65t85ozV+c1zIOL6JQwnf6jqYfQNrY2v2Rqqoz/sRLfBVQvSqFGaM/5UNEVrchjRme7Hpb83PruTjmBvwYR8+nutENZWGRZPPGYMrTe1ZvLcXY1vYkv/N96PgYAPYPIZz/vnZF/0WtPBWdenuT/Q3nrQqcvd2faUlXy5uUvIBzNIu61tzhU9bti6yvKiAVxszyNRqxsuzaPSm5EdI/vm3m9aLz+cWVpY8KyuGz3UtOPdaD/Ntc9bv7D8Gecr6DOlY0sXYMniise3Mzi3X0Pn4EL29Gd7kEv72r8x+I53rKJgd9hQvtaiOorz1fm2J3tkMXyVEfniZ2dNTiFZB11db8uXCJgAMD+nMtD7VyTyqZsH4cyz48A53Xez54GA3OjqWv744ewJmGpukXNivZuveu7h09+fnbzyN5/lhCoveTiMRK4YvepJNs0sPVNgoAKypVcYgLRVJuyLbBCzswfJX7Kl2JZMFk39lfaQVAUOMdabg8KYyV2vKCy7U5akRxu8ABg4sen1O9BipMK2rX7jYsQnLQutTLfcBGwLPMeH5i3yX6cTsN415GXc0k5LytvwyLuVet7E23U6lDZxakeeg2RUXKSTjc8qYXxXK21JUUz0g7mhOsX8XYh+QYpq6uSLpBwQ9ydguVlSLvcOywMt8d0zBtLmWGfPUvF58OteJalcyWTQ5gWWfaXDq4kLY/vY0fMjyKcyfx4B6rEvowNguVlzYlsaC6ZcJP5pLqyGN2bfD3xTkKvl3iUM5Q6LUcqlIflbk+OX/jkmNSeNCLrSb42EZPMzn4saUEdWplqsl4nB2sfpnXjeEEEII8c9RLS8vL+/vPgnx3+wBN1LvoecxnD3sH6pbTUWp0zTcM0At5xq4OD7CxllZOaRm6LGxtqGh28MNBvvX0JGa+gfwGLWc7XF5lJlruuZazrUeSV5qszT8nvEntRo44VLeuI8AWVfp3fg02TOMU6M+GuXVxYqvLy2/tWoNv9/7s9S6Ut764jvoUOvA3tHWbPiUv/Keqkja5W+jzcrh9ww9Ns5ONCy2QQ4hvruJf+Uptk37i2ZI0eaQ+ns592w5eVvRe+riV5H0nGnHqcySWrAUT7eqZVZ23lZdRdLPStOQYSjnfi7rufnQ5VPKeTyi51Rl/d3HF0IIIcQ/jwRYRIWtWHKB/1ty4e8+jf8onbu6EBNddKYfkU/yRwghHt7r81sxZ36rv/s0hBBCCGEiARYhxD9P1lU6ND7NvRlPkvjIWrCIfwRtDqkaGzxc/hu+8X/AjdQ/aOhhX/6mQgghhBDiv54EWIQQ/0APiI9Kg6Zu+Lj9N7yICyGEEEIIIf7bSYBFCCGEEEIIIYQQoopkFiEhhBBCCCGEEEKIKpIAi/ivkaW+StpdszlPdWpS1f85A6hmqW+QplaTpftrj6O9e4PU9Kuo75U3Ta4ZXTZp6VdJU6upxF7/2f7D6o8QQgghhBDi7yUBFlE59w7SbYonb566Ufo2uqtsDt/ERV0pn/8SV3l3wdO4f3O0YEnUN8/iueB9Uquctpql8z2pFvIZWVVOqyTZbF7VFacF3XBf0IGRO088RBqmc5ziSd9NR0r4DKDlp01jqDGvG57vPk2911vxUVJ2+SnHheIzqy3u7z6N+4IO+G84+BDnV0H3jjBsivG83z319wY3Hl39EUIIIYQQQvwvkACLqLTMctZHfTWO8Qc+53JOyZ//EumxrASWdGxtWqDm8Ll0GrfticejOkbGHTSPKi1zd2P4LCEdavZkSe85zPJvWaXkch7oAdCZAloXc+6bjnOYeTHHzbZsjbfSoZzU1Kz+dgUJZkt6t2xapfMrk0FPflhFh/6vO065/oL6I4QQQgghhPivJtNziIdT3TQtqU4LtgqLVTY16gJaatmV/PmvcDF+N9CR7q1cjAvUsYTfhzFP+j3S49g+0tRM7GoCMHHQ28x7uskjStSFSa+sxvNaBs4NfQqO4wokACsDL/Cal6KsBExsC665a/vPOTKp1yM6vyLy65FdLf7CalJxf1H9EUIIIYQQQvz3khYsotKcgKvnw5gx35Nqs1pRbUpX5uwwdkOJ3xdI56jzQDI9ZnUlaMNUi88fxSWxekU/hq35kHdX9KPaFE+qTfFl0qbvC1ouoEtm9ZoxNDF1Fak2Zyjv7ivsNpOV8BndZvVjQ0H3Fi3Rpw6Be198TdGA1F/3kUBzerZsyMVfluAzZygz1kwvSNMnJJgodeFoIllXfmROSP75eFJtVldmhB8scbyR/PTmbAjEpyC9JcSmx7E0pGvBNc3YccQs/e+ZtLBrQfo+CwP54Uo26oRQfP41i2jg4K5x+ISEoga06hMsXTG0YPsm8yexOSG/W5balIfBTJrvS7UpnozZcabIWarZdyCMH059y8Frt8hK2kTf+fPZb1r7/ddDGbPhR7RAatwmhs3xLThW31WfGbtz6RJ4c+EA5mcY94k+OZduCwM5pjrBjPn96DZ/aGEZ3DvBjIVmy/I/L5zOhp8/Y9is/Hztx9KY5MLTvHuC"
01:01:11.619 [Forwarding screenshot on session d6a0bef0-bd24-11e6-8678-ab184a9d7075 to remote] DEBUG org.apache.http.wire - http-outgoing-0 << "N0P6FdSjSZ99XHCOZbl4ahNjLPJzOtuSCrsUXfxlCd3m9GPShg9501QmPss2kUU2P3xtVg+WBbN0zSS6ze/KpPDCOmZef4QQQgghhBCiIqQFi6g0O2BrzAoau4/k0w51ifxlNSv3TMCx8Qmet2/Js7YR/KBzZGLboXjVt+NZ2/0Fn72VtYhVJ/NDRjI/0JFPx35E9unlzI/5FydzahI/rR/bPhvFjIQsJnaeRx93iNi1lODto6HhCd55wgW94Q7RumS6aTSAA+jO8e11GD2sE/ltMk6ejgDnObSvBScvRZFwP5mEs+eZ3juEpzjF8wfC6LHgFqc/WY1fzl4GLX+NaFyZ3zuEljXS+eHgalYfeJl6TU/wjq/l9f+Wn97J80zsPIfhd3YRfPFznnz3c6jZk5X9h/LLz6tZvWcCj3ud5TWPX3lp+b/4wbYjS54JpOEfp3j7wLcMW57NqXdeZGybTqw9uZcWbl3p6dkMm3tHGLNgAj8Ao9vPo3/9O3z24+eMX9WNG1NPMM8Xsk15iG1z+tSEGjVqFiuntPTj/JABTzTIYH69VPbfTy9YF61KhswY3ohLpO3azy3225+wFK/5KaS815sjqnSzNVlEq06RYRjE+YxkoqGwDAz3OK8yW1bwOZnobXsLk9AlM3/TRFo8Hs2zDglMmjeajfnrbNPZmGB+vJJd/DkQr20RFssSVHt5fuVekiYf4R3/hvx2KYro+8lEnzQL5tR1I3rDSIaZLUtICWN+weXdK1huXn/KEnw4mHej3i1x3Tvd3yG4R3C51yOEEEIIIYT47yABFlFpOQCe80h64xUUwEQvBTVWriBLc58WT73Cv67u5ocoLeMnzqW7LbTM2m/2WU0sAK3ZtfRrBtYGnuqBIqQtgWc/4sBdH86lZgEdGdb7eQa6OjCqfRtabP6ZJ+2NzVNcfOfzxyeBKExdk7IuHGE/jnzj09x0hnFEXIRn+3fBEbCpbtxu+rC9fNq3OTCGtvbgtT2CLbE3aOasAltXVr6ym9eeMI5JMqIx1Fi1Gt0DPWBjcf0F6Y3ay6dPNwf6cGtWP1brehKzZAOdbOGlxgZ+WPs5tzQayLlrbJ3j1I5RA5/Dg+fo6urGqkv22Nfpxrxx8NPJvXTu+SbzfB24+HMgP1icL7zg6023d19j/rebmOQ7AePwKh3Z/+7X9K4NoGbpYctyyu/a4wS4+AeTWa8dg95/jWia882bm+lXR8cXy58CoLHnO5x7YwKO6r30XTCd/fe/5fNfX+fIJ3t5c34/ltyHJ574gOhXBuJoOMonRSuFNZZde8w+P9HiHX6eMwESQqm3agWQzqlLN+hqHV4QXAmesJd3Ojcn9qdAnvzRMnhiQXeC+abgSmP3l9k5I5DHH5zjzRWjWZkBwZtX8bz/0oIyApj+zCZmNdaToYDgD4zBla5tP2DXtOewvbaXMe9P5weLg1jWn7LkB1CKBlkkuCKEEEIIIcT/HukiJB5KH/c2Ba1FFG5t6AMcuHQFAL3B2LFGbxrUtuhnnQ7wfJZetfNTc6C/fz9ARcYfdXiuVz/gOIPebUu1KV0Zs/kIT/Ycz8DGhQOyKszGfTl5ZgfY9qW9q/GzNukoW4GBvvmDxWoBVwa0b16wT4sug+gKnPo1CUevCRx5fy0NLn/KjBWT6DvflxqrVpdx9VqgOUN989OrjXtNoGYzmpmiGhbDs9b2IsAZUK3Gc4onTeYP5fN0Z156ZgItbAGDnkxA98A4hO5v138tdr64dmKgM6AzoMMUPKnpQ9vaVJhjnZoFQQ9nBxccrdWcVBk/X0v5nJeWTWLMxrUFXXR2nj8PtrVxMF2Tk50TjrYVGbfF0vCeA3ABXJoY6wkA1nDhwlnThyE839l4rX4Bwwq3KUnOvYKuZGMGTsantgKFSwfmDB5pXKg7y+W7ZtvbjmTuwG60eKIXneqYgoOA/5NP4QgoGvdjVAvLMErx+lO24B7BvNP9nYLPElwRQgghhBDif5O0YBGVlgl0a+lptkRPDsaWEhXV2K42Fq/q1sa3eL0B/Aau5pbXQbYc3sWexMNsPbuarWdX82z/79k+tEh/Ha6y51w6T7TpXTDbS9yZSGAIXRsXhIAAFfoH5vvZFFxLVtJntFm5lGtAY+eO9Go0lk99UpgRtZdHownvLLnAoF+2seX0Pg5cPM6SA+dZcuAD1gdFMUlpubXxzO6XOofOIxto13CPO2aJqjNvAApGe/ZEa7iDl5tzuUnY5rfusbYpdRvdg/wrKeWKbG0pfe8irEtJwrqUwE9NR0rq5WO+9T2D5bri9ad85gEVCa4IIYQQQgjxv0lasIiH86D4y3LR6Ztt7Er+bGsL1xIiiC9YoyX6VASgpL7DHT5a0Y8p0fDapJXsWxFH3jsf8ATww5mjZBU9aHosK3UwvF3h9Mz7T5+n8RM9aWGxYRYXVdkFn1LP/EQ00LulFyePhnENWPnqCa4u+ZoN0+Yyokl+a5kKv/qXKuvK9wybM5QjzqNYMedr4telcH7UECCLK6oSJn62VgBZnL98o3DZvSROZlT5VCzV8qKnKYbSuEkgR5bs5ciSEFrb2dKkQVd6+pTSgsNQ2BLklsY4BXRqbHSFBqc116pVW+MPum8Ji7kKQPzRn8pJx6agFc7O6N2m1ixX2bIvv1tRS5qZt+rRmf1sbbbvz9u4qNOSGvcZX6aY16rS6k/5gnsES3BFCCGEEEKI/2HSgkU8csaWIsl8vPFDGD6zyOfnTVsdYvDCYD4d2Z+bR5YwOQWeeGI6vWvbk5iZzA8XX2aS9QdMbufG5RMHSQCeaNoSR0CdEIr/qg289up++t84CLSmT9Hpmf2KT687f9VIHCa8xeOaaF7e/i3QkxGtG2JzqxGQzi8nDtCtRmtuJoUz48dvAYi9kAT+Xhbv6ZXl6FyTS/eT+eGzidgMn0YH57t8H3MYgHoO9sW27957Kl2jphO8fhRkvEufepms3/wv47gsg57DBUo8n6LLyj9nF57t0Y/52/dy7eK/aDJ/M+73zxNt2tE3YGbJ6dg5Y8ptVm97lvOHaxKtKj44bU6xJZbLXFoPYTRhbAWCNz1N+E5XEjKKp2Ne3q890Y03u7dmf9R5EhLepd6Uj2hMFtdM2waOnUYL4GZJl1urG3M7t2Z/zHkSUlbgNWtF8W3KqD9CCCGEEEIIURZpwSIqrbSuQK41jK092rYbZmxxcnY1M3efKvI5rnCHzDAGrRrN5LPn6dpiHj+++gzgwNSpnzPd2ZGNUf+i88rRjI/ZS9cWc/jx+V7G/QwarpHFrT/0HDy6F5QDCqZnTru0jwRcS5xet3FNFTM2TaDP9s+5VrMn299cSada4Bcwm0ClIz+cXMCTy59h0I9hDOz8Ms/awv4r58gCbC26ppTSdcSs745NjTrGRdVtoHY/vh47nSd0x5mxZQJPrnqNJdch8JmtBYPqWuSpSz92BX3A6JrpBG9/mc5r/8XG+44EPrPJNKguOBbrKmOLm5NpLJHqJX0u+fxb9F1NzDMjaQxcy8gPrjRn5eSfecHURSb/2u1M5YutL/83YTqNAePMQumMbj+diabWMA7VbTBvaWJbPb8VUJFltr5sfPMjRpvyLSEjnT4tRvJszfwrMu1nVt4A3cd8w/7eQ3jCdHxjcKU5S8b+yIqnzMatMSZiofeEHf/P3v3HtV3dix9/6QykUH6UgemP2BV6pdmwVMqlCq1iLZa12i9+e3FdHXZ+KxtVWSd1l9ZbcMzSrWWuuH5xhStWx6pdJ9+uDJVLR1czW6jlph1UZkQLamNrBqaQCA3E2e8fCT8CSUiA6rx7Px+P9kGS8znnfM7nnAOfk3POh8N3fIslgfayWX7jFspvjB383FP9EUIIIYQQQghPrrp8+fLlLzoT4n8iK92f9OM/NdhxOz/wuo+nHruJx3iIv/3sR9DxIUz5KhFTRw9adF/8EMun4O/m88EwfBX1NMfnfR20myEyImIwjPbX3+S2eiWv/eIQN9k+pPNTP9TDPh/Q0fEhfUBQ8CxCJm2jk+GsdHR8bE8jYtaYT6hxypOX4cetr4P2j3tQKAIJj4hwN4Q04hgzBrPF4/XxjhVDx0dwTRjqacFjBx92"
01:01:11.619 [Forwarding screenshot on session d6a0bef0-bd24-11e6-8678-ab184a9d7075 to remote] DEBUG org.apache.http.wire - http-outgoing-0 << "XEfHx3wCzIiY5UWeO/jVzvuoYhbq8GXseOBeIuhgx+M38ZgRblj0K85kxI+qP0IIIYQQQgjhDVkiJK4QJSFON90DrzvsS0767DuLRkS4nykQMm3sQYVRYfwjiHR5b2zlExsop81C7SYuT3mZHEqf07jyeXLwjyBypo+DCv7BqCN8GRBxR4k6Ys64jouImIX3ufanv6uVw6ZWaDvKkZYKgnpaedPx6R3XazzUHyGEEEIIIYTwTJYIic9diIJJfBSON5SAchK2qxVfbsE8ssm+/Azg/cHBlRAeuuMZfnrrnC8wb0IIIYQQQogvO1kiJIT4p2P9xIzlkoW+a/wIn+blkighhBBCCCGE8EAGWIQQQgghhBBCCCEmSJYICSGEEEIIIYQQQkyQDLAIIYQQQgghhBBCTJAMsAghhBBCCCGEEEJMkDymWfjG0kLZUwe5qFAMvuU3dRrXz1/C8uSYK/5wIIuhhQ8U/0KMyreUmvZu5nnSKV6fMDJGasue5uRFGHZGTL12FrcsX8kCddBYOaJ611PYUh9mdUyYT3nySl8re4sP8LdhuQOw2WzMSspg/bLICcW975nDdClmcuf9q4kcWaSWFsqe+i0Xr13Cw1mpBNFH/YGneen1Nmwo0Kx6kOzUaK+SMtQf4Lkj7SicTwObbRqrH8kiZqxi9pUj73+btohHslcxWdG3Vpfwm3e+Ru6myYrTRG3Z01SfbIU5d/FE/hq8rUV97bUU7X2H1bnZKOrL+E3LTEe+fIlz/Ol7ztsRive+y+q8LKI/1yeG4bqP8pvKtXPmc8fqZFRjHD7513ikySpzC9p9L6Lrgvg77yU5cmRu7X3bsb9N49uONmZsquY/n/8TRpuNwKhU8rw8x772IxTtfYvVudmT31Y/Z+P9HfKF1ulxaq0d3i+4N7wvmZzra6F6VxHvX/9tslfFDL53pOxpXhtWHwH6WmsperaFZfcs4EjV/4w6JoQQ4p+bDLAI39i6OdPcjFEZTLAfQD9ms5UGbR2/+/M6yvNXXblBFksjj+UUoc4uIUY11m2Ss57e83T221x8YuO9kzqazUqCgx0Pcu43Y9aBtuZ1sktKSPaYlI33G5r5JN5V3JOgp5NTuuHl7dDfD9HmCcd9VKvFTDDz73ExwGLr5FizHivT6M1KhaYXKK5sGPw4ShnidVIfnHqd5maji0+UJNmyiHHxyYTYujnTrMcYrKIXJu1GufP90+gbmLQ4TY0vUV7XjEoTS9SscAJ9OLbnwjs069/gVls2ipY69A3J2HyMcyLpe87bW+j0b5DY8wXcjI7qo6DfbMbaoKXq9XOUFWd4HNCY7Gs80uSVuQ390ToazMD8u10MsPTyzjEdequSTlsWYOLQ7gqaB7qNaXj96PqeC28N1rUvtYn8Dvki6/Q4dQ7rFzwZ3pdMlt5zerQtx7h3VYy9vfW1cbhORxtw9MzdxCTZy//d03+iua2HJd1+/zPqmBBCiH96MsAifKOAS0Dyxp+TneC4TekzsK/wMaqaK3ihaTHrF1yBmRwAfva0pwYEjO9gD4KTN/Js9tDsFkP9XnKKa3j1tRaS14xx+68EP4XnIOM2WN5PkZ0wybd7CggGzEzBZfYD53L/urX0Bs8jFOgfGKAKTqHs2SyfvnVXOGYTBGtWsG6FBmz2uD79VMENk3VXD0AfffjjH6iwn9MUhetzGyeFAlBOXpwKP4BgvrctnwXjyowfCiDp4X3Eb/LHH7D4EOeE0vcgMDBgMG+fO1d9FBZqdz1GecNRzpgySPZQeSf7Go+KfxLLXDEFMLvrf0JZmpnJTPM1zA0EuECbGUDlxcDxyIQUQAgBjrbaB1d8tuIVMYHfIV9onR6n4f2CR8P6kskRRNwtGir36zlrgbAgsOjtgysAp0/oIUkF9PHmqTZQp/P14C7+R9QxIYQQ//RkgEWMj23Yd2L+ajLyfsTbGYUcf13P+gVJ9BkbeaakFK3e/nWpOj6djTlriPQ3sW/z47Rfp8Gk1WIAlKp4HszfYv97CwPVJWVUaPX2uJUqUjIeJCt1Bvu2FGEGtEXrMablsS1tCnuLdlOjNw6m8eiWNajHd0JOr9TxGoKpofPDTgBaaveyp7yGgTkYUYlr2bRptdNyA0vLQR7b8SdUMYE069oAJYlrM1nQ9SqlNfbX8ekb2bImATBRvWsnFQ1tjtOMJ3NLDslq3/+kbK8/wO49lRisAMEkr9tI9qoFjvy8giIcDAYzUWl57Mzw4Zau/2Ma//QnjCq4MfxNCorq7O+bj/Hv2RfZ+LMtfPXMAX4xmLaKlMwHyUp1PyA1RR1PctLoPLQc3MGu37cwM3Uj2zISwNLItkd2Y5zzv/lZ/mouVO9i2+/aiFu6kIvHa9CbQRkcS+ZPch1lZuFIWRGldXpAiSZ+Dp1u8jBwnabNUaDXGwCITcshNyPJPkDRruWZ3RU0GOx1V6mOJ3NjDslOU3xM7Mt/nLenRfFJQwMGQBWbxr23wrMlVZixDybl5a0n0h9aj5Sxs7QOe4z2cron7A2yHGVaeM99rMj9Jd+ZfdZNu4Gmfdt45m0Fged1tJmVrPz2oqHyO1TEjlORFKT3s2VEnOs1nS7bSUDjXqf0l337dhoPtbHhV9tICAL6WtiWuYtZG3/O+gTGaLdGqnftctRnJWqVFdwuxjFSXfafHKprtpdHsJq0dRvJSI4ETBzIf5zDFxXMDLShbzMStSKXnXf7UbJtN1qDGZRqkm9SoX+jhWkD9cWV4X0UQdyWupDyhhrOXbBAWLebfsa57jbty+f5djXXfXKMhjYrBGtYtyGF939dgtYIKKPI3LKZ1Jgw+gz1FO/Yg85oBVz3EaYRZe75mtvL4gSBdOrbsKrTxpx946yHtxv+xJ+M05ibOJ19DxU4bnCNlPzoAc5t/DkZc89RsnM3WvvIi8s8DzHyh+J8inT2MlMnriN/0yrC8NxmvCkXOwtH9j7F8zXN2LuTeLIffZiFvX8c3Y957Pt9+B2SoaH+QDHFlTp72OBYNuQ9wrLIIHyr0+7SHN0XuuoLslJjxuyXTE3V7HyygjYrgJLkdVuGlt+YmigrfoY6R3kMlHGno1/45c4MwnzI42T4Wlwc7N/P220WEhYEoT9xCoITSY9ro1KrwwmVX/EAACAASURBVEAy6r53ebMNotLj8OMo7upY58EdbH0FCp7aMrh8SFuSQ7nxZn61bc0VWsonhBBCjI9scismh/91RKrAfPoMJtopzi5Cqw9mbU4BeRvSMOsqyd2yDwvQ32OkWatl7tpscrPTCDHqKC6ppg84siOHCu17pG3IY/v2XFZEX6KufA/1ljAW370CAM2KTL5921TKHtlKjT6QdbkFFOSkY9NVkpN/kL5xZL/fMcDS19dHX5+JxldOYAZi4udiaSqjoLwGRco6Coq2k52eSFvDfl6od17yYuvtwGg10qybyobcXNLjQ2jYX0LpqWlsyM1hhcYPXeWLNFqg9cBOKho6WZu7naKCDcwx6ih57HlMLvI2BTj3xqvUVldTXV1NdfVBqo800Qf0tR4gt7iSzjkryN1ewLqUmWgrCtlW3erIjxmDYSYrUhJZGDXdx1LpwWAwYninA9unw9+3Yu7uoVt/gJziSgxWJVGxGlQYqSsvoETraimQXfeZF9m1axe7du1ix44d7NPabyR6OwyYrVYudg3cFNswmq0Y3+ugF+g834bVaqShpobz4VGolGA1N1Pyi5ewAE37CgcHV6Ji5/CeTm+/SXNh4Drp3wsju2A7OenxNFcVU1xrAFoozC2hwRZDTsF2CnLWEm7QUbL7EJYR8fRfNKJvaECTmUP22niMzVUUl9SyKDOHDWnxmPU1/F5nBEs9O0vrCF+xgaLi7ayNv0RdeQFnpi9nQ1osACnrMlk6t2PMdmPU6+iZk0xK4lI04UOzsnq73sN6votpmpFx9rhtJ4Ejwt4cZsZsPU/vwCXo6eY9q5lex0CFp3arLdlGRUMbyetyKci5C7PbKmDhYP6PqKhrxowStToYzAaqSnLZdcReF7ouGjEbDejb7JFMm6Wg7N8L7YMrwVHEzjSj1eowOtUXZ1OAfpsN6KOvrw+LqZWXDh4FVMybHeShnxlx"
01:01:11.619 [Forwarding screenshot on session d6a0bef0-bd24-11e6-8678-ab184a9d7075 to remote] DEBUG org.apache.http.wire - http-outgoing-0 << "jXsuYmiuo23aXeTmriOqX09FUQlnNWvJyV6L2tpG+cFGwMQLPy5Gp1hCXlExeZnJtDXsZ8eBFqf4wkZdH8/XvOe8EYO+jbgVKSTPv87n5UQdhjaMBgNdlz7F1j/sAyv08wG7fliIts1MsFqDRqWkrWE/2duq3faheh1k5uaxIS0WQ0MFLzaa8NxmvCsXcLThmmai07LZXrCB2G4dJblP88Gofuwaj32/979Domg58DjFlTri07PZvj2X5OBmSnMfp9HkS532lOaIgG76Aq3Jc7/U117NDwsr6Jyzgrzt29mwIhptRQG7tAbAQMm/F1KnV7A2p4DczBTaGvbzH2WNg/2CT3mcJP6RccQCZ/QfACZOnTQSvOgWVi69GThNixE4/zZ64KZFXxs8zlUdi46LAbOO6pMGRzk2ckhrYGZcnAyuCCGE+IcjM1jEpPFTAJegq+U4OiCt4AlWxwQBMfyUv5FdepRTppXYLoEyMZvs1cn2A/VHKTr2Pl30cd2tG9iwLIplCTMxGTvQRM+hptmIzQaRN89HVVKDan4S/9L9KgVm0KTfy+K54di4g3tXnKC45hVOmFZ7XAIwkmIKWLUl3KMtcXpfqUnjO8lq/IxLyMzUcGNqMqEmEwFRs1DiftHR2qJ8lkVCn98ZKnU1pG/MYVm0P31+Z6gpPEmvDfxs/UA/773dzrzFN5JdtJ1uRbjLb6cVQJu2cnB6NQCqFBYvW8DZo68D8TyxbT2RANF59LZlUPm7o1zc6MjP9jxWj3PTAPsyGwhdsIan8npYX1gDqhT2lmRxpsy+Vj44MYO8TalcqN7B1god2kN/5LvJGS7/8LUa22gwDp2JjkQyktUwcnL6wH3zFPsnAws2lLHreDZ/FX1N+8gorAJzD72YOHHUHmfihp+xaZkaU30JWcVa+3oAN9Y+kU9yJBCTw7kTGVT+12tYbruDtMxMFDFJJESAscNGvAYMjoEepyw66nFWahIwg4b9Ot5JftDxejaNVTqnc+n88F0++DiK277/E27ohK9dp6Z//rWUVqlYeFsy4R/s89BuMrAvaohnS342asDUWDb6agWpWTQszpkfHKDOXTuxrXYKO1uvH7rmTj84n+/odmvkzBtGlMk5ZK9KABL46aUPyS4dfRON8SSv6O0zATYUl7BMDa2OetPw4iuYlt0zmGxKdjFZyRH0GY/xUDlAFLlP7SQhCI7syqa0wf0drwJoKMnhHucmTfzaLSQE9dHqoZ8ZvUwikfwta+xzF5bUUlQXxZZs+wyMQP0rFB57ByMJ9svcaUDfdoHFCfdSFLkcRfgM56hGXB/P13wlNuxlvml9sttz9WTgXBSBC8gvzyU7owgjKnL2lqDRl5FlBYhlY34+ml4tW3JKMDT/CZ1pFUkuOqO1RdtIjQQSgqmvyuVc2wWIDffYZrwqF4y8XtsG8RvIz7Cfa+4T8MLxT8H2nj1tRz/W13KADLd9/51e/w6JUdsoO9wG6hWsuWM+il64+/50tIWVvKF/G7yt02P83nLiri8Ig56zjjJ20S+deO8EVoLJuO9OpgfYuO7u1SQeb6bh0GtYNDN4wwwpufmsTggDYiggkDfxcxSdwrc8TppIFsVC+ak2+lZ2c9IMixZqCIrxQ00VJ/9iIIYWIJa4SH8Gphy6rGMJt5GmrqDq5dfoW5ZBR/1/YUBFzm3ebbIuhBBCfJ5kgEVMmh4zEBzINb09gJLrZgzdYgcE2797VQD0Q3TM7BFHK1Dgz4xwOLA7l9Ki4Z+pHMfZ7PfLtl56uu3fyukrC8mqHB5W7fM6ctslQJNGbvo86Lc/oSdkxlxiIh3TwUND6DpdTnZ5icd47IKZ7tj7taffBqi4boa/4/XAmcKCjEdJN/yCyqpyGqrAvnzoQXLWJI1ad24GknPKyHZxx+P4m3zYOfujmaeC8wOvVUyfMfbgijd/Y9sG9mC5ZN8AdGDQw9xQzvp7yocCdna53SA0ODGTn95/IzbHNAlFQITLtExnz9iXY40YIAm59qsA+EfNQw0YBgZgpgBmFfE32BcJhM1fiBothinuzydkcBsGfzTzVXC0i15/FSH977ArpxznKuhiT45+mDNn4EYxhGlKuP7rA/U6gGlK6AEIS2LjulPsrqijpNm+PEQVu4KNj6wnvN9+kjYb2MZqN1wC5TTG2j3CNizOsdrJ8LCuOBWfu3ZrOstpK0R/LXzoXTflbum8YF8aodQQ51jLFx0XR3CFDrPTMWrmL7QH6Dn7rmMpURRzHUUz/VrPczlsgCZtA+nzg+nvt2EjkNlzNajD7G3BYz/j5BIoA4e97/y6f6AMCOPezRsw7C6lslRPpSO/6zZtRj2i2dp8ueYuy3ycemyD+Xa+3s0UZt0z7LXZTX8w1LdBCLOC4WhHN/jHeGgz3paLAoUfBE8dqgT+kctYHzkwkDjUj3mu097/DsHyEQYzYK4hN6vG6UzP/eUNOr2s04yV5nCe+gJHEFf9Uj8KwEj51hEbwE7p4fzZt7CiYqFmqEBjUjOIAYbGYH3I4ySKWRQL5S2cqPfDjJqbNUGAhluiYP/J4xxXtEJsBvbFgeC2jhHEbXclUlVaywnjHZyrbobYdS4HAYUQQogvmgywiPFRON/mWZpepc4MUcvjmGo7Clj5uLMPHDc09hsJ+42PDQgMcvUEGgPPbC2lWZVIbtF30ESqoLGM9UUnR6WtcOzqmJJbRpZjI0uLoZHXTvc6NnT0TbBqHgkLXO/l0Pj8j6nUQXpOAXfMjyGMRh5YX8SoZw67dMnl6IWp9QOmL3uUl7ZE0N6i43j1i1RVPsuJO5LczL5xfctjs42eovHRh0ZAw6co3KY/klenMjw89oEoAFXyBp747iK69fUcfbuLr0XFEermuCl+QajCVIycqmMbmUl3d/y2UT/YX10CMKJ700iySoVFfwYDeJjBonR69UG7EUJu5rOmvRRUaIlKyeQndyegVoWh3XUfJS6+uLYB06aHO732m6Jweg3QZ2qlM2AhP30pG4WhldOvHaC0qoaXT93J/cObkc2Gp3YznhshRaAP7WSgzAcS8lM4FZ/bdhs2mxgltLzfPZSuwnUjDAqfYd9Y2XpucPNL49st9gGUS8NrgW2wAMM0GlTUYTTrOWOEZFUfbe3udtixuwRo5sWxwOWG2172Mz4x0XYBvp2/j5iADppOneTF8v1U7DrE4mfXu983ZYxr7r6vHMmL2qFw+SMQS17JI1xna+OPr51BERGFxos+1IZ9Fp/FY5vxoVz6h22kjf3RwYWl77BypXM/5rlOG3gmy7vfIQRNR6UEfcwGXtqyzJGogSOHWwiPm8ORhmqv6rQv9WnsvsB1v3S1zQxoKHhp2+AT11rrj9Bum86M8DcBLW9/0EdCjL0OtRzcxW/Px5AyeKGvRJ0fm/rGJIIppWIfELUWTRCAP3FLYtlfUUklkLjB/R4wA3UMQL0klajSBg499xydRljxvcVXNO9CCCHEeMkAi/DZFODcqT+iNYfw6aefcuG9k1TVNQOxrLvb/khGDVr27yzmup98n9ndjewqaQBlIrPD4Aww+q7fho1e+zf+02Yxe2Yova1HKCmqA1T20I4bwHOnXuPCnQuJpYa60qfRhHyf+YqzPP14Mc1WDfNWJbvditA9D6MQNoBwps+eTaCtnQNPl2IGx9TlkVPdvXP28LOUaPv5KPcJVmrmMmOa/S9hXwc6NDctAm0dvyip5dF7E/j4+POUN4M67RYiOOFlLEaKH3qAZwf+ku03E740l533uD/CBmhuWQjaGoza3/N86AV6TlTRbARl4nSWJfk2dTsk1H7zYtS+SEnAKfQ1WvsHHmagDAlj4WI1dTUGGkr/g11vxdCmbRjjeCvPl+xlevadfHryBSr0ELtuMVM5CsC0mWoiQhU01ZZQ0mAdsbfliIGAsVw4SWlpFVHv29h0z81EXXet/f1h19oGhMUv9dhuOkelPZLNaSDGBgQtWOqxnYQPCxsYHgGYqXrxCLPvjuLkc6WMfhC4q3YbQUyMkgZtKQcWhnDbjE6eK7W3W4A+Qz3PPPdnrl/zMKnR84gLBq25jaKHcoiPmUqLY0PL2DuXu263YXOJUoLRaqAk+wFe"
01:01:11.619 [Forwarding screenshot on session d6a0bef0-bd24-11e6-8678-ab184a9d7075 to remote] DEBUG org.apache.http.wire - http-outgoing-0 << "CjZj9OYJ5W7XPnjuZxTDypJRP7tMCBvd/KGklGbVW+Tl30uUZi7TAMJD3e6b4s01d91XOscBoC3+IaefHVq0aO4PJ+eXm92GtwFhCUuJpY5mmnn+uReZj54anQGI5YbUJK/60OHburhuM96WSxjzb1JRpy1nX/0MVs61cai0HH1bLGkB1zqF9FynZ3j9O6R1xmLm3xSMVvs8ZUemc09cCMdf3EGF1siKqD0e67SzMX5vDTdmX+C6X4qb3Q/aGsp3VbPxO4vp1R+ioKQGErNJ3bSIeCqp2vU0835yPzM+Ps6e/Q10J8YToLBf7TF/t3rQWruXg+/N4uGsVIKwcKTsad6ds5qs1OgRbdvFnEXVDcQpQWuF2CVxg7MzI+OSUFY0YyWY+DjP29IP1jH/GNKSVRRrdaBMZPmVelqhEEIIMUEywCJ8pgDa6vZTUjfwjhJNYhrfvj8D+xdoMeRuz6RwWzlFOVn2IKp4cvI3EYkJBc5/mMMUCAlAQTT/a208zfsryc6wz/3WJMajbNBxRm8kOWkui6OU1NRVsK0nm/KibAoLSygZmDatjCJzey6+3dorCBzjJj72zm8RpS2nJGc9JUBwVCxRymba3nwb1swYPB/7rJqhyDy9TvjuJpLP7qCyKNc+bR4lyZn5JI36G1XhcYwhLCGLvLU9FO4vJ0drX6ajTlxHfsYCFE06vByhAKsZ87BdYaf0uv+zWzkzlAAgaMF68tZ2Ubi/gYaqKgBUmjS2bPKwX4SbAaSYux8g8fWtNBiNaGuMRMVqUDaP3qg2MNT17WrC+i2kf7iNymYjDdoGVGoVGDzsSglwvoaCbPvSgKjkTB5ZFUkQAaRpjlNVUUBGBYCa+Hg1Op39caP2umo//5H12N1r/5h7yF7xNiU1JWTX2JeZqeLX8p0kFTTa4wxQAP6e2g10DraT4SkMXN+RnzniJJJcD+3ENCysf/RKMhNPUF5XSk4doNYQPGyIxX279Sd1y8/4MP/HVBZvpdLpCOj54BTaZh0B37QBarKfKkBRuIe6NgM6HdiftrWRTauHcuRcUdRs+lUBZUV7OKY3YpwSS/L1JrQ6A+54rvWe+5mbhl1jV+XqvPnSwOeRfD83nW1FlRRmOwYHg2PJ+cGdbh416801d9VXOgscdmNuHt6ACbd/poChslQwsPhI4SiHRxxpt+nq7DO+lFFk5j8yqg8d2ZcNCAlQELTgTg9tJsvrcknK3sK5izuoLN6KvTdRszbvYeZxaETanup0kA+/Q4L5zaaf8tEn26gsLWDg11n82lzWx4RDjPs67Wys31tDgzJj9wW46ZciKVjXy46KCnIbKuzFqEkj72F7X5tTtIHCx0spymlwFEcK+Q8n0/38S179bp2vcH19AbrfO47uWBy9WakEYePdYzqO2W4lKzV6RNt2RcXCm1RotZdIioscelt9A0uCoW7KIuY7xkk81bEBSXemskdbwczUZeN8WqAQQghx5V11+fLly190JsT/VH2YjF3YFAGownzY699iwthrIyBURZAXe7OajEZsCgWqMPffaNWXPMCe/gf4zaYk7/PhxH4uBIQS5k2mvGQxmei1QagqzM2NmJf6LBi7elEEqPClqCdFnwljlw3FJJSNyWicUBlbTEZ6CUUV5v54U2MZWUVnyN1bQqzNSI9idJnZ4/Fcp3w2eI3GOr9xtpsxeNNO7Nk00dULKpXv524vN+/ybU/Hi3ZuaST/kVL6w2cyPy2LjKQIqrc9REWzGVVKLiVZbh7TPHZmfepnvDPea3dlrrlPaaMY1zUf4LnNeH9+fSYTXV72iW7rtI/X1p6m6/Be12lf0nTRF3jTL3nuQ7wo4ytS5z8/pvoysoqPsaHkNyzzfZqqEEII8bmQGSziCvInTDWOv4KCwlD5cI/hVRr9/Vi92srVnXGeyxiCwsIm5zGT/kGofCm0yeQfxmQVzUTLOChMNXZ52mxAN7028A9TubyJ8yoeX3l9ja5MXfM2Tn8f299wvpSb1+kEaZg3xUxVm5m24hyqigc+UJK6PHZ8GQWf+xnvjPfaXZlr/nmm7fnae5+Gf1iY10s83cbp47X1lKbXddqXNF31BV70S577EC/K+IrU+c9BXws7Ht2BzmgFzTqWyOCKEEKIf2AywCL+KYTMiSPe5m7rVfHPJHD2QlKSI5hxJR+fISZREBk/KyKi6jCn2/9GTz8EqmZx6513kxT5JfwaXggXpF/yRMG1qplo1PO57+FVE5vtKYQQQlxhskRICCGEEEIIIYQQYoKu/qIzIIQQQgghhBBCCPFlJwMsQgghhBBCCCGEEBMkAyxiYvra2bttGwdbTF6ENdLaOsajc11orS0jf1c1lit8zJXOE+BUBn3tR9iWX0LLJGSyXbuPzdkPcN8D23j5kHd5G+sc2hvraXfz4fD0mq5UIU+i1uqSK1ofrqTheXe6ZuNsT+JKa2ffjm3sKDviW33zpS/Fc/sUQgghhBBfDBlgERPTc4Gjzc281z3WE3os7Hs0m60H9T4n0dlSh77hfZ+eAdT5zkn0De/T63NqVy5PI8ug58JbNOvfoHMiDzcCwMDvy6to6w4m+vpr6Xnbu7x5KiNLYxm5RXv4wGUkzul9GXbK7nz/9BWtD1fS8LwP1bvxtydxZZnqD1Ola0ZX9zz1Bh8O9LovHat9CiGEEEKIL8qX4d5I/IPqA/wDAwkB/LwI338JgqcG+JxO0sP7iN/k79OTAxQKQKngSj2QYTx5ghFloFAAIQQE2l/2wfiejtD3AS1WSMx5gk1JQdB3P3f7j503hQIIDiAAoK8P/Icd4Wf/L8BVAY5M7x+Z47wCA6Zc0fpwJQ2vy0P1zjLu9iSupD5eqznm+NlK9SuNpGYleHGUb32px/YphBBCCCG+MDLAInzWeqSMnaV1mIFglRIzMN/xWUvtXvaU1zCwcCEqcS2bNq2m80ARNWZAW8R959L45c4MLrgJqxqRXsuhInaciuSXOzMINNRTvGMPOqPV4zF2jq93DVryf1zC+Znp/HzbGsIsrewt2k2N3p6yOj6dR7esoffgDra+AgVPbSHGMW6gLcmh3Hgzv9q2huFDCUN5Wsmrmx+n/ToNJq0WA6BUxfNg/haSRmSqZUQZFKQDGPlDcT5FOvtMBHXiOvI3rSIMMDVVs/PJCtqsAEqS120he1WMc6SWJvLXF2MGGorXk3Mml8zQ/3JdXkoVUSHddE5L5efbMoApYD5O0ebj6NvMQDApGzZzb/hJHiqsA6Bo/WZyynaSFOY+veKsuRzZ+zSlNc32MMEaMjfnkBodhqXlII/teAVFOBgMZqLS8tiZsWDYCRip3rWLioY2ADSJ8Vxs6eG7T20jIchTGZjY56Hc+4afd3AUmmAj+A3U0j7qDxRTXKlz5DeWDXmPsCwyyIv8er4urUf2srO0xt42NPHMvGgg8rtPsD4B9uX8O/33/pz1CfbCbNqXz5Nn5vHLnRko2rU8s7uCBoMZAKU6nsyNOSSPeAzxQL17aOHbw+rScm7lzzSp7qdk0zLHKbaw46EdTL33Z2QvUw8eX783nz1Hz7N0409Zn6CiviyfPcfOE/etzWxaFU3LgW3seLkV1awIjB92T1q4mP+9hS2rneuuof4A/3dPpaMcg0nJ3ERWagxN+/J53hDJ3ItH0bZZHfUyj6xlkY7r8zrqmKnoHG0mKnEdmx1tZkTj4Mjep3i+phkrgCqe7EcfJjkyiPb6A+zeU4nBkXbyuo1kr1pgr1f5j/P2tCg+aWjAAKhi07j3Vni2pMpxXVeQl7cel0+INp3gFb2VqPQclrTvoaLuD7RmJRDtIqi9vrjvSy1u6sRC80uj2mdIo3d9qRBCCCGEuLJkiZDwiaVlH1tL65gSn05BQS5x9lsXbIClqYyC8hoUKesoKNpOdnoibQ37eaHeyOy4JagApWYFD967iMsewo7U2/Ue1vNdgIkXflyMTrGEvKJi8jKTaWvYz44DLa4z6xeAzVhPTk4J+v54NuWuIQwjZY9spUYfyLrcAgpy0rHpKsnJP8jX4mLArKP6pGNev6WRQ1oDM+PiGDlPYyhP0N9jpFmrZe7abHKz0wgx6iguqaZvxDEjy8AxcQW9"
01:01:11.619 [Forwarding screenshot on session d6a0bef0-bd24-11e6-8678-ab184a9d7075 to remote] DEBUG org.apache.http.wire - http-outgoing-0 << "DjJz89iQFouhoYIXG030tVfzw8IKOuesIG/7djasiEZbUcAu7Yg1B0FRfHtDCgCaFZncv3TusLy1U5xTjO5SNBvyCshOVdFmtGI+3+MYelIAZs5PXUpuXg4pUf3Ule7mzHUryUzTAJC4Lh1NmOf0Gssep7Smmfj0bLYXZJM4RU/51sfRGsHW24HRasZgmMmKlEQWRk13yn59yTYqGtpIXpdDQc5aLjboMJovYrMxZhm4L3cDTw877w2L/dAbgCn2NFsOPE5xpc6e3+25JAc3U5r7OI2msfPrKU+WlgNsLa1hSuI6thflsegTHXqjkV6bvbS7Os102YbWdPT3nHdcpxYKc0tosMWQU7Cdgpy1hBt0lOw+NGoPj4Frq3aqS8ncOD8cY8PvqXccYDxRi84M189TOx0/e1YgVquZ40f0gIE/1+mxWs00HHsTsHDs9WasVivR0WGTGi5y3mznEzFU81hxJednppC7vYC1iVOoKy/gQGsf/T0XMehqOD0tldy8bJLVZupKS2nqG7g+BnSONpO5QkNbQwUvNY7et6RpXyGlNc1Ep2WzvWADsd06SnKfpq31ALnFlXTOWUHu9gLWpcxEW1HItupW+3W5aETf0IAmM4fstfEYm6soLqllUWYOG9LiMetr+L3O9d43LX+sw4yS229LYvmyJYCel4+4XifkqS/1VCdY4Nw+rzvnfV8qhBBCCCGuLJnBInxy5uhRIJH8LWtQATE/y0W/vggAv+lLyMzUcGNqMqEmEwFRs1Bin80eFJ3EwuByjqvmk7Qgmj6jzW1Y1+xz4W0AnQb0bRdYnHAvRZHLUYTPcBE+GMw1/Ci7BqsykeLfbEIN9LW8Rp0ZNOn3snhuODbu4N4VJyiueYUTIU+Rpq6g6uXX6FuWQUf9f2FARc5t7r5/duTpEigTs8lenWx/W3+UomPv0wVO3yCPLANT41EA1hZtIzUSSAimviqXc20XaD5Vi5VgMu67k+kBNq67ezWJx5tpOPQaluSMYQM+QcQsWYiqtA7V/CQWRAdhj1ZBT+NhdED65nyWRQMLYvjUcB+l7wwvzUR+mp+BCojlDHWFJ4EwFs5XQ9VFbrktYcTMgJHpdbJjqxFlYjZb1tjPf9PPFDywvpi64y3Mv85+1NrteayOHvmVfzt/1hoJTs4he1USAE9wnqzi0wA0H/ZUBivdlvuHTR00AGmbclkW4w8L8uhuz2D/eQATxw63gXoFa+6Yj6IX7r4/HW1hJW/oTcxVeMqv5zwtmGtvG1s2rUINRO/IRZ9R5KbuDFBAXzhpmZkoYpJIiABjh414DRje63CzZ4yCwBF1iel3EVxVypHX2klaNZPXDjVAVDq3OY+voE66FXW5DkOLjpZWK+8MfNDWQlN7CGeMgDKRlffczFs1TZMWbnGM8xBl4+FarGgo2JlFDJCw6VFsZceJCuh3hEjkJ1syUAOa+/VoC0/S1QOO6sS6YW3mWE0uPbaRm5EYeb22DeI3kJ9hrx+5T8ALxz/l7bpqIJ4ntq0nEiA6j962DCp/dxTTqnsG61VWahIwg4b9Ot5JftDxejaNVTo319LA0Zf1oFrBjSrwD11CLHU0vPwalmUZowZpPfWlnuuEc/u8tjfAx75UCCGEEEJcKTLAInyiUEwB+oc2UA3SMF8JPYB/aAhdp8vJLi9xcaTNcYz9f89h3Qnj3s0bMOwupbJUTyVAcBTrNm1GPXp9AID9O2HrRS5YQB0EPd32WSf6ykKyKoeHVKMgiNvuSqSqtJYTxjs4V90MseuGkryaZwAAIABJREFUlse40w/RMSO+ocfVfh/OZWAXzPSQgZ9DmBUMRzu6HRtvGCnfmu0cxZQeesH5Zq3fxiUAm/Mn9ltVJdPDh6U2LWTgA+ASKAMH89nTPxTO1m//fNR968j0LJ0YgZtu1gx9HjSXRcFw7L1Oxx2xiukzXKynMH3AO0DcwrmDb4XNvR4lp7ExUILuy8BduV/u7wWCiRpM05+5kSp4D7Ccw2AGzDXkZtU4HXlOf9axPsNNfh3xu8vTZ462Mchfw/xg6HIT0+CUGn8VIf3vsCunHKfhGJWnPWNG1CXVEu6MKmV/7XFMi6/jZQMk59w2eh+eoHhuiYL9baepeLYNM6BUgtXayoulJoyAasktqINiJzfcqOxfguD5DA2NRrImKxKARke9HNhdxuYo0qGyCOarw9qM2tH/OFOg8IPgqVMG3/GPXMb6SGgsqx4Rnz+aeSo473jZD3PmDOQshGlKuP7rA/UsgGku07MP3mqtgLWG7HuG1S1DLX9sv4fVI9YUeepLx6oTw9vn+PpSIYQQQghxJcgAi/CJzXYJ8Bt2c9KG3gpzgcbnf0ylDtJzCrhjfgxhNPLA+iLHYAH2e0/Hz2OGdclE2wX4dv4+YgI6aDp1khfL91Ox6xCLn10/YqaFDZTJFD15E7uziygqPMDenWtQBNrjT8ktI8uxF4bF0Mhrp3uZGwiqJalElTZw6Lnn6DTCiu8tHrtMgMCgkDHDjSwDd3H5ATabGdBQ8NI2BnauaK0/QrttOqHepeRg5ePOPgiz39yZL3b79tX2WJtoBoUQBrxxQk/2wKYzfR/RZobo62cAeuASLh9pFDaDmYBe/wEDG9aYzr6D1ZHsWGXgrtz9/AIAM+eGnXfn3xznHTQdlRL0MRt4acvAfiUGjhxuITxOAxdOuc/vGHnyO3MS57bxAWfM9raB45w+uTQU18C16GnaS0GFlqiUTH5ydwJqVRjaXfdR4mbl2yCnuuTPbWkp7C+u5T+fDsdKLMtHbgLkCLfo9nj2t+loa7MCGjI33kB5USVtbQZAyS1LY69AuJHlCJgv0g2Odmvi4K6n6ViwhoVjnPaouDyUT3//0Kd97bUUlr7DDdMvjQr60YdGQIPNEd+0YaOSNsBvisLptSvHqo8CajILHiRSAaCA7pPsLKrkld+fYPWmZOd8e+hLLd7WCcV4+1IhhBBCCHElyB4swieamxYDDZTsPYLBaKC25EUGdxiwAYQzffZsAm3tHHiqFDNwru0CEMa/xCgxn3md+lbjGGFdsWGjmz+UlFKw7RmaegOI0sxlGkB46OB+JkMuAQpCVAk8mhkPbZU8dbCVoAVLiQXqSp9G22rE1F7PU48VUVFRR7c/4B9DWrIKg06HVZnI8gWepq/Yht1sjbztsrm4ERtRBm70A5pbFgN6yndV02400aLdy9biUsp1nV4+acjG1ITlxAP7txVS29SCdt82SnXWwYkT7vPJwB0w+pMto/aScRZNUrwSa0M5e7UtGA2tHCjaTRsQPc/V0i3nY1ekqDDWFFFSXU9L/UEeL9YykEHvymB0ufstWEIsULnnGZoMJlq1e+3nDdhQMf+mYNA9T9mRFkwmA9XP7KC0ohxd9xjZHSNPC5cuBRrYtfcIBmM7tWUVOO2+4Qe6F1+gyWCkqbZk8FoMnMG0mWoiQhU01ZZQ0uDpOtmwuahLYUnLiceKrtmAKuWbbjdWVSfcOrR0TX0DNycsGgqrjGOxY2nUZIfrM9RTsm0Hta0W5t+yFNCxu6QWg8lI/YGn2d/QPGy5n5t66ZGFI2U7KKttBcKYf5MKa0M5++pbMRlbeKG0HH3bReYuWQTo+EVJLQaTiabqXZQ3gzr1lmFL+nxM3dLIyzozyvi7SI2JJjo6mujoSKIT7mZ5FJgbXqVpxIY6HvtSB7d1Ylj7tPnUlw4vI+drAtBau5cdZbWj9v4RQgghhBDekRkswidhCevJS/8bhZWl5NQAShVKABTE3vktorTllOSspwQIjoolStlM25tvw5oYouLiQNdA8daL/LjIc1hnUyAkAAWRfD83nW1FlRRma+0fBceS84M7XQw6TIEQ+ze46tSHWXvyIfbv30P9bcXkFmVTWFhCycAyD2UUmdtzB28Kk+5MZY+2gpmpy0YvbRiVJ/vMhH43n400vAy25kUy4i4agJAABWEL1lOwrpcdFRXkNlTYT1WTRt7DyaPCg4Jgl+lHsmVvHrsef5LywgIIjiIqGNouDdy8usqnPT9hs7+OGi01pQX0Tikj22mdlHN6y7b8jAvbdlBVUoB9YUQwK7KLWBMdhKVJ4fIcByRl/YJL"
01:01:11.620 [Forwarding screenshot on session d6a0bef0-bd24-11e6-8678-ab184a9d7075 to remote] DEBUG org.apache.http.wire - http-outgoing-0 << "PE5pRTFalKhVMPAoFM9lYPJQ7tE8sj2Tx7eWU5hjrydKwBoeSgCQnP1TPvpkG5WlBdQ5joxfm8v6mLHz6ylPQf5QsK6LggpH2xgsLYAw7ly3gmMlNRTmNADBqIPBoAgkYsEdpGmOU1VRQEYFgJr4eDU6nZ6zloHzCnUsmRm6ZsPrUvhL24gmkhVpUeiqzpO6fPSskaGTmM/tGiX79Vai4m/An0gWxQfTrDOjXjpsOc8kh+v54BTaZh0B37QRlJBBwbq/UVBRjuMSEZuWw3cWBNF8wn29VPiNvj5D9cDGu8d0HLPdSlZqNEnZWzh3cQeVxVupwl6ua/Me5l8XhJG3tofC/eXkaMvtnySuIz/D/hShkfVqrNcApjNvYADSVy0a8Yl9ZlFlcR2vnzKyIHloCMdTXxq04E6PdSJhWPu03Pttovitl32pcxkNvyYA3e8dR3csjt6s1FF7xgghhBBCiLFddfny5ctfdCbEl1CfBWNXL6Eq1YjBjT5Mxi4ICCUsyMVciz4LFvwI8vcfO6z7xDEZu7ApAlCFjf82wGQ0YlMoUIU5z1Ix1ZeRVXyMDSW/YdmVeM6pUxmMHdbY1YvC5zICLC3sevy3xGzMIzXSXt4HNmdQyVr27Vzt5UwY7/WZTHTZIFQV5mXcFqp3FPJOzANsWmUf3jLU7iCn/B2yy54leeCyjLsMBuqXClfVxJ5fGwGhKnwtWo956rNg7AJVgJ6c9UXMzSkZtnzKfpyrNC0mI72Mro9j5WN4Xarddh/lxqWUlYxcMvcPaqAcQ1UDq7kmPwl39XLwGrquH58bt32pL3VivH2pEEIIIYSYTDKDRYyPfxAqlau7En/CVB5GJfyDhn0zOkZY95GM8zhno+Loa2HHozvQGa2gWceSKzG4AiPKYOywrsvZC35w0aCnPPdRWlLm06M/RrMBkrMXTfrgCoB/WBi+FVkQAZynoWIrm1uSieIcdbo20Kxl4fD7yXGXged64nt+vcyTfxAqFWDqpZOhJ9+MdVxQmMr3WQOOumRpOsBjT1ZitEJi9p1fjsEVmFj99jYJd9f5c0jbK5NSJyanTxRCCCGEEBPzlYKCgoIvOhNC/EP4exetTe9yjfpWcnLuQfVl/yL4mmu5PTmGyz0f8e77FyDkG6z87iPcl+R+4dPnLWrJbaivsfLhu+9j/Gwq8Xfcw+aHV/i4ke8/qCnXoLj4d66LWUjUV69sZeo3f8ib73ahWXY/G+78uoycCyGEEEII8QWQJUJCCCGEEEIIIYQQEyRPERJCCCGEEEIIIYSYIBlgEUIIIYQQQgghhJggGWARQgghhBBCCCGEmCAZYBFCCCGEEEIIIYSYIBlgEUIIIYQQQgghhJggGWARQgghhBBCCCGEmCAZYBFCCCGEEEIIIYSYIBlgEUIIIYQQQgghhJggGWARQgghhBBCCCGEmCAZYBFCCCGEEEIIIYSYIBlgEUIIIYQQQgghhJggGWARQgghhBBCCCGEmCAZYBFCCCGEEEIIIYSYIBlgEUIIIYQQQgghhJggGWARQgghhBBCCCGEmCAZYBFCCCGEEEIIIYSYIBlgEUIIIYQQQgghhJggGWARQgghhBBCCCGEmCAZYBFCCCGEEEIIIYSYIBlgEUIIIYQQQgghhJggGWARQgghhBBCCCGEmCAZYBFCCCGEEEIIIYSYIBlgEUIIIYQQQgghhJggGWARQgghhBBCCCGEmCAZYBFCCCGEEEIIIYSYoGu+6AyIL7tP6TBcoh/wC5pCRIhUqckzULZfYWp4ACHKLzo/QgghhBBCCCHckRksYnysXbzwxFFuCj3Ejd+oZdE3arnxukPccd8J/mz41BGol6KllcxceoIOtxGNCNP9HneFVnLHE+fcHvHnJ15lZuhBnjvTN6mnNIojLzPTT9E9rgh62Z1+iJjrK1mzw/35dJ84xazgSmaGvkqdo6Csb+u5a7BsX+XriZ7K0MMpOOJ298/ztZlcf95RO0lp9lK0wn08HdoTzAqupLCud0KpCCGEEEIIIYQvZLqBGIe/8cP5f6bSCJevvoZV35/O3OBP+fNvPuJ0lYFvV5uoeGclKRGO4F2e4voKSiXw7mf0O97pA8x9f/eYg6s++4x2Yz/M95/w2YzpbD+fACHjONT88ad0GcFkcX8+/Z9YB34aLINjFXpOfzYsUOhXxpE69Pf1ew5gGCr3K67fUQYe64OXUVnHjqcfz3VICCGEEEIIISaTDLAIn7269SSVRghd/jVe3pdApGPpSu7jvTz3vcPkHehl6853SHly1uAxfm5j82djTTrft4K3K2D83Ec2ufrtgz2EfsVD/j3z5riguddRWBwEKPl6EEAfp+rts4Auz51J4+kkZnmKwEspP5rHmljl0IBK/98hLGxS4vbGZF63z6sKCCGEEEIIIYS3ZImQ8I31Iw48beXy1Up+vmdocMUugP/z4xi+cTUEd1uHLd/o4+Ceem4KtS9LiVlax3MnLI7Pennue6+y6gd/cbNs5FPq9tRzx/X2Y29KP8qeA8OXftiPX/OjRgq/96o9/hXHOGUFOj6k8L5XB5fDxCw9SqWud9hxL7PmR3/h0J5jxLjKW0QQ3wCmxUcQAWA4R+H3Xh0KG/cqhb/7aOJl+kkPJ2rO81+vGTF2/43H02v4pc7+0VVnz7N6aS2lJ+z5PnPoFHfFHXQsKTrImh/9hbetHuIe5vrlX2fl3ddz98C/b2m4O+XawTK8Y8XLrNmqZyC67hN/4a6lL3PHCi0nHGukTuzRcsfSl/nhnrO8ukc7WBY3LT3KIaclWxZe2Fo3+PldPzhB3dnPZ66Mq8EXa/t7PH7fy4N14aalR3lhRB1c86NTvPDLYeeUXs+pjl4OPVE3eNwd3zvlXN4e65gQQgghhBDin4nMYBE+6f7Leeo+g2nf/RdWRrgIoL6eP3Zd73hhv9G86mwHeZtBvTiUFD6h7ngXW79Zz9c/SuVmJXz43720YHW5VOXUniN8d7PFsRRpGm3lHdR95hymw9DLsQPvc8zx+uK7V6OyvMdd1/83pz8D9fKvkjyjnxd+/TE/XPoq5w+vZOPN0PGulWO6dzmGPW//itmRt9eZ+/5Kbg0JIfUnahbd+FXgY3KXvsELRvhGWgT/prLx/8q72JN5DFQryUsOGHeZWoxdvHzYwuWrbXz3Pyz8v7pPnT436Cy0mf7OmWeP8s2cjwffv+qzzzj2n++ytOoTjr6zhHljpHPmjfd5OzCQHkdB93M1c+OvJQL48N1e/qqDyx+Z+Hg7zAL6+6yc1lm5fDWYBo7psPBXnZW/6k5T6ZTHj3nolnrmdi1lPr3sTq9l5+Ghz0//2sDp8RaQW3289XYXpv6/O0ZV/g74cfGcc/nRric57k0Mn4F6eQTJ03p44cDH5C6vpf1gKnkpX6Hj3V6O6do4BnxjeSiRZ7s4ffg8q+aeByAuLZS+E1389UAb664N443tc6BjrDo2/johhBBCCCGE+PKRGSzCJwN7esyM8O2RNncVL+GNmhR+XXM3T3/3Gq76zELdG/YBGL9Qe5hRMw+6z/H4YxYuXx1A+Zt3U/ZkMn98P5EU1Yg8WYfS+NC8isaj8TTt/AunP4P0X93KG5VLKfq/qZw9Pg/11bDjJ3q6YXBAJ/1XA3n7XxSlXc1Vn/VS12gBrmHlD2/mO8lB0NHF6Q64vPxf+ONvknniyRTq/+trAJxp+JgJUQz96Beu5reV81jiaJmXrw6i8Lf/yn3zunnyUXs6l+Ons79pJdXlMwm9Gq4yfsSu342dh2P5p7l98TFWLbX/W73sGI2OaUNDZX+1yxkgwz8fsOQHN3Dsr7fyw+UD7/VwrgOsOv3g4Ero4pnsb0plf/H0MfPnq6vOdrA2oY7bFx/l9oSj3J7wZ25PqOPfHho+q+hTXvjpXzF8Bik7E3mjMpmiZ1Zy8qD92v3qwSbaGV4XbuWPlSm83JA4eA0e/G0KL/8mhT8eXYD6ajj36kd8CLzqRR0TQgghhBBC/POQGSzCNzbfD7l8tZJ70odusBfcEg6//oh+298BD5u3muzLjK57+BusVDveC5nFjzaFUrd5aIdTvxFpzFJbeE7nmMXQ182rh7rtj5H2"
01:01:11.620 [Forwarding screenshot on session d6a0bef0-bd24-11e6-8678-ab184a9d7075 to remote] DEBUG org.apache.http.wire - http-outgoing-0 << "+zvBAA0dNHVrBo9btWogb9fwr6u+ClUuFisFKQkDrjr8LjFLO1n7rRmk3K7hQ3OC7wXikT/zU6KJj3ubYzogLozVK+fAicbBmTsLl6qYZjLD3Ahu4DzHgLYmC3zrqz6m5TfuvUwuz53Oru0aZgFZP5jJLw8bHDHCx0b7wNnlq6/mR08lcWsk8MDNFNb8gbzDn7mNE6uFE290Oc1kUn1jBvMiXHdTl68O4KGfTMfv0rDNbKd8hf53P2LPrweW6fTT/t+fcVkVwX88OLTbzKyUWDYvfp8dDV281cGwunCtPYByGvFx8LphJv9npWMEUD2dVZFN/Arww8KpMesY3DqenZGFEEIIIYQQX0oywCJ8EqQKJPRqON/hbuOPTzlV9z6fTPsqi+Idt+8RocwddqM5VeVdtes424HhM7j8gXNas+NCGPUIGac0hjalrcxpclrKAsDVl/ik39VxMF3l5qlEylnsqori/rQ2/qrrYo+uiz28xWVVELsP3kb6pD7NaNiAQdff7QMOw56qdPrJJr75pPMRLfUddDPH45OOvlOxlCeWTsUy8DQfvkKEq2Ve3gi9ZrCMRy7teuv40LWZFjjw0zV8/V+VcNj9/iQdx5r4t9XOe9qk/zaVX64Mcn1AZAQ/+OHCUedsPdHInl+/P/jaLxRo/wpTnUL5syg5ABo+GzbIFMioyz91+Iyer9jj6nL87Hh3zDomhBBCCCGE+KcgAyzCJ8rZocwEWn7TRl2hhpSRd7fdBh5MP805lPz2/dvt7029ZsTNrXeCrgsh9OrzzJztvBzpE1Pf6MAj0ujH/gjp3a8vI3Hq3wcHAf4/e+8fF1WVP/4/221gBBmUtDFDEyykEAgJFdJFV0rZfuj6pVzMdN/KrpZ8TGgjLDAKTWRbKKOEJCvWMpIsszINy0kElR1NlBpRQXPCZqFRBsEZxs3vH/ODGZgZBqWttvN8PKy59577Oq/zer3OZe5rzo+O8x104MHwwXDEyX3OuGZcGFu/C+PMsTNUVnzLB+80UqFsZcncg8QeHI/LXIXn5W2zbMVm5JD/vECWTfHiYgcYWo3gKWHgjUN63EZa2r8fUl9Ph7s1Wdttux20q9FKLrZIHhk+APgO+xmIF/m61vVqvD7D/Hn8CS/oZz5x4TeMDevn4o7/OPRXa5ctvjsAArrOhrzIiVo94NEpI6AfQ3ox882dGBMIBAKBQCAQCAS/HkSCRdA7fIeRsvgQf3mxnUeSD7Djn2Nstvlt57W/fYn6Bxj211H8zhf2XkFV0iEyUzLnpeMcyBzBGKmpjjdf7Gnnnt8y6Bq46oeLqDSQEGqe4tFymlkR+9jNADZ/F9MrXVqUX3LL5OP4//U29j03goDQYTzw0HfMGlDBbn5wmZgB0B37jo/L/2PaGtlMRwcMv+0GhrlR/+DwwdzyGzVf/QDoJUyeEYxvwzHujjhCQ8DVxP3Vhz+MH9CDlP84Oe/F+Bgpa5V6ONhEdcNF/uCn5cV/NLqhWXf8hpsWd73qh4s8uewA4f8cA4ojFG51MT0IkI4awZL0EZdVp3N+i0xq2o3ptfJWMuLMo2EajrNm6w+ADyMtybZeyu05xuIY37uligQCgUAgEAgEAsEvGJFgEfSaP2RGEPdSFeVb6oka8A33Lb6e6z0NfPrP7/hKY1rL4qmlNwHtPSYeADqcjYbwHcbjqYeZ99w57o4uZ+Wy62h45yiv7ulyf7cbPfnzshvJ3nGctTO3c+xvN3JP4A9serqeih8g5G83Ml4K5b1os2/IEOJ+c5zyV/7FLE8tiVGeHHi3gYofYOBtfjZJJseot5ziL1tOdTv/wNvX8ph39/IdXT8PHsnipMMsfuUi6tKj3FJ6tLPAiYuMjBjUi9Z0p7+PaYTHVT+085fw969Ilu/4m3hoZD1rT8C5LfVMkNVfkbwrw5PE9BtYfc8pXk74lKbUEdzs28G7T6lR/wATs29kFI5HLrmOXfdiTCAQCAQCgUAgEPx6ELsICXqP9HreODaBR+Z5cdUPFyl78RQvPGdKrtwy3Z/NR6aZF6U1/crvDNMaFr/l+tH25z0BmXlKTdzySeT+1YerTpwjI+lrist/Q9x0qd39juqQRt5KxdYbiZBD+XPHeeTheio0MOH/3czry0e4qZutwCE8u2UUEXKoeLGexXO/5tUtevyn38DmF4OdC+oBmV1Fnd1RZnk5H9K51seM5+J54W/2o1Qu/UbKQyW/Y8n4nteAcbWg7fil43jozs76L/3Giwf+3zUM+I29XlZs1PDwtEi2lPMhY9cEFtxuI2/kAB554ppu9/6YWLQaHBvFZ28HEsIPlD1XT3ammlp+Q0L2bbzxyPU4iwWZ1Imu5nM9x5hAIBAIBAKBQCD4NXHVpUuXLv3USgh+wegNfHvmgmkHFb/+XO/74wyK0re0c0bbgYffAK7v1c4sF/m24Twd/Jb+fj4M7oNdXZrUrZw3Qn+/fgz+kdrrCn1LK2e0/wHJb7nO38fhmiqXS4u6Fa0R/AJ8elzTxR2a1Oc4T9/reXl0xkJfta+r3L6KMYFAIBAIBAKBQPDLQ0wRErhN3qqv+Meqr35qNX4RxEwYTGWFg+2eBcCvwz6PLruF1GW3/NRqCAQCgUAgEAgEgv8SYgSLQCAQCAQCgUAgEAgEAsEVItZgEQgEAoFAIBAIBAKBQCC4QkSCRSAQCAQCgUAgEAgEAoHgChEJFoFAIBAIBAKBQCAQCASCK0QkWASCXwFNTSdpaPqWFoP79+jPfktD40mazut/PMV+6RiaaGj6316sVyAQCAQCgUAgELiHSLAIfiU0kbMskKuWF9DipMThjxZw1cJpfHoWOL+TiQsDeaL6W9fylq3iJ3u9Pr+bqQsDuWphIE8fbOp+DHD+IKnLArk24/cEZkxkgFv66vnojdn0S59I4NO/59pHb+F5le5HbcdMi97VP5NkheEk/yx7g6PWhJQe5fbnePWIvX6Kt/9IYMazNPzXFRQIBAKBQCAQCAQ/N0SCRfDr4nwrrU4ufffdUbvjc+7I68WIkL6ng3aLGhc7wNhGo/m45UIHAE1fbyFf23nHDX7X4NGT2LO7SK/ca3MijBC5rG9UdoSxw5r0MdDx49XTCxQb5jD303UcNxu46WA+t21+mRMXbPVrYtehRm64dTIBP4mWAoFAIBAIBAKB4OfE1T+1AgLBfxVPCT4A6AGp3aU7FlRwaYH54LxzEaY7PX8U9XqLl+3BwEgKHvg7312UcMvN1wNw/NiXpmveczmdl4W/W0K9GQocAfJTvmJpsLSnOy4Pgx48peDV374dPwM8+g0C9PQ3K+YjkQDgebVPZ6EmJWVtMPu2yP++ggKBQCAQCAQCgeBnhxjBInAfw0FSl09jYuoMnjdPlWg6WMDEZdOYuOxhFGdNxRRlDxO6bBp35SxkYuo0Ji7P4rB5pMd7ry5g4rJpTF37FqaVPU7y9IppTEyZyMS0OLdlz1z7rmMdz+4jJ28GV5mnnIxY/jClKptpHdpynn5xNlctvIWrFgYyNe85q24NX6wiNPVhFA6TK9/yz1cXMGJhIP0WBjLzxWfZ39Z59egXqwhNncbMFea6l6Vz2ABNqndZsCzCqs/UvAIOW+Sf38eC1Gk88X4BC1JN169aMoHU93db5baceJcFyydY7w9dnsJ7J5xM1zmvZvsX71K6awtfanRUvZ9CoqLGdK1tC/HLLLbV8VFZCqELLXVO44mPTHW2qN5g6rJl7DCLfPetGcx+9QP+feQVpqZOYGreK9bRJi1dzpmOpzF1dRavlqUwwqpzOp822azjcnYfT6yYxlVLbuGqhRNY8MoL1vqc08R7ZelMXGLWeWEEM9e+wtHznddfzpvBxGUzWPxGFlPN5RZvP9JZn/m+BW+9wtN5M5iYOoOXj3SfknR4ewoxihqgjklLJpDzfh79XnwZgNdei2V2mclWDV9v5whBTDYnswQCgUAgEAgEAsGvGzGCReA+niMZTh35bXBut5Klo6exf+/bVGgbgTq2H28iNqqNd774hCMGGBp8B+caPuVIWx0fHUsndPRxNu3/nAoA7YccNMwmWr2DrNN1gA8P+LXyZoubsiMdjMUwHGTxU4m8bIDE"
01:01:11.620 [Forwarding screenshot on session d6a0bef0-bd24-11e6-8678-ab184a9d7075 to remote] DEBUG org.apache.http.wire - http-outgoing-0 << "senED/me3A/W8af8evxy/mkuVEf+kTCy4tMxHC1h1dGXmb0hgsMLpnD8mIIjbXDeCEhsBev5Z97dzD3awoRRfyF7lIRXPnjZ1A5vU4lvGhQcaavjSBvcOSyIRgIZ0PAK1+bnAEFk3fsYg5t3srgyj7An1KjW5DDKeJ66tjrWb8vjhmH389LvfNny2Tryt83j2hu/JP2mr/m/3Md4z3M8q+5N4foL1WR++g4zc3XUFL1KaNf2G7XsPr2XCiC4tZUh31dzynqxhSPaGr7RdfDei39k5pHGzvsMdaz6YB7KljfYcFMDO9o6r1Vo6uBcJY+P8TWdV39vnRXVYfze/pzxe3a01UF9HTvqO8Uf0bzDnS8Gcu6Zv+JrOMKC9ETWW2OqkfW2ujikiZdXj2Nxve25Ft77Mof3vvySf/3jZSL7Q1PuCnUrAAAgAElEQVRTDRVaqKissZa66YY2Fqcn8rK1vhbWK3Ks1yde6D4lycPnZv7ouYX3DL7Mv3UGkaMnsar+C5YdrcHn+qlMGSoHYP+/toBfKmP7u9Y+a1cWTyuednjtqdinyJqU1UP7BQKBQCAQCAQCwS8BMYJF0AtkxN8+DYAjX+9Czbfs/Lrz5XhrjQqaKnnZADCU+Xf8hYdM76J8VHMI/SklG62l97JPrUN5cJfp0O9PLJ7UC9kx47pp11SzxZRcufdd3lrwVx68axnb5s0FNNSe/N5cajK7/vE+T834K88+voEUTzhSux814GFON3Zbo+TsHl452gKBT/Fp6jIevOtv7H7q74wG6xosHubpRg/P+oTtGZ9wOONPvPuWKbnyYc4nPHXXbB6e9yr1s6aD4R3eqG6yJnFuCHwKVUYOD89YxpaHUwHQXWiF9rOm0SIDxjDrrv+PBxNy+HxeKikxv8PD0dovEvspQ3cs+Ji3Rw81HXjPRfWPL3l26F6WmxMaD8/8hEtF9ahmTgdgh2Itx2/O4twTzzMBgCDefmIf5559gqE2ch1Njup6btkDJtkfxoSZTpxvpBVoqimzJley5n3CpTX1/Ove6Q4kdtJysNiaXJl/xzrOFdWjSko12Z9PeOKDfV10COPtlA/YNe8NprZ+Zk2uZM37zFTfzPtd1jcq5q88Nj4MkDN3/t+448YxLL3TZJGEO59gQUwQcJAtR+GP427H16U0yJqUxVOxT3U7L5IrAoFAIBAIBALB/xYiwSLoFaPG3mt6+TZU8MEXH1Ft86J/5PhOShU7TQd+d/H7oTKmmBMyFYc/Y0v1F3ayvtj3IR/WmBZT/eO4aUT3SnZ33b76ai8QxP/FRFjP+cdkcanoIEsjrjGd8L6RW6wjDry51jwCxdWKKk0nD1IBLPt9XOeqLUN/xwN+tqX0QBAzIoLMxwZajAB13J09gdBU0797S7cAsLWmc5TFqJHBVrlS/3BzcgMYGEycH6B5mcCFgYxYNoN1jX78373zGOXWEjAyhsgGmRvoiV9/Ga1NhzlivlpTvZrZKxawbE+1+YwWrRF8r/G2Jmr8ZIPx7e94gVsP+2E+NoQxdYzJDhMiza1p28uhs/DVV+Y1YZjOn2JMZSLjZnKni1YcP3Xc/GkaSxOm4AuMikpi6TBTamOHqtpuZ6TRty5iVvBoYmMm8u+v9pnbP50/xYww1Xf7JHNyxjkdRtOUpg7zIretRiMAhoumJZL1qj1sBO6KuLkHSSa6JllEckUgEAgEAoFAIPjfQ0wREvSOgTEkyqFC08jiN01TLSaM/gthjet4WVvCnz41FfvjuGkMBgaPvZcJmz+hQrvOfM2XlNjpfKoo4T1FBu8BMJRZYyNgoK5XsrvScdH8oct7f8tZHZ5XtIqq0fz/HvffscOSA3k4fAbXmmV4SnyQeujxGToMOM05YOLIQJu7Omx2LxrBU6u+4u4vSnnzX9v59OheVn1aw6pP/05xmoIF8l4oY01WdWZmTreZtqD2kgwnMXAUeqMMj4t0s599ozovHj/1teMyfuOsSawOo9F62s56np5uW7Pj4gWr7p33SPGwqGLU25Uf4GHbAPM1Q9/uT3TwQDkwnQk3uL8AsG1CRSRXBAKBQCAQCASC/z3ECBZBL+kclWIhbsJcZtwYZHPGnDABa0KmkzE8EJ/AWNtTfjPMI1J6KbsLwwNuBurYduBb6zm9qoAB6bcye9sRh/e4w+AREYwG3tprMwLHUM9+rdNbbBjP/Hl/46l5y3hq3jLSx13HYdXXNF20KXLR8at/y4l3mZk6g91+s8hLfYvDRfXUzJoOtHBC42yzadf4+F1j/Tz7nlfZveoT3rl/Ev0kMsIDoxje027M2gN8dR5Ax76jBxyXcbF19S233Gou8w4llScBOLznI5eL3N54g8X/W3jjM5MfW068y4b6FgAmBI9zmHAz1Tfe/OkTXtu+Dz1NvPfBJtyNBg9LYs7sL9MuQk3s+FcNN4yezCg35VjImpQlkisCgUAgEAgEAsH/KCLBIug11mlCAAQRc9P13Hrz+M4C1oQJdEuaDBtH5MDRTBrVuXJF4rgp1hfkXsk+v5vZSwKZ+dZu870z+SOQ/+Ysnv5sJ1XVbzH/5TxgKA/ePtrhe7+hy/8dMjCSh4bBqSOPMfPVt6g68gmpWYmm0Teezu4dzKz4+4G93Ja6gH9W70PxRQETcx9j/ekDBNw43FWNAPj6eXOsrY6UV+bz8he7UR75gI2VuwC4VmbaLri9yz1dj60jOMxIR/6JfHPCa9UbE5m4YgbhL+aw/ugWsvbW4d3j1KO9THpiAhNTb2WxOcHhLh3A4LDpJJqPs974PaHLJhBW+k6XkjpeXj2Bq1Ifpuo8DA5LIMU8lWtV6b1ctSSCAbmPmZMyYSy/dyLg2A+Do2aTYm5T/uZE+i0cx0zF593KNR0pYMTCCOsOVqbRUHW8sP45FE16fPxMQVf20VO8+sk7vNMGsyPF9swCgUAgEAgEAoGgE5FgEfSegTEkmte/QB7Hrf1h8M0TretozJ9gP4XHNmkyPyIGgAm3TTWfCeK+221GpPRS9vcGaLLsBNN/Iq+lPU+idyNZpX8hpjiDjYYg8uet54+Dwbfb1BdP07n+PuaJM/bTPQZYPw3m4cc+YVXgUN7bn0HMiw+TbwjiBoAB1+Bjvdf+/oDf5fCvmXMZ3fY5c4sTmfRmHhUEkT+vlFlDpV3qcFDvwGm89cDDjDbsZfGb87jtxaWsOg0p925k6WgZ4GFdK8Xzag8Hx9Df93pLU83IWPrMJ+SPMo0KqThdwyngBvn9VD6dhf3eTJ3tGRyxmLdvNS9Ya2ikoi2Mh0eFdZGN42MA/OgvATwjWP/E8ySayxzRNnLnqPv5o3UtHA/AgK6tEdoaOQ/gOZq8Z95llVlnDKbEzg3y+9m14m3uGGg6bfGvVz/byUdB5P39A1aNCjP5iyBSYu/vvgaLsZVTtPBvcyzdOmYmo4H3vnyZ5I+rkY6MZpkfHDm9haStZXzFULE9s0AgEAgEAoFAILDjqkuXLl36qZUQCPqapqaTnEfCdYOvx/1VMnqm5ey3aC+A39Dre9w9phMd6kYtSLwZNHjwZeijp6nJtBWyz+De1OsaU1uMSPr54T+wp7lBZk3Ofkvzxb7QQ4+66Tu42v26ATjfhPpCB1zt49Z9TQef4/evlRN6fSBjJy5laUwQNL5L6NOPcQRYlrSbZ6OcJUr0tJzvwLO/zOqzlvM6uGRAq4eAwc4mJgkEAoFAIBAIBIJfIyLBIhAI/nc5+wmh6Q9b11wZ7TeUI1rL9t9h7PrH+8T2d3azQCAQCAQCgUAgELiPmCIkEAj+dxk4jbIHHrZOUbMmV7zHU/z/XhLJFYFAIBAIBAKBQNBniBEsAoHgV0HL2SZaL3bgebUPg3szLUkgEAgEAoFAIBAI3EAkWAQCgUAgEAgEAoFAIBAIrhAxRUggEAgEAoFAIBAIBAKB4AoRCRaBQCAQCAQCgUAgEAgEgitEJFgEAoFAIBAIBAKBQCAQCK6Q32ZlZWX91EoIfim0sjVvBZ82yxk76lrruZ1F+by2rRb5mNu41tN01lC3nVW5H+AVFs31TndqaWVrXi61slBuvrbff0H/3tFQXck52TAGevbuvlZ1Lccv+HJt/6up217E"
01:01:11.620 [Forwarding screenshot on session d6a0bef0-bd24-11e6-8678-ab184a9d7075 to remote] DEBUG org.apache.http.wire - http-outgoing-0 << "8x+cISp6FL0U45C6yq288cp6it98m093VVLf4sGNo0fQDzA07GRV3scMihpr9YONVlZbB7Z9waq8TxyXMzSwflUBDYP61id1O4t4/s0a/MdHcM3V7t3T2rCTda+9T137NYQFXtPtulqxgRde3YSqTc5to65Fc2gr+asL2fThhyhU/2G82zZvZXtRPhvLK6iqqKDC+u9zKr7UET62b3xnW9/O9fm8trmCSwHhBPY2wC6DvovDLn3WoKGuvo1rrnG9HZO7sflzfA64pm9073zW/Ei2sPGTa1+4L+enwJXuhoadPJf3Kdfefpvbz5ge0VRTkP0cRSWb+JobmXDztT3f4wZ1Wwt4/iMNUdGjONXHfyOAn9xPAoFAIBD8mhEjWAS9ov20CsX7FWgtJwz17ChXoqop5/PDGmu54wc/o6a+HrxcSTNyqqqGumbjj6jx5dFaXURa7lq+6a1qrdUsS8liq+ocAM3H9qOqOkV7H+hUWZTCk/klVKk6CImIQE4jirICFqZsQAu0nfmaGtU+HJvTyLGqGmqbjbSdOea8XNsZPq+p4WRL3/qk+ev9qGr2cKbN/XuMZ75GUVXF5183O7z+jXI7NSoVFceaAS3vrymhRq1Go9FQfxY83K+Jk/uV1CiVKO3+1aBUHOsT33Wt7/geJSqVkkNn+l66I/ouDjvjCFrZ8GgyT25W9XhXT7H5c30O9IytPS4P+2fNlctzUIOdn1z7wn05PwVtzV9To1I41L3tzNcoVRW9esb0RPWmN1DUNzMo6CZCRl3XZ3KbTx209sfm2nJUVafoO4//9H4SCAQCgeDXTF/9ziP4VeBDxMRgyjaqONEKfj7QqlJSb756cK8KYuSAgSMH6sE/gTCfHkRKwUPyI6t9OXiY/uPVW9084ALQ38uUWZJIAJmXKc9kMIDn5f1G2VpbSn65GmlwAi9kz8IPgGQUBSkUKLawqfoP3CeRAL54eZvuMYDNL6J+LN6wHjx9aKuWAB50bZoB8PT2xpfeJCfcQyLpBwxkkHevbgLA2e/4I6ckkThCx7CIMcA31OsA5CQXFBAr76V+/QAdBMfPJT5YhtEIcBHJgFH0UpRLTCEgwVtmqq+v7eyMvopD2ziCVjougKy/yyyqjQKW2LSPTODn+xzoEVt7XCZ2z5o+kOcAOz+5fE70Qs5PgF9UMhvW/8Wheby9vXD0XLsSPCQXQDqZ1Znz+0ague95e/UDqQQJELN4A5Gpnn06Su6n9pNAIBAIBL9mRIJF0CtuiIiAjRs5Wt9KVLgPqr0HQBZNQkQ9ZQolamLxNxznSD0EJkTgCWgPbWX1cyXU6wGkxM5NJ/mekO7CtYcoyl9Huco0EiYwOpHU1JnI0bJz/UsUbqsxlZMFk/R4ClOD/Git3cyynM+Qh3hTo6wHpEQnJhF+7mMKt5mOIxOWkD4rCjBQWZpPfpnSLCeMRRlLmRJg/2299dAGHl5RDkDu/MdJKVpNpLGadQWFKFQ6APwjE1iSMosAu2/FWjak56IDFLnz0UzP4F76gW4PuY/vQVWvA2TELXqchVOCzE12zzaqit2AnKQUS3LFROy82VSd/gDv9hbzaCENH+Rnkqs0/XrpHz2XzNR78EPLpuXL6Uh4hhldZNftLGJ1YTk6QCaXogNCze0pzVzOXrxpVtWj959OUf59qJzY8NCGTF5XBzDy7Oco6vXmtmawcEoAI0P9odyD6zzt6wM5cUkPsXCqg3jogfbvDrP7MxV+rf9h54o3zYk+DQV/W8DpJX9nzsjTFKxeg8KUebGJJ+cERN5DTHjXsyY7fNg4kCV/zybKDw5tyOa57XWMmLqE7OmQvXQNHRF3M+r8brYoNYCM2LmpVl+qKzeQs3YLGj3IAoNB7X47WxsUrFtTQpXa1A6pfyRJS1KIDej+SqauLOXFtWXmeJIRl5Rqtq2rOFSztaCIEoX5F2+pnLg5Jp+Y+tdHSAaBWq0jcPojhB5+m46EZxhXn882U7Dz4OnpvLB6Dme2r2dt8TYsY9ksNpeYfVO2IoVclRqQEjn9IVLmxHR7sXT7eQE0VJayZm0ZanN7Y+cuIfmecBzH7h3sycujpMoUKcHRkZytbWPe89lE+fRkg934h/RHae5XgdFzebxLv5ofBVvzVlvlS+WRJKWnEOvv6dTGs4cc7PKseZz61RZ5fhg0zp47WjY8vpyGYcFoFQrU5voeykw35bhtqC3NtfNTVoLJF46fE1DrxIfNXeS8sHqO3bPo0IZs1jUMxF+rQKkGpIEk/i2VmeFy07WjErwbldTrpCRkvczYlo8d+u7QhkxW7JWTW5BMAAAGtuc8yjtM5fl72lmac4RFL2QT5adhq9WfUvzlerDp3c7jSOvCT51Ur3+c3HIdsI37HvyW1CVBFK85wqKXs4nyAQy1ZCflcf2Sv3Of1y4XMQIGdSX5OWtRmh4ABMs04GF6yta+n0vOgQBeWP0HPnbpU9v2do1f5/5+YfUcWpz2E4FAIBAIBH2NmCIk6BWeARGEAYdV3wBaDuzXIBs7kT9MHg8cpFYDNB5FBYwbewOGhq08sqKE5hHxZKxcyaL4IBQlWeQpur5hqil4bAXlKgmJKVmkJcVRX7WRJ4qqqS5aTuG2GiITklmZlUx0PxXFTy5HoQFjexMavYYaZX8WpaWREOlL1cYCCg8MZFFaCvHBHijL3qK6FWpLl5NfpjTJWZlGrKyGwrTlVGvtNfEJ/wNJ04MBiJ6bQLBfA/nJuShUMhJTsshYNB2dsoy09A202t3px+0z4gEIjk/iT5MCAQmgo7H/ZNIyUogL7KC8cA2VWnphm1bq6zUgCyXUr8slnyjSV2czJzbAekqlhKS0DBZND0NdVcJb5gaea9Rwzmg/EL21dgNPFpbTLzKBrKw0ItADWIertzVqUKvqiYiPIzZ0GKdc2LCj7Sxq5TYODpxKWkYysf46ygsLOWQAv9D/Izf/z/i1VrK6sJxB8YvIzV9JYuQFyouzUHTxgTucOalCrdGg0bZh7LC5oIcOviHvkRUo6nXI/IMJlkupr9pIcvZWDC5kfv56Nnl5eeTl5ZGTU0St2cHnzmrQ685ap9h0tGnQ6/WcPWcEjGh0elSKMrbUSgj0lwI6FCVrqWwFGrayLL8zuSJrVJmTS+5Qy4q0AqqMIaRkrSQrJZFBaiUFa97vEnuAeivL8stoHBpH2sosEqP7UV6cRWmdAVdxuDMnhRLFSaYvymDlyjTigy5QXmzS3dS/dKjVQ4mPi2ZM4GBrHA2PmIAckAbH89DssVw6VERW8TYkcXPJyl1JckI09VUbebOyc+pg/cn+LMrIYlF8EMot+eRvt4919/sEGOpKScsvo3lEPGkrs5gbNxRFyQqyt9YB3WP3cEE2JVX1xM5NISslkbNVSjS6sxiN7thAjdLcr5Lig6mvKmFTl35VV7qakqpmEtNWkpu1iBEaJQXLXkeLc/mHA7s+a2z7qevnTkebhhqFgpGJyaQlT8dXoyS/oHt8d/WTZRCZo+dEqwsfOpNjoaNNg6ZGgVqeyMrcDOKHNrJxRTYKjfmaSknbiFjioicT1PGxU98Fjx0NGgU7Ks0PBe1e3lFqGBEyGmN7Ezp9I+2AwurPNLJS7kbXGWYu48iVn2wZOXk28cFSkIaR9NC9+BnNdVsfji2c1OtoNxp7iBE1L6Xko7wQZIr92z1QqbEOzWs/dxJ94zmrDZ35tNJF/Lry99U99BOBQCAQCAR9i0iwCHpJAGPDoP5APYZWFft1MHZMMD4hofijZ/+XatR1tUAYEQGe1OzYjh4Z9z94F0O8vIiYMZNoGVS9v8v+BVFzlH06iEvLZGZMCFFTF5KVNJ07R3xPebkGaXQy6bNiCQqJJXVVCjI0lO+ptd6emJvJlKgoZsSPASBhSQpTomJ4IGEsoKPdqKViRz34xzPrjlC8vEYy488JgJp9qq5frf0YE+oPyJk4KQpJ7R6UwPSsZ5gZE0L4lDk8uyga1J9zoMutAeNDkQPy0BhC/H0wpSqieTZzDlHhMfx59gRMk4hw3za0c64Z6Ghza55+Ym42U6PCmTJnDmHA6fozTsse/vxzIJrM9FmEhESRvCrNboSHEZBGJ5M6fyHJ"
01:01:11.620 [Forwarding screenshot on session d6a0bef0-bd24-11e6-8678-ab184a9d7075 to remote] DEBUG org.apache.http.wire - http-outgoing-0 << "80PZ36MNo3k6fQ5R4bHM+3Mc0My5NsBHToC/nzVz0/ztcb75XsKkvz7NypX5jO+aOHIDiWUygCSAzGKL3nJS1r/KDPZRpQcIY0lmNhnpSfgD1HyG0kUyR6+uoaqqiqqqKpTKCutaD5ZpB53TD+wnIpiOgskozmd1/iqiZabzRiNU7/gMPSCLTOLV1dnkF2cR7G4jDYOYnpREWvpfiLnxOgYNH0VkMNDc1G09leod29ETTPrqhUQFhTAz9VES4qYT6NWB8zg0MOx3i1iU9gxzpgQzyPc6goNGWHW3kLgyg/kLU5kVM9h6zicohjEy8JCHEhMeRP8hE0hKSiZ94T3c6DuI4YHXI8V+GlTiM9lMCQ9hyvw0pvuDcusOuxdb9/sE1Hy+G4jkmez5RAWFcM/CDBICoeadz9HSNXaHU6XQIItNIfmeGEJiZvJMSmyvbDDX3K+mzp9PMNDW5c32grED6ODk0QbavUaTnLuSlavuw8+lfPtnjW03aO3huWO8YGpf8sxYomLnMC9OBidPca6Lnbr6yeIPR88JDxc+7CrH8ZSWaDLTZxIUEM78jIeQoUGpsmQ+IknPTGZh6nwu7nfuu7agO4iTQfm2PQDUffoxOvy5d1IAlp4mQcPhfRqksSkk3xNFSMwsk23ceLY2O/WTPX4B4UT6+wLXEhMTzmCJpW4zDuYiOYqR1kM7qAKmp6aZYz+DxGCrqnbCnPu0gS+cxq9rfx/toZ8IBAKBQCDoW8QUIUGvCRkbBsW17K30QIc/44N9gGAmBsLG/XvYI6mDsDkEAM1IAA3FTybbC+nXZveCqD3xNXrkjAnu/JobMnUOIa3VpBTDuPE2r6Q+Ixkrg4qTzTAMQMYQX9Oltg4jIGfYdZ7mY9N5Sdtp1DpAt420hdvsVDmtOgEx9l+vTSMiLmA0grG9DZAy7LrOcdheMtPvt92+Y3cYTV95je2AD3ABpN7Wcm22Iy16sE1nbXJuvElK+TFvB9/pDRzaWQGBESZT2NgCfLleBp83tQCOF2g0rY3S0Zm48QkmVArWdSI7IChkuOlzq2sbjjO31TLz3zKqxE5nvxiWzD3AmpJyCmpMUyPkYfEsWTqfoCtZdqLNaK3H/r23hhUL77M51rlMUkUnZfHnWwfRbjQCEgb3JvEj92eYJ4AXA8xruti2XWc0P249hzPKH9Ov2D3hKce34xh5KcXk2tUl6R4LxgsgC7XxdACzFppGNlU7jUNPrhsEpWvSKLSvwEa+nCHXOXqdNpptafqv5wBfzh0sJrm4wGlzfK3LQngSGipny+ftXfzhbp+wv8MiM3iUHBrNh7axq/2GY0DEmJHW0n4jb0LKQYxu2UDGNTb9yt+2j5gJn/MoCep/ULalmKotYJqe+BAps2Jcyrd91tjS43PHtn021uj+jLD3k6U9jp4TngOGu/ChIzm2XAD5gM76fYYTIoXawyeYKLkA0oHd1jx37Ds/7rw/jPLi7RxqHcveD+uRRi4i3IfOhMDZExzUQ9ANgzpl9esq2XEcjXThp65R3mFOYDhrsf36UI5jxNjRDsgItPYhT0YGyOGkA4HOfOoyfrvi2E9O+4lAIBAIBII+RSRYBL3G/9YYZBRSsgEITCTYB8CTiAlhbCwpowyIXmRaM8Fo1AHBZG3KxrKKQl3lThqMQxhgI9N70GBAwdFvDESFmL6I1m7O4+3Ga5AB+/aqSLYsLmD4jnodBN10HeBop4QL3b8Rew9BLgVVyCI2pU8xy1Gzc0ctgyJcjCeQYH5j1/N9swH8TLqZXn6cf/FG0vMCg+7aBmBIwFBQlvN+9X3Mj7J562/4iBWFG5HFpfH3MQ7qwPVCqkbjBewXhqxHpQfL13gj4O1jfmvwcW3Djo96bDIGbR3NXmN4dlMyEnUdB3eVUrhlGx8euItUZyvTStxYtlLi8CMQRkbBUoYZ6/l012EkgwMJdrHQrofPdfjJ/br9mm3B4m9dm/uTfCzIrPWeocHxxkjdaD20nqwSBYFxSTw9Iwp/uR+KvAcpqO1e1mgEdGdpAbP+WjbnvURT+CwchIYZNeueLKRGHk1a7gMEB8ihuoj5ufttyjjoTxY6sPqn+vWnKFNCQkoWd4SG4Ec1C+bn2vhPRj+rcwyoDmvAd4ydv3rTJ0yxa89332qAYEwTt2xi1+86hgIq1TdYFinRnjiGHpC4ZYMudTs4p637hiFTHmVT+mAaapXs2foWW8peZe8dw1G6I79rmPfw3LFrX0/Y+MlZezxww4c9yKGlM9FJ6xnq9RASOrLbY7on3wXETMO/OJfXny9ArYeEmWPtCw80J29OtVhPSSSdHdtVHF1y6qcYYl0lVC0ZMEsDPSQOxo/YFLfo5eEF6Dht48fmf7c4fDA79anL+HWAjZ96srVAIBAIBIK+RUwREvQe+WgipKDTQ9iECOuvfgERMUgBkBEZ4Q9A8MTbARXFeVtp0GipVaznyfxCipXNdr8WegaNJRLYkvcS1Wot6kNbWbuxipMdI/hdpBR9VTHrFbVo1HWU5q6hHgjq1baZckLHyUD5OkU7a9Fq1Wxdl0NhSTHKFgfFTW+rqPbX4h05mWBg4+p8qtVaNLXbWV1QBdIQhnf9Qm7+En76wC7q1JbfW40Ov8i6axuAkFmLiJbCttxHKNisoK6hgeqdG0hO2wj4s2h2lNOWdzi9AsHjbgeqKFi/E7VGzfaCtxysv2rR3h0bOm6rlTP7KSzMJ2+9AqPvDQQOu9Z03sU7m6Z8DQsWLLD+e/C+B1nfdeEcGy2NgF/UZMIAqOH1197i/Q2vU7ZlCxuLd9LiYDCG0cEnu+sXADQUZ+dQVPA4hVUOEixO3rbCJk8EQFdVSEpOAdnJT1KjtylgaKA0L4f1O52viTBwqD+DB0g4tL2Agiq9w62VQidOBpSsKdiOWquhsvQlNlbVIBlk6SeOfNNuGokx8HqGDx1Ae91OcnPLgX5uvHz5cWOIFN3h3VTWacymG8SQ4cPxNjZQ+nwhOmynqOnIz15PnUbDoa3rKFND2NTJdsms3vSJ4HFjASX/KNiOWqvl0NY8imvAf+pEm2lullYEER8nR7Mtl4KtldRWbmZ5vgKTIa/EBp2c2PEqBbnLKK1uZNDwkVw3UAL0QyLpQb7Ns8Z2/RQ/t547XTV05OMufnJCh1WcMx/2JEcG+nKeL61Eo6mj9BZIRXsAACAASURBVPlCNMgIGWlJjXXq1qPvfKKYES1DXaMCeRyTug1vG0xIiBSdopDSyjo0DZW8VGiyKbiOo9NO/eTUNIDlRwAdW97aiVrTwOb8QrfWUvIJn0AYULZ2HYfUWuoU6ylU2q91Ze83Rz51Fb9dsfeTe/1EIBAIBAJBXyFGsAguAzljxslRKC4QE9G5uCr+o5kgg/J+Y62LsfqFzydrbjs5JSWkVZUAIAueTsbiWECLBEsCIICU3EWsWF5IbkoVANLAODIXxxLkOZIz2TlsKcjCNDFFRnxyLrOCfGg9ZPpybEHi4fw4NvlZvjufTVlhFuXm65GJacwP6T7xwG/4zfijYFthFu39ikhbmcSK7GJyUxaaTRBJSmYqAd1uHMntgVK2lZeQ3SZjiXc/8PXqkj/o54ZtuhJA6gsZpl2WNhag2Gg6K/WPJHnJYqJ8oLVL2y34enWuHdBh/WTWIWo+GQn/ZkVZISnbAKncnCTreg892rC6wnlbLXiG3Edy/FEKthWQvK3AbMpEHui69YkdenQ6vd0Z21cQ7wHeQAeWyROm+oNYavZZvbLclDSSBpKUuZQgBzVYXq4cv2P5MWPRdPbnbkGnVlKulhMZGYhSWW+u2zxZpJ/N3ZJOaZ5BM1mZ1MiTxQrUSgVqWTBhgY3U1Ovwkkigo5m9VUqaiWb+FHvtfMLvYnrwHraUZDGnBMCfyEh/lMrOrdI7y84ha+6/ySopJkVhOhc2PYUHwn2o2evMN0HcmxhJzcYykueUAabdSaRVSg6rNIzx7h5TtjERGBEByirynzzLU7n3E6gopiBlPgWALDCMQGkN9UeOIgk219y8jSeTTb04MG4RafcEYPsc6E2f8ItaSEZiGys2FpOiKAbMu+HMCcf+2WIiZuE/uMByCkvyUSDFXw6mrXKu"
01:01:11.620 [Forwarding screenshot on session d6a0bef0-bd24-11e6-8678-ab184a9d7075 to remote] DEBUG org.apache.http.wire - http-outgoing-0 << "zAaWz1HzUok9kUNZbhomKVJikzKJ8QnC24X8WLtnTU6nbM8QF8+d7u0DRz7u7qcnMwK6tQdMz4mwyc59yKwQOzmDNmU77Es1ZfkklwHIiE95mqn+nlR30c2170yMv/suCqo2Ejb1TmsioPN57snU9FV8m/kUZflPmu1t8YbrOAroGOTETw4aQz/rSBPPoD+QFL2X4vJCUsoB/2Bk5hRL1787Fk1M/jE9i5Y/WcwKc8eUAvpBA8xTpjpt48qnzuO3O7Z+Wrkpu0dbCwQCgUAg6DuuunTp0qWfWgnBrwBDK5pz7Ui8BuDn43h5RHNBtJpzGCVeyP3sv/EatFrOGWGA3M/JAotuqqLVcs5oxGuAHJeq9EK3K8Jt21iKaznXboS+1MOswwC53C3bXr4N7etzt82Xj9lnSJDLL2MlXTtRJp295HKHa4H0fL8WzTnH8VtdlMyattn8MzXG4a2tWg3tSJD7udEGi20HyC0zEnqmVYum/TL9aWilFQ98PD2x2BsXftVqNC6v27XBnfiwlpXjvDu0sjVnBcdCFpB6jyktoN6eQ0rxMZKLXjVNDbkSG9jWpNXS7ug5ddny++i5Y+ennutz6iMncqqLFpC7/3aKXp0PGi0SuV/P/cQt37nG1Dec2MZFHDn1U48qaznXzmU8Tyx2vZy2uhG/3RW191Mf2FogEAgEAkHPiASLQCAQ/JQY6shJL+V3mZld11oW9CE7cx6kUKknMDKWQE5TrqyH4ETWZ8+8vISZwI7KggfJV0RQsClVTD35ERDxKxAIBALBLwORYBEIBALBrwAtlZs3sXNfPec9+hMY8TvumxnrdEFjQe9oUJTy+feBPDAz6opGGAqcIeJXIBAIBIJfAiLBIhAIBAKBQCAQCAQCgUBwhYhdhAQCgUAgEAgEAoFAIBAIrhCRYBEIBAKBQCAQCAQCgUAguEJEgkXQR7SyNS+bzbVah1frtheRmbeV1p7KbS0wl/upsdezVV1LrcYA2LalZ9SKDWRnZlK0tRZoZXtRDpnZRdS2AhioLM0jJTmZ5OQUCrbX9VrLhupKGlq76/ujYtBQV+dkf1C3+S/q28d0xmiXNtjYxdCwk+zMArOffzn0VTx1yunO5fYlgYVfTt8xNOwkJ7OIOkPf9Imfz98HgUAgEAgEAseIBIugjzByqqqGumajw6vNteWoqk5h7KncqYOoqk7R/mOq6hZGjlXVUNtshNZqlqVksVV1DoDmY/vd1vGbw3upUanYf6oFaOdYhRJVTQXNRmg99Cb5ZVWoNRo0GjUdUt9eadhaXURa7lq+MZr0dWXXvqOVDY8m8+Rm1RXKsbHvL4zOGLVtg71d2pq/pkal4JfUvL6KJ3s53S5edl8SWPjl9J22M1+jVFVwpq1v+sTP5++DQCAQCAQCgWOu/qkVEPwPIYX+Xl4AGAzgabOVRMziDUSmeuKJFqTgIelyr/kGb69+IJXQ9fJ/Hz8Wb1gPnj5g+IYLdLZNIgFkXnhB94Z2QSIxtaQfAAOYnJTEUN3VjPQGOsxvGrI4il5d2PvdIDxM//GyGMuF/fuSjgsg6+91hVJs7PtLoVuM2rah1c4uflHJbFj/l19U8/osnrrK6XLtcvuSwMIvp+94e3sBHkjomz4hkfAz+fsgEAgEAoFA4BiRYBH0GnVlKS+uLaNeDyAjLimVhVOvQ+IBqt3rSMmtQg1I5ZE8lJ5CjL8nte/nknMggBdW/8FOlkFdSX7OWpQaPcgCCZZpwCMUgEMbsll3VIJ3o5J6nZSErJe54+IuVj9XYq5bSuzcdJLvCaG1djPLcnbjH9IfpdI0iiAwei6Pp95jn7gwHCI76TkG/vkZkqcEgLaazEfW4P3HdNJnhkDrITIffo6AJVl4lOXTkZCCx1u56ABF7nw00zO4l36g20Pu43tQ1etMNlj0OAunBPVguTaOVn3GZ5qBXDekmadyy02ndRU8lnyWJavSueZwKf9YW4ZaDyAnLukhFk4N6Sap9dAGHl5huj93/uOkFD3u0v69sSVA7fb1rC3ehmUiUGB0IqmpM2kuzWWbyRg8eHo6L6yeA4e2XoZPtGxavpyOhGeYHwUbHl9Ow7BgtApFp+6Z6cTIu8SIVE6gbwvNA6fy9+w53ZNS2kMU5a+jXKWx01uOlp3rX6JwW42pnCyYpMdTmBrk12PsOI/RzjaMq8+3s8uzcyVk5Rxh0QvZRPldft11O4tYXViODtfx4Lyc87qvJJ5aGxSsW1NCldpUo9Q/kqQlKYzRbeoiZzUx1qq0bEjvTV8yUFmaT36Z0qx7GIsyljIlwMiGxx9hr/zPFKROMV0z1JLzcA79Z68ieYp/Z7tqN7Ms5zPkId7UKOsBKdGJSYSf+5jCbabjyIQlpM+KchH3k/jUzfpAS2nmcvbiTbOqHr3/dIry70PlsB2mxNzO9c/z+rYaTF0+kuRHFxMb4AOtdazPXcM2cyz7RybwaPos/G3iLvJoPiv2ysktSCbApBjbcx7lHabyavo9aJ30za4c2pDJ6w3+DDtfQVW9HmTBzF0Ux6k3ClBoAGkgSemPMzXEz4VffAANW/PyKKky2dZfrgfkZl+UstTaJ5z9HQlxGluxASL5JhAIBAKB4OePmCIk6B3qrSzLL6NxaBxpK7NIjO5HeXEWpXUdSPqBuqqKYYnJZCQn4KtRkl/0EQag/dxJ9I3nugrjpZR8lBeCWJSRxaLbPVCpsQz3oKNNg0alpG1ELHHRkwm6tItHVpTQPCKejJUrWRQfhKIkizyFGmN7Exq9GqUSktIySIoPpr6qhE3VXdYp8AwkYJAexY6DGADN4d2o9HqUuw/SCmgP70al92Dk8IGca9Rwztif22fEAxAcn8SfJgUCEkBHY//JpGWkEBfYQXnhGirdWBKhSV2PRq2mRW97Vo+upY0WVSkp+WWo9VICw4KRo6G8OIsCRff1TnzC/0DS9GAAoucmEOyHS/v3xpath4rIKt6GJG4uWbkrSU6Ipr5qI29WahgeMQE5IA2O56HZY7m6Yetl+8RkX6PV1zUKBSMTk0lLnm7SvWArBhrIt4mR5Kly6jV6dI1tdJ9poKbgsRWUqyQkpmSRlhRHfdVGniiqprpoOYXbaohMSGZlVjLR/VQUP7kchYYe9HQdo5Y2dLWLpL0Jnb6Rdrj8ulsrWV1YzqD4ReTmryQx8gLlxVkousaZi3Ku6r78eKplRVoBVcYQUrJWkpWSyCC1koI174MDOZ349aov1ZYuJ79MadJ9ZRqxshoK05ZTrfUjNHQQmqr3qDQvxqHZux2lDm4aZZvssNhXQ42yP4vS0kiI9KVqYwGFBwayKC2F+GAPlGVvUd2Ki7g3ul0fQFujBrWqnoj4OGJDh3HKaTvg0IYVFG6rIWh6MiuzFhHWoqQg7SXUaCha+iTbVN7MTcsiKyUBo7KMlMzNGGziLnjsaNAo2GF5+Gj38o5Sw4iQ0Rhc9M2udLSdRV1TTv3Au0lLm0tgh4qS3AJOBCeSkpyIv76e4s3VgCu/gKIgm5KqemLnppGVcjc6mzgz2vQJ539HDjqNLbHuikAgEAgEgl8CIsEi6BXVO7ajJ5j01QuJCgphZuqjJMRNJ9CrA+MFkEYnkzozlvDYWcyLlcHJRjrTKvYDu1sP7aAKmJ6axpTwEKbMzyAxGNMcAiuRpGcmszB1Phf3bEePjPsfvIshXl5EzJhJtAyq3t/FeXPpubnZTI0KZ+r8+QQDbcaur+E+3P77MKjfx3FAVVVrOq0+zDfA4S8UIJ/MGHnnHQHjQ5ED8tAYQvx9ACMQzbOZc4gKj+HPsyd0VdopFgvIQmbxfIbpZRN5HOv/mc3VB3abrkXPISMzmyVzIwFQvP8prYZWNBqN9V+rwY8xof6AnImTovADN+zvni0NQyaQlJRM+sJ7uNF3EMMDr0eKaeaHT1AMY2TgIQ8lJjyIozv6wieduifPjCUqdg7z4mRw8hTfVu9ACSQ8nsmU8BBi52SyKFJqZ0srmqPs00FcWiYzY0KImrqQrKTp3Dnie8rLNUijk0mfFUtQSCypq1KQoaF8T631dkd6uhej3e3iYdZOQgM7L7NuSwap+dvjfPO9hEl/fZqVK/MZ33XY"
01:01:11.621 [Forwarding screenshot on session d6a0bef0-bd24-11e6-8678-ab184a9d7075 to remote] DEBUG org.apache.http.wire - http-outgoing-0 << "jtNy7tVtohfxZBjE9KQk0tL/QsyN1zFo+Cgig4HmJtodyLHF/b6kpWJHPfjHM+uOULy8RjLjzwmAmn0qLeF33I0MDTt3NQAGdr1fBYF3M6l7vgOAxNxMpkRFMSN+DAAJS1KYEhXDAwljAR3tRvBwEfe9qc+I2W7zF5I8P5T9TttxlN3b6yFyEZlzYgkKmULaM4uInx5Bx8FdlOsgOGE2t48cxKDgO5gd7w+qj9hrk2DzDLqDOBmUb9sDQN2nH6PDn3snBVDjom86TlZEk5k+i6ioe0iYIAeiSU+eSUzsTP4cJ4O6Y2hc+uUoh/dpkMamkHxPFCExs3h2UTSdnUVi/a/TvyNXy1zElkAgEAgEAsHPHzFFSNA7jBdAFsp11hMBzFoYAGg50AFBIcM7y0pM/3E2X97Y0Q7ICLzOMvTbk5EBcjhpKXEBpAPpXO1DAmgofjLZXlC/NvNXeBnXWNeJ9cVfCm0O6g0YG4O0pJCD1dWolTqiExM5vXEj+yor+bcSgufejt0yAR1Gk3xjO+Bj1svb2q62DicN7AGjZQ2WC9BOp6V0VcXMv6+4s2DzORqV68jIr7Keikwu4K9epput+QqX9nfflv8Z4Mu5g8UkFxc40tr8Pm+ptG980k13s+xLAEgZMqjzrGygLziwufbE1+iRM8Zm2ETI1DmEtFaTUgzjxgd3FvYZyVgZVJxshmHO9ew5Ri10tYuZtmY0XF7d+MWwZO4B1pSUU1BjmnYjD4tnydL5BNkGqLNySaGu6+7agg5wK5485fh2HCMvpZhcWwFyU6x1k2OLu32p7TRqHaDbRtrCbXYiTqtOQMwE7gosZOP2PWhvH8aHaohNmYTjSSQyhvha5BsBOcPM/rTUJwE8XcW9vBf12dqt1VU7Ggn0AFn/ftZzngFTmB8A2soiAFRlK1hYZnuXf5fnqR933h9GefF2DrWOZe+H9UgjFxHuA9Uu+qbF+p3Y+6HrcYfZShJX7flyH816CLqhs7NK+uEYp39HoLZ2m9PYEggEAoFAIPi5IxIsgl5hNAK6s7SA+ddpLZvzXqIpPB4j4O3j/k44Eg8vQMfpZgP4mV5Vmv/dYl4k01HdOiCYrE3ZWFYRqKvcSYNxCL5UdC/vrGJ5BJPlsKWwEJCTdsck6ndvpCw/H5CzaKwpYdRd4Std2NU5EsBofiOVxy7imXljaVFV8vnRc9wQGMGIUC+yMqaaeuxF8B02AE7Y3Ay9sr8rW554/SnKlJCQksUdoSH4Uc2C+bnmFSYxvW2ZP/eVT1zrrud7mxjRnXUcI96DBgMKjn5jICrEVLZ2cx5vN16DDNi3V0VyjHlokuE76nUQdNN1QPcdkazpo97EqI1dOpXyxe8y6zZo62j2GsOzm5KRqOs4uKuUwi3b+PDAXaTGdg6xclqu7pYe6nZCD/HUdmg9WSUKAuOSeHpGFP5yPxR5D1LQdVCMqzfinvqS9xDkUlCFLGJTumXdEzU7d9QyKCIY8GTS9Dg25m/nlZcGoSeMO2PkLkV2csFhIFa7jHv367Ozm4+rdoxk7+fQ0dGpjKFhOysKj3HvdJN94tKKWBhletK2qqvZdbCdkd5wwKa+gJhp+Bfn8vrzBaj1kDBzrEkPF31zgJuW6obL9oxgZ9VWak+1WItLJN6ObeTk78i3A/vxxcf7eo4tgUAgEAgEgp8pYoqQoFeETpwMKFlTsB21VkNl6UtsrKpBMuhac4muby5Gu8+2Rz7hEwgDytau45BaS51iPYVKfZe7Ou8Jnng7oKI4bysNGi21ivU8mV9IsbLZWU7GCX5M+H0w6HQgDyXYx4/RkYGmS/7jGdv1vcmc+Dh9YBd1akvixeg8gXMZGIHgiabpCxrFe7y+ZQsb3ihm25YyXt97Bk8ff0LCQwgJCSEkPAR/P0/LWwqq/bUY7CR1ldz52R1bSowAgxgyfDjexgZKny9EB5yuPwP4cWOIFN3h3VTWafrQJ4517x91J5HAxuwVbD9Ui2JDtilGHPwy7hk0lkhgS95LVKu1qA9tZe3GKk52jOB3kVL0VcWsV9SiUddRmruGeiBolItEA+7GKN3s0kkQMZdZN2f2U1iYT956BUbfGwgcZu5jXRMXTssF9K7uXsbTwKH+DB4g4dD2AgqqbHziUI7tNXf6kpzQcTJQvk7Rzlq0WjVb1+VQWFKM0vz+7hdzJ5HoUdaokcdNo6clpnvEZdz3tj5Li1y1YyCh4+Toq4rZUFmHVlPLm4XFqOrP4hszmTCgvPAlFHUatA2VPL8sl5KSclq6DpvxiWJGtAx1jQrkcUwyD29y1Tcdj/Tp6ZlmxOiyPdcQEiL9/9m7+7ioqvyB4x9NHpRHScIUU7AUw4eQfEIMTRQf01jSNNPf+pClrAqVgflAamnmSiU+ldqKlemSipYKYkoSqIQooAIqaiJJKAIDOgOmvz/uMDwNAwhWu/t9v17uOnfuPefcc8+9dr5zzrkURK9ne2w62ZdiWbM+Cn03a7X/jlgqAZlq21a15VRxaMNyNkSkA8rC1CFLlhORrkyGSo/YzPINEbKOixBCCCEeOhnBIurEotsEgib+RlDoRvyilW1dR/nxSjdz/kXlmRtNwbhZ2d+tmmGE0j9U9uvAnPensvDdjSzVJmYKqFtYa6eylB0DYNNtMkETb7M8NJS5caEAWDqNYv5MD4xSL1L5P+TL8qmqQ093LLelYtm9OxbAky7dITyDrs/31A2d1x1v056+jqbsjwplSZEls8wqlkt3fgaYWZuVJVrpSNNWyvladJvM/HF5LN0WR1x4OAB2TqMI8PfQm6bNE52wJ5r964O43XS5nvPVX/9guC5bZalxjN5IiN9kQgBLx644miaRkZIGY51xdHGBhDiC373F+/9e8sDXpLq/VyyvAwGb57Nq4Uo2Lg0CS0ccLSHjjr5OlgN+K15n6cL1rPBTplOZOnqyYKYHHUza8+uS5YSHBKFMbLBkqO8KxnawQHXayEA5DbfR8uUuXy/vznfQpTkwYNkD5W3i/BK+Q9MI2R+C735l2oqd6zheqTRywtB+dm7V511ZbduTWbfhjHL6ifDQICaEAtjj6mpPQkIqF1XQo0I6G/B1K7cSSx3uJQ/fD7heuISw9UFo37eF67i5THYuLbsDQ0c5khCehdfgrlXOB8DIuGL9GvrcdfgYg+2+NvlB1bZs8DycA7h6azlhwe+i3PH2jJs/kw7YMHeFL0uXhhBSOsXH1JGp78+lAyUcrpRH7xHDCYnbRlevwZS2DkP3eFWVr0PTSqO0yr6v/nxagPMyri1YRFjwu5TNbDKqUtfV/Tvy97+1x/zUz9W2LaUc1lQd/1TChZgEYkqeY7pXB4p+OUl0UgLNhihPifzLP5EQ48Lt6V789V9uLYQQQoj/ZI3u379//88uhPgPpFGRnXcbI2u70pkT9UmM3Ow8aGaHTW3+67c072bW2Fj8F766U5NLdl7JH3N+1dZl6TWppgwaFSqMsTAxqSGdelKdYdXCb3CeNR8vBxNAw/Z3JhDGOL780LuaX+KVspcYNcOuUoPS5OaSVwLWdjbVHFudWrbRyvXSEHnXtm4N7Pfg5109VW42tzHCzqbKy7IblFL2EppZ21H59COWvMrG7AFsCJlc9ZXdD5abwXZfn/wMnYeh65ObnU2JUT3q+SHdm4bOR2kbVe+/astW6d+RP6ptCSGEEEI0NAmwCCH+ujRnWDAhiFTs6OPZhaLUGJIy1Xj4BuPrUc0rY8R/PdXp7QSuDCNbDX18QyqsSfPfkJ8QQgghhPjPJFOEhBB/XSbOLAkJYvu/93IyIwNjm15MHD+akT0kuPI/rak1dq0cceo+iml/RLDjj85PCCGEEEL8R5IRLEIIIYQQQgghhBD1JG8REkIIIYQQQgghhKgnCbAIIYQQQgghhBBC1JMEWIQQQgghhBBCCCHqSQIsQgghhBBCCCGEEPUkARYhhBBCCCGEEEKIepIAixBCCCGEEEIIIUQ9SYBFCCGEEEIIIYQQop4kwCKEEEIIIYQQQghRTxJgEUIIIYQQQgghhKgnCbAIIYQQQgghhBBC1JMEWIQQQgghhBBCCCHqSQIsQgghhBBCCCGEEPUkARYhhBBC"
01:01:11.621 [Forwarding screenshot on session d6a0bef0-bd24-11e6-8678-ab184a9d7075 to remote] DEBUG org.apache.http.wire - http-outgoing-0 << "CCGEEEKIepIAixBCCCGEEEIIIUQ9SYBFCCGEEEIIIYQQop4kwCKEEEIIIYQQQghRTxJgEUIIIYQQQgghhKgnCbAIIYQQQgghhBBC1JMEWIQQQgghhBBCCCHqSQIsQgghhBBCCCGEEPUkARYhhBBCCCGEEEKIepIAixBCCCGEEEIIIUQ9SYBFCCGEEEIIIYQQop4kwCKEEEIIIYQQQghRTxJgEUIIIYQQQgghhKinJn92AcR/urvkZN6hGDC2aIqtlTSphlNat49g3qIZVqZ/dnn+qqQNCiGEEEIIIf58MoJFPBh1Hl8tPkwv690883QEPZ+O4Jk2uxn06jF+zLyr3ek2KwaE0WrAMXKqTajSPvmXGWEdxqDFV6s94sfF+2hlvZMvkjUNekpVaMvSyuck+Q+UwG0+9dmN81NhjF1e/fnkHztJa8swWlnvI0pbUeq0VEbo6nYfnfoYqkMDp6BNu7o/hq9Nw/pxeUTD5lmrNtiQNOzblMzJB2sM1boWnczSTdeq/V6dnIyzdRiDFl/WW6ZPfSq2HSGEEEIIIcSfQwIs4gH8xuwuUcxdeZOrNGHEa/bMfqslLnZwNjyTlztHVuzs5RlK6xFMTYHMexRrt2iAAs3vBkvQ6N49LmUXG9ynwVwspvABDy24eZe8bMhVVX8+xYXq0r/p6iAmNJXEe+V2sn7kgfIv1tRQR+Xq/aEr1taBwfZQW3Vsgw3gx8UHmfrmea43ZIXlX8Z7VBp7M0qq3UWVXUTePZQbo4rfKbgJcE/fl0IIIYQQQog/kIylF3W2790ThGWD9eC2fPdlDxy0U1fmLrzNF9Mimb/9Nu9+eB7Pla11xxhXm5oJs/b78JoaajsDxrj6xBpWsbZPa/2IgfIbVpvjLNq3YWmwBWBKJwsADSdjlREY99u3Ij7RjdaGEqglz7c6MraraVlApfh3sLFpkLRroyGvW+3b4FMNlqexcWPAGHOLBksSTB7BUvv/1TKqoVwNWBwhhBBCCCHEg5MRLKJu1NfZvkbN/camfLSurGOraMbfFznzdGOwzFeXmwaiYee6WHpZK9NSnAdE8cUxlfa723wxbR8j/3Gqmmkjd4laF8ugp5Rje/kcZt322+W+V44f+1Y8S6ftU9IfGsNJNZBzjaWv7tNNh3EecJiwhNvljvuOsW+dYve6GJz1lc3WgqeB5q622AJkXmXptH1l+7rsY+mO6/Wv08Iiju3P4sCRbLLzf2Ohz34+SVC+anQxC+8BEaw/ppQ7efdJRrjs1E4p2snYt06RpjaQdjlPDe7EsNFPMbr0zxgnRns+pqvDQUO/Y+y7qZQml3/sFCMGfMegodEc006LObYumkEDvmP2uovsWxetq4teAw6zu8KULRVfvRul+37EP44RdbGBhn48QBtUX7rMwle/07WFXgMO81WFNmi4LaTtiGX28ts0uqfm7aG7mf6JMqXnUvQZpg8tS9fZ5Ttmf3KxwpSy/LTLLHy1rN30Gqpth/nXmD00nrP34MzWBEZMq+4eqJu0qFNMGrBb10YG+cSwL+0hT6cTQgghhBBCyAgWUTf5p7KIugfNJz3JMFs9O9g/xcG80lEDSlCg0cUc5r8D9n2t8aSQqJ/yeHdILJ2ue9HbFK79fJszqPVOVTm57hCT3lFxv3ETRr7WnIyNOURVmg2Rk3mbmO1XiNF+vnWhMXaqy4x46mcS74H94EfxeLyYr7bcZPaAfWRFDmNWb8i5oCYm4QIxKGV7lgJt2Y7S/sownrOywus9e3o+8yhwk7kDjvNVNjw9ypa/2ZXw7cY81k2NAbthzPdo9sB1qsrO47tIFfcblzBpdnj0OQAAIABJREFUnopvoyquH5KZoCIj93eSNx1miN9N3fZG9+4R89kFBoQXcvi8Ox1ryCf5+BXSzMwo0lZ0MY1p7/oYtsC1C7c5mwD3r+dy831oDRRr1CQmqLnfGHJLj8lRcTZBzdmERMIqlPEmM/rF0j5vAF24zac+EXwYWfZ94pZMEh+0giqpWxsELqXi4ZJC5j2wH2yLR/Mivtp+k7mDI7i004v5no/U2BbMVSVkatudJcZYmT9CfsJJ3EdmAOA+tiVtTYv4fquKsAWJqB+3ZsOYRyHzIj69EjmrzXu4Nu9ZAyNpFtcDTBsD92iUfRdMH2waWHnq5FM8732B+40bM+i1llhfziMs8jpTo47y3XVPustCyUIIIYQQQjw0MoJF1Enpmh6tbOvWUxsR7M7x/Z5s2T+aNZOa0OieiqjjSgDG2FrZp8pUh/yrLAxUcb9xMzamjGbDSg8OXumDp12lMqnL8rhWMJL4w66c/vAUiffAZ+1zHA8bwIrVXlz8qSP2jWH5e6nkgy6g47O2tGwvsGJUYxrdu01UvApowrDZvXnFwwJy8kjMgfuDn+TgVg8Wr/Qk9kBbAJLjblIv5aaAGLew55uwjrhr78z7jS1Y+s2zvNoxn5VvKvncd23JttPD2LuxFdaNoVH2dVbtqLkMMQsSeb5vDCMHKH+8B8YQrx0yUVb3jfVOOSn/fSn3f3Qm5uxzzB5cuq2IqzmgTkjVBVes+7Zi22kvtgW3rLF8tVW3NniXrz44S+Y98PywD8fDPFjx+TBO7FSu3do3TnOJmttC9ykefDuvGfcbm7Jg/zBWTGlJ/M5fAJiycxjbP3dnxWovEg45AnDqtDLyJWrdOc7eA88lvXR57/3Qmkb37hIcDp/scuXpxvD0W734bnUX9MWL6kKVrdwML/3rebasdOeTsBF8/popUMjpMzKKRQghhBBCiIdJRrCIuql+Lc5q3W9syks+ZR3sbv1awJbrFJf8Dhj41T5XmeLRZubTDLPXbrNqzVv+1kS9U7ZSqnGlPFrbq/giQTsKRJPPvt35yit8jX9X1ruIy+F0vpPuuJEjS8vWhGdHPgrheiZqWJhiAzSKvIDzgBuMG/M4ns87ca2gR90rxCATunh2wNUljZgEwMUG72Ht4Fi8buRO9wF2NM8tgPa2dCaLGCDjtArGPFrHvIwfeP2O++1bsup9J1oD0//Rik8iM7Upws1sJXB2v3Fj3vrYjeccgCm9Wbp/D/MjDSzGqlZx7HhehZFMdk8/TkfbSo+pOrXBYi79fI/7drbMe6NstZnWnl15p+8VlsflcS6HWrWF4mKl7MUqwBQ8F4zg1Bt3KDb5nbSEa1y9msfJmFwApZ1xm5Oxau43bsaU/2ujS6f733uxt+cd7J6wAZVSbwYXda7L+WqDdWETo7g4tiV/G2SP25xBZK00qUMiQgghhBBCiAchARZRJxZ2Zlg3hqyc6hb+uMvJqCsUNn+Unq7a7rutNe2tyvYwt6tds8u5mEPmPbj/S8W8nnCxosqraCrkUbYobZjf6QpTWQBofIfCYn3HQUu7ajqipq1ZFe7I/43K4GxCHusS8ljHOe7bWfDpzv74dGnIDmy5znbe70rAoVwHPHHlaYasrHjEmdgc8mmHFdV7JXQAiweYoyp9mw+PYPugQyasm+jquPLUrnM/lV2b5malf2tCp2dNIfI21cmJOc3fvCuuaePzjRefDKu4qmxd26CxNXDpEcwr7GNCT49mEHevLMhU27ZQSpXN6jnxbIqs4ZXQLrZ0Kn9hTC3o7qo9p1q88tm2jQXWjTG8EC7KdbD1cGHNW4XMXJlH4vbrJG5X6tN+VFu+2doDh5qzE0IIIYQQQjwgCbCIOjF9wppWwJmtGUQtdcKzco8+P5M3fBK5iinfXHle2WbepFLntnYs2lhh3TiLVk9UnApSmKtnqkOlPIqB+42b8OnRgfQx/10XBCguLKYYY56whZRqjqvOo726svd6V349/yuxMdfYsyOLmAQVsyYm4pHY2/D0jho6xzUqN4rBfpIjgQObcbcYNKoSMDGi+ZMtDQZXAEzNm2JqZaL3bU268y7/OmhDIycMvGq5fTdr4DoVZyDe5dwZw6vxWrSx5515zaCpdsOdxvTs2rTKfnVtg8UADpVnQ97l4hk1YFx27nVoC6Dh04lxbPoJ7Ee1Yta4VnRq/yjtja8z2OV0WRp5wKV8rqqhbEaTin1f/oJxtyfwfMJgJoqWZjgAJ5NuoqZNpetXzI08gMaYGwOYMGRufy7O"
01:01:11.621 [Forwarding screenshot on session d6a0bef0-bd24-11e6-8678-ab184a9d7075 to remote] DEBUG org.apache.http.wire - http-outgoing-0 << "LuZs/DViDmfy1ZqbZIZfIWhTW7ZMeawWGQohhBBCCCEehKzBIurGqg1+M01pdO82s31Pcq3Cl7f54q1TZN6DNlM78lxNPf4amLa0VDrSay4obwXS5vHV6pre3PMILR6FRvfukpoNrR2scXCwxsFGxcJ+P+LV72fO1fLNO6XyE07R/rHdeMzPxKFLG155ozfbD7tp10q5V0NnHArOX2df1GX27buo+7N790VOZtYw+kHLtpstT5ferWojBox2wqfHI2x7M40P/plKRGJRLVKpbhpKM3q7abvtiTnEX7oL+b+x+p9ZtSpbZTZPKAv+Nrp3l3cDT3IJuBSdwvq9BqYHAaYd2zEroDuzZmv/BDxDb3s9MeA6tcFHsDRV3sb0RZSqbLdLF/h07z3Agva1HMVTDDS6p+ZqLsDvFKiVaUUfbXXjlWHt6N7RgnN7MpTFcE0AjHF4tjGN7uWx+4eyvHOizjBtxjlmf1Nu3RyDATjtd1EZfBqtqvBN8o4UvroIONjQyQp+XPwd7R/bzWcXjOnu+RSz3h9AdLgyvy41o/rRQ0IIIYQQQoj6kxEsos6GLXDBc00cUeEZ9LD+hZdmtqa1iYaDW69zNlvpdC6a8xRwu8bAA2h/5dfHqg3v+CczaWUeI/pE8X7g41zakcamnyodX+VAE/4v8EmWRF5gnXcE5996kpGO9/j3exnE3APnt56ktylE1eGcrZxb4tn4AlGf/cxYk1zG9TDh5LeXiLkHzZ+1oXUNx2eGX2Fa+JUq21/55jHeNqu6f3Hlv9u2Z+bUZGZ+dpfM7Wk8vT2tbIeLd2nv0qIOZ1OVuYUSvWl07zbTuu2uV1pWvZ/ijfYZrLsIeeEZuFtm1Cs9fWrfBmFcQFs+HHmFtT4HyfFvRyerYr5dlEnmPei35Ek6UtNoFYVda1NAzcqX93EtsAuWKAGXNW+dpHCIFRcOXODDz5QASEGOGmjC32Y9xdztaWwcf5D89zrSzzifjwKVwNVbE+2hWGkTV1clMCknh7eWdqdL5cCkVRsWLzvLyHdUfDIygoODH6VPVxOy437ju5+UAN3U952UEVQeLWBlJssHHqBgWVscjNXsWa6s8zJysIxeEUIIIYQQ4mGSESyi7kxbs+W8O7MnNaPRvbuErb7CJyuVju3To+zZmTJEuyitMpKkOsraF4/QunPF7SaApfYXfc+F/VnxmgWNLuYxf+o5NkY1xnOUaYXj9eVh6voMMXufxMUOolZeYPaMDGKywf0fnfjXwna1LFv5BFvyQXhHXOwgZnUGMyeeY1O4GvtRbdm52qn6hGpgWSGjstvRsnQeSMuy9WRGrxzKJ29ZVzj+fmNT3gh9jlm9a14DxtCCtr3n9OKNwWX532/cjFf+8aiy9oe+x0S5YhiblKZcup8F84+4M6VvufTaWzN73qNVjn1gtW6DYOvRgx++ccSZe4StzGDJgkzO0BifJc+yZXZratsWung54N4Y8i7eZu27VxmxuRvudhDzWQbTvBNZvrGIV5a0xdMOrm79lZNqMO3ShZidTyp5LzjH7HeyuIops0Of4+8dm4DtY4wc2YRG9+5ycOsvXK0m0tP9jf58vsQW+8ZwNvImm1Zm8d1Pd7lv14zZG91ZPMxae64ufD7vUZqjZt07acz1u8LRnMb4fNirXq8SF0IIIYQQQtSs0f379+//2YUQ/8HUGq79ekd5S4+NOa2tHs6gKHX+bX7NLcbYxprWdZp6dJdrlwop5hHMbSywree0JYCcTBWFJWBu0xTbh3S+hqjzVfya+zsYPcLj9hZ611R5UPmZKnJLwMbBosY1XWojJzOPQhq+nBXUug2WtYUHP7+75Of8jomFCaamdUnT8H7qfA0ak0ewMq2pPd0lJ/MOhSW/g5ExDvbVBE3UGq7duENxSX3OVQghhBBCCFEXMkVI1NqqZWf557Kzf3Yx/iO4udsSG6Pndc8CkPr5M7wZ+DT+gU//2cUQQgghhBDiv5aMYBFCCCGEEEIIIYSoJ1mDRQghhBBCCCGEEKKeJMAihBBCCCGEEEIIUU8SYBFCCCGEEEIIIYSoJwmwCPE/ICfnMpdyrpGvqf0x6lvXuJR1mZxC9cMr2H86TQ6XcmSx3orUZGZdI78hk5R6FkIIIYQQ/wEkwCL+R+SwPNCRRgtDqu34JX8/hUbTh3DwFlB4iH7THZkXf81weoHL+NO6fYVH8ZruSKPpjryXmFP1M0BhIv6Bjjw2/3kc5/fDulblVfP9lvE0DeiH43vP89ibT/NxasFDPQ/v0nLH/0U60ZrLbA3bQpouIKUmIWIlm1Iqli/6mxdxnP8Bl2psLzVL2D2eRtNHE1344MV+cDXfH7WlvrKdNu/1Y10DthldPTdYitXLubiHjyMS/7LpCSGEEEKIvy4JsIj/LYUqVNV8df16WoXPebVJrw4jQhpeMbdLi3G3GEqKyNJ+zr9TDEDOuXCCc8uOaGvzKMY1JXvrCAGxx8pt6IqznWXDFFmfkmJd0EdD8cPLpw6iv5zAxIOfc0FbwTmJwTy7cy0X75QvXw5HTmfR9pkBOJQo7aU+Y30K83MBNYUl9UikvgzcH7V1JjECGMBwp4ZqM+XquYFSNJRX8Io5+GXk1rzrn5KeEEIIIYT4K2vyZxdAiD+UiREWgNIVNq3w1aApMdyfov1gYBSBcqTJQyleXTUr/6G5KyGvfMT1u0Y83ak1ABfOn1K+M5vI1VVB2NcqUTNaASlAsN9Z5jiZ1nTEg9GowcQUmplXPI+/AOOmLQA15tqCWRgZAWDSxKJsp5wEwopg/LOu0Lw1yRsyHiwzDWACxkamgLrmANjDZOD+qJ0Cjh4/Bh0/oktDlal8PT90JliaQedmDXUVGjo9IYQQQgjxVyYjWETtaRLxXziEfv6j+Vg7VSInMYR+gUPoFziD6FvKbtFhM+gSOIThy6fTz38I/RYGkawd6bFr0xT6BQ7Ba93X2l/7L/Pe0iH08+tHv7metU7be923+st46zjLV42mkXbKSbuFM9ieWm5aR24U760eT6PpT9NouiNeq1bqynbpx2V08Z9RzRSNa2zdNIV20x1pOt0R79UfcKKo7Nu0H5fRxX8I3ku1eQcGkKyBnNRvmRLooiuP16oQkkvTLzzOFP8hzNsdwhR/5ftGs9zx331Ul27+xW+ZstBdd3yXhX7suljN1IvCTCJ+/JbtR8I5lV1A3G4/xkUnKd8VhTM0sLRuC/g+zI8u00vzHMK875U881O34BUYSKQ2yW+/Hs34TXv4LeUzvPzd8Vr1mW60SX6lbcrnIXh9GMSmMD/a6cocwMGccmM7bh1n3tIhNJr1NI2muzPls090+VUvh11hAfSbpS3zdBe8131GWmHZ92tXjaZf4GhmbgnCS7vfzIiUsvy0x035+jPeWzWafv6jWZtSdUpScoQfbtFJQDr9Z7mzfPcqmq5eC8AXX3gwPkypq0vnIkihAwM6tdZeS3dt/eaw9sMhjN+yhY9Xj65w7dPKjXhK+GGlUs5ZjrRbOIWPfk6qdD1TKhzfLnAKW1OUKUg5iSH0m+WO96Y9ulEzaT8E0W+WC1N2H69afdq2NnPLMsaXtjX/0Xwcm15xPwP3h9LGRzNz3Yyya7s0iOjy17Ywnm9zYUZpMMTAOdS2nirUM9Rwj+dUbNvT3fHffaisjn5cRhf/8bz3dYBun3aBU9iaWnrdhhFYBCkJs2jnP4O4Qsi/uAd/XftR7tGZYYfKjVYq4PvybVN7P6mrSU/vtZnlrnvu6dtWp+eAEEIIIYT400iARdSeSXueIJ2YoiQ2HU0A4MSxb4jJTScm9wARF3KAy+z48QApuencfbwDeUXpxGSH8v15NZDCv08cJiY3nchT35GoAS5GEnQ1nZjbBbR9JKPWaRfZ6hmLoUlk5qJxBKYlMa5nAKEvTMMi+wAvB7+qrKsCQDrBKbcJGhpAoGMrItPWMv7LQwBcOB9NSlGGnikaarauGsHEE4dp03EaoS/MICdlB7u0Iw8AfrkUTUpROruuJjG4TQc6mzlifekzHgt+m825dgS9sJQ1bgOITFtF13kBpAGUFJJelM6y/as4ZDOGNUOnMZgsgvdPYnlKAWiO8/cVb7M5"
01:01:11.621 [Forwarding screenshot on session d6a0bef0-bd24-11e6-8678-ab184a9d7075 to remote] DEBUG org.apache.http.wire - http-outgoing-0 << "7wmWvfARoYPGoMoOx3uFH8n6rk9JLkevHmNX9mHOqVQU3ozniu7LfFJyk/iloJhdq4cx4mA4Kbp6S2fZnkl4fX2UYtUlIouydEfFZKez7XQsv5bcJLIoi8jMm7pZUcWVtimf04nMCGXqwXBd3inZOxi8OlRZ20OTwpSAcSy7qu3Ym2SxOaX8dCR9clj7YS+8D+4gRtfxzmfXqeU4vTmDBG2nNScniZjcJNbGhhKp3e+ptkXMrJBfPpujlxOUlkRMURKZd6pOSTK26MSLJgBWTH5mNK6d+7OsY1cALFp7MbCVHQAnfg4HmxH0NAco5ERRFr9p0yvIS2db7Hv4pUDQIH/82rQiMm0VPpsPAJAZH8Sz29cSyQDWeC/C2/gwu4qgbNRIOjPnvYBfitKWv/GeQcfcw0xc3Y+1qQXYurzIcLMsdp2Yw+L4HMj5Fq/tocRo+jDDs1fVKtS2tbWxn5NsP4OdrwTw4t0k/LYMqdixN3B//HI+mpSiJNaeOsDwQUv5ZtAoUq6G0n++Pwna+s48d5QYWjGsU7saz6E29VSlng3e42q2rhrMiIPhqNqMYePYRfjZFRG8fxo91u0pdw7HCIreQZee/gT3HMCV3MNMDF5EMiY81dETdwDrPvz9WXdsig4wYsUcgq8WEjhoKaEvzODFJlmsPTiND7XrHH2/aQwjDu7gqvUYQscuYoaZcj+9+eP1qukZ6WneFHJCU9Z2qmyr63OgnKAjQTR6r5HeP0FHgmo4WgghhBBC1JVMERJ1YMnQvkPw23mAlHNHyKQLh86Vdcb3JqXyQburrNUAtGLyoGncvLiGmdnwfdJp5liksk239zGOZxZgnHhE+WjzMjP7X+Wr2qbtVrUTmZMUzloNjHvhW74e7gLAgOYa2mwJ58zlm9q9BnDkn5vwMAcYjHrW8wSfOUEmAzHW3g1VBvPf+onP0vLBcREH/SdhCrzq4kCX994mRVN6jNIxnjH2AGue7wAU8PHCZ4AOfLf8AMObA4xnaBs/HLfvYEv8m3zQSTm2reMiUt9R0p3sZEHT4FUU3FHB7VvKaBHr7owd/jcc+BvurexZfd4CY31rvxhVnDI0aMo+vrk9jJdTssBsIqmL/Wl74yA9tij1OsP7AGu8OpAW4YfTznAio9dx4YWvyZvXnREfzCGGDnwzbytDHjWh+PwaXbr6JkdV3hb4ygE+eK4D328ZzYjYJCjMQgUUJ4WxWbtP0KQDLHLrQML3fjy7J1xPqor8xI3M1M6+mTzoc1b5DOR6fAg+G1eRwgHm7TlOxHjHcmXoyjd+S2mZe4vHVD/gp8vvBxa5tSMhIoBnd+6oNr+Obq/x9uV97IpWM3HyW3iYQL/B7gSmJeEzeB5TXCyBRMLT4MWhfbHSk4ZyeXoTufxrBjUHGAGznif4/DEyceXLnaHK9x9sYpA54DWMxxb2IjBbGReR9sM61mpgsvcBNnl1AGBsXxf6vTmNmWHf8Mr81wiY+zmHA6axbONg9prkcwUrQueuwtVcT4FKO/ZtAojxfw0r4MVOT9Bv/gz8du/i751f1O5g6P7QtnFtu4HxPGMBTjvD+SrhGq5urYk/Fg5mY+hpW5tzeLGGehqCfaV6NniPp+zj27R8aBPA6fnKOfK8tl5PreVg4Qu6c/B75QdWPdcOAGeGMPhEBr/csmT46AASfgwlr/04Fo3vR37qFjBpRfBr+5jTWVlT5qW20HT1WmXdo8JDLD+RDnYziF/8FrbAq32duPX2OJJOp/PPfwQwvFx6D6Sm54CB2YpB/YMAeC/6vQrbF3ks0n0nhBBCCCEajgRYRJ107PkC7jsPEKOJYc+PjsSX6+inXDjE9uirygeb4TzfypLcvkNg5wFikn8g3PhChbR+PP4d+anK6IUXew2hT8/sOqRdtWxnzx4DOvB3NxfdNnu3IO67BQE5LN8BmD3J07oOqBmPmQEag30Uci4nEgMEPu9ZtipFq+d4xQYCy71lBjow2qWD9rOG/BKAdEYscadz6W7a0SF7k5J0AZaO7Z106Zrad1N+8QZo7oSnDcRkr8Vx+lra2nRlvOsY/v7CeDqaADUuhmpJS8sWQBaYmGBjbonqXLJu5EpS/IeMjwd1cenivrnkloDVo2a6QI2NpS1W5uh985Axen+OB7ri1V2pB3dXd4hNgqJjnL4F5me1a8IwipfdlH1cPb0ZvCe82mlCF66UtpshzPEZiBVg1WMqcyI2MfVqPpGp8eTgqNu/8zOvM9ZJqfHoLf9UNpqM4mW3dkp+ffvTeeeOshE8ehSXKIGO4tuACahKlMrW3FUBlqhTf2IbsNGlk97jTQDMuvBM89ItpW3NBBOKKNAAbfprR78A2DKo+wAC9yvTZ365dA6AzTvHciLCTLtPkVLm35RglVXzgXz5+gweW7+WFA34jd3Fq+0Nr5vi9/zwsoCQrSvDbSAm92bZwrYG7w810IphPTvo0uvYdwTuO8OJP5cKbkVEpeTj7uGOLXCqFudguJ6oUs+G7vGcxJX4AYHlzxFbJgwZQ+CWHcSez6G/9j4d2r2dbo+KgVWVEvS5q4wmsXKaxNEPXNketYaZkRe4kHOSyNxy71m6U0QeMK7XEGxLt5n04utPS9fjyamQXsL3AcxLzOFRI6DkJi07B7LKEz2MsS79a03PgRpUDrJIcEUIIYQQ4uGRAIuom+ZujLODmOwsZn61HAD3ztPomvU5a3NDefmgstuL2g6HbWlAJvdz7XdW+HmM4mB0KLui57MLgFaM7ekCzQvqlHZlxXe1f6nU78+/VYBJvVZRLY1k1G2hytK+z4xuo3lMm4aJkQWmxmosWrUBrpIH9GvvWO6o4nJvL2rHomVnGfHjdr76OYKDacdYdjCJZQc/YuPcaKbY1aEwukBQWY/sapHSmW9m9ATjHDuiLrHE+C5V6q/iSZV9eeHKOf372PTSddKLS8qiQBVqz8Sk1rVZfPeOruxlx5hiXFqUkorv7rE2Ln8C2u80Dft+osSTUcAo3Ns+yEKwxajvAkYmFQJ7NjaWoEwe03X6X3xmDD2blV4+I6aYmULTTpQutZt764bu+DNXLwLtDGdt6NrWyBTILrvPlJIC2jcoXYljLRDcvVudzsGQyvVs6B7XlDY1o4oty8RIOdaq/DG1fFNTfupndAtezhWgrU1vBj7xCmu6ZDAzWpnCpC64RQrQs2nFPNWFBWiMLLGqFAApzP+FyKvnaGsCaPLp2KZcq2xSloY6+xwxgDLmpYbnQPua39ZUPqAiwRUhhBBCiIdH1mARdWTJwL5DKmzxdJ/I6Cc7lNuiDZiALiBTpjuvDPWhZ/lNNqO1I1LqmHYlTzh0AtLZf/Kabps6NQTrgGcYv9/QeAXDbNu50Bn4+tiPZRs1GZyo1ZtXezN50lssmhTIokmBBPR6nOTUc+SU76Te1d/1z7/4Ld7+ozlqM5ZV/l+TvCGDpLGjgHwuZj/Yy3QtbB7V/X38yE0cXXaAHWP609TIkm6OPXiipr5a7knOFgIUcDztpP59DLy6+umnn9Hus4PQ2MsAJP/0vcFFbp9sW3r9w9nyg3Id8y9+y5cZykgCd6deegNuSn69tX87wBcRx1GTw649/zY4eqU849LAnPZ6KW8RyiHy5yTadh5Ax1qmU1FzrJoAGT8q6xBpxcQdAZTIlLmVDQBOz04lQNt2Fk3yQf1LLMk3tCG4rG/x2b4DzAYwo40VkbHTmBd7DUMO/lxu1Y7CJA7nAjaP1irYocgnLbtscdVLJ78nBhjUyUn3euZ+2tcz1+ocDKpaz4bu8Vln79IW2Fv+PkXNnh/CgVY81bq6VlJV6d114qdQrgDB/zjO5WVfs+mNt3ipXelNYoypnSPuwOb4uHJHX+bNN5/BOmilbuRXaXoe47/m/oZELn+ayOUNGURM6gclYA2kXsnWpfDrtbI3UjXUcyCof5AEV4QQQgghHjIJsIg669jzhbJpLHTA7anWPNOpd9kOuoAJVAmatOmFa/PO9O9YNoh/XK+Bug5yndIuPMr4WY54f31Ue6w3LwLBX43lvR8OERf/NZPXrgJa8Wrfznr7/ZpK/69Xc1feaANXUt7Ge9PXxKUcwD9onDL6xqS6Y20Z"
01:01:11.621 [Forwarding screenshot on session d6a0bef0-bd24-11e6-8678-ab184a9d7075 to remote] DEBUG org.apache.http.wire - http-outgoing-0 << "O3QMcIxn/aewNf440T+G0G/F22y+ehKHJ58wlCMAVjZmnC9Kx++zyaz98SgJKXvYFnsEgMcslS7x7UrHVP4MFUd3mLZ/mWBtwGvZln70WzqabquXszktnKBj6ZjVOOXgGP3nudPP/xlmZuTXtHMFxYBt11GM034O2vI8XQLd6bq98nooBaz90J1G2reu2Hb1wU87w2TZ9hdoNMsF6xVva4MyXVn4gvI7v77rYNtjPH7acwreOY6m03vhHX24yn45KSG0m+6iW/BVGSmRziebVxKdo8bCRml0Yd8vYtOBHewogvGu1b822HBbs2Xi6DHAYdyCAtiVcpytW8YzsVx9unq+wWBg2cbB+H9/gLiUA8xb+iKBace4ZeWIFen4r3ybFGDNzE2seftTZf8tM/k+hyr3Bijr86ScmsH4r78lLmUPM9+fRiQQNPxFrGosc5nA1WNYG3uUgxHLGPDVDmAAL3W14Oj3nvGXAAAgAElEQVTJY+A4kNJaqfkcasiz9PXM5erZ4D0+fAZz20BKytt4rdtCXOpR1q57makZ+dDmZbo115NZFUqw88qJj5gX9i13rJX79MfjB0m4mML33wfRY4vSXhPOpoJ5D17raAUZ7+G9Scnz41WvsxYY5z4E20rpXdK7dpIxzYBd+9/i4x8OsOv7IG29KuPNavMcEEIIIYQQfw0SYBF119yNcW20ARI7T54xB9tO/Ris/Xqye8UpPOWDJpNd3ABwf9ZLu6UDL/UtNyKljmnf1EBO6ds3zPvxxdyPGWeWRdD2abhtnM82TQeCJ23mRdtKUwQAMFG2mVtop2pUnO6hWwMBW2a8fYBljq3YdWI+bqtnEKzpQFsA69Jf/02rHO/w3HJ+9p5I56LDTNw4jv5frSKGDgRP2s7YVqaV8tCTb/MhfP3KDDprjjHzq0k8u3oOy66C3wvbtAtuGuvWSjFpYqznM5hbtS49VS1L5iw+QHBHZVRIzNUkZfqD3Rhi3wui4ruZys7H1mUm3zyjvEkHTRYxRV2ZoX2zTpUFbPQGaWwwNwJMXNg872PGafdJyc1icMcxvGhWeqgxoKGgKAuKsigEMOnMqsXfskxbZjRKIKKt3RiOLP1Guzhq2fVtVmG6RgdWfbSHZR27KteLDvh5jClbE6dUiYor5Ove5PJMd286A7tOrcV3Xzym7fsQaAMpV8OZujeMs7Qqe22wVvlrWbWtoWtrFiht48jQUZC7A+/V45gYe47JpfUJYN6PHfM+ZrJZPsF7ZuC2egbLruYzzu0jvhjtQlxYEMFF8OKgbcxoD5j0Y9OkiUASIzZ8Rj6V7g2U4Ftbu67ERr+N2+o5rM21ws/7Wxa52FZT5sr3h6KtWTYzt0xi8M7PuWI2gJ3zgulDPJuyYXIPt1qfQ031pDofQUrlejZ4j1sy422lbUeeeg+34EnMPJWEe0d/Ut/21bZtfVO6ym9rjduzA4B0lh1cyiO9ZuNnZ8WuE/N5dsULjNgTynC3abxoApEXT5OPKa/672JN5w7sOqHk6ZeWzji3j/hkeOcq6Z2tGgEF836sHDuRtqTjt30G3ntCces8hLZog001PgeEEEIIIcRfRaP79+/f/7MLIURDy8m5TCFGPG7bWm+X6kHl37pG7h2wadVa79tj9CsgMysXjMxoYWv7AOVRk5OjvArZwrYu+RqmnEsJRk1tsG9eu46a+tY1btxtiHKoycy5Dk1qnzcAhTnKq5WbWNTquJzElTz/RRRdWjvSs98c5rh1gKxvlTdAAYFTj/JBj9bVHK0mv7AYE3NL3TXLLyyA+xpy1eBgW/spJ9XSFJB5Mxcs22Gv7+0/QE7ONQoBc8vW2NZiUVO9Cg/R5c1p+PzjFIue0pBZUIyFZesqa4QYEr1lCP1jTTnyz930KrnGjbvG2OvqQE1m1nUsHm2nN80HOgdNDpcKqq9nQ/e4+tY1fr0D5paPYmv+AE8ATQH5JcZYaY/Nybmm3H8G6qwsz9bYVr6WldKrLs/Mglxo0hL75vr2ezjPASGEEEII0XAkwCKE+O916wBdAmbo1lzpbNOKlNzS13935cg/d2tfSfxfThtgGWkwoGSYEmCh3GvHhRBCCCGEEOXJFCEhxH+v5kMIe2WGboqaLrhi1puN/1jzvxFc0dI3Ha1ulGlwdXuXlhBCCCGEEP87ZASLEOJ/Qv6tHFR3izFpYoFtXaYlCSGEEEIIIUQtSIBFCCGEEEIIIYQQop5kipAQQgghhBBCCCFEPUmARQghhBBCCCGEEKKeJMAihBBCCCGEEEIIUU9N/uwCiP8tZw5tZ2fkMS7fKKCpZSu69PbkpbEe2Bg8SsXeVR9T4jUTb2fDe/4VpMfu5bv9MZzJukFTyxY49R7G+BrPsSE1dH2piAj5mPNtvfEd6Vzhm/S9IWzP6sTc6QMxqXSU5tIhVmw+h/dcX5wtGqi8qjNs+Hgnt4yMdJuMzR+j24DhDHS2q93ZZJ7hF6MncbYzIX1vCFvPt2Wu/0gMFrGmNNP3smLrFV6udK6q9Ag+3nq+FnXwcBhqi7W/Pn8+VXoEa7afgHLXHaCkpDnec6ZjdKRhrmP9qYjYsIYTt8Coyncl0LwnM6d7VSpjbdu/gf00l9i84kusvet+z2suHSJ48wW850+nQ+WbuKFUVz4997NOSRHmzi/j6+1c9Ttdsn+lNqxi76oVXHnq5XLPSRWHNqzhyG/NeXnOdF0ZNekRrNh0hiH+/vQo/9jKjmXVqkM8NXEmI2u4jqr0vazZfqrCPWFs3pynug9mpJsD/2n/bgohhBD/LSTAIv4w6TuXELQtCUztcXVxpigjjqiwVGLSC9i4YGSVDnqZEs7HJVHkWoL3H1jeBxG7wY/gqEzAnj4eLhRdPE50WAjRx66yIXjCHxRkKeFKXBKFriUNlt7l40kcLx6Ib6VvblxJJCka8qYPpHJ4o+jGOZJSo3mupPJR9ShvST7JSUlkY4qlpTFQTEFBAnHR+/l1/gYmdKspQBNPoN8K7H1DcLaz48aVRFLj4DbUq2Nekn+F1NTj3Kh0riU3zpOUerwWddDwamqL/HruTytbXZXcuExCUhKYWmJZ7j3RBcUtGFgCNNB1rL8S8jLPk54FxhRTUKAGwNTSEmOKoYUDVVt5bZ9vBvYr+pXDSUm4DKz7PV/06zkSUo/Tp+ghBliqLd9tMtPTyTIuvZfVumtcXFyMS89mNZb9r9SGb19NJfpMDONHOivPek0GkVEJZACHk0fj7KY8JS8k/kBSRhFDKp1e7sWTxGUkYZxf83UsuZFV5Z4oKCggLjqKUzffZ8HIFg3874AQQgghakMCLOIPkkvMD0lgP5QNwZO1gQYNEctnsDFhN8dyR+JRbd/YhplfbgaTP/0nSoNUZ7YTHJWJqZMPnywZqz1HX6JD/AiJDuff8cOY3uMP+iXRFIz1/Cj8wIzB2LjqZiMjwNRIz6/1YNPDly83T6vdZTMF82ZKb0OjAZPqOnpGcAfwmPsJvtq61GRGE+AXwuFDyUzo5lHjedyhLC9D5a8bI8C4ajpG1Wx/yGrTFl8yMgKsaGamHKMBA0HOP5kRgCV+azfhpqc9xTfYdawvG8Yu2cRYAFRs9p3M/juerN003UDgp7bPN/37aQATMzOsAD23aI3MzJrxMNuowfJZ9GDJ1q3aHePxnbACp1kf49ujls/6Cm34z27BFrj0cyJsWyoXVWBjAapUJbgCkHgsFdzsAA0pJzPA3oeulU9T30ie6ui7J3LjWTB9BUm7I8keOb72z1UhhBBCNBgJsIg/TMkdwMy43C+4JniNHUMi13hc+9+VmbHbWb0ujAw1gCWeU/2Z7vU4/164kGKfxUzuYQOqdDav+JT9qdkA2Lv68GbAWOyB018u4F+ZDrS/dZjoDLWSxuvzmT5QGTJ9aPPH/Gt/EmoAO1d835yJh4OFwTTTD23gw/VRFABgh+fUN5juVXXYemrMUcCOqX5jK4xU8Zg0nrirezC7nQ/YcCl2O5+uCyNTe44eE2fhO7IbkMuXCxaS1tyRwrg4MgG7rqMY/xxsCgmnALB0Gsr8+ZNpcWEngct/oHk7I1JTMwHoOsqPuRPcqnQxck/v5cOVodo6NcVjYgC+"
01:01:11.621 [Forwarding screenshot on session d6a0bef0-bd24-11e6-8678-ab184a9d7075 to remote] DEBUG org.apache.http.wire - http-outgoing-0 << "I53Jjt3MW8GHcX99GdMH2sOlCN5ZuBHjEfNZMrZbna/v6S+X8HmaEWZZCWQUmDJy4iCid5zn9U+W0MMGzkRsZt3G/WRr93fsMw5/f2/sACNjSD36OX4rlPM2tXPljQA/3Oz19wjKd6VN7LvjZAkxunIsYGVyRz75UBkxpDqzkznLE5m11o/khSsoAKJXTCZ71HxeKJ+owXZV8dx8gtYyVs+cBCOzip/NSnuUxadZ8upKmv/fYnwHOigdodmfYvZiAAHezqA6zYIZK7F6tgPHk4wI+jhAN50gOsSPjdm9WbtkbK1HZ9SqLTYDyGZP8AJWJKQq59xnIgv8Ryr1dimazz8NJS5Tafmm9q5MneWHh0NRrdupg0ku2xcs5KSZPUUJCWQDlk6e+M9VpktoMmMJXr6OhGxlpEf5NqGPUW0iCDU8H/S3jSU4/rKTwOXfY9QCMjMLcBw1nymPH6vVva9fie5ZV35kjepM5Xxm0yX5G4p9FvNSsyMELj+KvbM5Cdpr4thnIu/4j8SG3ArPwfLPJUs7UwqALqV5VHvtTIBs9q5aRWhcBmCKvZ0aqqlxQ+kYftZisHx6FZVwB6Ck8jikXA5tXsP6/UnKR0snpr7jh1eH0padTdhSP1akZgKmuI56Az/tc9DQM6dC2zO1w9EqnxvNvfhoyQTMsuP5PGQ90anKedu7+jDLbywONQQo2rq4wLZtpGWo6NHNgtRjJ8GyDz4uGYRFJ5CJB/aaC6RkgKOPS8OEg8oPULHpwdA+pqQmKh8NP1err9earm11/6ZALl++M5vkjrP4cHKPhjg7IYQQ4j+OLHIr/iA2uA/vChnh+L70Ku8sWcWXew9xxsiNgIDJdLAAMvcSGBxGVitP5r4fxLg+TYnaGMT29GLysrLJKykBstkw5132p5oxcW4QQX4+lCSE4bdgJxqguOgWmQn7SWzuxdz5vnjYFxC1fj2nNXD6y6Ws359Eh1G+vB/0Ol3zEwiZu4ZMQ2mqYvlwfRQthr7OiuD3Ged6h6iNQUTnVj4/FRkZ2WDZhS6VB6lY9CDgwyVM8HBAk76ducFh3Gg3lLnvBzHRsxXRoUtZsjcdgOJb2aTGxeE01Q/fca5kJ4UTHBJBz6l+vD7KlYLU/exKyKbkdg7Z6mxSL9vgG/Q+fj6uJIUHExyRWSFrzaW9zF4ayo12Q5n//vu8PrQD0aFBrIrOxM5tNF72aqLW/5P47HRClm4kQ+3Kq6PrHlwBKC7KJjs1gaJ2Hnj2GcBTlgUUqLO4DahObyBo436MPCcStOJ9fH36kBG3ja9ila6PUVPIjIujzThf5vv6YJWdQPCG79HoyacpkHzoa7Zv/5Ivv9zM8nfmEFUAI7y6a8uRhTorT7d/ye0sCtRZ5JXY0Hf0UACchk7l5f6O5VKtqV1VPLfOT+gLdRSwZ00IISGlfzawJuyEUmJjRxxaqImOTEQDZCcfJVWtJuFoIiogN/koqWpjevR9BgoS2HtCex1V8eyOzqSVi0sdpr7Uri2WSk2AqXPn8/qormTGhfJ1fC5whqVzQ4grccYv6H2C/MbRIjOBkE93o6L27RSg6FY2GQkJdJk6n/fnjsMyNYqgpdtRkctXi4JJMHJn/opg5k/1ICNuG8u3n6nmvAo4vnsve/cqf3bu3El8pqrSPjVdx+raBtp7qoDMzFYM9exD98ev1fLer55Rpf9X8qyUj6Ot7vmmfJdJgvaaTB3qREZcKP+OVzIt3U915kveXR9FU1cfgoLm4qKEjLV9bcPXLjpkCaFxGXhMnEuQ3wgKsqlGDW3AwLPWcPlqqKxK4jcsZP3+JFx9fHk/yJc+TVPZ+O5CosuVO+OyOa/PD+L1oR1I0D4HDT9zLhHsF0zCnQ68Pj8IXy87MrLVFGQVUcIlgn1XEJ1qyTi/IOa/PoqChDDmBnxJ5dZWmYmDC12B5NRfgFxOnsjGsmc/hg3oDSRyJhvISiMV6NWzbQ2p1c6d2xrQaNBoNGSfiSA8Tg0trGmG4eeqoXo1dG0N/ZsC0My8BeZmDzKWSgghhPjvICNYxB/G2XsBIe0PsXv/EU4kxBGeFEd46HosXcfxUYA3FyMjUONE0IfTcQZ6+L9JyYafcGxWTI42Dc2ZI0QVgJPPePq2b0EJgxg/9BjB+7/nWK638qM8fXgvYAL2gNP/pRK99AR5RdkkR2SA6+ssmKBMI5m7GL766S7FiQbS/G0KADeuXeCXm470f+09Ot+AtlVm+twm7wZQXGSwE5F0+CjgyuIlk3EA6DCf2xkTCNtxmNyRL1FyB0z7+DLdyw14nLhtCZz3eEP7+QniwxMqpDdu8QI8HABnP64em0DYgSOovIaV5RcZgRpLJrw6nJbNSmgz2ps+PyURt/sIKo8JTFg8l+TJK1jh+y5gx9QVftWuw1Csd2vTSp9dCVjgiz2QG78B0E6eaenO1KlOPOPlgXVuLs0cW2NK2ZSB0vP291auzaTkSFYczyKPqr+tGwGZCTFEnjemuLgYtVrpvF3L+AWcncvtRYW/GwEOvbtgF7Ifuy5uONtbEF96brVqV2XnVp3LGRcprNCbLtbWkQV9n+9KeOhxLuDNjThtECEzmV+AGz9Gg90ouj/bn1H2oYR/dwTNwAnkxB4gEzv8+ncwkGtltWuLpcatWIKXA9DDktjwuVzN+BW6tmDU1KkYObvRwxayc0pwdYLMyznchjq105I7YOk5l+le3YBuBLx+Gd/1kZzMHaSU70YmqRm/0rfHeFY4DMaoxePVljU6LLTCZ4+WfelhXxZ6qt111N82dPXx/ny8O5hAbiyR1ObefzC6fMglZF3F7yaWuyYx++dSVFJSoZTJhw8DfVgQMBY7wHnZXFInr1C+1Bi6dtkkH8/G1MMP35E9gB58cOcavuv1BLUMplNK37O2hvLVySUORWVj2seXgLHKs8F/mRFTJgcT9dMZurTR1uXiJQx0ALo9ya/JEwjfG4nxguqfOar4SBIAn3cWMLAD0M2Zu5mvsv48FJ/5iQRgVNBivJ0tAGc+4Dd81x/mZO4EA1NZARzo2RU2nsxAMyyfEwXQs7sTFs7G2BPOiVOZOHMG6IpLTcNhaqWA9X4TWF9hmz2vv/kSFhQZeK4arldlZJ/+a1vTvyneC4L/8mulCSGEEA+TBFjEH0RF+ukMmjkNZHq3gUwHVNmXOPLv9YRGb+Pr2L70KrkDll0o6145MHa6A5DLce2Wonzl1+fUsKVMDyufvr22+3EHTM0oXTuwRBsVMMIII2OwNC8LCJg4DGSyA+TGbqg+zeZuzJp4kk9DowhJigLArutQZs3RjrrRsePJp0yJOm+m54dYDacPxYCji25LuQkuOHW0gyztx2Jo1660BqxobgpPdXpC+7kZzU2hqFzKVs3KpdPFDg7nlev8lOaUzcZ3Ky0C2bRImbZg0YMpPk68G5aKadeReFXzH/1GTUGdmEwubuWmnGi4/ls24KTtyN8B0+boW5bSxNqKvMSN+G4M0Zs+xdDB+Ymyz0bK/+j7UbuAimuwQC7bF8wmLHQj8f2D9aevy0f/NITatSv951bGkln/DKZHuSrUnN7AhKUnAHDo6YZp6HoS4+PJTCigz7hxXN22jeOxsfyWAE4T+2KBBf1H9CF8fQTHsgdxdW8SdJ2IW5069bVri220ZW5pVfqdFa0t4XBOPpg4Y1V8nlV+G6nQLbbTXpO6tNNicO5Sdm2bWSrzqIywYfw7r5P56XrC1qcSBmDpyET/d7DXe76W+G3YZLAuar6ONbGj5ePaC2hT23v/QZTLpwpLHi13Tewr3fMARkZNgeKyAJqFE11K9zOxq/7a5V4kUQ0d2rYoS6tyjLSUoXSA6p+1NZSvLlQ3+H/27j4uyipv/PhHChhRBiRtfBgrMJUiMGTxuVgSNU1vu13Mtcxas7SkDOtG91ZcV7CUvKUHStjQijTXlZ+rq6uL4doUikYjIWGICpqjMaETzAgOM4a/P67hGYYHrW3b7/v16pXMdc055zrnzAXnO+ecywgMH+Ff/5rnAIapIevMRRyduNF9MDBQw84DVU7vOUq5VPSurwbUPbzABraqSkBF/z71jVzfZ9sWMCwIUgs4fMgNM1pG+HsC"
01:01:11.621 [Forwarding screenshot on session d6a0bef0-bd24-11e6-8678-ab184a9d7075 to remote] DEBUG org.apache.http.wire - http-outgoing-0 << "/tznB1s+P8hB1yIImoVvmym1T8TcGEb4gM1uh2498R8yyHFnq2z9vtpWvXZrvW3b/J1yg65LCCGE+HclARbx0zAdZWl8En4zV7FmmvJtvKfGlylRj7JDF48NsNsB8/coO5UAmNi+7m3KhkysS8a1m/InXkRMSt2GsRZDDp/kVjGgG3zjrAw2sNnqv9OvLskgPvkk/zXVo9U0+9uKKPIYyivbonA1FJH7yVaSd+5l99GHWBTWeG5Fb9++oM9kR850Za+YWiV/Jz55C+qIGJ6yX2lWrNLz9UEKO9CjwV/9dsCtq2ujn+upGv30TYkRvEY0CgLY7WbAnxXb4qid21F0aD8l9t54Axj382a6steD9VgqG3NCG5cdAB8C/dXs1TVsG4AyCo4BIQPR4Lzuc97/A+l6iIxewbjAAHzI4ak5CXWbOtqBbp5eTlJoquFQxwd/355QaKbKTt311y/PaGEeh2vjUInb9fSrBuyVNNpns7LhtB9NMOEa2JmcDGiIGfdrij/bQnpiIqBh/jBlyKUdMwG/5Gx2vPceF40w8enR7cy9Xnv64mtDWyg/jm/48zayIk2HX8Rc/vhwKFqND7p1j5NUUH9eu/upGxQXX3Rs8AlVVZWOc0wUfwu/jd1EgEcZeUc/56PULaSt28HoDXM69cSt9rZj633jSl3hq01FXGznZ7/jrrSxXqZeS6fZ7VdovDFtMYVWGEAbbedzGwEqKDhbUfdO16YbBzm01QecltlJ+TrE0wsf4MjhQqIc/YfqUorNMGhgH6AQUFPf9aopzDeC19A27zlg5dLFavBRPrDm7yuUzm+3Nztmr+uzbdPeOwo1yaRtAvxm4u8J4E7wmCC2pKWTDoyc3959fNqiIXBUKENaiWq0el9tq14vNH9LXZpt/U4RQggh/sPJHiyigyzsT1lNSoayZ0hRxkZWp2Q41qY3PtaIjz8TtVC8ZSlxKdvJySsgL2c/66LXYgbu6OlB4H3hgJ43kzIwmIwc2vo2W7KP4drz1rpkPIeEEwRkJr+NrsiIqeQQr/8+gbS0TCrqBrb2Fv4Q9iFwuAZrdiqbDhVhMhawOTmVwuLv8RrlJM1Ln5OcnMi6jTrsXrfj199Rlha+ygyYMZ+RKtibsJCk7TqKSkrI2b+JqJgtgJb5j4biP3wYoOf/kjIwmEzk7VpH6jHQTrivwVKY9j5W08r7SRspMBrJ27WOtEIImjC60TeI/veNBgpJXbeLEqOJAt1GliYmk6q/iDsGkv43GSNBJGzbSKQW9iasIaeFjQZ6DgwA9CyPTUGXV0BBno6U2D+gB0aGNhwstFT3tZfUk9633UY3ewlbX0/GDMpylFavu+V66AqcPvIxuv372b8/g+0bVxO/1wDqYfj74Jhu8zl7DpVgKNpPwps66pYy2ZU0zx39hCJD7WYadtw63a/aU+JaPox5wB/MZtAE4u/pwz0hjn1gtCMYVtsB3AOYGqbBoNdjVY1k/JDapyUdIiluNRlFSgMV7W/42WusPX2xNQ1jQj36aunl7UpeRhJJ2dYmK8La109du4JxZxq78gwYi/azLikbtOEE+lTwt6RkVsS9S16VB37+A+gB0NOblof8bWlHOzrrG0192/pnv9qgIyluXV1btF6ixv+/UfyHjwaySdq4H4PRQEbSRxianNNy2/UiIECFWZfM1kNFGEsO8XZyJq3WQavp1Gr5M9Ge8rXPIEaFqLBmp7JRV4DRUMTWhDcpBgYNrp1BZSYxbiNFRiN5u94l3QBBE8Kd3nN8QscTAmyJiycjrwDdpjiS9cq19QgJxx/YsiaRHIMJY0EGa5KyQRXAbT7taHvNPQSrwGyFoDH1G9n6Bo9yhMTVhATXLzRs/Du0MWfHFFdqb2lOtHRfbU+9ttK2Tn+nOPkbQAghhPgPITNYRAfZOZWlJ8t+P/MmDKLizEH0WcFUzZuAZ5NjjWmYs3oVJLzJ3swtOGbcA1qmRr/EtEGewCxWzP6OFWmpROuUo0FTo3lsSHfep3bg50tMQhTx8Ukk1U5RVvkxd1UMg4AcuoKXR5P4hzIiGBW1hHPfryY9cSk7HXnPXLaAQfi0muY9g9yImniCpL1JRO1VppprQmby2KiWvsH2ZdEby0hJfJfMLUnotjiS0oYQ9cICQj2B0Hksm1lJ/JZUonWpSilGziZ2lvIUIVcaD3Db+pkLe1kRtRcAv7C5vDjFt1E6PkPmsGJ2FavT0ojJVvavUPtPZdmCMAq2LkZnhqnLFuCLJ75LojgclURCwna2xTVeRe87YREx5at5Mz2TpPjaxlMREhnNgrG1g4XGde/q5lpX90EPPYKfLpWk6DkkAWq/IPxUxyj+6gTM6NP8uugKbi0vyHEFDLotJOnqX9MGRfDkgnloAM3DTxB0MIH0xBjSAb+QIFR6ozJY8BnAaD8VezPTiKtU80K3ruDljUen+lVTXfFo8YT6EemgYWNQbylEPXQonsCdwUNhZzFBDwxrFBgb9dAE1uvS6DthbN2eL5XfHEV3TI/Hg8qwp+Lrveh1YdjnTWghz7b7oqVB+zTk5eGK55CHmOp/kJ1pK5iVBqAlJESLXq88grYj/dR+BdRaG2nx0aQBaEKIiVWe4vNMTCRxCenERzkaUx1E9PMPtfJ0ldaDAErfa7sdcdI3XJvUh3vA9FY/+5U5O9Ady8Z2/2NMcLJeqFsLS92a5tOwvpwda/hvn9A5LIv8jvj0ZKL3AiqNY/DeVtu5M2HJq5yP/QPpiUtJb5RLY231gaafd4VSdmflc6alFh675FW+jVvNzqQVKHc6NROjEpgxyBNLniO9i3tZWnsfjJhPzBRfKHF2z5nGko3LWLd8LanxK0Dth58aiq/YsbsHELNqLvFxqSREz1PS14QQHbsIX8D0bWEbba9h6HANOt0VRgU3WAikvYcxasjsOqzR5tMNf4fW1o53N49mx1ruZepW7jkKZ/dVZ/Wac8BJ2zr5nQImJ38DCCGEEP8Zuly7du3av7oQ4j9MtQVTpbJpo49PC382Vlswllfh6q2pnaHdIpPRiN3VFY1PxxYTVJtMlNvBW+PT/JHGraVZWyYPb3w8296csNpiorzKDq4eaJxdo4eGlg63xZSTwryEfGI2JhFkN1Lp2kY6HSy/k4QwmWzK0gofnw6ut6/GZCyH6y5D+yht6Y3GWSdq9X0d71c3kulQCvMSs5if9CFjW1mNYinYyJwV5SRtW9TqY42hHX3RCVkdpKIAACAASURBVIvJSBXXUxcmkh6fBy+kEBUExkrXFsqg9At7J8rnNGcn7dihvtHSZ6e6iLhZcQQkpDLthmxW2kmOsnlrNM3uZW21nXK87Tq/rj7gpHwdTsrJfRuUNm1+b2nlnmMpYN3yPxPwwjLHvlPVbF08i3RmsmnNNEf6rfTLn0vb3yBt1Wvrb7xRv1OEEEKIXxaZwSJ+eu6eTgMnuHui0bQ90PLRdG4fBHcfn1YHpK2m2c4y1Z/ug9PTO5heM3Y7UEGVHdx92jF4ud786hPCp4MBi0bv7WSbdUZn8/opy9hMdQGrX1qN3mgF/9mMcVKU4iPnCZs7w2lwBdrRF53w9NFc/6aVVrhcZQd3DZoWu86P0y+cpdmh/Fr47FhO5XI55L8Z968eYDv5XLfVdu1t2+vqAzfsvuP8vg2ttWkrfcsNvjcUkhrzEgURgVQWZnHMAGFRwxrcS1t+78+m7W+Qtuq19TfeuLYVQgghfklkBosQ/4aqDYd4f8c5wp+YcQOeaCJ+NqqL2JiwgRLXQB5fMOsX0LYWdJu2cXXYdMb++1+M+CUxFrB12y6Onvset+79Gfbgw0wJdfYQdiGEEEKItkmARQghhBBCCCGEEOI6yVOEhBBCCCGEEEIIIa6TBFiEEEIIIYQQQgghrpNscis6zlLCro/+yufFRtw0gfzXY9MZUrd7pYVD2z9i75Fi6N6fX0+bztiA2i30qsnL2Mbfsk5gc+tB8Nj/Ztoo39ZyaSOtWka2rv4TlaGzmDPWkZalgK3bjmB3c3OcY8PmOoDpM8Kcb9Zo0LE6JZ8pMVEE1J3YShmqS9i++QBVdXk4crJ5MGb6NAZ5Wji0fRv7c0ugm4ZRU1oqewuqi9iY"
01:01:11.622 [Forwarding screenshot on session d6a0bef0-bd24-11e6-8678-ab184a9d7075 to remote] DEBUG org.apache.http.wire - http-outgoing-0 << "uJXvmjwg0263029Ug2u8wUxFOj7ansm576H/0AgenRFG/TNDbmCbmgrY+tEujp6rpIdfMNOmT2NQs4eT/LLatLpkPwkbv2ZaozLUsxgK+Mb1TgIcn6GSnEPgPwrfTmxZUrA1ltSyCBKjlEemboz+H+yPvsa80H/dE5HaoygjhQ8L+hKzaEqz9mxYf3dezCBh48kW67K6ZD+JG08xbdk8Bv0k+49a2LXudewTFvCQR26jNi7RbSJ52wEuXLmDl1+PZUirbWkiI+Vtdn1eBHdMZmXsDG5IS1WXsDFhE97TFjAt4F/Q9tVGis7CoEHK5+N6+rQQQgghxL8TCbCIDjKw7rkYsq3gHxLEmeydxGfnE7NxDaGe1eyKe460Y1a0QSFQpCN5hY6KVZuYNsidvI1LiN9rQO0XRN/vs9mSmM0FeyJRYS1tLOg8rVoFm5JI1xeidvumbjBuKswifW9m4+T8Ipk+w9l1GUlZnYTeqGakvR1l6Pkt/9y7F2OzdNQMeHga59a9SHK2GY1/CN1OKu/7dlkKs4a0MdipvMhR/TGMKjXqhuN8mw0GmZ2/t5OqS7Yzb+kWUGkJGQS69CR0RWY2xU7BvY126FCbWnJYPC+BYtQEhfRFn7kFfdYZEj9cRMOzf2ltWvnt1xwrPML99qgW6+T30Qloo5II0Giw5KQQk5BFVMooOh5Ks3BkXyGM/63j8nM5YLAxq8/PO7gCcPHk5xRmB1MFzQIslRe/5lihjvvtUfT59mSrdVn57dfoC48wsvKnCrDYOZt9jMshdn7tUV9GMPDX1J0UoyUo4Fanv2RNOdtIzTyGxj8Iv3496Xajilb5LQeOHSN4rL3tc284C5teimKnNoptS663TwshhBBC/HuRAIvoGEMBuVYImZvIkglaKNrO9KVb+CzfSOhtn5N2zIrf1GWsmTUELIeImpPI3w8cY9qgARw+aAC/mbyzZhruGFj3eDS6TwtaHowb9jlJKxSA6pJdrN5ZCEDXbvUzPs6dKARCSNy2hPY+EyJv0zoyjQBd6+eOOCvDvFEkbRtV935LwVbmrEhHO3E+Ya45RGWbUYdFkxQ1CigibvpSMvbnM2tImPOCuMIVIOyF14kK/Wm+7j31+RFAS8w7iYR6Qt7GaOL3ZqA3TWFUlbN26FibFuxMpxgVsxM2MMUXDPtXE52cTW4JaB0jr19mm7oCXng4Rs/VUP8oWDelvbt7eNT9DG54uNJxlnwOmuHhYXcql/rVIawM595/gwejuLoCag88AKqrwb0+QuITGsWmjU/j7gkmV1fAjZaqp1s3j1aP/WhU4ObauIxUf0OBFUZGr2TRKOefYVc3ADVPx8Uy5AYVqRpw79YNLxzd6V/AdgXU3W9AnxZCCCGE+DcjARbRIdV2G1bATeX4a7nnLagB7JD3yT+BEJ6fNQSLyYjdNZAlq1Zg97oNqMJuA7p3cwwuPXBzAy6XNx5wOjhPC8DA28vTsPqNJOhiNmcazFAoLTGANgS7sYSCi3b63DkIHyffaFcXbSd+ZzEarRqjoSNlqGXko3XpoBrJS3NCASPTZ0biGhziOO5FN1X76rc9CjI2sj61fqaF38iZLFr0EJ+vfom0kxpiXosl1AcKtq9mxRYDM1e9yjg+5sWlf2V0zBvMabJcpKq8EuiBh2MsqO7lA5xpRx10pE1NHDlQjGpkFFN8wWQ04TXsGVb1vkjPvrXn/JLb1MjfEmNJ0CvBI+3I2cQuGs2eJQmYAV3CHM4PH4HhyGEAEuYsJjplMecSl3O0m5ZKvR4joPaPYFHMPAI8wVK0vVGbmvIPYyaEYF+lYgo+OYY6LJrTG2N5+cAFwl94hTmhGg6lxLI+6wLBjyxm0ZRBFGyNY/XuIjT9emE8X9HmeQOHD+XskaP0HP4ka6LGYsrbxPK1GXDHBFbGzcKnJIPF8Zu42HcCr8XNarzkxZRHSuK7ZBYqvVfpu9OArmA+SMLigxQWmwE1EfMXM2/sICwFW3lx9VfMfyOOAU3qdNe6daRlFwMqtBoroCxJsRRs5/er/45rTzAYzEpAbWpXNia8yV5H3tqQSF5aMgMtkLcplvcNvgz4/gC6Yqsj/2XMG+tLteEQiavXozdaG5W54eKwujK+EsnfFiViBrIT5xCdH0PivCAObU0kMV2vnKwOYv6yFwm+uI15CcqsrPjpjzMxZgVuH72C7dHX6j6jeZtiWZs/mDfWzOKckzICFO1PYU1yJmZArVFhBgJb6Y1F+zex4aMMis1WQIV/xCyi503AB8jbGseb+86g7tkTc3ExZlUIK1IXUPp+AsmZSv/1HzkSigu40CO8WRsXbE1gr9KpmXXCD0qLG/TpNYz6+U+oEkIIIYToNAmwiA5x9x1NpF8a6UkvE5cdgEmvx6wKYcJQDVWFdkDP/0VNx+AY/WtCZrJySQDgyUOzQtClphIVm4vGdpJjZpg4f1yz4AqArdJZWnAoZTXZVi3Llj1J/ovZjnAAQDlnzgDmncRE7XS8pmZqzCvMCm1pv4wSEpduAf/ZLPltGdErDra7DLUM+98j0wwTY550zK7QEDZtBlDNoa1J7PxMR7EVZk4e0a467gqcO7KHjFIPbADYwWMA48cOwZaXworUTLQRs1kxfjAXP99NUvoWNh8azaLf/Tc7opJJSNxO4uOwYosedVgU0wZ5Ysmzo1b3pZ9X86+RQ6c/ijYzkRVPLSZkIOj1xajDohjlAzlO66BjbUpXsGan8dT0JJTFTioi5scyz1Gdv+Q2BSjUw9yYZdx84m8k70zjo5zRPPTwRHYm7cV/4lx+O/4uLvYuJ2lnISNnR+LvA4XfGykuNBIxdxkv+JxmfcIWVsR7s3HNDLjSuE3zP82FkNryFpFVCMMi/bmt9FOsVjMH9xcyJ9TOp5mFWIHsrK9gSh+yPjuG1QqDBvlw9vS5Ns8bHBLEd7pDFOs+oShqLBWfHcZotULhYU5Xz+Li5/+k2GxFM8yvyX4iBpL+Jx6dWcvM6BX0t2SRkLqF/03pz3xcASMXuk8lZpkfRz9aT2bymwQGJ+FfVYbZeoGqJvWpS4ojLdtI2OwYwm8pZl1iet0xe1UZRqsZDP5MjAigm9/NpLy4lEyzH7NjVuBn/4r1ielEx7qyKW4atsrvMegLMYdMJWZZf468n0RmcjIjxixG/4dE9OoIliU8BEU7iE/dwuqtg0mc0adRfmbrBaq6+fHb+RGsSM7Ef+JcIscMoGDrchLTiwmJjGJasAf71ieQHLOcmHUvMX/qeZJ3HiNi9lzCB3Tj7xfN2Oz1y3pslRewXtA4/t1aGdfgd2oTS5Mz0YREsmiKHwfWJ6ADWlogZNAlsTRZB4Baq8VmMFCYmco8QyUb46ZhKzdiNpsxmx1LEvsOompbPMmZSiDLP+gOCrOzlWNXKpvlcVvwGDTphVT4T+TZyCCu5O8kuUGfFkIIIYT4JZOnCImOMZ2j5CKAG65ubripAKsRw7cmcEzOv6iJJCElhWWzwzDqtxC3tQAwUXRSGdG6urk5psbD+XPnALCYjBiNyn8mS7XTtCx5m0jMNBIRs5Ihnt2UIISrI3BgKeU7wC9sNkmbtrExaRkjNWZ2JiRRYLbU5WE0GrFUgy7p/9Djz6q4KXVLT1zrNkJwdj21DOx4Xw/aqUxvtpFoGedKvsetmxqA3Cx9u6rYFSjWpZOalkZaWhppaVtI++thKgG33mOYOzeKJfOmcKdXT27z64cKxyx8zVj+OD8MCrcQvXQLaCfySpSyfMVzyAwSN6xhwqDmSxYMhcUYALq64ebY4NV87hyG6rbqwEmbVjet64t8VwFgJnjuMpKSVhEZ4kVm8lK2l1T/4tsUYGZCHBNChzB21iyCgHPF3+I7IhANoAkcRYD2NoYGagEN9/06FB/AfgXUETHMmzCEQaHTWDJ/JBTv46ipaZsayNZbGTnyHgCqiz6nEC0j/H3QjrofLWAu0FNQVMDJ2gIVF5BX8jn5RkA1kknTH2jXeaNHjuEBP4BCcguKyC+snUtlJP9YEblHlRkL94XXzvapPXyCI2aIiIll2qgAQifMY8XcqYy/ww07dmAkr8TOInTIKJ58dAzK4qn6NmscGjSSf8SIKiya"
01:01:11.622 [Forwarding screenshot on session d6a0bef0-bd24-11e6-8678-ab184a9d7075 to remote] DEBUG org.apache.http.wire - http-outgoing-0 << "qCmhBIyawSvzRzZ4j6POVy1jzrxFPOz1FZlm8I98lNEDetLTfxyPTtRC4d85bKo9eyR/XDKL0CFhPPFkBHCR8kpHkOKigcLib7kl9FESVq3ipXFNZzzVltGTgDFD69p0yCDI2lcM2onMGBeIh8cAHn4yEjBw5JwHwwJvBTQM/XUYvj6tLehpeOUtlzH/wAFgJLFLZhAQEErUqzG0vP2yib9vU4IrQTNXsSExkQ+T5ivnFv6dz431+an8Z7Jx2zY2LhvF0QNKm46cv5a42DhSYiJaLB2A56BRDFWDmyaQUUN+xbAmfVoIIYQQ4pdMZrCIDsnb8z56s4bolCTHVG9l343UDw8So7UDWl6OmYGvOzDlaSL/qSP9syOYRvcjVWcgZG4CSyYoU9pzNkaTsOVdckZO580XkrDWZhISRUyP1tLS8eFnBwAN3Uo/Yfv2Ck7YwPz5P9h+pwcPjR1C7IZt9QXWDOHJR8PITszlzOF3WfFudt2hoIcf5JjOCFp/TmTs4sDnBwEb+zdvhfBJKEOrVq5nRgA+QHXBQXRWCJs+roWn2WiZsSSWGcChlCgS935EzvRRtLW1ihkIi04hqqW59N5elOemEpWa1OJ7tWMfJeIjHZlmiHh0eiuDrIZM/H39TvCLZNOaGbijLK+ZtXQLf9GP4z5ndeCkTQ94+fFOcn1dh0TF08MNuGMuUROU3SZmLHiUfXMSOfPtGbZ9tJNfcpuCmt5etf/2op8aDpRVgM0RErAr27vabQBXqJvEYIOAwPrBvIdaiRQ1m4dUkoseDdFDlRYvzDoM2vvwdwfcQ7jPD7YU55K2oRgzoFKB1VrER8kmjIBmzH1oPYPadx7uMD6ELcl6PkvbwJUGuwIfTN9A12KUQEyTnWZNp7/GioahDaYxBEyYRQCQk3IFVN3qrqvS1kZ1fn+aXCsMur1n3UuuXZuepKF3H6UMlRXlSr2kxzMvveE5WkeeSv6OXUMc7QCu+PDo4vkY3kwmPbmQdAC1H7MXLUbbWrTAZq9vU0spBjNg3kvMvL2NTjtXeBp7oJK3vdW9aBteVGtlBFfXroCtfjaJpz+BKqhsIUXletUMGzZIeUEzjBGaZHYazeQVGrnPcV5P3/5K//d0U+rWrCZgsNK/fPyHoiUTQ7M6Bxzhstr5M836tBBCCCHEL5gEWESHVJabgQAG1A0utAQMguwzF7AOdgXsyuDIMbayA/Tohe3bMwD4+tZtuIF/4ADYm0uVeyCxK1Y4/hy/iqtXf658sqOVtHzwQoMaOLBjB2DDbAWsx/jrJ4MYd08F8f/7EfcsepUZjue42q9cBqDHXY+wYtkEpddfhZurCjCpNdjtuez4Sy42mzIlXr93N7cGjiOkW+vXUzshovDIZ4A/4SENQhnGQyyO2sDQFe8wI0B54213aIAzVLV7kNHyiTnv/4F0PURGr2BcYAA+5PDUnIS62R5F298m0zGzPzPhdcZsiiWgrSequAHde9ct63Hvc0vdy25O6sBZm7oMalzXXv292AdACyNnO3Tr8Z/Qpo0uufEGpK4ejU+ojTS4QXHxRRillKWqqrK+zA0U5WaBeiiBngAm9AeN+D0U7LhEd4Y9EMKWYj3FxVbAn7kv3ENqQjrFxQZAxX3hQR04D7TB96NFj6FYmdkQNj8a178mklmsBGa0Y+5rthlxt569AB0nvqkm1FGHBdvX8ecLAUR0dAPUHrcRoIKCsxX1Veba9Bk8V+oqytWxYXJETErdI6sthhw+ya1iQDf4ptWMTBR/C7+N3USARxl5Rz/no9QtpK3bwegND7ddTs/eaFRQGDCfbUvGKq9VG9i/r4Cewf7w7dFGp7sClxtMwjF/X9GunWrt9is03uC3mEIrTfascZx7BcBMwQkDE7RasBQqs5NQEzBAA8o2K/j7N323mdyCEiZofTF8/pky6+0KLbNRPwOt4cUJIYQQQvzCyRIh0SEDAoOBbNZt3I/BZKJg/0Y2HQNt+AjuG/cwaoysf30TRSYTeRnvstMA/sGD6R00Bn8g/c13yTGYMJYc4u1kHaiC8ffxYVBAAAEBAQQEDGGQ1ochraY1lMfiktiQlMSGDRvYsOEdJqpBFRbDh3Ez8PT2wmY2kr7+A/IMJgwFGaxL1oNmNP79tQQMceQzJIDBIx8hcUMSSUkb2LBhA++8HAGoid74IXNCnZVhsGPgaiE/3wh+93BbwyCGtxdumElf/65ShrwM3ko9BprRBPpAteEQSXGrySiydLwB7AA96X3bbXSzl7D19WTMKMtNqkt2EbflGOqR0WxLiULNMVYk7KIaZ3l24447VHAsja2HijCZStj1wQ4A+vbxdloHTtu0SV1rfXoT/nAQFKaxbnsOJlMJ29/egBk1QwYMZsZ/YJvagNqv9c8d/YQig8nxs5nCzwuoRpmVYdyZxq48A8ai/axLygZteJM8vyX3s2I04SHKjANTIQfNMKZ2hgKgDb2/fjaT9h5GhA6j7qgquG62SXvPwyeQEX61BzQMHTaKQD91XX4jHIGYhvXiPmgYIcDOdW+TYzBhyNvF+i3ZnLGpHLMy7K2EFVvSi4AAFWZdMlsPFTn6XiaNZ3zU8xwSThCQmfw2uiIjppJDvP77BNLSMqmoa+eW8q/gb0nJrIh7l7wqD/z8B9ADoKd3Ox+prCFwuBr075OyvwCTycCud1eTnJaKvj42VJ+vG+g/2kyewUheRhLJeit0bRhQa7mO/IePBrJJ2rgfg9FARtJH1O/tbGF/ympSMooAH8aM9wcgO/n3LI6LJeq5BIoBtOGENoiK1efkQ8hQ5YA+NYao6Ciia2enOaq7cf/34c4AFeb8zzhUZGzWp51p+jkqytjI6pQMLM2uQwghhBDi50lmsIgO0YRFEVN6mYT0ZKIdM961I2eyZJay7OOVmFLiEtJZOm+n49hcYqYpQ7ToFbNZszqNhGhlDwDUQUStfKLlZSyaMKdp1VOGAXV7t7oHsCgmktUJ6cTX5qMNY8XKOW2u/1emsjcYzbRZBjuVZlAP82u8lMQ9gKhlM1kdv6VBGUaybMlj+ACmb46iO6bH48GWhkqurQwRFUEPPYKfLpWk6DkkAWq/IPxUxyj+6gjv7tuLVRVC7CLlUcPLZmcTk5bG2/uDebJra3m6MyFmJefj40lPXKosgUBF2NwVTPN1B5zXQUfa1HdKDFFl8SRtSSB7i5LPxKhXGdvsMcK/rDZ1dXOlpYG/l4cr+NzGaD8VezPTiKtU8+Ejd6FFx97kFVR1XY3rFVBrbaTFR5MGoAkhJnZW4zzDhnPQAOOfVQbOpsLDmAkiuGG9+gTygL+KLYVW/ELuwR1fhoWoOaY3ow1vMNukvefhyejxI0lPzgZNIP6ewIhgyNaBun55UGWjevElOmE+8cuTSYhWBugqvwhiF4RR8f428PJoMsmhawv1V/tvdyYseZXzsX9o0G9rj7dU577EJEQRH59E0tIoHJkzd1UMg4AcuraSvy/PxEQSl5BOfFR9H49+/iHcqcQVx2SNJmVUN0glLOoVSi/HkZ68gkzHayEzY5gT4IkpR8lHeYSxDw/NnkhW0l7io7MBNVo1GFxrlwW1VkbwCZ3DssjviK+9L6s0qOrqw86pLD1Z9vuZN2EQATOWEVWZQOreYxQfU6araPyn8tIypV+dblSTiiFzVhPtlsiGDD1GwxVGTgyjeK+u7klmlU36v19wMOizSVz6PasSf92gT7ey9LGVdCrOHESfFUzVvAl4NrkOIYQQQoifoy7Xrl279q8uhPg3VG3BVF4FHt74eDZdg2LBZLLj6toNz2bHqjEZy7HjikbTni0PnaXltIBKPq4eaHza3CDj36AMzdNtue47z2IyUmUHD42mhb1HblybVltMlFeBh8anhXycvvMX3KYtMZH0+Dx4IYWoIDBWuraSZzVGYyXeGh9lFk61BWMlP0H5OuvG1qHFZKSK9qdlMhqxu7qi8enIlqvXX+Zqk4lyux0Pbw1Ou1y1BWN5VdvnOXmvt0bT8pO8GrFgMlaBqzc+zp55DuRsjCU538bAwEksmBNG1aGNRCXuBXUYSRuiWg6SV1uw4Ian+427RwkhhBBC/NxJgEUIIX6WTCRN"
01:01:11.622 [Forwarding screenshot on session d6a0bef0-bd24-11e6-8678-ab184a9d7075 to remote] DEBUG org.apache.http.wire - http-outgoing-0 << "n8flqCSWhLW9XbEQP5ai7bEs3VLY7HW/qctY45i9KIQQQgghZImQEEL8TLkSOHUiV/t4tH2qED+iQdOWscJrBxk5JVRWVoJbDwbdP4GHwwL+1UUTQgghhPhZkRksQgghhBBCCCGEENdJniIkhBBCCCGEEEIIcZ0kwCKEEEIIIYQQQghxnSTAIoQQQgghhBBCCHGdJMAihBBCCCGEEEIIcZ0kwCKEEEIIIYQQQghxnSTAIoQQQgghhBBCCHGdJMAihBBCCCGEEEIIcZ0kwCKEEEIIIYQQQghxnSTAIoQQQgghhBBCCHGdJMAihBBCCCGEEEIIcZ0kwCKEEEIIIYQQQghxnSTAIoQQQgghhBBCCHGdJMAihBBCCCGEEEIIcZ0kwCKEEEIIIYQQQghxnSTAIoQQQgghhBBCCHGdJMAihBBCCCGEEEIIcZ0kwCKEEEIIIYQQQghxnSTAIoQQQgghhBBCCHGdJMAihBBCCCGEEEIIcZ0kwCKEEEIIIYQQQghxnSTAIoQQQgghhBBCCHGdJMAihBBCCCGEEEIIcZ0kwCKEEEIIIYQQQghxnSTAIoQQQgghhBBCCHGdJMAihBBCCCGEEEIIcZ1u/lcXQIj/RBVlFi5Xg5tnV3p5ycdQtOUqZYYr2Phx+0yZwYLN/Sa6e3rgpfpRshBCCCGEEOIXS2awiA6qImFiOv3Ujf/r672d4cF7iHnjJGX/ijKFp9M3/HA7864m+fHt9PXeQ2anClvFm5E7CBiYzozV51o/reIcM7yV+qk/r5w3H9/B3QMyGHZ3Bvf230G8rqrjRag4X5d2S/91/to6rkx3uC7fhM5cSwOfrtxDP3U6k1eeaX7Qep4nvNMJeDwf63XlApSd5803CqkAOt5/fkLWcjavPMBw7x3ce3d9nxn3+GE+NVztQEJNrrHiHJO90xlXW8/W71genq7kMWAPj6WU3vhrqdU07w6rIj48nb7emRxu0hEylyr9p+/Eo462rWVxvCeDTxsf6DzHdbT2Gaz9b3mm5QZl2Jg1P5+AVvIPCN7BE88fJf9GXSt0qt3O6/KJ33D+BhZCCCGEEOLnTb46Fx1nhWsuLgQEu9W/Vm7j+OkqNsfmoTvnwpG1A376cpW398QfuGioAWo6nZX50lXKjWCy/ND6STYbZxz//OqiDYCyzOOs2Vk/ML7mcjND7/boeAFsdkzOT8DW8VSv22W7k/rogNy1X5D8UB/mh7jXv2ixcwH4/qtKLgH9Op16FfHjs3nncl9+sxC8al9ud//5qXzHwsBPSTcq/WTKM70ZoL7Kpx+WkrvTwG93mUg7OYmIXh1Isu4af6AMuFyt/FSWdYoNevAO8eahEA+GPdDjxl5KI43z7jg3fO90oYu+nM8LqhlR10fK2bfHEeDLLiWnjPq6KfsOXS4Q7MNdXi0k2Un9fG+m2vtmwAXKrRw/XcM1zc0E3HkzWMFc7sJgjVub6XSGxVhJeQ1c06gYN6LBdKMrNjL3VZF5upiPv7KRc2DEdXxWGupgu1WcYdrUE7DgVyy7IfkLIYQQQvz8SYBFdI5vX9IPjKDhWKVMn8/ksSc4l/o1mbEDiLiBA5kbzc0xHulsEKJdQ6ZefViVVMW5atDc2wcAz+6ugDJgfuerh3lYe7VzszHcoHZY6T1ey6o5tzS6mKs2F+7y7EzCHefpftOPku7K3+YQfnIMg2tfqL1m73bWf6tuws0bwIXuTY78OEPhztmz9HPSjeA9/nZ2bwrF19FnY5ZX8d7T+1i2tYqla04SsXZgxxP3uoMjpVpQKb8CavvlzFcjWDbiRl1B+/LuuJsZNe4W2FqG/vPvIaS38nJJKboS5Z9daqr4NMdCxCTlQ1CWZ+R4DQx9uC8diUc5p+idgQAAIABJREFU5dWflNz+dT9WHM7h7vFnCXg8hI+X93fyxhtEaTICHh/CB03zM5zjifAjfJxbSp4B+mlvQH4dbTf3m1A7/i+EEEII8Z9ClgiJTrvc5OdeIYN4bKTyb1vtYL/sPPGP76mfuh5+gHR942Uk+TuOMiN4e91So8mNprZX8d7Te5j8fA7JKw/UTYkfF3mIzBInSySc5uvBiKEuQDcG9FLy2LFax7jaMgzcwRNL8ym5jroBwHqZwxlGPtl7gcOnL3N0QxZhzypLhbrUXOXVx/cw+emvsADWkjPERO6uK+/wiTp25Lfvq+K+Qf15eNJAHn64/r/IRwbgq4IKfT6Tw3czbqKufmmE9TviI/cweeJu5q1Xpu9X6POZEb6byRN1vPeXL3nCURcBA3ezfFPjKf75fznMuIH19bo23flcms7w1kAXYylRbSxHsJacYfnjDeot/ACbD9cvyag4/CXjwjNJWK1juHc6fb138fS0fbyhB0ouMD54D+/pa+u5mu3rDzHcu/baMnnvcOPlHSW6/Lq+2k+dzuTnj3KiSV+d8XIO8U8rfS9gYhaf6r5kXPgB0vfk80Rwel0fW/jGmdaDa9ZStr5t5ZqLitfW1wdXFB787g8B3O0C6gqrY1lTNXvWZzG5wedo+MRM3tO1Mi2nopSFjvY/vF5H2ONKv3znwe1MfvpLR5oW0lceqKuPvgN3E7O+vszN63Y37+nOsDB8NwvfyCfh6d31n+mnc+o/0w3yrq/XAuZN3N1gictuFr5xmtZWuPiGatC6wMeHLtWV58TBbzHUwLPv3MndLpDxz/plTnkHlD46fkxP5YWyUhKez2D4wPr2mPz0YY6WObk2vfPPo63aMXuruqVZXM7bp0x3lHHBu5nxfH79MrWK8yycuJvh4QecL2tqKT9tf8b/2oUuNVc5err+fuu8/8KJzC95InxHXRnHRWax54Tjupu1m5P7ZsV5Fk7M4XgNFHyor+9TbdQ7Fefb7j8AWJSlcwPr++byDecafJ6q2fOGrlHfbXxcCCGEEOLHITNYRCfd1Ozbf6zfo89u8HPZGSYP/ILcGtCOv4WwPjY2f3CJheF7uLBvEi+M8ODohkymRJdzzcWFcc/0Bv13ZH5QzIQPTWw/G8EILzh/qopc/VlygeAZfbnbamLzzgvMzvyE3aURDG26GWc78h0wZTDP3aqiN3D0jc9Y8IoF7wGePPZ8N47vKSXzrRN8YXal4C3/zleRpQrdrnKO14B2cBX3V3+H4XT9siSDvopzhiooOcmU4DyON1ixZDhYxoLRuyg9MKXxMpkWmM+VcTTfFWyOBOzQY0BPfHvdjO1yJbl6K9dc4HJt0MtShS6ziuM1UDbUDoDt+0qy9FbASu7B+p1Iyo1WNjyXTc+7pvBCiDsnNh3gwecu1R/XX2K9vvNV1FwN11w8eWP7nbx+X27LS4VqlRQSFvwVhhrQju9FWI9KNm+9RMz4DEq2T2BZhCe2aivH9eUcry2jSzU3edQvyVL3rv92vcvpMpYtBu1obyK4TObBcpY+eIi7SicwQgUlO7IYM1sZtEc80RvVqe/Y/UEx4f+wkHEyjECgzFBF1tazZDnS/P6UCz2wclx/iYW/vcQ1jQdTpsLunVWkx36B+0BvEiZ5N7u0ii8vkFkDPZ64k0ktTbnQDuTj8vqZK5krP+bptVauaVRMf94H69Hv2H2wnKVTs9CcnNw8DZuV47lXMY+y4+Z3E+rugBH6B6voproJsJAwMYM3DsI1jQezpnYjN7WMzYu/QHfciu4t/2Z12wUruP3A6VwrufoTXHNx4b4Z3pg+KSd361kmWFUUfxiIqkHeABX6o4yZUgzAmBm9uV1Vyd8/tJAem4u1jzcpj9zS/Pp9exPW6ys27brISSCQqxzKuMQ1F08mRQ7A9n+nSN15gRNrBzKYKg4fsnLNxZsxAe7AJRaOylJmB4325qlHXMn+Sxm5Ww1MNnzJ13vvbfnaund+Jkab7RN2O8GXi9n8wQmWDe9Lyiwvkp/KJv0gBL98D/d3cDbg+cNf8ua2Gq65qBjhWILYVv8dmP8lD0w7VXcv9j5TTvq+UuZmfqbcZ5u0m9P7ZrwnqFyAGroYr4LqpnbVu5fN3nb/oZrkyAzi9il9c/ozXTmceokN0UcwunuQMqs77z3+d5btrGnUdzdEHyG72MbHq/4Fy1eFEEII8R9DAiyicy6b+GBTAZ7VNeDu"
01:01:11.622 [Forwarding screenshot on session d6a0bef0-bd24-11e6-8678-ab184a9d7075 to remote] DEBUG org.apache.http.wire - http-outgoing-0 << "Apcq+H9JF8itAcZrGd0L9rz8Jbk1EPnO/bwx61YAVj6TT9h9J1j9x0Ke+KuGNS+Vc81FxZtHHiRy8M3AVdJf/gcL/1RO4vulbF2orssyYs1IPnhW2U1g/Mo9PLG2nOWvn2f3ksb7RexZ00a+e4fSb0SAYylEFXt2WLjm4sKqfRN4uBew6jvmDfyUXacslEHnlxQ0WMajBoY8MZyEnl8T80o511xu5sWkAEbc1RPdKwc4XgPXXFQsSR/JbzTlrJydy+7TsPLVr3ky/V6cPdDFsPUUU7aeavTaY3+eQMKkxmuE3Br8o2G5gLrlBgDXQnrz541D4B9fMHOxEkzZ9/F3vBDizroo5WelrMOY0sPEkrFfkdX57WxaYIeBA3gr6RvGPHep+VIhAK6y+ZXjGGoa94uFM3IYNu0s7zybx2Mnx9QFAb3H+7EvfShuBgueWjf8wnfxenl/0veG4kUVCY7zJieOIeUpZcnJjud3sOADC5lHqhgRdpnXnyzlmosHqbmTmOSrnP/pG5nMjC1j7Ybv+OCp7tisDdPpwXkDuJ3ObVSGfsD5zMMMm2ZAd7AcWgiw2KqVaFjfXu14lI+1lHfXWbnm4snu/Al1AcfMpbt54i0rh/MsTIpoEhxosBZq6FNj2BWQw4DxZ5myYizLwtwpyzysBFdG387BvaH4AsSeZ96vstn9wVe8/4wvv2mpbj0v8RFwzcWDd3LH87DvzVBxniduz+bjryzK3jlN1mHlbP8GgKe2T2JlhBIMWPnkUQaEF/NlngVaCrDgza+n3sym1EucKIFAXyP/2AVEaBiq8qR0korUty9x6AQM7u3Yf2VKH+5WQYXupDLIn3EPBe86Aqirylk4MJNtpVYuN6iexv2mk78u29U+t5Cw+y7+PvxrdkUdoX9xV9bvg2sht/Pe8jucJl/w9lGG7/my7ufLl5X9oQACnr/LsQ/Nd23237W3K513+vsP8MbDSp+c8PJu5qZeJq+gmqF3Nsy1jfumlz9v/LWG472PwKLh7F7enwrd4Tbr3csNqnHef7ofPqYEV0L6cvDAKKVvLigkIPgrdv3xJMvuUrFsZw3e4/34JH2ocv9ee4nl4QdIfTuf9Lm3E+krf/oIIYQQ4schf2WITulitLDmua+bva4d35f1G+7FCwtH9Y4lPNUV7NlRoTxi1u0HZVCfXcahIy5k1UD/5+9yBFcAbiZy8V2kpOby2T8uULFQjRtwzaUXLz9bv1VjxLOD0a7LpczSdNJ32/nmVdDgG2EPhobcTBf9VZ4btZsDj/QlfLyW+PxIUm7wY2p7BfZjcuUFYl4pB25m6JSB3O9VRfwpR3TC15O7NXaMdCP4Hhd2n66BzAtkld3bsY1M4bo2E3luRSj3+7rD7+4k+PeXyK2BassPUFZFseOcgAVDeCHiVuBW1r1/kWGznTx1xmrh8JHyRvvdaO7uw+Berd9+bBbwnTWKxZt3seZgKVErz/Hx8oZBAhslX9RwTdOL/23QL/pFBLF49FlWZ5fzdRmEOl7/zXx/ZaNPrSdQ5SjLD8qgznHONRcV0yN716U15L6e8EEpNvsPUFHFccfr3399mh15NYALuCllulBcBXR39NX6dPppoex0kzIA/UL7EexiaP2pRfZWq6Y5VU8+ODuFSxYbXLzEUUMVxQVlfHyo/TsMWRzLTGx2G+BO3qGLALz4hyB8a0/y6seSVb3YPbeMC0ZbXVCuUd1WKAG4/nMHKoNjAK8eBATDx+UuLXbLiNjJfPnsFWzuP3BCf55z58o5mqUs6VG3cH6tIQ/cSpc/XeCzr6uINBnJqoFxE/sCEBreky5vGfgk6xIz7y3jeA1MmdAbFaAK+xXHTwdxGSg58R3nzlVwuqCM42VA98Yfncb9ppPa2z6DA/jw/75jSvQl1q+tUoIhH4a2GeDtUuPoi5drMBiVe8k1FxdW/eMBfjfCEbxrT/91BFDSZ2dyekZvfjNOy6gXx3FhrSMc22iJTjvum44NwM2OvuXVgXp31n9MpcqSpVn/E1jfN3392b3fG5tGzflNnymv9YCcPSex2cDNzQW3W5QlU8e+vkKk70+0QZUQQggh/uNIgEV0yjXNLaT++S587D8ANdiqocdttxDoW7v84qa6P5jTo/NIb5qAyxUqHYPIcyeaBEncblJmWDi+1QSg1034NDmnF3B0j5Hzq/o0ONB2vpebjGsmLQ7lsYIjbD5oJf2tYtLfUsIIkWuG88azN3azSlvD/RJsQMUlDisTHOhyuownRjcdcrf9NCDtM0PYF38btgZPNHLz7MSTicCxpMAxoGq6t0ODmS/Bo+sHKN17OL+NlGXl8ZtpjQMwkX+ewBuTWh/kKG3ozgvvDmHXPXkUrMsheVQgDecyuHkDJU2XqrkzLMwDsmuaDOYbX4tbk/8D0MubAQ2WYnTX1F9X2ZelHK+BLlQR89vcZuUt2FNK2apbW0yn5TL8gLMdPTw13fB2gQtlre0acZWjmWe53OMWhoV4823OVzz/7ClyjU4S7QA3NxeuuagYelfjpVk+mpb6VfM9QNRq1xbOa4XFyFsv5rBhX0ceOw39QjXc7XKB4198y6deZVxzcWH8GOUu0Su0N8EuBr44fIF/XjYpy15G1/aeHziw/ggL1l5qnmizyUQ34qlYN7e7fYY+NYi7X8rmeA30nzuYSe3YnPbu53/Fx6vuAKAsv5Df3fcVuTU1HC6w8jvHhsXt6b+sCubtly+zYG05uVtLyd2qfGa1U2/nzx+G1gczHNq8bzaLprW/3p31n9M5yr41KrfGs7J8HZsdf2pT2qx8azFPb23+ftmHRQghhBA/JgmwiM7p3pXQkN5Ov121oTwt583PxjKy+w91gQLbZRs23PCuPAlAwOBuzd5bDTDAo37w3L3Jfsw25Zz+YzXNHkHaVr63NS10Lw1L//xfLLVUkHPoAvt2nWXzTivbfq9nQmT/lvfAqHW9T8jw8mSoL+SeVoJWr72mxd32A9jsWHDBs7ua0Da+wla7u+KlcsfpOiJcGg14OvWEXFv9+3K/sNQtbbHZna8P8uyvZfH/ekBXxwtXXBgW1NXpe+poB7IuycCDz10iblpe0+KAb9N9uq9yusAKuHX8CVHdb26+r5BDrwG3oHUxcG6kHwfSBuJ2WRnEubmCyWgFH3X9Z8FJOu2lus2bvkDBh8Vkxvs3fyJXhYFnI3M5h4o/5w8hIfIUuTUw+eU7mRrWi7vu7snp9R/zxNrODSdtlhq61Fg59c1VIgLrf01crmzf1BpzuztYNW/OzmbDQdBO7csLM/ty14BbGOBWyvjgPOdv7XUrYcHwzoFv+H8qC/TqzajamXBefRg/ElZ/cYGtp5RjIY4IwYm/HGbB2ktc03jy4hI/RgR4MeReN1ImZvL6j/Go7opzPN/O9vl0Zf1eTOdS83hzppYX2tiDqaFegf5s3mnh7iln2R2dRfK9yh5O7eu/7jwY82tOL7RxPOc8WQcMbH77EoadZ1mx4XY+iGyaWRv3zSYBlo7Uu7P+0/1WV8DaLH6Tn3mSY5ddufmqUoERiSNZO6Ebl+u67A98b/oBzZ0ye0UIIYQQPx55ipD4kdxEz1uUp+UUGqGfrze+vt74+lhYft+nTLjvC8779SbYBQrePsXhBuOMo+klyje4g73rlm90OX2BzbqqBuec4ngNqNVN/8xuO9+vG41pyokZuIO7bv+MUu0tRDwSSMKHk3n3mZtpT/zRfLKUPZln2LPndN1/O3ac5qihvd/Gd6Vv7Z6LZT+g+dVAIh+5jQs7TrP0jydJ2XSO0uv5ytUxuOhSU8W+jO+Aq2SuP9FoQ91281TR1/HPgg+Ps+NENZSd57VVF5y+TTX4Dl5YMpQXFjr+W3IvIzqwn0XgrOEsHt301ZtQq5R+8V5mgyf9lJzizV01gKfjCVHOtXslVU8P7gDINvG9p6fSp3y94YuveDA8i0Wp37U3pfbx6k/0AhVdaqpYGHWUxs9xquK9l7/E4JjlcFdxKbk14P3EEFKW38uksH749rJxNLu243Q8CNj/LiXo+d6fGu7tU8Xmt5S2dnO9UY/e/QGzVZk59dqHo3hs0h0MHezJ138rxlBD/ZSpFnlyf7gn"
01:01:11.622 [Forwarding screenshot on session d6a0bef0-bd24-11e6-8678-ab184a9d7075 to remote] DEBUG org.apache.http.wire - http-outgoing-0 << "XfSXSD8IAVM1DWZZuDPmv7zpctpCph4CpvapO3YuT+kvz6WOJeapgdw/4la8vi3l41yAmk4/ur01ZV+2r30qDh9l5toqrml68Xba7XSpqWH12EPkdzA/r7BQ3n1GibaunJujPNWnHf3305W7GXDrDv50yo2hEQN5YVU4up3KFJrC4qomuXTgvukIQt+oer9ruDJLadfWhs95KyU+Mo//ebKEPvcrxwu/tNBL67j/+3bn0CufMSX8U977sum1CCGEEELcODKDRfxI3Hny93cSt+8U66dlcPLlO5niV8O2PxaTVQMBL9/JiFv789xcPU//qZxpgRksX+UHeWeJe0vZBPaF2X1oOEX/9an7uPyqP75lBpatLeeaiwexC/tTv6dGO/NtNNPDm2EPurD5g0tMm6jj5Xl94ZiBtalXga74tDECN+w8y9M7zzZ7/bE/38rQ0PbMFHHnN8/fTty+s3SpKeeJu+sXNXUBGNyXwJZmptjaNwvFU1P/5s1zP2Xz3MbHze1Io46qNwtf9SRzsYUuRgsLQnexoCPv7zSPuqVCx2uAcgB3Zi65nTVTzvJO5MeULbqDu7xs/L8/GDDUwH1xdzIYWtnj5Ads5dDltIHISB0LVgW1PbhT9ePpRSqy1pYzrfceXkzyo5fByNrVSg6/mab01Rs5OJ8UG0zE29lk7iwm1Psbpi/oRz/3aj7+sJTjRiUo8YcXB9LL8wx3u5yl4MMClt8L9/exsuu1E6Q7noBjtdno6IyewbMCmBz1Kbs/+Ipx1nIeDVPx5eZi0g8qG6/+LswDdO1Pr/W8b0INdKmx8vbLR7n8oBen/nGKNX9SBuPmVpdIKYaE+cBa5dyRD/RudOzuMT1xdBZGPnhr3ev9h3QDrLyz4jN8/8cX97MXeO33F5SATomJvAZ799wIve7t1Xb7WM3EPKgssXkuNZSHwzzgmfMs+NMl5j5/kiNvDXSSQ3OT4n9FRGoWmadLWfLGebYubLv/3nW5FNYaWD32H5hfvR1fNyt/W20AYMr4W4GGQcR23DcdS3XOrdPzRFkZkb9qu96bboD8/9k797goq/zxv9ttAOWmJE4ppmIhhmBIeEENb3nJDDPLNMXvDylvrAkVgqGNiStSgSkiFrIrWS5FJlKLKF5YEVS+aCKsiAVeRmzCHYURnGH6br8/ngFmuAwgVlt73r2Q5nnOc87nfM7nnOF8nnM+px5j+7Ef8Sgvyy/zScp5nkLD//ha8Y8d35Lzbxi66hGenNiVl+UVfLKziOHXb7B4hj3Xsi+zLeVHfpI78oLv3W2fFAgEAoFAIGgPYgWL4O5ofvBJM6y8Hicn/RE85ZD13re8trSMHBWM/tMg/mo4GePp9ybxwRvduE+lYV3gWcm5MsCW9fsn8PLAxtfXP/3hfsaM/Dc7VhZJzpUBtrx7aKwhWK20aqUj5RozK9KHJZPu59bxSiL8zxLx3r+46WjLu4fGMKKDx6PWY2cBWDTGjbG0bfrGv7HrOfp6k/M3Zx5r0htHvzqIv65vLi+Y5m3uLb+V++PsXmd6CsvEP/XlGcOqGVfnpt6bloeEevmHLpnAR280Nv5Pf/gDs97o1SC7TWdXNli0MiQ5PUpMnGFJiqF4R19vDv/NGTf+Tep7ZaxbraSYPzBr3RPsfM1041gPG+OZmy0Tg6S8/nmgkt37b5vYTzORDL8nrnmKj1Y9wH3/ruWDpUVE/LmSm1ixJPlJwzHSfzSbj6kMUrPZmdtiZtWbnRdH89qCrtz37x9J3XKZD96TnCuP+Tmxp2iKFKPDvh8b4x7kvn//yI7gsyx46QKf3+rGa6ukOp45fqsF2f5oKL/lukJPthcN5+VRf+CfKUoiln5L6vF/85hfXzL3eptsyzOtV8v52pmYmXEaS15NGsJoOeR8WMYrM88QlVjDy+v6MlEOVz++zmkzPhb7xx9k9B+kU2ee9Dbd+mHl3otn5IZ7QxrvDXzxCVbPvp/7Cv5F6Ev/y2srK7Cb35fXZltx37+1FP2zcYVD0zZrF037Yzva58Sm03z1b3js1SFEGBwAMyJH8IwclDvPsvlE6+7U5mMLYPUgf06VVp8ce/ss/6hq234dfT35aNUDdEfLtpUXCA2+zLHKPzBr43CDTKZt2+a46diT6dPv575//8jBj6/wx6fbo/f22E83onNHsnDS/fwzRUno0m/5qkAa37eH9QEeaLivPPA9EUsvsC1FS7dRjiQfGNXkNDKBQCAQCASCe8t9P/3000+/thCC3zs/cq38NnX8ERsHWxxbclpU1VKursNCZkFvJ+M3jLVEj/s7m+jL+SPe1ClvcRsL+ju15y1kO8o1Qlup4frt/2tBhl8KHeXld6Cd8nYIg35tHGxwtO/8wjVtlYbr6v/D5qFutOck4Z+XxnZ26G9Lu9Wm1VGpA1t7S/Pha5o9V0v59TqQ/ZGHnGw79uzdotVx7fod6UQsBxt6t9SGBrnutf1WKTWo9f93z2ynZe6yDTtBVaUG9e2fu15G/Eztc7dytGq/Wh3XbtyhTt++tmhr3NRW6dBZ/hF7K0nH91LvbdlmfVkWNl3o7dj+WDYCgUAgEAgEd4twsAjaTcyGf/L+hn+2nfB3jM9oR3JzWj1c978eoR+BQPCfzOvhjxES/tivLYZAIBAIBILfKcLBIvgPx7CCRdmL/Is+zU4MEggEAoFAIBAIBAKB4D8B4WAR/MejrdJwXfPHdm4LEggEAoFAIBAIBAKB4JdHOFgEAoFAIBAIBAKBQCAQCDqJOEVIIBAIBAKBQCAQCAQCgaCTCAeLQPAfixZlxTWqfm0xfkGqKi9RXtlSkNz/TF1UVl6ivPIaVa2fotsELcqKSyhvtnD28O1KyitEgGCBQCAQCAQCgeC3inCwCH6HaCnIfI8dRb/tyar2cgp91o5h25lMZi5y5r5mP56MiQzmy+9+wXrePsSYRc6syr/WjsSVbIp05r5FUzh4s+3U2akL6RYxHueI4dy3ZgMXjO5dyFxGn7VjONysqpV8+elS+hnpZOHOLzBOVvXdPhaGezbobea2nSjrb+pOsjDEk/sWeRJ1pjU9VhIVLj07eecxgx7OEBLuTM+I8ThHjKFb+AbabAVdEWvXPEaftePpE/YYC/ceM7pZzab1w3F+b2dzJ1LlMVZFTmls9+Uz2JRbapIkL1OBe8P9Kaw9XNT4+Jn3WrCdxp+17WrLTnD7WIP9rs1vSUsG/a6JM+NA62yfNpQR+eF/nJNOIBAIBAKBQPD7QThYBL87Ks/E8sSeeL67U/dri9Ipis9kAuOY1u/+hsn76D4jeM7wM9q6ipyracyMfoWvf0Efy60OpK2qkX632RK3DxF08AiTfDbxvwuWguojwveeMdw8w9o9Rxj8eDzPOZo+dnDHfGZm7+eywxRinw1hjnUVSblvMn7HfimB7iT/L3oFSeoqlvqGENzHni+/WcvUbYb7tbcprakCqqj+sXUpdYYVKhdqpQpVnk8jVt14v6/DA1i0UcXykztQqECxYDd7fDxIygjna4PjqfLMhwSrYUPAq9ibPFXEwogFbLhayqTBr7DV90UG6woJ3jmFKIOzoTJ/Az57kimyHMGGqa8wSVeKIuXZhvugNyvXz+5w0Nc12K/OnCXc1qBp5dY969Pqf7VahkAgEAgEAoFA0Fnu/7UFEAjuNbYyGQCW99v+ypJ0hmqOnTwBA9/FXQZdARyW8lXEG0YTcC0p22bw0jeFHLp4jWmO/3mHWFsCMIiHu5tPp1UpKQIWDp+El+tYFKnx/OW6CoCCve+yGxe+emmK6UO6k2w7VQrW/pRtUNAfYNokHgyZQuypfZxbOAWLozv5Elg6cz9bJ7sAz2EfPgbFN8nk3Z7CyHrdmsWRha/G43xZjUNvdwC+vfiNdMvan6sxCpzaoYsr5flg6c9Sn+E4yp+G3CiOf1vJNG+I/zge5GEsGWxn8kxlfipJwHO+O9kzdwwAAUOd6RIbxScnCwkb7MEn6R8BLny1+lOmOUKYZ1/c/xxB+IGDhA2ea5SbPYrZ7zHW1tjhZcEgj5/JbnRasLSCrjbt0DFgKUPqsVrAyuTWvezTlp3OQSAQCAQCgUAgaBmxgkXQMW6fZGHI"
01:01:11.622 [Forwarding screenshot on session d6a0bef0-bd24-11e6-8678-ab184a9d7075 to remote] DEBUG org.apache.http.wire - http-outgoing-0 << "FFbtjWNhSP2WhNGEmGx3qOTr1ODGLQuLRhOy9xBaoLIoDvflU9jU8Ha9kviYKbivCaOgPo7FzUPMDRnNqn+Ugq6UHTsWmmwBmRzzHgW3paQX/rEB95ApzIycId1//Vm6bIkH4C9/8WVuqiRXXuYGJoc0bhNxD1/IjqJrSE6KubiHzGBTw1aJSnZsmYv78hl8/F0LsTIAbeVJ1sbMbZRr+RRWZR6jIfXtkywLn8KYNQsJ2WKQf/lCsm9Def6HTG7Q3VziD+9k4ZopuIcvJft2/fP5fKGGpU94NRaq0zd5+26F37iJAOSfLzE8V8SmLTMa6tkvfCEfFxlvAWm9bRr1OYNl2xq33bhHKsiubFkPoCX7a4Vpfl/X68ERr4cBy548CKArJX6bkc5CZrA286RUtTuSPVjIjCbWFtbAGVZlnGC0z1tMa+qk0UM/eS8CfKZKzhUAXPB0sgfKuHITvinNAzx4cZSL4X5v/J/yA05w4Hx7l/1UknkwmS/zP+PQ5R/I2xvMnOxC6VYUzw/JAAAgAElEQVRNGlPDZxjsudpUt8unsOrrY03ysjT9fb8lVflbUdTA1gX+TVavgIVtfyZZujBx6JCGa1byBwHoBnCzkC9U0HegP9PqV/f0fYYlfYALX5FnEhumL5PGT8DXewJPNfyMwcmSRnsNn8GOkmop+e2TLFtjdK3+85ql7Dj8ITOXN9YzynjL0s2T0pam5Y9x36LRLPzwAw60R83qLNZumct9ix6TtmPFvMc5HVQVfdi8TxvGoZBP3zMah2aw40wRB/cGN9j/mI3vcaHd8XEEAoFAIBAIBILOIVawCDqG/jalNaUkZcTQt8+LbH3SnrTDHxGbsYCej3xD2GALPo6ZhP+FKvr2eZFEn0EUH91EbMYrHLy+iXN+D6HRlbLjZAErBk+BmwXsvlBKEaUcvLgKr8F2XDj1BbtrKojt2ZX4d59k2VV47vGlbBzYi7P58Wy4EM+BD/vzU8jzXCnPpqimlKIamNTHhYr/8+L53n9g7YVCbHtPZkIvORcOB+OzJw0cprB18mj4Pofo3P0EbnmTxzd/it/TzxP55zcJTnyTMd6fYrE3jMCiEwwe/C4vDLBqroPK/fhFLDWdNOpK2bBnAellmzi35FngNoXqUnIoJUdVn8YS60txOCfGGD13gmUpJxo+3jbs5lCeP0YOvQgb1A/4TrrY8Ia/Hi2HjucA4D3IFShl2apnidfBnGFh+DlVk7QnHv8tY9AEf8NS1zbaZsmzXLlo0Oc3hSx9KpInyeelg8mMjfiB/90cjxemHNw5g0m5pfSV+5E41pvvct9lw74F5N/4iGMLJjBo3EccGOeKI5Dy4WyWFVUR4BPGpD6Q9lUUij1zoPdJ3u43nNHEs/vAp7i5XUZRA0sflVOQGsoBPDj6/Jjm7WAznJh3cpq0zT52XagC6xcZ1v0a8eVV4DCax2wakzh0l1ZsmN2u0gRlxQm+VMPgh9RMJZ/LDXeqKFIXcqW6ji+3PMfMoorGh3SlbNi3gIKqnWTOHcODD3qA7iNiDw9jUPluwIXpj6rZuCoZnCNZ2oKt2bsuIHPzApNr504dkf6niwXIpDr0eUBulMION2cPuKpGXWv85A3S937KlS6GFSw/6rHo5ctsz3402iuM0WgAO9DfplBldK3hcyk5KftN6hm+M4CBj+bwnF0RC8PmkFR/z7KCJGOdmKWU2CIPFFPD0F1IZsOFeObu8uTcbB82DPQg3KhPo79KaU0pOdmlDHb2J7ZPFZuy0whMeBawJ/ipMKy+28OGsngCvxjOsbmu7ZQBFEcVrM1e2+K9t33fRjFW0e68BAKBQCAQCAT/XQgHi6BjSCv16ev8NiUrF2AFBLja0iU2huo7GrhZwocXqqBPGGcjDPEkxj9NzzXDCf8mnoPzP2axA4SfPUo5U5CdP0H9FPlU4XkYPIRD+fsBP/ycKtlS14vnfCLYs0DaHjJ7vA9Vy8cTrzyHkuexMGwlWDp7P1vHS6sUtEXvsfZCIbMmrWKhpx0Fe2Gww4ukbohiIABzefTHKUw6peb7WvDq+zz7ZufjnPIZz4eM5nJNBVj7s+9Pz9OCe4Uv/xZpcK54kPynrcwfbMGXO19jZu4Jir5ZwaaSsaxwatx60tc5hPSXRnFF/ROn9s6SLlpO4ejaeHy7XyN+42yWlUmT0Po4Hvkn0iQngSNQv6pFHc8zkaepX6hw8eoJpFCmU3jZqzcXDgcTr4OAmfvZMVnSxexRnox5/RWWpf6Nl5cNMN82t5/F4n6DPhu21MzlcVtw3ZPGJwXX8PIwUoTuGO/llkKfMEoiXpV0NX4mAzY+RmDuFrKfn4Cv6wTD9plrnC2vAkYw86mXmNbLjtnDhjDw48M8YWsJNmNIfPkVZn0SwdhvYNKwTfx5qIpnXi9k0tR9+NpUcvAf/+D7H60Z5jmFgS1tOao8xMyIFRwANsz3xxELLG0A1Q1uQ4Pe6u7cbuFh89SvO+kGPLXw7/yt9mleKpLspOSdEPreOIj3zgoT3V3IDMZ1TxoHsreR9+wYRk5eS3JZBf4prwC92BCYwoOnt7BBB38LmAuVZ0g5fR4Lh0GM9/ZstpoF4MJhBR570oApbHp+DOgPAXDrxyYJ9dIaItO4MBVsyIgwTTc43uBgaWGrVNPtU0afBw98m8MhC6Aojp5bYoAK8i9eY7QstcG5oliwn7d9XCj4Opgn9qW1qFdTxnH0/R342gBMQrt8PLHFp1DahLNi0mjCjfo0t68C0jiUbxiHPPXnGZtbiiLwK9727g14U7LoeS52MG5LvQOlqZNFOFcEAoFAIBAIBG0hHCyCu2LgANcG54OV0xBGG/6/8tIZcoDw8dOMJoiOzJvyIuE7PyP3IjwzfBzhGZmcqlRgUyCtLFkq20/8uXyqdJB2FUb7PEN/G09i3ski7x8prNoWTMn183ypMmxFsLY0THq1gAszPF0aStPopWUguh+lN/FeM2LJcD1E6s4wor+/wqlrJyjSAbg0TED7j49iT3GmYQWCC1+tVhhtOzGmksIKaSLdd3AA8wdLqyGee2kJk3JPcAD4QWO6kef/TZqNe19H3PtWsvYz6drgQc/i2x2gNy9MmsayhI+Mniglq6iK0b6jaRLTlVs1jZFVuzmMINjref40/Xn6W8LB8vMAJO2ZzalMa0OqGskJ80MFly5Vt9E2lYxFC/Ti6WGN+hw46hlG70mTtiEZOViqys9LjqarUXiHJ4MOsIQiNcCNhtU4Er15fsIUNuzbzzNrHwd6MefxGbw8zp9pfaW4IwOfDOfck+ENTxzcMZocxlE4tTtrQ4ajMATMJcWDA5F7ecpIOZVFO5m5Za1Uv5f3E+bZG6iU4rta22O0gAW6dDYKhx0P2vUAKsDSEgcbOzTnz1F/bk9h/kbm5oO2rv4cJDVqPYAj85fsZX5DPqUsXPQZfR+PZ4r+U/qtjWhcGXM4jB9WvmrU/loOpoYw6eB+YBwHIuPxsqSt+LXN1ug8N9gfV4OXRFun5ZEhzh2vPjBr3NOSbP2GMAkkO5DBP/9piE2DHy/5SDbkNXEmk/altb1NyPoRo5VG1vS0BnSSc6tpn66nz4POTZygLvgMqo8p48Qwa7h4F/Vr6mQRzhWBQCAQCAQCQXsQDhZBh7kFjBlgPDGra36yjMz03bmlIbaGvQy8hj1N34wjHDi+B6uLVYweMYcAex3x+3JJzVJyANg63Bu4xKqQ8WyoASxdmNPvcWKHz+RUZhS7OxBXQdrGIsXMmNRnHNOfDOOpwihiVcapqo22U6i4fK0autthnrbOjTHQdHVBs/umldFeziMeiDWKuwGAwyvkbAhvcWUDgIWhNz/3+IsM6yr5O0DGQmsr6DIIGwyn8phpGym4qIo6E5ml9E3buO7OvwDoK/fjZdfe6AyT4IXWtoADjzRZEuE1LZ4fXA/xydGvyCg+yu5v4tn9TTzPTf2CPTM8TRNX7uOVUxXMmbkL939l4VEDisCTvD2okDGvv8I7fz/GUwukbUONKyR6sfVPKSwd3CRo649VJitYWqed7WlMQ9M1Om2u1kgxb7rKHmaO80C0ejssWrCBc19vJIlefDV/Cv/8YgqX"
01:01:11.622 [Forwarding screenshot on session d6a0bef0-bd24-11e6-8678-ab184a9d7075 to remote] DEBUG org.apache.http.wire - http-outgoing-0 << "8aNkeywOuWH03JnMqZuvGuLOXGPTxmcILqsCuT+FoQrc6x0RBgdLtyZ53669DfTARmZ81YPXXlXg24Z/ybJeD7LW9aFrOHGpldUhlpZ3o80OcQuY/lgLDiIjp1Nnwq8YO1SEc0UgEAgEAoFA0B5EkFvB3dHKkbaODr3oC6Sf+IfRVS37DksT4Ed7O0KvEfw/B0jKiCBeB9M8vPFyHQ6cIHDfZ2DpxwRXO6rO7GZDDfQd+C4/bd7PpyFRrJjm3fasyTCZlU4cuUbu2UKw9KNkexmZETv486xXGePYy+SRgr3BBJZVMXqgH5OoYtmWYPJa3Elii7Oj5OK4fPFzDlZIWzHysvY0vKG362I8tXTB5xHHhmedDDPhom8SSPmuEu3NM8SmJ5uUUH888xjX5g4ec0fM2tg7AOD6RCBhC8J5e0E4by+YhfZKLudu3KJHe9oGgCouqKobUpSf/poc4KlBpnEsHB8dJq1c6jaasLlvGMoLZ/j9Sv7x3eUmK1iusSlmCotyYMXCWDJjzvDT2+8yGPjy9PFmRwWn/O1tLuPH25P7UaWuBFwYO8gRbDyYZg1XDfZX8PVSntiXRl+5P/+7OaeJc8URX3cP0H3GYaNgxadOfA3AAIcHTMrUapRUVl6jvOJSw4+yspr2YGuU19zpOzi2YT+fvTiWLjI7hjh783DTptSd4e19Rxg8LIJpNlDHbbCWggFbdLEHKjh3qRKoZNOaMQSXVTHHN56f3jFyrgB074OHJeScPUh5w8Ui9nxT0Sz2DGipM4nJYoQe6m/9oJGWCpUX5LQvOK0Rjz32uKF+n5GcewmAc8e/7nA+zTDp078cirEK4VwRCAQCgUAgELQbsYJFcG/p+wyhfSJYVvQmk7fdRjHOmTNH3mdZWRX0WcgQw7aYSV4jUBw8AYzAt58V2PgQACQBo4c8I8VKkbvQF7hcmc/XJQN5UFNI/O4IdgNYtu5nsXWQnCepX7+N051n+aMlUJPPl4ePMa0XHDu4nmVFFUAvbt+BKtWHPJFxBKxfJDkkCtk/LOnzyWf4bPqQWxGvYn/7GHNXLUA7Qjoq99lJS+BCFOiOMGntY/S1hMv1wji/zZLBjo1xU0ywYpZfGIGxUUAhL0UPbyFNNcdOnwDnyMaAsvWT3zYcS14TlzAp4wQbEieh/WEDL/SF9L3hbLhaxXNT38S+74A228YQTpfwLS9it+AtHtXk8Mqez4BxvODRGyhpLNDGm/9xhsALbzJmy3Uin/LmyukP8c8+AtavsNlkcm8Lt0r58sIrLJS9S+BQJ749eYgiYPCAQaarci5/yktFVSyd/RoDweB8KSXt9CV8HykgoQYG2ttA5X5W7DMEW7WGr3Yp+KROcqTofuxBwP97g5Fj59M3+00CowOwWPwaNt/tZOY3FdDnbV4eYAU3Gx0LsSnPE5vSRKmW/lzdvKwF1ZueqmQ14CVi5VEEq2DDzjEcO+zB1auF0pafS/YsnGv6dF76Wr7EhQMz64+etoGab/mnDhxu/gD0wqufIxcylxJsWGnVRX+GVduOSiX/qMPezZ+3x3sSMH4c8Rmf8WyME3FPD+Fo6nKSgKVTZ+EIGJ+V1Go0kq4ODSt84lOeo/CoNTmq5sFpW/LPGF9z9PBjDsnsBhQ7x5Oa3osidfN8Kovi8N6ygxV/OsCKwS2bts7odw+TPu3Pyx4tPNAG4jAhgUAgEAgEAsHPjXCwCDpM0+0IptfsWPrmfuq2Lif4m7UcMIRkGD0whMRlQYaApzDS+xn6HjzB5T5jDW/ZBzNpcC+SiiqYM8pbStTrKWJ9xjEz9zOeiZWClwwe+Arh+q/ZUJbN+ZvhDUFujbEaMJJwB9hwNY3Av9lzan4ImYkxhKcsIBzAchwKH2cUufvJKjnCsa+igF4kLzPEXXlSQfLZHPyLolj1j7FsHQr/0kGtIVim/eBXubrYkuUfr+XLmkbnynPDItm+cG6TLTym8tm7vsoPf7LhtU/i2a2uAAc/tnrBsoNSENC6mnx2qCBgtk/jQzILafJrY4vZ3R02Y/hs1SZCPlhB7L6lxBouz/F5l22GLThttU29g6WvtYplOw2n11iPY89rsYy0AW6btvXClYfRbVnBsqIYxhqCkPSVv8jOP4U3tHV92sWLP+LiljeIz36TpOzGspNfmmCUrpr4HRHAi7wxvp9B3wvY2ieeZZ+MN9RpCrunDKfy4oaGAMmXy5JRlBmX58GLvAG9nudI4HWeTYzBP+GEQT5/vlghBUZt0G1rWFtiiSVO3exBXdUwYtrY9wZKjXYG2bHinf0Qs5zgC6XkXC1s0MXuYIWpLm7u59WDhYz23clThmC9vk+vYHTuUnyWS1teBj/+LmO6w7HvG50TSbnGcXpgcNdneBvwmhHLnqrFzMyNYawh7Msc33jef7Jfk8pYYSGjZSw9eX/BUk7vjOcyVeSoqpgzbCldvo0nSQ1291sAFg1Bbi3vr1+l1eSapSdJqzbB+yvYrYMidQWTBr6ItfIzvqwx2n6k13CZKn64UwdYSNvTTDwgltI1mWTzTfv0ZI8xzcYhkyO+W6piszIEAoFAIBAIBIJ7y30//fTTT7+2EILfJ9qb17h+B2zsHsDRxvzkx2w+tyu5Xl3X4XyqbleDzA57S4BqlJUawAInx7ajcbS7jJvX0NwBS7veONq0nT4vdSGvFsKwbn3wn6/A1xHOfb0Uj337wdqfspgwZBXfY/tAP4Pcd0dl5TVuAzZ2vXFsIZ/W2iZ75xTG5lpx9P29DNdf48aP7dOXlJ8eWRcHnNqIXVN18xqaH8GyS0vtqaUg/yi3e/rg29c4n2oKzuTy/Y/WDPEYg1NHdaOrpvxfamQyB5wc24qt0zmqbl5DbU4Xt0v5+vRVhgyfYFqPm6UcPF8Cdq48Ndil+XNtUN8GNnb92mWLLaKrRlmtaaVtOiQNysrv4f627aEjmPZpgUAgEAgEAoHgPwvhYBEIfkEK9s7liYwThk+9GG1dQ06NIQKJcyR3Vs5t8WjoXwrJwQJfRe03BFgVCAQCgUAgEAgEAkF7EEFuBYJfEK8ZH5A8bIThU0WDc2W08yv877Jf17kiYQVY/ewnwAgEAoFAIBAIBALB7w2xgkUg+DXQaams/Re6VrfKCAQCgUAgEAgEAoHgt4RwsAgEAoFAIBAIBAKBQCAQdBKxRUggEAgEAoFAIBAIBAKBoJMIB4tAIBAIBAKBQCAQCAQCQScRDhaBQCAQCAQCgUAgEAgEgk5y/68tgOC3hIbM7Vs5dRNkze7pofswJve7xJ7iXoSGTMe2U0UVs33THm7KGkuysLChZz93nprpi7wzeZtBV55JdNJFZoYG4WauAqp8YuL24zZ/BZNd2ldTTfkhdn55lm5DnmHeBJdm95XZu/hL1gV6DnuJRdPdQFNK0qYdnFbVgMyZJe+EmJfJOK/cFP5yqBxZk4bS67szc8WidufTXjSlmWz6OIeeo+ezaHLzupVn7yLh8yNU3OnHG5tWM+Qel98iOhWll8HFRY6u/BDRSefbbtd25ask85PPOHy6jBt3oEc/Z0ZPeZHp3k73ROzGckpJik3hhya9Ta/X09tnHgET+t/b8loS4V7qrQ1KM7fz8b0YO35nlKbH8fHFvoSGTOf6z6Sj8vxccPWhf0cyVeUTF/MpZyqqefS5EMJmurXvOV05SdG76DZzGTPdHO5K3pazNT9231UdfyO01U81ymKuyB7BTW7ZqXzuFmMb/h2qXyAQCAQCE4SDRdAB9NxSXqS0Aiyoo7paC4CVnR0W1EGP/gzVn6Ikz5Na6NwfUvoqzhUWorKyw85wZnBddTXavGzSjl1le+w87t2f5o3UXL9IYclJntQHmU2n/u4keSWFWNyobbeDRX/9PNl5edhZjGjRwXKlIJPCEi1W3W+wCMj/dDMZhaqG+1X69tfjyuljFBo924gVPvpFtHMq1G70Ny5RWFKCnfxGCw4WJV8mplGGEx5uPX+hQUfDrteDSHMK4vMwOTXXz7erXdtGRVJYMBlKsHP2wM0ZivPySC7M4+LiWEIm3EMnS80NTheY9gEA6urApfrelWNWhPMUlmTfA721zY2L92js+J1x4/IZSvKgFrhR"
01:01:11.623 [Forwarding screenshot on session d6a0bef0-bd24-11e6-8678-ab184a9d7075 to remote] DEBUG org.apache.http.wire - http-outgoing-0 << "nEVJni8dGAraRJO/ndDoHIK2+9ARl13+5zvJLqvC2cMNt4EPtf/BmuscKSzEc8K9rIX5sftu6/hbwez4psknPDgap6A43OTmX038XP3d2IZF3xYIBALB7x3hYBF0AAdmr9vBbAA0JAUFkHFnIvE7FjX80ZS//QjYdaUrgE4HlubfmLWKDO4AvsvfJci73pWiITMmnMS8I5xTz8P35/CwyGSARQsrdExxeKgvHT5Y2bCcpEsrtwdMCGROv2r6eA4FwMKQfuRdTNxlhmftXKfiP9UV9NJk5scfZQy27qjgZjC0sbW1mbrprlCshZHB7xDi88v9eV13B+xsukofZDLAnq6GuuuAu7JMdQnHleA6R8G6+jf2mrOsDogk76ujaCbMu3cTiIY+sIkg719nWuLgHcSupFew/AWKl8kwGju4ywb6HVHft7p2ASsZMsBn2S68QizvrWospH+6tjXoNX1MdgesxrFxdUC7n9EBltbW2NcXey8xN3bfZR1/M5iMb006j4U0jth07dpmNve8v7dgwwKBQCAQ/N4RDhbBXaJveItq+laqC1QfJ3rlcUrKqgE7Ji5eySLDig312XQ2vpdMmRbACl//MIKmm1lPoTd+y2nL2MlDSczL4Op1DciukxS9mYwSaaWGk9csXg+bjeSKUHMoaSsJGYXSo3auBK4MZrKLA5riPYRHHaZ7PxklJUoAPPyCCZ3n06z4VuXt8QAAgwbI0SlziY3aRoFKWtHjPHIOISEzO7yNqfb7cxw7XIJD7cNYHN9HZIYk25m/hrP6+nLWzXPlUNIm/ppRiBawknsR+PoyfM2see/i5IWvz5CmtSJl9Rq+qujO8nfX4e0AZ3et473MUvpNXs66eQNIWb2GAze7M2yoNTkZBWgN+g0Lmy3VS32WmHWbyVNWg5UzvsNbmS5pzrI6IJZqIC82gOBzSxmh/IITWHOjpAytkx/bY5/mTBttJXezprCgDLBi5JxAhtz6OwkZ0mevWcsJm+1tUmxxSjQZ1UB2NPOv+qGYBaBiX+xqogtKAHAa6c/qkOnSSihNqRlbao6F8UzBdggv+U8kvbL+Lb6S9LjtJGdL5WAlZ+K8JSya7GaozzGc3GwoMMjhPNKflfVydICzu9bx0QUZ1hUFlFVbMUsRz2Dl52xLzKB+7VKjLarZtXIN5X1cUWdno0SynyWrw/CRA2hMbAu5F0GvL2No7d9ZEVXE4g/W4e2gJj1mI8l5ZYZqeREYFoyvkyWoz7I99iOyDPoz7gPluSls3paKUgtgh6//coKmN7VJkMaOI6wJOoJSpQUrZ/zfWMn0IZJmijOTWqxb1Z4o3voaFJvCGrY1ZMcFk6gaQfy62SYOL015Nh9tTpbsFrBy8iJweTC+/S1b1OdTPx5tdbxqTZ6m/V5q86+R9QClshpnvwg2+nVp1d5MxhM7Z1ztVGDhLpW5N5qo0/35YOM8rnZQXmVuClu2pRru2TExMIS5D55haWQWANEBKwnevpEeZ7azMSELSUNyJgZKtmtMftJKorOqgQxemH+NiPjV9ClrfWwvPdSYp53cimrAvUFBrfe9jth4a5N3zdldzeroXtWyHbhe/4Q3Yo8wevEGFk1wgvJMVq5JxOKZCNbNHmLm+8tM37hntP6dJqEiNTKY6BIlYIWX3xKC57nyeVg00lAYgMovgnXzHjAzPqU09HeLv6/mr8r+DLh5hOwyLdJ3eQSLDFsTzX2Xm7NhgUAgEAh+74ggt4K7Rtbkd+OnaipsxhEaEcxE5zqyEjaTqwZdeTqvRSZzo99UItavZ/FUF7KTFcRkK1vMvwtQp9cDOnQ6HRp1KZ/vOQLIGfhwLdtXvEVGiTX+oQoUwbPQF6QSvHoPOiB/+xoSMgrxmhXEekUQI7uUkPjWGrJVoK+tRKVVUXLJgSDFeoJneVGYFktspqkcZuW19eG96FiGydV88nYsBbLRRETHEhHoS1nebqJSijusz+uXSlCqVKhu1QB1Dde1SB/r66S1kuPh6oRWVUBcaCT5mtbzrDr3KTExMcTExBAVFcUug65v3VShrb5JrSFdXY0KrVbLzVv6hvvVqhKyMgro5eqEFaAsSOXD9HJARdybkQbnihMevW6QXf/HelNsnXlp8UQAXKcG8j/jHqamQoWypAzPqRPxde9DSTvaqrDAhsWhoczysidvdxwJp7uzODSYqa4WFKR+2kwHD3uORg5YuU5lydxh1C/aKSmAwNAIFvt5oMxL5tN8NaAya0smOAxglBMUJit4YX4wUXFJpGfn02PSIsICJmALHIoKJjn7En6LI1i/PpSpLnfIStxGrqa+PkoKDHIETnWlLC+Zz/PVLaqvC3D15N/JTE8nPT2d9PQ9pB86i87QZqqSAmr6+TJx5Dicqz5FkZiBbKI/iuj1BM0aSVnebj7JVTW0cWF2NgPmBBEa5Ie9qoDYuHR0wNldkSRkFOLiF8R6xWI8qgqIC93KldpKqrUV1AKlKRtJzrvBnND1RCsW009VQFz4X1GjJO7NSLJKZMwJVhAaOJGyvN2s2p6PrjSF0NhUbvSbSuh6Bf4Te5GdHMm69NIWaisDtFQ7PYNifSi+PcpIjlxDrho0Z7e3WjcXTzeoLiD9lKH/avLZm62kl6dnk9VExUSGxpGndyNYsR5F8Bx6KAuI27wXTQv6dPnpaKv935w8TZHavBqlshdTJ45kqPP9ZuxNydbgWAruuLA4QsHiURaUKGlYGlZ76xLailsN7dleeVGmEx6bSkWviYSuVzBnZBeyEhX8vctEAv1cARjpPwtXWS4bE7LoMXUx0bHrmeN1h6xEBdlNzHPAuLlMdbUCKw8ClzyLQ0XrY6WmeBdvJWTRxWsWCkUontKIZnDQm+97HbXxlrAd8rRpHR1at4OuPjOY7KQlK+F98lWlxEUmUqb1Yv6MIWa/D1rvG/cOc99p9ZRdspHsZqoLBWmxxGbWMmrGVEAaf18a69zm+FTf3+tqbqIsyOBM98mERgTh61RNVkICZ3VtfZebt2GBQCAQCH7viBUsgnuMHhjJn1fPQw54cI6syFMAFB7IRIsd8+ZP48GuevrMmMnI44Xk7T2Kxrf51goZkBcXzAtxpte95oThceUo0dXgOmsuowb0QM9TzJ16gtiMrzmh9iQvS4XVyCDCZvsCELJBxsKAWLKOF+PeR8pnzjur8e0PuAVz9cQ8Uvcf5fbcxnLaklfe3wlQSxOFG0pKyq4zynsu0f0nIevRgZgEDfVtdFUNmbeOiLpgIjOUTFwezyLv66x7QemJvC0AACAASURBVJpATl0SRoCPjJSVb5BaVsbJc2q8fVpe/6BVlZGnKmv4XMBI5vm6t+Aca+4mAxgZFEeIr5zcuCBis1VcunwdVHc4Uw3gTGj8Rrxt4VBMEAl5LU1ybHEbPRR5QhZydx+GuOg5AViNDCIkwBcoJ+qFdrRV9Gom9AedxTlSCzKYtTyYCS6W6CzOkRF5itom4RxsXXwYapfIcbk7PkNcUOcfMeSzjsn9AW87ctNCuVp2HV3XIrJataWZTbaiOREQm4R7ZhqHDp+gIDuDguwMkuPAd3E0QRN60efJxSye4MwE716oVZW4uvQjo1BlshjL30iOnIxQavQtx6OQAWXZqZQZX5RPZNSE+hUgXoStDpJWPqiKCQx05fHJvnRTq+nq3BsrGrdi6O9Ieg+aKemZkiNE51zmFiqOZZaB12JWz5Puhb4Dnxz/EfSXGuS4o68D6rh0oZyBox4nKHo9VbIeOKjOcLIaJoauZqa3A+CGAmuKsKDgyDHAi3fWBUixL1wiqC2bR+pnR1BPd2myascwdhhWSbm9E8yZgFhOnFPh5Tq69br1H4ufUzJpXx1FN2Eelbn7USIneGyTWEC6HvgFBiJz88HbEVSVerxcQXmpssHRaKzP/O1BrfZ//zAz8rTCnPURzHSxRFecwrxW7O3IsVvkAX4hoUxws4QhEVSVz2N3RVOr6Ji82e4n0OKKYqMUf8k75HX024/j3NUaV3cnSLvJmLHeOOhzAbhx7Vuu/MuZsa+uZfAN6NtkeHHoPwQvJ3syLvXEx2cIJds/arXsIQOOACNZXd+uG0IpCYiWmqT4qNm+"
01:01:11.623 [Forwarding screenshot on session d6a0bef0-bd24-11e6-8678-ab184a9d7075 to remote] DEBUG org.apache.http.wire - http-outgoing-0 << "17VJHduy8ZZxYKhxHXUqM3bgwLx3QjkXEE100FuAnMDoYFwsId/M98EIr1b6hlm5OkI5h9r1nbaOCf2BIY9w/dw80tIP8Or77sjjMpC7++DmZIHM7Pgk2VajhY1kbdg8nADX/ykhO/IUt2rMfzde71bXDhsWCAQCgeD3i3CwCO4xd8DKuuEPtJo643syQEXiW00C6HWpaTH4nR5w9VvMLHc76ur06LHm4QGuODlYos7NAaAkNZJFqcZPOSGruYEKGD7CtfGy7QCG2UHOpRtg+GPUvmFLuiWu7nI4cos7JpOX9sjrwNyVi1FuTiA1oYRUADtn/ENW4tTJv67rDHNuvb4W1NcblsRnxAaTEduY7ruSq9CKg8VuZCB//p/H0Rs8ELKujkBNOyWQM8Jd2vAgM4ofo/7uvLR9wK4PAwyN1sXcDKdOzx0AfS0ggzpwcXtYuqdpT1vZ8aC9dKumTg/I6fOQpeGzdL2lU630ht+NNOYD9vS2gyOVVdRUSSsCWrSlJrnqVOWUfA/ek+fhPXkeoENZeoLPtsWRnbCZ4cNice0BKZtDSYg2flJulJcdDxjJ4WTVeotUA77B2wlqoX2/4w5YdafejC272XPrTCJBiXHN0gKmem9AJv1nAXY2ja+YLftPIKA/qPO3N1wbMu91ZinfJzUtkbw0kLZnLeF/+pxHi5yhro0yuk2ehxtQ/3hj3S1xHSiHFidbd0DerTGthTU9gLKSK1iOeMhM3WwZ+8xI0hIyOaF6iqvpheDh37xLWMqxr7tITHAipk1T79o01ae5/v9/bem6GXIerLdZM/Z234+1gB3OD9VvLbFkQH85XGopz/bLW6e/A3buNLp9+zN7kWGrx3UpL70ecPBhuf9pNidnEVcobauRe0xl+YoAmsbyrpN6taGHtV72v2VdgLrGnmjrirvB5tvuex208VbQ1xnV0bYNO7D1ZuEsV95KLcHKYzqT+9e3Ret1HNBK3wie7XNv4uW0a5w0/U5zd5eTdqQWvcn4a8tDbY5P9Ujf5fVZ6k3G2tZ1UV2np/02LBAIBALB7w/hYBH8Yuj11YAris/XNZxiU5p7iHL9g3RrIf0dwHWgJ0OGNJ9cygxBVSeGbmeRIQiuRpnP0TO1DOhpjwNw8kQJQT6GiAi67ymrBpdHHwJKoEmI2ivlKrAfQRejqW775FVTdh1eWr0Lt66VnD19ik8Td5Mcs5dROwJafoPZ9Ozk9uDwME5WoNLC1OBoXnDtSkn+US7c6obnWNdWH+tiYYvcQY6pIEZ1NPyurmn/qTQOAwZhRzbVdTe5rgMHSzp0qokesLY1eBhs29NWTbnTvgLrMKtrPdKbb7O21CQg8OWjCUSmlrE47nMmyAEscXLxZdncc+RFn6FWr+SjtxIolI8kNPplXPvLIX87AdGnzMphnvZpN/+vb5NaALOCFTzl7oYD+SwMiG7QgYnem1IHdXWN5ejKM4lMuMjTTzfqT116hQcnvM7nYY6UFxdwPP1T0lJ38EToJCCbC1d0eLtJk6riPTH8rcKNsYZJuDHfX1MBri3XqkrfONGrq+EG4Ob+MPl/XWW2bk6jJ+OckMfev/yFGyqY+sqoZllrziahSM7GeWIga2d44yR3IDtmPnGt7OYz1/+/a0PXzWm0WXP29qjNd0A1V28YOhZw44eqdkWENSevxblTUH2TKuqHAjV7YrZSOWQ2L9gZEstApy7lRteh/PnzIGTKUs4cTSEhLYOvTk8jxLf1qFJtlm0SfLaMEi0MaEMXA6zhSpNy2rLxNpG1ww5Uh9icKo072sJEkvK9CfB2MFvHn1rpGyee8rk3wdjbNU7a0aVBDTpKzqnAfmij3mVdgY6PTy1hThc9LE5ytzYsEAgEAsHvARGDRXDX6Jv8Nr7T0uTJdcwooITEmHTKVWqKs5N4KzaBxIIbrb/la2XrhO2QcXgAWQlbyS5VoS7PZVN4NMnJWVRZuuDjZYU2L5Gk7GJUylJSojdTBrg0HCeq5a9xSRSrVJxNjyG5BDwmj8Kmw/JWsS8uAcW6jzhb2xVn1wF0B+jRjdYO61FlbWbhwoUNP/NfmE9SKzE4GunPSE9pJpTx6S7S/v4JmxNTSUtN5MyNujaebY7+DoCKxHVRbI9bSUJeB479lQ/EzQrQFqJ4fR1xUSuJy249BkIrEhh+t6et7gYHHnGzovrcMXJLW5etjrZsyTS9y6jx2AEJQcHsysymuLiY7PQkXo/OBjtPXB1qJfdV99483KsbtaWHiI7OArrc06N1GzHqa3qAHjz48MNY68tJ2ZRANXC17LpJ+ubPO+A+XI42L5FduaWoVcV8kpBISdlNaU5m4LsDO4iLDiclv4IeDw/goe4yoAtdXYfhBaTFbCVfqUZ5Np1tu/O4VGeF5/BhQAHvx2WiVKs5mx5DYiE4TR7TQhBoO9BmsSklF5WqlJRNO6jGDq8B8rbrZumGn68cZUEBWquRTGrBKVtP915OOHaTcTYzjrg8bZPYEI36NNf/Ze3SdcuYs7cfvUfjAaRu+4izSjWl2UkkFBjHLDGVsb3yDh0zDihgc1wmSrWK3JSt7M4rlLYy6vVANSWnitFdP0VCQiwxSdno7fvi3KenlHkb/gtzZbsPHwXkEZd0CKVKSWbcp9RHu2pf3+uojbeAUR3rR8uW7UBJ3KoEVHgQ/XkSs5wgI3oj+RrzdbzaSt9oye9TmplE1PZMpLBRGg5tj2J7ZmkL94xpzzhZTey6JEpVKs6mf0SqEjwmj8PB8B169fRRSpXXOzg+dfy7/IEh7bFhgUAgEAh+v4gVLIK7Rnr52PToxS5g37X5NcBhSAAK/1qikpMJzUsGwM7Vj4hlvi3mbz4mXn9Co4OIjIwjrn6ZspUzgetDcQFcwjZwfV0UaXEKMqSSmBoUzWwXW9T5hiwqMlAESXedfQNZMb0/+nxZB+Xtz6uhs1gXnUpkULZ0yc6D4D9NM7M0XEt1tdbkivEfntbdTF0z9br0DVnL1XVRpBUWkla/DH3OG8xzM3OmZosTIwdmLPbjVHQa1coCspRyvLycKSgoa1J248NdrSXXk7RVyIllG4K4GR5HiaqQbJUdzs5yyspUrbxIlmFn8sk4hC9MMNNWmrON7QEgszD/2RhnT08oyCP2rZu8FdG/xXT2XWW0ZUsmOE3mXUUdG2OSSUuMI81w2crJl4jVQciBZ+d4Ubg7laB50p4H15FeWOUVcK5ExVDr5vI21YfxHfN9wLSveUx7EefsROKCA4gD7Jw9cLYqpKzoAsx+qIVyGp/3CQrj6s0oUmPfMtTJiTkRyxjI3gZ5vReE4PtdFKnRodJWOKzwDVyNj21/vKIXE7kmgejgPIP6JrJ6mS8Olr5EzKkhcnciwdmJUs4j/Vk9r6VThPRg54wqNZYgaa8dfsFr8ZWDzmzdpHfoPtMmsy07mV6TJ7R4+pPtkGn4uR4nLVnBvGSpjl5eThQUlPCdprk+zfX/XhXaNuVpaMVmNmrO3mxZsT6QNW8lEhmcbdAyaHt0M2zVMJax/fLaWoLC/wcUyYkYssXDL5iXh9hiqRyEE9lkJCioDd5C0NQLxGXEEZQhbcORe83hZZ+WVq90aViVYK5sB0tfImb9QGRqAsEZgJXcsH6w7b6X3xEbd259LHB42LiOka3awZHkMrKrwS9iGf2xpX9YECeC4oiO3sPn61qvY/+6Hq30jeayVF06TkGOJ7WLJmOLnm9zCsjRP8miyS5N7pnS9jgJ3MjgrfrvtImLCZ3eH5AxytmKjKxk1tUE8Ua7x6e7/y43b8MCgUAgEPy+ue+nn3766dcWQvBfhk6D6lYtsq7dcLDt/A51tUqFXiZD7tD8rbVOreaWHrrJHRocHur87SyKPkdoUhweehU1MjkOZnwU7ZNXh1p1C72sK3KzmXUejVpFrR66dpPTKfUZ6tVVLm/2x3w7M0CtuoWss3LU59ZCW3U+Uw0aLLC1bF+O5mypKRq1IcCxzLq5XWjUqGr1nW+jDiO1CXfZt9rTBhq1mtoW05jpAw19qI2+ZpS2uV2ar5s6dzuLYnNYHPexYftWa/KrqKV9bWwqe9NyO6drMGdv9Xm3Q1/tltfoXjd5/e6NjufR"
01:01:11.623 [Forwarding screenshot on session d6a0bef0-bd24-11e6-8678-ab184a9d7075 to remote] DEBUG org.apache.http.wire - http-outgoing-0 << "ybK7yeUt2lb7+17n9Q53YQcNxbdex9b7xr2jrT6qVqna1s29Gp/M2kknbFggEAgEgt8wwsEi+K9DnRvHotiTBG3/+N7sjxcIBL8eumKiXo+iQKUFV392rZv+s01uBQKBQCAQCAQCc4gtQoL/OqwfHspEX0ceuotYswKB4D8NGT3lvXB1cmf+MuFcEQgEAoFAIBD8eogVLAKBQCAQCAQCgUAgEAgEnUScIiQQCAQCgUAgEAgEAoFA0EmEg0UgEAgEAoFAIBAIBAKBoJP8UaFQKH5tIQS/LcqzdxH13gckf1HIgPG+PPhLBD3QqSgtq+GBB2zQlR9iQ8zf6eE9jJ53XbaG9JhIDt6QM2xgz4Zrh7bH8peMYuRDn2jIW1eayYbofXT1GElvm7uvgqY0ndj4z8jJyyMnJ0f6OXWK0ivVdOv7CN07ocfSzO1s2ncd75EDzcag0CiL+faOPT1tfq7wSxoy46LZr+phpNffJm3ptKkuy/NzuWXX567asThlNRuO/pEpw/oBapKCgzj1wBie6G3+oGaBhvSYaIrt3BnU07yuOtM+vy733h505Yd4L+YgPUc9wQPtGQqUhwgO/oSHxvvyYE0xKTuSSPkik2/KbvGA8yAeMIilUxfzRXISKZ+nc7ygDHo60++BpjKrSVn3HqU9hjLo7gdwgUAgEAgEgv9IxAoWQQdR8mViGmVVdrg82vMXipKsYdfrQby1pwSAmuvnKSw5yQ1953KtvVpC9t4c1PUXdGUcyCqgpDCLI+dUDem+PXOYwrIy6Nq58vQ3KigoLKRYqeKmSoXq5k2UZ/LISE0kdEUM5Z3I+0ZxFiV5lzGrEk0+4cEK0ktudaKkttBz6WQhJy9W/Yxl/DLcuHiKkrzL1LZ0s4kuNfnbCY3expW7skkNJw+UgGMP6aPqDEeUdfR7SBxx1TZ6LuYVUtzGYNC59vmV+Rnsoeb6eQpKcrhe07705acOoKzrSR+LYlYvUpCaXYxFdwvOZO3mrUVR0tilySdskYLUrGIs5N1RFWQR99YiUoo1RjnpOBS3jtTCQiqqWuxZAoFAIBAIBL9pxClCgo6hu0KxFkYGv0OIj+0vVmzdHbCzMXg4ZDLAnq7WBpHgLk4OscVzjCupu0v4TgMOtqApKaDMcPfMiRLwkQM6ik6XgdMsPDpbXRmAHcvfj8XbSODc7cHEZp2hVAn9ne4ua59lu/AKsTSvBwu4A9h07aSnqC0swMLi5y3il0AmA+y6Sn41nQ4sjbTbVJcW0j9d7+ZkKs05jlfDjGGPAKAsykXLcB6/S1v478KBZbuSwLKNztmZ9vmV+Tnswdq6K2BB+9Sh49SxMuTj5kLBEUoAP0U889xs0ZxNIiAygyP5auz1J1ECs9YnMtvFEjRnWRkQyYEj55jt5gO6cnZFRpJWUg3QzrIFAoFAIBAIflsIB4ug/WjOsjoglmogLzaA4HNLGaH8ghNYc6OkDK2TH9tjn+ZM0lYSMgqlZ+xcCVwZzGQXBzTFewiPOozczZrCgjLAipFzAhly6+8kZEifvWYtJ2y2t0mxxSnRZFQD2dHMv+qHYhaAin2xq4kukFa1OI30Z3XIdBwANKUkRW8mo0RaheLkNYvXw2bTdH7S19MTdu/mQpkG7yG2lJw4DXYjmeVZRmp2AUp8cdJ9S1EZOM/yxBLQlGfz0eZk8pTSJMHKyYvA5cH49rfk7K51fHRBhnVFAWXVVsxSxDPbrfnET1+HiUfIa4QrZGVx7V9qcHJAfTadje8lU6YFsMLXP4yg6W6AmvSYjSTnSW4gK7kXgWHB+DpZUrw3mqjT/flg4zxuHNrOxoQsJAnlTAxcwqLJD7ErLBpJjQGo/CJYN8+V3JRYYlMLDG3lweKIFUzob9tCXdbTNXNri2V3CLNtoyQ9bjvJ2VKbYiVn4rwlLJrsBkhbdjYmSvWyc/agR80lbMaEsGJwESuiilgcvw5vW0BXzLrAGHovf5cAbwezZWpK97DirS8ZFfqBlNaELlB9nOiVxykpqwbsmLh4JYsm9DDR5bXhI1CePAFAdMBKgrev5GrsGk5bO1FTUIAKsHOdSEjoItxs4eyulUQWuLM9dh4OgPrcCarxwrO/pMvio4XY+QbzXdJq3jhSwbjlfybAW07u9tVsy6nA88WVhEx3oThlHVFflSLv7YjqWtU9S+f2XBhhM90atJAdF0yyagyb1s3EFg171oXz5e0RfLBxHg7oyIx5nf0WLxAbNKDV9mtqT9P9n+bUZ1nIeoBSWY2zXwQb/bq02k46ZS6xUdsoUGkBcB45h5CQmchR8/maNdTNeocAb1rsH0P/9TlLI7OM2mcjrldb72Mpq9eYjGlbXnfmry2W3ZzSQ7vY8WkmZdVawArXifMIXjQZB+Bsyjo2H7iEXY8eVJeVUW3lhSJxGd//NZqELElnriNHQlkxFd3H8e46yT7q7UGOml0r11DexxV1djZKQx2XrA6TfMGo+f/s3XlcVOX+wPGPJDAuLKKIKaZgKqaoSG6IkYVrmmaWuaRdl6sZ2cWK1NQ0Ncn6QQu5lNYVU7PIJM0VMxQF5SIqaoAKmiM5TSIwiAMo/P44AzMDwwAuLfd+369Xr5wzzznn2c7R853nec6+Ku69oGFbWJihblS4u+nBpARV33OAwlQS1NDrRU8aONVlzKi29DHc1xzqOQNQUAy/36iPV+fh9GlnuCc4eNLeEbLKzpGwmejUInoH9iY+Jt76aDshhBBCiL8pmSIkas7Bk+emBwLgNXgKL/R7gOtZGtSpGfgMDiTAuyWpqxewaudJfEcFsXRhEL3rpbLmzQXEaqC4QItGr+FkUkOmh4QwyteJ+E0RrDrWiOkhwQz2siMpaiOJOvPTPuDjjxug8hrMi2N7YBi4QmoSTAmZx/ThnVHHR7IxMRvQsPpfb7IztQETQhayMHgUxUlRBM/fQmGF4th7+NAZSEn9Bcjm2FENjj36MqRfLyCZ0xogK41UoGePVsBploREEF/ckeCFS1kYPIYm6iQiPtqKDii6rkGTmsT11gEE9u5Hpwcs/aqeR+rRRE4kJpKYmEjs7i9ZsCQG8MTXy4XCzG28siSS31sPZt7SpUwf3I7YyIWExapJ3/wukfG/MyZkKcsXTqe1JomIOf8mGyjIuYA+Kwd0h3l3VQxNBk9nefhSxvjeIGbNQmKzXegzYnB52z33qCenNy8gPCpJaaulIQQ4nmRVyAISsyuXxTHpkyrPXXPW22ZfaDCRsRcYPn0eS5eGMLjdDWLWrOSwDnQnvuTNNTHU8x3FvIUh9CCdDE0eGm0uxQVa8vRZFJQ9sV3P5YI+j4Li4ur7w41iHB2b08LJ0u/ptkAeWQ37ETIvmEDPImJWfcThCnU5/rlnmDLcC4DeE0bh5QLXr2nISErCe8o8loaMwTE1hoVLNqMD6tZvhJuL8XwpB5LBt7shyJROXCr06OvFAy0aoNfncWhfKqDmQEwqen0e8XGnAB1xB0+i1+tp187lrqbzaP+AWS080MqFvNQfSdUBulQOntSgz0ggJRsoTGVXvIaGrR6w2n4V+1Nbxzw0+jzU6uYMDuxNN8+6Vtopmw1vhZNk68+85eHMmxJARvwmQjefBiAnS0NOcXGV10dxlyFm7eOZW/U1BlS4pzVim5Vzm1LHRvDmqmgy8vQ4urujQk9qzBqmzd+i3B9yNOTl5aHOyFCCn83bUfDNEkNwRYVXZy9S4+NJ1eSRl3XdEIAw9gdQ6vFkbCxtxgQREjQcJ00S4RHbKAQSrdx7YyMWExmfQcCEEBYGDyXPOAPS6j0HQJeagBoverRzwN6tIyNHD8RNk8jnYYuZ/OYmcAzgGT8X2j0+icXzx5cHsjWHN7IzD1o3dwLApds/ifh8PbNe6GsxOCWEEEII8d9ARrCIWnCgo3833FbF4ObtR5d2xSQAqt5BzJoUAGQS+owGVe8gZo8OAGDWMlsmTwon5tBpvFsqRxmzfD6Pe0ChXQpRSTsZNTOYx9vZU2iXws4lR40PymVnbedHN8c1HHLzxq9LO7IT9xuOs5iBHkB3Rw5Hh3Ap41cK658iJg+8Ro2lT5smFNOfsYMTCN/5AwnZIwkwG6TgQY/OsOZY"
01:01:11.623 [Forwarding screenshot on session d6a0bef0-bd24-11e6-8678-ab184a9d7075 to remote] DEBUG org.apache.http.wire - http-outgoing-0 << "BoVDcjmaBz26eeHQ0Q53ojl6XE1HTgOdldEFhU0YPmUKth396O4KGm0xvl6gvqA1WafDl9nzgyqNljG1c9Vydppu8AwkZPpYuthD4p7d6HFk/PNP0Kx+MS1HjKT3oZPEb/2JXr5FQBEX0jJp36crQcuXkmvbBBfgPAC2lP0s/Pvlc/xy1ZNH/7mITr9DKxew7+WNW8RO3Lz96OhezOo9GeA+mNH9vbEtgBEvjCJ2SRRHUrPpWaEsJ74MrvLcNVV4+icrbfMELR+ZzvTHPXm8e3OyNVq82rVm50kNxcWQcnA/qAKYP3s0bkCXd18j45kl/F5WbkymHNjW9JwjCegymvC1o6vIcTHQm3fmj8cN6EwKMUuOAuBhVpcO6LzdIfoafR/tjgvZFN8Ax8AQpg3sAnRh9vQLBK3aw7Hs0QSMnE3EyLJzqIlP0tM7qJOS3/SjpOLOKC8X3D0fwX1NEurTSZxO13O2bJeM05zIdCJFA6h6M+SZXvy888RdS9enwqgrjz6P4BgZwZFUHZ3tUlAeuzWkpGbTq0ECahwJ6tOc+xtX3X5Kkxj7U3biagDGLJ3HyHb2FJ7ezPgq2+lRpVv/riY141f6dB/Lco8B2Da5H0zGQdworur6cKGbSftc2hhU5TWmCxhCMab3tGxWH/p3Fec2lc0P38QC0HnMUuaPbAeafQQFrUKT+gNHNSNxNNSCymsMKxaPBN0VNv5rEwC9p7/PrMfdyE5czbTlMeXd2LQ/YOhXqt5BBI1U7q+k7md53EVyyGRfTFX33oO4HdGgCggmaFh3oDvv3LhM0ColSHTSyj1HFzCe1INHwWsE7UxKW5ibzeVr4KiCvLxkfjqhYXQXY9hEHbua4IgY8BxOcNloKAcXJbCiK+YGQgghhBD/nSTAImqnyPCP4+ICwBaKoF1Hwy/eut/RAD17eRnTO7ShhyPEXfgdWgI40kz5QZPrRcWAGy3vtzd8VrZXHktQbHiMMo28GI8DTrRwhP3aXK7nKouOpkYtYVqU6THcLc7579ijM6w5TcJhO/Jwp5eXA+BFX0/YdPQQh2zTofN4PADs3XAqOktY8BqWmx7EzdZw7BugalTNWriOTI9Yy+NuhWQe/oYF4dHoaUAbj7KHWltAw5o3g8x3q3edNuNfZZT6/4iKXkN8NChTql4keLSfMZ2LHzMnHOOjyBgiTioPam6dBzPzX5Noh0nb6a6gzgPydhIyzSzcw6XU8/SsUJYuVs5d00lC1tvGnvubwOaPQlhlXrnYAra29UB/zaQHmE8/qKjsvSW17Q/mboCqQXm6sv4JVLgOHJRpX9yguCyDRdDR2zgSpL6jMu6q0jkzk0nCjeBuysNpalwCuPfFyx6w91X6YUYykWuVUQ8qFej16WxclY0GcPPvi7tD57ubrmIeXbzp4waHjhwjwfYYdB7O8KJo9h9LJsH2KLj1o5uLPVhpP8vXhhvNyq59q+3kwtg3pqP+aBVRq1KJAnD0ZMKsN3A3ifBZ66Om7WNr5RorMLRd+T2thuc2tq0jPXoYQhFuPejltopoTR4nUjX0NaRr4tESBwAHO2zrAXmOdGyvtL+LVzfciUFt6MBm/aFS3oxntrV2701PJUsP7Vo1Me5Rz3z/qutDw5HYPDpP8TH7yr7dQOYvHogSVA8hKuooo7sMA+Dwl/MJj05F1XkUH84fXasgrBBCCCHE350EWMQdKQYaOBgiHQ5OuABHElIJ8jP8mll4hYw8aNf2fiDVwhFuUKPJ+EUYVh2tOh92gG0DJU1gyGqmGdbU0KkT+Sm5gDYNKu/n3tUPR1YR+SXgOQYvBwB7fPw7sykyiiig93TlF1jdic9ZGBmLZ+AUFo3ojrubC7FhzxNRebaAVfVslXN4+I3n7atqQiKjWRDRkoigAIqL8wAvFn6zmLJVMNIP7yOzpuqVmwAAIABJREFUuBml6b/Q7PFX+Wa2K5mnkzi0bSPRUWtJ6O9X/uBalJ3O7/W78c43Qdiq00n+aTOroney/dgTzOpmSGRbHxya4aaC1I7T+Wb248r2QjX79pymiY8XRT+Y5znbyrkDLD1BWWgr622j5rNpqzjp1puQ5ePw8nCDxNVMWq6MGCkuvgGYNuAvZOYZ1i4ti2qUndLOtvwX8tr2h1qzrRBOK88DZGT8blgoGQoKlNe1VOzq6clx4NgNbweAbJIOafB8wscQtLKnx2O+bMpIIiNDD3gxZWYn1iyPIiNDDajo26/zPUhXkQv+j3mxc9Ma1qDHd/qjPHozk+g1q4gAOk/ogQNqwt6suv0sM1771tspm4wUeG7+l3Ssr+XEsaNsXLOJyLCt9Fk7ovxo1vqot0n7WLvGnKlwTyObjF+rOvcks+BB8Q2APE6nqRno7g66VGVUEI50bONWfvvz8mpToR7ySD6dyUB3D9RHDyojhG5Y6g8V82bC2r23YwcanN7D6YvGN3vZ2ho7v9X60JwiFhXTDSvspm8LZfHuhiyLKBul14RGjsA1LdkUkhj2KmviNXQeFcL8CmtpCSGEEEL8L5A1WMRdUPbY2A4/XxX6+DV8HnsajTqdzcs/IgNo177ikPracOHBjiryUg5yOF1TZaoiwKFLPzoDMas+ITZdQ3bmYT6Ys5zIyBhyLQ21cOuEjwry9NDZ3/gg4+HjhwoAR3x9zH/Tb9TcHVdnW07sjiAiXm8cLgEYR9tUzfR7j2EvMcoTNLERfHlCh1ffPkAqa8K2kanJ5nTs57wZvoo1Sb9zac9aIpbPYXNiFk0eaMP9jWyBeiaxjGKKfz3KqlXhhH0eS7FTKzxbNlW+sqU8EHHp2E+kq23x7ukISf9m9b7TZGer2fZZKKsi15CUa3I8w5/OV3tuc3kZx9gXu499+5T/du/eTUbjPlbapoDrAI1a8EBzZwrS97F8eQxQj2LAu98AIJ63Qjdz4nQiq98IJRWl6hs0cQXyiN64D7Umky3hqwwL/FbfHwrVh4lYHMrudJ2FUlhpT7O6zDZ8ziP16GkKUUYIaKIj2XZCjSZ9H2ER8eDeD28XSN/9OaGrd6NDR/LBDNz6+SojGrJTOZQH/j2MkzHcuz9iXK/CvRO9uvcwTtVQ+ZQvKHq301Wsl3Z9HkWFHj0qfDq5496xa/n14dejHWC9/azWJdW1Uy7fR6xi4eLPOFFQH0+vNjQCaOJsFnKz2kdN2sfTyjVmvEWU5dT6uY1t6YL/AGX0SPyqObyxeD5BM5YrbyVz70d3k1uIsRZc8O2mfJG0JoSg4CCCV8UrX9XDYn8wz5vpEa3de73o2FFFXuwqNh9OR5N5mE9WxVB247J2z9EePwyqnnQydJomzRqh18Ty8ef70OiySdzymTIF7zF/CnaHsyZeA269eaRlgXLt795N7Imq79mW6di3OpTVu9OByn3RWOdCCCGEEH89MoJF1JItjmaflMBGmcdnL+PXxaFERyw0rDPiyOCg5Yxu54DuhPLAU76vnfXPpjx9fCApnvA3r/HmPA+L6Zzq2wIehCwPYsmSCCLKhryrPJmyNISKjykKN7r1dCM29gZ+Ph7Gze6d8HeEmHo98Db8TO3Q5QmGex0iOnIh4yMB3PH1dScpSXnVM9QDp/rVTD1xrPCqWAdGvxFEwrQIoj9ax6Nrg1g4oYDQyEhC4iOVPbyGM++lADyKmhBwPpSo5SHKVAVUBEyZj58DJBrO3aDjMwQNTiNiZwRBOyOUEvqOYZyfG1BMH08VO2MiWXzdkfWz3uFK/mKiVi0kxpAb3zEhTOroQGKceVm6T5xV5bkrsnUEMmJYFRFjtn3wvM+ttI0DT47x5eSmKILGK2fw6u2LKj6JlFQNAX6jiQguZm54FEuSwM3LF3eScGl7P/btvJnSO4E1MasIjgHcvXAsD7FY7w/Zvxwj9mQS9QdZevS31J6GfufSxrwun+2AO7HsXLWQgnqh2N4AR/ciIpcEE6k0AiHzlbfCnD97iKQjPhSMdWGPGga8qDyYZ6cmkEdnzOJ5Lt485qViU6oeT99O2ONBD19HTibl4d7PZDrPXU53vWK9uPnQzw123uhJRzcAJTAZ36QfPdwA2lltv54V6rLytW6tnRz4Z8goFi+PYkmQss4Jjp0JfvkJ"
01:01:11.623 [Forwarding screenshot on session d6a0bef0-bd24-11e6-8678-ab184a9d7075 to remote] DEBUG org.apache.http.wire - http-outgoing-0 << "7Llefg+y2kcfMGmf4NVVXmOQXeGe5mHl3JB74RBJcT4UTBtIx9HzCLq+nDU7T5JxUhmu4uY1nFfnjTdZJ8l8mliXSaEE24WzdncSGvUNeg8OIGNnLBrgmoX+UPF+a9pHq773NoHZy7g8/y2iwt8kyuxo4NJlUpX1cXR2BKqeIeVBOZfuLxA8/DfCo1cRZJhZ6Bk4heCR7UiJUFbnQRNPRHh8+VlUvYMIMFmfBWypB9hWOSKxmHNxScQVP8K0ge0q9UXTOq/m5dxCCCGEEH+4OqWlpaV/dibEf5/C7GxyisHZzaXGa3RUf1AdOuxwsK/ZEbM1GoptbXFzuburAOiyNRRw949rplCHJqcA2/rOuDiYl1eXnU1BdXVrZf9KSbOzySkupr6zG9Ukrdm5a6DKttFloymonBdN4peE7bLljbI1HXSHCZoUjmdwBLMMUyIKddnkFICbm+V2uVf9wcKZiHh+GsxcTVBn0Fy3xc3F0qNgIRrNdWNdFurQXKeKtH8TVbRfbVTdToVka3Iotq1vtY5q3EdrcY3U9NyGHJCtKQBbZ1xcrB838fP5rEopoq33EF6aFEDB4c8JCt8JjgFErJgIt9EfrN17lXtXFWWwUB+67Gxo4FK5LQ3tbFvfjb9zdxVCCCGEuNskwCKE+MvTnf6SSQujwb0zgV4NSImJR4M7QRHhBPzl3vmaTcQz08gPimD2Xy9z4i8kfct83txUeW0qz+HzeHd8lz8hR0IIIYQQ4k5IgEUI8begTtzN17vi0OQX0cizG4NHjKCL210bH3UX6Yj98htu9niGx9vJz/vCmkJO79vK7sRMrl+/DnaNaPfIQEYEdLx7I/+EEEIIIcQfRgIsQgghhBBCCCGEEHdI3iIkhBBCCCGEEEIIcYckwCKEEEIIIYQQQghxhyTAIoQQQgghhBBCCHGHJMAihBBCCCGEEEIIcYckwCKEEEIIIYQQQghxhyTAIoQQQgghhBBCCHGHJMAihBBCCCGEEEIIcYckwCKEEEIIIYQQQghxhyTAIoQQQgghhBBCCHGHJMAihBBCCCGEEEIIcYckwCKEEEIIIYQQQghxhyTAIoQQQgghhBBCCHGHJMAihBBCCCGEEEIIcYckwCKEEEIIIYQQQghxhyTAIoQQQgghhBBCCHGHJMAihBBCCCGEEEIIcYckwCKEEEIIIYQQQghxhyTAIoQQQgghhBBCCHGHJMAihBBCCCGEEEIIcYckwCKEEEIIIYQQQghxhyTAIoQQQgghhBBCCHGHJMAihBBCCCGEEEIIcYckwCKEEEIIIYQQQghxhyTAIoQQQgghhBBCCHGHJMAihBBCCCGEEEIIcYfq/tkZEOLvQp9bwFXdLQAaNnHASfUnZ+i/0k206hsUAXYO9XB1+vNvUfpcHb9m3wLb+3CRdq/kf61+9FodVwuhoUM9nP4C/fNPoy/g8u+3wN6OFq72f3ZuhBBCCCH+Ev6H/3Uobk8BH43aw+oTN+k0uSebZ7e0mEobm0jXYRcptbFh6cEn+McDvzO6VTxxJZaPWmpTn8izQ+h+/hgPDciwmoOHXnuYvQtaV/4i9zKjW8Vz0KcVJ/Z3x9XCvvqUFAL6pqGuIh8Ak7cM5O1Ah/LPabGnCQs9y/ZDN83S+YxuxdvvdKebpRPxG6+0PUCUBiZ/NZC3hziYfZuboJSzyrJYVMDywTv48JD5Vmc3G5o/2IinX+7I9CFNy7cfeHsHY94vqPJopTYObLk4kF5Olo9rTKe0TaCr9XRgbJvcpOP4PX6Oax7N2J/sT/sK6Q68vYPnwkqIPDuUQFeAQraGHubN0KvkmLSNe5/GzFnuxwhv5QHudtrPqKblNGxQX2bJnGRWRutN0tjQd0pr5r3RDe/ydi9geb8dfIA7J/b3qtTvtLEJdB2m5sUtQ5gXWL/WdWOpHUvdbGjZUEWv0Z6EzPaihYXy5CYcw29QBtdwZsvFQHo5Vc6TNaW+SnkwpA181591LzYzJqhN/QzewQfxNizY9wTTfc0fxsvuFWX1c7fcbr1ZExO6m4nv6AzHak7iWb9aH6NmCvho8A5C9YY+lXuJoa2OUDirNveL2iu7L5VfC3aXGN3qCHEl4D/XeL8/tjaWYcHa8v0eevlh9i69d/mqvQr1Z+F7s2vWrH6bWr2e74bLsSl8cc6FeZPvTe8RQgghxJ9HAiyi1vKu3iRHA9mG0RyWKd/VKSkhU1MEzYrJtnrUIoqAosKi6s9fWNUhDOfIqTpfOs111CXKg2DH3nagN/8+LweaN7yv/HPKl/sZNOMqAM6+DjzRzwXHwgJiP9GSvPkiQ7/JrfTwCqCNySBKo/x5zedneXVIN0yTlJezqrJURW/Iu49d+aasZD1nNFc5c+gA2+f2ZHuFoJdzGxXNnSsfKi/nPooM2Sgy1ENpGxXdnM2zlZdTj7KzFVk4f7mcmzR3Uuqu6JqenBKoc/4KQW9fsPBQaB4h2fHmXl76WK88oE9shrdrCSnfXSHu0FVm9N0LyUMZ4VH79quopuXMTUphwONKIKfUrT7jn3fFsTCfbZ9cJe7TDAau0RJ5dmB5MKYIIKfK0xrS3LqtuilTalOXbr3rUqiHvJwi1OcLiHrnFN9szmZ/sl+lQM3eDb8o5yGHL7Zdpdf4xuXf2dnb8ZBbXXCvCyrIO6dHrQF3XxWOANwEd/M2zlIbK7vW9aNX7gVvP5dAv7MBFfJ6y6x+7rba1luVci/wbqiOUpu6DJvShDZdPe9RcEWRp8ekT91CC+TX9n5RS8b7r6EPFhVxwbDl1O+G73IvseBVrdl+nh3uXmDsbjGvvypYq9/q9r1duRcYOTwNXnqYeffoFEIIIYT480iARdSahUfrGu1U9ru18wB3lk5qbHgqVdwssqFDhUEHga+1Z3RnlWkybhbdwr27u/VzWAgmlLNV/tdxVnf2LrA8+qaMPi2VKUFKcOXFyEeYN8I4OmTeUh2rnt/L4ugclvz7MttfMX3Uusn2dVmU2tjQ0rWESzEX2J7WjXE1fpKrhkdzovb3MgvYpGxNYNAENcdCE/niqfv5R3vjpT3mg/7MC7A+hN8OKLVREfnTUAKdrKezdP5KbI1/PB12jFVP3F9p5IJRDj99rafUxoE1pwYypKx5F8CON3cw9eMCPtl8iRGzW9aq/arKf/XlvMoCQ/DA/7UufLqgbXlZ5y3VsWrqPhZv1jFhwjFO7OyGK7W8JmpVN0YzogebtWNu5gVmDvgPMeezWPDhZTab9sHcS/x7/U1K3WxopC1h2/+dZcH4xuUBAade3dh7tlt58oTQ7YwMhaVbK9eL+aM03En91NFoqwgq3Tu1qjdr7JXAXcuXfFm9tPZ9r3buM+9TTq05csUdVH/wX9mu97M0ooBLheDW9X5lm0lX9V/cu+b194e6r3bXpFn9Gkc93dbfddWxv08JYtpXHQgWQgghxN+XLHIr/nDNO7dkxJC2jBhh/G/Us23wqLB2Q8cBHRgyomI6L3p53IWHjMLqfy3/8bNU1CXgM7enWXBF4cD0MG/cbUB7Kptc06+0F9m4rQQCPVn5YXPqlJTw78gLd55nE/kVPnuP6MW3cx2oU1LCxkjzqR9FxbUYGVD9AKLaJAPKRi4kklZVglwdF7WAawPaVIidDZnSFh83GzydKtyqatB+VlkpQNrXp4gqgdIBD7LOJHigcGD6Z36McoM6hzLYlHBnQwqqrRvTLBebZ9rJozXrtrTH2QYOvpVOislonrRtGSSXwLC3ejL3GRvqnFfzbVLVeS0byVSThr3T+jnz/n9YZSUvd1vN662QHR/G0tM5ihaOUTRvu50Fay+hB3ITjtO/dxJnSuDS10n07xfD1kxlymBmbAqjfbbQwlHZb+jLx0gruyHkXuaVftt55cMUlk/drhzXeQtDpyaSYnrTyP2Nj17eTUfDuSe+lsiBZIzB4twrvDJ4O9NWXgYK+GLqdka/dpytK+PK9+nYL4YvEnQmB73JgbWH6d/WUJ5++1keGkd/n91sSKlh/evzSdit4aedWSSczyc36TSjByeRbBjgcmHrCYaOOmyoQx1Rb+8vz0/ztttZ8uXlak5QyI6VcQw11F9z5y30HBzDF7E5d7f+"
01:01:11.623 [Forwarding screenshot on session d6a0bef0-bd24-11e6-8678-ab184a9d7075 to remote] DEBUG org.apache.http.wire - http-outgoing-0 << "qmNWv2VusC40tvyY/Ucd5oDafJqo1bangC+m7mD0a4ksmbpDaaP+MYwdmMiZEji9PomhUxN5f+oOeg6OJcHsL5ECVk3dQc9RCWTWsAhCCCGE+GuQESziD5d3ScuxFFsoMvwrvRgatWmCh6t5d/x2w0na/VKf60WmD9N2+I1qWykYU2uFxei5SWFuxQf1+wwLVxZwLOkmpTYqZkyu4tdq17YcyWlbaXPK95mcKYH+g1vSbYgef5ssDn5yjmPzW9PtLi0AaumX1V7jW+EeeorTh7VoaV2+PTf7BujvI7fCM5W9kz3m2blJfv5NcDCfeaOq9Kt5Cdn6m9hZCHI4OZmPxPCf24l+p8+wOLqq6TCAU1P6+EBc0hX6td3BjNltCezhSoe2zjh5tGX72cp1XH37WWO9nJdOKA+p4ye1wXJzNWXM5PpEvVPA7/lFwO39El2juqmOd2vGeKSxIvM6l3TgrQIoIHqtllKbugwe2IJ+zZoRsjmL1f/+hZm+Fuqylm63fkr7ePLVPwoYM+UKbz+XSL+zldef+cNUqrdCvnj+B+ZFlyhTnoY3IHmNlrXBR4jPKCLqOVtcyqbNaMH+wVv8oiki80QC/hOuABA4sRmqc7+xfV0G/Xbp2H02AO+iYs4n60lOSlOmv412JvunHJI3X2SgXkXGem9U6Fgy4gArk6DU15nxnW6x4dMr5vkt0nMm+SZ5fsVKFs7piUs6Rxzg3seZh8kj5lAObw46SJuLQ3jECY6t3MeYNwxTmv7ZiIw1Wj5MUg6XpikC7xosTKsrIHZbDmdKwL19AS+7XCMuyRhkUCcVcMlGz3ldATuf2m22vlEdjZ6VM+KJzah63ZiYt/cy9X09pW4qnnnZBf2x39h+KIc3h8fhdnYoQ7hL9VedCvULUOf8Vd59Bx4a7or/jWts35PFc51+YvuVQLqpIHNrnPW2B7TqAuI2XyTOcMxr5+tQv70NUEIdzU1QqfBwLEG9Wcum/Tn0GmGICGX+wsffFHBtWEvur11JhBBCCPEnkwCL+MOpN59j2OZzZtvGfTWQ5RUWglWvy+Cldeb7ltrYsGbgnQdYznx6gjafnqi03bhwZRF5OQAqmplkS6+9yvEzepNh8iXQwJle3mWJdHwTkUOpjYrRTyprXkycUpe4T3NYtyuHbiNq+pPqbXBQ4QpcyrllNhAhasp+oiwkd3/5YY6YLExZp+QmL3XZyksV0lVcNLbO+Swea7rVYhYqps0ucmB6RBe+3ZasjFywOB3GnpnrHyap33+I0RSwMvgEK1HautuwprzwUhdG9TLvG9W3X9WqLache55uVU8QaNPbBSggfv9VCKw4uqlmalY31amHx8M2kGkSdEvLZF0yENiafq7gFPggQ22y2Lb+LDFL2lqdAlYjt1s/V4ro8mwv3vhiK+8euoOg0l1hXm/6pJ+ZF12C8wBPfopSpjXx/lUW9NvPmk9S2DtlKJvjHenf7AjM8mX7gpbAb7zifIVSm/qsSR7CEA/lyAc+jGHMfC3vr/2NdaOUdX5KbeqzInkAIzzqQu5lJraKZ+8pHVcBu9jTrEwC5+EP8tP6rrgCrwxOoMdzauM6IBWquuz6HrXCnw/HNwNusuH57wmJLiAmUccj/jksmKNT8nZqiDLtbskVXvGOK18bqkZMpnY6Aq7dO7FuhQ0TZ2QBEDi3A6M7O+J26DgvGYIr/q91IuxFV/a8Hc+8dXpOh51i66TWjKg4s1N/hc/ClKmB21MGlgefY97czsSP9SSc0DGk+12qvxqU05LAd3uz7kXlbrL1ze289HEOH264wrrJNnzwQjVtP7lh+ZpPQ8P9WT25EZfV0KLJb4Z+1FPpR2k2LPjkZ7758gJvj+iKE5Dw/UVySmDKxNZVBDGFEEII8VclARbx12DhH7ilbjY0qrDtGo643IWJ8aVuKoY92sB8o/4WejcHQ1aKKDTMwzENVuhO/MzTI81/HTV9qNcnnWfteaCNC20o4LIaWvZoBJ9q+ebDs8wbYfntRneVs3l1uvdxpqu7+SgLvb4IN8/K/3R39nXg4cbGkR3Xr1ZeNLbUpi79n3Gq9A9//TXoXPGhu7AYnNoQFvELg2Zc5e3nEhh4NqByc7u3Zt1Zd9ISLrJ7m5o9h6+SnFRCcvQVkqOvcHRNP5Y/a1yktfr2s666cpba1KWJS9XBDrvbHLVipqZ1Y9UtrlZ4pdKBzcrDWd++jSnS6tBSj17DYHt0AeujfiNw8u0FhEzdbv0UUZeZn3VhW6cTSlDpqda8YDWmVMjlzBvVzFyy436P+rV8EDWvt+N7DVGHRpC44yxFRWBnZ4NdYxvqlNzk5M83GNVQGS2VVzZyK7eAM4b9r/18nq0nSgAbsFPKnpVhXMuj5ZS2SnAAwKkRHX1gb44NdsDPscry3xOndCi/N7QY0pEX26hZUWWJlbWEhg0re6tTXR4e1hiilRVz9GdzSC6Bji8/ZFzTSNWMf73XjKgJtRzdYcrJmcBRLfEJyiK5BNr2fpAhAfbEvGkMdno/7IDml1t06OsC67KoU6Ln2EkdI9wrLLKlasK6i8O4qiuC369yTF1Axmktew9Xbu27XX81UWrjytwXjaHaES+2Z9knJ0jNuA6599Wg7RuWt9Mzo5R2auEOaCv0o/YeTPT5mQ9i1BxSd2WIew5bInSU2jTmGYtvQxNCCCHEX5kEWMQfzv2fXdiz5AGKTN5CZOdQ+S0UU1YO4u27+NpWUx2f78Jqq4ukNsTVHdDqlTdLGJ7eXP078GG4EzrAzr6Y7xdlcLChTflD8Y+bLgCGUR5tsswPmXyJ7Sk+/MP7Hl12ulsWX0o0bHbfahe5BeVBYOXOgTxS3ZOqRws++qy79UVuK/Ae35M3Nuzg3UNaXv7wEiFOtoBhOL6+gLSz+TR8oCnte7Whfa82zEQZLbR95X945X0dX76ZxivP+pXXc/XtV7Vqy1mojHI5+rOOUR6WH3DOn1EWTOjdxxj0ITOXn3PBtULF5F8zX7ehIqt1U61byttSKAsE/saGMOXBPm7+EbrON0+9N+IcmZOb4lHDo1t0u/VTxr0tYRFqJag04TBdP7DS4bRqenRJrjZLn50fxZBaRS7N663IMA0xZ3MGUzdXTq2HSkFg7fErnCmBOhQQ8lzlPJ7ecQVtiPJg7ehoW+l7oxJKbVR062p6jd6HYzPAWizE1Zk2Jn2tmZtxf53mOgB5FXZxaVTbEVIWmEwNVNa3scfO3rhG0srn4llZYZcKL/syqMuviad4+cVzJFczquae1F91XO+joelnB1tcgWOHtfx8nOrbfqkhkFmhnSpHUOszfHJjPpxxlc0/5TCkywU2aKDjyx5430H2hRBCCPHnkACLuH23+RYER3tbnFT2VPeTs53t7Y8SqHatzmoXSa1Pp051qZOk57OVlwgse/WxqjGjJhsfGq+uzeBg2TB0/WXWrVHWbfnX/7UyG6miTbjIh5v1rFp3kX+836Z2hbHAUvkOfJnGmRLo1q8FrsDPZWkND0E1ka+j2naBW+RDrQIsUL985MKxtxJZ7FFSfiJt3HEeG5mF/7uPsPlF4+gKlWtjRi14nIz9W/kgOYeftdCl7Ms7XOTWWjnbdHcGrvDl5+d5e0hXC8musi5MafQmLnaUvWIcism30DDnE6ubp1B13VQr5TybkgEcaOkK2phzbC8B5z7NeG2ck8l7qIv5KTSDmPNZfJNQSEiv23/Qrn39VG4rY1Api6eHWTmZQ1PWfdWFIivrsRehontth4VVqDeNYX2VwPDevD+wAfnl8a1bXMu+hduDDsBVs0O4tmmMu42aS7092R/ZFrt8pZx2tpCt0YOLI678Blh5tTzKtVynRM+Zc4UEmkwR01uOShg1rGsWADDtemX3TscKu+RfuzeLCxeZvFp8cngnujnATW6h05Vg56CiQ+d6lXfKvcTLo86RXAJDX3uQ4QGudHioCedX7mXi++aFvyf1VwNml3OREsBu6deMDm2Ka9D2BhXayZL2wzzwCbrK3q1n2ZChjEIa+1wVb8sTQgghxF+aBFjEbcs7e4UdMbfAZBHaoiJ44OFW3I2XmCbsSSemuL7xDScARSXYtWxGoK/1odPV/YO2"
01:01:11.623 [Forwarding screenshot on session d6a0bef0-bd24-11e6-8678-ab184a9d7075 to remote] DEBUG org.apache.http.wire - http-outgoing-0 << "JsGhfv9sg/P6NOLeOUKIuy1vj29m8jB5k2Nbk9mQDHiUUARk7sokrgRaTmxPyOQKi4k+qeLbb05wac05Eua3oTzEcptBqorlS9mRyIuhBZTa2DDmefNlEe1saz7ppKYpq61fS0xGLpw5T/k7zBzclFFKB+f8hyj/xxllsvimNulnvk0GPJzpYPoQfYevOLVWTo9B7RjldoWoPeeY+HYDs9cQg45VUw8SpYFSX3ee7mUP2NPJVwnGhX9wlseWtjX2k8zzfPaJnlIbGzzcLDxklqmibszyXKEdczMvEDIhTZkOtLg93tzki3XKT/ZjZnfnHxVGLfmRTUxwDuvWniOkV0crNWBd7eunwMJRjEGlMyUWvi6jciBwyJ1Nk6i+3qCZnwuQRepxHa6TWxgejm+yYep2Qjbf5MVtQ5jXtcKBm9SnNXApPptrDg70MvTPy1vjGDThCg+9/DB7Q6rPX4eHlXNv+HcmM329lI2Zl9mbDLc71MipZ3P8bS5y8JM0Yv7VmkBXgKt8uOhOhnRUzc2zAeXjVBxcGPFsU1LWxjLw1au09FAxfc0DdHM3/+fhH2dHAAAgAElEQVSG9vgVkkvAeWIXVi8ou1/q+Ca+LDJSs2v8XtQfQB3NFbYlFDLTEIxM2HiOMyXg39QWmthW3/ZLq5mKZ3oPc2rNC88cJ3nzRUL2KNfOAKsjHW+Sm3vLfKFy/U1yC2+ZLDRuIY0QQggh7jkJsIjbpo6+yNToi5W2j/uqKa9XWB6DIixOX7Em+eM0Jn5cebvzP204bSnAYjhHnSQ1owbvMBuzUagv4qHxvZj3oPL59PokhsanVDpEob4IzxG+rH6lJU7e3nwVkc2gGVo2zIjjy0Uqhg1yxgk9ybtyOGMY1t7S34nGFPLpauXh5elxD1TOm+sD/CPwBIv36Phi21WWtKwqHyVo9Q147+t+PFLVr/KZWSblK0Ebr6dsOYn+i3syrsJrrFcM30lC78ohhcIr8ELk44zzNv5SW6PXL5ud31QJWpxZ+Z1/lQE248gF4/lU3h1YPjqDkM0FvNJnG+8NaExAe3ty07LZvkd52BoW5EkLQGs4Tk3az5IalVPVlHe3tCembxpx75+gw3cZTBntSpOiAraFKdNCSm3qE/l1r/LFdAdNbYvzmp858/EJPHec5Zkhztj/pmPDZuWNO41Gt2dMNVPDLNWNKdN2LLyi58x5pdFLfd0JfaUZqM+zcVsJpTaNGW5hSlj7Jx/koVf/w+lvMtnxVkfj2hy1dRv1Y5FJUOleqrbeANfA9oxzy2LDulP0/PV3po9w4nLsRVZuvkmpmyvPBNTH/F3sgKoFU2epiHs/h5HNdvCvCE9c1RreD1V66dMj7wd+tZgn07Zt8diDjHLLImrdKYaSw9MP3ce3cy4qgacq1sSu9jpVtSB4kQNx83VMaLudZ15y5vzXV6qdimPpRJXu2xa2eY/qQGBQHDElsHbKAdZOUbbXAS5lNsDPwuLNrl1decjmIqfXn2ZBV3jkfj3b3ksjyvCmI31R1aW80/qreIyqvgsdtJO8//OiRYaaeR8riwa/9EILUFGDtr9l+RyGHyQuhSUxUavltSXd8HaCgPEtYLPy92n/8Z5Wrx1tzH/oOlKNz9yebDeMrjywfBfPhd1kzdkRDHG1nEYIIYQQ954EWMRd51jhWd4OwO4+XMo23OEyAM0dq/hl0+QcZw5V/tXcfmAxGAIsdTQ3SdZUsTZGP+OIHO/xARx9MJXl758jao+e7euMvwC792nM9Fc784/AxpB7gT3xUOrWjOEWp1/YM2xScxbvyWLbhouEzK46H6U21v/xX6ekxKx8pTY2dBzelBemdGBcgHH6kp3TfYb0N0k+ZLmsyuta78NOBWBLwxoMYal4fvO85ylr1hg0d6/426lx5MLp8vPZM+6zQTRok8iyUC3qPVfZsMdwPDcVU97y4e3xzcyOUtP2q6im5VR5e5OU7Mz7C06wMlrH2nd0hvLZ0Hdia95Y0I1uJgEwVfuO7IkuYe7Cs8QkFRD1cUF5+v4vteedpR0r/Ypcs7oBOzvL7eju68CwZx9k2ottcAUyD6uVKWKvVbF2g6s70545ziub9UT/dJUh403XR1FeHWuJnb0hIybdurb1A4Bz5evWe3xP3ti6i3f3lNydhYNN813DelM0Zvnh3qheTGTtnivM26Nc5859XPlwRR/D66Tvwx5wNBl5ELigP5/ZHWbqO1f5cMYpQFnjZ0ZkD+WNULll+5jnzdG06VVN+XD/w/D8MaLWqUkGStuoqHPedI6L6XHuo0ljqnxDTlnX7vXKQLY1PsyLQVlEfXyFUt/GzHi2iJUf62oQoTEMoTK5p9o73FdpW/llpGrGurM9CZmQyIZDxn5kXn8VOLXm3Qg1w2ZcYW3wCdYCpW2c+ddcWz58R0vyoRzoc7fqr6KKdVihft1tKE22o3/vIlYGG9rVzZkVW/ryiGG4VrVtT6HldnJtyrBhdTkTfZO9639h9IJueAOuAZ6Mc7vIl1oVo5+sZvSLYQpYoc70XmcD1DW2icU0QgghhLjX6pSWlpb+2ZkQ4m8ht4DL2UUUcR8NXerh6iTxybvvJlr1DfKLb2Fna0cL93uzyHGtmLS7y/0OOFUz3j5XqyM7/xbUMP3fXi3r56+urP3sGtajhWsNo8H6AjJ/LQLb+7jf3eG2p2Ro1Tryi8HFw6GWaxxVdJWPpiaTF9CJeSbByZg3tzLhkxLeO/Ik49rfm/uXVp1DfjE1rz9D3d2N6/3u1V+Zm1zOzKfI1o773at4U9Vttr0+t5BC+/twUhnaQXuBoW3/w7Fh7clY7y3TeoQQQoi/KQmwiBoLW3aG/1t2pvqEfwA/f1cOx2mrTyiEEKJa9/KeKvfrP9ercx5i1pyH/uxsCCGEEP8TJMAihBBC/JfJjElk6KiL5JjM/Cq1UbF012P8o9dfYGSYACA3NoGHhqkBKB3enp/Xe9+l0TdCCCGE+DNIgEUIIYT4b6TXcex4jjLlqZEDXXwby8P7X85NUhJ+RVNoj39AU5kaJIQQQvzNSYBFCCGEEEIIIYQQ4g7Z/NkZEEIIIYQQQgghhPi7kwCL+K+Rq72A+prJqzkLtWRqa7GwYmEe6qwLqLVarL3g879NrvYyaq2W3MLq0/4x9Eo7XMv7szMiansNCSGEEEII8T9MAiyidvL30XeaJ3MTL1edpvAC66PWkVZYxed74gKL5j1Gy68OlW+J/eopPOe9w3+Sl1Fnmid15ixDC5B/kIHTPKkzzZNFycrDozY5Au+ZXWm56DFazutJ97X7qjmfltA5ntRZ8im596xM5pK2TqbOtEHsvVZFgpq0jZk81n/sj/O8vrSc15Nntx25W1m9fdcOMnbmQ0o7zA7gh6rKek8Z2rasv9Rkj/Pf88HuZPP9F0T8YX3jXim7hjL/7IwIIYQQQgjxNyABFlFrOdV8H/vleCbs/YxzBZY/3xNZSYQDy3p1NmzQ8tOJLFp17UersjRlAZ7i62QZ/ph7owjQsuLrME6ZHK5/hzY1O2/2VXR3lvMay8+tPnBSXduYuXaYT09lQYN+LOs/i5ndO9x23u6WlMP/ZlMh+LefQHj/f/GA7Z+YmRoHBLWEL/8XwRnZ5ptzfv/D+sa9YbyGPP7srAghhBBCCPE3UPfPzoD4m6rroPy/UA/25u89sKvXBNDTsL7lz/dCWsoOoBcBD7kqG7RJRF2HsQ/7AqfNEzfyJWLce1y5actDHVoAedgbvvLv8RkHJz9eq3PbV5/kHtMDKrC1w7k2u9VvAMCkofOZ/Vjre5Cv2sv//TLQjiWzFhLwJ5xfqcnatqg9jg2gU307w2dXZi/LYPZdztsfzuwaEkIIIYQQQlRHRrCIWnMGLpyM5KU5ntSZ+RB1pvkza+tBAFJ2B+MXexJI59GZ/oSsnW72+YPkVFaEDWLkyvdZFDZImbozzYfJ6741TscoTGfFyrG0NkzjqTNrBIt2G6ev5J76lL4zB7E2tWyNDj1xifuh5UB8DM/GmT/v5hTt6NehReUC5KvZfeBbNv8UzXH1EeYuGMIcw+CDuKOv0XdBMPH5wLVkFr1blkdPWs+ZwebUqieNaFO/ZfIc"
01:01:11.623 [Forwarding screenshot on session d6a0bef0-bd24-11e6-8678-ab184a9d7075 to remote] DEBUG org.apache.http.wire - http-outgoing-0 << "n/L0A8MiSMk3fq+/uItZS/yNZV47m5Fz/Hnph+Tycq9dO9lY7mk+DAx7n6R8y+czHs/QBl/9wCXzFMT+sBDv8uP5M+uHg+gB7akIvF+fSRywb/t4vJdEGKZPneKDj0eYlHky60+VjZzRsuLdQYxdt84szcCwCJPpYNbbztrx46Nm4Hc4HaWv+DB2o9Kn0hLXMdasXk3qJP8Ik2f688Epk3Yx3ZZ/hMmzBjF3awSTZxnyNNPYXxWXWW+o93rTPBn58TscvW5e1/G7lzFwljEP3nMms/bUZUOdDGHOdTiVNJPWs2YQn69lRdggBq7cWD5FqNoyVJvHytIS1zF2gb8xTwvM+2fagWX0nTWIyWvfZ66h33m/u45c8vhu44zyNvJ+dyGhKyfTd44/k6OMbWX1GhJCCCGEEEJUIgEWUWv1gU2Hw/ihwbN8MngGTzXIInznRBYla7Fz6MBT9gBOTOo6Aq9mnc0+d3RrSJ42ne+Or2BhmgufjPuAZe0b8Pnh13ls5S4ANn86mpeOJ/C432y+Gj2bMZxk4ZYxLDI8RBcVXyWuMJ3zOsMEjMITfH0JxnTvTdlYmqP/iQaXofRoaKEAxdkcvJTAd5r9/JxzkYOaLJMvc4nTJJJdkMzY2U+zMCO9/JuL2bt4LnwAa89XXgI3N/VTmoa/zufZbix8cgmf+PVjT1oYnefOJg0g/whj35lB+KUsZgS8xRq/3nx+9Gu+y87i5JVsII8V7w1iytH9dOs6g69GL2GOZwP2pK3g4U+/rVyGQpPj9X+LT/zaE374ay6aJNm7bgSPfh+Jzm04a0YvYU7L64R/P5H+6/bh4NKFcV160wpo7+7PuE4PYkc6L819kuBTJxnTYzZfjZxB++z9TPi4LysMway8nHQ2HV5E8ClY2H8WwS2bsyctjFGf16TtrB+/WauuDMDQV7o8y+Nt3VAfXojXmkVsym7FsieXEN6jl1Inr84gqRAgn6OFWfx2o8ik5CbbivNJv57Osp1h7HN5lk8GT2UASn8NPZUH6FkfNpQJR/fTsv1UIp+cgfbU13xXSPnQpLQfg/Hb8hl77HvzycglfOI3CF32fqZ8/DpJhfa0bR+IP4Bzb/7xsD8utqBVp7PnbDo6qL4M1eaxsrQfg5VjmvTdU5pdPBfek0WGNXh+ORtL3PV0Pj+6gmWXDOmauBO39llGxu4q7yunMiKZc3w/cdlZpOcao3lWryETC39aSJ1FdSz+t/CnhdZ3FkIIIYQQ4r+ITBEStVYA4Dmb1Df+iQqY5KWiXngYubrrtH/kn7x+YQffxeqZMOk1AuyhQ+4ek89akgDozPbQjTzRCHjkUVRLuhJ8/AP2XvPmRGYu0IuR/Z/jieaOjO7Rhfbrf+RhB+WJ19VnDjc+CkZlmJqUe+Yge3DiK+92hhwmE50GTw3ugxNUXqjUVgkSAaDqw8GPdjF3ziCWXYdOnd4j7p9PcG7bJDaV5XPJVp5wzWPFuwG8lJHLlKjNjHtjiMkB8/hiYyjQju2hu5QyMZbBLYPx3Pw16xJf5emLH/IdMGfiQd7xawFMxL9ZMF5bopVD5J/nXFFznvKbx5aJgwAY/ZgfuTMfY4U6BTVPmxUhJeZTvgOCx/1I2COtgYn0dJrMwzv3KwkKD/L+4XRoOZvUeUo78dhI2rz7EFMOf8yRp7cyezz8cHQXfv3mMtvHkbQfg1lRCJNG7mLtQKUuR/fxoe+rU3kp6ivGzXvKsCxJL/aEbqR/I4ChMPMxws8moMZ626X9uNLq8XPm/ZN3zu5gT6yeCePnEGCfx4olkUq9LtnKE65KvfZtNoOHv9/F/8Uks7G6eUSGNVxaeb5F6hsTDf3VgXrhYeTd0MG1VD5NywXPt9g7S/n+eR8PvBe9zinDqJz8POjk8ixRy0Jpj5KHtjcHMeBoNlcKHHlixGySDkSS02YMb43tC2ixtwcK7bEnj29+rFkZqswjjuZlKjzCnM1Kv2nVcirbXgqm7c0TzA0bQ3g2LFz/Mc91D8WurnHq3own1zGzVRHZKlj4nhI09O/6HttffBr7i7sY+84MvjM7ifk1ZM3CRxcCsCh2kdn2twLeKv9OCCGEEEKI/wUSYBG3ZUDLLuWjRVTuXRgA7D17Hh5pTVGxMsKjqACwp9LnwkLA8ykeb1R2NEcGdx9E8KV4sm805unHB7Hs+10MXdQVaM6YriMY128CT7QyPmiqTNZ9OXpsK9gPpEdz5bM+9RCbgDU+NVy01b4RjvbAdXCu74yTvYr864Y5Q/Z6Nnw+mQ3c4HCGYcKHJpPfzQ5QSG4xQDpDF/vTqWzzdWXUwLaTJxlYNxtworvJdIv2fUbivyVaWZi2oQ9hb8cQf2Azc1cGk/rrz3ynMYyeaWBfaVWQK79fBprzuHfr8m2+gWPpZAiw5Gb+zB6AS6F0nxOpLNhqD6eyAX4nvxigiByg8KbyEP9L5s8AfL5lNEd3NygrhLL4729Z6DAM6mjgTdfytmtA0wYYggktrLbd3pjqj59v1ld+IekS4DmGx12NZfcNeBr/73eRcqXCorLlKq9F076Nl1l/9Tf8WXshmThgzmOB5d/T/BHGucAcQ4DFd0Q4O732EbVuNsuv/MLRywmG4Es7lFVXdErg6abpKJoyNS9DVXmspCC/PGg49okpeDdSAT2ZNexZwtd9DYXHOXcNygee2D/La0/0VRaqvbaPsrWmuz/8iBI8aTWI0e2d+C7N+M6j2l5DFYMsElwRQgghhBD/iyTAImotB+jbwdNkSxEFUKsFVlvVb4TZ0ri2SgihqBh8n1jBb1772PDTdnae/olNx1ew6fgKnhr8LVtG+FQ40gV2nsiiU5f+5W86ST4WAwzHv5WKO1aYzuEcFS3R082zH37cQF/fo1LAo+zzjC4jaEqxss3WAZWdHofmLeEsQAPsqMoF5s56jGXXAft2jGndlfCeIzm6O5RNVt5mY/5IbwwsFN24CkArt+GM82pBYbGSp8kNHAAXHqwPhmwa9zbcDZ7q+iw96pe9RMeWyQ1UUK8DDlVno5y1tnul1sdviJM9YNuQCssoVz5xXeM2veZn4oC+hs85QN825v3V+LalskqoumX2rhvBgMMnARjQsh/DHplN/5OhhGuq3KXWZbCexwqqeLOSvW0V/b2BE5Zm+Zimzq/QF27nGjINqEhwRQghhBBC/C+SAIu4PRZ+ra/4QGhX3/Jne3u4eCqaFJ7EG1AWqY0G2tHM8SofhE3mQOPX2TI5nH8BZH2L96LX+e7YIXJH+JhPWchKIrwQFnYzvp55z39O0qrTJMN0jttjV/6w2o9NC9fS2x72Rs3mK62KHp6eVQQbejFp4muUv3Pl/LdM3rSDtk2fpGsDFyCdQykXeOKR1gCkHd1CHOAP5CZvYtl1aNX+PS7MKpsOlMzY77F4lbo4Kcc7eU7LU92VoRHqk/vKAwuubXvgz2dccvZn9ljj9KL4rbN5L01H3+LKx2zo5AKA18NTmN29bLjFBULD5nK28f3VVxqXrbbdK91qe3zD6Ji0b4kvfJrehiiW+tgPxAFjmrlBsQZnIPWiBnyUY/56OaPyoSyOLgHX1j50AjYmHOCd7oZ6KszgaDbQQCnT4RMnwX44qR+Fl/ep736NrBRgsfxK5hqUAY3VPFZmVz7FbVvcDoJ9JuLKBTbsNkw3owMPNoIrZclNA3S2Jvv+uJmJnadgdyaSf2fkmiS6/WtIAitCCCGEEOJ/mSxyK+66opsA6Xz4+fvEavUVPpc97e1n2IKF/HDqCGtXPseUDOjUaQb9GzlATjrfHZ7K5I3fEp96hPV793EK6NSmg7KmyqkIWk/z4YNTWtJS9gGdGVDx9cy+1l8tW1Dhc8VBIr37TzdM0diP30x/Bi7wZ8Der/n8eCQ7dXaozPZxZfTgZ4EEHp41mfWJR4g9EEHf5a/z+aVjeDz4AL7DXuEpYNmGx3hp46esWDcDL8M6GjmAk1s7WgEXtYn8kHqKpMSNTJ71tLIOjL15/ooA38DJDAAWrnmK0B8PEnvgfQavizQmatidFzzhYtrr9P04gtjUI6zfOBm/nV/znQbcLAxp8A18kQHAsjUDmPXDLuJP7WLukqeYk5bANSdP"
01:01:11.623 [Forwarding screenshot on session d6a0bef0-bd24-11e6-8678-ab184a9d7075 to remote] DEBUG org.apache.http.wire - http-outgoing-0 << "nCzUk2ndFWK97QJqcHxzrjzVfziQgN/CYL5LPsLe3Qvx3/A10I5nfDqVBwy+2/kaH/y4i+9+WEi/DV9jqLbqNfLlxZZw8dTrjFy7kfhTu5i1cIyyHok9FGJnWE8lke9+PEhK6kFWfDyIkaeygHzyb5S1CFw8+h5zo74ls9C8b1Rbhhow7fM07MvcACWgeOrUIppO86H1tMf4f/buPy6qOl/8+Gt3Gxh/MCBhozZWYOG0JK6yaKAbuaKsW65dv5ZrS9Y1ulDLtXC7SFfxsoEbsS2UOyXcyFqivGxckzBZWlybXQSTOxrQ3J1whcpJm6RRZgJnmL31/WOG38wAorbtvp+PByVnzvmcz6/z0fOez+ectJPuIEnaTx70HhiZ/D0ejfUc25qPduO3CSvMpXbAyUZ3DQkhhBBCCCEGkgCLGDNvS4FmTHAve/jO/NXcBLz+7nOk7m8Y9PuxvgPOlXD7r9eR9G4Ti2dn8Ma//ghQkZLyPA8FB7JL/2/EFqxjfd3vWDx7E2/8eKn7OJedD+ng0/PdHDj0O1D/sPf1zObj1bzHjOFfLdt7x933Lb6/Z2mJv2fZxURPGZj6A/al/9LzBqRTvOV5W8u62F/y2zULBxwDEHpLLv+zej03dR5kffE6bn0ln1rCKbi3jLUzlOC/kD2/2s1jM2fwnD6Xn9Y1kRZ7F9cCt9wwC2YsoyB2CVh/y+0FP+K7xVs5onmAx8JmgFXPn8+Ce1GHEj8FMHkppWk5LPc/xWNl93LrK88RNDOyXzFV3L/5Dzx7UyS17+Vza8E61usPcq36Lt5+7DE0w7Xl5O/x239/mg2TOih44yFif/0QT5zsYF3sL3nRszQrcJjlKYEKYHIAASO13SjSnxw4sN1mf7+Auh/dxbXWClYXrmP5nhI+nLSE/0r/Lf80w53np9au51paSCt7iNVvlBB70w+4lr4gx3D9tW/bVB76t9/xRNgMXj+yldhfP0SB0x3sIuhKAphK4upNLMZdz5EF9/LT41eTFfsD4BQ1phbgamK/uwRo4Ynf5/C/XQPracQyjJhHBvR5gLi7/4u3lq3yPO+nw/NGoHCe+Mkb5N8SPjChQZGmZffu5a1ld7F4kjuktfw7GRR/J7L3c5/XkBBCCCGEEMKrb3z55ZdfftWZEH+PHHR83o3/ZJXnWQ89vzt5+rGFPMZDfPrEo3DmY5hwJVMnD33WQ8fZj7H/Ffy9fN67D1eimeL53HmGNhuETp067P4XUg7zqU9wKRRMVl3N1BGnRdgwn7KCYhIhU6f2Puei48SrPLi7ieSf5hLneUCsw6RjQkE+jyX9iV9Eu29mHZ+f4bStm8kq72UenL8zZz7jc/y8ltlx9mNOn3ehmBCMZopq2H0GO3PmYz6HUZZ5qJHabszpO22YP7OCtzI4bZhtVrhiWl9fuIA8W89D8Iyrh5lNY8N8xg74ofHWt5w2Olx+BHprt5HKcEF62h+mT72akUt+hueevIcKrkYTspTc++9mKmfI3baQxyxw04LnaE6MusjXkBBCCCGEEP8YJMAiLrMz/PyxhWQ5H+DT/Mf4R7mF63jvCYJ+/TwEr6Jk5e0E24+Ru+c5agmkJL2ee2ZdhAfyCjEiG08/9h3SPC8vunZSOAGdLe43OdH/td9CCCGEEEKIsZKH3IrLbrhlJn/vAm9K461ln7L89xWs/43nYaT+kTz7z89KcEVcRioe2fQ8x/Mf5TlrBx92el4FTiAPLXuKX0hwRQghhBBCiAsmM1iEuJycNsw2O1wRcBGXiQgxdo7PbdjP23Fe4UfIlKmjWF4khBBCCCGE8EUCLEIIIYQQQgghhBDjJG8REkIIIYQQQgghhBgnCbAIIYQQQgghhBBCjJMEWIQQQgghhBBCCCHG6VtZWVlZX3UmxNeI3UhRXhE19fXU1tZSW1vLkXeNtJ+fwHXXXTW611JZGtBlP0VRyWv8metZfONVFyVrLZU6nn7TQnTMbD6sLuLpN04THTMb/4uSOpj1pTzzwmuYOtV8d/YEqosK+E2VEfX873KVP1gaKyl4spDX9u1Db/o/br6I5x6t/nUw8Nx2KvPzMKrmENZZxxP5+wmJXkDgqQO9f77qImS2raGOc6qZTLkIaTnbLm7eRs9KWfZTtITM58Z+J7Y0VvOfz/+G/TVHOOXyZ/b1V/f1d3sblS+9SOlreznUbCEobDbTJns+tbdQ9vzzlFVW8+7xc1w5+0auvJTlcbZQ9NRz1NT2XaPun4McfNfG/AWz+dBrP/HVh0bS18duvGrCqI4wVur49ettRCy+icmebZaGMgoKX+eTAC03Xd2z1Uxp7i+p79Tw3euvHFOuLjVLQxlPFu7jW+HRXKfqGwEvT/+1U11UwO6aWup7xuMj7/Ln03amhoWhugjvCbSbjfzlfCBXTb6CllGOq842PU/lvszZa+czu6ez240U5f2aGtOXzP1uWO/xxkodv37TwrenmSm41PXlbKG0cDd/PGZm6pwbmTK4fnrz6GLud6/HHyd1ZTvIL3yFfft/T+u3wlgw2v5nN6LLKeKsZj7XX9ILvs+FX7tCCCGEuFhkBosYG1cHzU1NGIzHOX78OMePG6nX11CiyyIpuxLnKJJoeO036FvbCQm/gYjZ0y9a1to/PIap/kO6gHZjDab6D3FdtNTho+bDNJlMHPmwA+jieK0BU1Mt7S4AK3t3lNBkNmOxWGg9C34X8dyj1b8OBnLxYX0TLe0uOtv/TJNJT7sLOk//mSbTO54yjI+9oYj0vJ18dJEqvX8+Lx8nB3TZlDc1caqjrxatDbtIzSmmvulzJvlZqCjO46H8A55PzeQ/lE5JTT1MmcwH9RXkpG6jwQ44jWRu2EK53gCT/DDW7GbLhmxaRnOhXKjOdpoN/a/Rnp8WWk524MJXP/H9mW99fWy0Av3OYjLs411z37Z3f7ePJlMT5b97t2+j2UiFwcTZKyaOOVeX2ol3/oTJZECX+xKWftsv5rXlnYsPjhhoMhh72/lYvZ6q3YWkJWbSYB1n8vYGHkvLotJ0DoD240dG1Tf8A+F4axO1xz7q3WZtPkhNkwlDzVu09vZ/C7W/1WOyuOBy1FdnOwf1evQ1b/JR5zCfu9qpbTJhqDHSBdgbX6GgvB6zxYLFYqZbGTj6c7k6OGZqwtg+9ivpQl34tSuEEEKIi+UifL8l/qEo4DwQt/GXpEYHu7c5zZTmPEZFUwmvNC5iw9xgn0n4Kc6DcglPZm64OHlyOsHfn0kTJ4BSgQKI/WkpUZv8L+q3eAqFAgD3d/NBLElKYobtCmZNAjhNqw1ATapOR5z6Ip54NIapgyGU4KeA4Bl8i0sAACAASURBVOhUSnc9gH8AWBUKIJCJkwCcMJ4a83P/Z+KwJx+7/vm8LJxtlObkUGGyAfSrQzv7X60CIskqzSTCH1oqs9lS8hKVbYtZqTByzAFRSQVkJGigZQ93btnNn5otBH62BxOwIl3Hhmg1WPSkpurY+UojBRvmXppy9F6jT5MaPXzlKRQM7Sej6UMj8fSx0dJ8JxYlTRhPWEjQqIEWjjQ53B82HaGFBMIB8/vHADW3zNNcSK4uqZ5xAUsNurLFZK+N6PkA8LuwehwjVdxGXkiN7v3duCeXrN0GCl/VE50ad+EJ+7n70uSJ7sCWQgGoJjIRevvLsILnsEgNVe+14lwbgT/QfNTk+bAVg8nK3LnBYD1BswMivz8PP8UZ+saicY9Gw1OACrAxYfh2mTSL+9avo0s1myCgu9sT7VHFU/RCMr7/Zht6Lri8gfZhr2shhBBCXFYSYBEXxtXva0Z/DYlbH+X9xBwO/cnEhrmxYG9hV94Oqkzu73Q1UWv4WcZaTu/aTF6NDajizns+ZutzmcxsreTJp0podQAoiVufQerKCMBK6eZttM3UYtXrMQNKdRQPZmYQqwanuY6C3J0YLA5QhaFVWcBvDgDGvXnkHg3lmScTOVmayUvmUGadPYi+1QGoiE/ZSvLSUMBCZX4+JfWtAGhjojhr7OTep7Pxcm/q0cn79X/gD5YpzIqZRulDWbhTsKB79H5ObvwlibNOontyB3p35IWwmHVs2rSa4WIvxupd7Cyu6v0GvG/fC68Db+zG"
01:01:11.624 [Forwarding screenshot on session d6a0bef0-bd24-11e6-8678-ab184a9d7075 to remote] DEBUG org.apache.http.wire - http-outgoing-0 << "Mh7JfY+UZ7KZ5clzeU4aeSYzoCRq1YOkJca6b268tKMGK2WZ2zjMJNpNrTiuDMP/M3cN5G3YzNpVUyg7CFlPZxDhqUe9Lo1iy808l72W/lU7oAz9yj6xXz61p/fwWO6f0ERMxmAwefZbz+ZNKwkGzHVl/HpnuacPqYhP2kRyQgTgpK6sgIJyg/tkqkhStj7C0tChjWs9XEaFqZuY+Bjqa+r7zX5y0WkDVdxSIjx3fOGLbkFZ0sTx0+dwTu/GAfgpPbc1IVeich9G+4cfADEsj/a0ulpLGGDsGu7r86+G7z7kvf7sxj08lvsmihAwm22ErXqYmQCco3TzoxxW34du01JPMkZyH8pl8t1PkLq0X5BEfRMLlfBO8wmIU+NsOUYTSlasW0zV7hqOtTgJD/fn/QYjqJagDQawcmDXsxRWNXnypCVpcxoJ4cE0lmbyUpuGmZ/XUt/qAJWW9SnxfPgbHXoLoAwjKWMzCRHBgJlKXREles+Nv1JNfOKDJCdEuNPxOmYM5gKlBm2gGVN5PtWLXiBhmDiQtdHbOAf2Nj3P7yih3uweK5SaKJI2phEX2jnwOtOsoqggcZgb/YHTPiJWZ5DUcg/F+v00PhDHXH/f18Hw48+t/D4jDxugz9uAZdVWfsQEsB0ib/MhTK02T71sJnlp+KD8BBM1X0NV1bucYiWhmDHoLWji16CuLefo4RNsmBuM9UQzFpT803dC4SMAC28UZJLnucY1MevJ9Fzj3uvP9xg5Jt2f0fCHP2BRw3dC3iMrr8a93VbLv6WeZeMTGVzZXMavdpZjdgCoiU960DPWjI2v/jDgmlSqCQvsoH1KAr/MTkThta/IoiAhhBDib4EsERIXh/9MQtVgO9aMFQtFj2yhyjSJ9elZZKWtwWUoJy1zDzOX3M0KrRKUkSQ9+COCT1XycE4J7detYOv27aSsCEdfkkW+3r1moLvTQpNez6x1qaSnriLQYqBAV4kTM8+mFWA4H07K1ixSFvlhMtMzvYSucx/gOHXOk8ZZzIYqjk1JIH1rKnEaGzWFhTQ6oU6XTUl9K3Hr08hKW8fZegMW29kB8SNvzphbsZjNnDv/V1zd/T5wQDcfkf9wDvpWGyqNFq1aSWv9blKHWUZlbywiq7gKRfx6svK2k7omhtb63bxSZxlXHXjj6jqDzXFqwDTy1g8mu9NYEY6hooCCajP4aEcn0HnKgtnUyrwV8cQtuIV/XqUFIGb9Gr6/KAJsBiqPeNZ+2BvYqzczY948BoY2rLzyHwUYFIvZmlfA1qQ4Wut3k1tmHJBPV9cZLA4zBgMkpW8laYWW1voSXmuwgrmSxwrKOTUjnvTtWayLmUBNcRZlLU6MZdsoKDcQtSaV7dvTiVM1UZi+bdilE8Hz/wXdrpfZdN/3BgXBXNANts/P923q+MwdVAH8QxexJgzqdY+SnZtLWrIOmzKKhPk9qZylo19qfkqwmZoZ7+oNXyYAJ/5UwZ49eygrK+v9qW4wD9rTdx/yVX/uNrFhNs9gRXwM88OmetIMYs6cECz1r1Nnd2+xHK7GYIMbZg+OPKiZv1CF41gzduAvRw4DESy/bTmRwOFjfwEsNBocqBdFEQw0FG2jsKrJnaesVGImmCjesg29xXOtN9XQOuV20tPXE9ZtoiRPxwntOtJS16FxtFK8pwGAA7lplOg/YFXKVrZvT2dF+HlqindSZ/c9Zgx1HvyiSM1IQomN4txdWGHALAJnm69xzkhOuo56VwRpWdvJSltHiNmAbsde7Ay6zubMZNIo+0BoRDjQzrlO3+3offxxseiOFQBoVyTx41vDPKWycWryEtK3phEf1k1N4Q7qhunMYQujgBZaLID5GPXAzct/yC3zlFiOHMUOnGxuBuU8bup3wZk813jKqkjM9SW82mAdof58jZFj1YnZbMF8/Ayuv/bf7sDW0UmHqYy0gnLMDiVhkVrUWKgpzkKnt3hLcFi+y9NGQb9rMjVBTavFge1UJ64R+ooQQgghvnoSYBEXTc/SgE7j29TYQLvmbhbNCiFEu4y7V2jA9CbvB84lShMIXEVs7Fw+ebsaByruuuc2pk2cyLw7VhOjgvq9b2MHXOdBGZNK6uo4ouMSuTdeBR98yMeNb1EPrNqUztK5ESzdsJV1Wtzz2Xv1v8WJ4ecZiUTPjePe++Jx33i08Ue9BVVcGqkrY4mIXc3jaXGDE/GqJ3XFpLlkFqd7bsrVpO16gTt4h3oHQCQbM7PZmpGEBqDpDxgG3Yz4TVtMUlIqGckruT4whGvCrkZJ39Ty8dWB95z3r511j2d70khnlQYMlW/xiY92PGx1f2eujEll04ZkUjfcxoI5GkDN926NJjj0Vnc6+97GCZjrfocZNatuHfxNt+e793YzptbTXBl9N3nbt/OzZdcMm8/1edkkRM8lYcMGtECny0XDW9U40JLxZDLR4RGs3vQz1sSvImyihdq3WkGzgrXL5jBx4izuuG8NYOYd0zB3hAHBqAOAbtegKlQzf7EaDIVkFlVSp9/D5vTdfXmznqStHcAPhZ8ffkrAYcF82sqcJcsBE7lpOg7U6dmV/e/oHcB510V9PtBwzPUVvP7665SX7/P8lPO75tMD9un02Yeso6q/ddu3siF5E2tjp/Zum7vsdlRYOPB2G+Dk7b31EHY7tw4zs0M7fx7Ymml12nnvsBmiotH4h7IgEsyH38NuP8Ex4OaFYUAbB2osKGNSyVgbR3hEHJueSEOFhZpDRk+KMWRmrCU6eiVrFquBGDJSVxMbt5r74lXQchwLTmbekkJK+uMkLtUSEjgdbfh1QP/JecONGV4qu7uTiZoEMtZowVJFQWUbfv3WyjW95WOcc4awKimJ9IwHiL1+OiHXzCZKC7SfcQcX6X+dxY162cz0a64GQDFCO/oaf0JvnoMaUM+JJUIT4MlNDL/ITCR6biz33b0YbwNOwPVz0ODAeMKK2fguoGVeaADamxeC7QjNdiumoxaUC28eENBc57nGlyYmEgmcbD3tu/7wPkaeG2Vd9acAmABBc9fy9FZ3gAl1PLtezuaKo38CQBWTyNbMbDaujwJAv/f3Ywpw+CrP6Ya3MABrNmeydG4EcYmZpEQp3Xkboa8IIYQQ4qsnS4TERdNpA1ST+LLD/c9aU3kOyeX999CgALo9/yB338coAAvFW1IHJjah0/0Pxm4Ij7hm0JkUfNndBagIm95zu+HPrFA1fDBczs6DchI9j8fsmW2iOPsRx4F582f17hk86waUHBv7zW+nqzcQMHD2SxM5yXf2+902JG3/oEDOHSsmtVg3fNoXpQ58C+x9dqg/c+aoqTjYRUeHO6fe2nFwvtz1et5T/gBuvT2GisJqDluWcbKyCSLXEztkbUMwd29OwbyjkPJCE+UAqjDWb9rMoiG5VHFl7zMmA9EooRPcd1eqOfQ9LjmUtcmhYG/kDRtgqyI9uWpASidNJxgmM15FJ/+K1El5FFeUUFCjIiouCvQGXEDj/pcw2NSkFek8SZrJvyeN4pcPkZC9Ft1WBblP7aawQI86Mo4otR6j5sZhl4pdLOeBuPSivuckedHtqw/ZT2L2VX9zANRMmz7MLb96MbeFFbK7+hDWRTPZZ4a4tFuHDQ4Ea+ejQk/z4SM0WyDmzpsAiIiNgsKj1NWdwUEY864PALsJC7DwZm1fAgGzWKCC2g/aYZL7Wu8LbQz83X3pK1Dgz/QQKNuRTmHegIx79vUyZnivSrqAiLVprDicTFXJDvaun9XvUx/jnL+awO7j5KcVMzArimGvs9H6yPS+O++dvtvRP2q69/GnJ9jo6gICGFyfnd1DD+nlr+VmDbzV3MCRT5tAu55wgDnzUaPnaN0hTlpg4b392hIV0/pd41er4OCZDs/DRcb+94Sv9hrNGO/qeQbLeXf79qRoqy9mw53FfTu2n6OnhkbHe3k8C3+YFtK3WTUl0N15R+orQgghhPjKSYBFXBjFwLd52Bv3U2ODsOXzmDLpHQDi04tI9tzg2c0NvH2si1mTPEvtPVwuG6Al67Vselaxt9QdoM01jSDc/wieFDD0zQ1+fhMBGyfbnRDsvm1r/7RjbE8UnDKdGYDJ9BE9i/WtJ47jwPeN1LAU"
01:01:11.624 [Forwarding screenshot on session d6a0bef0-bd24-11e6-8678-ab184a9d7075 to remote] DEBUG org.apache.http.wire - http-outgoing-0 << "w/4RiGSr7hFmulr5/dvNKKaGoR00x7/hpf+g3ABr0rJYNieCYBq4f0Oe56biEtcBACom9GbaianZAoHzex826a0dj3rJV08FaBYnEFZYz94XX6TdAiseGBoyASutp+HHmaVETDxD49EjvFq8m5L8vXw7xXeue26QXC7A5l6GE+xJc0/+s5yZuwy1EkwRKbyW0fMsEDMH3jISMk87XJJetdW9hS3sn3n5Nc8UjLY93Kk3oFAo6DxnAyKY1RvL0BARDvUfnOITcwN6UyCZL7/myZuF3Dv1oB3da4zHZ+Re7LMPBUzzXX+njwLnvdyp+nPrqnh2F1Tzn8+G4CCS5d4eiBGsZZEaKopfAjSs8iyt0syLQY2O4uJW0K7jen/AP5Bg4J3DJlJ70nN+QqsNwm+YDqdGWzdmnt9SSJM6hvS8n6ANVUNDERvyjow2gSHctR3MhowUjqYWUl5iBve8NZ/j3BWNu8gq0RMWn8TP74hGow5Gn38POs+EHG/X/8CTD27rFir3tYIqHu3MaTT7aMeGlx7xOf6407+Qtzf5M+97Wsp3l7IbiEqZ594cMIebNVBRXAJoWKP1HgR04e6KF/r3hC9Dqmyk/QGXJ3qujkvh8XsX0GGq4+D757g2bB5BXs8ztO58lSeQWsDBZ/2uSdtZ9zXZOUJfEUIIIcRXT5YIiTGbAJw8+nv0Bw5woLqa0qJsNuRUAJGsvyOCgLlLiARqCp9F32LB2lbH04/lUVJSQ8egr7C131sEmCjOr6TNYsWo38WWgkKKDe39vu0efAfnwm/uYiKB8p3P02i20qLfRaHBMWhvl5c/9whnRbwaS1Ueuso6jHV72FagZ8SHmHjh6vf/4Gh3HUATL734KntLX6K8ooLdxQeG1IH7wBCmXXMNk1xtlD1diA331Pihqff9Pro6GA0bBdm7aLFYaKx8nnIzRCYsYeao2rHfmdyRDkxHjO5nH/hHsCpOjdlgwKGMYfmwb5fq4A1dIVnZz9PYNZEw7SymAIQEjfpZE3O+twQwsENXjdlqoa7sWXbXN6EIiWDOQhUYXqLogBGr1Uzl87kUlhRj6Bgx2QFOH/0tJQW5VBvd9ZC9bTeo4rkjOphZc+YB9eTvOoDZasV4YBelTaBZcjNTOt6nvLyQZ8sa3OfPz8aAkrtucy8taKneRW5R9bDLC5zmOnTZuVS32AE7B4pyKapuGeazoQZco/1+qqvrsPQ+mGKkPqQeV/0Fxy4nCgeGJjPq+B8wdHFY755EzdeAwwFhNzOnZxpA8Bx6HmMTuWCeZzwIJzZKiaO+mF16IxZzC2V5O2gFwntf+T7S8isXLrrcs5+mXM01M4LoajlAXl4NMGGEMWMU1Ev5WVJUbxrge5zriYdOmaFhapCCxmodunrHoGHId05srUc5oHe3cWXZLjbfswWDA1ak3Il6pHb0Nf54Agonj75Ni7lnWdjo6+XaefMA90OCY27qWR8WwILveQKcmpvRjjDto5sL/3vCez4tFDx0P/ff7/m5504272rwmQ8XoP3efPfR+td5qaKC0t8UU1VRzkuHTw87O2sCYHqn/3VYTbXe6LM806KXEwXszs6hutGIvjTbfU326w8j9ZXL+mZ7IYQQQgwgM1jEmCmA1prd6Gp6tijRxqzix/clet6yEkp6Xio5OTp0PVOglWEkbU8nHGhgQu8si+C5G8ha30VuSQnp9SUAqLSr2PrTOMDqWVLU3wQInIiCcB7ZnsS2LcXkpOk9uQBHSJBnWn/PfoP/3C8dIDb5V5xnG4UlBehRolEDIzyvcFLQpL6K6HsSiycg0DNV252/nOxiWg01mHvqIPORITeakbfdRZi+GF3aBnSAKiySMGUTre+9D2unj6MOBupJR+Gn6C2/oufBOe1VbEl1Lx8Ii08hfaX7bSne29HFwUH5Cr7mRjToqSrMomtCEamxwcTelsBOfQkzEpYy/At2Q/mX9DVk55WTk+ouA6pI0v71NiZ99sqgfA4MfPWUJ2BuIlnrPyWrpBhPNRC5Ko2fzA3Af+4v+OTzbMoLs+jprlHr0tkQ4euuTsEE+r1+F4i9N4PDpiyKs1Ip7snjL5Ldy3ziUkn/5HPyygtJ86zA0MSsIyNxLv5oSYlvprA8z7PMSkl8yuOs9Lzxo+ODQxhq59GVnDBkeUHnR0fRNxmY+AP37dJfag3Uum4hOSF8yGdDSzD4Gu2hIjU6lolMgMAgJo7Qh+JSvdefvdF7m7iFsmJVGIaKUyQsj/RR3xAWFQVVZrQL+z8EOZiom8Ooqmhnwby+t/cszXiC09m5VOiyqPKUaUVqHmvDA2g4OPhanzBoRlfftfOjdVE07S4nNdG9/k0bE4Wy3kCzycJCH2PGUIPPAaEJP2XdkYfY7XnRka9xLsBfyyrtISpKskgsAdAQFaXBYDBxwj64TgdTMClECa01FPZrbFVYFOvv/mdWeoKavtrROdHX+LOARWFKqmpKyO5UsXHSWOoF/EPnEaXcjSFwEXP6TWAKn7cA5W4T1918U297D3eNAwROVIzj7wkfHDZsjn5HdHkPSyhnuK+HgLkb2LruHDm766mvqABArV1FxqbhX4WtAMz63ej0/ROLI+HlVB/lgYxdW8nf9hTFOVmgCiNMBa3nXfjNvcNnX6H3uhZCCCHEV+UbX3755ZdfdSbE3y+rxYJLoUAdPMLzLpx2LOe6UEwMIjhgLK+bdGK1nIOJaoJHvwDew05lbg7HI+5n00p32MNcnUta8XFSi14gbvSP6Bgxfy4UqNW+Euwpx1jL3//YC6mDPlaLxev5R92Og4+rKyK5oJYU3css9fnQEU89KSaivtBC9PShIHXPzPq+j6xWzrlcTAxSM+bq7cdudc8YCRguj0471nNdw9ah026l0wWK4OAxPKfhcvLdhy60/qqz76HYsoQi3YZhXi08Pu48QZA6eNQPfh3CbsXSNf5+MWo+xjm71UIXY7/GxnR6r+04nvHnMrrgvycudj6sWM65xp+P4cpjN5K/7b+I2LiVhFB/wEnZ5kTKWUfpk6vx5/L0FSGEEEJcGAmwiH9oB3LvodDgICwqjjBOUmNwP+9hV/bqv9Eb4a8Jp5Hcn+VisDhAu57S7JUXfhMsvnbsjWU89lQ5FgfEpOrYFHcpH+krxN8Rp5HMxCxMqImJn0OnqZYms4O41AJS44afByiEEEKIvx0SYBH/4KzU7XmNA++08rnfZMLm3cKdq+Mu+rft/3CcLezKe4E2xRzu+Wki4RKt+odib6nm6Rf+wJT5q3hgbawE14QYC4uRstcqOXryLH6TZ7LgB3ewMlqCK0IIIcTXgQRYhBBCCCGEEEIIIcZJ3iIkhBBCCCGEEEIIMU4SYBFCCCGEEEIIIYQYp29lZWVlfdWZEF8ndqp1efzu7HQWXH/liHu3NdRxTjWTKV+3hzA429j1hI62kDnceJX315BeePot7HriafaZXMz/7vUDn1FhbUD3ix0cOTeDBTdedfHPfRm0VOp4+k0L0TGz5fkbf2PMjdWUvPQb/rvyIM0nO5n27dlMuWLwTnpyf7mPKdELuKpfAxrLMnni7S+40lJH9aEmjMYmmprcP//zP/+DLeh6rvuaXewt1UU8/cZpomNm8+FX3G+9jZfOtgM8kb+fkEHtMWwa+lJyn3qGkv9uYtb345g2qoJYaaj+b3Y9/yIlJa9Q/vqb/OnYn+n6MgBN2LTeunC2VfNE/u8IiV5A4Km+Pw/Ok7PtAE/l/56rFn2XK6+40DwJIYQQQnz9yAwWMUYuPniniXeM7SPuaW8oIj1vJx+5LkO2LrbO0xxsauKDjkuUef9wtFd9TlNNMb/RWwZ8VP3sDvSmU1w77/pLc+7LoP3DY5jqP6Trq86IGMCi15GWU4ze2I16Sjf1VSWkJ+VjHrgXRbk6DKZjtA/o/nbeecsEUydxdG8FVVUVVFT0/VRVVWH46OvX4u3GGkz1H+Liq+23vsbLzvY/02TSD2qP4Zh5vbiC1g4V4TdcxeC42XCcbQdIuzOZvOIKLH4zWX5XInf90xLUnxvZXZjDhvvzaevJx+njNJneod018M9D8nv6zxhMtZzuvLA8CSGEEEJ8Xcm/dcTY+YGf3+j2"
01:01:11.624 [Forwarding screenshot on session d6a0bef0-bd24-11e6-8678-ab184a9d7075 to remote] DEBUG org.apache.http.wire - http-outgoing-0 << "Az8mKi5xfi4yJ+A/aRKBeIpwicQm/4zDtWnodf/J8rhMwgF7YynFTQ6067JYGfr1/ZpXoQCUCr5mTf93zsmRGj0QQ8HLm9DgDrik6vS82WAlOdr97qzG0nxqLAATBrafvZlDNrhjwXxWrn2N5N4P2si9Mx2DMoZ/+hq+jjn2p6VEbfLHn6+43/oYL4OjUynd9QD+I72Ny/kRRgfEpD3OptjRvLqrhbz0QszKSNKeyCS234tqVq5OxGrcw8NZu9mWW83LGQmeCvJz10//Pw8yadLEvs/GnCchhBBCiK8vCbCIcbBSunkbbTO1WPV6zIBSHcWDmRnM+aSUh3JqAMjbsJm0oieJVbSwK28HVSb3jA1N1Bp+lrEWDdBYms3z7yuYdMpAq82f66eDI+IhCpJj3aeyN5D50A5CNz7FBm2Hj3QyeckcyqyzB9G3OgAV8SlbSV4aCjipKyugoNzgTlMVScrWR1ga6v5Hf8uBIp4srMEGqNRKbMCcS1p/Gn6asYb6rHJ27mqkYMM0nn+qAtQrSFsd0VvHB3Y9S2FVkyfPWpI2p5EQHkxjaSZPNc/mmScTCQbsxj08knuMjc9lM3fQfUxjaSYvtWmY+Xkt9a0OUGlZnxLPh7/RobcAyjCSMjaTEBGMvU3P8ztKqDfbAFBqokjamEbcxMNsTi0mLO0pkmPdN9LWhl08nPc+G4ueJNrru6191buZSl0RJXqT+zOlmvjEB0lOmE7p5ocxhD04fB+IDvLZlv15Lc+QAJaV0sxtvD8ljM/r6zED6shV3H0LvKCrcPcL7Qq2bt1AqD9YGyt58qkSWh0ASuLWZ5C60t1u/fsSqIlPepDkhAic5joKcndisDgACItZx6ZNq1GPkM8BxynVhAV20D4lgV9mJxI8Qr/u042fOpKYeQn03EertTeiRE9nl3sagrNlDzkVrag1KiwDp7VgbT6MjSjmDao3Y2khBmBNxk8JHVL74LQ08LyuEL3JXS5N1Bo2pq0l1H/wda9kTdZzrI3on2/vZRtLn/bezyIw7s0j92gozzyZOEzu3ezGMh7JfY+U57KJDgCcRrKT8rl64y/ZEB3stb2HpOOljefbXhs6Xva7nnrP/0w2fvu9jHELbGRuKMAG1BdsIK05nYLkWV7HD4DGXTtpQkN6cSbRpw6QeX8hJhuoIuNZftWnHHXF8nj6CtLziilriWWZ1xqyUJmfT0l9K6BEo3YAauhsJDN5cJ6ihx5b9J/srWly159Kw6r1G0mMC8Vu3MNjuW+iuO4G/Dx9ZNXWZ0iceRJd9g70ZhsoNcQtVGN6x8iUhI1kJw5OXwghhBDi8pElQmJcujstNOn1zFqXSnrqKgItBgp0lfjN/SFJq7QAxKxfgzbYQtEjW6gyTWJ9ehZZaWtwGcpJy9yD05OOxWSg87o44mO+z3dvCMJcU4HR6T5P29u/w+TwY9Y1jJDOWcyGKo5NSSB9aypxGhs1hYU0OsFYto2CcgNRa1LZvj2dOFUThenbaLCC3VjKlsIaJkStISsrnXm4b4Av9eom/4i1pMWrMVc9RWZmNvUOFSmZG+i5t2oo2kZhVZM7z1mpxEwwUbxlG3oLdHeewnHqXG9arq5T2BynODdMprs7z2JuqqF1yu2kp68nrNtESZ6OE9p1pKWuQ+NopXhPA2AkJ11HvSuCtKztZKWtI8RsQLdjL3b1LGYqHdRUHMLdLE4OvVGFQz2bWV6DK77r/UBuGiX6D1iVspXt29NZEX6emuKd1NmDmR0W6KUPqH2mOejs3sszTF67z1ow1dejTUojdV0UlqYKCnTVLEhKI2VVFDZTFa8bLDjbKnk4p4T261awdft2UlaEoy/JIl9vBnsdTxbWELIihbyC7ayLOk9NcRZ6q5VX/qMAg2IxW/MK2JoUR2v9bnLLjCPks42CtAIM58NJ2ZpFaoKaVosD26lOXCPU70ABJKRmsqk3eOek+sVXcaBi9q4IogAAIABJREFUrlYNtFGwZTdo15ORtAg4P+Do5j8eg6hoNP03WuvYWdGKKiaFtRHDzbhqoyA1D71Jxbq0LLamrMJmKCc9oxQ7g6/7Jdx0zcCgkK+yjb5P++pn0HXugwHX0XBcXWewOU7R1XNtdXbwgcNGl8vlo70Hp+K9jRkyXno5Pz7GOL8wfpwSD4B2RRL3LZnlc/zA3sDzVWbi0x8n+twB7kkvxBQSR9rWNBZ8XkN5TRPt3RMIjb6TOCW0tHV4rR+9LpuS+lbi1qeTlXY7tp5Vj5OG5mkgO3syH6WkpgkbSjQaFdjMVOjSyT9gxtV1BovDhtlkoNUGEELYTBdF/5bjDq6owoicYUOvN2BxODg73OAnhBBCCHEZSYBFjIvrPChjUkldHUd0XCL3xqvggw85RzDz52gANd+7NZpJxrepsYF2zd0smhVCiHYZd6/QgOlNDvfeiESRkZlK8qYN/L9/WomSVqoPWwArb+1tAu0d3Nw+mnRi+HlGItFz47j3vnignXOdVmrfagXNCtYum8PEibO44741gJl3TFaaDx4EYsjMWEtERDSpT6RzuRY7xCZvJErpwGSyELl+M0t7T9zGgRoLyphUMtbGER4Rx6Yn0lBhoeaQ0bNP/wn6iiFbBnKXLzp6JWsWq4EYMlJXExu3mvviVdByHIszhFVJSaRnPEDs9dMJuWY2UVqg/QxdaLjtLi20euraamCvCaJWLsd7fMVXvX/CzFtSSEl/nMSlWkICp6MNvw4Alwuibxu+D8SpfbflAD7LM1RPf05OiCVu9VqiAFXcgyQnxLI0MZEoz35Nb1XjQMVd99zGtIkTmXfHamJUUL/3beyee7z2j//CR58puPVffs727QXcHOwJ2LWbMbWe5srou8nbvp2fLbvGZz7PNLzlniGyOZOlcyOIS8wkJUrpaesx1MUAdqrzf0axwdbb5/S6X2FAy/bslb1BFMWknv3N1BscxMTcNCCVxr2vYUHN+vuWDn8W4yEMwKqsx1kdG8HcpYn8IiUGzAc5Osx1P2DyyqjKNoo+jdNnP/OU1Edd9X2uGPirm4/2HsBnXxw4Xg69ngZf28ONcQFELJ6PGlDPiWVueIfP8cPe2oyFMJZEB7AnvxAHUeQ9mUrs3FiSU9YDEBE1CwjgxghoOnbCS91YaH7HgjIujdSV0UTErnW3MeeBwXkaVDLLEd40uWe7pBS8TEHBC2xf777K6l99k7O9O4aRVvQar+16nFjXexyxubelP/0kmU++QErM129pmhBCCCH+PskSITE+3RAecc2gje5nGLi6Ac7jckFnh/sbYlN5Dsnl/ffVeG4azoNyChN7N8eSoCmmYv8R7LP8qLFBfMoiOjteG0U6k3rTcecBFJ0nMdsAWxXpyVUDcnvSdIKFiglAd9+MlQAtc5TQOdb6uCDhrFiiwVDlYumt4X2b7e1YgIU3a/u2BcxigQpqP2iHSUMS8sFdLwovv7urSYHCX01g93Hy04rJ63+42t2mobf+CHVJHjWH2rjGrwobGlbcOmBOw0B2X/V+kumLoWxHOoUDT+bOl5c+4DvNEwxYWzFCeYbohuuum+75JZApSrjhxp7+PZEpvX1CAVgo3pI68PgJnXQFx7Jx/VF2lNSga3Iv+1BHrmDjIxu4e3MK5h2FlBeaKAdQhbF+02Y0Ed7z+SUASqaF9G1WTQl0N9pY6qKHswVdxhb0ZohZv51NK8OxG8vQ6S2g0fJ+dSUHjxwCujnwShks+SHRHMOAmrT5/W9k26iqMkNkEnFeImyurk5AyczpfZGTiapJvTU45Lrvb4SyLRxtn8af6SE++tkF6n23mI/2Du8fMBqhL/YfL33zMsYBdLvc845cXSOOH65pXaAMYzpm9rSCesXS3iVeTlcXoCRilhqw8mcDaNdfA5iGZufsCY45IPzavg6q6P/itf55YuAMJXv7afeyIKWWeZ5hJHzePFQlBmz901DP9szqCcDa/BfPUqIwZnmSm3bVmAZDIYQQQohLRgIsYlxcwKSAQN87KUAxyX0rE59e1PswTbu5gbePdTFrEnw05KAAlt0RQ4VuL08XAURxW3QwisaxpuMxaRpqJZgiUngtw/Ntu9PMgbeMhMzT0rn3PAMf"
01:01:11.624 [Forwarding screenshot on session d6a0bef0-bd24-11e6-8678-ab184a9d7075 to remote] DEBUG org.apache.http.wire - http-outgoing-0 << "2NiKyQGDJ7RfKt09d1X9b64CAgkG3jlsItXzzBOcn9Bqg/AbpsMp96aePCsuwoKmzsZdZJXoCYtP4ud3RKNRB6PPvwddz4SZgGhWRikp3ruLXZhQxqQw19ezeAN81buK59PyaFLHkJ73E7ShamgoYkPekZ6Dh+0D4PLZlv3ZRyrPIC5gSr9Ihgvwm6AY8DuAy2UDtGS9lk3PgpuWugO0uaYxwdpC+8T5/OK1VBTmFo69XUZhRRX7ji5iKfDjzFIiJp6h8egRXi3eTUn+Xr6zkRHy6eCzdicEuyvbdrbD/VBUn/U7sC48FUL2Qzk0OTSs3/44K3sjAAo0KjUu1zH2/vYY3d3uZ4QYqvZx1ZxlBJ6sBdV85vS7P+6ZnRL/Ax/PvHC5huTdHXRx16XPAMcIZet+09fB/Zl5fkuhj342Cj3XZ0+G/RS9C6icXtv7Njb1e+jvqPvixXrC7kjjB824V0J20Qko/PrCXG/v2QfKeURroK3yP9GjImVB6PAD7JRriFCC8cO+JUQKxegCHgEh01EBNsdJTtghOAAs7xvdAZTzLv7aUxnn+8a2YK0WNTVYbCaaLRCndtLaNvJb7YQQQgghLgdZIiQugsE39i73FpcLsGE6YsRv7hIigZrCZ9G3WLC21fH0Y3mUlNTQ4T/oOA913O1EYqPJZCNsjXvZQsAFpONJjTkLVWB4iaIDRqxWM5XP51JYUoyhA7QLFwH16HYdwGwxU617ddCra/s4zXXosnOpbnE/xaOlehe5RdWeZ3rYOVCUS1F1y7D7jq0mw4mNUuKoL2aX3ojF3EJZ3g5agfDZ091fEzuOsL+uDXPLAfJ26On3vfqwqfsOwfR9PmWGhqlBChqrdejqHQOSjV2ZADYTJhvcfvviEdLzVe/uGzumXM01M4LoajlAXl4NMKE3H8P1gZHacji+yjNcvkei/d4iwERxfiVtFitG/S62FBRSbGjH//QRCgsLyN+lxxV4LWEzr3IfpLDzhq6QrOznaeyaSJh2FlMAQoJ6ZyMMl88p0cuJAnZn51DdaERfmk2hoacMY6kLJ3vycmhyQFj897ny9BEOHDhAdfUBPgq5jYIXdOh0L/DCCy/w3KPxgIq0XS+zIVrBsT+1ol4SNWD+QVfHOUDFHB8P4AmOWoIW2P1kAQ1mKxZjNU/q6kEZwTW9h3nrl6Mp22j69Mj9bGA6Q9OcFDIVsFHx6gHMljb2FBR6HmgLeG3v4XPktS/2Gy+dPss0mnLDSOOHIjAIOEIr4SwIA3PFf1Hd0EBZ7v0UGxzgMPJqUTbpJQYi12/tt3RxsKlERCix6Qspq2vB0lbHs4Xu+h3OgDFRPZt5KoBW8h5KIzc3k0cL6wGIvG05UweU2CN4FmFKADO61PtJvT+RkiYb3oxlvBZCCCGEGC+ZwSIujKLvf90DPpgAgRNRAMHX3IgGPVWFWXRNKCI9L5WcHB26nmUVyjCStqcTDjT0O65POD9YoaGpysUPb+2ZJxB6Aem4/6Efl/oLPvk8m/LCLGo8n0StS2dDRACwga1rPiWnvJC0KkCppucpF4N1fnQUfZOBiT9w/5O/44NDGGrn0ZWcQAAu/lJroNZ1C8kJ4UP29cZP4T7P4Fe0Ls14gtPZuVTosnAvklCxIjWPteEBEHIvkYfyKC9IpxwIi4pEabB4ufEaXC8TBr2D2v150NzbWKU9REVJFoklABqiojQYDKbeb5gDIm4ligoMqnhuDfc2fWUCBLoDB97rfR6N66Jo2l1OaqJ7vZc2JgplvYFmk4W4WDXD94GR2rJPwCjK09/g/uzt9+C5G8ha30VuSQnp9SUAqLSr2PrTOPz9naSueB9dlY7UKh0A6qh1/CT2u6BYQ3ZeOTmpeneCqkjS/vU2rtSc85HPZDJ2bSV/21MU52SBKowwFbSed99kj7YusDfxjmeFR2tNCQU1fR/FpN5EhLrvDtq97GSC+67WbuItMyx/cOCMmE9MJwYFSobhH0H69iRysovJS/O82FkdRVrmJkKB9mGv1z6+ytZQO7o+rSCcH/noZwsH5KGv3w4oRvgPSYo5THFNIWk1gEaLyhNi8Y+400t7D4xIjNQXoweNl6n9lncp/BT0BSy8j3GgQNVvq8/xgwVEUsGOfD0vPL6d4z/bQnGeCaU2jlVxJ6nQt6KvsbAqbTsLFC2UVbazbJpiwLncf/YnIeMJPs78D8oLttC3crNvbl3/PA0cEzWkPp2FImcnNa1mDAYAJTHrNrJpdTj2xlr3Qar+S/o0bHoui6K8ndSaLFgmRBJ3gxW9YfiQ+FjGayGEEEKI8frGl19++eVXnQnxj8VqseBSKFAH+7ozu3TpOK1WzrlcTAxSEzA4PuC0YznXRZBaja+VL5ebO88QpA4eki93PQShDr54ObZbLXThpW6djWxOzIF123ly9ehvSrzWu92KpctLe1xomoP4LM94ePqLYmIQwYMz4PUzJ1bLOVyKiagHRXiGzafdSP62/yJi41YSQv0BJ2WbEylnHaVPru7tD6OtiwsoJBZL57B9byxpeCvzqI6+GGUbRz/rzYfdyrkuUKuHuy589IUB2bhEfdEHb+OHta6I5IIa1HFJPJ6aMMzDde3UleZRUGFCuy6L7NVDXz09YG+rhS4usI3tVs6Npn3sDWQ+Ukh3yAzmrEomMXYqldkPUdJkQx2fjm7Ia6CFEEIIIS4fCbAIIUbJSXV+BsX1ZkBD+q4Cosd+HyXGymkkMzELE2pi4ufQaaqlyewgLrWA1DgfDxgWYhTM+lL+Q1eBDVBptETM0hCkcPGp+QQGk3tWSFzSdlL/ZmZ42ClN3UCFZfB2JevzilkZ+rcUGhdCCCHEPxoJsAghRs1YqaOk9nMW3/3PrJwrr0a9bCxGyl6r5OjJs/hNnsmCH9zBymgJroiLxGml8fAhDM1G2k6epRuYPGUm4fPmsyg2Fs3fWiDV3kZ1xVsca/uUzm6YpL6aW267g9jQyzcrSAghhBBiOBJgEUIIIYQQQgghhBgneYuQEEIIIYQQQgghxDhJgEUIIYQQQgghhBBinCTAIoQQQgghhBBCCDFOEmARQgghhBBCCCGEGCcJsAghhBBCCCGEEEKMkwRYhBBCCCGEEEIIIcZJAixCCCGEEEIIIYQQ4yQBFiGEEEIIIYQQQohxkgCLEEIIIYQQQgghxDhJgEUIIYQQQgghhBBinCTAIoQQQgghhBBCCDFOEmARQgghhBBCCCGEGCcJsAghhBBCCCGEEEKMkwRYhBBCCCGEEEIIIcZJAixCCCGEEEIIIYQQ4yQBFiGEEEIIIYQQQohxkgCLEEIIIYQQQgghxDhJgEUIIYQQQgghhBBinCTAIoQQQgghhBBCCDFOEmARQgghhBBCCCGEGCcJsAghhBBCCCGEEEKMkwRYhBBCCCGEEEIIIcZJAixCCCGEEEIIIYQQ4yQBFiGEEEIIIYQQQohxkgCLEEIIIYQQQgghxDhd8VVnQAjR3185Yz5PN99icshEApVfdX4ulb/ysfk83UBwSMCI5XScsfMZflw91f+y5E4IIYQQQgghxkpmsIgx6CJnSTkzgmo47Bj4Sc2W/VytKmfGiqN0DPjE7jmmmj+ePMntQeUse/yDcefkY30zOS987H2Hjg+4PaicGUsOc2bcZxs9R7ORZTfsISJoLzsOd3nP3uGj7voK2k+NJ4OO903cHrSX73y7mgXf3s+NMReW9560vf1czjr5Y271kHMe/W0Dy4L2suDb1Sz+djU3TttDcu6JQf1moNqnf0/0DQa8tXiH4SgRQe7yJZd+Nuq8XDIdF6+vj42T/S80c9RXZQohhBBCCCEuCQmwiDHwI/T6b/KNL85xxOjst/0cb+33BBPqP6Gh/93rmU/RHwPmBXOj6v9wArb+h16Ijg9Yvep9KltdPndzurN2Wdktdv7X8gXnvvgr7Z//n9f9uj/viVB10+35U22JiWNf9Nsp6FsXlIduZ7fvHcxfMMIeF0+3pw487dBhOMrKpA/53y/g9n+fzTMFGiL4gn2/OMZPck96TcbP/5sw9Zv4eTvN592c89Rd5SsfDhOs+Yx9L9gH5OXS+j/OAKfG29fH6I+P/56knx3nk8vW"
01:01:11.624 [Forwarding screenshot on session d6a0bef0-bd24-11e6-8678-ab184a9d7075 to remote] DEBUG org.apache.http.wire - http-outgoing-0 << "wEIIIYQQQogeskRIjMEVxC67EsrOYDhyFqKmuTe3fYK+zf3Hb3zRxR8b7MT/MACAM40W/vcLmH/HDKbiDoio/C8scNDL/1uoPP/3uRtA0PhONWaK0e0WMGsmOQUBgJIbAwCcHK37KwBfzppBw7FYrr4I2Yl/dDZrI5V9AZXu/4Pg4IuS9mj4DYqIHNr9EQBriuN55i5346xJOM7Cmxo5WnaSjzNmjj9v9Z9w0Ax3aPo2OQwnebMn8DeNSx9gCryOdz7RgPLyDrF+ft8E/JgccFlPK4QQQgghhEBmsIgxCo1Wo/km/L7uM3rmYLx/6DTmL+DB567n29+E6j980rt/40ErAMsXh/RuO3X8Y/Ie9SwpCtrD7fccHrik4cwn5P1rNQtv8CxpuWEvtz9wmKNngI6PeXhFA//7BRhfNnD7A++OernH+zXvcu+Svb3nXbamlv3v+5pi4GT/zlpun7en95iFK2p4UX8RpkB83snhqlP87m0Llo5P2bamimcM7o++ceIUq5dUU+hZYtS89+iAPKx99F3ed/hIu58blt/ID++4gTt6fu7Sckf8VUAXLz6wn2Ur9rF2i6m3LTsOv8vtS/axbIWew542ObxTz7Il+3h45wn279T3LsVZuOQge5v715+dV7bU9H5++78epuZE/1CGky5VIPMWTWVdQr/Il2YaCaFwsYajb3zRRdXbnw7YVrvH3DvDBQf9ZsLYKX/8IAuDevraPtJ3ftBbH3R8zMNL9pPzwrvcO8+zBGnnh7z4wD7WPvoue3fW9pY3YkkNLx72zJLp+ISHV+wjead7UVPH4XdZtuQg5fube9OZccNeHn6m37mAM4dNJK/o6aN7Sd9pJO+efSQ/41kcZT5JzgP7+845bz85v3Vfb+//to6Hc7v4xhcO/m3F3r5jfF1PvXmrIS9Xz8KgcmYE7eNFw2WeeiOEEEIIIcTfAZnBIsYmdBpxU9+jtLKd48Ac/kpd9Wd8+c0AfrhmFt2/+v/snXlYVdX6+D9ScFAmRfGYYiiWkIoT4oAYzuKIUxlmeq9DmpoJFYE5YGqaeaEccPZeKDUMBxxCETMUQeUiCqiAihpH9HQUGfUc8Mrvj304HGZIbfh91+d5eDxn773Wetfa79qe9e73fdd1toVlkrrmdex4xNkYNcUGDXFpLwON5FWSHabgW8BlQmOyfnlAQpiCEY8vcjW0MxY84CPnaEKV0LB3Q6a9bUjsHhUJIQpGKC5y9QcrMDYAnlJP+QSMa+cNo066SP+x1yk2MGDQ+81oeCub0Ih7TI88zeF7A+laSZLVyC+OM2ONmmK5MW99aIn6wm8cPpPN5+7RyK+NYJjV7x/GPGU2hyPyKDYoYsqCPPZGPilzXhGfR3rW/0jafhI3z9KcIvWePiV6y3X6heVz8poLdjW0k3TuNqkmJhRo7RyFGNDGsSlWwJ3rj7gSD8X3sniwAloAhRo1CfFqig0gq6SMKo8r8WquxCcQWkbGB8zuE0Ob7H448Ii144/xVUTp+YQgBQllpJExfnE/xpeT8dS359h+AxhsjGkN/amJLlOaYfLdPQ7tVLB6UlMsAHjAoQ1qGrpbM+6xgm03Sq7OY/XQY3x7BorlDZjkbkLCNhU7P/svUVfURK2zx7iwiCsJj7gSf13Xxp3C/6G6riY6/jrRgHXvhnQjl8gz2Xzudpo2t4fxZqGaKwlPyHWWvLYKNWquxD/go3ceUCxvwEh3OBz2iNBF/0X2ekNWD2sIqZfp63aV7KfQZYIVLRQP2PnZVQDavVoEPMC73zl2KqGduxXj5EXs3ZbNxunRIB/GsLwiFFojkjlGWJi+BDXNp/DOWtmyuVJi4EMNps/oZSYQCAQCgUAgEPwfRHiwCOpIQ/q6vww8IPUmgJKjh4CBcroam9FzmDGoHhCTCuRo86+MfIV2egaMYgNjvo0bTcjWfhxPcmGEAXBDTSGQE3VNWgxO6MDl8IF8scKV49cGMl4O3FOTb9GCb/c70s4A2n3Sg8PrHKiNnSNPKfkJvPWf/gStceHb0BFsfd8YyOfS5Ure1qvvsdVfTbGBGYeTRvDtCmc2h48m6ENj6j1Vc/ZS3rMMYplQIqMm1vwQaoeLQcn4mLH8h268Z5fDmo8l40qxYzN2XxrGoW3NaWgA9ZT38N9TeTJXfaIXJdC/dzQj+0l/YwdE63LklHpxVJ7bRP98CS4fdiD6ypt8NLjkWAEZKlDHp+iMKw17N2f3pSHsDmhWo3w/ffETHouyKTYwI3hjZ61B5Blo8Qqj3nsZYn/lpEI6lHP2NqFPYZxHS5oUlF6qirwsGVd623Dm2jBWr3Hl+O1ejJCDIiiZ/yRpwEgyCpbo7J2MIWz+RzNdiNH4QBfOhQ8kKHwUq90NqPf0EZFxeVSVLKbhYFvirg1j83fDOL9PimGKOpMNPOHfyyXjyvhtb3J4qyubw8ey9cMGegJnk6CC4sGvcfw7V75YM5CYozYAJMU+oOs0V/YuaECxgTGLwoexelqzmudTOdnO547n4pUheNgJ27tAIBAIBAKBQFBXhIFFUGc69W9KvadPOX31EcQriX4Kg4Y2B8CpXxPqPX3KL9EPUF9XceUpjBzSjBL7igZo9J4d40sWcMbmtOkC3Mziag5YuHbjyo1hRHz5KjdTf+NU5DX+/e0VrugbBfKkxKm5mqqTyFZAa9AInRzJiBnR/HvPLdrMH0Rm9mj+6VjJ1r/GTQi6PZK4ZGfk9x9w4WwGodsv8GPMi8jeIcNhYFscu2i/drFk7LBWvKq6S6TWI6FrPzmNsnIxbGNFB+1l6b/LyGNUZaLYmihu0wz/Ffa0tm7KzA+b69UID5RSOFOxgQGffOPMm63NeHNaT5YPrvoRc/NANDPWPKLYoCHbkocw8Bk8gkrQYMzg8U2p9/SJLkzozKFfKTZowLD+jdCPx7kUcx+A+Us60rrkoEULfFZIgmQqC7V1QqO3XpN01sKMFhZSn4sNjBk5ssSI9DLdRjauUb5xs+x1OWZaOLWgi254ClEpoFjejPlvN9VdP2y+He1KrjEzxhKoF3Gd9v0iWb7xMlcb2XMndzwhPi2lWgolhSnUqkat5lM52ayszfj/dndwgUAgEAgEAoHgBSJeUwrqTAsnOe0MMrny37ucslBRbGDAYBdLAKycmtHFQMF/z2byc36WFJLTu+zCs7lVZZlgn5JfCPA/Tm48x5w1lXhnlKTt+B0WAivXLmz4JJ85a7JJCLlHQoiUt8La3YYfvnMqXWDreJm7ccl8+MF1EpR1b6/u6BmLsv8neUjoGZAS1lzCbU3ZEpdjVOTQqlqvj3eD+/FFP1PySnbz4SWsfq8ho+HLuqEvb2a6eqY0L00jk5JPL/NGN2OIqGy7ag2HNt+j2MCAFef6Msy6kkt+D3lPsXK1oYtBJod2ZvLtpJcI2/AERr5OT+OXOKV3qZGRAcUGxnR9o6yBzVLegPI0b1mJycGqIW30Br+ZvBJDXQX+V+azzncq5yHxCeXPA0ZSqE4ugHEL/MNs+Yd7Olfis9kYn81GrlIsN2Ptvr6Md6is/VrMp0plEwgEAoFAIBAIBHVFGFgEdceqKa5dIPDkr+w1zgOrZjiXeKRYvMLgXrDqv5mEXJfOOZazXlS1TbMRkLrnLHPWPKBYbsZ8H1t6tregU2cjNg+N5Jtnyi0rw827Lzc+KuRK3B2iTyrYueEBirDb+G23IWha07KX52Tw4fjrJDyFEZ+8hrurFW+0a8KNjceZsqZ2GWaNDH+vr4gWvV2orafY4jugAU8KQZNXBDJDGr3WrMaQGmPT+hhbyCr1SNAZSfS3g65u5+tqxr9Np4bAPco6xT3h6uWqxqqQ+9cBq2aMeK7hKP8DWuLxlgEXfsxk754iDj+F6R6vAv8rYxgqzHtKvadqrv/6hIEOpTLkF1QchEp11vTlMjljnsm3ycIch9ZwOr/y3Cfm2n8b9+jIoXsduXvtLjHRdzi4J5Po+DzmTU7ANaFnhXIvbj4JBAKBQCAQCASC8ogQIcHvwIw3+5lRL/4BoWegvbtczwNEhsuohtS7kUdkPLR3f6US75CqydCGvczeNgDvaa/zZs+mWNy9x/EEgKdlF7F12O75"
01:01:11.624 [Forwarding screenshot on session d6a0bef0-bd24-11e6-8678-ab184a9d7075 to remote] DEBUG org.apache.http.wire - http-outgoing-0 << "1BeHadP0AFuuG9F14OvMW9GPqDDJbSIlvaKHheriPRKeQsMpndi8uDPDXFvQ2qqQC7ElBoOa206Kuk5k5A1++qn078CBW9yp5Q5AVp2sSsND1Ib0G23PeKeX2P1xKl/+K4VjCQXVlpeoyiuhAT2dtWaXBBVxN59Azm+s+1dm7YQrh+WrktdHvadP+Nz3AjeBm1HJbDr0tIoSZnwY8SbHDneuVQ6dutJ3TDPqPX2E9/TbUgLm/tK+xfomr5ZvSK42/95yXe/oI3auk8bAyPCPTPRan9bdDKinvMfGA6XeJpEbU7miHcKc+Iu0aXoA14UKWju05N0PehJy0lmbu0eaG4VAvadqMqTNu+o2nwQCgUAgEAgEAsEzITxYBL+LTq6WsEZavPXqXzaZaTuXJpS4O/Rya1q+aAUK9f5t08kEUBPod5rWn7ZGdjuTr30zpd1RbmZxSQUttEaDDP94pqhUfLK8Kw7lXTkKpdwZZEv1vuHaBNYoWDXgKLkrbWhtpObgKikL6sjBFWW06mxFO4PbXP7uMos7w5uvqDn0dSqh2p1W1IWFQMVQEn2i11wlutyxYgMDtl1rhVM146D7bNWGOdOTmLPlCYqQVNqFpJZecOPmEdHxAAAgAElEQVQJbbo04VkwNZOsN/WePmJGpwPPVJdFz9f5oE06G29Adlg6LubpNZR4xOappwhMMOOH20N485mz25alRX8bXAwyiX4Kjd6yoafWlqQ/xnaT2jNi7ikOByUzSJ3NRFdjLu5MJ/QMFDva8E/XBpBTafUvwDDxMuM+sePLH6+yc/JJrkxpRpu79wmNKN1dyqJ9MwYaXCdyy3+ZIMvCw0nGhb03pT52s6QFkNXCGFCz5p2fuOPblbdqMZ8q00WBQCAQCAQCgUBQd4QHi+B3YdG5GS4GUGzQgDedzMqcM3Zozgi59lwn/XMvIQPMy6WKMDcGMMTUCOze7saiCS9TL/4B3u/8l48+y8T8PRs+miDt3pN85RFYNWXkyJep9/QJx7/7lYzKVrtmxtgCNHsJI6QcLFsXNKYRajZ+loq3521OqwwY/1UPFrpWYiixaMVX65tR7+kTtnteYso7qfyY3ZCPFkj+Fglnfm98hXG5FDKlU9C8JI5HKzPA6DVD+faTsskyig2M+SD4Teb1rDnnR3VBSj3n9+ADvSS0xQYNePfDxjQ0KCuXDj0xjGQlNesysLLwFxem9darr01DPlrQuELZsrIVUfgcrRXNbbWDaNyCt96T7Mcek17VnTcvEyvVlM3JPXi3twFXQhQsnH2d0DNPaeduw7EDTrpktBV19iWaVJPP1kh7TWW63sS07B2RrpE8ZYzt2nP5XCcGtjEgIegeP0bCu580094PwLgZX4bZ0UUO0evSmTP5KtvD1Fi727BvnT0ADkNa42IA2TceEfh5Oqa1mU9VyCYQCAQCgUAgEAjqRr3i4uLiP1sIgaA8Oao8svL/h6mlKVYWlTtaqXM0aGQvYWFcB0cstYY79x9TWPQSlq3Nat4WWP2Im3cLMTI0ooV19R4rLxJ1Th53s/4Hhi/xynPe5SVHkUdWEbUbj1qgUmSTz/OV89QXB3jnu2ZcutbzhYQUSWNQvb69aJL2xLDmdAO+XNdZZ9wh6SItel/H+sNunFvRSnetSpFHfhGYWtavRN4n5Kj+h8xMhrH2BtRmPgkEAoFAIBAIBIJnQxhYBLXGf+UV/rXyyp8txl8WZxcrYqJVf7YYf1nE+Pw9+Ni3HV6+7f5sMQQCgUAgEAgEgr8dwsAiEAj+8kR+Esrkbc2Iy3Yp9e74/w3VHT4aHEvojbKHBy7oRpBPqz9FJIFAIBAIBAKBQFB7hIFFIBD85VEl3eFSgTEuPRs/1/CovyI3k+5wQ1kEhoa0aSentZUI6REIBAKBQCAQCP4OCAOLQCAQCAQCgUAgEAgEAsEzInYREggEAoFAIBAIBAKBQCB4RoSBRSAQ/I1Qo8i8Q85ftr7nyV9ZtmcjR3ULxUP1ny3G3w6V6hY3VXfI0TxbPeqHd7iZeQtVvrgHAoFAIBAIBM8TYWARCJ43+SfoM9OWBXF3/qAG1cQfW8P25L/3Dj1JR6ZRb6Ybxx9WfY36dggtl/ZhY0ruH17fH01VsqX+7Flpv1Jj1jPEy5Z6M6U/h+V+RKkqX0DfPOVHvZm2LE0oqzOxx/xw0JavN8+NpT8nV2xjXkkbXZi4fRf6NahVp1mw3EVPBh+OV5DhFksX9qflD2fqMBoqVvnaUm/x+mcyOKluHOSbYwlVX/CHz13Q9W2mLUOCTlfyHchPwMvXlqYL+2O7sA8NfVfy+2a7miNBE6nv0wfbpf1p+nE7vnmRup9/mrFaXVga9/d+PgkEAoFAIBDUBmFgEQieN0WQDfxR74ZVCQF02xfIjceFf1CLL4Z792te1F5OOAb0Y7i9+R9e3x9NZbLdjFvDkJCwCtfmJK/HPsifiILmeA7ywa9DR5Izgum70Iuk8hc/PMrkncEAaJ6U6owqbiXO+4JJlvVk5dAZDNak4RcyilVaw536xhapDU1zfAd54SmH3ecX0n/jQW0Nt1iwbAorMzIZ03k2Ad37kZyxh8HlZciMJwBY2bNj3QclP4+8upcq6SEBq+fjmZ5V9SV/8NwtzyPt/dBoPVRSHxUAoLoaRoCe2DaWjTH6PQ08/AWfmLN6BzrSXv4Cdb+oUGcI0vD3fj4JBAKBQCAQ1AaxPYVA8LxpNICkzel/WHNmhoYAyF42+8PafBHUvGDM5fS5s2D3NQ5/Qn1/LOVly+XILk9GRJ3Uni+7l1L06R8A2OYdybQ2xsD7OAeNZnDMUXbH3cHBqWRzaxXfBMwmWvtNpqtBxc5DW4G2HF60i+FW4NPFBocvF+IbcRyfDhM5EbERgADPn5hvbw7jR8C8/gRcu4CCUZglhxKgAZfuW9k3bQAAXV4eTd+Yo5xOycVBayhKTfoJ6IlrO6u6D4vMEEnL1RXGoBaFMTeBDg2q0Yw/eO5WjhXT3g/E9nYWli2ku3/92kXplMlkMvz9sP69VTcwoTmQDAR4XmG+/Qvak0ujBpkxNDClwYtpQSAQCAQCgeAvifBgEdQeTQJei93o4zWab7RvtVUJ6+nj60Yf39lEaUMWokJn4+DrxvBVM+nj5UafxX4kad/I7t8+jT6+bgzZuEv7lvgWS5e70cezD328B9a67rEb91aUL/8c07zc8Nq1hmkloRLzRrM9IZnjBzx1YQt9vlpDqi6HgYojoZ6lYREzXfA6cEL3Bjv11EocvNwYu3y0dN7Xh0M/r8TBayJLd/noyrXyncZ3KSo9OVy0/VAR+JUbE4OC+GbdaJ0MQ/zX68kASafWlIZezJvI0l2e9PGaTVQ+gJrYI3700Q/N2BjETQ3kJG+h/rpAAP79b1cmhkohBbHHVjLEq0tpqIbvNLYn3ymVz9eNaRs96aPtc2ClYQK5HAn1KW13nhsLjpwuHZu4ICb6dtHr0xri86tSHhWB/m4M2bhXzztAOubw1ZYy4Q4l77lTY9YwxKsLffyDpLCQ/Dj2ZsHsbo7Pvz6t7iw4sF5Pd1zwOnBaryY1UUf8yuqKdjxUyetxmOem012dLIt9iC+5zw9PMNHLhQWn0kCTRuDGibQqqctrNEuPnSttqkxfgYcxknFF7sZUS0kW/fuUxat0aDmb/m1KF8ydO/aocBfiD/jgqYTB8rYA6FTwYSJ7lWBjN5nhJXYPmxF80BJIPUysRk2zTvPxc13OeJ1HjWGZumXyPmxwnoFXXyfdsVdbtpZG43FJS2qi405CyyEof5hIK71nAyppfCYGHdWVT/3Zj1bzpunmP1mRLF03kXoz2+l0LklvHlWt9yoCvxqGbwEkx8+jlddsYivT1TJzF3Ju7GXaYr2Qp8We7L9RfUhNzo2DeC1305WpN8+FOaEn6uAVo+LY8WD2x+3hxO3fiD3giUdUonSqIIyhviXPyNyyzy7t/KxSrpQghvj6EqH9vnfXaCZuP8hvyVsY4uXCEP/SeZNT/lj+OeYsdqPP4tls/3kLY/WeCati0kobeXiOBcvdqDevHfVmujBty7e69qpEk8b27dNK58LMLmWfJdXOFWmejd24hqX+brry"
01:01:11.624 [Forwarding screenshot on session d6a0bef0-bd24-11e6-8678-ab184a9d7075 to remote] DEBUG org.apache.http.wire - http-outgoing-0 << "04L26uSe5utCn8U+pfWpTjDN1wWH5WtQ1OJuCAQCgUAgENQFYWAR1B5ZG14ljeiCRLafjgfg/NkfiM5KIzrrKMeuq4Bb7Dl1lOSsNJ680pbsgjSilcEcuaYGkvnx/Emis9KIuHiYBA1wIwK/jDSiH+Vi81J6resusKrkHW5RPmkFaQREBXJePpkAV3dsNIlM3zSKweG/4DnIB1/btkSnBzJ972lAzXf+gxlxPIy8lm+zbcISPOUFBITPwEkb9vDrzSiSC9LYn5HI4JZt6WBiy/9uRpFccBa/qD04dPcioHs/bmedZHLAEm0oRD7nCzL5TRuyk5udxu6YpXgmg98gLzxbNici1Z/xO6SFpCLGj447A4mgJwFjl+Db9Cp+UWFEF6RTWCSFfzgfDCa7xWSCJ3zNyg5ydl9cSr8tB7Fo5cxKOynUwqzFEAY0l5P6syfO+7YSIevFhrHL2eDsRl7WSaav+1Ra7Bflo8hKY8fFMLLlHekga4JN44phAke2v82I43vIaPg2wROWMNskjZUHp/DxqVsoYvyw37aU3Vk2rBy1nIDuPYlIDaTbx7NLDQrlUCnSiLiaxP1yx5KVD9AvYtpAyhFiHxRIxJNeLP/nFCwAxdXTRNOcYW+0ev71aXVnZbg/JyzfZsPQGQwmk4DwKaxKlhbUx4NG0/dgMHlyd7ZNWI5vywICDk5hUNAJrCxfIU+TxvZzku7yMJ7dqWkkK/dw/JpUPvX8XnYXZNK0aTNCtkxgzsWzDHD24YcJPniQiN8+D5ZqF/bl+0oDByKm76X4i0CmO5QPrTHnvQ92kbTwE1qXjgQ7j2wFoI1lYwDUN4IYF34SG7uv2T5xRNkqtLaSlo3lZeptb9sRyCLrkTGOzlNYMnEi1qiIjzvIKv85BGhgcPueWAPGVj2YPcWXMW3MSU0+wXehPvQLCQOTtxnbRWu10VxiTwZ4OPWiTZP63FYGc6JkfJKk8dkdc5BUAHIJ/yWY2xpzmjUqkSmNgORH+A31wde2ORGpgUz8/oRUvlq9l/G63UBcABr24p/dXLAsax/Sojd3Nef45+pP2ZH9KitHfU3woLfJU4YxdrVnxbCrEh4eZcTq+QRk5OM7aDnBo2Yz5uVMAo/P4KuE2ucgUWSeZX9GIsfvZZH/II7bujM5JGcl8mtuIfvXDWPE8TB0WXI00vwcsqtyI0th3k0iCjJ136OVaey+FMPdogdEFGQSoSidN4XljxXlk6hMI1p5lOkhq9hfcqEmDd+gqexXAZpkpvl4sDJDa3CRZbIjWT8cqTJyCfzajennT9K182x+mLAcX1sT6VmyRTKi1zRXclVp7L8YiF+qJRve/YaVdibsiPmU/huPgmkPZvewI1q5h3Fb9gIqlvrPYEdWJuOHeFTrCeT3ix/1ltar9M/vF78a+iUQCAQCgeD/KiJESFAHzBna2w3PfUdJvvoLChw4cbX0B/uhxBS+bJVBoAagOVMHzeDBjQ3MUcKRxEvMN0tht+7qs5xT5GKU8Iv01fId5vTNYGdt63au+Ha+ZJFoY7uEuM+mYAx0KbpK35g0/KYfZolTC8CJlJnjuPa4EB6eYUtqDrT04dLC97EA6D+Mpot74HsxkOP5ozDShiHMnnCUDf2lt/5RQT8B4Pnuz/i/2QqA9rgx+Hw6vz4Eh3ILN2kt0pOIVbsY1AigJLTiLAoc+f5QMNCTX77chaspMGQM1ss7MydDKv/rbSlkYVBnd97r3wX6j8Nulx+JDUzIMe3A/MEu+KYmMn7wAqZ1MSf+AHSwfJvQlauwA2Airz9xY/D5LO49ksbpEWBj60P0Z9p+lyf/BKvOp4F8NnFffIIV8F5vex5+6kHipWj25gQDbTm8/IDW42EifZrNptvBo/wrMoFdw7tUqFImA5DphaVoj2koc+yXvT74Re3BRj6DQ5/74qA9GXdWWqx3t3oB9WnfbtvYLiFFqztT7c2oH+BP7uM80FxiTUwatPQhZeH7klb0H0ubr9oxPWYdUeO2MssSfC/9wk3cMLx6VheGcz7xKnToxIm4o4A77vZ5bN2SA/Rk7KB3GN7cnAndO2H33c90M5NV2ldkLRikDfMpLKrJF0LFdv8xeGZAh87faEOG0ljw7VJu04//eo2jScJK7bVlw2Wyn5SrSttWmasyj9Nt20LdV+tm8rJlUBG0ZQYrSxbhpk0w1X7MuXKaCCz4waEtDobudDh4kr3xl5jfoQ/nL8Zqr4ol+jbYNY5jrxJcnEdo9RigH7/8a7s0TxiMel5/Ai6fR8EA8nOr03tzho/2If5UMNltPFgysU8NYwg8eih5QTTsyoTh42jNOFyaW7PumhlGGsoqWUn/lEqQNSfg/Z+Y30EyWr5lA/XXBZbJd1MTJVU3BAZN+4kfHg3jneRMMJlMyhde2Nw/jlOQ9HycPfYoG4a0JfWYJ/b7woiI2kjsqD70Mi1bp5WTH9lNuzLiy/lE05YfFnyHW2MZhdc2VGi3giyG6EJ9Otgt4WevKZC8nqbr/IFM4q7dwcUwlB3aa/ymHGWJc1vij3jS7WDFnEE68m9wvbA5Y5wXsm+KGwAT+juTM68/gYokFPTk0s3q5kqJknXk8KpdDG8EvNkX4+Wd8bz4DccfujFodADbUl2ZnvopDl4WJBfAmEFB2v8Pqsavrx8AS6OWljm+xHWJ7pxAIBAIBAJBeYSBRVAn7LqPwmXfUaI10Rw8ZUucnqtA8vUThERprQKWw+nf3Jys3m6w7yjRST8TZnS9TF2nzh0mJ0V6wzmmhxu9uivrUHfVMrZsZlsuO0NbnN8o+TFtTXcTuAaobiUQDfj2H65nZLBiktvb+AbtIeaair6ogbaM7tJWrz7p2NCurXRHjLQzqbLsDjIAEwc6697Cm9DUBNDIkKHkWhbYdHhHu2gEMOetIZOZsy0SAIcuA+hw8CgB+8YRsA9cWrrj8eZY5r/ZBwtAVVQEgOZJHmCO4+gAwu1PEBrkw+p7v3L+zlmSNdI46Mtn16ZT5cYVgMcFZAMePdzQZcqQ9WDX2nQgmWkzAVsPBuil0XB0HYfLwaMk3asmiWi1GAOJ+EVJb8DHDpysM4ZAGpHJObi4ulD7zB11r8+ujb1Od4ytO0keD0DOzatSqEPGKpx8g6V1nQySswDuk19kxaAe/fANP8Z5lR+m8WFg6cZsw6MEJsWRo4GwDMlY0JoWjBvgxsqDRxmxtDPQHI/Oo3m332SG25j/zr5qyU9m6epR+CmlhXD0B6MAOLJ9HgEaWDnrCxwBhTZkR11UALVopYxpoPlEHq8diyb3Kt9snorfwXG8bnMRnw4lXlBWLP76CovJ48TeJYyICmTU9i4kTRvA+QsHQDaE7s0BevGuJfheikZFI8JTcxjcwZ1HyWGcSEljlOVxooENPZzQLaRNXqOdbp6UzCNpjtWs93lSLVpDR/wRHxYkqGhsCBQ9oFkHX/wH6vWzkT0DLSFaGYjtzEBsLDsy0fFt/jlqInayKsqPnsLpLx0JidzAnIjrXFddICKrdN+jnBu7+CDoMJjUB+BBkRV+8z+uYfTNaWbeBMgEmQxLU3PyribpPFcS475iYhyoC1O1R7LIKkpjlb8f54vqYwyoC2DMxADeszbRGUosza2wMKXS3YiMqNS9B4Dx/YZJGtOqE4NBmheGcOWKNk8M7rzjLD0vHQeOZfDBsKrDhEy74P9FJLGnQliw0ZOUu1fZr9R6wJjIkNU4V1RSQmDbMQzQPV/NGerkhmdGLFmP1dDInGnzdxDz6Th2FORgY+vDrvG1MLBR0cgijCsCgUAgEAhqQoQICepGI2c85ACZzNm5imjApcMMZlsCWcG8c1xKwjlGuzC36z5KWqRmbdWes8DTdTIdgP1RC/FTAjRnQvcuda67MrKBPu1sK54oKv1YIYLFsKxZRGYoLbEtql5jVKjzd6Mp4GFNlTUfR9K/jvLD0Bl4yNsSnRHGnJ1TaOi7stIcAseDRtMyYAaeMXtQFNVn5Js+eJZzMsgGHNtUMk5a1LkPSQbq1y87Nur8XHI0pljIAEPTcoas37WvSQUG27kzWAYBO6dxRLv6U9+OJRAY17XTC6uv4pgUkl3y6fEDAGzk7rzrMJrx"
01:01:11.625 [Forwarding screenshot on session d6a0bef0-bd24-11e6-8678-ab184a9d7075 to remote] DEBUG org.apache.http.wire - http-outgoing-0 << "nYYz3n44AYO8CBg0m9cagGP3YdiQQ8SZffx0LQcXBw+m9ugHWTGERu4nAvDoIeUncRweyG/eWwno7s5gkwJ2XwxkREAfxh5I+N19Vd8+yJCPJeOKh2sgcV5TtAa0O5y5JC1afTf1od5MW1oGSbsIBQT1p57XSlRa9WtYrs78R/mAMaaGkKNKI/7GLQCMZcZYWHVh/uh3AUi8fgM0KpJSksnRnjeWWTF84mymAsmXT6PgFuGXMunQaZA2lMmKQT16QkEUB38+ym7g7WEfMNwSdl88yM6zxwB3BtRyh6fa6H2ZvuX8SkTGBWLuXCAmI5HLOeU9TFqxZOUV/vvuEjztemKWlcjK4wvp6NOF7TdyKy2fk7KFVh+P4p3wrRxRPcb61XfZ4Oqmq7EwN5PdyrNSmTsXiPgtF6OanjP66B5epb4mGQV3yCi4QwGv4mHbjzEt38AoN4PzqWe5oG1nv/Ik6XlVxO7pqiwV5Prtq1WLoPPEqcIjRyarw5PgFgu82uG8cykrr17FuGFnAkb54KHnnFLdXCnBpkGjss8iQ2l8Ckseq4+yeKit77YyXS/kqmb8+vqxxHWJMK4IBAKBQCCoFcLAIqgj5gzo7VbmyECXyYx+Td/DQ2swAT2jSQldeXfoeLrrH7IcrfVIqWPdz4iVZXNsgENnT+kdVXPw5zCgOa+3+B27nNQV2Ru8KYfbyXu1CW0BcrUySK/q44/44LBiB+1G+7Lri6MUbz7HBlsLyDpCnArQhnVIuwjdIeZSIsjcSdmczrGF2/ly/Pv0sarE5aeakAVjuS0uwI64WL2jt/j448409AumgQmQupdYvTWb4sIRogGHCiEjEtLWs3oF8lM4X8bZRfIMWuAVwJ73ZgBpjFi3BhWlWxb30VtsP+/6gCrHxOr17tr8HS74TPyEJVN8WTLFlx4vKzh14zb5RUDznvzTEnaELyRQA8M7OuFo3wM4y/SDe0BWYiy4wzf+bsyMhvnTAjjmn0Dxkq8lo+OFM5yrSrbqyDzIoC/nE0FbNsw6x66JbnoLTjOGDPchYKgPG4b6sGHUElZ2kPK4uNjNYNvo/pg1aklHGURfOs5NXblk9l3MBEsX2pnmstHfjW6r5xOlN+RZv0mJkxtZNuLmmSV0DBjF0hi97bEfKkgDsGxNk8x4AjQwvmtpDhnH7iOwIY3pIYGAGy5t2tLLviOkB+KZnFMuPKg6aq/3Jds8u07cRfHmBG6tTeDW5nSOTSnr1ZBzYy9jvUZz2nIC/l67SNqcTuIEdyCHG8q8SsufPxPMbSDgw3PcWrmL7R98wlutSu6jEVZdPqF4c7pUZm0CxWsDcawsLqcGzLR5dQAmjtzO6ZVH2fN2X+obmtPJ1olXmw1gn347m9NZ4lTD8yzrAlfyAXI5l3qhzjK1a9dZ+qDZQ3DMLQCSzhypNsltTsJuVhaAjd3XFK89yi6vVcwf7qQ3raufKzlIYYG3k8P08uKoiY4LA+Q0MzcG7rB09Qz2Y8HUDv2gYA9D1lWSJL0a/Pr6CeOKQCAQCASCWiEMLII6o/NKAaAtzq+3oPMbPUsv0BlMoILRpGUPHBt1oK9daXCKR48BOo+UOtWdf5qJ82wZW0VSxxqxGYF3S0hO/pQhG4OITTlN4MZ3mJ6eAy3foVOjmquoDZW9N9bliMSc8W6TgbP0XTCRb44EseArV0kG7RLZ9OVckrP2MPGrlRxJTuD4zyGEpecATrSzAjNLaUBCjyxhe0waL8kATRz7fz5NUsppAte5MTY5E8gn/3FVUuYS+JUL9Up2VzF14n07C0hfytjt0th84z+LQMDDZSzvDXIHzuLs58n+hHMcP+aHy849QFve6tKhYn2YYS0HCoL5KGgXx2N2MWfxFPYDyMqOUf5DsHDy5YcOzUEZyMzQnzl94SzYDsBRd9Xzrq8GTJ34hy3cTv2UPuvWE5Vyju92TcM5fA/7lSA3BWjBYMcSXe2JaytjaOPMVO0Rl04lxgIzyE5jf8wMpu3aS2zKOb47foJkoEMbGxLqKhu5BO6Yr835YokqcQNeG32kv3U+hKSA65D3mT/6fWaPfp/Zw6cwv580ywb2m8O0N3tgTFum9u8Hmj2M8l9PVMppli5/jx3A7KHjscKcMX3dgESmrPDhSPI5jhzxk5LY0pG3u7aidZdRdAACgqax6ufTxMbtYuIyaUtoz/6u3E46AXRksP72zM1dmWgifbSxc8EO6Nyx9AkwrkfpjkTVzyMjbf6d6vReMp7dPv81C0L3crMGhw4LSxOuFaThuWUqgadOE598kN0xvwDQ1LzyLdEtG78KwKlzx4m/kcyRI344Be0BIP5KSpVtlRelomhl8+4Yt3mHAK0dc2VQH/osH02ndavYkRqG39k0TH6H0UZ6BrnQx6szc9JzKpx9VEkJ/WNWHd3x0H72C+qPg68LHUP2VCijSl5Pq5ld+CZZhYW8LTbAbVUcR1KSiY/bxTSvcVKuLhloqp0rb+iFOJ5k5GI/jiSfY/vGd5ieDh06zGZQIzgeNAe/LBjsvJbtH25nm60Ft5M/Zc7PaRVkEwgEAoFAIHhWhIFFUHcaOePRUvvTVj6QzqZg9UYfBmtPT3UpG8KjbzSZ2sUZAJduQ7RH2vJWbz2PlDrW/UADqselXgflQxyMDI2hXCBLKebM/vQoAXZtibi4FOeAKcy5mIiLnRcpn87V7jBRWfnK6it7TF+OykKNLAwBUzPMAGtnPzKm++DCWTwPLmVl9hsMlkHJospuyFKCO/ckOX0rI9aNY3CIPxGynvzgvRQ7wLhNL3wtITkjjOk/RDFkrBcuZOIbMoWOAVOYc60Ffs5uQCaRKWmVjhNoyC3IhIJMbb5XY97z2s+GDm3Zf14aG8/UNDycv+bb4R2w6x9AzKi3sckKY+wmDwbvC+a2ST9+8N7DmOaV1/fue4F4yGB3zEIGBy3kiKUbHiaASWPM9MawJLxgwvvrmCqD/ccX8o0Spjo5lxnv51tfZWOif8ycaZ/9zIYOHYlO9qdvgAeTo05iI3+bX3x9dbuR9HIagQ1Ay77aXCEdGNxBMoB59HbS1TVr1lZmW1qwI+pTnAM8mBxzFBc7Lw6OaMD2SmTTx8jEkjL6prlBfEbJl7P4xQQTcHGP9Je8h0uVhIZodBFppeccRwewz7knyan+9A2Ygl9GDh6ugfxLm8jZbsgqDg9y47ZyDyPWeTDiYDC3Ld04vCBYyh/UyI3wWUsYLEvDN2QKztsWsrugOX4T9uLv3IoTZ46CfBhdyiz+WzDSWTJKDe8m9dmiXR/GAMjeZqieF0/FeSTTzSMZVkyqUe9b4NytH5DGyuPLuVKZxQC9e97IjV3vzqaD5ixzdk6h27r5rMwAz1G7dQlsy43oZBcAACAASURBVOM48CM85RbsP7+QbqtHMeJgMMOdZzBGBhE3LlHRbCH1w7qh9pn3cmXfwdSiRcmlWsyZ/4X07AKIzkjkNmAjf5uYpX7V7o4jUao/Vl3m8ENnrVeRJpPogo7M1u5MVtqekS53i+xlo8qPybqwY8E3UngPkJyVyWC7txljUlKVtlxRHrfJkXZqaj6IAOd+kLWHEQGj6LZtIeetZ+Br2xyyorj6sJq58s6Asl3KDmbEOg+mX0zExc6Hgx+OQn1jC4NjEsFyBpu0HkrT5qxlDBAY4q3nNSgQCAQCgUDwfKhXXFxc/GcLIRD82agf3uHuYzA1b4yVaVUGmRdD1AFPgnP6sWHKKN2y58hGF0ZchMOroqWdMQDyVSgeF8LLZlg3qrjAy8nPBUNzKT8KuShUeYAR1lbPFupUOjYtsCq3MwmaXBQPsqC+ZaUyVYZKdYd8jGhda7nUKDLvYda4lbZvL7a+Gks/vMPdx0UY1qHPVZHz8A55T0BWv0Tvnk2250FJ/0zNW1W83wD5Km7mFoChSRVjLvWhCEMsm7fQeRnkPLxDHo2xbvQi51ct9F6TS06RERa1nudqVCppu2IzqxZVJ4bWQ6W6I11v3uKF38ech3fIeg76qH54h/tPat/HampCoboHL9deHnW+iru5hdU+fyvOFQAVq3x74Mtsflv5CajuQP0//hkuEAgEAoFAUIIwsAgEfzJR213oez6T"
01:01:11.625 [Forwarding screenshot on session d6a0bef0-bd24-11e6-8678-ab184a9d7075 to remote] DEBUG org.apache.http.wire - http-outgoing-0 << "MZ19+KBnG369sIvp50+C3Ivfvphb951kBAKB4P8EKpb69sBPM4Pf/H3Fs1IgEAgEAsGfjtimWSD4k3GdsAm/+7Pwu7iK/dqdTju0nMyWOcK4IhAIBNVR425vAoFAIBAIBH8gwoNFIPiLoM5Xcf9xYTkXeIFAIBAIBAKBQCAQ/B0QBhaBQCAQCAQCgUAgEAgEgmdE7CIkEAgEAoFAIBAIBAKBQPCMCAOLQCAQCAQCgUAgEAgEAsEzIgwsAoFAIBAIBAKBQCAQCATPyEt+fn5+f7YQgr8reRxbv5qjyiZ0t2v6AurPImTZGtKadOWNpjLdUeWlY2zZGsRPkefJLJJh91qLWm2Hpcm6zN7gHYT8eIgz8enQ1JZWjevrzl8+EcKOf4dw7MxFChq0xK6Fea3k0aGIYtXXh2nk1J3KTj8PLu1bz4bQ8zR26E6z+lVdlcexzQEEhV9G3rUbTQsvs3n1OiJTiujU7TVkeWnsWL2a7T+G8dPxFGx696qDvBpiQtbiv2knh386TvpLtnR/rfHz6RxAniRreFIBXbvbUVasPA75r+ayuQNvNK2y838Z8hSXuf7YgqamLwNZHNu8hm82buOnxCJ6unag8h7o9/HJC+xv9WOZdmwz3xy8i1Ov8vegFM3NE6z0/4kmL1Dfa89fXzfSDq3nmyPKasf0z6O2+lkOjZK09AIaNzb93S3XRtfqwh+ll5qbJ1jjf5ymvbvR+C+yH+PzHstaobnJjpXrudnkrzv3BAKBQCD4IxEeLIJnoIhb5xI5dy3nBdSt4cT6ZYQmJpKZ80h3NCtuB3OXbyM2MR8TIyVh21Yz2/9EzdXlxeEz04/QyMsYyRuhjI9k/eczCbmcB8DNY8vw2xTKtUIjuBVL8GpPvr+UVaM8pSjZvGo98SkJ3C96tp5XieYSu3ZHkZIYxa7jl6u5sIhb5+NJSTwvyVJ0n+jEFOIjL/MIiNu1lvDEdJRKJUpFOjl1kDfv0k4CQmNRKJUolQoKjS2esVPlRc8hKTGFxITbVBzlIq7FJnL5hQ3wcyQvDl9PPw6lZAOQFfcj2yIToXlbbFs0waTKgkXcjk0kTbpxL7C/+u1U5P7lSFJib1NdywV3r5KYcu7F6XudqL4/fwXu304gJbYyvf7zqb1+6pPH9x/P5fN9Kc/U9v1r55/ruPxRellw9yrxKdHcLXix7dSF5z2WtaLgLicTE7lVl/9IBAKBQCD4/5i/yHsXwd8WIzAyes51am7y/fLlhKXkAmCoO5HHT7vCgY74fb+I9jJIO7SMz4P/w6GbLoxsXfU7u6ykcyiA8Su2MaGtDPIu8dnU5UScTGJC+1cI2ZYItuMJ/GoCMtJY9d7nhIWe4a1OI5FVKU8pl773J1IJUL/S888DRfQJ0rWf0w8fQzGhPdZVXGtYH8jVymLShn9M9uCRuR0NgXuGkoS9ZgXgNaCqGqqgUPsj2nwgm7fPxLLOvagKDRpkyEwMJZnrG1YyjpbM+X4HyMyeW6svDCN4DJg2aACAoRGAOTOWLaJTTWWNwcgQXnh/jUvl02hApjd9nOd8j6OXrPq34IaGgAUNtKtxDfy5nhn6/fmzZdFHO7gmDeqDcWV6/edTJ/3Uo/AxmJs2eLa2DXm+41JGL1+cJpiYNACM/lL309AQMG9AA6g4qV8AGkBmYoIF8Lx/BggEAoFA8HdFGFgEz4ksvvf8lMKJXzPVSVp2X/p+EWuS7Pj2q0lkfL+I/yha0+bhSaLS1YA5A2ctZOaA1hVrOhtCWEohvQb2IjYyVu8tehEFuWDuOoD22t+NbXu/iXFwItfuZkNreZXS3X/cAPuO7vRuqy1oZoudOWQC5N3lGtBrWF/tT/G2jBxiTXzYRW4zkiZVyiOhSdvH8rB05NbmKBW/b/RqJo9fDseC+UC8JxaxelMUR+KymOlUCxNH4QPifv4ZpRwaZuxjbbgkZMJ/fFl0dx7LJtlzYsc3/Cc8ETVgLHdk+sdzcG1ddmGfdzmE+asjpS+50Xw69yHTp7Rlz9r9FLUdwReLJmBJFiGLFnM4sxHzvl6Gk2Ecy+avpbDLCOzyTxMWrwTMcZ3sxdyR7YE8TmxezabIFMAYe8dW3K+yI1n8uHgxheO/YKqTJWknNvPVpkgks5ecgdM/YOaQ9hVH7mYUW9cGE6uQrjS2dmT6PE9cKxjkJNkvmFhTEB+PEjC3H4iX90zam4FGGcfW9ZuI0hrarB3HM89zAq1lcOn7ZWxNNcQkM570XBmvNdaQC0StnoqimyM3/hsPwPK33mOo97f0KzrO2o2hKNRox2Mec0eWX9qW7e/NmJCay2gusWz6Ghr94wvmDmgNWXEs+mgtJmN88BnbHvIusWj2GlrP88PQCFJOb8VzdSwK7X3/wMcTZ2sZlw+sZtWF1nz71SQssy6xOWArkSlKAGx7eeDlNVa7sFRyMGARq+MlLwbrXpNZ5DWyEsNbXhkdQ+7IXK2OVX1/Cvj+s8XcbGlPVlRUqYyLfHCuZKobGkHS0Q3MXS3dO7n9UOZ5T6WtGUihbQEEhEr3AfOOzFo4nwGtyxuvsvh+0WJSG9mSHyuNi7yjOxPfhO3rw8gFzO2HsnDhVFrLqtctjSKGgFUbiVeqwdwWe3MlGDmU3Kjay1Ptc3UZW282wjoringFYGyLxydejO1UcYCq0l+LxB3M1M7rEv2cWua5ksUh/68IjpXMu8ZyR6b7eNLkzGrCJSXnvQx3vv1qEjnV6WgVeiShfaoqoli0ZD2Zzcfz9bIJ3K/lHK+IktDlnqxOUQDGOLp/gOckZ2TVjENrWVYN+qbkkL+/dhyMsZargZJxrnyMXK1rMnBUPS8uH9vBxm3hKLVXloyXHKp59tWH3DOs/uwMKem5SP/PfsbMAW0raVvBofWbCY7SeiAZyxk4Saon7/I+fFedxrq9KfHauW3bazKfaee2fvvmcmNyAYdKWhAIBAKB4P8iIkRI8NzIvp9LdlGp+aGwIBN1Zrb280MU8eEkNBqC98K5uFrnErlpE5c0Feux7Po+63d8h9c/+lB2mVAEhZCb/7j0UM4D1NT89qztgKksWzRJ5/GhjNlFeC60am4BOXkUAi1eKX0T+6qdPXCLu1nVyQNwk4DPd4P9ZHym90byW3gBKGI4pgDbwf1wGtAPWyDy4C9UMnyVUIBCoURxTcUTCnVH1QCFELd5MZvCE1Eby+lob41aGc967+XE5ZWr5on+FzW5OQWoH6pQqNUob2XrDE/ZD5Wocx9q3dSLUOaqSYkKJeyyIbbWxkAuUcEbicmDS98v1xlXbDu24lZ8iiRXFWRnKiUdy4vhq02RNBk6i9UBK/BwfEzkNj+issqXuMxy7/XEFrXH028Ffp4eNFHEs37tAcp3D6DgoZL0+Hgcpi9khbcH5imR+C0PIY+bBMxdTVSKOR6efiyc5U5ufCjePt+TBxQWKFGmxFPQypWBvfozYMxQAOyHTue90WOY5d4RgIGTp9ObcLwDQrnfaijeK/yYPLA5UcHLWXYorcr+atJCaldGZkvrJmqiIhLQAMqk06So1cSfTiAPyEo6TYraiDavNsKwPihiY2npMZeFc8djoYwnYPMRNMCj7Fvauatg/afLiUwxxMPTD+/pA0mP3c2CzXG6JlPiYbr3Qma5d0QRG8yuuAo3QbrP4Ym0dZ/LCr9ZdMyJZ733BhQ13J/CAiWJUVG08ZiL91x3Scb1hyrVe8P6oEyMx36yN36e4yElnM+Xh5AHXA5ZTEBoPI7j57JihTeu5ols8l5MJaJS+FBJSmws9tM9mevhiDIxjID1x+g+3ZNZ7o7kpoSzP15Zg24p2OAZQPzjtsxa6Mes3kakKKAksUld5Kn+uapEmRiFQu7BitULGdo8k93LlxGlLF9L1fpraD+4jH72a1M2QCgt5CuCY+/j4b2C1X6zaKWMZ73vfzDv4oIcMLYfygcTu/NytTpagx4ZNaBIGYOn53pSCh3x8p6AZa3neOWk3zKVxn5oW+LDAgg4pqh2HGrSt6j1ywiOTcd1sjd+niPI1RvjqsaoJlGrmheplzbjty0cw4GT8Vu9grnje5Eeu5udMcoann2GQC6Zpv3wXujJQNtCIjetJaYSQU6s"
01:01:11.625 [Forwarding screenshot on session d6a0bef0-bd24-11e6-8678-ab184a9d7075 to remote] DEBUG org.apache.http.wire - http-outgoing-0 << "8iQ46hbusxayYoU3Q9s+JnKb9FwueqRCqVYQr53b04fakx4bzI9xWeRd/p7PN0VS33E8fn7edNE+sUWAkEAgEAgEEsKDRfCC0Xeg7sVSH8nIYf+PFKKWnye7gIoe3GaWkiEjr6icuUJOVxc5kZGbWLT5EUPtiwhbv7tCKzWhiNqM5/pIsHXHc2x78i4noEaO7Sulb49LfiwaVisPRK3/F/HYs2LZSKwv75DK1C6BQZ24FHEUNcb0720DwOBe5myKPUK0ciwDqnbc0SGF3UCnSctYWOjJ8nAFA+cFMtPpLsvekjxahn7gw1RnQ0I++4TQ9HTOJWXh5Fz6Jtus0wS+WVjA1OXhIB/IjvUzKYrbXLaNKv+1Z+G2ZXSSKfCf5klsLhQVZXH2pPTGt9eslXgNsCYrZj0zA6JqtlNpb9D9O9f59YEtfd9fSof7YFPedULTBPfp0zFs74yTFShVRTjag+KWikdAeX+BosdgPtCbmUM6AZ3wmXWLuZsiOBNbRDzg7vcFY9ubAe35kt+Yu+kkF7ImSS75OOKzaK5kxNPEcWBbOHIHZ9rbmfGquimbwuR07etK7q65gCNfLJtKa4C2C3mUPonQPSfJGvlWpd1NPHm6mjJt9TxGzOjdvyNhwee4zljux2pz9SiS+BW4fyoK5O50lUPKYzDuNRevsa4ATEmKYPW5TLJ1dRmCMpVzuTDQexFjnSyB9vhhQjJGOlOdx+plDGkNOJkTE+ZNRvpdKOMBoeT0sXRwnMWiSVJb3l/AzjNPILf6+1OklXGuVkZSTrI6+jbZUMHYWfQYzF29mTvSCXDC5/FNPDdFcCFrECkR6WA9lAmDHDB8BKP/MZ6o5aGcSymr4+i1OXOIM/AKsbvjueb6gfb7q8SFxdeoW6pLEcQC7l7eDGgvg04Lybk5id2ZAFlE10Geyin7XF3kI3k2tF34AWemBhCfosRVXjpCeZfPVK2/RZPo7lCqn+WdaB4XFQKF3Eq9iV3vzsxdvYIcwya0tDakq/k2zsgdcO7UlrjNa6lSR7u/VqUeFd0yh9xwPpkbjtq4FwHfeUlzSGsUqHGOV4HHF8sY0Bro9Bp3kyYRdiiCDGujaubxsGr0TUnSOSXGrp46/fry8R3mbrpc7RhVL2rV88LQ0prp0+3pPMSVhllZNLBtgTHaFwnVPPsSKQJ68eWiSciBjiQRufx8JW1raPnmLGYNsGWAU3OylCrs27YiPFGJni2PyXpzOzrcm4KiIpJOnkTSuQnIgfYrvUmZurp2N0UgEAgEgv8DCAOLoM7UPqpdf0eBx2BsQomPSJF2dVbX+HWnmf9irslqtoUFExBpjqOrI0TF1/rtWcz3iwgIS8G443i+XTRB+gHc5BWMUZL6ax5O7Wuf7yLvcgjro5RgbU/qsUOcPH8GKOTEzhDoNwynCu7+v5ebhJ+UjCDbPCexTe/M4SOXGDC1LlkTStOoFBU9gqy7Ohf08ABPwgNKr7uRkgHlF58lhR/DI/TuX02bR8itaSkDaEDD+kCuVFbKFSPHsYPkW2Tp0BVrolDUVJ+lM/MmX2BtcCTrE6XwBnnHocybXxISokUmx6LwGv6e2yizBJBXkfOhENo7vKr72sBcspbVUxcAxrTUM8KVnJPqeQzGjXT6TaHWGFckmXEkfX9MUVFFAxTIsLeTa+PVqqc2ZVp3d8Y4eBMJcXEo4nPp5eFBxu7dnIuJ4bd4sJ/cWzIsFULb9qV9lSovOy4Pb1xFjZyu9qV60H7IJNoDWXFnAXOa6fIcW9DCHE6qyie9NsTQCMxNS2+qrPUApmqjA3Oquz/lZSypr5KxKSqE9l3b6L5bNGkkXV2QgSIXyA3He2Z4mTIZKTcq6DiF0KrVK7o+NTKG198okaEBjYyhAKrVreLCR4A5tq+UPClltGkth1tAXh3lqUC556q8Yel4mL1Ke2O4nHQDXEsNLEWPqtdfff0sT6dJHzNe8S9Cw7YRGwZgjOP4D/CcYK997pYtVJmOVqdHJTZaNYD6IXfzwNqM2s/xKrDQTUYZDg5ywk4+4tGjomrHoUp9y7pBghra2jQpPap3G6oeI+dq/q+sZl5oFMTt3MbcbesrFqtmXEr+ny25BwWFFYuXjMkrTSBkrTebyiqv3v0zp7He3LbW6r2hYX2gsPSum9njUDInBAKBQCAQCAOLoC7ksW/RVHYbTefHRUMo+Sld8hvOENCP3sl9mPP/2Lv3uKjq9IHjH10HRpCLkzammIqmFKEpoXmLLM28petarma6q7RakYXbkpYaBSaSPyllFVZ0VzJdizVZTVOxIhFUdiRQDDEhc7xM6AgM4MCY/P6YAYbLDDcv7fa8Xy9tmHN7vpdz8jx8z/fc9Jnv8lL2UeT5Rz761PKwT952nknSoFA0lKopY++qPxObqqPvlGCWTPWrXuTkihuQpy0ES4Il+8hRUPanp917HQUermpMpnR2fJJOebn5iXjNnl3c7TMKvzrTy5Sh15egcHbGxREM+hJQOOPi4lhrWc1/kuvT9qExgu/MYKb2caPUBE5OhXz+fxEk7fk3ObP7Ud8T9o2iuhcPJeiMMCYogme8nMhO+5pTBe70f8zL7qYKQOFgGa5zrfKf24UUNOGlUqZrADo0J8y/cTdkH0cLDY5gKdPncNlpAO99GohCm0P619uITtjDrmPjWGB1Y2nI2EhIXBKeIwN4Z5IfHmoVSaueJ8rWS5gcIDf3MpWTfJSWmm8brptMgJErl8tAZW4fk2WZCTuJQkXdCUBNprqFu3ReB3jZTBQ2aRt1f0aoISE6GlATPOoxcg9uJT4yElAzb2APQI8JcHax/xYo5w4dgSRO/ViGn2Xio6ztq/jnBW9eGFRPnNg45cuhvLw60rK8vYRFn+bpiU5E2GmfxsRYSQGcO3cZLOMGSgss7ePcCbUSsr3n8enCJywBaDmwL4sO/ev2cRPQvlOHGj87tFXU+Bns9y0HByegiHNW/eXyT5broUvT4mnwulpoqu5/hovkGsHbpyc1NNB/7dHn/EinJ/7Mpws7kpel4dDOLSTEb+DwqPfNF3/LtddeH3Ww049GKkyg9Cdi5SBWB0YQEbaNjSum4tDIc7x+rlQ3WRnZx3XgNoA2plK79WCzv6ksiauz1Rc3hdVQRdt1NAR/e/8PsXFePOSRTrwGpgSFMMrHGxVpzJkdAQqF3Wvf8AZqpZqW9W9Fk6keTHDEc3j1UENaDLMj6hvtQlX9QGU7W0/um0u2EXrWu5UQQgjx6yNzsIgmcKGT2hUyP2FbShYp29eTWASdO1r+QeoAmi0fk6HVkbE3imiNEdpSY5Lalj6nffHYJ8RFhrM3S4c+L4XQpVvBdSST/FRQlse2VeFsPFB3Lgvt3khiU3WgHsyjXUs5cOAAB/buJSlDBy59edwTMmPXcCBPjzZtM+uSilCPGFTPnCtWteE9mcgNUURFbWDDhg2sfX0k4ErQxo9qTRJplrZxIXPnzuW1vx4GvYZFc+cy+7X16Govq6GMQ18kAl5MnuBHj9698fbuTY8efkya4Atksq/uhAtN0IPB/V0B2LNlMwm7P2Z1bDwJ8bGkX7b560/A3K4unp7mOipKIjR8FaFBwaTWN4lKvQkTFQOGmhNlqdFvsipqFYsqJ9FtaATLxaNER0eyamMSJrdueHa92/y9jUxH+84edHRXkLE3iqhUo839K9qCLiGOnRladDkHWBWVCh4jGOw/Ai9g64pI0rR6dFl7WRGVCkpv7q1qaqv+bRkKcO7Y1+RoqydAMAFegwYCGv4vai9avZ6MnauIzQSP0fXN8WPWtG1UDHvcC4qKQO2Dl4uKB309zYs8HmFgjQ1qn5GmGp9b9R6IL5Cw6q+kafVoM3aybmsqP5QraWcj1rq9RoXPIDXG1Fg2p+Sg12XxcXQs2blXqx6ns98+dWOs7zqicIPc+NXszNKhyzlAlKXtfFRqfAa5guYfxBzIQq/XsnN9ONFxsWhsJgMbf6WqL3bnfsPoC8SvW0+GVk9O0kbz9RAw0cR47F5XXcGYyAfbUtDpctj2QTQ6XPHu6V5jFyrfxvTf+kt9Zt8GoiIWsS3tAh3u7ck97RVAWxQKFb28lRQdP0hKjs5u"
01:01:11.625 [Forwarding screenshot on session d6a0bef0-bd24-11e6-8678-ab184a9d7075 to remote] DEBUG org.apache.http.wire - http-outgoing-0 << "H+1qpx85cQ1Q4Kb2488BvpAbzwfbc+ye42XaJKJCV7E3p76ZlACKiAzdSI5OR8bO9cRroe/oEfRsVD3U19864u2tpCgpmm0pOejyUvhrdCKVHdV2HUHOgY2Ex+ytZ84n2+fFb1oBdKDTvffibMpj2wfRFIH58bsGr32N+f9sqXnESfsu3NvZndKcA0REmMvT0LZeg4YCqURtPIBWp2Vv1BZu2dzuQgghxH8hGcEimmTI9HkcSI8gPjIEAKXnGF6Zan6rw7iZY0iO2kNYUCrgiocraBWVjwW1BTenWve/Dd1FK2gLNUanDJm1kMPZIcSGBJoflXHtS9B7c803meWXOZyq4TKDmV3rrQlnTlv+CahLJSoytep75eBA/Pv5M/mNxeQsDSM6eK75e6+JLJztR01147FmHmbf1va9meX7Dne7g6Kk5uuIrZdZM2TyZSao/cfUGaXi8dgYvGI1JCUeItB/cs2Fiqq/bKpc6r/gHc6FhpOQmUlC5fD2aa8zw87jUsrO7uZ2dfHlmZGeRCXmotWkclntgStaimof22oEgHVsfrMXMuV8KPGZOlKTUlF7qEFrO2GkwHwD7+j9DIFjThG1J4rAPeZh9GrfaTxX6/UyLv3GMdHrEAlxIcyIA/DA19cDjSabMwZQ1Sqi6Rq4epQTFxZEnHmnBC+ZgcoRgpcFEBYaS0SQuY+g9iVoyQJ6AJdr929VT4Z6KtmTGEdoiSsfDgdoi5MCVH5zWTythLCtsQQlmR/48hg8kyUz+gH6qjJal9f+NnX1HjgM163ZuA4YgAvQq/8ASMil7+MDq+adsT6OWVtwcKr+7OaEgh4ERcwjbGk0EUHm80bpOZIlL/ujyD5Dfeewm1PdfjckcCHnroYTH/kWCebombb4ZR7qZ7LbPvXGWOc6YsX1GnEhgZa2G8zid2egAvwD3+NScSjx0SFYUnj4Tgtmdj19vPYxbf1sv2/N5bVlASx9K5awoCRzvQHGDubzpvHxqBq4rpplxkcSGA/gypigdxhd++01jt52+6/eUrf1NB1+sxbgfyac+Ihg4i0l8Q9YwhAXyOvfHzSpRL51lWWfhtrto7b6UeE/PgU384E9Rr/MtKMvsXXrOjQx4TbP8ZK0HSRlplL+6HOMrvW8kMLBUojLe3gr0PwIlufIeQRPMA8ptF0Pejv9zZHRC5dzfsnbxEe+ZakHqLqO2amjtO/2oEnyxzR3dJ26tXVejHFNIzUplqig2UQBrp598VRmknviFI5TbV/7fjze2P/P9ubpab5kbo0ncIY5Yq/BvihTNRzP1jHAWVFnu+pr0WwWT/mJsPhogvYASjVKq7oQQgghfu1aVVRUVNzpIMR/mzL0ugJQOKGqfYdaZkBXUIqTuxqXxk3U0iwGvfn3gS61jp8WE8jqkul8tGBIs/ar1+kwKZxQ1y7Xr4BBrzM/ftSMtisz6CkwKZpdbwa9jlLcUauafGB0BaUonNxR2QnavH8FapW98fp6op6fC/NjCOwLupL6ymPu+zelj1TFrq6T6Lmp29wUN6fcZXo9BSZwV6tqzE3RuPZp7DF05r6orrsv8/FNN/X6ZD92y7XSRns1Oh4b19W0mDlEHB1KzIbZoNOjUKvqTNxcXzzNaUeDXk9pPW1HmQEDDtWPNtrto804fn3neFkOoTNC8Y6IZXKd161X0+t0UO+1oSX1oKOU+rerr44MWRuZHVJA1KcLbI5Qq/+8qOw7Nq5tjbz2NVAYdKXNPB8sx3dXqxs5J5sQQgjx6yAJFvG/oyyH8IXbeHTJkobniRSiDj1Rz8ylODCKhQ3O8SDEnZcS9TyRSf3t3rz/LzJkbSNsp4LFCyc3kFC68zI2hnKwy1QCRzd7piwhhBBC/BeRBIsQQgBgIGnzp1wf+AxPNOY1JULcYXlJ2/jqiifPTfaTUQRCCCGEEL8AkmARQgghhBBCCCGEaCF5i5AQQgghhBBCCCFEC0mCRQghhBBCCCGEEKKFJMEibpqyvL2ELokiy/yCHwzaLLJ0Zbc9RR4vpwAAIABJREFUjry0FPIMUJZ3oEY8t4+BnatC2Z6lb9TalfHe7jhy9sawZNVO7B369tRhdZwtPV7zt2+grnZGNVhX9W53IIYloRvJacJpoE3aTOiSJcTszAIM7I0JZ0loTFWZdBk7CQ0KIjAwkDeaEZO4fe7cNUgIIYQQQtwJkmARN03JxdNkZh/hsgkwpLEoKISd2QW3NQZDWgzBEev40QQll78jMzvJHM9tZeJ0aiZZjTiwdby3Io6zqZnk2IjjclYi2alnsXfokovfVbfpLVMdZ0vbrPnxNlBXZ9PJTj1LaRP3evm7o2RnHuJiSeO3+fH4YTKzszl6thAo5XSyhuzMZEuZ9OxYHUemVotOpyP3Kjg0MSZx+9y5a5AQQgghhLgT2tzpAMT/EIUCcEAB4ADXgHZOTrc3BgfzX04KUPkFsnnjCzje9hfCqHh580YadWCreG8JZXUblJWBo9WrRoa8vBnfBY723z6iUABuODmbfyyDW/O2EiU43Iw2a0m8lhhqsFSas1NbUCpoajMpFG2B9nRwbso25qO0BcCdEQEBdC5qQ09ngIvkFgGoCYyKQt4m/ct2565BQgghhBDiTpAEi2iyrL0bWRe7B53lZ8/B01iwYLLVzaeezQsjKAKSImajm7iY0BlepGyLJDJeY17FtS/zFr/GEz1cyNgcyvpTCpwvaMgtUjJh5liOfnIUD+92aDTZlmPM5I0FE1ABhrwk1q+OI1VbBIDSw5eA+UEMKPqUl8ISAYiY/QbzFgxgy9oTzPswiFMrXkXj+SKRc4eYj29IY8lLq+kxfyWz/dxtxlamTSEyfB0anbFGWe3f1+r5dOlSyqe8y2w/2PzGUvK6eqFPSkILKNW+vLhkIT6XNteINyhmBfdkb2P1uni0RgBX/GfOJ3BCv5q7L8sgNGAl7f/wLoFP9AB9GkteXY3zbxeycLI3GDJY8tJKeswPQeEA2QfXExSRWn3shUEM8XAka0cE4cd68OGKGaj0GcREricxW1dPm+r4d+QSIixt4TF4JkssbWEtY3Mo6/Pa46FPQqMFlJ5Me30Bk/uZaysvpeGyGbK28Vr4CeZ9GIqfCrQp21izLp5cyzYjAxYwomQnb30OIR8sxNty45oUFUSs7hGWPW0/3jJdGuujoknKNvcdD98pzA+aSo9aWZga7e7qiZerDhx8Kpc2ui+PndIHcOIeR5rZl0o4lfolX+ra03NwJza/FEKupU2iXp/DufnvM6PnOaJWrCbJnHmxu19b564a8+NMK6ITMe9FzciAF5k72ttO3Ho2B/2F8unvM9tPZekDS1h5vA8frhjL/iVLOYwzl7NzMXpMJCbyMQ5FxRCXZG4XlGpGzjAfw5C1nUXhB22e89jon2o7bVGbvf5Zu92mhKxl1PWvWbEyztL3lPjPXEjgBG9Az+YlSznV3pPiVPN5pe47kemPwoaoBIoAV68xLF48mw7fV/dnr4uWz2tD8XMByrIIDVhFl/nvm68TjdxnD0c9O1etIC4111KNvgQsDMLfo24q0XZ769lWp32eIbuRdSmEEEIIIeonjwiJJjFkxBASuwfFyJmERCwjcMpgclO38nGKzmotFUMnjQHAa0wAv3/Mk6xtS4mM1+A7JZBly4Lxd80kOngpaXooL9Ghy9ZQ0t2fkYNHcJ9rETqjFo0GAoIXEzDGi9zUOD5N0wNZhAVHkWryJihkGSFB0+ig1RC1egf0G0vARC8ABs+cQvc2+RQZL1CKij6ebmgTE8iyzIWR9/UXZBsd6Hmv2k5sej5+OxKNYhiLIyJZHOBPbupWwrdlNVhPBRd0FJjMzwWUl+jITEqi57RAggMn4qbTEBm1E4da8Xpe3kZwZDyXu48heFkIM0d2JikujNCdOTV37uhJjw5GkvalUwbojh8k22hEczAdA6A/ftBStvYo2oI2NZWu0wJZHDjFfOyYzykDSgt+wHihANAS9ZcwErMVTAsKIThgJLmpW3kzJq3qkNmWtpg3sS/a1Di2pNWdq6S8RIcuMwmtehrLIhYzpvMFtoaFkqSDspzGlc1UWtlmgHYniyLjudB5JMHLQpg2uC2J"
01:01:11.625 [Forwarding screenshot on session d6a0bef0-bd24-11e6-8678-ab184a9d7075 to remote] DEBUG org.apache.http.wire - http-outgoing-0 << "sSGkq/pAkYadR7WWTpnGjiQtnfv3p53dePOIDIwgKduVaUEhLJ43kSJNPMELN9eax0TLX4Mi0VzrzbzFIcwb6kC2lsohJU3qywMffYGIyD+govl9KV+bi06rpeDadUzlVguMUM6PrHo1jKTcIlw9vPBSK8lN3Upg6E5qT/ti99w1pLAiOpEOY+YREbmMab7XSIwNIamBc6DgclFVPzf3gQuWPgUlF3Ros3PpP2Yk/j5dORoeRFzSD0yct5hly4IZ0/saibHrSDGY2932OW+7f9pri6b0z9rt1rvia14Ni+Ny9zEsXraMeWN6kxQXwqokc58rv6ojOzUVr4AgAqf5ostMIDJqLwMDgpg30Zei7D18ptHV6M9Vnyurq6SQH4xFlFZeJxq5z5xtK4hLvcy04GVEhMyju05D1KJ/ULvIDV2ra7fP2SbUpRBCCCGEqJ+MYBFN4tBpGAEBXjw02h93vR4nzy4oqTsPRI9HfFBH7UHtMwRvDxMx+3LBYwxTR/mgKIVJf5hCUlg8R7L1DALAl4VLAvEA9GkxAMyMCGV0D8DPleQ9wZSYTFDWgYkBASi8h+DXEXT5Jny9QPtDPqWoGODjAQlXGf6YH+2zjwGgAPzGTUCZGMvewzq8/RXs25EJXjPxV+vtxHbVPILjspbs3IsM9ZtORI8nUXS4p0l1ZroGysGBBE72N3+R/RURyWcpYEKNeM9t2QT48m7obHoA9F5Mae4M4j/5Cv2E3lYjRlwY+nhfEuKO8D2TuZxquUnXHudH4PI3SaCeyAA1ZFuOvcBy7FnH9xFx5ALVM+MoQHeKI0UwMngJk/1UgDchOHMCByrv56dZtUVKQjDnci+CX+0xLACDWbLQPCKi9+IXOTQ7Ek22Dqfsg3bK9ozV9oqqv9P27cWIFyEr5uIN+C34M6aYQ3j2eoSJHltI2PU1ZU/MID/lC7SoCXqsN5z5yma8Bqd0NMDEkHeZ7O0CePMePxEY/RXH9GOrIjBk7CMVmLggmCe8HaHfYgrzZrD1AoCe5Cb05Wp681w3zehLlSPDFM79WBIbTOCMCHSoCdoYhVd2DHONAH2Zv2QJXqVJLAyKQpv5JRr9BIZYNZHdc9dy03/5/Pf8eMWTx/70Dg9ehm4qyLYZt62JRcwRm7D0vdn+QBk5KdeZ94QnT/h1Rq/Lx6t3d/Zk6rDKz9R/ztvsn2UkfWK7LfyGNL5/Dq/VbmkxgRhxZcbz4+jkZKLrpMkMPpRJ6o6vMfiPrTqn544eAtxD6lYNp/1ftPx8L2kJmhp1Ufdv6w9mjd3nNVM5UM4Pp/LoM/QhAiOWUajoUGdEWUPX6prtoydmTlQT61IIIYQQQtQmCRbRJI7ubhSkxxIYG2V/xXIT1wBMpWC4hLYIKNpD8Nw9NVY7l32GQVwDZXtqztbiyl1ulZ/d8FBCCYCjGrfy06wKiiXCenW1eX4M82/4r9W4aQPAYwijPWJJ2H0UQ08HEotg5LyhYDhnJzY9i9+Yh3Z1NPHR2cQDuHoyc8EbeDTlfqMcenvfW+vLuvFW3UhXreOIVx81XKi7yx4Dh6CMiyY9LQ2tpojB06ZxbutWjqSk8JMGvGYOxaW+Yyuqj13p6pnvMKJmgFd1obxHz8Ab0KcdBlzpZNUWXVzhq/zCegp6DdTu1ft2uRdvJWQdP8NwRePLVsV0DVx9qE5B9GDq3B4A3DN+MAnRezmsG8W5nZnQdyZDVKA/g814TaUlgJKu91Q/8uDk6lwrLjCVlwKueN5T+ciFIz17qOEHGugvtvoygIrpN6MvlZiqYq3ZxzMJm2udqCqqk/6we+6qhjB/5jFWxyUSlWl+bE3ddwzzX5vdxLjbVn+s0fccuacDbFsdTHTNE9eq7us/5/W2+qchgyWx2GwL6iQF7PXP2u2mAHTEvhVYq3gl5tFV5dC9e2XPdKO9Eu67v7KsTrSvvF41oK31D43cZ78Zf2aK9v+IT4glNQFAie+UFwmaOqTGfEMNXqut26eBfl23LoUQQgghRH0kwSKaJO0fbxOvgSlBIYzy8UZFGnNmR1gmF62HwglcOqFWQrb3PD5d+IT5+zItB/Zl0aG/F+WfN3zcyptFQ8ZGQuKS8BwZwDuT/PBQq0ha9TxRtZ+0qBOOC6MmDSYhagcfxAD4Ms5PBZjsxKYm90wRv1+yGW+nfDKOHWVL7FbiVu1g6IbZdX5jbC92Zxc3+yspwGS6VufrS+d1gFfdsQLq/oxQQ0J0NKAmeNRj5B7cSnxkJKBm3sAeVI6aaOjYzh06Akmc+rEMP2/zLVrW9lX884I3Lwyqvzw231xTWJ0AwHCRXCN4+/TEdLwJZas8jgkoukohWOpaz/ZVfyW/31TmDhuNZ3QqO/7+dy7rYMwLQ22WrypekwkwcuVyGajM5TQnXWqOxVA4OAFFnLNa7/JPheadNLsv68m9SIv7knW/rtnF+7I46jW6mnLZ//VxFB098ao1sa69c7dMn8NlpwG892kgCm0O6V9vIzphD7uODeUJbMU9CQVQbNW0RVcLqzpHzb6nZf1b0WSqBxMc8RxePdSQFsPsiKM2i1rZJrb7pwcqJWCjLeplo3+SXevYpiLAi5BPQ/G2fJeTcoA8UyfcLbG179ShRqwObRU1fq5bIMu3las5KLA+Kxq7T33Oj3R64s98urAjeVkaDu3cQkL8Bg6PGoK/VUdq6Fpdo30a6NdCCCGEEKJxZA4W0TQmgA50uvdenE15bPsgmiIwPzJSYz3z7cC5Y1+To1XgM8gVNP8g5kAWer2WnevDiY6LRVNYveOmvMm0fWcPOroryNgbRVSqsfpXwea7crKPZlFeaxu1/3j6UkRmdhGeUyZYHuFQ24mtiH9HRRMSup6MUic8vXrSHqCDO85AzoGNhMfsrTV/h92Kq/GzqVa8noMGAhr+L2ovWr2ejJ2riM0Ej9HD65mwVMWwx72gqAjUPni5qHjQ19O8yOMRBtbYoO6xrT+36j0QXyBh1V9J0+rRZuxk3dZUfihXVs1pUlvtujVzBWMiH2xLQafLYdsH0ehwxbunO15NKpuZz/ARgIbVUXvR6nWkbPsrW1MzzY+nOHoz0V+NVqPBqBzMk/3spyjKAZXvCLyArSsiSdPq0WXtZUVUKii9uddqc5d+w+gLxK9bT4ZWT07SRqI1Rktt2esv1XVaty8X2u1LTWGy+q/KbwR9AcjkH3/fwo7N/yA+IYGtsQcorD3nqb1z9+JRoqMjWbUxCZNbNzy73m3eRmGwH7cDaLZ8TIZWR8beKHM9tbXuYZWfSs0jOtp34d7O7pTmHCAiIhFo2+B572izf6oZ0GBbWLPdPytjrYzFa/hQIJvYVTvJ0+nJStrIW5HRxGouW40Sadq7l82JoiISthxAq8tje2S0ZUJhaw3v88y+DURFLGJb2gU63NuTe9orgLZ1c9yNulZXHq8x/bpamTaFqNBw9uYYAAMHYsKJ2ZtTzzIhhBBCiF8XGcEimqTvuGfxTIolKmg2UYCrZ188lZnknjgFnuZ/6AOg6slQTyV7EuMILXHlowXvcak4lPjoEBIt+/KdFsxsbxfSktuCm1P1IzIOVvup/A7zTbJLv3FM9DpEQlwIM+IAPPD19UCjyeaMAfzuvR8PktgTHULhpBG19tObp8Z4kLnHxNjHvKu+9Q+0FduD6IKnEBoRT1hgknmBa1+CXhmHI1D43R40Sf6Y5o6uU0+V8db+bFZdXpVVvKVBMSyeVkLY1liCkmIByxtwZtR6i1BlaQYOw3VrNq4DBuAC9Oo/ABJy6fv4QCofgqn32A5O1Z/dnFDQg6CIeYQtjSYiKBUApedIlrzsjyL7TJ22AHCz817pzPhIAs3PkjAm6B1GeziCx1w7ZdNXxWnd9i79ZhAy8ydC4mIJslR/34lBPNfPXLoh40azLimOzqOfqJrvpL6+UxWvozfBywIIC40lImiueYHal6AlC+hhFQP05rVlASx9K5Ywy4GVgLGDO07Y6y91+3K1HvzJTl+qj7O7JfWiqPoLUFD5UJPCKtaw0FhyNYloAZSeBCx5jd619mfv3HWc+gyBY04RtSeKwD1RlqqZxnNDHgaFrbgdGTdzDMlRewgLSgVc8XAF"
01:01:11.625 [Forwarding screenshot on session d6a0bef0-bd24-11e6-8678-ab184a9d7075 to remote] DEBUG org.apache.http.wire - http-outgoing-0 << "rcIZJ2r3vd48Pc2XzK3xBM6IB8BrsC/KVA3Hs3UMcLZ9zmOnf/Z29LLZFrbU1z/TqNluqn6zCZlZSnhcHMGpceZie01k8cvm+Upqn1e2frbuj469xxIw+DCxidEEJQIeXrhapVgau0+/WQvwPxNOfESw+ZEtlPgHLGFIrSLbvVZPvafO/u3169pKfjxGUqYGp6fMCZrvkzUkmx5l7ujedZYJIYQQQvyatKqoqKi400GI/zZl6HUF4OSOysXW7aGNLfV6CkwmnNzVNHHTGgx6HaUoUKtu3twAtmMzl9ekcEKtqr7ZMGRtZHZIAVGfLmjgVbtNDcSArqAUhZMa1W19Q2r95WystJg5RBwdSsyG2aDTo1CrqLOX5pStcht3deUTOwDoU2KYG5nMvKiPeKJJDdDYclb28/pjbV5fblkdN7hfFKjV9s6JBs7dqvapvdxO3JZtGlUPBj260uae/7ZjaExbNKp/1jmkrfpovjKDnoJSGminhhn0ekpN4K5W2UzSNedafbOu0UIIIYQQv0YygkU0gyMqdfNSCo4q1U1JRrio1A3fHDWR7djqL2/ukfP4B0y9uckVAEcX1OrbmlmpPHCz2xXAZCqHogJM2Ll5bE7Zam9TlkX4n8PR6IzgNZNhTQ65seW0v17z+nLL6rjl+21gPZvtY2e7prSpi4rmd23bMTSmLRrVP+vs+Oafi44tqoNqLqpGJIia0d9u1jVaCCGEEOLXSBIsQjRTv9lLqP/hnV+ne3zGM6azJ+4Nr9pCCu5Wd8bLw4fnX55g57f3QlS7ff1TCCGEEEL8WskjQkIIIYQQQgghhBAtJG8REkIIIYQQQgghhGghSbAIIYQQQgghhBBCtJAkWIQQQgghhBBCCCFaSBIsQgghhBBCCCGEEC0kCRYhhBBCCCGEEEKIFpIEixBCCCGEEEIIIUQLSYJFCCGEEEIIIYQQooUkwSKEEEIIIYQQQgjRQpJgEUIIIYQQQgghhGghSbAIIYQQQgghhBBCtJAkWIQQQgghhBBCCCFaSBIsQgghhBBCCCGEEC0kCRYhhBBCCCGEEEKIFpIEixBCCCGEEEIIIUQLSYJFCCGEEEIIIYQQooUkwSKEEEIIIYQQQgjRQpJgEUIIIYQQQgghhGghSbAIIYQQQgghhBBCtJAkWIQQQgghhBBCCCFaSBIsQgghhBBCCCGEEC0kCRYhhBBCCCGEEEKIFpIEixBCCCGEEEIIIUQLSYJFCCGEEEIIIYQQooUkwSKEEEIIIYQQQgjRQpJgEUIIIYQQQgghhGghSbAIARTmGzivNZBfeP1OhyJsKJT2EUIIIYQQQvyCtaqoqKi400GI/xalrB6zmxWH7K/1wOsPs39p99sSkVkpq6fsIybjOg/OGcS2hV3rX63wHFO7HSH5Bgx7s3K9AlY//zUrEqpv3F/cOZbF/k5NC6HwPFO7pZJ8o/7FFa2diDs9lpEdm7bb5shPOsxDE7QAvLpzLMFNLUs9+7GlwteDjK8e4ZYXy3ie8Z1SyV8wiCOv/sz4bv8h3VZdNzqmUiJG7OYDbmUZSokYs5sPbZwzVf3C4Rzjux2hbMHD7F96962Jq/CHm1RvjVHG7g05dJriwwC3m7JDIYQQQgghfvHa3OkAxH+T3+Di4YSH7w1caQ0FRk6eMd+tefg64coNKLiOp5vitkdWdOU6BTrQG362vVJ5OT9YPp64XA5AfuLJGsmVitZtGPBAMxIS5Sb09legvOl7bbFik536aICDowMPqNuARxtQQtH3RrQ68PBV4grAdfBwuFmh2lX47QXSb8Ab4+4GLlIGVKjb4N2rDRit17wOvZRN23nBzYuzPuWW+Cp6KhngDmVWy4oK2mKuwZ/JB4qtF96CuG5qvdnxzbv7CVhVTuzTPjdtn0IIIYQQQvzSSYJFNIEjf1w/lj9W/mg8x/hORzjW34N9Xz3CnfxFdaNu8zvew7KoUs6VgfqhewBwaWdOBlW0bsPaE5OY5HG95n1nEwJwtHx0f9KDZbPvwjqjcr28Nfe7NGfHTefi+Jubsh+3Rwaw//SAqp8Ph+9icjgs2zGekbe5sTP26aho7c4wb8eqDIX3877sX2pjtNIviANQ0VpJ3Nf26q07Ry55gLINUHpL47kd9ebg0BpwoN1t6vNCCCGEEEL8EsgcLKL5rEaLFNdaVHj4W0aNSCQiPIlB7vF0dt/F35N+4NURO3h1w3mrNcv4+JXdjHrhW/Ktvtv9oXm7Lq7xdL5vF0s3nGte4sOasZjDe3V8vecCh88Uc2xDMv4vngOg1Y3rLH9+N+NfOIEBMOb9QPCUXXRxNccwaEwSO46X2d+/Ree+XZk09j4mTar+M+XZnvRQQqHmOONH7GLUmCS+KayM6yfCpuxm/JhdzF1nrptCzXGmjtjF+DFJ/P2Tb5nVfztdXOPxvm8XSzefr3G8458cZtR95ji9R3zFynj7Y2maq7wyYVR7KE7heV4dsZuwDd8yq785jrnrzvL3F3bValc4vC6JQf0T2ZFXPWooL+k4Uy3l6+Iaz/hXjnGq0PoABr75zAgT7uEB60EWZQ2Nzilj97pkxlv23dl9O4PGJPL3JFtDQ0rZEZ7EqMr179vBrLeOk2e9Sv55wp7fXRWr94iviNc0MiFibwhT4SVetWr/msvO8+qIXcx99xhhL+yqKsvc8DPk558neExl+Xbw6rpzDcfRYL3RcDm15wh7YTfelnPUu/9uwj65BMCpT1J4NbyUVjeM/GXMDuZ+WE+ZhBBCCCGE+B8kI1hE8znU+xGA8jIjJzUFnNSYf26FERx+5mT6dYqGmKzW/Jm85FKyMFruP8v4+/OfszjhBhVqJ2ZMdCY9Np8NQUdIzS1n/7KezY/XUErSzgJO3gCPPqU8WvYT2jPVE1JoNaWc05ZC3mkm9M/gpNVcFdpD+bw8dCeXvprAPF/HenZerehcPseOK6DcsgMTtO/ZgR4d21BeXEK6xkhFayiuvOE2lJKUWMrJG5A/wFw35VdLSNYYASPph6pTFAU6IxteSqXD/ROY7+vIqc1f8dRLV6qXa66wTtP8KmqWchMn00s5qfm+6qvz5T9z/j9Gq3a1rJpvQHvGyLHvrjGphwt5O5IZNtN8Yz5yVieU3//Erk25jPjCwN7T/vgAaC+xMw8m/LkT1vmVIsyJAqOx5sS3SqX5spb47n5eWGmkQq3kmVdUGI/9xK5DBbw1MRn16fGMrTXZyLEPD/Lyewbce7rw3CvOnNx9icQ1p/hPkYKsNV6Q/wPj7zPPYeLx5F3431POx5uu8OqI3VzYN5b5j9h7tOw6xcXXwaXmkzmVsVJurOfcqK7fM+lG0jW5VLRuw/CJLpzYaWDXe+nses88+mrURGcSEwzEv3GEngPvZr6dPtpQvTVczmsEjzjCxzp4YGJHfqc28a/YAtYFJIN6LGMNJrSWru+KA27tbs6IKiGEEEIIIX7pZASLuKXcn/TkaNEUvj05mmkP1H+j5eBu+S9g1HzH4oQbuD/pScbpsUSs9Gd/wQjm+ELWX48Tn9eCt8hYPcbjCvSbNYiIN80Hr2jdhlfX9uOf/7yfpPeOc/KG+bGON7aP4Oih/oy35HXeXf5dgyNptNu+Z8LQb5gwItn858lk1qVdqy+ceuMCwGoamwrfTmzNGM3WFXdVfbdv/0/AT6wKvGKJX8kb2x8l+asHGXa7z2pL/BWtlXyYNonz50YT84dONdq1WmurL3/igz9coqK1E+szprBpzTBi9kxma6g7rXT5rNzwEwB5/7nAOVozamh1+R0B7Zp0urjG0/PuHVV/PDvtYnc+YLzE+lVGKlq7sOv4eD5cNoSYPZPY9IqSVjeMHM4w1CpEKbt3GKho3Zpl+0YTsWwYu9IfZbwarn5vIB/YveJb0m/AlLWPciR+BBFrRnPmUB88WkP4O9kUYlurG9d5ud8OuljF2vPuHSxNNNRXSXXqtwzzhLhr0yex7aPR7NvSCYAKtTvbz05i00ej+TLWnDG6fNX2UJkG660x5cwvID0fKp7sxf6P/Hl35UhSvugGwPHUKwyY48+/3nSiorWSJXvGEjGnk53CCSGEEEII8b9DRrCIW+p387zoAuDhAoVX"
01:01:11.625 [Forwarding screenshot on session d6a0bef0-bd24-11e6-8678-ab184a9d7075 to remote] DEBUG org.apache.http.wire - http-outgoing-0 << "Glqdb/frzB/aQ9ru05SXm+dzcLirNa1uXCfzu2tM6XFzJnbo6NOF8SUXCH6vAGjDgAn38ahbKWHfW3793sOFB9QmdDjT/8HW7DpzAxIvkJz/UNPfBtSCuWBfCvHj0R6O8Mde9F90hfQbUGb4GfJLybWs4/1yP+aPvBu4m1X/uMxAy6iQ+l3n1OGL6KyeeHLodBeP9Gne24bAnABo/0wvpvRpA7jQpTHziBSWctLy8ep3Z9iRcQNoDQ7mRNyFXPM+NJ/nQ8fODO5R83gVaiXD+1lPqPwzJW1V9HQBlB3YdHYCVwzlcPkKx7Sl5Gblsz/FVvLBiQG+bWiluc5LQ3bx1bOdGfGkB2HHpxCjBDBwTGNJ7pUVsntHIeWAg8PP5qRYaj4ZhfConblp3H1dePiu6hEsJVegcxNGd7R/3pNJljro0leNR+tLuD7bi0csx+yktj+yChpRb40p5w01KqDVvu/xHnGZac/ew8jHvThf5Fe1x3LL6K1yA3Dz5s4VQgghhBDiF00SLOIWa9pbbMrLzesXbMvlhW11l7d4Hpbax7Oej6IcKLzC4XTzj63O5DNraH7tLRp8G5DHn/qxL+xeyq3mqHFwaV7yoqK1kkcesNw41547w2rkS/+h1Umndu0bOK0LtUx+6j8UWD0CVTGrPxfWtOAnqShlAAAgAElEQVTxK6Bz16bdSed/e4mTN6AVpQT/Pr3O8qzdl8hf5sTOT6Hry53NiTor3s/3Y5vNyVrbcDHtBK+8+D3pusbFM/YNP57LOsLHh4zEr8klfo05fTVlxSA+fPGuqhxZfFAG8bU3bn2t+pGvelS0VrJuz2gebUGyoXNHq41dFLgCRVbLG/uWKvv19puGy9m6C6sSPPnDxFxOagpYpylgHd9RoXZh9fbHmOLTcKJHCCGEEEKI/0WSYBG3nWuNt9zU/A1+Oea7/pGRg1k52pniqikpfuaq/mfUvRoYvdLSN+i4uTCgB6SfgQr1Xbz/vgeO5T9DuQkDrXFp54pfA6NXXB0VuCkdG/jNfesao1oaN31uLeXV26X/xwBjzc/klJtu2N4GwNGFN9/xpHo80c+43OfenAhqKGpEIRysytyx5114tNZybrAnX8Xdh0OxOYHkoAC9zggqV1w0OSTegBefvLue49lJ3hWe45Up35N+A8a/3ouJ/h25/4EOnFm3n1krbaTpOqp5659P85ahkLSUC+zbeZaPE4x8ukjD6ClPUo75UbLVB59gcLufqxIa5cXllOPAvQ30i+IWjuZoTP02bj/2k56NKafjoL7svNSXi6cvkpJ8nn9/coFkjYH5M9PxT3/k5gQqhBBCCCHEfxlJsIjbx3KnlpV5BSNdzfeaeT+yPx2wPPrQb4gKuED2twY6zumC+Z71Oh+/sIvgbdd5cedYFvvbHg1SdPoSuxN/hvLqm8jycrj34W4MaNSTRW3p3BM4A+T/jPrh+xjpUcrqKfsIzwDvfnfT56mudGzujbIlYdTqRin79v7EyGdVJK47VWNC3UZzUdIZOAlkfXSSHVPvZpLqMu8vu2B/O+VdPPfqXfbXuQnKAfIuk5aPZUJZA98kWSU3OjjRHTiXqueqiwuPWBIU53ck89TMSzzwysOE3n2BitZOPPpQ00YA5X97ifQb4D6rHzFL77N8a+DT1Mrj107EFRB8XyKb8+/iq4IRjHz2LkY+68Njr+8gILYN8Bs63GWeSyVbB1N8LAmpwnNM7X+Eg7iz/dJIHrHTL1rwlNht1HA54/Z0YNbo7/H408McWdmdHj5dee7FS0x1T+YgNyjH3Patbhg5pwea+jidEEIIIYQQ/6UkwSKar3IERUEjH0/o6IQncHLf90x5xcTvepnY8vYFc3LBch/XcWQfnlNf4ONNJxh08TLzJrlxPuks67Zdp0LdkWfsJFcAtAlneSHhbJ3vn/vn3Qzwa8xIEUd+90o3QvedpdWNAmY9UP2QRCuAPp3xqe8murxxo1Bc1NUbfxzwDR8H1FxeRBMoO/HqchcS3zDQSmfgZb+dvNyU7W8pJx4ZomSdxkjAs1+xcEZ7zsTnEn/InElyAFB24YUFSpJXFjC5025ei/Kko1bHynDzY1m/m+zGN6+XwuBe9LMzt0l9Oj7UkQdanyXroyyWPgSP3mNk5/uniLe8YclYXg44WPVbdwY+1ZqPN11h8pgkXp/bGTK1rIy9DrRF5eDI44t6Ebrve9ZN3svp13sxwfMGn76TS/IN8H69l83kiq23W9vTlHVvLkf+0EA5R/ZXMrL19yT+7T9MddQzzc+RY//KI/kGtH9YRRdA30UJGFn5+92cXzSAxc/KRLdCCCGEEOJ/n7xFSDSfw29QAbj/xuZv5zu0s15yN0sTevFAa0jfdJbFSy5wYUJnXp3aBgoq17mLiJTBzHmyDdp9l1j80inWbTPiPrQjcfuG0qeZobo6WMULOLrUHsFQfSp09Pcj+Z+ePFDr7Bj2p/v5x7Lu9R/Aat/YmYJC6fMQW0Nrjh4Z+Uq3qrcUeXnWvkuv/xStjH/Ai0+w/vXqx3sqWrdmyuudq2Jvp7iZr8i1fblwBFxrlXtk8MM8N7Q1rTRXWBH0PZ+mKnnx9VplXzqK9W/eRasbpXz40gkWv5fPVZS8GPco83oV8q90GPB0J2rnV+o7Xg1u3VkR1YlWN66zISiDWb8/xacF7rz6pnk4RfqhAipHa1SaEjaEF59sQ8GhfBbPzGDxyitc7ejC+weG84gbKH0fInlnL/qrIXHl97z6Ui7JOhj2yv38Y2l3m6E4KAEUtLM7hOU3VmWqGVfNZTVZP27n4NjwGJkG641GlFPZifcS+tBfDclrcnl55ndsSDDiMbEb29d4AeAzugfDWkPBmVLWvpXL+QYjE0IIIYQQ4r9fq4qKioo7HYT4tbnO+bxiynGgRw/bI1IK8w3oi3/GoV1bunS8ExNnlpGXdw34De1ULnRs4igKuwpLydOX007Vjo5uLR9IZiw0cFH/M+3ucW/+40u3SKHWgN7UQGzGUvIuloPiN9zj4WKZqsTcT9rd445bc8tk2a+DwoEuHo17zMiYb+Bi8c92tqnsv7egX/yiNFzOfK2BYhO0U7Wtpx9fpzD/ZxxdHFH+wvqkEEIIIYQQt4I8IiQabdXyk/zf8pMNr3gbDRnWkZTk2m/6EZWkfsSd9udFD7Bg0QN3OgwhhBBCCCFuORnBIoQQQgghhBBCCNFCMgeLEEIIIYQQQgghRAtJgkUIIYQQQgghhBCihSTBIoQQQgghhBBCCNFCkmARv2iF+efR5udTWHanI7lNyvLJy/8VTUr7X1Re49Xz5F34gfxiY8t2VFaE9sIPaPPzaeGehBBCCCGEEL8gkmARTZZ/5t98sDf9Fh+liI/WDMN98XC6Lh7EszuP2F+9+ADD53ryZtr5WxzXrZX0z9/iufg98u50ILdJdXmNaPauZMOJ251sySd8kSet5noyetNB8zfpy2k115NWi5ZjjsbI55um03bhcDzfeZy7//wAH2QXNe9o6VH4zH+Iru88TtfFg/DbcOCmlaQ+SZsm0WquJ8M33drjCCGEEEIIISTBIposn8iI1wjK1d/aw1xN4W8nLoDzCJaPWsB8v/sb3KTg1kZ0G+TzdcYFuj00gh53OpTborq87dIjeXj7Ws5cK79j0ZRetxz7umW4VEkZZQBXv2ZhymGrNfvirXZtxhHyWfvJKk5YfTPq/p7NirXJrt+ewwghhBBCCPFr1uZOByD+2zji6gwPOjnc2sM4OQMwe/wSFj7e/dYe65ciX0N8CUx/2PdOR3J7WJXXRZEDgGMblzscFLh0H8M/J/cGl550AHBypjNwAogMOslrXspm7tkRR8unYQPXc3DOEzcj3HoZy0DpCA6KW3YIIYQQQgghRC0ygkU0QT5rV4xlUQmc0Myn+4KXSNUdYc6ip5izLojhcz1pNXcYa9O/Ys78YXxg/bhH8ZFa3xlJ+jwEn7nmxzNazR3Ggs8PYgTyT0Th85f5JAMHds3AJyyKfCB173JGL+hvWd8Tn0Vz2HCi/keCCs/8izlLh1WvuzSIz85YPdZRfIIP1kyqWt590Rw+srGvSqfSNjG9xj5fYlt2dRlPfbOc"
01:01:11.626 [Forwarding screenshot on session d6a0bef0-bd24-11e6-8678-ab184a9d7075 to remote] DEBUG org.apache.http.wire - http-outgoing-0 << "4QueYs6GlbwZZl7PZ8UmCinisy0v0b1yuxUhhK+bw/BFw5gTX/3oU953ezlBb0bc34VT3yzHZ8EkXl5ntV1YCEn5xur6rF3v2UUY848Qvspeuc7z0YY51ftctZwPNkxn+Iq/kW8pg8+Cp5gcZtnHooUcL2ug7ouPMGfBUyzYspI5CyztOX8SG9JPsH9HUNU2w1es5JTVXDqV5R3I57RdsxaAv//dn+nxB+uNY+feELoveImk4up9HP9yIT4LgtBUfteMdq2t7Eo22w59wjZNNuezNzF60SL2WZb9a8skpm/4N0YgL30Tk63qZPSav9UoX82dnuDNpWNZZBn4lXz0dYYvDSJVd4SXFz3F8EWT2FD52FHxEV5eav1dPmtXTcJn0STCv/w34SueshyzP9M3/IvqHljdz9rO92T4qhD2nbvcpLILIYQQQgghmk9GsIgmcOS+PiMZlhtHsvtg/ug1DBXFaPU57NPn8KC6Lw8WQDfVDdaVXUBd43GPYo5afbd/0ySeTMmhm3oisY/5cSblfZb/exZpl9ezf1Q/nus3mOijX9DHYxgjPHtx9ssghmxPANVT/HX0MLiUTETKFwSs+QsPrd5CjTEfZUf4Y8Rf+MzxEZY/HUSXa2ks2f8JkyOKyIzZgA85vPzm06wtg2kDFzLRo4iN29cyc81wDEHf8pJX3cc/Tn0ZhNe2hBrfndB9we8jvyA74CBv+3Xhx9NJJJfkkHw0p3qlDh4kb3iWyVbfnciNY1HlD4XV2YKj/0kA1QIGtoOjp5M4UZLDiW8zeWlUGI+Sxu/3x/HY4p/4z+q1+Jrqqfe2GUxfPIvPMJdrTKcr/O3f65m5Zjjn5x1hYX8XPlo1npmnChnW5wVC+yjY/O+1BAE4+1AG/JhnOW4JPNm1NxfwpOxQA3VvKianJIfkpBwe9JxJZNdCPkhKICD6acCNoFELUZ7ZzvLctQT8axAHpw+vUd4R9w9heZ++LDqViUuX0TzRWc2Pp+vG8bN2O2dLoNhUXb2Xzn3LiZJiLpmAZrRrfcqvXeAzXSYUD+JtQxn7Si5ULUvW5UBBCm+kZ/FQ9Poa2+07EY7XolxyV4XXfcTLpOOg7oLVF4Uk69LQm8aTqc8hGRhuMACuYComU2f9nQP5+Zmc0MOiba/V2MfWo3+hrUcfNox+kM83jGXy0cpjuJF8Ko7kRpXYLOTrEN5JeqfeZW/7v03IYyFN2JsQQgghhBC/PjKCRTSBK6MmLWScMzzYcxpvT59OH2coBbp5LiT53R0cX72DcXc1sJuyg6xMyYGuC8l+N5I5j0/nvcWpxHpCcsoajrgOZ+GMaXQFhox4k4WTnqJVETyoepbs5Wt5afR0Xpq1lvUDewN6LpXW2n/pVfNv9d0HMHXc73h+SjhfzVpA0JBHcSiDU1+uY20ZzJ78BVvm/Impo19n7/+tZxjwcvw/KawT7xEWWZIr3bq+QGb4Sa6FbSVIZV4c8tEaTgEObaofHXnp6U1kv7Kev/nDaktyZdhD71MQk8u1N9fy2zqVkk7CKfjtoKG4We3rpclf8Ncp05k6JZLsyROBL/hYcx4Udeu915ntfGbZZsucP/H8uEUcfPsDhgGLPtlEfv4+Ik4V0q1PGPsXLOL5ca+zN3wtT1oicAQcsBx36hfsXfwFxxf/qeG6tzyG0s3zbdLeCOG16ZFsGtLbXDcBu1g15U+898ZyfgsUVCXdrMrb7kFee3IYAFOefJM5Q3rXG0d7SzrY+uE08+d2ONCMdm2Ezn4hFLxprkPozT/fPELBe4F89dn6qjIXxORSEWapx5JPWJ9Wz0S97Z7g4OovWGR+8o0HH3yfgtWJjHMHp9rrKup+51j1YQT7wnKpWP0vZlu+PKrVQfFBVluSK8MeCuOnmHSuvflBPf3MtpDHQnjb/+0630tyRQghhBBCiMaRESyiiQzmiT+v15yMtE/PfrjZ3c4Bd8unwrzvzI9cnAvHb1EclAGOcEIPcNkyQqGcAqDsuvm3+r6TItnjdYD4TQuJuPQjR88f5kQZQG/qzAbT3ouRKkjWrcVz7lq6qfoy3fdZ/vj0dPo4wv687wDYuH0qR/da7ngpMU8++tMFDFCzLKXFVY9hTB8XgE97JTCIBROeJXLTJ1D2Ld9fhXaV6zs+y+vjhptHMVw9QGX+x+/hR8377fYUU/u48dmp6lt+Y/YhtgKx/Ssn8zUCnRk7sHd1HQ8dz7DtCaR9lw1969b7j+e+q7MNnQczTgXJZSYu/JDFCSDoEX+qUkHtfRmhgn1Vj7YYgd5M6l+9j8bWfddOntScnaQ3Q+7vYvnswUBnOG2jvAaTeVhKZXvXF0dDfmygXS+c2cKLm3aBc1sArpg6EvLanxvcr9tdzlUJD5VrR9wU6RzVmX8+m7ueP674BiVXqh4j2pmZye9+2s+b6fncpQBMV+j04CJWTfLE1REoAXcnd9wclWCqezx7hvn+gVEdATy4zxkow3xemcqr+tnwR0bREaDbk4zsCp+da/z+KxMplSNZJLkihBBCCCFE40mCRbRYATC8p2fdBW2qb7+Nuu/MjzwA5deuANBNPZHnvLpQZrm5nuPsAqjo5USdG0/zI0WZADzZdQQTHl3IqMxwInX1RdSdt5efZPw32/j4P3vZf+owy/dnsnz/+8QGJ9HL0ut/+9CzDHQy53dAwRxnJbS9nzrTrNqYKNRRYWOyU2e36mSLFeu1i2uVL/1YIjCRYd2UVmvrKK/x9hdzfVa+Lal2vZuXlmDrPTyVrdHUKVobU/cFwIQH6ukDVuW0np6kbnlbzqGBdnUoSmer7jDdHM0pqbMM5r3mTAJrKuZK5WdHyC84DyiZ5jkCo+kKXh4qiq/8yL5z39HNESgrpE/Xht+O5FjZQgo7E0hft7Efq3I4Wn3tqHCDJo7dsU6oSHJFCCGEEEKIxpMEi2gWQ+0vrG/8TObfqmef1UH/jgBcPJ9btbjjfQMZxnrOuQ9j4fTfVX2fumMh758yMLzOb/XPk5KRCY4TyV4dSR/Lt59djKs3wVJ45l/88a/reXT2DlYtmAXA8S+D6LstgTM6Aw+5mZ/t8Xo4gIV+HS1b/UD4qjc5fdc99ZTWoWoEw87k3QT1n0VHfuDjvZVzstxPr/ZwqXJ160yCwmrbL7cxq28ADifj+Eeu9U1vPvv+k0m3B2dXlc1SEk7piqCjee6QvGOfkwwE3e8FZJtXsa53hRIoJPP78/zWzzJypDibo3rAGTp06U03YMvhRJYOmWVOtFzN5CvL8vo1re4bp57yWhJJ9t4iZE42FVNslXS6VFRM5dihdg206x/HvU5FzOt1Ytnf1PDbeZlH/eihW/cgDi74HXCC8DVr+clpGCN87se/8xYqptfesJ5Hh0xUjTz5yVACdCRPk1w1GqbxqvtZyrFUjP2fRpl/iAPnm/NglCRWhBBCCCGEaA5JsIgmMt/Qnz36Pm+6FfDCCPe6q1iSCp/teZ0PXF+j27XDBP37E8Dy2/V2fvzBEwJO/YXhay4SNsqPH4/9jZlJX4HzC6xuBxRb79ABR0egJI3PvjzIuM5wcP8yXj5xAehM8TVq/AbfTeXM6ZIcPvvbbBymvMgg1VX+lfI1AHe7uuDb90We3HOY5bFPYvxpOc90g507FrH8XCG/HfOX/2fv/uOiqvLHj79yGxhBRiRtTNESCtnwR8hqiRaRmmG5tn4w19asL9JqRSbWkm3YUuCmbCvmUuFGVmS5JB830pU0XJvNROMzGhg1YqLm+GMCR5gJnGFc/f4xAwwwMwygWfZ+Ph4lzL33nHPf59wZ7plzzqU39icZjf7bGyx8fCsLh93KH2NGsFVTzpdfPs/V81ZyLXUcceSX/LtHGIpTB4uzXrfyVPQItu4s58uqFYQvWNF+n6bHFUe1fzzzM3+7D9WDz3KDeQcPb3gfiGXGiIE0d7A4iZk0n/GaR0nLnQnG57nz6lpy3/mDfV2We/6HfgMGs3xoBr/d/zyjlx9i4bBevP/hq/abed92yXUp9l5xcb4BQQMAKPjXnwg+M4fBLg67/oab4PP3Sf7bYph6Oyf+L8dRDvs0oqiJHderK+4e/ONeP35z+108s+Ejjuz/A9c98w6D"
01:01:11.626 [Forwarding screenshot on session d6a0bef0-bd24-11e6-8678-ab184a9d7075 to remote] DEBUG org.apache.http.wire - http-outgoing-0 << "6svZ4UgocmKS2yPb5eUXRFNX0Kv5v6H8E392tFoM130ZW73W61bmDxvA1i+Ps/XzhfSsyOTa+uPNbVQIIYQQQghx8ckit6KTBhL9q1igkhc/zuCrM9Cui6XXrbw0cw7XUkly/qNM/zCP6GF3cS1NN4Uq5j79b14ZNoIdX67g9qxZzNFs51r1fXzyzDMEO5JpSbcfs6cvYjzHeSb/QUZkPchjBwaSFn0XcJxiXWXr/fvcxXu/e5Rh1l089u6D/OpvC3nxKCT/eh0Lh6mg1628/8eVJPjXkfXho0T/7VFePFrHrOi/8Oa9kfY0bGaOUMd3jkVZY+7/B1snTWMYQHPnShgv/u5DVtzWZp2QNp0Vkx78gK2T7mO8v/0W/86bFpN704jm7foDW/iSAcQ2r1fS4lp/A4+9/SB3bnidI/6xbPhjFmN7tY1PU5juYlPKX5jlf5y0DQ8TnfMH1tT3JvnXb/PKHWGAkpmLStgQHcuXVXkkfvgqDJ1mX5zVanXUjZLWk4g6GXsHH0XbdFq4Ol9l6FieCYIvjxaS+I9C6tqVA4bc9iS5Q8M4Ynif6bmP8tgX8MyY2JYdvKnXdnwJDnR0vbTtbm7X6dRSnqGTX2Xnr+/jWuCIsalzJYysxH/zgIdpT76Ozii/no5pQL6R/PXBR7kWsD9Z6DizxjxKgmMBZdWVPm7KGEBwv9av/ebxfF4Z6miL9cc5EhRLwqABrs9NCCGEEEIIccFdcf78+fOXuhDiJ8hqos7mQ+9eHtbQsJrQm4xwZX+C+7jez3L6GCfO2FD0DCK4T0eP0TWhr7Y/tja4X78O9gWwUF19CisQ0G+gyxEM1dXH+B7opRpIP7ejONqn+T1wTb+BXqxnUs2ryx+gkIEE953Asrn3049qlj13M88YYNiYV9k3O4pDJhjidE6at+/i9p1KPvnrB9xsO0bNWW/PueW82p239UueX/lnfG/9M4ujr3O8+CVz5/2aNUMzOLPofg/n09nYe2Ctbne+Teq+N4FCRW8PdWE5Xc2JM40EXTXQ7X6dr9cuslZz6FQ9CoU/ffv16/T6Ni3pmNCbzPj2vIp+nq4pL9SdPob5rE/3yiOEEEIIIYToNPleU3SNr+eb4KZ9gvt57jRR9hnIkD7eZtpxem1Sp1+/9qNCnPXrN5DOdRcoO3mML421lWw1VkLVdrZV5BFQX2l/sg0w6YZw8O3HEJcJWvjeZo9RsKvNHrg+bxtlVbv4Z9VsrKdTuP1qG4UbM1gDzBo6ooOb8c7G3gO35wu9e3Wch7JPvw7bTOfrtYt8+zFkwAXIyYtrxVu9+7juTBRCCCGEEEJcXNLBIsRFpWLhotc5sOIpXjXWcaS+0vF6bx6d9BJ/vu06N8fZuzs8PE+m83wjWf34n+Dvz5P24cLml2fFrGTN3cMuZE5CCCGEEEII8bMjU4SE+IFYvjdhPmPGeqUPfftc2ukb1aePYT3rQ4CqX8cjkYQQQgghhBBCdEg6WIQQQgghhBBCCCG6SZ4iJIQQQgghhBBCCNFN0sEihBBCCCGEEEII0U3SwSKEEEIIIYQQQgjRTfIUIdEJZrasfoXPT4Oi3TYb9BnDY/MmE3AxsrZWsvb1rdQqBnD3Q9MZ0nZhVnMFq1f+g9NXj3eUwcrO/FdY/2kVNhSET32EpMlh3uVlrmD1yg2cVrQ+S5sNbpr+GFMjLvAZOsr+XZ8xLEya6iF+lyL+RtYk/wHbjPko/vMR39E2JjYGRs8mYcIQD2mY2bhiJbbJjzE9IuiClKpyy2reqRhAyiJP8fpxqNyYzTsHrnVdVquByiMQFqa+FEVrdqh0J4RHM+QSB9N6aBuZa75mekoSEQHO5fK+DRl25vP3bZUoFC6uElsf7vnN9WzKb8mju8z6Ugo/+Ait7jCmMz0ZEHEL8b+bwUj1D7N6dNuY/ag4te8fdTl/hA5p1pKzfjvHz1zHUyuXMNI5Zhc8rpfws10IIYS4zEgHi+gEG7X6A1QeBx8aMZksAChVKnxohL5DsF2srOtr2K7RYELF8BkuOlhsNewo12GhDw3zJkPZu2QVlDRvDlH29j4vWx37yssxuNikuK2BC35Lb6tjX7kOg0pNA3hI/RLE37CX7fpGZve2sVFbjkGpQuX87OjGRggzdZCIjSMl5XwfdeFKV1NRjK4k5uK1twuo5shedCW4qFsza59MojA4ifWLL10Hi7l0NSmZO0haHY2nbrIfQn3N15TrNNxmS2pTLu/b0Le6PZRX1tjbaaMJkwVwtFtTY1/GHLdRrtvNbbakbpfXXJFPQloBACFRMURyFE1JIRklu5ifnc2EH6BanWP249K6fdef+PqCxf3yp+efuYVUEcyIiKvb/KF2MeJ6CT/bhRBCiMuMdLCITghiZvobzATAzJqkBIrOTOTVN+Zd/G+2FKACTPR08Q0b4B/KQ3Nm0aAaSiDQ2Oj4c1A1kdVvzKNT4yYUjm/xlOHMeSQOlc2e1tmz0D88sBsn0ZYVK774+ivs+fVUuD63Zj98/PVf7sTCzdw0GN4HYhasJGl0F3JTgo/nk+uU6MfWErXIlx/1E6atVvD1xd+vJyhd123jGVD18vvBi9aKj/1/fhewfroqaHQSa9c8jG8AmI9Cq3IpoZefPVaO0Lo0OmE56xPsP5vLVpOQ8TnJr75BtKPZGktXk0tv/Pztv1uhi+3oEK8vKwCCScpaRkywPZX7y9YyL6OQt97cxoTFE7qUcmc4x+zHplX7VijggsT9Z8D6LRUWGJv8Aoui21fshY/rJfxsF0IIIS4z0sEiusjW/I2W8zfzZWvTeX2/Av/jWqpMSqbOmYTm/QPMfzWd0QGAtYL0xBUMXPAXEkYHgbmSNZmrKNLZx4sER8Xz5OKZBHe2OI2nKP33vzGo4aa+X5KWWWx/3bSDPySdZsGLi7lqXz5/fa0AvQVAzcTER5g3OcJ9mr2HMDU6ut3LFRuWseKfFQyYvID02aPBXEr6wlUYrvsNLy6ZzomNK0h/v4rI2FGc/qwInQmUqhEkPp/iuAkzs211JjnFOkBJeNR11HT2fH+g+Fd8Uo4qJhlvvoiv2LKG13KLmkf+hIydxaJF09sdW7ltNctzirGPe3GuBys787PIKtDad1SNYH7qQia4mLdS8UEmy/YM4eXls6lxm54zI/lLnmOPfzD1Wi0GQBU+kUUp84gIaB+3+LRXGVO3mVXN7UVFzJwFJE0dCRhZm/wHGu93xBAoW7uEl/YN5eXls/HX7yRr2WtoDRZQhRCuMoDP8PbnkJ9JkQnQZPLA0Wm8vHw2dTvz3eTZWtnadF4/1IdgowatHlCGMOupRUwfqe6gLuxx2IU/NboqLFeF4HuqCoDMhKeZv+hm/vnqpwRH9EKr1TmOncPTi6baOyk9tBdXMZzpmLOgyU4mz3ArK9OnE4CZDenP8DlTuBcAACAASURBVM/vb+Hl5bMJwsqWFU/ykc8MXog9ycJlX/Lg74fy+qri5nIlr34ahQ/oPn2d5MwS9IBSHcUji5OJDnZ/O2lrbPqh7RYDH2YtIdNxjsFj57DEi3N0Zi7bTokFRsxZ0Ny5AhA0cgaJMfv53A/MQFUn29bGFcvJK7HXiVIdReLiZGKCfbE6tyunOvWryGfhsi+Z/3I64Sc28Mwy9/XXKg2lmpDeddT0mcxf0me364T2dD27v4adjm/TvtPiPcfdWLaR5S/lUWUBUBIzZzFJU129P7uLUb3HaxyMbFvzCjlF5fZkVOEkPp3M5LAgzBWe4ua+TjpO818o+oJebyJkWirLZ49sdR4uj73mKEsSsjABJVkJJO9LIWve6B8grk1cf7a0PZ9ro8dxes+pi//ZLoQQQvzEyCK3ossUbf4FaKw3YNBpqb8uholjY7lBZcJkOU5D019s9XUctphosNkAA6sXPkuRzp85KWmkJcdj0xaQvGQD1k6Xph693oD+QDW2s86vWzDV1VOnyyc5qwC9RUnIiHDUGCjOTSNb42oikINhD8tWrGDFihWsWLGMZau3YAYaqvWYLBZO1zadlA2DyYLhcDUNQM3xKiwWAyVFRRzvG4JaCRZTOdl/XY8ZKFub0dy5EjLiOg5rdVg6fb4/RPwr2aGDMbeG"
01:01:11.626 [Forwarding screenshot on session d6a0bef0-bd24-11e6-8678-ab184a9d7075 to remote] DEBUG org.apache.http.wire - http-outgoing-0 << "A9ATOLp7M1s2bmTjxo1s3LiBjdvKsGIfKZCWW4Ri4hzSMpeSFD+WqpJ1vLuzTXzNO1meU0zfuPlkZi1lVtQZinPT0BihIv85sgq0RMUnsXRpCjGqcnJSnqPU2P7cG2oPYzle6zG9tupPG6jSahmemMrSlFmodMWkZeRjdhG3sMbNpGQVUHNdHClL05gzcQCavAzSN1YCUFtjotbWctfeWH/cXh70vJKchfZMGPNT05g/zged3hG8NgZHjkcNKMPjeOT+MVxZme8xT2eN9QYM5Rr06lkszUwlbsBx1mWkozF0XBf1xw3odVVExk0kZsxt/L9p9vodOyee666sxmDRo9VCYkoqiXHhVJXksb7U2GF7aRvDYYNbOsYGXxuESfdvdGbArOPTcgOWql3sMwJWHR+VGOh17WBsDdWYLMc5HzGFRKdyhQeBoifoS0oYNCuJ1KR4ehu0ZK3+VxfeK+x0jnOcP20E+pI83vPiHJ3Z6hsAFRPGtZ1Y5cvkpHSWJEwgwEVcPLWtyvzl5JXUMCtlKZlp87nOoCX7mbcwYuTdP2WhVYwnNTOL1MQYqkrWsSy/ojlmDYCtwVP9HSLLqW0mTVZTZbBgOl7frv/JYxvy8ppr2779PcTdemgjT2TkUXNdHKlLlzI/LgxNXhorNPp29eY+Rp6v8dLVz5FTVG5/f0lLYmxPHbnPPofG4DlunvLrOE0Tev0A4iaOZVRI/1bn4fbYhhB+O38iAOFxiTwUG/qDxNWZq8+WtucTEdT4A322CyGEED8tMoJFXARRLF6SRDD24fjg9Iea019s1opPKDZBePz9jAvti41J3B+3i6yif7HLOJ2YTq6Hap9mA4EjZ7IytZ6EjCJQT2RN9jz2rbbPT1eNnU3qosmc2LiMZ/O0aD74mAdjZrsZBm1AW+LcQeBjX9+l7WSPpj8we9q3NE0GUY6YwxtLpmItW8vsjEIw1dOAkV3b7d+Ejp3/IosmBGPcmc28LA2c6dz5undh4n9LzefoCCY+PAga7YdWaQqocs5KPZFxE0bi3388iYnh3DQ5hkCjEb+QgShxzD5xEauaY9/w7akQbv/98wyrgWuDjLy1tQqC45g5aTiKBrj3oXg0GQXs1hkZHe2qMSg8pNd+b9sZUE1MYd7kkcBIFs8/TFLOVvYYZ+LXJm6lq5OAKF5IT7CvSxKWSkPVbAre345x6gw3cVdQX7aVEmDaohQmRPjCyFTqDs1m3fH2eweERTNKlctn6uFEjwyjdPUqD3mGuZjmNpYli+0jCsJSH+GzhCy0OgO3hHuuCxugHJvEooQYAMxlenIKT3Pr7aPpo9sDwJzMdCYPAUar2FGUQr3N1mF7aRtDZ0PG3YYqL5vdOjMjfPZhv70zsE9n5Bb/XehRkTRuCBxUOCIZxPDhweAoVxBGbGcc5Z5uL/eD+7aSufs4teDVCKu2Zjmd487CFI5WncDq96XX70k1Jw247Dlzybu2dfvkRqCRw/sPMXTcTSRlLqVO0ZcgHE29Ro+u6gTjRt9P5pA7UfS9xilmLVzVn7l0K1og/uklTAgDRkZwVv8AOQfaL2zq4+l69vKaa9u+jaXb3ca9fM8WLKiY/cDd9PezMeje6Yz9rJySDz7B3Ob9+YzNQ4zcXuNjKCk2oBybxOKZ9vaz6EUFcxOyKP6sguGD3MfNfX6H+LsXac5amsr0sLajrA6xze2x35J+9yjUOcWoh0czMqz1p9PFiqu3ms7HWLqazZt+mM92IYQQ4qdEOljEBXYGlH3wtKpE0y1JfV0tALqCDOYVOO8R7HEtEm8W27M1rcFyxj7MuanTw1SSS8KM3JYda2rdLyyrGkvanx+ir63BnqfCDzXwbZvdjAf32YfRt+kg6X31VQD4hgwlGNA3dcD0BExqoobZb0ODho8iGA16b+/VPLpw8dft2AXBtxLuCzSCCYhJXk2Sq86OwN7U7s0lKTfbc/GColkwZw+r8orJLrdPAVGPiGNBYhR6E2AqImVeUatDjuoOgssOFg/pLUwgrG2lNkLE8MHNv/qp7N/92luG67i1tENfwoeqwUVHiZ09qo2N9lENIdf4Nh8XOkQNh10d0zQUv3WL9i7PM6AObNk3YDARSqjYdxDfWwZ7rotGCItoiYN9Gs0ZWgbkqLiqeU3o3gQroR5vrlcPbS9oOOPU8NnuPexS7IER05jWWMj2PXvZpfgc1LGMCgLbwZZD2pWrTbntmXa0bpE7Kvo7neNAFWyvruvUe1LfQcHAYcwN0Lb3y1Cm4cv6voyJjqAzbSti9pPE6/9KQWEuJYUASqLiHyF5ZjT3Pz0f/aocCnJ0FACoQpiz6GnGuTg3V/VnD6OS/n2d9uzTGxrbHg++nq5nr685V+3bddzt64gYyH22zUKtPevbvT+PdBujcPfXeH0NBuDmW8JbEgoIZYwKdhyugUHu4+Y2vykKL9JU0/8aF1PYzB2Up1Fh/zixufp0ujhx9Y6b82lK1vFvVz/bhRBCiMuBdLCIi6vp7qjpryofRXM/hMLf/uLElNXMc6xlYdaX8sneBkL9ccvF01c9UmB/nDCAOmY+Lzw4hjrdTrbvr+XakEjcLlvb059r1EEEtbl7srXt4rG56fKxtfvB/tsZAAPaLw3EqNWYdY5v9C/YCBYXZet0/I386zMDIXdHtlkw0fW5lr71Jwq0EJ+cxqThEQRRytyEzHaVZTVWUuM3ij+vT0Khr2TvJ/nkFBaxqfJm1ErQRcxnfdPCoFY927ZW0Dcy3EWOdo3u0ttzN4ti2oxr8IGqqhqItr/e0FDffEZtm5TN1r4yTh4zAOHN+3/vtIvpdB34gI+PH2DiaI0VguyRq/muzsVQnqYToDlGHeXZTp2tpdzmE1RZIGJ4KKVv/dFjXdgA/wAXT9Vyc1015d3R9dq247G1IMbfEU7RulxysRA1/3ZuP3uIwtwcsoERc8YQALiY2dVcLrflvgBs2KuoM+9JQddcj4pi3n9/G5MXOS9ma2D9S9loLFEMjW6/1oWneq6u/Jb+E55k/eJ+HKrQ8tnG9ygseINdk8IJPAG/XbKWCL9qyvZ8znu568hb8QE3zu/43FpYOOXUNpvabVuerme317Cra86pfbsrmw9gs5mAcNLWp9MUscqd2zhk69/u/dnoNkZ/cX+N+/cmCNi9S0eSYxvWk1SZIOyGawCd27i5z+9pL9I84/otM6Cj8nSwKtdFiKt3nM7nIny2CyGEEJcDWYNFdJmtzb/OW5pe8+/bDzBR+N429IZDbMjKoemhvgEjYxkBFOe8gqbSgPHQTlY+k0leXjF1br8kM5D16FzmznX898AMnl5T2mE5w28dZT9a80/eKixk7du5FBUW8NauE51+4kLvQH9HWu+RvSab57I09g1ejUAJYtQ4+8iVkpw/siJ7Bc80LcjrON6q30l2+jK2VJo7PC/nf523dDv+9To+M8H4MWHenJSjEH3pP3gw/rZD5K+053O06kTr/U58Tk5OFivWaLD1vpaQQVfbX1f0ZfjNKtC+xeptFRiNeja+voycvFy0de4ztblNr/3eip5gKMxjY5keQ+U2VmSXQHAsw4Oc0nP8FH7zGEDLX7O3oDcaKdu4gtxyCJ58q306ig9o33uXMr2Bsi3Z5Ggt0BN8Ro5nBFDw2uuU6Y1UatbYt+GqnoK4PkKJad+n7Kw0dJxnKyqwFLMyfycGQyX5K3MwoCIiNNDLunAqjc0GmNB9XuFqMEMz767Xdt2PzcLG3Y4SCxaURA4LJjjiJpSOc4l21c6cytWybkPb1L17eKw3ezXSyfek4AnMnRiMqSSH5BVrKa2opLJMQ/bTT6GxwNj5s52mSnnXtkxb3yA78xnyS4/Td3Ao1/RRAD1RKOr4MDuHtPTXKWvwIyQ8lD4AfQPx9n41aPSdRAHr0jPYUlaBZm16c7t1HTA3bcjra651+3anEQi/dRygI3fFRg4ZjFRo1vBsVg652pp2788H3cbI0zUeRnSUEktJLms0FRj0leRnrqIKCBt6jce4uc+v62lCd469OHF15v6zpcWF/2wXQgghLg8ygkV0mb/LIfo9obdf82u+YVNIHLuL3OIckouB4HBUzX+GDSElM4mMjGyy"
01:01:11.626 [Forwarding screenshot on session d6a0bef0-bd24-11e6-8678-ab184a9d7075 to remote] DEBUG org.apache.http.wire - http-outgoing-0 << "m4YwK0NIXJqCx9t6iwmT06qwPRvc/xmoHBCIHxAwMoHUWbVkrCuhpLAQAHX4NBYvivH6fJtE3DuXsZ8+S4nBgKbIQMiIcJTl7Req9Q90feszOmEx8cfSKSg3UKIpQR2sBn3LH8r13+5BU67F7y7Pt4UXM/59da9jYgSRzXeICo/9RyPuvo8QTS7ZyQlkA6qQEYQoy6n6cj/MvAYF9j/4fSNmkBS3n+yibJKK7NMP1FGz+F20GnX0nzn5fToFOWk4upyImpVCQoSrgez28/T3kF5btjOgCm4kLyOZPPuOpCyxPz3lYJu4BY2eR+qsejLW5ZKssU8pCx47hyWOp4DcPSeOHdlFZCSXACqCVaBX+ONHGAuXJvLcs7lkJNs73pSApW+gy6kzIZGRoC0h69nTLF2f7jFPV8oLskiyzxchLvl5Jgf7YvWyLpoEDf4lwWgoykmj7t5Y2t5xt+zv+XotbRPDdtSRxKqh6MzNRKgBhhGphJK+sYxxVJfCR9Gcv3O5Gnoua1due4+WN4+47tnqEdTOeTjr7afo8Bzbip73AjbFK+QWFZJpnz+C/ak6i5k3oeni8b5tBZkXEXNwGQWZKfZpQCiJSVxCdMAQQlPiSc8sICPJ0aGrGkHy43fjf+rd5vNxdW7O9bd4TSornnuJ3Iw0UIUQooKqM+07xTxdz74zvb/mnNv3s6lD3MY9aGQCaXMaWJaXR0pJnv30wqeR+lj79+fRD7qLEezzcI1PWPwiJ9KXUZidhn0Sooq4pExmhgVgLnMfN0/50ck0nXkqD2YFKrdHXpy4OnP12dK2bV2Uz3YhhBDiMnDF+fPnz1/qQojLn9VspLYB1GrXa2kYDQZsCgXqoIu8+p3ViKHWhsIvkKCA7n2VZjQYoBvpmI0GGghEHXTxv9LrdPytZgz1oA7qzCx9K0ZDrXcxsZox1Da4rAer0UitzYZfoBqvQ+shPTsj2Q/MgwWrSRoBhnqFd+fWnK6adrs7trkuZ1MsXBznIg8zPgT4+nacp0Pp6rlkfj6O1W8kgMGIQh3UZj2FTtRFF/xg1+sl1LlztGI02qej+AcFeTcqzkM9m41GGmwQqG6blr1ebQq/Tl6bgLmCFc/9g4gFqUwe4gtYyX96NgXMYu3y6S7K3EEb6vCaa9mvVfv2xNs0cRUj765x+/uLq9h65r5Oup5mt469SHHtrB/NZ7sQQgjxIyEdLEKInwEj2TPm8X1SNovbrhPxE7Qz+wGyNJFkr1/UpSfoiJ8hawVLZqehQ83YicOp1+2gXG8hJimLpJi2z336Kbq8rnEhhBBC/DT9Ii0tLe1SF0IIIS6us5xpbOSa8JsIueqnvwjA2TM2rgy9iTG/HCjzPIV3rryaO2IiOF9/km+OnIDeNzLlwYU8EH05dK7A5XaNCyGEEOKnSUawCCGEEEIIIYQQQnSTPEVICCGEEEIIIYQQopukg0UIIYQQQgghhBCim2T6vugcayVrX99KrWIAdz80nSFtprrrNWt5s3g/V4/5LfOmRoC5kjUr32CPoR4UITzywiJcPnXXBf3OfN7cdghFm+e+2mx9mL5wntfpeMtcuYWV7+zg6vEPMG+yh4dJmitYvXIDp9sWDMBWT6+IX3Pt4Y+wTX6M6RHdeHJCh/n8lqTpEV1P31PWh7bx9j/LCBx5D7MntI/Fz6Ke27Ae2kLmmgNMT0ni+pqWny90+S4vZjauWNn9a+EHZtZX8K3ieiLUl/daHpUbs3nnwLWkLJpK22bc5RhYDVQegbAwNdZD28hc87VcJ0IIIYT42ZAOFtE59TVs12gwoWL4jPYdLN9qt1Cus6DsU8M8oPS9VRSVG5q319m8z+rbPZ9S7nRsCyXRtnlc6K4FW81hynU6VOqaDm68G9BXVnLcxwdoxGSygFKFygcaGxuJHKPgSEk530d14mS7lI9fN9N3z3biazQlJah8bnHZwfLzqOfW6k8coFy3m9tsSVzj9LPwxMaBknLqo2xMv9RF8Za5lGeSMwlOyiZCfXk/jabmyF50JdAArTtYuhwDM2ufTKIwOIn1i9XUn/harhMhhBBC/KxIB4voHAWoABM9cTGugtAJicy6zsSgyFEA+DiGJYydn8WiCZ17WoXCcawqPI45ceFgs9+1nz2rYJh/l8+gPasVfH3x97fn17Oj/QNGk/7OO45jS0manUn4gpUkjW66RTGSvRZ6+fk5J995HeZzESk8x+JnUc/tCwr42Nu988/CgyAeW7sGfH9Cwxd84Awt1+9lqela8OsJSkX7dtyNGDSeAVUvx3EKBdAbP8d1bAUu7zFBQgghhPi5kw4WcUE1nNzHp//WEdQwGJ/PPiSjSA/A3reeYcmJBaTPDmfbmpW8VVSOBVCqo0h88jFihri/AesZHEVM9Mg2rxrJX/Icm473YcFf0hkdBGVr03lpSyXXTV5A+uxQ8pc8x9bTfRgzyp8dRVosQHBUPIsXz0QNYCxjRfoqSvQmUIYQc7NP50+43sYZAFvr74AVPqD79HWSM0vQO87zkcXJRAf7AlZ25meRVaC176wawfzUhUzwEAPX+dhjsAt/anRVWIKnsSBqP3/fN5SXl88mCDBXbGDhsr0seDWdkQFgLNvI8pfyqLIAKImZs5ikqZ0fI3I513PFljW8lltE05iakLGzWLRousfOlEM781n1WgF6C4CKmDkLSLoT0hNfos9DL5A0YQgYS1nyxCr8f7OYxdMjwFzGkkdfYsiClxlvWs/ynGJMAKiZmPgI8ya3r5eytUt4yU39htftJGvZa2gNllbl7mj8gfmQhtdX5dnjAyiDo0hckEzMEF+s+o7TtB7awpMp73Nr2kpmOuaBGDSreSpbz4I1yezPeI7G+BdIGB1kn0qWuYoinT26wVHxPLl4Jgezk8kz3MrK9OkEYGZD+jP88/tbHOdpZcuKJ/nIZwZZSbe4vXbMFRt4Ztm/UPQFvd5EyLRU5l6zy6u4tjCydnEmJkCTmYBhWirpswexbc0r5BSVO/IMJ/HpZCaHtZ3y1P56XJ01A53ba93IxhXLySupssddHUXi4mRign0pW5vO64f6EGzUoNUDyhBmPbWI6SPVgNFteewx+JTgiF5otTpHnc3h6UVTCYLW9akKIVxlAJ/hFywGFfmZFNkP5IGj00iLBzDwYdYSMh3lCR47hyWO8rhrD5fLg6OFEEII8fMji9yKC+rEYR16gwFDbT3Q2Py6BfuvpaufI6eoHItSzYjwYCwGLdkpGZSa3adZt+89VqxYwYoVK1i2bBlrNfab+drTBiym0zQ49musN2CxWDhda2vebjLoKC7SMiA8GCWg1xbw942HAAPZf8hw3HQHM2JADRqNrvMn7OauW9ET9CUlDJqVRGpSPL0NWrJW/wsrUJH/HFkFWqLik1i6NIUYVTk5Kc9Raux8PvXHDeh1VUTGTSRm+CB+UX8cy/Ha5u22huOYLMeptYH10EaeyMij5ro4UpcuZX5cGJq8NFY44tkZl2s9m8tWk5ZbhGLiHNIyl5IUP5aqknW8u9PVFCY7a2U+KVkF1FwXR8rSNOZMHIAmL4P0recZ0teCZuterIBh36foLBa0n+7FDBj3fYrO4kPoVTqW5xTTN24+mVlLmRV1huLcNDQu2kOj2/o18u6fstAqxpOamUVqYgxVJetYll/hPuAAVJCRkk2JLYLktKWkJc+ir15L9qoPMONdmr5DIgjBRMGGnU1R5OMPirEEDyU8AGqPG6i12QADqxc+S5HOnzkpaaQlx2PTFpC8ZAP9rw3CpPs3OjNg1vFpuQFL1S72GQGrjo9KDPS6drDHa8fWUI3BYkKvH0DcxLGMuuaY13FtEcS4e+MACI9L5Le3hzS35aj4JJamJTG2p47cZ59D46JJtL0ej3gob2X+cvJKapiVspTMtPlcZ9CS/cxbGLG3cUO5Br16FkszU4kbcJx1GeloDHgsjz0GerRaSExJJTEunKqSPNaXGgE9ryRnoT0TxvzUNOaP80Gnx8VQrq7HYHDkeNSAMjyOR+4fQ9MANJ2jPPOnjUBfksd7pUaP7cHqqYqEEEIIIX7EpINFXFDOg81Hzk4nNc7+XeTEBa+SntCbj4rtN81xjyxm"
01:01:11.626 [Forwarding screenshot on session d6a0bef0-bd24-11e6-8678-ab184a9d7075 to remote] DEBUG org.apache.http.wire - http-outgoing-0 << "Sfpi4kOUQBW797m/67EYqigpKaGkpAStVkthyUFHXrT6t20vRNNvY5OyWZ6exSMx9u/dDx85AYYv2WsCCCHl1SyWLH+D+WMv3HoLtjOgHJvEoukxjIyZyYMxKjh8nFqM7NhaBcFxzJw0HD+/UO59KB7Qs1vn8c7PdT448kmYR1JCjOOcnePQ8kr51i1YUHHfA3fT38+PyHunM1YFJR98god+D5cu13r26T+exMQkFs+byvW9+zI4ZCBKwNOYl/LtnwJRvJCewOiwCKbOSyU+BMrf382wO0ZA1W6+AXQljo4J/T6+Bfb9RwPqWEYF2l+uOfYN355ScPvvn2fp0ixucbsmrOv6tQHU6NFVneCq0feTuXQpT04a7KHkgLUv0xITSVn8MNHXX0PfwUOJCgdqqmnwOs1gJseHQPlHlFoB/U626GHsvZNarethrfiEYhOEx9/PuNC+9A2fxP1xwaD7FydvvA0VBnbrzFir9mFvPQb26YxYdbvQo2LiuN5eXTuzlqaSMG8RMyMDOxlXuyG3DEcNqIdHExFcw7ZiA8qxSSyeGUNYRAyLXkxGhYHiz9p3XrW+HofzuYfynrE1Ao0c3n+IBr9hJGUuZemLM2gp3liWLJ5O2JCRJKQ+ggoDWt3/eVWeOZnpTB49kskJCYQD9TYb5rKtlADTFqUwYWQEExJSmRWOfS7QBYpBQFg0o1Tgox5O9Miw5utmlqM8E2bPZgRwtOqEx/awq/NvhUIIIYQQPwoyRUh0mTfrmDY6drLZGsB4onnaRVFWMkVZLfsd1B2FaNd3Pqqxifz5oZuwNdgTU/j1A+q9LKWaW4bbb6gVTuuKGA9+bZ82oBpEqOMusGcXZgi51QhhEU43ovaFO1CYj6I3AaYiUuYVtTrkqO6g2xh4nY9HCsBA7rNtFpzsWd9+kctOulzq2TewN7V7c0nKzfYy3xYt3R6+hA9Vw3EYPCYaZV4Oe0tL0WtNjJ01i6Pr1rF7506+00L4nHEEBA1hwZw9rMorJru82H42I+JYsDCBMK8rJYj7n56PflUOBTk6CgBUIcxZ9DTBnpqUr5rejQdYkZxLpvPragWKTqQZMWkKqoJstu0y0PvkR1gI554Y+3SWJvV19pE3uoIM5hU4Hx2Mos9wxqnhs9172KXYAyOmMa2xkO179rJL8bm9I0pxlGJP185wADX9r3Gs8hEU3bW4NjpNxzPXYABuviW8ZXtAKGNUsONwjYtjna7HDq71kQlPEq//KwWFuZQUAiiJin+E5JnRwBlQB7a0qYDBRCihYk8FKk/lGQSg4qreTRt7E6y0X0W2xgZARUhTfPAldIgaDl/IGNgcnwvOnw4q+juVZ6AKtlfXeW4PLookhBBCCPFTIB0sostcPT3Yo6DBBCvBYIG45ExmhPuhK/2E/bWBRN4e7vawnj4BqIPU0OqmruXGu+lPeVO9yfuihP4SFRpMjac5YYUgX+86jLxlA/wDerffENAftRJ0EfNZv3iC/TWrnm1bK+gb6T4Gnc2nZdRHy1nZbCYgnLT16c1P5qncuY1Dtv4Eusug05XMT7qeS9/6EwVaiE9OY9LwCIIoZW5Cpsc42GzthwCcPGYAwrGpI4lVQ2FODqAmZdLtVH26joKsLEDN/DFDsBorqfEbxZ/XJ6HQV7L3k3xyCovYtOduFsW4Hm3Tvn6NVJ2A3y5ZS4RfNWV7Pue93HXkrfiAcW8k4K6PxVy2hrQ8DSETE3n+3tEEq4PQrHiA7IpOphl0C/eGZ5O3PpvTdXrUE5Np+3wmhWNx4Ykpq5k32n60WV/KJ3sbCPUPou8d4RStyyUXC1Hzb+f2s4cozM0hGxgxZwwBAb09Xzsn9gBnmiu4K3FtXWA/COhNELB7l46kaMcx1pNUmSDshmvaHdLqeuzgWjdW7qP/hCdZv7gfhyq0fLbxPQoL3mDXpGj8AOpsLR0N5hNUWSBi1FDqd27yUJ7209+aWojCxw8wcbTGcSEANd/VeR6e1YUY0Ijn6wV7lp7bg4cyCSGEEEL8iEkHi+giA1mPzuWNpj/OG030jU0h3uMxQxgbqUJbYqLoYFX0RgAAIABJREFUvbX43OLPlsIS+7odw6KJUHfu+RL2+1oDuenL0IWeprjE+xtv1EOJUEKJpZy0J9OJCf4ejbb1ggKVW9aw4fBAHps3uYujO9reytsANcNvVqHRvMXqbf2ZEdmbz95bRp7GQFxINCO7tLqjUz6KnmD5nM0772Rc3ypWr9KAY0nS8FvHgaaI3BUbWfC7cTToPiAtuwjGJjE5xnXKhuJVzP285Q6s0dRIbMrLtF0Ws7WfVj23zgygL/0HD8bfdoj8V3IwYZ/SQIjrQ8JvHgOaYv6avYUn7x/Nqc/eIrccgqfdipogxt8RTtE6HajHEB4QhF9UCAX6Kgi+hTFqoOJzcnIKCTliY9GMWwgZdLU9YVf3qG7rt44Ps3MoV39N6pL7CQkPpQ9A30D8gcpta9jwjfu23GdAMP0CFZRtySa7xOJoMp7TbM2X238dR15mEVUomXN3dLs9AkbGMoIiinNeIbz37xmuOMgrz2VRbgln6NQYwsbdjnJdDhaURA4LJth2E0rKsaAieoy9u8bTtTOobYYnPMTVeoj8V/KpHzmdhLaPIXc8xeronk+ovGYc0VFKyktyWaPpy92hCj55cxVVQPxQF50L9gQc/3q+1hu3v0G2ppGTKS8wJTyUa/o4pnspAFRgKWZl/nB+f3tfPvl7DgZUTA2N5EpP5alzUyQgYOR4RlBEwWuvE/7k/fQ8+AE5WguoXHQ6djkGQVwfoaR436fsrByMu+7URjpuD566wKz6nbz+5n+4YeZjTA4LaPNebWbb6lf45rrpnXoMuxBCCCHEhSAdLKLrLCZMlpZfezbYmm8K/QNb34I13SvGLHqeo+nLKCwvp7BpWPysp5gd4aELw+WXoUHcO38an2cWYtJrKdariYoKQautapN3y8F+/r3srygUQDCPvZjE6Wey0RnK0RhUhISoqaoyNH/5Wnf4M7Q7ImnooIPF1eN+FTgv/erYy8f+6NKYpD9z8vt0CnLSKHZsjZqVQoKnGHiZz+h7H2TEZ5kUZKVQAIREjUCpNWADgkYmkDangWV5eaSU5AGgCp9G6mNuelcAsGByrmRa34xdDvXsbMTd9xGiySU7OYFsQBUyghBlOVVf7ocQBS210PJz0Oh5pM6qJ2NdLsmaXMDxpJTZ9icihY0Zj2qdDtWoUQQA10eOgsIqRtwxxt6uImaQFLef7KJskorsU5PUUbP4XXT7W0z39TuE36fEk55ZQEaSxr6zagTJj9+NL1D3dRFaTQy2eZNbpRcw8m6mhX9GYV4as/MAgomKCkar1XHQPM9jmm0FjL6TscoiSgbcw+1OHYUtbXQIKZlJZGRkk900TU0ZQuLSFPtoF8don6IzNxOhBhhGpBJK+sbaO6LwfO2Yy5zrB3w9xdVcyq4SLTWMbd/BEhTKuBAlRcV5pNereGfxi5xIX0Zhdhr2iT4q4pIymelinlHb69HjtT54ETEHl1GQaa9LUBKTuIToACh17FtekEVSgSPP5OeZHOwLHsrTNgatyxTGwqWJPPdsLhnJGkeOYOkbSLuHMXcjBiGRkaAtIevZ0zybOqRdeQB6+ynosD14UP/tHjTlWvzusr8btX6vtvHNDi07bLdJB4sQQgghfnBXnD9//vylLoT4+TEbDTTYwC9QTUDnBjS0ZjVjqG3AT63u4igTK0ZDLYrulqMrORuN1Nps3Y+BC0aDAZsiEHWQi4QdMVP4BRJ0kU/6p1nP9n3pbHya46omqCuF7ES9uK9fe9ltCj/UToUwV6whIa2W7PWLXI4MMBsNNKBAHeRqMpHrNLvDXn53+XWsU9eOm7iWrk5iVf39vLOo/Wgb93lCoDrIZQdTV8trNhppaJNu6eq5ZH4+jtVvJIDBiEId1K7dd708Te278+3U6zytZsz4EODrXcm62x6EEEIIIX4spINFCCEuc2Vr0vl04EyS5Bt9O2slyxbnc9uSJZ1eV/qHsDP7AbI0kW47xIQQQgghxI+TdLAIIYQQPyKHNPlsPxXC76aP7vRoGSGEEEIIcelIB4sQ"
01:01:11.626 [Forwarding screenshot on session d6a0bef0-bd24-11e6-8678-ab184a9d7075 to remote] DEBUG org.apache.http.wire - http-outgoing-0 << "QgghhBBCCCFEN/W41AUQQgghhBBCCCGE+KmTDhYhhBBCCCGEEEKIbpIOFiGEEEIIIYQQQohukg4WIYQQQgghhBBCiG6SDhYhhBBCCCGEEEKIbpIOFiGEEEIIIYQQQohukg4WIYQQQgghhBBCiG6SDhYhhBBCCCGEEEKIbpIOFiGEEEIIIYQQQohukg4WIYQQQgghhBBCiG6SDhYhhBBCCCGEEEKIbpIOFiGEEEIIIYQQQohukg4WIYQQQgghhBBCiG6SDhYhhBBCCCGEEEKIbpIOFiGEEEIIIYQQQohukg4WIYQQQgghhBBCiG6SDhYhhBBCCCGEEEKIbpIOFiGEEEIIIYQQQohukg4WIYQQQgghhBBCiG6SDhYhhBBCCCGEEEKIbpIOFiGEEEIIIYQQQohukg4WIYQQQgghhBBCiG6SDhYhhBBCCCGEEEKIbpIOFiGEEEIIIYQQQohukg4WIYQQQgghhBBCiG668lIXQAjh7CzV+jM08gt69fWjt/JSl+cHYGng2In/ctWQALw6XYuVYzWNAPQKDqD3RS2cEEIIIYQQQnhHRrCIbviOJ24oYKCqgOc2my9tUeqOck9gAZNeOHxpy0EDq+I/IOKGAmYuO+p2r7pdexioKmBA4GaKq+2vWfbruCfwA266cQtjbtzML8fuoroLJWhK291/A2K7lm5X/GfZlg7zrN7xBaMjP+bfHRSqbt9BUh7YxMCrNzLmxi2MuXELvwzcwBPLDvxg53NR1B3mnsCO66taU8pAVQEZxZf4Wmuj8+VqIDPW+3a4+dlNDFQVcPPDuu4U07VOv29Y2fzGPvbUXfiiCCGEEEKInz7pYBFdVl1cRYHB/nPumgNc2nuO/1INHLde0kIAYDp1lloDGM3/dbtP4/eWpp9odPy0I0/H3nNOOwX+okv5N1obPe+gP0cHe1w4jY4Y1HrYR9ED6IGPh13qdu3hxnF7ebfQwvnQAOY+dS2P/D6QPpyj4M9ljHxgHxYPx//YWYHz6iu5cZySG6Oc/7uSiOsd43psNvu/iq61i4umq+Xy1CaaWI6R/4q9Zo+u/4bNF7wnrXPvG/954WMSnzzAyR/sAhJCCCGEED8lMkVIdNFZNr19nPM9ejCo3zmOFh9m0/5R/G7oJSpO7+vYfTIYlJe+SXvqKGgSEDqIjKwAQMkvAwCs7Nl5FoDzoQMo3RvNwAtQlolPDWXmCGVLh0rjfyEo6IKk7Q0fb4LRoe9IuasKgHuyxrJ6bkvpUxceZOawvewo3M+qXaGk3OJ3ITK8JCIeiOLj5wa532FiNAe/A+WPbNpYv4tYrmMfHaL4HASqe1BrsPD2eyeZ8kT/C5dBJ983fHx6AD70CrhwRRBCCCGEEJcPGcEiuqb6CO9tPAcTQ3jt5QFcce4cb+UdbrVL3a4vmBS7nTff/4KZkfbpDhGRm8nR1HKoeA+TApteK+ZdbYPTkVY2v6zhZsf2ATds4rk3jjaPULCnW0zmMvs+AwI38abmKE/EbWLea8da8t9/mOce2EyEI52b47ZT4JTPIU0F8+I2NU/FiIjcxBMvH2weidNU/oLN+3gwsqksH/DEy4e7P1ri+3p2FR3no08MGOq+47n4Il7W2jddcfA402O3kLPLXtZ9H+zhnsgNjilFG5j51Bfs97IAN9z5S6bcewP3Nv13Xzj3TrwaaODNhzczKW4TM5/VtYrtPbGbmBSnYZcjELte0zApdhNPvHaQza9pWuIZu50P9jl/9W/m3WeLm7ff8/guig92/6v+6uIqNp2D83dez8tz23QNBYfyQvZVnO/Rg2MVJseLVja/tqNVzG6OK+ZNTdOQiQbefHgTM5/6gg9e29Fc3ojYYt7c5TzNxcy7L2zn5htct8OO2il1x3gidjMZb3zR3H7mvXbS/Yla3Y94AnvdTB2+yd4u6o7xROwmnnh5H5kPb2o+z3seLmWf81Cy6pNkPr7F6Rw+4J6Hd7GnaSSIl+l4upZalcur+HvLysa1JznfQ8nSDaMY3wM+zd7P/jZ77S/+ggdjP2jOa1L8Djbvt3q3ve5k6/cN/VEyHm45z4jIzWS8b6+z/e/v5IllDVxxzsIf4j5g3svHvIqxt+8jHb1fUX2MjAc2t7xfxbbZLoQQQgghLrlL/3W/+Ena9+EhvjoHk+IGMWqKhfE9jvPpK9+wZ8l1jHJ8k91otfCV9hSpiac4H+rHpDsbKd7aQPrUYtKB81EBTFKeofizWv4wYTcjamMZjpU3H/gXqYXnOK/2Y/Y0f/bmVvNG8m5Kqhr5eGmoI91avmrqkMACPo18tfcspmjHdAX9QeJv3stX5yD4zn7c3aeed/NPsWDCVvy+vJdxhj2Mn2ofFTF+Zn+uVdbzr3fMFCzZi+WaQFbfd1Vz+Z/47SnOq/2YOg02FTZQsOT/8L0hkMwpgV2On9lQy6atZs73sPHgH838b/HZVtv1WjNVxv+y743t3JV8qvn1K86dY8ffvyG28Hu2HxhPRwOG9u0+wn5/f+od/RyN9CA06mr6Ace+aeArLZw/aeTUUhjoqLO9Wgvne4Cx6ZhqM19pLXyl3UtBqzKe4tFbdxJaG8twGlgVv4XlW1u2731bz96uBshJ2fYaABLnh7lcBHfo7FiOz275vfiFj3n4JQvn1UpmPB6EZc93bPqslmen7UB94B6m9IPqbyzs0H7DDiB4XCC/wkTxZ7U8e9enhB6Zwm29reTEbyF9K5xX+zHj9z3ZlXuKN5J3Y/D1Y/XsXh22UxptfLW3ga+03zSX7Vij+04UE/ZtFkvrtqB0jK5otFr4ymBh7Pf/hUYbB/da2Kvdz/kePbh1ZiDGT2rZm3+EyRYlVe8MR8kpnojeQYEBAscFMvc+BSXvV7M3X889+i/4uugmenuTTgfX0mjncnkZf6/oD/FmMRCpJnb4dZydsYcd+dWsL24gdaJ9pJJl3xfcMf0bzvfowaTf9yfwcC0FW0+SWPwpm05O5MYDnreParQ4vW+cIiV2N+8a4MZp/fgftY3/za3ltcQdoJ7CFLMNvWMKnwofevf6BXgRY6/eRzqI8RTfw9xzw/+x9xwE33kVMdc08u7bp3gidjPHt05hwU945JYQQgghxOVERrCILjCzPruW8z2UzPz1VcBAHky8kivO1fL2R+2/pQ6cdj1le6fwdsG9vPJ7+83ijQ8Oo2r7ZN4uuoeMaT2Aeo5Wg0X7NamF5wi8M4SyA1PIfCmGj2tjmRsFFa/so+BQy81n4J0hfG6K54uvJjPrxtbrPxS/9jVfnYOJ6TezuyCGzNensHF5IFecO0vW2mOUbvgWgLkbppD/+ngy/zYZ7bYQAL4oa71YZ+CdIZQemMLqd6bw+YZgADSfdfbb+DYULT/69A3mHwVDGe+4Gs/3CCDjH7/igaF1vPSkvXPlfFR/1pVNYWPuAAJ7wBWGk6x4/5SLhFvbsWQvd4zbwdRY+3/TJ+yg1PHNesvsHdfrnzhvbzL+8WHs+Oo2nriz6bWmetM1d64EjhvAurLJrMu6MFM5fHztefVSdLAjgOUkr6+wcL5HAJv23cPLS6NZXXQvbz+u5IpzFnY56rZpXE38q+PZXTSRt4t+Tea0HlxxroHiUjN1u8rtnStRA/jswBRefimW3XuHEdgDNj5/gKPetFMf8AXO91Dycum9HDs6mdUPuZ6c5Qvo/7aXgaoCQq/+oPm/kP6bXK874uNYt6WHH6/u/TX5r0/k4/8by8QewJdmTgF1mgP2G/+Zw6gomsgLS2P4+MBE4tXASQvfe5lOR9dSV+LvjV3/ewT9OZjxSAi9gUmz7dOnXs052Dzyw2yw/zTjrTt4+6XxvFxwD6//Xgl8T1mFtcPtrRp+dS17q+0jpT5+J4YXXprIzo+uBWBfySlGzY3hf//ox/keSpYUTSFzbn/vYuzg6X2koxhvXv4Fe89B/Ku3sbsglsy/TebgZ0MJ7gHLntdd4vWvhBBCCCFEExnBIjrNoj3IGweB0CBCaeCYHgaN6QN/r2b9ywdIvXc0zl9Sz0oMa/49SOUDnCUmfrBjNMKVhEYoYeM5fIAvPnasmtsHSjcfoLHRvu6Bz1U9uOLcWcq/PkOMv32X/5kfbl9LJDgA"
01:01:11.626 [Forwarding screenshot on session d6a0bef0-bd24-11e6-8678-ab184a9d7075 to remote] DEBUG org.apache.http.wire - http-outgoing-0 << "6pw7GxrYs9PC+R5+zH2oZU2LUf/vZjaOOYN6cBADA+7hi0fO0Oj7X/Zrj3H0aC17dhgBULU53+Z8gIGjBxLZQ3+Bn1rjy/CJYURF7meHFogMYvqU62BXKcWOb8xHxarpYzRBaD+GcZwdQFWZGe67qpN5+Xi1Rowr50P7s2KpPRbzHh/Ay1v1jhThlME+VeF8jx48tTKa24YAc28ho+hDUreec5tmZ3g12UjZl7ePTOWUuRFqTrFH30BVRTUf72x9tA/2jo+pU5s6ga7kV1OvgkJ7zRpP2qeQzP7DcIY0HTQknE3bAmlUqzi29lP7ax7aafw4e+dFnxnXEz/0SiDA7do39kVuldw60rkX6b/U9wwi1MN6H4MSb+DeIY638d59iIiEj2vtHWa9Y37FVwdH8D1waP93HD1ax8GKar6qBnq17ltwn07H1xJfOT0ty8v4d+wU67LNnO/Rg5tCfajWm2FwEJE9jrCn+CAf6YdzbzDNHZUFc4o5OLM//zMpmOiFkzj+ki8A1RrP21v1TAQoCQKu2PoNEbE1zLrvGibeEc4x0+jmXRob7W250QwoOxdj9+8jHcVYwZv3OTqWrXVs/qCORsDH57/296qSasrq4DZ5XrkQQgghxCUnHSyi0/697jBgXyvkjtDjrTfuPcqmfZH8v+EtTavR1n5aRKvXGltuwBsdUyhq86t4OL993q2XHvG8ZgWR/fil802HMoBRUY671epj/G1hKW9sPevy0Nb+2+rni/OgIqc8av9r70xwWpNj70tl3PVS6yMqdlZTx3V4uq/6XV4sL8T2wtw8NeUX9PN2ikZbgVc23zC2vV3+2mlETx//pp+u5Je/UsLW7q4T4biptbnZbKll80enGDTyGoYP8eNE6Zc8/sg37DV0kGy/QEKdgtdf7dv888FS+/kofVqPjBoSZe+Q+U8n2umAQd6t/hrxwEjyPS1y64JK5WlYz3/Z/tpuHnvJxUinNrPbPKeDx2updWfjld7H34O6XfYnlF3BOVJjt5DqtO0KzpK79ij3Lh5Ev5hIXnnqex57qZa9+SfZm29fLyV42rX8453RDOlou3OmyoGsKAzhoWlVfKWt5TVtLa/xNefVAazacDvx/5+9s4+Lskob8FXbMCMIKEKjhh9gIS2hKaGBGpb4QVq6rq1hZr1KScpaUItaYBRaSC30QQqFvsVaLsWaRIUark0SqLwTgbKNqKA5YrPYCIzgDGP5/jEDzAAzfJm227l+P5Tnec5zn/vc5z5nOPecD38pHem+jbvsR2zauKm13eVEl1kt0wPg+otcEKcaCQQCgUAgEPwqEAEWQc/Qn+G9zEtcvl7GU38dYTVTpfbAKV7P1pP+3in+59VRvRLfbB5Mh6YG8epMJy60Dqp/4rz2J+Q3O8O33ZBTB1TXc1oPHq3jWx2fb/seh7GD+VdsMVu+Bs+5Q1kVPpRbRw1ilMMPzBhX1iu9O0Xax+N0LQIKno94s3aaI5eawaAzglTCwJsH2w2uAMj690PmKu1075LWMZnlcdC2ghhg91jdUWMHAD9gverwEt9V9P3w5FF3uAE1/OO9Ezwb6t+hLNWflPJYxI9cntFEzZYB/HnBcUp/hjnP3MzcEA9u/b07JzZ/wSOvttOl/w30t7i0HKP2v1EC6DvM9jlccIzyCxJuuNQNP8U06G7oZkSuoYtNbjt/x/azox8eYOWrP3JZ7sxTa7y508+Vsbc7kBFWwGvt6tKeHPttaThjLRPXn+6+/e3wxRbTrJjJf/bmfm9JW91cqOfV53/gm6TjHF4zDH+kzIqdyoknm/lXyRkK96l5/60fUeeeImHLCN5bdqP95wus8x00cQx5P4zh7LGzFBWe4ZMPayhU6li1pJSQ0jv7ZGN72LexB83A5etv4I390wjq/1OrPZovNNOMA8N7GzQVCAQCgUAgEFxRRIBF0COqd1VT+DMMe2Q0sctusX54v4x/fFTG6czjHIgfRW9CLGODTYNp1bc6PJbdZA7gXOL9xz4lNvsST+Tdy/IupTjgdcf1XHeijp3/1DH+XvM37QUVPLZCzYA/30C43rRE5JW/BXOX+a0Drxeh/hl+39kX1b2g4dgPfF7wk+loZDPNzTD8jhF0Z56Cx1gPfn+9mn/9DOgl3D3PF9fqY8wZd4RqrxsIfdyZe+/saqNdW4N2R+4MlrFZqYfSWkqqL3Gvm5Y3/1pjI7193IabNtm87udLPLf2G8b+bTwojpCe1/flQTfd482c62v4NPcoq7d48Pqytr1d9NUnWfO4KZCx4s+jqP22gtKfYcAjY8lY1+KfOj4qbhncdy/odetEN0BHXnY1caF+5rs/sH5BGfsZxN9z3OA1+34ad3ufi94nTpv3O1mROY3YEHNXX63ii1LA6+fuLbnqsi058eWMttS13/7Qd/vXn+bdj37m8vUDiNswHn+rhwZqd+bxuvJH/va5jjn/pyD8VT2r981jVegtjA+9hcdnHGDUfWpUVU189eKndp9bZav8lt/ffRzPx+/g4Ksj8fIfxkNP/MDCAYXsx2SvZuC6n/Wc1gIe3bNx10vyurKxA38eZGpbKg0s8B/QaqeF4w6ynwHs+CGUO39lx3cLBAKBQCAQ/BYRARZBDzCQl2GaYv/Hh4Z3fOwxnP8JLSNxj47/zfuR9T1b7WASETqah+Q1vP/eESaePUfkPFfOKE6xOfsSl+UePBDiCIqupNzAH1fdQmz2UTIXfUH9C6OZ4lDPK2tNwYNnlniiKzrMdT/reeuZb7gwy5Xju46z8W3TYKmhtu+zLgDUuad4LPdUh/sP/f1G/uLUMX1z+989RrEy4jAr376EOvsov8+2OKD2xCVGjXPvk379nU2zTa77uYnHxu7skyzXO2/hiVFVbD4BdblVTHap6pM8K2SDWZ/jyafz1eREF1KwbQB/nOmKwxktm98z1dnlGTfz5xBHXOs9+P31p6j4WwXrboe7hujJe+UoOeYTp/TNpiFvV8EF1ztv4SH5Kd7P/o7p6Hg0RMZXW45T+DOMf/Zm7gp17NpPr8HOo5blGjbWCdCzKWE/Xn/xQnqqhlfW1phOwqnWUlYLN9kY/bfJ6bot8UPb0dMet/fd/kfzTDNghj3u1S64AiDlgSc8eD2ilm1vHmP5Gnd4VU3StF00vDwCLwc9nySZ9ga6b8aN3Ir95/DvVsmufoMJvf44BW//HwulWsIDpXzzD1NAeeAdbtwEaG+SAXpeffBzzqwdzwPdsHFg+yJ0oCsbexF+oZHEPcfZPH83x565mfu8f+ajF6oo/Bn8nrlZBFcEAoFAIBAIfiWIU4QE3af+LHuK4bJ8MHPv7Gyah5T7lg4FIO/9UzSY77r3tx7FXb7+erzkbfccHK6nzRUHkVwUxLIZN6De8wNxK46yOVvPgEkeZO2ZZHUssbXc3yEFXMxqyfz9KdxxM378TE78dzy5uobTyHgy6y7+Z7QTj28dy2Q5FL5dxWPzS0nKbOShxBGEyuH0387yjd5WPpjz6f3yHxcrcW1N0KVlkDT4d63fes97NYzXn7GepXL5ehlPZN3Fqk7rwBp7357f+dREnpjRlv/l6x156M+DGHC9tV6tWKjhIG2R3JLOmbgvJ7NskoW8UQN48tlBHd7tDR6hd3Io71bmBFxPnbKOLS+dYvN7pk1QFzw7lrKc203LpVxHsjFtMNf9fIkt0WU88uBRPqobwJPPmuaYlH5dB/wOdzt7AzuYFW7xw39lq4ldcZxPlTD5z7eSsWYY3fVTS5+0R3fTAbj3/x3t/b0FF4uB9ug/3UH8whu4TvkjsQ/+H0+ursHl4RE8udB0os+RfzV1S479ttQWo3fv/7srYH8D+3b+yOXrr+d/wj07TeE182bTiVvFNVT/fhzvPDuIgejZvPoosdGn2F97PQs2TiQuxBGPEPvPrcovG8xLuaMZJ4fCN6tYueQ7tuTq8Zw7gh1v+gLgP9OLyddD3YkmNj1XRf9u2bjFPrb7ka5sLAu4ncK8mxknh4JXj/PkiioKNSZ/fHfdSFvGFAgEAoFAIBBcZa67fPny5WuthEDQGfW1OrQXfsKhfz9u8ujtup1LnKm+QDO/w83Lud2eJfae/brQ1+s4"
01:01:11.626 [Forwarding screenshot on session d6a0bef0-bd24-11e6-8678-ab184a9d7075 to remote] DEBUG org.apache.http.wire - http-outgoing-0 << "q/0JJL9jiKdzp3uq9JZ6tQ6tkStmg1p1HRfovp61igOMnfsDWcfmEdqNvSRa/AJ79aZvovpsMw4SB27ydOxZAdrnp9ahNf5Ef7f+eLh2nPR3Zfz0l6NFP1v6d58etJcraP9uoTdw5txFmo02dOvqeTtq1TouGKG/W79ObHaJ+tqfkDpLkZkd/OrZuO15fzdnPH7NnZZAIBAIBALBbxARYBF0m5SX/8VfX/7XtVbjV0vwZA+KCq/sAc7/TQj7CAS/DE+v/T0xa39/rdUQCAQCgUAg+M0jAiwCgeCaUltQyO3zf+CdEwu4V5yGIhAIBAKBQCAQCP5DEQEWgUBwbamv46uSRkZNvombxGadAoFAIBAIBAKB4D8UEWARCAQCgUAgEAgEAoFAIOgj4hQhgUAgEAgEAoFAIBAIBII+IgIsAsFvBUMD6pqTqGtr0XedupXa2pNU156h3vCLafYrR4+65gz111oNgUAgEAgEAoFA8KtGBFgEgivNhb1MWe7NsyVnrkp2taUvc91yb65b+zK1nVyb0qThv+p2hr1wD8PiJhK4ZW/Xgi+UErPWmxvj7sE7bgoDLOT9EtQfedWk9/JFKC78ghn1EP2pbIa9MIXNqoZrrYpAIBAIBAKBQCD4FSMCLALBlcYIddCjWSJXhJYZJpfMvzQazLdq2fRhCkcskk6/dVSX4mq/yyVV23Y9wm0QDldG005pNhrcw4efAAAgAElEQVTNv2m5YLSb9KpSUbobuJvZvi7XWhWBQCAQCAQCgUDwK+aGa62AQPBfx8BpHM6oumbZO48M4+/zfcB5FO4ASJGan02e8A77l03rlpzjx741/eK0hNMpCXj+AroC6A16ZFIZzhJJ671fMpDTMxrYf/AAjH4F/2utikAgEAgEAoFAIPhVI2awCLqPoZSYdbOYEjOP146YFovUlqYxZe0spqxdgeK8KZkiZwX+a2cxO2k5U2JmMWVdAofNkyo+3rKMKWtnMXPzB+YZHid5Yf0spkRPYUpsaLdlz9/8j05VrD/xCTHrZ5mXmnhz3arJrMzZa86rlk0bZzF/SxpJb84zpxnHspxdHD3yATNb3olZxN9UbYthalX/YNnaca0yZ6akcbhlCcuFgyxbO4tlm6OZstyb65ZPZlPpPpbFTG4tBzTwWc4apqxq0WkWz362v3WGS3d0XvTee7zWqrNJh6M29kQx/Kgi++sPyVaq0BmO8Oy6e1lrnolSeOgZpqyLpvgCcL6UFza25Tty7QqyzeUu3hlNuKLc9FJjLmFr5/HaERWbUuYxZe0sVn5W2mKddvdM1/5r55H0z09IapU/jkVb/mG1xKi65G1mrvKm36rfc13MMl7cV9h5gSzfKX2PRRZ1Mf/Ntznaupyols9yovFvsePyycTs3Ntq56NfvYx/zDxitrSl8V//MsqaUpLWT27Vc+XO/W0ZXijhH1pYcUdAl7oJBAKBQCAQCASC3zYiwCLoPtJRDKeSwsZytuxXAnDowN8p1FZSqN3F7uO1wEk+/GoXR7SVXBriQ11jJYWaLD47pgeO8NGhfRRqK9nz7aeUGoATe0g4XUlhUwMjflfVbdmNHp3Mpzi/iznJT5F6+gJrp68n6/4V/OGGGjZ98RgbS01D+4a6Sj4+lMLaY468HLaCcDfY+sUKfN+Mo2n0Y6QGz4LGAyx5+y3UQL3qbW5M/QtbtXIS7l/PW8F3s+doCmOeXcNRAOMF1NpKtn6bS518DLdJ3Rnh9jOHGmv498VmAD7b8ifmfPEhpwf8iayFz7PCqZKXP3mEp7862W2dtxe9QPQRSJgeQ/Swoew5msKCrbs6rabmizV8rCnn4+oaDEYN+zU1Fk/rKdSUoG0qZdGaP5JQVdn65JR2Fw+mzmDLCT0XfizhlMU7R7TlfN9gpLa2nEJtJV/90LZ2qP292tpyjmjLWZv9FGtb5dez/dBfWLPbtFCp/kga3plJ7GkJEjXu4+Uj5bZ9D6hXpeGd/gLbzXWRevudfHwkCd/X3kOPnr+lzGDOF7nohv2JzIXPEy1vJDX/MQI3fwLA98cUHGksJ/VQLhOCY0gY7cOR0+9wxwt/ZK12NKlhK/iDtJ5N+Y/wmnm/FfV3+ylkKPfeOtKubglfJnDdC9d1+pPwZYLddwUCgUAgEAgEAsF/B2KJkKAHuBA2aRbRO3Zx5LsvUePP3u/aBu955SpeGnmaTQaAoSyd/hg/nniLlRr4rLyMp5xVbG9NfYCD6gYcSr80Xbo9yMqpp3m/u7KDJ3bQrl6jAelQUh//nKduM+2X8cAI6PfmJgyXmgEH854kd/PlS1sI6Q/1I4xsT3+HEd7r2R+zCIBbLk1mzqEDlJ1v4NgHSYAPnybtYvZAgEWEDYvGO/tD3it5mpduhSZghPcaClc/jivAhb2saVHqwl6SDlWCfAUlLz6DB/DwJF/O/yWc8jIl/77xQjd1vpM9SR8wfSDAHFh1D6nHDqBmVuvyn86Q9p/G/jd28ezaWbzcCLfd9gqFj8/meN5Sc12M4dP1O5nt0cCmjSGsrKonIiebi6s/5+9N9/LgkRpwWoLqxRhGSAy8lmeSO8AyD6zvteojvZs98VuY7lLKsr/8ka0GOKTWAMN5f2eKOc0svnxhEyEDz/DaxjlEV9k6q6eBnJwUYCh/f34XC4ea6mLIm7N48NhBStWevH20HoatoSzOXA/33MuN6yay9ttNfHHhfhxukAGwYuEu3rrHB5jBv1fNYpPhbope3kKQFP5nhJGP09/h3zod4ELJgVxw+hMTPOwYGUiYmgDAC4oXrO4/H/J86zOBQCAQCAQCgUDw340IsAh6xOgJ9zN5xy4KDYV88pU3JRbLVI4c30u24rTpwm029wx1QTtpFuzYReHhf5LrcNxK1lcHP6VedQCAP0ycRdAETQ9kd9TN1fcR9r8UQHbBW6zcc5zjtd+wR2s9YJcCON3M7/ub3xk5jtuAu4KCW9P0v8H00AED9UaASuYkTua2lgSNpsBPXnk5L91qtsuosaZBfXsuNlIHhE+cResYXTqRD95o26Olezr7c/vAljtO3OgEGKR2gyttAgbiIgUaYYDjAFylMi40mmegSPW8v3UZ73ORopbghqaac7gw2MUdqAGpFLf+Lsh6eIbQ5IBHme4B4MktToChJQhjoLbRlGbErfcTMhDgJh66Zy7RVVk2pBlQawEn67pf+OddLARqS1+lEFh7z2yLevBg8aw/sfa9Dyk6VstU9IAP88b5mJ8PZJgTcMPN3Gw2ZLNVnpUUHKlncshkuoivAB2DLCK4IhAIBAKBQCAQ/LYQARZBzxgYTLgcCjU1rHw/CYDJtz3GmJp32KTN4sEvTMn+YA4oeLQEZLTvmJ+5Eh0yly8UWXysiONjAIaycMI4GNjQI9ntqVe9zdjUJE4BI9zuZNrwh3jLv4qVis6X0gAgkTAAcO3n1OnjlgDGirHzuBHT0TZSiTMyBz3OQ4cBp6kDpozy7vR9fcN5jgAT+llv26q/0IBB4gLVvdD5SmKopKhOxjD0jPe+m2Auonf0sg7cdLbXyw0t5bET4rnUbPuZGWcHSZdpWpF2poueessjnSXWdpZKTLNWXHuQTavkU8VsAlLHj+32O5YBFRFcEQgEAoFAIBAIfluIPVgEPcSFaZNmWd0JnbyEeTf7WNwxB0ygNSDTxngeClvABMtbbvPMsxJ6KLsdh77O4hSQ+ueDnHz5A7Y88QwPjGw5Wtf2uTR1QPu5C9bcydJHnuH5R9by/CNrWTNxCIdV31F7ySKJjWCCTO7NZGBrSbHF3ZM8/fTtDEh4lS96qXNfcTAHHuButifsZP/Lu3hilAf9XHy4y8cb5y7eP/1DlWnz2PMlHNJ2kbgD0taAx5Gyf5g23KWWT/6Z28VbQONh/mURUPliyzwGPB3KoRuGMgLIO/CVxRt6s8yh3HJTd+agWNNyPPOUHh7PnDA1QQRXBAKBQCAQCASC3yAiwCLoMaMn3M/k1isfgm+5idtvvbMtQWvABDoETYZNJGDgbUwd3baQI3zitNYZKT2SfWE/i1Z5M/8D06kvboOGA/DVwS9QnjjCZ58lEPjehwAo/6UCOp+MYRsPFob9CTjAHTHL"
01:01:11.627 [Forwarding screenshot on session d6a0bef0-bd24-11e6-8678-ab184a9d7075 to remote] DEBUG org.apache.http.wire - http-outgoing-0 << "+FvJQRRfpTEl+S9sPf0NXjcP71pE/0AeH+0KVS8wf8t7FKv281pKJJuA8Mmz8OqlzoZ2/3dF+3RB0yPNdt5H8KrJzFw3mRlffMjWb7PI1zlgCr/o273lQZCvKdh1quoFfNfOw3/NY+ZZSLbz6njPhYf+8Jj5wS6Cnx6H/6qJRFjsv9IM7erXg8X3LQEOMHVDNB+XHuSznWt47FAluM1jgv8cYofBkSN/YeZmk503bX7QJHPYg4wdSA/Rsf+bA+A9DXF+kEAgEAgEAoFAIOgOIsAi6DkDgwkfZg6QyEO5vT943DqFGebHSydbL+GxDJosHWfa62TyHTPNd3x4YJLFjJQeyv7RALXm03oCQp8kWu7Kx4fiuCP5fuZ8ksXs4Mf4gxT2nCijns6XigzocEfW+pvXXUn83/wl3Na4jyWZ4Ux9P4VCfEh9JJuFQ2U23re8J+PhmI956zYfPj70AsGpjxB9tJLw4Fd4ffZtvdbZVQL0d7aeadJ+tY7FtdQsw7FlqZLHLD6NfYU/SAFq2GM+aSg8+BU+XGDaQLi/600d5ITc/xxLzaupTmnL0Q2bS7S3OeJ1gymx5wBXi2sAZzw9rO95jFvL/81fwggA6jlicCU6eInZT2S0rByyrF/P4ASK5i9hhDaX+enhzMn/EOR/4suYKDxwYcVfdpE62oc935rsvPLbciaPjkH1lyg8zXI7xaJ8Dv0GmW4Z/8UWDSwNDO78HYFAIBAIBAKBQCBox3WXL1++fK2VEAiuJLW1ZzAAzi434dqtXWC7QwPqGi1InHD38LA1VLeL/vwZzl6E/i434dHf+tkvo3O3tEJd8wNGicSkVzfzNunrjKdHz5bPdMBQi/rHZqSDup83hgbUP2qhnxueAzvm32bnQXj0701NQYtdnAeNvMr1IRAIBAKBQCAQCP5TEQEWgUAgEAgEAoFAIBAIBII+IpYICQQCgUAgEAgEAoFAIBD0ERFgEQgEAoFAIBAIBAKBQCDoIyLAIhAIBAKBQCAQCAQCgUDQR0SARSAQCAQCgUAgEAgEAoGgj4gAi0AgEAgEAoFAIBAIBAJBHxEBFoFAIBAIBAKBQCAQCASCPvK7hISEhGuthOA/k7IdabyVc4hB/hMY3O+Xz89QvZeXUz7HPXACN0p/6dx0KLa9y46vlDR7jGbkwPYZ6tidkcp7+RXIx9/BjVLQlOWRujGdjz79FIXqJ+4MGk231NRVkJGcQUFxMYWFha0/+/YV0uA+ltFXurC6CjKS3yT/cCPjJ7TXUUdeSjIVLv7ceuNVqNQrlHdlXhqvfaYhsLs27wyDhsqqRgYN6t9bCfxS9jNU7+XVlC+4cdId9D/9C7QDs08UqIyMveNmahXbeH3LR6ga5dwx+sbe+3ZfVFJXcPyiKzf2vwGA6pIi6lyGMVB6LX20c9p0u9aa/Jborh+0pfNuLOpW26ncncFrn5ztW3/SK127T090vJJtx1C9m5dTdl2lz2GBQCAQCP7zEDNYBL3DUMYH2xWoyhV88EXFVcmy8dx3lKsUnDNejdyMqPYVUKwoQPl9UyfPmzhWqERVXmjWR8vON7IoV6vRaDRUnQeHbmdVz+HycpRKpdVPebmSinOd5d1HjPUcLldRXnqKjtKNHCsup+LqGPmK5X3uVCmq4s7K0110bHs6iud2qHotwYSRU8XlVF5h+zWe/Q6lqpCzjb9QOzD7hPLQMZqA75W7KVepKDx2jj75dm/RlbA2OoE8VZ35MoPY5M18b4Rfysa9xVo3wdWju/1Fm790t+2cqyhAVXyKK1elV75f7a6O7dtOX/VoPHuMctXBq/Q5LBAIBALBfx43XGsFBP+ZqAv3UmX+verT3agX+uH5C+fpFhjFtq2PIXX+hTMyI+kHNICDpLOnA7g7IoKhDTcwygngLFUNAHKi0tIIkfckI5AAyHxZ8kQYLkbTX66XLsFg3wF9KoM1BgxIkTpJTPn1M/9vhRsrt23lqhm5r3kbDCCV4uTYD2Sdlaf7NF8El/6OfZBgRmbLZ3qPk5Mj4ICEX6gdtPig2SdGTYsgfGQDw8aNB77vvW/3Fge4CPR3dGy9BgccW+z6C9i417TXTXCV6EF/YfaX7rad4JXbCIiRXsFZWle+X+22jlb+eQX0kEho6YsEAoFAIBB0RARYBL1Ax5efFoNLKLGLjCSnK/isRMvyQDcAyrbF8261J8MuFFJcpQcXX5ZEhnLqvTQUGkDmTcSa1cz0cwNdJVuT3yBfpQHAM2ABT69ZiCdQti2Rd45KcKpRUtUg474l01F8eIzI1xMJdNOxd+trvJtfjh5AHkDU0ysJ8XJGV63gnTeyKFY3ACDzDCBiVTQhXo1sW72O6mG+aBUK1IBMHsAT8WsI7vGgsZGjxf/kn5qBjAoazLYVCeaAk4a0Z5ZxetUrLB51mrSNb6AwjU7xDgonJmY+NrNy9eK+4OCO1q7YwbqkjzH6zOHF+IW4oSU7fh2f1gxk1SuJBEpKSHzqDZrHzWH0hf3kKjWACyFLYoi6zw/QsTcjmfQCFSDDN2Ak52yWS8tH69bRvOBFlga6Ubk3g43pBZhKICc04gmWz/TrqKNNm0tN/qD2YtT5fSiq9IALoZFxLJ/mZSdv7NaVQV1EatJmlBo9uHjj66IBB3/A5H+vHh7N6xsX42a231NJpazalMhYZy15KRvJKjbVlkweQMSaaNy/Tia/AVAk8/Dpuby0xJGNSZ8hcQe1uoGho2+m5qwrCa+twc88NlGkRZOpuZNNiQuxOVyx49+gJi8tgyyFedaMTE7o4hb7ashLSTHrKcNTrgez5+gqsnkq6QiRryfie3YHa5P24+nXH6XSJMc7aAmrY+7DDdMygo2Zpvpz8R6De+NJ+k+JIX5hxzq0pOmHw+z/pwo33U/sXf9+n3zbtg8ZKMpOJTVHaUroMobIuKeY5mVk25pkTNWxlDMT70R98AAAyUtXE52x2kq+tiyPja9mUaUHkBGyZI3Z77Vsi1/H0YHeXCguRg3Ix8xl0V2wJS3XZBPfMOLiluIl7UKODV/0/2EbK9YXWOi2kWA3Kwew2U8ZNCW8k5aOQtXQ6hurohfiJe1JHwrZ8ev4xsmTRqUSDeDiG0pM7HKzn9r2Mdvt0pVtq5/kgPxR0mKmmd4zVJC0Ion+i14maprtULpVu7TyC619Pe22E1s2NFr1VRW7t7I5Mx+NWZfOfNKy7bBzNcn5NchkgIMDrv36cfHiQJa9kojrF8kkfePF6xvv5XO7nxmW7RR8gwI4X9HII68lEmjVKXS/b7N8Z9vqJ1F6P0HqcvPngq6E+BVv4LXqVSZWvW3WcTFuNup50eDSdv65mqqNbTZDW0ZG6jsUmO3eZjN7fZNAIBAIBAJ7iCVCgp6jLmK3Grxn3E3gtLvxBgo++RKD+XFz43nU5QVUDZxDbOwSvJtVZCWnccI3nOiocDz1VWTuKAE0ZDz1HPkqJ5bEJpAQvQCjMofo+B0YgOZGDRqVksaRIYQG3c0tLg006GtoAsq2rSc9vxyfuVFsSIhkTL2StNi3UFPB+tg0io1+RCdsICE6HHe1krQ3dqIzyyxXKBgVHkVs1FxcNUpS0/Jade8JteoqNGo1dRcvYWy2eKCHZr4n5cn1KKoacPH0xVcuo6p4O1GJdvLSfENSSgopKSmkpCSRlLEbHWCsr0Wt16M5Wdc6HbzuvAZ9w3nzkhgjmgY9KkUOuRUSvD1lQAOKrM0U6cy2MgdXvMeM5KRSZRqo2KCuRkOd0Qi6IjamF+AeFkly6gbCAy5SkJmAQtv+ja5sfh61Mp/SgTOJjYsixLOBgvR0yjoxRGve2KsrNW9Fp6K86ENkXAKRkxxQqQHzlgLNjTXoa+paZRqbamjQ11BnhMrsjWQVnyM8dgPJCZGM1ChJW/suLuMmIwdkvmE8sWgCkqZaNPoG1OqhhIUGERxwGzQoyTukNgnVlbBToWbouHG2gytd+PfepGiyFCeZGxnHhg2xhPlcpCDTVGeKtESyiqsIWRJLQvQcGjRtUo1Nta3twNhUi0avRqmEiNg4IsJ8qSrO4qMSLbqybTyXWUC/gAXEJcQygUqqNA1oauvt1L6JsydVqDUaNNrGvvm2"
01:01:11.627 [Forwarding screenshot on session d6a0bef0-bd24-11e6-8678-ab184a9d7075 to remote] DEBUG org.apache.http.wire - http-outgoing-0 << "HR+qyF5Hao6SgAVRbNgQS4hLOemx6yjRujFpXhgAvmERLH7wASLm+gIQtGQBvhYBDEN1Hk+uz+LcyDDiNmwgMswHRVYCKQpTPTWf16AqLsY3Ipqo8AA05bmkpu1mQkQ0kXMDaFDl87FS07UcG77oMPZem7qBvX6qmtSoZBQqF8KjE4iLnEuDMofYNdva2ky3+lBoPK+hSqnEPyKODbHhuKgKSFifja4LH7PdLt3w93dHU/wxRTqzJx/YjbIBbhltb56ilvefT0UpmUxccipxESFUFW8nKbuiCz3ttxPbNmzrL3RlGSRk5iMJXUJC8gaiFgRRVbyd94s0Vhpatp3hE+cSEfEoj0Y8QcTsW9BoNDQwkCFu0FR3srUPsfeZUdTaTqNJiA7nfLESTcN5jJ0sn+le32aJG6O9XVEX5FJhflD95S5UegdGDZdb6Wirng97d/TPNj3UpP1lPQUqCeHRCcRGhFJVvJ1nM0rs+o1AIBAIBAL7iBksgh5TtmcXemTcM2kEADOCXEgv/oxCzXymtX4DF0T8moWmbw8n7ya5wJs1UaZvE51Un7G+8BinK+ooaADfBYuYNModI9NZFHaA1PzPOKCdj2lxQABr4qPwBLQlGQBI0LB/dxUERBK/OASA2Bfh/a8vQYM7cyMikPgFE+gBmlojAb6gPllrGpBeBFlQFFHzTe+h2kdy4SnqwPbMEhu0TJGWOI0lPjOWqMXJaJATvTUNX1UGy/UAY1gVH49vk4I10Wmoy/+JUntfu2+5W9CgLLYcEDjQtHymaUZ2+zw7/d+XuMxExkrVpCyLprgBjEYtB/aZvl0NinyZmGmeaIvSWJ6qMK3BsId5kHDuzHG+/9GbqY+/wG3nYER73Q32bW4iiBfWLMYT8H1UhWL9Ieoawd78dlt1daaslmJgbkws0/ykMDaO+urFbK+xfFvS4XcJcNHYDDRz8mg1oyfdTlTyBuol7gzzlDDeJZOv5f4Ej/VBW7IPgPANccz3kQI6jF/tJPfTLzFMW0xt0S7UyIme6mNTf0PFl3b8ezbD7ookcpo30wKHotXU4uszkvxyDUajhsMHNchCoom6LxAI5KWLZ4hKb9nrSGLxr4klyYnM9AICXSjMj6XRaOTwwX0gC2lth2M3PkPVA+vtzF6ytJhZusSrb75t04e0vLunCjzDWDjdH0kTzHt0AYr1ORxUaYm60x95Wj5y/2D8PJ3R+XtC7nmmTA3EjbYIX/me3ehxYfHDsxnsaGTYvPkEfV1O8c4v0YXc2+pDy2cGA0Mo3q7kWMgT5uvhlOQqeySnY79xH+OtdLPEdj/VWPo1SmBuwovM93MG/HiJfxOVvo9vtIvNfV/XfaiGQIwXwSU0luUzxwJjWRN5kqj0PXyjnWfHx1r8p/N2GTJ9Di656ez9sprg+4by5c5i8F7A1C7WgRoBzqlRVZ1lUuAikr1mIHEfAhht6nmwGDvtZBKHbfX1FtEIh8GTiYjw5faZIQzQanH0vgkZne0V1NZ25H7BmCZkqEmLUgK+xL4WgxeY24gpre26r+YrhQaXkGii7jPNMHmRGpanlto3kl2Z1p9DgbPvQ1aQye4DGvxCJOzZWQ6+SwiRQ0mrjgY79ezWzj8touOaoxxsgNDYeOYHugF+JODEEUDub9tvBAKBQCAQ2EcEWAQ9pJr8faZvdTOjF5Np8eTTz8qYtnQscBFkThYDQOtr0xfiEprrTd++qXLWszzHMg9Pc9qLIBtIx10xJEgcwKV/2ykIUq9pLDWvOKlvPkZKdCbJlq/IzUPGZvDxG95RXjdKbpdGY6sM6z9Cy1m//AGL6wbbmxK6BJHw0qO4G5tMaSSOyKHtT+KuDn2QezJMCuDIAPP+MRJa9pKRE3CbaXTk5j8eTxSou5LnFsyqJd/wRlYBaeWmaebyMWGsemopPpbTNqRyXO3Z3Fz/LfXYMiOiS5vbqKvLzU2AC95DWqIzUkZ5yeFkVwJh7OKnWaD+Kzm5mRTnAsgIWPAE0Qt9zfViWTtyBrfm4czUOUHkpu/mgGY6p/PKYcwSG4EyE412/VvKEHfIfiOWdGujITl/glI9+Ixwbyu13bpyYZBry++ueMqgEZBI+oH+vEWJvBntAjWdibBHX3zblg9FBKBuABryiV2eb/XKadUJ8Dea4n/GJsDZ7DMXOxngSQANmc9FWd/u12gK7jXDyJFDzDddGSiDW25t8SlHBppt1R05tvoNe7rZ6qdMwWIZw4a0NSRHF6dWTbrbh7b0aX7+wzuRY8fHLGR22i7lk5ntnc723V+jnTSMT9UQEj21i/0+3Fi0OhL1G+nkpKvIAXDxZknMajzdbOv5k85eO7HX17cFC6QDXKkrzSQqM82uhh3RsDU6GoVGTmRq+2U9ZmzVvfZ7jgHjxo9qs8CoW5BR2vXmuN39HPIMZqZnJrmfH0I3yoGCBgiNnNQukf16tuWf2hPfoUfOeItpV34zF+MH6Cr38rFNvxEIBAKBQGAPEWAR9AhtyR6UeghYEsvC0a40GcHRsZ7P/pqMIv8TKpeO7bYsByfTn2uhsRmt+7fo1CV8WdrEKCf43t7LzdDc3PYXo6F6N+vTj3H/XEeSsxR4h0bwwrxAPOVuKFIeJs385b8RcHJ27VymTbrxZ2Uns0xMjCEu7SmGGav44svDSDy88XWyIaOfE0Pkbri1+x5c4mB+4WJLeeup63qVRyvGiwAalEc0hMjl6FSHUUOXM1gM2krOOY7npY+ikKgrKf0ym/TcfD79ZjYxFjud6sq2kmDH5r3FVl05ODgCDZw+ZwA305Dv3L/rO3xd3Ta7p81PtJXfM3ja03y0xoPqCiVf531Abs4WDkx/xTRqtZwuxEWreIvn5Jl4pxez83//l3MaCHus/UCnXf52/VvNO8vTKZcHEZv8EL5ecijJYGnyIRg4HD8ZVJxqq2SJxJbTdKRFZaPxImD53vdUN/TiBKA++LZNH6qciFwGKr9IPlrTss+Hmr17KnAf5wscNmfYLrzarikajQ2ALwkfJdKyO0Rl0V6qjYMZgMkWAwe3BaqMgEM/idV1d+V02W901k3Y6KfunQGg50cLHzY2Nbbq1KOBrANUVZ2jZQOPplY5at55zoaPdYmUqXND2Z66m7ffckfPGGZ0uVGVlqqz8GD8Nvwcayn75hAfZG4nK2Unk7bMs6nn5X72PwcO27Dhg3GLWu+VvPs8OUpYEJ3AdH8/3Chh2dLkdu25PTp2xD9DvlpG+Ia/YmtrGZt17zaEoYBK9X1rmbQnjqGn6/rr/ueQM9PnBZGbtpPXMgACmB3YPqrbzXpup5STuweg4Oj3BgL9TD5YsSOFv9cMob9iRy/9RiAQCAQCgdiDRdADDHy9qwDwZf59gXj5+ODn54OXVyDz7gsAytmjaFniYuziWzwjDmPvZgxQkP4WikoN2uoiXlubTFZWAfXStnQd5bjhP1GOvjiTbUWVaDUVvJ+eiUQ9B+YAACAASURBVKrqPC3j0IFDPfEYIKFsdxppxfp2sz/aS+xc15Z7itQnWbZsWevPAw+vpqjDPiQWgzXALdBUNijn3f/9gJ3b3iUnN5ftmXstytY9nL29TdPGGxQkJqWQGB1LcWebqHQaMHFj/CTTyKE4/VlS0lJYm2yaSdDljJizh0hPTyVlqwKj6wi8h91oum9j9NCVzXs3u7xjXTmMncwYIGfzO5SptVQqtpKu1LellvQD/SE+L6pGXbmX5DcUtChzYs8W0pLXkl1Sg/vwUQwZKAH6IZG4cbOfjIbD+ymq1NApUj/mhshRK5XoZUHMGGtn+grgbNe/m0wzJwbexPChA2iq3EtycgHQDyMe+PnJaFCkk11Uiaa6iLfSC+i6wqzxv3sGUMzzSdmUVZSQsToJVY+lmOi1b9v0IXf8J7qA8l0y9lag1arJeyeJ9KxMlPW0TpU5/c2XVKq15usGVIcqrPap8J0yCVCRmZJHtUZLhWIrz6Wmk6k8ZzHbomvP650cs0/b0M1ePzVo8t34Ats3plKi1qKp2M3GtGKQ+THcrZ18m5ieS/qBJjeLvDI1msq9pKQVg+fd+LvZ87Gu83ALnkEAepTlauShs2hZDGdQK0hLTGF3ZfsN"
01:01:11.627 [Forwarding screenshot on session d6a0bef0-bd24-11e6-8678-ab184a9d7075 to remote] DEBUG org.apache.http.wire - http-outgoing-0 << "Oer5JC2dhMR3KGtyxNt3FAMB3AfgZEfPCVPstRM7fb3lbBMjgDuDhw/HyVhN9mvpNACnq87atN7etLVsV+lxCVnMbRynrKyMkpIyqrWGVqGWdupoex/CQuVo8pNJyyuiomgH61Lb+pqu6d7nkDxkDmNooFzVgPeC+9qd1mfESBf1bMM/pT4TCAByU96iRK1FXZbH5u3FnGy+zjRDyq7fCAQCgUAgsIWYwSLoPrpy/lkO8pAw2u884Tk1DN9MJYqCr5no2Q9cHS3G4f3afW3e8tyL2OQo1q9PI61lar7Mm4gNsfgAJVjLkTiYBsMAwVFrOH0+iZzU58g1aUB43EpuH2tkru/X5GYlsDjLdD8gwBOlUsUJnSk2YLlnJ7TXtQ2n1pt6GhosIxrupmcSsJwn0TIx33THh6c2RLA+MZMqZYFpxojMm4j4pzrYrkucA3gg1Ju0girUymLOyT1xQU1De637tZ9qYLoOXLqGBWcSySnXUKwoRu4pB7WNIAJtNpL6PUBU2FHS8tOIyjdNvZcHhPNQu2+yncfOtmvzzm3c+SDEsn5s15XJtuuey2R9tAIAGaB3H4AjEDjvEcZ8nUxOaiw5gHfAGGRKDUYg+JEYQk4kkZNsegYyQiLiCXaG6nHjQFlM6nPneS7Oq1Mdg2fPZLMii6Ezp9k8lrxNb3v+7cz94QGUb88harFJE9+gAGTFSg6r6oha8zJn4p8nJ/U5cqwkW7cDy9/b5+/st5C0aCPPpuawXgly3wA8UeJ2yxC6i9MAJ6C5175tz4fkwS/xw4VEctITMIf8CAiPZamfMzCKSd4y8guySGx04W9/uhVPFOSnJ9DUL6m1jG5jl5KwpImkrCxii7MAcPGdS9zKEEDbwYdsXfdUjqVPuw231C2DKIt1Y7b6KR+pG7FmGyZHL8dsGKLjW/YA6W4fapqh5uLZTNb6aLLMcmLjTSdo2fYxDRO7bJdehM31Rplbw8wZY1rvNp5VoSgvpvmuh5hptVbQi8djF5CYnMP6KFO7xGUM0X+ejZRGu3ra+xzwsWVDYJ+5XsbM/hPeikzSopeShunELG9ZOVVHjsLCIa3119ZetBw3n5zToMjkOUVbKYKi05hiYRt7dR+8/K9cZB3pWakokOEpB2x0rd3r2zrDh1lhnpTnG7l3ql8n7/jYreeQ4Z23HfAiOjmS9evSSY4uNps9lPiVD3Jx5Emb8vwlHfscgUAgEAgEbVx3+fLly9daCYFAq9FglEiQu9mfFdAeg1ZLnREGyN2s9gfQaTU00XN5Vx4DWk0dRiTI5X3TxaDTUmeUIHezfW6NPUw2GYDcrYdTaAw6NHVNSBwH4OZs+92rb3OTbXGU05lJTD7VeXl1Wi1NnfgNBh06HHCWdl5ObVEGy1MLiUz7m8WGzl1j0791WjRNRhwHyOnMtCabOvaqzjUl20jZJWF1/ELTojNdEVFLU/GOTiOm5+eSd0IPfNuOD5nasG0bdE+V7vnoVZPTXqyNfqrVhpLe1TFoSXt4OazKIGoMaBo76R+68DF77E58mEzN3WSkLW1buGioJHFxIn7Jmcz36kxgZ2Xqhp7Y/xywbUPrfLnCdWcbHXlJ6znmt4yY+0yhRfXuJKIzjxGVsYWQq/3R0+t6tuGDffAbgUAgEAh+y4gZLIJfBW7y3g34pG5unZ7+4+wmt3N87tVE2uuydZDk3HlZu0uvbSJ1Ri7v+s2rb3P7trX3zNnNrXNdpc6d3zdUkPR0EkqNHnyXMLmHFWFTF2c37Jm2LzZ1dISq8hyWR1cS6uvE4YJiNHjywKgr44898m07PmSrDfdMle756FWT016szTJegf5BDxeajCCVI+9sINyFj3WGriybta/moNFDUNRsq12hdMdLuRDwB6Z3GlwBm2XqSk/st9mu/eTK9bXdwxlHaijOeo7VFSF4c5oCZRX4hjP+WsT1e1HPJmzYrdfyBAKBQCD4bfO7hISEhGuthEAgEPyq+amOyrLj3OB5F9HRD9gcIP6akN44hmAvVxrOVKPWNCAPmMaymCgmykVc/b+HS1xsbmaI7+14D7pyTtnccIYjx+vwnfYokbNvtfomRnrjbUyffGsXJwpdHT2vNd6Tp+J5g54zx0+h+bk/AdMfYPXKMAZca8UEAoFAIBBcM8QSIYFAIBAIBAKBQCAQCASCPiJOERIIBAKBQCAQCAQCgUAg6CMiwCIQCAQCgUAgEAgEAoFA0EdEgEVw1aguKaJaZ74waKisNJ1nWZmXRnxKHjrbr15VdOoKKjSGXr9fkZdGfFK21WmdmpJsEuMTyS6xvKtmW1I8Gbsre51XR7TszkgkatnDRCVmo9WUkLY6mmUPLyNpR8UVzOfXjKUNsshOSWRHhfYa6KEjr1t5dzfd1dSpXXu9xvSuTfberpZ9UuXujC77J0P1XhLj06joLJGhmq2Jfa/fVp00JaTEJ7K78kpXTjt7WfTRdssnEAgEAoFAIGhFBFgEVwVdSQaxyZv53gigY9vTUTy3QwXAuVOlqIpP0XRNNTSjK2FtdAJ5qrpei3B1OI9K+SnfqtvufbvrU8pV5eTs+rbtprqCXKWK8zc49kFha7QlH5FZUA5DffC+yR3VR++hqDqHu88t+I0ecsXy+TVjbQNXvi8up+Kc8RpoYuRYt/I2cqq4nMqromP3dLJur9eYXrfJ7tq/I5Z90rmKAlTFp7AnpfHcd5SrFHSaVeNZ9pWXc7K+b8Zs0anmxEGKVeUcO3ele0xLe1n30Y1nv6NcdbDz8gkEAoFAIBAIWhHHSQiuDg6mfxwlpsvmi+DS3xRYkEgAmQTJtdLNEge4CPR37H3Qw/P2YGSUU3FCw0xPOVDJoXK96WH5ISqZiQ+gPloKyLlrnOcVUNyExAHAhccS4xkLlGV8ALK72Ri/9Irl8WunvQ0MD90D0mtx3qgbK7dt7V7eMnC4Kg2gmzq1a6/XlF63yR7YvwWDAaRSnBz7tfZJwSu3ERAjtXtqjltgFNu2PtYhKwMgdXLCFbNJ+0BLP+kxZCiyPsrqHEt76az6aFPmrjg6mS4N0MNThAQCgUAgEAh+G4gAi6CHaMlL2UhWcRUAMnkAEWuiCfGUgq6SrclvkK8yTSv3DFjA02sW4lq2jRXrCwBIXrqaP97rQH4DoEjm4dNzWeptKd9AUXYqqTlK06XLGCLjnmKalzO6ih2sTfoncj8nypVVgIyg8AjG1n1Oer7pOmDBKtYsDOyGnP14+vVHqTR9Q+sdtITVMZP4fE0yJtWWopkbR9zURlKTNqPU6M3pwomJmY/cnonktzFRBgcPn4AQOYbKUsqRERY+mfztBZRWGvDxkXK0pAJc7sbXzX65O6uDvVvfIj2/3JzWl4jV0QTW72R5ssnO6x94mHHjbqS0tAHI54GHzxC3KZ5hVXlsfDWLKj2AjJAla4i6zw/Qkh2/jgM4cU5Vhd5zLhmpi3GzyFVdlM2bm3PM77oQGhHD8pl+gJq8tAyyFCZbIpMTuvgJls/0s2Pr+3CzK9O2Pcq2JfLOUQlONUqqGmQsSNjEQj+TnbQlW61sEBabgENOKs0LXmRpIGxbvY7qYb5oFQrUmPz3ifg1BMtBV63gnTeyKFY3mIrhGUDEqmhCvKSUbYvnXbUXo87vQ1GlN+kaGcfyaV52bDOEj9atM+ftZke+PWeCit1b2ZyZ37rkzNIHK/dmsDG9AJNEOaERJrsb1EU2/FZroROdtuXxP35k1V6jMzbiX29L90a7NgUde7e+xrv55egB5AFEPb2SEC9ntGW2fNHa17e1a5OJi4d16v8zfdw6vGtZVnt6WtnLxRtfFw04+JvsvzOZpG+8eCXSg/WxHzIl4bVWf9MoMngmTc1jsbfx3htHiHw9kUA363pxkctoAPwBXUU2TyUdIXJTIoHOgKGCxIgUblr1Shc+YhHOcB8EwK2j5Njtj1swlJEY8SoDH32RqGleoC0h/sk3cPrDGtbM9wNdGfErXsVrVVtbmViVatVHJywA0PBJajzJ5nbsGbSEeHM7tsZ2fyAQCAQCgUDw345YIiToEZXZG8kqPkd47AaSEyIZqVGStvZdtGjIeOo58lVOLIlNICF6AUZlDtHxO3AYey8R"
01:01:11.627 [Forwarding screenshot on session d6a0bef0-bd24-11e6-8678-ab184a9d7075 to remote] DEBUG org.apache.http.wire - http-outgoing-0 << "c30BCFqygEmTJiMHZL5hPLFogtU3oRXZ60jNURKwIIoNG2IJcSknPXYdJVowNtWi0WsoV/YnMjaWBQGuFG9PI/2bgUTGRhPm64Ay5wNKdN2Ro0aphIjYOCLCfKkqzuKjEpg0LwwA37AIHpw6kPefT0UpmUxccipxESFUFW8nKburvUzkjJ/ogr70MDrg+KEDgB8zZs9gDHCg9DigoUypRz4pALcuyt2ekox1pOeXm9ImRBHUT0Xmc+s4PGgGkXPHABC6JIJ7732QMF8ZyMYQ8cT9uNXk8eT6LM6NDCNuwwYiw3xQZCWQojCtZWqs0aBWVTEuLJQQ/2E4WWaqzmNtag41Q0OJ3ZBAeFA/CjITyK40sDcpmizFSeZGxrFhQyxhPhcpyNxMkc6erbV2ZdqzR3OjBo1KSePIEEKD7ua24W1BKDdfaxvcPcqJuhoNdUbT2obmRg3lCgWjwqOIjZqLq0ZJaloeBipYH5tGsdGP6IQNJESH465WkvbGTnRAc+N51Mp8SgfOJDYuihDPBgrS0ykz2LNNs0Xe9uXbQleWQUJmPpLQJSQkbyBqQRBVxdt5v0gDuiI2phfgHhZJcuoGwgMuUpCZgEKrteu3LTrZasvGdu3V160r29iyKZRtW096fjk+c6PYkBDJmHolabFvUVVt3xfbcGvXJr1t+r9CQwe6V/dq3opORXnRh8i4BCInOaBSA/1MMprqTqKvqcPByw9vGsjZUdRSO3yxswC952hGUkuDvoYmQFexjefSC+gXsICEhFjGmUJLGDG1hwZ9DU0tS20a6zmpb6CpJz7iHMyryalMkNvrjy2QeuPlrkexpxQDoDm8H5Vej3J/KTpAe3g/Kr0Do4YPbLXX8HHWfXRLX6Ayt+PIuWNQF2fxQScdlL3+QCAQCAQCgeC/HTGDRdAjLhqbgWZOHq1m9KTbiUreQL3EHaeKLyhoAN8Fi5g0yh0j01kUdoDU/M84oJ3PeH9PyD3PlKmBDHPWMd4lk6/l/gSP9aHkQIt0LYV7qsAzjIXT/ZE0wbxHF6BYn8NBlZZR5uUK4cnxTPMCg8NhcpT5LFgVzTQfKQaHw+SvP0STUcs33ZCzJDmRmV5AoAuF+bE0Go143emPPC0fuX8wfp5GCgHOqVFVnWVS4CKSvWYgce96LxPf8eNAcZgqgw7VATUEzMFT6sWEMZB54Ai6e4dRCsyc6N1luQODLb8jrmZvgQZZUBRrFoYAEPOyhGVLUyn4tp5Y/xtJz5UzfmoItzvDdQddyT95I8HBY1FlvIMeFxY/PJvBjkaGzZtP0NflFO/8El3IvRgBWVAUMUtDOpSnZM9u9PiSsHE5fkBgzNMYM77G21GH612RRE7zZlrgULSaWnx9RpJfrsFosV9DZ7a2LVNj1x4TAQhgTXwUHRZXOXsywcIGXs7WA0DjRVMZo+aby6jaR3LhKeoME5gbEYHEL5hAD9DUGgnwBfXJWou9gYJ4Yc1iPAHfR1Uo1h+irtGebZqpbXnV4N4N+R1xGDyZiAhfbp8ZwgCtFkfvm5BhXm5itu+5M8f5/kdvpj7+AredgxFuoAIbfttWKbbashtuVu3VzaCxq7tNm6Jh/+4qCIgkfrHpWeyL8P7Xlzian2fHFxdjOW/Luk2eI8mW/39dQch827MkbOl5pqyWYmBuTCzT/KQwNo766sVsr7F8WwJ4MnOBN8U5uygxzCSwtojdagiKmk5/dramOrxvHxBE/JqFyAG/l2NRLU22kEPbckjLJVg98BG5l8nzq2zWoSXOTLpnDLlZBznOfM4VmwPE6sN8D5z7SgHyuYyXw+GWN3yCrfpobck+AMIt2nFRbiynq85CoGVuBoZ1oz8QCAQCgUAg+G9FBFgEPWLs4qdZoP4rObmZFOeCaVnOEzw6zLQBpSpnPctzLN/wRAIYmwEumv/INpqHee3+4tadRt0ANOQTuzzf6tFp1QnTHHtcGOxqutfYbATkDBsiNV+b7ksauydnkGvLXVc8ZdAI0GzkIoCxCZCzaHUk6jfSyUlXkQPg4s2SmNV4dpwXb4Wb73hcUHD4wCEOayDogdsA8AsOgPRvKCqqRY834252Bl2ZfX0tAyy6c2iAiXf6tt1zHsUEFyg8eQ7jMGizMzSbSmO2tATQkPlclLWy/RpNA7hm8PEb3nmBjBfBxZ+20JIXC5eb1rbomiD7jVjSky1fkFuMHW3Y2pZMXRmf2LHHRC6CbCC2duSw9rV2dFpGCRKpHNfmY6REZ2JdjJa9gS6CzKk1T2OLr9krB1oOttzqUn7nSAe4UleaSVRmWseHbsGsWvINb2QVkFZuWtIjHxPGqqeWdstvbbXl6IXB1jZ07kJ3WzZFgsQBXPr3ayuP1zSWekFJxi7s+aLVwjjLNtmF/9vFhp6Xm5sAF7yHtMylkzLKSw4nO4rwm34vLjlp7D2gwfWHXejxZU6IHEosJEr6Ac1tvZuzL/4tPt8JrdbphY/Yq0PLmYFeE4KRZaVTWlKCWtlAUHg4p7dv52BREf9Wgu+SSdY277SPbut7wZWbXGBfbX07jaQMce+qPxAIBAKBQPD/7N1/XFRV/vjxl9UAovxwEscUTdCQQjBk0UANTZTMTPNrmWa2H7XVlCysJS01Cixl9wPmkuKGbJI/svi4miVpuDqlgLKjgVKICZrjj1ls5IcgMKbfP2aAAWaGX7rW7vv5eKjM/XHuOeeee2Xe95xzxX8uCbCIVtEX/ET3Ua/y2SI3ivI0HNy5mR2p63lwwVAAQiPXMcf0RLNcm83+o5X0NR9rUvtbdg2miRPNOHVH5QD5PnP5bNEo47JqLXv35NHV3xsuHLGQo6tN4jR0an06Tb6LKxwBPYUX4JmlG/FxLCbnyGE2J20hJW47Q9fPtDD3gBmlN0NVsCPpI8CdCYOMs7a4+wehIoGkpELwnko/e8C+mfw2qCMXlMChrHzCg00zwVRfpLAMvO67B1PfBYsMhjLAm6jPoql9zl+QsZciQ3dcTXXQycnFyr5A2WVKwVRuPdviPqB44EgqEhPJVQURGfss3h4qyF7HzNjD1vPRbJqjbdZHzZdWk26WtTJW5CQTlaLGM3Q2b08MxF2lRB33HAkteLO19XKMrdumvI3pZ3/0FqkamBwRxWhfH5RkM2tmLCgUVOsLuOQ4iHc/C0ehLeDo/q0k7kjjiyNDGYW1djuxLm1r13LW6GBjDBJA0XzebbUbaqCmpv7qqi7aTUziSQZ0t90WLVI4tqD9W2ctn3Z2jkAZZy9Vg9IYlrj0r1LLs9IqH2KidwIpnyVwuVSLKjQCL2gwJMdguArYmQUUCsmvgr7Glaay1B5cYQqBtq2N2DqHIeY3KJU/I1WwIzERUBE5egSF324hNT4eUDF3sEejUmD5Hm1eTixVkZYP32zd/UAIIYQQ4j+JzMEiWuXUnvUkxC5ma/Z5uvbuyz1dFEBHnB8ciR+QnvgB6gId+qIMVi2OJSUlnVJ7ar+Fkn84j2qU9PNxoOzYt2QU1E6cYMCACt8hzqD5iHV789Drtez8cAWJKUloGj8otakd6Zi+AJ09sp8C7U98npBIVPSH5FQ64undly4AXV3pBBTsTmbFut1W5tBQEjDIHaqqwPMhfGsfDyt9McVa8Bvsb3rK3Jr8ehEc4EBVZhLJ6jx02gK2xq6mEPAyew2zpc4b3sOHAvkkxe2kSKcnT53Mm/GJJGkumT3tttyP33f4SEDD6oTdaPU6MrZ+wJbMXBRdOxmfzHfpSe8erlQW7CU2Nh3oaPO1trbT9GlBfRiaTd/6+sZr6tPq0sMdN1cFObsTSMisMuteYP2Y1svRrcm2ttO3ltWudO/dm06GIrauSqQMjEMzLhwmMTGeuGQ1Bpd78exlOp6i3Ga7rWXtWlYoaHC91rSwbprWqRLfISqqMpPYmFGAXpfHpsQk8gsv0/eRlrTF2qTMr8muLWr/zVRog892A4fhB6Su/ZAcrZ4CdTKJmqpGW9eee3tGPDEWdPkUVjkQNi64yRG8hwwFMklI3otWp2V3wmZqZ5bp1NUNKGPH5r1odUVsi080TVBcrzVt0OY5bEDJsEe8oawMVL54OykZEGCaXdz9IQY3mbXb0j26qZom"
01:01:11.627 [Forwarding screenshot on session d6a0bef0-bd24-11e6-8678-ab184a9d7075 to remote] DEBUG org.apache.http.wire - http-outgoing-0 << "SypbdT+o1maQEL2C3QXGu6j5PbXxOiGEEEKI3wLpwSJaJfD5hYScWkFqbKRx6AEOhMxeSrCTBwGx4cTEJJBQ2+3fwZPZyyPxAuh9P+6oSUuMorLjOsb5+4Mmk/g3L/NsaEdwccURCAl/l4tXoklNjCLddMyAqZHM9HGiPMf45aGWws7659akA8YHyjUAyr4M9XQgLT2F6Ipw/hw5mejYVGLC1cYNnf2IeGkc9kDp6YNoDvhTOScMS+/68QwIgDQt3kP8zdYrCXjIk7QdlxjsX//6GFv5bWzUove4EL2CHQlRGAfQODM2PJYpXk7oswE6mr1et2PdY2blwJlEzahkRUoKkZkpxj29J7Bkfgigr68DC5wGTidqxr+ISkkiwlQVfhMieHagP/lTA8jdkkr4dGOL8A4KwCFTw7F8HYM6Wa9r62k6YT/Qen1kH+gILo7NDDmorwPzcjUtozEt14HjmOB9kB0pUUxPAXAnIMAdjSafU+X12yka72uzHJ35qK6sttO3Vvd+457GU51EQsRMEgBnTz88HXIpPH4C+ylPET72BAlpCYSnGYcQqQKm8mzw70Bhrd1W1B3L+rVMw+s1IqaVea+vq+DwRZy9vILU+DfZgXHfqUvm87uBShttsZEG16QzH9to/4215Nwr8OKV5bNZ9mYSMaYT6ABUdXU1DQlreO6dAscQ5JBGZo/HGWGaBMj83qMMnMmSyf8iJjWRiDTAQWV6rbICe6/HmB2URVJ6IhHpgLs3zqYQS3NtxJgP1wZD42yew0a8Bg/DeUs+zoMG4QT08x8EOwrxe2Rw3f3JvI48ze7Rby7xwFI00KXJe7y9eMLG/SAkuGEkp+KnI6hzNTg+agy/mN9TDY3WCSGEEEL8FnS4cePGjdudCfHbU67XU2kAV5WyyRNnvU6HQaFApWxmopLqcsqxw8m+yTNrqvV6SgwGHF1VODVd3WI3J51q9LoSDApHVEpLoZSbpzX5NW5r+RzY3rEcXUklCkdXlK2tlNp9XVW1oymMyvXoKttYz9bS5Oa1g5Yq1+uopAVt1xIb5Whf+sb2h7XzZfV8tqzd2rqW2593U06stdV2tMU2t3/rKZrqWcVNucxNZXNVqZrkr7pcT0klqFRN67It9dzSc9hqNu7RzWSo7fcDIYQQQojfMAmwCCGEEEIIIYQQQrSTzMEihBBCCCGEEEII0U4SYBFCCCGEEEIIIYRoJwmwCCGEEEIIIYQQQrSTBFiEEEIIIYQQQggh2kkCLEIIIYQQQgghhBDtJAEWIYQQQgghhBBCiHaSAIsQQgghhBBCCCFEO0mARQghhBBCCCGEEKKdJMAihBBCCCGEEEII0U4SYBFCCCGEEEIIIYRoJwmwCCGEEEIIIYQQQrSTBFiEEEIIIYQQQggh2kkCLEIIIYQQQgghhBDtJAEWIYQQQgghhBBCiHaSAIsQQgghhBBCCCFEO0mARQghhBBCCCGEEKKdJMAihBBCCCGEEEII0U4SYBFCCCGEEEIIIYRoJwmwCCGEEEIIIYQQQrSTBFiEEEIIIYQQQggh2kkCLEIIIYQQQgghhBDtJAEWIYQQQgghhBBCiHaSAIsQQgghhBBCCCFEO0mARQghhBBCCCGEEKKdJMAihBBCCCGEEEII0U4SYBFCCCGEEEIIIYRoJwmwCCGEEEIIIYQQQrTTXbc7A0L8plVVcu7SL2BvR083+9udGyGEEEIIIYQQt4n0YBGtVEns2FR6Olv+08N1F+nFt/DwpWd53DWV0e+cNuZlZCo9RmbR1kNmvZ9Oj/u24eOv5kiV9WNOcTWWb8qKs3WLj6xX07PbLgY/sJvBfXcy+s3TbcrDN+/sslqfPZ1TeX7tuTal23r15/bxd842v3kr07V2norVWfR0TiUmvfImHlMIIYQQQggh/r2kB4totRpTIOJGXwcGuUK12bqyko7Y3dKj/0IxcMX8oCVtT62mtIoOuutcLi7nYjngYGmjGk6bfjx+qcb4Q+lZlr3aMFzgeb9j2zNiwz9PWYv83AKmQ1VX/3JTk62potnzVMPNPaYQQgghhBBC/DtJgEW0mh1w4w4HUvY/TqjLv/ngLn04dNEdHO4CbkaPh/pOXFYDQ273FsJUVwAAIABJREFUsDyhkrPVoHrwHuMys9FAw6KD2Ppyz3bn5MYddzEvwYcBnc0W1vyCXe9u7U67Ze68ZSnf2qCbEEIIIYQQQtx+MkRItF2N7dVF6jzmjP2ibqiLj/8XvPz+KUpN60uzvmP0yH387dPvmOJfu80uEtUlFKUfYbRr7bJ0NmlMwZTSi7w89gvmNBk2U0niC7sYMlZNVqmF5ZOzKGprOauukLVbx/6082SdukKpJo8pYzUcvW5cfXp7Do9PzuBYFUA5qe/sw8eU9x73fUHMxpYO8bHj4cn3MXGi2Z+nvXnsISeoukjk2F2MHrmLxKz6wFLWWjWjR37BlJeOUQqUao4xZeQXPD5Wzd8+/Y7n/bcZ6/C+L1jWKB9VJ07x8tjtpqFd24l8v4Bmc1p6jpfHbufxF76rG+6TtVbNkJH7+KbU5p42St1UVdFplj1X33aGjNzHpqxy09pK/vbCLqa8doRN76vr6nrI5AyOFFey/Z30uv1Gv3CEE+YdgIrPEfNc/ZAsn5H7SNXI0CQhhBBCCCFE+0kPFtFG17hy5Ro41Y0qAcDBwdikSjVHGDa+EIBhU7pzr0MFX35cTurSo1Td48q6p++mprqK7zU/s2T2z9zo68joMTWk76kkenw60cCNACdGO1wl/WAJfxx1CL+SkfjWVPH90WuUBRsa5ceRft2uo91azJZ9JTw00dW4uOgn/vJZJZfH9+Ketha1vBL1zhK+vw7u/St5SXmZA5prdau1mkrO3lHFqfJK0p7czfsH63ftoKti7bxM1IW/4+tlfWwepsP1SrL+cZEuKjCW7hcUyi74ejhCeRVHMyv5/joEXakfSlNTXM73mipulFRwBbC7XMEBTRVQxdGD9UOYSnRVrJ+XSdf7x7MgwB60pxg/5CjfX6899jU2LT3RgsowkJV5jbNcoeZD45Irp37m7FG40kzADar54UQJ+ppfTFGVXwA7Lp+91nCzonxC/I+jvQ7uY9wI6VLBpq0/EzlmN0XbwlgSeifFP1ZyQFPIAeCBMa54nCrh6J7zjO97HgD/Ca5UZ5Xw/dZCZnRTcmh5Hyg+zeP3/ZOj18F9zN2E3FPDpg0/8/LIXZzf8xgLHro1Q7yEEEIIIYQQ/x2kB4tokw7XrzF/4HZ6dttOX7M/y9KNvQyyt/0EwKxtj7H1w2HE/iUMzV5PAL7LKW+QluuEfuQcfYwNqRP54A/GAM0Dzw+gcF8YG9IeJ2bCHUAFZ4uxOdYkdIYHrnfAZxtP1/WSyfr8DCXXYfbzfSxOr9IidvUjgpwBt8ABbFjTo/64b9xP0uZAeh38ri64Muy1ARw+NZKY541HzYs7znZt84d6/5kDPDryAONHHmD8yEzCJuUae4rYNRiVZKbRECdF/ZobAd3ZkhPGlpV31y3b8/W/APgm+Ye64Mqw1wZy4PuHeX1CC+KtLu588u0wvjg0kNpBUYHzh/HF3mEEutnetcOpYqYGpvPI0H08EriPRwK/4ZHAdP7fvItmW11j07vfo70OoSuDOJQaQuyHj3F4270ArHkxhyLqO09NXvMwX6eG8kVmEMNMVfHiJ6F88XEoX+8biPsdcHbXRc4Bu1Z+x9Hrxn0OpY4k9i9hnDrYH/c7YMXb+bSxA44QQgghhBBCANKDRbSDa4ATv7u7vgdLxc/Qo7NxHo/QpY/z3YtXqbH/hROac5w9W8KRA3rAGKQwN3W2F7XfzZXOdsA1Qib3NgVE7qKvjwPsvN78PB79PXje/wdWpWs5qH2Qx9xL2JZQzo077uapUKebUGITF1dCJ/fCP/w8R6/DfUH9eCzEnvQ3c+o28f2dE7qffuH+4UrYcJ4O16s4klvORPdW5uPK9SYjsewULZsrZV5UIA972MP/9MN/8c8cvQ7V5b8AlXyzz3jWbvTtQcKy+3ADFiT4snNnfa8Wy+7Cw7c7HmZLXDy6McjD6g51btzhyLy3u2N31Wwy2453UvPjRdZuqB2m"
01:01:11.627 [Forwarding screenshot on session d6a0bef0-bd24-11e6-8678-ab184a9d7075 to remote] DEBUG org.apache.http.wire - http-outgoing-0 << "U0PRP69zQ+XGGy/Wz2vTM9SP14eeYUVmCT8U188DNH68aX4ahy4E+MO32h78z2Om3kvu3RnvkcMawI5yjtT2OqouZdf2UmoAO7tfjO0xs5icUnj43z2nkBBCCCGEEOI/hgRYRJvcuMOBtWlhPGytW0i5jr+8ks36PdesbFCvxtD07TENltXY/MZvxpEJs+7m/Xk/s3V/CY8NPM0mHfi85IFvC1NoMbO37NQYagB77Ozre5OsfSaTtY12ae5dQDfucGD1oUcYrTSf3uZOGncMOfljGYQ4ApVk7bM8f8iNOxx46AH7JnmtVResKqpED8ZjuLji7wHfn2omo23l4cZLLw+icQyjKiubtRvO1OfNFSi6k84NtrJncIgjZJoH2jqhatytp/MdZuvvNKZVYvrZtDQ1IofUxnm742oLhjgJIYQQQgghhHUSYBFtdsXaa42pZvWMTNYfBPcJPVgwtQf3972bvnYXGeOfY2mHm6b/eA/8w3/m6+0n2VRonINk2jPuLdjzDuza+aqbGuoDQbPiBzDICa7xC+Xl17FzcuB+v47NpuGqdMSlmaE25wtrQzVtf+tPXSzB34XutT9XVXK0zTMBt8QvFudFLm8UAKoB8Gg8evEap/KqALv6NDw60r0V475qML6pafW3owjqXJ+Xmis11GBH72bqXQghhBBCCCFskQCLaDPr8YhfKKsy9qL408fBPGxamvV+Btrr8IDlyURuDpc+/P6p7zi69QyRe+BGgDtjfJtv5h2uV/JF6ilq7jHvPXIdO5Ubof1admiVZyfq+qk4KZn4dDeOrVcT9urP9PJwYG5Sbwa5t/2Sqzb9e/5EiXFelqwCvj7alpQcGRTsAJoqOmjOsHxjL2Knd2F77PfNDA8yqiqtppo7cXExlaXqGqXVv+DicjNO7J04O0CHU+f5W3o5S2qHdhX9yOqd1wEn+rrB8Tak2/Vu49xB+TqY7GsaRlR6lin+h/gWV7ZdDOWhNk/UI4QQQgghhPhvJwEW0Wo1jf5t6k6cgQ7Xq/jgtSNcedSFH7/6kZV/NU5uW1bc3GCZ1ufFXMj0nrDVOORk9HRPelrYxpJNEUfZ1GjZDVUPsjN61AU3zA/ceJnv5PsJDT9A+nVYP/sb1s82Lu8AnC3qRHBAOwIQLt0I8YfvNVCy50cedP6xySY12JwDuIHHZnjg+sEPlFyHTfMOsGleC3csPs34+/5JnkcPso8G0xP4JvYrnom7RtLJiTzW7l4g9kxddC8rx59hzeSvKV7Yh/tdavi/t7Ror8Pw6H70x/J5tz3Cx57fL+5H9J4fWTtpNydf68d4z+t89nYhB66Dz2v9JLgihBBCCCGEaBd5i5BoNTsHAAWdrX6bt+cPyQMZpoIDfy3khUlHWZFUwbPR9xKqgrMfX+CIWYyla6OEbtxxBx6q+mV2dndQ31TvxB5wtjf+3PVumnAL8eRZlbEHzZQnutkui10zw2zc78DO7k6UtSVzMm1vtqwupw7d2XByCM8ObXhZuQ51I+XoUPrbPhK2L0dHXvrz/TxgtonrGDeerX3zj+udjYIrltOqy39/H/bs6NcgPf8pbvirTNvZW6kXJwU9AFwVZse7A7irxcEda2r3dwsJ5B+feOLDdVL/XEj0Ui153MHk6N+x4eWeWDvvzg6Aq4WETcscAh7kwM5++Ksg/c8/8vK8Qg7oYNhL9/NRM6/QFkIIIYQQQojmdLhx48aN250J8Z/qGueKrlDDnSg9nJpMbnrLFJ/m8fv+yZHx/Sn82Lftr2duTxa0JVwxgF3njvR0u5ljoox1iqIjPd1vRrrVnCu6Cjc9nzfDrWo/9el2VjrhJm8OEkIIIYQQQtwEEmARLRb33vf873vf3+5s3DTBw9zIOFB8u7Pxq/TfWDevLn6AhYsfuN3ZEEIIIYQQQvxGSYBF/McoVWfxwHgtADcm9OeHj33/fb1mhBBCCCGEEEL8V5MAi/gPco1jWRfQVdszLKTbbRkaJIQQQgghhBDiv5MEWIQQQgghhBBCCCHaSd4iJIQQQgghhBBCCNFOEmARbXOlmKLz5yi+UtX8tr9CxcWnKSo+R2l1y/epunyOovOnf7Nl/rUqLT6N9rLUqRBCCCGEEOK3TQIsotWKvomiw6tD8Hx7ON1eXYH2Jqd/7MtZdJjzKF9fBq7sZfgcT97IPtf8jle+JWyOJx3mePL20eKmnwGuHGXhYk+6LXkEzyXDcV38Hs2/K6eKLzdMo+Oi4Xi+/QjdXn2AVfll7StkM+WYVJvv7JvzJp8Gdfqrcpq3lzxCr08O3u6MCCGEEEIIIUS73HW7MyB+a4pJ2Z4C9CAiZCI+7o/ifpOPcPHiCaBz3eeSFu9ZQ6Xpp+prNWCo4Lzpc+nVGgCKf9hBvL5+j3uVd2PXXLKX97MoI8tsgR8+KucW56rVDDV1QZ9qam5KkhcvtSBAdTuc1xAPvPeQ3+3OiRBCCCGEEEK0iwRYRCvZY28PMJG4aa/dkiOMnnWAG7NMH660bl9H8w9dAkh49k9cvKbggft7AvDjye+M6zrN4GxcVMuCQ46d6AEcB+IjvucV71v0fqLqKrB3AMfODctxE9QGkexMCVdVg4P9TT5IG5w4tgt4iJAH3G53VoQQQgghhBCiXWSIkGi5K4eYvziExXqgYg19FjzKmuPFlJ76nIUxj9LBNKylw4JhzE/di3FWjWLWrHyUSesTWPGXiaZt/JmV+hUnjm+uG8LTYeE0Ps439tso+uY9fBfOQ90ouHJs9yJ8F0xkfYPhOedYtXIYw+M2UNokv1p2f/N/bN2/g+90ZWRuj2CqOte4rmIHYxdPZNXxYqCML1Mj8K3L/6O88eW3AJTmbyBs8WL2mJL8v80Tmbb+c/51/K+ELRxGWNxf63qblDZaZvz8KGEro1ifGkEfU/q+yxbxdbHZnCOXD/FGzKN0WPAAHeYMY9Zf3687Xm29z1r4KPM3vMe0hbX1NZFVGQUN6uHj9bPqjxH3HqvWT2P4ytr8OQA6dnyyCN85nnRc4EmfhbPq6tyaE9kbmLZsWN259V02j611+xSzJm4iwxdPZP6GKMIWGLeZv/s4UMbfN8+rz8/KKFasncXwxcOYlXrItH8VB7L3Qa8w/H8FwR4hhBBCCCGEaA/pwSJaTqHiId8wctWfcoAeTAp4nPvuzOTx2Fc4QA8Wj47h/o7n+fveNaz5+gW69T3EW/5QVlLA3wvj+Lv9Q7w3dh65hzaR/PU8kr+GYf1fIP7us0RkfMWMv37AyLgofjyp5ngFXDEAivrD39fvfo5Xf0r01/uZ5f0EAFX5fyei8DxPjvbGpXF3F4Oeb89mcQDwLi+n+8/ZnKlbWcpxfS4/ldXw9788yaTj5+v3qy7gvc+fR1O6gY33FbGnon7dAV0BlGTw+iAX43Ltz9TOk1tj+LnhMsPP7KkogMIC9hTWJ39c9ylj/uJJyTt/wKX6OLMWTSW5dqX9eZLN8wJguEJBRQEHMgoY0H8e237nzMepK4jY8Cg4H+KVAU58HPc4M06UMqz/C0T3V7Dx8zVEAHTypX4e31LiMz5l6uCFzLrre1ZlfMWM+Jfpt3ozQRYCHCf+EYH31h0Nlh3XfcUz8V+RP/tb3gq0o7g4lwN6OJCRW3+e7u3Nl+ufZtLh+gDQ8cIUFtdlw3SeqnP49CxMnRREc32CovZH8bb6bYvr3gp5i6gRUc2kIIQQQgghhBC3lvRgES1n34fnpkUxTgl0mshbz4czuMNlsO9B/Eu7eHfyNJ4b9xqbZ84DTPOggOkL/kj2v7uZRRNfY+3TTwNwr2cM3y5czCvPr+GLwT2gIoucy2BnCvs1nhvFoe9jvKeCM8c/IdMUNUjb9wngxaxRQ5rmV9FwyNDoWbv4ZEAP44dOM8j/3+94t0cWy0wBjXmTvuLGukLyJ00AYI96LT/eH0XJG6sYBoAXn7xxiJJ336CHebVYqqpGnxc/a0z7i2DTXCNXzlMOFOem1gVXop7/ihurC/nnExOalAOAXos4sPA1nnz4D2xbuoZhQMT2v1NavIfYE6Xc2z+Grxcu5rlxr7F7xRrGWMjLvClfsXlWOK88v4YNwV6AHn0lTVUfYrEpuHJvrxfI"
01:01:11.627 [Forwarding screenshot on session d6a0bef0-bd24-11e6-8678-ab184a9d7075 to remote] DEBUG org.apache.http.wire - http-outgoing-0 << "XfE9V2O2EKE05fXjv3CiQdp+fBLxOfuf38Cz7jmsNgVXhj34J0rWFXL1jTU82egQpd9/yx5cmODrZSEDDUWNiOKtkLeaLJfgihBCCCGEEOLXQgIsopXKTf8aqAFcvJ/n23cTuefHD5gfN4uwxf50/MuaBnvYA3TqxwOmeWtd+vgzABgXFFy3Tee7jCttTzjrxpTQCUAWGw+dAw6R+N158JzBqC4tybsz3Z27mjJlj7KzM+XFxzhuWpubvZJpMbNYfDDbtESP3gAud3eqC9Qond1w6Wx5gls78+42DfgRNsgYRBgWYAzV1AaTvv/eNCcME3gm2LhNQOikuuCIuYhHxuFS+8EtwBjo0v/M6dN5HAcmPRRS3xOkSwAjleZ7VwFeTBzcNJhhsc4rr9QNfZo2bja+XRxwcBvCwvHG4BjV3/Gj2RuJBjw4lyneAwgJHo6boX6y4cDfPYwL4HDvo0zp74K5w0e2g30Yg3vQIo2DLBJcEUIIIYQQQvyayBAh0S6l+X9lYPwKzgD3Kh9iVO9n+cC3kPnqr6zvpFDgCrh07NTq43kMeYYnN+1gTWY6M+8qYg8QNWZ0s0NMmqgbN1PfB+NshfFNO46K3kz17E+VwRm7a2A1bgJgX7/yxzM/WN5GOaQuuFRjMNQtbhDYsLdv/m1GtvIBLasDQ/Ob2DqWvcLyUVztLO9gvvWVBsc+TVrOeQYMHI1HC7MENAioSHBFCCGEEEII8WsiPVhEuxw+mMIZIP6lQ5x+bzPrX3yNp/rU9vCwHjIwvnq5Da8gth/Ci4O9oPBt/t+GFLCfwDP+bX8DjZPy7rqfp41fz7fvfcWnT4+go8KZgZ6B9G7ubcz6I3x/BaCMQyeOWN6m2vJigAceeNC0zaekZJwG4NjBLxtOcmvy9T+P1X+4kss+PaC8mz49vbgX2JyVTt3UuZdN69vMrq7Xzs4Du0y9WU6zaXftnCz3089aryGF2b7/2MqJ6iqKjv6VjwrNpiE+ryG+GiYPav3rmaNGRElwRQghhBBCCPGrIz1YRKtVm/2rvLs3cJ5vDn3N8I5+XMxPZf7nnwKg+T4fAr1txRfaZHjoVO49/DZngDEPP0N/s3WNpxNpOr1IVYNPDn2fIV61gggdvLdhON/+w4+zZ3ONk+GedmHWNJrp9ZHFiDeGMeyu8xyoaF05agA3vwlMJYUtQNSGR0jd2YPj+vNNtnUEDnw3j2mb/8RLfgo2bnrF2Htn3JO49HBiZf8YnjnxNoEri3hlQGc+/XyNMUjT4rfzlLFm5WPM1/mR8c4agjoP540QP/aoczl+/G26zVnFvZTWTRIc8eyL9MdK7KjzcF4L9mNPRi7HC+PwXhDXZJMTx/YCfoyR1zMLIYQQQggh/kNIDxbRavYA9grsgYDQl4lQufD3w0v4XewTPP55CuOCX+BJe9hzKodSwMXC6BHXJkscrPzcdFuHex9jrhKgB3NDzCe3re85YX+XnYXP0Nmlp1khAJx55Z2viO9vnJvkgCm4cq/qaTLejsLdSh7d/OfzyYOm3hfV5zlQ4ce8/n6N0sbyZwCUdFYA9v4kv7GKqaZtjuvPM6b/0zzZqXZXY74rgXtVfmSo/0jwX15hjd6FiEn/x1v+boADUxZmsi14JMcLU5j9+RroP8E4j0t1tSkIYmloj/myasoqzkPF+bp3MYVM+4Q9oycwAKAuuOLFe89+TtzDxvqqPbeOHRv2Vhr9/Hb2jH6aYZ2M866MeXARSQ/W91bZe/ArUD0mr2cWQgghhBBC/MfocOPGjRu3OxPit6+4+BzVgJNzT1xu+Zfm48ya8wTJvRZxdckfWj//ihWll8+hv2pA0VGJe5fmxgYZVV0+x6Vr4OTWE5fmN7eVEtrii3CXhWNf2Yvvqy8w+aXveOu+arRlNQ3rufo4b696F/vh77IouI9poamO+sdwdeG0dtZRFcXFP3MFuMetZwvSKmbNyufYQU/cu45ixaxpuFHMimVDWKyDAYPXcGCSL+XcjXuXm3X2hBBCCCGEEOL2kiFC4qZwc+v5bzjKaT7e/BH7C3eQDCwOG3fTgisALl164tKitxHVc+jSs1Evl7ZywN2tj80tqq+Wg31P3JuMqjGQU5jF3wunU305khHdDOzYGUMyMLW/302oIwfc3HrS8sE89tSUFLBHXwCF+9ibl4JTRUHd25pG3+dtrOt250sIIYQQQgghfj0kwCJ+Q2rIUqeQDAwYEMPrgf+OoM6vQ9MhVWbs/Vn30lvw17eJ+vyVusVTQ1aRPG7ALc9bU868svBDTsa9xhp9KWcqCkzLXZg3+s+8+3Cf25AnIYQQQgghhLi1ZIiQ+E2pulLMJYN9i4fw/LcpvnyO6mt2ODm7/RuGajWv6koZ5VfLqb7Ljq5d3G5qjyMhhBBCCCGE+DWRAIsQQgghhBBCCCFEO8lbhIQQQgghhBBCCCHaSQIsQgghhBBCCCGEEO0kARYhhBBCCCGEEEKIdpK3CIlWKGf3ug84fBkUTdYZoMtgwvqcZlteDyIXjsepPYeqLiA5fiv/anQkg8FAz+DpzBzl0Z7U6xTsXsfHpvxe2JnAxyfvbVXey4v2suHvObgOfJzpo7yarNeqN/K39BN0G/wMc8b7QHkByavWc0RXAQpPXnxnIT4tOpi1ujdA5weZH97O+rZ0xILdrPr4AN2GPcecsKZlu5UKbJwL6+vK2Rm3CkPYfMY5HiU2+QcmRYbT79Leup9bVtdWVOsoOANeXqpW71qUnQHewXg41edxko+yHZlplLWim1TG/xS6bBLiNnP0fBn3PbmQRZN8bneOfuX07F73ATsPF0Cfx3ln6RSstU5b1ybVWnZv+pR/HCnk0lXo2seTYY8+zfjAm/My+2a14BrV5e1l+879HDt5nqt0pMd9voROeooQr/Zfj/XXebuTskmbs5vtaQc4exlU/Qfz5LPj8TBNal5elMHmrXvRVoC7/yimTQpuep60aqLX5TNlyRy8zCZD1+XsZtPnB9DV2NF/8KM8NT7wpv+/0hbl2jx+UvTDR/UrmLldCCGEaIb0YBGtYKBEe5KCkyc5eTIPjUaDRqMh7+RJTp4s4GRhMcUnD5OfeYbK9h6q4hJHNLlo8k5y8mT9n9MFBZy7VHYzCgPApbx08jPPYAAunTna6rwbLvyAOjOTfT9csrj+J81ucvPzOXDSuD5782rScgvR6XTotIWUGlp8JE4f1pBrqvP6P7lo1CfbX9+WjnjpNLn5+Rw+ablst5Ktc2F9nYEzmbkUXDJQcekHcvPVXDJAxYUfyM0/xKUW17Ul5Wx8NZw3t+W3fs/sdUTGruUnQ8M83kw3p4z/ObI/24C68BJdve7Dp/89tzs7v3r67M9ISs+FHl549uxKJxvbWr/+dCQviiApLZNLnVT4+Ki4lJtJSmwEcXu1ty7zdZq/Rgu2RRMelUi65jRd7vPH574u5GvSSXhzDsnZ+vYdvcF1fuvo1AlExCShzqtB1aWGzLQUImfHoQXQq1kcGU+6Rk8nOx3pW+J5JUHdKKM5rFicQG7+YS5U1C/WqhMIj0kiUweda06TlhLLsuTsW1uYlijPZnFEFDvzS253ToQQQogWkR4sohWUTIlezxQAykkOn0na1VDWrJ9T95Qre90+cHbEEaC6Guzb+MRJAVeBkAWrCA+8dc/QgudvJGChPfaAQgE4KCz0zrFBYdy6o5XVfUfNZmqfMnr5DwLAzrR90Nx4Fo5q3VNdRUegDLzHzmCstzMGA8A1FK79aX2fChtM561TJ9tlu5UsnovafDl2tH6eHMBOAcrAcDYmv4C9E+gVCsCudefVgpqr4NzZsfU72hn/cqzNgAN0djSm055LpIGbVMb/FHaKq+AwkpVLZ97urPwmKOwAnHkheikDm9vW2n1Sn89BLXhPjSK6tsdQeQ5LZ8aQ+cV+ykdNv+W9IWxeo3o1q7fkgnMQUavMeg7q1ESEJ5C2YRdPBbYjj42v81uimsPpaiCI+I8X4o4x4BKeoObLbD2Djm1Hh4qIdfEEKyFjXTjx6dvJfj6EQCdjr8RlbyYZgzF0NDuHOranqEEVSkLCHFRUs+316WxJ+xbdzMCb+/9La9kZfxeovWcK"
01:01:11.627 [Forwarding screenshot on session d6a0bef0-bd24-11e6-8678-ab184a9d7075 to remote] DEBUG org.apache.http.wire - http-outgoing-0 << "IYQQv3YSYBFtZKD2QV0lmP1S2hHKDhL7+kHyC8sAZ0Lnvs4c0/AZfc5OVv45hcIqAAdCZiwifHxbuu9r2ZmwjhS16Wmlg4rQ6S8yJ8yH8rxtLF7xD1Q+ncjVFAIOBE2dzcCSXSSmGT8HTF7AoimB5G2PZcURD95fOb0+aZ2a18OT8Iz4M3OCjb9a6rOTeTn2BAvWrSSwFT3JKy8e49t/5KOs7I3dwc+JSTP+anv0o8UsvbCA6One7E1exUdpuVQBDqoAZr86nxAbfcw9AsYT3ORbkJ6tS5fxxfkuLPhTNIFKyNkYzZ93F9AnbAHR0/uydeky9lzuwuBBnTiQpqEKcA+YzKJFU4y/QOtziIteTaa2DBw8CRliZ/H4+pyNvBxzjBfXrSRYCVr1OhYnFPL7+JWMcgddRjKvrT3Ha2uW4nxsK6vXpqKtAnAmZMYCwscPBPRsjPgjNdP+xExTheZsXMqfj/VveC6Aam0G8SvWotFVgbMn3s46sPO1We/leVt5ZcVx5r4fTd9G9bRtRTRb8uyY+947jHKHjK3xxKdqjKud/Zi75BVGNar/vK2xpJUB6lieOzuB91dOpzTDWtnM8pGzkXkx6QDEznydiHWvo7CD/G8/JCI2Ey3Gc/7iogiC3e2x1a5zNi7lI60HfS/vQ11YhfHaWsKcJsPlGpexYQTH2jWYs3EpMVkqYhPCMaZYze4Vr/IpYaxfNN7qfsbr7UsUXUGrLaNH/36cv+BC1KpFdV9i1QkRJOkeYk1Pz2jlAAAgAElEQVT0FC5ZqTdjOt/i7tMZjcZYfs+gGby+cLxxuEp5Acmxq0nL1wHGtvvqoik0DlNmJ79ObHoZkMZTz51jyZr5XPrsAxLTck3n2JvZr0cQ5qVsknfPCUtYOb3hOczbnczapDR0ps+eQVNZuHBSky+dDdppg+1st3WlPod18R+SbiqXefrajK38ZW2qqc6dCZ29kDlhPjbrwno+oGDvOlYmpmPsA6gidPaLPKU8xJxYYxuNeeo5xkZGYbf53RZdm5bYmQcYnAbyzIxQdhbfw+Wcjcxr4X2jV6GN/yeslL3UwjVqfqvO2bUdHTD59fkNh9GpQpg9+RuSilxqz6SNe4KenXErScksBEz360URDPr5swbX+dyFg9i85jhz10QT6ARU5xE9O46eC/7EzEDYunQZWXTiUn4hVe4TWBf/FPktuA9BDXYqP4L8w+ravcr7fhxQU1FZzJGDWvCbTbCp4MHjwohPT+HQMT2BwUqObEtC6+DHhJE17Ei7XJ+s/hRHyyB07lOoqvXoKmDES8vpX+loMbjStnvIGKv1av3aH8quRbEYT+tMdBOWED29uRCgEEIIcXvJECHRZopG/9Z/KuN855FELokg1LOG9MTVZOihumgnL8ekcKnPWJYsX87csV6oU6KIU1vuPt4ROHtoF7t37mTnzp3s3LmNnXtzqAb2roggRX2aCXOXsHx5JGO9rpKetJaMcjBUFqOr0pGr6czcyEgmB7iQuSWBxCNdmBsZwVhvOzSpm8kuh8qS01Sdb9T1WNWXXg5VpO84SDUA1Rz8PI0qVX/6tnKY/oXT+Wh1OnQlFUBN3fIqjB+z1y0jMS2XKgcVft7uVOk0JETGkF1uPc19H0UTFxdHXFwcK1asI8+0bcllHVVll+u67tdU6KiqquJyiaFufZkun/Q0DT283XEAtJpU/rqzCNCR8McYU3DFHb8el1CrLXe1V3bvhR2FfHPUFCxKT6eKQjKOFgHw3d40qlw86HlhK5HxqVzqM5bI5VHMCO2BOiWG6J0FxvxcKqPEUN+fvqbifNNzgZYPIuLRXPVi7pIo5g61I19Ls91qDJXFlFWdNxvG0BGFQs+2pXPYotEyYcFCRrnbk7d1GfGpGgImh7N8eSQhzrkkRi6j8WiB3v7DUAEO3mN5cdpg7iqwXbZaTgMfY/YEbwCCZkzGW2nsiaTNzKTX1HCWhE/GRachft2XzbbrmorLaDVpHO0SRuSScELcy0hPTCSn2nYZzdm6Br0HDwCdmj0ZpsLrs/hUo6OPzwCb+xmvtzK02h6MDQ0iOGAAlGnYedh0XZdns12tpYe/P3Y26s2YjhaNBmZHLmH2WG8KM1P4LFsP6Fj3ypuk5XdiRmQUURGTMWhSiVi6jWoa6jtyGmO9HcDBj9kvPsG/PjZeYwGTw1keFU5Qx3yS3lyGWkeTvA/y7N4grfKcdUQlpaEInUFU7HLCJwdRmLmFTRm6RkfVs+mteDSKYSyJjWfJ7BAKM7ewYmseYKuta0n4Ywzp+QqmRkQROTuUwswtvLEuG7Q7WRyfyvkeoUQuj2JqUEfSk6LYWnDWRl3YyEd5BisT0+k6di6x8cuZGnCV9KQojnUfw9wJfgCEzpjNyL6dWnhtNqLsy1B3yE2J4qnnIliRkMxOdTZdx8xh0cxR9G7pfeOSrf8nrLeD7o2u0cbDnEr+VQYOoYz2atplzGfKUuIXGeeUsXVPKNi6kpTMS0yNXE5s1Fz66DQkLP4IQ6PrvM9dpvtPbRVWlHK6qoxKU51WnNehzS/Ef2woIb69ONPC+xA4ERa+lIV1cwpVs/tvm6nCmYHebgA4dzMLyrh0NwVIjMcd9D/xJH+8lKcC3DH2CzHSn8qnDCj8PJqnps8hfM4c5ry1lVIXtyZ11dZ7iK16tX7tw9CJYwHwHjubZ0Z4NsmPEEII8WsjARZxkxmAIN5dOp3AgcH8ftowan+Ry92zmyqcefq5cXR3dMR/4iSCnCFz+34sxRMUQKE6laSUFFJSUkhJ2ULK37OooJpeD89lbuQ7TB/lTVeXe/D26mM8utn496mxSxkVGMjEscbhOZMXRDAqMJhnJw8Gyup/+W3S2d2dcU97Q+GXZOkBvYbt+RAwfozViR+tMe9IP3B6NEvGGp87hi5YQ/RMF75KN37ZGPviIpZGL2KypwNQyKFj1ucDqNLmkpmZSWZmJhrNgbp5N5oGvJqGvgCCwhNYGR3PiyHGX71Pn7kAuuMcLQPwJHJNPEtXrmdukJWO4apBjHQHTUYeUMBhUxym4LsCoIB/5IJ32FCK9n0LBPBO9EwCvXwYP2cJkz0h99N9WC9dwzxX5OwhE5iwMJJRA30YNXMJU70x/25gMx3zLvCJr7zMlnxnZixPZnqgCtBzYE8huI9lymhfHB37MvH3kwEth/Ib5tDJK5hBzmCn8iV4oBcnWlw2JYN83QEVw0cEogQMV8EhKJyFk0IYGDKF50Oc4fR5SlrUroN4e9F0AgeG8PzvQ4FLlNTNo2CpjA3ZugZrvEYT6gzpaQcBKPh6F2W488QID5v7XTGlPXX5EmbOWciUJ59ggjtovthPNaDN+AotKiaM8CLXRr3VPk+fERtNWOBAwmbOxBuoMBiozttPehl4T57G0L5d6eo9mmlj3SHfdI2a17jHQALcXYBuBAc7o9mnwyEonEVTQvDyCWHhexE4oyP9YF7dPnV5D25YZ3bdhzF7djiL5oynn0tXenv2xAHTaJBGDACXtOQXXuDuwGnELl/Oq6N7W9iylgJ0JzhUBqGRS5kU7ENg2ByiZk9gTB87MvbspgpvFq2cQ6CXD5MWvsrk0An0OrfPZl1YzYepDV069yM//axgxB/eZvnyeB7q5c5g326AikEjQvBQWu65Zmlq84bcmRmfTOTsCQT0MKBRp5GSEEv49KdI2FvU8vuGjbZ2yUY7ON614TXaqN+WsUeledHKM4h46imeqvvzOhl62/eEq4YaoIbTJ4qodBxAeOxylr/3FMpG13mXxvefRlVnwHQPmDmH8Jm+HG7hfaihcnbHvUqSpgy/Ga8zSmV6vPEv8/9NDQ1ulU4qd5yAihoaMTaOwvzOhC9PIGH5XLxrcol/7UMaP/5o2z3EpUX3WkvXvsdDvqgAlW8wPu6/hil3hRBCCNtkiJC4ya6CQ6e63ycb/iKnAHQkvRnecJeOFY2GGRmVASER6wgPbhrWUHSFrasjSYw1X6oy+z3Wme4utXkwACp63WPfIE+2vi54jHgCVUos6QeL6G2XRhnujB3R/jdh1Ji+5BgMlaC/UDfsIC0+grT4+u1O5Z8FC+UGCJodxe8f7Gp6GqrArVVR"
01:01:11.628 [Forwarding screenshot on session d6a0bef0-bd24-11e6-8678-ab184a9d7075 to remote] DEBUG org.apache.http.wire - http-outgoing-0 << "HxUP+Rq/RCrM5o/Rn/rBOGzAuRd9TSeio7XvWTgx9BFvdqQcJTunmHw8mTq1C1u2HCU7u5hCnAkf6gGfGbeur2d7vPur4Ly1dJt2S6mpqQSc8byn9uuSPX09VHC6peWtV1ZWBVRx5kIpeDlB+Vm0ZUBZGpFz0hpsezb/VKP6rx0S13AGy5aUzVADcLU+SFIDXj5mX7wVxr8U2HOPzXZtvLZqZyIwWGjHTcrYhK1rUMmYp/1IT9pNTvlgsr4oxCFgLgOdINvGfldNeexed46cGPF4EDsSd5OlG83ZnbngN4NgJdROmWm93py5u3akBi64O0AFUFFq7D2RnxrDnFTzDLhbvI5rTLkylF9CBwx5yLt+pVNfBjvDgdOXoFfjvDdk7+pCydEkwpMSLK6vp2Ta63PRrk4kNTGfVABnT2YsfB13i9ensa1fPvUDVagY5F2/kU/YdHyA7HVXwdmX+il6PZgyxwN9xjrAWl3YyIdPMAtmHGF1SjoJucbhLCq/sSx4ZSZdG7dRK/m1pVpXRP5FCAybTmDYdKAabUEWn65NQJ24miGD41t437De1n4uxUbZLV+jRkp8vZ1JVxv/r1EC2PXm8alTqVR0ovLMP0hVV0CF7XvCwJmvMln7v6TuSCJzBxiHm75IxJTgpte5rRo0vwe06j5kUl1AwqI3UWshaMZyFo73AvQYAOdu5tsrWjaHlinPAXPDCfFSASrCZ+cQnnCUU3oateE23EM4S6qtMvqCtWufGlOQyGDptwQhhBDi10cCLOLfxmAoA7yJ+iya2g7OBRl7KTJ0x9X6XhaWafnwzURyVUFExj6Lt4cKstcxM/awjaNftZyUNU6BjA9wIGl7Msnk4xA0l4G2JiNVtGFmQ2Vv3B1AVwVjI2J5ytuR/Oz9nChxxX+Et9Xd7JzuQalSWu1NU1vMsoqWv21J2fd+nFFTVnOZC9WgtLddXR6DR+Cckkjiag14TmX0iLv5cksCsbEacJ/AICUcMzTtZnLxnA7wxhgagitmm5RdLm3SNcDOzhEo4+wlU6aAS/9qul3zHJgd/2dq1oWTkrACX98EQpTdUTlAvs9cPls0yrhZtZa9e/Lo6m+h/muoO8+GZspmkamJGIBOTi4WNmhLu26ujA23aO4aVAU/intSLB+tSkBbBZMnDW52PxcO0Pj6ch8WhmdiJtv/9jcu6WDsC0NN6Vivt2uWX/4OgMI04XJo5DrmmOYFKddms/9oJX1tvfLGyQUlcCgrn/Da3inVFyksA6/77gHym+TdXPZHb5GqgckRUYz29UFJNrNmxlq43vUUXoBnlm7Ex7GYnCOH2Zy0hZS47QxdP9FqW+/U1Q1Qc+KnagJ9jO07b1scn5z3YYRxQ0oxBQTQsy3uA8516WijLvQUHrOcj8A/DeOS4yDe/SwchbaAo/u3krgjjS+OjOP3jeYPbcm12diZ/YnEpBYyN+EzRqkA7HH3CmH+tGNkxh6l0tDS+4b1tta10yEbZYdjZtdoY/fc2wfI5G/b8lg6yQfs3Rk1yRg0L88+Sar6KIZOtu8J+oJjdB/1Kp8tcqMoT8PBnZvZkbqerNHB1M0KpaC+y1ltVuwUDXqSNLgHOLXyPlSeQ/S8GHKr3Jmx/B3G1wVSFXTqCGWFhVQTiD1Q/VMhOmBQJ9v/Pym9vXEmveHCazUNilCX97bcQ5wqbZfxwpEmeWpySSpkklshhBC/DTJESLSZodG/5mssfV/xHj4UyCcpbidFOj156mTejE8kSXOJ1r1IpdL4ZKtLT3r3cKWyYC+xselAx1bFUCznt/7n4PFhUJZPfhk8/vgwmyno0lcza9asuj/PPfVcC1776UGQvzMAaZs3smPXJlYnpbIjNYmjl5r04W6QR4uluAqgIyl6BesSXicxsxWvs1b1x8cBqMol6tVoEla8ToK68TwT5tv7M1QFZWXgOWgATkpfTEXB75HBOAHeQwYDGv43YTdavZ6cnXEk5YJ72HDjvAB2oNm8iRytjpzdCSRqqqBjw3LaDRyGH5C69kNytHoK1MnG7azWgjV2OLmoGB8RgTs6EqI3okeF7xBn0HzEur156PVadn64gsSUJDSljfdX0s/HgbJj35JRoGu+bOYMBqCM/MN5ZvOFNM69gZa1a8vXlvUyNtTsNegUyMQgZ7S5+aAKZYTpy5ut/Sx+77b3YUKICq1GQ5VDEGMGGr8M26q3prM91HMaOBI/ID3xA9QFOvRFGaxaHEtKSjqlNm8eXgQHOFCVmUSyOg+dtoCtsaspBLxa8vpmA0BXuvfuTSdDEVtXJVIGnC280GjDUj5PSCQq+kNyKh3x9O5LF4Cursa5QKy09Q5egwkAdsR9QLZWjzZnJ2u3ZHK6xoHBw0cCGlYn7Ear15Gx9QO2ZObSadCjNurCej4cLxwmMTGeuGQ1Bpd78ezVzZh1s2/QdW2rBddm43boNfQRnIHE8Ag27laTl5eHemcyr8aqwdkfbyUtu2/YaGt322wHDa/RxjzGz2eCJ+RuiSJiRTLq7BxycjLYui6ambFqwBlHhe17wqk960mIXczW7PN07d2Xe7ooMM59RIPr/K6ubkAZOzbvRasrYlt8Ik3vxrU12Jr7UDXbYmPIrQLP0Ee4+8Jh9u7dy+7de8nT2THiyQAoTOWDnTnodTl8sDYVzK4/azlA6WscvpUYx+48HboCNQkfacB9DL6Ndm3bPaQ1ZWycSWMuzx7ZT4FWT7U2g4ToFewusDFRmRBCCHEbSQ8W0Wad6oY2mOsILo5NlwHKgTOJmlHJipQUIjNTAHD2nsCS+SEWUrfVtdmLJ6YGkLsllfDpxn7i3kEBOGRqOJavMz2tq99bYWfrs3l+O4KLa90QDCefEQSwA41zKCMsTIzYUJVpeEY98y8gnVwbPmavrZ+QhW9zNnoFO3Jz2VHb5Xzqa0z3adoVuvbBrOVnkUomzp3A4dgdlGk1pGtVBAR4otEUNjp2/d6OnTqb0lUA7sx/L5zLixPI1+Wi1jnj6amisFBn5YGwkiHDvUlLPc0Q/3sBewYNVqFOv0rwYOMbo5SBc1gytYKYLUlEqJMAcA+awVLTWyDGzRjLgYQ0YiIyAWfcnUGrqB0CU3suvHhl+WyWvZlETIQaYw1BVdf689S4XmtoeI7rfjYAymBenZtFROIOPtg5mKXh73LxSjSpiVF1z28DpkYy00L9e/r7gyaT+Dcvs/yzaJtla1BTve/HHTVpiVFUdlxRl8d6HcHOkeba9RAb15bNMo73qs9LC67Bhx4fR0LmFvzCxtQFi2ztp8g/haUhJMHjwlirTqFH2Ki6N57YahOKHE2TdOrryoPI2HBiYhJIqB2a4ODJ7OWReGFJx7oeF6MWvceF6BXsSIjCODjBmbHhsUzxcqI8p+G9oTG/cU/jqU4iIWImCYCzpx+eDrkUHj8BU8zffubBHyInEx2bSky4sZ3i7EfES+Owx95GW/cgInYuMcsSiY3INBUrlKXzQ3Cyh6gZ/yIqJQlT08dvQgTPDhwAVuvCyWo+nN0hfOwJEtISCE8zDnlSBUzl2WCVaexWR9MrhpUtvDYbcQ/jT1E1rIxLYUdSAjtMix3cQ1iyNNzUllpw32imjdpqBwqza7TrZ9GN2oaS6SsTcEv+G5+mpZGgqR+q4hkwlmn/8ywDnQBb94TeCwk5tYLU2Ejj8CscCJm9lGAnwPw6j4hjdlAWSemJRKQD7t44m4VYGt8DQlp6HyrP5ZBp7prC9BTizTqdBIUPYOGo+cz9IYbElBiMVefO7OUvNHnTlpGz2SullUx/J4qSZVEkRZnq1TmAyKVTmgzKaes9xFYZLV2HdXWk7MtQTwfS0lOIrnDm/YeOoc7V4Pho2x6nCCGEELdahxs3bty43ZkQ/2Wqy9GVVKJwdEXp1Lq+Kw2U69FVGnB0VdGeZKyqzuH16TEwdTkrJ1n+GnezlOt1VBpof1lMdeuoUrVxtHo1el0J/5+9e4+Lqs7/OP5iYGAEuYgaXtAUUylTMzLT2szNy1q6mtlarV1+ZmlFtViRrdq6qaVsm1lUWGSllpms6WKZhWuUikloiiRe0ZxUQpGLwDADM78/BoGRO1hqvZ+Ph8Wcy+d8zznf"
01:01:11.628 [Forwarding screenshot on session d6a0bef0-bd24-11e6-8678-ab184a9d7075 to remote] DEBUG org.apache.http.wire - http-outgoing-0 << "M3A+5/v9HuO5PKbl5zuIwLMLdaa8dW7PWS6qi3EuipidTY6tHnWpOJ98PPH18ir/XOO+NdYvXa+h8ddgA9bL3ryQSfM3Mjl6SVmXkeriNPy4ZWdmYjMaCQps2JDTznMMAUGBDWwxd6bu1edYOZe1Gb0JOnvHaq3rda9nDAg600uuXM3Hoh7x6tqfel+bVeVnO8cDwejT+O/4OspZ476ffY1WH5zs7BxsNiPeAYHV7l9t3wn52dkU1qMuFednk1MIQUH1q6v1/h6qM04mOTZjI+r6mXNnJLCuC7OR3yHnah9FREQuVEqwiFRRzLqXpxKbZAaCiVw0n74aW0+kforTmPvkXFIyLRB6L0tnjWzwTZ6IiIiIyMVIXYREqvAiuGsXQjKDuOHu/1NyRaRBjFwS1I7Q4J7c86iSKyIiIiLy+6EWLCIiIiIiIiIiTaS3CImIiIiIiIiINJESLCIiIpUUZySycv3e810MEREREbnIqIuQNNqOldHEpcHYR8Pp3bAXelyQ9sZHs2TfpUROGYkvkJG8GUIH0LmBY7BkJC4lZsUGjhZ14qlXZjhf/SkNVpyxnqhFuxkTGU4PX8g3p/Gj8TJ6BDV2VI981i18na2nzn7VtQ1b86t4NHwk56Ya5xP/8ivYhj3Krd7JRC3aV74P9VK8l6Vvf0GOsR233j+Gzmfvbn4aC1/5iFOX3MCjk4bhSzGbl7/Oim8OYsNI6MiHCR/2S7z1qmK/xvQ4Rxd8cQaLopYSMOYcxmxSeczEv72QjxPTsQCmoF6Mf/hRhp0pW/5elr+/kl2ZBbQI7sOIu8fQrey8ZmxeyYb0QjzLXg9ttVrpMugOBlb3BVJsZt0HH7Nxzyl8OlzJyLvHUb77tc0D0tYvJ/6rXRR4tuDaP/2FkX2rfwmvvodEREREfn1qwSKNU7yDD5clkr4zkQ+/TDvfpTknThzeTnrSYQqB/OSFREa9yY+2hkYx80nsag7m+tGt6yUaRboJCk7sZmd6IidsQH4yz0bMJD49pwkRbRzamsLOlBT27dtX6d9eDmUWnpV0aQob+5J2knbCRsGxfexM/9a5D/VVcIINiYkkJnzKjwXVhT/Bxp3ppCSkOevqjg+YH5eEOTOTzEwzVpP/OdqPKhsu369zpuAYG3bu5FDuOYzZBGmrXmNxYjqtgkyYgnvRqWgnsTPfIgOgOI0ZE6YRl5gCPp6kJSxj2oRZ7C12rnvw609Yu3Y1q1c7/61du5bUY4XVbCWfpVMjiF2bBC08SUuMY+akM3FqmwcZ62YxMyaOfVZPOJTE4qgIlu7IrmYb+h4SEREROR/0d5c0innjeg6W/XxwzTrM43pQ/XPUi4fRCJiMzhttT+d/vBt61138I2kW6B/xPFMG6JFxUwT2DWfpogfx8gWKoQho7u3dpJjGZgCDeeWdSfxyZyeQR5cuAi9fCpKNgGfDkjdG8APyaFb9ej5duP/euyj0604AYLWWJSf8BrPwnUnnqBVOdSr261woBrx8fPCn7HI777L59puDEBbOjJHpPLfhOiL6tWBS1HZ+zAbbppWkA8Mjo5nQNwgyEwkPj+bND3Ywf0IH9u+zYBoYwZLwAbVupXjvl6w2Q9jEKKYO60z+jqVMmL2aNVsyebTtphrnTRlYyPLYnRAyljfmjcOLvcy9Zxqr4zZxR++z3tak7yERERGR80IJFmmEfL5akwR+g4m820ZUTCKfJmczqa/z1q7YvJn5c98kJdMCQEj/u5gyZQxBVeKYiY9eyOLEdOdHUxCDxz/MpGE9zloum+UznmMLPpxIP4gleBQL599B+vL5zI9LcS7i14vJ0//GzZ19gWziX57H4qSDZWHDmDg1goHBBSyNeBrr3f9iQllZdyydwUup3Vkwb3z51gp2LOXvsxMAiJrwDBEL5zEg0LU86xe9TszanWXbDmXiMxEMa3uEGRPmkwckzZ9ARGok8yf1LV9r78q5TPsUZr4ytby7SGJ0BLGZ1/HGrCFsrS5mt0Dy05bzt7m7mPzGLOcro4vTmDXxZdo//i8m9KWaYzPe5SZ777qFzItNIA/wC+lFq4JDNP/DFGaM6wH5e1kU9Spr0zMBCA4by5NTxxFcdmzeM3emy6kNJB60AH4MnjydSTd3BorZXMPxz09bybNzP8XYCszmPEJGTef5IVbejo4hMT2vfDuPR4yjs1fN9cX7zH4viGDPrCjygMSoCWTePBLr+i8JiXiJSQOctSo7eRFPRO3h8YXz6FtXhqFZzemO/IxE3n51MUlmZzlNwWFMfDyCgZ0LWDrjOfa0COF0UhJmIKjXKO6+Ed6JXu08tqHDmT59Ap29slnx3HNYxz7P6Ep1ZukzT7Al6H6ip9zsnFScxtxH5tL87hcJv7kB6UnrSZL/9z8yg+CqVruYGeWsq+Rt5OnwUzz+4lRapi7n32/GYbYABDF4YnXXFexYOou39xjxOZrCwTwTY2e+wZXmFbwZu5bMsmUqrt+K/ZrQN5C96xcyL8ZZr1y3UXPdAFzW8wsykQf0rHZHa7jOusHSZ54gJeRh5k8qS2bkJzPjkVfp/PhLTAjNraVOV93fcWf33So4SW6hDawFBPYNZ9HSYny9YPPhQ0B/hvYt+yYLCiUESCssgPwDpOdBj67+mDP2Umjz5tJuwdW+ovpoRhoQwvCbOgPg23sIA02r+Tb1AEctNc/jatgH9L/lprK43Rg5LJiU1d9zmJGUdwrL31HN91CXGo5lYLXX67zxvas9IyIiIiJSO3URkoYzb2adGUKGDqLvzYMIARL++xXOVuzZfPCP+aQYb2B61HymTxzIwaRlzF1etRvR+rkRLE48xKjJ05kzJ5Lh3YpIiH2TzflVN1lwNBNz+kH6DB/MwJ4dOLz8OebHpRA2Npw5cyIZ6LeTmMjnSM6GvcvnsTjpBHdFziFq5mQ6ZaYQ/ex7ZAM5J/LIsVV0R7AWHMVy1LXbiU/vW5g4KhSA/veOJfSsG/bkhc8Rs3anc9szw+nfLJ3Yac+RWBjCnZMHAxA6fCL3D+risl63Pj0gL4X4rWbnhPxkViWaadenD+k1xcwEW2EWeZajFJ4pdkEuhyx5FJbtx9nHxqfSNvN3LGVabALNwsYyfWYk17KXg5l5ZGblApks/Ns01qb7cG/kTGZGjMWWEkfEjJUUA9aCU5hT1rK9xTAip4czMDiPhJgYdhRDWi3H31aYRaYlD7O5HcMH9+fqEBvzw6NITPfjroiZTJ88iryUOCKnLiW/lvpSvt8Ecv3o4eXH9c4R/ehgspCwelNZnStm03/XYgnqTpf6NN/I3MSK+HXEx8cTHx/PypXrMRcDpDE7MpokWw8iZs5hZsRdtDKnEP3qKvIB66lM0pOSCJ0YQfhdYWTuXM386HVcOzGCyaPCyEtfyycpzpv6nKOZLvUMAunZsxWZSZ+U1+/MLetIyYOu3Rva9qsAszkT874sbCWVp1vIyy0gN305EfPjMFtMhPQKJYhMEmJnEp2YWSWStSCTzPQUCjoNZHD/QYTkflDf+FMAACAASURBVMjM2LUYB9/LzKg5hI/tz8GkZXyw+az9yt/MvJgEWg2fTNT8OdwVVkRC7EwSs2uvG/lpS5kW46yPM2dG0gdnUq26DkI1XmeZgXQP8cecsJq0M11nvvqcdIsnXTpSR5123d8rO1ZOrgQy9Lb+kL6MyKhEMo+ksjnNjK9X5TTJKXIrffI0QV56KsePHeEEkBI7k4jIaUybFsH48JdJq+a77Ni+Q+AXQofysEa8/QGrrdZ55OZjBdq3rWjF1bF7KHCIY5V7CflW/R6q+VhWd722qeZsiIiIiEh9KMEiDbbji8+xYOKP118KXMbQ/n6Q/ikby+7fbAAnzKQfPEbLvncTNWcOTw7peFaUYjrcOJnJkc8z/uZQWvm3JbRbJ+f61dxt2QBT/3CmTJhE+ISebP3iIAQPZ9yQnnh7d2H0/WMBM9+mZ1NkswJWDu3JoND7SsKj5jDnxTtq6TpxdouGQK7uGQwE8Yeb+p61XgbrEzIx9Q9n6riBdOsxkCkvRuBHJgmbfqTHDVcTBAT1HEDvbmdtsfNNjAqGlDXOZJR58+eYCWLUTcZaYqaVl6+8lGcV"
01:01:11.628 [Forwarding screenshot on session d6a0bef0-bd24-11e6-8678-ab184a9d7075 to remote] DEBUG org.apache.http.wire - http-outgoing-0 << "1/XYDHR5ap76zQYwDWTG1HH07tGXSfOeIgRnd5vitK9IyIPQsXdzfZdWtAodwt3DgyH9U7aU37D1559Tx9O390Duu38wcIKcgmw21nL8z7hrznQmTJrCLf7ppACjZj7PmAE96H3zeF6Y3B/MG9iWXVt9qdjvztf1LD+uPYK7c+tfQuFgWTmzU1iVDmEjh9aze0weaxfHsnjxYhYvXsyyZZ84xzopbsWoiROJnPogAy5rS6uO3QkLBU5kUQjYipzHedKwAQwcM44wwG/gw0waNoCbx48nrI6t9h4yAj8yWf9VBlDMV6uSIGQENzWib50RoBkE9B7HK9OdySeCBrNoySw8tn0DgF//8UyfMYvH73WWLHHVl1Rzvw+EMXVGOJOmTKBXlxuYODGcqZNGcpl/KzqGtMdENV14yq7REz/t58eTRm566J/MmTOf6wJrrxupGzYA/ZkxdRw9evQl/MXIalq2Qe3XWRp9bx2JiYOs25IJZPPFqp0QOprrTtSnTlfs79mNV4JvnsL86ZMZGBoE5gTmz4zgjmeWkg30HDQUSGduRDTrNyeyaNbfSbQARTYKiwrxxI/h4XNYumIpURGj8MtMYu7r66rsmY93M8izVUoqBRIa6oclLZ3SWuYdyc3CQhAhbSsKfWY5168E37O+h3Lr+H5xOnO9jhtQ/RkRERERkbqpi5A0UAZrNzhbYMRGjCe20pw1n+7g5gm9ufuZyZhfjSEuJp04AL8Q7p3yDMEud79etG0Fy1+NJCaq8vSg6sedsEK3HmVJmvwjmPOAvLVETlrrstiR9AP0nvAkY83/Jm51LEmrAUyEjX2YiHGh1QRuVu1e2qwARVWTPfknyAT6XVcplm8XrvWDjYdOgNVIEYCtEKqM8uHLTSP6szpmHVsyh3Akfif0upcBxhOsqC1mhzpKXfnYnMVobAaWU5Vu2ELo7gdHgYJcZ8ud9LjZTIqrvFZw2TkoApMPZ56XO48JGAtqP/7O/h5BtGnrTPXYCgsAEx0q3Rh6+znb2RgJrLG+XO+yjzaX49r5pj8TtDiKhE0ZdPRcSx7BDK9vpqLGsUqC8Lfu4+WIWFyrZNm4PFbo1Klt2UR/Wpig6+Vnjrs3LUxQ3Zi0FXFu4NaQGJat20T29R1YY4aBETdV243kjPoM/Wo7MwZLERQCZaUlLymWCXdUukJP5FC1VhaBqUX5OfYK8CdneyzhsdG1bzRwAI/fu41XFycQvdPZRSmo13AenxhWa93oZ2wGWCv2yzeUntUdt7quszEDGBYcy+rPtpLfxZOEPBg8+XoKclcAddXpiv2tTnDvm3nQupvtPrfxTP/9TItezYebbyF8wDiipxuZ+9IyYuYnEtRrIGFBiaQFX05I75t5Z0VFN8POA8bzl/WriU3bRybDXJJIBYVFFWM9AZBN6vY8/Pr0xL1wa43zOrQqwkQme37Mp29dr6SqfL3UdSw7QOXrVUREREQaTwkWaZDs5C9IsUDYvZGM6+5PoQ28vXP59N9RJK79L3sndKDoGNw5Yyk9vLPYsW0rH8YuY/HLq7j+nQmVbmrNvD0thp1B/YmM+iuhnYMgeSETorZWu10b4ONb9nYU3zYEmSC9x2RWTD0znoWZ9V+k0apPKNl7U2lz85OsmNqajLQUNsV/yOq4d9gy5F8YgdNFFXHzTuXWPsLm2dkeX38CgW+3pBN+5klv8XEO5kG3rm2BE7Uev+AbhhESk8Sqd9/lRCYMf/B68D1Re0xbqmtZPMuSONUdm7PYbEXg0mnoRzLynLts9HEGHBy5sHz8nHxzMl9tL6SLD/xY00741H78ObYNKKrIDthsgIWTJ4ohsHLSBWxkc7CG+nLF5Gq2bSy7Nfbty8gwE7GrFrGIdEz9J9O7AfeH1SUu8ncsYubiREIGT+Sfo/sSHBRI4sv3EJ1WsU6LNq1cYnhWGs+l7mSIFzeNGsyy+et46/VWWOjF0DpaCxgbOMiyEbCVZQWDBk7m+fuuJTd9Mxv25HBpSB8C6lg/+b1/EJcCYyNmMqRnDwJJ5oEJUVUKUpy9lxPeV/PCinCM5r1s/2o5MavXsmZvv1rrRsGqIlwH/T1IugVcO9NRj+vMlyGj+7M6ehWvLAQI49a+gRh3NLJOg3Nso/EzyR41h7k9jeDpR7eBNxAUnYAVG8XmZL5K92fGkhVl32OZzL0jEUKbsTf+Zeb9z5Pp88Nxjp5STE420Kp1lWROx8u7QuJW0vMn4Rx/tpBTec7Bijv2rnke3n74AxnmXM40vUn/diuY+tTeNa7OY5mOy/UqIiIiIo2mLkLSAMVs+jwBCGXMyL507taNHj260blzX0aPDAN28kXiQf4bHcPMWW+zo9CbkNAutABoFeBymw+FzqfWLdrTsV0AhXvXExWVADSr5e/8M3OC6NnPD1LeY+H6NLKzzcS/PZeYxbGk5MKBL94hOupZlicfpVXHLrRtYQSaOe8RPSHlww/YYc5kx7poYlIs0KzyvUVZ83ybDcgjfWta2TgfZ3RjQJgJS1IsixLTyDTvZXnUqxwEunVvS528ejBqYBDmlBQspv4M7R1YZ0yfVq2BPFZ/uB5zZgYr58eUDSxa3bFx5ezWkMQ/5i5nR1oyC5+ZSzrOFjC+vQfRC0iIeZ3EvZlkZ2zmlWejWLw4gVyvirhVI9d+/M8WGDaIUGDZvPkkm7PJTFvHvOgkMPWgY2Bu/epLWdLgyLav2Gt29vUYMHIY5KWTngcjRtzgXK44g+Uvz2XR+r3VHg9bWWaqtrxFi3bBtA4wsmNdNNFJlrOaCzXtLjRwwFDCsJCy00zQ4D9VDExarUzmP/IADzxQ9u+eO3hmUXKta9iA0D9c7Vw78RPeW72ape/HsnZ1HO9tOVZDa5lK59gG0Io2HTviY8tg+SvOunbk4DHXVY5tJSZmPi8vSsTmfykhHS5xTje2qrVuhPa7HkgietF6zJlm1kV/iLnaMtV9nQUNHEEv8tiZnkfI2JEE05Q6DXh1pFswmFe/wwdbzDSzHmHdwsVkAp1aBUDuHuLiYnh9ebJzv16eRQom/nJrGK3a+JBnTiRm4Xoy87NJXjmfODOEXHclvsDe9YuYu3Ad+UDwtTcSRB5vvrKcjPxM1i98jRRgxLCra52Hby/+GAI7Y19jfUY25uSlvJmYR9CgfjV0s6r/saxdPusXzmXhOuc1VWzeTPSsuazbm19lnoiIiMjvnVqwSP3l7+R/OyFo4PAqN4bBNw0nNDaFxIQfiY4cy6yoOGaHJzpn+vUi4rFbz7q568af7wpj57I4wsc72/KH9g/DlJRCanomA896sm8ErJU+Dwx/geOnZxEXM5Oyd6gQdlckE3r4QscpDDwwl7ioSGeXE0wMnDiDAb6BdLx3OBuj1zI7IgnwI9gPzMYz3WCagX8A3oBvx8sJJpG1MTMpbLaQ8EqvEbp56oscmzWX1dEzcXaC8GN4eBTjuvlCvhG/Og7jgFuH8WbiYtoNu7n81da1xuQWJvbfQmxCDBEJQHAofpVSLGcfm8p8e4wjOsLG3+fHMTsFgkLDCCaFwK5tgc5ERoUze3Y00dPCnSuYQpg4J5JuQDLNwN/7rGREszqPf/4OIy5ZCa8eRM6ZyOxZsURFTHJOCwojYsYUOgMP1VBffE5+UBEnsAvXh5hYm7CYWQV+LJkyEN8eNxHGalL8BnNTt7LaZT3BlqQUTtCfCTefXUuNtG6Hs39Udceq962MCt3E6sUzGb8YIJiwsGBSUtI5kF/1ONf2ueLns44FnRk+KoSU1UcZNrRX9QWpzJJHnqXiY7PCmhM8pnZldbf3BKbflcPsZUkkrV4NQFDoKKZOGVjNWq7nuNetfyEkMZboiAlE43zrVIhpJwd37YFxbcv3y6vHHYQP30P02mjC1zq7EwWF3cVfBwQRNKCWa5MJTB/7M7PjYohYC5iCMJUfJ1e1XxMA3fjT8GB2rrVxy01n3pDUmDp9hi/jZkSS8XQUaxMA0okF+t87kzHdvIA7mDw4lZi4qLLuRyYGT36ekZ29oPPdhA//mei1MYSX7XTo8HCmj3OWK3f3WlISB2KbNAx8BzA14iDPzo8jcoLzGyps7PSytxnVNg/GPDOdvc/N"
01:01:11.628 [Forwarding screenshot on session d6a0bef0-bd24-11e6-8678-ab184a9d7075 to remote] DEBUG org.apache.http.wire - http-outgoing-0 << "JibSeR2ZQkcxdULFm8oquH4P1XYsq1yvVdjYvzGFjbYbmTSsGwU/biNxZwref3LWxcrzRERERH7v3BwOh+N8F0J+i4rJzszBZvQmKLCW8QLys8kstOEdEIRvI4YAKM7OJsdW/fr52dkU2iAgKNA1uVOcT2ZOYaO36brtauLXIXvzQibN38jk6CXcfNaj59piFudnk1MIQUH1G8oVIDN5KS9/buSZGeOc3RryNxM+YT4hEdFMqZTEys7MxGY0EhRY/9gV5a3v+autTtSzvrissoNnxs+Gu+Ywb0zFzV3ywnBeLbibJVMGNGRXyuVnZ1JIw49Ffa2bdQ+xmYNYGD2hnoPyNlJxNpk5NozeAQQ2qKI7zwX1Wa/sWqpuG7XWjbL1AoKC6rx2Gn2dNbJOA5jXzSLifz1YNG9MlZGUivOzKbCBMTCwyjyK88kusIHRx+V45KctYsLMHKJXTKlobVK+bCBVL4da5pXvWwOulTNhG3ksRURERKR+lGAR+bUUpzH3ybmkZFog9F6Wzhr5i9/k5KctZcLM1RDci8GhPqQmJJFJMOHR8xl40b4spJh1L08lNskMBBO5aD59z9xnFu9l7tTl3DhjBgN+0exFw+XvWM6zL8WRaYH+4dFMuXhPwG9fcSZ7DxvpdvabwBppx6JZfNN+HOFq5SEiIiLym6YEi8ivpXgvi6LeIcPYk3seHU+3hj18bjRz8jo+/nwjmaettAi5muGjR9M76OJ+fp0WH83ijae54e7/Y2TviyNRkb93Ha+88z9aXD2KB8cNUAsCEREREZHfGCVYRERERERERESaSG8REhERERERERFpIiVYRERERERERESaSAkWEREREREREZEmUoJFRERERERERKSJlGAREREREREREWkiJVhERERERERERJpICRYRERERERERkSZSgkVEREREREREpImUYBERERERERERaSIlWEREREREREREmkgJFhERERERERGRJlKCRURERERERESkiZRgERERERERERFpIiVYRERERERERESaSAkWEREREREREZEmUoJFRERERERERKSJlGAREREREREREWkiJVhERERERERERJpICRYRERERERERkSZSgkVEREREREREpImUYBERERERERERaSIlWEREREREREREmkgJFhERERERERGRJvI43wUQkd+GkhI4kl1KZp6DIqsDdwMEervRoZUBf2/lckVERERE5LdNCRYRaTRriYPE3SUkpNnY8WMptpLqEymXtnLjxlB3br3KSGs/JVtELhSfHEgo/9lo8GBE55vOX2FERERELnJuDofDcb4LISIXF7sd1u6w8e7XxZwqcKv3egaDnTFhntx3oxFvLyVaRM63vsvHlv/s427iq7FLz2NpRERERC5uasEiIg1yIt/OnFXF7DxiB+qfXAGw2w3EJZeweW8p/xzrRUiQ+y9TSBERERERkV+ZEiwiUm8/nijl6Q+LOHG6amLF5Am9Oxjo2NKN5iYDtlIHx0452PVTKZm5rssezXUQ+VERSx/xwWRsWJJGRERERETkQqQEi4jUy895dp78sIjss5Ir7Vq4ce8NRm4MNeJlrLqeA/jBXMrijcV8d9DZI9HT3cFzt5mUXBERERERkd8MJVhEpE4lJfCPuKrJldFhHky62RNPj5oTJW5Aj2B35t7pzZepNmK+tDJzrIleHfX1IyIiIiIivx26wxGROi3bYmXvcddpEwYa+ev1nvWO4QYM7Wnkxu5GTPVfTURERERE5KKg13iISK1OFdj5YHOxy7ShPd25uwHJlcqUXBERERERkd8iJVhEpFbx20qwlVR8VfibIHyoVwPfHyQi0jS7fypl8jtFZOXZz3dRRERERKqlLkIiUqsvd5a4fL69nxEfr18/vVJ68gQle37AkX0CALeWrfHofgXugS0bF7D4OPa876C4rO+TVxvc/Pri5hWkeIp30cX7KbuUvcfs5Fkc+Hi5EdrOQHDguX0Nur24mJL0NEp/OoKjxIahRUuMV1yJe8vW53Q7NVnwuZV9mXYillqYP95Eaz89IxIREZELixIsIlKjozl2juY6XKYN7fnrfm0Ub9tK4QeLKNmxrco8O+B1VRje4x/A86pr6hXPfnI9pRlzcctNrDrPDm4tB+He6VkMgTcpnuJd8PGS9pWw+JviKmMkAfTsYOCxoZ5s2lvK2h3W8ukvjmtGp9b1T77Y83IpWPoORZ+txs1S5DoP8Lx2AL4PPY5Hp5B6x2yMWXd4EbHUwrEch5IsIiIickFyczgcjroXE5Hfo8TdNp7/pOLGrF2AG0se8f51Nl5iJW9BFMVr/1uvxU0jbsM3/GnwqCEBZLdSmh6O49h79Yrn1u5B3ENfAbdq3j2teIp3nuNZSxy8/JmFL3fV3l3G02Dn0ksM7KuUgImZYKJrG2eCpe/yseXTfdxNfDV2qcv6tt27yHnuaTh1svYCuxvxfXYmppuG1L5cE2Xl2cuTLG0D3JRkERERkQuKWrCISI1+Pqv1yqWt6tc16PtDJXz/Y2mDttW7ozt9OpV9Jdnt5PzzWWxJ39R7fcuaT7CfOoX/P+aC4awbLkcpJTvHwclP6x3PcfRtSmw/43HlcsVTvAsqnt0Bz6+0kLS/7rFIrHbX5EpD2A7u41TkI7gVWepeuNRG7qzpuDXzxqvf9Y3bYD209jMwf7xJLVlERETkgqQEi4jUqMjm+tnbs54Jlh9LWbKxpO4FK8nu4yhPsBR8+G6V5Irhsu54j7kTY/crwOHAlp5G0coPKT14oHwZ66avKPh4KT533uuybmnG3Ko3tz69MVz6BPiGAQ4ceck4flwABbsqlslaTemP/8a909OKp3gXTLwPNlmrJFc6tXLjjn5GurU1UGqHHYdLWb7FSnZBI8dLKrGSN/vvrskVowfN7hiP16BhGAJbUvrTEYo+WY51wxcAGNwc5M+biceiFbgHBDRuu/VQXZJl6a/Vsk5ERESkFuoiJCI1+ijJytsbKrIsf+juzszbTXWu997XxQ1OsNx8hTt/H22i9GQW2XePhtKK7Xrdeht+j1XT/aekhNz5L2JdF18xzehF4LLVuAcEAuCwHMO2uSsGR0VXJ7e2E3EPfRUMZ8Vz2Cjd/TCOY4vLJ9kNzTAO2I+bV2vFU7zzHu9Evp27owsodVS02Bja050nbzHhcdawKjkFdiKXFXHgZ9fp9ekiVPTZak6/PKeiaD7NafHSGxi7hnK2vPkvUvzpJ+WfTWPuwveRiCrLnUtndxVSgkVEREQuBGpTKyI1atnc9en30VMN6/bTEMaye03L5/EuyRWP0B74PfFM9WOreHjgH/Eshq7dK6bZiin+4rPyj/Zj77nc3OLXD/fLX6t6cwvgZsQ9NAaaX10+yWAvwn58ieIp3gUR79PtJS7Jla5B8OStVZMrAAE+Bv4xxoQ7DX+tseVz17GP/B6PrJJcKTlq5vTCBRR/9aXL9KK1n2AvLGjwNuurunFYRERERC4ESrCISI1CLnH9ijiQaaeguO5Gbzdd7sFzt3nW+u/2vq43mP7ezmROcXKSy3Tvu/+v6pgWlXl44HP3/7lMsm6tiOE48YXLPEOnZ8CtljeoGDycy1RiP1kRQ/EU73zGS9rv2m/vrgGeeNRyebQPdOcPoTUMvFsDe1Eh1rSKrkpuAQGYBg0tm2mnOOkbTj37BCfvHUPRig+g4HTFuu7ueF13I46iwgZts740yK2IiIhcyDQGi4jUqHNrd/xNkHtmGAY3A4m7S7jlqtpv2Dq1dq/zNbD7M4tdPgcHOm+S7IcOukw39qn79cteV19LfqXPtsMVMeyFu10yyW4tBtUZz9Dyjy7P/B0FPyie4p33eA7g8M92Kj8buaZz3a9b7tPZna/S69/6rPTYTxjcKhKpHl26U5qXg2VtPJY1cdgzM53lrFzmS9pgGnEbpuGjcG8RWO9tNYSSKyIiInKhU4JFRGpkMMCgHh6sSqkYT2X5FhtDexlrfWpeFweweZ/rDd/l7ZwBS4sKK27cTM0wNKt7bAU3n+bgbqzoWnS64ok6tjwo6+lkd/PBw8On7gJ6+GN386zo2lGSq3iKd97jlZY43wp0htHDjo+p7gsx"
01:01:11.628 [Forwarding screenshot on session d6a0bef0-bd24-11e6-8678-ab184a9d7075 to remote] DEBUG org.apache.http.wire - http-outgoing-0 << "0KdhA906Cl1bn9jS0zj5lxG42V3HVbIDnn374/3nsc43B9XW0uwcmLGiWMkVERERuaDprxMRqdXoazxwVHqebs52sDzJWssadUs+UMKhrIon5EH+0OkS55N4N1Oz8un2Igt2a3GV9c9mLyxwGbfFrVlFDNwr3dA6CnGU1h2PktOu42a4N1c8xTvv8dw9cBlPxVoC1pK6u+zVp1tfZW5nJzULTrskV9ya+9LsL+NpuXglLV5cgFf/P/ziyRWAJ/7kSdcgg5IrIiIicsHSXygiUqsOLd25pbdrl6BFXxWzeW/D3hJ0xqkCO/PXWlymjehjPPOQH2OHS8unG9wc2HbtqDOmbed2l8+GSyvF8OlW8TMOHDkb64xnz/naNZ53xSC6iqd45yueG87r8Qw3DKSZ6+7688NPDRvk1r1tO+yOqq1ePEJ70PyZmQQu/4zmDz2OR7vgBsVtqsvbuxPzQDMlV0REROSCpb9SRKRODw3yJLB5pafgbgZmxhWxbqet5pWqceyUnYglFn7Oq7h58/OGUVdX9FY0Xn2tyzpFyxdDbW+Tt9spWL7EZZJX2HUVRW052GVe6eF/4+ykVHM8++F/u0xyC7xZ8RTvgoh3TYjrmCsfb7HWFo3cQjtfpjYsGWrw9sGzx5Uu00xj7qJF9Ls0G3ILBi+vqsUuKMD6Q2qDtiMiIiLyW6MEi4jUyc/bwMwxzfA0VDwJL8VA1BorM1YUkfFz7U/RLTYH/9lqZeI7RRzJdr0dfHK4l8s4Eqbhf3YZ4NOWspWCxW9Xn2RxODi96E1KUytasNjd3TENvbX8s1vb+7FX+qpzO5VA6cFZVH+T66D04HOQ801FPIcHhrb3Kp7iXRDxRlzt2mVv60EHH26qPsliLXEwL76YooblQQEw3TLa5bMlfiW29LRql7VbLOTOmcapxx8gP+YV7BZLtcuJiIiI/Na5z5w5c+b5LoSIXPgu8TPQra073+y2UVqp+8CRbAf/3VZC8oESjufYOVXgICvfQUaWne8ySlj1nZVXPrOyaZ+dkrPyMA/cZOTWPq7djwy+fjhOn6Zkd8VrYm07t2Hd8wPuLVvhFhCIw2bFmrqd0wvmUvzlZy7re//lHkw3/rH8s5uxBZTkQN63FQvlfE1pXgpunm1xM16Cw27FceobStLD4bhraxhDpycxBN2meIp3QcTz9zaQVwjpxyqSLNsP29l/vJRWvm74NzNQbLOTklHKC/+1kHqkauplRB8PWjZ3Jn3eTvu4fLqnwYP7rxgDgLFTF4o3f4Xj1CnnTHspli8/BxwYWrQEUzPs+XlYk74m78UZlP6wCzeg5IdUrJsS8Ro+Ejd3jaMvIiIivy9uDkdtbe9FRFylHy3lnyuLXLr5NJQDO48O9uL2az2rnW8vLib36UcoaWCXA/eevQn81+vgcVbcUgslKUMhf0vDCup/Ax5Xfw4GxVO8CyeexebgyaVFpB9r3K/vmAkmurZxdjXqu3xs+XQfdxNfjV1a/rnkx0NkPz4Bt8pv5aoHn8efwfvPtzeqbCIiIiIXM3UREpEGCW3nzlsPePPnqz3A0bDBMwGCA914ZXyzGpMrAAYvL/xfXIDHtQPqHdfY/w8EzHmlanIFwN2Ee581OAL/VP+CtrwVj6v+W/VmWfEU7zzHMxndmHuniT6d6vEr3GGnQ2DjkqEeHTvR4qUY3FoF1Wt5h8GD5lOmKbkiIiIiv1vqIiQiDeZldOO6yzwY0suIATieU4rFVvtN3OXt3Pi/Gz2JuMVE24C6bwzdPD1pNmgohrbtsR3cD6fzq18uuCO+j0yh+QOP4OZZc9LGzd0L96Bx0KwzjoJdUHKq+gVNl2Ho9jLuXWeDoepgnoqneBdCPC+jG4OvNBLo48aBzBIKrVWvv3b+bjw3xkSpA9KPViRDR4V50MKn9i5CZ7gHtsQ0bATYSyk5uB9Kqg6Yawc8+/8B/3/Mxatv/xrLLCIiIvJbpy5CItJkDiDj51IOZNo5nuugsNiBuwH8vd0IDjQQ2s5QfkPXuA04sO1Lx7Z7F/asnwEwXBKE8fIrMV7WHdwa+oTegT1vO47cb6H4J+ckr2Dc/Pth8LsKUDzFu3ji2R2w60gJe47ZyS100NzkRmg7A706emBwg6h4C+tSKwZAWvZoMy7xb/j1aLdYsO3cRsnBN7I9RwAAIABJREFU/TjycsDLhEf7DhivCsO91SUNjiciIiLyW6MEi4iIyEUo3+LA4ObAx6v2ZMnDiwrYe9z5s7ubnc8iffFwr3UVEREREWkEDfEvIiJyEdl7rJTVKTb+t8vGyGs8eWRwzV2JDmeVlidXAELbeSi5IiIiIvILUYJFRETkIvFznp3J7xbihgEw8J8tVroGGRjS01hl2cJiO//6tNhl2sDLlV0RERER+aWoi5CIiMhF5LV1xaxKcR1sdnAPA7f2MdKuhYEiq4PUI3aWJdk4eqriV7yfNyx9uFmdXYpEREREpHGUYBEREbmIWGwOnlxaRPqxBvz6ttv55x3NuKG7Gq6KiIiI/FL0GEtEROQiYjK6MfdOE2Gd6ve2IYPBzlMjTUquiIiIiPzC1IJFRETkImS3w7pUGx9udu0KdIbBzc713Yzcf6ORTq019oqIiIjIL00JFhERkYuYAzj0cykHMu3kWRx4erjRxt+Ny9u74+NVv1YuIiIiItJ0SrCIiIiIiIiIiDSRxmAREREREREREWkiJVhERERERERERJpICRYRERERERERkSZSgkVEREREREREpIk8zncBREQawrLnEx59dglBt03jhXvCmhCpmK+X7uSDdblYMBI28jIe+kt7TE2Il/DOTlZ8lQsB3gy/vyejw3ybUL4KqR9v4aWtvrz6Ug/8Gxsk9zgxbx7B2uzM63pLsXgGMunhLo2O+dOWdBa8Y+awxZ2wYZcxaXyHxsWynOTdVw6S38z1VcKWIiPDH+5Jz0YFLWHLxzt5Nz4bi8nETeMu5/8Gt2xMoDJn6ks2lgB/bru/R6PPb+rSzcTmX8qCh9tXTLTkEPfKLuK/sxDQvRX3/e0qrm7dhOJeLHKPM/up3RyhGZNeuo6ry871nlXJvPCf0/S4vReRo5ty3gDLSRK+hcEDmxhHREREpA5KsIjIxcOSyt/HjmHRLrgy9GFeaHSgEj54MJ7I5XDFqNaEnDjJvIlZfJF+DWue69SoiKueWsujb5VwxajWBG48yqPvH+XHL27h8eu8G11KAPakMfEhM0c6t+M0NDoZkvX9IWa9YHaZ5hhqZNLDjYuX8dlmbrjzKI6wAEa2zGXBI9/ytRnWTO3Q8GD5+Xw49zA/2F0nOwweXPlAT3o2onxb5n7B7S8UEjy0JaHm40wfc5yMjwbz/C0BjYhWcX4DhrbkGrOZRweZ2Rt/C5EDG3Z+f0pI5k+PHCX4sXaVphbz6m0JzNsEg+9rScLr+1nx+inWHR9Ez8Zn/C4OVguJK07ygx2+99/Hty91BeBIciYJqy2kB+U3KcFi2ZPOyH67ODqxD2lKsIiIiMgvTF2EROSikJWynLtDezF/l/Nz426Ty+Qe470V0Ofv/fhyyUAWrv0zC8YZ2PaymYxGxTvC67ElBD92DV8uGcjy7TcywgAL4441pZRADrMn78ZsBwIMeDYh0oHvs3EYWrMxbyw/lf07GndVIxM2+bw77SiOsGCSNwxmYdwIZg+FbXMP81NjwrXuxJc5FeX6YcNlAFw9NYxbGtWKo5CE5YU4hnYnMW4Q728YzF+DIPaT440JVnF+H+pNWtwg3t9wC88MhVdmppNb7yAlfP1OIteOOQyAX6U5ltS9zNsEY2MH8f5rg9j8eQhu9pMs+V9+48p7MfEEr7IfzW/tICa1xDnZy/nniZ9XDevVU/HxHH6wQzu/plw9IiIiIvWjBIuIXATMzL/9TpYdPkfhvLwYODKA24dcUjbBg+AOnkAeR+p/x1zBP4CIf1/GnHuDyyY0w/8cdO/4eu5m3thuYsRQA+Q0JVIJ5l2F0N8Xq/kk21J+JsvShHBZJ1mXAY/M7EV7SyE/ZVkZ8a8bWfPNlbSve+065PPaxP04gtrwWmNawwBQivU00MJY1uXLE1Nz4JSFxux27u7j/GCH28d2LJvi"
01:01:11.628 [Forwarding screenshot on session d6a0bef0-bd24-11e6-8678-ab184a9d7075 to remote] DEBUG org.apache.http.wire - http-outgoing-0 << "zaDhAbD9ODvqW1+yDnNXRBZ97mtDHwPkVZp1ePcJHAZf7vqzs4WF/3VdeSAIPt10shGlvbg9//h3ZFU3I+snnhu7ivZ+cbT3i2PcU6n8BKQuTaRH11X0G7SBLRZgTxoj+qyiX9c1vPpeMkNHOVttpS1JZsiDqQ1IiImIiIg0nLoIichFoBW9757AzL5/44HAT+lw07NNC2e6hOlLBld8zv2JN1+2QP/LuLZRTTp8ueWBq4ASEt7czNsfH2VjJsy+79JGF9GS8j13vVDI+I8Gc+e+jcTvaHQooIj078DtwEH+eMVBwNn9Zurqm3l8YMPHEcn6IQuzHVJjv6L9yEJnvC4tWRz/h6YUEoCMVdt48wD8Lf5qOjc6ii9/ndOadybuYoglk5CiU6w5AH97pVujxtjxauHsBnT6dGn5tIIsK2DntLWeQVpfysYdbenc2ZOojat4v9KsIztyoXMbupQXzp3mwUBxadU4v3FuKWZmr8rhPpfr8CSRA5L4IBOCrw8g1JJHwlt76Jtr4ODbvbn93wm8k3KSJx7cyFXm42w/AMEP9eChMAsfnImbaefoKQv1PV0iIiIijaEWLCJyETAx7oV3+MdtPfGi+NyGzjrCpGuS+BITb7xxZRMGuQU4zf4fijG1dOauv/rUXMfyNfmZZ27eT8B9vYm6JQBr2WP3RndyyM3jCHDDY5ez9eex/PBDf8b3KWHuqG/Z1qiWLM4b/2/iPXl70zC2burNkNMnuXfQ1sZ1sSqXw7tPZ+G4PoRJDRzbxFUhqTsKAPAyuWNq5px6YP+pRkUzdW/v7GI09n+8+vEhVr25kdtfcCaW6n9OPOjc2RuwYgWaV5rT3NcDMuyVbv69uXqAB6fWZ1XfmuM3yDH0Ul6f5ez4t+Lp71i1v2JeVuI+PsgEh6ElCxYPZuGi3vQxACsOszErgOfje3OFAcyrj7MmBRxh7fjopa6Yevbki9XOVmVXPNaPtLi+/B7GDRYREZHzRwkWEfndytqSSr+u3xKf5Uvs9j8xunNTG/UFMPm1QbwfN5r3nzLx5dxdfN2IPglbFnxHnB2uaW/hg6WprNxpBXJZ+GY6exqTEPFvz8LtY1k+pwftTeAf3J6np7UDTnO8McN82Jz/u+O9ftzS05f2PbvywoI2kPUzu5uQEbCkHOKdTJj4ZNfGvy0JIONHnnitkLGxg1jz9g0sWDKaZX/3Jv7J7Y06HxBA1Hc38MjIEuZN/I5H3rLwxGMBQMk5aRFxOr8EWlceY6eQLZ+V0OGWNr+fhMBJGPREP/4aBG6ZObzzfmGVRdzsJ7m9Sxxdem9nux3OJKsI7sqsqRUJufFP9yxv/VRxfn5/rYFERETk16cEi4j8Lv2UkMxVQ/dwevClbMoZxi1NSa6YDzEuYBUxKSXlk7qE+gAl9e9C4qIZwV1MpC8/wKv/PsAHX9hxy8znlZfNnGpMAx7zIe7rs4aYlIqVraedWZLGtIpp3bs1wWf/9rCWNjreGd9/acZhCGD0DU17vXXWj84Bay6/vCJN07u/MyHSqPNhyWfVh8e58cXRzsGBtw/mRi8L0IrLz0EGpEvfFpBVeTwXK1kZcPp31UWoFCu+PP/RZTUu4TC05D8/jOT7Hf2ZMSuEOW9dRW9fICOdJ+ZWJGSW3v0tW85OpHm5IyIiIvJLU4JFRH5/sg4xaexhHAYDk8a3ZveqfaxatY+4jw+Q0ZgWIq1MmCjh+ae2siWjkIwt6Ux96CT0aU/fRtyAX/fEIL7dPoJvt4/m2+2j+c9THjiCgtm9bzDXNaZpRysTlgwLzz+V4ixfSjpT7s+CPu3p3ZgEQeu2/LU/rLh/M3Ep+fyUeoC/P50F/Ts1an+ditmaaIHBrSqNRdI4rft1YrABnn98K19nFPLTnkM897ej0PqSxu2vycraZ/dz59+SSc0qJHXVFm5/ycIfXuzchHFiKnQedCk9KOGJp75nT24+q57/ljg7PHZXcN0r/4ZYAVPYVbz9mGsFaD0whBEGZwuW2fO28+7LO5g14yDTHsog25TDc2N2YbbDFQ9dyl+vBzd7DmMe+N45oK3N+e7vtCUpjHjw+99NlysRERE5PzTIrYhcnJrw+tasHcfZbgc37My797vy6Q6DNx8N60Lnht7gm9rwwufdOfmnPdze+6gz1vVtWPl2n3PSxcOKBwS7N747iqkNL6++jEmj9lcqXzvWfNTYMSm8efyjGzhx50aeGLTOGa9Laz5a3NjXPgOUknccOtzWsmndgwBMbXhp/eWE37mbu87sb5eWxK4Ja+Rbjlry3OrL+H7Ufv7Uxfkqqz4PXU70w01/ZxIA/p14Ky6bEWP388flzsFHxs7rz+SwJr6j+CJzpvXTLTOuYcTHG1mTCV6+7sAlRH1zJTljdrHxfTPbAUeQL6+uHEDBgq945wA4glrz8kt96bnHm8R+uzF/sZ/nPu7Agr6t6WM4yvbMErZ915RXZ4mIiIjUzc3hcDjOdyFERH4bSsgyF2H18qR96wvx5vjcly83qxAr7rS+kPcXd9oHN2XQ3DOK+clsxdO3Ga39f4HnE5ZisvJLwdOb1k3OMv0WNfZ8OtfzbOWLfxNbR4mIiIjURgkWEREREREREZEm0hgsIiIiIiIiIiJNpASLiIiIiIiIiEgTKcEiIiIiIiIiItJESrCIiIiIiIiIiDSREiwiIiIiIiIiIk2kBIuIiIiIiIiISBMpwSIiIiIiIiIi0kRKsIiIiIiIiIiINJESLCIiIiIiIiIiTaQEi4iIiIiIiIhIEynBIiIiIiIiIiLSREqwiIiIiIiIiIg0kRIsIiIiIiIiIiJNpASLiIiIiIiIiEgTKcEiIiIiIiIiItJESrCIiIiIiIiIiDSREiwiIiIiIiIiIk2kBIuIiIiIiIiISBMpwSIiIiIiIiIi0kRKsIiIiIiIiIiINJESLCIiIiIiIiIiTaQEi4iIiIiIiIhIEynBIiJ1yk1JY9I9G4hJyKl9QctJoh7cwLsphb9OwRrrgi1nMR88dX7LlbvnELMfS2BIn1X0G/QZk6ZtY4v51y1D6sdbuO+pNHLrXLKYuGkbeGLBoaoxlm5m0vP7sNQRwbInnUn3bGZb3Rv71f1a58KyZx9P3LOF1GoPViFxz29gSJ+VDHnwe7J+gW1a9uw75+fgl4gpIiIiUhclWESkTl++t4c1q0/y/Jx9td9g5efz/oqT7D5V+msVrXEu2HKWsif2JN9nnqdyZaQztN93vPl+DoE3tOK6YFjz2kHGXLmOhHN1Z10PmTuO82VsLqfrXLKU9M9OsiL6KD+dHWP3z8S/nMXJOiLkH8kmPv44x62NLu4v41c8F/lHslgRf5Qj+VXnZSXu5ImXTsKVLejTxQffX2Cb+Ueyzvk5+CViioiIiNTF43wXQEQucLlHeG+JHQC3lMP8J7UPk3tW/eqwACZfI+0A069bwga54MvZGvx9PAGwWMD0KxZyz6ZjHMHAq8l/Zmx35zmOTNjCtWPMxG/KYfDogF+lHJ5eQGcjzQEsJWCq+VeVZwCAAc/qYrSuOr0Ko6Ha9c+3X/Nc+DY3UtMx8PQCh8GDWUsGcd052+JZ2zQaAE+a+wKUcE7+NLlAz6uIiIj8tqkFi4jUak/8frZhYHZ8HwYb4LX3M1zmp67aQr+AOLr4xdFv+Lf8YAdPYMuCBNoN2sye8iVLiHtsDf0eSwNy+GBaAu394mjvF0e7rmuY/fFxAHJTUhnS9TOeeKxi/rin0spbzmQkfM+4rmXrBawqXw9KSHgzsSJmnw2s2lNcZznPZsk4xBODVlbadmpF64jcn4m6Z035vBGPfc+Zo5G75wCRw1eVz+sxPJHP9pQAsGXBBobck8i4PnG0C1hJTEpxjfvh2Ry2xSczIiCOLpfE0WNQIgkZJY09fQ1yylyE89dCRQua9oNDmfFQa9pjrfMY1HZeG3IMwAMyfuLxsatof8kq57xVP9dc8AD3Ki0rPD0r36TXXjfOcNa9Ndx3z2fly05acKjObka/hKaeiy0LEhjxWDLPjV1ZcXxXnWnPk88HT60rm76Ssc8eprqkRlZiMlcMNeNmL2FMwEqiEgtrP/+11o3at+lmt/D6g5/R3m8V7QJW"
01:01:11.628 [Forwarding screenshot on session d6a0bef0-bd24-11e6-8678-ab184a9d7075 to remote] DEBUG org.apache.http.wire - http-outgoing-0 << "8kSl477t42SGBMRVf01m/cTsStt0mVeukHcf+4x2Xdex6le6lkREROT3SQkWEalFISveOQmd2zFmYBduu8fAqdh9fF02rkFuyjb+dK8Zv3suI35DP4bhbOliBa76YyvcUo6yIqFsPJGsw/xriYWr+rVh1WMJPP16Hs8s7s/nm/rxt5tKeOOh70jIBevpAn7ILGTFElgQ358Ffw9g41u7WZhYCBlpjBi7n129g1m26QbmTPTgzYkbiUktYdub67nvmSzGzuvD55v6MbHNSR7pt56vs2ov59n7++qY71hhasd/kgfzn9h2bHxrD5PePA7kM/umr3kl3khU/A3Er7yM4iX7uf6eVCwc56F+21lqacX7G24kfmV3OidlMfFvu8gFrLkF/LA6i+xr2vHIxA5ca9xf4354BsD2t45zxb/78J+PLqPd9izufW73r3KTf924rvSghCf6xtNv+AZmL0glIQUmvzSQyNGX1HEMqP28NuAYgAE3ewnpLTqy7ItreGSwnTfu31pj1xi3lMM8MW0Lz03b7Pz3/GbeXGfB2QSGWutGZc66Z+HLLc14e8ONvD+vNWtmfMczH9cx9tAvoKnnwpprYfv7h1nXthPLvujDxP4lvHH/d2yxwGfTEol8K58H3ujHmrgQsrZXX4bWV3Xl9VktAXgkujejriiuZZu1l6c+2/xmiyevf3EDb0xtQVzZcc/dsoWREw/jNeVy4pNv5O15bdj41h4WJOQDOTw3NIk34g3MXnkDy2KD2fjWHsY8f6QsogeenoW8e89nTH+/kKmxAxjdWQ13RURE5JejvzREpEaWPQd4MwWGzO+EP3D92A64vX+Yd+J+5sYHLiF55Y84DG1477WraA9cvQqSLv0WAFPPbjzcZT9vvJ/B9ME9SI3bzxG8WTDSH582vXljbCCjB/qTZf7/9u49ruo63/f4yyUCEQiKSxkBDdFNpgyCmZgk2ZCZR7eO0W3yMh4tS1Nrjmkzzbgf20tbzalRM8rwlKG7i+img8fRYjIIC1NQBg05oESgm1yhIESLJa51/ljcYS0wvFXv5+PhQ9bv+v1+f7/fd63f5/f9fn9VRER4w47vsTSJeLx0MIbYECDaneTV+7lw8RJp7xdyHh92J0YSAYxZN4qa7kXc5lnJns2V2Eb3Z17sr3Ctgln/NpAt4wpIya7Gst9xOluyABRUcTS3kvvGDuOTAwNx9fPGnJlL3Em4d81Qxt12Mxb+haXPn2HG6pN8UnwLj28eyvwRQYz5FZz+byvjJuWRlVHdMI6IzWBk85t3EgSkrd7tIB+XSCsHnyfCWTs7GIC/zP+aRz6opAzwv/KHuLmgQXyc781bW/4fO98/S9xfyogjD1sfH+I/upt7zp10XAamwQRPdnxcXS+jDMCKzeDHrjcj8AfuWFzKaymlDpNtMxg4nXWuWcsFUwl1AZZqp+fG4G6tt7dq91gmhADDe/KX/5PE8rdOsfyhCLyvWEF3QKeORSiegM3gx3sbIwgCwv7NRPz4Us5VVpLxgRmfBbezfFogEMiut6sY8fvvWqfB24exI2/CZnBnzKRg+hccdbjPvSmXnKTnlg7tc9XuGKaEAJG9+CY1idVx+SxOuIX18UZGPRSMr6mam2/zxMdQ172vxMTOQpj34d3MivYA/Egmiy8xUIO9Vcxzd++luNCFlw7cz2Ohblf3mImIiMgvngIsIuJQ+jtFAKQ8m47/s43TP361gNOze+Pq5gJcamwJ4t2baCNcAMCDB//oy2tPFJJR0Y+UlyvpMT2MSG8XKvrAqwv3Mz+zyc4M7g1ddmwGF/r0rJ9xE4Pqt2mphSBPAhtW8uXJZb5QcZothdDlZBH3BBc1y0Pe4TJinKazKQ8WvBNG/sJsVsw4yArAFuzFS/F3Me68vQ1JytIvGLa0abo9cHX3oqflHE+FH6PE2mTe8PoxIGrB6FbfoMJxPqgmrQqi7mgyvoYbXKuxJApzTnPesxezno9i1vNgrqjm6P7jLPp9EXNeLCD7YSdlgAv9nB7XjpYBpFELRpeGPFe27s3TXFAg2/8+olkAJGP5bqYmABXnyXdybjCq9eZ63Fz/lwvDot1hi5kquKYBls4dC6CuDOvL21JXhq7flbHPBFGDPRpWcfXEIft6tVgsUOnkGrhU7iQ9Hdxn03K/I9odtlzE0Mud7z7L4o45rZu8mE6YOI87Y4Y1bjfioQgiAFOqvRVLyUkrXbCSV/wDKMAiIiIiV5kCLCLiQCkJm8zYJg9g958D6FZlBc9unPyvw8x/8QzbM2qIqKkFuja5+f+ODBNE1H0KuW8gERxk5eKDHPkW/vJEP6CcVXdlkxzux3uHwggL8YLUDAZPdtxCoT4wYqkBCms4BxgBqOatxQc5HRVEfyPYxodxZuMg+8LmcpISS/Eb3ZuqeOfpbFRNbjEsSpjCVq8qMg4U88qiPJ6bc5zIuK4APJU8gT9H22/oKgqL2X3AQsBXh/jNvDNELR7Ke/+zH0EBHuxZvIs5/3CQH4f5GIgF8O55k8OyuHqqeWvqF8QH9Cd3vz1Y4e7tQeSUESycVMRzh8u5MNtxGQz2KmfVoI4fV8dlMIQxl532S60CIBbqxtrw7u703OCb5iN22AzNe86ePG6GAHecxCCugs4eCzjpaNO9fIg2QmpuY9TKtVvHfgq4ejre5xDjOcfpCWp/nzaDC54N8Y9ajqaaIaAbmWs/ZXkCLNsVxQMj/DBSzMj+B6FbV7x6etDFeoajBbWMGW7fXtaWdNaf6sWycfZjueHIvdQs28dzv0snMn8iE4wdyqqIiIjIj6IxWESkTaf3nCLFCvPm3EpESG9Ch/sRGuLLlKdCuM0AW7cUEDbOny7WUv60Op/CknISXzjGkaYtOLwDmTfHhSPvl2MbHsCkUDfAQgVAgCfB/W+iKiefhZNLAJc2xkRpbsSkfnSxmvhfL5yg0FRJStxB/ry5DFe/XxH5kAsk5LAyqRSTqZztK9KZP+8YaedoP50NfuCt32UzcfqXZFS6MvjXPfEDCHbHP3IAEw3w2jMH2ZNTiSnva5aMO8hzTxdyvu7G0G+AD7/q1ZWMDz7n8c1WaPaiF2tD/hzno/42vuVrmttM7BXmwYPP+9Als4g7Yz8nKeU0WZnFvLU8hSUfQsTvAwl2Ugbn3DtyXDtSBt6tlnWmfhnHLXy8nJ4bLXWxWnnhj4fIKqkkY1s6Sz6ESbP7X9vuQZ0+FvXbaasMPbljvIHiTZm8nnKW03lfs+wZ+3FyxgJ4O9nnxWhn6Wl/n12stcyYcYickkoytn3JigMwafYAfGoAbqJfcA+8LGW8vjiTEivkfXUB99BAYg2wek4GaYXVFGYcZ+n/KuVwTTe6A2DAp6cXj718OxGYmTMjy/lr5kVEREQ6SS1YRKRNH717BlsfIw9GezSf4X0Lc6cfZWFCEbnrJrBzTTUPLM0m5UWw9XGnhwGga8Pi98wMhs15TJo9qG4Mkd7M+quR3c8WcMeHBQDEPGGkR7yJjOxKRnt2pWXV5Ir99crekREkv1bNpHnHiNp4DICJK25nYaQb7pG/YdmFVFbMSCeubr3YV0ayZLgbMKLddNr5suzDgZyaXMADt50BwBbsyzsvDcYdF9YfDMf8yBEeH73PPq+PFxs+u4tRoRaWTj7NmnnpJM4Dm8GDB2d6sCPhHLkV2PMT0K0hCOAsH+vq8trIBTzbGCjkKgidfTdbLQdY9MczzP/oTMP0mMVhbFhkP3qOyiAUN6fHNeYyyuDLj5ova9fW11VXevkCbY5B69IwyO2EVY7PDVNq6/ONY0VMus3enShqwVDWTvNtv/CusM4dC0jDURm6ELvxHk6Vf8qKqWmsqJ9lcPa8xQVPVwBfp8ff8TwXQp3s09Wt7josKGJ8fbkvDmP9NF/Iu5W7Nh3j8bBkAALG+RLVp4zPPjfBU6GsORhG+cRsHg3bA4DPuADeWxmM69Fz9vxaAOMtbHy7hKgZp/jztgDemNa7w8dBRERE5HJ0sdlstuudCBH5iTPXcPo7C74BXri3v7RdRTWnKy/h2csL7w6v1Hx/rr28MLZY12yqpqzGwXY7nM5aTCU/YHFzxd/YetwGU0klFreu+Bub"
01:01:11.628 [Forwarding screenshot on session d6a0bef0-bd24-11e6-8678-ab184a9d7075 to remote] DEBUG org.apache.http.wire - http-outgoing-0 << "B58qTJVU0Xr6j8nH9VWLyfQDlpquePbyaPP4OCqDyz6u17AMnJ4bgCk1g7DJ3/Fe0UTusFRS6eqF8do2XWlDJ45FO+zna9vneHuc7dPZvPb2aSqpBK+bMHo3f822qeSHNqY3n+/oehURERG5VhRgERERAUwpnxMWW0p8/lSN1SEiIiIil01dhERERACv4L7Mm+9B4LV4ZZOIiIiI/OyoBYuIiIiIiIiISCfpLUIiIiIiIiIiIp2kAIuIiIiIiIiISCcpwCIiIiIiIiIi0kkKsIiIiIiIiIiIdJICLCIiIiIiIiIinaQAi4iIiIiIiIhIJynAIiIiIiIiIiLSSQqwiIiIiIiIiIh0kgIsIiIiIiIiIiKdpACLiIiIiIiIiEgnKcAiIiIiIiIiItJJCrCIiIiIiIiIiHSSAiwiIiIiIiIiIp2kAIuIiIiIiIiISCcpwCIiIiIiIiIi0kkKsIiIiIiIiIiIdJICLCIiIiIiIiIinaQAi4iIiIiIiIhIJynAIiIiIiIiIiLSSQqwiIiIiIiIiIh0ksv1ToCIczWkfXCc7R+UcvSkhe5+NxEeHcDsZ4YQ4n5197t98edYHh3JrOEeHV/NfJaVjx8n6JmRPNZ0PfNZ1i44jv+TLab/DFVkHmfJ384SPjOcJ2N8HC9oLmPtgn9ifPIyy7i9/ReWcrJbLyICXMj5IIN1X3qxYd0QvB0lIy+fRStNzH31TiIcLXTZiShl5eJcTO6NMWw3t24EDO7DA7OD8b9Cu/nFaKs8u3tw59RbmTLcqxMb/pHX+VWSlXSUN7adqavrPIn+1yDv4dpqAAAeyUlEQVTmPhWMsZ31zHknWLTyXMfOYXMlOfkQGurVoevjp6OGxOUZfGyCxq+Grnj7ezLh4cFEBrm1uc6NdPyvhtMpR1n+/nnc3Vs/TzOb3Zi7LvLK1XsiIiKiFixyI6tmw/3JPDrnFMknIXpCbwbc/APbX8xlbGgqOearue9L5MWXcfTbS5e3WmU1ycllZJ+/1Gr6zh1tTP8Z+vjtPHZ/WMbyVfmYnC1YWcnWHWXkXskyqSgmNjydrf/8AYBvvyzh4/gKLM6SUWpi94dnKHW20OWymEndUcaOvefJSLf/+7/xZ1jz7BFG3J/lvFyktfryTCirK88ytm8sYv7YfWzIqO7Ehi+RHV9GxuVe51dBzpb9TJpRQHI2RP6mF33N5cQtPcLdjx+nvaqusvgcycmlHTiHa9hw/z7u23wW6Nj18dNxiRP/ZSK54Rw5T8beUra8WMDU8I/ZU9L2OjfK8b9aTh7+luRPK+rKw0TiVlNDvZT8aQXnfh4HX0RE5IahFixyw8rbdpA1ByB8QTiJq4IbnkrmbEtn/LxS1iWWsXWa79VLgBHcXC9znbrlWzWucTT956aimLcTrAB0ySxiZ044T4a2rmbMgLtXN/pyhcvEDS4A3jfbCzxm5RROrXNxug9j9J2cLK7F/Uo+xXW1p2NO/DiWR9c/Ga8hcfHHLIz/hkOmCCa01yxBGtWX54fjG8rTXHiS2PAjbE/8bxZGBv/IDXuwvHQSuLfVuuFaqubv28qwje5P9t9H1LVYqSVxwW4WJuTzyYtDnJ8v3QyAgY5UV+ZyCOze8evjpyZw/ggOrgps+FyYcoioqUVsTS5lwlN+LZa+UY7/1TPm+fs487z974qMDAaPL+Wdw1OIUasVERGRq0ItWOQGVc2Ov5ZhC+7LxibBFYDQaWEsGudOHy42LJu0ej/+3RPx755I3/AUEnOqOzAPcj7IYKSPfd7I2P08PDaJuXGlrVJjyjjOw4PqtuGzi2XbWi/TlGu3Frc6bt3o3uSjuaSYZdOTGtI1ccFR8uoeU2esT2Hi4xksid3VkObtqSdZNrZu/4P2kZhZl4eKs6ydvrvZdgrbLdurJy+5gCwMrEwOJ8YAG7c2T01Okr28g7snMvL+g3xlBVd+YEPsLiYu/7pxwYpiZg7axdrUSqCWlLjUJsdwP0l5NQBkrN/PvdNTeTjcflwejTlIiRW2TEpm5vrTZL31GcNj7S1GzIVfs2jsrobtPLw4h9NAReZRom//lDQTVGTmcO+gPSxakNJkueMNLU6abqPvoN08PHYXI6c7aZFysemTcTcmPtqHLtZaCr6paZX21zNryEs5ysSG8yyJZdtON6zteN/VvD59NxOn72OITyJ978/CRDnbX2jMQ99Bu1n5gf2ctedxN3MX7Gs4n5dsOUnS6sbPi+KKW+2zaZldL650bfjbPSiAyCCoqvucsT6FIbGNx6IiM4eRg1LIqHCWj2o2T/uYDanVQDUbYncz94XPmVhXJwwZm0pKfcsHJ9eas+1vX7yvYfqQsansKaxtM2+WcuDmrk1ak7gQ+/StPDjdn8C66sTZ+VGvIvMoIwelkFZRn7hS5g5KYm1qNVlxn7H+JJRsPMiQ2Cz+0eT6cFZXOr8uOp7Ha6N5a5SgKCMBBvj65Pd1+Uhi4v32uvfh9afqjn9ZO3WQ4+sJakhavZ8hdedM37Gp7MmrIWdLKn3DU8mqaNzknhf2MGT6UZpMuqYsNfV/tJjh5NxuWU/9bduRn2z9ISIici0owCI3pooyMgphyG8DCWo104sliRNZO83+NDJt+SfMf7GM2DXh7N0fzjSfchbe9Ql7SpzPq8jIYvycErpPH8jO/SOZxHnSM2s5VdK8Qb457zh3j8/l68j+7Dwwhtee78GWeeks2VPeZtK7A6nxh1j2wueN/547xlfW+iXKWDr0IPHJrqzcFcXOdwZgSihg7G+zqAAsFWaOvF/CkV8N4N3kwdxVVc6SSUfIujOEre+FEGGqZOHr3wCVrLw7jb8ld2NtchTJuwZSk1DA6Ok57XYpuDqq2bGlDIL6MjU6mN9ON3A+Pr/hRq8iM4vxM+zlnbx/JPdhLxALNzHs165kvZxHVl3C85IL+NhkYGiwF1lx/2DmUpP9GB4YyRy/MuaN/AdpJrBUfM9XH5o4d3tf5s0J5OFF/QGI+dNQFv1rL6pMFZzPNgPVbJh6mB3ufdl5KIad8X1J35zH3LhSLFXVFJuqqAIsVd/z1bfV7EiA9cmjWP8nH9I35/JGajVQxtLww+wo78Gmj6KIf/pm0jOtFB+ztNnFojtgtlwCajGba6kwnWXz68XYDO4MG+jWKu3DLLncM7WAwsj+vHsgipf+4MmWeV8wd9vZdvd94ZiZIx9W8j+eD2BOtDepC1J4btMFlr4zir0HRvLM3bW89sRhUirq82gmOcGVTckjWTbdle3PHmHePnc2Jd/OM5MM7PhjDmkVjsvseugOpCYe4fW4LDasP8Si2L8TdxIWPBoAgKWiqu5Y21mqKik2VXHO4jwf32Wb+a4uEGYuM7N74xki/hrOu+8NoO8REzP+eByz02vN8fZz4j7jufgfWJk8hk/2h3H7ERNzxh1uIyDnwYSnfeny0SlG+Ozi4cfT2bAtnyzXINZvHEGoN5hzjjo5P2iS77rzuf6krDRz1FRL1cVLBEcFcJsBfCb3Z/3iAGwN14fzutLZddHxPF4bVXUBFrO5FrO5mrTtJZRYIfoe37p81JL1hSeLFvsxdohn3fF3dVoHJTm5njLWf8r8F8uI+vdw9u4PY1KJiTkjM/CM6kWXkya27q/7nqgo5rVN1Qy9u+8NNt6N8++RlvXUr3vW/CTrDxERkWtFXYTkxmS5hAkYNqCx6bYpNYNhkxo70gc8HMJHb/Zl58tmfJ4IZ/1T9m4Ca5O6ktr/MO/vy8fH4bxSXE99g61PX97eOAx/IDLRQI7PF3zdIilfvl/IeVz49yW3Euh5ieDZg3ns/XS2bTzFCxMi2vyxfOZYOVnfNYlfmhtv/Coyi0i0wvP7f8Os4W6AH7vermbE77/hgCkCT8Bm8GtIF9ML+exlH95YFYo/4PmHk0xNOMepTDNxJ+HeNUMZd9vNWPgXlj5/hhmrT/KJKfSad0Ex550kLhPufeUWvIHRsYF02VrElsSzjJndm0O7vmmWr4gk+KL/QQDGTB9Ij5eP8d4nlURM6MqOv5bBpMFMCKhm5eZKbKP7My/2V7hWwax/G8iWcQWkZFcTA9gMRja/eac9EGcuZpOhiP6jgogIciMNqI8j"
01:01:11.629 [Forwarding screenshot on session d6a0bef0-bd24-11e6-8678-ab184a9d7075 to remote] DEBUG org.apache.http.wire - http-outgoing-0 << "WwAKqjiaW8l9Y4fxyYGBuPp5w1f2+U3bHL10MIbYECDaneTV+7lw8RIVqfkkWmHZO2OZEgpE+rGpYBfz0mmza4YbsP2RFLa3mP7gK7czxhvSWqQ9bflubAYjuxJGEAIQ2ovKfyax/N9PsSQQp/u2AD5PhLP2+WCglpwUK6/F9mRKtDemkioiIrxhx/dYmkSCVh0cy5QQMLuVsmJrEcs2jGZKqAtmt1L+llxKlcVJmV0HbkBWwhkuBBmoqrJS/q09QHcq9zwMr+/60fSZQeNxdZyP5q0dLOX2clw+215f/OUP3/BIQgVnMk86udaCHW7/2/+8BFjJPXqOsPH+vHjQm8Wunm0OWhsxeyxfDsnnre1FJCeUkv5+KWvIJmBmCLs3hpL7XyUOz49n4ptuqcX53OTk9A4N4t6gY+zs50dMZG/SPqpfvsxJPVrKiIH29du6Lr63dDyPV5urD5RvPIL/xiPNpvtMHsCiCT6Qav+86rO7mRXqAlSzrG4Zx3VQLTmTwxxcT5XsebUS28ww3lhkL7f1uyF47yXoH8TS0bmsfuMUa6ZE8N/7CsjCnXf+tfe1K5AOMDs9t0Prvo8a6ylTagbw06s/RERErhUFWOTG5OXOrcDR3MbuPF79/Fn5ys24ehnI+yCX+E8rqaqo5iTwwPgmP1q9fZkUBO9mlxPkaF7u98zu7gKmmiatD3oxPAiOtUqMgS7WWhaN3td8so+FKmgVYLkAPPq3e/lzdJN+/eZi7vWzBxMsVRZsBgMD+zXO9+xhvxTt90K1YHRpcl/U/LOlLk015+1Bm5SlXzBsadPkenRoLIYrLf2dInt6nk3H/9nG6R+/WsDp2b1xdXMBLjWWt3dvoo328iIoiLmjjrH6f3/DC4O7EncS5v0tCCrOk18IXU4WcU9wUbP95R0uI4ZaMLrhWT+x5pJ9exct2G/J63mw4J0w8hdms2LGQVYAtmAvXoq/i3Et8mEzuNCnZ/2nmxhUl0YLYDMY6NdkGIeeRtfGPiot1AAxK8J4aqQ7lppLWOhG8G19CDLWV7st0l6n8di5MOx2d8juwL6rIOoOn4b1+vWBVxfuZ35mkw0b3Bu2bTO4EFiXx8qaS9gM7gzs51L3uT4djsss6DrcPZtoPgYLVPP69L0sfzqLiZMmOFnzMvLRrBzrtXetOd7+Y4vuZFnB56z4yzG2/+UYNoOBB/8jgjVP3dJi3JMacjK+w3PYIP4cOYg/b4SKkjJ2xx1mycY8Nk6+hZi6Jds6P9rT2D2x/vprMairs3o093sY6Pi6iOxwHq8+SznYJg/gvflGqAHLxUv0DPQlIsT+pikTYDO4E9ivjZ8+juogp9dTV1w9IbB7t4bJ7iGDWBJi/3vSXD9W//5rPikZREFcGTw4mJgbbOylyna/R1rXUz/F+kNERORaURchuTG592DUKCje9BVJdZ3B3YMCmTU7lMceGsKYkLofyN5u+AM79zZpJm++QE4hRN3h7XjeMC8sNbVA4w9jOM/xQlrd8FpqLNgMPiRfiOV03b+9u8LY8NwtOBpi13KxRaeRyrobf4CLVrpYrXxb2jhOgeV7+9+X80IHV0/7eBRPJU9oSNdX2SN56dUQBnfmzbU/SikJm8zYJg8g+dAY9u6PYu+hsWz6kxddTp5he0ZNXXl3bXKD+B0ZDa9UdeOBBX6Qks+SZSewGYw8Fu0B3t3pbwTbzLCGPJ4+G8Om14by7MNOngS3HAOHanKLYVHCFE4Xx7DzvRDuqqrkuTnH+a6dnDU9Ji2P2zmTpfUJU+cC0H+YP5GRgYyJvoWYaP8mwZU29lPTetyKkpNmwEptO/u2AN49b6qbU86qu7JJxo93D93HVxdi+So5AHA2LkZtGyef4zK7fm9B6trkbw+GDXEHLI3dYWgMQLhS3yev4/loXo5Ntun0WnO8/dyccvrF3snpC1P4ZP/tPD/dlR1/PMonLXdsKmH8uC94fntjXeUd4Mtjq4YSYLAPCt3e+dHgorV5Qbh1bax7wB6Uc2tajjivR4e1XZnUF7mpo3m8RgL7GRkTGciY6EBiYm5pCK40autcB4d1UHvXUxVU1TQGrMx5J5gZ+zlZFRA0fiB3YeW1NVm8cQSemd26w+v1dmW+R34q9YeIiMjVpwCL3KDcePLNcIZQzbzwJJbFnSAto5S0PSdYNj2JmRtrYaA7nvTm/ukGzsdns3ZPKacLz/L6gkOkWyE8rL+Ted6MmHoLXaylPLLgKBmZxayM/ZwUK80GowUIm+RPF2s5yxYfJ6+kmqw9hxg/NZuFn3zf8Se0Te73jVEDiDHACzMOkFZYzenMEzz9u1Iw9iK44cmetZ1gixX3yAFMNMBrzxxkT04lpryvWTLuIM89Xci5a/zo+PSeU6RYYd6cW4kI6U3ocD9CQ3yZ8lQItxlg65YCwsb508Vayp9W51NYUk7iC8c4Ym3chv+Ef2EStez+sJa7/iOkbuwdLyIfcoGEHFYmlWIylbN9RTrz5x0j7VxjWTSUlcV+o5OXWkBOYXWT+T/w1u+ymTj9SzIqXRn86574AQS709F7CGP0IGIN8MLUT0nMKGXP+v3M32qFlg0emrrY3utfG9MeNs6PLlYTC144QaGpmoxt6Sx6HyKe7k9oh/Zdvy+LfRDNAE+C+99EVU4+CyeXAC6X+TrezpfZldQdyPro/7EnKZ+kpBO8tTqVB16shiA/woyAqwuYSnk3pYzCnHwWzjmDvZHm5eaj5TFr71pzvP3T7x1lzuRPeD21Ar+BvvQzGgAXXFvG/4y9WTQa0p9NY+7yHNIySslIzWfJ/fZBmwf3cXV6fjR9N45XHw+6WGt5c30+hSVlvPVcJiUN15kHQ8cbKN5fREpOZUP+LE7rUeddOnI7msdr5se/crntOsjZ9eRB5EPunI/PZkPKWUwlpWx44Rgfp9TQzRtw9+Px+e4c2WrivNGPByM9nOz92mlaD3h36Hukve+jttxY9YeIiMi1oi5CcuMKCCb5iCvrlmUTt/QYW+om2wzuTFsTynNPBeMNTNl4D9+Y01nzSDrrsTdffua9sTwZ6gbO5jGML3dZmRpbwANbC7htspFwgwn/MPvPP1fsT46NkSNIfu0i05/O5Z7NufakTR7AOyvbfjVsywCNXdfGMQnc/djw2VCemHqMR8P22PM03Mg7CVGEAN/iAgHdmnUFaN5Kon6+L+sPhmN+5AiP13VfsvXxYsNndxF6WQXdeR+9ewZbHyMPRre4gfC+hbnTj7IwoYjcdRPYuaaaB5Zmk/Ii2Pq408MAja0SevPY8x4kr7Yyc1LjLeOEVb9h2YVUVsxIJ65uWuwrI1ky3I20/9uirIy+PBBjYP26XB654E5c98ayWvbhQE5NLuCB284AYAv25Z2XBuP17RHqq0JXt660rBbrzwPwZX3RKNweOciicenYgr24Kxg+K2/75qPt86Cp5mk3Rkey85V0Hnj2GFEb7R3Vwp8YzFuL/AGc7rsxjfZynPVXI7ufLeCODwsAiHnCSI94ExnZlYz2bJ7Hlnlu/Oy4zK7Ha33dgCMb83i8ybTwhwP484uR+AP+s8OY9P5BVkzdzwogaqYvPRK+x+I0H5ZmZde8HKFj15qbw+3H9DQyJ+tzVkyyp8lmMDBnc1Qbr8j1Ysl/jYEFX7J+XR671+XZt2Pw4PlddzIr1A1wcn6k1geTwD10MOufOMOiddlErQPbaB8CDY0Dcg++qzddtpYy4y4z//GHxnPQWT1akeH4uhizJLKDebzautLdWbCT9q5vaLsOcn49LV8VxbKz6ayYmsYa7Mds1d6RDXVwzIwgfDblMvTpoDYGbL8eXPBsFvxy/j2S1qKeclxftPx8Y9UfIiIi10oXm81mu96JEGmXuQZTDWABo9Gt7UVM1ZTVgG+AR6sfcG3NO52axR+2GXj1zWH24EfF19zb/zDhifexNqaNZ2zmGk5/Z8HV6yaM3lciNlmLqeQHLG6u+DvIU0eZSiqxuHXF33hjPCF1qq4cfQO8LuuHtv0YXsKzlxfeP/oXeifKvKKUJY8c446/3U1siAtQy+uxSSwnhFOJoVfupqHhPPPCWH+T+mP2XVHN6crOlhdcyfP0WrBfCzfh"
01:01:11.629 [Forwarding screenshot on session d6a0bef0-bd24-11e6-8678-ab184a9d7075 to remote] DEBUG org.apache.http.wire - http-outgoing-0 << "36o71pXJh+NrzfH2K0zVVDmom1ox12CqvAR0bbuua+v8aGszFdWUVYJ/QBt1grmGCrri7d66HnNWjzpzWXn8KWrnenJUbqaUDMJiz/DasalMCbhmqf1Rrs73yE+r/hAREeksBVjkF6siM4vbxp7CNtqXeaO6kfpyKcfxIP7YBCbc4D+E5TowlzLTL52PcWfaH3pR8cUZdh+wMvu9GJZPaOfR+U953yJy+cylLLr/cxIzrdgmD+ZUwpCfZ+BJREREmlGARX7RClNPELethKLzl/D7dR8e/Z9DiQxQzzlxoKSU1+Py2J9nxr2HF+Om3cZj0dcowHE99y0il8d8lrULjnDc3cjilRGE6u3EIiIivwgKsIiIiIiIiIiIdJLeIiQiIiIiIiIi0kkKsIiI/KKUsWHBfhYtz7e/frZBDdsX7+etzGoH6/14FYWlZJXUOlmihrQPspgbu4eR4Unce/8+lqw+Tp7ZySpXgDnvBHOnf05WRfvLioiIiIi0RwEWEZFfEFNKPmu2lrHj5Rw+Lmw65xJ58WUc/fbSld1hRTGx4els/ecPDhaoZsP9yTw65xTJJyF6Qm8G3PwD21/MZWxoKjlXMchSWXyO5ORSStt6z7aIiIiIyGVSgEVE5Bejlt1bzwDQxWrljYTi5rON4H2zKwBXLK7hBhdo3G5LedsOsuYAhC8I59SRCaxddSdvJE5h72t+dPnWxLrEsiuVkta6GQADbadMREREROTyKMAiIvJLYSri9WQrUWtuZ+1MA8dfziOnyWxXT/hiWwb3+iQS3D2Re6cfIqeh+0w1Sav34989Ef/uifQNTyExx96dKGN9CkNiszDVLVmRmcPIQSlkVFSz4bcHKbHClknJzFx/ukWCqtnx1zJswX3ZuCq42WtsQ6eFsWicO324CIC5pJhl05Ma9j9xwdEmXYgcpw0q2b54X8O8mYtTuTc8hbRW3YJqSYlLbbKN/STl1fzoohYRERGRXx4FWEREfiGyEgspxsCDk27hgdi+dLGWk5BU3jDf1Qe+et/EqFdHkrxrICQXcd/so1QAacs/Yf6LZcSuCWfv/nCm+ZSz8K5P2FMClooqzmc3tnmxVFVSbKrinMWD+xb0ByDmT0NZ9K+9mieoooyMQhjy20CCWqXWiyWJE1k7zQ8oY+nQg8Qnu7JyVxQ73xmAKaGAsb/NajdtKS+ksmRzJbNfu53kXSGciTdxvNCMpUW3oKy4fzBzqcm+jQMjmeNXxryR/yDN1CphIiIiIiJtUoBFROQXoZykl8shPJBRAeA+8hYmGmDbG6caBru1lEPAgpEsnxZIRMwwNr9thJSvOWAqY+fLZnyeCGf9U8GEDg9mbdLtBGLm/X2ldWs3/Tqx/+0KhNzjx20G6D8qiIggt+ZJslzCBAwY0DjdlJrR0IrEv3siIx/PoTiziEQrPP+P3zArxo/IKRHsetsPvvimnbTlk7zJTMCC21k+7RYiYkL5z8S+QMsBd6vZs7kS2+j+zIv9FZ6evsz6t4F0sVaTkn3lB/0VERERkZ8nl+udABERufrMmafY8i10+baIO7oXNc744mt25f2aWSFgqYLosb4Ns3r62QMfrheqOQk8ML5343revkwKgndzv2d2dyc7rrnEBYCLFqBFgMXLnVuBo7mNQQyvfv6sfOVmXL0M5H2QS/ynlZRPM2AzGBjYr3F9zx4u7actqwxP4L4meTLe2pMenKVZA5YL58kvhC4ni7gnuKjpHPIOl0GMh5MMioiIiIjYqQWLiMgvwN63v8Fm8GD9/jHsPTCGvQfGsjd5IIFYef1Ne1DBFSjKr2pYp+qcvaWHpbsb/sDOvWcbN2i+QE4hRA3zapjk2vC/tXUCurUxlKx7D0aNguJNX5FU90Yj96BAZs0O5bGHhjAmpO4ZwEUrXaxWvi1tbHli+b4DaRvVk1uBLw43doMynTjH+SZpBaB7d/obwTYzjNMXYu3/zsaw6bWhPPtwb0REREREOkIBFhGRn7uKYuITaukxfRCxw3sTGtqb0FBfQqOHMisGiuMLyKgA1wD47I9fsj2zktM5+fzpd6Uwqh8jjL25f7qB8/HZrN1TyunCs7y+4BDpVggP8wZXFzCV8m5KGYU5+Sycc4aGBpIW+2uf81ILyCls2d3GjSffDGcI1cwLT2JZ3AnSMkpJ23OCZdOTmLmxFga60y9qADEGeGHGAdIKqzmdeYKnf1cKxl4EO01bf6b/wZ2vXjzIsm1fk5WSw+9im6StgReRD7lAQg4rk0oxmcrZviKd+fOOkXbuKh8bEREREfnZUBchEZGfOdOhYo5Y4S+/79dijguTngxgxUcl7DlQhSdAUC1Lxu4DwDbcj13vRWAEpmy8h2/M6ax5JJ31gM3gwjPvjeXJUDfwC2PS+wdZMXU/K4Comb70SPje3g3H6MsDMQbWr8vlkQvuHF8X3DwJAcEkH3Fl3bJs4pYeY0vdZJvBnWlrQnnuqWC8gQ2fDeWJqcd4NGxPXdqMvJMQRQgQ4ixtoePZxD+YP+8w8QYDEeHAkfqdd6X+a3DCqt+w7EIqK2akE1c3N/aVkSwZ3qJbk4iIiIiIA11sNpvteidCRERuHGZTJWU1XfEPaD32iNlUTVkN+AZ4NHutMoCppBKL2034G39k7N5cg6kGsIDR2FZgoxZTyQ9Y3Fzxb2N+67TVsH3Bp2SPDGftNHtXn8IPUhn9xHni86cwwdhGEkzVlNVcwrOXF94tMygiIiIi4oQCLCIi8rOVtGAX87daiZrZl1AqidtaiW1yCLkJoXhf78SJiIiIyM+KAiwiIvIzVk3Kln+y4+8VlN/kSujd/Zg7O5g2Gq+IiIiIiHSKAiwiIiIiIiIiIp2ktwiJiIiIiIiIiHSSAiwiIiIiIiIiIp2kAIuIiIiIiIiISCcpwCIiIiIiIiIi0kkKsIiIiIiIiIiIdJICLCIiIiIiIiIinaQAi4iIiIiIiIhIJynAIiIiIiIiIiLSSQqwiIiIiIiIiIh0kgIsIiIiIiIiIiKdpACLiIiIiIiIiEgnKcAiIiIiIiIiItJJCrCIiIiIiIiIiHSSAiwiIiIiIiIiIp2kAIuIiIiIiIiISCcpwCIiIiIiIiIi0kkKsIiIiIiIiIiIdJICLCIiIiIiIiIinfT/AfjGxM/XKrRLAAAAAElFTkSuQmCC"}"
01:01:11.629 [Forwarding screenshot on session d6a0bef0-bd24-11e6-8678-ab184a9d7075 to remote] DEBUG org.apache.http.impl.conn.PoolingHttpClientConnectionManager - Connection [id: 0][route: {}->http://localhost:23446] can be kept alive indefinitely
01:01:11.629 [Forwarding screenshot on session d6a0bef0-bd24-11e6-8678-ab184a9d7075 to remote] DEBUG org.apache.http.impl.conn.PoolingHttpClientConnectionManager - Connection released: [id: 0][route: {}->http://localhost:23446][total kept alive: 1; route allocated: 1 of 2000; total allocated: 1 of 2000]
]]></system-out>
  <system-err><![CDATA[Dec 08, 2016 1:00:51 AM org.openqa.selenium.phantomjs.PhantomJSDriverService <init>
INFO: executable: /usr/local/bin/phantomjs
Dec 08, 2016 1:00:51 AM org.openqa.selenium.phantomjs.PhantomJSDriverService <init>
INFO: port: 23446
Dec 08, 2016 1:00:51 AM org.openqa.selenium.phantomjs.PhantomJSDriverService <init>
INFO: arguments: [--webdriver=23446, --webdriver-logfile=/Users/raliclo/work/bak2/HackerRanks/IDEAs/phantomjsdriver.log]
Dec 08, 2016 1:00:51 AM org.openqa.selenium.phantomjs.PhantomJSDriverService <init>
INFO: environment: {}
[INFO  - 2016-12-08T09:00:57.945Z] GhostDriver - Main - running on port 23446
Dec 08, 2016 1:00:58 AM org.openqa.selenium.remote.ProtocolHandshake createSession
INFO: Attempting bi-dialect session, assuming Postel's Law holds true on the remote end
[INFO  - 2016-12-08T09:00:59.875Z] Session [d6a0bef0-bd24-11e6-8678-ab184a9d7075] - page.settings - {"XSSAuditingEnabled":false,"javascriptCanCloseWindows":true,"javascriptCanOpenWindows":true,"javascriptEnabled":true,"loadImages":true,"localToRemoteUrlAccessEnabled":false,"userAgent":"Mozilla/5.0 (Macintosh; Intel Mac OS X) AppleWebKit/538.1 (KHTML, like Gecko) PhantomJS/2.1.1 Safari/538.1","webSecurityEnabled":true}
[INFO  - 2016-12-08T09:00:59.875Z] Session [d6a0bef0-bd24-11e6-8678-ab184a9d7075] - page.customHeaders:  - {}
[INFO  - 2016-12-08T09:00:59.876Z] Session [d6a0bef0-bd24-11e6-8678-ab184a9d7075] - Session.negotiatedCapabilities - {"browserName":"phantomjs","version":"2.1.1","driverName":"ghostdriver","driverVersion":"1.2.0","platform":"mac-unknown-64bit","javascriptEnabled":true,"takesScreenshot":true,"handlesAlerts":false,"databaseEnabled":false,"locationContextEnabled":false,"applicationCacheEnabled":false,"browserConnectionEnabled":false,"cssSelectorsEnabled":true,"webStorageEnabled":false,"rotatable":false,"acceptSslCerts":false,"nativeEvents":true,"proxy":{"proxyType":"direct"}}
[INFO  - 2016-12-08T09:00:59.876Z] SessionManagerReqHand - _postNewSessionCommand - New Session Created: d6a0bef0-bd24-11e6-8678-ab184a9d7075
Dec 08, 2016 1:01:00 AM org.openqa.selenium.remote.ProtocolHandshake createSession
INFO: Detected dialect: OSS
]]></system-err>
</testsuite>
