<?xml version="1.0" encoding="UTF-8"?>
<testsuite name="Java8_Tests.ClassTest.TestNG_PersonTest" tests="4" skipped="0" failures="0" errors="0" timestamp="2016-12-08T19:17:33" hostname="tastypotinc.private" time="0.095">
  <properties/>
  <testcase name="collect0" classname="Java8_Tests.ClassTest.TestNG_PersonTest" time="0.066"/>
  <testcase name="collect1" classname="Java8_Tests.ClassTest.TestNG_PersonTest" time="0.01"/>
  <testcase name="collect2" classname="Java8_Tests.ClassTest.TestNG_PersonTest" time="0.001"/>
  <testcase name="collect3" classname="Java8_Tests.ClassTest.TestNG_PersonTest" time="0.011"/>
  <system-out><![CDATA[{chicago=[Java8_Tests.ClassTest.Person@53227aa2, Java8_Tests.ClassTest.Person@7a0185ff], new york=[Java8_Tests.ClassTest.Person@6f3883ae, Java8_Tests.ClassTest.Person@54da519b]}
{chicago=[raliclo], new york=[raliclo1, raliclo3]}
{chicago=[raliclo, raliclo], new york=[raliclo1, raliclo3]}
{raliclo1=[Java8_Tests.ClassTest.Person@6f3883ae], raliclo=[Java8_Tests.ClassTest.Person@53227aa2, Java8_Tests.ClassTest.Person@7a0185ff], raliclo3=[Java8_Tests.ClassTest.Person@54da519b]}
]]></system-out>
  <system-err><![CDATA[]]></system-err>
</testsuite>
