<?xml version="1.0" encoding="UTF-8"?>
<testsuite name="ScalaTest.ShouldBeTest" tests="4" skipped="0" failures="0" errors="0" timestamp="2016-12-08T14:11:14" hostname="tastypotinc.private" time="1.625">
  <properties/>
  <testcase name="verifyEasy" classname="ScalaTest.ShouldBeTest" time="1.446"/>
  <testcase name="verifyException" classname="ScalaTest.ShouldBeTest" time="0.013"/>
  <testcase name="verifyFun" classname="ScalaTest.ShouldBeTest" time="0.148"/>
  <testcase name="verifyShould" classname="ScalaTest.ShouldBeTest" time="0.01"/>
  <system-out><![CDATA[ListBuffer(sweet)
ScalaTest is fun!
ListBuffer()
ListBuffer()
ListBuffer(fun)
ListBuffer()
lb should beSucceeded
]]></system-out>
  <system-err><![CDATA[]]></system-err>
</testsuite>
