<?xml version="1.0" encoding="UTF-8"?>
<testsuite name="advanced_Selenium.phantomjsTest" tests="1" skipped="0" failures="0" errors="0" timestamp="2016-12-08T19:13:45" hostname="tastypotinc.private" time="89.139">
  <properties/>
  <testcase name="testPhantomJSDriver" classname="advanced_Selenium.phantomjsTest" time="89.139"/>
  <system-out><![CDATA[11:13:57.835 [Forwarding newSession on session null to remote] DEBUG org.apache.http.client.protocol.RequestAddCookies - CookieSpec selected: default
11:13:57.993 [Forwarding newSession on session null to remote] DEBUG org.apache.http.client.protocol.RequestAuthCache - Auth cache not set in the context
11:13:58.000 [Forwarding newSession on session null to remote] DEBUG org.apache.http.impl.conn.PoolingHttpClientConnectionManager - Connection request: [route: {}->http://localhost:1871][total kept alive: 0; route allocated: 0 of 2000; total allocated: 0 of 2000]
11:13:58.158 [Forwarding newSession on session null to remote] DEBUG org.apache.http.impl.conn.PoolingHttpClientConnectionManager - Connection leased: [id: 0][route: {}->http://localhost:1871][total kept alive: 0; route allocated: 1 of 2000; total allocated: 1 of 2000]
11:13:58.162 [Forwarding newSession on session null to remote] DEBUG org.apache.http.impl.execchain.MainClientExec - Opening connection {}->http://localhost:1871
11:13:58.166 [Forwarding newSession on session null to remote] DEBUG org.apache.http.impl.conn.DefaultHttpClientConnectionOperator - Connecting to localhost/127.0.0.1:1871
11:13:58.169 [Forwarding newSession on session null to remote] DEBUG org.apache.http.impl.conn.DefaultHttpClientConnectionOperator - Connection established 127.0.0.1:56186<->127.0.0.1:1871
11:13:58.170 [Forwarding newSession on session null to remote] DEBUG org.apache.http.impl.conn.DefaultManagedHttpClientConnection - http-outgoing-0: set socket timeout to 10800000
11:13:58.171 [Forwarding newSession on session null to remote] DEBUG org.apache.http.impl.execchain.MainClientExec - Executing request POST /session HTTP/1.1
11:13:58.171 [Forwarding newSession on session null to remote] DEBUG org.apache.http.impl.execchain.MainClientExec - Target auth state: UNCHALLENGED
11:13:58.172 [Forwarding newSession on session null to remote] DEBUG org.apache.http.impl.execchain.MainClientExec - Proxy auth state: UNCHALLENGED
11:13:58.175 [Forwarding newSession on session null to remote] DEBUG org.apache.http.headers - http-outgoing-0 >> POST /session HTTP/1.1
11:13:58.175 [Forwarding newSession on session null to remote] DEBUG org.apache.http.headers - http-outgoing-0 >> Content-Type: application/json; charset=utf-8
11:13:58.176 [Forwarding newSession on session null to remote] DEBUG org.apache.http.headers - http-outgoing-0 >> Content-Length: 234
11:13:58.176 [Forwarding newSession on session null to remote] DEBUG org.apache.http.headers - http-outgoing-0 >> Host: localhost:1871
11:13:58.177 [Forwarding newSession on session null to remote] DEBUG org.apache.http.headers - http-outgoing-0 >> Connection: Keep-Alive
11:13:58.177 [Forwarding newSession on session null to remote] DEBUG org.apache.http.headers - http-outgoing-0 >> User-Agent: Apache-HttpClient/4.5.2 (Java/1.8.0_101)
11:13:58.178 [Forwarding newSession on session null to remote] DEBUG org.apache.http.headers - http-outgoing-0 >> Accept-Encoding: gzip,deflate
11:13:58.179 [Forwarding newSession on session null to remote] DEBUG org.apache.http.wire - http-outgoing-0 >> "POST /session HTTP/1.1[\r][\n]"
11:13:58.179 [Forwarding newSession on session null to remote] DEBUG org.apache.http.wire - http-outgoing-0 >> "Content-Type: application/json; charset=utf-8[\r][\n]"
11:13:58.180 [Forwarding newSession on session null to remote] DEBUG org.apache.http.wire - http-outgoing-0 >> "Content-Length: 234[\r][\n]"
11:13:58.180 [Forwarding newSession on session null to remote] DEBUG org.apache.http.wire - http-outgoing-0 >> "Host: localhost:1871[\r][\n]"
11:13:58.180 [Forwarding newSession on session null to remote] DEBUG org.apache.http.wire - http-outgoing-0 >> "Connection: Keep-Alive[\r][\n]"
11:13:58.181 [Forwarding newSession on session null to remote] DEBUG org.apache.http.wire - http-outgoing-0 >> "User-Agent: Apache-HttpClient/4.5.2 (Java/1.8.0_101)[\r][\n]"
11:13:58.182 [Forwarding newSession on session null to remote] DEBUG org.apache.http.wire - http-outgoing-0 >> "Accept-Encoding: gzip,deflate[\r][\n]"
11:13:58.182 [Forwarding newSession on session null to remote] DEBUG org.apache.http.wire - http-outgoing-0 >> "[\r][\n]"
11:13:58.183 [Forwarding newSession on session null to remote] DEBUG org.apache.http.wire - http-outgoing-0 >> "{"capabilities":{"desiredCapabilities":{"browserName":"phantomjs","version":"","platform":"ANY"},"requiredCapabilities":null},"desiredCapabilities":{"browserName":"phantomjs","version":"","platform":"ANY"},"requiredCapabilities":null}"
11:13:58.199 [Forwarding newSession on session null to remote] DEBUG org.apache.http.wire - http-outgoing-0 << "HTTP/1.1 200 OK[\r][\n]"
11:13:58.206 [Forwarding newSession on session null to remote] DEBUG org.apache.http.wire - http-outgoing-0 << "Cache: no-cache[\r][\n]"
11:13:58.206 [Forwarding newSession on session null to remote] DEBUG org.apache.http.wire - http-outgoing-0 << "Content-Length: 534[\r][\n]"
11:13:58.207 [Forwarding newSession on session null to remote] DEBUG org.apache.http.wire - http-outgoing-0 << "Content-Type: application/json;charset=UTF-8[\r][\n]"
11:13:58.207 [Forwarding newSession on session null to remote] DEBUG org.apache.http.wire - http-outgoing-0 << "[\r][\n]"
11:13:58.207 [Forwarding newSession on session null to remote] DEBUG org.apache.http.wire - http-outgoing-0 << "{"sessionId":"7836b5d0-bd7a-11e6-9730-e5ec4f8847f6","status":0,"value":{"browserName":"phantomjs","version":"2.1.1","driverName":"ghostdriver","driverVersion":"1.2.0","platform":"mac-unknown-64bit","javascriptEnabled":true,"takesScreenshot":true,"handlesAlerts":false,"databaseEnabled":false,"locationContextEnabled":false,"applicationCacheEnabled":false,"browserConnectionEnabled":false,"cssSelectorsEnabled":true,"webStorageEnabled":false,"rotatable":false,"acceptSslCerts":false,"nativeEvents":true,"proxy":{"proxyType":"direct"}}}"
11:13:58.209 [Forwarding newSession on session null to remote] DEBUG org.apache.http.headers - http-outgoing-0 << HTTP/1.1 200 OK
11:13:58.209 [Forwarding newSession on session null to remote] DEBUG org.apache.http.headers - http-outgoing-0 << Cache: no-cache
11:13:58.209 [Forwarding newSession on session null to remote] DEBUG org.apache.http.headers - http-outgoing-0 << Content-Length: 534
11:13:58.210 [Forwarding newSession on session null to remote] DEBUG org.apache.http.headers - http-outgoing-0 << Content-Type: application/json;charset=UTF-8
11:13:58.222 [Forwarding newSession on session null to remote] DEBUG org.apache.http.impl.execchain.MainClientExec - Connection can be kept alive indefinitely
11:13:58.252 [Forwarding newSession on session null to remote] DEBUG org.apache.http.impl.conn.PoolingHttpClientConnectionManager - Connection [id: 0][route: {}->http://localhost:1871] can be kept alive indefinitely
11:13:58.254 [Forwarding newSession on session null to remote] DEBUG org.apache.http.impl.conn.PoolingHttpClientConnectionManager - Connection released: [id: 0][route: {}->http://localhost:1871][total kept alive: 1; route allocated: 1 of 2000; total allocated: 1 of 2000]
11:13:58.413 [Forwarding get on session 7836b5d0-bd7a-11e6-9730-e5ec4f8847f6 to remote] DEBUG org.apache.http.client.protocol.RequestAddCookies - CookieSpec selected: default
11:13:58.416 [Forwarding get on session 7836b5d0-bd7a-11e6-9730-e5ec4f8847f6 to remote] DEBUG org.apache.http.client.protocol.RequestAuthCache - Auth cache not set in the context
11:13:58.423 [Forwarding get on session 7836b5d0-bd7a-11e6-9730-e5ec4f8847f6 to remote] DEBUG org.apache.http.impl.conn.PoolingHttpClientConnectionManager - Connection request: [route: {}->http://localhost:1871][total kept alive: 1; route allocated: 1 of 2000; total allocated: 1 of 2000]
11:13:58.424 [Forwarding get on session 7836b5d0-bd7a-11e6-9730-e5ec4f8847f6 to remote] DEBUG org.apache.http.impl.conn.PoolingHttpClientConnectionManager - Connection leased: [id: 0][route: {}->http://localhost:1871][total kept alive: 0; route allocated: 1 of 2000; total allocated: 1 of 2000]
11:13:58.438 [Forwarding get on session 7836b5d0-bd7a-11e6-9730-e5ec4f8847f6 to remote] DEBUG org.apache.http.impl.execchain.MainClientExec - Stale connection check
11:13:58.446 [Forwarding get on session 7836b5d0-bd7a-11e6-9730-e5ec4f8847f6 to remote] DEBUG org.apache.http.wire - http-outgoing-0 << "[read] I/O error: Read timed out"
11:13:58.448 [Forwarding get on session 7836b5d0-bd7a-11e6-9730-e5ec4f8847f6 to remote] DEBUG org.apache.http.impl.conn.DefaultManagedHttpClientConnection - http-outgoing-0: set socket timeout to 10800000
11:13:58.450 [Forwarding get on session 7836b5d0-bd7a-11e6-9730-e5ec4f8847f6 to remote] DEBUG org.apache.http.impl.execchain.MainClientExec - Executing request POST /session/7836b5d0-bd7a-11e6-9730-e5ec4f8847f6/url HTTP/1.1
11:13:58.453 [Forwarding get on session 7836b5d0-bd7a-11e6-9730-e5ec4f8847f6 to remote] DEBUG org.apache.http.impl.execchain.MainClientExec - Target auth state: UNCHALLENGED
11:13:58.454 [Forwarding get on session 7836b5d0-bd7a-11e6-9730-e5ec4f8847f6 to remote] DEBUG org.apache.http.impl.execchain.MainClientExec - Proxy auth state: UNCHALLENGED
11:13:58.454 [Forwarding get on session 7836b5d0-bd7a-11e6-9730-e5ec4f8847f6 to remote] DEBUG org.apache.http.headers - http-outgoing-0 >> POST /session/7836b5d0-bd7a-11e6-9730-e5ec4f8847f6/url HTTP/1.1
11:13:58.455 [Forwarding get on session 7836b5d0-bd7a-11e6-9730-e5ec4f8847f6 to remote] DEBUG org.apache.http.headers - http-outgoing-0 >> Content-Type: application/json; charset=utf-8
11:13:58.456 [Forwarding get on session 7836b5d0-bd7a-11e6-9730-e5ec4f8847f6 to remote] DEBUG org.apache.http.headers - http-outgoing-0 >> Content-Length: 32
11:13:58.460 [Forwarding get on session 7836b5d0-bd7a-11e6-9730-e5ec4f8847f6 to remote] DEBUG org.apache.http.headers - http-outgoing-0 >> Host: localhost:1871
11:13:58.461 [Forwarding get on session 7836b5d0-bd7a-11e6-9730-e5ec4f8847f6 to remote] DEBUG org.apache.http.headers - http-outgoing-0 >> Connection: Keep-Alive
11:13:58.461 [Forwarding get on session 7836b5d0-bd7a-11e6-9730-e5ec4f8847f6 to remote] DEBUG org.apache.http.headers - http-outgoing-0 >> User-Agent: Apache-HttpClient/4.5.2 (Java/1.8.0_101)
11:13:58.462 [Forwarding get on session 7836b5d0-bd7a-11e6-9730-e5ec4f8847f6 to remote] DEBUG org.apache.http.headers - http-outgoing-0 >> Accept-Encoding: gzip,deflate
11:13:58.462 [Forwarding get on session 7836b5d0-bd7a-11e6-9730-e5ec4f8847f6 to remote] DEBUG org.apache.http.wire - http-outgoing-0 >> "POST /session/7836b5d0-bd7a-11e6-9730-e5ec4f8847f6/url HTTP/1.1[\r][\n]"
11:13:58.463 [Forwarding get on session 7836b5d0-bd7a-11e6-9730-e5ec4f8847f6 to remote] DEBUG org.apache.http.wire - http-outgoing-0 >> "Content-Type: application/json; charset=utf-8[\r][\n]"
11:13:58.463 [Forwarding get on session 7836b5d0-bd7a-11e6-9730-e5ec4f8847f6 to remote] DEBUG org.apache.http.wire - http-outgoing-0 >> "Content-Length: 32[\r][\n]"
11:13:58.463 [Forwarding get on session 7836b5d0-bd7a-11e6-9730-e5ec4f8847f6 to remote] DEBUG org.apache.http.wire - http-outgoing-0 >> "Host: localhost:1871[\r][\n]"
11:13:58.463 [Forwarding get on session 7836b5d0-bd7a-11e6-9730-e5ec4f8847f6 to remote] DEBUG org.apache.http.wire - http-outgoing-0 >> "Connection: Keep-Alive[\r][\n]"
11:13:58.464 [Forwarding get on session 7836b5d0-bd7a-11e6-9730-e5ec4f8847f6 to remote] DEBUG org.apache.http.wire - http-outgoing-0 >> "User-Agent: Apache-HttpClient/4.5.2 (Java/1.8.0_101)[\r][\n]"
11:13:58.464 [Forwarding get on session 7836b5d0-bd7a-11e6-9730-e5ec4f8847f6 to remote] DEBUG org.apache.http.wire - http-outgoing-0 >> "Accept-Encoding: gzip,deflate[\r][\n]"
11:13:58.465 [Forwarding get on session 7836b5d0-bd7a-11e6-9730-e5ec4f8847f6 to remote] DEBUG org.apache.http.wire - http-outgoing-0 >> "[\r][\n]"
11:13:58.466 [Forwarding get on session 7836b5d0-bd7a-11e6-9730-e5ec4f8847f6 to remote] DEBUG org.apache.http.wire - http-outgoing-0 >> "{"url":"http://www.nthu.edu.tw"}"
11:15:04.951 [Forwarding get on session 7836b5d0-bd7a-11e6-9730-e5ec4f8847f6 to remote] DEBUG org.apache.http.wire - http-outgoing-0 << "HTTP/1.1 200 OK[\r][\n]"
11:15:04.955 [Forwarding get on session 7836b5d0-bd7a-11e6-9730-e5ec4f8847f6 to remote] DEBUG org.apache.http.wire - http-outgoing-0 << "Cache: no-cache[\r][\n]"
11:15:04.955 [Forwarding get on session 7836b5d0-bd7a-11e6-9730-e5ec4f8847f6 to remote] DEBUG org.apache.http.wire - http-outgoing-0 << "Content-Length: 74[\r][\n]"
11:15:04.956 [Forwarding get on session 7836b5d0-bd7a-11e6-9730-e5ec4f8847f6 to remote] DEBUG org.apache.http.wire - http-outgoing-0 << "Content-Type: application/json;charset=UTF-8[\r][\n]"
11:15:04.956 [Forwarding get on session 7836b5d0-bd7a-11e6-9730-e5ec4f8847f6 to remote] DEBUG org.apache.http.wire - http-outgoing-0 << "[\r][\n]"
11:15:04.956 [Forwarding get on session 7836b5d0-bd7a-11e6-9730-e5ec4f8847f6 to remote] DEBUG org.apache.http.wire - http-outgoing-0 << "{"sessionId":"7836b5d0-bd7a-11e6-9730-e5ec4f8847f6","status":0,"value":{}}"
11:15:04.956 [Forwarding get on session 7836b5d0-bd7a-11e6-9730-e5ec4f8847f6 to remote] DEBUG org.apache.http.headers - http-outgoing-0 << HTTP/1.1 200 OK
11:15:04.956 [Forwarding get on session 7836b5d0-bd7a-11e6-9730-e5ec4f8847f6 to remote] DEBUG org.apache.http.headers - http-outgoing-0 << Cache: no-cache
11:15:04.956 [Forwarding get on session 7836b5d0-bd7a-11e6-9730-e5ec4f8847f6 to remote] DEBUG org.apache.http.headers - http-outgoing-0 << Content-Length: 74
11:15:04.960 [Forwarding get on session 7836b5d0-bd7a-11e6-9730-e5ec4f8847f6 to remote] DEBUG org.apache.http.headers - http-outgoing-0 << Content-Type: application/json;charset=UTF-8
11:15:04.961 [Forwarding get on session 7836b5d0-bd7a-11e6-9730-e5ec4f8847f6 to remote] DEBUG org.apache.http.impl.execchain.MainClientExec - Connection can be kept alive indefinitely
11:15:04.963 [Forwarding get on session 7836b5d0-bd7a-11e6-9730-e5ec4f8847f6 to remote] DEBUG org.apache.http.impl.conn.PoolingHttpClientConnectionManager - Connection [id: 0][route: {}->http://localhost:1871] can be kept alive indefinitely
11:15:04.964 [Forwarding get on session 7836b5d0-bd7a-11e6-9730-e5ec4f8847f6 to remote] DEBUG org.apache.http.impl.conn.PoolingHttpClientConnectionManager - Connection released: [id: 0][route: {}->http://localhost:1871][total kept alive: 1; route allocated: 1 of 2000; total allocated: 1 of 2000]
11:15:04.986 [Forwarding getPageSource on session 7836b5d0-bd7a-11e6-9730-e5ec4f8847f6 to remote] DEBUG org.apache.http.client.protocol.RequestAddCookies - CookieSpec selected: default
11:15:04.986 [Forwarding getPageSource on session 7836b5d0-bd7a-11e6-9730-e5ec4f8847f6 to remote] DEBUG org.apache.http.client.protocol.RequestAuthCache - Auth cache not set in the context
11:15:04.987 [Forwarding getPageSource on session 7836b5d0-bd7a-11e6-9730-e5ec4f8847f6 to remote] DEBUG org.apache.http.impl.conn.PoolingHttpClientConnectionManager - Connection request: [route: {}->http://localhost:1871][total kept alive: 1; route allocated: 1 of 2000; total allocated: 1 of 2000]
11:15:04.987 [Forwarding getPageSource on session 7836b5d0-bd7a-11e6-9730-e5ec4f8847f6 to remote] DEBUG org.apache.http.impl.conn.PoolingHttpClientConnectionManager - Connection leased: [id: 0][route: {}->http://localhost:1871][total kept alive: 0; route allocated: 1 of 2000; total allocated: 1 of 2000]
11:15:04.987 [Forwarding getPageSource on session 7836b5d0-bd7a-11e6-9730-e5ec4f8847f6 to remote] DEBUG org.apache.http.impl.execchain.MainClientExec - Stale connection check
11:15:04.991 [Forwarding getPageSource on session 7836b5d0-bd7a-11e6-9730-e5ec4f8847f6 to remote] DEBUG org.apache.http.wire - http-outgoing-0 << "[read] I/O error: Read timed out"
11:15:04.992 [Forwarding getPageSource on session 7836b5d0-bd7a-11e6-9730-e5ec4f8847f6 to remote] DEBUG org.apache.http.impl.conn.DefaultManagedHttpClientConnection - http-outgoing-0: set socket timeout to 10800000
11:15:04.993 [Forwarding getPageSource on session 7836b5d0-bd7a-11e6-9730-e5ec4f8847f6 to remote] DEBUG org.apache.http.impl.execchain.MainClientExec - Executing request GET /session/7836b5d0-bd7a-11e6-9730-e5ec4f8847f6/source HTTP/1.1
11:15:04.994 [Forwarding getPageSource on session 7836b5d0-bd7a-11e6-9730-e5ec4f8847f6 to remote] DEBUG org.apache.http.impl.execchain.MainClientExec - Target auth state: UNCHALLENGED
11:15:04.994 [Forwarding getPageSource on session 7836b5d0-bd7a-11e6-9730-e5ec4f8847f6 to remote] DEBUG org.apache.http.impl.execchain.MainClientExec - Proxy auth state: UNCHALLENGED
11:15:04.994 [Forwarding getPageSource on session 7836b5d0-bd7a-11e6-9730-e5ec4f8847f6 to remote] DEBUG org.apache.http.headers - http-outgoing-0 >> GET /session/7836b5d0-bd7a-11e6-9730-e5ec4f8847f6/source HTTP/1.1
11:15:04.994 [Forwarding getPageSource on session 7836b5d0-bd7a-11e6-9730-e5ec4f8847f6 to remote] DEBUG org.apache.http.headers - http-outgoing-0 >> Cache-Control: no-cache
11:15:04.995 [Forwarding getPageSource on session 7836b5d0-bd7a-11e6-9730-e5ec4f8847f6 to remote] DEBUG org.apache.http.headers - http-outgoing-0 >> Host: localhost:1871
11:15:04.995 [Forwarding getPageSource on session 7836b5d0-bd7a-11e6-9730-e5ec4f8847f6 to remote] DEBUG org.apache.http.headers - http-outgoing-0 >> Connection: Keep-Alive
11:15:04.995 [Forwarding getPageSource on session 7836b5d0-bd7a-11e6-9730-e5ec4f8847f6 to remote] DEBUG org.apache.http.headers - http-outgoing-0 >> User-Agent: Apache-HttpClient/4.5.2 (Java/1.8.0_101)
11:15:04.995 [Forwarding getPageSource on session 7836b5d0-bd7a-11e6-9730-e5ec4f8847f6 to remote] DEBUG org.apache.http.headers - http-outgoing-0 >> Accept-Encoding: gzip,deflate
11:15:04.996 [Forwarding getPageSource on session 7836b5d0-bd7a-11e6-9730-e5ec4f8847f6 to remote] DEBUG org.apache.http.wire - http-outgoing-0 >> "GET /session/7836b5d0-bd7a-11e6-9730-e5ec4f8847f6/source HTTP/1.1[\r][\n]"
11:15:04.996 [Forwarding getPageSource on session 7836b5d0-bd7a-11e6-9730-e5ec4f8847f6 to remote] DEBUG org.apache.http.wire - http-outgoing-0 >> "Cache-Control: no-cache[\r][\n]"
11:15:04.996 [Forwarding getPageSource on session 7836b5d0-bd7a-11e6-9730-e5ec4f8847f6 to remote] DEBUG org.apache.http.wire - http-outgoing-0 >> "Host: localhost:1871[\r][\n]"
11:15:04.996 [Forwarding getPageSource on session 7836b5d0-bd7a-11e6-9730-e5ec4f8847f6 to remote] DEBUG org.apache.http.wire - http-outgoing-0 >> "Connection: Keep-Alive[\r][\n]"
11:15:04.996 [Forwarding getPageSource on session 7836b5d0-bd7a-11e6-9730-e5ec4f8847f6 to remote] DEBUG org.apache.http.wire - http-outgoing-0 >> "User-Agent: Apache-HttpClient/4.5.2 (Java/1.8.0_101)[\r][\n]"
11:15:04.996 [Forwarding getPageSource on session 7836b5d0-bd7a-11e6-9730-e5ec4f8847f6 to remote] DEBUG org.apache.http.wire - http-outgoing-0 >> "Accept-Encoding: gzip,deflate[\r][\n]"
11:15:04.997 [Forwarding getPageSource on session 7836b5d0-bd7a-11e6-9730-e5ec4f8847f6 to remote] DEBUG org.apache.http.wire - http-outgoing-0 >> "[\r][\n]"
11:15:05.021 [Forwarding getPageSource on session 7836b5d0-bd7a-11e6-9730-e5ec4f8847f6 to remote] DEBUG org.apache.http.wire - http-outgoing-0 << "HTTP/1.1 200 OK[\r][\n]"
11:15:05.022 [Forwarding getPageSource on session 7836b5d0-bd7a-11e6-9730-e5ec4f8847f6 to remote] DEBUG org.apache.http.wire - http-outgoing-0 << "Cache: no-cache[\r][\n]"
11:15:05.024 [Forwarding getPageSource on session 7836b5d0-bd7a-11e6-9730-e5ec4f8847f6 to remote] DEBUG org.apache.http.wire - http-outgoing-0 << "Content-Length: 44939[\r][\n]"
11:15:05.024 [Forwarding getPageSource on session 7836b5d0-bd7a-11e6-9730-e5ec4f8847f6 to remote] DEBUG org.apache.http.wire - http-outgoing-0 << "Content-Type: application/json;charset=UTF-8[\r][\n]"
11:15:05.025 [Forwarding getPageSource on session 7836b5d0-bd7a-11e6-9730-e5ec4f8847f6 to remote] DEBUG org.apache.http.wire - http-outgoing-0 << "[\r][\n]"
11:15:05.026 [Forwarding getPageSource on session 7836b5d0-bd7a-11e6-9730-e5ec4f8847f6 to remote] DEBUG org.apache.http.headers - http-outgoing-0 << HTTP/1.1 200 OK
11:15:05.030 [Forwarding getPageSource on session 7836b5d0-bd7a-11e6-9730-e5ec4f8847f6 to remote] DEBUG org.apache.http.headers - http-outgoing-0 << Cache: no-cache
11:15:05.031 [Forwarding getPageSource on session 7836b5d0-bd7a-11e6-9730-e5ec4f8847f6 to remote] DEBUG org.apache.http.headers - http-outgoing-0 << Content-Length: 44939
11:15:05.032 [Forwarding getPageSource on session 7836b5d0-bd7a-11e6-9730-e5ec4f8847f6 to remote] DEBUG org.apache.http.headers - http-outgoing-0 << Content-Type: application/json;charset=UTF-8
11:15:05.032 [Forwarding getPageSource on session 7836b5d0-bd7a-11e6-9730-e5ec4f8847f6 to remote] DEBUG org.apache.http.impl.execchain.MainClientExec - Connection can be kept alive indefinitely
11:15:05.036 [Forwarding getPageSource on session 7836b5d0-bd7a-11e6-9730-e5ec4f8847f6 to remote] DEBUG org.apache.http.wire - http-outgoing-0 << "{"sessionId":"7836b5d0-bd7a-11e6-9730-e5ec4f8847f6","status":0,"value":"<!DOCTYPE html><html class=\" js csstransitions\"><head>\n        <meta charset=\"utf-8\">\n        <title>[0xe5][0x9c][0x8b][0xe7][0xab][0x8b][0xe6][0xb8][0x85][0xe8][0x8f][0xaf][0xe5][0xa4][0xa7][0xe5][0xad][0xb8]</title>\n\n        <meta property=\"og:title\" content=\"[0xe5][0x9c][0x8b][0xe7][0xab][0x8b][0xe6][0xb8][0x85][0xe8][0x8f][0xaf][0xe5][0xa4][0xa7][0xe5][0xad][0xb8]\">\n        <meta property=\"og:url\" content=\"http://www.nthu.edu.tw/\">\n        <meta property=\"og:description\" content=\"[0xe5][0x9c][0x8b][0xe7][0xab][0x8b][0xe6][0xb8][0x85][0xe8][0x8f][0xaf][0xe5][0xa4][0xa7][0xe5][0xad][0xb8]-1909[0xe5][0xb9][0xb4][0xe4][0xbb][0xa5][0xe7][0xbe][0x8e][0xe5][0x9c][0x8b][0xe9][0x80][0x80][0xe9][0x82][0x84][0xe5][0xba][0x9a][0xe5][0xad][0x90][0xe8][0xb3][0xa0][0xe6][0xac][0xbe][0xef][0xbc][0x8c][0xe6][0x88][0x90][0xe7][0xab][0x8b][0xe6][0xb8][0xb8][0xe7][0xbe][0x8e][0xe5][0xad][0xb8][0xe5][0x8b][0x99][0xe8][0x99][0x95][0xe9][0x81][0xb8][0xe6][0xb4][0xbe][0xe5][0xad][0xb8][0xe7][0x94][0x9f][0xe7][0x95][0x99][0xe7][0xbe][0x8e][0xe3][0x80][0x82]1911[0xe5][0xb9][0xb4][0xe8][0xa8][0xad][0xe6][0xa0][0xa1][0xe7][0xa8][0xb1][0xe6][0xb8][0x85][0xe8][0x8f][0xaf][0xe5][0xad][0xb8][0xe5][0xa0][0x82][0xe3][0x80][0x82][0xe5][0xb9][0xbe][0xe7][0xb6][0x93][0xe6][0x88][0xb0][0xe4][0xba][0x82][0xef][0xbc][0x8c]1955[0xe5][0xb9][0xb4][0xe5][0xbe][0xa9][0xe6][0xa0][0xa1][0xe6][0x96][0xbc][0xe6][0x96][0xb0][0xe7][0xab][0xb9][0xe3][0x80][0x82][0xe6][0xb8][0x85][0xe8][0x8f][0xaf][0xe5][0xa4][0xa7][0xe5][0xad][0xb8][0xe5][0xbe][0xa9][0xe6][0xa0][0xa1][0xe5][0x88][0x9d][0xe6][0x9c][0x9f][0xe9][0x87][0x8d][0xe9][0xbb][0x9e][0xe7][0x82][0xba][0xe5][0x8e][0x9f][0xe5][0xad][0x90][0xe7][0xa7][0x91][0xe5][0xad][0xb8][0xef][0xbc][0x8c][0xe5][0x85][0xb6][0xe5][0xbe][0x8c][0xe5][0x89][0x87][0xe6][0x93][0xb4][0xe5][0xb1][0x95][0xe8][0x87][0xb3][0xe7][0x90][0x86][0xe5][0xb7][0xa5][0xe6][0x96][0xb9][0xe9][0x9d][0xa2][0xef][0xbc][0x8c][0xe8][0xbf][0x91][0xe5][0x8d][0x81][0xe5][0xb9][0xbe][0xe5][0xb9][0xb4][0xe4][0xbe][0x86][0xe6][0x9b][0xb4][0xe7][0xa9][0x8d][0xe6][0xa5][0xb5][0xe7][0x99][0xbc][0xe5][0xb1][0x95][0xe4][0xba][0xba][0xe6][0x96][0x87][0xe7][0xa4][0xbe][0xe6][0x9c][0x83][0xe3][0x80][0x81][0xe7][0x94][0x9f][0xe5][0x91][0xbd][0xe7][0xa7][0x91][0xe5][0xad][0xb8][0xe3][0x80][0x81][0xe9][0x9b][0xbb][0xe6][0xa9][0x9f][0xe8][0xb3][0x87][0xe8][0xa8][0x8a][0xe8][0x88][0x87][0xe7][0xa7][0x91][0xe6][0x8a][0x80][0xe7][0xae][0xa1][0xe7][0x90][0x86][0xef][0xbc][0x9b][0xe6][0xbc][0xb8][0xe6][0xbc][0xb8][0xe5][0x9c][0xb0][0xef][0xbc][0x8c][0xe6][0xb8][0x85][0xe8][0x8f][0xaf][0xe5][0xb7][0xb2][0xe6][0x88][0x90][0xe7][0x82][0xba][0xe4][0xb8][0x80][0xe6][0x96][0x87][0xe3][0x80][0x81][0xe7][0x90][0x86][0xe3][0x80][0x81][0xe5][0xb7][0xa5][0xe5][0x9d][0x87][0xe8][0xa1][0xa1][0xe7][0x99][0xbc][0xe5][0xb1][0x95][0xe7][0x9a][0x84][0xe5][0xad][0xb8][0xe5][0xba][0x9c][0xe3][0x80][0x82][0xe7][0xa7][0x89][0xe6][0x8c][0x81][0xe3][0x80][0x8c][0xe8][0x87][0xaa][0xe5][0xbc][0xb7][0xe4][0xb8][0x8d][0xe6][0x81][0xaf][0xef][0xbc][0x8c][0xe5][0x8e][0x9a][0xe5][0xbe][0xb7][0xe8][0xbc][0x89][0xe7][0x89][0xa9][0xe3][0x80][0x8d][0xe6][0xa0][0xa1][0xe8][0xa8][0x93][0xef][0xbc][0x8c][0xe8][0x87][0xb4][0xe5][0x8a][0x9b][0xe5][0x9f][0xb9][0xe8][0x82][0xb2][0xe5][0xbe][0xb7][0xe3][0x80][0x81][0xe6][0x99][0xba][0xe3][0x80][0x81][0xe9][0xab][0x94][0xe3][0x80][0x81][0xe7][0xbe][0xa4][0xe3][0x80][0x81][0xe7][0xbe][0x8e][0xe4][0xba][0x94][0xe8][0x82][0xb2][0xe5][0x85][0xbc][0xe5][0x84][0xaa][0xef][0xbc][0x8c][0xe5][0x85][0xbc][0xe5][0x85][0xb7][0xe7][0xa7][0x91][0xe5][0xad][0xb8][0xe8][0x88][0x87][0xe4][0xba][0xba][0xe6][0x96][0x87][0xe7][0xb4][0xa0][0xe9][0xa4][0x8a][0xe7][0x9a][0x84][0xe9][0xa0][0x98][0xe5][0xb0][0x8e][0xe8][0x80][0x85][0xe5][0x92][0x8c][0xe7][0xa4][0xbe][0xe6][0x9c][0x83][0xe5][0x85][0xac][0xe6][0xb0][0x91][0xe3][0x80][0x82]\">\n        <meta property=\"og:image\" content=\"http://www.nthu.edu.tw/_img/NTHU-logo.png\">\n        <meta name=\"keywords\" content=\"National Tsing Hua University,[0xe5][0x9c][0x8b][0xe7][0xab][0x8b][0xe6][0xb8][0x85][0xe8][0x8f][0xaf][0xe5][0xa4][0xa7][0xe5][0xad][0xb8],[0xe6][0xb8][0x85][0xe8][0x8f][0xaf],[0xe6][0xb8][0x85][0xe5][0xa4][0xa7]\">\n        <meta name=\"description\" content=\"[0xe5][0x9c][0x8b][0xe7][0xab][0x8b][0xe6][0xb8][0x85][0xe8][0x8f][0xaf][0xe5][0xa4][0xa7][0xe5][0xad][0xb8]-1909[0xe5][0xb9][0xb4][0xe4][0xbb][0xa5][0xe7][0xbe][0x8e][0xe5][0x9c][0x8b][0xe9][0x80][0x80][0xe9][0x82][0x84][0xe5][0xba][0x9a][0xe5][0xad][0x90][0xe8][0xb3][0xa0][0xe6][0xac][0xbe][0xef][0xbc][0x8c][0xe6][0x88][0x90][0xe7][0xab][0x8b][0xe6][0xb8][0xb8][0xe7][0xbe][0x8e][0xe5][0xad][0xb8][0xe5][0x8b][0x99][0xe8][0x99][0x95][0xe9][0x81][0xb8][0xe6][0xb4][0xbe][0xe5][0xad][0xb8][0xe7][0x94][0x9f][0xe7][0x95][0x99][0xe7][0xbe][0x8e][0xe3][0x80][0x82]1911[0xe5][0xb9][0xb4][0xe8][0xa8][0xad][0xe6][0xa0][0xa1][0xe7][0xa8][0xb1][0xe6][0xb8][0x85][0xe8][0x8f][0xaf][0xe5][0xad][0xb8][0xe5][0xa0][0x82][0xe3][0x80][0x82][0xe5][0xb9][0xbe][0xe7][0xb6][0x93][0xe6][0x88][0xb0][0xe4][0xba][0x82][0xef][0xbc][0x8c]1955[0xe5][0xb9][0xb4][0xe5][0xbe][0xa9][0xe6][0xa0][0xa1][0xe6][0x96][0xbc][0xe6][0x96][0xb0][0xe7][0xab][0xb9][0xe3][0x80][0x82][0xe6][0xb8][0x85][0xe8][0x8f][0xaf][0xe5][0xa4][0xa7][0xe5][0xad][0xb8][0xe5][0xbe][0xa9][0xe6][0xa0][0xa1][0xe5][0x88][0x9d][0xe6][0x9c][0x9f][0xe9][0x87][0x8d][0xe9][0xbb][0x9e][0xe7][0x82][0xba][0xe5][0x8e][0x9f][0xe5][0xad][0x90][0xe7][0xa7][0x91][0xe5][0xad][0xb8][0xef][0xbc][0x8c][0xe5][0x85][0xb6][0xe5][0xbe][0x8c][0xe5][0x89][0x87][0xe6][0x93][0xb4][0xe5][0xb1][0x95][0xe8][0x87][0xb3][0xe7][0x90][0x86][0xe5][0xb7][0xa5][0xe6][0x96][0xb9][0xe9][0x9d][0xa2][0xef][0xbc][0x8c][0xe8][0xbf][0x91][0xe5][0x8d][0x81][0xe5][0xb9][0xbe][0xe5][0xb9][0xb4][0xe4][0xbe][0x86][0xe6][0x9b][0xb4][0xe7][0xa9][0x8d][0xe6][0xa5][0xb5][0xe7][0x99][0xbc][0xe5][0xb1][0x95][0xe4][0xba][0xba][0xe6][0x96][0x87][0xe7][0xa4][0xbe][0xe6][0x9c][0x83][0xe3][0x80][0x81][0xe7][0x94][0x9f][0xe5][0x91][0xbd][0xe7][0xa7][0x91][0xe5][0xad][0xb8][0xe3][0x80][0x81][0xe9][0x9b][0xbb][0xe6][0xa9][0x9f][0xe8][0xb3][0x87][0xe8][0xa8][0x8a][0xe8][0x88][0x87][0xe7][0xa7][0x91][0xe6][0x8a][0x80][0xe7][0xae][0xa1][0xe7][0x90][0x86][0xef][0xbc][0x9b][0xe6][0xbc][0xb8][0xe6][0xbc][0xb8][0xe5][0x9c][0xb0][0xef][0xbc][0x8c][0xe6][0xb8][0x85][0xe8][0x8f][0xaf][0xe5][0xb7][0xb2][0xe6][0x88][0x90][0xe7][0x82][0xba][0xe4][0xb8][0x80][0xe6][0x96][0x87][0xe3][0x80][0x81][0xe7][0x90][0x86][0xe3][0x80][0x81][0xe5][0xb7][0xa5][0xe5][0x9d][0x87][0xe8][0xa1][0xa1][0xe7][0x99][0xbc][0xe5][0xb1][0x95][0xe7][0x9a][0x84][0xe5][0xad][0xb8][0xe5][0xba][0x9c][0xe3][0x80][0x82][0xe7][0xa7][0x89][0xe6][0x8c][0x81][0xe3][0x80][0x8c][0xe8][0x87][0xaa][0xe5][0xbc][0xb7][0xe4][0xb8][0x8d][0xe6][0x81][0xaf][0xef][0xbc][0x8c][0xe5][0x8e][0x9a][0xe5][0xbe][0xb7][0xe8][0xbc][0x89][0xe7][0x89][0xa9][0xe3][0x80][0x8d][0xe6][0xa0][0xa1][0xe8][0xa8][0x93][0xef][0xbc][0x8c][0xe8][0x87][0xb4][0xe5][0x8a][0x9b][0xe5][0x9f][0xb9][0xe8][0x82][0xb2][0xe5][0xbe][0xb7][0xe3][0x80][0x81][0xe6][0x99][0xba][0xe3][0x80][0x81][0xe9][0xab][0x94][0xe3][0x80][0x81][0xe7][0xbe][0xa4][0xe3][0x80][0x81][0xe7][0xbe][0x8e][0xe4][0xba][0x94][0xe8][0x82][0xb2][0xe5][0x85][0xbc][0xe5][0x84][0xaa][0xef][0xbc][0x8c][0xe5][0x85][0xbc][0xe5][0x85][0xb7][0xe7][0xa7][0x91][0xe5][0xad][0xb8][0xe8][0x88][0x87][0xe4][0xba][0xba][0xe6][0x96][0x87][0xe7][0xb4][0xa0][0xe9][0xa4][0x8a][0xe7][0x9a][0x84][0xe9][0xa0][0x98][0xe5][0xb0][0x8e][0xe8][0x80][0x85][0xe5][0x92][0x8c][0xe7][0xa4][0xbe][0xe6][0x9c][0x83][0xe5][0x85][0xac][0xe6][0xb0][0x91][0xe3][0x80][0x82]\">\n\n        <meta name=\"viewport\" content=\"width=device-width, initial-scale=1.0\">\n<meta http-equiv=\"X-UA-Compatible\" content=\"IE=9; IE=8; IE=7\">\n<base href=\"http://www.nthu.edu.tw//public/\">\n<link rel=\"shortcut icon\" type=\"image/x-icon\" href=\"http://www.nthu.edu.tw/favicon-nthu.ico\"> <!--favicon.ico-->\n<link href=\"style/reset.css\" rel=\"stylesheet\" type=\"text/css\">\n<link href=\"style/header.css\" rel=\"stylesheet\" type=\"text/css\">\n<link href=\"style/footer.css\" rel=\"stylesheet\" type=\"text/css\">\n\n<!--js-->\n\n<script src=\"js/jquery-1.8.2.min.js\" type=\"text/javascript\"></script>\n<script src=\"js/CreateHTML5Elements.js\" type=\"text/javascript\"></script>\n<script src=\"js/jquery.easing.1.3.js\" type=\"text/javascript\"></script>\n<script src=\"js/modernizr.custom.js\" type=\"text/javascript\"></script>\n<script src=\"js/jquery-ui-1.10.1.custom.min.js\" type=\"text/javascript\"></script>\n<script src=\"js/custom.js\" type=\"text/javascript\"></script>\n<noscript>[0xe4][0xbb][0xa5][0xe4][0xb8][0x8a][0xe5][0x85][0xad][0xe5][0x80][0x8b]Script[0xe5][0x8a][0x9f][0xe8][0x83][0xbd][0xe6][0x8f][0x90][0xe4][0xbe][0x9b][0xe5][0x9f][0xba][0xe6][0x9c][0xac][0xe9][0x81][0x8b][0xe4][0xbd][0x9c][0xe5][0x8a][0x9f][0xe8][0x83][0xbd][0xef][0xbc][0x8c][0xe8][0x8b][0xa5][0xe6][0x82][0xa8][0xe7][0x9a][0x84][0xe7][0x80][0x8f][0xe8][0xa6][0xbd][0xe5][0x99][0xa8][0xe4][0xb8][0x8d][0xe6][0x94][0xaf][0xe6][0x8f][0xb4][0xe6][0xad][0xa4][0xe9][0xa0][0x85][0xe5][0x8a][0x9f][0xe8][0x83][0xbd][0xef][0xbc][0x8c][0xe4][0xb9][0x9f][0xe4][0xb8][0x8d][0xe5][0xbd][0xb1][0xe9][0x9f][0xbf][0xe4][0xbd][0xa0][0xe9][0x96][0xb1][0xe8][0xae][0x80][0xe6][0x9c][0xac][0xe7][0xb6][0xb2][0xe7][0xab][0x99][0xe8][0xb3][0x87][0xe8][0xa8][0x8a][0xe3][0x80][0x82]</noscript>\n\n<!-- Menu -->\n\n<script src=\"js/jquery.meanmenu.js\"></script>\n<script>\n    jQuery(document).ready(function () {\n        jQuery('nav').meanmenu();\n    });\n</script>\n\n<!-- SEARCH -->\n\n<script type=\"text/javascript\">\n$(document).ready(function(){\n\t// search\n\t$('#searchBtn').click(function () {\n\t\t$('#searchForm').attr('action', '/searchUrl/index');\n\n\t\t$('#searchForm').attr('method', 'get');\n\t\t$('#searchForm').attr('target', '_blank');\n\t\t$('#searchForm').submit();\n\t})\n});\n</script>\n\n<noscript>[0xe6][0x9c][0xac]Script[0xe5][0x8a][0x9f][0xe8][0x83][0xbd][0xe6][0x8f][0x90][0xe4][0xbe][0x9b][0xe9][0x81][0xb8][0xe5][0x96][0xae][0xe5][0x8a][0x9f][0xe8][0x83][0xbd][0xef][0xbc][0x8c][0xe8][0x8b][0xa5][0xe6][0x82][0xa8][0xe7][0x9a][0x84][0xe7][0x80][0x8f][0xe8][0xa6][0xbd][0xe5][0x99][0xa8][0xe4][0xb8][0x8d][0xe6][0x94][0xaf][0xe6][0x8f][0xb4][0xe6][0xad][0xa4][0xe9][0xa0][0x85][0xe5][0x8a][0x9f][0xe8][0x83][0xbd][0xef][0xbc][0x8c][0xe4][0xb9][0x9f][0xe4][0xb8][0x8d][0xe5][0xbd][0xb1][0xe9][0x9f][0xbf][0xe4][0xbd][0xa0][0xe9][0x96][0xb1][0xe8][0xae][0x80][0xe6][0x9c][0xac][0xe7][0xb6][0xb2][0xe7][0xab][0x99][0xe8][0xb3][0x87][0xe8][0xa8][0x8a][0xe3][0x80][0x82]</noscript>\n\n<!--[0xe6][0x94][0xb6][0xe5][0x90][0x88]-->\n<script type=\"text/javascript\">\n    function carrousel_show_cover(id) {\n        $(\"#hide_text_\" + id).slideToggle(100);\n    }\n\n    function carrousel_hide_cover(id) {\n        $(\"#hide_text_\" + id).hide(10);\n    }\n</script>\n\n<script src=\"js/nthu.js\"></script>        <link href=\"style/index.css\" rel=\"stylesheet\" type=\"text/css\">\n\n        <!-- FlexSlider -->\n        <script defer=\"\" src=\"js/jquery.flexslider.js\"></script>\n       "
11:15:05.058 [Forwarding getPageSource on session 7836b5d0-bd7a-11e6-9730-e5ec4f8847f6 to remote] DEBUG org.apache.http.wire - http-outgoing-0 << " <script type=\"text/javascript\">\n            $(window).load(function () {\n                $('.flexslider').flexslider({\n                    animation: \"slide\"\n                });\n            });\n        </script>\n        <noscript>[0xe6][0x9c][0xac]Script[0xe5][0x8a][0x9f][0xe8][0x83][0xbd][0xe6][0x8f][0x90][0xe4][0xbe][0x9b][0xe5][0xbb][0xa3][0xe5][0x91][0x8a][0xe8][0xbc][0xaa][0xe6][0x92][0xad][0xe5][0x8a][0x9f][0xe8][0x83][0xbd][0xef][0xbc][0x8c][0xe8][0x8b][0xa5][0xe6][0x82][0xa8][0xe7][0x9a][0x84][0xe7][0x80][0x8f][0xe8][0xa6][0xbd][0xe5][0x99][0xa8][0xe4][0xb8][0x8d][0xe6][0x94][0xaf][0xe6][0x8f][0xb4][0xe6][0xad][0xa4][0xe9][0xa0][0x85][0xe5][0x8a][0x9f][0xe8][0x83][0xbd][0xef][0xbc][0x8c][0xe4][0xb9][0x9f][0xe4][0xb8][0x8d][0xe5][0xbd][0xb1][0xe9][0x9f][0xbf][0xe4][0xbd][0xa0][0xe9][0x96][0xb1][0xe8][0xae][0x80][0xe6][0x9c][0xac][0xe7][0xb6][0xb2][0xe7][0xab][0x99][0xe8][0xb3][0x87][0xe8][0xa8][0x8a][0xe3][0x80][0x82]</noscript>\n\n        <!-- Flexisel -->\n        <script src=\"js/jquery.flexisel.js\"></script>\n        <noscript>[0xe6][0x9c][0xac]Script[0xe5][0x8a][0x9f][0xe8][0x83][0xbd][0xe6][0x8f][0x90][0xe4][0xbe][0x9b][0xe5][0xb0][0x8f][0xe5][0xbb][0xa3][0xe5][0x91][0x8a][0xe8][0xbc][0xaa][0xe6][0x92][0xad][0xe5][0x8a][0x9f][0xe8][0x83][0xbd][0xef][0xbc][0x8c][0xe8][0x8b][0xa5][0xe6][0x82][0xa8][0xe7][0x9a][0x84][0xe7][0x80][0x8f][0xe8][0xa6][0xbd][0xe5][0x99][0xa8][0xe4][0xb8][0x8d][0xe6][0x94][0xaf][0xe6][0x8f][0xb4][0xe6][0xad][0xa4][0xe9][0xa0][0x85][0xe5][0x8a][0x9f][0xe8][0x83][0xbd][0xef][0xbc][0x8c][0xe4][0xb9][0x9f][0xe4][0xb8][0x8d][0xe5][0xbd][0xb1][0xe9][0x9f][0xbf][0xe4][0xbd][0xa0][0xe9][0x96][0xb1][0xe8][0xae][0x80][0xe6][0x9c][0xac][0xe7][0xb6][0xb2][0xe7][0xab][0x99][0xe8][0xb3][0x87][0xe8][0xa8][0x8a][0xe3][0x80][0x82]</noscript>\n\n    </head>\n\n    <body class=\"mean-container\"><div class=\"mean-bar\"><a href=\"#nav\" class=\"meanmenu-reveal\" style=\"background:;color:;right:0;left:auto;\"><span></span><span></span><span></span></a><nav class=\"mean-nav\">\n\t<ul style=\"display: none;\">\n    \t<li><a href=\"/about\">[0xe8][0xaa][0x8d][0xe8][0xad][0x98][0xe6][0xb8][0x85][0xe8][0x8f][0xaf]</a></li><!--<i class=\"fa fa-angle-down\" aria-hidden=\"true\"></i>-->\n        <li><a href=\"/units/administrative\">[0xe8][0xa1][0x8c][0xe6][0x94][0xbf][0xe5][0x96][0xae][0xe4][0xbd][0x8d]</a></li><!--<i class=\"fa fa-angle-down\" aria-hidden=\"true\"></i>-->\n        <li><a href=\"/units/education\">[0xe6][0x95][0x99][0xe5][0xad][0xb8][0xe5][0x96][0xae][0xe4][0xbd][0x8d]</a></li><!--<i class=\"fa fa-angle-down\" aria-hidden=\"true\"></i>-->\n        <li><a href=\"/units/researchCenter\">[0xe7][0xa0][0x94][0xe7][0xa9][0xb6][0xe4][0xb8][0xad][0xe5][0xbf][0x83]</a></li><!--<i class=\"fa fa-angle-down\" aria-hidden=\"true\"></i>-->\n        <li><a href=\"http://www.lib.nthu.edu.tw/\" target=\"_blank\">[0xe5][0x9c][0x96][0xe6][0x9b][0xb8][0xe9][0xa4][0xa8]</a></li><!--<i class=\"fa fa-angle-down\" aria-hidden=\"true\"></i>-->\n        <li><a href=\"http://www.cc.nthu.edu.tw/bin/home.php\">[0xe8][0xa8][0x88][0xe7][0xae][0x97][0xe6][0xa9][0x9f][0xe8][0x88][0x87][0xe9][0x80][0x9a][0xe8][0xa8][0x8a][0xe4][0xb8][0xad][0xe5][0xbf][0x83]</a></li><!--<i class=\"fa fa-angle-down\" aria-hidden=\"true\"></i>-->\n        <li><a href=\"http://admission.nthu.edu.tw/\">[0xe6][0x8b][0x9b][0xe7][0x94][0x9f][0xe5][0xb0][0x88][0xe5][0x8d][0x80]</a></li>\n        <li><a href=\"https://www.ccxp.nthu.edu.tw/ccxp/INQUIRE/\">[0xe6][0xa0][0xa1][0xe5][0x8b][0x99][0xe8][0xb3][0x87][0xe8][0xa8][0x8a][0xe7][0xb3][0xbb][0xe7][0xb5][0xb1]</a></li>\n        <li class=\"mean-last\"><a href=\"http://www.nhcue.edu.tw\" target=\"_blank\">[0xe5][0x8d][0x97][0xe5][0xa4][0xa7][0xe6][0xa0][0xa1][0xe5][0x8d][0x80]</a></li>\n    </ul>\n</nav></div>\n        <div class=\"weapper\">\n<header>\n\t<div class=\"container\">\n        <div class=\"logo\"><a href=\"/\"><img src=\"images/logo.png\" alt=\"[0xe5][0x9c][0x8b][0xe7][0xab][0x8b][0xe6][0xb8][0x85][0xe8][0x8f][0xaf][0xe5][0xa4][0xa7][0xe5][0xad][0xb8]logo\"></a></div>\n        <div class=\"top\">\n\t\t\n        \t<ul>\n\t\t\t\t<a href=\"/sitemap\" accesskey=\"U\" class=\"tab\" title=\"[0xe4][0xb8][0x8a][0xe6][0x96][0xb9][0xe9][0x81][0xb8][0xe5][0x96][0xae][0xe5][0x8d][0x80]\">:::</a>\n            \t<li>\n                \t<!-- -------------------------- { [0xe6][0x90][0x9c][0xe5][0xb0][0x8b][0xe5][0x8d][0x80] } -------------------------- -->\n                    <form name=\"searchForm\" id=\"searchForm\" method=\"get\" accept-charset=\"utf-8\">\n                        <div class=\"width-25\">\n                        \t<select id=\"type\" name=\"type\">\n                        \t  <option>Web</option>\n                              <option value=\"1\">People</option>\n                              <option value=\"2\">Offices</option>\n                        \t</select>\n                        </div>\n                        <div class=\"width-75 input\">\n                            <input name=\"q\" id=\"q\" type=\"text\" placeholder=\"search\"><input name=\"searchBtn\" id=\"searchBtn\" type=\"button\">\n                        </div>\n                    </form>\n                    <!-- -------------------------- { [0xe6][0x90][0x9c][0xe5][0xb0][0x8b][0xe5][0x8d][0x80] end } -------------------------- -->\n\n                    <div class=\"width-100 pull-right text\">\n                        <a href=\"http://www.nhcue.edu.tw\" target=\"_blank\">[0xe5][0x8d][0x97][0xe5][0xa4][0xa7][0xe6][0xa0][0xa1][0xe5][0x8d][0x80]</a> | \n                        <a href=\"/sitemap\" target=\"_blank\">[0xe7][0xb6][0xb2][0xe7][0xab][0x99][0xe5][0xb0][0x8e][0xe8][0xa6][0xbd]</a> | \n                        <a href=\"http://dgaa.web.nthu.edu.tw/files/11-1074-2942.php\" target=\"_blank\">[0xe8][0xa1][0x8c][0xe4][0xba][0x8b][0xe6][0x9b][0x86]</a> | \n                        <a href=\"http://dud.web.nthu.edu.tw/files/11-1675-9374.php?Lang=zh-tw\" target=\"_blank\">[0xe6][0x8d][0x90][0xe6][0xac][0xbe]</a> | \n                        <a href=\"http://nthu-en.web.nthu.edu.tw/bin/home.php\" target=\"_blank\">English</a>\n                    </div>\n                </li>\n                <li>\n                    <a href=\"/entrance/student\" target=\"_blank\">[0xe5][0x9c][0xa8][0xe6][0xa0][0xa1][0xe7][0x94][0x9f]</a> | \n                    <a "
11:15:05.060 [Forwarding getPageSource on session 7836b5d0-bd7a-11e6-9730-e5ec4f8847f6 to remote] DEBUG org.apache.http.wire - http-outgoing-0 << "href=\"http://oga.nthu.edu.tw/\" target=\"_blank\">International Students</a> | \n                    <a href=\"http://gsa.web.nthu.edu.tw/files/11-1146-3222.php\" target=\"_blank\">[0xe5][0x83][0x91] [0xe7][0x94][0x9f]</a> | \n                    <a href=\"http://oga.nthu.edu.tw/cont.php?id=398&amp;m=m141&amp;mm=mm142&amp;tc=8&amp;lang=big5\" target=\"_blank\">[0xe9][0x99][0xb8]  [0xe7][0x94][0x9f]</a><span>|</span>\n                </li>\n\n                <li>\n                    <a href=\"/entrance/teacher\" target=\"_blank\">[0xe6][0x95][0x99][0xe8][0x81][0xb7][0xe5][0x93][0xa1]</a> | \n                    <a href=\"http://alumni.web.nthu.edu.tw/bin/home.php\" target=\"_blank\">[0xe6][0xa0][0xa1][0xe5][0x8f][0x8b]</a> | \n                    <a href=\"http://admission.nthu.edu.tw/\" target=\"_blank\">[0xe6][0x9c][0xaa][0xe4][0xbe][0x86][0xe5][0xad][0xb8][0xe7][0x94][0x9f]</a> | \n                    <a href=\"/entrance/visitor\" target=\"_blank\">[0xe8][0xa8][0xaa] [0xe5][0xae][0xa2]</a> | \n                    <a href=\"http://www1.nthu.edu.tw/\" target=\"_blank\">[0xe8][0x88][0x8a][0xe7][0x89][0x88][0xe9][0xa6][0x96][0xe9][0xa0][0x81]</a>\n                </li>\n\n                <li>\n                    <a href=\"/hotNews\">[0xe9][0xa6][0x96][0xe9][0xa0][0x81][0xe6][0x95][0x85][0xe4][0xba][0x8b]</a> | \n                    <a href=\"/periodical\">[0xe6][0xb8][0x85][0xe8][0x8f][0xaf][0xe7][0xb0][0xa1][0xe8][0xa8][0x8a]</a> | \n                    <a href=\"/newsLetter\">NTHU Newsletter</a>\n                </li>\n\n                \n\n            </ul>\n        </div>\n    </div>\n</header>\n\n<section>\n<div class=\"container\">\n    <div class=\"mean-push\"></div><nav class=\"main_menu\" style=\"display: none;\">\n\t<ul>\n    \t<li><a href=\"/about\">[0xe8][0xaa][0x8d][0xe8][0xad][0x98][0xe6][0xb8][0x85][0xe8][0x8f][0xaf]</a></li><!--<i class=\"fa fa-angle-down\" aria-hidden=\"true\"></i>-->\n        <li><a href=\"/units/administrative\">[0xe8][0xa1][0x8c][0xe6][0x94][0xbf][0xe5][0x96][0xae][0xe4][0xbd][0x8d]</a></li><!--<i class=\"fa fa-angle-down\" aria-hidden=\"true\"></i>-->\n        <li><a href=\"/units/education\">[0xe6][0x95][0x99][0xe5][0xad][0xb8][0xe5][0x96][0xae][0xe4][0xbd][0x8d]</a></li><!--<i class=\"fa fa-angle-down\" aria-hidden=\"true\"></i>-->\n        <li><a href=\"/units/researchCenter\">[0xe7][0xa0][0x94][0xe7][0xa9][0xb6][0xe4][0xb8][0xad][0xe5][0xbf][0x83]</a></li><!--<i class=\"fa fa-angle-down\" aria-hidden=\"true\"></i>-->\n        <li><a href=\"http://www.lib.nthu.edu.tw/\" target=\"_blank\">[0xe5][0x9c][0x96][0xe6][0x9b][0xb8][0xe9][0xa4][0xa8]</a></li><!--<i class=\"fa fa-angle-down\" aria-hidden=\"true\"></i>-->\n        <li><a href=\"http://www.cc.nthu.edu.tw/bin/home.php\">[0xe8][0xa8][0x88][0xe7][0xae][0x97][0xe6][0xa9][0x9f][0xe8][0x88][0x87][0xe9][0x80][0x9a][0xe8][0xa8][0x8a][0xe4][0xb8][0xad][0xe5][0xbf][0x83]</a></li><!--<i class=\"fa fa-angle-down\" aria-hidden=\"true\"></i>-->\n        <li><a href=\"http://admission.nthu.edu.tw/\">[0xe6][0x8b][0x9b][0xe7][0x94][0x9f][0xe5][0xb0][0x88][0xe5][0x8d][0x80]</a></li>\n        <li><a href=\"https://www.ccxp.nthu.edu.tw/ccxp/INQUIRE/\">[0xe6][0xa0][0xa1][0xe5][0x8b][0x99][0xe8][0xb3][0x87][0xe8][0xa8][0x8a][0xe7][0xb3][0xbb][0xe7][0xb5][0xb1]</a></li>\n        <li><a href=\"http://www.nhcue.edu.tw\" target=\"_blank\">[0xe5][0x8d][0x97][0xe5][0xa4][0xa7][0xe6][0xa0][0xa1][0xe5][0x8d][0x80]</a></li>\n    </ul>\n</nav>\n        <a href=\"\" accesskey=\"L\" class=\"tab\" title=\"[0xe4][0xb8][0xad][0xe9][0x96][0x93][0xe5][0x85][0xa7][0xe5][0xae][0xb9][0xe5][0x8d][0x80]\">:::</a>\n\n                    <!-- [0xe9][0xa6][0x96][0xe9][0xa0][0x81][0xe6][0x95][0x85][0xe4][0xba][0x8b] -->\n            <div class=\"slider\">\n                <div class=\"flexslider\">\n                    \n                <div class=\"flex-viewport\" style=\"overflow: hidden; position: relative;\"><ul class=\"slides\" style=\"width: 1000%; -webkit-transition: 0s; transition: 0s; -webkit-transform: translate3d(-380px, 0, 0);\"><li class=\"clone\" aria-hidden=\"true\" style=\"width: 380px; float: left; display: block;\"><a href=\"/hotNews/content/114\"><img src=\"/images/hnMain_148067228090.jpg\" alt=\"[0xe9][0xa0][0x82][0xe5][0xb0][0x96][0xe7][0xa7][0x91][0xe5][0xad][0xb8][0xe5][0xae][0xb6][0xe9][0xbd][0x8a][0xe8][0x81][0x9a][0xe5][0x8f][0xb0][0xe7][0x81][0xa3] [0xe9][0xab][0x98][0xe7][0x86][0xb5][0xe5][0x90][0x88][0xe9][0x87][0x91][0xe7][0xa0][0x94][0xe7][0xa9][0xb6][0xe9][0x82][0x81][0xe5][0x90][0x91][0xe6][0x96][0xb0][0xe7][0xb4][0x80][0xe5][0x85][0x83]\" draggable=\"false\"><div>[0xe9][0xa0][0x82][0xe5][0xb0][0x96][0xe7][0xa7][0x91][0xe5][0xad][0xb8][0xe5][0xae][0xb6][0xe9][0xbd][0x8a][0xe8][0x81][0x9a][0xe5][0x8f][0xb0][0xe7][0x81][0xa3] [0xe9][0xab][0x98][0xe7][0x86][0xb5][0xe5][0x90][0x88][0xe9][0x87][0x91][0xe7][0xa0][0x94][0xe7][0xa9][0xb6][0xe9][0x82][0x81][0xe5][0x90][0x91][0xe6][0x96][0xb0][0xe7][0xb4][0x80][0xe5][0x85][0x83]</div></a></li>\n                                                    <li style=\"width: 380px; float: left; display: block;\" class=\"flex-active-slide\"><a href=\"/hotNews/content/116\"><img src=\"/images/hnMain_148029985673.jpg\" alt=\"[0xe5][0x85][0xa8][0xe6][0xa0][0xa1][0xe9][0x81][0x8b][0xe5][0x8b][0x95][0xe6][0x9c][0x83][0xe8][0x90][0xbd][0xe5][0xb9][0x95] [0xe7][0x94][0xb7][0xe5][0xad][0x90]100[0xe5][0x85][0xac][0xe5][0xb0][0xba][0xe5][0x89][0xb5][0xe6][0xb8][0x85][0xe8][0x8f][0xaf][0xe6][0x96][0xb0][0xe7][0x96][0xbe][0xe9][0x80][0x9f][0xe5][0x82][0xb3][0xe8][0xaa][0xaa]\" draggable=\"false\"><div>[0xe5][0x85][0xa8][0xe6][0xa0][0xa1][0xe9][0x81][0x8b][0xe5][0x8b][0x95][0xe6][0x9c][0x83][0xe8][0x90][0xbd][0xe5][0xb9][0x95] [0xe7][0x94][0xb7][0xe5][0xad][0x90]100[0xe5][0x85][0xac][0xe5][0xb0][0xba][0xe5][0x89][0xb5][0xe6][0xb8][0x85][0xe8][0x8f][0xaf][0xe6][0x96][0xb0][0xe7][0x96][0xbe][0xe9][0x80][0x9f][0xe5][0x82][0xb3][0xe8][0xaa][0xaa]</div></a></li>\n                                                    <li style=\"width: 380px; float: left; display: block;\"><a href=\"/hotNews/content/115\"><img src=\"/images/hnMain_148117961413.jpg\" alt=\"[0xe6][0x9c][0xac][0xe6][0xa0][0xa1]6[0xe4][0xbd][0x8d][0xe6][0x95][0x99][0xe5][0xb8][0xab][0xe7][0x8d][0xb2]105[0xe5][0xb9][0xb4][0xe5][0x90][0xb3][0xe5][0xa4][0xa7][0xe7][0x8c][0xb7][0xe5][0x85][0x88][0xe7][0x94][0x9f][0xe7][0xb4][0x80][0xe5][0xbf][0xb5][0xe7][0x8d][0x8e]\" draggable=\"false\"><div>[0xe6][0x9c][0xac][0xe6][0xa0][0xa1]6[0xe4][0xbd][0x8d][0xe6][0x95][0x99][0xe5][0xb8][0xab][0xe7][0x8d][0xb2]105[0xe5][0xb9][0xb4][0xe5][0x90][0xb3][0xe5][0xa4][0xa7][0xe7][0x8c][0xb7][0xe5][0x85][0x88][0xe7][0x94][0x9f][0xe7][0xb4][0x80][0xe5][0xbf][0xb5][0xe7][0x8d][0x8e]</div></a></li>\n                                                    <li style=\"width: 380px; float: left; display: block;\"><a href="
11:15:05.062 [Forwarding getPageSource on session 7836b5d0-bd7a-11e6-9730-e5ec4f8847f6 to remote] DEBUG org.apache.http.wire - http-outgoing-0 << "\"/hotNews/content/114\"><img src=\"/images/hnMain_148067228090.jpg\" alt=\"[0xe9][0xa0][0x82][0xe5][0xb0][0x96][0xe7][0xa7][0x91][0xe5][0xad][0xb8][0xe5][0xae][0xb6][0xe9][0xbd][0x8a][0xe8][0x81][0x9a][0xe5][0x8f][0xb0][0xe7][0x81][0xa3] [0xe9][0xab][0x98][0xe7][0x86][0xb5][0xe5][0x90][0x88][0xe9][0x87][0x91][0xe7][0xa0][0x94][0xe7][0xa9][0xb6][0xe9][0x82][0x81][0xe5][0x90][0x91][0xe6][0x96][0xb0][0xe7][0xb4][0x80][0xe5][0x85][0x83]\" draggable=\"false\"><div>[0xe9][0xa0][0x82][0xe5][0xb0][0x96][0xe7][0xa7][0x91][0xe5][0xad][0xb8][0xe5][0xae][0xb6][0xe9][0xbd][0x8a][0xe8][0x81][0x9a][0xe5][0x8f][0xb0][0xe7][0x81][0xa3] [0xe9][0xab][0x98][0xe7][0x86][0xb5][0xe5][0x90][0x88][0xe9][0x87][0x91][0xe7][0xa0][0x94][0xe7][0xa9][0xb6][0xe9][0x82][0x81][0xe5][0x90][0x91][0xe6][0x96][0xb0][0xe7][0xb4][0x80][0xe5][0x85][0x83]</div></a></li>\n                                            <li style=\"width: 380px; float: left; display: block;\" class=\"clone\" aria-hidden=\"true\"><a href=\"/hotNews/content/116\"><img src=\"/images/hnMain_148029985673.jpg\" alt=\"[0xe5][0x85][0xa8][0xe6][0xa0][0xa1][0xe9][0x81][0x8b][0xe5][0x8b][0x95][0xe6][0x9c][0x83][0xe8][0x90][0xbd][0xe5][0xb9][0x95] [0xe7][0x94][0xb7][0xe5][0xad][0x90]100[0xe5][0x85][0xac][0xe5][0xb0][0xba][0xe5][0x89][0xb5][0xe6][0xb8][0x85][0xe8][0x8f][0xaf][0xe6][0x96][0xb0][0xe7][0x96][0xbe][0xe9][0x80][0x9f][0xe5][0x82][0xb3][0xe8][0xaa][0xaa]\" draggable=\"false\"><div>[0xe5][0x85][0xa8][0xe6][0xa0][0xa1][0xe9][0x81][0x8b][0xe5][0x8b][0x95][0xe6][0x9c][0x83][0xe8][0x90][0xbd][0xe5][0xb9][0x95] [0xe7][0x94][0xb7][0xe5][0xad][0x90]100[0xe5][0x85][0xac][0xe5][0xb0][0xba][0xe5][0x89][0xb5][0xe6][0xb8][0x85][0xe8][0x8f][0xaf][0xe6][0x96][0xb0][0xe7][0x96][0xbe][0xe9][0x80][0x9f][0xe5][0x82][0xb3][0xe8][0xaa][0xaa]</div></a></li></ul></div><ol class=\"flex-control-nav flex-control-paging\"><li><a class=\"flex-active\">1</a></li><li><a>2</a></li><li><a>3</a></li></ol><ul class=\"flex-direction-nav\"><li class=\"flex-nav-prev\"><a class=\"flex-prev\" href=\"#\">Previous</a></li><li class=\"flex-nav-next\"><a class=\"flex-next\" href=\"#\">Next</a></li></ul></div>\n            </div>\n            <!-- [0xe9][0xa6][0x96][0xe9][0xa0][0x81][0xe6][0x95][0x85][0xe4][0xba][0x8b] end -->\n        \n        <div class=\"width-100 main\">\n\n            \n                            <!-- [0xe5][0x8d][0x93][0xe8][0xb6][0x8a][0xe7][0x8d][0x8e][0xe9][0xa0][0x85] -->\n                <div>\n                    <h1>[0xe5][0x8d][0x93] [0xe8][0xb6][0x8a] [0xe7][0x8d][0x8e] [0xe9][0xa0][0x85]</h1>\n                    <ul>\n                                                    <li><a href=\"/award/content/107\">[0xe5][0x8c][0x96][0xe5][0xb7][0xa5][0xe7][0xb3][0xbb][0xe9][0x99][0xb3][0xe4][0xbf][0xa1][0xe6][0x96][0x87][0xe6][0x95][0x99][0xe6][0x8e][0x88][0xe6][0xa6][0xae][0xe7][0x8d][0xb2][0xe7][0xbe][0x8e][0xe5][0x9c][0x8b]TMS[0xe5][0xad][0xb8][0xe6][0x9c][0x83][0xef][0xbd][0xa2]2017[0xe5][0xb9][0xb4][0xe5][0x8a][0x9f][0xe8][0x83][0xbd][0xe6][0x80][0xa7][0xe6][0x9d][0x90][0xe6][0x96][0x99][0xe5][0x82][0x91][0xe5][0x87][0xba][0xe7][0xa7][0x91][0xe5][0xad][0xb8][0xe5][0xae][0xb6]/[0xe5][0xb7][0xa5][0xe7][0xa8][0x8b][0xe5][0xb8][0xab][0xe7][0x8d][0x8e][0xef][0xbd][0xa3]</a></li>\n                                                    <li><a href=\"/award/content/106\">[0xe5][0x8c][0x96][0xe5][0xb7][0xa5][0xe7][0xb3][0xbb][0xe9][0xbb][0x83][0xe6][0x8c][0xaf][0xe7][0x85][0x8c][0xe5][0x8a][0xa9][0xe7][0x90][0x86][0xe6][0x95][0x99][0xe6][0x8e][0x88][0xe6][0xa6][0xae][0xe7][0x8d][0xb2]2016[0xe5][0xb9][0xb4][0xe7][0x99][0xbe][0xe5][0xa4][0xa7][0xe7][0xa7][0x91][0xe6][0x8a][0x80][0xe7][0xa0][0x94][0xe7][0x99][0xbc][0xe7][0x8d][0x8e](R&amp;D 100 Awards)</a></li>\n                                                    <li><a href=\"/award/content/105\">[0xe7][0x94][0x9f][0xe7][0xa7][0x91][0xe9][0x99][0xa2][0xe6][0xb1][0x9f][0xe5][0xae][0x89][0xe4][0xb8][0x96][0xe9][0x99][0xa2][0xe9][0x95][0xb7][0xe7][0x95][0xb6][0xe9][0x81][0xb8]TWAS[0xe6][0x96][0xb0][0xe4][0xbb][0xbb][0xe9][0x99][0xa2][0xe5][0xa3][0xab]</a></li>\n                                                    <li><a href=\"/award/content/104\">[0xe5][0x8c][0x96][0xe5][0xad][0xb8][0xe7][0xb3][0xbb][0xe7][0x8e][0x8b][0xe7][0xb4][0xa0][0xe8][0x98][0xad][0xe6][0x95][0x99][0xe6][0x8e][0x88][0xe3][0x80][0x81][0xe7][0x89][0xa9][0xe7][0x90][0x86][0xe7][0xb3][0xbb][0xe9][0x83][0xad][0xe7][0x91][0x9e][0xe5][0xb9][0xb4][0xe6][0x95][0x99][0xe6][0x8e][0x88][0xe5][0x8f][0x8a][0xe9][0x9b][0xbb][0xe6][0xa9][0x9f][0xe7][0xb3][0xbb][0xe5][0xbc][0xb5][0xe6][0xad][0xa3][0xe5][0xb0][0x9a][0xe6][0x95][0x99][0xe6][0x8e][0x88][0xe6][0xa6][0xae][0xe7][0x8d][0xb2][0xe6][0x95][0x99][0xe8][0x82][0xb2][0xe9][0x83][0xa8][0xe7][0xac][0xac]20[0xe5][0xb1][0x86][0xe5][0x9c][0x8b][0xe5][0xae][0xb6][0xe8][0xac][0x9b][0xe5][0xba][0xa7]</a></li>\n                                                    <li><a href=\"/award/content/103\">[0xe7][0x89][0xa9][0xe7][0x90][0x86][0xe7][0xb3][0xbb][0xe5][0xbc][0xb5][0xe6][0x95][0xac][0xe6][0xb0][0x91][0xe6][0x95][0x99][0xe6][0x8e][0x88][0xe3][0x80][0x81][0xe8][0xb3][0x87][0xe5][0xb7][0xa5][0xe7][0xb3][0xbb][0xe8][0xa8][0xb1][0xe5][0x81][0xa5][0xe5][0xb9][0xb3][0xe6][0x95][0x99][0xe6][0x8e][0x88][0xe3][0x80][0x81][0xe8][0xaa][0x9e][0xe8][0xa8][0x80][0xe6][0x89][0x80][0xe6][0xa2][0x85][0xe5][0xbb][0xa3][0xe6][0x95][0x99][0xe6][0x8e][0x88][0xe3][0x80][0x81][0xe7][0xb5][0xb1][0xe8][0xa8][0x88][0xe6][0x89][0x80][0xe6][0x9b][0xbe][0xe5][0x8b][0x9d][0xe6][0xbb][0x84][0xe6][0x95][0x99][0xe6][0x8e][0x88][0xe6][0xa6][0xae][0xe7][0x8d][0xb2][0xe6][0x95][0x99][0xe8][0x82][0xb2][0xe9][0x83][0xa8][0xe7][0xac][0xac]60[0xe5][0xb1][0x86][0xe5][0xad][0xb8][0xe8][0xa1][0x93][0xe7][0x8d][0x8e]</a></li>\n                                                    <li><a href=\"/award/content/102\">[0xe5][0x8c][0x96][0xe5][0xad][0xb8][0xe7][0xb3][0xbb][0xe6][0xb1][0x9f][0xe6][0x98][0x80][0xe7][0xb7][0xaf][0xe5][0x89][0xaf][0xe6][0x95][0x99][0xe6][0x8e][0x88][0xe3][0x80][0x81][0xe9][0x9b][0xbb][0xe6][0xa9][0x9f][0xe7][0xb3][0xbb][0xe7][0xbf][0x81][0xe8][0xa9][0xa0][0xe7][0xa5][0xbf][0xe5][0x89][0xaf][0xe6][0x95][0x99][0xe6][0x8e][0x88][0xe3][0x80][0x81][0xe5][0xb7][0xa5][0xe5][0xb7][0xa5][0xe7][0xb3][0xbb][0xe5][0xbb][0x96][0xe5][0xb4][0x87][0xe7][0xa2][0xa9][0xe5][0x89][0xaf][0xe6][0x95][0x99][0xe6][0x8e][0x88][0xe3][0x80][0x81][0xe5][0x8c][0x96][0xe5][0xb7][0xa5][0xe7][0xb3][0xbb][0xe8][0xa1][0x9b][0xe5][0xad][0x90][0xe5][0x81][0xa5][0xe5][0x89][0xaf][0xe6][0x95][0x99][0xe6][0x8e][0x88][0xe3][0x80][0x81][0xe4][0xb8][0xad][0xe6][0x96][0x87][0xe7][0xb3][0xbb][0xe9][0xa1][0x8f][0xe5][0x81][0xa5][0xe5][0xaf][0x8c][0xe5][0x89][0xaf][0xe6][0x95][0x99][0xe6][0x8e][0x88][0xe3][0x80][0x81][0xe7][0xab][0xb9][0xe6][0x95][0x99][0xe5][0xa4][0xa7][0xe8][0x8b][0xb1][0xe8][0xaa][0x9e][0xe7][0xb3][0xbb][0xe6][0xa5][0x8a][0xe8][0x95][0x99][0xe5][0x90][0x9b][0xe5][0x89][0xaf][0xe6][0x95][0x99][0xe6][0x8e][0x88][0xe7][0x8d][0xb2]105[0xe5][0xb9][0xb4][0xe5][0x90][0xb3][0xe5][0xa4][0xa7][0xe7][0x8c][0xb7][0xe5][0x85][0x88][0xe7][0x94][0x9f][0xe7][0xb4][0x80][0xe5][0xbf][0xb5][0xe7][0x8d][0x8e]</a></li>\n                                                <a href=\"/award\">Read more</a>\n                    </ul>\n                </div>\n                <!-- [0xe5][0x8d][0x93][0xe8][0xb6][0x8a][0xe7][0x8d][0x8e][0xe9][0xa0][0x85] end -->\n            \n                            <!-- [0xe6][0xb8][0x85][0xe8][0x8f][0xaf][0xe6][0x96][0xb0][0xe8][0x81][0x9e] -->\n                <div>\n                    <h1>[0xe6][0xb8][0x85] [0xe8][0x8f][0xaf] [0xe6][0x96][0xb0] [0xe8][0x81][0x9e]</h1>\n                                            <div>\n                            <div class=\"width-28\"><img src=\"/images/news_147755965777.jpg\" alt=\"[0xe5][0x89][0xb5][0xe6][0xa5][0xad][0xe5][0xad][0xb8][0xe8][0x87][0xba][0xe7][0x81][0xa3] [0xe6][0xb8][0x85][0xe5][0xa4][0xa7][0xe3][0x80][0x8c][0xe8][0xb2][0xa1][0xe5][0x8b][0x99][0xe7][0xae][0xa1][0xe7][0x90][0x86][0xe3][0x80][0x8d][0xe8][0xaa][0xb2][0xe7][0xa8][0x8b][0xe9][0xa2][0xa8][0xe9][0x9d][0xa1][0xe5][0xb0][0x8d][0xe5][0xb2][0xb8]\"></div>\n                            <div class=\"width-72\">\n                                <p class=\"fontsize18\">[0xe5][0x89][0xb5][0xe6][0xa5][0xad][0xe5][0xad][0xb8][0xe8][0x87][0xba][0xe7][0x81][0xa3] [0xe6][0xb8][0x85][0xe5][0xa4][0xa7][0xe3][0x80][0x8c][0xe8][0xb2][0xa1][0xe5][0x8b][0x99][0xe7][0xae][0xa1][0xe7][0x90][0x86][0xe3][0x80][0x8d][0xe8][0xaa][0xb2][0xe7][0xa8][0x8b][0xe9][0xa2][0xa8][0xe9][0x9d][0xa1][0xe5][0xb0][0x8d][0xe5][0xb2][0xb8]</p>\n                                <p>[0xe5][0xb0][0x8d][0xe5][0xb2][0xb8][0xe8][0xa8][0xb1][0xe5][0xa4][0x9a][0xe5][0xa4][0xa7][0xe5][0xad][0xb8][0xe7][0x94][0x9f][0xe6][0x91][0xa9][0xe6][0x8b][0xb3][0xe6][0x93][0xa6][0xe6][0x8e][0x8c][0xe6][0x83][0xb3][0xe5][0x89][0xb5][0xe6][0xa5][0xad][0xef][0xbc][0x8c][0xe7][0xb7][0x9a][0xe4][0xb8][0x8a][0xe5][0xad][0xb8][0xe8][0xb2][0xa1][0xe5][0x8b][0x99][0xe7][0xae][0xa1][0xe7][0x90][0x86][0xe6][0xad][0xa3][0xe5][0xa4][0xaf][0xef][0xbc][0x81][0xe7][0x94][0xb1][0xe5][0x9c][0x8b][0xe7][0xab][0x8b][0xe6][0xb8][0x85][0xe8][0x8f][0xaf][0xe5][0xa4][0xa7][0xe5][0xad][0xb8][0xe8][0xa8][0x88][0xe9][0x87][0x8f][0xe8][0xb2][0xa1][0xe5][0x8b][0x99][0xe9][0x87][0x91][0xe8][0x9e][0x8d][0xe5][0xad][0xb8]...<a href=\"http://secretary.web.nthu.edu.tw/files/15-1160-108027,c8330-1.php?Lang=zh-tw\" target=\"_blank\">Read more</a></p>\n                            </div>\n                        </div>\n                                            <div>\n                            <div class=\"width-28\"><img src=\"/images/news_147314981267.jpg\" alt=\"[0xe5][0x85][0xa9][0xe5][0xb2][0xb8][0xe4][0xb8][0x89][0xe5][0x9c][0xb0][0xe8][0x96][0xaa][0xe7][0x81][0xab][0xe7][0x9b][0xb8][0xe5][0x82][0xb3] [0xe5][0x8f][0xb0][0xe6][0xb8][0xaf][0xe9][0x99][0xb8][0xe4][0xb8][0x89][0xe6][0xa0][0xa1][0xe5][0xad][0xb8][0xe7][0x94][0x9f][0xe9][0xab][0x94][0xe9][0xa9][0x97][0xe4][0xb8][0x8d][0xe5][0x90][0x8c][0xe6][0x96][0x87][0xe5][0x8c][0x96]\"></div>\n                            <div class=\"width-72\">\n                                <p class=\"fontsize18\">[0xe5][0x85][0xa9][0xe5][0xb2][0xb8][0xe4][0xb8][0x89][0xe5][0x9c][0xb0][0xe8][0x96][0xaa][0xe7][0x81][0xab][0xe7][0x9b][0xb8][0xe5][0x82][0xb3] [0xe5][0x8f][0xb0][0xe6][0xb8][0xaf][0xe9][0x99][0xb8][0xe4][0xb8][0x89][0xe6][0xa0][0xa1][0xe5][0xad][0xb8][0xe7][0x94][0x9f][0xe9][0xab][0x94][0xe9][0xa9][0x97][0xe4][0xb8][0x8d][0xe5][0x90][0x8c][0xe6][0x96][0x87][0xe5][0x8c][0x96]</p>\n                                <p>[0xe5][0x9c][0x8b][0xe7][0xab][0x8b][0xe6][0xb8][0x85][0xe8][0x8f][0xaf][0xe5][0xa4][0xa7][0xe5][0xad][0xb8][0xe5][0x8f][0x8a][0xe9][0xa6][0x99][0xe6][0xb8][0xaf][0xe4][0xb8][0xad][0xe6][0x96][0x87][0xe5][0xa4][0xa7][0xe5][0xad][0xb8][0xe8][0x81][0xaf][0xe5][0x90][0x88][0xe6][0x9b][0xb8][0xe9][0x99][0xa2][0xe3][0x80][0x81][0xe5][0x8c][0x97][0xe4][0xba][0xac][0xe6][0xb8][0x85][0xe8][0x8f][0xaf][0xe5][0xa4][0xa7][0xe5][0xad][0xb8][0xe7][0xac]"
11:15:05.064 [Forwarding getPageSource on session 7836b5d0-bd7a-11e6-9730-e5ec4f8847f6 to remote] DEBUG org.apache.http.wire - http-outgoing-0 << "[0xac][0xe4][0xba][0x94][0xe5][0xb1][0x86][0xe5][0x85][0xa9][0xe5][0xb2][0xb8][0xe4][0xb8][0x89][0xe5][0x9c][0xb0][0xe8][0x96][0xaa][0xe7][0x81][0xab][0xe8][0xa8][0x88][0xe7][0x95][0xab]...<a href=\"http://secretary.web.nthu.edu.tw/files/15-1160-106192,c8330-1.php?Lang=zh-tw\" target=\"_blank\">Read more</a></p>\n                            </div>\n                        </div>\n                                            <div>\n                            <div class=\"width-28\"><img src=\"/images/news_147314964239.jpg\" alt=\"F1[0xe8][0xb3][0xbd][0xe8][0xbb][0x8a][0xe3][0x80][0x81]AI[0xe6][0xa9][0x9f][0xe5][0x99][0xa8][0xe4][0xba][0xba] [0xe6][0xb8][0x85][0xe8][0x8f][0xaf][0xe5][0xad][0xb8][0xe5][0xad][0x90][0xe6][0x89][0x93][0xe9][0x80][0xa0][0xe5][0xb9][0xbb][0xe6][0x83][0xb3][0xe6][0x9c][0xaa][0xe4][0xbe][0x86]\"></div>\n                            <div class=\"width-72\">\n                                <p class=\"fontsize18\">F1[0xe8][0xb3][0xbd][0xe8][0xbb][0x8a][0xe3][0x80][0x81]AI[0xe6][0xa9][0x9f][0xe5][0x99][0xa8][0xe4][0xba][0xba] [0xe6][0xb8][0x85][0xe8][0x8f][0xaf][0xe5][0xad][0xb8][0xe5][0xad][0x90][0xe6][0x89][0x93][0xe9][0x80][0xa0][0xe5][0xb9][0xbb][0xe6][0x83][0xb3][0xe6][0x9c][0xaa][0xe4][0xbe][0x86]</p>\n                                <p>[0xe5][0xbf][0xb5][0xe6][0xa9][0x9f][0xe6][0xa2][0xb0][0xe7][0xb3][0xbb][0xe4][0xb8][0x8d][0xe5][0x85][0x89][0xe5][0x8f][0xaa][0xe6][0x98][0xaf][0xe7][0x95][0xb6][0xe4][0xbf][0xae][0xe8][0xbb][0x8a][0xe9][0xbb][0x91][0xe6][0x89][0x8b][0xef][0xbc][0x8c][0xe5][0x9c][0x8b][0xe7][0xab][0x8b][0xe6][0xb8][0x85][0xe8][0x8f][0xaf][0xe5][0xa4][0xa7][0xe5][0xad][0xb8][0xe5][0x8b][0x95][0xe5][0x8a][0x9b][0xe6][0xa9][0x9f][0xe6][0xa2][0xb0][0xe7][0xb3][0xbb][0xe5][0xad][0xb8][0xe7][0x94][0x9f][0xe4][0xb8][0x8d][0xe5][0x83][0x85][0xe6][0x89][0x93][0xe9][0x80][0xa0]F1[0xe8][0xb3][0xbd][0xe8][0xbb][0x8a][0xe3][0x80][0x81]AI[0xe8][0x87][0xaa][0xe5][0x8b][0x95][0xe5][0x8c][0x96]...<a href=\"http://secretary.web.nthu.edu.tw/files/15-1160-105559,c8330-1.php?Lang=zh-tw\" target=\"_blank\">Read more</a></p>\n                            </div>\n                        </div>\n                                            <div>\n                            <div class=\"width-28\"><img src=\"/images/news_147314951687.jpg\" alt=\"[0xe6][0xb8][0x85][0xe5][0xa4][0xa7][0xe7][0xa3][0xa8][0xe8][0xaa][0xb2][0xe5][0xb8][0xab][0xe5][0x89][0x8d][0xe9][0x80][0xb2][0xe6][0xad][0x90][0xe6][0xb4][0xb2][0xe6][0x96][0xbc]FutureLearn[0xe5][0xb9][0xb3][0xe5][0x8f][0xb0][0xe6][0x95][0x99][0xe4][0xbd][0xa0][0xe9][0xa0][0x90]...\"></div>\n                            <div class=\"width-72\">\n                                <p class=\"fontsize18\">[0xe6][0xb8][0x85][0xe5][0xa4][0xa7][0xe7][0xa3][0xa8][0xe8][0xaa][0xb2][0xe5][0xb8][0xab][0xe5][0x89][0x8d][0xe9][0x80][0xb2][0xe6][0xad][0x90][0xe6][0xb4][0xb2][0xe6][0x96][0xbc]FutureLearn[0xe5][0xb9][0xb3][0xe5][0x8f][0xb0][0xe6][0x95][0x99][0xe4][0xbd][0xa0][0xe9][0xa0][0x90]...</p>\n                                <p>[0xe3][0x80][0x8c][0xe6][0xb8][0x85][0xe8][0x8f][0xaf][0xe7][0xa3][0xa8][0xe8][0xaa][0xb2][0xe5][0xb8][0xab][0xe3][0x80][0x8d][0xe5][0x89][0x8d][0xe9][0x80][0xb2][0xe6][0xad][0x90][0xe6][0xb4][0xb2][0xe3][0x80][0x82][0xe5][0x9c][0x8b][0xe7][0xab][0x8b][0xe6][0xb8][0x85][0xe8][0x8f][0xaf][0xe5][0xa4][0xa7][0xe5][0xad][0xb8][0xe6][0x9c][0xac][0xe6][0x9c][0x88][0xe8][0x88][0x87][0xe8][0x8b][0xb1][0xe5][0x9c][0x8b][0xe6][0x9c][0x80][0xe5][0xa4][0xa7][0xe7][0xb7][0x9a][0xe4][0xb8][0x8a][0xe6][0x95][0x99][0xe5][0xad][0xb8][0xe5][0xb9][0xb3][0xe5][0x8f][0xb0]FutureLearn[0xe7][0xb0][0xbd][0xe7][0xb4][0x84]...<a href=\"http://secretary.web.nthu.edu.tw/files/15-1160-105558,c8330-1.php?Lang=zh-tw\" target=\"_blank\">Read more</a></p>\n                            </div>\n                        </div>\n                                    </div>\n                <!-- [0xe6][0xb8][0x85][0xe8][0x8f][0xaf][0xe6][0x96][0xb0][0xe8][0x81][0x9e] end -->\n            \n                            <!-- [0xe5][0xbd][0xb1][0xe9][0x9f][0xb3][0xe6][0x96][0xb0][0xe8][0x81][0x9e] -->\n                <div>\n                    <h1>[0xe5][0xbd][0xb1] [0xe9][0x9f][0xb3] [0xe6][0x96][0xb0] [0xe8][0x81][0x9e]</h1>\n                                            <div class=\"width-100 video\">\n                            <div class=\"width-65\"><iframe width=\"560\" height=\"315\" src=\"https://www.youtube.com/embed/zKU7-DstApM\" frameborder=\"0\" allowfullscreen=\"\" title=\"[0xe3][0x80][0x8c][0xe6][0xa2][0x85][0xe3][0x80][0x8d][0xe4][0xb8][0x8d][0xe5][0x8b][0x9d][0xe6][0x94][0xb6] [0xe6][0xb8][0x85][0xe8][0x8f][0xaf][0xe6][0xa2][0x85][0xe5][0x9c][0x92][0xe5][0x86][0x8d][0xe6][0xa4][0x8d][0xe7][0x99][0xbe][0xe6][0xa3][0xb5][0xe6][0x96][0xb0][0xe6][0xa2][0x85]\"></iframe></div>\n                            <div class=\"width-35\">\n                                <p class=\"fontsize18\">[0xe5][0x9c][0x8b][0xe7][0xab][0x8b][0xe6][0xb8][0x85][0xe8][0x8f][0xaf][0xe5][0xa4][0xa7][0xe5][0xad][0xb8][0xe3][0x80][0x8c][0xe6][0xa2][0x85][0xe5][0x9c][0x92][0xe3][0x80][0x8d][0xe7][0x82][0xba][0xe5][0x89][0x8d][0xe6][0xa0][0xa1][0xe9][0x95][0xb7][0xe6][0xa2][0x85][0xe8][0xb2][0xbd][0xe7][0x90][0xa6][0xe9][0x95][0xb7][0xe7][0x9c][0xa0][0xe4][0xb9][0x8b][0xe5][0x9c][0xb0][0xef][0xbc][0x8c][0xe5][0x9c][0x92][0xe5][0x85][0xa7][0xe9][0x81][0x8d][0xe6][0xa4][0x8d][0xe6][0xa2][0x85][0xe6][0xa8][0xb9][0xef][0xbc][0x8c][0xe6][0xaf][0x8f][0xe5][0xb9][0xb4][0xe6][0xa2][0x85][0xe8][0x8a][0xb1][0xe7][0x9b][0x9b][0xe9][0x96][0x8b][0xe5][0xad][0xa3][0xe7][0xaf][0x80][0xe5][0xb8][0xb8][0xe5][0x90][0xb8][0xe5][0xbc][0x95][0xe6][0xb0][0x91][0xe7][0x9c][0xbe][0xe7][0xb5][0x84][0xe5][0x9c][0x98][0xe8][0xb3][0x9e][0xe6][0xa2][0x85][0xe3][0x80][0x82][0xe4][0xb8][0x8d][0xe9][0x81][0x8e][0xe8][0xbf][0x91][0xe5][0xb9][0xb4][0xe5][0x8f][0x97][0xe5][0x88][0xb0][0xe7][0x99][0xbd][0xe8][0x9f][0xbb][0xe8][0x9b][0x80][0xe8][0x9d][0x95][0xef][0xbc][0x8c][0xe6][0xa2][0x85][0xe6][0xa8][0xb9][0xe5][0x81][0xa5][0xe5][0xba][0xb7][0xe7][0x8b][0x80][0xe6][0xb3][0x81][0xe4][0xb8][0x8d][0xe4][0xbd][0xb3][0xef][0xbc][0x8c][0xe6][0xb8][0x85][0xe8][0x8f][0xaf][0xe6][0xa0][0xa1][0xe5][0x8f][0x8b][0xe3][0x80][0x81][0xe5][0xa5][0x95][0xe9][0x9d][0x92][0xe8][0x8e][0x8a][0xe5][0x9c][0x92][0xe8][0x8e][0x8a][0xe4][0xb8][0xbb][0xe5][0x90][0xb3][0xe4][0xbd][0xb3][0xe6][0x87][0x8b][0xe5][0xbe][0x97][0xe7][0x9f][0xa5][0xe5][0xbe][0x8c][0xef][0xbc][0x8c][0xe6][0xb1][0xba][0xe6][0x8d][0x90][0xe8][0xb4][0x88]100[0xe6][0xa3][0xb5][0xe6][0xa2][0x85][0xe6][0xa8][0xb9][0xe8][0x8b][0x97][0xef][0xbc][0x8c][0xe5][0x9c][0xa8]12[0xe6][0x9c][0x88]3[0xe6][0x97][0xa5][0xe8][0x88][0x89][0xe8][0xbe][0xa6][0xe3][0x80][0x8c][0xe6][0xa2][0x85][0xe6][0xa8][0xb9][0xe6][0xb8][0x85][0xe9][0xa6][0x99][0xef][0xbc][0x8c][0xe6][0xa8][0xb9][0xe9][0x80][0xa0][0xe6][0x96][0xb0][0xe8][0x91][0x89][0xe3][0x80][0x8d][0xe6][0xa4][0x8d][0xe6][0xa8][0xb9][0xe6][0xb4][0xbb][0xe5][0x8b][0x95][0xef][0xbc][0x8c][0xe9][0x82][0x80]...</p>\n                            </div>\n                            <a href=\"http://nthunews.media.nthu.edu.tw/\" target=\"_blank\">Read more</a>\n                        </div>\n                                    </div>\n                <!-- [0xe5][0xbd][0xb1][0xe9][0x9f][0xb3][0xe6][0x96][0xb0][0xe8][0x81][0x9e] end -->\n            \n                            <!-- [0xe5][0xaa][0x92][0xe9][0xab][0x94][0xe5][0xa0][0xb1][0xe5][0xb0][0x8e] -->\n                <div>\n                    <h1>[0xe5][0xaa][0x92] [0xe9][0xab][0x94] [0xe5][0xa0][0xb1] [0xe5][0xb0][0x8e]</h1>\n                    <ul>\n                                                    <li><a href=\"/mediaReport/content/83\">[0xe7][0xa7][0x91][0xe6][0x8a][0x80][0xe5][0xbe][0x8b][0xe5][0xb8][0xab][0xe5][0xad][0xb8][0xe8][0x8b][0x91] [0xe6][0xb8][0x85][0xe5][0xa4][0xa7][0xe9][0x96][0x8b][0xe8][0xbe][0xa6]</a></li>\n                                                    <li><a href=\"/mediaReport/content/82\">[0xe6][0x95][0x99][0xe6][0x8e][0x88][0xe4][0xb8][0x8b][0xe9][0x84][0x89][0xe6][0x95][0x99][0xe6][0x95][0xb8][0xe5][0xad][0xb8] [0xe6][0xb4][0xaa][0xe6][0x96][0x87][0xe8][0x89][0xaf][0xe3][0x80][0x8c][0xe5][0xb5][0x8c][0xe5][0x90][0x8d][0xe8][0x81][0xaf][0xe3][0x80][0x8d][0xe6][0xbf][0x80][0xe5][0x8b][0xb5][0xe5][0xad][0xb8][0xe5][0xad][0x90]</a></li>\n                                                    <li><a href=\"/mediaReport/content/81\">[0xe6][0x8e][0xa8][0xe7][0xbf][0xbb][0xe5][0x82][0xb3][0xe7][0xb5][0xb1][0xe9][0x87][0x91][0xe5][0xb1][0xac][0xe6][0x9d][0x90][0xe6][0x96][0x99][0xe8][0xbf][0xb7][0xe6][0x80][0x9d] [0xe6][0x96][0xb0][0xe5][0x90][0x88][0xe9][0x87][0x91][0xe6][0x9d][0x90][0xe6][0x96][0x99][0xe5][0x8d][0xb3][0xe5][0xb0][0x87][0xe5][0x95][0x8f][0xe4][0xb8][0x96]</a></li>\n                                                    <li><a href=\"/mediaReport/content/80\">[0xe7][0x84][0xa1][0xe6][0x95][0xb5][0xe5][0x90][0x88][0xe9][0x87][0x91][0xe6][0x9d][0x90][0xe6][0x96][0x99] 7[0xe6][0x97][0xa5][0xe5][0x9c][0xa8][0xe6][0xb8][0x85][0xe8][0x8f][0xaf][0xe7][0x99][0xbc][0xe8][0xa1][0xa8]</a></li>\n                                                    <li><a href=\"/mediaReport/content/79\">[0xe8][0x80][0x90][0xe9][0xab][0x98][0xe6][0xba][0xab][0xe9][0xab][0x98][0xe7][0x86][0xb5][0xe5][0x90][0x88][0xe9][0x87][0x91][0xe5][0x95][0x8f][0xe4][0xb8][0x96] [0xe6][0xb8][0x85][0xe5][0xa4][0xa7][0xe6][0x95][0x99][0xe6][0x8e][0x88][0xe9][0x96][0x8b][0xe5][0x89][0xb5][0xe6][0x9d][0x90][0xe6][0x96][0x99][0xe7][0x94][0xa2][0xe6][0xa5][0xad][0xe6][0x96][0xb0][0xe5][0xa5][0x91][0xe6][0xa9][0x9f]</a></li>\n                                                    <li><a href=\"/mediaReport/content/78\">[0xe6][0xb8][0x85][0xe5][0xa4][0xa7][0xe7][0xab][0xb9][0xe6][0x95][0x99][0xe5][0xa4][0xa7][0xe5][0x90][0x88][0xe4][0xbd][0xb5] [0xe6][0xa0][0xa1][0xe5][0xb7][0xb4][0xe4][0xb8][0x8a][0xe8][0xb7][0xaf][0xe9][0x99][0x84][0xe5][0xb0][0x8f][0xe6][0x8f][0xad][0xe7][0x89][0x8c]</a></li>\n                                   "
11:15:05.066 [Forwarding getPageSource on session 7836b5d0-bd7a-11e6-9730-e5ec4f8847f6 to remote] DEBUG org.apache.http.wire - http-outgoing-0 << "                 <li><a href=\"/mediaReport/content/77\">[0xe6][0xb8][0x85][0xe5][0xa4][0xa7][0xe7][0xab][0xb9][0xe6][0x95][0x99][0xe5][0xa4][0xa7][0xe5][0x90][0x88][0xe4][0xbd][0xb5][0xe7][0xac][0xac][0xe4][0xb8][0x80][0xe5][0xa4][0xa9][0xe3][0x80][0x80][0xe7][0xab][0xb9][0xe5][0xa4][0xa7][0xe9][0x99][0x84][0xe5][0xb0][0x8f][0xe6][0x94][0xb9][0xe5][0x90][0x8d][0xe6][0xb8][0x85][0xe5][0xa4][0xa7][0xe9][0x99][0x84][0xe5][0xb0][0x8f]</a></li>\n                                                    <li><a href=\"/mediaReport/content/76\">[0xe6][0xb8][0x85][0xe8][0x8f][0xaf][0xe3][0x80][0x81][0xe7][0xab][0xb9][0xe6][0x95][0x99][0xe5][0xa4][0xa7][0xe5][0x90][0x88][0xe4][0xbd][0xb5][0xe3][0x80][0x80][0xe9][0x99][0x84][0xe5][0xb0][0x8f][0xe6][0x93][0xac][0xe9][0x96][0x8b][0xe9][0x9b][0x99][0xe8][0xaa][0x9e][0xe7][0x8f][0xad]</a></li>\n                                                    <li><a href=\"/mediaReport/content/75\">[0xe6][0xb8][0x85][0xe5][0xa4][0xa7][0xe7][0xab][0xb9][0xe6][0x95][0x99][0xe5][0xa4][0xa7][0xe5][0x90][0x88][0xe4][0xbd][0xb5] [0xe6][0xa0][0xa1][0xe5][0xb7][0xb4][0xe4][0xb8][0x8a][0xe8][0xb7][0xaf][0xe9][0x99][0x84][0xe5][0xb0][0x8f][0xe6][0x8f][0xad][0xe7][0x89][0x8c]</a></li>\n                                                    <li><a href=\"/mediaReport/content/74\"> [0xe6][0xb8][0x85][0xe8][0x8f][0xaf][0xe5][0xa4][0xa7][0xe5][0xad][0xb8][0xe9][0x99][0x84][0xe8][0xa8][0xad][0xe5][0xaf][0xa6][0xe9][0xa9][0x97][0xe5][0xb0][0x8f][0xe5][0xad][0xb8][0xe6][0x8f][0xad][0xe7][0x89][0x8c]</a></li>\n                                                <a href=\"/mediaReport\">Read more</a>\n                    </ul>\n                </div>\n                <!-- [0xe5][0xaa][0x92][0xe9][0xab][0x94][0xe5][0xa0][0xb1][0xe5][0xb0][0x8e] end -->\n            \n        </div>\n\n                    <!-- [0xe6][0xa0][0xa1][0xe5][0x85][0xa7][0xe6][0xb4][0xbb][0xe5][0x8b][0x95] -->\n            <div class=\"width-100\">\n                <h1>[0xe6][0xa0][0xa1] [0xe5][0x85][0xa7] [0xe6][0xb4][0xbb] [0xe5][0x8b][0x95]</h1>\n                <div class=\"nbs-flexisel-container\"><div class=\"nbs-flexisel-inner\"><ul id=\"flexiselDemo2\" class=\"nbs-flexisel-ul\" style=\"left: -350px; display: block;\">\n                                            <li class=\"nbs-flexisel-item\" style=\"width: 350px;\">\n                            <div>\n                                <a href=\"http://artscenter.web.nthu.edu.tw/files/14-1898-107627,r11-1.php?Lang=zh-tw\" target=\"_blank\"><img src=\"/images/event_147756005917.jpg\" alt=\"[0xe4][0xb8][0x8d][0xe6][0x95][0xa3][0xef][0xbc][0x8e][0xe5][0xa4][0x9c][0xe8][0xb2][0x93][0xe5][0xad][0x90][0xe9][0x9b][0xbb][0xe5][0xbd][0xb1][0xe9][0x99][0xa2][0xe5][0x8d][0x81][0xe9][0x80][0xb1][0xe5][0xb9][0xb4][0xe7][0xb2][0xbe][0xe9][0x81][0xb8][0xe5][0xbd][0xb1][0xe5][0xb1][0x95]\"></a>\n                                <p>\n                                    <span>[0xe4][0xb8][0x8d][0xe6][0x95][0xa3][0xef][0xbc][0x8e][0xe5][0xa4][0x9c][0xe8][0xb2][0x93][0xe5][0xad][0x90][0xe9][0x9b][0xbb][0xe5][0xbd][0xb1][0xe9][0x99][0xa2][0xe5][0x8d][0x81][0xe9][0x80][0xb1][0xe5][0xb9][0xb4][0xe7][0xb2][0xbe][0xe9][0x81][0xb8][0xe5][0xbd][0xb1][0xe5][0xb1][0x95]</span>\n                                    <br><br>[0xe6][0x99][0x82][0xe9][0x96][0x93][0xef][0xbc][0x9a]11/01~12/31[0xe6][0xaf][0x8f][0xe9][0x80][0xb1][0xe4][0xba][0x8c][0xe3][0x80][0x81][0xe5][0x85][0xad]<br><br>\n                                    <span>[0xe5][0x9c][0xb0][0xe9][0xbb][0x9e][0xef][0xbc][0x9a][0xe5][0x90][0x88][0xe5][0x8b][0xa4][0xe6][0xbc][0x94][0xe8][0x97][0x9d][0xe5][0xbb][0xb3][0xe3][0x80][0x81][0xe8][0x98][0x87][0xe6][0xa0][0xbc][0xe8][0xb2][0x93][0xe5][0xba][0x95]</span>\n                                    <a href=\"http://artscenter.web.nthu.edu.tw/files/14-1898-107627,r11-1.php?Lang=zh-tw\" target=\"_blank\">Read more</a>\n                                </p>\n                            </div>\n                        </li><li class=\"nbs-flexisel-item\" style=\"width: 350px;\">\n                            <div>\n                                <a href=\"http://ctld.nthu.edu.tw/course/index.php?mode=detail&amp;id=11529\" target=\"_blank\"><img src=\"/images/event_148109313315.jpg\" alt=\"[0xe5][0xad][0xb8][0xe7][0xbf][0x92][0xe7][0xb3][0xbb][0xe5][0x88][0x97][0xe8][0xac][0x9b][0xe5][0xba][0xa7][0xe3][0x80][0x8c][0xe8][0x87][0xaa][0xe6][0x88][0x91][0xe5][0x83][0xb9][0xe5][0x80][0xbc][0xe5][0xb7][0xa5][0xe7][0xa8][0x8b]-[0xe5][0x89][0xb5][0xe9][0x80][0xa0][0xe8][0x87][0xaa][0xe6][0x88][0x91][0xe6][0xa0][0xb8][0xe5][0xbf][0x83][0xe5][0x83][0xb9][0xe5][0x80][0xbc][0xe3][0x80][0x8d]\"></a>\n                                <p>\n                                    <span>[0xe5][0xad][0xb8][0xe7][0xbf][0x92][0xe7][0xb3][0xbb][0xe5][0x88][0x97][0xe8][0xac][0x9b][0xe5][0xba][0xa7][0xe3][0x80][0x8c][0xe8][0x87][0xaa][0xe6][0x88][0x91][0xe5][0x83][0xb9][0xe5][0x80][0xbc][0xe5][0xb7][0xa5][0xe7][0xa8][0x8b]-[0xe5][0x89][0xb5][0xe9][0x80][0xa0][0xe8][0x87][0xaa][0xe6][0x88][0x91][0xe6][0xa0][0xb8][0xe5][0xbf][0x83][0xe5][0x83][0xb9][0xe5][0x80][0xbc][0xe3][0x80][0x8d]</span>\n                                    <br><br> [0xe6][0x99][0x82][0xe9][0x96][0x93][0xef][0xbc][0x9a]12/21([0xe4][0xb8][0x89])[0xe6][0x99][0x9a][0xe4][0xb8][0x8a]7[0xe9][0xbb][0x9e]<br><br>\n                                    <span>[0xe5][0x9c][0xb0][0xe9][0xbb][0x9e][0xef][0xbc][0x9a][0xe6][0x97][0xba][0xe5][0xae][0x8f][0xe9][0xa4][0xa8]R245[0xe6][0x95][0x99][0xe5][0xae][0xa4]</span>\n                                    <a href=\"http://ctld.nthu.edu.tw/course/index.php?mode=detail&amp;id=11529\" target=\"_blank\">Read more</a>\n                                </p>\n                            </div>\n                        </li>\n                                            <li class=\"nbs-flexisel-item\" style=\"width: 350px;\">\n                            <div>\n                                <a href=\"http://dtc.web.nthu.edu.tw/files/13-1008-110471.php\" target=\"_blank\"><img src=\"/images/event_148109257791.jpg\" alt=\"[0xe7][0xa7][0x91][0xe6][0x8a][0x80][0xe4][0xba][0xba][0xe6][0x96][0x87][0xe8][0xac][0x9b][0xe5][0xba][0xa7][0xe4][0xb8][0x83][0xef][0xbc][0x9a][0xe6][0x90][0xb6][0xe6][0x95][0x91][0xe7][0x97][0x85][0xe5][0x8d][0xb1][0xe7][0x9a][0x84][0xe5][0x9c][0xb0][0xe7][0x90][0x83] - [0xe3][0x80][0x90][0xe7][0xb6][0xa0][0xe8][0x83][0xbd][0xe7][0xa7][0x91][0xe6][0x8a][0x80][0xe3][0x80][0x91]\"></a>\n                                <p>\n                                    <span>[0xe7][0xa7][0x91][0xe6][0x8a][0x80][0xe4][0xba][0xba][0xe6][0x96][0x87][0xe8][0xac][0x9b][0xe5][0xba][0xa7][0xe4][0xb8][0x83][0xef][0xbc][0x9a][0xe6][0x90][0xb6][0xe6][0x95][0x91][0xe7][0x97][0x85][0xe5][0x8d][0xb1][0xe7][0x9a][0x84][0xe5][0x9c][0xb0][0xe7][0x90][0x83] - [0xe3][0x80][0x90][0xe7][0xb6][0xa0][0xe8][0x83][0xbd][0xe7][0xa7][0x91][0xe6][0x8a][0x80][0xe3][0x80][0x91]</span>\n                                    <br><br>[0xe5][0x9c][0xb0][0xe9][0xbb][0x9e][0xef][0xbc][0x9a]12/21[0xe6][0x99][0x9a][0xe4][0xb8][0x8a]6:30<br><br>\n                                    <span>[0xe5][0x9c][0xb0][0xe9][0xbb][0x9e][0xef][0xbc][0x9a][0xe6][0xb8][0x85][0xe8][0x8f][0xaf][0xe5][0xa4][0xa7][0xe5][0xad][0xb8][0xe5][0x90][0x8d][0xe4][0xba][0xba][0xe5][0xa0][0x82]</span>\n                                    <a href=\"http://dtc.web.nthu.edu.tw/files/13-1008-110471.php\" target=\"_blank\">Read more</a>\n                                </p>\n                            </div>\n                        </li>\n                                            <li class=\"nbs-flexisel-item\" style=\"width: 350px;\">\n                            <div>\n                                <a href=\"http://artscenter.web.nthu"
11:15:05.069 [Forwarding getPageSource on session 7836b5d0-bd7a-11e6-9730-e5ec4f8847f6 to remote] DEBUG org.apache.http.wire - http-outgoing-0 << ".edu.tw/files/14-1898-110627,r11-1.php?Lang=zh-tw\" target=\"_blank\"><img src=\"/images/event_148067167138.jpg\" alt=\"[[0xe6][0x8a][0x92][0xe5][0xaf][0xab][0xe4][0xbe][0x86][0xe6][0x99][0x82][0xe8][0xb7][0xaf]] 2016 [0xe5][0x8f][0xb2][0xe6][0xac][0xbd][0xe6][0xb3][0xb0][0xe6][0x99][0x82][0xe4][0xbb][0xa3][0xe6][0x9b][0xb8][0xe6][0xb3][0x95][0xe5][0xb1][0x95]\"></a>\n                                <p>\n                                    <span>[[0xe6][0x8a][0x92][0xe5][0xaf][0xab][0xe4][0xbe][0x86][0xe6][0x99][0x82][0xe8][0xb7][0xaf]] 2016 [0xe5][0x8f][0xb2][0xe6][0xac][0xbd][0xe6][0xb3][0xb0][0xe6][0x99][0x82][0xe4][0xbb][0xa3][0xe6][0x9b][0xb8][0xe6][0xb3][0x95][0xe5][0xb1][0x95]</span>\n                                    <br><br>[0xe5][0xb1][0x95][0xe5][0x87][0xba][0xe6][0x97][0xa5][0xe6][0x9c][0x9f][0xef][0xbc][0x9a]12/21~1/6<br><br>\n                                    <span>[0xe5][0x9c][0xb0][0xe9][0xbb][0x9e][0xef][0xbc][0x9a][0xe8][0x97][0x9d][0xe8][0xa1][0x93][0xe5][0x89][0xb5][0xe6][0x84][0x8f][0xe7][0xa9][0xba][0xe9][0x96][0x93] ([0xe5][0xad][0xb8][0xe7][0xbf][0x92][0xe8][0xb3][0x87][0xe6][0xba][0x90][0xe4][0xb8][0xad][0xe5][0xbf][0x83][0xe4][0xb8][0x80][0xe6][0xa8][0x93])</span>\n                                    <a href=\"http://artscenter.web.nthu.edu.tw/files/14-1898-110627,r11-1.php?Lang=zh-tw\" target=\"_blank\">Read more</a>\n                                </p>\n                            </div>\n                        </li>\n                                            <li class=\"nbs-flexisel-item\" style=\"width: 350px;\">\n                            <div>\n                                <a href=\"http://bulletin.web.nthu.edu.tw/files/14-1912-110110,r5083-1.php?Lang=zh-tw\" target=\"_blank\"><img src=\"/images/event_148067158850.jpg\" alt=\"[0xe5][0xad][0xab][0xe9][0x81][0x8b][0xe7][0x92][0xbf][0xe7][0xa7][0x91][0xe6][0x8a][0x80][0xe8][0xac][0x9b][0xe5][0xba][0xa7][0xe6][0xbc][0x94][0xe8][0xac][0x9b]\"></a>\n                                <p>\n                                    <span>[0xe5][0xad][0xab][0xe9][0x81][0x8b][0xe7][0x92][0xbf][0xe7][0xa7][0x91][0xe6][0x8a][0x80][0xe8][0xac][0x9b][0xe5][0xba][0xa7][0xe6][0xbc][0x94][0xe8][0xac][0x9b]</span>\n                                    <br><br>[0xe6][0x99][0x82][0xe9][0x96][0x93][0xef][0xbc][0x9a]12/08([0xe5][0x9b][0x9b])[0xe6][0x99][0x9a][0xe4][0xb8][0x8a]7[0xe9][0xbb][0x9e]<br><br>\n                                    <span>[0xe5][0x9c][0xb0][0xe9][0xbb][0x9e][0xef][0xbc][0x9a][0xe5][0x8f][0xb0][0xe7][0xa9][0x8d][0xe9][0xa4][0xa8][0xe4][0xb8][0x80][0xe6][0xa8][0x93][0xe5][0xad][0xab][0xe9][0x81][0x8b][0xe7][0x92][0xbf][0xe6][0xbc][0x94][0xe8][0xac][0x9b][0xe5][0xbb][0xb3]</span>\n                                    <a href=\"http://bulletin.web.nthu.edu.tw/files/14-1912-110110,r5083-1.php?Lang=zh-tw\" target=\"_blank\">Read more</a>\n                                </p>\n                            </div>\n                        </li>\n                                            <li class=\"nbs-flexisel-item\" style=\"width: 350px;\">\n                            <div>\n                                <a href=\"http://artscenter.web.nthu.edu.tw/files/14-1898-108458,r11-1.php?Lang=zh-tw\" target=\"_blank\"><img src=\"/images/event_147935481766.jpg\" alt=\"[0xe5][0x91][0x82][0xe7][0x87][0x95][0xe5][0x8d][0xbf][0xe5][0x89][0xb5][0xe4][0xbd][0x9c][0xe5][0xb1][0x95][0xe2][0x80][0x94][0xe9][0x9f][0xb6][0xe5][0x85][0x89][0xe5][0xa6][0x82][0xe8][0xa9][0xa9]\"></a>\n                                <p>\n                                    <span>[0xe5][0x91][0x82][0xe7][0x87][0x95][0xe5][0x8d][0xbf][0xe5][0x89][0xb5][0xe4][0xbd][0x9c][0xe5][0xb1][0x95][0xe2][0x80][0x94][0xe9][0x9f][0xb6][0xe5][0x85][0x89][0xe5][0xa6][0x82][0xe8][0xa9][0xa9]</span>\n                                    <br><br>[0xe6][0x99][0x82][0xe9][0x96][0x93][0xef][0xbc][0x9a]11/14~2017/1/4<br><br>\n                                    <span>[0xe5][0x9c][0xb0][0xe9][0xbb][0x9e][0xef][0xbc][0x9a][0xe8][0x97][0x9d][0xe8][0xa1][0x93][0xe4][0xb8][0xad][0xe5][0xbf][0x83][0xe5][0xb1][0x95][0xe8][0xa6][0xbd][0xe5][0xbb][0xb3]</span>\n                                    <a href=\"http://artscenter.web.nthu.edu.tw/files/14-1898-108458,r11-1.php?Lang=zh-tw\" target=\"_blank\">Read more</a>\n                                </p>\n                            </div>\n                        </li>\n                                            <li class=\"nbs-flexisel-item\" style=\"width: 350px;\">\n                            <div>\n                                <a href=\"http://artscenter.web.nthu.edu.tw/files/14-1898-107627,r11-1.php?Lang=zh-tw\" target=\"_blank\"><img src=\"/images/event_147756005917.jpg\" alt=\"[0xe4][0xb8][0x8d][0xe6][0x95][0xa3][0xef][0xbc][0x8e][0xe5][0xa4][0x9c][0xe8][0xb2][0x93][0xe5][0xad][0x90][0xe9][0x9b][0xbb][0xe5][0xbd][0xb1][0xe9][0x99][0xa2][0xe5][0x8d][0x81][0xe9][0x80][0xb1][0xe5][0xb9][0xb4][0xe7][0xb2][0xbe][0xe9][0x81][0xb8][0xe5][0xbd][0xb1][0xe5][0xb1][0x95]\"></a>\n                                <p>\n                                    <span>[0xe4][0xb8][0x8d][0xe6][0x95][0xa3][0xef][0xbc][0x8e][0xe5][0xa4][0x9c][0xe8][0xb2][0x93][0xe5][0xad][0x90][0xe9][0x9b][0xbb][0xe5][0xbd][0xb1][0xe9][0x99][0xa2][0xe5][0x8d][0x81][0xe9][0x80][0xb1][0xe5][0xb9][0xb4][0xe7][0xb2][0xbe][0xe9][0x81][0xb8][0xe5][0xbd][0xb1][0xe5][0xb1][0x95]</span>\n                                    <br><br>[0xe6][0x99][0x82][0xe9][0x96][0x93][0xef][0xbc][0x9a]11/01~12/31[0xe6][0xaf][0x8f][0xe9][0x80][0xb1][0xe4][0xba][0x8c][0xe3][0x80][0x81][0xe5][0x85][0xad]<br><br>\n                                    <span>[0xe5][0x9c][0xb0][0xe9][0xbb][0x9e][0xef][0xbc][0x9a][0xe5][0x90][0x88][0xe5][0x8b][0xa4][0xe6][0xbc][0x94][0xe8][0x97][0x9d][0xe5][0xbb][0xb3][0xe3][0x80][0x81][0xe8][0x98][0x87][0xe6][0xa0][0xbc][0xe8][0xb2][0x93][0xe5][0xba][0x95]</span>\n                                    <a href=\"http://artscenter.web.nthu.edu.tw/files/14-1898-107627,r11-1.php?Lang=zh-tw\" target=\"_blank\">Read more</a>\n                                </p>\n                            </div>\n                        </li>\n                                    <li class=\"nbs-flexisel-item\" style=\"width: 350px;\">\n                            <div>\n                                <a href=\"http://ctld.nthu.edu.tw/course/index.php?mode=detail&amp;id=11529\" target=\"_blank\"><img src=\"/images/event_148109313315.jpg\" alt=\"[0xe5][0xad][0xb8][0xe7][0xbf][0x92][0xe7][0xb3][0xbb][0xe5][0x88][0x97][0xe8][0xac][0x9b][0xe5][0xba][0xa7][0xe3][0x80][0x8c][0xe8][0x87][0xaa][0xe6][0x88][0x91][0xe5][0x83][0xb9][0xe5][0x80][0xbc][0xe5][0xb7][0xa5][0xe7][0xa8][0x8b]-[0xe5][0x89][0xb5][0xe9][0x80][0xa0][0xe8][0x87][0xaa][0xe6][0x88][0x91][0xe6][0xa0][0xb8][0xe5][0xbf][0x83][0xe5][0x83][0xb9][0xe5][0x80][0xbc][0xe3][0x80][0x8d]\"></a>\n                                <p>\n                                    <span>[0xe5][0xad][0xb8][0xe7][0xbf][0x92][0xe7][0xb3][0xbb][0xe5][0x88][0x97][0xe8][0xac][0x9b][0xe5][0xba][0xa7][0xe3][0x80][0x8c][0xe8][0x87][0xaa][0xe6][0x88][0x91][0xe5][0x83][0xb9][0xe5][0x80][0xbc][0xe5][0xb7][0xa5][0xe7][0xa8][0x8b]-[0xe5][0x89][0xb5][0xe9][0x80][0xa0][0xe8][0x87][0xaa][0xe6][0x88][0x91][0xe6][0xa0][0xb8][0xe5][0xbf][0x83][0xe5][0x83][0xb9][0xe5][0x80][0xbc][0xe3][0x80][0x8d]</span>\n                     "
11:15:05.071 [Forwarding getPageSource on session 7836b5d0-bd7a-11e6-9730-e5ec4f8847f6 to remote] DEBUG org.apache.http.wire - http-outgoing-0 << "               <br><br> [0xe6][0x99][0x82][0xe9][0x96][0x93][0xef][0xbc][0x9a]12/21([0xe4][0xb8][0x89])[0xe6][0x99][0x9a][0xe4][0xb8][0x8a]7[0xe9][0xbb][0x9e]<br><br>\n                                    <span>[0xe5][0x9c][0xb0][0xe9][0xbb][0x9e][0xef][0xbc][0x9a][0xe6][0x97][0xba][0xe5][0xae][0x8f][0xe9][0xa4][0xa8]R245[0xe6][0x95][0x99][0xe5][0xae][0xa4]</span>\n                                    <a href=\"http://ctld.nthu.edu.tw/course/index.php?mode=detail&amp;id=11529\" target=\"_blank\">Read more</a>\n                                </p>\n                            </div>\n                        </li><li class=\"nbs-flexisel-item\" style=\"width: 350px;\">\n                            <div>\n                                <a href=\"http://dtc.web.nthu.edu.tw/files/13-1008-110471.php\" target=\"_blank\"><img src=\"/images/event_148109257791.jpg\" alt=\"[0xe7][0xa7][0x91][0xe6][0x8a][0x80][0xe4][0xba][0xba][0xe6][0x96][0x87][0xe8][0xac][0x9b][0xe5][0xba][0xa7][0xe4][0xb8][0x83][0xef][0xbc][0x9a][0xe6][0x90][0xb6][0xe6][0x95][0x91][0xe7][0x97][0x85][0xe5][0x8d][0xb1][0xe7][0x9a][0x84][0xe5][0x9c][0xb0][0xe7][0x90][0x83] - [0xe3][0x80][0x90][0xe7][0xb6][0xa0][0xe8][0x83][0xbd][0xe7][0xa7][0x91][0xe6][0x8a][0x80][0xe3][0x80][0x91]\"></a>\n                                <p>\n                                    <span>[0xe7][0xa7][0x91][0xe6][0x8a][0x80][0xe4][0xba][0xba][0xe6][0x96][0x87][0xe8][0xac][0x9b][0xe5][0xba][0xa7][0xe4][0xb8][0x83][0xef][0xbc][0x9a][0xe6][0x90][0xb6][0xe6][0x95][0x91][0xe7][0x97][0x85][0xe5][0x8d][0xb1][0xe7][0x9a][0x84][0xe5][0x9c][0xb0][0xe7][0x90][0x83] - [0xe3][0x80][0x90][0xe7][0xb6][0xa0][0xe8][0x83][0xbd][0xe7][0xa7][0x91][0xe6][0x8a][0x80][0xe3][0x80][0x91]</span>\n                                    <br><br>[0xe5][0x9c][0xb0][0xe9][0xbb][0x9e][0xef][0xbc][0x9a]12/21[0xe6][0x99][0x9a][0xe4][0xb8][0x8a]6:30<br><br>\n                                    <span>[0xe5][0x9c][0xb0][0xe9][0xbb][0x9e][0xef][0xbc][0x9a][0xe6][0xb8][0x85][0xe8][0x8f][0xaf][0xe5][0xa4][0xa7][0xe5][0xad][0xb8][0xe5][0x90][0x8d][0xe4][0xba][0xba][0xe5][0xa0][0x82]</span>\n                                    <a href=\"http://dtc.web.nthu.edu.tw/files/13-1008-110471.php\" target=\"_blank\">Read more</a>\n                                </p>\n                            </div>\n                        </li><li class=\"nbs-flexisel-item\" style=\"width: 350px;\">\n                            <div>\n                                <a href=\"http://artscenter.web.nthu.edu.tw/files/14-1898-110627,r11-1.php?Lang=zh-tw\" target=\"_blank\"><img src=\"/images/event_148067167138.jpg\" alt=\"[[0xe6][0x8a][0x92][0xe5][0xaf][0xab][0xe4][0xbe][0x86][0xe6][0x99][0x82][0xe8][0xb7][0xaf]] 2016 [0xe5][0x8f][0xb2][0xe6][0xac][0xbd][0xe6][0xb3][0xb0][0xe6][0x99][0x82][0xe4][0xbb][0xa3][0xe6][0x9b][0xb8][0xe6][0xb3][0x95][0xe5][0xb1][0x95]\"></a>\n                                <p>\n                                    <span>[[0xe6][0x8a][0x92][0xe5][0xaf][0xab][0xe4][0xbe][0x86][0xe6][0x99][0x82][0xe8][0xb7][0xaf]] 2016 [0xe5][0x8f][0xb2][0xe6][0xac][0xbd][0xe6][0xb3][0xb0][0xe6][0x99][0x82][0xe4][0xbb][0xa3][0xe6][0x9b][0xb8][0xe6][0xb3][0x95][0xe5][0xb1][0x95]</span>\n                                    <br><br>[0xe5][0xb1][0x95][0xe5][0x87][0xba][0xe6][0x97][0xa5][0xe6][0x9c][0x9f][0xef][0xbc][0x9a]12/21~1/6<br><br>\n                                    <span>[0xe5][0x9c][0xb0][0xe9][0xbb][0x9e][0xef][0xbc][0x9a][0xe8][0x97][0x9d][0xe8][0xa1][0x93][0xe5][0x89][0xb5][0xe6][0x84][0x8f][0xe7][0xa9][0xba][0xe9][0x96][0x93] ([0xe5][0xad][0xb8][0xe7][0xbf][0x92][0xe8][0xb3][0x87][0xe6][0xba][0x90][0xe4][0xb8][0xad][0xe5][0xbf][0x83][0xe4][0xb8][0x80][0xe6][0xa8][0x93])</span>\n                                    <a href=\"http://artscenter.web.nthu.edu.tw/files/14-1898-110627,r11-1.php?Lang=zh-tw\" target=\"_blank\">Read more</a>\n                                </p>\n                            </div>\n                        </li><li class=\"nbs-flexisel-item\" style=\"width: 350px;\">\n                            <div>\n                                <a href=\"http://bulletin.web.nthu.edu.tw/files/14-1912-110110,r5083-1.php?Lang=zh-tw\" target=\"_blank\"><img src=\"/images/event_148067158850.jpg\" alt=\"[0xe5][0xad][0xab][0xe9][0x81][0x8b][0xe7][0x92][0xbf][0xe7][0xa7][0x91][0xe6][0x8a][0x80][0xe8][0xac][0x9b][0xe5][0xba][0xa7][0xe6][0xbc][0x94][0xe8][0xac][0x9b]\"></a>\n                                <p>\n                                    <span>[0xe5][0xad][0xab][0xe9][0x81][0x8b][0xe7][0x92][0xbf][0xe7][0xa7][0x91][0xe6][0x8a][0x80][0xe8][0xac][0x9b][0xe5][0xba][0xa7][0xe6][0xbc][0x94][0xe8][0xac][0x9b]</span>\n                                    <br><br>[0xe6][0x99][0x82][0xe9][0x96][0x93][0xef][0xbc][0x9a]12/08([0xe5][0x9b][0x9b])[0xe6][0x99][0x9a][0xe4][0xb8][0x8a]7[0xe9][0xbb][0x9e]<br><br>\n                                    <span>[0xe5][0x9c][0xb0][0xe9][0xbb][0x9e][0xef][0xbc][0x9a][0xe5][0x8f][0xb0][0xe7][0xa9][0x8d][0xe9][0xa4][0xa8][0xe4][0xb8][0x80][0xe6][0xa8][0x93][0xe5][0xad][0xab][0xe9][0x81][0x8b][0xe7][0x92][0xbf][0xe6][0xbc][0x94][0xe8][0xac][0x9b][0xe5][0xbb][0xb3]</span>\n                                    <a href=\"http://bulletin.web.nthu.edu.tw/files/14-1912-110110,r5083-1.php?Lang=zh-tw\" target=\"_blank\">Read more</a>\n                                </p>\n                            </div>\n                        </li><li class=\"nbs-flexisel-item\" style=\"width: 350px;\">\n                            <div>\n                                <a href=\"http://artscenter.web.nthu.edu.tw/files/14-1898-108458,r11-1.php?Lang=zh-tw\" target=\"_blank\"><img src=\"/images/event_147935481766.jpg\" alt=\"[0xe5][0x91][0x82][0xe7][0x87][0x95][0xe5][0x8d][0xbf][0xe5][0x89][0xb5][0xe4][0xbd][0x9c][0xe5][0xb1][0x95][0xe2][0x80][0x94][0xe9][0x9f][0xb6][0xe5][0x85][0x89][0xe5][0xa6][0x82][0xe8][0xa9][0xa9]\"></a>\n                                <p>\n                                    <span>[0xe5][0x91][0x82][0xe7][0x87][0x95][0xe5][0x8d][0xbf][0xe5][0x89][0xb5][0xe4][0xbd][0x9c][0xe5][0xb1][0x95][0xe2][0x80][0x94][0xe9][0x9f][0xb6][0xe5][0x85][0x89][0xe5][0xa6][0x82][0xe8][0xa9][0xa9]</span>\n                                    <br><br>[0xe6][0x99][0x82][0xe9][0x96][0x93][0xef][0xbc][0x9a]11/14~2017/1/4<br><br>\n                                    <span>[0xe5][0x9c][0xb0][0xe9][0xbb][0x9e][0xef][0xbc][0x9a][0xe8][0x97][0x9d][0xe8][0xa1][0x93][0xe4][0xb8][0xad][0xe5][0xbf][0x83][0xe5][0xb1][0x95][0xe8][0xa6][0xbd][0xe5][0xbb][0xb3]</span>\n                                    <a href=\"http://artscenter.web.nthu.edu.tw/files/14-1898-108458,r11-1.php?Lang=zh-tw\" target=\"_blank\">Read more</a>\n                                </p>\n                            </div>\n                        </li></ul><div class=\"nbs-flexisel-nav-left\" style=\"top: 219px;\"></div><div class=\"nbs-flexisel-nav-right\" style=\"top: 219px;\"></div></div></div>\n                <div class=\"
11:15:05.074 [Forwarding getPageSource on session 7836b5d0-bd7a-11e6-9730-e5ec4f8847f6 to remote] DEBUG org.apache.http.wire - http-outgoing-0 << ""clearout\"></div>\n            </div>\n            <!-- -[0xe6][0xa0][0xa1][0xe5][0x85][0xa7][0xe6][0xb4][0xbb][0xe5][0x8b][0x95] end -->\n        \n                    <!-- [0xe4][0xb8][0x8b][0xe6][0x96][0xb9][0xe6][0xa9][0xab][0xe5][0xb9][0x85][0xe8][0xbc][0xaa][0xe6][0x92][0xad] -->\n            <div class=\"width-100 link\">\n                <div class=\"nbs-flexisel-container\"><div class=\"nbs-flexisel-inner\"><ul id=\"flexiselDemo1\" class=\"nbs-flexisel-ul\" style=\"left: -175px; display: block;\">\n                                            <li class=\"nbs-flexisel-item\" style=\"width: 175px;\"><a href=\"http://www.ust.edu.tw/\" target=\"_blank\"><img src=\"/images/a6.jpg\" alt=\"[0xe5][0x8f][0xb0][0xe7][0x81][0xa3][0xe8][0x81][0xaf][0xe5][0x90][0x88][0xe5][0xa4][0xa7][0xe5][0xad][0xb8][0xe7][0xb3][0xbb][0xe7][0xb5][0xb1]\"></a></li><li class=\"nbs-flexisel-item\" style=\"width: 175px;\"><a href=\"http://pims.web.nthu.edu.tw\" target=\"_blank\"><img src=\"/images/activity_148067125998.jpg\" alt=\"[0xe5][0x80][0x8b][0xe8][0xb3][0x87][0xe4][0xbf][0x9d][0xe8][0xad][0xb7][0xe5][0xb0][0x88][0xe5][0x8d][0x80]\"></a></li>\n                                            <li class=\"nbs-flexisel-item\" style=\"width: 175px;\"><a href=\"http://top100.web.nthu.edu.tw\" target=\"_blank\"><img src=\"/images/activity_147756056815.jpg\" alt=\"[0xe9][0x82][0x81][0xe5][0x90][0x91][0xe9][0xa0][0x82][0xe5][0xb0][0x96][0xe5][0xa4][0xa7][0xe5][0xad][0xb8]\"></a></li>\n                                            <li class=\"nbs-flexisel-item\" style=\"width: 175px;\"><a href=\"http://info.web.nthu.edu.tw/bin/home.php\" target=\"_blank\"><img src=\"/images/activity_147756052156.jpg\" alt=\"[0xe6][0xa0][0xa1][0xe5][0x8b][0x99][0xe8][0xb3][0x87][0xe8][0xa8][0x8a][0xe5][0x85][0xac][0xe9][0x96][0x8b]\"></a></li>\n                                            <li class=\"nbs-flexisel-item\" style=\"width: 175px;\"><a href=\"http://college.nthu.edu.tw\" target=\"_blank\"><img src=\"/images/activity_147756049127.jpg\" alt=\"[0xe4][0xbd][0x8f][0xe5][0xae][0xbf][0xe6][0x9b][0xb8][0xe9][0x99][0xa2]\"></a></li>\n                                            <li class=\"nbs-flexisel-item\" style=\"width: 175px;\"><a href=\"http://st.web.nthu.edu.tw/files/11-1884-11079.php\" target=\"_blank\"><img src=\"/images/activity_147756046892.jpg\" alt=\"[0xe8][0xb7][0xa8][0xe9][0xa0][0x98][0xe5][0x9f][0x9f][0xe5][0xad][0xb8][0xe7][0xbf][0x92]\"></a></li>\n                                            <li class=\"nbs-flexisel-item\" style=\"width: 175px;\"><a href=\"http://gencom.web.nthu.edu.tw\" target=\"_blank\"><img src=\"/images/activity_147756032748.jpg\" alt=\"[0xe6][0x80][0xa7][0xe5][0xb9][0xb3][0xe6][0x95][0x99][0xe8][0x82][0xb2][0xe8][0xb3][0x87][0xe8][0xa8][0x8a]\"></a></li>\n                                            <li class=\"nbs-flexisel-item\" style=\"width: 175px;\"><a href=\"http://y105.web.nthu.edu.tw/\" target=\"_blank\"><img src=\"/images/a9.jpg\" alt=\"[0xe5][0x89][0xb5][0xe6][0xa0][0xa1]105[0xe9][0x80][0xb1][0xe5][0xb9][0xb4][0xe6][0x9a][0xa8][0xe5][0x9c][0xa8][0xe8][0x87][0xba][0xe5][0xbb][0xba][0xe6][0xa0][0xa1]60[0xe9][0x80][0xb1][0xe5][0xb9][0xb4][0xe6][0xa0][0xa1][0xe6][0x85][0xb6]\"></a></li>\n                                            <li class=\"nbs-flexisel-item\" style=\"width: 175px;\"><a href=\"http://www.nthu.edu.tw/nobel/index.php\" target=\"_blank\"><img src=\"/images/a2.jpg\" alt=\"[0xe8][0xab][0xbe][0xe8][0xb2][0x9d][0xe7][0x88][0xbe][0xe5][0xa4][0xa7][0xe5][0xb8][0xab][0xe5][0x9c][0xa8][0xe6][0xb8][0x85][0xe8][0x8f][0xaf]\"></a></li>\n                                            <li class=\"nbs-flexisel-item\" style=\"width: 175px;\"><a href=\"http://www.nthu.edu.tw/intro/aboutnthu14.php\" target=\"_blank\"><img src=\"/images/a10.jpg\" alt=\"[0xe6][0xb8][0x85][0xe8][0x8f][0xaf][0xe5][0x93][0x81][0xe7][0x89][0x8c][0xe7][0xae][0xa1][0xe7][0x90][0x86]\"></a></li>\n                                            <li class=\"nbs-flexisel-item\" style=\"width: 175px;\"><a href=\"http://ocic.nthu.edu.tw/ocic/Content02.aspx?c=menu02\" target=\"_blank\"><img src=\"/images/a12.jpg\" alt=\"[0xe7][0x94][0xa2][0xe5][0xad][0xb8][0xe5][0x90][0x88][0xe4][0xbd][0x9c][0xe8][0xb3][0x87][0xe8][0xa8][0x8a][0xe5][0xb9][0xb3][0xe5][0x8f][0xb0]\"></a></li>\n                                            <li class=\"nbs-flexisel-item\" style=\"width: 175px;\"><a href=\"http://nesh.web.nthu.edu.tw/files/11-1021-9390.php\" target=\"_blank\"><img src=\"/images/a13.jpg\" alt=\"[0xe5][0x9e][0x83][0xe5][0x9c][0xbe][0xe4][0xb8][0x8d][0xe8][0x90][0xbd][0xe5][0x9c][0xb0][0xe5][0xb0][0x88][0xe5][0x8d][0x80]\"></a></li>\n                                            <li class=\"nbs-flexisel-item\" style=\"width: 175px;\"><a href=\"http://www.ust.edu.tw/\" target=\"_blank\"><img src=\"/images/a6.jpg\" alt=\"[0xe5][0x8f][0xb0][0xe7][0x81][0xa3][0xe8][0x81][0xaf][0xe5][0x90][0x88][0xe5][0xa4][0xa7][0xe5][0xad][0xb8][0xe7][0xb3][0xbb][0xe7][0xb5][0xb1]\"></a></li>\n                                    <li class=\"nbs-flexisel-item\" style=\"width: 175px;\"><a href=\"http://pims.web.nthu.edu.tw\" target=\"_blank\"><img src=\"/images/activity_148067125998.jpg\" alt=\"[0xe5][0x80][0x8b][0xe8][0xb3][0x87][0xe4][0xbf][0x9d][0xe8][0xad][0xb7][0xe5][0xb0][0x88][0xe5][0x8d][0x80]\"></a></li><li class=\"nbs-flexisel-item\" style=\"width: 175px;\"><a href=\"http://top100.web.nthu.edu.tw\" target=\"_blank\"><img src=\"/images/activity_147756056815.jpg\" alt=\"[0xe9][0x82][0x81][0xe5][0x90][0x91][0xe9][0xa0][0x82][0xe5][0xb0][0x96][0xe5][0xa4][0xa7][0xe5][0xad][0xb8]\"></a></li><li class=\"nbs-flexisel-item\" style=\"width: 175px;\"><a href=\"http://info.web.nthu.edu.tw/bin/home.php\" target=\"_blank\"><img src=\"/images/activity_147756052156."
11:15:05.076 [Forwarding getPageSource on session 7836b5d0-bd7a-11e6-9730-e5ec4f8847f6 to remote] DEBUG org.apache.http.wire - http-outgoing-0 << "jpg\" alt=\"[0xe6][0xa0][0xa1][0xe5][0x8b][0x99][0xe8][0xb3][0x87][0xe8][0xa8][0x8a][0xe5][0x85][0xac][0xe9][0x96][0x8b]\"></a></li><li class=\"nbs-flexisel-item\" style=\"width: 175px;\"><a href=\"http://college.nthu.edu.tw\" target=\"_blank\"><img src=\"/images/activity_147756049127.jpg\" alt=\"[0xe4][0xbd][0x8f][0xe5][0xae][0xbf][0xe6][0x9b][0xb8][0xe9][0x99][0xa2]\"></a></li><li class=\"nbs-flexisel-item\" style=\"width: 175px;\"><a href=\"http://st.web.nthu.edu.tw/files/11-1884-11079.php\" target=\"_blank\"><img src=\"/images/activity_147756046892.jpg\" alt=\"[0xe8][0xb7][0xa8][0xe9][0xa0][0x98][0xe5][0x9f][0x9f][0xe5][0xad][0xb8][0xe7][0xbf][0x92]\"></a></li><li class=\"nbs-flexisel-item\" style=\"width: 175px;\"><a href=\"http://gencom.web.nthu.edu.tw\" target=\"_blank\"><img src=\"/images/activity_147756032748.jpg\" alt=\"[0xe6][0x80][0xa7][0xe5][0xb9][0xb3][0xe6][0x95][0x99][0xe8][0x82][0xb2][0xe8][0xb3][0x87][0xe8][0xa8][0x8a]\"></a></li><li class=\"nbs-flexisel-item\" style=\"width: 175px;\"><a href=\"http://y105.web.nthu.edu.tw/\" target=\"_blank\"><img src=\"/images/a9.jpg\" alt=\"[0xe5][0x89][0xb5][0xe6][0xa0][0xa1]105[0xe9][0x80][0xb1][0xe5][0xb9][0xb4][0xe6][0x9a][0xa8][0xe5][0x9c][0xa8][0xe8][0x87][0xba][0xe5][0xbb][0xba][0xe6][0xa0][0xa1]60[0xe9][0x80][0xb1][0xe5][0xb9][0xb4][0xe6][0xa0][0xa1][0xe6][0x85][0xb6]\"></a></li><li class=\"nbs-flexisel-item\" style=\"width: 175px;\"><a href=\"http://www.nthu.edu.tw/nobel/index.php\" target=\"_blank\"><img src=\"/images/a2.jpg\" alt=\"[0xe8][0xab][0xbe][0xe8][0xb2][0x9d][0xe7][0x88][0xbe][0xe5][0xa4][0xa7][0xe5][0xb8][0xab][0xe5][0x9c][0xa8][0xe6][0xb8][0x85][0xe8][0x8f][0xaf]\"></a></li><li class=\"nbs-flexisel-item\" style=\"width: 175px;\"><a href=\"http://www.nthu.edu.tw/intro/aboutnthu14.php\" target=\"_blank\"><img src=\"/images/a10.jpg\" alt=\"[0xe6][0xb8][0x85][0xe8][0x8f][0xaf][0xe5][0x93][0x81][0xe7][0x89][0x8c][0xe7][0xae][0xa1][0xe7][0x90][0x86]\"></a></li><li class=\"nbs-flexisel-item\" style=\"width: 175px;\"><a href=\"http://ocic.nthu.edu.tw/ocic/Content02.aspx?c=menu02\" target=\"_blank\"><img src=\"/images/a12.jpg\" alt=\"[0xe7][0x94][0xa2][0xe5][0xad][0xb8][0xe5][0x90][0x88][0xe4][0xbd][0x9c][0xe8][0xb3][0x87][0xe8][0xa8][0x8a][0xe5][0xb9][0xb3][0xe5][0x8f][0xb0]\"></a></li><li class=\"nbs-flexisel-item\" style=\"width: 175px;\"><a href=\"http://nesh.web.nthu.edu.tw/files/11-1021-9390.php\" target=\"_blank\"><img src=\"/images/a13.jpg\" alt=\"[0xe5][0x9e][0x83][0xe5][0x9c][0xbe][0xe4][0xb8][0x8d][0xe8][0x90][0xbd][0xe5][0x9c][0xb0][0xe5][0xb0][0x88][0xe5][0x8d][0x80]\"></a></li></ul><div class=\"nbs-flexisel-nav-left\" style=\"top: 25.5px;\"></div><div class=\"nbs-flexisel-nav-right\" style=\"top: 25.5px;\"></div></div></div>\n                <div class=\"clearout\"></div>\n            </div>\n            <!-- [0xe4][0xb8][0x8b][0xe6][0x96][0xb9][0xe6][0xa9][0xab][0xe5][0xb9][0x85][0xe8][0xbc][0xaa][0xe6][0x92][0xad] end -->\n        \n        <!-- [0xe4][0xb8][0x8b][0xe6][0x96][0xb9][0xe5][0xa4][0xa7][0xe9][0xa0][0x85] -->\n        <div class=\"width-100 icon\">\n            <div><a href=\"http://nthu-president.vm.nthu.edu.tw/\" target=\"_blank\"><img src=\"images/icon01.png\" alt=\"[0xe6][0xa0][0xa1][0xe9][0x95][0xb7][0xe4][0xbf][0xa1][0xe7][0xae][0xb1]\"><p>[0xe6][0xa0][0xa1][0xe9][0x95][0xb7][0xe4][0xbf][0xa1][0xe7][0xae][0xb1]</p></a></div>\n            <div><a href=\"https://www.ccxp.nthu.edu.tw/ccxp/INQUIRE/OT/QA/\" target=\"_blank\"><img src=\"images/icon03.png\" alt=\"[0xe5][0x90][0x88][0xe6][0xa0][0xa1]Q &amp; A\"><p>[0xe5][0x90][0x88][0xe6][0xa0][0xa1]Q &amp; A</p></a></div>\n            <div><a href=\"http://www1.nthu.edu.tw/reporting.php\" target=\"_blank\"><img src=\"images/icon02.png\" alt=\"[0xe6][0x84][0x8f][0xe8][0xa6][0x8b][0xe5][0x8f][0x8d][0xe6][0x87][0x89][0xe9][0x80][0x9a][0xe5][0xa0][0xb1]\"><p>[0xe6][0x84][0x8f][0xe8][0xa6][0x8b][0xe5][0x8f][0x8d][0xe6][0x87][0x89][0xe9][0x80][0x9a][0xe5][0xa0][0xb1]</p></a></div>\n            <div><a href=\"http://bulletin.web.nthu.edu.tw/\" target=\"_blank\"><img src=\"images/icon05.png\" alt=\"[0xe5][0x85][0xac][0xe5][0x91][0x8a][0xe8][0x88][0x87][0xe6][0xb4][0xbb][0xe5][0x8b][0x95]\"><p>[0xe5][0x85][0xac][0xe5][0x91][0x8a][0xe8][0x88][0x87][0xe6][0xb4][0xbb][0xe5][0x8b][0x95]</p></a></div>\n            <div><a href=\"http://www1.nthu.edu.tw/focuson.php\" target=\"_blank\"><img src=\"images/icon04.png\" alt=\"[0xe6][0xb8][0x85][0xe8][0x8f][0xaf][0xe7][0x84][0xa6][0xe9][0xbb][0x9e]\"><p>[0xe6][0xb8][0x85][0xe8][0x8f][0xaf][0xe7][0x84][0xa6][0xe9][0xbb][0x9e]</p></a></div>\n        </div>\n        <!-- [0xe4][0xb8][0x8b][0xe6][0x96][0xb9][0xe5][0xa4][0xa7][0xe9][0xa0][0x85] -->\n\n        </div>\n</section>\n<footer>\n\t<div class=\"container\">\n    \t<div><a href=\"/sitemap\" accesskey=\"B\" class=\"tab\" title=\"[0xe4][0xb8][0x8b][0xe6][0x96][0xb9][0xe5][0x85][0xa7][0xe5][0xae][0xb9][0xe5][0x8d][0x80]\">:::</a><a href=\"/\"><img src=\"images/footer-logo.png\" alt=\"[0xe5][0x9c][0x8b][0xe7][0xab][0x8b][0xe6][0xb8][0x85][0xe8][0x8f][0xaf][0xe5][0xa4][0xa7][0xe5][0xad][0xb8]logo\"></a></div>\n        <div>\n        \t<ul>\n            \t<li>Copyright[0xc2][0xa9]2016<br>National Tsing Hua<br>University ALL<br>RIGHTS RESERVED.</li>\n                <li><a href=\"mailto:web@cc.nthu.edu.tw\" target=\"_blank\"><i class=\"fa fa-chevron-right\" aria-hidden=\"true\"></i> [0xe8][0x81][0xaf][0xe7][0xb5][0xa1][0xe6][0x88][0x91][0xe5][0x80][0x91]</a></li>\n                <li><a href=\"http://campusmap.cc.nthu.edu.tw/\" target=\"_blank\"><i class=\"fa fa-chevron-right\" aria-hidden=\"true\"></i> [0xe6][0xa0][0xa1][0xe5][0x9c][0x92][0xe5][0x9c][0xb0][0xe5][0x9c][0x96]</a></li>\n                <li><a href=\"http://my.nthu.edu.tw/~maps3d/\" target=\"_blank\"><i class=\"fa fa-chevron-right\" aria-hidden=\"true\"></i> 3D[0xe6][0xa0][0xa1][0xe5][0x9c][0x92][0xe5][0xb0][0x8e][0xe8][0xa6][0xbd]</a></li>\n                <li><a href=\"http://campusmap.cc.nthu.edu.tw/graphics/nthu_campus_map.jpg\" target=\"_blank\"><i class=\"fa fa-chevron-right\" aria-hidden=\"true\"></i> [0xe6][0xa0][0xa1][0xe5][0x9c][0x92][0xe5][0xb0][0x8e][0xe8][0xa6][0xbd][0xe5][0x9c][0x96]</a></li>\n            </ul>\n        </div>\n        <div>\n        \t<ul>\n            \t<li>QUICK LINK</li>\n    "
11:15:05.078 [Forwarding getPageSource on session 7836b5d0-bd7a-11e6-9730-e5ec4f8847f6 to remote] DEBUG org.apache.http.wire - http-outgoing-0 << "            <li><a href=\"http://www1.nthu.edu.tw/elearning2.php\"><i class=\"fa fa-chevron-right\" aria-hidden=\"true\"></i> [0xe6][0x95][0xb8][0xe4][0xbd][0x8d][0xe5][0xad][0xb8][0xe7][0xbf][0x92] / [0xe7][0xb7][0x9a][0xe4][0xb8][0x8a][0xe8][0xaa][0xb2][0xe7][0xa8][0x8b]</a></li>\n                <li><a href=\"http://academic.web.nthu.edu.tw/files/90-1009-6.php\" target=\"_blank\"><i class=\"fa fa-chevron-right\" aria-hidden=\"true\"></i> [0xe7][0x8d][0x8e][0xe5][0x8a][0xa9][0xe5][0xad][0xb8][0xe9][0x87][0x91]</a></li>\n                <li><a href=\"http://eas.web.nthu.edu.tw/files/11-1161-3647.php\" target=\"_blank\"><i class=\"fa fa-chevron-right\" aria-hidden=\"true\"></i> [0xe7][0xa4][0xbe][0xe5][0x9c][0x98][0xe8][0xb3][0x87][0xe8][0xa8][0x8a]</a></li>\n                <li><a href=\"http://www.media.nthu.edu.tw/channel/show/id/90\" target=\"_blank\"><i class=\"fa fa-chevron-right\" aria-hidden=\"true\"></i> [0xe6][0xb8][0x85][0xe8][0x8f][0xaf][0xe7][0xb0][0xa1][0xe4][0xbb][0x8b]</a></li>\n                <li><a href=\"http://livecam.web.nthu.edu.tw/files/14-1931-97850.php\" target=\"_blank\"><i class=\"fa fa-chevron-right\" aria-hidden=\"true\"></i> [0xe6][0xa0][0xa1][0xe6][0x99][0xaf][0xe5][0x8d][0xb3][0xe6][0x99][0x82][0xe7][0x9c][0x8b]</a></li>\n                <li><a href=\"http://www.facebook.com/nthu.tw\" target=\"_blank\"><i class=\"fa fa-chevron-right\" aria-hidden=\"true\"></i> NTHU FB</a></li>\n            </ul>\n        </div>\n         <div>\n        \t<ul>\n            \t<li>CONTACT</li>\n                <li><img src=\"images/footer-icon01.png\" alt=\" \">30013 [0xe6][0x96][0xb0][0xe7][0xab][0xb9][0xe5][0xb8][0x82][0xe5][0x85][0x89][0xe5][0xbe][0xa9][0xe8][0xb7][0xaf][0xe4][0xba][0x8c][0xe6][0xae][0xb5]101[0xe8][0x99][0x9f] </li>\n                <li><img src=\"images/footer-icon02.png\" alt=\" \">[0xe7][0xb8][0xbd][0xe6][0xa9][0x9f][0xef][0xbc][0x9a]03-5715131 </li>\n                <li><img src=\"images/footer-icon03.png\" alt=\" \">[0xe7][0xb5][0xb1][0xe4][0xb8][0x80][0xe7][0xb7][0xa8][0xe8][0x99][0x9f][0xef][0xbc][0x9a]46804804 </li>\n                <li><img src=\"images/footer-icon04.png\" alt=\" \"><p>VoIP [0xe7][0xb8][0xbd][0xe6][0xa9][0x9f][0xe4][0xbb][0xa3][0xe8][0xa1][0xa8][0xe8][0x99][0x9f][0xef][0xbc][0x9a]930-50000<br>[0xe8][0xbd][0x89][0xe6][0x8e][0xa5][0xe6][0x88][0x96][0xe7][0x9b][0xb4][0xe6][0x92][0xa5] 930+[0xe5][0x88][0x86][0xe6][0xa9][0x9f][0xe8][0x99][0x9f]</p></li>\n            </ul>\n        </div>   \n    </div>\n</footer>\n</div>\n\n                <noscript>[0xe6][0x9c][0xac]Script[0xe5][0x8a][0x9f][0xe8][0x83][0xbd][0xe6][0x8f][0x90][0xe4][0xbe][0x9b][0xe8][0xb7][0x91][0xe9][0xa6][0xac][0xe7][0x87][0x88][0xe6][0x92][0xad][0xe5][0x8a][0x9f][0xe8][0x83][0xbd][0xef][0xbc][0x8c][0xe8][0x8b][0xa5][0xe6][0x82][0xa8][0xe7][0x9a][0x84][0xe7][0x80][0x8f][0xe8][0xa6][0xbd][0xe5][0x99][0xa8][0xe4][0xb8][0x8d][0xe6][0x94][0xaf][0xe6][0x8f][0xb4][0xe6][0xad][0xa4][0xe9][0xa0][0x85][0xe5][0x8a][0x9f][0xe8][0x83][0xbd][0xef][0xbc][0x8c][0xe4][0xb9][0x9f][0xe4][0xb8][0x8d][0xe5][0xbd][0xb1][0xe9][0x9f][0xbf][0xe4][0xbd][0xa0][0xe9][0x96][0xb1][0xe8][0xae][0x80][0xe6][0x9c][0xac][0xe7][0xb6][0xb2][0xe7][0xab][0x99][0xe8][0xb3][0x87][0xe8][0xa8][0x8a][0xe3][0x80][0x82]</noscript>\n\n        <script type=\"text/javascript\">\n\n            $(window).load(function () {\n                $(\"#flexiselDemo2\").flexisel({\n                    visibleItems: 4,\n                    animationSpeed: 1000,\n                    autoPlay: false,\n                    autoPlaySpeed: 3000,\n                    pauseOnHover: true,\n                    enableResponsiveBreakpoints: true,\n                    responsiveBreakpoints: {\n                        portrait: {\n                            changePoint: 480,\n                            visibleItems: 1\n                        },\n                        landscape: {\n                            changePoint: 640,\n                            visibleItems: 2\n                        },\n                        tablet: {\n                            changePoint: 768,\n                            visibleItems: 3\n                        }\n                    }\n                });\n            });\n\n            $(window).load(function () {\n\n                $(\"#flexiselDemo1\").flexisel({\n                    visibleItems: 6,\n                    animationSpeed: 1000,\n                    autoPlay: true,\n                    autoPlaySpeed: 6000,\n                    pauseOnHover: true,\n                    enableResponsiveBreakpoints: true,\n                    responsiveBreakpoints: {\n                        portrait: {\n                            changePoint: 480,\n                            visibleItems: 2\n                        },\n                        landscape: {\n                            changePoint: 640,\n                            visibleItems: 3\n                        },\n                        tablet: {\n                            changePoint: 768,\n                            visibleItems: 4\n                        }\n                    }\n                });\n\n            })\n        </script>\n        <noscript>[0xe6][0x9c][0xac]Script[0xe5][0x8a][0x9f][0xe8][0x83][0xbd][0xe6][0x8f][0x90][0xe4][0xbe][0x9b][0xe5][0xb0][0x8f][0xe5][0xbb][0xa3][0xe5][0x91][0x8a][0xe8][0xbc][0xaa][0xe6][0x92][0xad][0xe5][0x8a][0x9f][0xe8][0x83][0xbd][0xef][0xbc][0x8c][0xe8][0x8b][0xa5][0xe6][0x82][0xa8][0xe7][0x9a][0x84][0xe7][0x80][0x8f][0xe8][0xa6][0xbd][0xe5][0x99][0xa8][0xe4][0xb8][0x8d][0xe6][0x94][0xaf][0xe6][0x8f][0xb4][0xe6][0xad][0xa4][0xe9][0xa0][0x85][0xe5][0x8a][0x9f][0xe8][0x83][0xbd][0xef][0xbc][0x8c][0xe4][0xb9][0x9f][0xe4][0xb8][0x8d][0xe5][0xbd][0xb1][0xe9][0x9f][0xbf][0xe4][0xbd][0xa0][0xe9][0x96][0xb1][0xe8][0xae][0x80][0xe6][0x9c][0xac][0xe7][0xb6][0xb2][0xe7][0xab][0x99][0xe8][0xb3][0x87][0xe8][0xa8][0x8a][0xe3][0x80][0x82]</noscript>\n\n    \n\n\n<div class=\"btn-up\"></div></body></html>"}"
11:15:05.080 [Forwarding getPageSource on session 7836b5d0-bd7a-11e6-9730-e5ec4f8847f6 to remote] DEBUG org.apache.http.impl.conn.PoolingHttpClientConnectionManager - Connection [id: 0][route: {}->http://localhost:1871] can be kept alive indefinitely
11:15:05.083 [Forwarding getPageSource on session 7836b5d0-bd7a-11e6-9730-e5ec4f8847f6 to remote] DEBUG org.apache.http.impl.conn.PoolingHttpClientConnectionManager - Connection released: [id: 0][route: {}->http://localhost:1871][total kept alive: 1; route allocated: 1 of 2000; total allocated: 1 of 2000]
<!DOCTYPE html><html class=" js csstransitions"><head>
        <meta charset="utf-8">
        <title>國立清華大學</title>

        <meta property="og:title" content="國立清華大學">
        <meta property="og:url" content="http://www.nthu.edu.tw/">
        <meta property="og:description" content="國立清華大學-1909年以美國退還庚子賠款，成立游美學務處選派學生留美。1911年設校稱清華學堂。幾經戰亂，1955年復校於新竹。清華大學復校初期重點為原子科學，其後則擴展至理工方面，近十幾年來更積極發展人文社會、生命科學、電機資訊與科技管理；漸漸地，清華已成為一文、理、工均衡發展的學府。秉持「自強不息，厚德載物」校訓，致力培育德、智、體、群、美五育兼優，兼具科學與人文素養的領導者和社會公民。">
        <meta property="og:image" content="http://www.nthu.edu.tw/_img/NTHU-logo.png">
        <meta name="keywords" content="National Tsing Hua University,國立清華大學,清華,清大">
        <meta name="description" content="國立清華大學-1909年以美國退還庚子賠款，成立游美學務處選派學生留美。1911年設校稱清華學堂。幾經戰亂，1955年復校於新竹。清華大學復校初期重點為原子科學，其後則擴展至理工方面，近十幾年來更積極發展人文社會、生命科學、電機資訊與科技管理；漸漸地，清華已成為一文、理、工均衡發展的學府。秉持「自強不息，厚德載物」校訓，致力培育德、智、體、群、美五育兼優，兼具科學與人文素養的領導者和社會公民。">

        <meta name="viewport" content="width=device-width, initial-scale=1.0">
<meta http-equiv="X-UA-Compatible" content="IE=9; IE=8; IE=7">
<base href="http://www.nthu.edu.tw//public/">
<link rel="shortcut icon" type="image/x-icon" href="http://www.nthu.edu.tw/favicon-nthu.ico"> <!--favicon.ico-->
<link href="style/reset.css" rel="stylesheet" type="text/css">
<link href="style/header.css" rel="stylesheet" type="text/css">
<link href="style/footer.css" rel="stylesheet" type="text/css">

<!--js-->

<script src="js/jquery-1.8.2.min.js" type="text/javascript"></script>
<script src="js/CreateHTML5Elements.js" type="text/javascript"></script>
<script src="js/jquery.easing.1.3.js" type="text/javascript"></script>
<script src="js/modernizr.custom.js" type="text/javascript"></script>
<script src="js/jquery-ui-1.10.1.custom.min.js" type="text/javascript"></script>
<script src="js/custom.js" type="text/javascript"></script>
<noscript>以上六個Script功能提供基本運作功能，若您的瀏覽器不支援此項功能，也不影響你閱讀本網站資訊。</noscript>

<!-- Menu -->

<script src="js/jquery.meanmenu.js"></script>
<script>
    jQuery(document).ready(function () {
        jQuery('nav').meanmenu();
    });
</script>

<!-- SEARCH -->

<script type="text/javascript">
$(document).ready(function(){
	// search
	$('#searchBtn').click(function () {
		$('#searchForm').attr('action', '/searchUrl/index');

		$('#searchForm').attr('method', 'get');
		$('#searchForm').attr('target', '_blank');
		$('#searchForm').submit();
	})
});
</script>

<noscript>本Script功能提供選單功能，若您的瀏覽器不支援此項功能，也不影響你閱讀本網站資訊。</noscript>

<!--收合-->
<script type="text/javascript">
    function carrousel_show_cover(id) {
        $("#hide_text_" + id).slideToggle(100);
    }

    function carrousel_hide_cover(id) {
        $("#hide_text_" + id).hide(10);
    }
</script>

<script src="js/nthu.js"></script>        <link href="style/index.css" rel="stylesheet" type="text/css">

        <!-- FlexSlider -->
        <script defer="" src="js/jquery.flexslider.js"></script>
        <script type="text/javascript">
            $(window).load(function () {
                $('.flexslider').flexslider({
                    animation: "slide"
                });
            });
        </script>
        <noscript>本Script功能提供廣告輪播功能，若您的瀏覽器不支援此項功能，也不影響你閱讀本網站資訊。</noscript>

        <!-- Flexisel -->
        <script src="js/jquery.flexisel.js"></script>
        <noscript>本Script功能提供小廣告輪播功能，若您的瀏覽器不支援此項功能，也不影響你閱讀本網站資訊。</noscript>

    </head>

    <body class="mean-container"><div class="mean-bar"><a href="#nav" class="meanmenu-reveal" style="background:;color:;right:0;left:auto;"><span></span><span></span><span></span></a><nav class="mean-nav">
	<ul style="display: none;">
    	<li><a href="/about">認識清華</a></li><!--<i class="fa fa-angle-down" aria-hidden="true"></i>-->
        <li><a href="/units/administrative">行政單位</a></li><!--<i class="fa fa-angle-down" aria-hidden="true"></i>-->
        <li><a href="/units/education">教學單位</a></li><!--<i class="fa fa-angle-down" aria-hidden="true"></i>-->
        <li><a href="/units/researchCenter">研究中心</a></li><!--<i class="fa fa-angle-down" aria-hidden="true"></i>-->
        <li><a href="http://www.lib.nthu.edu.tw/" target="_blank">圖書館</a></li><!--<i class="fa fa-angle-down" aria-hidden="true"></i>-->
        <li><a href="http://www.cc.nthu.edu.tw/bin/home.php">計算機與通訊中心</a></li><!--<i class="fa fa-angle-down" aria-hidden="true"></i>-->
        <li><a href="http://admission.nthu.edu.tw/">招生專區</a></li>
        <li><a href="https://www.ccxp.nthu.edu.tw/ccxp/INQUIRE/">校務資訊系統</a></li>
        <li class="mean-last"><a href="http://www.nhcue.edu.tw" target="_blank">南大校區</a></li>
    </ul>
</nav></div>
        <div class="weapper">
<header>
	<div class="container">
        <div class="logo"><a href="/"><img src="images/logo.png" alt="國立清華大學logo"></a></div>
        <div class="top">
		
        	<ul>
				<a href="/sitemap" accesskey="U" class="tab" title="上方選單區">:::</a>
            	<li>
                	<!-- -------------------------- { 搜尋區 } -------------------------- -->
                    <form name="searchForm" id="searchForm" method="get" accept-charset="utf-8">
                        <div class="width-25">
                        	<select id="type" name="type">
                        	  <option>Web</option>
                              <option value="1">People</option>
                              <option value="2">Offices</option>
                        	</select>
                        </div>
                        <div class="width-75 input">
                            <input name="q" id="q" type="text" placeholder="search"><input name="searchBtn" id="searchBtn" type="button">
                        </div>
                    </form>
                    <!-- -------------------------- { 搜尋區 end } -------------------------- -->

                    <div class="width-100 pull-right text">
                        <a href="http://www.nhcue.edu.tw" target="_blank">南大校區</a> | 
                        <a href="/sitemap" target="_blank">網站導覽</a> | 
                        <a href="http://dgaa.web.nthu.edu.tw/files/11-1074-2942.php" target="_blank">行事曆</a> | 
                        <a href="http://dud.web.nthu.edu.tw/files/11-1675-9374.php?Lang=zh-tw" target="_blank">捐款</a> | 
                        <a href="http://nthu-en.web.nthu.edu.tw/bin/home.php" target="_blank">English</a>
                    </div>
                </li>
                <li>
                    <a href="/entrance/student" target="_blank">在校生</a> | 
                    <a href="http://oga.nthu.edu.tw/" target="_blank">International Students</a> | 
                    <a href="http://gsa.web.nthu.edu.tw/files/11-1146-3222.php" target="_blank">僑 生</a> | 
                    <a href="http://oga.nthu.edu.tw/cont.php?id=398&amp;m=m141&amp;mm=mm142&amp;tc=8&amp;lang=big5" target="_blank">陸  生</a><span>|</span>
                </li>

                <li>
                    <a href="/entrance/teacher" target="_blank">教職員</a> | 
                    <a href="http://alumni.web.nthu.edu.tw/bin/home.php" target="_blank">校友</a> | 
                    <a href="http://admission.nthu.edu.tw/" target="_blank">未來學生</a> | 
                    <a href="/entrance/visitor" target="_blank">訪 客</a> | 
                    <a href="http://www1.nthu.edu.tw/" target="_blank">舊版首頁</a>
                </li>

                <li>
                    <a href="/hotNews">首頁故事</a> | 
                    <a href="/periodical">清華簡訊</a> | 
                    <a href="/newsLetter">NTHU Newsletter</a>
                </li>

                

            </ul>
        </div>
    </div>
</header>

<section>
<div class="container">
    <div class="mean-push"></div><nav class="main_menu" style="display: none;">
	<ul>
    	<li><a href="/about">認識清華</a></li><!--<i class="fa fa-angle-down" aria-hidden="true"></i>-->
        <li><a href="/units/administrative">行政單位</a></li><!--<i class="fa fa-angle-down" aria-hidden="true"></i>-->
        <li><a href="/units/education">教學單位</a></li><!--<i class="fa fa-angle-down" aria-hidden="true"></i>-->
        <li><a href="/units/researchCenter">研究中心</a></li><!--<i class="fa fa-angle-down" aria-hidden="true"></i>-->
        <li><a href="http://www.lib.nthu.edu.tw/" target="_blank">圖書館</a></li><!--<i class="fa fa-angle-down" aria-hidden="true"></i>-->
        <li><a href="http://www.cc.nthu.edu.tw/bin/home.php">計算機與通訊中心</a></li><!--<i class="fa fa-angle-down" aria-hidden="true"></i>-->
        <li><a href="http://admission.nthu.edu.tw/">招生專區</a></li>
        <li><a href="https://www.ccxp.nthu.edu.tw/ccxp/INQUIRE/">校務資訊系統</a></li>
        <li><a href="http://www.nhcue.edu.tw" target="_blank">南大校區</a></li>
    </ul>
</nav>
        <a href="" accesskey="L" class="tab" title="中間內容區">:::</a>

                    <!-- 首頁故事 -->
            <div class="slider">
                <div class="flexslider">
                    
                <div class="flex-viewport" style="overflow: hidden; position: relative;"><ul class="slides" style="width: 1000%; -webkit-transition: 0s; transition: 0s; -webkit-transform: translate3d(-380px, 0, 0);"><li class="clone" aria-hidden="true" style="width: 380px; float: left; display: block;"><a href="/hotNews/content/114"><img src="/images/hnMain_148067228090.jpg" alt="頂尖科學家齊聚台灣 高熵合金研究邁向新紀元" draggable="false"><div>頂尖科學家齊聚台灣 高熵合金研究邁向新紀元</div></a></li>
                                                    <li style="width: 380px; float: left; display: block;" class="flex-active-slide"><a href="/hotNews/content/116"><img src="/images/hnMain_148029985673.jpg" alt="全校運動會落幕 男子100公尺創清華新疾速傳說" draggable="false"><div>全校運動會落幕 男子100公尺創清華新疾速傳說</div></a></li>
                                                    <li style="width: 380px; float: left; display: block;"><a href="/hotNews/content/115"><img src="/images/hnMain_148117961413.jpg" alt="本校6位教師獲105年吳大猷先生紀念獎" draggable="false"><div>本校6位教師獲105年吳大猷先生紀念獎</div></a></li>
                                                    <li style="width: 380px; float: left; display: block;"><a href="/hotNews/content/114"><img src="/images/hnMain_148067228090.jpg" alt="頂尖科學家齊聚台灣 高熵合金研究邁向新紀元" draggable="false"><div>頂尖科學家齊聚台灣 高熵合金研究邁向新紀元</div></a></li>
                                            <li style="width: 380px; float: left; display: block;" class="clone" aria-hidden="true"><a href="/hotNews/content/116"><img src="/images/hnMain_148029985673.jpg" alt="全校運動會落幕 男子100公尺創清華新疾速傳說" draggable="false"><div>全校運動會落幕 男子100公尺創清華新疾速傳說</div></a></li></ul></div><ol class="flex-control-nav flex-control-paging"><li><a class="flex-active">1</a></li><li><a>2</a></li><li><a>3</a></li></ol><ul class="flex-direction-nav"><li class="flex-nav-prev"><a class="flex-prev" href="#">Previous</a></li><li class="flex-nav-next"><a class="flex-next" href="#">Next</a></li></ul></div>
            </div>
            <!-- 首頁故事 end -->
        
        <div class="width-100 main">

            
                            <!-- 卓越獎項 -->
                <div>
                    <h1>卓 越 獎 項</h1>
                    <ul>
                                                    <li><a href="/award/content/107">化工系陳信文教授榮獲美國TMS學會｢2017年功能性材料傑出科學家/工程師獎｣</a></li>
                                                    <li><a href="/award/content/106">化工系黃振煌助理教授榮獲2016年百大科技研發獎(R&amp;D 100 Awards)</a></li>
                                                    <li><a href="/award/content/105">生科院江安世院長當選TWAS新任院士</a></li>
                                                    <li><a href="/award/content/104">化學系王素蘭教授、物理系郭瑞年教授及電機系張正尚教授榮獲教育部第20屆國家講座</a></li>
                                                    <li><a href="/award/content/103">物理系張敬民教授、資工系許健平教授、語言所梅廣教授、統計所曾勝滄教授榮獲教育部第60屆學術獎</a></li>
                                                    <li><a href="/award/content/102">化學系江昀緯副教授、電機系翁詠祿副教授、工工系廖崇碩副教授、化工系衛子健副教授、中文系顏健富副教授、竹教大英語系楊蕙君副教授獲105年吳大猷先生紀念獎</a></li>
                                                <a href="/award">Read more</a>
                    </ul>
                </div>
                <!-- 卓越獎項 end -->
            
                            <!-- 清華新聞 -->
                <div>
                    <h1>清 華 新 聞</h1>
                                            <div>
                            <div class="width-28"><img src="/images/news_147755965777.jpg" alt="創業學臺灣 清大「財務管理」課程風靡對岸"></div>
                            <div class="width-72">
                                <p class="fontsize18">創業學臺灣 清大「財務管理」課程風靡對岸</p>
                                <p>對岸許多大學生摩拳擦掌想創業，線上學財務管理正夯！由國立清華大學計量財務金融學...<a href="http://secretary.web.nthu.edu.tw/files/15-1160-108027,c8330-1.php?Lang=zh-tw" target="_blank">Read more</a></p>
                            </div>
                        </div>
                                            <div>
                            <div class="width-28"><img src="/images/news_147314981267.jpg" alt="兩岸三地薪火相傳 台港陸三校學生體驗不同文化"></div>
                            <div class="width-72">
                                <p class="fontsize18">兩岸三地薪火相傳 台港陸三校學生體驗不同文化</p>
                                <p>國立清華大學及香港中文大學聯合書院、北京清華大學第五屆兩岸三地薪火計畫...<a href="http://secretary.web.nthu.edu.tw/files/15-1160-106192,c8330-1.php?Lang=zh-tw" target="_blank">Read more</a></p>
                            </div>
                        </div>
                                            <div>
                            <div class="width-28"><img src="/images/news_147314964239.jpg" alt="F1賽車、AI機器人 清華學子打造幻想未來"></div>
                            <div class="width-72">
                                <p class="fontsize18">F1賽車、AI機器人 清華學子打造幻想未來</p>
                                <p>念機械系不光只是當修車黑手，國立清華大學動力機械系學生不僅打造F1賽車、AI自動化...<a href="http://secretary.web.nthu.edu.tw/files/15-1160-105559,c8330-1.php?Lang=zh-tw" target="_blank">Read more</a></p>
                            </div>
                        </div>
                                            <div>
                            <div class="width-28"><img src="/images/news_147314951687.jpg" alt="清大磨課師前進歐洲於FutureLearn平台教你預..."></div>
                            <div class="width-72">
                                <p class="fontsize18">清大磨課師前進歐洲於FutureLearn平台教你預...</p>
                                <p>「清華磨課師」前進歐洲。國立清華大學本月與英國最大線上教學平台FutureLearn簽約...<a href="http://secretary.web.nthu.edu.tw/files/15-1160-105558,c8330-1.php?Lang=zh-tw" target="_blank">Read more</a></p>
                            </div>
                        </div>
                                    </div>
                <!-- 清華新聞 end -->
            
                            <!-- 影音新聞 -->
                <div>
                    <h1>影 音 新 聞</h1>
                                            <div class="width-100 video">
                            <div class="width-65"><iframe width="560" height="315" src="https://www.youtube.com/embed/zKU7-DstApM" frameborder="0" allowfullscreen="" title="「梅」不勝收 清華梅園再植百棵新梅"></iframe></div>
                            <div class="width-35">
                                <p class="fontsize18">國立清華大學「梅園」為前校長梅貽琦長眠之地，園內遍植梅樹，每年梅花盛開季節常吸引民眾組團賞梅。不過近年受到白蟻蛀蝕，梅樹健康狀況不佳，清華校友、奕青莊園莊主吳佳懋得知後，決捐贈100棵梅樹苗，在12月3日舉辦「梅樹清香，樹造新葉」植樹活動，邀...</p>
                            </div>
                            <a href="http://nthunews.media.nthu.edu.tw/" target="_blank">Read more</a>
                        </div>
                                    </div>
                <!-- 影音新聞 end -->
            
                            <!-- 媒體報導 -->
                <div>
                    <h1>媒 體 報 導</h1>
                    <ul>
                                                    <li><a href="/mediaReport/content/83">科技律師學苑 清大開辦</a></li>
                                                    <li><a href="/mediaReport/content/82">教授下鄉教數學 洪文良「嵌名聯」激勵學子</a></li>
                                                    <li><a href="/mediaReport/content/81">推翻傳統金屬材料迷思 新合金材料即將問世</a></li>
                                                    <li><a href="/mediaReport/content/80">無敵合金材料 7日在清華發表</a></li>
                                                    <li><a href="/mediaReport/content/79">耐高溫高熵合金問世 清大教授開創材料產業新契機</a></li>
                                                    <li><a href="/mediaReport/content/78">清大竹教大合併 校巴上路附小揭牌</a></li>
                                                    <li><a href="/mediaReport/content/77">清大竹教大合併第一天　竹大附小改名清大附小</a></li>
                                                    <li><a href="/mediaReport/content/76">清華、竹教大合併　附小擬開雙語班</a></li>
                                                    <li><a href="/mediaReport/content/75">清大竹教大合併 校巴上路附小揭牌</a></li>
                                                    <li><a href="/mediaReport/content/74"> 清華大學附設實驗小學揭牌</a></li>
                                                <a href="/mediaReport">Read more</a>
                    </ul>
                </div>
                <!-- 媒體報導 end -->
            
        </div>

                    <!-- 校內活動 -->
            <div class="width-100">
                <h1>校 內 活 動</h1>
                <div class="nbs-flexisel-container"><div class="nbs-flexisel-inner"><ul id="flexiselDemo2" class="nbs-flexisel-ul" style="left: -350px; display: block;">
                                            <li class="nbs-flexisel-item" style="width: 350px;">
                            <div>
                                <a href="http://artscenter.web.nthu.edu.tw/files/14-1898-107627,r11-1.php?Lang=zh-tw" target="_blank"><img src="/images/event_147756005917.jpg" alt="不散．夜貓子電影院十週年精選影展"></a>
                                <p>
                                    <span>不散．夜貓子電影院十週年精選影展</span>
                                    <br><br>時間：11/01~12/31每週二、六<br><br>
                                    <span>地點：合勤演藝廳、蘇格貓底</span>
                                    <a href="http://artscenter.web.nthu.edu.tw/files/14-1898-107627,r11-1.php?Lang=zh-tw" target="_blank">Read more</a>
                                </p>
                            </div>
                        </li><li class="nbs-flexisel-item" style="width: 350px;">
                            <div>
                                <a href="http://ctld.nthu.edu.tw/course/index.php?mode=detail&amp;id=11529" target="_blank"><img src="/images/event_148109313315.jpg" alt="學習系列講座「自我價值工程-創造自我核心價值」"></a>
                                <p>
                                    <span>學習系列講座「自我價值工程-創造自我核心價值」</span>
                                    <br><br> 時間：12/21(三)晚上7點<br><br>
                                    <span>地點：旺宏館R245教室</span>
                                    <a href="http://ctld.nthu.edu.tw/course/index.php?mode=detail&amp;id=11529" target="_blank">Read more</a>
                                </p>
                            </div>
                        </li>
                                            <li class="nbs-flexisel-item" style="width: 350px;">
                            <div>
                                <a href="http://dtc.web.nthu.edu.tw/files/13-1008-110471.php" target="_blank"><img src="/images/event_148109257791.jpg" alt="科技人文講座七：搶救病危的地球 - 【綠能科技】"></a>
                                <p>
                                    <span>科技人文講座七：搶救病危的地球 - 【綠能科技】</span>
                                    <br><br>地點：12/21晚上6:30<br><br>
                                    <span>地點：清華大學名人堂</span>
                                    <a href="http://dtc.web.nthu.edu.tw/files/13-1008-110471.php" target="_blank">Read more</a>
                                </p>
                            </div>
                        </li>
                                            <li class="nbs-flexisel-item" style="width: 350px;">
                            <div>
                                <a href="http://artscenter.web.nthu.edu.tw/files/14-1898-110627,r11-1.php?Lang=zh-tw" target="_blank"><img src="/images/event_148067167138.jpg" alt="[抒寫來時路] 2016 史欽泰時代書法展"></a>
                                <p>
                                    <span>[抒寫來時路] 2016 史欽泰時代書法展</span>
                                    <br><br>展出日期：12/21~1/6<br><br>
                                    <span>地點：藝術創意空間 (學習資源中心一樓)</span>
                                    <a href="http://artscenter.web.nthu.edu.tw/files/14-1898-110627,r11-1.php?Lang=zh-tw" target="_blank">Read more</a>
                                </p>
                            </div>
                        </li>
                                            <li class="nbs-flexisel-item" style="width: 350px;">
                            <div>
                                <a href="http://bulletin.web.nthu.edu.tw/files/14-1912-110110,r5083-1.php?Lang=zh-tw" target="_blank"><img src="/images/event_148067158850.jpg" alt="孫運璿科技講座演講"></a>
                                <p>
                                    <span>孫運璿科技講座演講</span>
                                    <br><br>時間：12/08(四)晚上7點<br><br>
                                    <span>地點：台積館一樓孫運璿演講廳</span>
                                    <a href="http://bulletin.web.nthu.edu.tw/files/14-1912-110110,r5083-1.php?Lang=zh-tw" target="_blank">Read more</a>
                                </p>
                            </div>
                        </li>
                                            <li class="nbs-flexisel-item" style="width: 350px;">
                            <div>
                                <a href="http://artscenter.web.nthu.edu.tw/files/14-1898-108458,r11-1.php?Lang=zh-tw" target="_blank"><img src="/images/event_147935481766.jpg" alt="呂燕卿創作展—韶光如詩"></a>
                                <p>
                                    <span>呂燕卿創作展—韶光如詩</span>
                                    <br><br>時間：11/14~2017/1/4<br><br>
                                    <span>地點：藝術中心展覽廳</span>
                                    <a href="http://artscenter.web.nthu.edu.tw/files/14-1898-108458,r11-1.php?Lang=zh-tw" target="_blank">Read more</a>
                                </p>
                            </div>
                        </li>
                                            <li class="nbs-flexisel-item" style="width: 350px;">
                            <div>
                                <a href="http://artscenter.web.nthu.edu.tw/files/14-1898-107627,r11-1.php?Lang=zh-tw" target="_blank"><img src="/images/event_147756005917.jpg" alt="不散．夜貓子電影院十週年精選影展"></a>
                                <p>
                                    <span>不散．夜貓子電影院十週年精選影展</span>
                                    <br><br>時間：11/01~12/31每週二、六<br><br>
                                    <span>地點：合勤演藝廳、蘇格貓底</span>
                                    <a href="http://artscenter.web.nthu.edu.tw/files/14-1898-107627,r11-1.php?Lang=zh-tw" target="_blank">Read more</a>
                                </p>
                            </div>
                        </li>
                                    <li class="nbs-flexisel-item" style="width: 350px;">
                            <div>
                                <a href="http://ctld.nthu.edu.tw/course/index.php?mode=detail&amp;id=11529" target="_blank"><img src="/images/event_148109313315.jpg" alt="學習系列講座「自我價值工程-創造自我核心價值」"></a>
                                <p>
                                    <span>學習系列講座「自我價值工程-創造自我核心價值」</span>
                                    <br><br> 時間：12/21(三)晚上7點<br><br>
                                    <span>地點：旺宏館R245教室</span>
                                    <a href="http://ctld.nthu.edu.tw/course/index.php?mode=detail&amp;id=11529" target="_blank">Read more</a>
                                </p>
                            </div>
                        </li><li class="nbs-flexisel-item" style="width: 350px;">
                            <div>
                                <a href="http://dtc.web.nthu.edu.tw/files/13-1008-110471.php" target="_blank"><img src="/images/event_148109257791.jpg" alt="科技人文講座七：搶救病危的地球 - 【綠能科技】"></a>
                                <p>
                                    <span>科技人文講座七：搶救病危的地球 - 【綠能科技】</span>
                                    <br><br>地點：12/21晚上6:30<br><br>
                                    <span>地點：清華大學名人堂</span>
                                    <a href="http://dtc.web.nthu.edu.tw/files/13-1008-110471.php" target="_blank">Read more</a>
                                </p>
                            </div>
                        </li><li class="nbs-flexisel-item" style="width: 350px;">
                            <div>
                                <a href="http://artscenter.web.nthu.edu.tw/files/14-1898-110627,r11-1.php?Lang=zh-tw" target="_blank"><img src="/images/event_148067167138.jpg" alt="[抒寫來時路] 2016 史欽泰時代書法展"></a>
                                <p>
                                    <span>[抒寫來時路] 2016 史欽泰時代書法展</span>
                                    <br><br>展出日期：12/21~1/6<br><br>
                                    <span>地點：藝術創意空間 (學習資源中心一樓)</span>
                                    <a href="http://artscenter.web.nthu.edu.tw/files/14-1898-110627,r11-1.php?Lang=zh-tw" target="_blank">Read more</a>
                                </p>
                            </div>
                        </li><li class="nbs-flexisel-item" style="width: 350px;">
                            <div>
                                <a href="http://bulletin.web.nthu.edu.tw/files/14-1912-110110,r5083-1.php?Lang=zh-tw" target="_blank"><img src="/images/event_148067158850.jpg" alt="孫運璿科技講座演講"></a>
                                <p>
                                    <span>孫運璿科技講座演講</span>
                                    <br><br>時間：12/08(四)晚上7點<br><br>
                                    <span>地點：台積館一樓孫運璿演講廳</span>
                                    <a href="http://bulletin.web.nthu.edu.tw/files/14-1912-110110,r5083-1.php?Lang=zh-tw" target="_blank">Read more</a>
                                </p>
                            </div>
                        </li><li class="nbs-flexisel-item" style="width: 350px;">
                            <div>
                                <a href="http://artscenter.web.nthu.edu.tw/files/14-1898-108458,r11-1.php?Lang=zh-tw" target="_blank"><img src="/images/event_147935481766.jpg" alt="呂燕卿創作展—韶光如詩"></a>
                                <p>
                                    <span>呂燕卿創作展—韶光如詩</span>
                                    <br><br>時間：11/14~2017/1/4<br><br>
                                    <span>地點：藝術中心展覽廳</span>
                                    <a href="http://artscenter.web.nthu.edu.tw/files/14-1898-108458,r11-1.php?Lang=zh-tw" target="_blank">Read more</a>
                                </p>
                            </div>
                        </li></ul><div class="nbs-flexisel-nav-left" style="top: 219px;"></div><div class="nbs-flexisel-nav-right" style="top: 219px;"></div></div></div>
                <div class="clearout"></div>
            </div>
            <!-- -校內活動 end -->
        
                    <!-- 下方橫幅輪播 -->
            <div class="width-100 link">
                <div class="nbs-flexisel-container"><div class="nbs-flexisel-inner"><ul id="flexiselDemo1" class="nbs-flexisel-ul" style="left: -175px; display: block;">
                                            <li class="nbs-flexisel-item" style="width: 175px;"><a href="http://www.ust.edu.tw/" target="_blank"><img src="/images/a6.jpg" alt="台灣聯合大學系統"></a></li><li class="nbs-flexisel-item" style="width: 175px;"><a href="http://pims.web.nthu.edu.tw" target="_blank"><img src="/images/activity_148067125998.jpg" alt="個資保護專區"></a></li>
                                            <li class="nbs-flexisel-item" style="width: 175px;"><a href="http://top100.web.nthu.edu.tw" target="_blank"><img src="/images/activity_147756056815.jpg" alt="邁向頂尖大學"></a></li>
                                            <li class="nbs-flexisel-item" style="width: 175px;"><a href="http://info.web.nthu.edu.tw/bin/home.php" target="_blank"><img src="/images/activity_147756052156.jpg" alt="校務資訊公開"></a></li>
                                            <li class="nbs-flexisel-item" style="width: 175px;"><a href="http://college.nthu.edu.tw" target="_blank"><img src="/images/activity_147756049127.jpg" alt="住宿書院"></a></li>
                                            <li class="nbs-flexisel-item" style="width: 175px;"><a href="http://st.web.nthu.edu.tw/files/11-1884-11079.php" target="_blank"><img src="/images/activity_147756046892.jpg" alt="跨領域學習"></a></li>
                                            <li class="nbs-flexisel-item" style="width: 175px;"><a href="http://gencom.web.nthu.edu.tw" target="_blank"><img src="/images/activity_147756032748.jpg" alt="性平教育資訊"></a></li>
                                            <li class="nbs-flexisel-item" style="width: 175px;"><a href="http://y105.web.nthu.edu.tw/" target="_blank"><img src="/images/a9.jpg" alt="創校105週年暨在臺建校60週年校慶"></a></li>
                                            <li class="nbs-flexisel-item" style="width: 175px;"><a href="http://www.nthu.edu.tw/nobel/index.php" target="_blank"><img src="/images/a2.jpg" alt="諾貝爾大師在清華"></a></li>
                                            <li class="nbs-flexisel-item" style="width: 175px;"><a href="http://www.nthu.edu.tw/intro/aboutnthu14.php" target="_blank"><img src="/images/a10.jpg" alt="清華品牌管理"></a></li>
                                            <li class="nbs-flexisel-item" style="width: 175px;"><a href="http://ocic.nthu.edu.tw/ocic/Content02.aspx?c=menu02" target="_blank"><img src="/images/a12.jpg" alt="產學合作資訊平台"></a></li>
                                            <li class="nbs-flexisel-item" style="width: 175px;"><a href="http://nesh.web.nthu.edu.tw/files/11-1021-9390.php" target="_blank"><img src="/images/a13.jpg" alt="垃圾不落地專區"></a></li>
                                            <li class="nbs-flexisel-item" style="width: 175px;"><a href="http://www.ust.edu.tw/" target="_blank"><img src="/images/a6.jpg" alt="台灣聯合大學系統"></a></li>
                                    <li class="nbs-flexisel-item" style="width: 175px;"><a href="http://pims.web.nthu.edu.tw" target="_blank"><img src="/images/activity_148067125998.jpg" alt="個資保護專區"></a></li><li class="nbs-flexisel-item" style="width: 175px;"><a href="http://top100.web.nthu.edu.tw" target="_blank"><img src="/images/activity_147756056815.jpg" alt="邁向頂尖大學"></a></li><li class="nbs-flexisel-item" style="width: 175px;"><a href="http://info.web.nthu.edu.tw/bin/home.php" target="_blank"><img src="/images/activity_147756052156.jpg" alt="校務資訊公開"></a></li><li class="nbs-flexisel-item" style="width: 175px;"><a href="http://college.nthu.edu.tw" target="_blank"><img src="/images/activity_147756049127.jpg" alt="住宿書院"></a></li><li class="nbs-flexisel-item" style="width: 175px;"><a href="http://st.web.nthu.edu.tw/files/11-1884-11079.php" target="_blank"><img src="/images/activity_147756046892.jpg" alt="跨領域學習"></a></li><li class="nbs-flexisel-item" style="width: 175px;"><a href="http://gencom.web.nthu.edu.tw" target="_blank"><img src="/images/activity_147756032748.jpg" alt="性平教育資訊"></a></li><li class="nbs-flexisel-item" style="width: 175px;"><a href="http://y105.web.nthu.edu.tw/" target="_blank"><img src="/images/a9.jpg" alt="創校105週年暨在臺建校60週年校慶"></a></li><li class="nbs-flexisel-item" style="width: 175px;"><a href="http://www.nthu.edu.tw/nobel/index.php" target="_blank"><img src="/images/a2.jpg" alt="諾貝爾大師在清華"></a></li><li class="nbs-flexisel-item" style="width: 175px;"><a href="http://www.nthu.edu.tw/intro/aboutnthu14.php" target="_blank"><img src="/images/a10.jpg" alt="清華品牌管理"></a></li><li class="nbs-flexisel-item" style="width: 175px;"><a href="http://ocic.nthu.edu.tw/ocic/Content02.aspx?c=menu02" target="_blank"><img src="/images/a12.jpg" alt="產學合作資訊平台"></a></li><li class="nbs-flexisel-item" style="width: 175px;"><a href="http://nesh.web.nthu.edu.tw/files/11-1021-9390.php" target="_blank"><img src="/images/a13.jpg" alt="垃圾不落地專區"></a></li></ul><div class="nbs-flexisel-nav-left" style="top: 25.5px;"></div><div class="nbs-flexisel-nav-right" style="top: 25.5px;"></div></div></div>
                <div class="clearout"></div>
            </div>
            <!-- 下方橫幅輪播 end -->
        
        <!-- 下方大項 -->
        <div class="width-100 icon">
            <div><a href="http://nthu-president.vm.nthu.edu.tw/" target="_blank"><img src="images/icon01.png" alt="校長信箱"><p>校長信箱</p></a></div>
            <div><a href="https://www.ccxp.nthu.edu.tw/ccxp/INQUIRE/OT/QA/" target="_blank"><img src="images/icon03.png" alt="合校Q &amp; A"><p>合校Q &amp; A</p></a></div>
            <div><a href="http://www1.nthu.edu.tw/reporting.php" target="_blank"><img src="images/icon02.png" alt="意見反應通報"><p>意見反應通報</p></a></div>
            <div><a href="http://bulletin.web.nthu.edu.tw/" target="_blank"><img src="images/icon05.png" alt="公告與活動"><p>公告與活動</p></a></div>
            <div><a href="http://www1.nthu.edu.tw/focuson.php" target="_blank"><img src="images/icon04.png" alt="清華焦點"><p>清華焦點</p></a></div>
        </div>
        <!-- 下方大項 -->

        </div>
</section>
<footer>
	<div class="container">
    	<div><a href="/sitemap" accesskey="B" class="tab" title="下方內容區">:::</a><a href="/"><img src="images/footer-logo.png" alt="國立清華大學logo"></a></div>
        <div>
        	<ul>
            	<li>Copyright©2016<br>National Tsing Hua<br>University ALL<br>RIGHTS RESERVED.</li>
                <li><a href="mailto:web@cc.nthu.edu.tw" target="_blank"><i class="fa fa-chevron-right" aria-hidden="true"></i> 聯絡我們</a></li>
                <li><a href="http://campusmap.cc.nthu.edu.tw/" target="_blank"><i class="fa fa-chevron-right" aria-hidden="true"></i> 校園地圖</a></li>
                <li><a href="http://my.nthu.edu.tw/~maps3d/" target="_blank"><i class="fa fa-chevron-right" aria-hidden="true"></i> 3D校園導覽</a></li>
                <li><a href="http://campusmap.cc.nthu.edu.tw/graphics/nthu_campus_map.jpg" target="_blank"><i class="fa fa-chevron-right" aria-hidden="true"></i> 校園導覽圖</a></li>
            </ul>
        </div>
        <div>
        	<ul>
            	<li>QUICK LINK</li>
                <li><a href="http://www1.nthu.edu.tw/elearning2.php"><i class="fa fa-chevron-right" aria-hidden="true"></i> 數位學習 / 線上課程</a></li>
                <li><a href="http://academic.web.nthu.edu.tw/files/90-1009-6.php" target="_blank"><i class="fa fa-chevron-right" aria-hidden="true"></i> 獎助學金</a></li>
                <li><a href="http://eas.web.nthu.edu.tw/files/11-1161-3647.php" target="_blank"><i class="fa fa-chevron-right" aria-hidden="true"></i> 社團資訊</a></li>
                <li><a href="http://www.media.nthu.edu.tw/channel/show/id/90" target="_blank"><i class="fa fa-chevron-right" aria-hidden="true"></i> 清華簡介</a></li>
                <li><a href="http://livecam.web.nthu.edu.tw/files/14-1931-97850.php" target="_blank"><i class="fa fa-chevron-right" aria-hidden="true"></i> 校景即時看</a></li>
                <li><a href="http://www.facebook.com/nthu.tw" target="_blank"><i class="fa fa-chevron-right" aria-hidden="true"></i> NTHU FB</a></li>
            </ul>
        </div>
         <div>
        	<ul>
            	<li>CONTACT</li>
                <li><img src="images/footer-icon01.png" alt=" ">30013 新竹市光復路二段101號 </li>
                <li><img src="images/footer-icon02.png" alt=" ">總機：03-5715131 </li>
                <li><img src="images/footer-icon03.png" alt=" ">統一編號：46804804 </li>
                <li><img src="images/footer-icon04.png" alt=" "><p>VoIP 總機代表號：930-50000<br>轉接或直撥 930+分機號</p></li>
            </ul>
        </div>   
    </div>
</footer>
</div>

                <noscript>本Script功能提供跑馬燈播功能，若您的瀏覽器不支援此項功能，也不影響你閱讀本網站資訊。</noscript>

        <script type="text/javascript">

            $(window).load(function () {
                $("#flexiselDemo2").flexisel({
                    visibleItems: 4,
                    animationSpeed: 1000,
                    autoPlay: false,
                    autoPlaySpeed: 3000,
                    pauseOnHover: true,
                    enableResponsiveBreakpoints: true,
                    responsiveBreakpoints: {
                        portrait: {
                            changePoint: 480,
                            visibleItems: 1
                        },
                        landscape: {
                            changePoint: 640,
                            visibleItems: 2
                        },
                        tablet: {
                            changePoint: 768,
                            visibleItems: 3
                        }
                    }
                });
            });

            $(window).load(function () {

                $("#flexiselDemo1").flexisel({
                    visibleItems: 6,
                    animationSpeed: 1000,
                    autoPlay: true,
                    autoPlaySpeed: 6000,
                    pauseOnHover: true,
                    enableResponsiveBreakpoints: true,
                    responsiveBreakpoints: {
                        portrait: {
                            changePoint: 480,
                            visibleItems: 2
                        },
                        landscape: {
                            changePoint: 640,
                            visibleItems: 3
                        },
                        tablet: {
                            changePoint: 768,
                            visibleItems: 4
                        }
                    }
                });

            })
        </script>
        <noscript>本Script功能提供小廣告輪播功能，若您的瀏覽器不支援此項功能，也不影響你閱讀本網站資訊。</noscript>

    


<div class="btn-up"></div></body></html>

11:15:05.150 [Forwarding get on session 7836b5d0-bd7a-11e6-9730-e5ec4f8847f6 to remote] DEBUG org.apache.http.client.protocol.RequestAddCookies - CookieSpec selected: default
11:15:05.151 [Forwarding get on session 7836b5d0-bd7a-11e6-9730-e5ec4f8847f6 to remote] DEBUG org.apache.http.client.protocol.RequestAuthCache - Auth cache not set in the context
11:15:05.151 [Forwarding get on session 7836b5d0-bd7a-11e6-9730-e5ec4f8847f6 to remote] DEBUG org.apache.http.impl.conn.PoolingHttpClientConnectionManager - Connection request: [route: {}->http://localhost:1871][total kept alive: 1; route allocated: 1 of 2000; total allocated: 1 of 2000]
11:15:05.151 [Forwarding get on session 7836b5d0-bd7a-11e6-9730-e5ec4f8847f6 to remote] DEBUG org.apache.http.impl.conn.PoolingHttpClientConnectionManager - Connection leased: [id: 0][route: {}->http://localhost:1871][total kept alive: 0; route allocated: 1 of 2000; total allocated: 1 of 2000]
11:15:05.151 [Forwarding get on session 7836b5d0-bd7a-11e6-9730-e5ec4f8847f6 to remote] DEBUG org.apache.http.impl.execchain.MainClientExec - Stale connection check
11:15:05.154 [Forwarding get on session 7836b5d0-bd7a-11e6-9730-e5ec4f8847f6 to remote] DEBUG org.apache.http.wire - http-outgoing-0 << "[read] I/O error: Read timed out"
11:15:05.154 [Forwarding get on session 7836b5d0-bd7a-11e6-9730-e5ec4f8847f6 to remote] DEBUG org.apache.http.impl.conn.DefaultManagedHttpClientConnection - http-outgoing-0: set socket timeout to 10800000
11:15:05.155 [Forwarding get on session 7836b5d0-bd7a-11e6-9730-e5ec4f8847f6 to remote] DEBUG org.apache.http.impl.execchain.MainClientExec - Executing request POST /session/7836b5d0-bd7a-11e6-9730-e5ec4f8847f6/url HTTP/1.1
11:15:05.155 [Forwarding get on session 7836b5d0-bd7a-11e6-9730-e5ec4f8847f6 to remote] DEBUG org.apache.http.impl.execchain.MainClientExec - Target auth state: UNCHALLENGED
11:15:05.155 [Forwarding get on session 7836b5d0-bd7a-11e6-9730-e5ec4f8847f6 to remote] DEBUG org.apache.http.impl.execchain.MainClientExec - Proxy auth state: UNCHALLENGED
11:15:05.155 [Forwarding get on session 7836b5d0-bd7a-11e6-9730-e5ec4f8847f6 to remote] DEBUG org.apache.http.headers - http-outgoing-0 >> POST /session/7836b5d0-bd7a-11e6-9730-e5ec4f8847f6/url HTTP/1.1
11:15:05.155 [Forwarding get on session 7836b5d0-bd7a-11e6-9730-e5ec4f8847f6 to remote] DEBUG org.apache.http.headers - http-outgoing-0 >> Content-Type: application/json; charset=utf-8
11:15:05.155 [Forwarding get on session 7836b5d0-bd7a-11e6-9730-e5ec4f8847f6 to remote] DEBUG org.apache.http.headers - http-outgoing-0 >> Content-Length: 32
11:15:05.155 [Forwarding get on session 7836b5d0-bd7a-11e6-9730-e5ec4f8847f6 to remote] DEBUG org.apache.http.headers - http-outgoing-0 >> Host: localhost:1871
11:15:05.155 [Forwarding get on session 7836b5d0-bd7a-11e6-9730-e5ec4f8847f6 to remote] DEBUG org.apache.http.headers - http-outgoing-0 >> Connection: Keep-Alive
11:15:05.156 [Forwarding get on session 7836b5d0-bd7a-11e6-9730-e5ec4f8847f6 to remote] DEBUG org.apache.http.headers - http-outgoing-0 >> User-Agent: Apache-HttpClient/4.5.2 (Java/1.8.0_101)
11:15:05.156 [Forwarding get on session 7836b5d0-bd7a-11e6-9730-e5ec4f8847f6 to remote] DEBUG org.apache.http.headers - http-outgoing-0 >> Accept-Encoding: gzip,deflate
11:15:05.156 [Forwarding get on session 7836b5d0-bd7a-11e6-9730-e5ec4f8847f6 to remote] DEBUG org.apache.http.wire - http-outgoing-0 >> "POST /session/7836b5d0-bd7a-11e6-9730-e5ec4f8847f6/url HTTP/1.1[\r][\n]"
11:15:05.156 [Forwarding get on session 7836b5d0-bd7a-11e6-9730-e5ec4f8847f6 to remote] DEBUG org.apache.http.wire - http-outgoing-0 >> "Content-Type: application/json; charset=utf-8[\r][\n]"
11:15:05.156 [Forwarding get on session 7836b5d0-bd7a-11e6-9730-e5ec4f8847f6 to remote] DEBUG org.apache.http.wire - http-outgoing-0 >> "Content-Length: 32[\r][\n]"
11:15:05.156 [Forwarding get on session 7836b5d0-bd7a-11e6-9730-e5ec4f8847f6 to remote] DEBUG org.apache.http.wire - http-outgoing-0 >> "Host: localhost:1871[\r][\n]"
11:15:05.156 [Forwarding get on session 7836b5d0-bd7a-11e6-9730-e5ec4f8847f6 to remote] DEBUG org.apache.http.wire - http-outgoing-0 >> "Connection: Keep-Alive[\r][\n]"
11:15:05.156 [Forwarding get on session 7836b5d0-bd7a-11e6-9730-e5ec4f8847f6 to remote] DEBUG org.apache.http.wire - http-outgoing-0 >> "User-Agent: Apache-HttpClient/4.5.2 (Java/1.8.0_101)[\r][\n]"
11:15:05.156 [Forwarding get on session 7836b5d0-bd7a-11e6-9730-e5ec4f8847f6 to remote] DEBUG org.apache.http.wire - http-outgoing-0 >> "Accept-Encoding: gzip,deflate[\r][\n]"
11:15:05.156 [Forwarding get on session 7836b5d0-bd7a-11e6-9730-e5ec4f8847f6 to remote] DEBUG org.apache.http.wire - http-outgoing-0 >> "[\r][\n]"
11:15:05.156 [Forwarding get on session 7836b5d0-bd7a-11e6-9730-e5ec4f8847f6 to remote] DEBUG org.apache.http.wire - http-outgoing-0 >> "{"url":"https://www.google.com"}"
11:15:07.875 [Forwarding get on session 7836b5d0-bd7a-11e6-9730-e5ec4f8847f6 to remote] DEBUG org.apache.http.wire - http-outgoing-0 << "HTTP/1.1 200 OK[\r][\n]"
11:15:07.876 [Forwarding get on session 7836b5d0-bd7a-11e6-9730-e5ec4f8847f6 to remote] DEBUG org.apache.http.wire - http-outgoing-0 << "Cache: no-cache[\r][\n]"
11:15:07.876 [Forwarding get on session 7836b5d0-bd7a-11e6-9730-e5ec4f8847f6 to remote] DEBUG org.apache.http.wire - http-outgoing-0 << "Content-Length: 74[\r][\n]"
11:15:07.876 [Forwarding get on session 7836b5d0-bd7a-11e6-9730-e5ec4f8847f6 to remote] DEBUG org.apache.http.wire - http-outgoing-0 << "Content-Type: application/json;charset=UTF-8[\r][\n]"
11:15:07.876 [Forwarding get on session 7836b5d0-bd7a-11e6-9730-e5ec4f8847f6 to remote] DEBUG org.apache.http.wire - http-outgoing-0 << "[\r][\n]"
11:15:07.876 [Forwarding get on session 7836b5d0-bd7a-11e6-9730-e5ec4f8847f6 to remote] DEBUG org.apache.http.wire - http-outgoing-0 << "{"sessionId":"7836b5d0-bd7a-11e6-9730-e5ec4f8847f6","status":0,"value":{}}"
11:15:07.876 [Forwarding get on session 7836b5d0-bd7a-11e6-9730-e5ec4f8847f6 to remote] DEBUG org.apache.http.headers - http-outgoing-0 << HTTP/1.1 200 OK
11:15:07.876 [Forwarding get on session 7836b5d0-bd7a-11e6-9730-e5ec4f8847f6 to remote] DEBUG org.apache.http.headers - http-outgoing-0 << Cache: no-cache
11:15:07.876 [Forwarding get on session 7836b5d0-bd7a-11e6-9730-e5ec4f8847f6 to remote] DEBUG org.apache.http.headers - http-outgoing-0 << Content-Length: 74
11:15:07.876 [Forwarding get on session 7836b5d0-bd7a-11e6-9730-e5ec4f8847f6 to remote] DEBUG org.apache.http.headers - http-outgoing-0 << Content-Type: application/json;charset=UTF-8
11:15:07.876 [Forwarding get on session 7836b5d0-bd7a-11e6-9730-e5ec4f8847f6 to remote] DEBUG org.apache.http.impl.execchain.MainClientExec - Connection can be kept alive indefinitely
11:15:07.877 [Forwarding get on session 7836b5d0-bd7a-11e6-9730-e5ec4f8847f6 to remote] DEBUG org.apache.http.impl.conn.PoolingHttpClientConnectionManager - Connection [id: 0][route: {}->http://localhost:1871] can be kept alive indefinitely
11:15:07.877 [Forwarding get on session 7836b5d0-bd7a-11e6-9730-e5ec4f8847f6 to remote] DEBUG org.apache.http.impl.conn.PoolingHttpClientConnectionManager - Connection released: [id: 0][route: {}->http://localhost:1871][total kept alive: 1; route allocated: 1 of 2000; total allocated: 1 of 2000]
11:15:07.889 [Forwarding setTimeout on session 7836b5d0-bd7a-11e6-9730-e5ec4f8847f6 to remote] DEBUG org.apache.http.client.protocol.RequestAddCookies - CookieSpec selected: default
11:15:07.889 [Forwarding setTimeout on session 7836b5d0-bd7a-11e6-9730-e5ec4f8847f6 to remote] DEBUG org.apache.http.client.protocol.RequestAuthCache - Auth cache not set in the context
11:15:07.889 [Forwarding setTimeout on session 7836b5d0-bd7a-11e6-9730-e5ec4f8847f6 to remote] DEBUG org.apache.http.impl.conn.PoolingHttpClientConnectionManager - Connection request: [route: {}->http://localhost:1871][total kept alive: 1; route allocated: 1 of 2000; total allocated: 1 of 2000]
11:15:07.890 [Forwarding setTimeout on session 7836b5d0-bd7a-11e6-9730-e5ec4f8847f6 to remote] DEBUG org.apache.http.impl.conn.PoolingHttpClientConnectionManager - Connection leased: [id: 0][route: {}->http://localhost:1871][total kept alive: 0; route allocated: 1 of 2000; total allocated: 1 of 2000]
11:15:07.890 [Forwarding setTimeout on session 7836b5d0-bd7a-11e6-9730-e5ec4f8847f6 to remote] DEBUG org.apache.http.impl.execchain.MainClientExec - Stale connection check
11:15:07.891 [Forwarding setTimeout on session 7836b5d0-bd7a-11e6-9730-e5ec4f8847f6 to remote] DEBUG org.apache.http.wire - http-outgoing-0 << "[read] I/O error: Read timed out"
11:15:07.891 [Forwarding setTimeout on session 7836b5d0-bd7a-11e6-9730-e5ec4f8847f6 to remote] DEBUG org.apache.http.impl.conn.DefaultManagedHttpClientConnection - http-outgoing-0: set socket timeout to 10800000
11:15:07.891 [Forwarding setTimeout on session 7836b5d0-bd7a-11e6-9730-e5ec4f8847f6 to remote] DEBUG org.apache.http.impl.execchain.MainClientExec - Executing request POST /session/7836b5d0-bd7a-11e6-9730-e5ec4f8847f6/timeouts HTTP/1.1
11:15:07.892 [Forwarding setTimeout on session 7836b5d0-bd7a-11e6-9730-e5ec4f8847f6 to remote] DEBUG org.apache.http.impl.execchain.MainClientExec - Target auth state: UNCHALLENGED
11:15:07.892 [Forwarding setTimeout on session 7836b5d0-bd7a-11e6-9730-e5ec4f8847f6 to remote] DEBUG org.apache.http.impl.execchain.MainClientExec - Proxy auth state: UNCHALLENGED
11:15:07.892 [Forwarding setTimeout on session 7836b5d0-bd7a-11e6-9730-e5ec4f8847f6 to remote] DEBUG org.apache.http.headers - http-outgoing-0 >> POST /session/7836b5d0-bd7a-11e6-9730-e5ec4f8847f6/timeouts HTTP/1.1
11:15:07.892 [Forwarding setTimeout on session 7836b5d0-bd7a-11e6-9730-e5ec4f8847f6 to remote] DEBUG org.apache.http.headers - http-outgoing-0 >> Content-Type: application/json; charset=utf-8
11:15:07.892 [Forwarding setTimeout on session 7836b5d0-bd7a-11e6-9730-e5ec4f8847f6 to remote] DEBUG org.apache.http.headers - http-outgoing-0 >> Content-Length: 30
11:15:07.892 [Forwarding setTimeout on session 7836b5d0-bd7a-11e6-9730-e5ec4f8847f6 to remote] DEBUG org.apache.http.headers - http-outgoing-0 >> Host: localhost:1871
11:15:07.892 [Forwarding setTimeout on session 7836b5d0-bd7a-11e6-9730-e5ec4f8847f6 to remote] DEBUG org.apache.http.headers - http-outgoing-0 >> Connection: Keep-Alive
11:15:07.892 [Forwarding setTimeout on session 7836b5d0-bd7a-11e6-9730-e5ec4f8847f6 to remote] DEBUG org.apache.http.headers - http-outgoing-0 >> User-Agent: Apache-HttpClient/4.5.2 (Java/1.8.0_101)
11:15:07.892 [Forwarding setTimeout on session 7836b5d0-bd7a-11e6-9730-e5ec4f8847f6 to remote] DEBUG org.apache.http.headers - http-outgoing-0 >> Accept-Encoding: gzip,deflate
11:15:07.892 [Forwarding setTimeout on session 7836b5d0-bd7a-11e6-9730-e5ec4f8847f6 to remote] DEBUG org.apache.http.wire - http-outgoing-0 >> "POST /session/7836b5d0-bd7a-11e6-9730-e5ec4f8847f6/timeouts HTTP/1.1[\r][\n]"
11:15:07.892 [Forwarding setTimeout on session 7836b5d0-bd7a-11e6-9730-e5ec4f8847f6 to remote] DEBUG org.apache.http.wire - http-outgoing-0 >> "Content-Type: application/json; charset=utf-8[\r][\n]"
11:15:07.893 [Forwarding setTimeout on session 7836b5d0-bd7a-11e6-9730-e5ec4f8847f6 to remote] DEBUG org.apache.http.wire - http-outgoing-0 >> "Content-Length: 30[\r][\n]"
11:15:07.893 [Forwarding setTimeout on session 7836b5d0-bd7a-11e6-9730-e5ec4f8847f6 to remote] DEBUG org.apache.http.wire - http-outgoing-0 >> "Host: localhost:1871[\r][\n]"
11:15:07.893 [Forwarding setTimeout on session 7836b5d0-bd7a-11e6-9730-e5ec4f8847f6 to remote] DEBUG org.apache.http.wire - http-outgoing-0 >> "Connection: Keep-Alive[\r][\n]"
11:15:07.893 [Forwarding setTimeout on session 7836b5d0-bd7a-11e6-9730-e5ec4f8847f6 to remote] DEBUG org.apache.http.wire - http-outgoing-0 >> "User-Agent: Apache-HttpClient/4.5.2 (Java/1.8.0_101)[\r][\n]"
11:15:07.893 [Forwarding setTimeout on session 7836b5d0-bd7a-11e6-9730-e5ec4f8847f6 to remote] DEBUG org.apache.http.wire - http-outgoing-0 >> "Accept-Encoding: gzip,deflate[\r][\n]"
11:15:07.893 [Forwarding setTimeout on session 7836b5d0-bd7a-11e6-9730-e5ec4f8847f6 to remote] DEBUG org.apache.http.wire - http-outgoing-0 >> "[\r][\n]"
11:15:07.893 [Forwarding setTimeout on session 7836b5d0-bd7a-11e6-9730-e5ec4f8847f6 to remote] DEBUG org.apache.http.wire - http-outgoing-0 >> "{"type":"implicit","ms":30000}"
11:15:07.897 [Forwarding setTimeout on session 7836b5d0-bd7a-11e6-9730-e5ec4f8847f6 to remote] DEBUG org.apache.http.wire - http-outgoing-0 << "HTTP/1.1 200 OK[\r][\n]"
11:15:07.897 [Forwarding setTimeout on session 7836b5d0-bd7a-11e6-9730-e5ec4f8847f6 to remote] DEBUG org.apache.http.wire - http-outgoing-0 << "Cache: no-cache[\r][\n]"
11:15:07.898 [Forwarding setTimeout on session 7836b5d0-bd7a-11e6-9730-e5ec4f8847f6 to remote] DEBUG org.apache.http.wire - http-outgoing-0 << "Content-Length: 74[\r][\n]"
11:15:07.898 [Forwarding setTimeout on session 7836b5d0-bd7a-11e6-9730-e5ec4f8847f6 to remote] DEBUG org.apache.http.wire - http-outgoing-0 << "Content-Type: application/json;charset=UTF-8[\r][\n]"
11:15:07.899 [Forwarding setTimeout on session 7836b5d0-bd7a-11e6-9730-e5ec4f8847f6 to remote] DEBUG org.apache.http.wire - http-outgoing-0 << "[\r][\n]"
11:15:07.899 [Forwarding setTimeout on session 7836b5d0-bd7a-11e6-9730-e5ec4f8847f6 to remote] DEBUG org.apache.http.wire - http-outgoing-0 << "{"sessionId":"7836b5d0-bd7a-11e6-9730-e5ec4f8847f6","status":0,"value":{}}"
11:15:07.900 [Forwarding setTimeout on session 7836b5d0-bd7a-11e6-9730-e5ec4f8847f6 to remote] DEBUG org.apache.http.headers - http-outgoing-0 << HTTP/1.1 200 OK
11:15:07.900 [Forwarding setTimeout on session 7836b5d0-bd7a-11e6-9730-e5ec4f8847f6 to remote] DEBUG org.apache.http.headers - http-outgoing-0 << Cache: no-cache
11:15:07.900 [Forwarding setTimeout on session 7836b5d0-bd7a-11e6-9730-e5ec4f8847f6 to remote] DEBUG org.apache.http.headers - http-outgoing-0 << Content-Length: 74
11:15:07.900 [Forwarding setTimeout on session 7836b5d0-bd7a-11e6-9730-e5ec4f8847f6 to remote] DEBUG org.apache.http.headers - http-outgoing-0 << Content-Type: application/json;charset=UTF-8
11:15:07.901 [Forwarding setTimeout on session 7836b5d0-bd7a-11e6-9730-e5ec4f8847f6 to remote] DEBUG org.apache.http.impl.execchain.MainClientExec - Connection can be kept alive indefinitely
11:15:07.901 [Forwarding setTimeout on session 7836b5d0-bd7a-11e6-9730-e5ec4f8847f6 to remote] DEBUG org.apache.http.impl.conn.PoolingHttpClientConnectionManager - Connection [id: 0][route: {}->http://localhost:1871] can be kept alive indefinitely
11:15:07.901 [Forwarding setTimeout on session 7836b5d0-bd7a-11e6-9730-e5ec4f8847f6 to remote] DEBUG org.apache.http.impl.conn.PoolingHttpClientConnectionManager - Connection released: [id: 0][route: {}->http://localhost:1871][total kept alive: 1; route allocated: 1 of 2000; total allocated: 1 of 2000]
11:15:07.903 [Forwarding getPageSource on session 7836b5d0-bd7a-11e6-9730-e5ec4f8847f6 to remote] DEBUG org.apache.http.client.protocol.RequestAddCookies - CookieSpec selected: default
11:15:07.904 [Forwarding getPageSource on session 7836b5d0-bd7a-11e6-9730-e5ec4f8847f6 to remote] DEBUG org.apache.http.client.protocol.RequestAuthCache - Auth cache not set in the context
11:15:07.904 [Forwarding getPageSource on session 7836b5d0-bd7a-11e6-9730-e5ec4f8847f6 to remote] DEBUG org.apache.http.impl.conn.PoolingHttpClientConnectionManager - Connection request: [route: {}->http://localhost:1871][total kept alive: 1; route allocated: 1 of 2000; total allocated: 1 of 2000]
11:15:07.904 [Forwarding getPageSource on session 7836b5d0-bd7a-11e6-9730-e5ec4f8847f6 to remote] DEBUG org.apache.http.impl.conn.PoolingHttpClientConnectionManager - Connection leased: [id: 0][route: {}->http://localhost:1871][total kept alive: 0; route allocated: 1 of 2000; total allocated: 1 of 2000]
11:15:07.904 [Forwarding getPageSource on session 7836b5d0-bd7a-11e6-9730-e5ec4f8847f6 to remote] DEBUG org.apache.http.impl.execchain.MainClientExec - Stale connection check
11:15:07.906 [Forwarding getPageSource on session 7836b5d0-bd7a-11e6-9730-e5ec4f8847f6 to remote] DEBUG org.apache.http.wire - http-outgoing-0 << "[read] I/O error: Read timed out"
11:15:07.906 [Forwarding getPageSource on session 7836b5d0-bd7a-11e6-9730-e5ec4f8847f6 to remote] DEBUG org.apache.http.impl.conn.DefaultManagedHttpClientConnection - http-outgoing-0: set socket timeout to 10800000
11:15:07.906 [Forwarding getPageSource on session 7836b5d0-bd7a-11e6-9730-e5ec4f8847f6 to remote] DEBUG org.apache.http.impl.execchain.MainClientExec - Executing request GET /session/7836b5d0-bd7a-11e6-9730-e5ec4f8847f6/source HTTP/1.1
11:15:07.906 [Forwarding getPageSource on session 7836b5d0-bd7a-11e6-9730-e5ec4f8847f6 to remote] DEBUG org.apache.http.impl.execchain.MainClientExec - Target auth state: UNCHALLENGED
11:15:07.906 [Forwarding getPageSource on session 7836b5d0-bd7a-11e6-9730-e5ec4f8847f6 to remote] DEBUG org.apache.http.impl.execchain.MainClientExec - Proxy auth state: UNCHALLENGED
11:15:07.906 [Forwarding getPageSource on session 7836b5d0-bd7a-11e6-9730-e5ec4f8847f6 to remote] DEBUG org.apache.http.headers - http-outgoing-0 >> GET /session/7836b5d0-bd7a-11e6-9730-e5ec4f8847f6/source HTTP/1.1
11:15:07.907 [Forwarding getPageSource on session 7836b5d0-bd7a-11e6-9730-e5ec4f8847f6 to remote] DEBUG org.apache.http.headers - http-outgoing-0 >> Cache-Control: no-cache
11:15:07.907 [Forwarding getPageSource on session 7836b5d0-bd7a-11e6-9730-e5ec4f8847f6 to remote] DEBUG org.apache.http.headers - http-outgoing-0 >> Host: localhost:1871
11:15:07.907 [Forwarding getPageSource on session 7836b5d0-bd7a-11e6-9730-e5ec4f8847f6 to remote] DEBUG org.apache.http.headers - http-outgoing-0 >> Connection: Keep-Alive
11:15:07.907 [Forwarding getPageSource on session 7836b5d0-bd7a-11e6-9730-e5ec4f8847f6 to remote] DEBUG org.apache.http.headers - http-outgoing-0 >> User-Agent: Apache-HttpClient/4.5.2 (Java/1.8.0_101)
11:15:07.907 [Forwarding getPageSource on session 7836b5d0-bd7a-11e6-9730-e5ec4f8847f6 to remote] DEBUG org.apache.http.headers - http-outgoing-0 >> Accept-Encoding: gzip,deflate
11:15:07.907 [Forwarding getPageSource on session 7836b5d0-bd7a-11e6-9730-e5ec4f8847f6 to remote] DEBUG org.apache.http.wire - http-outgoing-0 >> "GET /session/7836b5d0-bd7a-11e6-9730-e5ec4f8847f6/source HTTP/1.1[\r][\n]"
11:15:07.907 [Forwarding getPageSource on session 7836b5d0-bd7a-11e6-9730-e5ec4f8847f6 to remote] DEBUG org.apache.http.wire - http-outgoing-0 >> "Cache-Control: no-cache[\r][\n]"
11:15:07.907 [Forwarding getPageSource on session 7836b5d0-bd7a-11e6-9730-e5ec4f8847f6 to remote] DEBUG org.apache.http.wire - http-outgoing-0 >> "Host: localhost:1871[\r][\n]"
11:15:07.907 [Forwarding getPageSource on session 7836b5d0-bd7a-11e6-9730-e5ec4f8847f6 to remote] DEBUG org.apache.http.wire - http-outgoing-0 >> "Connection: Keep-Alive[\r][\n]"
11:15:07.907 [Forwarding getPageSource on session 7836b5d0-bd7a-11e6-9730-e5ec4f8847f6 to remote] DEBUG org.apache.http.wire - http-outgoing-0 >> "User-Agent: Apache-HttpClient/4.5.2 (Java/1.8.0_101)[\r][\n]"
11:15:07.907 [Forwarding getPageSource on session 7836b5d0-bd7a-11e6-9730-e5ec4f8847f6 to remote] DEBUG org.apache.http.wire - http-outgoing-0 >> "Accept-Encoding: gzip,deflate[\r][\n]"
11:15:07.907 [Forwarding getPageSource on session 7836b5d0-bd7a-11e6-9730-e5ec4f8847f6 to remote] DEBUG org.apache.http.wire - http-outgoing-0 >> "[\r][\n]"
11:15:07.921 [Forwarding getPageSource on session 7836b5d0-bd7a-11e6-9730-e5ec4f8847f6 to remote] DEBUG org.apache.http.wire - http-outgoing-0 << "HTTP/1.1 200 OK[\r][\n]"
11:15:07.922 [Forwarding getPageSource on session 7836b5d0-bd7a-11e6-9730-e5ec4f8847f6 to remote] DEBUG org.apache.http.wire - http-outgoing-0 << "Cache: no-cache[\r][\n]"
11:15:07.922 [Forwarding getPageSource on session 7836b5d0-bd7a-11e6-9730-e5ec4f8847f6 to remote] DEBUG org.apache.http.wire - http-outgoing-0 << "Content-Length: 56817[\r][\n]"
11:15:07.922 [Forwarding getPageSource on session 7836b5d0-bd7a-11e6-9730-e5ec4f8847f6 to remote] DEBUG org.apache.http.wire - http-outgoing-0 << "Content-Type: application/json;charset=UTF-8[\r][\n]"
11:15:07.922 [Forwarding getPageSource on session 7836b5d0-bd7a-11e6-9730-e5ec4f8847f6 to remote] DEBUG org.apache.http.wire - http-outgoing-0 << "[\r][\n]"
11:15:07.923 [Forwarding getPageSource on session 7836b5d0-bd7a-11e6-9730-e5ec4f8847f6 to remote] DEBUG org.apache.http.wire - http-outgoing-0 << "{"sessionId":"7836b5d0-bd7a-11e6-9730-e5ec4f8847f6","status":0,"value":"<!DOCTYPE html><html itemscope=\"\" itemtype=\"http://schema.org/WebPage\" lang=\"en\"><head><meta content=\"Search the world's information, including webpages, images, videos and more. Google has many special features to help you find exactly what you're looking for.\" name=\"description\"><meta content=\"noodp\" name=\"robots\"><meta content=\"text/html; charset=UTF-8\" http-equiv=\"Content-Type\"><meta content=\"/images/branding/googleg/1x/googleg_standard_color_128dp.png\" itemprop=\"image\"><title>Google</title><script>(function(){window.google={kEI:'NrFJWOb8Jo7ajwPXwLd4',kEXPI:'750722,1351827,1351903,1352402,3700290,4029815,4031109,4032678,4036527,4038012,4039268,4043492,4045841,4048347,4052811,4062666,4065787,4066195,4067860,4068550,4069838,4069841,4072364,4072602,4072774,4073405,4073726,4073959,4075770,4076095,4076931,4076999,4077776,4078438,4078456,4078760,4079105,4079626,4079894,4080167,4080271,4080383,4080629,4081037,4081038,4081279,4081482,4082217,4082619,4083280,4083476,4083514,4084147,4084298,4084343,4084956,4085336,4085643,4085769,4086011,4086202,4087708,4087911,4088033,4088154,4088421,4088429,4088433,4088436,4088438,4088443,4088448,4089100,4089142,4089233,4089480,4089538,8300096,8300273,8503585,8505025,8505259,8505831,8506340,8506399,8506614,8507380,8507420,8507897,8507899,8507974,8508022,8508060,8508065,8508119,8508229,8508292,8508395,8508421,8508424,8508584,8508589,8508911,8508931,8508957,8509006,8509016,8509037,8509064,8509066,8509350,10200083,10200095,13500019,16200026,19001295',authuser:0,kscs:'c9c918f0_24'};google.kHL='en';})();(function(){google.lc=[];google.li=0;google.getEI=function(a){for(var b;a&&(!a.getAttribute||!(b=a.getAttribute(\"eid\")));)a=a.parentNode;return b||google.kEI};google.getLEI=function(a){for(var b=null;a&&(!a.getAttribute||!(b=a.getAttribute(\"leid\")));)a=a.parentNode;return b};google.https=function(){return\"https:\"==window.location.protocol};google.ml=function(){return null};google.wl=function(a,b){try{google.ml(Error(a),!1,b)}catch(c){}};google.time=function(){return(new Date).getTime()};google.log=function(a,b,c,d,g){a=google.logUrl(a,b,c,d,g);if(\"\"!=a){b=new Image;var e=google.lc,f=google.li;e[f]=b;b.onerror=b.onload=b.onabort=function(){delete e[f]};window.google&&window.google.vel&&window.google.vel.lu&&window.google.vel.lu(a);b.src=a;google.li=f+1}};google.logUrl=function(a,b,c,d,g){var e=\"\",f=google.ls||\"\";c||-1!=b.search(\"&ei=\")||(e=\"&ei=\"+google.getEI(d),-1==b.search(\"&lei=\")&&(d=google.getLEI(d))&&(e+=\"&lei=\"+d));a=c||\"/\"+(g||\"gen_204\")+\"?atyp=i&ct=\"+a+\"&cad=\"+b+e+f+\"&zx=\"+google.time();/^http:/i.test(a)&&google.https()&&(google.ml(Error(\"a\"),!1,{src:a,glmm:1}),a=\"\");return a};google.y={};google.x=function(a,b){google.y[a.id]=[a,b];return!1};google.lq=[];google.load=function(a,b,c){google.lq.push([[a],b,c])};google.loadAll=function(a,b){google.lq.push([a,b])};}).call(this);var a=window.location,b=a.href.indexOf(\"#\");if(0<=b){var c=a.href.substring(b+1);/(^|&)q=/.test(c)&&-1==c.indexOf(\"#\")&&a.replace(\"/search?\"+c.replace(/(^|&)fp=[^&]*/g,\"\")+\"&cad=h\")};</script><style>#gb{font:13px/27px Arial,sans-serif;height:30px}#gbz,#gbg{position:absolute;white-space:nowrap;top:0;height:30px;z-index:1000}#gbz{left:0;padding-left:4px}#gbg{right:0;padding-right:5px}#gbs{background:transparent;position:absolute;top:-999px;visibility:hidden;z-index:998;right:0}.gbto #gbs{background:#fff}#gbx3,#gbx4{background-color:#2d2d2d;background-image:none;_background-image:none;background-position:0 -138px;background-repeat:repeat-x;border-bottom:1px solid #000;font-size:24px;height:29px;_height:30px;opacity:1;filter:alpha(opacity=100);position:absolute;top:0;width:100%;z-index:990}#gbx3{left:0}#gbx4{right:0}#gbb{position:relative}#gbbw{left:0;position:absolute;top:30px;width:100%}.gbtcb{position:absolute;visibility:hidden}#gbz .gbtcb{right:0}#gbg .gbtcb{left:0}.gbxx{display:none !important}.gbxo{opacity:0 !important;filter:alpha(opacity=0) !important}.gbm{position:absolute;z-index:999;top:-999px;visibility:hidden;text-align:left;border:1px solid #bebebe;background:#fff;-moz-box-shadow:-1px 1px 1px rgba(0,0,0,.2);-webkit-box-shadow:0 2px 4px rgba(0,0,0,.2);box-shadow:0 2px 4px rgba(0,0,0,.2)}.gbrtl .gbm{-moz-box-shadow:1px 1px 1px rgba(0,0,0,.2)}.gbto .gbm,.gbto #gbs{top:29px;visibility:visible}#gbz .gbm{left:0}#gbg .gbm{right:0}.gbxms{background-color:#ccc;display:block;position:absolute;z-index:1;top:-1px;left:-2px;right:-2px;bottom:-2px;opacity:.4;-moz-border-radius:3px;filter:progid:DXImageTransform.Microsoft.Blur(pixelradius=5);*opacity:1;*top:-2px;*left:-5px;*right:5px;*bottom:4px;-ms-filter:\"progid:DXImageTransform.Microsoft.Blur(pixelradius=5)\";opacity:1\\0/;top:-4px\\0/;left:-6px\\0/;right:5px\\0/;bottom:4px\\0/}.gbma{position:relative;top:-1px;border-style:solid dashed dashed;border-color:transparent;border-top-color:#c0c0c0;display:-moz-inline-box;display:inline-block;font-size:0;height:0;line-height:0;width:0;border-width:3px 3px 0;padding-top:1px;left:4px}#gbztms1,#gbi4m1,#gbi4s,#gbi4t{zoom:1}.gbtc,.gbmc,.gbmcc{display:block;list-style:none;margin:0;padding:0}.gbmc{background:#fff;padding:10px 0;position:relative;z-index:2;zoom:1}.gbt{position:relative;display:-moz-inline-box;display:inline-block;line-height:27px;padding:0;vertical-align:top}.gbt{*display:inline}.gbto{box-shadow:0 2px 4px rgba(0,0,0,.2);-moz-box-shadow:0 2px 4px rgba(0,0,0,.2);-webkit-box-shadow:0 2px 4px rgba(0,0,0,.2)}.gbzt,.gbgt{cursor:pointer;display:block;text-decoration:none !important}span#gbg6,span#gbg4{cursor:default}.gbts{border-left:1px solid transparent;border-right:1px solid transparent;display:block;*display:inline-block;padding:0 5px;position:relative;z-index:1000}.gbts{*display:inline}.gbzt .gbts{display:inline;zoom:1}.gbto .gbts{background:#fff;border-color:#bebebe;color:#36c;padding-bottom:1px;padding-top:2px}.gbz0l .gbts{color:#fff;font-weight:bold}.gbtsa{padding-right:9px}#gbz .gbzt,#gbz .gbgt,#gbg .gbgt{color:#ccc!important}.gbtb2{display:block;border-top:2px solid transparent}.gbto .gbzt .gbtb2,.gbto .gbgt .gbtb2{border-top-width:0}.gbtb .gbts{background:url(//ssl.gstatic.com/gb/images/b_8d5afc09.png);_background:url(//ssl.gstatic.com/gb/images/b8_3615d64d.png);background-position:-27px -22px;border:0;font-size:0;padding:29px 0 0;*padding:27px 0 0;width:1px}.gbzt:hover,.gbzt:focus,.gbgt-hvr,.gbgt:focus{background-color:#4c4c4c;background-image:none;_background-image:none;background-position:0 -102px;background-repeat:repeat-x;outline:none;text-decoration:none !important}.gbpdjs .gbto .gbm{min-width:99%}.gbz0l .gbtb2{border-top-color:#dd4b39!important}#gbi4s,#gbi4s1{font-weight:bold}#gbg6.gbgt-hvr,#gbg6.gbgt:focus{background-color:transparent;background-image:none}.gbg4a{font-size:0;line-height:0}.gbg4a .gbts{padding:27px 5px 0;*padding:25px 5px 0}.gbto .gbg4a .gbts{padding:29px 5px 1px;*padding:27px 5px 1px}#gbi4i,#gbi4id{left:5px;border:0;height:24px;position:absolute;top:1px;width:24px}.gbto #gbi4i,.gbto #gbi4id{top:3px}.gbi4p{display:block;width:24px}#gbi4id{background-position:-44px -101px}#gbmpid{background-position:0 0}#gbmpi,#gbmpid{border:none;display:inline-block;height:48px;width:48px}#gbmpiw{display:inline-block;line-height:9px;padding-left:20px;margin-top:10px;position:relative}#gbmpi,#gbmpid,#gbmpiw{*display:inline}#gbg5{font-size:0}#gbgs5{padding:5px !important}.gbto #gbgs5{padding:7px 5px 6px !important}#gbi5{background:url(//ssl.gstatic.com/gb/images/b_8d5afc09.png);_background:url(//ssl.gstatic.com/gb/images/b8_3615d64d.png);background-position:0 0;display:block;font-size:0;height:17px;width:16px}.gbto #gbi5{background-position:-6px -22px}.gbn .gbmt,.gbn .gbmt:visited,.gbnd .gbmt,.gbnd .gbmt:visited{color:#dd8e27 !important}.gbf .gbmt,.gbf .gbmt:visited{color:#900 !important}.gbmt,.gbml1,.gbmlb,.gbmt:visited,.gbml1:visited,.gbmlb:visited{color:#36c !important;text-decoration:none !important}.gbmt,.gbmt:visited{display:block}.gbml1,.gbmlb,.gbml1:visited,.gbmlb:visited{display:inline-block;mar"
11:15:07.924 [Forwarding getPageSource on session 7836b5d0-bd7a-11e6-9730-e5ec4f8847f6 to remote] DEBUG org.apache.http.headers - http-outgoing-0 << HTTP/1.1 200 OK
11:15:07.924 [Forwarding getPageSource on session 7836b5d0-bd7a-11e6-9730-e5ec4f8847f6 to remote] DEBUG org.apache.http.headers - http-outgoing-0 << Cache: no-cache
11:15:07.924 [Forwarding getPageSource on session 7836b5d0-bd7a-11e6-9730-e5ec4f8847f6 to remote] DEBUG org.apache.http.headers - http-outgoing-0 << Content-Length: 56817
11:15:07.924 [Forwarding getPageSource on session 7836b5d0-bd7a-11e6-9730-e5ec4f8847f6 to remote] DEBUG org.apache.http.headers - http-outgoing-0 << Content-Type: application/json;charset=UTF-8
11:15:07.924 [Forwarding getPageSource on session 7836b5d0-bd7a-11e6-9730-e5ec4f8847f6 to remote] DEBUG org.apache.http.impl.execchain.MainClientExec - Connection can be kept alive indefinitely
11:15:07.925 [Forwarding getPageSource on session 7836b5d0-bd7a-11e6-9730-e5ec4f8847f6 to remote] DEBUG org.apache.http.wire - http-outgoing-0 << "gin:0 10px}.gbml1,.gbmlb,.gbml1:visited,.gbmlb:visited{*display:inline}.gbml1,.gbml1:visited{padding:0 10px}.gbml1-hvr,.gbml1:focus{outline:none;text-decoration:underline !important}#gbpm .gbml1{display:inline;margin:0;padding:0;white-space:nowrap}.gbmlb,.gbmlb:visited{line-height:27px}.gbmlb-hvr,.gbmlb:focus{outline:none;text-decoration:underline !important}.gbmlbw{color:#ccc;margin:0 10px}.gbmt{padding:0 20px}.gbmt:hover,.gbmt:focus{background:#eee;cursor:pointer;outline:0 solid black;text-decoration:none !important}.gbm0l,.gbm0l:visited{color:#000 !important;font-weight:bold}.gbmh{border-top:1px solid #bebebe;font-size:0;margin:10px 0}#gbd4 .gbmc{background:#f5f5f5;padding-top:0}#gbd4 .gbsbic::-webkit-scrollbar-track:vertical{background-color:#f5f5f5;margin-top:2px}#gbmpdv{background:#fff;border-bottom:1px solid #bebebe;-moz-box-shadow:0 2px 4px rgba(0,0,0,.12);-o-box-shadow:0 2px 4px rgba(0,0,0,.12);-webkit-box-shadow:0 2px 4px rgba(0,0,0,.12);box-shadow:0 2px 4px rgba(0,0,0,.12);position:relative;z-index:1}#gbd4 .gbmh{margin:0}.gbmtc{padding:0;margin:0;line-height:27px}.GBMCC:last-child:after,#GBMPAL:last-child:after{content:'\\0A\\0A';white-space:pre;position:absolute}#gbmps{*zoom:1}#gbd4 .gbpc,#gbmpas .gbmt{line-height:17px}#gbd4 .gbpgs .gbmtc{line-height:27px}#gbd4 .gbmtc{border-bottom:1px solid #bebebe}#gbd4 .gbpc{display:inline-block;margin:16px 0 10px;padding-right:50px;vertical-align:top}#gbd4 .gbpc{*display:inline}.gbpc .gbps,.gbpc .gbps2{display:block;margin:0 20px}#gbmplp.gbps{margin:0 10px}.gbpc .gbps{color:#000;font-weight:bold}.gbpc .gbpd{margin-bottom:5px}.gbpd .gbmt,.gbpd .gbps{color:#666 !important}.gbpd .gbmt{opacity:.4;filter:alpha(opacity=40)}.gbps2{color:#666;display:block}.gbp0{display:none}.gbp0 .gbps2{font-weight:bold}#gbd4 .gbmcc{margin-top:5px}.gbpmc{background:#fef9db}.gbpmc .gbpmtc{padding:10px 20px}#gbpm{border:0;*border-collapse:collapse;border-spacing:0;margin:0;white-space:normal}#gbpm .gbpmtc{border-top:none;color:#000 !important;font:11px Arial,sans-serif}#gbpms{*white-space:nowrap}.gbpms2{font-weight:bold;white-space:nowrap}#gbmpal{*border-collapse:collapse;border-spacing:0;border:0;margin:0;white-space:nowrap;width:100%}.gbmpala,.gbmpalb{font:13px Arial,sans-serif;line-height:27px;padding:10px 20px 0;white-space:nowrap}.gbmpala{padding-left:0;text-align:left}.gbmpalb{padding-right:0;text-align:right}#gbmpasb .gbps{color:#000}#gbmpal .gbqfbb{margin:0 20px}.gbp0 .gbps{*display:inline}a.gbiba{margin:8px 20px 10px}.gbmpiaw{display:inline-block;padding-right:10px;margin-bottom:6px;margin-top:10px}.gbxv{visibility:hidden}.gbmpiaa{display:block;margin-top:10px}.gbmpia{border:none;display:block;height:48px;width:48px}.gbmpnw{display:inline-block;height:auto;margin:10px 0;vertical-align:top}\n.gbqfb,.gbqfba,.gbqfbb{-moz-border-radius:2px;-webkit-border-radius:2px;border-radius:2px;cursor:default !important;display:inline-block;font-weight:bold;height:29px;line-height:29px;min-width:54px;*min-width:70px;padding:0 8px;text-align:center;text-decoration:none !important;-moz-user-select:none;-webkit-user-select:none}.gbqfb:focus,.gbqfba:focus,.gbqfbb:focus{border:1px solid #4d90fe;-moz-box-shadow:inset 0 0 0 1px rgba(255, 255, 255, 0.5);-webkit-box-shadow:inset 0 0 0 1px rgba(255, 255, 255, 0.5);box-shadow:inset 0 0 0 1px rgba(255, 255, 255, 0.5);outline:none}.gbqfb-hvr:focus,.gbqfba-hvr:focus,.gbqfbb-hvr:focus{-webkit-box-shadow:inset 0 0 0 1px #fff,0 1px 1px rgba(0,0,0,.1);-moz-box-shadow:inset 0 0 0 1px #fff,0 1px 1px rgba(0,0,0,.1);box-shadow:inset 0 0 0 1px #fff,0 1px 1px rgba(0,0,0,.1)}.gbqfb-no-focus:focus{border:1px solid #3079ed;-moz-box-shadow:none;-webkit-box-shadow:none;box-shadow:none}.gbqfb-hvr,.gbqfba-hvr,.gbqfbb-hvr{-webkit-box-shadow:0 1px 1px rgba(0,0,0,.1);-moz-box-shadow:0 1px 1px rgba(0,0,0,.1);box-shadow:0 1px 1px rgba(0,0,0,.1)}.gbqfb::-moz-focus-inner,.gbqfba::-moz-focus-inner,.gbqfbb::-moz-focus-inner{border:0}.gbqfba,.gbqfbb{border:1px solid #dcdcdc;border-color:rgba(0,0,0,.1);color:#444 !important;font-size:11px}.gbqfb{background-color:#4d90fe;background-image:-webkit-"
11:15:07.926 [Forwarding getPageSource on session 7836b5d0-bd7a-11e6-9730-e5ec4f8847f6 to remote] DEBUG org.apache.http.wire - http-outgoing-0 << "gradient(linear,left top,left bottom,from(#4d90fe),to(#4787ed));background-image:-webkit-linear-gradient(top,#4d90fe,#4787ed);background-image:-moz-linear-gradient(top,#4d90fe,#4787ed);background-image:-ms-linear-gradient(top,#4d90fe,#4787ed);background-image:-o-linear-gradient(top,#4d90fe,#4787ed);background-image:linear-gradient(top,#4d90fe,#4787ed);filter:progid:DXImageTransform.Microsoft.gradient(startColorStr='#4d90fe',EndColorStr='#4787ed');border:1px solid #3079ed;color:#fff!important;margin:0 0}.gbqfb-hvr{border-color:#2f5bb7}.gbqfb-hvr:focus{border-color:#2f5bb7}.gbqfb-hvr,.gbqfb-hvr:focus{background-color:#357ae8;background-image:-webkit-gradient(linear,left top,left bottom,from(#4d90fe),to(#357ae8));background-image:-webkit-linear-gradient(top,#4d90fe,#357ae8);background-image:-moz-linear-gradient(top,#4d90fe,#357ae8);background-image:-ms-linear-gradient(top,#4d90fe,#357ae8);background-image:-o-linear-gradient(top,#4d90fe,#357ae8);background-image:linear-gradient(top,#4d90fe,#357ae8)}.gbqfb:active{background-color:inherit;-webkit-box-shadow:inset 0 1px 2px rgba(0, 0, 0, 0.3);-moz-box-shadow:inset 0 1px 2px rgba(0, 0, 0, 0.3);box-shadow:inset 0 1px 2px rgba(0, 0, 0, 0.3)}.gbqfba{background-color:#f5f5f5;background-image:-webkit-gradient(linear,left top,left bottom,from(#f5f5f5),to(#f1f1f1));background-image:-webkit-linear-gradient(top,#f5f5f5,#f1f1f1);background-image:-moz-linear-gradient(top,#f5f5f5,#f1f1f1);background-image:-ms-linear-gradient(top,#f5f5f5,#f1f1f1);background-image:-o-linear-gradient(top,#f5f5f5,#f1f1f1);background-image:linear-gradient(top,#f5f5f5,#f1f1f1);filter:progid:DXImageTransform.Microsoft.gradient(startColorStr='#f5f5f5',EndColorStr='#f1f1f1')}.gbqfba-hvr,.gbqfba-hvr:active{background-color:#f8f8f8;background-image:-webkit-gradient(linear,left top,left bottom,from(#f8f8f8),to(#f1f1f1));background-image:-webkit-linear-gradient(top,#f8f8f8,#f1f1f1);background-image:-moz-linear-gradient(top,#f8f8f8,#f1f1f1);background-image:-ms-linear-gradient(top,#f8f8f8,#f1f1f1);background-image:-o-linear-gradient(top,#f8f8f8,#f1f1f1);background-image:linear-gradient(top,#f8f8f8,#f1f1f1);filter:progid:DXImageTransform.Microsoft.gradient(startColorStr='#f8f8f8',EndColorStr='#f1f1f1')}.gbqfbb{background-color:#fff;background-image:-webkit-gradient(linear,left top,left bottom,from(#fff),to(#fbfbfb));background-image:-webkit-linear-gradient(top,#fff,#fbfbfb);background-image:-moz-linear-gradient(top,#fff,#fbfbfb);background-image:-ms-linear-gradient(top,#fff,#fbfbfb);background-image:-o-linear-gradient(top,#fff,#fbfbfb);background-image:linear-gradient(top,#fff,#fbfbfb);filter:progid:DXImageTransform.Microsoft.gradient(startColorStr='#ffffff',EndColorStr='#fbfbfb')}.gbqfbb-hvr,.gbqfbb-hvr:active{background-color:#fff;background-image:-webkit-gradient(linear,left top,left bottom,from(#fff),to(#f8f8f8));background-image:-webkit-linear-gradient(top,#fff,#f8f8f8);background-image:-moz-linear-gradient(top,#fff,#f8f8f8);background-image:-ms-linear-gradient(top,#fff,#f8f8f8);background-image:-o-linear-gradient(top,#fff,#f8f8f8);background-image:linear-gradient(top,#fff,#f8f8f8);filter:progid:DXImageTransform.Microsoft.gradient(startColorStr='#ffffff',EndColorStr='#f8f8f8')}.gbqfba-hvr,.gbqfba-hvr:active,.gbqfbb-hvr,.gbqfbb-hvr:active{border-color:#c6c6c6;-webkit-box-shadow:0 1px 1px rgba(0,0,0,.1);-moz-box-shadow:0 1px 1px rgba(0,0,0,.1);box-shadow:0 1px 1px rgba(0,0,0,.1);color:#222 !important}.gbqfba:active,.gbqfbb:active{-webkit-box-shadow:inset 0 1px 2px rgba(0,0,0,.1);-moz-box-shadow:inset 0 1px 2px rgba(0,0,0,.1);box-shadow:inset 0 1px 2px rgba(0,0,0,.1)}\n.gbprcd{padding:0;width:258px;white-space:normal}.gbprcb{display:inline-block;height:27px;padding:0 15px;text-decoration:none}#gbprc .gbprcbc{background-color:;background-image:none;border-color:;color:!important}#gbprc .gbprcbc:hover{color:!important}#gbprc .gbprcbc:active,#gbprc .gbprcbc:focus{color:!important}.gbprct{color:#666;line-height:17px;margin:0;margin-bottom:20px}.gbprci{color:#333;font-size:16px;line-height:20px;margin:0;margin-bottom:16px}#g"
11:15:07.927 [Forwarding getPageSource on session 7836b5d0-bd7a-11e6-9730-e5ec4f8847f6 to remote] DEBUG org.apache.http.wire - http-outgoing-0 << "bprc .gbmc{padding:26px;padding-bottom:22px;border:1px solid #bebebe}#gbprc .gbm{border:0}#gbprc .gbprcx,#gbprc .gbprcx.gbgt-hvr,#gbprc .gbprcx:focus,#gbprc .gbprcx:active{right:12px;background:url(//ssl.gstatic.com/s2/oz/images/stars/x.png);display:block;height:9px;opacity:.8;filter:alpha(opacity=80);position:absolute;top:12px;width:9px}#gbprc .gbprcx.gbgt-hvr,#gbprc .gbprcx:focus,#gbprc .gbprcx:active{opacity:1;filter:alpha(opacity=100)}.gbgs .gbmab,.gbgs .gbmab{left:10px;margin:40px 0 0}.gbgs .gbmac,.gbgs .gbmac{left:10px;margin:41px 0 0}.gbemi .gbgs .gbmab,.gbem .gbgs .gbmab{left:10px;margin:40px 0 0}.gbemi .gbgs .gbmac,.gbem .gbgs .gbmac{left:10px;margin:41px 0 0}.gbesi .gbgs .gbmab,.gbes .gbgs .gbmab{left:10px;margin:40px 0 0}.gbesi .gbgs .gbmac,.gbes .gbgs .gbmac{left:10px;margin:41px 0 0}#gbprca .gbmab{z-index:999}#gbprca .gbmac{border-bottom-color:#fff;z-index:999}#gbprcs{position:absolute;background:transparent;top:-999px;z-index:-1;visibility:hidden;margin-top:1px;margin-left:1px}\n#gb #gbprc{right:-28px;top:15px;z-index:997}#gbprca{left:-63px;position:relative;top:-22px}.gbmab,.gbmac{left:5px;border-style:dashed dashed solid;border-color:transparent;border-bottom-color:#bebebe;border-width:0 10px 10px;display:-moz-inline-box;display:inline-block;font-size:0;height:0;line-height:0;position:absolute;top:0;width:0;z-index:1000}.gbmab,.gbmac{visibility:hidden}.gbmac{border-bottom-color:#fff}.gbto .gbmab,.gbto .gbmac{visibility:visible}#gbqfqw,#gbqfb{vertical-align:top}#gbqfbw{right:0;margin:0 15px;position:absolute;top:0}.gbqfb{background-color:#4d90fe;background-image:-webkit-gradient(linear,left top,left bottom,from(#4d90fe),to(#4787ed));background-image:-webkit-linear-gradient(top,#4d90fe,#4787ed);background-image:-moz-linear-gradient(top,#4d90fe,#4787ed);background-image:-ms-linear-gradient(top,#4d90fe,#4787ed);background-image:-o-linear-gradient(top,#4d90fe,#4787ed);background-image:linear-gradient(top,#4d90fe,#4787ed);filter:progid:DXImageTransform.Microsoft.gradient(startColorStr='#4d90fe',EndColorStr='#4787ed');border:1px solid #3079ed;-moz-border-radius:2px;-webkit-border-radius:2px;border-radius:2px;-moz-user-select:none;-webkit-user-select:none;color:#fff;cursor:default;font-size:11px;font-weight:bold;height:29px;min-width:54px;*min-width:70px;text-align:center;padding:0 8px}.gbqfb-hvr{border:1px solid #2f5bb7;background-color:#357ae8;background-image:-webkit-gradient(linear,left top,left bottom,from(#4d90fe),to(#357ae8));background-image:-webkit-linear-gradient(top,#4d90fe,#357ae8);background-image:-moz-linear-gradient(top,#4d90fe,#357ae8);background-image:-ms-linear-gradient(top,#4d90fe,#357ae8);background-image:-o-linear-gradient(top,#4d90fe,#357ae8);background-image:linear-gradient(top,#4d90fe,#357ae8);-webkit-box-shadow:0 1px 1px rgba(0,0,0,.1);-moz-box-shadow:0 1px 1px rgba(0,0,0,.1);box-shadow:0 1px 1px rgba(0,0,0,.1)}.gbqfb:focus{-moz-box-shadow:inset 0 0 0 1px #fff;-webkit-box-shadow:inset 0 0 0 1px #fff;box-shadow:inset 0 0 0 1px #fff;outline:none}.gbqfb::-moz-focus-inner{border:0}.gbqfb-hvr:focus{-moz-box-shadow:inset 0 0 0 1px #fff,0 1px 1px rgba(0,0,0,.1);-webkit-box-shadow:inset 0 0 0 1px #fff,0 1px 1px rgba(0,0,0,.1);box-shadow:inset 0 0 0 1px #fff,0 1px 1px rgba(0,0,0,.1)}.gbqfb:active{-moz-box-shadow:inset 0 1px 2px rgba(0,0,0,.3);-webkit-box-shadow:inset 0 1px 2px rgba(0,0,0,.3);box-shadow:inset 0 1px 2px rgba(0,0,0,.3)}\n#gbmpas{max-height:220px}#gbmm{max-height:530px}.gbsb{-webkit-box-sizing:border-box;display:block;position:relative;*zoom:1}.gbsbic{overflow:auto}.gbsbis .gbsbt,.gbsbis .gbsbb{-webkit-mask-box-image:-webkit-gradient(linear,left top,right top,color-stop(0,rgba(0,0,0,.1)),color-stop(.5,rgba(0,0,0,.8)),color-stop(1,rgba(0,0,0,.1)));left:0;margin-right:0;opacity:0;position:absolute;width:100%}.gbsb .gbsbt:after,.gbsb .gbsbb:after{content:\"\";display:block;height:0;left:0;position:absolute;width:100%}.gbsbis .gbsbt{background:-webkit-gradient(linear,left top,left bottom,from(rgba(0,0,0,.2)),to(rgba(0,0,0,0)));background-image:-webkit-linear-gradient(top,rgba(0,0,0,.2),rg"
11:15:07.928 [Forwarding getPageSource on session 7836b5d0-bd7a-11e6-9730-e5ec4f8847f6 to remote] DEBUG org.apache.http.wire - http-outgoing-0 << "ba(0,0,0,0));background-image:-moz-linear-gradient(top,rgba(0,0,0,.2),rgba(0,0,0,0));background-image:-ms-linear-gradient(top,rgba(0,0,0,.2),rgba(0,0,0,0));background-image:-o-linear-gradient(top,rgba(0,0,0,.2),rgba(0,0,0,0));background-image:linear-gradient(top,rgba(0,0,0,.2),rgba(0,0,0,0));height:6px;top:0}.gbsb .gbsbt:after{border-top:1px solid #ebebeb;border-color:rgba(0,0,0,.3);top:0}.gbsb .gbsbb{-webkit-mask-box-image:-webkit-gradient(linear,left top,right top,color-stop(0,rgba(0,0,0,.1)),color-stop(.5,rgba(0,0,0,.8)),color-stop(1,rgba(0,0,0,.1)));background:-webkit-gradient(linear,left bottom,left top,from(rgba(0,0,0,.2)),to(rgba(0,0,0,0)));background-image:-webkit-linear-gradient(bottom,rgba(0,0,0,.2),rgba(0,0,0,0));background-image:-moz-linear-gradient(bottom,rgba(0,0,0,.2),rgba(0,0,0,0));background-image:-ms-linear-gradient(bottom,rgba(0,0,0,.2),rgba(0,0,0,0));background-image:-o-linear-gradient(bottom,rgba(0,0,0,.2),rgba(0,0,0,0));background-image:linear-gradient(bottom,rgba(0,0,0,.2),rgba(0,0,0,0));bottom:0;height:4px}.gbsb .gbsbb:after{border-bottom:1px solid #ebebeb;border-color:rgba(0,0,0,.3);bottom:0}\n.gbsbic::-webkit-scrollbar{height:16px;width:16px}.gbsbic::-webkit-scrollbar-button{height:0;width:0}.gbsbic::-webkit-scrollbar-button:start:decrement,.gbsbic::-webkit-scrollbar-button:end:increment{display:block}.gbsbic::-webkit-scrollbar-button:vertical:start:increment,.gbsbic::-webkit-scrollbar-button:vertical:end:decrement{display:none}.gbsbic::-webkit-scrollbar-track:vertical,.gbsbic::-webkit-scrollbar-track:horizontal,.gbsbic::-webkit-scrollbar-thumb:vertical,.gbsbic::-webkit-scrollbar-thumb:horizontal,.gbsbis .gbsbic::-webkit-scrollbar-track:vertical,.gbsbis .gbsbic::-webkit-scrollbar-track:horizontal,.gbsbis .gbsbic::-webkit-scrollbar-thumb:vertical,.gbsbis .gbsbic::-webkit-scrollbar-thumb:horizontal{border-style:solid;border-color:transparent}.gbsbic::-webkit-scrollbar-track:vertical{background-clip:padding-box;background-color:#fff;border-left-width:5px;border-right-width:0}.gbsbic::-webkit-scrollbar-track:horizontal{background-clip:padding-box;background-color:#fff;border-bottom-width:0;border-top-width:5px}.gbsbic::-webkit-scrollbar-thumb{-webkit-box-shadow:inset 1px 1px 0 rgba(0,0,0,.1),inset 0 -1px 0 rgba(0,0,0,.07);background-clip:padding-box;background-color:rgba(0,0,0,.2);min-height:28px;padding-top:100px}.gbsbic::-webkit-scrollbar-thumb:hover{-webkit-box-shadow:inset 1px 1px 1px rgba(0,0,0,.25);background-color:rgba(0,0,0,.4)}.gbsbic::-webkit-scrollbar-thumb:active{-webkit-box-shadow:inset 1px 1px 3px rgba(0,0,0,.35);background-color:rgba(0,0,0,.5)}.gbsbic::-webkit-scrollbar-thumb:vertical{border-width:0;border-left-width:5px}.gbsbic::-webkit-scrollbar-thumb:horizontal{border-width:0;border-top-width:5px}.gbsbis .gbsbic::-webkit-scrollbar-track:vertical{border-left-width:6px;border-right-width:1px}.gbsbis .gbsbic::-webkit-scrollbar-track:horizontal{border-bottom:1px;border-top:6px}.gbsbis .gbsbic::-webkit-scrollbar-thumb:vertical{border-width:0;border-left-width:6px;border-right-width:1px}.gbsbis .gbsbic::-webkit-scrollbar-thumb:horizontal{border-width:0;border-bottom:1px;border-top:6px}.gbsbic::-webkit-scrollbar-track:hover{-webkit-box-shadow:inset 1px 0 0 rgba(0,0,0,.1);background-color:rgba(0,0,0,.05)}.gbsbic::-webkit-scrollbar-track:active{-webkit-box-shadow:inset 1px 0 0 rgba(0,0,0,.14),inset -1px -1px 0 rgba(0,0,0,.07);background-color:rgba(0,0,0,.05)}\n</style><style>body,td,a,p,.h{font-family:arial,sans-serif}body{margin:0;overflow-y:scroll}#gog{padding:3px 8px 0}td{line-height:.8em}.gac_m td{line-height:17px}form{margin-bottom:20px}.h{color:#36c}.q{color:#00c}.ts td{padding:0}.ts{border-collapse:collapse}em{font-weight:bold;font-style:normal}.lst{height:25px;width:496px}.gsfi,.lst{font:18px arial,sans-serif}.gsfs{font:17px arial,sans-serif}.ds{display:-webkit-inline-box;display:inline-block;margin:3px 0 4px;margin-left:4px}input{font-family:inherit}a.gb1,a.gb2,a.gb3,a.gb4{color:#11c !important}body{background:#fff;color:black}a{color:#11c;text-decoration:none}a:hover,a:active{text"
11:15:07.929 [Forwarding getPageSource on session 7836b5d0-bd7a-11e6-9730-e5ec4f8847f6 to remote] DEBUG org.apache.http.wire - http-outgoing-0 << "-decoration:underline}.fl a{color:#36c}a:visited{color:#551a8b}a.gb1,a.gb4{text-decoration:underline}a.gb3:hover{text-decoration:none}#ghead a.gb2:hover{color:#fff !important}.sblc{padding-top:5px}.sblc a{display:block;margin:2px 0;margin-left:13px;font-size:11px}.lsbb{background:#eee;border:solid 1px;border-color:#ccc #999 #999 #ccc;height:30px}.lsbb{display:block}.ftl,#fll a{display:inline-block;margin:0 12px}.lsb{background:url(/images/nav_logo229.png) 0 -261px repeat-x;border:none;color:#000;cursor:pointer;height:30px;margin:0;outline:0;font:15px arial,sans-serif;vertical-align:top}.lsb:active{background:#ccc}.lst:focus{outline:none}</style><script>(function(){try{var e=this;var aa=function(a,b,c,d){d=d||{};d._sn=[\"cfg\",b,c].join(\".\");window.gbar.logger.ml(a,d)};var g=window.gbar=window.gbar||{},h=window.gbar.i=window.gbar.i||{},ba;function _tvn(a,b){a=parseInt(a,10);return isNaN(a)?b:a}function _tvf(a,b){a=parseFloat(a);return isNaN(a)?b:a}function _tvv(a){return!!a}function p(a,b,c){(c||g)[a]=b}g.bv={n:_tvn(\"2\",0),r:\"\",f:\".66.41.\",e:\"1300102,3700290\",m:_tvn(\"1\",1)};\nfunction ca(a,b,c){var d=\"on\"+b;if(a.addEventListener)a.addEventListener(b,c,!1);else if(a.attachEvent)a.attachEvent(d,c);else{var f=a[d];a[d]=function(){var a=f.apply(this,arguments),b=c.apply(this,arguments);return void 0==a?b:void 0==b?a:b&&a}}}var da=function(a){return function(){return g.bv.m==a}},ea=da(1),fa=da(2);p(\"sb\",ea);p(\"kn\",fa);h.a=_tvv;h.b=_tvf;h.c=_tvn;h.i=aa;var q=window.gbar.i.i;var r=function(){},u=function(){},ia=function(a){var b=new Image,c=ga;b.onerror=b.onload=b.onabort=function(){try{delete ha[c]}catch(d){}};ha[c]=b;b.src=a;ga=c+1},ha=[],ga=0;p(\"logger\",{il:u,ml:r,log:ia});var v=window.gbar.logger;var y={},ja={},z=[],ka=h.b(\"0.1\",.1),la=h.a(\"1\",!0),ma=function(a,b){z.push([a,b])},na=function(a,b){y[a]=b},oa=function(a){return a in y},A={},B=function(a,b){A[a]||(A[a]=[]);A[a].push(b)},D=function(a){B(\"m\",a)},pa=function(a,b){var c=document.createElement(\"script\");c.src=a;c.async=la;Math.random()<ka&&(c.onerror=function(){c.onerror=null;r(Error(\"Bundle load failed: name=\"+(b||\"UNK\")+\" url=\"+a))});(document.getElementById(\"xjsc\")||document.getElementsByTagName(\"body\")[0]||\ndocument.getElementsByTagName(\"head\")[0]).appendChild(c)},F=function(a){for(var b=0,c;(c=z[b])&&c[0]!=a;++b);!c||c[1].l||c[1].s||(c[1].s=!0,qa(2,a),c[1].url&&pa(c[1].url,a),c[1].libs&&E&&E(c[1].libs))},ra=function(a){B(\"gc\",a)},sa=null,ta=function(a){sa=a},qa=function(a,b,c){if(sa){a={t:a,b:b};if(c)for(var d in c)a[d]=c[d];try{sa(a)}catch(f){}}};p(\"mdc\",y);p(\"mdi\",ja);p(\"bnc\",z);p(\"qGC\",ra);p(\"qm\",D);p(\"qd\",A);p(\"lb\",F);p(\"mcf\",na);p(\"bcf\",ma);p(\"aq\",B);p(\"mdd\",\"\");\np(\"has\",oa);p(\"trh\",ta);p(\"tev\",qa);if(h.a(\"1\")){var ua=h.a(\"1\"),va=h.a(\"\"),wa=h.a(\"\"),xa=window.gapi={},ya=function(a,b){var c=function(){g.dgl(a,b)};ua?D(c):(B(\"gl\",c),F(\"gl\"))},za={},Aa=function(a){a=a.split(\":\");for(var b;(b=a.pop())&&za[b];);return!b},E=function(a){function b(){for(var b=a.split(\":\"),d=0,f;f=b[d];++d)za[f]=1;for(b=0;d=z[b];++b)d=d[1],(f=d.libs)&&!d.l&&d.i&&Aa(f)&&d.i()}g.dgl(a,b)},H=window.___jsl={};H.h=\"m;/_/scs/abc-static/_/js/k=gapi.gapi.en.U_ZjamIixkk.O/m=__features__/rt=j/d=1/rs=AHpOoo-vbowTsdJgxjMinuRjWcqUL15H1g\";H.ms=\"https://apis.google.com\";\nH.m=\"\";H.l=[];ua||z.push([\"gl\",{url:\"//ssl.gstatic.com/gb/js/abc/glm_e7bb39a7e1a24581ff4f8d199678b1b9.js\"}]);var Ba={pu:va,sh:\"\",si:wa,hl:\"en\"};y.gl=Ba;p(\"load\",ya,xa);p(\"dgl\",ya);p(\"agl\",Aa);h.o=ua};var Ca=h.b(\"0.1\",.001),Da=0;\nfunction _mlToken(a,b){try{if(1>Da){Da++;var c,d=a;b=b||{};var f=encodeURIComponent,k=[\"//www.google.com/gen_204?atyp=i&zx=\",(new Date).getTime(),\"&jexpid=\",f(\"28834\"),\"&srcpg=\",f(\"prop=1\"),\"&jsr=\",Math.round(1/Ca),\"&ogev=\",f(\"NrFJWO3xJ9K2jwOS46qABg\"),\"&ogf=\",g.bv.f,\"&ogrp=\",f(\"\"),\"&ogv=\",f(\"1480650288.0\"),\"&oggv=\"+f(\"es_plusone_gc_20161117.0_p0\"),\"&ogd=\",f(\"com\"),\"&ogc=\",f(\"USA\"),\"&ogl=\",f(\"en\")];b._sn&&(b._sn=\n\"og.\"+b._sn);for(var m in b)k.push(\"&"
11:15:07.930 [Forwarding getPageSource on session 7836b5d0-bd7a-11e6-9730-e5ec4f8847f6 to remote] DEBUG org.apache.http.wire - http-outgoing-0 << "\"),k.push(f(m)),k.push(\"=\"),k.push(f(b[m]));k.push(\"&emsg=\");k.push(f(d.name+\":\"+d.message));var n=k.join(\"\");Ea(n)&&(n=n.substr(0,2E3));c=n;var l=window.gbar.logger._aem(a,c);ia(l)}}catch(t){}}var Ea=function(a){return 2E3<=a.length},Fa=function(a,b){return b};function Ga(a){r=a;p(\"_itl\",Ea,v);p(\"_aem\",Fa,v);p(\"ml\",r,v);a={};y.er=a}h.a(\"\")?Ga(function(a){throw a;}):h.a(\"1\")&&Math.random()<Ca&&Ga(_mlToken);var _E=\"left\",Ha=h.a(\"\"),J=function(a,b){var c=a.className;I(a,b)||(a.className+=(\"\"!=c?\" \":\"\")+b)},K=function(a,b){var c=a.className;b=new RegExp(\"\\\\s?\\\\b\"+b+\"\\\\b\");c&&c.match(b)&&(a.className=c.replace(b,\"\"))},I=function(a,b){b=new RegExp(\"\\\\b\"+b+\"\\\\b\");a=a.className;return!(!a||!a.match(b))},Ia=function(a,b){I(a,b)?K(a,b):J(a,b)},Ja=function(a,b){a[b]=function(c){var d=arguments;g.qm(function(){a[b].apply(this,d)})}},Ka=function(a){a=[\"//www.gstatic.com\",\"/og/_/js/d=1/k=\",\n\"og.og2.en_US.bMuvE1SC6YI.O\",\"/rt=j/m=\",a,\"/rs=\",\"AA2YrTtzBlTmy1wcjkBNuQoi-kZ1wphK5w\"];Ha&&a.push(\"?host=www.gstatic.com&bust=og.og2.en_US.lXDzID-6m6Q.DU\");a=a.join(\"\");pa(a)};p(\"ca\",J);p(\"cr\",K);p(\"cc\",I);h.k=J;h.l=K;h.m=I;h.n=Ia;h.p=Ka;h.q=Ja;var La=[\"gb_71\",\"gb_155\"],Ma;function Na(a){Ma=a}function Oa(a){var b=Ma&&!a.href.match(/.*\\/accounts\\/ClearSID[?]/)&&encodeURIComponent(Ma());b&&(a.href=a.href.replace(/([?&]continue=)[^&]*/,\"$1\"+b))}function Pa(a){window.gApplication&&(a.href=window.gApplication.getTabUrl(a.href))}function Qa(a){try{var b=(document.forms[0].q||\"\").value;b&&(a.href=a.href.replace(/([?&])q=[^&]*|$/,function(a,d){return(d||\"&\")+\"q=\"+encodeURIComponent(b)}))}catch(c){q(c,\"sb\",\"pq\")}}\nvar Ra=function(){for(var a=[],b=0,c;c=La[b];++b)(c=document.getElementById(c))&&a.push(c);return a},Sa=function(){var a=Ra();return 0<a.length?a[0]:null},Ta=function(){return document.getElementById(\"gb_70\")},L={},M={},Ua={},N={},O=void 0,Za=function(a,b){try{var c=document.getElementById(\"gb\");J(c,\"gbpdjs\");P();Va(document.getElementById(\"gb\"))&&J(c,\"gbrtl\");if(b&&b.getAttribute){var d=b.getAttribute(\"aria-owns\");if(d.length){var f=document.getElementById(d);if(f){var k=b.parentNode;if(O==d)O=void 0,\nK(k,\"gbto\");else{if(O){var m=document.getElementById(O);if(m&&m.getAttribute){var n=m.getAttribute(\"aria-owner\");if(n.length){var l=document.getElementById(n);l&&l.parentNode&&K(l.parentNode,\"gbto\")}}}Wa(f)&&Xa(f);O=d;J(k,\"gbto\")}}}}D(function(){g.tg(a,b,!0)});Ya(a)}catch(t){q(t,\"sb\",\"tg\")}},$a=function(a){D(function(){g.close(a)})},ab=function(a){D(function(){g.rdd(a)})},Va=function(a){var b,c=document.defaultView;c&&c.getComputedStyle?(a=c.getComputedStyle(a,\"\"))&&(b=a.direction):b=a.currentStyle?\na.currentStyle.direction:a.style.direction;return\"rtl\"==b},cb=function(a,b,c){if(a)try{var d=document.getElementById(\"gbd5\");if(d){var f=d.firstChild,k=f.firstChild,m=document.createElement(\"li\");m.className=b+\" gbmtc\";m.id=c;a.className=\"gbmt\";m.appendChild(a);if(k.hasChildNodes()){c=[[\"gbkc\"],[\"gbf\",\"gbe\",\"gbn\"],[\"gbkp\"],[\"gbnd\"]];for(var d=0,n=k.childNodes.length,f=!1,l=-1,t=0,C;C=c[t];t++){for(var T=0,G;G=C[T];T++){for(;d<n&&I(k.childNodes[d],G);)d++;if(G==b){k.insertBefore(m,k.childNodes[d]||\nnull);f=!0;break}}if(f){if(d+1<k.childNodes.length){var U=k.childNodes[d+1];I(U.firstChild,\"gbmh\")||bb(U,C)||(l=d+1)}else if(0<=d-1){var V=k.childNodes[d-1];I(V.firstChild,\"gbmh\")||bb(V,C)||(l=d)}break}0<d&&d+1<n&&d++}if(0<=l){var w=document.createElement(\"li\"),x=document.createElement(\"div\");w.className=\"gbmtc\";x.className=\"gbmt gbmh\";w.appendChild(x);k.insertBefore(w,k.childNodes[l])}g.addHover&&g.addHover(a)}else k.appendChild(m)}}catch(Ab){q(Ab,\"sb\",\"al\")}},bb=function(a,b){for(var c=b.length,\nd=0;d<c;d++)if(I(a,b[d]))return!0;return!1},db=function(a,b,c){cb(a,b,c)},eb=function(a,b){cb(a,\"gbe\",b)},fb=function(){D(function(){g.pcm&&g.pcm()})},gb=function(){D(function(){g.pca&&g.pca()})},hb=function(a,b,c,d,f,k,m,n,l,t){D(function(){g.paa&&g.paa(a,b,c,d,f,k,m,n,l,t)})},ib=function(a,b){L[a]||(L[a]=[]"
11:15:07.931 [Forwarding getPageSource on session 7836b5d0-bd7a-11e6-9730-e5ec4f8847f6 to remote] DEBUG org.apache.http.wire - http-outgoing-0 << ");L[a].push(b)},jb=function(a,b){M[a]||(M[a]=[]);M[a].push(b)},kb=function(a,b){Ua[a]=b},lb=function(a,b){N[a]||(N[a]=[]);N[a].push(b)},Ya=function(a){a.preventDefault&&a.preventDefault();a.returnValue=\n!1;a.cancelBubble=!0},mb=null,Xa=function(a,b){P();if(a){nb(a,\"Opening&hellip;\");Q(a,!0);b=\"undefined\"!=typeof b?b:1E4;var c=function(){ob(a)};mb=window.setTimeout(c,b)}},pb=function(a){P();a&&(Q(a,!1),nb(a,\"\"))},ob=function(a){try{P();var b=a||document.getElementById(O);b&&(nb(b,\"This service is currently unavailable.%1$sPlease try again later.\",\"%1$s\"),Q(b,!0))}catch(c){q(c,\"sb\",\"sdhe\")}},nb=function(a,b,c){if(a&&b){var d=Wa(a);if(d){if(c){d.innerHTML=\"\";b=b.split(c);c=0;for(var f;f=b[c];c++){var k=document.createElement(\"div\");\nk.innerHTML=f;d.appendChild(k)}}else d.innerHTML=b;Q(a,!0)}}},Q=function(a,b){(b=void 0!==b?b:!0)?J(a,\"gbmsgo\"):K(a,\"gbmsgo\")},Wa=function(a){for(var b=0,c;c=a.childNodes[b];b++)if(I(c,\"gbmsg\"))return c},P=function(){mb&&window.clearTimeout(mb)},qb=function(a){var b=\"inner\"+a;a=\"offset\"+a;return window[b]?window[b]:document.documentElement&&document.documentElement[a]?document.documentElement[a]:0},rb=function(){return!1},sb=function(){return!!O};p(\"so\",Sa);p(\"sos\",Ra);p(\"si\",Ta);p(\"tg\",Za);\np(\"close\",$a);p(\"rdd\",ab);p(\"addLink\",db);p(\"addExtraLink\",eb);p(\"pcm\",fb);p(\"pca\",gb);p(\"paa\",hb);p(\"ddld\",Xa);p(\"ddrd\",pb);p(\"dderr\",ob);p(\"rtl\",Va);p(\"op\",sb);p(\"bh\",L);p(\"abh\",ib);p(\"dh\",M);p(\"adh\",jb);p(\"ch\",N);p(\"ach\",lb);p(\"eh\",Ua);p(\"aeh\",kb);ba=h.a(\"\")?Pa:Qa;p(\"qs\",ba);p(\"setContinueCb\",Na);p(\"pc\",Oa);p(\"bsy\",rb);h.d=Ya;h.j=qb;var tb={};y.base=tb;z.push([\"m\",{url:\"//ssl.gstatic.com/gb/js/sem_f70ed39779130cc06d510ce54eca305c.js\"}]);g.sg={c:\"1\"};p(\"wg\",{rg:{}});var ub={tiw:h.c(\"15000\",0),tie:h.c(\"30000\",0)};y.wg=ub;var vb={thi:h.c(\"10000\",0),thp:h.c(\"180000\",0),tho:h.c(\"5000\",0),tet:h.b(\"0.5\",0)};y.wm=vb;if(h.a(\"1\")){var wb=h.a(\"\");z.push([\"gc\",{auto:wb,url:\"//ssl.gstatic.com/gb/js/abc/gci_91f30755d6a6b787dcc2a4062e6e9824.js\",libs:\"googleapis.client:plusone:gapi.iframes\"}]);var xb={version:\"gci_91f30755d6a6b787dcc2a4062e6e9824.js\",index:\"\",lang:\"en\"};y.gc=xb;var yb=function(a){window.googleapis&&window.iframes?a&&a():(a&&ra(a),F(\"gc\"))};p(\"lGC\",yb);h.a(\"1\")&&p(\"lPWF\",yb)};window.__PVT=\"\";if(h.a(\"1\")&&h.a(\"1\")){var zb=function(a){yb(function(){B(\"pw\",a);F(\"pw\")})};p(\"lPW\",zb);z.push([\"pw\",{url:\"//ssl.gstatic.com/gb/js/abc/pwm_45f73e4df07a0e388b0fa1f3d30e7280.js\"}]);var Bb=[],Cb=function(a){Bb[0]=a},Db=function(a,b){b=b||{};b._sn=\"pw\";r(a,b)},Eb={signed:Bb,elog:Db,base:\"https://plusone.google.com/u/0\",loadTime:(new Date).getTime()};y.pw=Eb;var Fb=function(a,b){var c=b.split(\".\");b=function(){var b=arguments;a(function(){for(var a=g,d=0,f=c.length-1;d<f;++d)a=a[c[d]];a[c[d]].apply(a,b)})};for(var d=g,f=0,k=c.length-1;f<\nk;++f)d=d[c[f]]=d[c[f]]||{};return d[c[f]]=b};Fb(zb,\"pw.clk\");Fb(zb,\"pw.hvr\");p(\"su\",Cb,g.pw)};var Gb=[1,2,3,4,5,6,9,10,11,13,14,28,29,30,34,35,37,38,39,40,41,42,43,48,49,500];var Hb=h.b(\"0.001\",1E-4),Ib=h.b(\"1\",1),Jb=!1,Kb=!1;if(h.a(\"1\")){var Lb=Math.random();Lb<Hb&&(Jb=!0);Lb<Ib&&(Kb=!0)}var R=null;\nfunction Mb(a,b){var c=Hb,d=Jb,f;f=a;if(!R){R={};for(var k=0;k<Gb.length;k++){var m=Gb[k];R[m]=!0}}if(f=!!R[f])c=Ib,d=Kb;if(d){var d=encodeURIComponent,n=\"es_plusone_gc_20161117.0_p0\",l;g.rp?(l=g.rp(),l=\"-1\"!=l?l:\"\"):l=\"\";f=(new Date).getTime();var k=d(\"28834\"),m=d(\"NrFJWO3xJ9K2jwOS46qABg\"),t=g.bv.f,C=d(\"1\");l=d(l);var c=Math.round(1/c),T=d(\"1480650288.0\"),n=n?\"&oggv=\"+d(n):\"\",G=d(\"com\"),U=d(\"en\"),\nV=d(\"USA\"),w;w=0;h.a(\"\")&&(w|=1);h.a(\"\")&&(w|=2);h.a(\"\")&&(w|=4);a=[\"//www.google.com/gen_204?atyp=i&zx=\",f,\"&oge=\",a,\"&ogex=\",k,\"&ogev=\",m,\"&ogf=\",t,\"&ogp=\",C,\"&ogrp=\",l,\"&ogsr=\",c,\"&ogv=\",T,n,\"&ogd=\",G,\"&ogl=\",U,\"&ogc=\",V,\"&ogus=\",w];if(b){\"ogw\"in b&&(a.push(\"&ogw=\"+b.ogw),delete b.ogw);var x;f=[];for(x in b)0!=f.length&&f.push(\",\"),f.push(Nb(x)),f.push(\".\"),f.pus"
11:15:07.932 [Forwarding getPageSource on session 7836b5d0-bd7a-11e6-9730-e5ec4f8847f6 to remote] DEBUG org.apache.http.wire - http-outgoing-0 << "h(Nb(b[x]));x=f.join(\"\");\"\"!=x&&(a.push(\"&ogad=\"),a.push(d(x)))}ia(a.join(\"\"))}}\nfunction Nb(a){\"number\"==typeof a&&(a+=\"\");return\"string\"==typeof a?a.replace(\".\",\"%2E\").replace(\",\",\"%2C\"):a}u=Mb;p(\"il\",u,v);var Ob={};y.il=Ob;var Pb=function(a,b,c,d,f,k,m,n,l,t){D(function(){g.paa(a,b,c,d,f,k,m,n,l,t)})},Qb=function(){D(function(){g.prm()})},Rb=function(a){D(function(){g.spn(a)})},Sb=function(a){D(function(){g.sps(a)})},Tb=function(a){D(function(){g.spp(a)})},Ub={\"27\":\"//ssl.gstatic.com/gb/images/silhouette_24.png\",\"27\":\"//ssl.gstatic.com/gb/images/silhouette_24.png\",\"27\":\"//ssl.gstatic.com/gb/images/silhouette_24.png\"},Vb=function(a){return(a=Ub[a])||\"//ssl.gstatic.com/gb/images/silhouette_24.png\"},\nWb=function(){D(function(){g.spd()})};p(\"spn\",Rb);p(\"spp\",Tb);p(\"sps\",Sb);p(\"spd\",Wb);p(\"paa\",Pb);p(\"prm\",Qb);ib(\"gbd4\",Qb);\nif(h.a(\"\")){var Xb={d:h.a(\"\"),e:\"\",sanw:h.a(\"\"),p:\"//ssl.gstatic.com/gb/images/silhouette_96.png\",cp:\"1\",xp:h.a(\"1\"),mg:\"%1$s (delegated)\",md:\"%1$s (default)\",mh:\"220\",s:\"1\",pp:Vb,ppl:h.a(\"\"),ppa:h.a(\"\"),\nppm:\"Google+ page\"};y.prf=Xb};var S,Yb,W,Zb,X=0,$b=function(a,b,c){if(a.indexOf)return a.indexOf(b,c);if(Array.indexOf)return Array.indexOf(a,b,c);for(c=null==c?0:0>c?Math.max(0,a.length+c):c;c<a.length;c++)if(c in a&&a[c]===b)return c;return-1},Y=function(a,b){return-1==$b(a,X)?(q(Error(X+\"_\"+b),\"up\",\"caa\"),!1):!0},bc=function(a,b){Y([1,2],\"r\")&&(S[a]=S[a]||[],S[a].push(b),2==X&&window.setTimeout(function(){b(ac(a))},0))},cc=function(a,b,c){if(Y([1],\"nap\")&&c){for(var d=0;d<c.length;d++)Yb[c[d]]=!0;g.up.spl(a,b,\"nap\",c)}},dc=\nfunction(a,b,c){if(Y([1],\"aop\")&&c){if(W)for(var d in W)W[d]=W[d]&&-1!=$b(c,d);else for(W={},d=0;d<c.length;d++)W[c[d]]=!0;g.up.spl(a,b,\"aop\",c)}},ec=function(){try{if(X=2,!Zb){Zb=!0;for(var a in S)for(var b=S[a],c=0;c<b.length;c++)try{b[c](ac(a))}catch(d){q(d,\"up\",\"tp\")}}}catch(d){q(d,\"up\",\"mtp\")}},ac=function(a){if(Y([2],\"ssp\")){var b=!Yb[a];W&&(b=b&&!!W[a]);return b}};Zb=!1;S={};Yb={};W=null;\nvar X=1,fc=function(a){var b=!1;try{b=a.cookie&&a.cookie.match(\"PREF\")}catch(c){}return!b},gc=function(){try{return!!e.localStorage&&\"object\"==typeof e.localStorage}catch(a){return!1}},hc=function(a){return a&&a.style&&a.style.behavior&&\"undefined\"!=typeof a.load},ic=function(a,b,c,d){try{fc(document)||(d||(b=\"og-up-\"+b),gc()?e.localStorage.setItem(b,c):hc(a)&&(a.setAttribute(b,c),a.save(a.id)))}catch(f){f.code!=DOMException.QUOTA_EXCEEDED_ERR&&q(f,\"up\",\"spd\")}},jc=function(a,b,c){try{if(fc(document))return\"\";\nc||(b=\"og-up-\"+b);if(gc())return e.localStorage.getItem(b);if(hc(a))return a.load(a.id),a.getAttribute(b)}catch(d){d.code!=DOMException.QUOTA_EXCEEDED_ERR&&q(d,\"up\",\"gpd\")}return\"\"},kc=function(a,b,c){a.addEventListener?a.addEventListener(b,c,!1):a.attachEvent&&a.attachEvent(\"on\"+b,c)},lc=function(a){for(var b=0,c;c=a[b];b++){var d=g.up;c=c in d&&d[c];if(!c)return!1}return!0},mc=function(a,b){try{if(fc(a))return-1;var c=a.cookie.match(/OGPC=([^;]*)/);if(c&&c[1]){var d=c[1].match(new RegExp(\"\\\\b\"+\nb+\"-([0-9]+):\"));if(d&&d[1])return parseInt(d[1],10)}}catch(f){f.code!=DOMException.QUOTA_EXCEEDED_ERR&&q(f,\"up\",\"gcc\")}return-1};p(\"up\",{r:bc,nap:cc,aop:dc,tp:ec,ssp:ac,spd:ic,gpd:jc,aeh:kc,aal:lc,gcc:mc});var Z=function(a,b){a[b]=function(c){var d=arguments;g.qm(function(){a[b].apply(this,d)})}};Z(g.up,\"sl\");Z(g.up,\"si\");Z(g.up,\"spl\");Z(g.up,\"dpc\");Z(g.up,\"iic\");g.mcf(\"up\",{sp:h.b(\"0.01\",1),tld:\"com\",prid:\"1\"});function nc(){function a(){for(var b;(b=k[m++])&&\"m\"!=b[0]&&!b[1].auto;);b&&(qa(2,b[0]),b[1].url&&pa(b[1].url,b[0]),b[1].libs&&E&&E(b[1].libs));m<k.length&&setTimeout(a,0)}function b(){0<f--?setTimeout(b,0):a()}var c=h.a(\"1\"),d=h.a(\"\"),f=3,k=z,m=0,n=window.gbarOnReady;if(n)try{n()}catch(l){q(l,\"ml\",\"or\")}d?p(\"ldb\",a):c?ca(window,\"load\",b):b()}p(\"rdl\",nc);}catch(e){window.gbar&&gbar.logger&&gbar.logger.ml(e,{\"_sn\":\"cfg.init\"});}})();\n(function(){try{var b=window.gbar;var d=function(a,c){b[a]=func"
11:15:07.933 [Forwarding getPageSource on session 7836b5d0-bd7a-11e6-9730-e5ec4f8847f6 to remote] DEBUG org.apache.http.wire - http-outgoing-0 << "tion(){return window.navigator&&window.navigator.userAgent?c(window.navigator.userAgent):!1}},e=function(a){return!(/AppleWebKit\\/.+(?:Version\\/[35]\\.|Chrome\\/[01]\\.)/.test(a)||-1!=a.indexOf(\"Firefox/3.5.\"))};d(\"bs_w\",e);}catch(e){window.gbar&&gbar.logger&&gbar.logger.ml(e,{\"_sn\":\"cfg.init\"});}})();\n(function(){try{var a=window.gbar;a.mcf(\"pm\",{p:\"19000096,8QJ,7,,\"});}catch(e){window.gbar&&gbar.logger&&gbar.logger.ml(e,{\"_sn\":\"cfg.init\"});}})();\n(function(){try{var a=window.gbar;a.mcf(\"mm\",{s:\"1\"});}catch(e){window.gbar&&gbar.logger&&gbar.logger.ml(e,{\"_sn\":\"cfg.init\"});}})();\n(function(){try{var d=window.gbar.i.i;var e=window.gbar;var f=e.i;var g=f.c(\"1\",0),h=/\\bgbmt\\b/,k=function(a){try{var b=document.getElementById(\"gb_\"+g),c=document.getElementById(\"gb_\"+a);b&&f.l(b,h.test(b.className)?\"gbm0l\":\"gbz0l\");c&&f.k(c,h.test(c.className)?\"gbm0l\":\"gbz0l\")}catch(l){d(l,\"sj\",\"ssp\")}g=a},m=e.qs,n=function(a){var b;b=a.href;var c=window.location.href.match(/.*?:\\/\\/[^\\/]*/)[0],c=new RegExp(\"^\"+c+\"/search\\\\?\");(b=c.test(b))&&!/(^|\\\\?|&)ei=/.test(a.href)&&(b=window.google)&&b.kEXPI&&(a.href+=\"&ei=\"+b.kEI)},p=function(a){m(a);\nn(a)},q=function(){if(window.google&&window.google.sn){var a=/.*hp$/;return a.test(window.google.sn)?\"\":\"1\"}return\"-1\"};e.rp=q;e.slp=k;e.qs=p;e.qsi=n;}catch(e){window.gbar&&gbar.logger&&gbar.logger.ml(e,{\"_sn\":\"cfg.init\"});}})();\n(function(){try{var a=this;var b=window.gbar;var c=b.i;var d=c.a,e=c.c,f={cty:\"USA\",cv:\"1480650288\",dbg:d(\"\"),ecv:\"0\",ei:e(\"NrFJWO3xJ9K2jwOS46qABg\"),ele:d(\"1\"),esr:e(\"0.1\"),evts:[\"mousedown\",\"touchstart\",\"touchmove\",\"wheel\",\"keydown\"],gbl:\"es_plusone_gc_20161117.0_p0\",hd:\"com\",hl:\"en\",irp:d(\"\"),pid:e(\"1\"),\nsnid:e(\"28834\"),to:e(\"300000\"),u:e(\"\"),vf:\".66.41.\"},g=f,h=[\"bndcfg\"],k=a;h[0]in k||!k.execScript||k.execScript(\"var \"+h[0]);for(var l;h.length&&(l=h.shift());)h.length||void 0===g?k=k[l]?k[l]:k[l]={}:k[l]=g;}catch(e){window.gbar&&gbar.logger&&gbar.logger.ml(e,{\"_sn\":\"cfg.init\"});}})();\n(function(){try{window.gbar.rdl();}catch(e){window.gbar&&gbar.logger&&gbar.logger.ml(e,{\"_sn\":\"cfg.init\"});}})();\n</script><link href=\"/images/branding/product/ico/googleg_lodp.ico\" rel=\"shortcut icon\"><style type=\"text/css\">.gsib_a{width:100%;padding:4px 6px 0}.gsib_a,.gsib_b{vertical-align:top}.gssb_c{border:0;position:absolute;z-index:989}.gssb_e{border:1px solid #ccc;border-top-color:#d9d9d9;box-shadow:0 2px 4px rgba(0,0,0,0.2);-webkit-box-shadow:0 2px 4px rgba(0,0,0,0.2);cursor:default}.gssb_f{visibility:hidden;white-space:nowrap}.gssb_k{border:0;display:block;position:absolute;top:0;z-index:988}.gsdd_a{border:none!important}.gsmq_a{padding:0}a.gspqs_a{padding:0 3px 0 8px}.gspqs_b{color:#666;line-height:22px}.gsls_a{color:red}.gsn_a{padding-top:4px;padding-bottom:1px}.gsn_b{display:block;line-height:16px}.gsn_c{color:green;font-size:13px}.gsq_a{padding:0}.gssb_a{padding:0 7px}.gssb_a,.gssb_a td{white-space:nowrap;overflow:hidden;line-height:22px}#gssb_b{font-size:11px;color:#36c;text-decoration:none}#gssb_b:hover{font-size:11px;color:#36c;text-decoration:underline}.gssb_g{text-align:center;padding:8px 0 7px;position:relative}.gssb_h{font-size:15px;height:28px;margin:0.2em;-webkit-appearance:button}.gssb_i{background:#eee}.gss_ifl{visibility:hidden;padding-left:5px}.gssb_i .gss_ifl{visibility:visible}a.gssb_j{font-size:13px;color:#36c;text-decoration:none;line-height:100%}a.gssb_j:hover{text-decoration:underline}.gssb_l{height:1px;background-color:#e5e5e5}.gssb_m{color:#000;background:#fff}a.gspqs_a{padding-left:0}.gssb_e{border-top:1px solid #a2bff0;border-right:1px solid #558be3;border-bottom:1px solid #558be3;border-left:1px solid #a2bff0;}.gssb_i{background:#d5e2ff}</style></head><body bgcolor=\"#fff\"><script>(function(){var src='/images/nav_logo229.png';var iesg=false;document.body.onload = function(){window.n && window.n();if (document.images){new Image().src=src;}\nif (!iesg){document.f&&document.f.q.focus();document.gbqf&&document.gbqf.q.focus();}\n"
11:15:07.934 [Forwarding getPageSource on session 7836b5d0-bd7a-11e6-9730-e5ec4f8847f6 to remote] DEBUG org.apache.http.wire - http-outgoing-0 << "}\n})();</script><div id=\"mngb\"> <div id=\"gb\"><script>window.gbar&&gbar.eli&&gbar.eli()</script><div id=\"gbw\"><div id=\"gbz\"><span class=\"gbtcb\"></span><ol id=\"gbzc\" class=\"gbtc\"><li class=\"gbt\"><a onclick=\"gbar.logger.il(1,{t:119});\" class=\"gbzt\" id=\"gb_119\" href=\"https://plus.google.com/?gpsrc=ogpy0&amp;tab=wX\"><span class=\"gbtb2\"></span><span class=\"gbts\">Google+</span></a></li><li class=\"gbt\"><a onclick=\"gbar.logger.il(1,{t:1});\" class=\"gbzt gbz0l gbp1\" id=\"gb_1\" href=\"https://www.google.com/webhp?tab=ww\"><span class=\"gbtb2\"></span><span class=\"gbts\">Search</span></a></li><li class=\"gbt\"><a onclick=\"gbar.logger.il(1,{t:2});\" class=\"gbzt\" id=\"gb_2\" href=\"https://www.google.com/imghp?hl=en&amp;tab=wi\"><span class=\"gbtb2\"></span><span class=\"gbts\">Images</span></a></li><li class=\"gbt\"><a onclick=\"gbar.logger.il(1,{t:8});\" class=\"gbzt\" id=\"gb_8\" href=\"https://maps.google.com/maps?hl=en&amp;tab=wl\"><span class=\"gbtb2\"></span><span class=\"gbts\">Maps</span></a></li><li class=\"gbt\"><a onclick=\"gbar.logger.il(1,{t:78});\" class=\"gbzt\" id=\"gb_78\" href=\"https://play.google.com/?hl=en&amp;tab=w8\"><span class=\"gbtb2\"></span><span class=\"gbts\">Play</span></a></li><li class=\"gbt\"><a onclick=\"gbar.logger.il(1,{t:36});\" class=\"gbzt\" id=\"gb_36\" href=\"https://www.youtube.com/?tab=w1\"><span class=\"gbtb2\"></span><span class=\"gbts\">YouTube</span></a></li><li class=\"gbt\"><a onclick=\"gbar.logger.il(1,{t:5});\" class=\"gbzt\" id=\"gb_5\" href=\"https://news.google.com/nwshp?hl=en&amp;tab=wn\"><span class=\"gbtb2\"></span><span class=\"gbts\">News</span></a></li><li class=\"gbt\"><a onclick=\"gbar.logger.il(1,{t:23});\" class=\"gbzt\" id=\"gb_23\" href=\"https://mail.google.com/mail/?tab=wm\"><span class=\"gbtb2\"></span><span class=\"gbts\">Gmail</span></a></li><li class=\"gbt\"><a class=\"gbgt\" id=\"gbztm\" href=\"https://www.google.com/intl/en/options/\" onclick=\"gbar.tg(event,this)\" aria-haspopup=\"true\" aria-owns=\"gbd\"><span class=\"gbtb2\"></span><span id=\"gbztms\" class=\"gbts gbtsa\"><span id=\"gbztms1\">More</span><span class=\"gbma\"></span></span></a><div class=\"gbm\" id=\"gbd\" aria-owner=\"gbztm\"><div id=\"gbmmb\" class=\"gbmc gbsb gbsbis\"><ol id=\"gbmm\" class=\"gbmcc gbsbic\"><li class=\"gbmtc\"><a onclick=\"gbar.logger.il(1,{t:49});\" class=\"gbmt\" id=\"gb_49\" href=\"https://drive.google.com/?tab=wo\">Drive</a></li><li class=\"gbmtc\"><a onclick=\"gbar.logger.il(1,{t:24});\" class=\"gbmt\" id=\"gb_24\" href=\"https://www.google.com/calendar?tab=wc\">Calendar</a></li><li class=\"gbmtc\"><a onclick=\"gbar.logger.il(1,{t:51});\" class=\"gbmt\" id=\"gb_51\" href=\"https://translate.google.com/?hl=en&amp;tab=wT\">Translate</a></li><li class=\"gbmtc\"><a onclick=\"gbar.logger.il(1,{t:17});\" class=\"gbmt\" id=\"gb_17\" href=\"http://www.google.com/mobile/?hl=en&amp;tab=wD\">Mobile</a></li><li class=\"gbmtc\"><a onclick=\"gbar.logger.il(1,{t:10});\" class=\"gbmt\" id=\"gb_10\" href=\"https://books.google.com/bkshp?hl=en&amp;tab=wp\">Books</a></li><li class=\"gbmtc\"><a onclick=\"gbar.logger.il(1,{t:212});\" class=\"gbmt\" id=\"gb_212\" href=\"https://wallet.google.com/?tab=wa\">Wallet</a></li><li class=\"gbmtc\"><a onclick=\"gbar.logger.il(1,{t:6});\" class=\"gbmt\" id=\"gb_6\" href=\"http://www.google.com/shopping?hl=en&amp;tab=wf\">Shopping</a></li><li class=\"gbmtc\"><a onclick=\"gbar.logger.il(1,{t:30});\" class=\"gbmt\" id=\"gb_30\" href=\"https://www.blogger.com/?tab=wj\">Blogger</a></li><li class=\"gbmtc\"><a onclick=\"gbar.logger.il(1,{t:27});\" class=\"gbmt\" id=\"gb_27\" href=\"https://www.google.com/finance?tab=we\">Finance</a></li><li class=\"gbmtc\"><a onclick=\"gbar.logger.il(1,{t:31});\" class=\"gbmt\" id=\"gb_31\" href=\"https://photos.google.com/?tab=wq&amp;pageId=none\">Photos</a></li><li class=\"gbmtc\"><a onclick=\"gbar.logger.il(1,{t:12});\" class=\"gbmt\" id=\"gb_12\" href=\"http://video.google.com/?hl=en&amp;tab=wv\">Videos</a></li><li class=\"gbmtc\"><a onclick=\"gbar.logger.il(1,{t:25});\" class=\"gb"
11:15:07.935 [Forwarding getPageSource on session 7836b5d0-bd7a-11e6-9730-e5ec4f8847f6 to remote] DEBUG org.apache.http.wire - http-outgoing-0 << "mt\" id=\"gb_25\" href=\"https://docs.google.com/document/?usp=docs_alc\">Docs</a></li><li class=\"gbmtc\"><div class=\"gbmt gbmh\"></div></li><li class=\"gbmtc\"><a onclick=\"gbar.logger.il(1,{t:66});\" href=\"https://www.google.com/intl/en/options/\" class=\"gbmt\">Even more [0xc2][0xbb]</a></li></ol><div class=\"gbsbt\"></div><div class=\"gbsbb\"></div></div></div></li></ol></div><div id=\"gbg\"><h2 class=\"gbxx\">Account Options</h2><span class=\"gbtcb\"></span><ol class=\"gbtc\"><li class=\"gbt\"><a target=\"_top\" href=\"https://accounts.google.com/ServiceLogin?hl=en&amp;passive=true&amp;continue=https://www.google.com/\" onclick=\"gbar.logger.il(9,{l:'i'})\" id=\"gb_70\" class=\"gbgt\"><span class=\"gbtb2\"></span><span id=\"gbgs4\" class=\"gbts\"><span id=\"gbi4s1\">Sign in</span></span></a></li><li class=\"gbt gbtb\"><span class=\"gbts\"></span></li><li class=\"gbt\"><a class=\"gbgt\" id=\"gbg5\" href=\"http://www.google.com/preferences?hl=en\" title=\"Options\" onclick=\"gbar.tg(event,this)\" aria-haspopup=\"true\" aria-owns=\"gbd5\"><span class=\"gbtb2\"></span><span id=\"gbgs5\" class=\"gbts\"><span id=\"gbi5\"></span></span></a><div class=\"gbm\" id=\"gbd5\" aria-owner=\"gbg5\"><div class=\"gbmc\"><ol id=\"gbom\" class=\"gbmcc\"><li class=\"gbkc gbmtc\"><a class=\"gbmt\" href=\"/preferences?hl=en\">Search settings</a></li><li class=\"gbmtc\"><div class=\"gbmt gbmh\"></div></li><li class=\"gbkp gbmtc\"><a class=\"gbmt\" href=\"http://www.google.com/history/optout?hl=en\">Web History</a></li></ol></div></div></li></ol></div></div><div id=\"gbx3\"></div><div id=\"gbx4\"></div><script>window.gbar&&gbar.elp&&gbar.elp()</script></div> </div><center><br clear=\"all\" id=\"lgpd\"><div id=\"lga\"><img alt=\"Google\" height=\"92\" src=\"/images/branding/googlelogo/1x/googlelogo_white_background_color_272x92dp.png\" style=\"padding:28px 0 14px\" width=\"272\" id=\"hplogo\" onload=\"window.lol&amp;&amp;lol()\"><br><br></div><form action=\"/search\" name=\"f\"><table cellpadding=\"0\" cellspacing=\"0\"><tbody><tr valign=\"top\"><td width=\"25%\">&nbsp;</td><td align=\"center\" nowrap=\"\"><input value=\"en\" name=\"hl\" type=\"hidden\"><input name=\"source\" type=\"hidden\" value=\"hp\"><input name=\"biw\" type=\"hidden\"><input name=\"bih\" type=\"hidden\"><div class=\"ds\" style=\"height:32px;margin:4px 0\"><input style=\"color: rgb(0, 0, 0); margin: 0px; padding: 5px 8px 0px 6px; vertical-align: top; outline: none;\" autocomplete=\"off\" class=\"lst\" value=\"\" title=\"Google Search\" maxlength=\"2048\" name=\"q\" size=\"57\" dir=\"ltr\" spellcheck=\"false\"></div><br style=\"line-height:0\"><span class=\"ds\"><span class=\"lsbb\"><input class=\"lsb\" value=\"Google Search\" name=\"btnG\" type=\"submit\"></span></span><span class=\"ds\"><span class=\"lsbb\"><input class=\"lsb\" value=\"I'm Feeling Lucky\" name=\"btnI\" onclick=\"if(this.form.q.value)this.checked=1; else top.location='/doodles/'\" type=\"submit\"></span></span></td><td class=\"fl sblc\" align=\"left\" nowrap=\"\" width=\"25%\"><a href=\"/advanced_search?hl=en&amp;authuser=0\">Advanced search</a><a href=\"/language_tools?hl=en&amp;authuser=0\">Language tools</a></td></tr></tbody></table><input id=\"gbv\" name=\"gbv\" type=\"hidden\" value=\"2\"><script>(function(){var a,b=\"1\";if(document&&document.getElementById)if(\"undefined\"!=typeof XMLHttpRequest)b=\"2\";else if(\"undefined\"!=typeof ActiveXObject){var c,d,e=[\"MSXML2.XMLHTTP.6.0\",\"MSXML2.XMLHTTP.3.0\",\"MSXML2.XMLHTTP\",\"Microsoft.XMLHTTP\"];for(c=0;d=e[c++];)try{new ActiveXObject(d),b=\"2\"}catch(h){}}a=b;if(\"2\"==a&&-1==location.search.indexOf(\"&gbv=2\")){var f=google.gbvu,g=document.getElementById(\"gbv\");g&&(g.value=a);f&&window.setTimeout(function(){location.href=f},0)};}).call(this);</script><input type=\"hidden\" name=\"oq\"><input type=\"hidden\" name=\"gs_l\"></form><div id=\"gac_scont\"></div><div style=\"font-size:83%;min-height:3.5em\"><br><div id=\"prm\"><style>.szppmdbYutt__middle-slot-promo{font-size:small;margin-bottom:32px}.szppmdbYutt__middle-slot-promo a._uFi{display:inline-block"
11:15:07.936 [Forwarding getPageSource on session 7836b5d0-bd7a-11e6-9730-e5ec4f8847f6 to remote] DEBUG org.apache.http.wire - http-outgoing-0 << ";text-decoration:none}.szppmdbYutt__middle-slot-promo img{border:none;margin-right:5px;vertical-align:middle}.szppmdbYutt__middle-slot-promo ._vFi{color:red}</style><div class=\"szppmdbYutt__middle-slot-promo r-i_wk9Gg7BGLM\" jsl=\"$t t-Gza07Ho9En4;$x 0;\" data-ved=\"0ahUKEwjm77-ip-XQAhUO7WMKHVfgDQ8QnIcBCAQ\"><a class=\"_XIi\" href=\"https://www.google.com/url?q=https://www.youtube.com/rewind&amp;source=hpp&amp;id=19001295&amp;ct=3&amp;usg=AFQjCNF4cIP-BQSUXTsT7jqTtHYbASI-sA&amp;sa=X&amp;ved=0ahUKEwjm77-ip-XQAhUO7WMKHVfgDQ8Q8IcBCAU\" rel=\"nofollow\">#YouTubeRewind:</a> The videos, people, and events that defined YouTube in 2016</div></div></div><span id=\"footer\"><div style=\"font-size:10pt\"><div style=\"margin:19px auto;text-align:center\" id=\"fll\"><a href=\"/intl/en/ads/\">Advertising&nbsp;Programs</a><a href=\"/services/\">Business Solutions</a><a href=\"https://plus.google.com/116899029375914044550\" rel=\"publisher\">+Google</a><a href=\"/intl/en/about.html\">About Google</a></div></div><p style=\"color:#767676;font-size:8pt\">[0xc2][0xa9] 2016 - <a href=\"/intl/en/policies/privacy/\">Privacy</a> - <a href=\"/intl/en/policies/terms/\">Terms</a></p></span></center><script>(function(){window.google.cdo={height:0,width:0};(function(){var a=window.innerWidth,b=window.innerHeight;if(!a||!b)var c=window.document,d=\"CSS1Compat\"==c.compatMode?c.documentElement:c.body,a=d.clientWidth,b=d.clientHeight;a&&b&&(a!=google.cdo.width||b!=google.cdo.height)&&google.log(\"\",\"\",\"/client_204?&atyp=i&biw=\"+a+\"&bih=\"+b+\"&ei=\"+google.kEI);}).call(this);})();</script><div id=\"xjsd\"><script src=\"/xjs/_/js/k=xjs.hp.en_US.A83a9f804i4.O/m=sb_he,d/rt=j/d=1/t=zcms/rs=ACT90oF2eNnQs0ONdr_WSmdRg-UEHmCM5g\"></script></div><div id=\"xjsi\"><script>(function(){function c(b){window.setTimeout(function(){var a=document.createElement(\"script\");a.src=b;document.getElementById(\"xjsd\").appendChild(a)},0)}google.dljp=function(b,a){google.xjsu=b;c(a)};google.dlj=c;}).call(this);(function(){window.google.xjsrm=['mids'];})();if(google.y)google.y.first=[];if(!google.xjs){window._=window._||{};window._._DumpException=function(e){throw e};if(google.timers&&google.timers.load.t){google.timers.load.t.xjsls=new Date().getTime();}google.dljp('/xjs/_/js/k\\x3dxjs.hp.en_US.A83a9f804i4.O/m\\x3dsb_he,d/rt\\x3dj/d\\x3d1/t\\x3dzcms/rs\\x3dACT90oF2eNnQs0ONdr_WSmdRg-UEHmCM5g','/xjs/_/js/k\\x3dxjs.hp.en_US.A83a9f804i4.O/m\\x3dsb_he,d/rt\\x3dj/d\\x3d1/t\\x3dzcms/rs\\x3dACT90oF2eNnQs0ONdr_WSmdRg-UEHmCM5g');google.xjs=1;}google.pmc={\"sb_he\":{\"agen\":true,\"cgen\":true,\"client\":\"heirloom-hp\",\"dh\":true,\"dhqt\":true,\"ds\":\"\",\"fl\":true,\"host\":\"google.com\",\"isbh\":28,\"jam\":0,\"jsonp\":true,\"msgs\":{\"cibl\":\"Clear Search\",\"dym\":\"Did you mean:\",\"lcky\":\"I\\u0026#39;m Feeling Lucky\",\"lml\":\"Learn more\",\"oskt\":\"Input tools\",\"psrc\":\"This search was removed from your \\u003Ca href=\\\"/history\\\"\\u003EWeb History\\u003C/a\\u003E\",\"psrl\":\"Remove\",\"sbit\":\"Search by image\",\"srch\":\"Google Search\"},\"nds\":true,\"ovr\":{},\"pq\":\"\",\"refpd\":true,\"rfs\":[],\"scd\":10,\"sce\":5,\"stok\":\"RpyheVPF4cg9ZbQ2umIUDWfG5Ls\"},\"d\":{}};google.y.first.push(function(){if(google.med){google.med('init');google.initHistory();google.med('history');}});if(google.j&&google.j.en&&google.j.xi){window.setTimeout(google.j.xi,0);}\n</script></div><table cellspacing=\"0\" cellpadding=\"0\" class=\"gstl_0 gssb_c\" style=\"width: 510px; display: none; top: 240px; left: 5px; position: absolute;\"><tbody><tr><td class=\"gssb_f\"></td><td class=\"gssb_e\" style=\"width: 100%;\"></td></tr></tbody></table></body></html>"}"
11:15:07.936 [Forwarding getPageSource on session 7836b5d0-bd7a-11e6-9730-e5ec4f8847f6 to remote] DEBUG org.apache.http.impl.conn.PoolingHttpClientConnectionManager - Connection [id: 0][route: {}->http://localhost:1871] can be kept alive indefinitely
11:15:07.936 [Forwarding getPageSource on session 7836b5d0-bd7a-11e6-9730-e5ec4f8847f6 to remote] DEBUG org.apache.http.impl.conn.PoolingHttpClientConnectionManager - Connection released: [id: 0][route: {}->http://localhost:1871][total kept alive: 1; route allocated: 1 of 2000; total allocated: 1 of 2000]
<!DOCTYPE html><html itemscope="" itemtype="http://schema.org/WebPage" lang="en"><head><meta content="Search the world's information, including webpages, images, videos and more. Google has many special features to help you find exactly what you're looking for." name="description"><meta content="noodp" name="robots"><meta content="text/html; charset=UTF-8" http-equiv="Content-Type"><meta content="/images/branding/googleg/1x/googleg_standard_color_128dp.png" itemprop="image"><title>Google</title><script>(function(){window.google={kEI:'NrFJWOb8Jo7ajwPXwLd4',kEXPI:'750722,1351827,1351903,1352402,3700290,4029815,4031109,4032678,4036527,4038012,4039268,4043492,4045841,4048347,4052811,4062666,4065787,4066195,4067860,4068550,4069838,4069841,4072364,4072602,4072774,4073405,4073726,4073959,4075770,4076095,4076931,4076999,4077776,4078438,4078456,4078760,4079105,4079626,4079894,4080167,4080271,4080383,4080629,4081037,4081038,4081279,4081482,4082217,4082619,4083280,4083476,4083514,4084147,4084298,4084343,4084956,4085336,4085643,4085769,4086011,4086202,4087708,4087911,4088033,4088154,4088421,4088429,4088433,4088436,4088438,4088443,4088448,4089100,4089142,4089233,4089480,4089538,8300096,8300273,8503585,8505025,8505259,8505831,8506340,8506399,8506614,8507380,8507420,8507897,8507899,8507974,8508022,8508060,8508065,8508119,8508229,8508292,8508395,8508421,8508424,8508584,8508589,8508911,8508931,8508957,8509006,8509016,8509037,8509064,8509066,8509350,10200083,10200095,13500019,16200026,19001295',authuser:0,kscs:'c9c918f0_24'};google.kHL='en';})();(function(){google.lc=[];google.li=0;google.getEI=function(a){for(var b;a&&(!a.getAttribute||!(b=a.getAttribute("eid")));)a=a.parentNode;return b||google.kEI};google.getLEI=function(a){for(var b=null;a&&(!a.getAttribute||!(b=a.getAttribute("leid")));)a=a.parentNode;return b};google.https=function(){return"https:"==window.location.protocol};google.ml=function(){return null};google.wl=function(a,b){try{google.ml(Error(a),!1,b)}catch(c){}};google.time=function(){return(new Date).getTime()};google.log=function(a,b,c,d,g){a=google.logUrl(a,b,c,d,g);if(""!=a){b=new Image;var e=google.lc,f=google.li;e[f]=b;b.onerror=b.onload=b.onabort=function(){delete e[f]};window.google&&window.google.vel&&window.google.vel.lu&&window.google.vel.lu(a);b.src=a;google.li=f+1}};google.logUrl=function(a,b,c,d,g){var e="",f=google.ls||"";c||-1!=b.search("&ei=")||(e="&ei="+google.getEI(d),-1==b.search("&lei=")&&(d=google.getLEI(d))&&(e+="&lei="+d));a=c||"/"+(g||"gen_204")+"?atyp=i&ct="+a+"&cad="+b+e+f+"&zx="+google.time();/^http:/i.test(a)&&google.https()&&(google.ml(Error("a"),!1,{src:a,glmm:1}),a="");return a};google.y={};google.x=function(a,b){google.y[a.id]=[a,b];return!1};google.lq=[];google.load=function(a,b,c){google.lq.push([[a],b,c])};google.loadAll=function(a,b){google.lq.push([a,b])};}).call(this);var a=window.location,b=a.href.indexOf("#");if(0<=b){var c=a.href.substring(b+1);/(^|&)q=/.test(c)&&-1==c.indexOf("#")&&a.replace("/search?"+c.replace(/(^|&)fp=[^&]*/g,"")+"&cad=h")};</script><style>#gb{font:13px/27px Arial,sans-serif;height:30px}#gbz,#gbg{position:absolute;white-space:nowrap;top:0;height:30px;z-index:1000}#gbz{left:0;padding-left:4px}#gbg{right:0;padding-right:5px}#gbs{background:transparent;position:absolute;top:-999px;visibility:hidden;z-index:998;right:0}.gbto #gbs{background:#fff}#gbx3,#gbx4{background-color:#2d2d2d;background-image:none;_background-image:none;background-position:0 -138px;background-repeat:repeat-x;border-bottom:1px solid #000;font-size:24px;height:29px;_height:30px;opacity:1;filter:alpha(opacity=100);position:absolute;top:0;width:100%;z-index:990}#gbx3{left:0}#gbx4{right:0}#gbb{position:relative}#gbbw{left:0;position:absolute;top:30px;width:100%}.gbtcb{position:absolute;visibility:hidden}#gbz .gbtcb{right:0}#gbg .gbtcb{left:0}.gbxx{display:none !important}.gbxo{opacity:0 !important;filter:alpha(opacity=0) !important}.gbm{position:absolute;z-index:999;top:-999px;visibility:hidden;text-align:left;border:1px solid #bebebe;background:#fff;-moz-box-shadow:-1px 1px 1px rgba(0,0,0,.2);-webkit-box-shadow:0 2px 4px rgba(0,0,0,.2);box-shadow:0 2px 4px rgba(0,0,0,.2)}.gbrtl .gbm{-moz-box-shadow:1px 1px 1px rgba(0,0,0,.2)}.gbto .gbm,.gbto #gbs{top:29px;visibility:visible}#gbz .gbm{left:0}#gbg .gbm{right:0}.gbxms{background-color:#ccc;display:block;position:absolute;z-index:1;top:-1px;left:-2px;right:-2px;bottom:-2px;opacity:.4;-moz-border-radius:3px;filter:progid:DXImageTransform.Microsoft.Blur(pixelradius=5);*opacity:1;*top:-2px;*left:-5px;*right:5px;*bottom:4px;-ms-filter:"progid:DXImageTransform.Microsoft.Blur(pixelradius=5)";opacity:1\0/;top:-4px\0/;left:-6px\0/;right:5px\0/;bottom:4px\0/}.gbma{position:relative;top:-1px;border-style:solid dashed dashed;border-color:transparent;border-top-color:#c0c0c0;display:-moz-inline-box;display:inline-block;font-size:0;height:0;line-height:0;width:0;border-width:3px 3px 0;padding-top:1px;left:4px}#gbztms1,#gbi4m1,#gbi4s,#gbi4t{zoom:1}.gbtc,.gbmc,.gbmcc{display:block;list-style:none;margin:0;padding:0}.gbmc{background:#fff;padding:10px 0;position:relative;z-index:2;zoom:1}.gbt{position:relative;display:-moz-inline-box;display:inline-block;line-height:27px;padding:0;vertical-align:top}.gbt{*display:inline}.gbto{box-shadow:0 2px 4px rgba(0,0,0,.2);-moz-box-shadow:0 2px 4px rgba(0,0,0,.2);-webkit-box-shadow:0 2px 4px rgba(0,0,0,.2)}.gbzt,.gbgt{cursor:pointer;display:block;text-decoration:none !important}span#gbg6,span#gbg4{cursor:default}.gbts{border-left:1px solid transparent;border-right:1px solid transparent;display:block;*display:inline-block;padding:0 5px;position:relative;z-index:1000}.gbts{*display:inline}.gbzt .gbts{display:inline;zoom:1}.gbto .gbts{background:#fff;border-color:#bebebe;color:#36c;padding-bottom:1px;padding-top:2px}.gbz0l .gbts{color:#fff;font-weight:bold}.gbtsa{padding-right:9px}#gbz .gbzt,#gbz .gbgt,#gbg .gbgt{color:#ccc!important}.gbtb2{display:block;border-top:2px solid transparent}.gbto .gbzt .gbtb2,.gbto .gbgt .gbtb2{border-top-width:0}.gbtb .gbts{background:url(//ssl.gstatic.com/gb/images/b_8d5afc09.png);_background:url(//ssl.gstatic.com/gb/images/b8_3615d64d.png);background-position:-27px -22px;border:0;font-size:0;padding:29px 0 0;*padding:27px 0 0;width:1px}.gbzt:hover,.gbzt:focus,.gbgt-hvr,.gbgt:focus{background-color:#4c4c4c;background-image:none;_background-image:none;background-position:0 -102px;background-repeat:repeat-x;outline:none;text-decoration:none !important}.gbpdjs .gbto .gbm{min-width:99%}.gbz0l .gbtb2{border-top-color:#dd4b39!important}#gbi4s,#gbi4s1{font-weight:bold}#gbg6.gbgt-hvr,#gbg6.gbgt:focus{background-color:transparent;background-image:none}.gbg4a{font-size:0;line-height:0}.gbg4a .gbts{padding:27px 5px 0;*padding:25px 5px 0}.gbto .gbg4a .gbts{padding:29px 5px 1px;*padding:27px 5px 1px}#gbi4i,#gbi4id{left:5px;border:0;height:24px;position:absolute;top:1px;width:24px}.gbto #gbi4i,.gbto #gbi4id{top:3px}.gbi4p{display:block;width:24px}#gbi4id{background-position:-44px -101px}#gbmpid{background-position:0 0}#gbmpi,#gbmpid{border:none;display:inline-block;height:48px;width:48px}#gbmpiw{display:inline-block;line-height:9px;padding-left:20px;margin-top:10px;position:relative}#gbmpi,#gbmpid,#gbmpiw{*display:inline}#gbg5{font-size:0}#gbgs5{padding:5px !important}.gbto #gbgs5{padding:7px 5px 6px !important}#gbi5{background:url(//ssl.gstatic.com/gb/images/b_8d5afc09.png);_background:url(//ssl.gstatic.com/gb/images/b8_3615d64d.png);background-position:0 0;display:block;font-size:0;height:17px;width:16px}.gbto #gbi5{background-position:-6px -22px}.gbn .gbmt,.gbn .gbmt:visited,.gbnd .gbmt,.gbnd .gbmt:visited{color:#dd8e27 !important}.gbf .gbmt,.gbf .gbmt:visited{color:#900 !important}.gbmt,.gbml1,.gbmlb,.gbmt:visited,.gbml1:visited,.gbmlb:visited{color:#36c !important;text-decoration:none !important}.gbmt,.gbmt:visited{display:block}.gbml1,.gbmlb,.gbml1:visited,.gbmlb:visited{display:inline-block;margin:0 10px}.gbml1,.gbmlb,.gbml1:visited,.gbmlb:visited{*display:inline}.gbml1,.gbml1:visited{padding:0 10px}.gbml1-hvr,.gbml1:focus{outline:none;text-decoration:underline !important}#gbpm .gbml1{display:inline;margin:0;padding:0;white-space:nowrap}.gbmlb,.gbmlb:visited{line-height:27px}.gbmlb-hvr,.gbmlb:focus{outline:none;text-decoration:underline !important}.gbmlbw{color:#ccc;margin:0 10px}.gbmt{padding:0 20px}.gbmt:hover,.gbmt:focus{background:#eee;cursor:pointer;outline:0 solid black;text-decoration:none !important}.gbm0l,.gbm0l:visited{color:#000 !important;font-weight:bold}.gbmh{border-top:1px solid #bebebe;font-size:0;margin:10px 0}#gbd4 .gbmc{background:#f5f5f5;padding-top:0}#gbd4 .gbsbic::-webkit-scrollbar-track:vertical{background-color:#f5f5f5;margin-top:2px}#gbmpdv{background:#fff;border-bottom:1px solid #bebebe;-moz-box-shadow:0 2px 4px rgba(0,0,0,.12);-o-box-shadow:0 2px 4px rgba(0,0,0,.12);-webkit-box-shadow:0 2px 4px rgba(0,0,0,.12);box-shadow:0 2px 4px rgba(0,0,0,.12);position:relative;z-index:1}#gbd4 .gbmh{margin:0}.gbmtc{padding:0;margin:0;line-height:27px}.GBMCC:last-child:after,#GBMPAL:last-child:after{content:'\0A\0A';white-space:pre;position:absolute}#gbmps{*zoom:1}#gbd4 .gbpc,#gbmpas .gbmt{line-height:17px}#gbd4 .gbpgs .gbmtc{line-height:27px}#gbd4 .gbmtc{border-bottom:1px solid #bebebe}#gbd4 .gbpc{display:inline-block;margin:16px 0 10px;padding-right:50px;vertical-align:top}#gbd4 .gbpc{*display:inline}.gbpc .gbps,.gbpc .gbps2{display:block;margin:0 20px}#gbmplp.gbps{margin:0 10px}.gbpc .gbps{color:#000;font-weight:bold}.gbpc .gbpd{margin-bottom:5px}.gbpd .gbmt,.gbpd .gbps{color:#666 !important}.gbpd .gbmt{opacity:.4;filter:alpha(opacity=40)}.gbps2{color:#666;display:block}.gbp0{display:none}.gbp0 .gbps2{font-weight:bold}#gbd4 .gbmcc{margin-top:5px}.gbpmc{background:#fef9db}.gbpmc .gbpmtc{padding:10px 20px}#gbpm{border:0;*border-collapse:collapse;border-spacing:0;margin:0;white-space:normal}#gbpm .gbpmtc{border-top:none;color:#000 !important;font:11px Arial,sans-serif}#gbpms{*white-space:nowrap}.gbpms2{font-weight:bold;white-space:nowrap}#gbmpal{*border-collapse:collapse;border-spacing:0;border:0;margin:0;white-space:nowrap;width:100%}.gbmpala,.gbmpalb{font:13px Arial,sans-serif;line-height:27px;padding:10px 20px 0;white-space:nowrap}.gbmpala{padding-left:0;text-align:left}.gbmpalb{padding-right:0;text-align:right}#gbmpasb .gbps{color:#000}#gbmpal .gbqfbb{margin:0 20px}.gbp0 .gbps{*display:inline}a.gbiba{margin:8px 20px 10px}.gbmpiaw{display:inline-block;padding-right:10px;margin-bottom:6px;margin-top:10px}.gbxv{visibility:hidden}.gbmpiaa{display:block;margin-top:10px}.gbmpia{border:none;display:block;height:48px;width:48px}.gbmpnw{display:inline-block;height:auto;margin:10px 0;vertical-align:top}
.gbqfb,.gbqfba,.gbqfbb{-moz-border-radius:2px;-webkit-border-radius:2px;border-radius:2px;cursor:default !important;display:inline-block;font-weight:bold;height:29px;line-height:29px;min-width:54px;*min-width:70px;padding:0 8px;text-align:center;text-decoration:none !important;-moz-user-select:none;-webkit-user-select:none}.gbqfb:focus,.gbqfba:focus,.gbqfbb:focus{border:1px solid #4d90fe;-moz-box-shadow:inset 0 0 0 1px rgba(255, 255, 255, 0.5);-webkit-box-shadow:inset 0 0 0 1px rgba(255, 255, 255, 0.5);box-shadow:inset 0 0 0 1px rgba(255, 255, 255, 0.5);outline:none}.gbqfb-hvr:focus,.gbqfba-hvr:focus,.gbqfbb-hvr:focus{-webkit-box-shadow:inset 0 0 0 1px #fff,0 1px 1px rgba(0,0,0,.1);-moz-box-shadow:inset 0 0 0 1px #fff,0 1px 1px rgba(0,0,0,.1);box-shadow:inset 0 0 0 1px #fff,0 1px 1px rgba(0,0,0,.1)}.gbqfb-no-focus:focus{border:1px solid #3079ed;-moz-box-shadow:none;-webkit-box-shadow:none;box-shadow:none}.gbqfb-hvr,.gbqfba-hvr,.gbqfbb-hvr{-webkit-box-shadow:0 1px 1px rgba(0,0,0,.1);-moz-box-shadow:0 1px 1px rgba(0,0,0,.1);box-shadow:0 1px 1px rgba(0,0,0,.1)}.gbqfb::-moz-focus-inner,.gbqfba::-moz-focus-inner,.gbqfbb::-moz-focus-inner{border:0}.gbqfba,.gbqfbb{border:1px solid #dcdcdc;border-color:rgba(0,0,0,.1);color:#444 !important;font-size:11px}.gbqfb{background-color:#4d90fe;background-image:-webkit-gradient(linear,left top,left bottom,from(#4d90fe),to(#4787ed));background-image:-webkit-linear-gradient(top,#4d90fe,#4787ed);background-image:-moz-linear-gradient(top,#4d90fe,#4787ed);background-image:-ms-linear-gradient(top,#4d90fe,#4787ed);background-image:-o-linear-gradient(top,#4d90fe,#4787ed);background-image:linear-gradient(top,#4d90fe,#4787ed);filter:progid:DXImageTransform.Microsoft.gradient(startColorStr='#4d90fe',EndColorStr='#4787ed');border:1px solid #3079ed;color:#fff!important;margin:0 0}.gbqfb-hvr{border-color:#2f5bb7}.gbqfb-hvr:focus{border-color:#2f5bb7}.gbqfb-hvr,.gbqfb-hvr:focus{background-color:#357ae8;background-image:-webkit-gradient(linear,left top,left bottom,from(#4d90fe),to(#357ae8));background-image:-webkit-linear-gradient(top,#4d90fe,#357ae8);background-image:-moz-linear-gradient(top,#4d90fe,#357ae8);background-image:-ms-linear-gradient(top,#4d90fe,#357ae8);background-image:-o-linear-gradient(top,#4d90fe,#357ae8);background-image:linear-gradient(top,#4d90fe,#357ae8)}.gbqfb:active{background-color:inherit;-webkit-box-shadow:inset 0 1px 2px rgba(0, 0, 0, 0.3);-moz-box-shadow:inset 0 1px 2px rgba(0, 0, 0, 0.3);box-shadow:inset 0 1px 2px rgba(0, 0, 0, 0.3)}.gbqfba{background-color:#f5f5f5;background-image:-webkit-gradient(linear,left top,left bottom,from(#f5f5f5),to(#f1f1f1));background-image:-webkit-linear-gradient(top,#f5f5f5,#f1f1f1);background-image:-moz-linear-gradient(top,#f5f5f5,#f1f1f1);background-image:-ms-linear-gradient(top,#f5f5f5,#f1f1f1);background-image:-o-linear-gradient(top,#f5f5f5,#f1f1f1);background-image:linear-gradient(top,#f5f5f5,#f1f1f1);filter:progid:DXImageTransform.Microsoft.gradient(startColorStr='#f5f5f5',EndColorStr='#f1f1f1')}.gbqfba-hvr,.gbqfba-hvr:active{background-color:#f8f8f8;background-image:-webkit-gradient(linear,left top,left bottom,from(#f8f8f8),to(#f1f1f1));background-image:-webkit-linear-gradient(top,#f8f8f8,#f1f1f1);background-image:-moz-linear-gradient(top,#f8f8f8,#f1f1f1);background-image:-ms-linear-gradient(top,#f8f8f8,#f1f1f1);background-image:-o-linear-gradient(top,#f8f8f8,#f1f1f1);background-image:linear-gradient(top,#f8f8f8,#f1f1f1);filter:progid:DXImageTransform.Microsoft.gradient(startColorStr='#f8f8f8',EndColorStr='#f1f1f1')}.gbqfbb{background-color:#fff;background-image:-webkit-gradient(linear,left top,left bottom,from(#fff),to(#fbfbfb));background-image:-webkit-linear-gradient(top,#fff,#fbfbfb);background-image:-moz-linear-gradient(top,#fff,#fbfbfb);background-image:-ms-linear-gradient(top,#fff,#fbfbfb);background-image:-o-linear-gradient(top,#fff,#fbfbfb);background-image:linear-gradient(top,#fff,#fbfbfb);filter:progid:DXImageTransform.Microsoft.gradient(startColorStr='#ffffff',EndColorStr='#fbfbfb')}.gbqfbb-hvr,.gbqfbb-hvr:active{background-color:#fff;background-image:-webkit-gradient(linear,left top,left bottom,from(#fff),to(#f8f8f8));background-image:-webkit-linear-gradient(top,#fff,#f8f8f8);background-image:-moz-linear-gradient(top,#fff,#f8f8f8);background-image:-ms-linear-gradient(top,#fff,#f8f8f8);background-image:-o-linear-gradient(top,#fff,#f8f8f8);background-image:linear-gradient(top,#fff,#f8f8f8);filter:progid:DXImageTransform.Microsoft.gradient(startColorStr='#ffffff',EndColorStr='#f8f8f8')}.gbqfba-hvr,.gbqfba-hvr:active,.gbqfbb-hvr,.gbqfbb-hvr:active{border-color:#c6c6c6;-webkit-box-shadow:0 1px 1px rgba(0,0,0,.1);-moz-box-shadow:0 1px 1px rgba(0,0,0,.1);box-shadow:0 1px 1px rgba(0,0,0,.1);color:#222 !important}.gbqfba:active,.gbqfbb:active{-webkit-box-shadow:inset 0 1px 2px rgba(0,0,0,.1);-moz-box-shadow:inset 0 1px 2px rgba(0,0,0,.1);box-shadow:inset 0 1px 2px rgba(0,0,0,.1)}
.gbprcd{padding:0;width:258px;white-space:normal}.gbprcb{display:inline-block;height:27px;padding:0 15px;text-decoration:none}#gbprc .gbprcbc{background-color:;background-image:none;border-color:;color:!important}#gbprc .gbprcbc:hover{color:!important}#gbprc .gbprcbc:active,#gbprc .gbprcbc:focus{color:!important}.gbprct{color:#666;line-height:17px;margin:0;margin-bottom:20px}.gbprci{color:#333;font-size:16px;line-height:20px;margin:0;margin-bottom:16px}#gbprc .gbmc{padding:26px;padding-bottom:22px;border:1px solid #bebebe}#gbprc .gbm{border:0}#gbprc .gbprcx,#gbprc .gbprcx.gbgt-hvr,#gbprc .gbprcx:focus,#gbprc .gbprcx:active{right:12px;background:url(//ssl.gstatic.com/s2/oz/images/stars/x.png);display:block;height:9px;opacity:.8;filter:alpha(opacity=80);position:absolute;top:12px;width:9px}#gbprc .gbprcx.gbgt-hvr,#gbprc .gbprcx:focus,#gbprc .gbprcx:active{opacity:1;filter:alpha(opacity=100)}.gbgs .gbmab,.gbgs .gbmab{left:10px;margin:40px 0 0}.gbgs .gbmac,.gbgs .gbmac{left:10px;margin:41px 0 0}.gbemi .gbgs .gbmab,.gbem .gbgs .gbmab{left:10px;margin:40px 0 0}.gbemi .gbgs .gbmac,.gbem .gbgs .gbmac{left:10px;margin:41px 0 0}.gbesi .gbgs .gbmab,.gbes .gbgs .gbmab{left:10px;margin:40px 0 0}.gbesi .gbgs .gbmac,.gbes .gbgs .gbmac{left:10px;margin:41px 0 0}#gbprca .gbmab{z-index:999}#gbprca .gbmac{border-bottom-color:#fff;z-index:999}#gbprcs{position:absolute;background:transparent;top:-999px;z-index:-1;visibility:hidden;margin-top:1px;margin-left:1px}
#gb #gbprc{right:-28px;top:15px;z-index:997}#gbprca{left:-63px;position:relative;top:-22px}.gbmab,.gbmac{left:5px;border-style:dashed dashed solid;border-color:transparent;border-bottom-color:#bebebe;border-width:0 10px 10px;display:-moz-inline-box;display:inline-block;font-size:0;height:0;line-height:0;position:absolute;top:0;width:0;z-index:1000}.gbmab,.gbmac{visibility:hidden}.gbmac{border-bottom-color:#fff}.gbto .gbmab,.gbto .gbmac{visibility:visible}#gbqfqw,#gbqfb{vertical-align:top}#gbqfbw{right:0;margin:0 15px;position:absolute;top:0}.gbqfb{background-color:#4d90fe;background-image:-webkit-gradient(linear,left top,left bottom,from(#4d90fe),to(#4787ed));background-image:-webkit-linear-gradient(top,#4d90fe,#4787ed);background-image:-moz-linear-gradient(top,#4d90fe,#4787ed);background-image:-ms-linear-gradient(top,#4d90fe,#4787ed);background-image:-o-linear-gradient(top,#4d90fe,#4787ed);background-image:linear-gradient(top,#4d90fe,#4787ed);filter:progid:DXImageTransform.Microsoft.gradient(startColorStr='#4d90fe',EndColorStr='#4787ed');border:1px solid #3079ed;-moz-border-radius:2px;-webkit-border-radius:2px;border-radius:2px;-moz-user-select:none;-webkit-user-select:none;color:#fff;cursor:default;font-size:11px;font-weight:bold;height:29px;min-width:54px;*min-width:70px;text-align:center;padding:0 8px}.gbqfb-hvr{border:1px solid #2f5bb7;background-color:#357ae8;background-image:-webkit-gradient(linear,left top,left bottom,from(#4d90fe),to(#357ae8));background-image:-webkit-linear-gradient(top,#4d90fe,#357ae8);background-image:-moz-linear-gradient(top,#4d90fe,#357ae8);background-image:-ms-linear-gradient(top,#4d90fe,#357ae8);background-image:-o-linear-gradient(top,#4d90fe,#357ae8);background-image:linear-gradient(top,#4d90fe,#357ae8);-webkit-box-shadow:0 1px 1px rgba(0,0,0,.1);-moz-box-shadow:0 1px 1px rgba(0,0,0,.1);box-shadow:0 1px 1px rgba(0,0,0,.1)}.gbqfb:focus{-moz-box-shadow:inset 0 0 0 1px #fff;-webkit-box-shadow:inset 0 0 0 1px #fff;box-shadow:inset 0 0 0 1px #fff;outline:none}.gbqfb::-moz-focus-inner{border:0}.gbqfb-hvr:focus{-moz-box-shadow:inset 0 0 0 1px #fff,0 1px 1px rgba(0,0,0,.1);-webkit-box-shadow:inset 0 0 0 1px #fff,0 1px 1px rgba(0,0,0,.1);box-shadow:inset 0 0 0 1px #fff,0 1px 1px rgba(0,0,0,.1)}.gbqfb:active{-moz-box-shadow:inset 0 1px 2px rgba(0,0,0,.3);-webkit-box-shadow:inset 0 1px 2px rgba(0,0,0,.3);box-shadow:inset 0 1px 2px rgba(0,0,0,.3)}
#gbmpas{max-height:220px}#gbmm{max-height:530px}.gbsb{-webkit-box-sizing:border-box;display:block;position:relative;*zoom:1}.gbsbic{overflow:auto}.gbsbis .gbsbt,.gbsbis .gbsbb{-webkit-mask-box-image:-webkit-gradient(linear,left top,right top,color-stop(0,rgba(0,0,0,.1)),color-stop(.5,rgba(0,0,0,.8)),color-stop(1,rgba(0,0,0,.1)));left:0;margin-right:0;opacity:0;position:absolute;width:100%}.gbsb .gbsbt:after,.gbsb .gbsbb:after{content:"";display:block;height:0;left:0;position:absolute;width:100%}.gbsbis .gbsbt{background:-webkit-gradient(linear,left top,left bottom,from(rgba(0,0,0,.2)),to(rgba(0,0,0,0)));background-image:-webkit-linear-gradient(top,rgba(0,0,0,.2),rgba(0,0,0,0));background-image:-moz-linear-gradient(top,rgba(0,0,0,.2),rgba(0,0,0,0));background-image:-ms-linear-gradient(top,rgba(0,0,0,.2),rgba(0,0,0,0));background-image:-o-linear-gradient(top,rgba(0,0,0,.2),rgba(0,0,0,0));background-image:linear-gradient(top,rgba(0,0,0,.2),rgba(0,0,0,0));height:6px;top:0}.gbsb .gbsbt:after{border-top:1px solid #ebebeb;border-color:rgba(0,0,0,.3);top:0}.gbsb .gbsbb{-webkit-mask-box-image:-webkit-gradient(linear,left top,right top,color-stop(0,rgba(0,0,0,.1)),color-stop(.5,rgba(0,0,0,.8)),color-stop(1,rgba(0,0,0,.1)));background:-webkit-gradient(linear,left bottom,left top,from(rgba(0,0,0,.2)),to(rgba(0,0,0,0)));background-image:-webkit-linear-gradient(bottom,rgba(0,0,0,.2),rgba(0,0,0,0));background-image:-moz-linear-gradient(bottom,rgba(0,0,0,.2),rgba(0,0,0,0));background-image:-ms-linear-gradient(bottom,rgba(0,0,0,.2),rgba(0,0,0,0));background-image:-o-linear-gradient(bottom,rgba(0,0,0,.2),rgba(0,0,0,0));background-image:linear-gradient(bottom,rgba(0,0,0,.2),rgba(0,0,0,0));bottom:0;height:4px}.gbsb .gbsbb:after{border-bottom:1px solid #ebebeb;border-color:rgba(0,0,0,.3);bottom:0}
.gbsbic::-webkit-scrollbar{height:16px;width:16px}.gbsbic::-webkit-scrollbar-button{height:0;width:0}.gbsbic::-webkit-scrollbar-button:start:decrement,.gbsbic::-webkit-scrollbar-button:end:increment{display:block}.gbsbic::-webkit-scrollbar-button:vertical:start:increment,.gbsbic::-webkit-scrollbar-button:vertical:end:decrement{display:none}.gbsbic::-webkit-scrollbar-track:vertical,.gbsbic::-webkit-scrollbar-track:horizontal,.gbsbic::-webkit-scrollbar-thumb:vertical,.gbsbic::-webkit-scrollbar-thumb:horizontal,.gbsbis .gbsbic::-webkit-scrollbar-track:vertical,.gbsbis .gbsbic::-webkit-scrollbar-track:horizontal,.gbsbis .gbsbic::-webkit-scrollbar-thumb:vertical,.gbsbis .gbsbic::-webkit-scrollbar-thumb:horizontal{border-style:solid;border-color:transparent}.gbsbic::-webkit-scrollbar-track:vertical{background-clip:padding-box;background-color:#fff;border-left-width:5px;border-right-width:0}.gbsbic::-webkit-scrollbar-track:horizontal{background-clip:padding-box;background-color:#fff;border-bottom-width:0;border-top-width:5px}.gbsbic::-webkit-scrollbar-thumb{-webkit-box-shadow:inset 1px 1px 0 rgba(0,0,0,.1),inset 0 -1px 0 rgba(0,0,0,.07);background-clip:padding-box;background-color:rgba(0,0,0,.2);min-height:28px;padding-top:100px}.gbsbic::-webkit-scrollbar-thumb:hover{-webkit-box-shadow:inset 1px 1px 1px rgba(0,0,0,.25);background-color:rgba(0,0,0,.4)}.gbsbic::-webkit-scrollbar-thumb:active{-webkit-box-shadow:inset 1px 1px 3px rgba(0,0,0,.35);background-color:rgba(0,0,0,.5)}.gbsbic::-webkit-scrollbar-thumb:vertical{border-width:0;border-left-width:5px}.gbsbic::-webkit-scrollbar-thumb:horizontal{border-width:0;border-top-width:5px}.gbsbis .gbsbic::-webkit-scrollbar-track:vertical{border-left-width:6px;border-right-width:1px}.gbsbis .gbsbic::-webkit-scrollbar-track:horizontal{border-bottom:1px;border-top:6px}.gbsbis .gbsbic::-webkit-scrollbar-thumb:vertical{border-width:0;border-left-width:6px;border-right-width:1px}.gbsbis .gbsbic::-webkit-scrollbar-thumb:horizontal{border-width:0;border-bottom:1px;border-top:6px}.gbsbic::-webkit-scrollbar-track:hover{-webkit-box-shadow:inset 1px 0 0 rgba(0,0,0,.1);background-color:rgba(0,0,0,.05)}.gbsbic::-webkit-scrollbar-track:active{-webkit-box-shadow:inset 1px 0 0 rgba(0,0,0,.14),inset -1px -1px 0 rgba(0,0,0,.07);background-color:rgba(0,0,0,.05)}
</style><style>body,td,a,p,.h{font-family:arial,sans-serif}body{margin:0;overflow-y:scroll}#gog{padding:3px 8px 0}td{line-height:.8em}.gac_m td{line-height:17px}form{margin-bottom:20px}.h{color:#36c}.q{color:#00c}.ts td{padding:0}.ts{border-collapse:collapse}em{font-weight:bold;font-style:normal}.lst{height:25px;width:496px}.gsfi,.lst{font:18px arial,sans-serif}.gsfs{font:17px arial,sans-serif}.ds{display:-webkit-inline-box;display:inline-block;margin:3px 0 4px;margin-left:4px}input{font-family:inherit}a.gb1,a.gb2,a.gb3,a.gb4{color:#11c !important}body{background:#fff;color:black}a{color:#11c;text-decoration:none}a:hover,a:active{text-decoration:underline}.fl a{color:#36c}a:visited{color:#551a8b}a.gb1,a.gb4{text-decoration:underline}a.gb3:hover{text-decoration:none}#ghead a.gb2:hover{color:#fff !important}.sblc{padding-top:5px}.sblc a{display:block;margin:2px 0;margin-left:13px;font-size:11px}.lsbb{background:#eee;border:solid 1px;border-color:#ccc #999 #999 #ccc;height:30px}.lsbb{display:block}.ftl,#fll a{display:inline-block;margin:0 12px}.lsb{background:url(/images/nav_logo229.png) 0 -261px repeat-x;border:none;color:#000;cursor:pointer;height:30px;margin:0;outline:0;font:15px arial,sans-serif;vertical-align:top}.lsb:active{background:#ccc}.lst:focus{outline:none}</style><script>(function(){try{var e=this;var aa=function(a,b,c,d){d=d||{};d._sn=["cfg",b,c].join(".");window.gbar.logger.ml(a,d)};var g=window.gbar=window.gbar||{},h=window.gbar.i=window.gbar.i||{},ba;function _tvn(a,b){a=parseInt(a,10);return isNaN(a)?b:a}function _tvf(a,b){a=parseFloat(a);return isNaN(a)?b:a}function _tvv(a){return!!a}function p(a,b,c){(c||g)[a]=b}g.bv={n:_tvn("2",0),r:"",f:".66.41.",e:"1300102,3700290",m:_tvn("1",1)};
function ca(a,b,c){var d="on"+b;if(a.addEventListener)a.addEventListener(b,c,!1);else if(a.attachEvent)a.attachEvent(d,c);else{var f=a[d];a[d]=function(){var a=f.apply(this,arguments),b=c.apply(this,arguments);return void 0==a?b:void 0==b?a:b&&a}}}var da=function(a){return function(){return g.bv.m==a}},ea=da(1),fa=da(2);p("sb",ea);p("kn",fa);h.a=_tvv;h.b=_tvf;h.c=_tvn;h.i=aa;var q=window.gbar.i.i;var r=function(){},u=function(){},ia=function(a){var b=new Image,c=ga;b.onerror=b.onload=b.onabort=function(){try{delete ha[c]}catch(d){}};ha[c]=b;b.src=a;ga=c+1},ha=[],ga=0;p("logger",{il:u,ml:r,log:ia});var v=window.gbar.logger;var y={},ja={},z=[],ka=h.b("0.1",.1),la=h.a("1",!0),ma=function(a,b){z.push([a,b])},na=function(a,b){y[a]=b},oa=function(a){return a in y},A={},B=function(a,b){A[a]||(A[a]=[]);A[a].push(b)},D=function(a){B("m",a)},pa=function(a,b){var c=document.createElement("script");c.src=a;c.async=la;Math.random()<ka&&(c.onerror=function(){c.onerror=null;r(Error("Bundle load failed: name="+(b||"UNK")+" url="+a))});(document.getElementById("xjsc")||document.getElementsByTagName("body")[0]||
document.getElementsByTagName("head")[0]).appendChild(c)},F=function(a){for(var b=0,c;(c=z[b])&&c[0]!=a;++b);!c||c[1].l||c[1].s||(c[1].s=!0,qa(2,a),c[1].url&&pa(c[1].url,a),c[1].libs&&E&&E(c[1].libs))},ra=function(a){B("gc",a)},sa=null,ta=function(a){sa=a},qa=function(a,b,c){if(sa){a={t:a,b:b};if(c)for(var d in c)a[d]=c[d];try{sa(a)}catch(f){}}};p("mdc",y);p("mdi",ja);p("bnc",z);p("qGC",ra);p("qm",D);p("qd",A);p("lb",F);p("mcf",na);p("bcf",ma);p("aq",B);p("mdd","");
p("has",oa);p("trh",ta);p("tev",qa);if(h.a("1")){var ua=h.a("1"),va=h.a(""),wa=h.a(""),xa=window.gapi={},ya=function(a,b){var c=function(){g.dgl(a,b)};ua?D(c):(B("gl",c),F("gl"))},za={},Aa=function(a){a=a.split(":");for(var b;(b=a.pop())&&za[b];);return!b},E=function(a){function b(){for(var b=a.split(":"),d=0,f;f=b[d];++d)za[f]=1;for(b=0;d=z[b];++b)d=d[1],(f=d.libs)&&!d.l&&d.i&&Aa(f)&&d.i()}g.dgl(a,b)},H=window.___jsl={};H.h="m;/_/scs/abc-static/_/js/k=gapi.gapi.en.U_ZjamIixkk.O/m=__features__/rt=j/d=1/rs=AHpOoo-vbowTsdJgxjMinuRjWcqUL15H1g";H.ms="https://apis.google.com";
H.m="";H.l=[];ua||z.push(["gl",{url:"//ssl.gstatic.com/gb/js/abc/glm_e7bb39a7e1a24581ff4f8d199678b1b9.js"}]);var Ba={pu:va,sh:"",si:wa,hl:"en"};y.gl=Ba;p("load",ya,xa);p("dgl",ya);p("agl",Aa);h.o=ua};var Ca=h.b("0.1",.001),Da=0;
function _mlToken(a,b){try{if(1>Da){Da++;var c,d=a;b=b||{};var f=encodeURIComponent,k=["//www.google.com/gen_204?atyp=i&zx=",(new Date).getTime(),"&jexpid=",f("28834"),"&srcpg=",f("prop=1"),"&jsr=",Math.round(1/Ca),"&ogev=",f("NrFJWO3xJ9K2jwOS46qABg"),"&ogf=",g.bv.f,"&ogrp=",f(""),"&ogv=",f("1480650288.0"),"&oggv="+f("es_plusone_gc_20161117.0_p0"),"&ogd=",f("com"),"&ogc=",f("USA"),"&ogl=",f("en")];b._sn&&(b._sn=
"og."+b._sn);for(var m in b)k.push("&"),k.push(f(m)),k.push("="),k.push(f(b[m]));k.push("&emsg=");k.push(f(d.name+":"+d.message));var n=k.join("");Ea(n)&&(n=n.substr(0,2E3));c=n;var l=window.gbar.logger._aem(a,c);ia(l)}}catch(t){}}var Ea=function(a){return 2E3<=a.length},Fa=function(a,b){return b};function Ga(a){r=a;p("_itl",Ea,v);p("_aem",Fa,v);p("ml",r,v);a={};y.er=a}h.a("")?Ga(function(a){throw a;}):h.a("1")&&Math.random()<Ca&&Ga(_mlToken);var _E="left",Ha=h.a(""),J=function(a,b){var c=a.className;I(a,b)||(a.className+=(""!=c?" ":"")+b)},K=function(a,b){var c=a.className;b=new RegExp("\\s?\\b"+b+"\\b");c&&c.match(b)&&(a.className=c.replace(b,""))},I=function(a,b){b=new RegExp("\\b"+b+"\\b");a=a.className;return!(!a||!a.match(b))},Ia=function(a,b){I(a,b)?K(a,b):J(a,b)},Ja=function(a,b){a[b]=function(c){var d=arguments;g.qm(function(){a[b].apply(this,d)})}},Ka=function(a){a=["//www.gstatic.com","/og/_/js/d=1/k=",
"og.og2.en_US.bMuvE1SC6YI.O","/rt=j/m=",a,"/rs=","AA2YrTtzBlTmy1wcjkBNuQoi-kZ1wphK5w"];Ha&&a.push("?host=www.gstatic.com&bust=og.og2.en_US.lXDzID-6m6Q.DU");a=a.join("");pa(a)};p("ca",J);p("cr",K);p("cc",I);h.k=J;h.l=K;h.m=I;h.n=Ia;h.p=Ka;h.q=Ja;var La=["gb_71","gb_155"],Ma;function Na(a){Ma=a}function Oa(a){var b=Ma&&!a.href.match(/.*\/accounts\/ClearSID[?]/)&&encodeURIComponent(Ma());b&&(a.href=a.href.replace(/([?&]continue=)[^&]*/,"$1"+b))}function Pa(a){window.gApplication&&(a.href=window.gApplication.getTabUrl(a.href))}function Qa(a){try{var b=(document.forms[0].q||"").value;b&&(a.href=a.href.replace(/([?&])q=[^&]*|$/,function(a,d){return(d||"&")+"q="+encodeURIComponent(b)}))}catch(c){q(c,"sb","pq")}}
var Ra=function(){for(var a=[],b=0,c;c=La[b];++b)(c=document.getElementById(c))&&a.push(c);return a},Sa=function(){var a=Ra();return 0<a.length?a[0]:null},Ta=function(){return document.getElementById("gb_70")},L={},M={},Ua={},N={},O=void 0,Za=function(a,b){try{var c=document.getElementById("gb");J(c,"gbpdjs");P();Va(document.getElementById("gb"))&&J(c,"gbrtl");if(b&&b.getAttribute){var d=b.getAttribute("aria-owns");if(d.length){var f=document.getElementById(d);if(f){var k=b.parentNode;if(O==d)O=void 0,
K(k,"gbto");else{if(O){var m=document.getElementById(O);if(m&&m.getAttribute){var n=m.getAttribute("aria-owner");if(n.length){var l=document.getElementById(n);l&&l.parentNode&&K(l.parentNode,"gbto")}}}Wa(f)&&Xa(f);O=d;J(k,"gbto")}}}}D(function(){g.tg(a,b,!0)});Ya(a)}catch(t){q(t,"sb","tg")}},$a=function(a){D(function(){g.close(a)})},ab=function(a){D(function(){g.rdd(a)})},Va=function(a){var b,c=document.defaultView;c&&c.getComputedStyle?(a=c.getComputedStyle(a,""))&&(b=a.direction):b=a.currentStyle?
a.currentStyle.direction:a.style.direction;return"rtl"==b},cb=function(a,b,c){if(a)try{var d=document.getElementById("gbd5");if(d){var f=d.firstChild,k=f.firstChild,m=document.createElement("li");m.className=b+" gbmtc";m.id=c;a.className="gbmt";m.appendChild(a);if(k.hasChildNodes()){c=[["gbkc"],["gbf","gbe","gbn"],["gbkp"],["gbnd"]];for(var d=0,n=k.childNodes.length,f=!1,l=-1,t=0,C;C=c[t];t++){for(var T=0,G;G=C[T];T++){for(;d<n&&I(k.childNodes[d],G);)d++;if(G==b){k.insertBefore(m,k.childNodes[d]||
null);f=!0;break}}if(f){if(d+1<k.childNodes.length){var U=k.childNodes[d+1];I(U.firstChild,"gbmh")||bb(U,C)||(l=d+1)}else if(0<=d-1){var V=k.childNodes[d-1];I(V.firstChild,"gbmh")||bb(V,C)||(l=d)}break}0<d&&d+1<n&&d++}if(0<=l){var w=document.createElement("li"),x=document.createElement("div");w.className="gbmtc";x.className="gbmt gbmh";w.appendChild(x);k.insertBefore(w,k.childNodes[l])}g.addHover&&g.addHover(a)}else k.appendChild(m)}}catch(Ab){q(Ab,"sb","al")}},bb=function(a,b){for(var c=b.length,
d=0;d<c;d++)if(I(a,b[d]))return!0;return!1},db=function(a,b,c){cb(a,b,c)},eb=function(a,b){cb(a,"gbe",b)},fb=function(){D(function(){g.pcm&&g.pcm()})},gb=function(){D(function(){g.pca&&g.pca()})},hb=function(a,b,c,d,f,k,m,n,l,t){D(function(){g.paa&&g.paa(a,b,c,d,f,k,m,n,l,t)})},ib=function(a,b){L[a]||(L[a]=[]);L[a].push(b)},jb=function(a,b){M[a]||(M[a]=[]);M[a].push(b)},kb=function(a,b){Ua[a]=b},lb=function(a,b){N[a]||(N[a]=[]);N[a].push(b)},Ya=function(a){a.preventDefault&&a.preventDefault();a.returnValue=
!1;a.cancelBubble=!0},mb=null,Xa=function(a,b){P();if(a){nb(a,"Opening&hellip;");Q(a,!0);b="undefined"!=typeof b?b:1E4;var c=function(){ob(a)};mb=window.setTimeout(c,b)}},pb=function(a){P();a&&(Q(a,!1),nb(a,""))},ob=function(a){try{P();var b=a||document.getElementById(O);b&&(nb(b,"This service is currently unavailable.%1$sPlease try again later.","%1$s"),Q(b,!0))}catch(c){q(c,"sb","sdhe")}},nb=function(a,b,c){if(a&&b){var d=Wa(a);if(d){if(c){d.innerHTML="";b=b.split(c);c=0;for(var f;f=b[c];c++){var k=document.createElement("div");
k.innerHTML=f;d.appendChild(k)}}else d.innerHTML=b;Q(a,!0)}}},Q=function(a,b){(b=void 0!==b?b:!0)?J(a,"gbmsgo"):K(a,"gbmsgo")},Wa=function(a){for(var b=0,c;c=a.childNodes[b];b++)if(I(c,"gbmsg"))return c},P=function(){mb&&window.clearTimeout(mb)},qb=function(a){var b="inner"+a;a="offset"+a;return window[b]?window[b]:document.documentElement&&document.documentElement[a]?document.documentElement[a]:0},rb=function(){return!1},sb=function(){return!!O};p("so",Sa);p("sos",Ra);p("si",Ta);p("tg",Za);
p("close",$a);p("rdd",ab);p("addLink",db);p("addExtraLink",eb);p("pcm",fb);p("pca",gb);p("paa",hb);p("ddld",Xa);p("ddrd",pb);p("dderr",ob);p("rtl",Va);p("op",sb);p("bh",L);p("abh",ib);p("dh",M);p("adh",jb);p("ch",N);p("ach",lb);p("eh",Ua);p("aeh",kb);ba=h.a("")?Pa:Qa;p("qs",ba);p("setContinueCb",Na);p("pc",Oa);p("bsy",rb);h.d=Ya;h.j=qb;var tb={};y.base=tb;z.push(["m",{url:"//ssl.gstatic.com/gb/js/sem_f70ed39779130cc06d510ce54eca305c.js"}]);g.sg={c:"1"};p("wg",{rg:{}});var ub={tiw:h.c("15000",0),tie:h.c("30000",0)};y.wg=ub;var vb={thi:h.c("10000",0),thp:h.c("180000",0),tho:h.c("5000",0),tet:h.b("0.5",0)};y.wm=vb;if(h.a("1")){var wb=h.a("");z.push(["gc",{auto:wb,url:"//ssl.gstatic.com/gb/js/abc/gci_91f30755d6a6b787dcc2a4062e6e9824.js",libs:"googleapis.client:plusone:gapi.iframes"}]);var xb={version:"gci_91f30755d6a6b787dcc2a4062e6e9824.js",index:"",lang:"en"};y.gc=xb;var yb=function(a){window.googleapis&&window.iframes?a&&a():(a&&ra(a),F("gc"))};p("lGC",yb);h.a("1")&&p("lPWF",yb)};window.__PVT="";if(h.a("1")&&h.a("1")){var zb=function(a){yb(function(){B("pw",a);F("pw")})};p("lPW",zb);z.push(["pw",{url:"//ssl.gstatic.com/gb/js/abc/pwm_45f73e4df07a0e388b0fa1f3d30e7280.js"}]);var Bb=[],Cb=function(a){Bb[0]=a},Db=function(a,b){b=b||{};b._sn="pw";r(a,b)},Eb={signed:Bb,elog:Db,base:"https://plusone.google.com/u/0",loadTime:(new Date).getTime()};y.pw=Eb;var Fb=function(a,b){var c=b.split(".");b=function(){var b=arguments;a(function(){for(var a=g,d=0,f=c.length-1;d<f;++d)a=a[c[d]];a[c[d]].apply(a,b)})};for(var d=g,f=0,k=c.length-1;f<
k;++f)d=d[c[f]]=d[c[f]]||{};return d[c[f]]=b};Fb(zb,"pw.clk");Fb(zb,"pw.hvr");p("su",Cb,g.pw)};var Gb=[1,2,3,4,5,6,9,10,11,13,14,28,29,30,34,35,37,38,39,40,41,42,43,48,49,500];var Hb=h.b("0.001",1E-4),Ib=h.b("1",1),Jb=!1,Kb=!1;if(h.a("1")){var Lb=Math.random();Lb<Hb&&(Jb=!0);Lb<Ib&&(Kb=!0)}var R=null;
function Mb(a,b){var c=Hb,d=Jb,f;f=a;if(!R){R={};for(var k=0;k<Gb.length;k++){var m=Gb[k];R[m]=!0}}if(f=!!R[f])c=Ib,d=Kb;if(d){var d=encodeURIComponent,n="es_plusone_gc_20161117.0_p0",l;g.rp?(l=g.rp(),l="-1"!=l?l:""):l="";f=(new Date).getTime();var k=d("28834"),m=d("NrFJWO3xJ9K2jwOS46qABg"),t=g.bv.f,C=d("1");l=d(l);var c=Math.round(1/c),T=d("1480650288.0"),n=n?"&oggv="+d(n):"",G=d("com"),U=d("en"),
V=d("USA"),w;w=0;h.a("")&&(w|=1);h.a("")&&(w|=2);h.a("")&&(w|=4);a=["//www.google.com/gen_204?atyp=i&zx=",f,"&oge=",a,"&ogex=",k,"&ogev=",m,"&ogf=",t,"&ogp=",C,"&ogrp=",l,"&ogsr=",c,"&ogv=",T,n,"&ogd=",G,"&ogl=",U,"&ogc=",V,"&ogus=",w];if(b){"ogw"in b&&(a.push("&ogw="+b.ogw),delete b.ogw);var x;f=[];for(x in b)0!=f.length&&f.push(","),f.push(Nb(x)),f.push("."),f.push(Nb(b[x]));x=f.join("");""!=x&&(a.push("&ogad="),a.push(d(x)))}ia(a.join(""))}}
function Nb(a){"number"==typeof a&&(a+="");return"string"==typeof a?a.replace(".","%2E").replace(",","%2C"):a}u=Mb;p("il",u,v);var Ob={};y.il=Ob;var Pb=function(a,b,c,d,f,k,m,n,l,t){D(function(){g.paa(a,b,c,d,f,k,m,n,l,t)})},Qb=function(){D(function(){g.prm()})},Rb=function(a){D(function(){g.spn(a)})},Sb=function(a){D(function(){g.sps(a)})},Tb=function(a){D(function(){g.spp(a)})},Ub={"27":"//ssl.gstatic.com/gb/images/silhouette_24.png","27":"//ssl.gstatic.com/gb/images/silhouette_24.png","27":"//ssl.gstatic.com/gb/images/silhouette_24.png"},Vb=function(a){return(a=Ub[a])||"//ssl.gstatic.com/gb/images/silhouette_24.png"},
Wb=function(){D(function(){g.spd()})};p("spn",Rb);p("spp",Tb);p("sps",Sb);p("spd",Wb);p("paa",Pb);p("prm",Qb);ib("gbd4",Qb);
if(h.a("")){var Xb={d:h.a(""),e:"",sanw:h.a(""),p:"//ssl.gstatic.com/gb/images/silhouette_96.png",cp:"1",xp:h.a("1"),mg:"%1$s (delegated)",md:"%1$s (default)",mh:"220",s:"1",pp:Vb,ppl:h.a(""),ppa:h.a(""),
ppm:"Google+ page"};y.prf=Xb};var S,Yb,W,Zb,X=0,$b=function(a,b,c){if(a.indexOf)return a.indexOf(b,c);if(Array.indexOf)return Array.indexOf(a,b,c);for(c=null==c?0:0>c?Math.max(0,a.length+c):c;c<a.length;c++)if(c in a&&a[c]===b)return c;return-1},Y=function(a,b){return-1==$b(a,X)?(q(Error(X+"_"+b),"up","caa"),!1):!0},bc=function(a,b){Y([1,2],"r")&&(S[a]=S[a]||[],S[a].push(b),2==X&&window.setTimeout(function(){b(ac(a))},0))},cc=function(a,b,c){if(Y([1],"nap")&&c){for(var d=0;d<c.length;d++)Yb[c[d]]=!0;g.up.spl(a,b,"nap",c)}},dc=
function(a,b,c){if(Y([1],"aop")&&c){if(W)for(var d in W)W[d]=W[d]&&-1!=$b(c,d);else for(W={},d=0;d<c.length;d++)W[c[d]]=!0;g.up.spl(a,b,"aop",c)}},ec=function(){try{if(X=2,!Zb){Zb=!0;for(var a in S)for(var b=S[a],c=0;c<b.length;c++)try{b[c](ac(a))}catch(d){q(d,"up","tp")}}}catch(d){q(d,"up","mtp")}},ac=function(a){if(Y([2],"ssp")){var b=!Yb[a];W&&(b=b&&!!W[a]);return b}};Zb=!1;S={};Yb={};W=null;
var X=1,fc=function(a){var b=!1;try{b=a.cookie&&a.cookie.match("PREF")}catch(c){}return!b},gc=function(){try{return!!e.localStorage&&"object"==typeof e.localStorage}catch(a){return!1}},hc=function(a){return a&&a.style&&a.style.behavior&&"undefined"!=typeof a.load},ic=function(a,b,c,d){try{fc(document)||(d||(b="og-up-"+b),gc()?e.localStorage.setItem(b,c):hc(a)&&(a.setAttribute(b,c),a.save(a.id)))}catch(f){f.code!=DOMException.QUOTA_EXCEEDED_ERR&&q(f,"up","spd")}},jc=function(a,b,c){try{if(fc(document))return"";
c||(b="og-up-"+b);if(gc())return e.localStorage.getItem(b);if(hc(a))return a.load(a.id),a.getAttribute(b)}catch(d){d.code!=DOMException.QUOTA_EXCEEDED_ERR&&q(d,"up","gpd")}return""},kc=function(a,b,c){a.addEventListener?a.addEventListener(b,c,!1):a.attachEvent&&a.attachEvent("on"+b,c)},lc=function(a){for(var b=0,c;c=a[b];b++){var d=g.up;c=c in d&&d[c];if(!c)return!1}return!0},mc=function(a,b){try{if(fc(a))return-1;var c=a.cookie.match(/OGPC=([^;]*)/);if(c&&c[1]){var d=c[1].match(new RegExp("\\b"+
b+"-([0-9]+):"));if(d&&d[1])return parseInt(d[1],10)}}catch(f){f.code!=DOMException.QUOTA_EXCEEDED_ERR&&q(f,"up","gcc")}return-1};p("up",{r:bc,nap:cc,aop:dc,tp:ec,ssp:ac,spd:ic,gpd:jc,aeh:kc,aal:lc,gcc:mc});var Z=function(a,b){a[b]=function(c){var d=arguments;g.qm(function(){a[b].apply(this,d)})}};Z(g.up,"sl");Z(g.up,"si");Z(g.up,"spl");Z(g.up,"dpc");Z(g.up,"iic");g.mcf("up",{sp:h.b("0.01",1),tld:"com",prid:"1"});function nc(){function a(){for(var b;(b=k[m++])&&"m"!=b[0]&&!b[1].auto;);b&&(qa(2,b[0]),b[1].url&&pa(b[1].url,b[0]),b[1].libs&&E&&E(b[1].libs));m<k.length&&setTimeout(a,0)}function b(){0<f--?setTimeout(b,0):a()}var c=h.a("1"),d=h.a(""),f=3,k=z,m=0,n=window.gbarOnReady;if(n)try{n()}catch(l){q(l,"ml","or")}d?p("ldb",a):c?ca(window,"load",b):b()}p("rdl",nc);}catch(e){window.gbar&&gbar.logger&&gbar.logger.ml(e,{"_sn":"cfg.init"});}})();
(function(){try{var b=window.gbar;var d=function(a,c){b[a]=function(){return window.navigator&&window.navigator.userAgent?c(window.navigator.userAgent):!1}},e=function(a){return!(/AppleWebKit\/.+(?:Version\/[35]\.|Chrome\/[01]\.)/.test(a)||-1!=a.indexOf("Firefox/3.5."))};d("bs_w",e);}catch(e){window.gbar&&gbar.logger&&gbar.logger.ml(e,{"_sn":"cfg.init"});}})();
(function(){try{var a=window.gbar;a.mcf("pm",{p:"19000096,8QJ,7,,"});}catch(e){window.gbar&&gbar.logger&&gbar.logger.ml(e,{"_sn":"cfg.init"});}})();
(function(){try{var a=window.gbar;a.mcf("mm",{s:"1"});}catch(e){window.gbar&&gbar.logger&&gbar.logger.ml(e,{"_sn":"cfg.init"});}})();
(function(){try{var d=window.gbar.i.i;var e=window.gbar;var f=e.i;var g=f.c("1",0),h=/\bgbmt\b/,k=function(a){try{var b=document.getElementById("gb_"+g),c=document.getElementById("gb_"+a);b&&f.l(b,h.test(b.className)?"gbm0l":"gbz0l");c&&f.k(c,h.test(c.className)?"gbm0l":"gbz0l")}catch(l){d(l,"sj","ssp")}g=a},m=e.qs,n=function(a){var b;b=a.href;var c=window.location.href.match(/.*?:\/\/[^\/]*/)[0],c=new RegExp("^"+c+"/search\\?");(b=c.test(b))&&!/(^|\\?|&)ei=/.test(a.href)&&(b=window.google)&&b.kEXPI&&(a.href+="&ei="+b.kEI)},p=function(a){m(a);
n(a)},q=function(){if(window.google&&window.google.sn){var a=/.*hp$/;return a.test(window.google.sn)?"":"1"}return"-1"};e.rp=q;e.slp=k;e.qs=p;e.qsi=n;}catch(e){window.gbar&&gbar.logger&&gbar.logger.ml(e,{"_sn":"cfg.init"});}})();
(function(){try{var a=this;var b=window.gbar;var c=b.i;var d=c.a,e=c.c,f={cty:"USA",cv:"1480650288",dbg:d(""),ecv:"0",ei:e("NrFJWO3xJ9K2jwOS46qABg"),ele:d("1"),esr:e("0.1"),evts:["mousedown","touchstart","touchmove","wheel","keydown"],gbl:"es_plusone_gc_20161117.0_p0",hd:"com",hl:"en",irp:d(""),pid:e("1"),
snid:e("28834"),to:e("300000"),u:e(""),vf:".66.41."},g=f,h=["bndcfg"],k=a;h[0]in k||!k.execScript||k.execScript("var "+h[0]);for(var l;h.length&&(l=h.shift());)h.length||void 0===g?k=k[l]?k[l]:k[l]={}:k[l]=g;}catch(e){window.gbar&&gbar.logger&&gbar.logger.ml(e,{"_sn":"cfg.init"});}})();
(function(){try{window.gbar.rdl();}catch(e){window.gbar&&gbar.logger&&gbar.logger.ml(e,{"_sn":"cfg.init"});}})();
</script><link href="/images/branding/product/ico/googleg_lodp.ico" rel="shortcut icon"><style type="text/css">.gsib_a{width:100%;padding:4px 6px 0}.gsib_a,.gsib_b{vertical-align:top}.gssb_c{border:0;position:absolute;z-index:989}.gssb_e{border:1px solid #ccc;border-top-color:#d9d9d9;box-shadow:0 2px 4px rgba(0,0,0,0.2);-webkit-box-shadow:0 2px 4px rgba(0,0,0,0.2);cursor:default}.gssb_f{visibility:hidden;white-space:nowrap}.gssb_k{border:0;display:block;position:absolute;top:0;z-index:988}.gsdd_a{border:none!important}.gsmq_a{padding:0}a.gspqs_a{padding:0 3px 0 8px}.gspqs_b{color:#666;line-height:22px}.gsls_a{color:red}.gsn_a{padding-top:4px;padding-bottom:1px}.gsn_b{display:block;line-height:16px}.gsn_c{color:green;font-size:13px}.gsq_a{padding:0}.gssb_a{padding:0 7px}.gssb_a,.gssb_a td{white-space:nowrap;overflow:hidden;line-height:22px}#gssb_b{font-size:11px;color:#36c;text-decoration:none}#gssb_b:hover{font-size:11px;color:#36c;text-decoration:underline}.gssb_g{text-align:center;padding:8px 0 7px;position:relative}.gssb_h{font-size:15px;height:28px;margin:0.2em;-webkit-appearance:button}.gssb_i{background:#eee}.gss_ifl{visibility:hidden;padding-left:5px}.gssb_i .gss_ifl{visibility:visible}a.gssb_j{font-size:13px;color:#36c;text-decoration:none;line-height:100%}a.gssb_j:hover{text-decoration:underline}.gssb_l{height:1px;background-color:#e5e5e5}.gssb_m{color:#000;background:#fff}a.gspqs_a{padding-left:0}.gssb_e{border-top:1px solid #a2bff0;border-right:1px solid #558be3;border-bottom:1px solid #558be3;border-left:1px solid #a2bff0;}.gssb_i{background:#d5e2ff}</style></head><body bgcolor="#fff"><script>(function(){var src='/images/nav_logo229.png';var iesg=false;document.body.onload = function(){window.n && window.n();if (document.images){new Image().src=src;}
if (!iesg){document.f&&document.f.q.focus();document.gbqf&&document.gbqf.q.focus();}
}
})();</script><div id="mngb"> <div id="gb"><script>window.gbar&&gbar.eli&&gbar.eli()</script><div id="gbw"><div id="gbz"><span class="gbtcb"></span><ol id="gbzc" class="gbtc"><li class="gbt"><a onclick="gbar.logger.il(1,{t:119});" class="gbzt" id="gb_119" href="https://plus.google.com/?gpsrc=ogpy0&amp;tab=wX"><span class="gbtb2"></span><span class="gbts">Google+</span></a></li><li class="gbt"><a onclick="gbar.logger.il(1,{t:1});" class="gbzt gbz0l gbp1" id="gb_1" href="https://www.google.com/webhp?tab=ww"><span class="gbtb2"></span><span class="gbts">Search</span></a></li><li class="gbt"><a onclick="gbar.logger.il(1,{t:2});" class="gbzt" id="gb_2" href="https://www.google.com/imghp?hl=en&amp;tab=wi"><span class="gbtb2"></span><span class="gbts">Images</span></a></li><li class="gbt"><a onclick="gbar.logger.il(1,{t:8});" class="gbzt" id="gb_8" href="https://maps.google.com/maps?hl=en&amp;tab=wl"><span class="gbtb2"></span><span class="gbts">Maps</span></a></li><li class="gbt"><a onclick="gbar.logger.il(1,{t:78});" class="gbzt" id="gb_78" href="https://play.google.com/?hl=en&amp;tab=w8"><span class="gbtb2"></span><span class="gbts">Play</span></a></li><li class="gbt"><a onclick="gbar.logger.il(1,{t:36});" class="gbzt" id="gb_36" href="https://www.youtube.com/?tab=w1"><span class="gbtb2"></span><span class="gbts">YouTube</span></a></li><li class="gbt"><a onclick="gbar.logger.il(1,{t:5});" class="gbzt" id="gb_5" href="https://news.google.com/nwshp?hl=en&amp;tab=wn"><span class="gbtb2"></span><span class="gbts">News</span></a></li><li class="gbt"><a onclick="gbar.logger.il(1,{t:23});" class="gbzt" id="gb_23" href="https://mail.google.com/mail/?tab=wm"><span class="gbtb2"></span><span class="gbts">Gmail</span></a></li><li class="gbt"><a class="gbgt" id="gbztm" href="https://www.google.com/intl/en/options/" onclick="gbar.tg(event,this)" aria-haspopup="true" aria-owns="gbd"><span class="gbtb2"></span><span id="gbztms" class="gbts gbtsa"><span id="gbztms1">More</span><span class="gbma"></span></span></a><div class="gbm" id="gbd" aria-owner="gbztm"><div id="gbmmb" class="gbmc gbsb gbsbis"><ol id="gbmm" class="gbmcc gbsbic"><li class="gbmtc"><a onclick="gbar.logger.il(1,{t:49});" class="gbmt" id="gb_49" href="https://drive.google.com/?tab=wo">Drive</a></li><li class="gbmtc"><a onclick="gbar.logger.il(1,{t:24});" class="gbmt" id="gb_24" href="https://www.google.com/calendar?tab=wc">Calendar</a></li><li class="gbmtc"><a onclick="gbar.logger.il(1,{t:51});" class="gbmt" id="gb_51" href="https://translate.google.com/?hl=en&amp;tab=wT">Translate</a></li><li class="gbmtc"><a onclick="gbar.logger.il(1,{t:17});" class="gbmt" id="gb_17" href="http://www.google.com/mobile/?hl=en&amp;tab=wD">Mobile</a></li><li class="gbmtc"><a onclick="gbar.logger.il(1,{t:10});" class="gbmt" id="gb_10" href="https://books.google.com/bkshp?hl=en&amp;tab=wp">Books</a></li><li class="gbmtc"><a onclick="gbar.logger.il(1,{t:212});" class="gbmt" id="gb_212" href="https://wallet.google.com/?tab=wa">Wallet</a></li><li class="gbmtc"><a onclick="gbar.logger.il(1,{t:6});" class="gbmt" id="gb_6" href="http://www.google.com/shopping?hl=en&amp;tab=wf">Shopping</a></li><li class="gbmtc"><a onclick="gbar.logger.il(1,{t:30});" class="gbmt" id="gb_30" href="https://www.blogger.com/?tab=wj">Blogger</a></li><li class="gbmtc"><a onclick="gbar.logger.il(1,{t:27});" class="gbmt" id="gb_27" href="https://www.google.com/finance?tab=we">Finance</a></li><li class="gbmtc"><a onclick="gbar.logger.il(1,{t:31});" class="gbmt" id="gb_31" href="https://photos.google.com/?tab=wq&amp;pageId=none">Photos</a></li><li class="gbmtc"><a onclick="gbar.logger.il(1,{t:12});" class="gbmt" id="gb_12" href="http://video.google.com/?hl=en&amp;tab=wv">Videos</a></li><li class="gbmtc"><a onclick="gbar.logger.il(1,{t:25});" class="gbmt" id="gb_25" href="https://docs.google.com/document/?usp=docs_alc">Docs</a></li><li class="gbmtc"><div class="gbmt gbmh"></div></li><li class="gbmtc"><a onclick="gbar.logger.il(1,{t:66});" href="https://www.google.com/intl/en/options/" class="gbmt">Even more »</a></li></ol><div class="gbsbt"></div><div class="gbsbb"></div></div></div></li></ol></div><div id="gbg"><h2 class="gbxx">Account Options</h2><span class="gbtcb"></span><ol class="gbtc"><li class="gbt"><a target="_top" href="https://accounts.google.com/ServiceLogin?hl=en&amp;passive=true&amp;continue=https://www.google.com/" onclick="gbar.logger.il(9,{l:'i'})" id="gb_70" class="gbgt"><span class="gbtb2"></span><span id="gbgs4" class="gbts"><span id="gbi4s1">Sign in</span></span></a></li><li class="gbt gbtb"><span class="gbts"></span></li><li class="gbt"><a class="gbgt" id="gbg5" href="http://www.google.com/preferences?hl=en" title="Options" onclick="gbar.tg(event,this)" aria-haspopup="true" aria-owns="gbd5"><span class="gbtb2"></span><span id="gbgs5" class="gbts"><span id="gbi5"></span></span></a><div class="gbm" id="gbd5" aria-owner="gbg5"><div class="gbmc"><ol id="gbom" class="gbmcc"><li class="gbkc gbmtc"><a class="gbmt" href="/preferences?hl=en">Search settings</a></li><li class="gbmtc"><div class="gbmt gbmh"></div></li><li class="gbkp gbmtc"><a class="gbmt" href="http://www.google.com/history/optout?hl=en">Web History</a></li></ol></div></div></li></ol></div></div><div id="gbx3"></div><div id="gbx4"></div><script>window.gbar&&gbar.elp&&gbar.elp()</script></div> </div><center><br clear="all" id="lgpd"><div id="lga"><img alt="Google" height="92" src="/images/branding/googlelogo/1x/googlelogo_white_background_color_272x92dp.png" style="padding:28px 0 14px" width="272" id="hplogo" onload="window.lol&amp;&amp;lol()"><br><br></div><form action="/search" name="f"><table cellpadding="0" cellspacing="0"><tbody><tr valign="top"><td width="25%">&nbsp;</td><td align="center" nowrap=""><input value="en" name="hl" type="hidden"><input name="source" type="hidden" value="hp"><input name="biw" type="hidden"><input name="bih" type="hidden"><div class="ds" style="height:32px;margin:4px 0"><input style="color: rgb(0, 0, 0); margin: 0px; padding: 5px 8px 0px 6px; vertical-align: top; outline: none;" autocomplete="off" class="lst" value="" title="Google Search" maxlength="2048" name="q" size="57" dir="ltr" spellcheck="false"></div><br style="line-height:0"><span class="ds"><span class="lsbb"><input class="lsb" value="Google Search" name="btnG" type="submit"></span></span><span class="ds"><span class="lsbb"><input class="lsb" value="I'm Feeling Lucky" name="btnI" onclick="if(this.form.q.value)this.checked=1; else top.location='/doodles/'" type="submit"></span></span></td><td class="fl sblc" align="left" nowrap="" width="25%"><a href="/advanced_search?hl=en&amp;authuser=0">Advanced search</a><a href="/language_tools?hl=en&amp;authuser=0">Language tools</a></td></tr></tbody></table><input id="gbv" name="gbv" type="hidden" value="2"><script>(function(){var a,b="1";if(document&&document.getElementById)if("undefined"!=typeof XMLHttpRequest)b="2";else if("undefined"!=typeof ActiveXObject){var c,d,e=["MSXML2.XMLHTTP.6.0","MSXML2.XMLHTTP.3.0","MSXML2.XMLHTTP","Microsoft.XMLHTTP"];for(c=0;d=e[c++];)try{new ActiveXObject(d),b="2"}catch(h){}}a=b;if("2"==a&&-1==location.search.indexOf("&gbv=2")){var f=google.gbvu,g=document.getElementById("gbv");g&&(g.value=a);f&&window.setTimeout(function(){location.href=f},0)};}).call(this);</script><input type="hidden" name="oq"><input type="hidden" name="gs_l"></form><div id="gac_scont"></div><div style="font-size:83%;min-height:3.5em"><br><div id="prm"><style>.szppmdbYutt__middle-slot-promo{font-size:small;margin-bottom:32px}.szppmdbYutt__middle-slot-promo a._uFi{display:inline-block;text-decoration:none}.szppmdbYutt__middle-slot-promo img{border:none;margin-right:5px;vertical-align:middle}.szppmdbYutt__middle-slot-promo ._vFi{color:red}</style><div class="szppmdbYutt__middle-slot-promo r-i_wk9Gg7BGLM" jsl="$t t-Gza07Ho9En4;$x 0;" data-ved="0ahUKEwjm77-ip-XQAhUO7WMKHVfgDQ8QnIcBCAQ"><a class="_XIi" href="https://www.google.com/url?q=https://www.youtube.com/rewind&amp;source=hpp&amp;id=19001295&amp;ct=3&amp;usg=AFQjCNF4cIP-BQSUXTsT7jqTtHYbASI-sA&amp;sa=X&amp;ved=0ahUKEwjm77-ip-XQAhUO7WMKHVfgDQ8Q8IcBCAU" rel="nofollow">#YouTubeRewind:</a> The videos, people, and events that defined YouTube in 2016</div></div></div><span id="footer"><div style="font-size:10pt"><div style="margin:19px auto;text-align:center" id="fll"><a href="/intl/en/ads/">Advertising&nbsp;Programs</a><a href="/services/">Business Solutions</a><a href="https://plus.google.com/116899029375914044550" rel="publisher">+Google</a><a href="/intl/en/about.html">About Google</a></div></div><p style="color:#767676;font-size:8pt">© 2016 - <a href="/intl/en/policies/privacy/">Privacy</a> - <a href="/intl/en/policies/terms/">Terms</a></p></span></center><script>(function(){window.google.cdo={height:0,width:0};(function(){var a=window.innerWidth,b=window.innerHeight;if(!a||!b)var c=window.document,d="CSS1Compat"==c.compatMode?c.documentElement:c.body,a=d.clientWidth,b=d.clientHeight;a&&b&&(a!=google.cdo.width||b!=google.cdo.height)&&google.log("","","/client_204?&atyp=i&biw="+a+"&bih="+b+"&ei="+google.kEI);}).call(this);})();</script><div id="xjsd"><script src="/xjs/_/js/k=xjs.hp.en_US.A83a9f804i4.O/m=sb_he,d/rt=j/d=1/t=zcms/rs=ACT90oF2eNnQs0ONdr_WSmdRg-UEHmCM5g"></script></div><div id="xjsi"><script>(function(){function c(b){window.setTimeout(function(){var a=document.createElement("script");a.src=b;document.getElementById("xjsd").appendChild(a)},0)}google.dljp=function(b,a){google.xjsu=b;c(a)};google.dlj=c;}).call(this);(function(){window.google.xjsrm=['mids'];})();if(google.y)google.y.first=[];if(!google.xjs){window._=window._||{};window._._DumpException=function(e){throw e};if(google.timers&&google.timers.load.t){google.timers.load.t.xjsls=new Date().getTime();}google.dljp('/xjs/_/js/k\x3dxjs.hp.en_US.A83a9f804i4.O/m\x3dsb_he,d/rt\x3dj/d\x3d1/t\x3dzcms/rs\x3dACT90oF2eNnQs0ONdr_WSmdRg-UEHmCM5g','/xjs/_/js/k\x3dxjs.hp.en_US.A83a9f804i4.O/m\x3dsb_he,d/rt\x3dj/d\x3d1/t\x3dzcms/rs\x3dACT90oF2eNnQs0ONdr_WSmdRg-UEHmCM5g');google.xjs=1;}google.pmc={"sb_he":{"agen":true,"cgen":true,"client":"heirloom-hp","dh":true,"dhqt":true,"ds":"","fl":true,"host":"google.com","isbh":28,"jam":0,"jsonp":true,"msgs":{"cibl":"Clear Search","dym":"Did you mean:","lcky":"I\u0026#39;m Feeling Lucky","lml":"Learn more","oskt":"Input tools","psrc":"This search was removed from your \u003Ca href=\"/history\"\u003EWeb History\u003C/a\u003E","psrl":"Remove","sbit":"Search by image","srch":"Google Search"},"nds":true,"ovr":{},"pq":"","refpd":true,"rfs":[],"scd":10,"sce":5,"stok":"RpyheVPF4cg9ZbQ2umIUDWfG5Ls"},"d":{}};google.y.first.push(function(){if(google.med){google.med('init');google.initHistory();google.med('history');}});if(google.j&&google.j.en&&google.j.xi){window.setTimeout(google.j.xi,0);}
</script></div><table cellspacing="0" cellpadding="0" class="gstl_0 gssb_c" style="width: 510px; display: none; top: 240px; left: 5px; position: absolute;"><tbody><tr><td class="gssb_f"></td><td class="gssb_e" style="width: 100%;"></td></tr></tbody></table></body></html>

11:15:07.974 [Forwarding findElements on session 7836b5d0-bd7a-11e6-9730-e5ec4f8847f6 to remote] DEBUG org.apache.http.client.protocol.RequestAddCookies - CookieSpec selected: default
11:15:07.974 [Forwarding findElements on session 7836b5d0-bd7a-11e6-9730-e5ec4f8847f6 to remote] DEBUG org.apache.http.client.protocol.RequestAuthCache - Auth cache not set in the context
11:15:07.974 [Forwarding findElements on session 7836b5d0-bd7a-11e6-9730-e5ec4f8847f6 to remote] DEBUG org.apache.http.impl.conn.PoolingHttpClientConnectionManager - Connection request: [route: {}->http://localhost:1871][total kept alive: 1; route allocated: 1 of 2000; total allocated: 1 of 2000]
11:15:07.974 [Forwarding findElements on session 7836b5d0-bd7a-11e6-9730-e5ec4f8847f6 to remote] DEBUG org.apache.http.impl.conn.PoolingHttpClientConnectionManager - Connection leased: [id: 0][route: {}->http://localhost:1871][total kept alive: 0; route allocated: 1 of 2000; total allocated: 1 of 2000]
11:15:07.975 [Forwarding findElements on session 7836b5d0-bd7a-11e6-9730-e5ec4f8847f6 to remote] DEBUG org.apache.http.impl.execchain.MainClientExec - Stale connection check
11:15:07.977 [Forwarding findElements on session 7836b5d0-bd7a-11e6-9730-e5ec4f8847f6 to remote] DEBUG org.apache.http.wire - http-outgoing-0 << "[read] I/O error: Read timed out"
11:15:07.977 [Forwarding findElements on session 7836b5d0-bd7a-11e6-9730-e5ec4f8847f6 to remote] DEBUG org.apache.http.impl.conn.DefaultManagedHttpClientConnection - http-outgoing-0: set socket timeout to 10800000
11:15:07.978 [Forwarding findElements on session 7836b5d0-bd7a-11e6-9730-e5ec4f8847f6 to remote] DEBUG org.apache.http.impl.execchain.MainClientExec - Executing request POST /session/7836b5d0-bd7a-11e6-9730-e5ec4f8847f6/elements HTTP/1.1
11:15:07.978 [Forwarding findElements on session 7836b5d0-bd7a-11e6-9730-e5ec4f8847f6 to remote] DEBUG org.apache.http.impl.execchain.MainClientExec - Target auth state: UNCHALLENGED
11:15:07.979 [Forwarding findElements on session 7836b5d0-bd7a-11e6-9730-e5ec4f8847f6 to remote] DEBUG org.apache.http.impl.execchain.MainClientExec - Proxy auth state: UNCHALLENGED
11:15:07.979 [Forwarding findElements on session 7836b5d0-bd7a-11e6-9730-e5ec4f8847f6 to remote] DEBUG org.apache.http.headers - http-outgoing-0 >> POST /session/7836b5d0-bd7a-11e6-9730-e5ec4f8847f6/elements HTTP/1.1
11:15:07.980 [Forwarding findElements on session 7836b5d0-bd7a-11e6-9730-e5ec4f8847f6 to remote] DEBUG org.apache.http.headers - http-outgoing-0 >> Content-Type: application/json; charset=utf-8
11:15:07.981 [Forwarding findElements on session 7836b5d0-bd7a-11e6-9730-e5ec4f8847f6 to remote] DEBUG org.apache.http.headers - http-outgoing-0 >> Content-Length: 39
11:15:07.981 [Forwarding findElements on session 7836b5d0-bd7a-11e6-9730-e5ec4f8847f6 to remote] DEBUG org.apache.http.headers - http-outgoing-0 >> Host: localhost:1871
11:15:07.981 [Forwarding findElements on session 7836b5d0-bd7a-11e6-9730-e5ec4f8847f6 to remote] DEBUG org.apache.http.headers - http-outgoing-0 >> Connection: Keep-Alive
11:15:07.982 [Forwarding findElements on session 7836b5d0-bd7a-11e6-9730-e5ec4f8847f6 to remote] DEBUG org.apache.http.headers - http-outgoing-0 >> User-Agent: Apache-HttpClient/4.5.2 (Java/1.8.0_101)
11:15:07.982 [Forwarding findElements on session 7836b5d0-bd7a-11e6-9730-e5ec4f8847f6 to remote] DEBUG org.apache.http.headers - http-outgoing-0 >> Accept-Encoding: gzip,deflate
11:15:07.982 [Forwarding findElements on session 7836b5d0-bd7a-11e6-9730-e5ec4f8847f6 to remote] DEBUG org.apache.http.wire - http-outgoing-0 >> "POST /session/7836b5d0-bd7a-11e6-9730-e5ec4f8847f6/elements HTTP/1.1[\r][\n]"
11:15:07.982 [Forwarding findElements on session 7836b5d0-bd7a-11e6-9730-e5ec4f8847f6 to remote] DEBUG org.apache.http.wire - http-outgoing-0 >> "Content-Type: application/json; charset=utf-8[\r][\n]"
11:15:07.982 [Forwarding findElements on session 7836b5d0-bd7a-11e6-9730-e5ec4f8847f6 to remote] DEBUG org.apache.http.wire - http-outgoing-0 >> "Content-Length: 39[\r][\n]"
11:15:07.982 [Forwarding findElements on session 7836b5d0-bd7a-11e6-9730-e5ec4f8847f6 to remote] DEBUG org.apache.http.wire - http-outgoing-0 >> "Host: localhost:1871[\r][\n]"
11:15:07.982 [Forwarding findElements on session 7836b5d0-bd7a-11e6-9730-e5ec4f8847f6 to remote] DEBUG org.apache.http.wire - http-outgoing-0 >> "Connection: Keep-Alive[\r][\n]"
11:15:07.982 [Forwarding findElements on session 7836b5d0-bd7a-11e6-9730-e5ec4f8847f6 to remote] DEBUG org.apache.http.wire - http-outgoing-0 >> "User-Agent: Apache-HttpClient/4.5.2 (Java/1.8.0_101)[\r][\n]"
11:15:07.982 [Forwarding findElements on session 7836b5d0-bd7a-11e6-9730-e5ec4f8847f6 to remote] DEBUG org.apache.http.wire - http-outgoing-0 >> "Accept-Encoding: gzip,deflate[\r][\n]"
11:15:07.983 [Forwarding findElements on session 7836b5d0-bd7a-11e6-9730-e5ec4f8847f6 to remote] DEBUG org.apache.http.wire - http-outgoing-0 >> "[\r][\n]"
11:15:07.983 [Forwarding findElements on session 7836b5d0-bd7a-11e6-9730-e5ec4f8847f6 to remote] DEBUG org.apache.http.wire - http-outgoing-0 >> "{"using":"css selector","value":"body"}"
11:15:08.009 [Forwarding findElements on session 7836b5d0-bd7a-11e6-9730-e5ec4f8847f6 to remote] DEBUG org.apache.http.wire - http-outgoing-0 << "HTTP/1.1 200 OK[\r][\n]"
11:15:08.009 [Forwarding findElements on session 7836b5d0-bd7a-11e6-9730-e5ec4f8847f6 to remote] DEBUG org.apache.http.wire - http-outgoing-0 << "Cache: no-cache[\r][\n]"
11:15:08.009 [Forwarding findElements on session 7836b5d0-bd7a-11e6-9730-e5ec4f8847f6 to remote] DEBUG org.apache.http.wire - http-outgoing-0 << "Content-Length: 106[\r][\n]"
11:15:08.009 [Forwarding findElements on session 7836b5d0-bd7a-11e6-9730-e5ec4f8847f6 to remote] DEBUG org.apache.http.wire - http-outgoing-0 << "Content-Type: application/json;charset=UTF-8[\r][\n]"
11:15:08.009 [Forwarding findElements on session 7836b5d0-bd7a-11e6-9730-e5ec4f8847f6 to remote] DEBUG org.apache.http.wire - http-outgoing-0 << "[\r][\n]"
11:15:08.009 [Forwarding findElements on session 7836b5d0-bd7a-11e6-9730-e5ec4f8847f6 to remote] DEBUG org.apache.http.wire - http-outgoing-0 << "{"sessionId":"7836b5d0-bd7a-11e6-9730-e5ec4f8847f6","status":0,"value":[{"ELEMENT":":wdc:1481224508008"}]}"
11:15:08.010 [Forwarding findElements on session 7836b5d0-bd7a-11e6-9730-e5ec4f8847f6 to remote] DEBUG org.apache.http.headers - http-outgoing-0 << HTTP/1.1 200 OK
11:15:08.010 [Forwarding findElements on session 7836b5d0-bd7a-11e6-9730-e5ec4f8847f6 to remote] DEBUG org.apache.http.headers - http-outgoing-0 << Cache: no-cache
11:15:08.010 [Forwarding findElements on session 7836b5d0-bd7a-11e6-9730-e5ec4f8847f6 to remote] DEBUG org.apache.http.headers - http-outgoing-0 << Content-Length: 106
11:15:08.010 [Forwarding findElements on session 7836b5d0-bd7a-11e6-9730-e5ec4f8847f6 to remote] DEBUG org.apache.http.headers - http-outgoing-0 << Content-Type: application/json;charset=UTF-8
11:15:08.010 [Forwarding findElements on session 7836b5d0-bd7a-11e6-9730-e5ec4f8847f6 to remote] DEBUG org.apache.http.impl.execchain.MainClientExec - Connection can be kept alive indefinitely
11:15:08.010 [Forwarding findElements on session 7836b5d0-bd7a-11e6-9730-e5ec4f8847f6 to remote] DEBUG org.apache.http.impl.conn.PoolingHttpClientConnectionManager - Connection [id: 0][route: {}->http://localhost:1871] can be kept alive indefinitely
11:15:08.010 [Forwarding findElements on session 7836b5d0-bd7a-11e6-9730-e5ec4f8847f6 to remote] DEBUG org.apache.http.impl.conn.PoolingHttpClientConnectionManager - Connection released: [id: 0][route: {}->http://localhost:1871][total kept alive: 1; route allocated: 1 of 2000; total allocated: 1 of 2000]
[[[PhantomJSDriver: phantomjs on MAC (7836b5d0-bd7a-11e6-9730-e5ec4f8847f6)] -> css selector: body]]
11:15:08.032 [Forwarding screenshot on session 7836b5d0-bd7a-11e6-9730-e5ec4f8847f6 to remote] DEBUG org.apache.http.client.protocol.RequestAddCookies - CookieSpec selected: default
11:15:08.033 [Forwarding screenshot on session 7836b5d0-bd7a-11e6-9730-e5ec4f8847f6 to remote] DEBUG org.apache.http.client.protocol.RequestAuthCache - Auth cache not set in the context
11:15:08.033 [Forwarding screenshot on session 7836b5d0-bd7a-11e6-9730-e5ec4f8847f6 to remote] DEBUG org.apache.http.impl.conn.PoolingHttpClientConnectionManager - Connection request: [route: {}->http://localhost:1871][total kept alive: 1; route allocated: 1 of 2000; total allocated: 1 of 2000]
11:15:08.033 [Forwarding screenshot on session 7836b5d0-bd7a-11e6-9730-e5ec4f8847f6 to remote] DEBUG org.apache.http.impl.conn.PoolingHttpClientConnectionManager - Connection leased: [id: 0][route: {}->http://localhost:1871][total kept alive: 0; route allocated: 1 of 2000; total allocated: 1 of 2000]
11:15:08.033 [Forwarding screenshot on session 7836b5d0-bd7a-11e6-9730-e5ec4f8847f6 to remote] DEBUG org.apache.http.impl.execchain.MainClientExec - Stale connection check
11:15:08.035 [Forwarding screenshot on session 7836b5d0-bd7a-11e6-9730-e5ec4f8847f6 to remote] DEBUG org.apache.http.wire - http-outgoing-0 << "[read] I/O error: Read timed out"
11:15:08.035 [Forwarding screenshot on session 7836b5d0-bd7a-11e6-9730-e5ec4f8847f6 to remote] DEBUG org.apache.http.impl.conn.DefaultManagedHttpClientConnection - http-outgoing-0: set socket timeout to 10800000
11:15:08.035 [Forwarding screenshot on session 7836b5d0-bd7a-11e6-9730-e5ec4f8847f6 to remote] DEBUG org.apache.http.impl.execchain.MainClientExec - Executing request GET /session/7836b5d0-bd7a-11e6-9730-e5ec4f8847f6/screenshot HTTP/1.1
11:15:08.035 [Forwarding screenshot on session 7836b5d0-bd7a-11e6-9730-e5ec4f8847f6 to remote] DEBUG org.apache.http.impl.execchain.MainClientExec - Target auth state: UNCHALLENGED
11:15:08.035 [Forwarding screenshot on session 7836b5d0-bd7a-11e6-9730-e5ec4f8847f6 to remote] DEBUG org.apache.http.impl.execchain.MainClientExec - Proxy auth state: UNCHALLENGED
11:15:08.036 [Forwarding screenshot on session 7836b5d0-bd7a-11e6-9730-e5ec4f8847f6 to remote] DEBUG org.apache.http.headers - http-outgoing-0 >> GET /session/7836b5d0-bd7a-11e6-9730-e5ec4f8847f6/screenshot HTTP/1.1
11:15:08.036 [Forwarding screenshot on session 7836b5d0-bd7a-11e6-9730-e5ec4f8847f6 to remote] DEBUG org.apache.http.headers - http-outgoing-0 >> Cache-Control: no-cache
11:15:08.036 [Forwarding screenshot on session 7836b5d0-bd7a-11e6-9730-e5ec4f8847f6 to remote] DEBUG org.apache.http.headers - http-outgoing-0 >> Host: localhost:1871
11:15:08.036 [Forwarding screenshot on session 7836b5d0-bd7a-11e6-9730-e5ec4f8847f6 to remote] DEBUG org.apache.http.headers - http-outgoing-0 >> Connection: Keep-Alive
11:15:08.036 [Forwarding screenshot on session 7836b5d0-bd7a-11e6-9730-e5ec4f8847f6 to remote] DEBUG org.apache.http.headers - http-outgoing-0 >> User-Agent: Apache-HttpClient/4.5.2 (Java/1.8.0_101)
11:15:08.036 [Forwarding screenshot on session 7836b5d0-bd7a-11e6-9730-e5ec4f8847f6 to remote] DEBUG org.apache.http.headers - http-outgoing-0 >> Accept-Encoding: gzip,deflate
11:15:08.036 [Forwarding screenshot on session 7836b5d0-bd7a-11e6-9730-e5ec4f8847f6 to remote] DEBUG org.apache.http.wire - http-outgoing-0 >> "GET /session/7836b5d0-bd7a-11e6-9730-e5ec4f8847f6/screenshot HTTP/1.1[\r][\n]"
11:15:08.036 [Forwarding screenshot on session 7836b5d0-bd7a-11e6-9730-e5ec4f8847f6 to remote] DEBUG org.apache.http.wire - http-outgoing-0 >> "Cache-Control: no-cache[\r][\n]"
11:15:08.036 [Forwarding screenshot on session 7836b5d0-bd7a-11e6-9730-e5ec4f8847f6 to remote] DEBUG org.apache.http.wire - http-outgoing-0 >> "Host: localhost:1871[\r][\n]"
11:15:08.036 [Forwarding screenshot on session 7836b5d0-bd7a-11e6-9730-e5ec4f8847f6 to remote] DEBUG org.apache.http.wire - http-outgoing-0 >> "Connection: Keep-Alive[\r][\n]"
11:15:08.036 [Forwarding screenshot on session 7836b5d0-bd7a-11e6-9730-e5ec4f8847f6 to remote] DEBUG org.apache.http.wire - http-outgoing-0 >> "User-Agent: Apache-HttpClient/4.5.2 (Java/1.8.0_101)[\r][\n]"
11:15:08.036 [Forwarding screenshot on session 7836b5d0-bd7a-11e6-9730-e5ec4f8847f6 to remote] DEBUG org.apache.http.wire - http-outgoing-0 >> "Accept-Encoding: gzip,deflate[\r][\n]"
11:15:08.036 [Forwarding screenshot on session 7836b5d0-bd7a-11e6-9730-e5ec4f8847f6 to remote] DEBUG org.apache.http.wire - http-outgoing-0 >> "[\r][\n]"
11:15:08.802 [Forwarding screenshot on session 7836b5d0-bd7a-11e6-9730-e5ec4f8847f6 to remote] DEBUG org.apache.http.wire - http-outgoing-0 << "HTTP/1.1 200 OK[\r][\n]"
11:15:08.803 [Forwarding screenshot on session 7836b5d0-bd7a-11e6-9730-e5ec4f8847f6 to remote] DEBUG org.apache.http.wire - http-outgoing-0 << "Cache: no-cache[\r][\n]"
11:15:08.803 [Forwarding screenshot on session 7836b5d0-bd7a-11e6-9730-e5ec4f8847f6 to remote] DEBUG org.apache.http.wire - http-outgoing-0 << "Content-Length: 55530[\r][\n]"
11:15:08.803 [Forwarding screenshot on session 7836b5d0-bd7a-11e6-9730-e5ec4f8847f6 to remote] DEBUG org.apache.http.wire - http-outgoing-0 << "Content-Type: application/json;charset=UTF-8[\r][\n]"
11:15:08.803 [Forwarding screenshot on session 7836b5d0-bd7a-11e6-9730-e5ec4f8847f6 to remote] DEBUG org.apache.http.wire - http-outgoing-0 << "[\r][\n]"
11:15:08.803 [Forwarding screenshot on session 7836b5d0-bd7a-11e6-9730-e5ec4f8847f6 to remote] DEBUG org.apache.http.headers - http-outgoing-0 << HTTP/1.1 200 OK
11:15:08.803 [Forwarding screenshot on session 7836b5d0-bd7a-11e6-9730-e5ec4f8847f6 to remote] DEBUG org.apache.http.headers - http-outgoing-0 << Cache: no-cache
11:15:08.804 [Forwarding screenshot on session 7836b5d0-bd7a-11e6-9730-e5ec4f8847f6 to remote] DEBUG org.apache.http.headers - http-outgoing-0 << Content-Length: 55530
11:15:08.804 [Forwarding screenshot on session 7836b5d0-bd7a-11e6-9730-e5ec4f8847f6 to remote] DEBUG org.apache.http.headers - http-outgoing-0 << Content-Type: application/json;charset=UTF-8
11:15:08.804 [Forwarding screenshot on session 7836b5d0-bd7a-11e6-9730-e5ec4f8847f6 to remote] DEBUG org.apache.http.impl.execchain.MainClientExec - Connection can be kept alive indefinitely
11:15:08.805 [Forwarding screenshot on session 7836b5d0-bd7a-11e6-9730-e5ec4f8847f6 to remote] DEBUG org.apache.http.wire - http-outgoing-0 << "{"sessionId":"7836b5d0-bd7a-11e6-9730-e5ec4f8847f6","status":0,"value":"iVBORw0KGgoAAAANSUhEUgAAAmUAAAHGCAYAAAA17/z6AAAACXBIWXMAAAsTAAALEwEAmpwYAAAgAElEQVR4nOzdeVzUdf7A8dd3ZpgZBrkURQexgFDUSHQ1jQzNq9QOS7PD6pdtq23tWlZ2udqm2VrbYZdbdtillrotZlp5bVqZLuaZZJqQB3ihgFxzf39/jJggx3dggEHfz8ejRzLz+X6+n+/M93jP51SSk5NVznPpHVo0dREa1Ij9xU1dBCGEECJg6XQ6PB5PUxcDXVMXQAghhBCiKen1+qYuAgCGpi5AIJCaJCGEEOL8pdfrcTqdTV0MqSkTQgghxPnNYAiMOioJyoQQQghxXguU5ksJyoQQQghxXpOgTAghhBAiAEhQJoQQQggRAIKCgnzeZvDgwaxevZrVq1czdOhQv5RDgjIhhBBCnNd0utrDoeDgYAYOHHj67/Dw8NP/jo6OPv3vgQMHYjKZ6lSOwBhuIIQQQgjRRGobfRkcHMzMmTO5+OKL6datGy+99BItW7Y8/X55gPbAAw9w3XXX8dNPP/Hoo49it9t9Kofi64z+anwa424aROeYVoSYDNhL8vhtx3e8+95yChXFp537Iu1PU7k29hAvT5lDbgPupzI18SZenno73S6IwqwHty2PTcve4aGXljZaGQBUNZHpH79A75Yn+fjB2/loT/0/A1W1cvdTE4g9sJxpc9f5oZSBQbUOYvKEQYS581n+/EzWFf7+WanhaTz+6DAiOUr68y+yobDxzqXqlJc3xO0+/Zrbbafg8B6+emM+mYrSqOe/Gp7G409cS+TJTF6d8V6F/anx1/PUn/tB9nKmzV7le96qlbsn30+nEHCf9a4eSn7hjUr7PFN4nzt4YmQcq15+mlW5Dfw5WAcxeeJVkLmUZ8+4PtTwPjz+xAiKVs1h9qqsBi1DXTXWffrM7yOjw908MTLW5++muV2vomqqNY3777qKi9pGYNKD217ArvVLmb14AwDdb32Im3u04+Tur3n2bd/vHTXxR94JCQns3bu32vfT0tJ46qmnTv9dWFhYoaasqtf+/ve/8+233/pUDp+aL9XudzB7ylhSk2IJcRWQk5MHYVaS00bz7FO3+bRjX7VpF0NUbDsiGnQvFanqTXz+7ykM6hZH64hQQkNDiWgdx6C7ZrBk2rWNWBKAEOKS4mgXm4Q1xF95mmnXIZoOcW38lWFgMEcQEx1NtDWJ/oMTKryV0L8vSdZooq2diGvVROWr7FR5rdFRREV5/7PGxpHcawiTXnuYeFVt1PNfKVzH3pMmohPTuOe2rhXeu3vctcRFhXFoc0YdczcTFll+nNFYrVasVivRUeWvRWKuYetW7eOIjupA65oS+Ys5gpioKBLTxjC2+xm/XVu1JzE6mrYRjVEI3zXmfbpVdBzRUXG0NkOr9rF1+26a2/UqzqKqaTw7Yyy9Eq1EhlqwWCyERlrpNXw8M8b2ASChcxeio6KIj23t9/37I+/aaspWr17NkiVLTv9dOSCr/NqSJUtYs2aN7+XQmlBV43l47AAsuNmR/hIvLck8/fqDLzxJSlx/bo2fz4Kshvkl43QBbhc2reW1jmL2jCv57/T7WFzHMnW8ZyBxABxj+Suz+GJfG8ZPfYBuERB3zW30nfI53zVirZ3TAZgcFOd6/26jqhyt7/7d4HbVu2gBp7wWJuaSy2Hx77UZl196wal/uWj6uZtPsXkvxOylzzFtibesqmrl7umTSYvtRO8EKPXx/K+vRTPmcsm7E4gbcidp8x9jnaJgHfoQadF68jLm8faGwjrlqyhZvDJpPOA9xsdnzyDJsIep42b8XjtW0zntdAF2So+DqoajKHUrhya28vPISNo9j7P2vplkKcrp1wPxsmns+3TWkmk8mBFOYa5CfLILcNfpumpW16s4S8ywnlgByGf9woV8fziSEWNHkxgK1suH0OW9H8j8YTVtDrcgZ/Nav+/fH3nXNvoyKCiImTNn0r9//9PBV15eHl999RUAV199NVFRUYC3xmzmzJlYLBafy6G9T1mPfnQJhdI9S09f6OC9yc6a/z2v3ZuMuX0MZOXSZ9QD3HZ1CqF6AAfZ69OZ9vaXAIR3uZ4Hxg4jLsoIQFHuVuY/P4sNhQrh3Ufx6D1XY7XowV1Kvt1ESGkmzz3yYoWiqNY0Hp94M0lRltN5zH1yFlsq3cwNGKjPUyykPOp1uSh15PPdqqV8SxT//msqHP+ZI3ibFZ+aO4sRPWMxAK6ibD6d+QjPLd2DmngTc2f9lZ6xp+o3XEXs/OY9bn3oXRLveIn3J16B+1guzpZxtDa5WP/K3bx48kZmPXgNsaHer6bgwHr+OXY8nx8pL5WRK1/8N3d164gJKMhexYTrJrK1nsGZqsbz8AsP067sOKbYWEKB0iM7+O82GDwkGSPgyNvF3GdmsqFQwdrnVu69rT+xod7v0V2Uy+r5z7NgQyGq2oVx0+8hNTYSgLwDuViijax4+hHScyK46cFHGZ7ivYRxHGHN3Ff5aEMuqhrPuOl/Ob2duzSX1e88z4ItPj54baAH3A43xthLGBSusqpQQQ0fRHerkfzcfCKtplPH3Z1xT91Gapz3YsJdyp7v/8Ozc1dhHXQfk2/pSmm+m6ioUACO7FjGP15cRAEJ/inrmYJ+r2JQlFw+W7eftDFJtIuP4cxK9eo++/knh/HypIHkLXuJZxd7r9H46x/jyRHRLJ0+kSU+PIgVZQsvfrKVWWNSGPX4MNbO3Me9I5OhdBf/emMlKAqqGs+dj49jQNKpDq6OPNbN+xdz12Ux9KF/MrL9IZ6d+CJZioJ10H08dUsc6VMf4cvTTVtmym+DEUBu+fENeoCnbmnP8qmPsCTX+7099+JN5C99jkUAWOj3t9cYERUKuMnd8RXPv7iIQkXRfG/Q6vRt2pLEnx8czKRXVlG5Kq+6fSY99Rr9Q3fx9CNvkEMM9z83mR7GvTw78UX2EsHd05+lu+s7pix1/n7fA/IPZPDOlDfIrEuZNd6nrfEjmHxLV4qO2Im2RgJuDmSsZk9oLwYkef/O3bqUya8sqeUaOfVdPfsIO3wvrZdP12v155z3eu2GuxRCQ43k71jIxE9K/Ho+iKqZQ1p4/+F2Y3OeJHPLBnYSwfRRF8PJbAqADm0TSeoaTQfzQZZsyKX7qIe45+pkLHpw5GWTVRZKotXCjk9mMCuzF889dS36nB0cMnUk2WrBG0ssYloVzZNhZ+Sd/oOZB194mC6WUvbtdxCfZEWP97t/88lZ1V5XNXXM79u3LxEREbRp0+Z0QFZQUMDo0aMpKioC4L333uOzzz4jIiKC8PBw/vKXv3D06FEKCgr47rvvNH+WmpsvExJi0eNm05fpZ72nbJnLhPEPMXddLuFpDzB+eAqW/F2kz53H+j0niUsdzcw/paGqfXh00gjiouxkLJvHwjU7MFlTGD/9YaxqHx6dMByrIY81C+exIrOISIseY5i50j2wK5OfGktSlJ316fOYt2wremsKE164n3BVxdq9D4MGpdGvVxv06Inp1Y+0QYNI627V/KGU27J0FYcADO0YNWk227dv5tuJKWSueIdRd09jj6Lwl4/fZVTPWAyuIg4cKsAQGseYGW9yf6LK9NeneAOyokPszj6EyxBK10H38liKSkhYa0INJiLaxdHaBFDM7uKrmD9lBLGhBuwFhyhwQURsKjMWvMzv4zpMdOzWkZOHjuECIuIG8fT063w+tqoEWSxExcZyeN0yVmTkYolOZviQLuxbt4w1O3IxRiUxbHBXVHUQj4wfQqz+CMvmzWXesgxKQ60Mue0urKrKTU/dT2psJNnrlzFvWQaWWCsWo4UgMwx+8CmGp1jJ3bqCuXPTybZHM2D841wfr9Lvwb+QGhtCRvpc3pq3hnyLlSH330+86lO3x9P2b8vEQRSX9vc2iSQMTiWSPLb8dITy3yN3PjuB1LhIdqxZyNy56ezKM5CYdgOjrCrmkAgsegtRkaWsmDeXZVtziU4ezqN39/B7WV2AIciEqoYTHh6ONT6NPw5K"
11:15:08.805 [Forwarding screenshot on session 7836b5d0-bd7a-11e6-9730-e5ec4f8847f6 to remote] DEBUG org.apache.http.wire - http-outgoing-0 << "BErZm5lzRsrB1X72MTt3UeDWk5jan3BVRVXDGdg3CX3pEXZU31WiWoWrXmHZnlJCk0bywgv3E6t3sOaNU7VFwIjJDzMgKdr7Xc5bwQFXFGljH+bWLipGcxj6sBan8zKHRGHUh1G5xa+8huTM307mkHCM+jAs5WlbRRCpN2I6I2iNjLSzZuE81uzKw3rqO1HVLjXeG+rCAOxKn8eOIohKucnbjHlGYWva56FDpRijutIrBojpRVK0BX1kAr0TgIhUusdasB8q5N57h2N1Z7HwrVdZuC6byNhe3Pvg4DqVV+t9uvzcjrY6WJOeztZcO7G9hjCgQxlr0pexK8+NNWUg11vVWq6RU99VnUpbkZbrtaZzzntMRkJDT7JrzwH27Xf6/XwQVdu7PoM8AH0UA8ZMYu7cd3jt5kSy/7eUqc99RK6i0L5dNKEWC6EtQlD7/In7h58KyPKPYI+MIyk2Cr3eQnhEBBBEqFFPVFwKydFu8ovcgJG4VO95V9mZeQOEWCwYLVEkJlk5mVeEGwi1pnDnuMuqPQa3++xeruWefvppJk6cyJgxY06/9umnn6KqKmFhYYSFhaGqKp9++unp98eMGcPEiRN5+umnffostdeUnWo2KDpVY6Oq8UyePYXE01ejm13pz7Kra0cgl3cemckGRUFdm4Hl5Vmk9O5Lr2wbVmDHvJnMXpULrGIf05g0oBNX3W7GCmyd9xgfrVPgy1UYZrzDgKiKN2zL4MEkGiFv60pW78jFTBb/TUhgeFI3hiUkEHf/eBLPqIVMGTGWFIDcFazbssCnD0fZ8y5D7nQwd8afSImNwICBiNiujBg/g2uGXc7Nw35kWDdvLdimj59i7Is2Xl/zKv1at6bvtd154/XplPTqTF7GGo52uIYH/9iO1gZHpWr4Y7x/5wBeLOnIPU+8iwmwZ6fT6/qpqH0f4t9P9ONkpSfq7sUPMWraKh5a8D13dQ3Fmpjo03FVR28A94EVPDt3Map6kIvfH09U9len/t5L0vsTvAkjclm/bh3OrV+TngVd4438lteL5MhwIriM7nEWHNnLmPb2YgCymMqU4TFAApd2iYSiXSxduhF7OCz98kImjE6hW48EMvQGQE/bhARarN/I3Lf2EWU/eDoI8IUBsOds4peuySRfejksyaJfzzjIXcH3xzowwHsg7NuyhjX/28OH6T+T0DWevYfySYoOPbPSiox3HmPBBgV15TZiXptFSvcrafOb/8oK3uAkdsgE3h9S8fXcjP+wJFfh+vIXavzsN7NiYx7jU7sxLAHmM5ieUZC7bkWdy7Voxqd0f3cs1igLR9bP5aNMbz6q2odLEy24D6xg8ive62ptppM5M4bTo/9gvL8Lz2zg8/5bWxNUpbRV1HZnvPMIH21QUJdn0Pq1WST3HELyAVsN9wZYUMc++SYymfnmOuZMSiNt7MN8PeXn00cWUcP9qN1n3+BIHUK3XjF840jCW9dqIbFHAhEl3QnFwQ+rdxHXE7BE0jGxA+vWfsxbe9tjP/hr3Qqr8T696NRfGW89xkcbFMIdScwancTWT5/no3WFhDs6Mmv0BVjMtV0jvnyv1dN2vV5W4zm38dRvl4y5zzB7XSHhgx5glg/nw9ChQxk2bFiF15YvX86XX35Zz6M79ym5X/LIdCePj7uOxOhQ9OgJjY4jbcR4Lr8smamPzcF5xtCeEQOS0QOO3HWMnzwXVR3Ec++OIfqMZ7c3dR4LH36E5QU9mD5nArHGCg0KpzkrDRsq/+vAin8ydUEmo6a+wfA4C5Ht2ld7DDUFZVWxWCwVptHQ6XR1aq6szMcpMSx06BIDubnAcf733XoKWoDTEktqSmyFX7Llg0AVpZDdR0pJCYOgEDPg5lBWDuC9uRec9N5xvbGvm6MHf9/byRI7Z1QRARAa4Y2Eo1JGMyXlzHeKcLKXN6ZOJoQSSqKv4/kJffnu1af5/AiElPy+T61Srr2Dq7pY+f7lUYxdGc7g0UMYduN1DOraDkPsQG4ckX+643XPu15ix12/bxtz8R8w04vhQ1OJGDGq+p0U7WPNFlCUPZhPzV3nOOm9oyrfvcSo4S+d+nzKD7aIjM9XAgp2l/ckcvh0VDXQQ/7h8lqZo5S4gezygLCQEre35UYpzKTAMIqbJsxgxJnbl7qwJcQRBeRk/t50sjfzAO7hMQS17ESkETAmMX7KlAq7jkhIZvnMuXR8diwpyWmMSU7D24TyFds2763TiDG941dWbM0jObUrfayDSI6GPQuXczzo/lMpCvj1KAy7eTzvVzyQCg+ZopPe/ytKIbtzSklJbEHmi3OJ8WdZgbwda1jz80mMxiCCKGHvjvVsyarUHFqws/rPHti57DvuSB1Bj4GXke3qjZEivvtsM76e++UUZR3f7RnF6CQ9m5at/T2fmGhCgf3bt/2eOCeTfY7hxLdtXa9uA1Wp3H/rzO/k55xSkhNNtIrw3tGrvjfUQ1AESuZc5mV0YmyvZCbcG3T6pt+qpvvRkY1klQ4hvls/hrk6wJEd7NAn06nL5QxzXQClv7B2717WzlvDxJsHkDJgBCkDRoAjn/WLXmdLnQd2arhPOwEcHD166jiMeqCUnF8LAIVW3pZxnBqvEX+o9XptWcs5l+Mt19HyY6jxWXG28uCrPDCTgEy7+D6D6B3Xmu2fTmHm5hB69OvFZf370isuCn10T/olzKH0jPRBpzoGGPXlV3YmR0shOrRSxqX5/FIAUEiJCzD68gOglO0bdwIKzlPPypr6gbpc1b87Y8YMOnbsSHh4OEOGeH85Dxs2jM8//5wTJ04A0LJlywpB/VdffUVRURG7d+/WXGLwISjbu2M3pSMSSR52C/ErXyRLKWTVgrdZBajh19NzViwAQVWMYGgbaQEMGIMA9ES2j4BTDxvzqTYKPWe/FxZiOmvcvLPE+8Ke9Ok8e6pTtLX79QzvaSHzOBQW5lIIqLgwYsRVmENhrkJhHR5Kl4++lzHdQuG6i/ll5e2sWrSHlXtasenDUZhwwL5M8lwQaoBN70/mH2vyGXLjzSRH5vP9p04mzk4lAheb5j3F2Jn5fLJpNl0rN1sbz55F2BjmHWakJj7EivkjIfcX3vnTq79/Bj4fiTYGoOyMqNgAuMvsFf4GsA59jDGpceTvWceb6WvZkpnFrdPeYUg0sDeHk0B0QiLgDcwSusSiB5wn9lHkhqgjaxg7+SPvMYZ3587RKeRtyiChXypH/zeXu9KzuGzwYFKvvJLklMEMS1hUp1oOQwhsXr0ZR+oQRt4/jEjySF9eQMjph0sP7h07gOjSA6S/9QkZP+yEEZOZMeKCM3KpeAK2j7KAvRhLvwT/lhUo2vs9X35Z88Ythz1e/WcPKLlL2JR7LWk9RzKSKNwH1vBlPacRMJZ3gD3zF2pOPqVAh0u6wan+a0RcQJQR8g7kwKlBUOWxmc2X339Bhooblzgrbe2g7NR7qhpOxxgL2O2UlHhfq+7eUF9r33iVni9PIzkpCYDD2LDVeD/ay9GdeST1GshA9OSu+S//NbQhOW0AQ4Aj6zeRQwLDYuDrNx5kZUE8w/pdxuCBvUi96SZWr5zpcw2n1vt01Qxn9ZfTdo34R63X64lazjniKhxDzd9N1WU4MwiTgEy75AE3MCTRAn3j2HffDLasy2XzwTDmTBmAsYpQ6GhBKWDBTSjhqkpBQi/aVw7IGllNQdkXX3yBy+VCURR69+5NeHg4rVq14q233uLrr78GvLP7t2rlfXYXFhYydepUVFXFYDD4VIOm+U6pZC3m0/XdGZuazJTZz5GxYRO7D5XQLu4SuvdOwgi4nDY2b9vH8LhExj51N3y8lrYD7yItGop2ZPDNSifXDI+j15hHub7oXfa06sc9Q2LBfYCdH68hflAive78G2NDvsbWeRADrHoqhNcYKF2+hiOjk0gcNo5b8z9ko6ML4+4ZTrQ+j1/mzP+9QqAkm4wdGWTX42b8+sJvGd9tGIR2Y/aW9Rw6ZqN1u9beD811iMwtn0PWVOI6mug58l4e7ljGpakdve//74VTp6KB6E5X8vq/u50KyIJpH1ux+q/F6f2t54/dhmGKG8X3X/fG1qIdrU0GiHSw9Qj4ZxGH2mgfz152"
11:15:08.806 [Forwarding screenshot on session 7836b5d0-bd7a-11e6-9730-e5ec4f8847f6 to remote] DEBUG org.apache.http.wire - http-outgoing-0 << "7ABZOTaGjp3KkNjy72otG/fczPCkEUz9UxDr89tww/A4vG/uZM9+B3Fx/XjyjkN88v1xBt5+D6lxFnZlf40xdTBD4q6mDe+wKCOTxEvTAHDWudbFDHvX8kvREJKtkTiyV7BOUYg/9W4QoRgBSo+z5+ccIvrdydgR3n5cv4fKevqNfZxDc5cSdPktpEbBkfXriek/1s9lpep6+QoMlNfRVP3Ze33930zSxiQTBWxd9Xk9ClSpeGf8W1HWsTP3TgbEDuSxW4+xdJeDwTePIBLY+suv0NIF+gu46abLWHc0kduuLT8HKipvrTjzyI8fLQTiSL3rTvam7+GyMcMwVtjKyPAHH+fom0sJuXwUKaFwZP1aMpaj7d5QR4qSy4uvr2b2lCF4f2aayVm+tsZ9rv1mO3f2GoAeN7/+uJnNpp6406LR42Dn92uBy+g3ZADRfeMIeuNjtm3Lpu/AXkSWFFGXW5fW+7R2Wq4Rf6ntel1b8zkX2bdCbrV9N9WdDxKM+S59zVZGJKaCJZFJ784mL99OZFSk9/p2Hyd7b8VGr20/ZUOvKPTRvXhx9mu4LaGVrvFTGnF6+5qaL8uDqkcffbTCtBctW7bk1ltvPSt9eHg406dP5/nnn/e5HD4d8rq3J+MofoDR/VPoNWA4vU697i49QsaKdGYvyQKeZWHMNEb3SmPCFO+DqujAema9uBxFUXh5biyP3JnGiAmnmq9Kc1n2xhQ2KAo/TI5k+uMjSRs9Bhz55Dsg0mA4dcN2gb2YAn7gH2/F8bexQxgydhJDANz5rJv7MuvO+FWpFG5g9ksbqM+dWFn6OJMTQ3jw9n60NoTSrp03lHcVZPPxkyNZqih8PvIJ4pY/TWpsLKmp3nJmr3qDez/6kDu6j2TSoDhiew4iliKOFdhpHWGi2/BrKck4Vd9V5qT4jP091aUNU8f0JLSddwSkqyCbd58cz266n6q0+f3EOVlSBkRgK6vntACu3/9nqPRyVX/nLF/KjgHxJKeOYVYqQBG5uUVYrW1JjoFFM54kePJTDEgdThxuirw/igCY//QrtHn2flIGjGGKt6MIuRnpPLcqFzVzEd0ev4WUEeNJGeE91ux1H7K4DpOEugCX0/sgXb8ll+Q0K5nrzxwubafUtpa1GVcxulcKk2bNArwjRd2xVhJ7dGVjeZVkWBJjJnlrR/Kz1/HqnB/IiWnht7KWl7fWFPZi9i3/qsbPPisXclb+l9wxyVgde1i5tqDmKSY0cJy6WZVWepZ/+OQbtH7uHpKHjCFpCICDXSve4pV1uagHV3DZYyNIGT6eFCA/9whua+hZD3LbqXP6zKwL1i5i3aAE0hIHMGHSACjKw4F35J/Ncer8tyQxtvw72bOGf8z5AUVRNN0bfOE9j34vnZK1gHfWJDJhgHeyHEXZUPM+d37PntIBJBn2s3UnwA5y3anElv7C6p3e7T9M7839I1IYPWkKowEcR1j20bw6T/Kq5T5tHVpxUg/v51rV3zVfI2tLztyu7hOFaLteIb2Gc67yMdX63Qi/UTa8zVvtLYy+OoVIvYWoU6Nd3UW5fPWm9/le3i/WXlxC4brZTA+5j79c041ISyiluQcoiY4lUg/FBQW/Z+w6I1Cq9Pyrir245Iy/fk9bYrMDobhd1bcz1danrF+/flx11VWn/y4uLqZFixYV0pz52lVXXcXGjRtZu9a3aTp8ntG/nDU+3hss2Y6TlXt2UKCGW+kaE4GtYCdZlR5UqhpOQtcYzLYCMrO8A+FV6yCmP34V2fOfYe6GQlQ1nAdfnkUKGTw48Y0qb1DxXbpgttnIzGr4WbVT+valBVB8ZDdb9xw96/3ElL5Et4Aju79lz9EzZqROTOGKaNj97RbNc4qpaiJXXBENxUf4busefx2C31njuxBBxc9fVa2Me/YRYn9LZ+rb3lnQu4+dwYS0KFZMH3d6fqTw+HhizGYKcnaSW6l5zRofT4QZcnbWrX+Wr1RrPF0jzi5L/PVPMmVEDOmT7+Mbc1da2c4+lxu7rL/v9+zPvpwaPpSXZ42GjLk8NLvhV2rwfpdVfwbeazSHzMp947Tka40nJgIyM6u+vuO7dIGCnCrvP415b/DHPqu6J/pDbfdpzeWr5hppKjWdc1VpivPhfBXfpQtmwFbNtQkQP/QhHhtxISfz8/juw6dJLxjGc9NGE60vZVk95hatD6vVSm5u9deewWDghRdeIDk5mSVLljB16lQmTZrE7bffDsBnn33G008/zbRp07j++uvZtm0bjz76aI3NolWpc1Dmb2r4IF6YNYYoSjmwJwdj23iiQ/Vkr3iVaQu2NHXxhA/umPEOA6x68nOzySOCRGsk5GUw+ZE3GnWJrPqKHzWVKcM7sGL6HxtsUmR/UtVw7p4+nbTYUKCI9Ml/ZUkDL0UkhBC+UrvcwZxJA85usnTs4Z/jZtRtjr56atOmDUePnl3hUk5VVRwOB1dccQVr1qyhRYsW3Hjjjdx/v3cgygcffMCHH35IcXExAwYMYO3atZjNZhQfj0UfHR399/ociL8o9ixW7CnhQms72rQMB9sRtq76iJcXS0DW3Gxb/RNBMVaio1sSqnNwcOd6Zs94j/3NKCAD8Jhak9CmjJ3/28C+osAvu6LYibqoF7EtytiydC7zt+Q1dZGEEOIsyrHtZOZbiI4w4nY4sZUUcSR7Mx89/yo77E1zrzWbzZSVlVX7vqIo6PV69u7dS0iId2Rv69at6d+/P+Dti5iVlYXRaOTXX3+tU0AGAVRTJoQQQgjRFMLDwyks9K2Jv6ys7PQ2YWFhTTFPmRBCCCHEucXXyWMBgoODCQ4O9ms5NC+zJIQQQghxLvK1Q35DkaBMCCGEEOe1utSUNQQJyoQQQghxXnM6G2qtHN9IUCaEEEIIEW8cvJwAACAASURBVAAUytcCF0IIIYQQTcagqhKTCSGEEEI0NWm+FEIIIYQIABKUCSGEEEIEAAnKhBBCCCECgARlQgghhBABQIIyIYQQQogAIEGZEEIIIUQAkKBMCCGEECIASFAmhBBCCBEAJCgTQgghhAgAEpQJIYQQQgQACcqEEEIIIQKABGVCCCGEEAFAgjIhhBBCiAAgQZkQQgghRACQoEwIIYQQIgBIUCaEEEIIEQAkKBNCCCGECAASlAkhhBBCBAAJyoQQQgghAoAEZUIIIYQQAUCCMiGEEEKIACBBmRBCCCFEAJCgTAghhBAiAEhQJoQQQggRACQoE0IIIYQIABKUCSGEEEIEAAnKhBBCCCECgARlQgghhBABQIIyIYQQQogAIEGZEEIIIUQAkKBMCCGEECIASFAmhBBCCBEAJCgTQgghhAgAEpQJIYQQQgQACcqEEEIIIQKABGVCCCGEEAFAgjIhhBBCiAAgQZkQQgghRACQoEwIIYQQIgBIUCaEEEIIEQAkKBNCCCGECAASlAkhhBBCBAAJyoQQQgghAoAEZUIIIYQQAUCCMiGEEEKIAGBo6gIIEchK7SoHTqgcKfSQX6JSZAOHS8XjAYMeTEEKYcEKrVooRIcrxETqMMpVJYQQog7k8SHEGQ4XqmTsdbP9gJvMHDeHC1Sfttcp0CFKR5cYHd066OkVryfcojRQaYUQQpxLFFVVfXvqCHGOOVaksnKHi/9musg66vFr3grQ7QI9gy42cGUXA+Ygv2YvhBDiHCJBmThv7TjgZtFGJ+v3uGmMqyDEpHBNdwMjLw2iVQupPROBY85PC3l758Ja02XcvLgRSiPE+UuaL8V5Z+dBN+9+42Tbfnej7rfErvLpBifpm5zc0CuIMalBWEwSnAkhhPCSoEycN44Xq8xe6eCbn11NWg67Cz75wcmK7S7+epWRtCS5DIUQQkhQJs4DKrBiu4s3VjoosQdOa/2JEpWnP7PTv7ObiUONtDBLrZkQQpzPJCgT57RSu8oLyx2sbeLasZp887OLXblunh5l5qJomTpQCCHOV/IEEOesnBMe7nvfFtABWbnDhSoTPijj218Cv6xCCCEahgRl4py086Cb+9+3ceC4f6e4MBkgIkShdZhCZIhCkN5/edtd8PS/7SzdLIGZEEKcj6T5UpxzNv/m5m+LbNid9csnrrWO7hfq6RKjo0OUjvaR"
11:15:08.806 [Forwarding screenshot on session 7836b5d0-bd7a-11e6-9730-e5ec4f8847f6 to remote] DEBUG org.apache.http.wire - http-outgoing-0 << "OkyV5hlTgWKbSs4Jlb1HPew86ObHbDd5RXXsu6ZAsLF+5RZCCNE8SVAmzinb9rn520Ib9jpWNrWNULj6kiAGJxtoG157x3sFCDUrJFkVkqw6hqcYUIGfczys2OFk5Q4XNo3BoaLA49eaGHSxXJZCCHE+kru/OGdkHfXwt8X2OgVkF0TpuP3yIPp1NqCvZ6O+AnSJ0dElxsQf+xv5LMPJoo0uyhzV155JQCaEEEKeAOKcUFCi8uRCG6U+TnkRbFQYmxbEiJ5B9Q7GqhJqVvi/K4xc0z2o2jnSJCATQggBEpSJc4BHhWnpdo6d9C0g6xKjY8oNZtqENfz8YK1aKEy5wcQVnfS8uNxB6alaMwnIhBBClJMngWj2Fqx3sm2fb0smjegZxJ8HGTE08vjj/l0MXNRWx+SFdnLyPRKQCSGEOE2eBqJZyzrq4cNvHT5t88f+Rm5NDaKp5s9v31LHq3ea+TnXQ5+L/DinhhBCiGZNgjLRbKkqvPylHZcPU5GNG2Dk5j5BtSdsYOEWRQIyIYQQFcjksaLZWvmTi8wc7RHZyEuDGB0AAZkQQghRFQnKRLPkdMP767Q3W6ZcoOfegcYma7IUQgghaiNBmWiWVu5wcaRQ22jLsGCFJ683oZOITAghRACToEw0O6oKCzdqX0Ppz4OMtGohEZkQQojAJkGZaHa27HNrXmi8S4yOwTLlhBBCiGZAgjLR7Hy1Tfs6Svf0N6JIJZkQQohmQIIy0azYnfDdbm1BWZJVxyUXyLQTQjQbqsf7nxDnKWnXEc3Kln1u7Bq7k93Qs+kmiG1W3G5ce3bh2L4Z155fcOccwHPsCGppKarDjmI0oVgs6FpHo2/fAcNFnTB264Hhok6gD4CgV3WhFm1BzV+HWrQFyvai2g6CuwjcpaAYwBCBYrJCSEeU0O4oEVeghPX0vtfECktVNmW7+emAh71HPRwu8FBYquLygEEPkRaFmJY6OrXT0StezyUd9A2yTmtjUm1lOLf+iLP8nMs9iCf/OKrDO6JaMZnQtYzynm8dO2Ps0Yugi1MC43wTogEpqqr6tmCgEE3otRUO0jfVHpWZguDfD1gINkpYVh3Xr79g+/Jz7N+swlOY7/P2uohITP0HYx56HYaEjg1QwpqpRdtQc+fiOboYHEd9zyCoFbo2N6LE3IMS2t3/BayBqsKGX918vtnJpiw3Hh/uwi1DFK77QxA39DTQwvz7+f1Npotvd9e83NiFUTru6Hv2XH1zflrI2zsX1rrvjJsXay9oZaqKM3M7ZUsW4/j+G1S73afNdRGRmK+6huAbbkEX1bru5RAigElQJpqVce+Usfdo7c0b/TsbmHKDqRFK1Pw4d26n9IM5ODb/z295Gv/QG8td4wnqfLHf8qyOWrgBT9Y01BOr/JanEtkPXfzTKBGpfsuzKiqw8Vc3b//XwW/H6tdMFxqscO9AI1ddYkAB3lvrYN73Nf9g6dZBz0u3m896vaGDMufPP1Hy9ms4t2+p0/ZnUoKMBI+8Bcvtf0QxB9c7PyECSdPX3Quhkd0JWRofZN0vlGaOyjyFBZT862Vsq770e96OHzfi+HEj5sHDCPnzRHRh4X7fB8483LsnoR6e5/es1fy1uH/sjxJ9M/qOL4HR/zUxJ0pUXl5uZ/2emmuztCoqU/nnF3Z+zHYzaXhg/gBR7TZK5rxG2ZJF/svT6aD0kw+xf7OK0MnPNMoPASEaSzPvmSDOJ7/ledBar3tJBzm1z+Tcson8P93WIAHZmWwrl5M/7jac2zf7NV81fy2ujX9okICswn6OfIprYw/U/G/8mu/WfW7+9HaZ3wKyM63Z6WLKIpvmvpaNxZ1zgIL77/JrQFYh/8O5FEwch+3rLxokfyGagjy5RLNx8IS2WjKjAWJbyqldzrZ8CQWP/QXPibxG2Z8n7xgFj9yH7aul/skv933cW64G+yG/5FcrxxHcW4biyXnbL9mt2OHi0QU2CkobrqfIpmw3i/8XOFGZ69dfKJjwR1y/ZTXwjlwU/XMaZf+e37D7EaKRyJNLNBtHT2p7qMW01MncZKeULZpH0UszwNPI0wx4PBS9MJ2yfy+oXzb7X8Hz8zhQ/V/DVCPVjWfX/Xj2v1yvbL7c5uK5pXbc59EsD67f9lIw6T48hQWNts/if83Ctjy90fYnREORPmWi2dBa0xAd1vAR2eOf2MjIauRA4Qz/ftBChKXm47R9+TnFb73SSCWqWvG/XkYJDcM8ZLjP23oOfYBnz6QGKJUPZdjzGBgi0Vnv8nnb73e7eXGZbyMMmzvPieMUPvEAalFRo++7aNZM9NZYglL+0Oj7FsJfJCgTzUaJTVtQFmI+96vJcvPVGoMy588/UTTrH3XOXxfZEl10OxSTGdVuw3M4F0+B79NmABS9NAPDBXEYOnXRvI168n94fr6vTvsDwNQOxdwBdBbwlKKW7QPH4Tpl5dl1P0pIJ5TwyzRv89sxD88usVHXBsvWYQptwnQE6aHUrnIwX6XUHuAD5VUPJ/8xBc8x36cnUUwmDJ26om8f6z3nSopxH9iHc88ucGlcwcPj4eSMyUS+swBdeKTPZRAiEEhQJpoNl8aKqeCzp2E65+QVeaiu94FaWsLJ6U+C27eaPENCR8zDR2Dq0xddm7Znve8+cgjHhu+wLfsPrqxftWfscnFy+hNEzlmAYrFoSH8S947bQPWtj5QS2gMl5o/oooaDyXp2AnsOnmNfoOa+g1q0TXvGqhP3T3dg6L0ZDGG1Jne64Zkldmw+dvHq1E7HtT2C6HORnsiQigG3qsLeox5W/+Ri2VYXJQEYoJV9/m+cWzb5tI0hqSuWUbdhvCwNxXT2CFK1tAT7NyspXfAB7kM5tebnyT9B8avPEzal7j9IhGhKEpSJZkNrPzFfJuJsrk6WVf9eydw38RzVXiukax1Ni788gik1rcYPWR/djuDrbyL4ulHYv/svxW+8iCfvmKZ9uA8fouTDObS498Fa03qypoFtv+byY45F3+lVlKhhUNMaDqYYdO3HQ/txqMc+x/3Lg2Cv/UEPgG0/nqyn0HWsvY/ZJz84ydYwl165NmEKD1xtovdF+mpLryhwUbSOi6KN3JYaxJz/Oli+VfsasA3NU1hAybuzNadXQsMI/eskTFcOqfGcUywhmIeNwDRoGCVvvaJpJKd97WocQzdi7Nlbc3mECBTS0V80G0Eapx4rczRsOQKBzVF15One/xtl6dqnIDD2uoyWc+Zjuryf9qhXUTBdMYDIOfMx9rhU877KPvsE94F9NaZRS3bhOfi65jyVqGEYem9GiRpOjQFZxa1QWl+PofePKC0Ha96X5+CbqCW/1Jgmr0hlwXrtJ2CveD1v3xNMnxoCsspCgxUeHmbiietMAbPcUtmnH6KWlmhKq78gjsg3P8I04CrN55xiNNLir5OwjL5DU/qSOa/IGpqiWQqQS1qI2rXQ2FesWGPfs+bMVc3zpnTB+5ofRqa+/Qmf/iJKaGidyqALCyf82ZcxpqZp28DjofSTD2pOsu95zeVX2tyI/pLFYKjjRLVBLdGnpKO0vk5betWN57dna0yy4Acndo0VWH0u0vPMTWbN53Vlgy428LcRpiZf31UtLaFs6Wea0upjLyDipbfQR7er075C/nifpiW9XFm/Yl//bZ32IURTkqBMNBuV+9lUJ7fg3A/KdFVcuZ7jx7Ct/krT9oaOSYQ++QwY6tmDwRBE2ORnMCQkakpuW/UlnhPHq37Tfgj1sLYpNJSwXui7flD/BcWVIPQXf4QSmqIpuXpkYbXzpRXZVL7cqq0jWXwbHVNuMGOo58ITaUkGbq9iLcvGZF/zNWpZaa3pFHMw4dNfRBceUbcdeTw4Mn7QXLtW9tkndduPEE1IgjLRbESHa7sZHy7wVFuTdK4wVRGL2FZ/rW0+MkMQYU8+g2I0+qUsislM6BPTQa8hwnC7sf93RZVveY58om0+Mp0JXdcPQOenpYV0wd78FA3BjerGc7jqiUrX7HRpqiXTKfDkdSbMfoqlbu9r5MLWTXcr1/pDIOSu8ejbd/A5f09hPqWffMiJO2+g8G8P4fq15ibkcs5tP9baXC5EoJGgTDQbsa20na5uD2T50NG6OQox"
11:15:08.807 [Forwarding screenshot on session 7836b5d0-bd7a-11e6-9730-e5ec4f8847f6 to remote] DEBUG org.apache.http.wire - http-outgoing-0 << "nR2g2tdqW6A7+IbRdXo41sRwYTzB147UlNb+zcoqX1ePaFvsWhf7FxTLRZrLpoUS0hld+3Ga0qpHq26qW5OpbbTr8O4G4tr479Zr0MHd/fwTYPtKLSrC+dP2WtPpWkZhvn6UDxmr3mldnvs7x2++hpJ3Xsd92PcVHcqW/cfnbYRoSjL6UjQbsa288zY5NTz7tu1z07Ftw/3mGNEziL6dtF8+1bW4VH45+5iHzzJqbwKLqDxlQnERrt27ai+IXo9l1G21p6uD4JvGULZkca19wpy/ZKKWllacHsNViFr0Y+07UQzoYifUs6RV03V4CM/Bf9VafvXkJnDlg+H3ubCKbSo7D9Z+YirALX38H0ClJuppF6FwqJGb7p0/bdXUB9A87HqUoNqPW7XbsK9ZQdmSRZprxGrijzyEaEwSlIlmw6CDTu30/KTh4bcpy81NvRuur02fi+rZGagan2/W1iepTaVVC5yZOzQ9HI09LkXXqnWdylYbfXQ7grp1x7m1luDK48GZuR1jzz6nX1ILf9BUfqXVEDDVrZN4rcyxKJFXop5YXUtCFbXwfyitrjr9SmaOB1VDPHTJBXraRvi/a76iwJVdDMxf37jrXzp3/6wpnenyfjW+7z64n7Kln2H7eilqcT1XAzAEYeo3kODrRhHUJbl+eQnRyCQoE83KJR10moKyzb+5KShRz6pRCnS/HtYQmCjQNrxiLaB7X7am/I29L69TubQyXppae1DGqfKeGZSVaKjlgwqBUENQWg3REJSBWryjQll+PaKtubyhgnmAnnH6Rg/KtJx3islU9YhJtxv7xu+wLVmM48eN9S6LProd5mtvxHz1degiZEZ/0TxJUCaalUsTtD14PCqsyXRxY6/mNb1/Zk7tD/eYSB3GSleuK+eApvx9WeqoLoKSLtaUzn2w0uSwpXs0baeE9fS1SD5RwnppS1hWMRjJOaEtKEtq13BN6okNmHd13Idza02jbxdTYbiwJ/8Eti+XULb0MzzHjtSvAIqCsddlBF83CuOlqVUPSxaiGZGgTDQrXWL0RIQoFJTU3lb0WYaT6/8QFDATbNbmeLFK9rHaH+4dq3j4qoUFmvaht7b3uVy+0Jq/p1J5VWeepu2U4ASfy+QLrfmrjorBxPFibX25Ylo23MloMSqarw1/UU/Wft4poWHejvuZ2ylbshj7utXa17OsIc/goddjvuaGBj+nhWhMEpSJZkWvgys7G/jPptpryw4VqKz92cWArs3jNP9+t7YHVdeYKoIyDfNEAehCa1+7sT4UjfmfVV63ttngMdRxjiutglppS1epvFpXkQivYRF5fwgzN3JQVmarNY37UA7548f4tl5qNYI6X4z5ulGY0gZWuVamEM1d83haCXGGoSnagjKAd9c66NvJcFZzXyBauUNbUNb9wir6JWldfLyBu9gpWuYqg7NrSlQtx66A0sDVnorG8leaT82jpZc/oG/gz7/xa4VrP25P3jHNa6RWRTEaMQ24muDrRmHomFTnfIRoDprBo0qIihLa6EiO1bPjQO2ByOEClU83OLmjiWc9r82uXI+m/mRtwxU6RJ395FWCLVWkPptaZqs4FYWfeTSuf3hWGfQhGrZSvTVUmtLWkfuktnS64Ap/Bhk0zjLvULFUMcecv5RVsyZqg/HTBMRV0cfEEnzdSMxDrq3zUmBCNDfNpLeNEBXdcpn2IOvj7x2aR8c1lffXaWv/6tfZUGVllxKiLVBxHz3sQ6l85zmibYJPpUWlh6zG9StVm7YBDXWllu2vPRGAsWIzZ3iwtkDr6MmGC5pUVXvfNn/Rhfm5OVnRYbq8H+HPvUbL9xcRPPI2CcjEeUWCMtEs9b5ITyeNo81cbpj2HzuljV2LoNH3u91kZGlrfhx8cdWV21o7Ozf0ZJquX3drSle5vEpwvLYdFG/ztUg+UTXmr5gvqPC31iXAGnKliZx8j6aJlf1JF93WP/lEtsQy5m5azV9C2NP/xPiH3g3fVC1EAJKzXjRLCjB+gPamk5wTHqZ9Zg+4NTGPF6u89KVdU9qL2+urXZ5H67JJzq2bNJetLhxbMjSlq1xexVLFPFZVUE+s8blMvtAyRxl4l2U6k9a1Jzf/1nBR07b9jX9yGzrE1Wv7oEu6E/a3GbRasJSQsfeiax3tp5IJ0TxJUCaarW4X6OnfWXu3yIwsNy98YccTIBVmZQ6VKYtsmkfLje5TfZOtobO2mcvt33+D6tA4VNBHqq0Mxw/fakp71kzr4b01bec5tgQ8tY/4qxN3CeqxL7SlDbu0wp+drdpupd/tdjdYbdZ3v9Rvmom6MCT5Pu+dEmwh+LpRRL6zgIiX3sLUfzAYArvPpxCNRYIy0azdP8RIqFl7x+mVP7l4Jt3e6M08lZXaVZ5caOeXQ9pqNy6K1pGaWP3IQH3bdujb1r78kFpUhH3lMs3l9IXty881Tc2hj4k9q0ZEMV9wVpNglZwn8ByeX9ci1siT+z64a1/iRzFfgBJcsawdonREhdZ+HhaVqaze6f/g6XCBqrkJ3J+CLulR/cKulehjL6DFA4/R6tPltJjwKIYLG3bOOSGaIwnKRLPWMkThwaG+jQBb+7OLxxbYONGI8zmd6dhJlYkf29i+X/tDdPwAY63PPuPl/TXlVfLhO5rnNdNKLSmm9OP3NKWtbh1EpfX1mrb3ZE0Hd7HmsmniKsTz20xNSb3lrPhlKMDlHbXV2n74rQO7n1dD+vh7h6a1N/1NFxZOUNdumtIaLkwg+NqRfh396zlx3LvuqxDnCAnKRLPXv7OBa7r7NrvLtv1uxr9Txubsxq1d2JTt5t73ynwaDXplFwM94mqfP8s8aKim/DzHj1H85iua969F8esv4CnM15TWNLDqcirtxmjbmT0Hz69PaC2aJp7dD4ND25I/1ZXzqku0nYNHClXe+cZ/Tcg7Drj5alvjN12WMw+6WlM6+7drcGz83n87drs5+Y8pFDzwJ0rmvIpq19Y3U4hAJkGZOCf8ZYiJLlXMdF+TEyUqkxbYePZze4PXmp0sU3n5SzuPLbBRUKp9X61aKPx1iLaaQMNFnQjqrG3tSduy/1C29DPN5ahJ2WefYFu5XFPaoK7dMCQkVvmeEpqCorVv2cG38OS8q7mMNeZ14A08hz7UlFYJ740S2r3K9zq102k+Bz/LcLJC42TBNTlerDIj3a5hCteGYxpwNYpF25QsRc9Pw+OPaVlUlaJXnsO5ZROoHkoXfkz+vbfj/Pmn+uctRBOSoEycE4L0MP0mMzGRvp/Sq39ycfvsUv612uH3eZ6KbSrz1zu5819lfLHFt4ewToHJ15u0L82jKFjG3K29bK8+R1n6Qurc7qWqlC2eT/HslzRvYrm9pvIp6C58XHNenl334Tn4lub0Z1Px7H8Fz+6JmrfQxT1Z4/u399XelP7PL+z1CsyOF6s8usDGsaKmHbmiWCwEjxitKa2nMJ+CxybgOV73Gf5xuSh6aQa25ekVXnYf2EfBhHsomfNagw1mEaKh6f/+97//vakLIYQ/mIMULks08O0uF6U+3pPdHsjM8fBZhpM9hz3oddAmTCGoDuviuNyweZ+bed87+ecyOxlZbhx1ePY+cLWJNB9Gl4K3E71zxxY8h7VN4ur433o8h3IIuqQHismseT+ewnyKXniGssXaO90be1xKyP+Nq7FjuGJJRC34Dmy/acpTPf4lqi0bXWTaWbPs18iZh/vne1H3v6x5EyXySnQJf6emtapiWurYccDD4YLaAyUV7xx1haVwSQedT+fatn1uHv/URm6+bwFZ23Bdlc2sPx7dyeZjO2vdftzFVQdfQYlJ2JYv0dSEqJ4swL52FUGduqD3cZ4zd+5BTk6dhGP9uupyx7lzO/Z1azB06oy+dRuf8heiqSmq2hTdQ4VoODn5HibNt3GksH6ntl4Hna16urbXEdtKR2xLhTCLgsWoYDSA0+0dRVlQqnKoQGV/nodfDnvYedBd747cY/sZuf3yuk0T4D7wGyf+NAZc2guhhIZiGXkb5qHXoWvVutp0nrxj2JanU/rZJ6jFtY9UPJ1/kJHIt+drmk9NLfkF9//+AB4fIuuglug6PIDOOhaMNTzo7Yfw5L6LZ/+r"
11:15:08.807 [Forwarding screenshot on session 7836b5d0-bd7a-11e6-9730-e5ec4f8847f6 to remote] DEBUG org.apache.http.wire - http-outgoing-0 << "4CrQnr/OiP7SH1FCOtWa9MBxD396p8ynEb6tWijc3CeIIZcYqh1NrAK/HvbwyQYn32TWrYatWwc9L91+dvA956eFvL1zYa3bZ9y8uNr3bF9/QdE/p/lUHtOAq7DcNAbDRZ1qDNbdB36jbMliyr74j/bzWtER9vRzmFKrHlgiRCCSoEyck44VqTzxqY3sBpxBvaHclWas91qdZekLKX79Bd83VBQMHTsT1Pli9NHtwBwMtjLch3Nx/vwTrj276tTcGfrg45ivuVFzes/B2Xh+edDn/aDoUEJ7ooT3AvMF3nUy3SVQ9hvqyQzUk5vQsoh2ZbqOL6OLvV9z+vRNTl5b4XsTmkEHXWP1dGyro02YgtGgUGxTOXjCw/YDHnJO1O98bsigDFXl5FOPYl+/1udy6dvFEHRxN/TtO6CEhQMKakkR7pwDODN34N6X7XOehriLiHj9PZ9qgIVoahKUiXNWqUPlH0vsrN/TxJOSaaTgnXfthp5+mEhTVTk58ynsq7+qf171ZB4ynNBJUzXPZ+Wl4t55F+rhBQ1WLq2UtmPQd32PmpotK1OB5z63s/KnphsVWZUGDcrwzoOX/5e7cOc07BqltdGFRxLxxlz0ba1NWg4hfCUd/cU5y2JUmDbKzLgBRgwBfqZbTArPjDb7JyADUBTCJk3B2LOPf/KrI2Pvywl9aLKPARmAgr7z2yithjRIuTSXouVg9J3fxJeAjFOpHx5u4g8apjI5lyihoYT/4xV0LVvVnrihymAJIfwfsyQgE81SgD+qhKgfRYGb+wTx+l3BJFSzbmRT69ROx1t3m+lzkZ8f4IYgwp5+vsn61Jj69ids6kww+DZY4TSdEX3yQpTW1/q3YBopUcPRd1sMOlOdtg/Sw/RRZnrFn1+Bmd7anogX30TXBJ3sdeGRRLzwLwwdO9eeWIgAFJhPKSH8LLGtjtl3B/PngUZCTL6PqGwIJgP86Uojr/1fMNY6TOWhhWIyE/b35wgeeVuD5F8dy+g7CJs6E8VUt4DmNL0FffJCdB0e8E/BNNJ1mIj+kkW+jeisgikInhltZnhKHQNTjdqEKVzRqWH34Qt97AVEvjYXQyff18asK8OFCUS8/h6GjkmNtk8h/E2CMnHeMOhgVO8gPvpzMDf3CcLURM8wRYEhyQY+uNfCLZcFoW/oq1Cno8WfHyR8xssN3qykaxlF+LOzCBn3V9D56cAUPbrEf6Lvll7zyEp/MLZF3+0/6BKfA8U/J4hBBw8NM/HYtSYsDfCDoF2EwotjzHSICowfG+V0Ua2JmDUHy+g7QGnYkzz42pHePmTtYhp0P0I0tMD5aSVEIwm3KIwbYOTmPkEs3eLiiy1Ojp1s+PEuJgMMTjYw6tIgYls1/u8hY+/Lafn+Yko/fpey/yxEdfpvgk3FaCT4hpuxjPmjX9c2rLCPqGEYLvsJT/azeA6+AR4/LqujM6Frf593clhDuP/yPcOQZAM9LtQzZ43Db4uSX9HJwEPDjIQFawvIfO7aV09KkJGQcX/FdOVgiv81C+f2zX7N39CpwdYNWQAAIABJREFUCy3+/CBBF6f4NV8hmoqMvhTnPY8Km39z802mi/V73BT6sAxSbQw66H6hnrQkA/066wOm6dRz4jhl//kU29dL8Zw4Xud8dC2jMA+9luAbbkEXEenHEtbCcdi7PFLuB+Cox7I9xmh01v9D1/5+MLXzX/lq8esRDws3OFn7swtXHWa5SGij4+7+RnpfpD89BOHdbxzMX1/zHF494/Q8d2vDjb6skari3L6Zsn9/gn3Dt+Cp+/Qexu69CB55K8belzd+pClEA5KgTIgzqCrsPuxhx343O3M8ZB/zzg3l0XiVRIcrdGilI8mqo0uMnuRYHcHGAH5oeDw4tm7CsXE9zu2bcWXtAXcNU4jo9RgSEgm6pAfG3pdj7PYH/zVT1oXqRs3/BvX4V6j561CLd4BaQy2UokdpcTFKRBpK1FCUyH6g+GnEax2cLFP59hc3G391seOAh5Nl1Z9o7SIUesUbGNBVz8Wx+rPGg7652sGijTUHZWlJBp66sZ79/PzAU5CPY/06HD9uwJm5A8+xozWm14VHYEjqirHHpZiuuBJdmwZuxhaiiUhQJkQtXB7IO6lyokSlyKbicKm4PWDQKZiCoIVZIcKiEBWqENTcB9q5XLiPHMJz9AieshKw2cBsRhccgq5NtHeaAX0AH6TqRLXtB9t+cBV7J47VBYEhAkztUYLjQKd9fcrGpALHi1QOF3goLAOnS8UY5D232rdUam2ifP4LO19vr7lZ9JruBiYObfqgrDK1uAj34Vw8+SdQy0pBVVFMZpTwCPTR7dBFtpQaMXFekD5lQtTCoIO2EQptI86Dh4LBgD4mFn1MbFOXpG6UIJTgBAhOaOqS+EwBokIVokLrFvRqWVYsKjQwx3YpLUK9Sy0JcZ4LzCtUCCGEZiqQfaz2PlrtzocfFkI0YxKUCSFEI7A7YV9ew6zFuj/Po2mASlyATqAshPCS5kshhGhAOSc8fL7FxdfbXISY4IN7LRj83C1v3a7a13c1GeCCKAnKhAhkEpQJIYSfeVTY8Kubz390kpH1e8BUZIP0TU5G9fbfiE+XG77YUvOoS/h/9u48Lupq/+P4CxXGBUEZ1FQU01wyLMvMq1dLK5e0umpmYVQ3rKtBWWhaLhWapWa5XK/YonYzTW3R7k3qppXU9UoaqKEpbrjhBqhsyQwq5/fHzMCwo1lN/d7PxwOR73K+Z/l+v/OZc858B64Jqu7x3wEr8v+dgjIRkcsk86zhs23n+XTLOdLKeSDx4m/yualVdZpfpl6rTxLPkZFT+dDlTa08+FOzIgJoTpmIyGUz9n0bi+Lyyw3IAOznYdJHdjIvw0OKD6QXsDiuat/McHM7vQcX8XQKykRELpN7bqrasOTR0wU8s8xWpR6uitIYv9KGvQrf2NS5ZXUa+euTlyKeTkGZiMhl0jukBi0aVO22eiC9gBGL8/huX+WT9N0Z4Nvk80T+01bl72y99zLOYRORX46e6C8ichltP3KBp9+zXdQ+na6szr1dvLmhRXWqlxPT2c/Dpn3n+fj78+w4UvVA7trm1ZkVVrPU1zKJiOdRUCYicpm9+VU+H1TyPZRlqVvTi/ZNq9E0oBq1fRxf8ZX5k+HIacOe4xc4d3GdalTzgjeG16KVnk8m8rugoExE5DI7XwDj3rfxw+GLjKIus0du8SHszxq6FPm90NsnEZHLrEY1mDzEwpVVnF/2S+jaujoPdFNAJvJ7oqBMROQXULemF68Nq/mbDB12aFadSQNr4qWJZCK/Kxq+FBH5Bf1kN7y02l7syf6/pG6tHQGZRZ1kIr87CspERH5hxsCK787xz2/zOf8LxWY1qsFfb/Hh/j95q4dM5HdKQZmIyK/k8KkC3vgyn037L29kdlOr6oy8zUdfOC7yO6egTETkV7bzaAEff3+ODbvPX3LPmaUG9GhXg8GdvWnbWMGYyB+BgjIRkd9Ijs2wed8FEg9eIPlYAamnC7hQUPa2tX28aNHAi3ZNqtMxuDqdrqxOTc0bE/lDUVAmIuIhLhTA6VxDts2Qfx6qV4Na3lCvjhe+Nb30VH6RPzgFZSIiIiIeQBMRRERERDyAgjIRERERD6CgTERERMQDKCgTERER8QAKykREREQ8gIIyEREREQ+goExERETEAygoExEREfEACspEREREPICCMhEREREPoKBMRERExAMoKBMRERHxAArKRERERDyAgjIRERERD6CgTERERMQDKCgTERER8QAKykREREQ8gIIyEREREQ+goExERETEAygoExEREfEACspEREREPICCMhEREREPoKBMRERExAMoKBMRERHxAArKRERERDyAgjIRERERD6CgTERERMQDKCgTERER8QAKykREREQ8gIIyEREREQ+goExERETEAygoExEREfEACspEREREPICCMhEREREPoKBMRERExAMoKBMRERHxAArKRERERDyAgjIRERERD6CgTERERMQDKCgTERER8QAKykREREQ8QI2yFv5z8du/dj5ERETkN/DX8Md+6yyIU5lBGcCuXcm/Zj5ERETkVzb+2bG/dRbETblB"
11:15:08.808 [Forwarding screenshot on session 7836b5d0-bd7a-11e6-9730-e5ec4f8847f6 to remote] DEBUG org.apache.http.wire - http-outgoing-0 << "GcCMma//WvkQERGRX1lmxonfOgviRnPKRERERDyAgjIRERERD6CgTERERC5ZdvJhbhyRyOgvcsvdZuO7P9BrQfqvmKsK5J5iyIitrDvz22Vh46Kt9FtUuj4UlImIiMgl+++6DMfvL05wrJxtvCn49TJUGW8oP3z8deQD9jJCsAon+ouIiIiUKzedeTsMEY825cuFR/lwxzmeCvEGYNsXe4halUMuXhgMgTfBxvd3MCuvIR8NbwjAxne38w+u4P3+1Xhx3mFiTzqCt443NWHW8Mbkbz3EqLV2rsjM4dvTENisHvPGtqK15Ryx7+7lxY15xbb3OZbOhNcO8+1P4GWxMDaiNUPbWeDMGV6cfYDYk4a6FsilBt4lipKxI5VR806yB/CqU4voyNYMaOXNoe8PMWZhBgeBuo38mT3uKjr6wrEdqbzw1km22cGLagy6rxUTbrXw5ow9JAGbUvJ5cGQI/XOO8eSy02TgyP+sp1vhU6MauRsP0++Hg2TYi/KvnjIRERG5JHu/SeeUxZ9hna/gkRAvlsamAWDbf5hHV+Vw/6Nt+erFYG62OLZvc3UtDm0+yfd2gGyWbcwnpH0dls07yGd1GvCfNzvxdVQjfth8nE1nAM6zJyWH4Lta8+8JTfE9ksnSJBt7v9hH9MZzTBoXwtcTmrB/8zH+sfUM0ZMPc+LGZmx4sxNvD/Bm5uy9bLMXsGx+Cp/5WFn++rW8fGttAM4VK4mdt946Cb1bkvDm9Uy80sa8uEw4dpx7Fmbwp4fbkvBmCI83yOaxVw9jI5MX5p3E0rcVCW924u27Laxe6egpzDmZz+ZMC5MeaMYtNdIJXXaaLve1YsPrremSlknkStewpTdPPhXCxyMDC8urnjIRERG5BDb+9VUe1PPhP9+e4CRekJLGuvSmXHM0Dy/8uaezL3748tDNqUSlGwKvb8xt7OLjJDsdaqSxmdq837k2ra++miuTsvnio/1s358LVHf2ZBm8LP480s0PP/wY2vIYP56Doyl5+HZsxsBWFqAx/5paH2rkMBTwPZHJrAXZ2PNsGM7zzd5sTh+B/o9eQWtfb1oPvILWnx8sURZvrmrhxap1KQzbX5cBXYNZ3MVKRtI+AI79cIIXf4CcYwZOn2FLbnNmvdiaTftyePPdDJKS86BOPXyA/PPQPzSYgZ0tZHy/By/8efLWetQExr9yDU9Skx0rU/Ht2IQBrSxAA24jg+/32RWUiYiIyMWz7U9jxU/QMegC3yacwce7JlbO8s66M0y7ogDwKty2Tq3qzv/V5v7ePjz2xTGu9M4i+JaWtKaAD95KZuZuL267KYA/dfTlq5RsCscX7Y45WAAN/aqzxZWoj9tg37l8UjMcQ59XtaxL+1oF4F2LNi0NTevCf8Cta6w69UuVphpDI9vTJukMX353hoXLDjLn82w+GApe1CCkbR18zxXg07IWIXnVaGCyiZ68l//WsXBft/rc0iGPzd+5p2eK/mvxwsf535oUkHzybIljVyfQAjkYDV+KiIjIxfvqswy8GjVg4ei2zBp9NdOfvJrpd/iw95sTpDWpDeTyRbIdOMtnG+zg4wjSOt7WCOuR0yxM8eKR3vWBfH7cbejxQFumDw/m+loGMKSdKv/DAQ2b+5C7+STfnwFyzzBy8l7mH/EiCMjxrsnAvk3pXj+fOZ+n85N3Ha4MgE3fZZABHPo+nc2lUsxl9KgfWZJTl2eebM8/76sNp8+Bnw+G89AkgKF9m9Lw1GkWfJ6Dz3kbW4GJ40N4ZkhT6uQVgD2ftBKp+gbUxNgz+WiHDbCz+NVdPPZRVqmju4JO9ZSJiIjIxbGfYdkOQ/+HGxZb3PHPjbB+foRv8loyt/dPjJq9g9lAXQtYXRvVDyS85RFmngukRwOAmvS6xcIzy3Zx4zKoG+CDFcOWQzZurQtYvIodwwK0H3AVj+/exePPJQIQ2LYBr/VpiE8TG2HzUrjx345tb76jJQOaeMPo5iS9dJh+I07ghReUmubvy6P3+fPQyt3cuNKxZPB9rbmylR8L7sjj8dk7iMExof/xJ9sQXP8CA5t5MXVSIlOBFs18ABt7juHsFXPkuWar5iy44ycen/ejY/86tZkb1RhWncDiU3R0H4AaXngZY9z62Bz+ufhtdu1K1tcsiYiI/IFlZpygXuAVv9wBcu1knPMmsH7lA3O2XDu5eBPoW/VBvLL3KSDjzDl8alvwsxTfPuOMHd/6FmqWl6D9HBlnC0pvU87y7DN2KOM4ZacLgfVLBoPFqadMREREfhm+FgKruGlN3wqCpYvapxqB9cuOkspbXsjiTWBZm5Sz3K+y9CpLtwTNKRMRERHxAArKRERERDyAgjIRERERD6CgTERERMQDKCgTERGRi5axdR+dR+0j47fOyOWSns6bsWcuaVdHXez/2XWhoExEREQu3nnA/ltn4vLJPniaFSnnLz0Be6knjF00PRJDRERELl65EYSNZQv2MXubI2ILbObPrKevouHeQ4xaa+eKzBy+PQ2Bzeoxb2wrWltg2xd7iFqVQy5eXNesOqne9fkgsg6jJ5wk/JX2dPOFbR/t5NWfGvH+w1aO7UjlhbdOss3ueKDroPtaMeFWPzKSjzJq9gn2AC2aWcg9XZ2XplxNZ++zvDl/L2/vPo8XXgwa3JIJfesVZTn3FKMX5pJDLsPercb7d1fntbcOsCKlAC+86D/4Sib3rQ/Y+eTd/UzdmAdAm45X8PfHmxYr/fexexj37xxygMCWAcyKvJL2vlWrUvWUiYiIyGWz85O9zNlWnYWvdyLh9Va0P5LFkiQbcJ49KTkE39Waf09oiu+RTJYm2bDtP8yjq3K4/9G2fDU1mMDT5zl18hy5FJBqt/GT8zsrM7NsHD9bAGTywryTWPq2IuHNTrx9t4XVK09wjGxenH2C2r2b85/Xr2aQ/zlO/ZRP5jn4ZP4uFmb68fHfO/H5uEasW7WfxfvdvsbJ18rowbUJbNuI1+6vzwdv7Wdlph9Lpl/LRyMDiV2Vwmtb7ez9Yj8vb7zA5HEhfP1ic67YdoKR758qSic3nXH/zuH+J0NI+Htruhw9zSe7bFWuOwVlIiIictm0H9iOd0da2fPlIV555xjfAn7eAAYviz+PdPOjSfAVDG3pBefgyL5cvCz1CO3si18DK4/fWRvOm2JfV0Sx/9dj1outGVj3J958dx9vb8iDOtUxh7LZTDXC+jUg0Lc2D9zTECgA7OxLBc7ZWLZ0D2/FZZMDfLap+PyxhgHVwduHJpZcvkmB/oODaF/fm+DrmzOuGcR+l83WbXn4dryCAa0s+DVpwOODa3HomzOccCXibeF6YOG8H4lcfIqbHmnN6M5VfySugjIRERG5bHZ+sY+H3jjC2iPnuOoaPzoChQGVvejLtxv6Va/SlDRv5zcT+biGS+3ZRE/ey4RPzpBTpxa3dPBxzG/Dq8SebiHOebA2r8N1V9bhqivrMe7uBoS1LuMR+zW8gGrULbHYx7vod26x5V6OL+N0sfjxytS2zLwvkMDsbF58Yy9h7j1plVBQJiIiIpfoAgeO2Th06Cx7D+Wy95idtJQ8vNo2ZeGTVzG0XQ0ygYzT58pNodlVvhh7Jsu35pKdfobF685CDVfwVsDug3awZ/NFYoHjS7zP2tgKTBwfwjNDmlInrwDs+WRdUYfrKODDL9PJyLXxwb/SnEfwJqAhnMquRpdbmzL0eh/W/jud7/JKh0Cndp1hr91Cm0bw2X/TyQCyD51gaQr0vtGPFs19YNtpvj8D5Oby4Zqz+F7nT+G3hx47TvdJu8ls15zJz17HpLZw6NSFKtemJvqLiIjIJaiOIYvHJ/9YuMTL4s9bD9bHd+FRbhxxFC9LDVrXga17cqEhYCnem2UBarZqzpL78nnojd0sxAurBXyb1iLA18rIjseYOm8HbwMtArzwBajvy8BmXkydlMhUoEUzH8DGnlP1mDWuCSNfPUy/zyEwwAuoRdPa1egd2YI9Lx2k34iTAAS2bcT0m2sXy4tvQG187ScZNvYwnz/fnB0vHS7cvs1NTXmiswW/zq14dP9uHn8u0VHeRv68G9YAdmY5ytYkkEk3ZTB1siNvXvgwcVz9KteolzGm1Gc4"
11:15:08.808 [Forwarding screenshot on session 7836b5d0-bd7a-11e6-9730-e5ec4f8847f6 to remote] DEBUG org.apache.http.wire - http-outgoing-0 << "/7n4bXbtSmbGzNernJCIiIj8vmRmnKBe4BWVb3ix7OfIOAuB9b0r3TQ7OZXR/7rAlGeDaQJ8MiuRl2s15/vHGwBgy7WTizeBvsV7trLP2KG2BT/X8KE9k+dePk6/J6+mZwM49PUuhqz05vM3ryr8UvTsM3byvUunVW7eSh7DyXbGTm4F6dhy7eSeq1al8rtTT5mIiIhcXhZvAsuYslUWvyv9CEzZy19GnMKK4RTVGDuu6HEVNX0tlDVV3q9+iQNY/LihXgrPTEoksA5k/AS3D25dGJCVuU9leStn+5r1y85TZXmujIIyERER+e1Y/Jj+5rXsTM7lp/PVadrajyYXFzs5VWPo6Bvosj+TtDxDvUb+tG7w+5o6X+7w5cC77/ot8iMiIiK/ol9k+FIuSZlBmYiIiIj8un5f/XoiIiIif1AKykREREQ8gIIyEREREQ+goExERETEAygoExEREfEACspEREREPICCMhEREREPoCf6S5UkJib+1lmQy6BTp07F/la7CpQ+L0Tkt6GgTKqsdevWv3UW5GdYsWJFmS++atf/38o7L0Tk16fhSxEREREPoKBMRERExAMoKBMRERHxAArKRERERDyAgjIRERERD6CgTERERMQDKCgTERER8QB6Tpn8ArI5duwM5855U6d+AIF+NX/rDP0MNjKOneanc/wByiIiIp5MPWVy+WT/yMIJYVzj34yrr76Wa6+9mlbNGtE1bALrD9l+xYxkMKufP/5hC8n+GalsXjGFrv6NaHX11W5lmcKGY5cto5fAWbaBMT+rbFU9VsxAf/z9w9iQDZtjwvD392f6hozLkrpt60Ku8ffHv5yfKesvR0UXPxd+XDIcf/9+rL88RSh9tA2zHHV0WfJehuz19LtsdSMinkY9ZXJ52LYS2awnSwGCejFm+J208Mtm00eLWPrpfAZ+upPY/Z/QPfBXzNP+DHIBv0vY9dCnE+g9Yj4QRNiY4VzfBLZ+tIiln77OgE+z2Jj1Otdc5uxelJPZl1y2i5FtA8jgp3w4l+GIZPLP5V+WtHMzM0gFgrr24vpA3+Lrci10CAq4LMcBCs+FtIM7Af/Ll24p+W7//jKyfsG0ReS3paBMLosvXh3PUiBoyOt8s+hRXLHXQ4+Opt+UgYS9vp7XPthM94ibftV8+Vzifsnx64Eg5iUk8lBr55DloxH0iOzEiKUL+XTDeK75VSPMEvx9cIQxNuCXG1L1cfvdsE0rIB4f70ut1RK8Hb8enLSE57r/0uGlowy9Xogn64Vf/FAiIpdEw5fy82VvYMHr8cAQ3plfFJC53DVuAkMA34yTuAYx965fwvB+1xQOVQ2MnMVWt/E427HNzIocWLj+mn7DWbG5aMjGtvcLJoR1da6/hsgpEwjr15UxS7aWmcWMrauJLHa8GH4sd/zPxsmTjpU+xQKemvR/+Fnu6jqEFnWKtt2wZApdC4fdujJhyQbcB2s3r5jOwK5Fx+7abzhLXGXJ3kxkv35EThhDP+f+C7dmQ0aJ8g+MZPVWtzG3+LVMHxOGv3+jwvr78RceIW4W1AiA69sFOvLdtR8TZs0isquz7NcMZMmGH1m/cExhvvsNn8XeyvJVSc9bpW2X/SMxY8o/V9wd+nQ6XbtGsiGbwjJMWRjjVoauTFi4wW2PY6yYMrxwmLVr5HRipoTRb/hCLmkENHszkdd0JWZzRgXLsvkiZgL9rnHlqR9TSpxTRZWzgTED+3FN1+G8vWACXa8ZyBL3C4ljxAzvSr/IJb/CcLeI/FzqKZMqu3DhQpnL7Yf2sRdoHzWMTt4XKLWZdyfeOn3alQhH1r7EjffPBnrxwtyJ1Dy4hgmzJ7N+6X6+Pv53Otr/R/jVdxEL3BM1k9tbZLDkqRmM6P0RRz/dw9MdDhB+41BigeEvzOVa+/c8NWM+AF3/dJoLF5pgACjgwoULnNm2iFa3jgW68uzciQQe+5KxM8bTLe4Im5OmclWpEnlz/W094aOljLjRn38Pf5Y+3a6nQ4cQOnZ6gHdjHyisj7gZAxk8I56gXsOZG3YjB1e9zOwnB7AldRWxz/Zk3+qx9B6xCLqGMXPBn+Hg/5g7YylP9s7jmuPv0TEvh6Px8ayPj6d9r1603wtN6+5l9C29WZRaVP55T83gr+v347fnXWfZ4pm/sBfPzpxJ/nfvMHvpZB5tcB0bnu952doVLjiPBQUXLlDnhkdYteTPtKl9gQs5OezfGU/85Hja3xPFK0OyiZmyiCcHdAOCiHhlJpbEVcz+aDJPtr+R2Kf/XDr1ggIA0g7tJGV3fX5yi8186gVxVRM/sittu32M7dqtsK76t8lh6eNTGNH7I7K/PsjwjheKnQv7EuPYuRNy8i5wAUcZlo6JJ2hABDMfqctnc2cwf8wArCEHebqzhZWjevP40lS6hj3LxM4WPnhqCuMB2rcn78IFStacq0wFBRfKrtcLOWxJ3UmDnLyi9SWWrX1pKPfPjieoVwQLJrclYeFTvP7kADL9tzLzZmf61etx4eRXPNhmMLHACyu28kDQtzzz3HxmvLeeB669EwD7ttWM/2gnA15pQ50y8isinkVBmfxsOWnHSAWGhwS5Lc1mzRtz+S4dLADYocHNPDXyT3z+3mygKyt2fEyfJgD38acWo7j1qaXM/yCcZ30/cQRcCzYz8z5HyHTfzdcw4PqHmPLKUjrelUgsELViB8/3aQI8SNcWFm56fFEZucvm/ZccL+or9sTSJ9BxvNvb1OP64TEsj3ua53uWHoZsf9/f+YKmRL88g9hFM4gtTLorUQuief6+zmD/H/NmxMOAmXz/3nBHOQcNpMVjjXlqxjz+93hP6pyG9l0j+GesK/i7j1b5+xk8+zRpOYCPYwAy6J6ZfPb2cPyAjLiXuD8V7pn7NW8/2BGAHo3yCbn/Q5J3n3Lm4x4+Pfg2f/YDht+OfdP1xHyxiWPP96TJxTdh1Via0PNOZ+p2x6+ge+by1dsPYgE62Hdy14x4nl31H57t2QToxJ6Pb+VAzrkKk1301F2UarnhKzg980+Vtl3omTdZlAphCzbzd+e5MuiOjgxoMZixr3/Ive/9pViyrpFXn8J/HGX43lmGsE7+NL51Ajk/5cKxb5m3NJWgsAWs+vt9WID77mjPPW3uZz2XPjReoew45s6Oh14v8PXHTxMI3Ne/HZmd+7Lzmy3Yb66PP5CdvJTH7hpLLF2Z+/W7PNgxELiDF3o9xZRFK/l+6p10tsC6j5YCXXlwSOdfIrcicpkpKJMqM8aUvdx5Fu3YcwJjWjmX2vnxX7OJ2eS2YZCF8BFN2RYL3HMfPRobXEled/dAujy1lB8Pnuawzw6gHbff2qromM27cHsXiD9jJysrAwii4/WNC9e36vcXurCIMxRgjMEUAAVgjJ2sswDx3H93N9q58pKcDMDn/01i0i29yizXjUPHsWboODKO7WX3li3875tYZiyOZfbjfUkz/2Vqu12sB4gdS687FjlmYPtD8iaA4+TaDd3CX2Vlp/X8e8ZE5u47TOKmWJJTAbpQwxiMKaAAaH1DB+oagwGSN20EuhDa77rC8jXuPYlTpyYBGcwpANpdRZu6rvqrjbUpkAXezjQuRnntCs56pIACU9RWjlWOfDe96kp8nMc0FABd6FzYLk25oR3sd7ZJ6eM6fj/w6nKGX1uf3PyirrKGbTthTG6lbfdndgCw9PHBJMx1fVggl2SAH46RU+xcMM484iyPq+7bFpbB58oQujg2ID35R3YCjw/oXrge6/V07wLrs1zplV0mCkzZ9eo8ZrH1pgZ1XctycjgD3POX3lhd6fvcyFs/OIPx7PXUBBaNHev4e8B9hF1ndaZlZeBfw5myfjEr1x7lxjuP8k7MTrgnhh7WEu0nIh5JQZlUWXkv3tY2nekCbNqXTJbp5vxEoJWxsRk4XjoymDugHS9leeNt6uAXBNT0xeL+omac/Q4GfAxALvnFAgFT+Lu6AfB1vFCaUqvd8ul44XP1aITffS+Bzi4ey71hWCx2fFsFlS5XdgLPD3+atNvm8ObIG7E2vopuA66i24ChjHpkKU17PE3inpPYgxxzgIJ6hXNv96bY7Y60w+4KAwK40tewfsa9DHl1PQC9"
11:15:08.809 [Forwarding screenshot on session 7836b5d0-bd7a-11e6-9730-e5ec4f8847f6 to remote] DEBUG org.apache.http.wire - http-outgoing-0 << "BtxDv5Gv0uurcSxYDzjznwV07dCiMB/5zl4ovIu/kGZnZGOpW7xspkThywoUKlNRUOa2UYmgzJHvfp1buAUXznV217bGUdum7GO4ctq03fVce2Pp3kpjciptOx/nFMIBjw/jhrquDjwLYWEW8G1HnRLnQlFVlV33mHyynHlz5c+CKXZOuadXKigrbJH1LMNHAAAgAElEQVTygjLnLx/vwvX21GQ2AV0x2DLPkAx08vUutr89Oxu7xQ8/A2cButzDA4E/siz2acau/BOvDnX0Eja/fSgDWMzif3/FAz4HWQ+Me/jW4teaiHgsTfSXKjPGlP1jDeGunsDH43hiTlzp9Rm7STnqSCPfOHt1lq3i+7yibY59+zmbgPYtGmB8agGp/LjjWFEaWbtJdPa61fazAsls+u5g4fq9X3/CJhwPO3B/7aXw//0JHTuKsWPHMnbsWEbdfgW7Nv5Ihr2M8ngbDq1P5uNJbxGXUXydj+ttjD0f6zU3OXpVmnRj1KiitDt5H2XjloPk2I6x+d/rISic+PR0PvjnG0wc8QhdrmxXmLnC1938/MJjNA25BtjEV98WlT9v6xu0bNeSx5bucCubK1+Usaz0z0W3q3u6lF5Xav9S21Z8DNcO+W5lL/v45bddLasVgNa3hTPKuX7s2L9g27WRXccyS9dNsTyWrnv3PFtbtCEI+GjN1+QVnss7+O8mt/TKKZOPd52yy5TvOEf37DpZuOz4/gOFx/RpciVdgGWffee230Geb9mSloPnkOFM/+kJrzLnn/MYDCyO+CtrDjq39enEI093gY+f5uHQORAUzqCu1graWKGaiCdRT5lUWfk38AD+tnA1W64axKqpQ2jwUX+euudmWgSe4+Dmr5i7PM6x2eDG1DYB9H/0EaZueoc7hozjn88Noc6xtURFLgC6cPefr6ar92N0mRrHq0OGYua/RM8mmSwd/xifAY+MGcjNfW+h/6TPmPPXG8maOJ22+T/w3MzlAGQZx7CUo8fEUGAC+MvjI5i66U169xjB/JeG0+SnLUz/6/NsIoi3JzctXS5LJx6b2J/PXl7FkHabCX3qYW5qE0jGns28O9dxnHv6dMTU9eH+wRC17FHu9DnOc8Nu4FjcIiJfXgXtxvJK3Rp4+wPJG1nzyQZ6t4Dv3p/Oc+8kA+3IzTGY+s6eFVM0xNeq5130ZzEL/joU37dfome9NBZFTQLaMbRve35c5SqbK8goKq/tsvaUudIFe0HJnrLS+S5w9QIVblvgyEs5L/4FBaXTKK7ytruu+2P0fPYz5gy5nbzZM7i7Dayd/yxzP0ul//Qo6hY7F0yJPJZxfPdlzfvwYmgQjy17mt55BxjRw5d/Rb1MHIC/e/2XLtM3707F/rUPNtdHJvPz8es2jLG9qlML+OzZcbwRMIpmuZuZFLUAAG9TgKl7PQ+FBrFp+dM83MwQeWcLtiyezmJg8P23E2DSHT15+TkYcx1TPxzLqntn8tfIV9n26ViaADcNvZ+gOZtIBXqOuIdW6iUT+d1QUCZVVuG76rrdWLDvf3Sf9w/emrucuS9/VrgqqMtgRowcycP9r8NiDHXvnk5sjg8jRr/JXwe949io3WDeeuNV7mhuMNzOsri3GDfyb8yMvJeZjlQYMWseU+5uhQHe2RfLK6PGMPfl54B2jBg7gtiZb9K1YwuMAZ9aOMamjKH5HVNY+4+ajHpiLpH3rnLmqgsvLZ3F3c0tZZar26h3WG19hemz5rJ87sssd61o15/pUybzSDcrxsCwBd9j9x/Lc+88j6soQT1HMG/OMzQ2cO+Yl/hy6PO8/NggXgYIGszYsaHMnLmcb7bu5Y5bjeNRpu5DfHW78fe4d6g58hFmPuYqvyO/dzSGI25lc+zhg18toJZf0dyni1BRu/rVArBS26fknKTS+fbxqeVcU3rbio7hU87wJlB529GNhf97h+eHP8KbUQ/wpnOLwWPf4tVHrsWYU8XOBagF5BUOT5aq+2LLLNw9ZyM1gp7mkZlziVoFPUMfoefyd4jLyncMr5dTpk2r3mFTiWVd/O7gmbtvIfqtpwj721yef8zxKd7Bj4TCO8vJdx5zyJzV5NR8gufmRvHZ3KLyTB12NSYnrVierTc/wzsjvuWRN2cyZekAFjxwNZZWfXm4C7y8qR0P33WjesNEfke8jK5YqYLExESCgoIq3xAAGxnHz3D2HNSuV7/874u0ZXM8LRNq16NxYNkPD804fpxzQJ3GjQufXp+960Oem7mdB1+dQlfnVCTbD2/Rou8LjFq5lQm3NC4nX9kcP5wJ3rWp3ziwyo9czc44TubZc3hXkE9bxnHSyt0mm+PHfwK8adz44h44m3H8MGfxpmHjxj/7EbH/+te/+Nvf/lZs2cW162+p8rbLOH6cs0Dt+o0JvBzP07Xt4rXRM/EZHM2o25s7F+4i6opeLA+dx8HZ9156m9iyOX4mE7wb0riczDrOKahdrzHlnHblcOax/zQOLn6k0jyWdV6IyG9DPWVSZQXOZzBVzoeARo1wfUlOufv5+NIoyLfCbQIaNXIlgmuLgpyDrPrsLVZl2Pn7E3dQL/MH/jFqGhDEVQ38K8hn0fHc06uMb0AjfAMqLotPQCOCyt3Gl0aNKi5neQIaBTnq8SLye7EuNk+/jcrbruicK+CyFKnAzo5Vn/GfVSnYXxtLt6BzfPHGVJYDgzpdg8/PaROfys+JonOqquU5zEfzlrFx62pWAE8+1Ofn5VFEfnUKyqTKPKVTtW6nCJZHpxMa/S6jHnrXsTDoZl6ZM4t72pY9HCnlU32Vw9KBV/89EyLG8vozw3nduXjQ+IW8FtrWA+stn4Rp81gBtHtoLhE9rvDAPIpIRRSUSZV5zg3eQo9HXyE17DlOZJ4F79pcYXWM73hOHn8/VGflC7ghlIXfhXLq1AnOnfOmdj0rfjUp8UlOT9GSF3b+wKhz3o7rwSPzKCIVUVAmVeZxL96WujRqVBfwwLz9jqjuKhcQ4BxGL/UhBs9iqRtAI9SmIr9XCsqkynSj/2NSu4qIeAYFZVJlevH+Y1K7ioh4BgVlUmV68f5jUruKiHgGBWVSZXrx/mNSu4qIeAZ996WIiIiIB1BPmVTZ2rVrf+ssyC9A7Soi4hn0NUsiIiIiHkDDlyIiIiIeQEGZiIiIiAdQUCYiIiLiARSUiYiIiHgABWUiIiIiHkBBmYiIiIgHUFAmIiIi4gEUlImIiIh4AAVlIiIiIh5AQZmIiIiIB1BQJiIiIuIBFJSJiIiIeAAFZSIiIiIeQEGZiIiIiAdQUCYiIiLiARSUiYiIiHgABWUiIiIiHkBBmYiIiIgHUFAmIiIi4gEUlImIiIh4AAVlIiIiIh5AQZmIiIiIB1BQJiIiIuIBFJSJiIiIeAAFZSIiIiIeQEGZiIiIiAdQUCYiIiLiARSUiYiIiHgABWUiIiIiHkBBmYiIiIgHUFAmIiIi4gEUlImIiIh4AAVlIiIiIh5AQZmIiIiIB1BQJiIiIuIBFJSJiIiIeAAFZSIiIiIeQEGZiIiIiAdQUCYiIiLiARSUiYiIiHiAGr91Bn5vvpu7g5eyGxP7vJXvZuzgpbP1uPlYNvua1+e15xvj775x+ikmjT4OvYKYGl7vko539MvDRK/8iZo1S8fPNlsNRr7Wik7+ZewIwDmWPbMPe2hLwjtZLu7AWZm8NOk4aSXidv+GNek28Ar6d7jI9Mqx/cP9vLqpJv94rSnlFqMstlxmPHmEBiMrLlvquhheXJFIzZo1Sydha0jErKfZOXk0+Q9MZ3inBhdfgKpkdfdqIid/T8SCV0q1lW33asZMTmLk4hfpUDqLfzi23SuJnPxDmXXx2+THs+p/9zfroGNv2l5M3dhS2b4XOnQIqvBcu5h0Kt30Iuptd+wcxk9fxJbMm5g6pjmfJbVkwawHL+56rzgzTI98lQYRJa5h23amR05jb/O/MOvF+0rcm79hwlNz4baJvDK80yUcNIuVkyewNg3KuLNAwz68UvKYxbL8M9rpMqVjS09kccxiNvxwnFqNr2PwyAgGdHDWn+0AK+fM41+bT1C/XXfCoyIofXtMJ2b4c1giZjHc/eDpicTMXsyXyWdofN1tjIwY"
11:15:08.809 [Forwarding screenshot on session 7836b5d0-bd7a-11e6-9730-e5ec4f8847f6 to remote] DEBUG org.apache.http.wire - http-outgoing-0 << "Todf5tb6x2TkIuSbOb0STK/pp40x+WbKDQlmyKIzZt2UJFO/foKZGJtXbOsPHk00VmuiWZp84ZKPGDd9u7G22WJuuGGLuaFNgqlfP6Hwb2ub7WZdWkV728xEa4J5okS+qiQtzfSyJhjrDUlmSP8k07//dtO//xbH8X9mmdytG5NgrNa9psJilJO/NtYEM2ZdxWWLmzbIEBxiQkJCTEgwBij8m+BBZm1amhkPJmLNkUsuQ6VZjRtvALOmjEKmrR1vILjMdX9EnlZeT8pPZlz0JeQl08zujiFijTHm55SneDqVqfpxUkxUMIbgPiY8ItrMj8TA+Iu/3ivOjAkGE7W29DW8NrqPAcz4Etf3ivBgA8FmSfIl3BsdBzXzQ0NMcEiICQkJdtxXoPDvkEGzKyzj5TrvKrq3VCgzzvQBA8EmPCrCdHfmf35CpjEm08zu4/g7NCLcBIOBcJNUrKryzKrxzrp1r/fMODMIDISY8IhQ5/02yqT8vGL+v6Kg7KL8ZB61JpiJ8ReMMVlmiDXBTE/IN8b8ZMa0STBW606T5NwyM/6gqV8/wYQtOnPZjp4Zv89YrVvMusyq7mEzE9skmIlx+cYYYy7q9pOZZm6wJpgpzn1d0uIPmTbWBNNresbFpFa+vAsXly/jLEfeadPLmmAmVhKUucvcGG0gxKwtVn9pZnwwZnycY2Hepd6jK5GXWXbCeRunOfLkAUHBryEtLtqjyutJ9e86P+OqfH0bY0ymmRaCCRkfZ4xx1W93E+c83S7i6iiWTmWqXG95a00ImCjXRZeXd9HXe4XJOzJjupcMDgo5g0LCi+7NG2c7Ao6FCZcpF5lmWncMIdGmqk1XvJ1+Xo2Ud2+p8PhrHcHcfFeklbnRDAITMn6tyUtaaAATsSLZucpRX1GuwDYv2cwODSkMRKPd6j1h9iBnsOv4O2VVhAEK/5bKaU5ZVWSd4cG2ibRtm8zHBfDGndvo1GkfXxXAzL67+TK9NlPfb0BBwVmem3EGsPHSwxlU6xjArMJhSzufzNhFQEAiAQGJBHbayYfb7Y7kEw/Tqe1OvslybmrL5LG2W5nxjb1YNvJdf+a7L7Uzd0Dxbb+bu5O29x4iHbD4wsalKdwamEiTgERuffAA213HoYAvF+x2y9MuPtl9juKpFxT7u0HHOjQFsnKcy7OymfHgD4VpDHjyMAeAzyZtp9ODqTgOdY7Fj/1QmCco4MNnfmDApDQS39nNdc7l383dyYAnDzDp3i2O/ARu5aVPcguPvf2T/XRylqNT/wNsKwCLqw7u3cK9M05V2Iz5rnrLL77cUhcS/zWZvl5e1KrlRYsekaw7YHOutbEuJhIvLy/HT4fhrN6dRUnxc4bh1WMCuwuX2FgZ2YMOke+RlRhD5+vC+SYdIJX3Rg92pteCv4wbDxQNbafHv8fgFl6F6ye8l1i4bve6GPoWruvAhPfii+pm9WQ6uPLo1YPJK4v2K09W4iJ6tOjBsGF9C8s3fM46bIUbbGf6sB6F6/pGxnCgKKesnj7crV6GsXJ7urMuhtNj+AQi+zrXtRjMovjUMvNQUXkrzPvuWEb37VB4/BZ9I4ndbQPSmTO4B8MnTKCva12PSNYVHr7i+i+u7La37V5JD68OxCQWnQepsZNp4TXMcQ2XW2/l5y0rfg7XdYsGdtCz3mDWpVetTRNjHmf8DtgxrSctBs8hA4ANvDlmGF5eXtTy8qLv6Pec11359VYynfRSR7qE8zYrnmG1+rADmN2nHn0nf0Pi4kjaOdOPnzOMvpHTmTC4ReE5PXm16wqq+Lpz1U0tLy869A5lA657QUlX8srH84HFPDM9HkhlcmgUdJ/G3MJhy4rO5WHF6iMrcREdWgwjvtgtIB/X3TfHbWlWYgwdWgxzu68nMrxFB6Z/40ptA3PD++LlVQsvrxZEVvnaK34M173FcT33JTJyWOF+g93a3t2JXD9Cw2dzh2vs2b89N4U48n9o50ZgEGF/aetY1XUI44Nh1f92OWrrq78TtTyHqOgoAIpeedJZt2g1wVHzebAtpKemE3BrNEkJSfQLLiMTUrbfOir8fbCZuNXHTcyYbcZq3W4WxZ40MU9sMVbrdhPzQZpJcb7ZWDdlm7FaE01Y2DZjtW4xq1OLUoibss3Ur59gnog5aZISTpoxvRKM1brNxKYakxa311itW0ys611nmqOXqmQvUFqcs6es2LtTR2+Y+zBe3JQtxtpmr0kzNjO9l2PIc+LSDJOw7pBjSHLIIZNpjEmI2V6Up6QMM7F/grFak0xcmjEm0zF8GTbnuImPzzBxcRlm3brjZkqYYwjTkbc8M+WGBGO1bjdL484UpR92xCQt3Wms1m2Od/2ZGaa/1VneNGNM3mnT35pgwpbmuOW1qI5ueOKgiYs/6czPdhOfZ0xmgqPnsdcTh0xCQoaZ6CrXujxjjM0sejTJPBpzusJWLLuXJs3xLhdM1MI1ZuOa+Y6u/NCFJs8YkzB/kONd4/w1Jikpzozvg4E+jjpyk5c03/mu0bkibY0JARO+JNk5xBBi1qQZs2Z8d0eX/5I4k7B2vgkBA93N2jRj8pKXmGAwIaHTzMakJLNqWrjzHWpKYfrBodNMXFKCWRLtGBoIX5JkTKajN2LQtFUmOSXJLIwIqdKQhqM+MASHmzUJSWbt/AjnO+QUY8wREx2CgUFmSVyCSVhbvF7iorsX1UvCGhPV3VGONUeK1nWPWGiSkjeaaYOCC9e5t0FF5a1YgmOIpHuUWZuQZBLWLnQMxfSZbzLd2nP8wjUmbs1sZ76XmDxTcf2XOkq5bZ9iosAQvsK5pXO4p89sk1lhvVWUtzSzZrajTaOWxJm0KrZpZtIK0915XqzdmGSOuNqUULMibqNZNdtRp+Pj0iqst8Ml0inZ93Jp5+02k7DKkZ/QaSvMxqQ0ExcdYgh2DF+6zpOQiNkmbuMaZ/0OMhvzKr7uMhNmO8+v+SYhIc6Md9VpmT1lDmujuxsINqGh3Q2EmFVum1Z8Lhfl13HNFF3LbldSYU+Z++JS26Y52nT82iNu116oWbUxobDOqnLtmXKOkVai7VdMc5xP0SVvVmU4sja6sPdw7fiQEmVxlC84yjm0nZlmjmQaY/LiSvRQus7vEOf54RgejV6VVOp4Uj4FZRchac42Yw07ZowxJn7KFmN94mSJLbLME855X48uzXJbnmOesCaYNmPctncOD4YtOlM62Mq8HEHZPpNmbGbKDQnmholFQ40pq5OdAaBjnbV/iklOs5mUFJtJiT/kDHRsxmSmmf5WR1ncf6zWJBMT6yhbXoJj+7CY0yYtLc+kptnMuulJjvR3nnSUIS7f5MWnFO4/cZ3N5DmHYWPT3PPqCMqs1t2F8w8y3bZbN3GLsVp3m8I4NzPjoocvywvKokPcbjjGmLjxjhvxEec6+kwzyWlpJiUlzaRsnO98ASh5o3NuG7rEGGNM0vxBBvqYjZnuxz1ixgdjgsevLdzryKqowjw5XhxCzIqkI+ZISopJS0swUSGOF/vY6O4GIkzRKECemT8IQ3C0SXPe7EPCo82ajckmLS3FJCWlVDoo4rqJLyxMNM/MdwYXJxIc5Qydv9GkpR0xR9LSzNppfZwvAMkmguJ15goMQxcmOMsRZY6UWBe15kixNqiovBUOA+UdMWtXrDBxKZnG5GWaIykJZnYoxdqsWHtGu9qz4vovsz3LafsEZ/vG5RljUlY45jStOWLyKqy3ivLmGr7s7ngjU+U2LWv40r1Nk004mEHzEyqpt4qGLy/9vM10vXA7x2Qd5Y12C8qK5hu5hm9d9VRe3a8dH1Li/CoZHJQlyUQ455SGL3EPEio7l4vyW1S/5byxKxWUldg2s3RQ5n7tze6Dofs0c7jCc6h4qdyP4UpziVvbh5Yz185dyhpnMOecB7dxWncD4437XqUDteLlKVnH41dsNEeOJJn5Ed2d5fyF5oX8AWn4sipsmUy6dwfPLTlPQewx7n1wB5FzC2B5Krfeu5vvCruy/Xgg3Idq1Wpw351+Rftn2UkB7u3ntsy/LgODYfPOEmNprtU/K8NFzWrPhV49fQv/DrjC8YFbn+yz7DkEBfGn6dp2B5067aBTf0dH9+5Ex5Bh"
11:15:08.810 [Forwarding screenshot on session 7836b5d0-bd7a-11e6-9730-e5ec4f8847f6 to remote] DEBUG org.apache.http.wire - http-outgoing-0 << "HhCx9BpOn+7Ege0teOBKRxqNr3aUI+eMY6gzdmIKbdv+SIe2Oxg6Ix+ogU+gP0Ovhc/XneHrddlUuyeQFwfA53GOv7k2gD+X+kROAVir48qta7jWB/C2VANM0cijvx+9rBR19/8cOXBbl6uK/rY4/rFk7WP3DmDteNo1bEjLlg1p2S0SgOTEnSUSacD9k8Jh+VvEZ6Wy6tXVBEeMpKt7Q2bs4tNDcNvVVxQdytc9jdrADu6/thnNWrakYcMbmb0DOJvFWecWPoXb1uT6m7o7D92bt5aMh8XR3NmtHQ0btiRizkr2lh5lLVNAHbc0e3WH3WmcOO04F5ZHdqNhw2Y0a9iQPuPXAk3wyT7BPmDYHdcVJeJ/NUNCYOOPJ4BM6N6waDjJ/yp6B8M65/BHVcqbQwVqBhGQ/wNPtKyHV616NGt5I1HLgWYWxzFLticAFizpldW/m0ravtO9wwlhLR98lcr2zxdziFAeGRBETkX1VlHecA2vZzp+V7lNXUNn7veREJoHuP4fQOsQ2JJ6upJ6Kysdp0rrrYJ2tOeTCZBfVotmQrB/0fXuPLRPdsV172OpB9gpnGjh35Hbgyu7F3QgbGQfoDv3392haHFWZefy5VVyoNz92uvSqzscyeZ0ZedQhUK4wq3t21YybLhuzjBa3hlNcPh80lY9TQMgNzsTgi1uw8HpbPx0ByF3daPiD1FeQcO6QOgKXrmvK0FBHYh45QVCgB8PZ1Sac3FQUFYVNWty3Y3ViT8AAyICubVNNQ4UQOhYK3/pXof6bpMZ7PnOuVbu9zZ/b5oAH/4nu2iZLY+kQ3Dz9TXhnHEsc11xlmpU8fXUsTmO4MvlTNoFXHc6C3Bob9Gof+7pC47s+dUi2ArVHmjK6dOdHD/HrmbxvCaMGeoIurLc8uTf1Mq8fzfjWvJ5tPNutgM+vo7TJ2p1SGEaBxJbMHduI66ua6F/WC0OvZFK1NzzhA5owN131+ZAzFHCZhcwaHj9iwo8z9kLAC+3m1Iu350q6+PoF88O+AcElF7h34wWwUDEKoyjVxmTl8KqJSsYe1/HUpu37fcQfdhA9OhxRB+CcSNvLb5BoCM42bzrdOEiH5+iWsi3HwNCSXAdyxiS1q5ixXN3UsueWep4h/duAOxkp2/nhG8vPjeGtJQkVs0OZ8Pi8byzoex5XMUVv2vvS9oAzRoS4Os4qaPj0grzkpkSx5Ilo7i6aQBBwPuf/1C0o+0IP+yA265v7vj7iL2orbIO8/0h6P3nq4sdq6LyBlaQ46z46dz40DRaR68g5Ygjf2uigsFZReW2Z4OK67+Yytq+wW2MC4WY6eN48dW1dI9+hA6AT0X1VreCvLnzAdvFtGkOYCn/5doO1K1CvZWbTiX1dqntWC6/ius+354JWPAu3GEnGw9Vfi/Itzvf2hS7N1fhXKbo1uxD8Xm+lRyw+M4WH4pfxSH4Fr522Ni6fgM088O3knPoYpSfWxsrR/egT9RywufHcXBRRGHAdVXnm+HQR2wrfBHKJW0H5NjK7kBw58h5GdtVvqs4KSirkprcG1aPatWq8fCkYB4P86NatRo88FQwTz0VRNsy7gbFz0E/BoR6ceqfqcz4LJOjB7JZ8ORBviqAG66tRd1GPhQUFPDm309w4Ggui8ce5kBB6TTLThvwheUvHea7Aza++3Af4csM+Du282kK658/wLJEG0e3n+C5h3KgSwCdG9Sk273VYPkxXvokk/T0syybupfwJ4/xzekyDgrQtCELFvhSUJDLU5PS8P9TA+6pBnNHp/DZdhvpu9N5pt9Bnnoqg9M1oUPfAKwYTuHFzZ1rc+WNfjSoBtWqVWNAT7deQ/cesGL/L3Jd73oUFOTw3IwTHDh6lg8nHSW+sI7O8clLu3npw+wy9qxC/QGlb192IIg/DwuBmCgmr04kPf0A7015iMEP3V92HfnfwqioENYuXg7do7m7Q8kX/MZ0GRDMjmlPELNuO6m71zHhiWhc75873vUAsJwJo99jd2o6ibHTubbPYO7/6gQ39R0CxDBywkoOpKcT/95o7l8MfZ6+i6aHv2Lw4D6Mmh6LPaA17Vs7X0x8ANtuYkZHMn319nJq4xBR46aTmJpK/HujeWg5hP/tDpp1HUQ4EP3Ec8RuTyV99zpG9+rJQw8t40zNDtwZEcyh2ZFMj00k9cB2YiL/xmqgU8fmQBM4FM3omHWkpm4nZvQTbCCELu2Lv0RXVN6aleYbGre8isaBPsSvnMCdsw+V6IYo3Z72Suq/uMraviZ3j5gGG5az+lAwf3uoNwD+FdZbRXnD+SK+g8SvE7FV1KbFNODaAcHs+PJfrNtefhDu3k9Vdr1VlM6ln7dlB0p2txqwlxE4VFz3Hfs+AMxm3PTVHEg9wMoJM1lbbslLK379V3IuW+rBoY9Ytm43B7av5vGHp1HW+WIv8Rug7hVBwA4WzFnNgdTdLBrzBDuK7bWDPmHT2Z6aSvx7U4hcC+F/G0SrKp1DP8+BlWO4f/YG6B7F4Na5rF69mtUrVxIbn8qVtw6kOzt4bHQMu7NSWT15DDHAuAe6V5JqAwaNC4flDzF60Tekp+9m0YTR7CCEHu0rf/adOP26o6W/X2mxycZq3W3SjDHJS38s99la8dOTHJPlS02K+cnMeXSb29ysLWZ6bI5zXb75YExS0br+P1Ywp2xbqbRTYlNMG2tRuv1vSDDW/gdNpnOiv/WGLUVp99pt4gv3zzMxT2wrNmfsiUXO+WfOif6l52zlm5iwRFO/foKJSco3ecknTdgNbnPO2mw3HyS5HqPhOv5e57yRHMejQ/ofLJwzFDdlm7H2SimaU+b8v3t5XXPo4mOS3Y6zzbSxOue/GZuZ0ibBtJlY8YTWwo+hl3gkRnRw8XkXcdHdDSHTnPk4UjgvwvUTsbD8xwa4Pk4e7vYZ8MyN09wmk6eYaW4fJ3f89Ng0PK4AACAASURBVCmcd5KwZLzzuUCOn5DQ2cY1HWPjwqhi+/WJWuLMY55Z45zU6/rpHrHQMSfE+TyiYnNmitUHJjikaL9B41cUtk1e8hoT6raO4EFmRZJrbYqZHe5eLyFm2ppkZ/31KVG+EDNtbYrzmO51UUF5K8i3MUeKfSQf+piIiD6OOV6Z5bRnd1d7Vlz/JY9Tcds7H7cwaH6xOXDl11sleUtZ5Xx2FGb82sPlt2kJyStc50Wo+d/G4vXrmhvXfVpcJfVWPJ3SU7Mv8bx1tqNr3pF7eYu3S9H16Uiz4rrf6PxQiqN+u5vgMud5FrdxWlFZS5atvHPZpMWZcPfrIyLcBNO91ER/13yw4jnINCui3K6FPqGFc7Ac9wQMwW5pR68qnDNY8bXndgS39s4sq+2Dy55T5vrgRskf1/WWsnZ2sfaMmL+xdIU65/IV/yBByXtRsJlW6Qd3xJ2XMcZcYjz3/4vtHEdPQdOm3mCzk57jTYMGF9/RaEu3cyofrE0tpd5F2rLsnMqFpk0v4Wn5tnMcPXUBX2tN/Mt4N2VLt3Eq36vMtB15MuXuWxXpR23k+3jRtMHledJ/uZzltDateVmGLqt82PR0Mux26gYGXXIductKTyWHugQ1KGP4zJZFakYOlrqBNCh5sMJ1QZTatZz9vpncg4ezXuDgrN7FNk//ZjINe35JXOZ/6ZKfSo5PGWkC6amp2C0WghqUnlHiqBcIDGpQ2B7fTO5Az48eIG37c5Cajk9Qg4qHqi8y3y6OOiw7X5WpsP5LZu8S276iequyis6FEttlYcG/jG+uKKnCeqsknUs+by9RhXXvPF5gUNBluReUdS67ONoykKAGF38kW1Y6GTkQFFT2eZCemgrl1NllOYculS2L9Jx88GlQ5n2h4l0dZa5b2bUvpSgoE/kjs20n8i9zGLh0Eb1L3NfT102gYZ/3WZN2kAGX8Z6/bkIL+kwbzBEzi0setKgg3yIif1QKykT+n7IdWMeMt/cy+NkISk1/+xl2x8aw+sQ1PD38ll+1N1NE5PdOQZmIiIiIB9CnL0VEREQ8gIIyEREREQ+goExERETEAygoExEREfEACspEREREPICCMhEREREPoKBMRERExAMoKBMRERHxAArKRERERDyAgjIRERERD6CgTERE"
11:15:08.810 [Forwarding screenshot on session 7836b5d0-bd7a-11e6-9730-e5ec4f8847f6 to remote] DEBUG org.apache.http.wire - http-outgoing-0 << "RMQDKCgTERER8QAKykREREQ8gIIyEREREQ+goExERETEAygoExEREfEACspEREREPICCMhEREREPoKBMRERExAMoKBMRERHxAArKRERERDyAgjIRERERD6CgTERERMQDKCgTERER8QAKykREREQ8gIIyEREREQ+goExERETEAygoExEREfEACspEREREPICCMhEREREPoKBMRERExAMoKBMRERHxAArKRERERDyAgjIRERERD6CgTERERMQDKCgTERER+b927j0sqvNe9PiXJTMDAhkExhtBQ5AQmyIaStUmJxSq3Va0W6u4k6iJm2rU7LCNfUg8rZo20e4eoruGQyPmUkoTianoI81OMK0mPnRvAzZnJIqREAMEYRQdLjNcZC5kOH8MMIAyYASd2N/neXxk1rxrrfc+v7XeNeMBJCgTQgghhPAAEpQJIYQQQngACcqEEEIIITyABGVCCCGEEB5AgjIhhBBCCA8gQZkQQgghhAeQoEwIIYQQwgNIUCaEEEII4QEkKBNCCCGE8AASlAkhhBBCeAAJyoQQQgghPIAEZUIIIYQQHkCCMiGEEEIIDyBB2U1WnP0FK9d8QbHRfTpLeR2pKysotQzv+csLjZSbAezkppWRrbe6TV+aV8HKNAPmYcyDudRA6poyUlPLe/6lbakg92jrMJ7lNmY2se2q+qsiX3+jnWVofeKmsFwhL/1zkhNPERt7iuQ1n5NbeGVou5ZfZM3KL9APodOaq0zoDQ5gZPq657FTmFfNmuRSYmNLSEw6Q1q6gfJhnmeudV6P6VtdBpqLR6of9O5r13Zr2uZ6xosYeRKU3UyWJv7zWTPvHTTznwdMbpO21LSy77CZmpbhO725sIIHltRQYQNwUJJzhaJLnW73uXTCxOGcdmzDlw1slyzkHrzCvr9e4aOPnP+yd5tIXVbOmtzmYTzTbcpm59ihK+zb19ZVf21k724kZe6nZBTfyIfe0PrEyLOQvqSMtektVAarSUhQU3mohdTFZaTlDx6YtdS0cehwM5cG67TmBhbHVZBzyplwJPq6Z7GSkXSaxWvrOVQJCT8KIGK0nez0Oh6IKR/2C8C+HJTlXKHklvetLm7m4kunmjmc086wXiL262tXu3VtM+TxIm4KCcpuoqr3jXzQdaF07KXLVLlJG+A/CvBCPZwZ0AB44ad2vtheO43M+T5ud5mzfQa19VPQDWc+VKAoCm//fQZ6vfNfY/ldJClw6LeXMQznuW5HajAD6w7e11V/93NBH8ZsBd44cCOXu0PrEyPO2Mz+E5C0MwJ93lR27pyKvuJukhTIec04+B0MlRdDGjsaZz1q/UYBI9TXbwkr6bF6thztG6CX51byfBHMfjKMWn00O7dP4bW8GRRmBuAwtvLiwRG+Ux0MmmGd0L4+d3OxSgNMHoU/wHAFQ/36Wn+3tG2GOl7ETSFB2U1j553XWlDCAzmUrcVhbGFvYe9J00Ju2hmCgvSEhJxkyS8aAQXbFxdJDCkhS2/vSWkoqCAq5CyFZsDcTPrKUwQF6QkK0pOUer5rgrGStfIUSSvPEBWiJ+TBT/nOAhMOh4MlEWc4arTyysqzZHTloTS/gtgQfdf5T7Etz3n1qP9DOTHJ1RiB4oyzJKVWsSX5ZFe6ErbluyaL0jzXMWKTy0hOLGFNlps7gr2vzHTBPL7KC+flab+8J1VjxEp+ellPOUNiz5JX6qq/gc5t1teSGFVCUlIJQUF6kjOaMJdfJq3rdVCQnqikcgrKnTN0ccZZktZUkNZdxtiz5BZeZkti13mjzpCnd19nN4um1/D1CR/DrMn0XN0XZ5wlqqvdAMz6WmKjzlJsBkuVkdTEkz3lT06r7QqEXX3CWW+lpKae7ZXO0HO8gfud++N39/GgID1RieUUVA28nOOj6fVCO4anMwJ55KHuje77Q0829eeJjeoaKwAWE2uiSkgvbCFjyZdUOWD34tOszGjq09fdHd/9OLi+Mo4UW2v/eMLK/t9eQQnX8rvtY+kddkcvn8SmH3gzjo6etAPX7dcbh/0Ziw0kR3WPnZNsyb2ZY2ewuViB6iYeTTxJ0ETnmM8tHrz819PX+hp621gMDWxZWdJn3LmWN2+HthESlN0sVfXsPgEJq3XELwrhBwpkvG7smTgLtpSTmm3lycy7+MvbIdSddm5XT9FyPw627qnvSmnnwMsmGmb6MV1rYVviOXYcHkXmoQiO7NfRvs9I3MpaLEDz2Q6K3rOy8JlA1i0cw46tvgCsyphAjA6Mpzsw2jvBbGTVahN3PxNKkT6SFx9xsGttBQVGaK230HDaGRBam+0U5TZyeHwwhwrCWDfTQcbqLym2gLm4mvi1JrSP6Cg4cheLaOeDTxxUGOwMpLXVARYHFosDg/4ir+R0whQV/v3z/pAvp7Z9Rkr6FZb/OozCI2Gs0razPuEzCgzuz21rtfKJ0cGJExo2bQwg8b4OVj9QQ067H/uPRHJk/zimnGjlsZ/VYu4u40ETJ8eHcOjQeBJa20ldXEPJ98axf+84ZjZYWb+n0W2d3Qxa4NiB82RlVZORUUVq8hl2VcHTj4wBwNps7Wk3AFurheoGK402KxlLz7PPV0tB0VQKXtHyQfYlnuianLv7hLPebOzbB68cuptXNvnyQXYdewqtgLt+N/DxS7POsSHHzs5DkRQdCeW7p1t5bF4VV1WZzp9lM+FgagUhUaWkbqkit6CB8UsiyNw0Hi1Q6KY/9GZrtVHdYKWt+wKgxc7JBgctdhXz/i0IgKRNE3n6x/59+rq747sbB0Mu40gwX0Gvb6a8tJXLgPl8M+WlzehLr2Axt1JcDdMWjSH8qh192JQXw87lgYOW3d17Q50DLOUGHlxQR+V3gygojOT1Z3zZnVpBWsHQnhm8YYPMxaDgcHRSd18IRwrvYt0UKxsWfMZRo/vyX09f62PIbdPKMzFfsuewNzv3R1CQHULdPiMPLKnGzG3SNgLvW52BfxTF++tpwItl85wDcvkqhWM5Rt433MmiUAsf5XWge3IS25cHA8G887qFmNVtwGge2aYhZ2s9hZkTiL/onFBWvTEOjf4yu6og6deh/PBbPtjw5RfPmHl4h5EPjTpsgC4ljJ2bxgJgLm5HUewsXBCMjl5Xhl2TSOUXbVRc8mfhc1HEPQGROjgBgFdPUkUJ4EDmZMKB6Vtb2LOgmcYW+PjdRhSdljczJxEKzMpTOB1SSeUA9eFwOEiJLSGl1zZFUfP678LQYu+X91ZSQzrQpYSRud5Zlp2HvDgWcZ59fzGhrhz83C8eu5eUaAUsFiKzJvLUd0KInwCGiw5++KNLnPi7recuk6IE9ByLFfUcy/Dl1e13Egr4bzCyYG8bBpt2wDq7GXyBE/vMmCd70draidHofFan4rM2iA3sSuXVaw/n32q6mvsLKyVl7cz7fhhFhWNRj/cFrr6jk3H8WyRHAfEq3tlRjtneiWUI/e5ax7/0VifQydlP2oiZN4b/c3w0z6o111guHM2m96YxK+8CB/abyN3dSO7uRuBLnsyOYvsiOJAxcH+Ii+h9LFe5+/4BUYl3MF1pZPKsEGLDVRT2pG91e/zVDDwOsA21jMPP+HEtc5f1egg17TwHAUXx4o3/DqMOuP9ulSt9YQVRi113QcKXjOPD1wLdlL2OQDf1MpRxCHBifz0NKGx/dgJh/g4iUiaQsr+CnJeNbJ0/Ge3IVE8P93MxgANFCeCdrnLEvuXgcMR53v+4Eavbfjf0vtaHzTGktslf9xW5DvjlkXtJiVUBgbyDlZjVjRw3BnP4NmgbIUHZTdJKbrYNhwPWxpawttc7r+1tYlFKB4cb4KGprvUada+LqdilY5m8tYYDH1oIqq6nAV8en+9Dy1HnVc57myt5b7MrvaKonfNBKzw0c3TPdpsVwIG9/wOdOh0vZ5j5tw0mVhx0TgTTlwSRsbP/dZsDgrueteg5nnPuUWkUaLD3WpH05zuT4bSbWtn4yl3MHQtWuwP8NUyfdYdr0PfOu9lKJZA87w7XztoAFk2GvWdtrNa6P7eieDNpUtdNYR8fxtjaeCLuAr1XlZTp3c9UOMvomk/7vnYW2Qu1mzqLvgkzVx3OZ8q2x7uW87JWfsrW"
11:15:08.811 [Forwarding screenshot on session 7836b5d0-bd7a-11e6-9730-e5ec4f8847f6 to remote] DEBUG org.apache.http.wire - http-outgoing-0 << "DTUsXBDoZk8N/54TyucbDGxO+ZLNgBKuIePVSML7RQ6KojAuqPuVinuCnc/FtDS563cDH3/5hgi2fVHB5ucvkP38BRTFi0e2hbFjva7Pko3F0MonNRCfPJn45Mlk4qCqtJ6X/3cNe1ZXMTd2otv+QJ+g7Go9zWN1OJ9Ps38F9PqgHLS/DTwOZg2xjCNBN2cKVVVfodXY2RJThjk9isx5GszWUWg1zewDTpa5LsYCJgWyc6cGTYAXZfvr2PM3C63uyv5JO1MGem8I49BFweHoYG38p323ajtohRH+4B9kLt40BnDANJVrDtB4czdw8ngLvlxfvxu0rwEEqPgWg7dN0wovFMWLyEmu/f3HOJ9RUzff2BzpcivbRoAsX94UxsJL5BpheeZdFBVGcuRIJEVFd/HkdDixo45SnR8JwXCyzHUrWa3q9UCoLoSf/Qj27azkhZdsTNugIxpQ+zubb+Ohb9PYGEtjYyxV+rvIyBjH1ABnAKEd028CAPo/0WkxNlPnp+Wd+ljK9ZFk/3I0nxxs5I/Hh/6Uq93qAHo/xNrGmWrwHyC9ongz+4fBzIoPJn6OjvjeARn98q5VMRHIe7/XNzMt7Zyuhodm+Azh3I6eu4Hm4irmppq5e8NE9KXOetub4sX1fv99OOrsxvUevhpmfFsFdLiWT3A1tZrub71ZKauBp9+cQWPVVAr2jiOh1cqGJy4MusTW/ZHhvt8NfPyy0jYmL42gsXEGRUcmsfWRUezbWsuH/U587p0vmT+/nPyepUiF8OixbH9W6yyfj/v+0Ie9s29FaJSrm1rV7+HrQfqbO8YhlnFkKGi1KvAZBQ2A2ht8VGi1Cvj48b2ZUL2njvyuh/98woNJSbmT5cmhfD+qqy+5K/tM3xsch052aweK4suRrr7T2BhL4f5QstKCCR7uKuln0Lm4O6HB4ZomrR1UAvcn+LvvF1+nr8HQ28be6VxWrXNdTdravnL+f8eNzpFdp7iFbSOcJCgbcQ7+uteEovjyxPJgoqLvIDb2DqKigvnpen8cjiv8qQBm/tCL6j3nyTrajKHcyJafmXA1j8KC1UE4PmnnWIMXP13hvKWhnaVjiQIZP6ukoNSCsdxI2rwv2bChnsaez45eX0G3d+JwONAfM/V9CPh8Eykp53k6/TK2IH+mRnbNKmrXMVyf853X/MmAuMXBOBwtLE09T7G+gW3JlbzncHdl5cA26Fewu/N+B0mPeNGQU0t6gQlDVTNZqV/ygQPun+b7Nc4N4+/2ZUKwQnHeF6zI7uyX+Npl7P2+fdA6G1laoOTIJQry68jPv0h2ejnz020w+Q5idIBagYZm3jraSlVpHU89YcbZn+z8/jED/7SykuLWUUyN8WM8wN0qAoZ6brf9buDjG/5Uy2NLPiOr8ArjpwQweawCKKj71Vn0vGDCFVgdU0pG3mX0ehMFuVXMX2KGyQHE6Nz3h94CxqlxOBy88n/rqDK0kv3MedcdUpuzf5X/7TKlVd0hZye2QfqbK93Vzg6xjCNLxfdf1PGjiFF9tq1/NYxp2FgdV8KWrIsUFpsoLLjIlpUlLNvt6Hqe013Zg4dlHMYsCMThaOe5NAPlBiv6girilxlY/6FthO8mDmUutgDeOIwm0rKMGAzNZKXVUo1C4lT35b/+vnZ9bTP5wRCSFHh21TkKq6wY9Bd58rEWCPYjYpAx4fltI7rJ8uVIMzfx1iGYts55d6u38IVjSVrfyp59jdS/eS+VpnI2LztH94qQorhiZm38OFJ0jeRMC2FBz6qiP5nHw7A8WsOKrtvNik5D1rFIonGQT99vYOki/JmtmElPqaDF/x40Xe/7xIaxd1MbK9JriE6vAWD68nFsnOPDF0UKhHYv3/X+u5szj9rYSZTu7+THDxuZn2tkepI/s5VWJsb0/ZB08e76aY5r685bt0WZ91JtOcfzKypI76qbTXujWB+tAgY+t1rTSu9rD+2sCfwyycTzqRXkpjqX3JYvV7Nv3xXOmq9VRqXf5aTz/QA3dXYz+AJFuy9R1Gvb7CWBbP2PCEKB0JQ7Wbz/SzYvK2cz8IPlowneZ8OGP786qKNiiZH50c7reCV8NG+/OBEf7D31rtY4g4neXG3irt+pBjz+nCB/1pVUsnmxM0+K4sW6rCnM6f/JED6B9//i4Mkn6nh+bU3PZt1sLe/mTHGWz01/MBa68u4TPYFXUsys3WUgdhcos30JV9q7DujPsgQv0nfVcdqs4lWtq+3d9bfC/IHHQfwz4UMr44hSmJMy6erNoWMp+HgUO56rZdfmC+zuTq14k/LrUDatH4uWQcba1xyH4Oo/ulnhHMn8ikc31DE7uw6A8KQQ3to+dmSrZUhzcT1z73GghGuo2Hqe6M3OMm59O4r5oQxS/qH3tfKd/co6xLb53bGJrF56gcWxZ5zvT/fn7TfvIQqI+tpt45ojb1nbiB5enZ2dHvJrfgLAbLTQyihCdddYdnTDaLBgU3sRqtMMnnggFjuGhq9Q+6vRaa/vJqqhsJqn93qx+7VJzoeazUYSI85z/9v3sXMYAxWL0UqDDYJDNT1Xbl/n3M56vsH6ghuqs5vB2S/UhOr6582B0WDDpr7+vnb18a9VjwMf32y00tqvDQdiNlqdd6TUqmvW77X6w7VYzFYaWiE09Prae6jHv1a+h1rGW8Jix2gFbKAboP3dlX1YxqGHj53u/PmH+lx1R8lt3XzNvtb7vO7bxv3Y/Ydom9uYBGViWJj11YTPrUeZPZoNs0ZxLKOF06h541S08wrzNj23EMJJxqHnkrb55pCgTAybqsKLvLy3iWqTg/HT7mB5yp3MCr05V1m38txCCCcZh55L2uabQYIyIYQQQggPIGGyEEIIIYQHkKBMCCGEEMIDSFAmhBBCCOEBJCgTQgghhPAAEpQJIYQQQngACcqEEEIIITyABGVCCCGEEB5AgjIhhBBCCA8gQZkQQgghhAeQoEwIIYQQwgNIUCaEEEII4QEkKBNCCCGE8AASlAkhhBBCeAAJyoQQQgghPIAEZUIIIYQQHkCCMiGEEEIIDyBBmRBCCCGEB5CgTAghhBDCA0hQJoQQQgjhASQoE+J21taGyWTCdqvzIYQQYlDetzoDQogRYCrjrVdzOdVgR+Wrwt5uJ2zmIv71J7PxuyrpMV7NfZ8GO0AgDy5dycK4O8FUyu9f2svn7YAqjKVPPUHceHXPfucKXiLX+AC/ejyua0sbRftfI19/EYCwmUt54idxqBkKKxlJZ3i+qO/WJZvC2LlpLNp+adNCzmB94z4y5/sMuUpGwtEtJSzb7bhqu6LTcqp8CqG3IE9CiG8uCcqEuN20lfHSb3IImLeC1Lu8MZo68Nf58NmB13lhj4Vt6xJ6BUp1vJ3zPl/FLuXni75FzdE32XvgAFNi1lD16l4+D5nDM0/EUfrmTg7seZfIX/2EQEwU7c8hX3+RwFjXFFJ77A/k620s3biNyJaj/Ob1A/xlRgwLw4cWljXXgbJkHMd/EQg2qDt9icVra5g0S8vWeE2vlCoef3sSxAztuCMpbn0khf+ioG5r5McLLvHQi3fxiwQNrTZvCciEENdNli+FuM2U/PlP2B5cRSLHydzzX5SdO87rmbmMX7GR2Lr3ebeszZXY1k5ozEyWJsURqPYjOj4WFfWY6j7n7w0wb+lcQtSBJCz5Z1TtpzlnAtPHfyb/rA/3BIK1o/tAJj4qrOGepY8R432ZJt/72Ziayv8ae32B0+RJvkSF+xMV5U98cjgbdWBu68RYXE1S0lmSovSEJFby/h/r+LCijfSkk2wpuNK1t4X0xJNsO2rBUFxLcpSeoCA9ISElbMlrdqYor2NlbNf2qDPklbaRkXSS1LzWrmPYyUouIS3/yjXz15821J/o6NFETfUlFBgX4U94uD/RUT6Ag6MZZQQFOc+XtOUiRgBzAysTz7Ay6SQhIaVkvVBGcmo5iSF6QkJOkpZVy5Yk5z6xyVVUARibSEs82VOebfnN11WvQohvBgnKhLitmCj7XMPcxAkUfVDHwmee5dFl63hu42oiQ8YTFzuBy3VNruTqcBY++hMi/Zz7FvzhAHbfaUQGA/ji3706qPLuua0eGPMI6b9ax/ci"
11:15:08.811 [Forwarding screenshot on session 7836b5d0-bd7a-11e6-9730-e5ec4f8847f6 to remote] DEBUG org.apache.http.wire - http-outgoing-0 << "fOmwuw7lDXx+YBdbd2SyJ3MXu976iNb+a6WDqP68lWK9ieLiJnLTP2OXEXRBo8DaQVFRO1M3TeSNXwZj/ruNmlYVsx4axZ6dRswA5fXsOO3F7BgLTy+4hM+mCBobY/nLixr2rK/DQDOpDxg4mzCR8gvf5vWFNtYn1HHfD1Xs23LJGTBV1bP1WCcPxo2+znp3OPNg7+zZUpV3joe3dbBXP4PGqgjuzrvAqiwT4MBw2ophaghvvDGRUC8bx/bZSDv+bd7d5kv25ktYVkVQWjgR7bFG9hdbOZpRRY5vMOWNsRzPGk3GpsvO/AohbiuyfCnEbcobGNU1wluMNTT53MnAT2DV8V8v7eJ/Lk7g4WeWEUIJ0HHtpGrn3S9Lv7c7AMLm8NxTc/FrK+OlF3L4oCSRx2eEdKWwUXLkXc61AB0dhMUlMTvcFbWpteB4r54Ff2/AYexEF67hl9kRbJilwljYiaJo2ZoyAS1WPuraJ37FWNhxkePmyfi9aYQfjWeOLpC4jyM5fqqFjG31/L9j7TA5ELXRwt9QeHnrBHQ+sGh7NHGbIJQmgrfV8FcD3Lv/MiSMZV7vtUdbHUfe/RsteNPR4UNc0nzChxBsVpy6Aih8+PtKPsRBZQOcyGvC/Kg/ZhTSt05ijhaOfnSe4FUTmR+lwVynRlE6eTw5kFD8SAi+gLGxk3FTfXHsrufBxDZSVgRx7H/Gohs8C0KIbxgJyoS4rQQSfY+Vwx9eZHF8CK//5iWqYrw5daqeRRvDqNFfZOzyMX13aStjzws5VPl+i3XbHidcDZicb7mWJzvoGChI607RDvfMnOH8IoHfJCb5QkufFHbajJe53Ah0dDCm9202wGYG3ZOTKN8+cLhx1bdIQ0PYNvMCf9hTS+AeBxveDQFLM2lx5zg0WcOGx8Yw75/aOZx9jYP5QOOn7ahjQ9iUUMPvs2u5b28H617W9QteW2i6cJnL3tDREYTFbS30M9mXmd/xw9YGMzJGswRfwPnFANs1vhJroxOC1YwHwIEVQA3Ry6MoureBDwuayEs3sONZIwcroonXXn0MIcQ3lwRlQtxmov/5X/jghRw+mPMwq1d5Y2rtIG62P5+9nYl+/ELSI3vf5qnnrR05VBHOinVJBDTWUdsBY+4MZ5qvnfffK+LBx2dT8t5R7IQzIXCgswYyNcaXt//8V2pjHmXs5dOUt0OEd+8pxo8HH13Hg8NaWhU/3qhl87JLKLoAPp6lAmMTfwOy3vk2yaGQv6UeGmzU6dR8Fwd/fKuJOevHUJz1GQu2evNx/VQWPhVI2uJLnFZGc2yOpu8p1JEseyryunM2LlQF1V8RljCBWVoLGUmfsvvuUFIWjBp4JzvQcPXmvDUlrGci9a/dw/oVFwmJu0iT/M6JELcdCcqEuN34TeXpn69mf04urx/twNcX2tsh/MGlPLcwrk9SW1UJZ9sBqti7a0fXVl+W/vxXLFi9kC8y89m0KR/wZc7qh7mz177e3hpnENFlxtLVnNudSebWUwAExy5iUfSAUdxV1FoI1bh5zDXYq+dPZ9jkfB06ZyxLFDOmp8cSDqDzJyXBi7XRetYC03+gBix8QdFuxAAAAexJREFUVhXIb9/VMW9BJUGbQVEUtr0b6dwnfhzLFROfbhhL9JBz3JuCFtCoXHmMXj+FF0+WMT9c70wR7s/BnPGAEVB6vgGrgp5n99QqLwh2PZfWXc6F/z6RnIQLBB28AMDsJyeSIOuXQtx2vDo7OzsHTyaE+EaytdFmBz+/63zi3nUATPVXGB0SOMTfG4M2kwm7ajSBfrf2JyvMRisEaNBe9SCdA6PRToBO41qmNFwmMaaGnx6PZXnU8ObDYrbSYlPQ6VQ3eCRnvtVqDVpZthTitiRBmRDiH5o+6wxzN1tRloyn9rVQN1+GEEKIkSVBmRDiH5vFgv4TG1Nm3YHcgBJC3EoSlAkhhBBCeAD58VghhBBCCA8gQZkQQgghhAeQoEwIIYQQwgNIUCaEEEII4QEkKBNCCCGE8AASlAkhhBBCeAAJyoQQQgghPIAEZUIIIYQQHkCCMiGEEEIIDyBBmRBCCCGEB5CgTAghhBDCA0hQJoQQQgjhASQoE0IIIYTwABKUCSGEEEJ4AAnKhBBCCCE8gARlQgghhBAeQIIyIYQQQggPIEGZEEIIIYQHkKBMCCGEEMIDSFAmhBBCCOEBJCgTQgghhPAAEpQJIYQQQngACcqEEEIIITyABGVCCCGEEB5AgjIhhBBCCA/w/wHX7svesUKcLAAAAABJRU5ErkJggg=="}"
11:15:08.812 [Forwarding screenshot on session 7836b5d0-bd7a-11e6-9730-e5ec4f8847f6 to remote] DEBUG org.apache.http.impl.conn.PoolingHttpClientConnectionManager - Connection [id: 0][route: {}->http://localhost:1871] can be kept alive indefinitely
11:15:08.812 [Forwarding screenshot on session 7836b5d0-bd7a-11e6-9730-e5ec4f8847f6 to remote] DEBUG org.apache.http.impl.conn.PoolingHttpClientConnectionManager - Connection released: [id: 0][route: {}->http://localhost:1871][total kept alive: 1; route allocated: 1 of 2000; total allocated: 1 of 2000]
11:15:08.870 [Forwarding screenshot on session 7836b5d0-bd7a-11e6-9730-e5ec4f8847f6 to remote] DEBUG org.apache.http.client.protocol.RequestAddCookies - CookieSpec selected: default
11:15:08.870 [Forwarding screenshot on session 7836b5d0-bd7a-11e6-9730-e5ec4f8847f6 to remote] DEBUG org.apache.http.client.protocol.RequestAuthCache - Auth cache not set in the context
11:15:08.870 [Forwarding screenshot on session 7836b5d0-bd7a-11e6-9730-e5ec4f8847f6 to remote] DEBUG org.apache.http.impl.conn.PoolingHttpClientConnectionManager - Connection request: [route: {}->http://localhost:1871][total kept alive: 1; route allocated: 1 of 2000; total allocated: 1 of 2000]
11:15:08.870 [Forwarding screenshot on session 7836b5d0-bd7a-11e6-9730-e5ec4f8847f6 to remote] DEBUG org.apache.http.impl.conn.PoolingHttpClientConnectionManager - Connection leased: [id: 0][route: {}->http://localhost:1871][total kept alive: 0; route allocated: 1 of 2000; total allocated: 1 of 2000]
11:15:08.870 [Forwarding screenshot on session 7836b5d0-bd7a-11e6-9730-e5ec4f8847f6 to remote] DEBUG org.apache.http.impl.execchain.MainClientExec - Stale connection check
11:15:08.873 [Forwarding screenshot on session 7836b5d0-bd7a-11e6-9730-e5ec4f8847f6 to remote] DEBUG org.apache.http.wire - http-outgoing-0 << "[read] I/O error: Read timed out"
11:15:08.873 [Forwarding screenshot on session 7836b5d0-bd7a-11e6-9730-e5ec4f8847f6 to remote] DEBUG org.apache.http.impl.conn.DefaultManagedHttpClientConnection - http-outgoing-0: set socket timeout to 10800000
11:15:08.874 [Forwarding screenshot on session 7836b5d0-bd7a-11e6-9730-e5ec4f8847f6 to remote] DEBUG org.apache.http.impl.execchain.MainClientExec - Executing request GET /session/7836b5d0-bd7a-11e6-9730-e5ec4f8847f6/screenshot HTTP/1.1
11:15:08.874 [Forwarding screenshot on session 7836b5d0-bd7a-11e6-9730-e5ec4f8847f6 to remote] DEBUG org.apache.http.impl.execchain.MainClientExec - Target auth state: UNCHALLENGED
11:15:08.874 [Forwarding screenshot on session 7836b5d0-bd7a-11e6-9730-e5ec4f8847f6 to remote] DEBUG org.apache.http.impl.execchain.MainClientExec - Proxy auth state: UNCHALLENGED
11:15:08.875 [Forwarding screenshot on session 7836b5d0-bd7a-11e6-9730-e5ec4f8847f6 to remote] DEBUG org.apache.http.headers - http-outgoing-0 >> GET /session/7836b5d0-bd7a-11e6-9730-e5ec4f8847f6/screenshot HTTP/1.1
11:15:08.876 [Forwarding screenshot on session 7836b5d0-bd7a-11e6-9730-e5ec4f8847f6 to remote] DEBUG org.apache.http.headers - http-outgoing-0 >> Cache-Control: no-cache
11:15:08.876 [Forwarding screenshot on session 7836b5d0-bd7a-11e6-9730-e5ec4f8847f6 to remote] DEBUG org.apache.http.headers - http-outgoing-0 >> Host: localhost:1871
11:15:08.876 [Forwarding screenshot on session 7836b5d0-bd7a-11e6-9730-e5ec4f8847f6 to remote] DEBUG org.apache.http.headers - http-outgoing-0 >> Connection: Keep-Alive
11:15:08.876 [Forwarding screenshot on session 7836b5d0-bd7a-11e6-9730-e5ec4f8847f6 to remote] DEBUG org.apache.http.headers - http-outgoing-0 >> User-Agent: Apache-HttpClient/4.5.2 (Java/1.8.0_101)
11:15:08.877 [Forwarding screenshot on session 7836b5d0-bd7a-11e6-9730-e5ec4f8847f6 to remote] DEBUG org.apache.http.headers - http-outgoing-0 >> Accept-Encoding: gzip,deflate
11:15:08.877 [Forwarding screenshot on session 7836b5d0-bd7a-11e6-9730-e5ec4f8847f6 to remote] DEBUG org.apache.http.wire - http-outgoing-0 >> "GET /session/7836b5d0-bd7a-11e6-9730-e5ec4f8847f6/screenshot HTTP/1.1[\r][\n]"
11:15:08.877 [Forwarding screenshot on session 7836b5d0-bd7a-11e6-9730-e5ec4f8847f6 to remote] DEBUG org.apache.http.wire - http-outgoing-0 >> "Cache-Control: no-cache[\r][\n]"
11:15:08.877 [Forwarding screenshot on session 7836b5d0-bd7a-11e6-9730-e5ec4f8847f6 to remote] DEBUG org.apache.http.wire - http-outgoing-0 >> "Host: localhost:1871[\r][\n]"
11:15:08.877 [Forwarding screenshot on session 7836b5d0-bd7a-11e6-9730-e5ec4f8847f6 to remote] DEBUG org.apache.http.wire - http-outgoing-0 >> "Connection: Keep-Alive[\r][\n]"
11:15:08.877 [Forwarding screenshot on session 7836b5d0-bd7a-11e6-9730-e5ec4f8847f6 to remote] DEBUG org.apache.http.wire - http-outgoing-0 >> "User-Agent: Apache-HttpClient/4.5.2 (Java/1.8.0_101)[\r][\n]"
11:15:08.877 [Forwarding screenshot on session 7836b5d0-bd7a-11e6-9730-e5ec4f8847f6 to remote] DEBUG org.apache.http.wire - http-outgoing-0 >> "Accept-Encoding: gzip,deflate[\r][\n]"
11:15:08.878 [Forwarding screenshot on session 7836b5d0-bd7a-11e6-9730-e5ec4f8847f6 to remote] DEBUG org.apache.http.wire - http-outgoing-0 >> "[\r][\n]"
11:15:09.503 [Forwarding screenshot on session 7836b5d0-bd7a-11e6-9730-e5ec4f8847f6 to remote] DEBUG org.apache.http.wire - http-outgoing-0 << "HTTP/1.1 200 OK[\r][\n]"
11:15:09.507 [Forwarding screenshot on session 7836b5d0-bd7a-11e6-9730-e5ec4f8847f6 to remote] DEBUG org.apache.http.wire - http-outgoing-0 << "Cache: no-cache[\r][\n]"
11:15:09.514 [Forwarding screenshot on session 7836b5d0-bd7a-11e6-9730-e5ec4f8847f6 to remote] DEBUG org.apache.http.wire - http-outgoing-0 << "Content-Length: 55530[\r][\n]"
11:15:09.517 [Forwarding screenshot on session 7836b5d0-bd7a-11e6-9730-e5ec4f8847f6 to remote] DEBUG org.apache.http.wire - http-outgoing-0 << "Content-Type: application/json;charset=UTF-8[\r][\n]"
11:15:09.517 [Forwarding screenshot on session 7836b5d0-bd7a-11e6-9730-e5ec4f8847f6 to remote] DEBUG org.apache.http.wire - http-outgoing-0 << "[\r][\n]"
11:15:09.519 [Forwarding screenshot on session 7836b5d0-bd7a-11e6-9730-e5ec4f8847f6 to remote] DEBUG org.apache.http.wire - http-outgoing-0 << "{"sessionId":"7836b5d0-bd7a-11e6-9730-e5ec4f8847f6","status":0,"value":"iVBORw0KGgoAAAANSUhEUgAAAmUAAAHGCAYAAAA17/z6AAAACXBIWXMAAAsTAAALEwEAmpwYAAAgAElEQVR4nOzdeVzUdf7A8dd3ZpgZBrkURQexgFDUSHQ1jQzNq9QOS7PD6pdtq23tWlZ2udqm2VrbYZdbdtillrotZlp5bVqZLuaZZJqQB3ihgFxzf39/jJggx3dggEHfz8ejRzLz+X6+n+/M93jP51SSk5NVznPpHVo0dREa1Ij9xU1dBCGEECJg6XQ6PB5PUxcDXVMXQAghhBCiKen1+qYuAgCGpi5AIJCaJCGEEOL8pdfrcTqdTV0MqSkTQgghxPnNYAiMOioJyoQQQghxXguU5ksJyoQQQghxXpOgTAghhBAiAEhQJoQQQggRAIKCgnzeZvDgwaxevZrVq1czdOhQv5RDgjIhhBBCnNd0utrDoeDgYAYOHHj67/Dw8NP/jo6OPv3vgQMHYjKZ6lSOwBhuIIQQQgjRRGobfRkcHMzMmTO5+OKL6datGy+99BItW7Y8/X55gPbAAw9w3XXX8dNPP/Hoo49it9t9Kofi64z+anwa424aROeYVoSYDNhL8vhtx3e8+95yChXFp537Iu1PU7k29hAvT5lDbgPupzI18SZenno73S6IwqwHty2PTcve4aGXljZaGQBUNZHpH79A75Yn+fjB2/loT/0/A1W1cvdTE4g9sJxpc9f5oZSBQbUOYvKEQYS581n+/EzWFf7+WanhaTz+6DAiOUr68y+yobDxzqXqlJc3xO0+/Zrbbafg8B6+emM+mYrSqOe/Gp7G409cS+TJTF6d8V6F/anx1/PUn/tB9nKmzV7le96qlbsn30+nEHCf9a4eSn7hjUr7PFN4nzt4YmQcq15+mlW5Dfw5WAcxeeJVkLmUZ8+4PtTwPjz+xAiKVs1h9qqsBi1DXTXWffrM7yOjw908MTLW5++muV2vomqqNY3777qKi9pGYNKD217ArvVLmb14AwDdb32Im3u04+Tur3n2bd/vHTXxR94JCQns3bu32vfT0tJ46qmnTv9dWFhYoaasqtf+/ve/8+233/pUDp+aL9XudzB7ylhSk2IJcRWQk5MHYVaS00bz7FO3+bRjX7VpF0NUbDsiGnQvFanqTXz+7ykM6hZH64hQQkNDiWgdx6C7ZrBk2rWNWBKAEOKS4mgXm4Q1xF95mmnXIZoOcW38lWFgMEcQEx1NtDWJ/oMTKryV0L8vSdZooq2diGvVROWr7FR5rdFRREV5/7PGxpHcawiTXnuYeFVt1PNfKVzH3pMmohPTuOe2rhXeu3vctcRFhXFoc0YdczcTFll+nNFYrVasVivRUeWvRWKuYetW7eOIjupA65oS+Ys5gpioKBLTxjC2+xm/XVu1JzE6mrYRjVEI3zXmfbpVdBzRUXG0NkOr9rF1+26a2/UqzqKqaTw7Yyy9Eq1EhlqwWCyERlrpNXw8M8b2ASChcxeio6KIj23t9/37I+/aaspWr17NkiVLTv9dOSCr/NqSJUtYs2aN7+XQmlBV43l47AAsuNmR/hIvLck8/fqDLzxJSlx/bo2fz4Kshvkl43QBbhc2reW1jmL2jCv57/T7WFzHMnW8ZyBxABxj+Suz+GJfG8ZPfYBuERB3zW30nfI53zVirZ3TAZgcFOd6/26jqhyt7/7d4HbVu2gBp7wWJuaSy2Hx77UZl196wal/uWj6uZtPsXkvxOylzzFtibesqmrl7umTSYvtRO8EKPXx/K+vRTPmcsm7E4gbcidp8x9jnaJgHfoQadF68jLm8faGwjrlqyhZvDJpPOA9xsdnzyDJsIep42b8XjtW0zntdAF2So+DqoajKHUrhya28vPISNo9j7P2vplkKcrp1wPxsmns+3TWkmk8mBFOYa5CfLILcNfpumpW16s4S8ywnlgByGf9woV8fziSEWNHkxgK1suH0OW9H8j8YTVtDrcgZ/Nav+/fH3nXNvoyKCiImTNn0r9//9PBV15eHl999RUAV199NVFRUYC3xmzmzJlYLBafy6G9T1mPfnQJhdI9S09f6OC9yc6a/z2v3ZuMuX0MZOXSZ9QD3HZ1CqF6AAfZ69OZ9vaXAIR3uZ4Hxg4jLsoIQFHuVuY/P4sNhQrh3Ufx6D1XY7XowV1Kvt1ESGkmzz3yYoWiqNY0Hp94M0lRltN5zH1yFlsq3cwNGKjPUyykPOp1uSh15PPdqqV8SxT//msqHP+ZI3ibFZ+aO4sRPWMxAK6ibD6d+QjPLd2DmngTc2f9lZ6xp+o3XEXs/OY9bn3oXRLveIn3J16B+1guzpZxtDa5WP/K3bx48kZmPXgNsaHer6bgwHr+OXY8nx8pL5WRK1/8N3d164gJKMhexYTrJrK1nsGZqsbz8AsP067sOKbYWEKB0iM7+O82GDwkGSPgyNvF3GdmsqFQwdrnVu69rT+xod7v0V2Uy+r5z7NgQyGq2oVx0+8hNTYSgLwDuViijax4+hHScyK46cFHGZ7ivYRxHGHN3Ff5aEMuqhrPuOl/Ob2duzSX1e88z4ItPj54baAH3A43xthLGBSusqpQQQ0fRHerkfzcfCKtplPH3Z1xT91Gapz3YsJdyp7v/8Ozc1dhHXQfk2/pSmm+m6ioUACO7FjGP15cRAEJ/inrmYJ+r2JQlFw+W7eftDFJtIuP4cxK9eo++/knh/HypIHkLXuJZxd7r9H46x/jyRHRLJ0+kSU+PIgVZQsvfrKVWWNSGPX4MNbO3Me9I5OhdBf/emMlKAqqGs+dj49jQNKpDq6OPNbN+xdz12Ux9KF/MrL9IZ6d+CJZioJ10H08dUsc6VMf4cvTTVtmym+DEUBu+fENeoCnbmnP8qmPsCTX+7099+JN5C99jkUAWOj3t9cYERUKuMnd8RXPv7iIQkXRfG/Q6vRt2pLEnx8czKRXVlG5Kq+6fSY99Rr9Q3fx9CNvkEMM9z83mR7GvTw78UX2EsHd05+lu+s7pix1/n7fA/IPZPDOlDfIrEuZNd6nrfEjmHxLV4qO2Im2RgJuDmSsZk9oLwYkef/O3bqUya8sqeUaOfVdPfsIO3wvrZdP12v155z3eu2GuxRCQ43k71jIxE9K/Ho+iKqZQ1p4/+F2Y3OeJHPLBnYSwfRRF8PJbAqADm0TSeoaTQfzQZZsyKX7qIe45+pkLHpw5GWTVRZKotXCjk9mMCuzF889dS36nB0cMnUk2WrBG0ssYloVzZNhZ+Sd/oOZB194mC6WUvbtdxCfZEWP97t/88lZ1V5XNXXM79u3LxEREbRp0+Z0QFZQUMDo0aMpKioC4L333uOzzz4jIiKC8PBw/vKXv3D06FEKCgr47rvvNH+WmpsvExJi0eNm05fpZ72nbJnLhPEPMXddLuFpDzB+eAqW/F2kz53H+j0niUsdzcw/paGqfXh00gjiouxkLJvHwjU7MFlTGD/9YaxqHx6dMByrIY81C+exIrOISIseY5i50j2wK5OfGktSlJ316fOYt2wremsKE164n3BVxdq9D4MGpdGvVxv06Inp1Y+0QYNI627V/KGU27J0FYcADO0YNWk227dv5tuJKWSueIdRd09jj6Lwl4/fZVTPWAyuIg4cKsAQGseYGW9yf6LK9NeneAOyokPszj6EyxBK10H38liKSkhYa0INJiLaxdHaBFDM7uKrmD9lBLGhBuwFhyhwQURsKjMWvMzv4zpMdOzWkZOHjuECIuIG8fT063w+tqoEWSxExcZyeN0yVmTkYolOZviQLuxbt4w1O3IxRiUxbHBXVHUQj4wfQqz+CMvmzWXesgxKQ60Mue0urKrKTU/dT2psJNnrlzFvWQaWWCsWo4UgMwx+8CmGp1jJ3bqCuXPTybZHM2D841wfr9Lvwb+QGhtCRvpc3pq3hnyLlSH330+86lO3x9P2b8vEQRSX9vc2iSQMTiWSPLb8dITy3yN3PjuB1LhIdqxZyNy56ezKM5CYdgOjrCrmkAgsegtRkaWsmDeXZVtziU4ezqN39/B7WV2AIciEqoYTHh6ONT6NPw5KBErZm5lzRsrB1X72MTt3UeDWk5jan3BVRVXDGdg3CX3pEXZU31WiWoWrXmHZnlJCk0bywgv3E6t3sOaNU7VFwIjJDzMgKdr7Xc5bwQFXFGljH+bWLipGcxj6sBan8zKHRGHUh1G5xa+8huTM307mkHCM+jAs5WlbRRCpN2I6I2iNjLSzZuE81uzKw3rqO1HVLjXeG+rCAOxKn8eOIohKucnbjHlGYWva56FDpRijutIrBojpRVK0BX1kAr0TgIhUusdasB8q5N57h2N1Z7HwrVdZuC6byNhe3Pvg4DqVV+t9uvzcjrY6WJOeztZcO7G9hjCgQxlr0pexK8+NNWUg11vVWq6RU99VnUpbkZbrtaZzzntMRkJDT7JrzwH27Xf6/XwQVdu7PoM8AH0UA8ZMYu7cd3jt5kSy/7eUqc99RK6i0L5dNKEWC6EtQlD7/In7h58KyPKPYI+MIyk2Cr3eQnhEBBBEqFFPVFwKydFu8ovcgJG4VO95V9mZeQOEWCwYLVEkJlk5mVeEGwi1pnDnuMuqPQa3++xeruWefvppJk6cyJgxY06/9umnn6KqKmFhYYSFhaGqKp9++unp98eMGcPEiRN5+umnffostdeUnWo2KDpVY6Oq8UyePYXE01ejm13pz7Kra0cgl3cemckGRUFdm4Hl5Vmk9O5Lr2wbVmDHvJnMXpULrGIf05g0oBNX3W7GCmyd9xgfrVPgy1UYZrzDgKiKN2zL4MEkGiFv60pW78jFTBb/TUhgeFI3hiUkEHf/eBLPqIVMGTGWFIDcFazbssCnD0fZ8y5D7nQwd8afSImNwICBiNiujBg/g2uGXc7Nw35kWDdvLdimj59i7Is2Xl/zKv1at6bvtd154/XplPTqTF7GGo52uIYH/9iO1gZHpWr4Y7x/5wBeLOnIPU+8iwmwZ6fT6/qpqH0f4t9P9ONkpSfq7sUPMWraKh5a8D13dQ3Fmpjo03FVR28A94EVPDt3Map6kIvfH09U9len/t5L0vsTvAkjclm/bh3OrV+TngVd4438lteL5MhwIriM7nEWHNnLmPb2YgCymMqU4TFAApd2iYSiXSxduhF7OCz98kImjE6hW48EMvQGQE/bhARarN/I3Lf2EWU/eDoI8IUBsOds4peuySRfejksyaJfzzjIXcH3xzowwHsg7NuyhjX/28OH6T+T0DWevYfySYoOPbPSiox3HmPBBgV15TZiXptFSvcrafOb/8oK3uAkdsgE3h9S8fXcjP+wJFfh+vIXavzsN7NiYx7jU7sxLAHmM5ieUZC7bkWdy7Voxqd0f3cs1igLR9bP5aNMbz6q2odLEy24D6xg8ive62ptppM5M4bTo/9gvL8Lz2zg8/5bWxNUpbRV1HZnvPMIH21QUJdn0Pq1WST3HELyAVsN9wZYUMc++SYymfnmOuZMSiNt7MN8PeXn00cWUcP9qN1n3+BIHUK3XjF840jCW9dqIbFHAhEl3QnFwQ+rdxHXE7BE0jGxA+vWfsxbe9tjP/hr3Qqr8T696NRfGW89xkcbFMIdScwancTWT5/no3WFhDs6Mmv0BVjMtV0jvnyv1dN2vV5W4zm38dRvl4y5zzB7XSHhgx5glg/nw9ChQxk2bFiF15YvX86XX35Zz6M79ym5X/LIdCePj7uOxOhQ9OgJjY4jbcR4Lr8smamPzcF5xtCeEQOS0QOO3HWMnzwXVR3Ec++OIfqMZ7c3dR4LH36E5QU9mD5nArHGCg0KpzkrDRsq/+vAin8ydUEmo6a+wfA4C5Ht2ld7DDUFZVWxWCwVptHQ6XR1aq6szMcpMSx06BIDubnAcf733XoKWoDTEktqSmyFX7Llg0AVpZDdR0pJCYOgEDPg5lBWDuC9uRec9N5xvbGvm6MHf9/byRI7Z1QRARAa4Y2Eo1JGMyXlzHeKcLKXN6ZOJoQSSqKv4/kJffnu1af5/AiElPy+T61Srr2Dq7pY+f7lUYxdGc7g0UMYduN1DOraDkPsQG4ckX+643XPu15ix12/bxtz8R8w04vhQ1OJGDGq+p0U7WPNFlCUPZhPzV3nOOm9oyrfvcSo4S+d+nzKD7aIjM9XAgp2l/ckcvh0VDXQQ/7h8lqZo5S4gezygLCQEre35UYpzKTAMIqbJsxgxJnbl7qwJcQRBeRk/t50sjfzAO7hMQS17ESkETAmMX7KlAq7jkhIZvnMuXR8diwpyWmMSU7D24TyFds2763TiDG941dWbM0jObUrfayDSI6GPQuXczzo/lMpCvj1KAy7eTzvVzyQCg+ZopPe/ytKIbtzSklJbEHmi3OJ8WdZgbwda1jz80mMxiCCKGHvjvVsyarUHFqws/rPHti57DvuSB1Bj4GXke3qjZEivvtsM76e++UUZR3f7RnF6CQ9m5at/T2fmGhCgf3bt/2eOCeTfY7hxLdtXa9uA1Wp3H/rzO/k55xSkhNNtIrw3tGrvjfUQ1AESuZc5mV0YmyvZCbcG3T6pt+qpvvRkY1klQ4hvls/hrk6wJEd7NAn06nL5QxzXQClv7B2717WzlvDxJsHkDJgBCkDRoAjn/WLXmdLnQd2arhPOwEcHD166jiMeqCUnF8LAIVW3pZxnBqvEX+o9XptWcs5l+Mt19HyY6jxWXG28uCrPDCTgEy7+D6D6B3Xmu2fTmHm5hB69OvFZf370isuCn10T/olzKH0jPRBpzoGGPXlV3YmR0shOrRSxqX5/FIAUEiJCzD68gOglO0bdwIKzlPPypr6gbpc1b87Y8YMOnbsSHh4OEOGeH85Dxs2jM8//5wTJ04A0LJlywpB/VdffUVRURG7d+/WXGLwISjbu2M3pSMSSR52C/ErXyRLKWTVgrdZBajh19NzViwAQVWMYGgbaQEMGIMA9ES2j4BTDxvzqTYKPWe/FxZiOmvcvLPE+8Ke9Ok8e6pTtLX79QzvaSHzOBQW5lIIqLgwYsRVmENhrkJhHR5Kl4++lzHdQuG6i/ll5e2sWrSHlXtasenDUZhwwL5M8lwQaoBN70/mH2vyGXLjzSRH5vP9p04mzk4lAheb5j3F2Jn5fLJpNl0rN1sbz55F2BjmHWakJj7EivkjIfcX3vnTq79/Bj4fiTYGoOyMqNgAuMvsFf4GsA59jDGpceTvWceb6WvZkpnFrdPeYUg0sDeHk0B0QiLgDcwSusSiB5wn9lHkhqgjaxg7+SPvMYZ3587RKeRtyiChXypH/zeXu9KzuGzwYFKvvJLklMEMS1hUp1oOQwhsXr0ZR+oQRt4/jEjySF9eQMjph0sP7h07gOjSA6S/9QkZP+yEEZOZMeKCM3KpeAK2j7KAvRhLvwT/lhUo2vs9X35Z88Ythz1e/WcPKLlL2JR7LWk9RzKSKNwH1vBlPacRMJZ3gD3zF2pOPqVAh0u6wan+a0RcQJQR8g7kwKlBUOWxmc2X339Bhooblzgrbe2g7NR7qhpOxxgL2O2UlHhfq+7eUF9r33iVni9PIzkpCYDD2LDVeD/ay9GdeST1GshA9OSu+S//NbQhOW0AQ4Aj6zeRQwLDYuDrNx5kZUE8w/pdxuCBvUi96SZWr5zpcw2n1vt01Qxn9ZfTdo34R63X64lazjniKhxDzd9N1WU4MwiTgEy75AE3MCTRAn3j2HffDLasy2XzwTDmTBmAsYpQ6GhBKWDBTSjhqkpBQi/aVw7IGllNQdkXX3yBy+VCURR69+5NeHg4rVq14q233uLrr78GvLP7t2rlfXYXFhYydepUVFXFYDD4VIOm+U6pZC3m0/XdGZuazJTZz5GxYRO7D5XQLu4SuvdOwgi4nDY2b9vH8LhExj51N3y8lrYD7yItGop2ZPDNSifXDI+j15hHub7oXfa06sc9Q2LBfYCdH68hflAive78G2NDvsbWeRADrHoqhNcYKF2+hiOjk0gcNo5b8z9ko6ML4+4ZTrQ+j1/mzP+9QqAkm4wdGWTX42b8+sJvGd9tGIR2Y/aW9Rw6ZqN1u9beD811iMwtn0PWVOI6mug58l4e7ljGpakdve//74VTp6KB6E5X8vq/u50KyIJpH1ux+q/F6f2t54/dhmGKG8X3X/fG1qIdrU0GiHSw9Qj4ZxGH2mgfz1"
11:15:09.519 [Forwarding screenshot on session 7836b5d0-bd7a-11e6-9730-e5ec4f8847f6 to remote] DEBUG org.apache.http.headers - http-outgoing-0 << HTTP/1.1 200 OK
11:15:09.520 [Forwarding screenshot on session 7836b5d0-bd7a-11e6-9730-e5ec4f8847f6 to remote] DEBUG org.apache.http.headers - http-outgoing-0 << Cache: no-cache
11:15:09.520 [Forwarding screenshot on session 7836b5d0-bd7a-11e6-9730-e5ec4f8847f6 to remote] DEBUG org.apache.http.headers - http-outgoing-0 << Content-Length: 55530
11:15:09.520 [Forwarding screenshot on session 7836b5d0-bd7a-11e6-9730-e5ec4f8847f6 to remote] DEBUG org.apache.http.headers - http-outgoing-0 << Content-Type: application/json;charset=UTF-8
11:15:09.520 [Forwarding screenshot on session 7836b5d0-bd7a-11e6-9730-e5ec4f8847f6 to remote] DEBUG org.apache.http.impl.execchain.MainClientExec - Connection can be kept alive indefinitely
11:15:09.521 [Forwarding screenshot on session 7836b5d0-bd7a-11e6-9730-e5ec4f8847f6 to remote] DEBUG org.apache.http.wire - http-outgoing-0 << "527ABZOTaGjp3KkNjy72otG/fczPCkEUz9UxDr89tww/A4vG/uZM9+B3Fx/XjyjkN88v1xBt5+D6lxFnZlf40xdTBD4q6mDe+wKCOTxEvTAHDWudbFDHvX8kvREJKtkTiyV7BOUYg/9W4QoRgBSo+z5+ccIvrdydgR3n5cv4fKevqNfZxDc5cSdPktpEbBkfXriek/1s9lpep6+QoMlNfRVP3Ze33930zSxiQTBWxd9Xk9ClSpeGf8W1HWsTP3TgbEDuSxW4+xdJeDwTePIBLY+suv0NIF+gu46abLWHc0kduuLT8HKipvrTjzyI8fLQTiSL3rTvam7+GyMcMwVtjKyPAHH+fom0sJuXwUKaFwZP1aMpaj7d5QR4qSy4uvr2b2lCF4f2aayVm+tsZ9rv1mO3f2GoAeN7/+uJnNpp6406LR42Dn92uBy+g3ZADRfeMIeuNjtm3Lpu/AXkSWFFGXW5fW+7R2Wq4Rf6ntel1b8zkX2bdCbrV9N9WdDxKM+S59zVZGJKaCJZFJ784mL99OZFSk9/p2Hyd7b8VGr20/ZUOvKPTRvXhx9mu4LaGVrvFTGnF6+5qaL8uDqkcffbTCtBctW7bk1ltvPSt9eHg406dP5/nnn/e5HD4d8rq3J+MofoDR/VPoNWA4vU697i49QsaKdGYvyQKeZWHMNEb3SmPCFO+DqujAema9uBxFUXh5biyP3JnGiAmnmq9Kc1n2xhQ2KAo/TI5k+uMjSRs9Bhz55Dsg0mA4dcN2gb2YAn7gH2/F8bexQxgydhJDANz5rJv7MuvO+FWpFG5g9ksbqM+dWFn6OJMTQ3jw9n60NoTSrp03lHcVZPPxkyNZqih8PvIJ4pY/TWpsLKmp3nJmr3qDez/6kDu6j2TSoDhiew4iliKOFdhpHWGi2/BrKck4Vd9V5qT4jP091aUNU8f0JLSddwSkqyCbd58cz266n6q0+f3EOVlSBkRgK6vntACu3/9nqPRyVX/nLF/KjgHxJKeOYVYqQBG5uUVYrW1JjoFFM54kePJTDEgdThxuirw/igCY//QrtHn2flIGjGGKt6MIuRnpPLcqFzVzEd0ev4WUEeNJGeE91ux1H7K4DpOEugCX0/sgXb8ll+Q0K5nrzxwubafUtpa1GVcxulcKk2bNArwjRd2xVhJ7dGVjeZVkWBJjJnlrR/Kz1/HqnB/IiWnht7KWl7fWFPZi9i3/qsbPPisXclb+l9wxyVgde1i5tqDmKSY0cJy6WZVWepZ/+OQbtH7uHpKHjCFpCICDXSve4pV1uagHV3DZYyNIGT6eFCA/9whua+hZD3LbqXP6zKwL1i5i3aAE0hIHMGHSACjKw4F35J/Ncer8tyQxtvw72bOGf8z5AUVRNN0bfOE9j34vnZK1gHfWJDJhgHeyHEXZUPM+d37PntIBJBn2s3UnwA5y3anElv7C6p3e7T9M7839I1IYPWkKowEcR1j20bw6T/Kq5T5tHVpxUg/v51rV3zVfI2tLztyu7hOFaLteIb2Gc67yMdX63Qi/UTa8zVvtLYy+OoVIvYWoU6Nd3UW5fPWm9/le3i/WXlxC4brZTA+5j79c041ISyiluQcoiY4lUg/FBQW/Z+w6I1Cq9Pyrir245Iy/fk9bYrMDobhd1bcz1danrF+/flx11VWn/y4uLqZFixYV0pz52lVXXcXGjRtZu9a3aTp8ntG/nDU+3hss2Y6TlXt2UKCGW+kaE4GtYCdZlR5UqhpOQtcYzLYCMrO8A+FV6yCmP34V2fOfYe6GQlQ1nAdfnkUKGTw48Y0qb1DxXbpgttnIzGr4WbVT+valBVB8ZDdb9xw96/3ElL5Et4Aju79lz9EzZqROTOGKaNj97RbNc4qpaiJXXBENxUf4busefx2C31njuxBBxc9fVa2Me/YRYn9LZ+rb3lnQu4+dwYS0KFZMH3d6fqTw+HhizGYKcnaSW6l5zRofT4QZcnbWrX+Wr1RrPF0jzi5L/PVPMmVEDOmT7+Mbc1da2c4+lxu7rL/v9+zPvpwaPpSXZ42GjLk8NLvhV2rwfpdVfwbeazSHzMp947Tka40nJgIyM6u+vuO7dIGCnCrvP415b/DHPqu6J/pDbfdpzeWr5hppKjWdc1VpivPhfBXfpQtmwFbNtQkQP/QhHhtxISfz8/juw6dJLxjGc9NGE60vZVk95hatD6vVSm5u9deewWDghRdeIDk5mSVLljB16lQmTZrE7bffDsBnn33G008/zbRp07j++uvZtm0bjz76aI3NolWpc1Dmb2r4IF6YNYYoSjmwJwdj23iiQ/Vkr3iVaQu2NHXxhA/umPEOA6x68nOzySOCRGsk5GUw+ZE3GnWJrPqKHzWVKcM7sGL6HxtsUmR/UtVw7p4+nbTYUKCI9Ml/ZUkDL0UkhBC+UrvcwZxJA85usnTs4Z/jZtRtjr56atOmDUePnl3hUk5VVRwOB1dccQVr1qyhRYsW3Hjjjdx/v3cgygcffMCHH35IcXExAwYMYO3atZjNZhQfj0UfHR399/ociL8o9ixW7CnhQms72rQMB9sRtq76iJcXS0DW3Gxb/RNBMVaio1sSqnNwcOd6Zs94j/3NKCAD8Jhak9CmjJ3/28C+osAvu6LYibqoF7EtytiydC7zt+Q1dZGEEOIsyrHtZOZbiI4w4nY4sZUUcSR7Mx89/yo77E1zrzWbzZSVlVX7vqIo6PV69u7dS0iId2Rv69at6d+/P+Dti5iVlYXRaOTXX3+tU0AGAVRTJoQQQgjRFMLDwyks9K2Jv6ys7PQ2YWFhTTFPmRBCCCHEucXXyWMBgoODCQ4O9ms5NC+zJIQQQghxLvK1Q35DkaBMCCGEEOe1utSUNQQJyoQQQghxXnM6G2qtHN9IUCaEEEIIEW8cvJwAACAASURBVAAUytcCF0IIIYQQTcagqhKTCSGEEEI0NWm+FEIIIYQIABKUCSGEEEIEAAnKhBBCCCECgARlQgghhBABQIIyIYQQQogAIEGZEEIIIUQAkKBMCCGEECIASFAmhBBCCBEAJCgTQgghhAgAEpQJIYQQQgQACcqEEEIIIQKABGVCCCGEEAFAgjIhhBBCiAAgQZkQQgghRACQoEwIIYQQIgBIUCaEEEIIEQAkKBNCCCGECAASlAkhhBBCBAAJyoQQQgghAoAEZUIIIYQQAUCCMiGEEEKIACBBmRBCCCFEAJCgTAghhBAiAEhQJoQQQggRACQoE0IIIYQIABKUCSGEEEIEAAnKhBBCCCECgARlQgghhBABQIIyIYQQQogAIEGZEEIIIUQAkKBMCCGEECIASFAmhBBCCBEAJCgTQgghhAgAEpQJIYQQQgQACcqEEEIIIQKABGVCCCGEEAFAgjIhhBBCiAAgQZkQQgghRACQoEwIIYQQIgBIUCaEEEIIEQAkKBNCCCGECAASlAkhhBBCBAAJyoQQQgghAoAEZUIIIYQQAUCCMiGEEEKIAGBo6gIIEchK7SoHTqgcKfSQX6JSZAOHS8XjAYMeTEEKYcEKrVooRIcrxETqMMpVJYQQog7k8SHEGQ4XqmTsdbP9gJvMHDeHC1Sfttcp0CFKR5cYHd066OkVryfcojRQaYUQQpxLFFVVfXvqCHGOOVaksnKHi/9musg66vFr3grQ7QI9gy42cGUXA+Ygv2YvhBDiHCJBmThv7TjgZtFGJ+v3uGmMqyDEpHBNdwMjLw2iVQupPROBY85PC3l758Ja02XcvLgRSiPE+UuaL8V5Z+dBN+9+42Tbfnej7rfErvLpBifpm5zc0CuIMalBWEwSnAkhhPCSoEycN44Xq8xe6eCbn11NWg67Cz75wcmK7S7+epWRtCS5DIUQQkhQJs4DKrBiu4s3VjoosQdOa/2JEpWnP7PTv7ObiUONtDBLrZkQQpzPJCgT57RSu8oLyx2sbeLasZp887OLXblunh5l5qJomTpQCCHOV/IEEOesnBMe7nvfFtABWbnDhSoTPijj218Cv6xCCCEahgRl4py086Cb+9+3ceC4f6e4MBkgIkShdZhCZIhCkN5/edtd8PS/7SzdLIGZEEKcj6T5UpxzNv/m5m+LbNid9csnrrWO7hfq6RKjo0OUjv"
11:15:09.522 [Forwarding screenshot on session 7836b5d0-bd7a-11e6-9730-e5ec4f8847f6 to remote] DEBUG org.apache.http.wire - http-outgoing-0 << "aROkyV5hlTgWKbSs4Jlb1HPew86ObHbDd5RXXsu6ZAsLF+5RZCCNE8SVAmzinb9rn520Ib9jpWNrWNULj6kiAGJxtoG157x3sFCDUrJFkVkqw6hqcYUIGfczys2OFk5Q4XNo3BoaLA49eaGHSxXJZCCHE+kru/OGdkHfXwt8X2OgVkF0TpuP3yIPp1NqCvZ6O+AnSJ0dElxsQf+xv5LMPJoo0uyhzV155JQCaEEEKeAOKcUFCi8uRCG6U+TnkRbFQYmxbEiJ5B9Q7GqhJqVvi/K4xc0z2o2jnSJCATQggBEpSJc4BHhWnpdo6d9C0g6xKjY8oNZtqENfz8YK1aKEy5wcQVnfS8uNxB6alaMwnIhBBClJMngWj2Fqx3sm2fb0smjegZxJ8HGTE08vjj/l0MXNRWx+SFdnLyPRKQCSGEOE2eBqJZyzrq4cNvHT5t88f+Rm5NDaKp5s9v31LHq3ea+TnXQ5+L/DinhhBCiGZNgjLRbKkqvPylHZcPU5GNG2Dk5j5BtSdsYOEWRQIyIYQQFcjksaLZWvmTi8wc7RHZyEuDGB0AAZkQQghRFQnKRLPkdMP767Q3W6ZcoOfegcYma7IUQgghaiNBmWiWVu5wcaRQ22jLsGCFJ683oZOITAghRACToEw0O6oKCzdqX0Ppz4OMtGohEZkQQojAJkGZaHa27HNrXmi8S4yOwTLlhBBCiGZAgjLR7Hy1Tfs6Svf0N6JIJZkQQohmQIIy0azYnfDdbm1BWZJVxyUXyLQTQjQbqsf7nxDnKWnXEc3Kln1u7Bq7k93Qs+kmiG1W3G5ce3bh2L4Z155fcOccwHPsCGppKarDjmI0oVgs6FpHo2/fAcNFnTB264Hhok6gD4CgV3WhFm1BzV+HWrQFyvai2g6CuwjcpaAYwBCBYrJCSEeU0O4oEVeghPX0vtfECktVNmW7+emAh71HPRwu8FBYquLygEEPkRaFmJY6OrXT0StezyUd9A2yTmtjUm1lOLf+iLP8nMs9iCf/OKrDO6JaMZnQtYzynm8dO2Ps0Yugi1MC43wTogEpqqr6tmCgEE3otRUO0jfVHpWZguDfD1gINkpYVh3Xr79g+/Jz7N+swlOY7/P2uohITP0HYx56HYaEjg1QwpqpRdtQc+fiOboYHEd9zyCoFbo2N6LE3IMS2t3/BayBqsKGX918vtnJpiw3Hh/uwi1DFK77QxA39DTQwvz7+f1Npotvd9e83NiFUTru6Hv2XH1zflrI2zsX1rrvjJsXay9oZaqKM3M7ZUsW4/j+G1S73afNdRGRmK+6huAbbkEX1bru5RAigElQJpqVce+Usfdo7c0b/TsbmHKDqRFK1Pw4d26n9IM5ODb/z295Gv/QG8td4wnqfLHf8qyOWrgBT9Y01BOr/JanEtkPXfzTKBGpfsuzKiqw8Vc3b//XwW/H6tdMFxqscO9AI1ddYkAB3lvrYN73Nf9g6dZBz0u3m896vaGDMufPP1Hy9ms4t2+p0/ZnUoKMBI+8Bcvtf0QxB9c7PyECSdPX3Quhkd0JWRofZN0vlGaOyjyFBZT862Vsq770e96OHzfi+HEj5sHDCPnzRHRh4X7fB8483LsnoR6e5/es1fy1uH/sjxJ9M/qOL4HR/zUxJ0pUXl5uZ/2emmuztCoqU/nnF3Z+zHYzaXhg/gBR7TZK5rxG2ZJF/svT6aD0kw+xf7OK0MnPNMoPASEaSzPvmSDOJ7/ledBar3tJBzm1z+Tcson8P93WIAHZmWwrl5M/7jac2zf7NV81fy2ujX9okICswn6OfIprYw/U/G/8mu/WfW7+9HaZ3wKyM63Z6WLKIpvmvpaNxZ1zgIL77/JrQFYh/8O5FEwch+3rLxokfyGagjy5RLNx8IS2WjKjAWJbyqldzrZ8CQWP/QXPibxG2Z8n7xgFj9yH7aul/skv933cW64G+yG/5FcrxxHcW4biyXnbL9mt2OHi0QU2CkobrqfIpmw3i/8XOFGZ69dfKJjwR1y/ZTXwjlwU/XMaZf+e37D7EaKRyJNLNBtHT2p7qMW01MncZKeULZpH0UszwNPI0wx4PBS9MJ2yfy+oXzb7X8Hz8zhQ/V/DVCPVjWfX/Xj2v1yvbL7c5uK5pXbc59EsD67f9lIw6T48hQWNts/if83Ctjy90fYnREORPmWi2dBa0xAd1vAR2eOf2MjIauRA4Qz/ftBChKXm47R9+TnFb73SSCWqWvG/XkYJDcM8ZLjP23oOfYBnz6QGKJUPZdjzGBgi0Vnv8nnb73e7eXGZbyMMmzvPieMUPvEAalFRo++7aNZM9NZYglL+0Oj7FsJfJCgTzUaJTVtQFmI+96vJcvPVGoMy588/UTTrH3XOXxfZEl10OxSTGdVuw3M4F0+B79NmABS9NAPDBXEYOnXRvI168n94fr6vTvsDwNQOxdwBdBbwlKKW7QPH4Tpl5dl1P0pIJ5TwyzRv89sxD88usVHXBsvWYQptwnQE6aHUrnIwX6XUHuAD5VUPJ/8xBc8x36cnUUwmDJ26om8f6z3nSopxH9iHc88ucGlcwcPj4eSMyUS+swBdeKTPZRAiEEhQJpoNl8aKqeCzp2E65+QVeaiu94FaWsLJ6U+C27eaPENCR8zDR2Dq0xddm7Znve8+cgjHhu+wLfsPrqxftWfscnFy+hNEzlmAYrFoSH8S947bQPWtj5QS2gMl5o/oooaDyXp2AnsOnmNfoOa+g1q0TXvGqhP3T3dg6L0ZDGG1Jne64Zkldmw+dvHq1E7HtT2C6HORnsiQigG3qsLeox5W/+Ri2VYXJQEYoJV9/m+cWzb5tI0hqSuWUbdhvCwNxXT2CFK1tAT7NyspXfAB7kM5tebnyT9B8avPEzal7j9IhGhKEpSJZkNrPzFfJuJsrk6WVf9eydw38RzVXiukax1Ni788gik1rcYPWR/djuDrbyL4ulHYv/svxW+8iCfvmKZ9uA8fouTDObS498Fa03qypoFtv+byY45F3+lVlKhhUNMaDqYYdO3HQ/txqMc+x/3Lg2Cv/UEPgG0/nqyn0HWsvY/ZJz84ydYwl165NmEKD1xtovdF+mpLryhwUbSOi6KN3JYaxJz/Oli+VfsasA3NU1hAybuzNadXQsMI/eskTFcOqfGcUywhmIeNwDRoGCVvvaJpJKd97WocQzdi7Nlbc3mECBTS0V80G0Eapx4rczRsOQKBzVF15One/xtl6dqnIDD2uoyWc+Zjuryf9qhXUTBdMYDIOfMx9rhU877KPvsE94F9NaZRS3bhOfi65jyVqGEYem9GiRpOjQFZxa1QWl+PofePKC0Ha96X5+CbqCW/1Jgmr0hlwXrtJ2CveD1v3xNMnxoCsspCgxUeHmbiietMAbPcUtmnH6KWlmhKq78gjsg3P8I04CrN55xiNNLir5OwjL5DU/qSOa/IGpqiWQqQS1qI2rXQ2FesWGPfs+bMVc3zpnTB+5ofRqa+/Qmf/iJKaGidyqALCyf82ZcxpqZp28DjofSTD2pOsu95zeVX2tyI/pLFYKjjRLVBLdGnpKO0vk5betWN57dna0yy4Acndo0VWH0u0vPMTWbN53Vlgy428LcRpiZf31UtLaFs6Wea0upjLyDipbfQR7er075C/nifpiW9XFm/Yl//bZ32IURTkqBMNBuV+9lUJ7fg3A/KdFVcuZ7jx7Ct/krT9oaOSYQ++QwY6tmDwRBE2ORnMCQkakpuW/UlnhPHq37Tfgj1sLYpNJSwXui7flD/BcWVIPQXf4QSmqIpuXpkYbXzpRXZVL7cqq0jWXwbHVNuMGOo58ITaUkGbq9iLcvGZF/zNWpZaa3pFHMw4dNfRBceUbcdeTw4Mn7QXLtW9tkndduPEE1IgjLRbESHa7sZHy7wVFuTdK4wVRGL2FZ/rW0+MkMQYU8+g2I0+qUsislM6BPTQa8hwnC7sf93RZVveY58om0+Mp0JXdcPQOenpYV0wd78FA3BjerGc7jqiUrX7HRpqiXTKfDkdSbMfoqlbu9r5MLWTXcr1/pDIOSu8ejbd/A5f09hPqWffMiJO2+g8G8P4fq15ibkcs5tP9baXC5EoJGgTDQbsa20na5uD2T50NG6OQ"
11:15:09.523 [Forwarding screenshot on session 7836b5d0-bd7a-11e6-9730-e5ec4f8847f6 to remote] DEBUG org.apache.http.wire - http-outgoing-0 << "oxnR2g2tdqW6A7+IbRdXo41sRwYTzB147UlNb+zcoqX1ePaFvsWhf7FxTLRZrLpoUS0hld+3Ga0qpHq26qW5OpbbTr8O4G4tr479Zr0MHd/fwTYPtKLSrC+dP2WtPpWkZhvn6UDxmr3mldnvs7x2++hpJ3Xsd92PcVHcqW/cfnbYRoSjL6UjQbsa288zY5NTz7tu1z07Ftw/3mGNEziL6dtF8+1bW4VH45+5iHzzJqbwKLqDxlQnERrt27ai+IXo9l1G21p6uD4JvGULZkca19wpy/ZKKWllacHsNViFr0Y+07UQzoYifUs6RV03V4CM/Bf9VafvXkJnDlg+H3ubCKbSo7D9Z+YirALX38H0ClJuppF6FwqJGb7p0/bdXUB9A87HqUoNqPW7XbsK9ZQdmSRZprxGrijzyEaEwSlIlmw6CDTu30/KTh4bcpy81NvRuur02fi+rZGagan2/W1iepTaVVC5yZOzQ9HI09LkXXqnWdylYbfXQ7grp1x7m1luDK48GZuR1jzz6nX1ILf9BUfqXVEDDVrZN4rcyxKJFXop5YXUtCFbXwfyitrjr9SmaOB1VDPHTJBXraRvi/a76iwJVdDMxf37jrXzp3/6wpnenyfjW+7z64n7Kln2H7eilqcT1XAzAEYeo3kODrRhHUJbl+eQnRyCQoE83KJR10moKyzb+5KShRz6pRCnS/HtYQmCjQNrxiLaB7X7am/I29L69TubQyXppae1DGqfKeGZSVaKjlgwqBUENQWg3REJSBWryjQll+PaKtubyhgnmAnnH6Rg/KtJx3islU9YhJtxv7xu+wLVmM48eN9S6LProd5mtvxHz1degiZEZ/0TxJUCaalUsTtD14PCqsyXRxY6/mNb1/Zk7tD/eYSB3GSleuK+eApvx9WeqoLoKSLtaUzn2w0uSwpXs0baeE9fS1SD5RwnppS1hWMRjJOaEtKEtq13BN6okNmHd13Idza02jbxdTYbiwJ/8Eti+XULb0MzzHjtSvAIqCsddlBF83CuOlqVUPSxaiGZGgTDQrXWL0RIQoFJTU3lb0WYaT6/8QFDATbNbmeLFK9rHaH+4dq3j4qoUFmvaht7b3uVy+0Jq/p1J5VWeepu2U4ASfy+QLrfmrjorBxPFibX25Ylo23MloMSqarw1/UU/Wft4poWHejvuZ2ylbshj7utXa17OsIc/goddjvuaGBj+nhWhMEpSJZkWvgys7G/jPptpryw4VqKz92cWArs3jNP9+t7YHVdeYKoIyDfNEAehCa1+7sT4UjfmfVV63ttngMdRxjiutglppS1epvFpXkQivYRF5fwgzN3JQVmarNY37UA7548f4tl5qNYI6X4z5ulGY0gZWuVamEM1d83haCXGGoSnagjKAd9c66NvJcFZzXyBauUNbUNb9wir6JWldfLyBu9gpWuYqg7NrSlQtx66A0sDVnorG8leaT82jpZc/oG/gz7/xa4VrP25P3jHNa6RWRTEaMQ24muDrRmHomFTnfIRoDprBo0qIihLa6EiO1bPjQO2ByOEClU83OLmjiWc9r82uXI+m/mRtwxU6RJ395FWCLVWkPptaZqs4FYWfeTSuf3hWGfQhGrZSvTVUmtLWkfuktnS64Ap/Bhk0zjLvULFUMcecv5RVsyZqg/HTBMRV0cfEEnzdSMxDrq3zUmBCNDfNpLeNEBXdcpn2IOvj7x2aR8c1lffXaWv/6tfZUGVllxKiLVBxHz3sQ6l85zmibYJPpUWlh6zG9StVm7YBDXWllu2vPRGAsWIzZ3iwtkDr6MmGC5pUVXvfNn/Rhfm5OVnRYbq8H+HPvUbL9xcRPPI2CcjEeUWCMtEs9b5ITyeNo81cbpj2HzuljV2LoNH3u91kZGlrfhx8cdWV21o7Ozf0ZJquX3drSle5vEpwvLYdFG/ztUg+UTXmr5gvqPC31iXAGnKliZx8j6aJlf1JF93WP/lEtsQy5m5azV9C2NP/xPiH3g3fVC1EAJKzXjRLCjB+gPamk5wTHqZ9Zg+4NTGPF6u89KVdU9qL2+urXZ5H67JJzq2bNJetLhxbMjSlq1xexVLFPFZVUE+s8blMvtAyRxl4l2U6k9a1Jzf/1nBR07b9jX9yGzrE1Wv7oEu6E/a3GbRasJSQsfeiax3tp5IJ0TxJUCaarW4X6OnfWXu3yIwsNy98YccTIBVmZQ6VKYtsmkfLje5TfZOtobO2mcvt33+D6tA4VNBHqq0Mxw/fakp71kzr4b01bec5tgQ8tY/4qxN3CeqxL7SlDbu0wp+drdpupd/tdjdYbdZ3v9Rvmom6MCT5Pu+dEmwh+LpRRL6zgIiX3sLUfzAYArvPpxCNRYIy0azdP8RIqFl7x+mVP7l4Jt3e6M08lZXaVZ5caOeXQ9pqNy6K1pGaWP3IQH3bdujb1r78kFpUhH3lMs3l9IXty881Tc2hj4k9q0ZEMV9wVpNglZwn8ByeX9ci1siT+z64a1/iRzFfgBJcsawdonREhdZ+HhaVqaze6f/g6XCBqrkJ3J+CLulR/cKulehjL6DFA4/R6tPltJjwKIYLG3bOOSGaIwnKRLPWMkThwaG+jQBb+7OLxxbYONGI8zmd6dhJlYkf29i+X/tDdPwAY63PPuPl/TXlVfLhO5rnNdNKLSmm9OP3NKWtbh1EpfX1mrb3ZE0Hd7HmsmniKsTz20xNSb3lrPhlKMDlHbXV2n74rQO7n1dD+vh7h6a1N/1NFxZOUNdumtIaLkwg+NqRfh396zlx3LvuqxDnCAnKRLPXv7OBa7r7NrvLtv1uxr9Txubsxq1d2JTt5t73ynwaDXplFwM94mqfP8s8aKim/DzHj1H85iua969F8esv4CnM15TWNLDqcirtxmjbmT0Hz69PaC2aJp7dD4ND25I/1ZXzqku0nYNHClXe+cZ/Tcg7Drj5alvjN12WMw+6WlM6+7drcGz83n87drs5+Y8pFDzwJ0rmvIpq19Y3U4hAJkGZOCf8ZYiJLlXMdF+TEyUqkxbYePZze4PXmp0sU3n5SzuPLbBRUKp9X61aKPx1iLaaQMNFnQjqrG3tSduy/1C29DPN5ahJ2WefYFu5XFPaoK7dMCQkVvmeEpqCorVv2cG38OS8q7mMNeZ14A08hz7UlFYJ740S2r3K9zq102k+Bz/LcLJC42TBNTlerDIj3a5hCteGYxpwNYpF25QsRc9Pw+OPaVlUlaJXnsO5ZROoHkoXfkz+vbfj/Pmn+uctRBOSoEycE4L0MP0mMzGRvp/Sq39ycfvsUv612uH3eZ6KbSrz1zu5819lfLHFt4ewToHJ15u0L82jKFjG3K29bK8+R1n6Qurc7qWqlC2eT/HslzRvYrm9pvIp6C58XHNenl334Tn4lub0Z1Px7H8Fz+6JmrfQxT1Z4/u399XelP7PL+z1CsyOF6s8usDGsaKmHbmiWCwEjxitKa2nMJ+CxybgOV73Gf5xuSh6aQa25ekVXnYf2EfBhHsomfNagw1mEaKh6f/+97//vakLIYQ/mIMULks08O0uF6U+3pPdHsjM8fBZhpM9hz3oddAmTCGoDuviuNyweZ+bed87+ecyOxlZbhx1ePY+cLWJNB9Gl4K3E71zxxY8h7VN4ur433o8h3IIuqQHismseT+ewnyKXniGssXaO90be1xKyP+Nq7FjuGJJRC34Dmy/acpTPf4lqi0bXWTaWbPs18iZh/vne1H3v6x5EyXySnQJf6emtapiWurYccDD4YLaAyUV7xx1haVwSQedT+fatn1uHv/URm6+bwFZ23Bdlc2sPx7dyeZjO2vdftzFVQdfQYlJ2JYv0dSEqJ4swL52FUGduqD3cZ4zd+5BTk6dhGP9uupyx7lzO/Z1azB06oy+dRuf8heiqSmq2hTdQ4VoODn5HibNt3GksH6ntl4Hna16urbXEdtKR2xLhTCLgsWoYDSA0+0dRVlQqnKoQGV/nodfDnvYedBd747cY/sZuf3yuk0T4D7wGyf+NAZc2guhhIZiGXkb5qHXoWvVutp0nrxj2JanU/rZJ6jFtY9UPJ1/kJHIt+drmk9NLfkF9//+AB4fIuuglug6PIDOOhaMNTzo7Yfw5L6LZ/"
11:15:09.525 [Forwarding screenshot on session 7836b5d0-bd7a-11e6-9730-e5ec4f8847f6 to remote] DEBUG org.apache.http.wire - http-outgoing-0 << "+r4CrQnr/OiP7SH1FCOtWa9MBxD396p8ynEb6tWijc3CeIIZcYqh1NrAK/HvbwyQYn32TWrYatWwc9L91+dvA956eFvL1zYa3bZ9y8uNr3bF9/QdE/p/lUHtOAq7DcNAbDRZ1qDNbdB36jbMliyr74j/bzWtER9vRzmFKrHlgiRCCSoEyck44VqTzxqY3sBpxBvaHclWas91qdZekLKX79Bd83VBQMHTsT1Pli9NHtwBwMtjLch3Nx/vwTrj276tTcGfrg45ivuVFzes/B2Xh+edDn/aDoUEJ7ooT3AvMF3nUy3SVQ9hvqyQzUk5vQsoh2ZbqOL6OLvV9z+vRNTl5b4XsTmkEHXWP1dGyro02YgtGgUGxTOXjCw/YDHnJO1O98bsigDFXl5FOPYl+/1udy6dvFEHRxN/TtO6CEhQMKakkR7pwDODN34N6X7XOehriLiHj9PZ9qgIVoahKUiXNWqUPlH0vsrN/TxJOSaaTgnXfthp5+mEhTVTk58ynsq7+qf171ZB4ynNBJUzXPZ+Wl4t55F+rhBQ1WLq2UtmPQd32PmpotK1OB5z63s/KnphsVWZUGDcrwzoOX/5e7cOc07BqltdGFRxLxxlz0ba1NWg4hfCUd/cU5y2JUmDbKzLgBRgwBfqZbTArPjDb7JyADUBTCJk3B2LOPf/KrI2Pvywl9aLKPARmAgr7z2yithjRIuTSXouVg9J3fxJeAjFOpHx5u4g8apjI5lyihoYT/4xV0LVvVnrihymAJIfwfsyQgE81SgD+qhKgfRYGb+wTx+l3BJFSzbmRT69ROx1t3m+lzkZ8f4IYgwp5+vsn61Jj69ids6kww+DZY4TSdEX3yQpTW1/q3YBopUcPRd1sMOlOdtg/Sw/RRZnrFn1+Bmd7anogX30TXBJ3sdeGRRLzwLwwdO9eeWIgAFJhPKSH8LLGtjtl3B/PngUZCTL6PqGwIJgP86Uojr/1fMNY6TOWhhWIyE/b35wgeeVuD5F8dy+g7CJs6E8VUt4DmNL0FffJCdB0e8E/BNNJ1mIj+kkW+jeisgikInhltZnhKHQNTjdqEKVzRqWH34Qt97AVEvjYXQyff18asK8OFCUS8/h6GjkmNtk8h/E2CMnHeMOhgVO8gPvpzMDf3CcLURM8wRYEhyQY+uNfCLZcFoW/oq1Cno8WfHyR8xssN3qykaxlF+LOzCBn3V9D56cAUPbrEf6Lvll7zyEp/MLZF3+0/6BKfA8U/J4hBBw8NM/HYtSYsDfCDoF2EwotjzHSICowfG+V0Ua2JmDUHy+g7QGnYkzz42pHePmTtYhp0P0I0tMD5aSVEIwm3KIwbYOTmPkEs3eLiiy1Ojp1s+PEuJgMMTjYw6tIgYls1/u8hY+/Lafn+Yko/fpey/yxEdfpvgk3FaCT4hpuxjPmjX9c2rLCPqGEYLvsJT/azeA6+AR4/LqujM6Frf593clhDuP/yPcOQZAM9LtQzZ43Db4uSX9HJwEPDjIQFawvIfO7aV09KkJGQcX/FdOVgiv81C+f2zX7N39CpwdYNWQAAIABJREFUCy3+/CBBF6f4NV8hmoqMvhTnPY8Km39z802mi/V73BT6sAxSbQw66H6hnrQkA/066wOm6dRz4jhl//kU29dL8Zw4Xud8dC2jMA+9luAbbkEXEenHEtbCcdi7PFLuB+Cox7I9xmh01v9D1/5+MLXzX/lq8esRDws3OFn7swtXHWa5SGij4+7+RnpfpD89BOHdbxzMX1/zHF494/Q8d2vDjb6skari3L6Zsn9/gn3Dt+Cp+/Qexu69CB55K8belzd+pClEA5KgTIgzqCrsPuxhx343O3M8ZB/zzg3l0XiVRIcrdGilI8mqo0uMnuRYHcHGAH5oeDw4tm7CsXE9zu2bcWXtAXcNU4jo9RgSEgm6pAfG3pdj7PYH/zVT1oXqRs3/BvX4V6j561CLd4BaQy2UokdpcTFKRBpK1FCUyH6g+GnEax2cLFP59hc3G391seOAh5Nl1Z9o7SIUesUbGNBVz8Wx+rPGg7652sGijTUHZWlJBp66sZ79/PzAU5CPY/06HD9uwJm5A8+xozWm14VHYEjqirHHpZiuuBJdmwZuxhaiiUhQJkQtXB7IO6lyokSlyKbicKm4PWDQKZiCoIVZIcKiEBWqENTcB9q5XLiPHMJz9AieshKw2cBsRhccgq5NtHeaAX0AH6TqRLXtB9t+cBV7J47VBYEhAkztUYLjQKd9fcrGpALHi1QOF3goLAOnS8UY5D232rdUam2ifP4LO19vr7lZ9JruBiYObfqgrDK1uAj34Vw8+SdQy0pBVVFMZpTwCPTR7dBFtpQaMXFekD5lQtTCoIO2EQptI86Dh4LBgD4mFn1MbFOXpG6UIJTgBAhOaOqS+EwBokIVokLrFvRqWVYsKjQwx3YpLUK9Sy0JcZ4LzCtUCCGEZiqQfaz2PlrtzocfFkI0YxKUCSFEI7A7YV9ew6zFuj/Po2mASlyATqAshPCS5kshhGhAOSc8fL7FxdfbXISY4IN7LRj83C1v3a7a13c1GeCCKAnKhAhkEpQJIYSfeVTY8Kubz390kpH1e8BUZIP0TU5G9fbfiE+XG77YUvOoS/h/9u48Lupq/+P4CxXGBUEZ1FQU01wyLMvMq1dLK5e0umpmYVQ3rKtBWWhaLhWapWa5XK/YonYzTW3R7k3qppXU9UoaqKEpbrjhBqhsyQwq5/fHzMCwo1lN/d7PxwOR73K+Z/l+v/OZc858B64Jqu7x3wEr8v+dgjIRkcsk86zhs23n+XTLOdLKeSDx4m/yualVdZpfpl6rTxLPkZFT+dDlTa08+FOzIgJoTpmIyGUz9n0bi+Lyyw3IAOznYdJHdjIvw0OKD6QXsDiuat/McHM7vQcX8XQKykRELpN7bqrasOTR0wU8s8xWpR6uitIYv9KGvQrf2NS5ZXUa+euTlyKeTkGZiMhl0jukBi0aVO22eiC9gBGL8/huX+WT9N0Z4Nvk80T+01bl72y99zLOYRORX46e6C8ichltP3KBp9+zXdQ+na6szr1dvLmhRXWqlxPT2c/Dpn3n+fj78+w4UvVA7trm1ZkVVrPU1zKJiOdRUCYicpm9+VU+H1TyPZRlqVvTi/ZNq9E0oBq1fRxf8ZX5k+HIacOe4xc4d3GdalTzgjeG16KVnk8m8rugoExE5DI7XwDj3rfxw+GLjKIus0du8SHszxq6FPm90NsnEZHLrEY1mDzEwpVVnF/2S+jaujoPdFNAJvJ7oqBMROQXULemF68Nq/mbDB12aFadSQNr4qWJZCK/Kxq+FBH5Bf1kN7y02l7syf6/pG6tHQGZRZ1kIr87CspERH5hxsCK787xz2/zOf8LxWY1qsFfb/Hh/j95q4dM5HdKQZmIyK/k8KkC3vgyn037L29kdlOr6oy8zUdfOC7yO6egTETkV7bzaAEff3+ODbvPX3LPmaUG9GhXg8GdvWnbWMGYyB+BgjIRkd9Ijs2wed8FEg9eIPlYAamnC7hQUPa2tX28aNHAi3ZNqtMxuDqdrqxOTc0bE/lDUVAmIuIhLhTA6VxDts2Qfx6qV4Na3lCvjhe+Nb30VH6RPzgFZSIiIiIeQBMRRERERDyAgjIRERERD6CgTERERMQDKCgTERER8QAKykREREQ8gIIyEREREQ+goExERETEAygoExEREfEACspEREREPICCMhEREREPoKBMRERExAMoKBMRERHxAArKRERERDyAgjIRERERD6CgTERERMQDKCgTERER8QAKykREREQ8gIIyEREREQ+goExERETEAygoExEREfEACspEREREPICCMhEREREPoKBMRERExAMoKBMRERHxAArKRERERDyAgjIRERERD6CgTERERMQDKCgTERER8QAKykREREQ8gIIyEREREQ+goExERETEAygoExEREfEACspEREREPICCMhEREREPoKBMRERExAMoKBMRERHxAArKRERERDyAgjIRERERD6CgTERERMQDKCgTERER8QAKykREREQ8QI2yFv5z8du/dj5ERETkN/DX8Md+6yyIU5lBGcCuXcm/Zj5ERETkVzb+2bG/dRbETb"
11:15:09.525 [Forwarding screenshot on session 7836b5d0-bd7a-11e6-9730-e5ec4f8847f6 to remote] DEBUG org.apache.http.wire - http-outgoing-0 << "lBGcCMma//WvkQERGRX1lmxonfOgviRnPKRERERDyAgjIRERERD6CgTERERC5ZdvJhbhyRyOgvcsvdZuO7P9BrQfqvmKsK5J5iyIitrDvz22Vh46Kt9FtUuj4UlImIiMgl+++6DMfvL05wrJxtvCn49TJUGW8oP3z8deQD9jJCsAon+ouIiIiUKzedeTsMEY825cuFR/lwxzmeCvEGYNsXe4halUMuXhgMgTfBxvd3MCuvIR8NbwjAxne38w+u4P3+1Xhx3mFiTzqCt443NWHW8Mbkbz3EqLV2rsjM4dvTENisHvPGtqK15Ryx7+7lxY15xbb3OZbOhNcO8+1P4GWxMDaiNUPbWeDMGV6cfYDYk4a6FsilBt4lipKxI5VR806yB/CqU4voyNYMaOXNoe8PMWZhBgeBuo38mT3uKjr6wrEdqbzw1km22cGLagy6rxUTbrXw5ow9JAGbUvJ5cGQI/XOO8eSy02TgyP+sp1vhU6MauRsP0++Hg2TYi/KvnjIRERG5JHu/SeeUxZ9hna/gkRAvlsamAWDbf5hHV+Vw/6Nt+erFYG62OLZvc3UtDm0+yfd2gGyWbcwnpH0dls07yGd1GvCfNzvxdVQjfth8nE1nAM6zJyWH4Lta8+8JTfE9ksnSJBt7v9hH9MZzTBoXwtcTmrB/8zH+sfUM0ZMPc+LGZmx4sxNvD/Bm5uy9bLMXsGx+Cp/5WFn++rW8fGttAM4VK4mdt946Cb1bkvDm9Uy80sa8uEw4dpx7Fmbwp4fbkvBmCI83yOaxVw9jI5MX5p3E0rcVCW924u27Laxe6egpzDmZz+ZMC5MeaMYtNdIJXXaaLve1YsPrremSlknkStewpTdPPhXCxyMDC8urnjIRERG5BDb+9VUe1PPhP9+e4CRekJLGuvSmXHM0Dy/8uaezL3748tDNqUSlGwKvb8xt7OLjJDsdaqSxmdq837k2ra++miuTsvnio/1s358LVHf2ZBm8LP480s0PP/wY2vIYP56Doyl5+HZsxsBWFqAx/5paH2rkMBTwPZHJrAXZ2PNsGM7zzd5sTh+B/o9eQWtfb1oPvILWnx8sURZvrmrhxap1KQzbX5cBXYNZ3MVKRtI+AI79cIIXf4CcYwZOn2FLbnNmvdiaTftyePPdDJKS86BOPXyA/PPQPzSYgZ0tZHy/By/8efLWetQExr9yDU9Skx0rU/Ht2IQBrSxAA24jg+/32RWUiYiIyMWz7U9jxU/QMegC3yacwce7JlbO8s66M0y7ogDwKty2Tq3qzv/V5v7ePjz2xTGu9M4i+JaWtKaAD95KZuZuL267KYA/dfTlq5RsCscX7Y45WAAN/aqzxZWoj9tg37l8UjMcQ59XtaxL+1oF4F2LNi0NTevCf8Cta6w69UuVphpDI9vTJukMX353hoXLDjLn82w+GApe1CCkbR18zxXg07IWIXnVaGCyiZ68l//WsXBft/rc0iGPzd+5p2eK/mvxwsf535oUkHzybIljVyfQAjkYDV+KiIjIxfvqswy8GjVg4ei2zBp9NdOfvJrpd/iw95sTpDWpDeTyRbIdOMtnG+zg4wjSOt7WCOuR0yxM8eKR3vWBfH7cbejxQFumDw/m+loGMKSdKv/DAQ2b+5C7+STfnwFyzzBy8l7mH/EiCMjxrsnAvk3pXj+fOZ+n85N3Ha4MgE3fZZABHPo+nc2lUsxl9KgfWZJTl2eebM8/76sNp8+Bnw+G89AkgKF9m9Lw1GkWfJ6Dz3kbW4GJ40N4ZkhT6uQVgD2ftBKp+gbUxNgz+WiHDbCz+NVdPPZRVqmju4JO9ZSJiIjIxbGfYdkOQ/+HGxZb3PHPjbB+foRv8loyt/dPjJq9g9lAXQtYXRvVDyS85RFmngukRwOAmvS6xcIzy3Zx4zKoG+CDFcOWQzZurQtYvIodwwK0H3AVj+/exePPJQIQ2LYBr/VpiE8TG2HzUrjx345tb76jJQOaeMPo5iS9dJh+I07ghReUmubvy6P3+fPQyt3cuNKxZPB9rbmylR8L7sjj8dk7iMExof/xJ9sQXP8CA5t5MXVSIlOBFs18ABt7juHsFXPkuWar5iy44ycen/ejY/86tZkb1RhWncDiU3R0H4AaXngZY9z62Bz+ufhtdu1K1tcsiYiI/IFlZpygXuAVv9wBcu1knPMmsH7lA3O2XDu5eBPoW/VBvLL3KSDjzDl8alvwsxTfPuOMHd/6FmqWl6D9HBlnC0pvU87y7DN2KOM4ZacLgfVLBoPFqadMREREfhm+FgKruGlN3wqCpYvapxqB9cuOkspbXsjiTWBZm5Sz3K+y9CpLtwTNKRMRERHxAArKRERERDyAgjIRERERD6CgTERERMQDKCgTERGRi5axdR+dR+0j47fOyOWSns6bsWcuaVdHXez/2XWhoExEREQu3nnA/ltn4vLJPniaFSnnLz0Be6knjF00PRJDRERELl65EYSNZQv2MXubI2ILbObPrKevouHeQ4xaa+eKzBy+PQ2Bzeoxb2wrWltg2xd7iFqVQy5eXNesOqne9fkgsg6jJ5wk/JX2dPOFbR/t5NWfGvH+w1aO7UjlhbdOss3ueKDroPtaMeFWPzKSjzJq9gn2AC2aWcg9XZ2XplxNZ++zvDl/L2/vPo8XXgwa3JIJfesVZTn3FKMX5pJDLsPercb7d1fntbcOsCKlAC+86D/4Sib3rQ/Y+eTd/UzdmAdAm45X8PfHmxYr/fexexj37xxygMCWAcyKvJL2vlWrUvWUiYiIyGWz85O9zNlWnYWvdyLh9Va0P5LFkiQbcJ49KTkE39Waf09oiu+RTJYm2bDtP8yjq3K4/9G2fDU1mMDT5zl18hy5FJBqt/GT8zsrM7NsHD9bAGTywryTWPq2IuHNTrx9t4XVK09wjGxenH2C2r2b85/Xr2aQ/zlO/ZRP5jn4ZP4uFmb68fHfO/H5uEasW7WfxfvdvsbJ18rowbUJbNuI1+6vzwdv7Wdlph9Lpl/LRyMDiV2Vwmtb7ez9Yj8vb7zA5HEhfP1ic67YdoKR758qSic3nXH/zuH+J0NI+Htruhw9zSe7bFWuOwVlIiIictm0H9iOd0da2fPlIV555xjfAn7eAAYviz+PdPOjSfAVDG3pBefgyL5cvCz1CO3si18DK4/fWRvOm2JfV0Sx/9dj1outGVj3J958dx9vb8iDOtUxh7LZTDXC+jUg0Lc2D9zTECgA7OxLBc7ZWLZ0D2/FZZMDfLap+PyxhgHVwduHJpZcvkmB/oODaF/fm+DrmzOuGcR+l83WbXn4dryCAa0s+DVpwOODa3HomzOccCXibeF6YOG8H4lcfIqbHmnN6M5VfySugjIRERG5bHZ+sY+H3jjC2iPnuOoaPzoChQGVvejLtxv6Va/SlDRv5zcT+biGS+3ZRE/ey4RPzpBTpxa3dPBxzG/Dq8SebiHOebA2r8N1V9bhqivrMe7uBoS1LuMR+zW8gGrULbHYx7vod26x5V6OL+N0sfjxytS2zLwvkMDsbF58Yy9h7j1plVBQJiIiIpfoAgeO2Th06Cx7D+Wy95idtJQ8vNo2ZeGTVzG0XQ0ygYzT58pNodlVvhh7Jsu35pKdfobF685CDVfwVsDug3awZ/NFYoHjS7zP2tgKTBwfwjNDmlInrwDs+WRdUYfrKODDL9PJyLXxwb/SnEfwJqAhnMquRpdbmzL0eh/W/jud7/JKh0Cndp1hr91Cm0bw2X/TyQCyD51gaQr0vtGPFs19YNtpvj8D5Oby4Zqz+F7nT+G3hx47TvdJu8ls15zJz17HpLZw6NSFKtemJvqLiIjIJaiOIYvHJ/9YuMTL4s9bD9bHd+FRbhxxFC9LDVrXga17cqEhYCnem2UBarZqzpL78nnojd0sxAurBXyb1iLA18rIjseYOm8HbwMtArzwBajvy8BmXkydlMhUoEUzH8DGnlP1mDWuCSNfPUy/zyEwwAuoRdPa1egd2YI9Lx2k34iTAAS2bcT0m2sXy4tvQG187ScZNvYwnz/fnB0vHS7cvs1NTXmiswW/zq14dP9uHn8u0VHeRv68G9YAdmY5ytYkkEk3ZTB1siNvXvgwcVz9KteolzGm1G"
11:15:09.533 [Forwarding screenshot on session 7836b5d0-bd7a-11e6-9730-e5ec4f8847f6 to remote] DEBUG org.apache.http.wire - http-outgoing-0 << "c4/7n4bXbtSmbGzNernJCIiIj8vmRmnKBe4BWVb3ix7OfIOAuB9b0r3TQ7OZXR/7rAlGeDaQJ8MiuRl2s15/vHGwBgy7WTizeBvsV7trLP2KG2BT/X8KE9k+dePk6/J6+mZwM49PUuhqz05vM3ryr8UvTsM3byvUunVW7eSh7DyXbGTm4F6dhy7eSeq1al8rtTT5mIiIhcXhZvAsuYslUWvyv9CEzZy19GnMKK4RTVGDuu6HEVNX0tlDVV3q9+iQNY/LihXgrPTEoksA5k/AS3D25dGJCVuU9leStn+5r1y85TZXmujIIyERER+e1Y/Jj+5rXsTM7lp/PVadrajyYXFzs5VWPo6Bvosj+TtDxDvUb+tG7w+5o6X+7w5cC77/ot8iMiIiK/ol9k+FIuSZlBmYiIiIj8un5f/XoiIiIif1AKykREREQ8gIIyEREREQ+goExERETEAygoExEREfEACspEREREPICCMhEREREPoCf6S5UkJib+1lmQy6BTp07F/la7CpQ+L0Tkt6GgTKqsdevWv3UW5GdYsWJFmS++atf/38o7L0Tk16fhSxEREREPoKBMRERExAMoKBMRERHxAArKRERERDyAgjIRERERD6CgTERERMQDKCgTERER8QB6Tpn8ArI5duwM5855U6d+AIF+NX/rDP0MNjKOneanc/wByiIiIp5MPWVy+WT/yMIJYVzj34yrr76Wa6+9mlbNGtE1bALrD9l+xYxkMKufP/5hC8n+GalsXjGFrv6NaHX11W5lmcKGY5cto5fAWbaBMT+rbFU9VsxAf/z9w9iQDZtjwvD392f6hozLkrpt60Ku8ffHv5yfKesvR0UXPxd+XDIcf/9+rL88RSh9tA2zHHV0WfJehuz19LtsdSMinkY9ZXJ52LYS2awnSwGCejFm+J208Mtm00eLWPrpfAZ+upPY/Z/QPfBXzNP+DHIBv0vY9dCnE+g9Yj4QRNiY4VzfBLZ+tIiln77OgE+z2Jj1Otdc5uxelJPZl1y2i5FtA8jgp3w4l+GIZPLP5V+WtHMzM0gFgrr24vpA3+Lrci10CAq4LMcBCs+FtIM7Af/Ll24p+W7//jKyfsG0ReS3paBMLosvXh3PUiBoyOt8s+hRXLHXQ4+Opt+UgYS9vp7XPthM94ibftV8+Vzifsnx64Eg5iUk8lBr55DloxH0iOzEiKUL+XTDeK75VSPMEvx9cIQxNuCXG1L1cfvdsE0rIB4f70ut1RK8Hb8enLSE57r/0uGlowy9Xogn64Vf/FAiIpdEw5fy82VvYMHr8cAQ3plfFJC53DVuAkMA34yTuAYx965fwvB+1xQOVQ2MnMVWt/E427HNzIocWLj+mn7DWbG5aMjGtvcLJoR1da6/hsgpEwjr15UxS7aWmcWMrauJLHa8GH4sd/zPxsmTjpU+xQKemvR/+Fnu6jqEFnWKtt2wZApdC4fdujJhyQbcB2s3r5jOwK5Fx+7abzhLXGXJ3kxkv35EThhDP+f+C7dmQ0aJ8g+MZPVWtzG3+LVMHxOGv3+jwvr78RceIW4W1AiA69sFOvLdtR8TZs0isquz7NcMZMmGH1m/cExhvvsNn8XeyvJVSc9bpW2X/SMxY8o/V9wd+nQ6XbtGsiGbwjJMWRjjVoauTFi4wW2PY6yYMrxwmLVr5HRipoTRb/hCLmkENHszkdd0JWZzRgXLsvkiZgL9rnHlqR9TSpxTRZWzgTED+3FN1+G8vWACXa8ZyBL3C4ljxAzvSr/IJb/CcLeI/FzqKZMqu3DhQpnL7Yf2sRdoHzWMTt4XKLWZdyfeOn3alQhH1r7EjffPBnrxwtyJ1Dy4hgmzJ7N+6X6+Pv53Otr/R/jVdxEL3BM1k9tbZLDkqRmM6P0RRz/dw9MdDhB+41BigeEvzOVa+/c8NWM+AF3/dJoLF5pgACjgwoULnNm2iFa3jgW68uzciQQe+5KxM8bTLe4Im5OmclWpEnlz/W094aOljLjRn38Pf5Y+3a6nQ4cQOnZ6gHdjHyisj7gZAxk8I56gXsOZG3YjB1e9zOwnB7AldRWxz/Zk3+qx9B6xCLqGMXPBn+Hg/5g7YylP9s7jmuPv0TEvh6Px8ayPj6d9r1603wtN6+5l9C29WZRaVP55T83gr+v347fnXWfZ4pm/sBfPzpxJ/nfvMHvpZB5tcB0bnu952doVLjiPBQUXLlDnhkdYteTPtKl9gQs5OezfGU/85Hja3xPFK0OyiZmyiCcHdAOCiHhlJpbEVcz+aDJPtr+R2Kf/XDr1ggIA0g7tJGV3fX5yi8186gVxVRM/sittu32M7dqtsK76t8lh6eNTGNH7I7K/PsjwjheKnQv7EuPYuRNy8i5wAUcZlo6JJ2hABDMfqctnc2cwf8wArCEHebqzhZWjevP40lS6hj3LxM4WPnhqCuMB2rcn78IFStacq0wFBRfKrtcLOWxJ3UmDnLyi9SWWrX1pKPfPjieoVwQLJrclYeFTvP7kADL9tzLzZmf61etx4eRXPNhmMLHACyu28kDQtzzz3HxmvLeeB669EwD7ttWM/2gnA15pQ50y8isinkVBmfxsOWnHSAWGhwS5Lc1mzRtz+S4dLADYocHNPDXyT3z+3mygKyt2fEyfJgD38acWo7j1qaXM/yCcZ30/cQRcCzYz8z5HyHTfzdcw4PqHmPLKUjrelUgsELViB8/3aQI8SNcWFm56fFEZucvm/ZccL+or9sTSJ9BxvNvb1OP64TEsj3ua53uWHoZsf9/f+YKmRL88g9hFM4gtTLorUQuief6+zmD/H/NmxMOAmXz/3nBHOQcNpMVjjXlqxjz+93hP6pyG9l0j+GesK/i7j1b5+xk8+zRpOYCPYwAy6J6ZfPb2cPyAjLiXuD8V7pn7NW8/2BGAHo3yCbn/Q5J3n3Lm4x4+Pfg2f/YDht+OfdP1xHyxiWPP96TJxTdh1Via0PNOZ+p2x6+ge+by1dsPYgE62Hdy14x4nl31H57t2QToxJ6Pb+VAzrkKk1301F2UarnhKzg980+Vtl3omTdZlAphCzbzd+e5MuiOjgxoMZixr3/Ive/9pViyrpFXn8J/HGX43lmGsE7+NL51Ajk/5cKxb5m3NJWgsAWs+vt9WID77mjPPW3uZz2XPjReoew45s6Oh14v8PXHTxMI3Ne/HZmd+7Lzmy3Yb66PP5CdvJTH7hpLLF2Z+/W7PNgxELiDF3o9xZRFK/l+6p10tsC6j5YCXXlwSOdfIrcicpkpKJMqM8aUvdx5Fu3YcwJjWjmX2vnxX7OJ2eS2YZCF8BFN2RYL3HMfPRobXEled/dAujy1lB8Pnuawzw6gHbff2qromM27cHsXiD9jJysrAwii4/WNC9e36vcXurCIMxRgjMEUAAVgjJ2sswDx3H93N9q58pKcDMDn/01i0i29yizXjUPHsWboODKO7WX3li3875tYZiyOZfbjfUkz/2Vqu12sB4gdS687FjlmYPtD8iaA4+TaDd3CX2Vlp/X8e8ZE5u47TOKmWJJTAbpQwxiMKaAAaH1DB+oagwGSN20EuhDa77rC8jXuPYlTpyYBGcwpANpdRZu6rvqrjbUpkAXezjQuRnntCs56pIACU9RWjlWOfDe96kp8nMc0FABd6FzYLk25oR3sd7ZJ6eM6fj/w6nKGX1uf3PyirrKGbTthTG6lbfdndgCw9PHBJMx1fVggl2SAH46RU+xcMM484iyPq+7bFpbB58oQujg2ID35R3YCjw/oXrge6/V07wLrs1zplV0mCkzZ9eo8ZrH1pgZ1XctycjgD3POX3lhd6fvcyFs/OIPx7PXUBBaNHev4e8B9hF1ndaZlZeBfw5myfjEr1x7lxjuP8k7MTrgnhh7WEu0nIh5JQZlUWXkv3tY2nekCbNqXTJbp5vxEoJWxsRk4XjoymDugHS9leeNt6uAXBNT0xeL+omac/Q4GfAxALvnFAgFT+Lu6AfB1vFCaUqvd8ul44XP1aITffS+Bzi4ey71hWCx2fFsFlS5XdgLPD3+atNvm8ObIG7E2vopuA66i24ChjHpkKU17PE3inpPYgxxzgIJ6hXNv96bY7Y60w+4KAwK40tewfsa9DHl1PQ"
11:15:09.536 [Forwarding screenshot on session 7836b5d0-bd7a-11e6-9730-e5ec4f8847f6 to remote] DEBUG org.apache.http.wire - http-outgoing-0 << "C9BtxDv5Gv0uurcSxYDzjznwV07dCiMB/5zl4ovIu/kGZnZGOpW7xspkThywoUKlNRUOa2UYmgzJHvfp1buAUXznV217bGUdum7GO4ctq03fVce2Pp3kpjciptOx/nFMIBjw/jhrquDjwLYWEW8G1HnRLnQlFVlV33mHyynHlz5c+CKXZOuadXKigrbJH1LMNHAAAgAElEQVTygjLnLx/vwvX21GQ2AV0x2DLPkAx08vUutr89Oxu7xQ8/A2cButzDA4E/siz2acau/BOvDnX0Eja/fSgDWMzif3/FAz4HWQ+Me/jW4teaiHgsTfSXKjPGlP1jDeGunsDH43hiTlzp9Rm7STnqSCPfOHt1lq3i+7yibY59+zmbgPYtGmB8agGp/LjjWFEaWbtJdPa61fazAsls+u5g4fq9X3/CJhwPO3B/7aXw//0JHTuKsWPHMnbsWEbdfgW7Nv5Ihr2M8ngbDq1P5uNJbxGXUXydj+ttjD0f6zU3OXpVmnRj1KiitDt5H2XjloPk2I6x+d/rISic+PR0PvjnG0wc8QhdrmxXmLnC1938/MJjNA25BtjEV98WlT9v6xu0bNeSx5bucCubK1+Usaz0z0W3q3u6lF5Xav9S21Z8DNcO+W5lL/v45bddLasVgNa3hTPKuX7s2L9g27WRXccyS9dNsTyWrnv3PFtbtCEI+GjN1+QVnss7+O8mt/TKKZOPd52yy5TvOEf37DpZuOz4/gOFx/RpciVdgGWffee230Geb9mSloPnkOFM/+kJrzLnn/MYDCyO+CtrDjq39enEI093gY+f5uHQORAUzqCu1graWKGaiCdRT5lUWfk38AD+tnA1W64axKqpQ2jwUX+euudmWgSe4+Dmr5i7PM6x2eDG1DYB9H/0EaZueoc7hozjn88Noc6xtURFLgC6cPefr6ar92N0mRrHq0OGYua/RM8mmSwd/xifAY+MGcjNfW+h/6TPmPPXG8maOJ22+T/w3MzlAGQZx7CUo8fEUGAC+MvjI5i66U169xjB/JeG0+SnLUz/6/NsIoi3JzctXS5LJx6b2J/PXl7FkHabCX3qYW5qE0jGns28O9dxnHv6dMTU9eH+wRC17FHu9DnOc8Nu4FjcIiJfXgXtxvJK3Rp4+wPJG1nzyQZ6t4Dv3p/Oc+8kA+3IzTGY+s6eFVM0xNeq5130ZzEL/joU37dfome9NBZFTQLaMbRve35c5SqbK8goKq/tsvaUudIFe0HJnrLS+S5w9QIVblvgyEs5L/4FBaXTKK7ytruu+2P0fPYz5gy5nbzZM7i7Dayd/yxzP0ul//Qo6hY7F0yJPJZxfPdlzfvwYmgQjy17mt55BxjRw5d/Rb1MHIC/e/2XLtM3707F/rUPNtdHJvPz8es2jLG9qlML+OzZcbwRMIpmuZuZFLUAAG9TgKl7PQ+FBrFp+dM83MwQeWcLtiyezmJg8P23E2DSHT15+TkYcx1TPxzLqntn8tfIV9n26ViaADcNvZ+gOZtIBXqOuIdW6iUT+d1QUCZVVuG76rrdWLDvf3Sf9w/emrucuS9/VrgqqMtgRowcycP9r8NiDHXvnk5sjg8jRr/JXwe949io3WDeeuNV7mhuMNzOsri3GDfyb8yMvJeZjlQYMWseU+5uhQHe2RfLK6PGMPfl54B2jBg7gtiZb9K1YwuMAZ9aOMamjKH5HVNY+4+ajHpiLpH3rnLmqgsvLZ3F3c0tZZar26h3WG19hemz5rJ87sssd61o15/pUybzSDcrxsCwBd9j9x/Lc+88j6soQT1HMG/OMzQ2cO+Yl/hy6PO8/NggXgYIGszYsaHMnLmcb7bu5Y5bjeNRpu5DfHW78fe4d6g58hFmPuYqvyO/dzSGI25lc+zhg18toJZf0dyni1BRu/rVArBS26fknKTS+fbxqeVcU3rbio7hU87wJlB529GNhf97h+eHP8KbUQ/wpnOLwWPf4tVHrsWYU8XOBagF5BUOT5aq+2LLLNw9ZyM1gp7mkZlziVoFPUMfoefyd4jLyncMr5dTpk2r3mFTiWVd/O7gmbtvIfqtpwj721yef8zxKd7Bj4TCO8vJdx5zyJzV5NR8gufmRvHZ3KLyTB12NSYnrVierTc/wzsjvuWRN2cyZekAFjxwNZZWfXm4C7y8qR0P33WjesNEfke8jK5YqYLExESCgoIq3xAAGxnHz3D2HNSuV7/874u0ZXM8LRNq16NxYNkPD804fpxzQJ3GjQufXp+960Oem7mdB1+dQlfnVCTbD2/Rou8LjFq5lQm3NC4nX9kcP5wJ3rWp3ziwyo9czc44TubZc3hXkE9bxnHSyt0mm+PHfwK8adz44h44m3H8MGfxpmHjxj/7EbH/+te/+Nvf/lZs2cW162+p8rbLOH6cs0Dt+o0JvBzP07Xt4rXRM/EZHM2o25s7F+4i6opeLA+dx8HZ9156m9iyOX4mE7wb0riczDrOKahdrzHlnHblcOax/zQOLn6k0jyWdV6IyG9DPWVSZQXOZzBVzoeARo1wfUlOufv5+NIoyLfCbQIaNXIlgmuLgpyDrPrsLVZl2Pn7E3dQL/MH/jFqGhDEVQ38K8hn0fHc06uMb0AjfAMqLotPQCOCyt3Gl0aNKi5neQIaBTnq8SLye7EuNk+/jcrbruicK+CyFKnAzo5Vn/GfVSnYXxtLt6BzfPHGVJYDgzpdg8/PaROfys+JonOqquU5zEfzlrFx62pWAE8+1Ofn5VFEfnUKyqTKPKVTtW6nCJZHpxMa/S6jHnrXsTDoZl6ZM4t72pY9HCnlU32Vw9KBV/89EyLG8vozw3nduXjQ+IW8FtrWA+stn4Rp81gBtHtoLhE9rvDAPIpIRRSUSZV5zg3eQo9HXyE17DlOZJ4F79pcYXWM73hOHn8/VGflC7ghlIXfhXLq1AnOnfOmdj0rfjUp8UlOT9GSF3b+wKhz3o7rwSPzKCIVUVAmVeZxL96WujRqVBfwwLz9jqjuKhcQ4BxGL/UhBs9iqRtAI9SmIr9XCsqkynSj/2NSu4qIeAYFZVJlevH+Y1K7ioh4BgVlUmV68f5jUruKiHgGBWVSZXrx/mNSu4qIeAZ996WIiIiIB1BPmVTZ2rVrf+ssyC9A7Soi4hn0NUsiIiIiHkDDlyIiIiIeQEGZiIiIiAdQUCYiIiLiARSUiYiIiHgABWUiIiIiHkBBmYiIiIgHUFAmIiIi4gEUlImIiIh4AAVlIiIiIh5AQZmIiIiIB1BQJiIiIuIBFJSJiIiIeAAFZSIiIiIeQEGZiIiIiAdQUCYiIiLiARSUiYiIiHgABWUiIiIiHkBBmYiIiIgHUFAmIiIi4gEUlImIiIh4AAVlIiIiIh5AQZmIiIiIB1BQJiIiIuIBFJSJiIiIeAAFZSIiIiIeQEGZiIiIiAdQUCYiIiLiARSUiYiIiHgABWUiIiIiHkBBmYiIiIgHUFAmIiIi4gEUlImIiIh4AAVlIiIiIh5AQZmIiIiIB1BQJiIiIuIBFJSJiIiIeAAFZSIiIiIeQEGZiIiIiAdQUCYiIiLiARSUiYiIiHiAGr91Bn5vvpu7g5eyGxP7vJXvZuzgpbP1uPlYNvua1+e15xvj775x+ikmjT4OvYKYGl7vko539MvDRK/8iZo1S8fPNlsNRr7Wik7+ZewIwDmWPbMPe2hLwjtZLu7AWZm8NOk4aSXidv+GNek28Ar6d7jI9Mqx/cP9vLqpJv94rSnlFqMstlxmPHmEBiMrLlvquhheXJFIzZo1Sydha0jErKfZOXk0+Q9MZ3inBhdfgKpkdfdqIid/T8SCV0q1lW33asZMTmLk4hfpUDqLfzi23SuJnPxDmXXx2+THs+p/9zfroGNv2l5M3dhS2b4XOnQIqvBcu5h0Kt30Iuptd+wcxk9fxJbMm5g6pjmfJbVkwawHL+56rzgzTI98lQYRJa5h23amR05jb/O/MOvF+0rcm79hwlNz4baJvDK80yUcNIuVkyewNg3KuLNAwz68UvKYxbL8M9rpMqVjS09kccxiNvxwnFqNr2PwyAgGdHDWn+0AK+fM41+bT1C/XXfCoyIofXtMJ2b4c1giZjHc/eDpicTMXsyXyWdofN1tjI"
11:15:09.543 [Forwarding screenshot on session 7836b5d0-bd7a-11e6-9730-e5ec4f8847f6 to remote] DEBUG org.apache.http.wire - http-outgoing-0 << "wYTodf5tb6x2TkIuSbOb0STK/pp40x+WbKDQlmyKIzZt2UJFO/foKZGJtXbOsPHk00VmuiWZp84ZKPGDd9u7G22WJuuGGLuaFNgqlfP6Hwb2ub7WZdWkV728xEa4J5okS+qiQtzfSyJhjrDUlmSP8k07//dtO//xbH8X9mmdytG5NgrNa9psJilJO/NtYEM2ZdxWWLmzbIEBxiQkJCTEgwBij8m+BBZm1amhkPJmLNkUsuQ6VZjRtvALOmjEKmrR1vILjMdX9EnlZeT8pPZlz0JeQl08zujiFijTHm55SneDqVqfpxUkxUMIbgPiY8ItrMj8TA+Iu/3ivOjAkGE7W29DW8NrqPAcz4Etf3ivBgA8FmSfIl3BsdBzXzQ0NMcEiICQkJdtxXoPDvkEGzKyzj5TrvKrq3VCgzzvQBA8EmPCrCdHfmf35CpjEm08zu4/g7NCLcBIOBcJNUrKryzKrxzrp1r/fMODMIDISY8IhQ5/02yqT8vGL+v6Kg7KL8ZB61JpiJ8ReMMVlmiDXBTE/IN8b8ZMa0STBW606T5NwyM/6gqV8/wYQtOnPZjp4Zv89YrVvMusyq7mEzE9skmIlx+cYYYy7q9pOZZm6wJpgpzn1d0uIPmTbWBNNresbFpFa+vAsXly/jLEfeadPLmmAmVhKUucvcGG0gxKwtVn9pZnwwZnycY2Hepd6jK5GXWXbCeRunOfLkAUHBryEtLtqjyutJ9e86P+OqfH0bY0ymmRaCCRkfZ4xx1W93E+c83S7i6iiWTmWqXG95a00ImCjXRZeXd9HXe4XJOzJjupcMDgo5g0LCi+7NG2c7Ao6FCZcpF5lmWncMIdGmqk1XvJ1+Xo2Ud2+p8PhrHcHcfFeklbnRDAITMn6tyUtaaAATsSLZucpRX1GuwDYv2cwODSkMRKPd6j1h9iBnsOv4O2VVhAEK/5bKaU5ZVWSd4cG2ibRtm8zHBfDGndvo1GkfXxXAzL67+TK9NlPfb0BBwVmem3EGsPHSwxlU6xjArMJhSzufzNhFQEAiAQGJBHbayYfb7Y7kEw/Tqe1OvslybmrL5LG2W5nxjb1YNvJdf+a7L7Uzd0Dxbb+bu5O29x4iHbD4wsalKdwamEiTgERuffAA213HoYAvF+x2y9MuPtl9juKpFxT7u0HHOjQFsnKcy7OymfHgD4VpDHjyMAeAzyZtp9ODqTgOdY7Fj/1QmCco4MNnfmDApDQS39nNdc7l383dyYAnDzDp3i2O/ARu5aVPcguPvf2T/XRylqNT/wNsKwCLqw7u3cK9M05V2Iz5rnrLL77cUhcS/zWZvl5e1KrlRYsekaw7YHOutbEuJhIvLy/HT4fhrN6dRUnxc4bh1WMCuwuX2FgZ2YMOke+RlRhD5+vC+SYdIJX3Rg92pteCv4wbDxQNbafHv8fgFl6F6ye8l1i4bve6GPoWruvAhPfii+pm9WQ6uPLo1YPJK4v2K09W4iJ6tOjBsGF9C8s3fM46bIUbbGf6sB6F6/pGxnCgKKesnj7crV6GsXJ7urMuhtNj+AQi+zrXtRjMovjUMvNQUXkrzPvuWEb37VB4/BZ9I4ndbQPSmTO4B8MnTKCva12PSNYVHr7i+i+u7La37V5JD68OxCQWnQepsZNp4TXMcQ2XW2/l5y0rfg7XdYsGdtCz3mDWpVetTRNjHmf8DtgxrSctBs8hA4ANvDlmGF5eXtTy8qLv6Pec11359VYynfRSR7qE8zYrnmG1+rADmN2nHn0nf0Pi4kjaOdOPnzOMvpHTmTC4ReE5PXm16wqq+Lpz1U0tLy869A5lA657QUlX8srH84HFPDM9HkhlcmgUdJ/G3MJhy4rO5WHF6iMrcREdWgwjvtgtIB/X3TfHbWlWYgwdWgxzu68nMrxFB6Z/40ptA3PD++LlVQsvrxZEVvnaK34M173FcT33JTJyWOF+g93a3t2JXD9Cw2dzh2vs2b89N4U48n9o50ZgEGF/aetY1XUI44Nh1f92OWrrq78TtTyHqOgoAIpeedJZt2g1wVHzebAtpKemE3BrNEkJSfQLLiMTUrbfOir8fbCZuNXHTcyYbcZq3W4WxZ40MU9sMVbrdhPzQZpJcb7ZWDdlm7FaE01Y2DZjtW4xq1OLUoibss3Ur59gnog5aZISTpoxvRKM1brNxKYakxa311itW0ys611nmqOXqmQvUFqcs6es2LtTR2+Y+zBe3JQtxtpmr0kzNjO9l2PIc+LSDJOw7pBjSHLIIZNpjEmI2V6Up6QMM7F/grFak0xcmjEm0zF8GTbnuImPzzBxcRlm3brjZkqYYwjTkbc8M+WGBGO1bjdL484UpR92xCQt3Wms1m2Od/2ZGaa/1VneNGNM3mnT35pgwpbmuOW1qI5ueOKgiYs/6czPdhOfZ0xmgqPnsdcTh0xCQoaZ6CrXujxjjM0sejTJPBpzusJWLLuXJs3xLhdM1MI1ZuOa+Y6u/NCFJs8YkzB/kONd4/w1Jikpzozvg4E+jjpyk5c03/mu0bkibY0JARO+JNk5xBBi1qQZs2Z8d0eX/5I4k7B2vgkBA93N2jRj8pKXmGAwIaHTzMakJLNqWrjzHWpKYfrBodNMXFKCWRLtGBoIX5JkTKajN2LQtFUmOSXJLIwIqdKQhqM+MASHmzUJSWbt/AjnO+QUY8wREx2CgUFmSVyCSVhbvF7iorsX1UvCGhPV3VGONUeK1nWPWGiSkjeaaYOCC9e5t0FF5a1YgmOIpHuUWZuQZBLWLnQMxfSZbzLd2nP8wjUmbs1sZ76XmDxTcf2XOkq5bZ9iosAQvsK5pXO4p89sk1lhvVWUtzSzZrajTaOWxJm0KrZpZtIK0915XqzdmGSOuNqUULMibqNZNdtRp+Pj0iqst8Ml0inZ93Jp5+02k7DKkZ/QaSvMxqQ0ExcdYgh2DF+6zpOQiNkmbuMaZ/0OMhvzKr7uMhNmO8+v+SYhIc6Md9VpmT1lDmujuxsINqGh3Q2EmFVum1Z8Lhfl13HNFF3LbldSYU+Z++JS26Y52nT82iNu116oWbUxobDOqnLtmXKOkVai7VdMc5xP0SVvVmU4sja6sPdw7fiQEmVxlC84yjm0nZlmjmQaY/LiSvRQus7vEOf54RgejV6VVOp4Uj4FZRchac42Yw07ZowxJn7KFmN94mSJLbLME855X48uzXJbnmOesCaYNmPctncOD4YtOlM62Mq8HEHZPpNmbGbKDQnmholFQ40pq5OdAaBjnbV/iklOs5mUFJtJiT/kDHRsxmSmmf5WR1ncf6zWJBMT6yhbXoJj+7CY0yYtLc+kptnMuulJjvR3nnSUIS7f5MWnFO4/cZ3N5DmHYWPT3PPqCMqs1t2F8w8y3bZbN3GLsVp3m8I4NzPjoocvywvKokPcbjjGmLjxjhvxEec6+kwzyWlpJiUlzaRsnO98ASh5o3NuG7rEGGNM0vxBBvqYjZnuxz1ixgdjgsevLdzryKqowjw5XhxCzIqkI+ZISopJS0swUSGOF/vY6O4GIkzRKECemT8IQ3C0SXPe7EPCo82ajckmLS3FJCWlVDoo4rqJLyxMNM/MdwYXJxIc5Qydv9GkpR0xR9LSzNppfZwvAMkmguJ15goMQxcmOMsRZY6UWBe15kixNqiovBUOA+UdMWtXrDBxKZnG5GWaIykJZnYoxdqsWHtGu9qz4vovsz3LafsEZ/vG5RljUlY45jStOWLyKqy3ivLmGr7s7ngjU+U2LWv40r1Nk004mEHzEyqpt4qGLy/9vM10vXA7x2Qd5Y12C8qK5hu5hm9d9VRe3a8dH1Li/CoZHJQlyUQ455SGL3EPEio7l4vyW1S/5byxKxWUldg2s3RQ5n7tze6Dofs0c7jCc6h4qdyP4UpziVvbh5Yz185dyhpnMOecB7dxWncD4437XqUDteLlKVnH41dsNEeOJJn5Ed2d5fyF5oX8AWn4sipsmUy6dwfPLTlPQewx7n1wB5FzC2B5Krfeu5vvCruy/Xgg3Idq1Wpw351+Rftn2UkB7u3ntsy/LgODYfPOEmNprtU/K8NFzWrPhV49fQv/DrjC8YFbn+yz7DkEBfGn6dp2B5067aBTf0dH9+5Ex5"
11:15:09.545 [Forwarding screenshot on session 7836b5d0-bd7a-11e6-9730-e5ec4f8847f6 to remote] DEBUG org.apache.http.wire - http-outgoing-0 << "BhHhCx9BpOn+7Ege0teOBKRxqNr3aUI+eMY6gzdmIKbdv+SIe2Oxg6Ix+ogU+gP0Ovhc/XneHrddlUuyeQFwfA53GOv7k2gD+X+kROAVir48qta7jWB/C2VANM0cijvx+9rBR19/8cOXBbl6uK/rY4/rFk7WP3DmDteNo1bEjLlg1p2S0SgOTEnSUSacD9k8Jh+VvEZ6Wy6tXVBEeMpKt7Q2bs4tNDcNvVVxQdytc9jdrADu6/thnNWrakYcMbmb0DOJvFWecWPoXb1uT6m7o7D92bt5aMh8XR3NmtHQ0btiRizkr2lh5lLVNAHbc0e3WH3WmcOO04F5ZHdqNhw2Y0a9iQPuPXAk3wyT7BPmDYHdcVJeJ/NUNCYOOPJ4BM6N6waDjJ/yp6B8M65/BHVcqbQwVqBhGQ/wNPtKyHV616NGt5I1HLgWYWxzFLticAFizpldW/m0ravtO9wwlhLR98lcr2zxdziFAeGRBETkX1VlHecA2vZzp+V7lNXUNn7veREJoHuP4fQOsQ2JJ6upJ6Kysdp0rrrYJ2tOeTCZBfVotmQrB/0fXuPLRPdsV172OpB9gpnGjh35Hbgyu7F3QgbGQfoDv3392haHFWZefy5VVyoNz92uvSqzscyeZ0ZedQhUK4wq3t21YybLhuzjBa3hlNcPh80lY9TQMgNzsTgi1uw8HpbPx0ByF3daPiD1FeQcO6QOgKXrmvK0FBHYh45QVCgB8PZ1Sac3FQUFYVNWty3Y3ViT8AAyICubVNNQ4UQOhYK3/pXof6bpMZ7PnOuVbu9zZ/b5oAH/4nu2iZLY+kQ3Dz9TXhnHEsc11xlmpU8fXUsTmO4MvlTNoFXHc6C3Bob9Gof+7pC47s+dUi2ArVHmjK6dOdHD/HrmbxvCaMGeoIurLc8uTf1Mq8fzfjWvJ5tPNutgM+vo7TJ2p1SGEaBxJbMHduI66ua6F/WC0OvZFK1NzzhA5owN131+ZAzFHCZhcwaHj9iwo8z9kLAC+3m1Iu350q6+PoF88O+AcElF7h34wWwUDEKoyjVxmTl8KqJSsYe1/HUpu37fcQfdhA9OhxRB+CcSNvLb5BoCM42bzrdOEiH5+iWsi3HwNCSXAdyxiS1q5ixXN3UsueWep4h/duAOxkp2/nhG8vPjeGtJQkVs0OZ8Pi8byzoex5XMUVv2vvS9oAzRoS4Os4qaPj0grzkpkSx5Ilo7i6aQBBwPuf/1C0o+0IP+yA265v7vj7iL2orbIO8/0h6P3nq4sdq6LyBlaQ46z46dz40DRaR68g5Ygjf2uigsFZReW2Z4OK67+Yytq+wW2MC4WY6eN48dW1dI9+hA6AT0X1VreCvLnzAdvFtGkOYCn/5doO1K1CvZWbTiX1dqntWC6/ius+354JWPAu3GEnGw9Vfi/Itzvf2hS7N1fhXKbo1uxD8Xm+lRyw+M4WH4pfxSH4Fr522Ni6fgM088O3knPoYpSfWxsrR/egT9RywufHcXBRRGHAdVXnm+HQR2wrfBHKJW0H5NjK7kBw58h5GdtVvqs4KSirkprcG1aPatWq8fCkYB4P86NatRo88FQwTz0VRNsy7gbFz0E/BoR6ceqfqcz4LJOjB7JZ8ORBviqAG66tRd1GPhQUFPDm309w4Ggui8ce5kBB6TTLThvwheUvHea7Aza++3Af4csM+Du282kK658/wLJEG0e3n+C5h3KgSwCdG9Sk273VYPkxXvokk/T0syybupfwJ4/xzekyDgrQtCELFvhSUJDLU5PS8P9TA+6pBnNHp/DZdhvpu9N5pt9Bnnoqg9M1oUPfAKwYTuHFzZ1rc+WNfjSoBtWqVWNAT7deQ/cesGL/L3Jd73oUFOTw3IwTHDh6lg8nHSW+sI7O8clLu3npw+wy9qxC/QGlb192IIg/DwuBmCgmr04kPf0A7015iMEP3V92HfnfwqioENYuXg7do7m7Q8kX/MZ0GRDMjmlPELNuO6m71zHhiWhc75873vUAsJwJo99jd2o6ibHTubbPYO7/6gQ39R0CxDBywkoOpKcT/95o7l8MfZ6+i6aHv2Lw4D6Mmh6LPaA17Vs7X0x8ANtuYkZHMn319nJq4xBR46aTmJpK/HujeWg5hP/tDpp1HUQ4EP3Ec8RuTyV99zpG9+rJQw8t40zNDtwZEcyh2ZFMj00k9cB2YiL/xmqgU8fmQBM4FM3omHWkpm4nZvQTbCCELu2Lv0RXVN6aleYbGre8isaBPsSvnMCdsw+V6IYo3Z72Suq/uMraviZ3j5gGG5az+lAwf3uoNwD+FdZbRXnD+SK+g8SvE7FV1KbFNODaAcHs+PJfrNtefhDu3k9Vdr1VlM6ln7dlB0p2txqwlxE4VFz3Hfs+AMxm3PTVHEg9wMoJM1lbbslLK379V3IuW+rBoY9Ytm43B7av5vGHp1HW+WIv8Rug7hVBwA4WzFnNgdTdLBrzBDuK7bWDPmHT2Z6aSvx7U4hcC+F/G0SrKp1DP8+BlWO4f/YG6B7F4Na5rF69mtUrVxIbn8qVtw6kOzt4bHQMu7NSWT15DDHAuAe6V5JqAwaNC4flDzF60Tekp+9m0YTR7CCEHu0rf/adOP26o6W/X2mxycZq3W3SjDHJS38s99la8dOTHJPlS02K+cnMeXSb29ysLWZ6bI5zXb75YExS0br+P1Ywp2xbqbRTYlNMG2tRuv1vSDDW/gdNpnOiv/WGLUVp99pt4gv3zzMxT2wrNmfsiUXO+WfOif6l52zlm5iwRFO/foKJSco3ecknTdgNbnPO2mw3HyS5HqPhOv5e57yRHMejQ/ofLJwzFDdlm7H2SimaU+b8v3t5XXPo4mOS3Y6zzbSxOue/GZuZ0ibBtJlY8YTWwo+hl3gkRnRw8XkXcdHdDSHTnPk4UjgvwvUTsbD8xwa4Pk4e7vYZ8MyN09wmk6eYaW4fJ3f89Ng0PK4AACAASURBVCmcd5KwZLzzuUCOn5DQ2cY1HWPjwqhi+/WJWuLMY55Z45zU6/rpHrHQMSfE+TyiYnNmitUHJjikaL9B41cUtk1e8hoT6raO4EFmRZJrbYqZHe5eLyFm2ppkZ/31KVG+EDNtbYrzmO51UUF5K8i3MUeKfSQf+piIiD6OOV6Z5bRnd1d7Vlz/JY9Tcds7H7cwaH6xOXDl11sleUtZ5Xx2FGb82sPlt2kJyStc50Wo+d/G4vXrmhvXfVpcJfVWPJ3SU7Mv8bx1tqNr3pF7eYu3S9H16Uiz4rrf6PxQiqN+u5vgMud5FrdxWlFZS5atvHPZpMWZcPfrIyLcBNO91ER/13yw4jnINCui3K6FPqGFc7Ac9wQMwW5pR68qnDNY8bXndgS39s4sq+2Dy55T5vrgRskf1/WWsnZ2sfaMmL+xdIU65/IV/yBByXtRsJlW6Qd3xJ2XMcZcYjz3/4vtHEdPQdOm3mCzk57jTYMGF9/RaEu3cyofrE0tpd5F2rLsnMqFpk0v4Wn5tnMcPXUBX2tN/Mt4N2VLt3Eq36vMtB15MuXuWxXpR23k+3jRtMHledJ/uZzltDateVmGLqt82PR0Mux26gYGXXIductKTyWHugQ1KGP4zJZFakYOlrqBNCh5sMJ1QZTatZz9vpncg4ezXuDgrN7FNk//ZjINe35JXOZ/6ZKfSo5PGWkC6amp2C0WghqUnlHiqBcIDGpQ2B7fTO5Az48eIG37c5Cajk9Qg4qHqi8y3y6OOiw7X5WpsP5LZu8S276iequyis6FEttlYcG/jG+uKKnCeqsknUs+by9RhXXvPF5gUNBluReUdS67ONoykKAGF38kW1Y6GTkQFFT2eZCemgrl1NllOYculS2L9Jx88GlQ5n2h4l0dZa5b2bUvpSgoE/kjs20n8i9zGLh0Eb1L3NfT102gYZ/3WZN2kAGX8Z6/bkIL+kwbzBEzi0setKgg3yIif1QKykT+n7IdWMeMt/cy+NkISk1/+xl2x8aw+sQ1PD38ll+1N1NE5PdOQZmIiIiIB9CnL0VEREQ8gIIyEREREQ+goExERETEAygoExEREfEACspEREREPICCMhEREREPoKBMRERExAMoKBMRERHxAArKRERERDyAgjIRERERD6CgTE"
11:15:09.546 [Forwarding screenshot on session 7836b5d0-bd7a-11e6-9730-e5ec4f8847f6 to remote] DEBUG org.apache.http.wire - http-outgoing-0 << "RERMQDKCgTERER8QAKykREREQ8gIIyEREREQ+goExERETEAygoExEREfEACspEREREPICCMhEREREPoKBMRERExAMoKBMRERHxAArKRERERDyAgjIRERERD6CgTERERMQDKCgTERER8QAKykREREQ8gIIyEREREQ+goExERETEAygoExEREfEACspEREREPICCMhEREREPoKBMRERExAMoKBMRERHxAArKRERERDyAgjIRERERD6CgTERERMQDKCgTERER+b927j0sqvNe9PiXJTMDAhkExhtBQ5AQmyIaStUmJxSq3Va0W6u4k6iJm2rU7LCNfUg8rZo20e4eoruGQyPmUkoTianoI81OMK0mPnRvAzZnJIqREAMEYRQdLjNcZC5kOH8MMIAyYASd2N/neXxk1rxrrfc+v7XeNeMBJCgTQgghhPAAEpQJIYQQQngACcqEEEIIITyABGVCCCGEEB5AgjIhhBBCCA8gQZkQQgghhAeQoEwIIYQQwgNIUCaEEEII4QEkKBNCCCGE8AASlAkhhBBCeAAJyoQQQgghPIAEZUIIIYQQHkCCMiGEEEIIDyBB2U1WnP0FK9d8QbHRfTpLeR2pKysotQzv+csLjZSbAezkppWRrbe6TV+aV8HKNAPmYcyDudRA6poyUlPLe/6lbakg92jrMJ7lNmY2se2q+qsiX3+jnWVofeKmsFwhL/1zkhNPERt7iuQ1n5NbeGVou5ZfZM3KL9APodOaq0zoDQ5gZPq657FTmFfNmuRSYmNLSEw6Q1q6gfJhnmeudV6P6VtdBpqLR6of9O5r13Zr2uZ6xosYeRKU3UyWJv7zWTPvHTTznwdMbpO21LSy77CZmpbhO725sIIHltRQYQNwUJJzhaJLnW73uXTCxOGcdmzDlw1slyzkHrzCvr9e4aOPnP+yd5tIXVbOmtzmYTzTbcpm59ihK+zb19ZVf21k724kZe6nZBTfyIfe0PrEyLOQvqSMtektVAarSUhQU3mohdTFZaTlDx6YtdS0cehwM5cG67TmBhbHVZBzyplwJPq6Z7GSkXSaxWvrOVQJCT8KIGK0nez0Oh6IKR/2C8C+HJTlXKHklvetLm7m4kunmjmc086wXiL262tXu3VtM+TxIm4KCcpuoqr3jXzQdaF07KXLVLlJG+A/CvBCPZwZ0AB44ad2vtheO43M+T5ud5mzfQa19VPQDWc+VKAoCm//fQZ6vfNfY/ldJClw6LeXMQznuW5HajAD6w7e11V/93NBH8ZsBd44cCOXu0PrEyPO2Mz+E5C0MwJ93lR27pyKvuJukhTIec04+B0MlRdDGjsaZz1q/UYBI9TXbwkr6bF6thztG6CX51byfBHMfjKMWn00O7dP4bW8GRRmBuAwtvLiwRG+Ux0MmmGd0L4+d3OxSgNMHoU/wHAFQ/36Wn+3tG2GOl7ETSFB2U1j553XWlDCAzmUrcVhbGFvYe9J00Ju2hmCgvSEhJxkyS8aAQXbFxdJDCkhS2/vSWkoqCAq5CyFZsDcTPrKUwQF6QkK0pOUer5rgrGStfIUSSvPEBWiJ+TBT/nOAhMOh4MlEWc4arTyysqzZHTloTS/gtgQfdf5T7Etz3n1qP9DOTHJ1RiB4oyzJKVWsSX5ZFe6ErbluyaL0jzXMWKTy0hOLGFNlps7gr2vzHTBPL7KC+flab+8J1VjxEp+ellPOUNiz5JX6qq/gc5t1teSGFVCUlIJQUF6kjOaMJdfJq3rdVCQnqikcgrKnTN0ccZZktZUkNZdxtiz5BZeZkti13mjzpCnd19nN4um1/D1CR/DrMn0XN0XZ5wlqqvdAMz6WmKjzlJsBkuVkdTEkz3lT06r7QqEXX3CWW+lpKae7ZXO0HO8gfud++N39/GgID1RieUUVA28nOOj6fVCO4anMwJ55KHuje77Q0829eeJjeoaKwAWE2uiSkgvbCFjyZdUOWD34tOszGjq09fdHd/9OLi+Mo4UW2v/eMLK/t9eQQnX8rvtY+kddkcvn8SmH3gzjo6etAPX7dcbh/0Ziw0kR3WPnZNsyb2ZY2ewuViB6iYeTTxJ0ETnmM8tHrz819PX+hp621gMDWxZWdJn3LmWN2+HthESlN0sVfXsPgEJq3XELwrhBwpkvG7smTgLtpSTmm3lycy7+MvbIdSddm5XT9FyPw627qnvSmnnwMsmGmb6MV1rYVviOXYcHkXmoQiO7NfRvs9I3MpaLEDz2Q6K3rOy8JlA1i0cw46tvgCsyphAjA6Mpzsw2jvBbGTVahN3PxNKkT6SFx9xsGttBQVGaK230HDaGRBam+0U5TZyeHwwhwrCWDfTQcbqLym2gLm4mvi1JrSP6Cg4cheLaOeDTxxUGOwMpLXVARYHFosDg/4ir+R0whQV/v3z/pAvp7Z9Rkr6FZb/OozCI2Gs0razPuEzCgzuz21rtfKJ0cGJExo2bQwg8b4OVj9QQ067H/uPRHJk/zimnGjlsZ/VYu4u40ETJ8eHcOjQeBJa20ldXEPJ98axf+84ZjZYWb+n0W2d3Qxa4NiB82RlVZORUUVq8hl2VcHTj4wBwNps7Wk3AFurheoGK402KxlLz7PPV0tB0VQKXtHyQfYlnuianLv7hLPebOzbB68cuptXNvnyQXYdewqtgLt+N/DxS7POsSHHzs5DkRQdCeW7p1t5bF4VV1WZzp9lM+FgagUhUaWkbqkit6CB8UsiyNw0Hi1Q6KY/9GZrtVHdYKWt+wKgxc7JBgctdhXz/i0IgKRNE3n6x/59+rq747sbB0Mu40gwX0Gvb6a8tJXLgPl8M+WlzehLr2Axt1JcDdMWjSH8qh192JQXw87lgYOW3d17Q50DLOUGHlxQR+V3gygojOT1Z3zZnVpBWsHQnhm8YYPMxaDgcHRSd18IRwrvYt0UKxsWfMZRo/vyX09f62PIbdPKMzFfsuewNzv3R1CQHULdPiMPLKnGzG3SNgLvW52BfxTF++tpwItl85wDcvkqhWM5Rt433MmiUAsf5XWge3IS25cHA8G887qFmNVtwGge2aYhZ2s9hZkTiL/onFBWvTEOjf4yu6og6deh/PBbPtjw5RfPmHl4h5EPjTpsgC4ljJ2bxgJgLm5HUewsXBCMjl5Xhl2TSOUXbVRc8mfhc1HEPQGROjgBgFdPUkUJ4EDmZMKB6Vtb2LOgmcYW+PjdRhSdljczJxEKzMpTOB1SSeUA9eFwOEiJLSGl1zZFUfP678LQYu+X91ZSQzrQpYSRud5Zlp2HvDgWcZ59fzGhrhz83C8eu5eUaAUsFiKzJvLUd0KInwCGiw5++KNLnPi7recuk6IE9ByLFfUcy/Dl1e13Egr4bzCyYG8bBpt2wDq7GXyBE/vMmCd70draidHofFan4rM2iA3sSuXVaw/n32q6mvsLKyVl7cz7fhhFhWNRj/cFrr6jk3H8WyRHAfEq3tlRjtneiWUI/e5ax7/0VifQydlP2oiZN4b/c3w0z6o111guHM2m96YxK+8CB/abyN3dSO7uRuBLnsyOYvsiOJAxcH+Ii+h9LFe5+/4BUYl3MF1pZPKsEGLDVRT2pG91e/zVDDwOsA21jMPP+HEtc5f1egg17TwHAUXx4o3/DqMOuP9ulSt9YQVRi113QcKXjOPD1wLdlL2OQDf1MpRxCHBifz0NKGx/dgJh/g4iUiaQsr+CnJeNbJ0/Ge3IVE8P93MxgANFCeCdrnLEvuXgcMR53v+4Eavbfjf0vtaHzTGktslf9xW5DvjlkXtJiVUBgbyDlZjVjRw3BnP4NmgbIUHZTdJKbrYNhwPWxpawttc7r+1tYlFKB4cb4KGprvUada+LqdilY5m8tYYDH1oIqq6nAV8en+9Dy1HnVc57myt5b7MrvaKonfNBKzw0c3TPdpsVwIG9/wOdOh0vZ5j5tw0mVhx0TgTTlwSRsbP/dZsDgrueteg5nnPuUWkUaLD3WpH05zuT4bSbWtn4yl3MHQtWuwP8NUyfdYdr0PfOu9lKJZA87w7XztoAFk2GvWdtrNa6P7eieDNpUtdNYR8fxtjaeCLuAr1XlZTp3c9UOMvomk/7vnYW2Qu1mzqLvgkzVx3OZ8q2x7uW87JWfs"
11:15:09.547 [Forwarding screenshot on session 7836b5d0-bd7a-11e6-9730-e5ec4f8847f6 to remote] DEBUG org.apache.http.wire - http-outgoing-0 << "rWDTUsXBDoZk8N/54TyucbDGxO+ZLNgBKuIePVSML7RQ6KojAuqPuVinuCnc/FtDS563cDH3/5hgi2fVHB5ucvkP38BRTFi0e2hbFjva7Pko3F0MonNRCfPJn45Mlk4qCqtJ6X/3cNe1ZXMTd2otv+QJ+g7Go9zWN1OJ9Ps38F9PqgHLS/DTwOZg2xjCNBN2cKVVVfodXY2RJThjk9isx5GszWUWg1zewDTpa5LsYCJgWyc6cGTYAXZfvr2PM3C63uyv5JO1MGem8I49BFweHoYG38p323ajtohRH+4B9kLt40BnDANJVrDtB4czdw8ngLvlxfvxu0rwEEqPgWg7dN0wovFMWLyEmu/f3HOJ9RUzff2BzpcivbRoAsX94UxsJL5BpheeZdFBVGcuRIJEVFd/HkdDixo45SnR8JwXCyzHUrWa3q9UCoLoSf/Qj27azkhZdsTNugIxpQ+zubb+Ohb9PYGEtjYyxV+rvIyBjH1ABnAKEd028CAPo/0WkxNlPnp+Wd+ljK9ZFk/3I0nxxs5I/Hh/6Uq93qAHo/xNrGmWrwHyC9ongz+4fBzIoPJn6OjvjeARn98q5VMRHIe7/XNzMt7Zyuhodm+Azh3I6eu4Hm4irmppq5e8NE9KXOetub4sX1fv99OOrsxvUevhpmfFsFdLiWT3A1tZrub71ZKauBp9+cQWPVVAr2jiOh1cqGJy4MusTW/ZHhvt8NfPyy0jYmL42gsXEGRUcmsfWRUezbWsuH/U587p0vmT+/nPyepUiF8OixbH9W6yyfj/v+0Ie9s29FaJSrm1rV7+HrQfqbO8YhlnFkKGi1KvAZBQ2A2ht8VGi1Cvj48b2ZUL2njvyuh/98woNJSbmT5cmhfD+qqy+5K/tM3xsch052aweK4suRrr7T2BhL4f5QstKCCR7uKuln0Lm4O6HB4ZomrR1UAvcn+LvvF1+nr8HQ28be6VxWrXNdTdravnL+f8eNzpFdp7iFbSOcJCgbcQ7+uteEovjyxPJgoqLvIDb2DqKigvnpen8cjiv8qQBm/tCL6j3nyTrajKHcyJafmXA1j8KC1UE4PmnnWIMXP13hvKWhnaVjiQIZP6ukoNSCsdxI2rwv2bChnsaez45eX0G3d+JwONAfM/V9CPh8Eykp53k6/TK2IH+mRnbNKmrXMVyf853X/MmAuMXBOBwtLE09T7G+gW3JlbzncHdl5cA26Fewu/N+B0mPeNGQU0t6gQlDVTNZqV/ygQPun+b7Nc4N4+/2ZUKwQnHeF6zI7uyX+Npl7P2+fdA6G1laoOTIJQry68jPv0h2ejnz020w+Q5idIBagYZm3jraSlVpHU89YcbZn+z8/jED/7SykuLWUUyN8WM8wN0qAoZ6brf9buDjG/5Uy2NLPiOr8ArjpwQweawCKKj71Vn0vGDCFVgdU0pG3mX0ehMFuVXMX2KGyQHE6Nz3h94CxqlxOBy88n/rqDK0kv3MedcdUpuzf5X/7TKlVd0hZye2QfqbK93Vzg6xjCNLxfdf1PGjiFF9tq1/NYxp2FgdV8KWrIsUFpsoLLjIlpUlLNvt6Hqe013Zg4dlHMYsCMThaOe5NAPlBiv6girilxlY/6FthO8mDmUutgDeOIwm0rKMGAzNZKXVUo1C4lT35b/+vnZ9bTP5wRCSFHh21TkKq6wY9Bd58rEWCPYjYpAx4fltI7rJ8uVIMzfx1iGYts55d6u38IVjSVrfyp59jdS/eS+VpnI2LztH94qQorhiZm38OFJ0jeRMC2FBz6qiP5nHw7A8WsOKrtvNik5D1rFIonGQT99vYOki/JmtmElPqaDF/x40Xe/7xIaxd1MbK9JriE6vAWD68nFsnOPDF0UKhHYv3/X+u5szj9rYSZTu7+THDxuZn2tkepI/s5VWJsb0/ZB08e76aY5r685bt0WZ91JtOcfzKypI76qbTXujWB+tAgY+t1rTSu9rD+2sCfwyycTzqRXkpjqX3JYvV7Nv3xXOmq9VRqXf5aTz/QA3dXYz+AJFuy9R1Gvb7CWBbP2PCEKB0JQ7Wbz/SzYvK2cz8IPlowneZ8OGP786qKNiiZH50c7reCV8NG+/OBEf7D31rtY4g4neXG3irt+pBjz+nCB/1pVUsnmxM0+K4sW6rCnM6f/JED6B9//i4Mkn6nh+bU3PZt1sLe/mTHGWz01/MBa68u4TPYFXUsys3WUgdhcos30JV9q7DujPsgQv0nfVcdqs4lWtq+3d9bfC/IHHQfwz4UMr44hSmJMy6erNoWMp+HgUO56rZdfmC+zuTq14k/LrUDatH4uWQcba1xyH4Oo/ulnhHMn8ikc31DE7uw6A8KQQ3to+dmSrZUhzcT1z73GghGuo2Hqe6M3OMm59O4r5oQxS/qH3tfKd/co6xLb53bGJrF56gcWxZ5zvT/fn7TfvIQqI+tpt45ojb1nbiB5enZ2dHvJrfgLAbLTQyihCdddYdnTDaLBgU3sRqtMMnnggFjuGhq9Q+6vRaa/vJqqhsJqn93qx+7VJzoeazUYSI85z/9v3sXMYAxWL0UqDDYJDNT1Xbl/n3M56vsH6ghuqs5vB2S/UhOr6582B0WDDpr7+vnb18a9VjwMf32y00tqvDQdiNlqdd6TUqmvW77X6w7VYzFYaWiE09Prae6jHv1a+h1rGW8Jix2gFbKAboP3dlX1YxqGHj53u/PmH+lx1R8lt3XzNvtb7vO7bxv3Y/Ydom9uYBGViWJj11YTPrUeZPZoNs0ZxLKOF06h541S08wrzNj23EMJJxqHnkrb55pCgTAybqsKLvLy3iWqTg/HT7mB5yp3MCr05V1m38txCCCcZh55L2uabQYIyIYQQQggPIGGyEEIIIYQHkKBMCCGEEMIDSFAmhBBCCOEBJCgTQgghhPAAEpQJIYQQQngACcqEEEIIITyABGVCCCGEEB5AgjIhhBBCCA8gQZkQQgghhAeQoEwIIYQQwgNIUCaEEEII4QEkKBNCCCGE8AASlAkhhBBCeAAJyoQQQgghPIAEZUIIIYQQHkCCMiGEEEIIDyBBmRBCCCGEB5CgTAghhBDCA0hQJoQQQgjhASQoE+J21taGyWTCdqvzIYQQYlDetzoDQogRYCrjrVdzOdVgR+Wrwt5uJ2zmIv71J7PxuyrpMV7NfZ8GO0AgDy5dycK4O8FUyu9f2svn7YAqjKVPPUHceHXPfucKXiLX+AC/ejyua0sbRftfI19/EYCwmUt54idxqBkKKxlJZ3i+qO/WJZvC2LlpLNp+adNCzmB94z4y5/sMuUpGwtEtJSzb7bhqu6LTcqp8CqG3IE9CiG8uCcqEuN20lfHSb3IImLeC1Lu8MZo68Nf58NmB13lhj4Vt6xJ6BUp1vJ3zPl/FLuXni75FzdE32XvgAFNi1lD16l4+D5nDM0/EUfrmTg7seZfIX/2EQEwU7c8hX3+RwFjXFFJ77A/k620s3biNyJaj/Ob1A/xlRgwLw4cWljXXgbJkHMd/EQg2qDt9icVra5g0S8vWeE2vlCoef3sSxAztuCMpbn0khf+ioG5r5McLLvHQi3fxiwQNrTZvCciEENdNli+FuM2U/PlP2B5cRSLHydzzX5SdO87rmbmMX7GR2Lr3ebeszZXY1k5ozEyWJsURqPYjOj4WFfWY6j7n7w0wb+lcQtSBJCz5Z1TtpzlnAtPHfyb/rA/3BIK1o/tAJj4qrOGepY8R432ZJt/72Ziayv8ae32B0+RJvkSF+xMV5U98cjgbdWBu68RYXE1S0lmSovSEJFby/h/r+LCijfSkk2wpuNK1t4X0xJNsO2rBUFxLcpSeoCA9ISElbMlrdqYor2NlbNf2qDPklbaRkXSS1LzWrmPYyUouIS3/yjXz15821J/o6NFETfUlFBgX4U94uD/RUT6Ag6MZZQQFOc+XtOUiRgBzAysTz7Ay6SQhIaVkvVBGcmo5iSF6QkJOkpZVy5Yk5z6xyVVUARibSEs82VOebfnN11WvQohvBgnKhLitmCj7XMPcxAkUfVDHwmee5dFl63hu42oiQ8YTFzuBy3VNruTqcBY++hMi/Zz7FvzhAHbfaUQGA/ji3706qPLuua0eGPMI6b9ax/"
11:15:09.549 [Forwarding screenshot on session 7836b5d0-bd7a-11e6-9730-e5ec4f8847f6 to remote] DEBUG org.apache.http.wire - http-outgoing-0 << "cifOmwuw7lDXx+YBdbd2SyJ3MXu976iNb+a6WDqP68lWK9ieLiJnLTP2OXEXRBo8DaQVFRO1M3TeSNXwZj/ruNmlYVsx4axZ6dRswA5fXsOO3F7BgLTy+4hM+mCBobY/nLixr2rK/DQDOpDxg4mzCR8gvf5vWFNtYn1HHfD1Xs23LJGTBV1bP1WCcPxo2+znp3OPNg7+zZUpV3joe3dbBXP4PGqgjuzrvAqiwT4MBw2ophaghvvDGRUC8bx/bZSDv+bd7d5kv25ktYVkVQWjgR7bFG9hdbOZpRRY5vMOWNsRzPGk3GpsvO/AohbiuyfCnEbcobGNU1wluMNTT53MnAT2DV8V8v7eJ/Lk7g4WeWEUIJ0HHtpGrn3S9Lv7c7AMLm8NxTc/FrK+OlF3L4oCSRx2eEdKWwUXLkXc61AB0dhMUlMTvcFbWpteB4r54Ff2/AYexEF67hl9kRbJilwljYiaJo2ZoyAS1WPuraJ37FWNhxkePmyfi9aYQfjWeOLpC4jyM5fqqFjG31/L9j7TA5ELXRwt9QeHnrBHQ+sGh7NHGbIJQmgrfV8FcD3Lv/MiSMZV7vtUdbHUfe/RsteNPR4UNc0nzChxBsVpy6Aih8+PtKPsRBZQOcyGvC/Kg/ZhTSt05ijhaOfnSe4FUTmR+lwVynRlE6eTw5kFD8SAi+gLGxk3FTfXHsrufBxDZSVgRx7H/Gohs8C0KIbxgJyoS4rQQSfY+Vwx9eZHF8CK//5iWqYrw5daqeRRvDqNFfZOzyMX13aStjzws5VPl+i3XbHidcDZicb7mWJzvoGChI607RDvfMnOH8IoHfJCb5QkufFHbajJe53Ah0dDCm9202wGYG3ZOTKN8+cLhx1bdIQ0PYNvMCf9hTS+AeBxveDQFLM2lx5zg0WcOGx8Yw75/aOZx9jYP5QOOn7ahjQ9iUUMPvs2u5b28H617W9QteW2i6cJnL3tDREYTFbS30M9mXmd/xw9YGMzJGswRfwPnFANs1vhJroxOC1YwHwIEVQA3Ry6MoureBDwuayEs3sONZIwcroonXXn0MIcQ3lwRlQtxmov/5X/jghRw+mPMwq1d5Y2rtIG62P5+9nYl+/ELSI3vf5qnnrR05VBHOinVJBDTWUdsBY+4MZ5qvnfffK+LBx2dT8t5R7IQzIXCgswYyNcaXt//8V2pjHmXs5dOUt0OEd+8pxo8HH13Hg8NaWhU/3qhl87JLKLoAPp6lAmMTfwOy3vk2yaGQv6UeGmzU6dR8Fwd/fKuJOevHUJz1GQu2evNx/VQWPhVI2uJLnFZGc2yOpu8p1JEseyryunM2LlQF1V8RljCBWVoLGUmfsvvuUFIWjBp4JzvQcPXmvDUlrGci9a/dw/oVFwmJu0iT/M6JELcdCcqEuN34TeXpn69mf04urx/twNcX2tsh/MGlPLcwrk9SW1UJZ9sBqti7a0fXVl+W/vxXLFi9kC8y89m0KR/wZc7qh7mz177e3hpnENFlxtLVnNudSebWUwAExy5iUfSAUdxV1FoI1bh5zDXYq+dPZ9jkfB06ZyxLFDOmp8cSDqDzJyXBi7XRetYC03+gBix8QdFuxAAAAexJREFUVhXIb9/VMW9BJUGbQVEUtr0b6dwnfhzLFROfbhhL9JBz3JuCFtCoXHmMXj+FF0+WMT9c70wR7s/BnPGAEVB6vgGrgp5n99QqLwh2PZfWXc6F/z6RnIQLBB28AMDsJyeSIOuXQtx2vDo7OzsHTyaE+EaytdFmBz+/63zi3nUATPVXGB0SOMTfG4M2kwm7ajSBfrf2JyvMRisEaNBe9SCdA6PRToBO41qmNFwmMaaGnx6PZXnU8ObDYrbSYlPQ6VQ3eCRnvtVqDVpZthTitiRBmRDiH5o+6wxzN1tRloyn9rVQN1+GEEKIkSVBmRDiH5vFgv4TG1Nm3YHcgBJC3EoSlAkhhBBCeAD58VghhBBCCA8gQZkQQgghhAeQoEwIIYQQwgNIUCaEEEII4QEkKBNCCCGE8AASlAkhhBBCeAAJyoQQQgghPIAEZUIIIYQQHkCCMiGEEEIIDyBBmRBCCCGEB5CgTAghhBDCA0hQJoQQQgjhASQoE0IIIYTwABKUCSGEEEJ4AAnKhBBCCCE8gARlQgghhBAeQIIyIYQQQggPIEGZEEIIIYQHkKBMCCGEEMIDSFAmhBBCCOEBJCgTQgghhPAAEpQJIYQQQngACcqEEEIIITyABGVCCCGEEB5AgjIhhBBCCA/w/wHX7svesUKcLAAAAABJRU5ErkJggg=="}"
11:15:09.550 [Forwarding screenshot on session 7836b5d0-bd7a-11e6-9730-e5ec4f8847f6 to remote] DEBUG org.apache.http.impl.conn.PoolingHttpClientConnectionManager - Connection [id: 0][route: {}->http://localhost:1871] can be kept alive indefinitely
11:15:09.550 [Forwarding screenshot on session 7836b5d0-bd7a-11e6-9730-e5ec4f8847f6 to remote] DEBUG org.apache.http.impl.conn.PoolingHttpClientConnectionManager - Connection released: [id: 0][route: {}->http://localhost:1871][total kept alive: 1; route allocated: 1 of 2000; total allocated: 1 of 2000]
Base 64 String Length55456
11:15:09.565 [Forwarding findElements on session 7836b5d0-bd7a-11e6-9730-e5ec4f8847f6 to remote] DEBUG org.apache.http.client.protocol.RequestAddCookies - CookieSpec selected: default
11:15:09.566 [Forwarding findElements on session 7836b5d0-bd7a-11e6-9730-e5ec4f8847f6 to remote] DEBUG org.apache.http.client.protocol.RequestAuthCache - Auth cache not set in the context
11:15:09.566 [Forwarding findElements on session 7836b5d0-bd7a-11e6-9730-e5ec4f8847f6 to remote] DEBUG org.apache.http.impl.conn.PoolingHttpClientConnectionManager - Connection request: [route: {}->http://localhost:1871][total kept alive: 1; route allocated: 1 of 2000; total allocated: 1 of 2000]
11:15:09.566 [Forwarding findElements on session 7836b5d0-bd7a-11e6-9730-e5ec4f8847f6 to remote] DEBUG org.apache.http.impl.conn.PoolingHttpClientConnectionManager - Connection leased: [id: 0][route: {}->http://localhost:1871][total kept alive: 0; route allocated: 1 of 2000; total allocated: 1 of 2000]
11:15:09.566 [Forwarding findElements on session 7836b5d0-bd7a-11e6-9730-e5ec4f8847f6 to remote] DEBUG org.apache.http.impl.execchain.MainClientExec - Stale connection check
11:15:09.568 [Forwarding findElements on session 7836b5d0-bd7a-11e6-9730-e5ec4f8847f6 to remote] DEBUG org.apache.http.wire - http-outgoing-0 << "[read] I/O error: Read timed out"
11:15:09.568 [Forwarding findElements on session 7836b5d0-bd7a-11e6-9730-e5ec4f8847f6 to remote] DEBUG org.apache.http.impl.conn.DefaultManagedHttpClientConnection - http-outgoing-0: set socket timeout to 10800000
11:15:09.569 [Forwarding findElements on session 7836b5d0-bd7a-11e6-9730-e5ec4f8847f6 to remote] DEBUG org.apache.http.impl.execchain.MainClientExec - Executing request POST /session/7836b5d0-bd7a-11e6-9730-e5ec4f8847f6/elements HTTP/1.1
11:15:09.569 [Forwarding findElements on session 7836b5d0-bd7a-11e6-9730-e5ec4f8847f6 to remote] DEBUG org.apache.http.impl.execchain.MainClientExec - Target auth state: UNCHALLENGED
11:15:09.569 [Forwarding findElements on session 7836b5d0-bd7a-11e6-9730-e5ec4f8847f6 to remote] DEBUG org.apache.http.impl.execchain.MainClientExec - Proxy auth state: UNCHALLENGED
11:15:09.569 [Forwarding findElements on session 7836b5d0-bd7a-11e6-9730-e5ec4f8847f6 to remote] DEBUG org.apache.http.headers - http-outgoing-0 >> POST /session/7836b5d0-bd7a-11e6-9730-e5ec4f8847f6/elements HTTP/1.1
11:15:09.569 [Forwarding findElements on session 7836b5d0-bd7a-11e6-9730-e5ec4f8847f6 to remote] DEBUG org.apache.http.headers - http-outgoing-0 >> Content-Type: application/json; charset=utf-8
11:15:09.569 [Forwarding findElements on session 7836b5d0-bd7a-11e6-9730-e5ec4f8847f6 to remote] DEBUG org.apache.http.headers - http-outgoing-0 >> Content-Length: 36
11:15:09.569 [Forwarding findElements on session 7836b5d0-bd7a-11e6-9730-e5ec4f8847f6 to remote] DEBUG org.apache.http.headers - http-outgoing-0 >> Host: localhost:1871
11:15:09.569 [Forwarding findElements on session 7836b5d0-bd7a-11e6-9730-e5ec4f8847f6 to remote] DEBUG org.apache.http.headers - http-outgoing-0 >> Connection: Keep-Alive
11:15:09.569 [Forwarding findElements on session 7836b5d0-bd7a-11e6-9730-e5ec4f8847f6 to remote] DEBUG org.apache.http.headers - http-outgoing-0 >> User-Agent: Apache-HttpClient/4.5.2 (Java/1.8.0_101)
11:15:09.569 [Forwarding findElements on session 7836b5d0-bd7a-11e6-9730-e5ec4f8847f6 to remote] DEBUG org.apache.http.headers - http-outgoing-0 >> Accept-Encoding: gzip,deflate
11:15:09.569 [Forwarding findElements on session 7836b5d0-bd7a-11e6-9730-e5ec4f8847f6 to remote] DEBUG org.apache.http.wire - http-outgoing-0 >> "POST /session/7836b5d0-bd7a-11e6-9730-e5ec4f8847f6/elements HTTP/1.1[\r][\n]"
11:15:09.569 [Forwarding findElements on session 7836b5d0-bd7a-11e6-9730-e5ec4f8847f6 to remote] DEBUG org.apache.http.wire - http-outgoing-0 >> "Content-Type: application/json; charset=utf-8[\r][\n]"
11:15:09.569 [Forwarding findElements on session 7836b5d0-bd7a-11e6-9730-e5ec4f8847f6 to remote] DEBUG org.apache.http.wire - http-outgoing-0 >> "Content-Length: 36[\r][\n]"
11:15:09.570 [Forwarding findElements on session 7836b5d0-bd7a-11e6-9730-e5ec4f8847f6 to remote] DEBUG org.apache.http.wire - http-outgoing-0 >> "Host: localhost:1871[\r][\n]"
11:15:09.570 [Forwarding findElements on session 7836b5d0-bd7a-11e6-9730-e5ec4f8847f6 to remote] DEBUG org.apache.http.wire - http-outgoing-0 >> "Connection: Keep-Alive[\r][\n]"
11:15:09.570 [Forwarding findElements on session 7836b5d0-bd7a-11e6-9730-e5ec4f8847f6 to remote] DEBUG org.apache.http.wire - http-outgoing-0 >> "User-Agent: Apache-HttpClient/4.5.2 (Java/1.8.0_101)[\r][\n]"
11:15:09.570 [Forwarding findElements on session 7836b5d0-bd7a-11e6-9730-e5ec4f8847f6 to remote] DEBUG org.apache.http.wire - http-outgoing-0 >> "Accept-Encoding: gzip,deflate[\r][\n]"
11:15:09.570 [Forwarding findElements on session 7836b5d0-bd7a-11e6-9730-e5ec4f8847f6 to remote] DEBUG org.apache.http.wire - http-outgoing-0 >> "[\r][\n]"
11:15:09.570 [Forwarding findElements on session 7836b5d0-bd7a-11e6-9730-e5ec4f8847f6 to remote] DEBUG org.apache.http.wire - http-outgoing-0 >> "{"using":"class name","value":"lst"}"
11:15:09.623 [Forwarding findElements on session 7836b5d0-bd7a-11e6-9730-e5ec4f8847f6 to remote] DEBUG org.apache.http.wire - http-outgoing-0 << "HTTP/1.1 200 OK[\r][\n]"
11:15:09.623 [Forwarding findElements on session 7836b5d0-bd7a-11e6-9730-e5ec4f8847f6 to remote] DEBUG org.apache.http.wire - http-outgoing-0 << "Cache: no-cache[\r][\n]"
11:15:09.623 [Forwarding findElements on session 7836b5d0-bd7a-11e6-9730-e5ec4f8847f6 to remote] DEBUG org.apache.http.wire - http-outgoing-0 << "Content-Length: 106[\r][\n]"
11:15:09.623 [Forwarding findElements on session 7836b5d0-bd7a-11e6-9730-e5ec4f8847f6 to remote] DEBUG org.apache.http.wire - http-outgoing-0 << "Content-Type: application/json;charset=UTF-8[\r][\n]"
11:15:09.623 [Forwarding findElements on session 7836b5d0-bd7a-11e6-9730-e5ec4f8847f6 to remote] DEBUG org.apache.http.wire - http-outgoing-0 << "[\r][\n]"
11:15:09.624 [Forwarding findElements on session 7836b5d0-bd7a-11e6-9730-e5ec4f8847f6 to remote] DEBUG org.apache.http.wire - http-outgoing-0 << "{"sessionId":"7836b5d0-bd7a-11e6-9730-e5ec4f8847f6","status":0,"value":[{"ELEMENT":":wdc:1481224508009"}]}"
11:15:09.624 [Forwarding findElements on session 7836b5d0-bd7a-11e6-9730-e5ec4f8847f6 to remote] DEBUG org.apache.http.headers - http-outgoing-0 << HTTP/1.1 200 OK
11:15:09.624 [Forwarding findElements on session 7836b5d0-bd7a-11e6-9730-e5ec4f8847f6 to remote] DEBUG org.apache.http.headers - http-outgoing-0 << Cache: no-cache
11:15:09.624 [Forwarding findElements on session 7836b5d0-bd7a-11e6-9730-e5ec4f8847f6 to remote] DEBUG org.apache.http.headers - http-outgoing-0 << Content-Length: 106
11:15:09.624 [Forwarding findElements on session 7836b5d0-bd7a-11e6-9730-e5ec4f8847f6 to remote] DEBUG org.apache.http.headers - http-outgoing-0 << Content-Type: application/json;charset=UTF-8
11:15:09.624 [Forwarding findElements on session 7836b5d0-bd7a-11e6-9730-e5ec4f8847f6 to remote] DEBUG org.apache.http.impl.execchain.MainClientExec - Connection can be kept alive indefinitely
11:15:09.625 [Forwarding findElements on session 7836b5d0-bd7a-11e6-9730-e5ec4f8847f6 to remote] DEBUG org.apache.http.impl.conn.PoolingHttpClientConnectionManager - Connection [id: 0][route: {}->http://localhost:1871] can be kept alive indefinitely
11:15:09.625 [Forwarding findElements on session 7836b5d0-bd7a-11e6-9730-e5ec4f8847f6 to remote] DEBUG org.apache.http.impl.conn.PoolingHttpClientConnectionManager - Connection released: [id: 0][route: {}->http://localhost:1871][total kept alive: 1; route allocated: 1 of 2000; total allocated: 1 of 2000]
11:15:09.633 [Forwarding sendKeysToElement on session 7836b5d0-bd7a-11e6-9730-e5ec4f8847f6 to remote] DEBUG org.apache.http.client.protocol.RequestAddCookies - CookieSpec selected: default
11:15:09.633 [Forwarding sendKeysToElement on session 7836b5d0-bd7a-11e6-9730-e5ec4f8847f6 to remote] DEBUG org.apache.http.client.protocol.RequestAuthCache - Auth cache not set in the context
11:15:09.633 [Forwarding sendKeysToElement on session 7836b5d0-bd7a-11e6-9730-e5ec4f8847f6 to remote] DEBUG org.apache.http.impl.conn.PoolingHttpClientConnectionManager - Connection request: [route: {}->http://localhost:1871][total kept alive: 1; route allocated: 1 of 2000; total allocated: 1 of 2000]
11:15:09.633 [Forwarding sendKeysToElement on session 7836b5d0-bd7a-11e6-9730-e5ec4f8847f6 to remote] DEBUG org.apache.http.impl.conn.PoolingHttpClientConnectionManager - Connection leased: [id: 0][route: {}->http://localhost:1871][total kept alive: 0; route allocated: 1 of 2000; total allocated: 1 of 2000]
11:15:09.633 [Forwarding sendKeysToElement on session 7836b5d0-bd7a-11e6-9730-e5ec4f8847f6 to remote] DEBUG org.apache.http.impl.execchain.MainClientExec - Stale connection check
11:15:09.635 [Forwarding sendKeysToElement on session 7836b5d0-bd7a-11e6-9730-e5ec4f8847f6 to remote] DEBUG org.apache.http.wire - http-outgoing-0 << "[read] I/O error: Read timed out"
11:15:09.635 [Forwarding sendKeysToElement on session 7836b5d0-bd7a-11e6-9730-e5ec4f8847f6 to remote] DEBUG org.apache.http.impl.conn.DefaultManagedHttpClientConnection - http-outgoing-0: set socket timeout to 10800000
11:15:09.636 [Forwarding sendKeysToElement on session 7836b5d0-bd7a-11e6-9730-e5ec4f8847f6 to remote] DEBUG org.apache.http.impl.execchain.MainClientExec - Executing request POST /session/7836b5d0-bd7a-11e6-9730-e5ec4f8847f6/element/%3Awdc%3A1481224508009/value HTTP/1.1
11:15:09.636 [Forwarding sendKeysToElement on session 7836b5d0-bd7a-11e6-9730-e5ec4f8847f6 to remote] DEBUG org.apache.http.impl.execchain.MainClientExec - Target auth state: UNCHALLENGED
11:15:09.636 [Forwarding sendKeysToElement on session 7836b5d0-bd7a-11e6-9730-e5ec4f8847f6 to remote] DEBUG org.apache.http.impl.execchain.MainClientExec - Proxy auth state: UNCHALLENGED
11:15:09.636 [Forwarding sendKeysToElement on session 7836b5d0-bd7a-11e6-9730-e5ec4f8847f6 to remote] DEBUG org.apache.http.headers - http-outgoing-0 >> POST /session/7836b5d0-bd7a-11e6-9730-e5ec4f8847f6/element/%3Awdc%3A1481224508009/value HTTP/1.1
11:15:09.636 [Forwarding sendKeysToElement on session 7836b5d0-bd7a-11e6-9730-e5ec4f8847f6 to remote] DEBUG org.apache.http.headers - http-outgoing-0 >> Content-Type: application/json; charset=utf-8
11:15:09.636 [Forwarding sendKeysToElement on session 7836b5d0-bd7a-11e6-9730-e5ec4f8847f6 to remote] DEBUG org.apache.http.headers - http-outgoing-0 >> Content-Length: 105
11:15:09.636 [Forwarding sendKeysToElement on session 7836b5d0-bd7a-11e6-9730-e5ec4f8847f6 to remote] DEBUG org.apache.http.headers - http-outgoing-0 >> Host: localhost:1871
11:15:09.636 [Forwarding sendKeysToElement on session 7836b5d0-bd7a-11e6-9730-e5ec4f8847f6 to remote] DEBUG org.apache.http.headers - http-outgoing-0 >> Connection: Keep-Alive
11:15:09.636 [Forwarding sendKeysToElement on session 7836b5d0-bd7a-11e6-9730-e5ec4f8847f6 to remote] DEBUG org.apache.http.headers - http-outgoing-0 >> User-Agent: Apache-HttpClient/4.5.2 (Java/1.8.0_101)
11:15:09.636 [Forwarding sendKeysToElement on session 7836b5d0-bd7a-11e6-9730-e5ec4f8847f6 to remote] DEBUG org.apache.http.headers - http-outgoing-0 >> Accept-Encoding: gzip,deflate
11:15:09.637 [Forwarding sendKeysToElement on session 7836b5d0-bd7a-11e6-9730-e5ec4f8847f6 to remote] DEBUG org.apache.http.wire - http-outgoing-0 >> "POST /session/7836b5d0-bd7a-11e6-9730-e5ec4f8847f6/element/%3Awdc%3A1481224508009/value HTTP/1.1[\r][\n]"
11:15:09.637 [Forwarding sendKeysToElement on session 7836b5d0-bd7a-11e6-9730-e5ec4f8847f6 to remote] DEBUG org.apache.http.wire - http-outgoing-0 >> "Content-Type: application/json; charset=utf-8[\r][\n]"
11:15:09.637 [Forwarding sendKeysToElement on session 7836b5d0-bd7a-11e6-9730-e5ec4f8847f6 to remote] DEBUG org.apache.http.wire - http-outgoing-0 >> "Content-Length: 105[\r][\n]"
11:15:09.637 [Forwarding sendKeysToElement on session 7836b5d0-bd7a-11e6-9730-e5ec4f8847f6 to remote] DEBUG org.apache.http.wire - http-outgoing-0 >> "Host: localhost:1871[\r][\n]"
11:15:09.637 [Forwarding sendKeysToElement on session 7836b5d0-bd7a-11e6-9730-e5ec4f8847f6 to remote] DEBUG org.apache.http.wire - http-outgoing-0 >> "Connection: Keep-Alive[\r][\n]"
11:15:09.637 [Forwarding sendKeysToElement on session 7836b5d0-bd7a-11e6-9730-e5ec4f8847f6 to remote] DEBUG org.apache.http.wire - http-outgoing-0 >> "User-Agent: Apache-HttpClient/4.5.2 (Java/1.8.0_101)[\r][\n]"
11:15:09.637 [Forwarding sendKeysToElement on session 7836b5d0-bd7a-11e6-9730-e5ec4f8847f6 to remote] DEBUG org.apache.http.wire - http-outgoing-0 >> "Accept-Encoding: gzip,deflate[\r][\n]"
11:15:09.637 [Forwarding sendKeysToElement on session 7836b5d0-bd7a-11e6-9730-e5ec4f8847f6 to remote] DEBUG org.apache.http.wire - http-outgoing-0 >> "[\r][\n]"
11:15:09.637 [Forwarding sendKeysToElement on session 7836b5d0-bd7a-11e6-9730-e5ec4f8847f6 to remote] DEBUG org.apache.http.wire - http-outgoing-0 >> "{"id":":wdc:1481224508009","value":["w","w","w",".","l","i","f","e","-","f","u","n","d",".","o","r","g"]}"
11:15:10.098 [Forwarding sendKeysToElement on session 7836b5d0-bd7a-11e6-9730-e5ec4f8847f6 to remote] DEBUG org.apache.http.wire - http-outgoing-0 << "HTTP/1.1 200 OK[\r][\n]"
11:15:10.099 [Forwarding sendKeysToElement on session 7836b5d0-bd7a-11e6-9730-e5ec4f8847f6 to remote] DEBUG org.apache.http.wire - http-outgoing-0 << "Cache: no-cache[\r][\n]"
11:15:10.100 [Forwarding sendKeysToElement on session 7836b5d0-bd7a-11e6-9730-e5ec4f8847f6 to remote] DEBUG org.apache.http.wire - http-outgoing-0 << "Content-Length: 76[\r][\n]"
11:15:10.100 [Forwarding sendKeysToElement on session 7836b5d0-bd7a-11e6-9730-e5ec4f8847f6 to remote] DEBUG org.apache.http.wire - http-outgoing-0 << "Content-Type: application/json;charset=UTF-8[\r][\n]"
11:15:10.101 [Forwarding sendKeysToElement on session 7836b5d0-bd7a-11e6-9730-e5ec4f8847f6 to remote] DEBUG org.apache.http.wire - http-outgoing-0 << "[\r][\n]"
11:15:10.102 [Forwarding sendKeysToElement on session 7836b5d0-bd7a-11e6-9730-e5ec4f8847f6 to remote] DEBUG org.apache.http.headers - http-outgoing-0 << HTTP/1.1 200 OK
11:15:10.103 [Forwarding sendKeysToElement on session 7836b5d0-bd7a-11e6-9730-e5ec4f8847f6 to remote] DEBUG org.apache.http.headers - http-outgoing-0 << Cache: no-cache
11:15:10.103 [Forwarding sendKeysToElement on session 7836b5d0-bd7a-11e6-9730-e5ec4f8847f6 to remote] DEBUG org.apache.http.headers - http-outgoing-0 << Content-Length: 76
11:15:10.104 [Forwarding sendKeysToElement on session 7836b5d0-bd7a-11e6-9730-e5ec4f8847f6 to remote] DEBUG org.apache.http.headers - http-outgoing-0 << Content-Type: application/json;charset=UTF-8
11:15:10.104 [Forwarding sendKeysToElement on session 7836b5d0-bd7a-11e6-9730-e5ec4f8847f6 to remote] DEBUG org.apache.http.impl.execchain.MainClientExec - Connection can be kept alive indefinitely
11:15:10.105 [Forwarding sendKeysToElement on session 7836b5d0-bd7a-11e6-9730-e5ec4f8847f6 to remote] DEBUG org.apache.http.wire - http-outgoing-0 << "{"sessionId":"7836b5d0-bd7a-11e6-9730-e5ec4f8847f6","status":0,"value":null}"
11:15:10.105 [Forwarding sendKeysToElement on session 7836b5d0-bd7a-11e6-9730-e5ec4f8847f6 to remote] DEBUG org.apache.http.impl.conn.PoolingHttpClientConnectionManager - Connection [id: 0][route: {}->http://localhost:1871] can be kept alive indefinitely
11:15:10.105 [Forwarding sendKeysToElement on session 7836b5d0-bd7a-11e6-9730-e5ec4f8847f6 to remote] DEBUG org.apache.http.impl.conn.PoolingHttpClientConnectionManager - Connection released: [id: 0][route: {}->http://localhost:1871][total kept alive: 1; route allocated: 1 of 2000; total allocated: 1 of 2000]
11:15:10.108 [Forwarding screenshot on session 7836b5d0-bd7a-11e6-9730-e5ec4f8847f6 to remote] DEBUG org.apache.http.client.protocol.RequestAddCookies - CookieSpec selected: default
11:15:10.108 [Forwarding screenshot on session 7836b5d0-bd7a-11e6-9730-e5ec4f8847f6 to remote] DEBUG org.apache.http.client.protocol.RequestAuthCache - Auth cache not set in the context
11:15:10.108 [Forwarding screenshot on session 7836b5d0-bd7a-11e6-9730-e5ec4f8847f6 to remote] DEBUG org.apache.http.impl.conn.PoolingHttpClientConnectionManager - Connection request: [route: {}->http://localhost:1871][total kept alive: 1; route allocated: 1 of 2000; total allocated: 1 of 2000]
11:15:10.108 [Forwarding screenshot on session 7836b5d0-bd7a-11e6-9730-e5ec4f8847f6 to remote] DEBUG org.apache.http.impl.conn.PoolingHttpClientConnectionManager - Connection leased: [id: 0][route: {}->http://localhost:1871][total kept alive: 0; route allocated: 1 of 2000; total allocated: 1 of 2000]
11:15:10.108 [Forwarding screenshot on session 7836b5d0-bd7a-11e6-9730-e5ec4f8847f6 to remote] DEBUG org.apache.http.impl.execchain.MainClientExec - Stale connection check
11:15:10.110 [Forwarding screenshot on session 7836b5d0-bd7a-11e6-9730-e5ec4f8847f6 to remote] DEBUG org.apache.http.wire - http-outgoing-0 << "[read] I/O error: Read timed out"
11:15:10.111 [Forwarding screenshot on session 7836b5d0-bd7a-11e6-9730-e5ec4f8847f6 to remote] DEBUG org.apache.http.impl.conn.DefaultManagedHttpClientConnection - http-outgoing-0: set socket timeout to 10800000
11:15:10.111 [Forwarding screenshot on session 7836b5d0-bd7a-11e6-9730-e5ec4f8847f6 to remote] DEBUG org.apache.http.impl.execchain.MainClientExec - Executing request GET /session/7836b5d0-bd7a-11e6-9730-e5ec4f8847f6/screenshot HTTP/1.1
11:15:10.111 [Forwarding screenshot on session 7836b5d0-bd7a-11e6-9730-e5ec4f8847f6 to remote] DEBUG org.apache.http.impl.execchain.MainClientExec - Target auth state: UNCHALLENGED
11:15:10.111 [Forwarding screenshot on session 7836b5d0-bd7a-11e6-9730-e5ec4f8847f6 to remote] DEBUG org.apache.http.impl.execchain.MainClientExec - Proxy auth state: UNCHALLENGED
11:15:10.112 [Forwarding screenshot on session 7836b5d0-bd7a-11e6-9730-e5ec4f8847f6 to remote] DEBUG org.apache.http.headers - http-outgoing-0 >> GET /session/7836b5d0-bd7a-11e6-9730-e5ec4f8847f6/screenshot HTTP/1.1
11:15:10.112 [Forwarding screenshot on session 7836b5d0-bd7a-11e6-9730-e5ec4f8847f6 to remote] DEBUG org.apache.http.headers - http-outgoing-0 >> Cache-Control: no-cache
11:15:10.112 [Forwarding screenshot on session 7836b5d0-bd7a-11e6-9730-e5ec4f8847f6 to remote] DEBUG org.apache.http.headers - http-outgoing-0 >> Host: localhost:1871
11:15:10.112 [Forwarding screenshot on session 7836b5d0-bd7a-11e6-9730-e5ec4f8847f6 to remote] DEBUG org.apache.http.headers - http-outgoing-0 >> Connection: Keep-Alive
11:15:10.112 [Forwarding screenshot on session 7836b5d0-bd7a-11e6-9730-e5ec4f8847f6 to remote] DEBUG org.apache.http.headers - http-outgoing-0 >> User-Agent: Apache-HttpClient/4.5.2 (Java/1.8.0_101)
11:15:10.113 [Forwarding screenshot on session 7836b5d0-bd7a-11e6-9730-e5ec4f8847f6 to remote] DEBUG org.apache.http.headers - http-outgoing-0 >> Accept-Encoding: gzip,deflate
11:15:10.113 [Forwarding screenshot on session 7836b5d0-bd7a-11e6-9730-e5ec4f8847f6 to remote] DEBUG org.apache.http.wire - http-outgoing-0 >> "GET /session/7836b5d0-bd7a-11e6-9730-e5ec4f8847f6/screenshot HTTP/1.1[\r][\n]"
11:15:10.113 [Forwarding screenshot on session 7836b5d0-bd7a-11e6-9730-e5ec4f8847f6 to remote] DEBUG org.apache.http.wire - http-outgoing-0 >> "Cache-Control: no-cache[\r][\n]"
11:15:10.114 [Forwarding screenshot on session 7836b5d0-bd7a-11e6-9730-e5ec4f8847f6 to remote] DEBUG org.apache.http.wire - http-outgoing-0 >> "Host: localhost:1871[\r][\n]"
11:15:10.114 [Forwarding screenshot on session 7836b5d0-bd7a-11e6-9730-e5ec4f8847f6 to remote] DEBUG org.apache.http.wire - http-outgoing-0 >> "Connection: Keep-Alive[\r][\n]"
11:15:10.114 [Forwarding screenshot on session 7836b5d0-bd7a-11e6-9730-e5ec4f8847f6 to remote] DEBUG org.apache.http.wire - http-outgoing-0 >> "User-Agent: Apache-HttpClient/4.5.2 (Java/1.8.0_101)[\r][\n]"
11:15:10.114 [Forwarding screenshot on session 7836b5d0-bd7a-11e6-9730-e5ec4f8847f6 to remote] DEBUG org.apache.http.wire - http-outgoing-0 >> "Accept-Encoding: gzip,deflate[\r][\n]"
11:15:10.114 [Forwarding screenshot on session 7836b5d0-bd7a-11e6-9730-e5ec4f8847f6 to remote] DEBUG org.apache.http.wire - http-outgoing-0 >> "[\r][\n]"
11:15:10.463 [Forwarding screenshot on session 7836b5d0-bd7a-11e6-9730-e5ec4f8847f6 to remote] DEBUG org.apache.http.wire - http-outgoing-0 << "HTTP/1.1 200 OK[\r][\n]"
11:15:10.463 [Forwarding screenshot on session 7836b5d0-bd7a-11e6-9730-e5ec4f8847f6 to remote] DEBUG org.apache.http.wire - http-outgoing-0 << "Cache: no-cache[\r][\n]"
11:15:10.463 [Forwarding screenshot on session 7836b5d0-bd7a-11e6-9730-e5ec4f8847f6 to remote] DEBUG org.apache.http.wire - http-outgoing-0 << "Content-Length: 58742[\r][\n]"
11:15:10.463 [Forwarding screenshot on session 7836b5d0-bd7a-11e6-9730-e5ec4f8847f6 to remote] DEBUG org.apache.http.wire - http-outgoing-0 << "Content-Type: application/json;charset=UTF-8[\r][\n]"
11:15:10.463 [Forwarding screenshot on session 7836b5d0-bd7a-11e6-9730-e5ec4f8847f6 to remote] DEBUG org.apache.http.wire - http-outgoing-0 << "[\r][\n]"
11:15:10.464 [Forwarding screenshot on session 7836b5d0-bd7a-11e6-9730-e5ec4f8847f6 to remote] DEBUG org.apache.http.headers - http-outgoing-0 << HTTP/1.1 200 OK
11:15:10.464 [Forwarding screenshot on session 7836b5d0-bd7a-11e6-9730-e5ec4f8847f6 to remote] DEBUG org.apache.http.headers - http-outgoing-0 << Cache: no-cache
11:15:10.464 [Forwarding screenshot on session 7836b5d0-bd7a-11e6-9730-e5ec4f8847f6 to remote] DEBUG org.apache.http.headers - http-outgoing-0 << Content-Length: 58742
11:15:10.464 [Forwarding screenshot on session 7836b5d0-bd7a-11e6-9730-e5ec4f8847f6 to remote] DEBUG org.apache.http.headers - http-outgoing-0 << Content-Type: application/json;charset=UTF-8
11:15:10.464 [Forwarding screenshot on session 7836b5d0-bd7a-11e6-9730-e5ec4f8847f6 to remote] DEBUG org.apache.http.impl.execchain.MainClientExec - Connection can be kept alive indefinitely
11:15:10.466 [Forwarding screenshot on session 7836b5d0-bd7a-11e6-9730-e5ec4f8847f6 to remote] DEBUG org.apache.http.wire - http-outgoing-0 << "{"sessionId":"7836b5d0-bd7a-11e6-9730-e5ec4f8847f6","status":0,"value":"iVBORw0KGgoAAAANSUhEUgAAAmUAAAHGCAYAAAA17/z6AAAACXBIWXMAAAsTAAALEwEAmpwYAAAgAElEQVR4nOzdeVzUdf7A8dd3ZpgZBrkURQexgFDUSHQ1jQzNq9QOS7PD6pdtq23tWlZ2udqm2VrbYZdbdtillrotZlp5bVqZLuaZZJqQB3ihgFxzf39/jJggx3dggEHfz8ejRzLz+X6+n+/M93jP51SSk5NVznPpHVo0dREa1Ij9xU1dBCGEECJg6XQ6PB5PUxcDXVMXQAghhBCiKen1+qYuAgCGpi5AIJCaJCGEEOL8pdfrcTqdTV0MqSkTQgghxPnNYAiMOioJyoQQQghxXguU5ksJyoQQQghxXpOgTAghhBAiAEhQJoQQQggRAIKCgnzeZvDgwaxevZrVq1czdOhQv5RDgjIhhBBCnNd0utrDoeDgYAYOHHj67/Dw8NP/jo6OPv3vgQMHYjKZ6lSOwBhuIIQQQgjRRGobfRkcHMzMmTO5+OKL6datGy+99BItW7Y8/X55gPbAAw9w3XXX8dNPP/Hoo49it9t9Kofi64z+anwa424aROeYVoSYDNhL8vhtx3e8+95yChXFp537Iu1PU7k29hAvT5lDbgPupzI18SZenno73S6IwqwHty2PTcve4aGXljZaGQBUNZHpH79A75Yn+fjB2/loT/0/A1W1cvdTE4g9sJxpc9f5oZSBQbUOYvKEQYS581n+/EzWFf7+WanhaTz+6DAiOUr68y+yobDxzqXqlJc3xO0+/Zrbbafg8B6+emM+mYrSqOe/Gp7G409cS+TJTF6d8V6F/anx1/PUn/tB9nKmzV7le96qlbsn30+nEHCf9a4eSn7hjUr7PFN4nzt4YmQcq15+mlW5Dfw5WAcxeeJVkLmUZ8+4PtTwPjz+xAiKVs1h9qqsBi1DXTXWffrM7yOjw908MTLW5++muV2vomqqNY3777qKi9pGYNKD217ArvVLmb14AwDdb32Im3u04+Tur3n2bd/vHTXxR94JCQns3bu32vfT0tJ46qmnTv9dWFhYoaasqtf+/ve/8+233/pUDp+aL9XudzB7ylhSk2IJcRWQk5MHYVaS00bz7FO3+bRjX7VpF0NUbDsiGnQvFanqTXz+7ykM6hZH64hQQkNDiWgdx6C7ZrBk2rWNWBKAEOKS4mgXm4Q1xF95mmnXIZoOcW38lWFgMEcQEx1NtDWJ/oMTKryV0L8vSdZooq2diGvVROWr7FR5rdFRREV5/7PGxpHcawiTXnuYeFVt1PNfKVzH3pMmohPTuOe2rhXeu3vctcRFhXFoc0YdczcTFll+nNFYrVasVivRUeWvRWKuYetW7eOIjupA65oS+Ys5gpioKBLTxjC2+xm/XVu1JzE6mrYRjVEI3zXmfbpVdBzRUXG0NkOr9rF1+26a2/UqzqKqaTw7Yyy9Eq1EhlqwWCyERlrpNXw8M8b2ASChcxeio6KIj23t9/37I+/aaspWr17NkiVLTv9dOSCr/NqSJUtYs2aN7+XQmlBV43l47AAsuNmR/hIvLck8/fqDLzxJSlx/bo2fz4Kshvkl43QBbhc2reW1jmL2jCv57/T7WFzHMnW8ZyBxABxj+Suz+GJfG8ZPfYBuERB3zW30nfI53zVirZ3TAZgcFOd6/26jqhyt7/7d4HbVu2gBp7wWJuaSy2Hx77UZl196wal/uWj6uZtPsXkvxOylzzFtibesqmrl7umTSYvtRO8EKPXx/K+vRTPmcsm7E4gbcidp8x9jnaJgHfoQadF68jLm8faGwjrlqyhZvDJpPOA9xsdnzyDJsIep42b8XjtW0zntdAF2So+DqoajKHUrhya28vPISNo9j7P2vplkKcrp1wPxsmns+3TWkmk8mBFOYa5CfLILcNfpumpW16s4S8ywnlgByGf9woV8fziSEWNHkxgK1suH0OW9H8j8YTVtDrcgZ/Nav+/fH3nXNvoyKCiImTNn0r9//9PBV15eHl999RUAV199NVFRUYC3xmzmzJlYLBafy6G9T1mPfnQJhdI9S09f6OC9yc6a/z2v3ZuMuX0MZOXSZ9QD3HZ1CqF6AAfZ69OZ9vaXAIR3uZ4Hxg4jLsoIQFHuVuY/P4sNhQrh3Ufx6D1XY7XowV1Kvt1ESGkmzz3yYoWiqNY0Hp94M0lRltN5zH1yFlsq3cwNGKjPUyykPOp1uSh15PPdqqV8SxT//msqHP+ZI3ibFZ+aO4sRPWMxAK6ibD6d+QjPLd2DmngTc2f9lZ6xp+o3XEXs/OY9bn3oXRLveIn3J16B+1guzpZxtDa5WP/K3bx48kZmPXgNsaHer6bgwHr+OXY8nx8pL5WRK1/8N3d164gJKMhexYTrJrK1nsGZqsbz8AsP067sOKbYWEKB0iM7+O82GDwkGSPgyNvF3GdmsqFQwdrnVu69rT+xod7v0V2Uy+r5z7NgQyGq2oVx0+8hNTYSgLwDuViijax4+hHScyK46cFHGZ7ivYRxHGHN3Ff5aEMuqhrPuOl/Ob2duzSX1e88z4ItPj54baAH3A43xthLGBSusqpQQQ0fRHerkfzcfCKtplPH3Z1xT91Gapz3YsJdyp7v/8Ozc1dhHXQfk2/pSmm+m6ioUACO7FjGP15cRAEJ/inrmYJ+r2JQlFw+W7eftDFJtIuP4cxK9eo++/knh/HypIHkLXuJZxd7r9H46x/jyRHRLJ0+kSU+PIgVZQsvfrKVWWNSGPX4MNbO3Me9I5OhdBf/emMlKAqqGs+dj49jQNKpDq6OPNbN+xdz12Ux9KF/MrL9IZ6d+CJZioJ10H08dUsc6VMf4cvTTVtmym+DEUBu+fENeoCnbmnP8qmPsCTX+7099+JN5C99jkUAWOj3t9cYERUKuMnd8RXPv7iIQkXRfG/Q6vRt2pLEnx8czKRXVlG5Kq+6fSY99Rr9Q3fx9CNvkEMM9z83mR7GvTw78UX2EsHd05+lu+s7pix1/n7fA/IPZPDOlDfIrEuZNd6nrfEjmHxLV4qO2Im2RgJuDmSsZk9oLwYkef/O3bqUya8sqeUaOfVdPfsIO3wvrZdP12v155z3eu2GuxRCQ43k71jIxE9K/Ho+iKqZQ1p4/+F2Y3OeJHPLBnYSwfRRF8PJbAqADm0TSeoaTQfzQZZsyKX7qIe45+pkLHpw5GWTVRZKotXCjk9mMCuzF889dS36nB0cMnUk2WrBG0ssYloVzZNhZ+Sd/oOZB194mC6WUvbtdxCfZEWP97t/88lZ1V5XNXXM79u3LxEREbRp0+Z0QFZQUMDo0aMpKioC4L333uOzzz4jIiKC8PBw/vKXv3D06FEKCgr47rvvNH+WmpsvExJi0eNm05fpZ72nbJnLhPEPMXddLuFpDzB+eAqW/F2kz53H+j0niUsdzcw/paGqfXh00gjiouxkLJvHwjU7MFlTGD/9YaxqHx6dMByrIY81C+exIrOISIseY5i50j2wK5OfGktSlJ316fOYt2wremsKE164n3BVxdq9D4MGpdGvVxv06Inp1Y+0QYNI627V/KGU27J0FYcADO0YNWk227dv5tuJKWSueIdRd09jj6Lwl4/fZVTPWAyuIg4cKsAQGseYGW9yf6LK9NeneAOyokPszj6EyxBK10H38liKSkhYa0INJiLaxdHaBFDM7uKrmD9lBLGhBuwFhyhwQURsKjMWvMzv4zpMdOzWkZOHjuECIuIG8fT063w+tqoEWSxExcZyeN0yVmTkYolOZviQLuxbt4w1O3IxRiUxbHBXVHUQj4wfQqz+CMvmzWXesgxKQ60Mue0urKrKTU/dT2psJNnrlzFvWQaWWCsWo4UgMwx+8CmGp1jJ3bqCuXPTybZHM2D841wfr9Lvwb+QGhtCRvpc3pq3hnyLlSH330+86lO3x9P2b8vEQRSX9vc2iSQMTiWSPLb8dITy3yN3PjuB1LhIdqxZyNy56ezKM5CYdgOjrCrmkAgsegtRkaWsmDeXZVtziU4ezqN39/B7WV2AIciEqoYTHh6ONT6NPw5K"
11:15:10.467 [Forwarding screenshot on session 7836b5d0-bd7a-11e6-9730-e5ec4f8847f6 to remote] DEBUG org.apache.http.wire - http-outgoing-0 << "BErZm5lzRsrB1X72MTt3UeDWk5jan3BVRVXDGdg3CX3pEXZU31WiWoWrXmHZnlJCk0bywgv3E6t3sOaNU7VFwIjJDzMgKdr7Xc5bwQFXFGljH+bWLipGcxj6sBan8zKHRGHUh1G5xa+8huTM307mkHCM+jAs5WlbRRCpN2I6I2iNjLSzZuE81uzKw3rqO1HVLjXeG+rCAOxKn8eOIohKucnbjHlGYWva56FDpRijutIrBojpRVK0BX1kAr0TgIhUusdasB8q5N57h2N1Z7HwrVdZuC6byNhe3Pvg4DqVV+t9uvzcjrY6WJOeztZcO7G9hjCgQxlr0pexK8+NNWUg11vVWq6RU99VnUpbkZbrtaZzzntMRkJDT7JrzwH27Xf6/XwQVdu7PoM8AH0UA8ZMYu7cd3jt5kSy/7eUqc99RK6i0L5dNKEWC6EtQlD7/In7h58KyPKPYI+MIyk2Cr3eQnhEBBBEqFFPVFwKydFu8ovcgJG4VO95V9mZeQOEWCwYLVEkJlk5mVeEGwi1pnDnuMuqPQa3++xeruWefvppJk6cyJgxY06/9umnn6KqKmFhYYSFhaGqKp9++unp98eMGcPEiRN5+umnffostdeUnWo2KDpVY6Oq8UyePYXE01ejm13pz7Kra0cgl3cemckGRUFdm4Hl5Vmk9O5Lr2wbVmDHvJnMXpULrGIf05g0oBNX3W7GCmyd9xgfrVPgy1UYZrzDgKiKN2zL4MEkGiFv60pW78jFTBb/TUhgeFI3hiUkEHf/eBLPqIVMGTGWFIDcFazbssCnD0fZ8y5D7nQwd8afSImNwICBiNiujBg/g2uGXc7Nw35kWDdvLdimj59i7Is2Xl/zKv1at6bvtd154/XplPTqTF7GGo52uIYH/9iO1gZHpWr4Y7x/5wBeLOnIPU+8iwmwZ6fT6/qpqH0f4t9P9ONkpSfq7sUPMWraKh5a8D13dQ3Fmpjo03FVR28A94EVPDt3Map6kIvfH09U9len/t5L0vsTvAkjclm/bh3OrV+TngVd4438lteL5MhwIriM7nEWHNnLmPb2YgCymMqU4TFAApd2iYSiXSxduhF7OCz98kImjE6hW48EMvQGQE/bhARarN/I3Lf2EWU/eDoI8IUBsOds4peuySRfejksyaJfzzjIXcH3xzowwHsg7NuyhjX/28OH6T+T0DWevYfySYoOPbPSiox3HmPBBgV15TZiXptFSvcrafOb/8oK3uAkdsgE3h9S8fXcjP+wJFfh+vIXavzsN7NiYx7jU7sxLAHmM5ieUZC7bkWdy7Voxqd0f3cs1igLR9bP5aNMbz6q2odLEy24D6xg8ive62ptppM5M4bTo/9gvL8Lz2zg8/5bWxNUpbRV1HZnvPMIH21QUJdn0Pq1WST3HELyAVsN9wZYUMc++SYymfnmOuZMSiNt7MN8PeXn00cWUcP9qN1n3+BIHUK3XjF840jCW9dqIbFHAhEl3QnFwQ+rdxHXE7BE0jGxA+vWfsxbe9tjP/hr3Qqr8T696NRfGW89xkcbFMIdScwancTWT5/no3WFhDs6Mmv0BVjMtV0jvnyv1dN2vV5W4zm38dRvl4y5zzB7XSHhgx5glg/nw9ChQxk2bFiF15YvX86XX35Zz6M79ym5X/LIdCePj7uOxOhQ9OgJjY4jbcR4Lr8smamPzcF5xtCeEQOS0QOO3HWMnzwXVR3Ec++OIfqMZ7c3dR4LH36E5QU9mD5nArHGCg0KpzkrDRsq/+vAin8ydUEmo6a+wfA4C5Ht2ld7DDUFZVWxWCwVptHQ6XR1aq6szMcpMSx06BIDubnAcf733XoKWoDTEktqSmyFX7Llg0AVpZDdR0pJCYOgEDPg5lBWDuC9uRec9N5xvbGvm6MHf9/byRI7Z1QRARAa4Y2Eo1JGMyXlzHeKcLKXN6ZOJoQSSqKv4/kJffnu1af5/AiElPy+T61Srr2Dq7pY+f7lUYxdGc7g0UMYduN1DOraDkPsQG4ckX+643XPu15ix12/bxtz8R8w04vhQ1OJGDGq+p0U7WPNFlCUPZhPzV3nOOm9oyrfvcSo4S+d+nzKD7aIjM9XAgp2l/ckcvh0VDXQQ/7h8lqZo5S4gezygLCQEre35UYpzKTAMIqbJsxgxJnbl7qwJcQRBeRk/t50sjfzAO7hMQS17ESkETAmMX7KlAq7jkhIZvnMuXR8diwpyWmMSU7D24TyFds2763TiDG941dWbM0jObUrfayDSI6GPQuXczzo/lMpCvj1KAy7eTzvVzyQCg+ZopPe/ytKIbtzSklJbEHmi3OJ8WdZgbwda1jz80mMxiCCKGHvjvVsyarUHFqws/rPHti57DvuSB1Bj4GXke3qjZEivvtsM76e++UUZR3f7RnF6CQ9m5at/T2fmGhCgf3bt/2eOCeTfY7hxLdtXa9uA1Wp3H/rzO/k55xSkhNNtIrw3tGrvjfUQ1AESuZc5mV0YmyvZCbcG3T6pt+qpvvRkY1klQ4hvls/hrk6wJEd7NAn06nL5QxzXQClv7B2717WzlvDxJsHkDJgBCkDRoAjn/WLXmdLnQd2arhPOwEcHD166jiMeqCUnF8LAIVW3pZxnBqvEX+o9XptWcs5l+Mt19HyY6jxWXG28uCrPDCTgEy7+D6D6B3Xmu2fTmHm5hB69OvFZf370isuCn10T/olzKH0jPRBpzoGGPXlV3YmR0shOrRSxqX5/FIAUEiJCzD68gOglO0bdwIKzlPPypr6gbpc1b87Y8YMOnbsSHh4OEOGeH85Dxs2jM8//5wTJ04A0LJlywpB/VdffUVRURG7d+/WXGLwISjbu2M3pSMSSR52C/ErXyRLKWTVgrdZBajh19NzViwAQVWMYGgbaQEMGIMA9ES2j4BTDxvzqTYKPWe/FxZiOmvcvLPE+8Ke9Ok8e6pTtLX79QzvaSHzOBQW5lIIqLgwYsRVmENhrkJhHR5Kl4++lzHdQuG6i/ll5e2sWrSHlXtasenDUZhwwL5M8lwQaoBN70/mH2vyGXLjzSRH5vP9p04mzk4lAheb5j3F2Jn5fLJpNl0rN1sbz55F2BjmHWakJj7EivkjIfcX3vnTq79/Bj4fiTYGoOyMqNgAuMvsFf4GsA59jDGpceTvWceb6WvZkpnFrdPeYUg0sDeHk0B0QiLgDcwSusSiB5wn9lHkhqgjaxg7+SPvMYZ3587RKeRtyiChXypH/zeXu9KzuGzwYFKvvJLklMEMS1hUp1oOQwhsXr0ZR+oQRt4/jEjySF9eQMjph0sP7h07gOjSA6S/9QkZP+yEEZOZMeKCM3KpeAK2j7KAvRhLvwT/lhUo2vs9X35Z88Ythz1e/WcPKLlL2JR7LWk9RzKSKNwH1vBlPacRMJZ3gD3zF2pOPqVAh0u6wan+a0RcQJQR8g7kwKlBUOWxmc2X339Bhooblzgrbe2g7NR7qhpOxxgL2O2UlHhfq+7eUF9r33iVni9PIzkpCYDD2LDVeD/ay9GdeST1GshA9OSu+S//NbQhOW0AQ4Aj6zeRQwLDYuDrNx5kZUE8w/pdxuCBvUi96SZWr5zpcw2n1vt01Qxn9ZfTdo34R63X64lazjniKhxDzd9N1WU4MwiTgEy75AE3MCTRAn3j2HffDLasy2XzwTDmTBmAsYpQ6GhBKWDBTSjhqkpBQi/aVw7IGllNQdkXX3yBy+VCURR69+5NeHg4rVq14q233uLrr78GvLP7t2rlfXYXFhYydepUVFXFYDD4VIOm+U6pZC3m0/XdGZuazJTZz5GxYRO7D5XQLu4SuvdOwgi4nDY2b9vH8LhExj51N3y8lrYD7yItGop2ZPDNSifXDI+j15hHub7oXfa06sc9Q2LBfYCdH68hflAive78G2NDvsbWeRADrHoqhNcYKF2+hiOjk0gcNo5b8z9ko6ML4+4ZTrQ+j1/mzP+9QqAkm4wdGWTX42b8+sJvGd9tGIR2Y/aW9Rw6ZqN1u9beD811iMwtn0PWVOI6mug58l4e7ljGpakdve//74VTp6KB6E5X8vq/u50KyIJpH1ux+q/F6f2t54/dhmGKG8X3X/fG1qIdrU0GiHSw9Qj4ZxGH2mgfz152"
11:15:10.467 [Forwarding screenshot on session 7836b5d0-bd7a-11e6-9730-e5ec4f8847f6 to remote] DEBUG org.apache.http.wire - http-outgoing-0 << "7ABZOTaGjp3KkNjy72otG/fczPCkEUz9UxDr89tww/A4vG/uZM9+B3Fx/XjyjkN88v1xBt5+D6lxFnZlf40xdTBD4q6mDe+wKCOTxEvTAHDWudbFDHvX8kvREJKtkTiyV7BOUYg/9W4QoRgBSo+z5+ccIvrdydgR3n5cv4fKevqNfZxDc5cSdPktpEbBkfXriek/1s9lpep6+QoMlNfRVP3Ze33930zSxiQTBWxd9Xk9ClSpeGf8W1HWsTP3TgbEDuSxW4+xdJeDwTePIBLY+suv0NIF+gu46abLWHc0kduuLT8HKipvrTjzyI8fLQTiSL3rTvam7+GyMcMwVtjKyPAHH+fom0sJuXwUKaFwZP1aMpaj7d5QR4qSy4uvr2b2lCF4f2aayVm+tsZ9rv1mO3f2GoAeN7/+uJnNpp6406LR42Dn92uBy+g3ZADRfeMIeuNjtm3Lpu/AXkSWFFGXW5fW+7R2Wq4Rf6ntel1b8zkX2bdCbrV9N9WdDxKM+S59zVZGJKaCJZFJ784mL99OZFSk9/p2Hyd7b8VGr20/ZUOvKPTRvXhx9mu4LaGVrvFTGnF6+5qaL8uDqkcffbTCtBctW7bk1ltvPSt9eHg406dP5/nnn/e5HD4d8rq3J+MofoDR/VPoNWA4vU697i49QsaKdGYvyQKeZWHMNEb3SmPCFO+DqujAema9uBxFUXh5biyP3JnGiAmnmq9Kc1n2xhQ2KAo/TI5k+uMjSRs9Bhz55Dsg0mA4dcN2gb2YAn7gH2/F8bexQxgydhJDANz5rJv7MuvO+FWpFG5g9ksbqM+dWFn6OJMTQ3jw9n60NoTSrp03lHcVZPPxkyNZqih8PvIJ4pY/TWpsLKmp3nJmr3qDez/6kDu6j2TSoDhiew4iliKOFdhpHWGi2/BrKck4Vd9V5qT4jP091aUNU8f0JLSddwSkqyCbd58cz266n6q0+f3EOVlSBkRgK6vntACu3/9nqPRyVX/nLF/KjgHxJKeOYVYqQBG5uUVYrW1JjoFFM54kePJTDEgdThxuirw/igCY//QrtHn2flIGjGGKt6MIuRnpPLcqFzVzEd0ev4WUEeNJGeE91ux1H7K4DpOEugCX0/sgXb8ll+Q0K5nrzxwubafUtpa1GVcxulcKk2bNArwjRd2xVhJ7dGVjeZVkWBJjJnlrR/Kz1/HqnB/IiWnht7KWl7fWFPZi9i3/qsbPPisXclb+l9wxyVgde1i5tqDmKSY0cJy6WZVWepZ/+OQbtH7uHpKHjCFpCICDXSve4pV1uagHV3DZYyNIGT6eFCA/9whua+hZD3LbqXP6zKwL1i5i3aAE0hIHMGHSACjKw4F35J/Ncer8tyQxtvw72bOGf8z5AUVRNN0bfOE9j34vnZK1gHfWJDJhgHeyHEXZUPM+d37PntIBJBn2s3UnwA5y3anElv7C6p3e7T9M7839I1IYPWkKowEcR1j20bw6T/Kq5T5tHVpxUg/v51rV3zVfI2tLztyu7hOFaLteIb2Gc67yMdX63Qi/UTa8zVvtLYy+OoVIvYWoU6Nd3UW5fPWm9/le3i/WXlxC4brZTA+5j79c041ISyiluQcoiY4lUg/FBQW/Z+w6I1Cq9Pyrir245Iy/fk9bYrMDobhd1bcz1danrF+/flx11VWn/y4uLqZFixYV0pz52lVXXcXGjRtZu9a3aTp8ntG/nDU+3hss2Y6TlXt2UKCGW+kaE4GtYCdZlR5UqhpOQtcYzLYCMrO8A+FV6yCmP34V2fOfYe6GQlQ1nAdfnkUKGTw48Y0qb1DxXbpgttnIzGr4WbVT+valBVB8ZDdb9xw96/3ElL5Et4Aju79lz9EzZqROTOGKaNj97RbNc4qpaiJXXBENxUf4busefx2C31njuxBBxc9fVa2Me/YRYn9LZ+rb3lnQu4+dwYS0KFZMH3d6fqTw+HhizGYKcnaSW6l5zRofT4QZcnbWrX+Wr1RrPF0jzi5L/PVPMmVEDOmT7+Mbc1da2c4+lxu7rL/v9+zPvpwaPpSXZ42GjLk8NLvhV2rwfpdVfwbeazSHzMp947Tka40nJgIyM6u+vuO7dIGCnCrvP415b/DHPqu6J/pDbfdpzeWr5hppKjWdc1VpivPhfBXfpQtmwFbNtQkQP/QhHhtxISfz8/juw6dJLxjGc9NGE60vZVk95hatD6vVSm5u9deewWDghRdeIDk5mSVLljB16lQmTZrE7bffDsBnn33G008/zbRp07j++uvZtm0bjz76aI3NolWpc1Dmb2r4IF6YNYYoSjmwJwdj23iiQ/Vkr3iVaQu2NHXxhA/umPEOA6x68nOzySOCRGsk5GUw+ZE3GnWJrPqKHzWVKcM7sGL6HxtsUmR/UtVw7p4+nbTYUKCI9Ml/ZUkDL0UkhBC+UrvcwZxJA85usnTs4Z/jZtRtjr56atOmDUePnl3hUk5VVRwOB1dccQVr1qyhRYsW3Hjjjdx/v3cgygcffMCHH35IcXExAwYMYO3atZjNZhQfj0UfHR399/ociL8o9ixW7CnhQms72rQMB9sRtq76iJcXS0DW3Gxb/RNBMVaio1sSqnNwcOd6Zs94j/3NKCAD8Jhak9CmjJ3/28C+osAvu6LYibqoF7EtytiydC7zt+Q1dZGEEOIsyrHtZOZbiI4w4nY4sZUUcSR7Mx89/yo77E1zrzWbzZSVlVX7vqIo6PV69u7dS0iId2Rv69at6d+/P+Dti5iVlYXRaOTXX3+tU0AGAVRTJoQQQgjRFMLDwyks9K2Jv6ys7PQ2YWFhTTFPmRBCCCHEucXXyWMBgoODCQ4O9ms5NC+zJIQQQghxLvK1Q35DkaBMCCGEEOe1utSUNQQJyoQQQghxXnM6G2qtHN9IUCaEEEIIEW8cvJwAACAASURBVAAUytcCF0IIIYQQTcagqhKTCSGEEEI0NWm+FEIIIYQIABKUCSGEEEIEAAnKhBBCCCECgARlQgghhBABQIIyIYQQQogAIEGZEEIIIUQAkKBMCCGEECIASFAmhBBCCBEAJCgTQgghhAgAEpQJIYQQQgQACcqEEEIIIQKABGVCCCGEEAFAgjIhhBBCiAAgQZkQQgghRACQoEwIIYQQIgBIUCaEEEIIEQAkKBNCCCGECAASlAkhhBBCBAAJyoQQQgghAoAEZUIIIYQQAUCCMiGEEEKIACBBmRBCCCFEAJCgTAghhBAiAEhQJoQQQggRACQoE0IIIYQIABKUCSGEEEIEAAnKhBBCCCECgARlQgghhBABQIIyIYQQQogAIEGZEEIIIUQAkKBMCCGEECIASFAmhBBCCBEAJCgTQgghhAgAEpQJIYQQQgQACcqEEEIIIQKABGVCCCGEEAFAgjIhhBBCiAAgQZkQQgghRACQoEwIIYQQIgBIUCaEEEIIEQAkKBNCCCGECAASlAkhhBBCBAAJyoQQQgghAoAEZUIIIYQQAUCCMiGEEEKIAGBo6gIIEchK7SoHTqgcKfSQX6JSZAOHS8XjAYMeTEEKYcEKrVooRIcrxETqMMpVJYQQog7k8SHEGQ4XqmTsdbP9gJvMHDeHC1Sfttcp0CFKR5cYHd066OkVryfcojRQaYUQQpxLFFVVfXvqCHGOOVaksnKHi/9musg66vFr3grQ7QI9gy42cGUXA+Ygv2YvhBDiHCJBmThv7TjgZtFGJ+v3uGmMqyDEpHBNdwMjLw2iVQupPROBY85PC3l758Ja02XcvLgRSiPE+UuaL8V5Z+dBN+9+42Tbfnej7rfErvLpBifpm5zc0CuIMalBWEwSnAkhhPCSoEycN44Xq8xe6eCbn11NWg67Cz75wcmK7S7+epWRtCS5DIUQQkhQJs4DKrBiu4s3VjoosQdOa/2JEpWnP7PTv7ObiUONtDBLrZkQQpzPJCgT57RSu8oLyx2sbeLasZp887OLXblunh5l5qJomTpQCCHOV/IEEOesnBMe7nvfFtABWbnDhSoTPijj218Cv6xCCCEahgRl4py086Cb+9+3ceC4f6e4MBkgIkShdZhCZIhCkN5/edtd8PS/7SzdLIGZEEKcj6T5UpxzNv/m5m+LbNid9csnrrWO7hfq6RKjo0OUjvaR"
11:15:10.467 [Forwarding screenshot on session 7836b5d0-bd7a-11e6-9730-e5ec4f8847f6 to remote] DEBUG org.apache.http.wire - http-outgoing-0 << "OkyV5hlTgWKbSs4Jlb1HPew86ObHbDd5RXXsu6ZAsLF+5RZCCNE8SVAmzinb9rn520Ib9jpWNrWNULj6kiAGJxtoG157x3sFCDUrJFkVkqw6hqcYUIGfczys2OFk5Q4XNo3BoaLA49eaGHSxXJZCCHE+kru/OGdkHfXwt8X2OgVkF0TpuP3yIPp1NqCvZ6O+AnSJ0dElxsQf+xv5LMPJoo0uyhzV155JQCaEEEKeAOKcUFCi8uRCG6U+TnkRbFQYmxbEiJ5B9Q7GqhJqVvi/K4xc0z2o2jnSJCATQggBEpSJc4BHhWnpdo6d9C0g6xKjY8oNZtqENfz8YK1aKEy5wcQVnfS8uNxB6alaMwnIhBBClJMngWj2Fqx3sm2fb0smjegZxJ8HGTE08vjj/l0MXNRWx+SFdnLyPRKQCSGEOE2eBqJZyzrq4cNvHT5t88f+Rm5NDaKp5s9v31LHq3ea+TnXQ5+L/DinhhBCiGZNgjLRbKkqvPylHZcPU5GNG2Dk5j5BtSdsYOEWRQIyIYQQFcjksaLZWvmTi8wc7RHZyEuDGB0AAZkQQghRFQnKRLPkdMP767Q3W6ZcoOfegcYma7IUQgghaiNBmWiWVu5wcaRQ22jLsGCFJ683oZOITAghRACToEw0O6oKCzdqX0Ppz4OMtGohEZkQQojAJkGZaHa27HNrXmi8S4yOwTLlhBBCiGZAgjLR7Hy1Tfs6Svf0N6JIJZkQQohmQIIy0azYnfDdbm1BWZJVxyUXyLQTQjQbqsf7nxDnKWnXEc3Kln1u7Bq7k93Qs+kmiG1W3G5ce3bh2L4Z155fcOccwHPsCGppKarDjmI0oVgs6FpHo2/fAcNFnTB264Hhok6gD4CgV3WhFm1BzV+HWrQFyvai2g6CuwjcpaAYwBCBYrJCSEeU0O4oEVeghPX0vtfECktVNmW7+emAh71HPRwu8FBYquLygEEPkRaFmJY6OrXT0StezyUd9A2yTmtjUm1lOLf+iLP8nMs9iCf/OKrDO6JaMZnQtYzynm8dO2Ps0Yugi1MC43wTogEpqqr6tmCgEE3otRUO0jfVHpWZguDfD1gINkpYVh3Xr79g+/Jz7N+swlOY7/P2uohITP0HYx56HYaEjg1QwpqpRdtQc+fiOboYHEd9zyCoFbo2N6LE3IMS2t3/BayBqsKGX918vtnJpiw3Hh/uwi1DFK77QxA39DTQwvz7+f1Npotvd9e83NiFUTru6Hv2XH1zflrI2zsX1rrvjJsXay9oZaqKM3M7ZUsW4/j+G1S73afNdRGRmK+6huAbbkEX1bru5RAigElQJpqVce+Usfdo7c0b/TsbmHKDqRFK1Pw4d26n9IM5ODb/z295Gv/QG8td4wnqfLHf8qyOWrgBT9Y01BOr/JanEtkPXfzTKBGpfsuzKiqw8Vc3b//XwW/H6tdMFxqscO9AI1ddYkAB3lvrYN73Nf9g6dZBz0u3m896vaGDMufPP1Hy9ms4t2+p0/ZnUoKMBI+8Bcvtf0QxB9c7PyECSdPX3Quhkd0JWRofZN0vlGaOyjyFBZT862Vsq770e96OHzfi+HEj5sHDCPnzRHRh4X7fB8483LsnoR6e5/es1fy1uH/sjxJ9M/qOL4HR/zUxJ0pUXl5uZ/2emmuztCoqU/nnF3Z+zHYzaXhg/gBR7TZK5rxG2ZJF/svT6aD0kw+xf7OK0MnPNMoPASEaSzPvmSDOJ7/ledBar3tJBzm1z+Tcson8P93WIAHZmWwrl5M/7jac2zf7NV81fy2ujX9okICswn6OfIprYw/U/G/8mu/WfW7+9HaZ3wKyM63Z6WLKIpvmvpaNxZ1zgIL77/JrQFYh/8O5FEwch+3rLxokfyGagjy5RLNx8IS2WjKjAWJbyqldzrZ8CQWP/QXPibxG2Z8n7xgFj9yH7aul/skv933cW64G+yG/5FcrxxHcW4biyXnbL9mt2OHi0QU2CkobrqfIpmw3i/8XOFGZ69dfKJjwR1y/ZTXwjlwU/XMaZf+e37D7EaKRyJNLNBtHT2p7qMW01MncZKeULZpH0UszwNPI0wx4PBS9MJ2yfy+oXzb7X8Hz8zhQ/V/DVCPVjWfX/Xj2v1yvbL7c5uK5pXbc59EsD67f9lIw6T48hQWNts/if83Ctjy90fYnREORPmWi2dBa0xAd1vAR2eOf2MjIauRA4Qz/ftBChKXm47R9+TnFb73SSCWqWvG/XkYJDcM8ZLjP23oOfYBnz6QGKJUPZdjzGBgi0Vnv8nnb73e7eXGZbyMMmzvPieMUPvEAalFRo++7aNZM9NZYglL+0Oj7FsJfJCgTzUaJTVtQFmI+96vJcvPVGoMy588/UTTrH3XOXxfZEl10OxSTGdVuw3M4F0+B79NmABS9NAPDBXEYOnXRvI168n94fr6vTvsDwNQOxdwBdBbwlKKW7QPH4Tpl5dl1P0pIJ5TwyzRv89sxD88usVHXBsvWYQptwnQE6aHUrnIwX6XUHuAD5VUPJ/8xBc8x36cnUUwmDJ26om8f6z3nSopxH9iHc88ucGlcwcPj4eSMyUS+swBdeKTPZRAiEEhQJpoNl8aKqeCzp2E65+QVeaiu94FaWsLJ6U+C27eaPENCR8zDR2Dq0xddm7Znve8+cgjHhu+wLfsPrqxftWfscnFy+hNEzlmAYrFoSH8S947bQPWtj5QS2gMl5o/oooaDyXp2AnsOnmNfoOa+g1q0TXvGqhP3T3dg6L0ZDGG1Jne64Zkldmw+dvHq1E7HtT2C6HORnsiQigG3qsLeox5W/+Ri2VYXJQEYoJV9/m+cWzb5tI0hqSuWUbdhvCwNxXT2CFK1tAT7NyspXfAB7kM5tebnyT9B8avPEzal7j9IhGhKEpSJZkNrPzFfJuJsrk6WVf9eydw38RzVXiukax1Ni788gik1rcYPWR/djuDrbyL4ulHYv/svxW+8iCfvmKZ9uA8fouTDObS498Fa03qypoFtv+byY45F3+lVlKhhUNMaDqYYdO3HQ/txqMc+x/3Lg2Cv/UEPgG0/nqyn0HWsvY/ZJz84ydYwl165NmEKD1xtovdF+mpLryhwUbSOi6KN3JYaxJz/Oli+VfsasA3NU1hAybuzNadXQsMI/eskTFcOqfGcUywhmIeNwDRoGCVvvaJpJKd97WocQzdi7Nlbc3mECBTS0V80G0Eapx4rczRsOQKBzVF15One/xtl6dqnIDD2uoyWc+Zjuryf9qhXUTBdMYDIOfMx9rhU877KPvsE94F9NaZRS3bhOfi65jyVqGEYem9GiRpOjQFZxa1QWl+PofePKC0Ha96X5+CbqCW/1Jgmr0hlwXrtJ2CveD1v3xNMnxoCsspCgxUeHmbiietMAbPcUtmnH6KWlmhKq78gjsg3P8I04CrN55xiNNLir5OwjL5DU/qSOa/IGpqiWQqQS1qI2rXQ2FesWGPfs+bMVc3zpnTB+5ofRqa+/Qmf/iJKaGidyqALCyf82ZcxpqZp28DjofSTD2pOsu95zeVX2tyI/pLFYKjjRLVBLdGnpKO0vk5betWN57dna0yy4Acndo0VWH0u0vPMTWbN53Vlgy428LcRpiZf31UtLaFs6Wea0upjLyDipbfQR7er075C/nifpiW9XFm/Yl//bZ32IURTkqBMNBuV+9lUJ7fg3A/KdFVcuZ7jx7Ct/krT9oaOSYQ++QwY6tmDwRBE2ORnMCQkakpuW/UlnhPHq37Tfgj1sLYpNJSwXui7flD/BcWVIPQXf4QSmqIpuXpkYbXzpRXZVL7cqq0jWXwbHVNuMGOo58ITaUkGbq9iLcvGZF/zNWpZaa3pFHMw4dNfRBceUbcdeTw4Mn7QXLtW9tkndduPEE1IgjLRbESHa7sZHy7wVFuTdK4wVRGL2FZ/rW0+MkMQYU8+g2I0+qUsislM6BPTQa8hwnC7sf93RZVveY58om0+Mp0JXdcPQOenpYV0wd78FA3BjerGc7jqiUrX7HRpqiXTKfDkdSbMfoqlbu9r5MLWTXcr1/pDIOSu8ejbd/A5f09hPqWffMiJO2+g8G8P4fq15ibkcs5tP9baXC5EoJGgTDQbsa20na5uD2T50NG6OQox"
11:15:10.468 [Forwarding screenshot on session 7836b5d0-bd7a-11e6-9730-e5ec4f8847f6 to remote] DEBUG org.apache.http.wire - http-outgoing-0 << "nR2g2tdqW6A7+IbRdXo41sRwYTzB147UlNb+zcoqX1ePaFvsWhf7FxTLRZrLpoUS0hld+3Ga0qpHq26qW5OpbbTr8O4G4tr479Zr0MHd/fwTYPtKLSrC+dP2WtPpWkZhvn6UDxmr3mldnvs7x2++hpJ3Xsd92PcVHcqW/cfnbYRoSjL6UjQbsa288zY5NTz7tu1z07Ftw/3mGNEziL6dtF8+1bW4VH45+5iHzzJqbwKLqDxlQnERrt27ai+IXo9l1G21p6uD4JvGULZkca19wpy/ZKKWllacHsNViFr0Y+07UQzoYifUs6RV03V4CM/Bf9VafvXkJnDlg+H3ubCKbSo7D9Z+YirALX38H0ClJuppF6FwqJGb7p0/bdXUB9A87HqUoNqPW7XbsK9ZQdmSRZprxGrijzyEaEwSlIlmw6CDTu30/KTh4bcpy81NvRuur02fi+rZGagan2/W1iepTaVVC5yZOzQ9HI09LkXXqnWdylYbfXQ7grp1x7m1luDK48GZuR1jzz6nX1ILf9BUfqXVEDDVrZN4rcyxKJFXop5YXUtCFbXwfyitrjr9SmaOB1VDPHTJBXraRvi/a76iwJVdDMxf37jrXzp3/6wpnenyfjW+7z64n7Kln2H7eilqcT1XAzAEYeo3kODrRhHUJbl+eQnRyCQoE83KJR10moKyzb+5KShRz6pRCnS/HtYQmCjQNrxiLaB7X7am/I29L69TubQyXppae1DGqfKeGZSVaKjlgwqBUENQWg3REJSBWryjQll+PaKtubyhgnmAnnH6Rg/KtJx3islU9YhJtxv7xu+wLVmM48eN9S6LProd5mtvxHz1degiZEZ/0TxJUCaalUsTtD14PCqsyXRxY6/mNb1/Zk7tD/eYSB3GSleuK+eApvx9WeqoLoKSLtaUzn2w0uSwpXs0baeE9fS1SD5RwnppS1hWMRjJOaEtKEtq13BN6okNmHd13Idza02jbxdTYbiwJ/8Eti+XULb0MzzHjtSvAIqCsddlBF83CuOlqVUPSxaiGZGgTDQrXWL0RIQoFJTU3lb0WYaT6/8QFDATbNbmeLFK9rHaH+4dq3j4qoUFmvaht7b3uVy+0Jq/p1J5VWeepu2U4ASfy+QLrfmrjorBxPFibX25Ylo23MloMSqarw1/UU/Wft4poWHejvuZ2ylbshj7utXa17OsIc/goddjvuaGBj+nhWhMEpSJZkWvgys7G/jPptpryw4VqKz92cWArs3jNP9+t7YHVdeYKoIyDfNEAehCa1+7sT4UjfmfVV63ttngMdRxjiutglppS1epvFpXkQivYRF5fwgzN3JQVmarNY37UA7548f4tl5qNYI6X4z5ulGY0gZWuVamEM1d83haCXGGoSnagjKAd9c66NvJcFZzXyBauUNbUNb9wir6JWldfLyBu9gpWuYqg7NrSlQtx66A0sDVnorG8leaT82jpZc/oG/gz7/xa4VrP25P3jHNa6RWRTEaMQ24muDrRmHomFTnfIRoDprBo0qIihLa6EiO1bPjQO2ByOEClU83OLmjiWc9r82uXI+m/mRtwxU6RJ395FWCLVWkPptaZqs4FYWfeTSuf3hWGfQhGrZSvTVUmtLWkfuktnS64Ap/Bhk0zjLvULFUMcecv5RVsyZqg/HTBMRV0cfEEnzdSMxDrq3zUmBCNDfNpLeNEBXdcpn2IOvj7x2aR8c1lffXaWv/6tfZUGVllxKiLVBxHz3sQ6l85zmibYJPpUWlh6zG9StVm7YBDXWllu2vPRGAsWIzZ3iwtkDr6MmGC5pUVXvfNn/Rhfm5OVnRYbq8H+HPvUbL9xcRPPI2CcjEeUWCMtEs9b5ITyeNo81cbpj2HzuljV2LoNH3u91kZGlrfhx8cdWV21o7Ozf0ZJquX3drSle5vEpwvLYdFG/ztUg+UTXmr5gvqPC31iXAGnKliZx8j6aJlf1JF93WP/lEtsQy5m5azV9C2NP/xPiH3g3fVC1EAJKzXjRLCjB+gPamk5wTHqZ9Zg+4NTGPF6u89KVdU9qL2+urXZ5H67JJzq2bNJetLhxbMjSlq1xexVLFPFZVUE+s8blMvtAyRxl4l2U6k9a1Jzf/1nBR07b9jX9yGzrE1Wv7oEu6E/a3GbRasJSQsfeiax3tp5IJ0TxJUCaarW4X6OnfWXu3yIwsNy98YccTIBVmZQ6VKYtsmkfLje5TfZOtobO2mcvt33+D6tA4VNBHqq0Mxw/fakp71kzr4b01bec5tgQ8tY/4qxN3CeqxL7SlDbu0wp+drdpupd/tdjdYbdZ3v9Rvmom6MCT5Pu+dEmwh+LpRRL6zgIiX3sLUfzAYArvPpxCNRYIy0azdP8RIqFl7x+mVP7l4Jt3e6M08lZXaVZ5caOeXQ9pqNy6K1pGaWP3IQH3bdujb1r78kFpUhH3lMs3l9IXty881Tc2hj4k9q0ZEMV9wVpNglZwn8ByeX9ci1siT+z64a1/iRzFfgBJcsawdonREhdZ+HhaVqaze6f/g6XCBqrkJ3J+CLulR/cKulehjL6DFA4/R6tPltJjwKIYLG3bOOSGaIwnKRLPWMkThwaG+jQBb+7OLxxbYONGI8zmd6dhJlYkf29i+X/tDdPwAY63PPuPl/TXlVfLhO5rnNdNKLSmm9OP3NKWtbh1EpfX1mrb3ZE0Hd7HmsmniKsTz20xNSb3lrPhlKMDlHbXV2n74rQO7n1dD+vh7h6a1N/1NFxZOUNdumtIaLkwg+NqRfh396zlx3LvuqxDnCAnKRLPXv7OBa7r7NrvLtv1uxr9Txubsxq1d2JTt5t73ynwaDXplFwM94mqfP8s8aKim/DzHj1H85iua969F8esv4CnM15TWNLDqcirtxmjbmT0Hz69PaC2aJp7dD4ND25I/1ZXzqku0nYNHClXe+cZ/Tcg7Drj5alvjN12WMw+6WlM6+7drcGz83n87drs5+Y8pFDzwJ0rmvIpq19Y3U4hAJkGZOCf8ZYiJLlXMdF+TEyUqkxbYePZze4PXmp0sU3n5SzuPLbBRUKp9X61aKPx1iLaaQMNFnQjqrG3tSduy/1C29DPN5ahJ2WefYFu5XFPaoK7dMCQkVvmeEpqCorVv2cG38OS8q7mMNeZ14A08hz7UlFYJ740S2r3K9zq102k+Bz/LcLJC42TBNTlerDIj3a5hCteGYxpwNYpF25QsRc9Pw+OPaVlUlaJXnsO5ZROoHkoXfkz+vbfj/Pmn+uctRBOSoEycE4L0MP0mMzGRvp/Sq39ycfvsUv612uH3eZ6KbSrz1zu5819lfLHFt4ewToHJ15u0L82jKFjG3K29bK8+R1n6Qurc7qWqlC2eT/HslzRvYrm9pvIp6C58XHNenl334Tn4lub0Z1Px7H8Fz+6JmrfQxT1Z4/u399XelP7PL+z1CsyOF6s8usDGsaKmHbmiWCwEjxitKa2nMJ+CxybgOV73Gf5xuSh6aQa25ekVXnYf2EfBhHsomfNagw1mEaKh6f/+97//vakLIYQ/mIMULks08O0uF6U+3pPdHsjM8fBZhpM9hz3oddAmTCGoDuviuNyweZ+bed87+ecyOxlZbhx1ePY+cLWJNB9Gl4K3E71zxxY8h7VN4ur433o8h3IIuqQHismseT+ewnyKXniGssXaO90be1xKyP+Nq7FjuGJJRC34Dmy/acpTPf4lqi0bXWTaWbPs18iZh/vne1H3v6x5EyXySnQJf6emtapiWurYccDD4YLaAyUV7xx1haVwSQedT+fatn1uHv/URm6+bwFZ23Bdlc2sPx7dyeZjO2vdftzFVQdfQYlJ2JYv0dSEqJ4swL52FUGduqD3cZ4zd+5BTk6dhGP9uupyx7lzO/Z1azB06oy+dRuf8heiqSmq2hTdQ4VoODn5HibNt3GksH6ntl4Hna16urbXEdtKR2xLhTCLgsWoYDSA0+0dRVlQqnKoQGV/nodfDnvYedBd747cY/sZuf3yuk0T4D7wGyf+NAZc2guhhIZiGXkb5qHXoWvVutp0nrxj2JanU/rZJ6jFtY9UPJ1/kJHIt+drmk9NLfkF9//+AB4fIuuglug6PIDOOhaMNTzo7Yfw5L6LZ/+r"
11:15:10.469 [Forwarding screenshot on session 7836b5d0-bd7a-11e6-9730-e5ec4f8847f6 to remote] DEBUG org.apache.http.wire - http-outgoing-0 << "4CrQnr/OiP7SH1FCOtWa9MBxD396p8ynEb6tWijc3CeIIZcYqh1NrAK/HvbwyQYn32TWrYatWwc9L91+dvA956eFvL1zYa3bZ9y8uNr3bF9/QdE/p/lUHtOAq7DcNAbDRZ1qDNbdB36jbMliyr74j/bzWtER9vRzmFKrHlgiRCCSoEyck44VqTzxqY3sBpxBvaHclWas91qdZekLKX79Bd83VBQMHTsT1Pli9NHtwBwMtjLch3Nx/vwTrj276tTcGfrg45ivuVFzes/B2Xh+edDn/aDoUEJ7ooT3AvMF3nUy3SVQ9hvqyQzUk5vQsoh2ZbqOL6OLvV9z+vRNTl5b4XsTmkEHXWP1dGyro02YgtGgUGxTOXjCw/YDHnJO1O98bsigDFXl5FOPYl+/1udy6dvFEHRxN/TtO6CEhQMKakkR7pwDODN34N6X7XOehriLiHj9PZ9qgIVoahKUiXNWqUPlH0vsrN/TxJOSaaTgnXfthp5+mEhTVTk58ynsq7+qf171ZB4ynNBJUzXPZ+Wl4t55F+rhBQ1WLq2UtmPQd32PmpotK1OB5z63s/KnphsVWZUGDcrwzoOX/5e7cOc07BqltdGFRxLxxlz0ba1NWg4hfCUd/cU5y2JUmDbKzLgBRgwBfqZbTArPjDb7JyADUBTCJk3B2LOPf/KrI2Pvywl9aLKPARmAgr7z2yithjRIuTSXouVg9J3fxJeAjFOpHx5u4g8apjI5lyihoYT/4xV0LVvVnrihymAJIfwfsyQgE81SgD+qhKgfRYGb+wTx+l3BJFSzbmRT69ROx1t3m+lzkZ8f4IYgwp5+vsn61Jj69ids6kww+DZY4TSdEX3yQpTW1/q3YBopUcPRd1sMOlOdtg/Sw/RRZnrFn1+Bmd7anogX30TXBJ3sdeGRRLzwLwwdO9eeWIgAFJhPKSH8LLGtjtl3B/PngUZCTL6PqGwIJgP86Uojr/1fMNY6TOWhhWIyE/b35wgeeVuD5F8dy+g7CJs6E8VUt4DmNL0FffJCdB0e8E/BNNJ1mIj+kkW+jeisgikInhltZnhKHQNTjdqEKVzRqWH34Qt97AVEvjYXQyff18asK8OFCUS8/h6GjkmNtk8h/E2CMnHeMOhgVO8gPvpzMDf3CcLURM8wRYEhyQY+uNfCLZcFoW/oq1Cno8WfHyR8xssN3qykaxlF+LOzCBn3V9D56cAUPbrEf6Lvll7zyEp/MLZF3+0/6BKfA8U/J4hBBw8NM/HYtSYsDfCDoF2EwotjzHSICowfG+V0Ua2JmDUHy+g7QGnYkzz42pHePmTtYhp0P0I0tMD5aSVEIwm3KIwbYOTmPkEs3eLiiy1Ojp1s+PEuJgMMTjYw6tIgYls1/u8hY+/Lafn+Yko/fpey/yxEdfpvgk3FaCT4hpuxjPmjX9c2rLCPqGEYLvsJT/azeA6+AR4/LqujM6Frf593clhDuP/yPcOQZAM9LtQzZ43Db4uSX9HJwEPDjIQFawvIfO7aV09KkJGQcX/FdOVgiv81C+f2zX7N39CpwdYNWQAAIABJREFUCy3+/CBBF6f4NV8hmoqMvhTnPY8Km39z802mi/V73BT6sAxSbQw66H6hnrQkA/066wOm6dRz4jhl//kU29dL8Zw4Xud8dC2jMA+9luAbbkEXEenHEtbCcdi7PFLuB+Cox7I9xmh01v9D1/5+MLXzX/lq8esRDws3OFn7swtXHWa5SGij4+7+RnpfpD89BOHdbxzMX1/zHF494/Q8d2vDjb6skari3L6Zsn9/gn3Dt+Cp+/Qexu69CB55K8belzd+pClEA5KgTIgzqCrsPuxhx343O3M8ZB/zzg3l0XiVRIcrdGilI8mqo0uMnuRYHcHGAH5oeDw4tm7CsXE9zu2bcWXtAXcNU4jo9RgSEgm6pAfG3pdj7PYH/zVT1oXqRs3/BvX4V6j561CLd4BaQy2UokdpcTFKRBpK1FCUyH6g+GnEax2cLFP59hc3G391seOAh5Nl1Z9o7SIUesUbGNBVz8Wx+rPGg7652sGijTUHZWlJBp66sZ79/PzAU5CPY/06HD9uwJm5A8+xozWm14VHYEjqirHHpZiuuBJdmwZuxhaiiUhQJkQtXB7IO6lyokSlyKbicKm4PWDQKZiCoIVZIcKiEBWqENTcB9q5XLiPHMJz9AieshKw2cBsRhccgq5NtHeaAX0AH6TqRLXtB9t+cBV7J47VBYEhAkztUYLjQKd9fcrGpALHi1QOF3goLAOnS8UY5D232rdUam2ifP4LO19vr7lZ9JruBiYObfqgrDK1uAj34Vw8+SdQy0pBVVFMZpTwCPTR7dBFtpQaMXFekD5lQtTCoIO2EQptI86Dh4LBgD4mFn1MbFOXpG6UIJTgBAhOaOqS+EwBokIVokLrFvRqWVYsKjQwx3YpLUK9Sy0JcZ4LzCtUCCGEZiqQfaz2PlrtzocfFkI0YxKUCSFEI7A7YV9ew6zFuj/Po2mASlyATqAshPCS5kshhGhAOSc8fL7FxdfbXISY4IN7LRj83C1v3a7a13c1GeCCKAnKhAhkEpQJIYSfeVTY8Kubz390kpH1e8BUZIP0TU5G9fbfiE+XG77YUvOoS/h/9u48Lqpyf+D4BxUGFUUdd1FQc0nH1HC5eLG0ErcWMdMw28CuBmWhWaFWaOaSJZoXbEG7mV21BVu0fmElJkEauCAqbihCLoDIpgyoPL8/zsww7KBYU/f7fr0U5pznPOuZmS/Pc+YM9Hapb/PfASvE/zoJyoQQoo5kX1Z8u+8q3+y5QnolNyReu6OIQV3r06mOZq2+jL9CZl71S5eDutrwp2aFEIBcUyaEEHVm9n+NrIkqqjQgAyi8CvM+LyS7Dm5SfDKjmLVRNftmhjt6yt/gQtg6CcqEEKKOPDioZsuSv2cV88InxhrNcFWVR9AmI4U1+MamgV3q08ZZPnkphK2ToEwIIerICEMD3FrV7GX1ZEYx09YW8Ovx6i/St6aAn5OuEvAfY42/s/WhOryGTQhx88gd/YUQog4dSL3G8x8ba3WMe+f6PDTYntvd6lO/kpiu8CrsOn6VL367SmJqzQO52zrVZ/kUx3JfyySEsD0SlAkhRB1778ciPq3meygr0sTRjl4d6tGhRT0aOWhf8ZV9SZGapTh69hpXajepRj07eNevIV3l/mRC/CVIUCaEEHXsajG8+F8j+0/XMoqqY0/e6cCUf8rSpRB/FfLnkxBC1LEG9WD+BB2da3h92c3g0a0+jwyRgEyIvxIJyoQQ4iZo4mjHW5Md/5Slwz4d6zNvnCN2ciGZEH8psnwphBA30aVCxeubC0vd2f9mGtJNC8h0MkkmxF+OBGVCCHGTKQUbf73Cf34u4upNis0a1IMn7nTg4X/YywyZEH9REpQJIcQf5PSFYt79oYhdJ+o2MhvUtT7T73aQLxwX4i9OgjIhhPiDHfq9mC9+u0L0kavXPXOmawBDezZg/EB7erSTYEyIvwMJyoQQ4k+SZ1TsPn6N+FPXSDpTTFpWMdeKK07byMEOt1Z29Gxfn36u9XHvXB9HuW5MiL8VCcqEEMJGXCuGrHxFrlFRdBXq14OG9tCssR1OjnZyV34h/uYkKBNCCCGEsAFyIYIQQgghhA2QoEwIIYQQwgZIUCaEEEIIYQMkKBNCCCGEsAESlAkhhBBC2AAJyoQQQgghbIAEZUIIIYQQNkCCMiGEEEIIGyBBmRBCCCGEDZCgTAghhBDCBkhQJoQQQghhAyQoE0IIIYSwARKUCSGEEELYAAnKhBBCCCFsgARlQgghhBA2QIIyIYQQQggbIEGZEEIIIYQNkKBMCCGEEMIGSFAmhBBCCGEDJCgTQgghhLABEpQJIYQQQtgACcqEEEIIIWyABGVCCCGEEDZAgjIhhBBCCBsgQZkQQgghhA2QoEwIIYQQwgZIUCaEEEIIYQMkKBNCCCGEsAESlAkhhBBC2AAJyoQQQgghbIAEZUIIIYQQNkCCMiGEEEIIGyBBmRBCCCGEDZCgTAghhBDCBkhQJoQQQghhAyQoE0IIIYSwARKUCSGEEELYAAnKhBBCCCFsgARlQgghhBA2QIIyIYQQQggbIEGZEEII"
11:15:10.469 [Forwarding screenshot on session 7836b5d0-bd7a-11e6-9730-e5ec4f8847f6 to remote] DEBUG org.apache.http.wire - http-outgoing-0 << "IYQNaFDRxv+s/eCProcQQggh/gRP+D71Z1dBmFQYlAEcPpz0R9ZDCCGEEH+woJdm/9lVEFYqDcoAli57+4+qhxBCCCH+YNmZ5/7sKggrck2ZEEIIIYQNkKBMCCGEEMIGSFAmhBBCiOuWm3SaAdPimfl9fqVpYj7az/DVGX9graqQf4EJ0/ay7eKfV4WYNXsZtaZ8f0hQJoQQQojrtnNbpvbz+3OcqSSNPcV/XIWqYw+Vh49/jCKgsIIQrMoL/YUQQgghKpWfwapEhf/UDvwQ/jufJV7hOYM9APu+P0pgRB752KFQtBwEMf9NZHlBaz73aw1AzEcH+Ddt+e+Yery26jRbz2vBW79B7Vnu146ivSnMiCykbXYeP2dBy47NWDW7K910V9j60TFeiykold7hTAZz3jrNz5fATqdjtn83JvbUwcWLvBZykq3nFU10kE8D7Ms0JTMxjRmrznMUsGvckOCAboztak/KbynMCs/kFNCkjTMhL95CPyc4k5jGq++fZ18h2FEP70ldmXOXjveWHiUB2JVcxKPTDYzJO8Ozn2SRiVb/5c93xaFBPfJjTjNq/ykyC0vqLzNlQgghhLgux3ZkcEHnzOSBbXnSYMf6rekAGE+cZmpEHg9P7cGPr7lyh05L3/3WhqTsPs9vhQC5fBJThKFXYz5ZdYpvG7fi/95z56fANuzffZZdFwGucjQ5D9f7uvH1nA44pWazPsHIse+PExxzhXkvGvhpTntO7D7Dv/deJHj+ac4N6Ej0e+58MNaeZSHH2FdYzCehyXzroGfD27fxxl2NALhSqiWFvP/+eRjRhbj3+jO3s5FVUdlw5iwPhmfyj8d7EPeegadb5fLUm6cxks2rq86jG9mVuPfc+eB+HZs3aTOFeeeL2J2tY94jHbmzQQY+n2QxeFJXot/uxuD0bAI2mZct7Xn2OQNfTG9paa/MlAHGjJOknMsHp+a07eyCs43mKYQQQtgOI1/9WADNHPi/n89xHjtITmdbRgd6/16AHc48ONCJpjjx2B1pBGYoWvZvx90c5ouEQvo0SGc3jfjvwEZ0u/VWOifk8v3nJzhwIh+ob5rJUtjpnHlySFOa0pSJXc5w8Ar8nlyAU7+OjOuqA9rx1cLm0CCPiYDTuWyWr86lsMCI4io7juWSlQpjpralm5M93ca1pdt3p8q0xZ5b3OyI2JbM5BNNGOvhytrBejITjgNwZv85XtsPeWcUZF1kT34nlr/WjV3H83jvo0wSkgqgcTMcgKKrMMbHlXEDdWT+dhQ7nHn2rmY4AkGLevMsjiRuSsOpX3vGdtUBrbibTH47XtGC5t9I7Irx2NnZMX9bRpnHaZY08Wv8aNi6Cz1vu42eXTqW2ne9bkaeNRG7pHR7hRBCiJvFeCKdjZegb7Nr/Bx3kZM4oqeYD7dd5MrVYrC6jqxxw/qm3xrx8AgHfvz+DB9F5uB6Z1u6Ucyn7yfx3EdnOZDTgH/0c9KONa8vFmrXYAG0blqfQnOmDlYhzJUi0s5p5d3SpQm9ujSkf7+WBI5uQ98mUAgUWqbG6tO8XGvqMTGgF+FT23N7o6uEf3KKB4JPktcA7GiAoUdjendpyB3D2vL06Na0UrkEzz/GnC8vkte4IXf2cYCr1vmpkl91djiYfnWkmLTzl8uUXZ+WOihE/b2DsqKcSwAUmoYwP/0YADnm0c3ZwfNT1wLg6umFl5c/D/RzubFCb0aeNVRUWLq9QgghxM3y47eZ2LVpRfjMHiyfeStLnr2VJaMdOLbjHOntGwH5fJ9UCFzm2+hCcLADoN/dbdCnZhGebMeTI5oDRRw8ohj6SA+W+LnSv6ECFOkXKv9wQOtODuTvPs9vF4H8i0yff4zQVDtcgDx7R8aN7IBn8yJWfJfBJfvGdG4Bu37NJBNI+S2D3eVyzGfmjIOsy2vCC8/24j+TGkHWFWjqgOIqtG/BxJEdaH0hi9Xf5eFw1cheYG6QgRcmdKBxQTEUFpFeJlenFo6owmw+TzQChax98zBPfZ5TrnRzWPI/tXw54tVoUp/KQ9fOFCTpoBGAIZj9O1+rmyXGm5FnDTno/sDChBBC/O8qvMgniYoxj7cutbnfP9ug/y6VHQVdWDniEjNCEgkBmuhAb07UvCW+XVJZdqUlQ1sBODL8Th0vfHKYAZ9AkxYO6FHsSTFyVxNAZ1eqDB3Qa+wtPH3kME+/HA9Ayx6teMurNQ7tjUxZlcyAr7W0d4zuwtj29jCzEwmvn2bUtHPYYQflLvN3YuokZx7bdIQBm7Qt4yd1o3PXpqweXcDTIYmEoV3Q//Sz3XFtfo1xHe1YOC+ehYBbRwfAyNEzmGbFtDo7du3E6tGXeHrVQe34xo1YGdgOIs6hcygp3QGggR2oCny45n314gszy20P9PZSXj6LVZLVtrjwQOXl5aX8Q2OstiarxT5earCHpxrg6aWCtySX7MqO0fLxDlQx2VZHbFmsvDy91L+ee1x51vKY4AjrGpWICvZSgAqKTFVKKZUUEay8PL1VeEy6StgYrLw8DVo4jqvy8vZSgeHmNqSqjcG+yuDqqlxdXZWrq0H5Bq9TqRWWUqKyPBM2BilPT28VGpNeJr22PTxO2560MVh5evqodZGRKsRXq7urq6vy9PJVG+NKH1uQHKWCfb0sdfT2D1ZBPoZS7a1UdpIKDyrfvuSC0nXz8vJVIaGLlbfBVEbgRpVtKdtbGVxdFbgqT59gFRERonw8vVTQxoRqekkIIYStuJhx9uYWkGdUGVnXapS0IM+oMvJqlrbqY66pjCyjyjGWT5+RZVQF5TeXMBZVnKaS7TmVlFNxvkXVJqtdUOaKAlRogrla6SrYU9uGIViZw4aChFBtW89B2k/vcEtD0qOCTUGLdfBQoMJ9tG3PvfZYrY8JriQIKRuURQZ5Wh7HhHhb8jT/8wyOVKogTvm7Wm3z9CxJ4+qvEqoYzcrytC7XWtnt5scl5blaPfZUW8yHp29RnpbtrsrT4FrquCqDsvRI5U0l7cPHEvRGBnmVawueISq7bNmepcs2BEVWXrYQQgibctODMlErtbqm7IEnvQD4YedBbUPGbn6INu1M/IHdpuvL9/74AwDeTzyOF8DmHzlo1Pbt+/4HS347tx/WfjHuZesGAB8enTql1sfcO7Rm12w56BpZfvd4PgKVHokngCGIVKXY+doIdiydQ1gK4BlITGoBO3fuRKXHEegJpITxwoodleZfWZ7W5VZWn9KPDYREJqNOnUKlx+DrChDNL/vTACMfPxdANIBXMEkFp9h54BQJG4Nq1AebXn6KzQAGf2LSFTt37qQgNQpfA8AG/jV/q6ku5iMMLN6SQHJcJJErHuTrsmXvPEXSlmBcTamb1agWQgghhCirVkFZv3tHA7D5q53kAGm7fyHasjeaX3anARlEfrEZcMV74iM84A2wgW17c4A0tn9jdcQ320kDMnZGshlw9X0Ad5dBtT/G8TpaDuBguv6rmQ4tBskg6odIAIJenYmHiyNGoxFjK3eCFgYDEPnJ91T5WcpyedaeIXAJz4/orD1o5cHU6V6WvOEshw+kAK6se+c1epja3mfSItb5uFaQm7UDRP6YAkDof9/Go5W21dHlTkL/EwJA4rZfSrXP4L+Al8f2obP7CEa4Z/NrjFb2xndLyu4x9jVCAz2vs7VCCCGEgFoGZc7ud+MLEPkdh4D9P34DGFgcEgjAN78chpzdfB4NGCYzvLMzd3v7ArB9xyHI2c83iWDwX0yQN5C4k8M5sG+7NhM2efw/ges5po7kHCLGFP8t9uqInZ0dDRs2pKGdHa2HBZsS6SBnB+Pt7HBzc7P8s7Mbz446uhNFt04tSj0usv4wZcZxdiYCDKFXmRisn+eQqjPOOUdaCoAvQ/uUjmQdb+mvzVAm7uSwVTu6dWtrVfY5ElIA1/EM6lw660EP3FN12UIIIYSoUi0/fdmHe/0NrA2LZMe2HeRuSwTXQLwfeYDtgSFE7oxhW98cEgGvR0biAjDcCwNridy+i9gep0kE/O/x5r6U7SzeHEnMT9so/CYa8GKkp7YM2eM6jqkTRUVY7h7i6Y1Px9KBS8OGUODcBV1REceAlJQUq71NavBdWjWbO+vb"
11:15:10.469 [Forwarding screenshot on session 7836b5d0-bd7a-11e6-9730-e5ec4f8847f6 to remote] DEBUG org.apache.http.wire - http-outgoing-0 << "/5bqE7k2xKHMDGFzV7dqDnKgMYCrM06Vpim9pFphXZpUlLMQQgghbkStb4nhOW4ChCXy7oJ5kAiuvoPp0aofwz0hMjoYL9NM0wNjB2u/uPyTCZ6QGLmCF88AuHLHwB70bzsciCR4vGlpzmcig833j7ieY+pCq1sYaoDoRFfWrYvg0VKzQRls2xyNQ6d+tGrVjp9SU8vcDUxHy1ZA+duPWBiLyt4/rOwN5DSF5dJZ17ETAw0QnbibQ2nQxyomPfzjzsqPs5ayjd1p0Nk6ns06zREAwxD6tYJDFdXFwYFWAIkR7D65nM5W/bPb6ro/IYQQf3+Ze48z+kP47p1baPlnV6YuZGTw3u4GTBtb/tay1dH6wo7v3ul6Q31R65vHtho0DG8gJTqaFGCs1yDAmTvHepckcg3kbsvymAteD3oDKUQnpoBhPINcwLGXB1ZH4P/AXZRM/FzPMTkciY8lNvZAVXFRNdpx6yBXIIU3F4ZZXVtlZFPAXXiNH8+wJzaRgyOtXFxwKfWvFdVd2hay5mtL3YxHNjEvOLrK9BVryy3tARJZ+Nqakrae3MxbIWXzK9MnzoPRhimRl15bQ8kqZRor5r5CCkB758pnvZzvZJK/1j8vzVrCEdMHMU5uW8HMxdfTFiGEEH9ZV+HvdK/y3FNZbEy+Wn3CyhSq6tNUo/Z39HcezFjLBeUG7jBdXNRrxB2WJJ6TR9PD6pD+d4+1/G64YyidAZz7cYeX5QjG3FX6IqVaH5MRzYQBQxgy5D6ia3Ft12WAbPN55cijLy7FACSuDaCj20hmzp/D5KE9eTgsEYDF//ar9oawpfOEwfc+oP2yOYC+QycT4Deehj0f5vrCGGf8392IK5C4dirNhk5mzhw/+nQZT2TZpOX6xJFH5ocDkLJ2Kq37jGfO/DmM79ORwA0pgIF170yvsn2TgkLxBFI2B9GzoRtDh7rRxSuQxOtqixBCiL+sStfajHyyOpEB0+IZMC2eUQuPcygfMvemMHnpUWYGmbef4JjpjXLf90cZPi2egdP2MHXhfkYtPU1u/gWmzjhEjOnaoH2fH2LyRxcAOJOYxtQZWj4Dp+1l0U+5AGQm/c5kU7kTFiYyauZhfssHCi/z3vL9pvR7WPR9dukq519gZng+eYmntTIuZvPW0r2W9K99f9GUsJAvPzpkadvk1b+TWab1v23V2jJgWjyjlp7kUPXXNllcx9csOXLXQ+O1Xw338U9TXOTceyg+phQP3jeo9BF97iLQoP1+35iBpq3ODH3AdIS3D56tuLFjHJzoBkAPy0yPg3NjAMyfgyx5bDlIu4KqvdUnJXtMIjppC76erpASSUjwYjZEp4CrF4sjEnj5zjIVLad8no7u/sSE+gOQEr2BsLWbweBPeGhgNfUr2w6TzpOIjgnH2xWI3sDixWtJxIugIJ9S+VXUJ459/EiP24iPAUjczOLgxWxOBFdPXzbG/cSjpo9UVlYXXMayMzuOIG8DkEJ0dAqePkEEemuBeseubcseIYQQ4n/IoS+PsWJffcLfdifu7a70Ss1hXYIRuMrR5Dxc7+vG13M64JSazfoEI8YTp5kakcfDU3vw40JXWmZd5cL5K+RTTFqhkUum76zMzjFy9nIxkM2rq86jG9mVuPfc+eB+HZs3neMMubwWco5GIzrxf2/firfzFS5cKiL7CnwZepjw7KZ88Y47373Yhm0RJ1h7wuprnJz0zBzfiJY92vDWw8359P0TbMpuyrolt/H59JZsjUjmrb2FHPv+BG/EXGP+iwZ+eq0TbfedY/p/L5Tkk5/Bi1/n8fCzBuLe6cbg37P48rCxxn1np5QqN9/2n7UfcPhwEkuXvX2dQ/L3kJF2kqxL4OBgT7vOLtUuT1bLmMPJs1kUFYFrj843nh9GMtLOknWpiBauPWhVywwzTp4kqwgaN26Bi0vNLs7bETaHdcddmLfcH+u5za0Bfbg3LJGgyHQWjagucBVCCGELsjPP0azl9f0xnbn3OKPfhe/eK3tN2RUO7b1IYkoBx1MvEZFYwPipvflXgzRGfwg/vnMLTYFPl+7h4NBeTMlLZvJWHT++05WmQMpPh5nwpT3fLXJmyqw0Zi3pz4jmELVmL/OLXNj+dCtyz+Sy63geyScLSEjKYXdhM758Tse4RRkse7s/w5yAM78zcH46i5b0Yv/riWzSNcL7lvrANSJ2X8btTjc+n6wvac9vR5nyazP+71lHAqYdo+VUA/MHalMTny6MZ7W+E0/nnmZ1005sf1p7nzv2/SEmRzjw4XR48l347p3WLJpxjJ3YMahfc8b8Q8/d/ZvW+P3+f+q7L2urlUtn6jS8cHSmc+e6/GSC4w3VsVXn2h6bw8GvFrM2Eo4W6li36BHa6fLY+1kI94YlAq7c2qmCj2YKIYT4n3Ho++M8FnGZfgZnvHo3pV9iAebvgqSw5Mu3Wzetz54a5Gdv+ppKhwZoBxfmEjz/GDsb65g0pDl39ilg96+UlGFhtRh4FfTdGtO3c30uUY8X2zbGoXUFd0RoYAfUK3eTAQf7kp/5pbbblV5S0jVl0cIe/Hogi+2/XeS1d7P4sEzwV5XrWL4U/7uceShYu8lsdNhUujRrSMOGrRny2GIAvBZ/YFn+FEII8b/gGifPGElJucyxlHyOnSkkPbkAux4dCH/2Fib2bEA2kJl1pdIcOt7ihCrMZsPefHIzLrJ222VoYA7eijlyqhAKc/k+vlj7Eu/LRvYCc4MMvDChA40LiqGwiJy2jelLMZ/9kEFmvpFPv0o3lWBPi9ZwIbceg+/qwMT+DkR+ncGvBeVDoAuHL3KsUEf3NvDtzgwygdyUc6xPhhEDmuLWyQH2ZfHbRSA/n8+2XMaprzOWucYzZ/Gcd4Tsnp2Y/1Jf5vWAlAvXatybMlMmaqWVx/NkJ/Xnw48+5eekswA0b9cXr4kPM+nOHtUcLYQQ4u+jPoocnp5/0LLFTufM+482xyn8dwZM+x07XQO6NYa9R/OhNaArPZulAxy7dmLdpCIee/cI4dih14FTh4a0cNIzvd8ZFq5K5APArYWddo/N5k6M62jHwnnxLATcOjoARo5eaMbyF9sz/c3TjPoOWrawAxrSoVE9RgS4cfT1U4yadh6Alj3asOSO0vfldGrRCKfC80yefZrvXulE4uunLem7D+rAMwN1NB3YlaknjvD0y/Fae9s489GUVnAoR2tb+5bMG5TJwvla3exwYO6LNb/FhlxTJoQQQvyPupFryqpUeIXMy9CyuX21SXOT0pj51TUWvORKe+DL5fG80bATv5mu2zLmF5KPPS2dSs9s5V4shEY6mpqXDwuzefmNs4x69laGtTJdm7bJvtQ1b7kXCymyL59XpXUrW4aJ8WIh+VXkY8wvJP9KvRq135rMlAkhhBCibunsaVnDL4Bu2rkpLZOP8cC0C+hRXKAes19sZtnv6KSr8EL5ps3LFKBryu3NknlhXjwtG0PmJbhnfLdSH0Iod0x1daskvWPziutUXZ2rI0GZEEIIIf48uqYsee82DiXlc+lqfTp0a0r72sVOJvWYOPN2Bp/IJr1A0ayNM91a/bUuna90+XLc/ff9GfURQgghxB/opixfiutSYVAmhBBCCCH+WH+teT0hhBBCiL8pCcqEEEIIIWyABGVCCCGEEDZAgjIhhBBCCBsgQZkQQgghhA2QoEwIIYQQwgZIUCaEEEIIYQPkjv6iRuLj4//sKog64O7uXuqxjKuA8ueFEOLPIUGZqLFu3br92VUQN2Djxo0VvvnKuP5vq+y8EEL88WT5UgghhBDCBkhQJoQQQghhAyQoE0IIIYSwARKUCSGEEELYAAnKhBBCCCFsgARlQgghhBA2QIIyIYQQQggbIPcpEzdBLmfOXOTKFXsaN29By6aOf3aFboCRzDNZXLrC36AtQgghbJnMlIm6k3uQ8DlT6O3ckVtvvY3bbruVrh3b4DFlDttTjH9gRTJZPsoZ5ynh5N5ALrs3LsDDuQ1db73Vqi0LiD5TZxW9Dqa2jQu7obbVtKywcc44O08hOhd2h03B2dmZJdGZdZK7cW84vZ2dca7k34LtddHRpc+Fg+v8cHYexfa6aUL50qKXa31UJ3WvQO52"
11:15:10.472 [Forwarding screenshot on session 7836b5d0-bd7a-11e6-9730-e5ec4f8847f6 to remote] DEBUG org.apache.http.wire - http-outgoing-0 << "RtVZ3wghbI3MlIm6YdxLQMdhrAdwGc4sv3txa5rLrs/XsP6bUMZ9c4itJ77Es+UfWKcTmeQDTa/j0JRv5jBiWijgwpRZfvRvD3s/X8P6b95m7Dc5xOS8Te86rm6tnM+97rbVRq4RIJNLRXAlU4tkiq4U1Une+dmZpAEuHsPp39Kp9L58HX1cWtRJOYCr8h6wAAAgAElEQVTlXEg/dQhwrrt8yymy+v/myLmJeQsh/lwSlIk68f2bQawHXCa8zY41UzHHXo9NncmoBeOY8vZ23vp0N57+g/7Qejlc53FJsdsBF1bFxfNYN9OS5VR/hga4M219ON9EB9H7D40wy3B2QAtjjMDNW1J1sPrZuntXIBYH++vt1TLstR+PzlvHy543O7zU2jD81VhyXr3pRQkhxHWR5Utx43KjWf12LDCBD0NLAjKz+16cwwTAKfM85kXMY9vX4Teqt2WpalzAcvZarccZz+xmecA4y/7eo/zYuLtkycZ47HvmTPEw7e9NwII5TBnlwax1eyusYubezQSUKi+Mg5Wu/xk5f17b6VAq4HFkzOMvcZ/HBNwal6SNXrcAD8uymwdz1kVjvVi7e+MSxnmUlO0xyo915rbk7iZg1CgC5sxilOn48L25kFmm/eMC2LzXas0tNpIls6bg7NzG0n8Hb/IKcUeXNgD079lSq7fHKOYsX06Ah6ntvcexLvog28NnWeo9ym85x6qrVzUzb9WOXe5BwmZVfq5YS/lmCR4eAUTnYmnDgvAwqzZ4MCc82uqIM2xc4GdZZvUIWELYgimM8gvnulZAc3cT0NuDsN2ZVWzL5fuwOYzqba7TKBaUOadKOieaWeNG0dvDjw9Wz8Gj9zjWWT+ROEOYnwejAtb9AcvdQogbJTNlosauXbtW4fbClOMcA3oFTsbd/hrlktm7835WljkTUiNfZ8DDIcBwXl05F8dTW5gTMp/t60/w09l36Ff4C7633sdW4MHAZdzjlsm655YybcTn/P7NUZ7vcxLfARPZCvi9upLbCn/juaWhAHj8I4tr19qjACjm2rVrXNy3hq53zQY8eGnlXFqe+YHZS4MYEpXK7oSF3FKuRfb0v3sYfL6eaQOc+drvJbyG9KdPHwP93B/ho62PWPojauk4xi+NxWW4HyunDOBUxBuEPDuWPWkRbH1pGMc3z2bEtDXgMYVlq/8Jp35h5dL1PDuigN5nP6ZfQR6/x8ayPTaWXsOH0+sYdGhyjJl3jmBNWkn7Vz23lCe2n6Dp0Y9MbYslNHw4Ly1bRtGvHxKyfj5TW/Ul+pVhdTaucM1UFhRfu0bj258kYt0/6d7oGtfy8jhxKJbY+bH0ejCQRRNyCVuwhmfHDgFc8F+0DF18BCGfz+fZXgPY+vw/y+deXAxAesohko8055JVbObQzIVb2jclt9qxO85sjyGWvhrTPY/1Ty9g2ojPyf3pFH79rpU6F47HR3HoEOQVXOMaWhvWz4rFZaw/y55swrcrlxI6ayx6wymeH6hj04wRPL0+DY8pLzF3oI5Pn1tAEECvXhRcu0bZnjO3qbj4WsX9ei2PPWmHaJVXULK/zLbI1yfycEgsLsP9WT2/B3Hhz/H2s2PJdt7LsjtM+ddvxrXzP/Jo9/FsBV7duJdHXH7mhZdDWfrxdh657V4ACvdtJujzQ4xd1J3GFdRXCGFbJCgTNywv/QxpgJ/BxWprLlveXcmvGaADoBBa3cFz0//Bdx+HAB5sTPwCr/YAk/iH2wzuem49oZ/68pLTl1rAtXo3yyZpIdOkO3oztv9jLFi0nn73xbMVCNyYyCte7YFH8XDTMejpNRXULpf/vq69qW88uhWvllp593RvRn+/MDZEPc8rw8ovQ/aa9A7f04HgN5aydc1Stlqy9iBwdTCvTBoIhb+wamksjF3Gbx/7ae30HofbU+14bukqfnl6GI2zoJeHP//Zag7+JtG16ATjQ7JIzwMctAVIlweX8e0HfjQFMqNe5+E0eHDlT3zwaD8AhrYpwvDwZyQduWCqx4N8c+oD/tkU8LuHwl39Cft+F2deGUb72g9hzejaM+xeU+6F2g+XB1fy4wePogP6FB7ivqWxvBTxf7w0rD3gztEv7uJk3pUqs13z3H2UGzm/jWQt+0e1Y+dz8T3WpMGU1bt5x3SueI/ux1i38cx++zMe+viBUtmaV14dLP9pbfjN1IYp7s60u2sOeZfy4czPrFqfhsuU1US8MwkdMGl0Lx7s/jDbuf6l8SrlRrEyJBaGv8pPXzxPS2DSmJ5kDxzJoR17KLyjOc5AbtJ6nrpvNlvxYOVPH/Fov5bAaF4d/hwL1mzit4X3MlAH2z5fD3jw6ISBN6O2Qog6JkGZqDGlVMXbTWdR4tFzKNXVtLWQg1+FELbLKqGLDt9pHdi3FXhwEkPbKcxZ9r1/HIOfW8/BU1mcdkgEenLPXV1Lyuw0mHsGQ+zFQnJyMgEX+vVvZ9nfddQDDGYNFylGKYUqBopBqUJyLgPE8vD9Q+hprktSEgDf7Uxg3p3DK2zXgIkvsmXii2SeOcaRPXv4ZcdWlq7dSsjTI0lXO1nY8zDbAbbOZvjoNdoV2M6QtAvgLPmFiiG+b7LJfTtfL53LyuOnid+1laQ0gME0UAqliikGut3ehyZKoYCkXTHAYHxG9bW0r92IeVy4MA/IZEUx0PMWujcx918j9B2AHLA35VEblY0rmPqRYopVyVhpu7R6d7ilMw6mMhXFwGAGWsalA7f3hBOmMSlfrvbzkTc34Hdbc/KLSqbKWvdwR6n8asfunyQCsP7p8cStNH9YIJ8kgP1nyCt1LihTHTG1x9z3PSxtcOhsYLCWgIykgxwCnh7radmPvj+eg2F7jjm/ittEsaq4X01lltqvGtDEvC0vj4vAgw+MQG/O32EA7+83BeO523EE1syerT0eO4kpffWmvPSMe8KXBdvXsinydwbc+zsfhh2CB8MYqi8zfkIImyRBmaixyt689d0HMhjYdTyJHDXE9IlAPbO3ZqK9dWSycmxPXs+xx141pqkL4OiEzvpNTZnmHRQ4KIB8ikoFAsrys74CcNLeKFW53Vb11N74zDMavvc/REvTFI/uoSnodIU4dXUp367cOF7xe570u1fw3vQB6NvdwpCxtzBk7ERmPLmeDkOfJ/7oeQpdtGuAXIb78pBnBwoLtbyn3DcFaEFnJ8X2pQ8x4c3tAAwf+yCjpr/J8B9fZPV2wFT/HMCjj5ulHkWmWSjsS7+R5mbmomtSum2qTOMrChSqU1VQZpWoTFCm1XvUQDer4MK0r9CcVmm9rSouw1zTDj37c9uA8rOVSuVVO3YOpksIxz49mdubmCfwdEyZogOnnjQucy6UdFXFfY8qIsdUN3P9dKhS55R1fuWCMsuIVBaUmX442Fv2F6YlsQvwQGHMvkgS4O5kX+r4wtxcCnVNaargMsDgB3mk5UE+2fo8szf9gzcnarOEne6ZyFjWsvbrH3nE4RTbgRcfv6v0c00IYbPkQn9RY0qpiv/pDdw3DPjiRZ5ZEVV+f+YRkn/X8ihSplmdTyL4raAkzZmfv2MX0MutFcqhIZDGwcQzJXnkHCHeNOvWqKkeSGLXr6cs+4/99CW70G52YP3ei+X3MfjMnsHs2bOZPXs2M+5py+GYg2QWVtAee0XK9iS+mPc+UZml9zmY/4wpLELfe5A2q9J+CDNmlOTtbv87MXtOkWc8w+6vt4OLL7EZGXz6n3eZO+1JBnfuaamc5X23qMhSRgdDb2AXP/5c0v6Cve/SpWcXnlqfaNU2c72oYFv5f7UeV+t8Kb+v3PHl0lZdhvmAIqu2V1x+5WPXUK8HoNvdvsww7Z89+wGMh2M4fCa7fN+UqmP5vreus96tOy7A51t+osByLieyc5dVfpW0ycG+ccVtKtLO0aOHz1u2nT1x0lKmQ/vODAY++fZXq+NO8UqXLnQZv4JMU/7Pz3mTFf9ZxXhgrf8TbDllSuvgzpPPD4YvnudxnxXg4ou3h76KMZZQTQhbIjNlosYqfwFvwb/CN7PnFm8iFk6g1edjeO7BO3BreYVTu39k5YYoLdn4djRSLRgz9UkW7vqQ0RNe5D8vT6DxmUgCA1YDg7n/n7fi"
11:15:10.474 [Forwarding screenshot on session 7836b5d0-bd7a-11e6-9730-e5ec4f8847f6 to remote] DEBUG org.apache.http.wire - http-outgoing-0 << "Yf8UgxdG8eaEiajQ1xnWPpv1QU/xLfDkrHHcMfJOxsz7lhVPDCBn7hJ6FO3n5WUbAMhR2rKUNmOiKFYteODpaSzc9R4jhk4j9HU/2l/aw5InXmEXLnwwv0P5dunceWruGL59I4IJPXfj89zjDOreksyju/lopVbOg179UE0ceHg8BH4ylXsdzvLy5Ns5E7WGgDcioOdsFjVpgL0zkBTDli+jGeEGv/53CS9/mAT0JD9PoZqbZlZUyRJf12H3MYa1rH5iIk4fvM6wZumsCZwH9GTiyF4cjDC3zRxklLTXWKczZeZ8obC47ExZ+XoXm2eBLGmLtbpU8uZfXFw+j9KqH7u+nk8x7KVvWTHhHgpClnJ/d4gMfYmV36YxZkkgTUqdC6pMHSso33pbJy9e83HhqU+eZ0TBSaYNdeKrwDeIAnC27v/ybdrx0UIKf3LAaP7IZFERTYdMZvbw+jQEvn3pRd5tMYOO+buZF7gaAHtVjGrSn8d8XNi14Xke76gIuNeNPWuXsBYY//A9tFAZ2kxeUR5K9WXhZ7OJeGgZTwS8yb5vZtMeGDTxYVxW7CINGDbtQbrKLJkQfxkSlIkaq/Kv6iZDWH38FzxX/Zv3V25g5RvfWna5DB7PtOnTeXxMX3RK0eT+JWzNc2DazPd4wvtDLVHP8bz/7puM7qRQ3MMnUe/z4vR/sSzgIZZpuTBt+SoW3N8VBXx4fCuLZsxi5RsvAz2ZNnsaW5e9h0c/N5QCh4Zoa1NK0Wn0AiL/7ciMZ1YS8FCEqVaDeX39cu7vpKuwXUNmfMhm/SKWLF/JhpVvsMG8o+cYliyYz5ND9CgFk1f/RqHzbF7+8BXMTXEZNo1VK16gnYKHZr3ODxNf4Y2nvHkDwGU8s2f7sGzZBnbsPcbou5R2K1PrJb4mQ3gn6kMcpz/JsqfM7dfqO7odpFq1TTvCgaYNgYZNS659qoWqxrVpQwA9jRzKXpNUvt4ODg1Ne8qnraoMh0qWN4Hqx44hhP/yIa/4Pcl7gY/wninF+Nnv8+aTt6HUhVLnAjQECizLk+X6vtQ2HfeviKGBy/M8uWwlgREwzOdJhm34kKicIm15vZI27Yr4kF1ltg1uOpoX7r+T4PefY8q/VvLKU9qneMc/6QMfbqDIVOaEFZvJc3yGl1cG8u3KkvYsnHwrKi+9VJ31d7zAh9N+5sn3lrFg/VhWP3Iruq4jeXwwvLGrJ4/fN0Bmw4T4C7FT8owVNRAfH4+Li0v1CQEwknn2IpevQKNmzSv/vkhjLmfTs6FRM9q1rPjmoZlnz3IFaNyuneXu9bmHP+PlZQd49M0FeJguRTLufx+3ka8yY9Ne5tzZrpJ65XL2dDbYN6J5u5Y1vuVqbuZZsi9fwb6Kehozz5JeaZpczp69BNjTrl3tbjibefY0l7Gndbt2N3yL2K+++op//etfpbbVblz/TNWPXebZs1wGGjVvR8u6uJ+u8TBvzVyGw/hgZtzTybTxMIFth7PBZxWnQh66/jEx5nL2YjbYt6ZdJZXVzilo1KwdlZx2lTDVccxiTq19sto6VnReCCH+HDJTJmqs2HQPpuo50KJNG8xfklPpcQ5OtHFxqjJNizZtzJlgTlGcd4qIb98nIrOQd54ZTbPs/fx7xmLAhVtaOVdRz5LyrPOrjlOLNji1qLotDi3a4FJpGifatKm6nZVp0cZF68da1Le2alunP0f1Y1dyzhVTJ00qLiQx4lv+LyKZwrdmM8TlCt+/u5ANgLd7bxxuZEwcqj8nSs6pmrbnNJ+v+oSYvZvZCDz7mNeN1VEI8YeToEzUmK1MqjZx92dDcAY+wR8x47GPtI0ud7BoxXIe7FHxcqSonPRXJXR9ePPrZeA/m7df8ONt02bvoHDe8ulhg/1WRNziVWwEej62Ev+hbW2wjkKIqkhQJmrMdl7gdQyduoi0KS9zLvsy2DeirV5b37GdOv51SJ9VrsXtPoT/6sOFC+e4csWeRs30NHWkzCc5bUUXXj20nxlX7LXng03WUQhRFQnKRI3Z3Ju3rglt2jQBbLBufyHSd9Vr0cK0jF7uQwy2RdekBW2QMRXir0qCMlFj8kL/9yTjKoQQtkGCMlFj8ub99yTjKoQQtkGCMlFj8ub99yTjKoQQtkGCMlFj8ub99yTjKoQQtkG++1IIIYQQwgbITJmoscjIyD+7CuImkHEVQgjbIF+zJIQQQghhA2T5UgghhBDCBkhQJoQQQghhAyQoE0IIIYSwARKUCSGEEELYAAnKhBBCCCFsgARlQgghhBA2QIIyIYQQQggbIEGZEEIIIYQNkKBMCCGEEMIGSFAmhBBCCGEDJCgTQgghhLABEpQJIYQQQtgACcqEEEIIIWyABGVCCCGEEDZAgjIhhBBCCBsgQZkQQgghhA2QoEwIIYQQwgZIUCaEEEIIYQMkKBNCCCGEsAESlAkhhBBC2AAJyoQQQgghbIAEZUIIIYQQNkCCMiGEEEIIGyBBmRBCCCGEDZCgTAghhBDCBkhQJoQQQghhAyQoE0IIIYSwARKUCSGEEELYAAnKhBBCCCFsgARlQgghhBA2QIIyIYQQQggbIEGZEEIIIYQNkKBMCCGEEMIGSFAmhBBCCGEDJCgTQgghhLABEpQJIYQQQtgACcqEEEIIIWyABGVCCCGEEDZAgjIhhBBCCBsgQZkQQgghhA1o8GdX4K/m15WJvJ7bjq2v6Pl1aSKvX27GHWdyOd6pOW+90g5n68QZF5g38ywMd2Ghb7PrKu/3H04TvOkSjo7l42ejsQHT3+qKu3MFBwJwhU9eOE6hTxd83XW1Kzgnm9fnnSW9TNzu3NqRIePaMqZPLfOrxIHPTvDmLkf+/VYHKm1GRYz5LH02lVbTq25b2rYwXtsYj6OjY/ksjK3xX/48h+bPpOiRJfi5t6p9A2pS1SObCZj/G/6rF5UbK+ORzcyan8D0ta/Rp3wV/3aMRzYRMH9/hX3x59THtvr/yI5t0G8EPWrTN8Y0DhyDPn1cqjzXapNPtUlr0W9Htq4gaMka9mQPYuGsTnyb0IXVyx+t3fO96sqwJOBNWvmXeQ4bD7AkYDHHOj3A8tcmlXlt3sGc51bC3XNZ5Od+HYXmsGn+HCLToYJXFmjtxaKyZZaq8g2MUx3lY8yIZ23YWqL3n6Vhu76Mn+7P2D6m/jOeZNOKVXy1+xzNe3riG+hP+ZfHDML8Xkbnvxw/68Iz4gkLWcsPSRdp1/dupvv70efmvLT+PSlRC0VqxfA4NXxJllKqSC24PU5NWHNRbVuQoJo3j1NztxaUSv3p1Hil18er9UnXrrvEqCUHlL77HnX77XvU7d3jVPPmcZbH+u4H1Lb0qo42qrn6OPVMmXrVSHq6Gq6PU/rbE9SEMQlqzJgDasyYPVr5N9gma9tmxSm9/piqshmV1K+7Pk7N2lZ126IWeytcDcpgMCiDKwqwPMbVW0Wmp6sgUP5bUq+7DdVWNSpIAWpLBY1MjwxS4Frhvr8jW2uvLdUnOyr4OuqSrUI8UfhvUUrdSHtK51OdmpeTrAJdUbh6KV//YBUagIKg2j/fq66McgUVGFn+ORwZ7KUAFVTm+b3R11WBq1qXdB2vjVqhKtTHoFwNBmUwuGqvK2B5bPAOqbKNdXXeVfXaUqXsKOUFClyVb6C/8jTVPzQuWymVrUK8tMc+/r7KFRT4qoRSXVWgIoJMfWvd79lRyhsUGJSvv4/p9TZQJd9YM/+nSFBWK5fUVH2cmht7TSmVoybo49SSuCKl1CU1q3uc0usPqQRTyuzYU6p58zg1Zc3FOis9O/a40uv3qG3ZNT3CqOZ2j1Nzo4qUUkrV6uUnO13dro9TC0zHmqXHpqju+jg1fElmbXKrXMG12tVLmdpRkKWG6+PU3GqCMmvZMcEKDCqyVP+lqyBXVFCUtrHgel+jq1GQXXHGBTGLtTrZQFDwR0iPCrap9tpS/5vPz6gaP7+VUipbLTagDEFRSilz/3qqKNPpVotnR6l8qlPjfiuIVAZQgeYnXUFBrZ/vVWavVUZ5lg0OLExBIb4lr80xIVrAER5XR7XIVos9URiCVU2HrvQ43ViPVPbaUmX5kVowF2qOtLJjlDcoQ1CkKkgIV4Dy"
11:15:10.474 [Forwarding screenshot on session 7836b5d0-bd7a-11e6-9730-e5ec4f8847f6 to remote] DEBUG org.apache.http.wire - http-outgoing-0 << "35hk2qX1V6A5sC1IUiE+BksgGmzV73Eh3qZgV3ucHOGvAMtjUT25pqwmci7yaI94evRI4otiePfefbi7H+fHYlg28gg/ZDRi4X9bUVx8mZeXXgSMvP54JvX6tWC5ZdmykC+XHqZFi3hatIinpfshPjtQqGUffxr3HofYkWNKaszmqR57WbqjsFQ1iswPi6y3FrJybOm0v648RI+HUsgAdE4Qsz6Zu1rG075FPHc9epID5nIo5ofVR6zqdJgvj1yhdO7FpR636teYDkBOnml7Ti5LH91vyWPss6c5CXw77wDuj6ahFXWFtU/tt9QJivnshf2MnZdO/IdH6Gva/uvKQ4x99iTzHtqj1aflXl7/Mt9S9oEvT+Buaof7mJPsKwaduQ8e2sNDSy9UOYxF5n4rKr1d1wTiv5rPSDs7Gja0w21oANtOGk17jWwLC8DOzk7718ePzUdyKCt2xWTshs7hiGWLkU0BQ+kT8DE58WEM7OvLjgyAND6eOd6UnxsPvBgElCxtZ8R+zHg3O8v+OR/HW/Yd2RbGSMu+Psz5OLakbzbPp4+5jnZDmb+p5LjK5MSvYajbUCZPHmlpn9+KbRgtCQ6wZPJQy76RAWGcLKkpm5f4WfXLZDYdyDD1hR9D/eYQMNK0z208a2LTKqxDVe2tsu5HtjJzZB9L+W4jA9h6xAhksGL8UPzmzGGked/QALZZiq+6/0ureOyNRzYx1K4PYfEl50Ha1vm42U3WnsOV9lvldcuJXUHfIcFAIsOajWdbRs3GND7saYISIXHxMNzGryATgGjemzUZOzs7GtrZMXLmx6bnXeX9VjafjHIlXcd5mxPL5IZeJAIhXs0YOX8H8WsD6GnKP3bFZEYGLGHOeDfLOT1/s/kZVPXzztw3De3s6DPCh2jMrwVldWbRF6HAWl5YEgukMd8nEDwXs9KybFnVuTy5VH/kxK+hj9tkYku9BBRhfvXNs9qaEx9GH7fJVq/r8fi59WHJDnNu0az0HYmdXUPs7NwIqPFzr3QZ5tcW7fk8koCAyZbjxluNvbVz+U3x8Q1htHnt2bkXgwxa/VMOxQDeTHmgh7bLYwJBrhDxy2Gtt358h8ANeQQGBwJQ8s6TwbY1m3ENDOXRHpCRlkGLu4JJiEtglGsFlRAV+7Ojwr8Go4rafFaFzdqn9PoDas3W8yrsmT1Krz+gwj5NV8mmPza2Ldin9Pp4NWXKPqXX71Gb00pyiFqwTzVvHqeeCTuvEuLOq1nD45Rev09tTVMqPeqY0uv3qK3mvzrTtVmqsrNA6VGmmbJSf51qs2HWy3hRC/YoffdjKl0Z1ZLh2pLn3PWZKm5birYkOSFFZSul4sIOlNQpIVPNHROn9PoEFZWulMrWli+nrDirYmMzVVRUptq27axaMEVbwtTqVqAW3B6n9PoDan3UxZL8p6SqhPWHlF6/T/urPztTjdGb2puulCrIUmP0cWrK+jyrupb00e3PnFJRsedN9TmgYguUyo7TZh6HP5Oi4uIy1Vxzu7YVKKWMas3UBDU1LKvKUax4liZd+ysXVGD4FhWzJVSbyvcJVwVKqbhQb+2vxtAtKiEhSgV5ocBL6yMrBQmhpr8aTTvStygDKN91SaYlBoPakq7UliBPbcp/XZSKiwxVBlDgqSLTlSpIWqdcQRl8FquYhAQVsdjX9BdqsiV/V5/FKiohTq0L1pYGfNclKJWtzUZ4L45QSckJKtzfUKMlDa0/ULj6qi1xCSoy1N/0F3KyUipVBRtQ4K3WRcWpuMjS/RIV7FnSL3FbVKCn1o4tqSX7PP3DVUJSjFrs7WrZZz0GVbW3anHaEolnoIqMS1BxkeHaUoxXqMq2Gs+g8C0qakuIqd7rVIGquv/LlVLp2CerQFD4bjSlNC33eIWo7Cr7raq6pastIdqYBq6LUuk1HNPshI3K03ReRMYkqFTzmOKjNkbFqIgQrU+DotKr7LfTZfIpO/dyfeftPhUXodXHZ/FGFZOQrqKCDQpXbfnSfJ4Y/ENUVMwWU/96q5iCqp932XEhpvMrVMXFRakgc59WOFOmiQz2VOCqfHw8FRhUhFXSqs/lkvpqz5mS57LVM8kyU2a9uVzadG1MgyJTrZ57PioiJs7SZzV57qlKykgvM/YbF2vnU3DZF6sKpEYGW2YPI4MMZdqitc810LS0nZ2uUrOVUgVRZWYozee3wXR+aMujwREJ5coTlZOgrBYSVuxT+ilnlFJKxS7Yo/TPnC+TIkc9Y7rua+r6HKvteeoZfZzqPssqvWl5cMqai+WDrey6CMqOq3RlVAtuj1O3zy1ZakzenGQKALV9+jHJKindqJKTjSo5NsUU6BiVyk5XY/RaW6z/6fUJKmyr1raCOC39lLAslZ5eoNLSjWrbkgQt/0PntTZEFamC2GTL8XO3GVWBaRl2a7p1XbWgTK8/Yrn+INsq3ba5e5Ref0RZ4tzszFovX1YWlAUbrF5wlFJRQdoLcappH16LVVJ6ukpOTlfJMaGmN4CyL3SmtD7rlFJKJYR6K/BSMdnW5aaqIFeUa1Ck5ajUiEBLnbQ3B4PamJCqUpOTVXp6nAo0aG/2W4M9FfirklWAAhXqjcI1WKWbXuwNvsFqS0ySSk9PVgkJydUuiphfxMMtmRaoUFNwcS5Oa6dPaIxKT09VqenpKnKxl+kNIEn5U7rPzIGhT3icqR2BKrXMvsAtqaXGoKr2VrkMVJCqIjduVFHJ2UoVZKvU5DgV4kOpMSs1nsHm8ay6/yscz0rGPs40vlEFSqnkjdo1TVtSVUGV/VZV3czLl57aHzI1HtOKli+txzRJ+YLyDo2rpt+qWr68/vM22/zGbVqT1dobbBWUlVxvZF6+NfdTZX0fGWQoc36VDQ4qkqD8TdeU+q6zDhKqO5dL6lvSv5X8YVcuKCuTNrt8UGb93AvxQuG5WJ2u8hwq3SrrMnJr2/YAACAASURBVMx5rrMae59KrrWzlrzFFMyZroOLWeypIEhZH1U+UCvdnrJ9HLQxRqWmJqhQf09TO2/SdSF/Q7J8WRPGbOY9lMjL665SvPUMDz2aSMDKYtiQxl0PHeFXy1R2Ux7xdaBevQZMurdpyfE5hSQDD42y2ubchHGusPtQmbU08+4bqnDJsBbmw/BhTpbHLdpqH7h1yL3M0RQojs3Co0ci7u6JuI/RJrqPxGtLhgWA//reZGW5c/KAG4901vJod6vWjryL2lLn1rnJ9OhxkD49Epm4tAhogENLZybeBt9tu8hP23Kp92BLXhsL30Vpj7mtBf8s94mcYtDXx1xb83KtA2CvqweokpVH56YM11My3X8j8uDuwbeUPNZp/+lyjnMkEYgMomfr1nTp0pouQwIASIo/VCaTVjw8zxc2vE9sThoRb27G1X86HtYDmXmYb1Lg7lvblhTlZJ1HIyCRh2/rSMcuXWjdegAhicDlHC6bUjhY0jrSf5CnqegRvL8uCNYGc++QnrRu3QX/FZs4Vn6VtUItGlvlOdwTjqRzLks7FzYEDKF16450bN0ar6BIoD0Ouec4Dkwe3bckE+dbmWCAmIPngGzwbF2ynOR8CyNcYZtp+aMm7c2jCo4utCjazzNdmmHXsBkduwwgcAPQUaeVWXY8AdChy6iu/61UM/buD/lhIJJPf0zjwHdrScGHJ8e6kFdVv1VVN8zL69nazxqPqXnpzPp1xECnFubfW9DNAHvSsqrpt4ryMam236oYx8IisgGKKhrRbHB1Lnm+m4p2yK267x10zYBCLBdaOPfjHtfqXgv6MGW6F+DJw/f3KdmcU925XLfKLpRbP/cGD/eE1FyyqjuHqmSgrdXY96hm2XDbisl0uTcYV99Q0iOepxWQn5sNrjqr5eAMYr5JxHDfEKr+EGVbWjcBfDayaJIHLi598F/0Kgbg4OnMamsuNBKU1YSjI30H1Cf2JIz1b8ld3etxshh8Zut5wLMxza0uZigsMl1rZf3a5mxPe+Cz/8st2WYsICEF7ujvCFeUts38jNPVo4bvp1pytODL7GL6NcyvdDog5VjJqn9+1jWtek0b4qqHeo90ICvLXft35lbWrmrPrIla0JVjVSfnDnpWfd2R2yhi6sAjHAAcnLTTJ3Cz"
11:15:10.475 [Forwarding screenshot on session 7836b5d0-bd7a-11e6-9730-e5ec4f8847f6 to remote] DEBUG org.apache.http.wire - http-outgoing-0 << "wZLHyXg3Vq5sw61NdIyZ0pCUd9MIXHkVn7GtuP/+RpwM+50pIcV4+zWvVeB5pbAYsLN6Ucrn1wsVfRz9/9u7+/gm63v/468GmrZQTGkb7grUCtihVtSOAZPJYMAYhR0Q8Ijc6OlQgdkhDGUT2FDcD1HOsIcj4FTGUSoIOJgH0AmK3VGLcwGhCFSkpdBCIW1paEuTtCa/P5K26V1akJvI3s/How/a5Lq+1/c+n+u6vle4eA7AFBnZ8A1TN26MBWb+BbfnqjLuimz+8voGnvj3OxpsHj9iKsP5mEVznmRRLjw5fUjdDaI9wck/DhfXvGQ01taC03EKmMg/q4/ldnPg/b+w4TejCHOUNDjeiaMfAw7OWzMpCB/Mu243Z7MP8JflyXy85rf8+ePG13HVVXfW/vrAx9CtA5Hhnk696KOzNXkpyf6I11//Fb1jIukKvPnu/tod7SfZfxB+cmd3z98nHbVtZTvB57kw7O7edY7lr7zRfnJsy3iO709dQq9FG8g+6cnfttmx4K2iJtvT7L/+62iu7c0/4cmJsPK5J/n98+8zcNF/kAAY/dVbOz9582UE+8W0aSkQ0vTHtQNo14J6azKdZurtUtuxSTf4r3unowQIIbhmh0N8mtv8XOB0eE9t6szNLejL1E7NRuqu823mgHV3DjFSdxTfRnjNZ4edfbs/hm43EN5MH7oYTefWzltzfsTw2etJfukjjr82sybg6tn3HsjdzBc1H0JlnD0IpfbGLyD48uS8ke2a31W8FJS1SCgTJkdgMBh4cEEsMybfgMHQmkmzYpk1qyvxjcwGdfvgDSRNDKJobR5Ld5SQn3OeVSnH+cAFd90eRruORlwuFy//VwE5+WWseeIEOa6GaTaeNhAO6xefYE+OnT2bviY5zQ0mz3bGGNi9MIc0i538zAJ+M7UU+kXS1xzKDycYYP0pFm8twWq9QNqzR0lOOUV6cSMHBYjpwKpV4bhcZcxacBZTfzPjDJA6J5sdmXasWVbmjjjOrFmFFIdCwk8jicJNEUHc07cNcd+/AbMBDAYDST/2uWroewWszu+1+gyLwOUq5TdLC8jJv8CmBflk1NRRJVsXZ7F40/lG9mxB/QENpy8H0JW7H7gNVs7m6S0WrNYc3nhmKvdOvb/xOjIN4lezb+P9Neth4CJ+nlD/A78z/ZJiObjkMVbuzCQvaydPPbaI6vPnO0ZPAtbz1Jw3yMqzYtn+HLcPv5f7PyjgBz8dD6xk+lNvkWO1kvHGHO5fA8MfH03MiQ+4997h/Oq57Tgie3FLL++HiRGwZ7Fyzi95bktmE7WRy+wnn8OSl0fGG3OYuh6SH/kZ3QaMJRlY9Nhv2J6ZhzVrJ3MG/5ipU9M4F5rAqJmx5C7/Jc9tt5CXk8nKXz7CFiDxju5AF8hdxJyVO8nLy2TlnMf4mNvod0vdj2h/5Q1tNt/Q+aaedI42kvHWU4xanlvvMkTD9nQ0U/91Ndf2ofz80SXw8Xq25MbyyNRhAJj81pu/vOH9ED+I5UMLdn9tWoeZ25NiObjrr+zMbDoI971O1Xi9+Uvn0vtt44GSw6cGHI0EDv7r/o6fTgKW8+RzW8jJy+Gtp17g/SZL3lDd8d9MXw6JgNzNpO3MIidzCzMeXEJj/cVR71+Adp26AgdZ9eIWcvKyeO3Xj3Gwzl4HGT75OTLz8sh44xl++T4kPzKWHi3qQ99Ozlu/5v7lH8PA2dzbq4wtW7aw5a232J6RR9yQMQzkIA/PWUmWLY8tT/+alcCTkwY2k6qZsU8mw/qpzHktHas1i9eemsNBbuNHtzT/3XfidXXvln53nd1+xB0VleU+63a7j6z7ssnv1sp47oBnsXyDRTHl7henfeGzNmuv+7ntpd73nO6Nvz5Q+97IL/2sKfuiQdrZ27PdN0fVpjvyrn+6o0Yed5d4F/pH3bW3Nu3BWe6Mmv0r3Csf+6LOmrHHXvOuP/Mu9G+4ZsvpXjnZ4m7f/p/ulQec7oojZ9yT7/JZc3Zzpnvjgeqv0ag+/lHvupFSz1eHjDxes2boo2e+cEcNzq5dU+b93be81WvoMlYe8TnOF+6bo7zr39x29zM3/9N983z/C1prHkOv95UYi2Lrrrv4aNFAN7ct8ebjZM26iOqfma82/bUB1Y+TJ/s8A17y6RKfxeTZ7iU+j5N7fobXrDv55+u/9X4vkOfntonL3dXLMT59dXad/YbPft2bxwr3Nu+i3uqfgTNf9awJ8X4fUZ01M3XqA3fsbbX7jf3thpq2qTiyzT3R5z1ix7o3HKh+N9u9PNm3Xm5zL9l2xFt/w+uV7zb3kvezvcf0rQs/5fWTb7f7ZJ1H8mG4e+bM4Z41XiVNtOfA6vb0X//1j+O/7b1ftzD2pTpr4Jqut2bylv0X73dH4f7t+yeabtN6jmyo7hcT3Z98Wrd+q9fGDVzyUTP1VjedhkuzL7Hfetuxet2Rb3nrtkvt+PSk6b/uP/U+lOKp34Hu2EbXedb16ZLastYvW1N92X32I3ey7/iYmeyOZWCDhf7V68Hq5qDEvWG2z1gYPrFmDZZnTsBNrE/ai/5Ss2bQ/9jzOYJPe5c01vaxja8pq35wo/5P9XjLfn95nfac+dKnDSvUu5av7oME9eeiWPeSZh/cEV9BbrfbfYnx3L8WeyX5RRATEwx2B9bSYMzmi7/QaLc6KHJCVExIg7NIu81BURnExFzCt+XbK8kv+obwqFBMjZxN2a12ipxBjabtyZO7yX1bwppvx2kMIsZ8eb7pv0neckbFhF6WW5ctPqzVSqHDQbvorpdcR75s1jxKaUdXcyO3z+w28gpLCWkXjbn+wWre60qDXZvYL/3pH/Gg7Xcc/+OwOptb05+mw4938VHJ/9HPmUepsZE0AWteHo6QELqaG64o8dQLRHc117RH+tMJ/HjzJM5m/gbyrBi7mv3fqr7IfFfz1GHj+WqO3/qvn71LbHt/9dZi/vpCve1shGBq5H+uqM9vvTWTziX320vkt+69x4vu2vWyzAWN9eVqnraMpqv54o9kt1kpLIWuXRvvB9a8PGiizi5LH7pUdhvWUicYzY3OC/539ZS5XXNjXxpQUCZyPbNn8st/e5Ex615jWL153brzKToMf5NtZ4+TdBnn/J1P3cjwJfdy0v1HLvmmhZ98i4hcrxSUifyLsufsZOkrR7l33kwaLH/7FrK2r2RLwa08/otBV/VqpojId52CMhEREZEAoKcvRURERAKAgjIRERGRAKCgTERERCQAKCgTERERCQAKykREREQCgIIyERERkQCgoExEREQkACgoExEREQkACspEREREAoCCMhEREZEAoKBMREREJAAoKBMREREJAArKRERERAKAgjIRERGRAKCgTERERCQAKCgTERERCQAKykREREQCgIIyERERkQCgoExEREQkACgoExEREQkACspEREREAoCCMhEREZEAoKBMREREJAAoKBMREREJAArKRERERAKAgjIRERGRAKCgTERERCQAKCgTERERCQAKykREREQCgIIyERERkQCgoExEREQkACgoExEREQkACspEREREAoCCMhEREZEAoKBMREREJAAoKBMREREJAArKRERERAKAgjIRERGRAKCgTERERCQAKCgTERERCQAKykREREQCgIIyERERkQCgoExEREQkACgoExEREQkACspEREREAoCCMhEREZEAoKBMREREJAAoKBMREREJAArKRERERAKAgrKrbM+ar5ny8Nfssfrfzp5VQMqUY2TaL+/xs9KtZNkAKkmbe5g1Foff7TM3HWPK3HxslzEPtsx8Uh4+TEpKVs3P3AXHSNtVdhmPch2zlbC4Qf3lsNXybTtLy/rEVWG/wKalXzFhyH4SE/cz4eGvSEu/0LJds07z8JSvsbSg09pySrDku4Ar09cDTyXpm3J5eEImiYn7GJJ0kLlL88m6zPNMY8cNmL7l1dRcfKX6gW9fa9y1aZuLGS9y5Skou5rs5/jPJ21sf9vGf24u8btp6cky1r9r42Tp5Tu8Lf0Yd487yTEngIt9ay+Qccbtd58zn5Xw7toKnJcvGzjP2El7+wLr37/Ap596ftasLCHlviweTjt/GY90nXJW"
11:15:10.475 [Forwarding screenshot on session 7836b5d0-bd7a-11e6-9730-e5ec4f8847f6 to remote] DEBUG org.apache.http.wire - http-outgoing-0 << "snvLBdavL/fWXzlrVhaTPOxLUvd8mw+9lvWJK8/O0nGHeXRpKdlRRgYPNpK9pZSUsYeZu7X5wKz0ZDlb3j3PmeY6ra2IsX2PsXa/Z8Mr0dcDi4PUpAOMfbSQLdkw+Gft6NGmkjVLC7i7T9ZlPwGsy8XhtRfYd837lpefufjM/vO8u7aCy3qKWK+vNXTt2qbF40WuCgVlV1HOe1Y+8J4o7X7xLDl+tm0X3goIwng5MxACEERbo+ePZ/NuZ8XIUL+7DH32TvIKe2K+nPkIBoPBwIZ/3InF4vkpzrqRJANs+eNZ8i/nsa5HRrAB09++1Vt/d3HK0o0BBnh987c53W1Zn7jirOfZ+BkkLeuBZVNvli3rjeXYTSQZYO0r1uavYAQH0aKxE+KpR1PbVsAV6uvXhIOliRYW7KoboGelZfN0BgyY2Y08SwLLnu3JK5vuJH1FO1zWMp5/+wpfqY6CkMs6oV06f3NxcAgQ24pwgMsVDNXra/Vd07Zp6XiRq0JB2VVTyTuvlGKIi2DLGhMuaynr0n0nTTtpcw8SGWkhOnov454qBgw4vz7NkOh9rLJU1myZv+MY8dGHSLcBtvMsnbKfyEgLkZEWklJOeCcYB6um7CdpykHioy1ED/yS748qweVyMa7HQXZZHbw85RCp3jxkbj1GYrTFe/z9LN7kOXu0/DmLPhNysQJ7Ug+RlJLDggl7vdvtY/HW2skic1NtGokTDjNhyD4eXuXniqDvmZk5igcfCsJzelov70m5WHGwdenhmnJGJx5iU2Zt/TV1bJsljyHx+0hK2kdkpIUJqeewZZ1lrvfvyEgL8UlZ7MjyzNB7Ug+R9PAx5laXMfEQaelnWTDEe9z4g2yy+K+zqyXEZ/iGxrWnfyw1Z/d7Ug8R7203AJslj8T4Q+yxgT3HSsqQvTXlnzA3zxsI1/YJT71lkpJyyGe7/Jr0mu53/tOv7uORkRbih2SxI6fp2zmhIT5/mNrzeGoEE++pftF/f6jJpuUEifHesQJgL+Hh+H0sTS8lddxxclywcuwBpqSeq9PX/aXvfxxcXBmvFGdZ/XjCwcY/XsAQZ+K/n+2Ab9idMKk7837Smo5U1WzbdN1e2jisz7onnwnx1WNnLwvSrubYaW4uNkDuOR4YspfILp4xn7an+fJfTF+rq+VtY88vYsGUfXXGXe3tzeuhbURB2dWSU8jKz2DwNDODxkTzEwOkvmqtmTh3LMgiZY2DmStu5G8boik44Hnd2NPEXbhYuLrQu2Ulm18qoahfW+4w2Vk85CgvvNuKFVt6sHOjmYr1VvpOycMOnD9URcZ2B6OfiGD66Pa8sDAMgIdSO9PHDNYDVVgr3WCz8tC0Em56IoYMSy+en+hi+aPH2GGFskI7RQc8AaHjfCUZacW82ymKLTu6Mb2fi9Rpx9ljB9ueXAY9WoJpopkdO29kDBV88IWLY/mVNKWszAV2F3a7i3zLaV5e64aewYTXz/s9YexffITkpReY9IdupO/sxkOmCmYMPsKOfP/HdpY5+MLq4rPPQpg3ux1Dbq1i2t0nWVvRlo07e7FzY0d6flbG1Dl52KrL+HYJeztFs2VLJwaXVZAy9iT7ftiRjes60q/IwYzVxX7r7GowAbs3n2DVqlxSU3NImXCQ5Tnw+MT2ADjOO2raDcBZZie3yEGx00Hq+BOsDzOxI6M3O1428cGaMzzinZyr+4Sn3pysXw8vb7mJl+eF8cGaAlanOwB//a7p9DNXHWXW2kqWbelFxs4YfnCgjKkjcmhQZeZw7usHb6ccIzo+k5QFOaTtKKLTuB6smNcJE5Dupz/4cpY5yS1yUF59AlBayd4iF6WVwYz4ZSQASfO68PjPw+v0dX/p+xsHLS7jlWC7gMVynqzMMs4CthPnyco8jyXzAnZbGXty4fYx7YlrsGMo8zb1YdmkiGbL7u+9ls4B9qx8Bo4qIPsHkexI78WrT4SxMuUYc3e0bM3gt9bMXAwGXC43BbdGszP9Rqb3dDBr1BF2Wf2X/2L6Wh0tbpsynuhznNXvtmbZxh7sWBNNwXord4/LxcZ10jZC62udgX8VezYWUkQQ943wDMhJDxnYvdbKe/ldGRNj59NNVZhndufZSVFAFO+8aqfPtHKgDRMXh7B2YSHpKzoz6LRnQnno9Y6EWM6yPAeS/hDD8FtCcRLGU0/YuP8FKx9azTgBc3I3ls3rAIBtTwUGQyWjR0VhxufM0DuJZH9dzrEz4Yz+XTx9H4FeZvgMgKCaTQ2GdmxeEUsccMfCUlaPOk9xKXy+rRiD2cQbK7oTA/TfZOBAdDbZTdSHy+UiOXEfyT6vGQxGXv3vbpiorJf3MlKiqzAnd2PFDE9Zlm0JYnePE6z/WwnG7OaP/fzu75GcYAC7nV6ruvDY96MZ1BnyT7sY/rMzfPYPZ81VJoOhXU1aTC5kd2oYf3q2KzFA+Cwro9aVk+80NVlnV0MY8Nl6G7bYIMrK3FitnrU6x46UQ2KEd6sgnz08vxvxNvfXDvYdrmDEj7uRkd4BY6cwoOEVndRPbmFCPDAomHdeyMJW6cbegn7XWPpn3nQDbg59UU6fEe157pM2PGkMaeR2YRvmbb+d/ptOsXljCWkri0lbWQwcZ+aaeJ4dA5tTm+4PfXv4plVb7rq/QPyQG7jDUExs/2gS44JJr9m+zG/602h6HOBsaRkvP+vneQy7z2cR6twTvA0YDEG8/n/dKADuuim4dvv0Y8SPrb0KEjeuIx++EuGn7AVE+KmXloxDgM82FlKEgWef7Ey3cBc9kjuTvPEYa1+ysnBkLKYrUz01/M/FAC4Mhna84y1H4psu3u1xgvc+L8bht9+1vK/V4XS1qG22Tv+GNBf8fuf3SE4MBiJ4Bwd9phXziTWKd6+DthEFZVdJGWlrnLhc8GjiPh71eeeVdecYk1zFu0VwT+/a+zVGn5OpxPEdiF14ks0f2onMLaSIMB4cGUrpLs9Zzvb52WyfX7u9wWD0zAdlcE+/NjWvOx0ALirrL+g0m3kp1cYvZ5Uw+W3PRHDHuEhSl9U/b3NBlHetRU16nrknOMQARZU+dyTD+X4sHPBTK7NfvpFhHcBR6YLwEO7of0PtoPfNu81BNjBhxA21O5vaMSYW1h1yMs3k/9gGQ2u6d/deFA4Npb2znEf6nsL3rpLhjuo1FZ4y1s6ndf/2FDkIo586S7gKM1cBnjVlzw6qvZ23asqXLJx1ktGjIvzsGcKv1sbw1ax85icfZz5giAsh9U+9iKsXORgMBjpGVv8VzM1RnnUxpef89bum0580qweLvz7G/KdPsebpUxgMQUxc3I0XZpjr3LKx55fxxUkYNCGWQRNiWYGLnMxCXvrNSVZPy2FYYhe//YE6QVlDNc3jcHnWp1V+A/h8UDbb35oeB/1bWMYrwTy0Jzk532AKqWRBn8PYlsazYkQINkcrTCHnWQ/sPVx7MtauewTLloUQ0i6IwxsLWP13O2X+yv5FBT2beq8F47CWAZerikcHfVn3VVMVZXCFP/ibmYvntQdccHtw7RwQ0pqbgL2flBLGxfW7ZvsaQLtgbqH5tjk3OQiDIYhe3Wv3D2/vWaNmPP/t5sha17JtBHT78qqwpp8hzQqTVtxIRnovdu7sRUbGjcy8Az57oYBMc1sGR8Hew7WXko3BPgtCzdHM+RmsX5bNMy86uX2WmQTAGO5pvtlbbqO4OJHi4kRyLDeSmtqR3u08AYSpfb0JAKi/otNuPU9BWxPvFCaSZenFmt+34Yu3i/mfT1q+yrXS4QJ8F7GWczAXwpvY3mBozYDhUfQfFMWgoWYG+QZk1Mu7KZguwKb3fJ7MtFdwIBfuuTO0Bcd21VwNtO3JYViKjZtmdcGS6am3dclBXOzz75ejzr493+Ebwp23BQNVtbdPqG1qI9VPvTk4fBIef+NOinN6s2NdRwaXOZj1yKlmb7FVf2T473dNp384s5zY8T0oLr6TjJ3dWTixFesX5vFhvQMffec4I0dmsbXmVqSBuIQOPPukyVO+UP/9oY5Kd92KCDE0bOrgeouvm+lv/lhbWMYrw4DJFAyhraAIMLaG0GBMJgOEtuWH/SB3dQFbvYv/QuOiSE7uyqQJMfw4"
11:15:10.476 [Forwarding screenshot on session 7836b5d0-bd7a-11e6-9730-e5ec4f8847f6 to remote] DEBUG org.apache.http.wire - http-outgoing-0 << "3tuX/JW9X9i3HIcelY4qDIYwdnr7TnFxIukbY1g1N4qoy10l9TQ7F1dvmO+qnSYdVWQDdw0O998vLqWvQcvbptLtua1aUHs26Sz/xvPvDd92jvQe4hq2jXgoKLviXLy/rgSDIYxHJkURn3ADiYk3EB8fxS9mhONyXeCtHdBveBC5q0+watd58rOsLJhTQm3zGBg1LRLXFxXsLgriF5M9lzRM/c2MM0DqnGx2ZNqxZlmZO+I4s2YVUlzz2eHzCHqlG5fLhWV3Sd1FwCfOkZx8gseXnsUZGU7vXt5ZxVibRu3nvLvRrwzoOzYKl6uU8Skn2GMpYvGEbLa7/J1ZuXA2+wh2dd5vIGliEEVr81i6o4T8nPOsSjnOBy646/awSzg2dLopjM5RBvZs+prJa9z1Nm68jL7vVzZbZ1eWCdi38ww7thawdetp1izNYuRSJ8TeQB8zYDRA0Xne3FVGTmYBjz1iw9OfKnltaj4/nZLNnrJW9O7Tlk4ANwXTrqXH9tvvmk4//608po47wqr0C3Tq2Y7YDgbAgLFenSWMiCLOANP6ZJK66SwWSwk70nIYOc4Gse3oY/bfH3y162jE5XLx8n8VkJNfxponTtReIXV6+lfW38+SmVMdcrpxNtPfardr6FALy3hlBfPj5838rEerOq/N+FM3bsfJtL77WLDqNOl7SkjfcZoFU/Zx30qXdz2nv7JHXZZx2GdUBC5XBb+bm09WvgPLjhwG3ZfPjA+dV/hqYkvmYjvQGpe1hLmrrOTnn2fV3DxyMTCkt//yX3xfu7i2iR0YTZIBnnzoKOk5DvItp5k5tRSi2tKjmTER+G0j1XT78kqznePNLXD7dM/VLV9xozuQNKOM1euLKXzje2SXZDH/vqNU3xEyGGpjZtOgjiSbi1l7ezSjau4qhrPik27YHzjJZO/lZoM5hFW7e5GAi63UfQLL3COcAQYbS5OPURp+MyHe90MTu7FuXjmTl54kYelJAO6Y1JHZQ0P5OsMAMdW373x/r+bJoymxO5kb3fz8fisj06zckRTOAEMZXfrU/ZCs1dr71RyNq85btTErvkeu/ShPTz7GUm/dzFsXz4yEYKDpYxtDyvA99zD178zvk0p4OuUYaSmeW26TJhlZv/4Ch2yNldFQ73TS8347P3V2NYQBGSvPkOHz2oBxESz8fz2IAWKSuzJ243Hm35fFfOAnk9oQtd6Jk3AWvW3m2DgrIxM85/GGuDZseL4LoVTW1LsxxBNM+KptE3/9LrjJ9IdGhjN9Xzbzx3ryZDAEMX1VT4bW/2SI68x7f3Mx85ECnn70ZM3L5gEmtq3t6Smfn/5gTa/Ne2hCZ15OtvHo8nwSl4NhQBhxhgpvguHcNziIpcsLOGAL5k+m2rb319/StzY9DgY9EdeyMl5RBoYmd2/4ckwHdnzeihd+l8fy+adYWb21oTXJf4hh3owOmGhmrF3iOITa/mPuH8fOFd/wwKwCBqwpACAuKZo3n+1wZaulRXNxIcNudmGIC+HYwhMkzPeUceGGeEbG0Ez5W97XspbVK2sL2+a/d3dh2vhTjE086Hn/jnA2vHEz8UD8JbdN7Rx56LbxbAAAC1VJREFUzdpGagS53e4A+TY/AbBZ7ZTRihhzI7cd/bDm23Eag4gxhzS/cVPsleQXfYMx3IjZdHEXUfPTc3l8XRArX+nuWdRsszKkxwnu2nAryy5joGK3OihyQlRMSM2Z26Uc21PP37K+4FvV2dXg6RdGYsz18+bCmu/Eabz4vtYw/cbqsen0bVYHZfXasCk2q8NzRcoY3Gj9NtYfGmO3OSgqg5iYi2vvlqbfWL5bWsZrwl6J1QE4wdxE+/sr+2UZhwE+dqrzFx4T2uCKkt+6ucS+5ntc/23jf+z+S7TNdUxBmVwWNksuccMKMQxow6z+rdidWsoBjLy+P8FzhnmdHltEPDQOA5fa5rtDQZlcNjnpp3lp3TlyS1x0uv0GJiV3pX/M1TnLupbHFhEPjcPApbb5blBQJiIiIhIAFCaLiIiIBAAFZSIiIiIBQEGZiIiISABQUCYiIiISABSUiYiIiAQABWUiIiIiAUBBmYiIiEgAUFAmIiIiEgAUlImIiIgEAAVlIiIiIgFAQZmIiIhIAFBQJiIiIhIAFJSJiIiIBAAFZSIiIiIBQEGZiIiISABQUCYiIiISABSUiYiIiAQABWUiIiIiAUBBmYiIiEgAUFAmcj0rL6ekpATntc6HiIg0q/W1zoCIXAElh3nzT2nsL6okOCyYyopKuvUbw3/cO4C2DTbdzZ/S3qOoEiCCgeOnMLpvVyjJ5LUX1/FVBRDcjfGPPULfTsaa/Y7ueJE0690serCv95VyMja+wlbLaQC69RvPI/f2xUhLOEhNOsjTGXVfHTevG8vmdcBUb9u50QdxvH4rK0aGtrhKroRdC/Zx30pXg9cNZhP7s3oScw3yJCLfXQrKRK435Yd5ccla2o2YTMqNrbGWVBFuDuXI5ld5ZrWdxdMH+wRKBWxY+x7fJI7nt2Nu4eSuN1i3eTM9+zxMzp/W8VX0UJ54pC+Zbyxj8+pt9Fp0LxGUkLFxLVstp4lIrJ1C8nb/ma0WJ+NnL6ZX6S6WvLqZv93Zh9FxLQvLzheAYVxHPnkqApxQcOAMYx89Sff+JhYOCvHZMpgHN3SHPi1L90rqO6MX6f9uwFhezM9HneGe52/kqcEhlDlbKyATkYum25ci15l9f30L58CHGMInrFj9vxw++gmvrkij0+TZJBa8x7bD5bUbOyuI6dOP8Ul9iTC2JWFQIsEUUlLwFf8oghHjhxFtjGDwuH8juOIAR0ug5PO/svVQKDdHgKOqOqESPk0/yc3jp9Kn9VnOhd3F7JQUftTh4gKn2O5hxMeFEx8fzqAJccw2g63cjXVPLklJh0iKtxA9JJv3/qeAD4+VszRpLwt2XPDubWfpkL0s3mUnf08eE+ItREZaiI7ex4JN5z1bZBUwJdH7evxBNmWWk5q0l5RNZd40Klk1YR9zt15oNH/1mWLCSUhoQ3zvMGKAjj3CiYsLJyE+FHCxK/UwkZGe4yUtOI0VwFbElCEHmZK0l+joTFY9c5gJKVkMibYQHb2XuavyWJDk2SdxQg45ANZzzB2yt6Y8i7eev6h6FZHvBgVlIteVEg5/FcKwIZ3J+KCA0U88yQP3Ted3s6fRK7oTfRM7c7bgXO3mxjhGP3Avvdp69t3x581Uht1OryiAMMKr7w4Gt665rB7RZyJLF03nhz3CqKqsTao18NXm5Sx8YQWrVyxn+ZufUlb/Xmkzcr8qY4+lhD17zpG29AjLrWCObAWOKjIyKug9rwuv/z4K2z+cnCwLpv89rVi9zIoNIKuQFw4EMaCPncdHnSF0Xg+KixP52/MhrJ5RQD7nSbk7n0ODu5B16jZeHe1kxuACbh0ezPoFZzwBU04hC3e7Gdi3zUXWu8uTh0p3zSs5m45y/+Iq1lnupDinBzdtOsVDq0oAF/kHHOT3jub117sQE+Rk93oncz+5jW2Lw1gz/wz2h3qQmd4F0+5iNu5xsCs1h7VhUWQVJ/LJqjakzjvrya+IXFd0+1LkOtUaaOUd4aXWk5wL7UrTK7AK+N8Xl/Px6c7c/8R9RLMPqGp8U6Pn6pe93ttVAN2G8rvHhtG2/DAvPrOWD/YN4cE7o71bONm3cxtHS4GqKrr1TWJAXG3UZjSBa3sho/5RhMvqxhwXwu/X9GBW/2Cs6W4MBhMLkztjwsGn3n0GTe4AL5zmE1ssbd+wws86MdQcQd/Pe/HJ/lJSFxfyz90VEBuB0Wrn7xh4aWFnzKEw5tkE+s6DGM4Rtfgk7+fD9zaehcEdGOF779FZwM5tf6eU1lRVhdI3aSRxLQg2j+2/ABj48LVsPsRFdhF8tukctgfCsWFg6cLuDDXBrk9PEPVQF0bGh2ArMGIwuHlwQgQxtGVw1CmsxW469g7DtbKQgUPKSZ4cye6PO2BuPgsi8h2joEzkuhJBws0O3v3wNGMHRfPqkhfJ6dOa/fsLGTO7Gyctp+kwqX3dXcoPs/qZteSE3cL0xQ8SZwRKPG/V3p6soqqpIK16iwq4ud+dngcJ2nanexiU1tmiknLr"
11:15:10.476 [Forwarding screenshot on session 7836b5d0-bd7a-11e6-9730-e5ec4f8847f6 to remote] DEBUG org.apache.http.wire - http-outgoing-0 << "Wc4WA1VVtPe9zAY4bWCe2Z2sZ5sONxo8RRoTzeJ+p/jz6jwiVruYtS0a7OeZ2/coW2JDmDW1PSN+WsG7axpJLBSKv6zAmBjNvMEneW1NHreuq2L6S+Z6wWsp506d5WxrqKqKxO63FuqJDaPf99viLIc7U9swjjDA82CAs5FHYp24IcpIJwBcOACMkDApnozvFfHhjnNsWprPC09aeftYAoNMDdMQke8uBWUi15mEf/t3PnhmLR8MvZ9pD7WmpKyKvgPCObJhBZZOo1nay/cyTyFvvrCWHOKYPD2JdsUF5FVB+65x3B5WyXvbMxj44AD2bd9FJXF0jmjqqBH07hPGhr++T16fB+hw9gBZFdCjte8U05aBD0xn4GUtbTA/n21i/n1nMJjb8Xn/YLCe4+/AqnduY0IMbF1QCEVOCsxGfoCL/3nzHENntGfPqiOMWtiazwt7M/qxCOaOPcMBQxt2Dw2pewhjL+57rNdF56xjTDDkfkO3wZ3pb7KTmvQlK2+KIXlUq6Z3qgSKGr686eF9zKALha/czIzJp4nue5pz+p4TkeuOgjKR603b3jz+22lsXJvGq7uqCAuDigqIGzie343uW2dTZ84+DlUA5LBu+QveV8MY/9tFjJo2mq9XbGXevK1AGEOn3U9Xn31btw7xBBFed46fxtGVK1ixcD8AUYljGJPQZBTXgNEEMSF+lrlGBdX86gmbPH/HDO3AOIONksc7EAdgDid5cBCPJlh4FLjjJ0bAzpGcCP64zcyIUdlEzgeDwcDibb08+wzqyCRDCV/O6kBCi3Psy4AJCAmuzWPCjJ48v/cwI+Msni3iwnl7bSfAChhqnoANhpq1e8bgIIiqXZdWXc7Rv+rC2sGniHz7FAADZnZhsO5filx3gtxut7v5zUTkO8lZTnkltG17kSvuaxOgpPACbaIjWvh9Y1BeUkJlcBsi2l7br6ywWR3QLgRTg4V0LqzWStqZQ2pvU+afZUifk/zik0QmxV/efNhtDkqdBszm4G+ZkiffRmMIJt22FLkuKSgTkX9pllUHGTbfgWFcJ/JeifHzMISIyJWloExE/rXZ7Vi+cNKz/w3oApSIXEsKykREREQCgL48VkRERCQAKCgTERERCQAKykREREQCgIIyERERkQCgoExEREQkACgoExEREQkACspEREREAoCCMhEREZEAoKBMREREJAAoKBMREREJAArKRERERAKAgjIRERGRAKCgTERERCQAKCgTERERCQAKykREREQCgIIyERERkQCgoExEREQkACgoExEREQkACspEREREAoCCMhEREZEAoKBMREREJAAoKBMREREJAArKRERERAKAgjIRERGRAKCgTERERCQA/H9Dv2UL7lxXpQAAAABJRU5ErkJggg=="}"
11:15:10.476 [Forwarding screenshot on session 7836b5d0-bd7a-11e6-9730-e5ec4f8847f6 to remote] DEBUG org.apache.http.impl.conn.PoolingHttpClientConnectionManager - Connection [id: 0][route: {}->http://localhost:1871] can be kept alive indefinitely
11:15:10.476 [Forwarding screenshot on session 7836b5d0-bd7a-11e6-9730-e5ec4f8847f6 to remote] DEBUG org.apache.http.impl.conn.PoolingHttpClientConnectionManager - Connection released: [id: 0][route: {}->http://localhost:1871][total kept alive: 1; route allocated: 1 of 2000; total allocated: 1 of 2000]
11:15:10.498 [Forwarding findElements on session 7836b5d0-bd7a-11e6-9730-e5ec4f8847f6 to remote] DEBUG org.apache.http.client.protocol.RequestAddCookies - CookieSpec selected: default
11:15:10.498 [Forwarding findElements on session 7836b5d0-bd7a-11e6-9730-e5ec4f8847f6 to remote] DEBUG org.apache.http.client.protocol.RequestAuthCache - Auth cache not set in the context
11:15:10.498 [Forwarding findElements on session 7836b5d0-bd7a-11e6-9730-e5ec4f8847f6 to remote] DEBUG org.apache.http.impl.conn.PoolingHttpClientConnectionManager - Connection request: [route: {}->http://localhost:1871][total kept alive: 1; route allocated: 1 of 2000; total allocated: 1 of 2000]
11:15:10.498 [Forwarding findElements on session 7836b5d0-bd7a-11e6-9730-e5ec4f8847f6 to remote] DEBUG org.apache.http.impl.conn.PoolingHttpClientConnectionManager - Connection leased: [id: 0][route: {}->http://localhost:1871][total kept alive: 0; route allocated: 1 of 2000; total allocated: 1 of 2000]
11:15:10.499 [Forwarding findElements on session 7836b5d0-bd7a-11e6-9730-e5ec4f8847f6 to remote] DEBUG org.apache.http.impl.execchain.MainClientExec - Stale connection check
11:15:10.502 [Forwarding findElements on session 7836b5d0-bd7a-11e6-9730-e5ec4f8847f6 to remote] DEBUG org.apache.http.wire - http-outgoing-0 << "[read] I/O error: Read timed out"
11:15:10.503 [Forwarding findElements on session 7836b5d0-bd7a-11e6-9730-e5ec4f8847f6 to remote] DEBUG org.apache.http.impl.conn.DefaultManagedHttpClientConnection - http-outgoing-0: set socket timeout to 10800000
11:15:10.504 [Forwarding findElements on session 7836b5d0-bd7a-11e6-9730-e5ec4f8847f6 to remote] DEBUG org.apache.http.impl.execchain.MainClientExec - Executing request POST /session/7836b5d0-bd7a-11e6-9730-e5ec4f8847f6/elements HTTP/1.1
11:15:10.509 [Forwarding findElements on session 7836b5d0-bd7a-11e6-9730-e5ec4f8847f6 to remote] DEBUG org.apache.http.impl.execchain.MainClientExec - Target auth state: UNCHALLENGED
11:15:10.512 [Forwarding findElements on session 7836b5d0-bd7a-11e6-9730-e5ec4f8847f6 to remote] DEBUG org.apache.http.impl.execchain.MainClientExec - Proxy auth state: UNCHALLENGED
11:15:10.513 [Forwarding findElements on session 7836b5d0-bd7a-11e6-9730-e5ec4f8847f6 to remote] DEBUG org.apache.http.headers - http-outgoing-0 >> POST /session/7836b5d0-bd7a-11e6-9730-e5ec4f8847f6/elements HTTP/1.1
11:15:10.514 [Forwarding findElements on session 7836b5d0-bd7a-11e6-9730-e5ec4f8847f6 to remote] DEBUG org.apache.http.headers - http-outgoing-0 >> Content-Type: application/json; charset=utf-8
11:15:10.515 [Forwarding findElements on session 7836b5d0-bd7a-11e6-9730-e5ec4f8847f6 to remote] DEBUG org.apache.http.headers - http-outgoing-0 >> Content-Length: 36
11:15:10.515 [Forwarding findElements on session 7836b5d0-bd7a-11e6-9730-e5ec4f8847f6 to remote] DEBUG org.apache.http.headers - http-outgoing-0 >> Host: localhost:1871
11:15:10.515 [Forwarding findElements on session 7836b5d0-bd7a-11e6-9730-e5ec4f8847f6 to remote] DEBUG org.apache.http.headers - http-outgoing-0 >> Connection: Keep-Alive
11:15:10.516 [Forwarding findElements on session 7836b5d0-bd7a-11e6-9730-e5ec4f8847f6 to remote] DEBUG org.apache.http.headers - http-outgoing-0 >> User-Agent: Apache-HttpClient/4.5.2 (Java/1.8.0_101)
11:15:10.516 [Forwarding findElements on session 7836b5d0-bd7a-11e6-9730-e5ec4f8847f6 to remote] DEBUG org.apache.http.headers - http-outgoing-0 >> Accept-Encoding: gzip,deflate
11:15:10.516 [Forwarding findElements on session 7836b5d0-bd7a-11e6-9730-e5ec4f8847f6 to remote] DEBUG org.apache.http.wire - http-outgoing-0 >> "POST /session/7836b5d0-bd7a-11e6-9730-e5ec4f8847f6/elements HTTP/1.1[\r][\n]"
11:15:10.516 [Forwarding findElements on session 7836b5d0-bd7a-11e6-9730-e5ec4f8847f6 to remote] DEBUG org.apache.http.wire - http-outgoing-0 >> "Content-Type: application/json; charset=utf-8[\r][\n]"
11:15:10.516 [Forwarding findElements on session 7836b5d0-bd7a-11e6-9730-e5ec4f8847f6 to remote] DEBUG org.apache.http.wire - http-outgoing-0 >> "Content-Length: 36[\r][\n]"
11:15:10.517 [Forwarding findElements on session 7836b5d0-bd7a-11e6-9730-e5ec4f8847f6 to remote] DEBUG org.apache.http.wire - http-outgoing-0 >> "Host: localhost:1871[\r][\n]"
11:15:10.517 [Forwarding findElements on session 7836b5d0-bd7a-11e6-9730-e5ec4f8847f6 to remote] DEBUG org.apache.http.wire - http-outgoing-0 >> "Connection: Keep-Alive[\r][\n]"
11:15:10.517 [Forwarding findElements on session 7836b5d0-bd7a-11e6-9730-e5ec4f8847f6 to remote] DEBUG org.apache.http.wire - http-outgoing-0 >> "User-Agent: Apache-HttpClient/4.5.2 (Java/1.8.0_101)[\r][\n]"
11:15:10.517 [Forwarding findElements on session 7836b5d0-bd7a-11e6-9730-e5ec4f8847f6 to remote] DEBUG org.apache.http.wire - http-outgoing-0 >> "Accept-Encoding: gzip,deflate[\r][\n]"
11:15:10.518 [Forwarding findElements on session 7836b5d0-bd7a-11e6-9730-e5ec4f8847f6 to remote] DEBUG org.apache.http.wire - http-outgoing-0 >> "[\r][\n]"
11:15:10.518 [Forwarding findElements on session 7836b5d0-bd7a-11e6-9730-e5ec4f8847f6 to remote] DEBUG org.apache.http.wire - http-outgoing-0 >> "{"using":"class name","value":"lsb"}"
11:15:10.610 [Forwarding findElements on session 7836b5d0-bd7a-11e6-9730-e5ec4f8847f6 to remote] DEBUG org.apache.http.wire - http-outgoing-0 << "HTTP/1.1 200 OK[\r][\n]"
11:15:10.610 [Forwarding findElements on session 7836b5d0-bd7a-11e6-9730-e5ec4f8847f6 to remote] DEBUG org.apache.http.wire - http-outgoing-0 << "Cache: no-cache[\r][\n]"
11:15:10.611 [Forwarding findElements on session 7836b5d0-bd7a-11e6-9730-e5ec4f8847f6 to remote] DEBUG org.apache.http.wire - http-outgoing-0 << "Content-Length: 139[\r][\n]"
11:15:10.612 [Forwarding findElements on session 7836b5d0-bd7a-11e6-9730-e5ec4f8847f6 to remote] DEBUG org.apache.http.wire - http-outgoing-0 << "Content-Type: application/json;charset=UTF-8[\r][\n]"
11:15:10.612 [Forwarding findElements on session 7836b5d0-bd7a-11e6-9730-e5ec4f8847f6 to remote] DEBUG org.apache.http.wire - http-outgoing-0 << "[\r][\n]"
11:15:10.612 [Forwarding findElements on session 7836b5d0-bd7a-11e6-9730-e5ec4f8847f6 to remote] DEBUG org.apache.http.wire - http-outgoing-0 << "{"sessionId":"7836b5d0-bd7a-11e6-9730-e5ec4f8847f6","status":0,"value":[{"ELEMENT":":wdc:1481224508010"},{"ELEMENT":":wdc:1481224508011"}]}"
11:15:10.612 [Forwarding findElements on session 7836b5d0-bd7a-11e6-9730-e5ec4f8847f6 to remote] DEBUG org.apache.http.headers - http-outgoing-0 << HTTP/1.1 200 OK
11:15:10.612 [Forwarding findElements on session 7836b5d0-bd7a-11e6-9730-e5ec4f8847f6 to remote] DEBUG org.apache.http.headers - http-outgoing-0 << Cache: no-cache
11:15:10.612 [Forwarding findElements on session 7836b5d0-bd7a-11e6-9730-e5ec4f8847f6 to remote] DEBUG org.apache.http.headers - http-outgoing-0 << Content-Length: 139
11:15:10.612 [Forwarding findElements on session 7836b5d0-bd7a-11e6-9730-e5ec4f8847f6 to remote] DEBUG org.apache.http.headers - http-outgoing-0 << Content-Type: application/json;charset=UTF-8
11:15:10.612 [Forwarding findElements on session 7836b5d0-bd7a-11e6-9730-e5ec4f8847f6 to remote] DEBUG org.apache.http.impl.execchain.MainClientExec - Connection can be kept alive indefinitely
11:15:10.612 [Forwarding findElements on session 7836b5d0-bd7a-11e6-9730-e5ec4f8847f6 to remote] DEBUG org.apache.http.impl.conn.PoolingHttpClientConnectionManager - Connection [id: 0][route: {}->http://localhost:1871] can be kept alive indefinitely
11:15:10.613 [Forwarding findElements on session 7836b5d0-bd7a-11e6-9730-e5ec4f8847f6 to remote] DEBUG org.apache.http.impl.conn.PoolingHttpClientConnectionManager - Connection released: [id: 0][route: {}->http://localhost:1871][total kept alive: 1; route allocated: 1 of 2000; total allocated: 1 of 2000]
11:15:10.615 [Forwarding clickElement on session 7836b5d0-bd7a-11e6-9730-e5ec4f8847f6 to remote] DEBUG org.apache.http.client.protocol.RequestAddCookies - CookieSpec selected: default
11:15:10.615 [Forwarding clickElement on session 7836b5d0-bd7a-11e6-9730-e5ec4f8847f6 to remote] DEBUG org.apache.http.client.protocol.RequestAuthCache - Auth cache not set in the context
11:15:10.616 [Forwarding clickElement on session 7836b5d0-bd7a-11e6-9730-e5ec4f8847f6 to remote] DEBUG org.apache.http.impl.conn.PoolingHttpClientConnectionManager - Connection request: [route: {}->http://localhost:1871][total kept alive: 1; route allocated: 1 of 2000; total allocated: 1 of 2000]
11:15:10.616 [Forwarding clickElement on session 7836b5d0-bd7a-11e6-9730-e5ec4f8847f6 to remote] DEBUG org.apache.http.impl.conn.PoolingHttpClientConnectionManager - Connection leased: [id: 0][route: {}->http://localhost:1871][total kept alive: 0; route allocated: 1 of 2000; total allocated: 1 of 2000]
11:15:10.616 [Forwarding clickElement on session 7836b5d0-bd7a-11e6-9730-e5ec4f8847f6 to remote] DEBUG org.apache.http.impl.execchain.MainClientExec - Stale connection check
11:15:10.618 [Forwarding clickElement on session 7836b5d0-bd7a-11e6-9730-e5ec4f8847f6 to remote] DEBUG org.apache.http.wire - http-outgoing-0 << "[read] I/O error: Read timed out"
11:15:10.618 [Forwarding clickElement on session 7836b5d0-bd7a-11e6-9730-e5ec4f8847f6 to remote] DEBUG org.apache.http.impl.conn.DefaultManagedHttpClientConnection - http-outgoing-0: set socket timeout to 10800000
11:15:10.618 [Forwarding clickElement on session 7836b5d0-bd7a-11e6-9730-e5ec4f8847f6 to remote] DEBUG org.apache.http.impl.execchain.MainClientExec - Executing request POST /session/7836b5d0-bd7a-11e6-9730-e5ec4f8847f6/element/%3Awdc%3A1481224508010/click HTTP/1.1
11:15:10.618 [Forwarding clickElement on session 7836b5d0-bd7a-11e6-9730-e5ec4f8847f6 to remote] DEBUG org.apache.http.impl.execchain.MainClientExec - Target auth state: UNCHALLENGED
11:15:10.619 [Forwarding clickElement on session 7836b5d0-bd7a-11e6-9730-e5ec4f8847f6 to remote] DEBUG org.apache.http.impl.execchain.MainClientExec - Proxy auth state: UNCHALLENGED
11:15:10.619 [Forwarding clickElement on session 7836b5d0-bd7a-11e6-9730-e5ec4f8847f6 to remote] DEBUG org.apache.http.headers - http-outgoing-0 >> POST /session/7836b5d0-bd7a-11e6-9730-e5ec4f8847f6/element/%3Awdc%3A1481224508010/click HTTP/1.1
11:15:10.619 [Forwarding clickElement on session 7836b5d0-bd7a-11e6-9730-e5ec4f8847f6 to remote] DEBUG org.apache.http.headers - http-outgoing-0 >> Content-Type: application/json; charset=utf-8
11:15:10.619 [Forwarding clickElement on session 7836b5d0-bd7a-11e6-9730-e5ec4f8847f6 to remote] DEBUG org.apache.http.headers - http-outgoing-0 >> Content-Length: 27
11:15:10.619 [Forwarding clickElement on session 7836b5d0-bd7a-11e6-9730-e5ec4f8847f6 to remote] DEBUG org.apache.http.headers - http-outgoing-0 >> Host: localhost:1871
11:15:10.619 [Forwarding clickElement on session 7836b5d0-bd7a-11e6-9730-e5ec4f8847f6 to remote] DEBUG org.apache.http.headers - http-outgoing-0 >> Connection: Keep-Alive
11:15:10.619 [Forwarding clickElement on session 7836b5d0-bd7a-11e6-9730-e5ec4f8847f6 to remote] DEBUG org.apache.http.headers - http-outgoing-0 >> User-Agent: Apache-HttpClient/4.5.2 (Java/1.8.0_101)
11:15:10.619 [Forwarding clickElement on session 7836b5d0-bd7a-11e6-9730-e5ec4f8847f6 to remote] DEBUG org.apache.http.headers - http-outgoing-0 >> Accept-Encoding: gzip,deflate
11:15:10.619 [Forwarding clickElement on session 7836b5d0-bd7a-11e6-9730-e5ec4f8847f6 to remote] DEBUG org.apache.http.wire - http-outgoing-0 >> "POST /session/7836b5d0-bd7a-11e6-9730-e5ec4f8847f6/element/%3Awdc%3A1481224508010/click HTTP/1.1[\r][\n]"
11:15:10.619 [Forwarding clickElement on session 7836b5d0-bd7a-11e6-9730-e5ec4f8847f6 to remote] DEBUG org.apache.http.wire - http-outgoing-0 >> "Content-Type: application/json; charset=utf-8[\r][\n]"
11:15:10.619 [Forwarding clickElement on session 7836b5d0-bd7a-11e6-9730-e5ec4f8847f6 to remote] DEBUG org.apache.http.wire - http-outgoing-0 >> "Content-Length: 27[\r][\n]"
11:15:10.619 [Forwarding clickElement on session 7836b5d0-bd7a-11e6-9730-e5ec4f8847f6 to remote] DEBUG org.apache.http.wire - http-outgoing-0 >> "Host: localhost:1871[\r][\n]"
11:15:10.619 [Forwarding clickElement on session 7836b5d0-bd7a-11e6-9730-e5ec4f8847f6 to remote] DEBUG org.apache.http.wire - http-outgoing-0 >> "Connection: Keep-Alive[\r][\n]"
11:15:10.619 [Forwarding clickElement on session 7836b5d0-bd7a-11e6-9730-e5ec4f8847f6 to remote] DEBUG org.apache.http.wire - http-outgoing-0 >> "User-Agent: Apache-HttpClient/4.5.2 (Java/1.8.0_101)[\r][\n]"
11:15:10.619 [Forwarding clickElement on session 7836b5d0-bd7a-11e6-9730-e5ec4f8847f6 to remote] DEBUG org.apache.http.wire - http-outgoing-0 >> "Accept-Encoding: gzip,deflate[\r][\n]"
11:15:10.619 [Forwarding clickElement on session 7836b5d0-bd7a-11e6-9730-e5ec4f8847f6 to remote] DEBUG org.apache.http.wire - http-outgoing-0 >> "[\r][\n]"
11:15:10.620 [Forwarding clickElement on session 7836b5d0-bd7a-11e6-9730-e5ec4f8847f6 to remote] DEBUG org.apache.http.wire - http-outgoing-0 >> "{"id":":wdc:1481224508010"}"
11:15:12.933 [Forwarding clickElement on session 7836b5d0-bd7a-11e6-9730-e5ec4f8847f6 to remote] DEBUG org.apache.http.wire - http-outgoing-0 << "HTTP/1.1 200 OK[\r][\n]"
11:15:12.934 [Forwarding clickElement on session 7836b5d0-bd7a-11e6-9730-e5ec4f8847f6 to remote] DEBUG org.apache.http.wire - http-outgoing-0 << "Cache: no-cache[\r][\n]"
11:15:12.934 [Forwarding clickElement on session 7836b5d0-bd7a-11e6-9730-e5ec4f8847f6 to remote] DEBUG org.apache.http.wire - http-outgoing-0 << "Content-Length: 74[\r][\n]"
11:15:12.934 [Forwarding clickElement on session 7836b5d0-bd7a-11e6-9730-e5ec4f8847f6 to remote] DEBUG org.apache.http.wire - http-outgoing-0 << "Content-Type: application/json;charset=UTF-8[\r][\n]"
11:15:12.934 [Forwarding clickElement on session 7836b5d0-bd7a-11e6-9730-e5ec4f8847f6 to remote] DEBUG org.apache.http.wire - http-outgoing-0 << "[\r][\n]"
11:15:12.934 [Forwarding clickElement on session 7836b5d0-bd7a-11e6-9730-e5ec4f8847f6 to remote] DEBUG org.apache.http.wire - http-outgoing-0 << "{"sessionId":"7836b5d0-bd7a-11e6-9730-e5ec4f8847f6","status":0,"value":{}}"
11:15:12.934 [Forwarding clickElement on session 7836b5d0-bd7a-11e6-9730-e5ec4f8847f6 to remote] DEBUG org.apache.http.headers - http-outgoing-0 << HTTP/1.1 200 OK
11:15:12.934 [Forwarding clickElement on session 7836b5d0-bd7a-11e6-9730-e5ec4f8847f6 to remote] DEBUG org.apache.http.headers - http-outgoing-0 << Cache: no-cache
11:15:12.934 [Forwarding clickElement on session 7836b5d0-bd7a-11e6-9730-e5ec4f8847f6 to remote] DEBUG org.apache.http.headers - http-outgoing-0 << Content-Length: 74
11:15:12.934 [Forwarding clickElement on session 7836b5d0-bd7a-11e6-9730-e5ec4f8847f6 to remote] DEBUG org.apache.http.headers - http-outgoing-0 << Content-Type: application/json;charset=UTF-8
11:15:12.934 [Forwarding clickElement on session 7836b5d0-bd7a-11e6-9730-e5ec4f8847f6 to remote] DEBUG org.apache.http.impl.execchain.MainClientExec - Connection can be kept alive indefinitely
11:15:12.934 [Forwarding clickElement on session 7836b5d0-bd7a-11e6-9730-e5ec4f8847f6 to remote] DEBUG org.apache.http.impl.conn.PoolingHttpClientConnectionManager - Connection [id: 0][route: {}->http://localhost:1871] can be kept alive indefinitely
11:15:12.934 [Forwarding clickElement on session 7836b5d0-bd7a-11e6-9730-e5ec4f8847f6 to remote] DEBUG org.apache.http.impl.conn.PoolingHttpClientConnectionManager - Connection released: [id: 0][route: {}->http://localhost:1871][total kept alive: 1; route allocated: 1 of 2000; total allocated: 1 of 2000]
11:15:12.936 [Forwarding screenshot on session 7836b5d0-bd7a-11e6-9730-e5ec4f8847f6 to remote] DEBUG org.apache.http.client.protocol.RequestAddCookies - CookieSpec selected: default
11:15:12.936 [Forwarding screenshot on session 7836b5d0-bd7a-11e6-9730-e5ec4f8847f6 to remote] DEBUG org.apache.http.client.protocol.RequestAuthCache - Auth cache not set in the context
11:15:12.936 [Forwarding screenshot on session 7836b5d0-bd7a-11e6-9730-e5ec4f8847f6 to remote] DEBUG org.apache.http.impl.conn.PoolingHttpClientConnectionManager - Connection request: [route: {}->http://localhost:1871][total kept alive: 1; route allocated: 1 of 2000; total allocated: 1 of 2000]
11:15:12.936 [Forwarding screenshot on session 7836b5d0-bd7a-11e6-9730-e5ec4f8847f6 to remote] DEBUG org.apache.http.impl.conn.PoolingHttpClientConnectionManager - Connection leased: [id: 0][route: {}->http://localhost:1871][total kept alive: 0; route allocated: 1 of 2000; total allocated: 1 of 2000]
11:15:12.936 [Forwarding screenshot on session 7836b5d0-bd7a-11e6-9730-e5ec4f8847f6 to remote] DEBUG org.apache.http.impl.execchain.MainClientExec - Stale connection check
11:15:12.938 [Forwarding screenshot on session 7836b5d0-bd7a-11e6-9730-e5ec4f8847f6 to remote] DEBUG org.apache.http.wire - http-outgoing-0 << "[read] I/O error: Read timed out"
11:15:12.938 [Forwarding screenshot on session 7836b5d0-bd7a-11e6-9730-e5ec4f8847f6 to remote] DEBUG org.apache.http.impl.conn.DefaultManagedHttpClientConnection - http-outgoing-0: set socket timeout to 10800000
11:15:12.938 [Forwarding screenshot on session 7836b5d0-bd7a-11e6-9730-e5ec4f8847f6 to remote] DEBUG org.apache.http.impl.execchain.MainClientExec - Executing request GET /session/7836b5d0-bd7a-11e6-9730-e5ec4f8847f6/screenshot HTTP/1.1
11:15:12.938 [Forwarding screenshot on session 7836b5d0-bd7a-11e6-9730-e5ec4f8847f6 to remote] DEBUG org.apache.http.impl.execchain.MainClientExec - Target auth state: UNCHALLENGED
11:15:12.938 [Forwarding screenshot on session 7836b5d0-bd7a-11e6-9730-e5ec4f8847f6 to remote] DEBUG org.apache.http.impl.execchain.MainClientExec - Proxy auth state: UNCHALLENGED
11:15:12.938 [Forwarding screenshot on session 7836b5d0-bd7a-11e6-9730-e5ec4f8847f6 to remote] DEBUG org.apache.http.headers - http-outgoing-0 >> GET /session/7836b5d0-bd7a-11e6-9730-e5ec4f8847f6/screenshot HTTP/1.1
11:15:12.938 [Forwarding screenshot on session 7836b5d0-bd7a-11e6-9730-e5ec4f8847f6 to remote] DEBUG org.apache.http.headers - http-outgoing-0 >> Cache-Control: no-cache
11:15:12.938 [Forwarding screenshot on session 7836b5d0-bd7a-11e6-9730-e5ec4f8847f6 to remote] DEBUG org.apache.http.headers - http-outgoing-0 >> Host: localhost:1871
11:15:12.938 [Forwarding screenshot on session 7836b5d0-bd7a-11e6-9730-e5ec4f8847f6 to remote] DEBUG org.apache.http.headers - http-outgoing-0 >> Connection: Keep-Alive
11:15:12.938 [Forwarding screenshot on session 7836b5d0-bd7a-11e6-9730-e5ec4f8847f6 to remote] DEBUG org.apache.http.headers - http-outgoing-0 >> User-Agent: Apache-HttpClient/4.5.2 (Java/1.8.0_101)
11:15:12.938 [Forwarding screenshot on session 7836b5d0-bd7a-11e6-9730-e5ec4f8847f6 to remote] DEBUG org.apache.http.headers - http-outgoing-0 >> Accept-Encoding: gzip,deflate
11:15:12.938 [Forwarding screenshot on session 7836b5d0-bd7a-11e6-9730-e5ec4f8847f6 to remote] DEBUG org.apache.http.wire - http-outgoing-0 >> "GET /session/7836b5d0-bd7a-11e6-9730-e5ec4f8847f6/screenshot HTTP/1.1[\r][\n]"
11:15:12.938 [Forwarding screenshot on session 7836b5d0-bd7a-11e6-9730-e5ec4f8847f6 to remote] DEBUG org.apache.http.wire - http-outgoing-0 >> "Cache-Control: no-cache[\r][\n]"
11:15:12.938 [Forwarding screenshot on session 7836b5d0-bd7a-11e6-9730-e5ec4f8847f6 to remote] DEBUG org.apache.http.wire - http-outgoing-0 >> "Host: localhost:1871[\r][\n]"
11:15:12.938 [Forwarding screenshot on session 7836b5d0-bd7a-11e6-9730-e5ec4f8847f6 to remote] DEBUG org.apache.http.wire - http-outgoing-0 >> "Connection: Keep-Alive[\r][\n]"
11:15:12.938 [Forwarding screenshot on session 7836b5d0-bd7a-11e6-9730-e5ec4f8847f6 to remote] DEBUG org.apache.http.wire - http-outgoing-0 >> "User-Agent: Apache-HttpClient/4.5.2 (Java/1.8.0_101)[\r][\n]"
11:15:12.938 [Forwarding screenshot on session 7836b5d0-bd7a-11e6-9730-e5ec4f8847f6 to remote] DEBUG org.apache.http.wire - http-outgoing-0 >> "Accept-Encoding: gzip,deflate[\r][\n]"
11:15:12.938 [Forwarding screenshot on session 7836b5d0-bd7a-11e6-9730-e5ec4f8847f6 to remote] DEBUG org.apache.http.wire - http-outgoing-0 >> "[\r][\n]"
11:15:14.448 [Forwarding screenshot on session 7836b5d0-bd7a-11e6-9730-e5ec4f8847f6 to remote] DEBUG org.apache.http.wire - http-outgoing-0 << "HTTP/1.1 200 OK[\r][\n]"
11:15:14.448 [Forwarding screenshot on session 7836b5d0-bd7a-11e6-9730-e5ec4f8847f6 to remote] DEBUG org.apache.http.wire - http-outgoing-0 << "Cache: no-cache[\r][\n]"
11:15:14.448 [Forwarding screenshot on session 7836b5d0-bd7a-11e6-9730-e5ec4f8847f6 to remote] DEBUG org.apache.http.wire - http-outgoing-0 << "Content-Length: 503130[\r][\n]"
11:15:14.449 [Forwarding screenshot on session 7836b5d0-bd7a-11e6-9730-e5ec4f8847f6 to remote] DEBUG org.apache.http.wire - http-outgoing-0 << "Content-Type: application/json;charset=UTF-8[\r][\n]"
11:15:14.449 [Forwarding screenshot on session 7836b5d0-bd7a-11e6-9730-e5ec4f8847f6 to remote] DEBUG org.apache.http.wire - http-outgoing-0 << "[\r][\n]"
11:15:14.449 [Forwarding screenshot on session 7836b5d0-bd7a-11e6-9730-e5ec4f8847f6 to remote] DEBUG org.apache.http.headers - http-outgoing-0 << HTTP/1.1 200 OK
11:15:14.449 [Forwarding screenshot on session 7836b5d0-bd7a-11e6-9730-e5ec4f8847f6 to remote] DEBUG org.apache.http.headers - http-outgoing-0 << Cache: no-cache
11:15:14.449 [Forwarding screenshot on session 7836b5d0-bd7a-11e6-9730-e5ec4f8847f6 to remote] DEBUG org.apache.http.headers - http-outgoing-0 << Content-Length: 503130
11:15:14.449 [Forwarding screenshot on session 7836b5d0-bd7a-11e6-9730-e5ec4f8847f6 to remote] DEBUG org.apache.http.headers - http-outgoing-0 << Content-Type: application/json;charset=UTF-8
11:15:14.449 [Forwarding screenshot on session 7836b5d0-bd7a-11e6-9730-e5ec4f8847f6 to remote] DEBUG org.apache.http.impl.execchain.MainClientExec - Connection can be kept alive indefinitely
11:15:14.450 [Forwarding screenshot on session 7836b5d0-bd7a-11e6-9730-e5ec4f8847f6 to remote] DEBUG org.apache.http.wire - http-outgoing-0 << "{"sessionId":"7836b5d0-bd7a-11e6-9730-e5ec4f8847f6","status":0,"value":"iVBORw0KGgoAAAANSUhEUgAABFgAAAYzCAYAAADAr4kVAAAACXBIWXMAAAsTAAALEwEAmpwYAAAgAElEQVR4nOzdeVxUdd//8ddhYEAQAQXRUTQwlEslsbTFEM0FUyvNzFKrX1pXdmm3qWVp3u63aV25tMh1tShdmdp2uWRmuZVKZlqpqbiQoqm4UYAgwsBwfn8Mq4KC4Fbv5+Phw5mzfM/nnDnnMOcz38UIDw83+Ytb0qD61Q7hsur5W8bVDkFERERERETksnBxcSEvL+9qh4HL1Q5ARERERERERORSWSyWqx0CAK5XO4BrgWp4iIiIiIiIiFyfLBYLOTk5VzsM1WARERERERERkeuXq+u1UXdECRYRERERERERuW5dK02ElGARERERERERkeuWEiwiIiIiIiIiIpWkBIuIiIiIiIiISCW5ublVeJ3OnTuzZs0a1qxZQ9euXaskDiVYREREREREROS65eJy8dRGtWrV6NixY+F7Hx+fwteBgYGFrzt27Ii7u/slxXFtdLUrIiIiIiIiInIJLjaKULVq1Zg2bRrNmzenRYsWzJgxg5o1axbOL0i2PPvss9x3333s3LmTF154gezs7ArFYYSHh5sVWcEMieKpBzvxt3q18HJ3JftMMgd3xDFn7pekGUaFNl4RUX8fx71Bx5g59h2SLuN2zmWGPsjMcY/QoqE/HhZwZCXz4/L3GDFj2RWLAcA0Q5n84WvcVvM0Hw57hHkJlT8Gpmlj4PihBB3+kkmx66sgymuDaevEmKGdqOFI4ctXp7E+rehYmT5RjHqhG36cZMmr09mUduXOpbIUxOvlcBROcziyST2ewFezFxBvGFf0/Dd9ohg1+l78TsfzxpS5JbZnhvRg/D/aQeKXTIpZXfGyTRsDxwyhiRc4zptrgTN7mX3ONovzuf1RRj8QzOqZE1mddJmPg60TY4Z3gfhlvFzs+jB9bmfU6J6kr36HmNUHLmsMl+pK3aeLfx5bGgxk9ANBFf5srrfrVUREROTPyLRFMeTxLtxYxxd3CziyU9mzcRkxn20CoGXfETx0c11O7/ual9+t+HPAhVRF2Y0aNWL//v1lzo+KimL8+PGF79PS0krUYClt2oQJE9iwYUOF4qhQEyGz5aPEjB1Am7AgvHJTOXo0GWrYCI/qw8vj+1VowxVVu249/IPq4ntZt1KSaT7I5/8dS6cWwQT4euPt7Y1vQDCdHp/C0kn3XsFIALwIDgumblAYNq+qKtODug0CaRBcu6oKvDZ4+FIvMJBAWxjtOzcqMatR+0jCbIEE2poQXOsqxXeu/Hhtgf74+zv/2YKCCW8dzcg3nyPENK/o+W+krWf/aXcCQ6N4sl+zEvMGPnUvwf41OPbzlkss3YMafgX7GYjNZsNmsxHoXzDND48LrF2rfjCB/g0IuNBCVcXDl3r+/oRG9WdAy2J56Fr1CQ0MpI7vlQii4q7kfbpWYDCB/sEEeECt+kGX9tlcb9eriIiIyJ+MaUbx8pQBtA614eftiaenJ95+Nlp3H8SUAbcD0OhvTQn09yckKKDKt18VZV+sBsuaNWtYunRp4ftzkyvnTlu6dClr166teBzlXdA0Q3huQAc8cbBjyQxmLI0vnD7stZeICG5P35AFLDxweX5hzMkFHLlklTdeW29iptzFN5MH89klxtT4yY4EA3CKL1+fxReHajNo3LO08IXge/oROfZz4q5gbZocO+BuJyPJ+b62aXKystt3gCO30qFdcwpqR9S76U74rKiWwZ23Nsx/lUvOFY+qDFnOCzFx2StMWuqM1TRtDJw8hqigJtzWCDIreP5X1qdTYrlpzlCCox8jasGLrDcMbF1HEBVoIXnLfN7dlHZJ5RrGAV4fOQhw7uOomCmEuSYw7qkpRbVWLnRO5+QC2WT+Dqbpg2FcWhzlklVwHlmJenIU6wZP44BhFE6/Fi+bK32fPrB0EsO2+JCWZBASngs4Lum6uq6uVxEREZE/mXrdWmEDIIWNn3zCd8f96DmgD6HeYLszmqZzvyf++zXUPl6doz+vq/LtV0XZFxtFyM3NjWnTptG+ffvCREpycjJfffUVAHfffTf+/v6AsybLtGnT8PT0rHAc5e+D5eZ2NPWGzIRlhV/awfnANGvBd7z5dDge9evBgSRu7/0s/e6OwNsCYCdx4xImvbsCAJ+mPXh2QDeC/a0ApCdtY8Grs9iUZuDTsjcvPHk3Nk8LODJJyXbHKzOeV56fXiIU0xbFqOEPEebvWVhG7Euz2HrOg5krrlTmidSrIIOVm0umPYW41cvYgD///Z828PtuTuBsujM+dhY9WwXhCuSmJ/LxtOd5ZVkCZuiDxM76H1oF5dc7yE1n17dz6TtiDqGPzuD94W1xnEoip2YwAe65bHx9INNP92LWsHsI8nZ+NKmHN/LPAYP4/ERBVFbumv5fHm/RGHcgNXE1Q+8bzrZKJlpMM4TnXnuOumd/xz0oCG8g88QOvtkOnaPDsQL25D3E/t80NqUZ2G7vy9P92hPk7fwcHelJrFnwKgs3pWGaTXlq8pO0CfIDIPlwEp6BVlZOfJ4lR315cNgLdI9wXsLYT7A29g3mbUrCNEN4avIzhes5MpNY896rLNxawYfoLLAADrsDa9BNdPIxWZ1mYPp0oqXNSkpSCn429/z9bslT4/vRJth5MeHIJOG7xbwcuxpbp8GMebgZmSkO/P29ATixYzlTp39KKo2qJtbi3Ip++jeMJBat/42o/mHUDalH8cpuZR37Bae7MXNkR5KXz+Dlz5zXaEiPF3mpZyDLJg9naQUeqg1jK9M/2sas/hH0HtWNddMO8fQD4ZC5h3/NXgWGgWmG8Niop+gQlt8hlD2Z9fP/Rez6A3Qd8U8eqH+Ml4dP54BhYOs0mPEPB7Nk3POsKGw+4kHBbdAXSCrYv07PMv7h+nw57nmWJjk/t1emP0jKslf4FABP2v3vm/T09wYcJO34ilenf0qaYZT73lBehbdpzzD+MawzI19fzblVbMraZtj4N2nvvYeJz8/mKPUY8soYbrbu5+Xh09mPLwMnv0zL3DjGLsspuu8BKYe38N7Y2cRfSszlvE/bQnoy5uFmpJ/IJtDmBzg4vGUNCd6t6RDmfJ+0bRljXl96kWsk/7N6+Xl2VDxapwpdr2Wfc87rtQWOTPD2tpKy4xOGf3SmSs8HERERkT8jD6/qzhcOB1k5p4nfuold+DK5d3M4nUgq0KBOKGHNAmngcYSlm5Jo2XsET94djqcF7MmJHDjrTajNkx0fTWFWfGteGX8vlqM7OObemHCbJ868wKdMKqUJUI1iZS/53oNhrz1HU89MDv1mJyTMhgXn97h/vzSrzO/IF+qUNjIyEl9fX2rXrl2YXElNTaVPnz6kp6cDMHfuXBYtWoSvry8+Pj4888wznDx5ktTUVOLi4sp9LMvdRKhRoyAsOPhxxZLz5hlbYxk6aASx65PwiXqWQd0j8EzZw5LY+WxMOE1wmz5M+3sUpnk7L4zsSbB/NluWz+eTtTtwt0UwaPJz2MzbeWFod2yuyaz9ZD4r49Px87RgreFxzvNMM8aMH0CYfzYbl8xn/vJtWGwRDH1tCD6mia3l7XTqFEW71rWxYKFe63ZEdepEVEtbuQ9Kga3LVnMMwLUuvUfG8MsvP7NheATxK9+j98BJJBgGz3w4h96tgnDNTefwsVRcvYPpP+XfDAk1mfzWWGdyJf0Y+xKPkevqTbNOT/NihIlXjQC8Xd3xrRtMgDtABvsyurBgbE+CvF3JTj1Gai74BrVhysKZFPVp7E7jFo05fewUuYBvcCcmTr6vwvtWGjdPT/yDgji+fjkrtyThGRhO9+imHFq/nLU7krD6h9GtczNMsxPPD4omyHKC5fNjmb98C5neNqL7PY7NNHlw/BDaBPmRuHE585dvwTPIhqfVEzcP6DxsPN0jbCRtW0ls7BISswPpMGgUPUJM2g17hjZBXmxZEsvb89eS4mkjesgQQswKdRNU6Lft8djx59b2zmYHjTq3wY9ktu48QUFu8bGX"
11:15:14.451 [Forwarding screenshot on session 7836b5d0-bd7a-11e6-9730-e5ec4f8847f6 to remote] DEBUG org.apache.http.wire - http-outgoing-0 << "h9Im2I8daz8hNnYJe5JdCY26n942Ew8vXzwtnvj7ZbJyfizLtyURGN6dFwbeXOWx5gKubu6Ypg8+Pj7YQqJ4olMokMn++KPFluxc5rGvt2sPqQ4LoW3a42OamKYPHSPDsGSeYEfZzRHLlLb6dZYnZOId9gCvvTaEIIudtbPza3EAPcc8R4ewQOdnOX8lh3P9iRrwHH2bmlg9amCpUb2wLA8vf6yWGpzbqqag5kLxPKiHlw9WSw08C5at5YufxYp7sQSUn182az+Zz9o9ydjyPxPTbHrBe8OlcAX2LJnPjnTwj3jQ2VSoWLAX2uaxY5lY/ZvRuh5QrzVhgZ5Y/BpxWyPAtw0tgzzJPpbG0093x+Y4wCdvv8En6xPxC2rN08M6X1K85b1PF5zbgTY7a5csYVtSNkGto+nQ4CxrlyxnT7IDW0RHetjMi1wj+Z/VJUVbUnmu1wudc859suLtfZo9CYc59FtOlZ8PIiIiIn9G+zduIRnA4k+H/iOJjX2PNx8KJXHzMsa9Mo8kw6B+3UC8PT3xru6FefvfGdI9P7mScoJsv2DCgvyxWDzx8fUF3PC2WvAPjiA80EFKugOwEtzG+R3yXMXLBvDy9MTq6U9omI3Tyek4AG9bBI89dUeZ++BwnN/DY4GJEycyfPhw+vfvXzjt448/xjRNatSoQY0aNTBNk48//rhwfv/+/Rk+fDgTJ06s0LEsfw2W/Kr56fk1KUwzhDExYwkt/GbtYM+Sl9nTrDGQxHvPT2OTYWCu24LnzFlE3BZJ68QsbMCO+dOIWZ0ErOYQkxjZoQldHvHABmyb/yLz1huwYjWuU96jg3/Jhy/Pzp0JtULytlWs2ZGEBwf4plEjuoe1oFujRgQPGURosdpBET0HEAGQtJL1WxdW6OAYCXOIfsxO7JS/ExHkiyuu+AY1o+egKdzT7U4e6vYT3Vo4a6f8+OF4BkzP4q21b9AuIIDIe1sy+63JnGn9N5K3rOVkg3sY9kRdAlzt51R1P8X7j3Vg+pnGPDl6Du5AduISWvcYhxk5gv+Obsfpc56O9302gt6TVjNi4Xc83swbW2hohfarLBZXcBxeycuxn2GaR2j+/iD8E7/Kf7+fsPeHOhf0TWLj+vXkbPuaJQegWYiVg8mtCffzwZc7aBnsiT1xOZPe/QyAA4xjbPd6QCNubeoH6XtYtuwHsn1g2YobGNonghY3N2KLxRWwUKdRI6pv/IHYtw/hn32k8IG+IlyB7KM/srdZOOG33glLD9CuVTAkreS7Uw3o4NwRDm1dy9rNCXywZDeNmoWw/1gKYYHexSuTsOW9F1m4ycBctZ16b84iouVd1D5YdbGCM9EQFD2U96NLTk/aspilSQY9CiZc8Nj/zMofkhnUpgXdGsECOtPKH5LWr7zkuD6d8jEt5wzA5u/JiY2xzIt3lmOat3NrqCeOwysZ87rzuloXn8M7U7pzc/vOOHO8xRvROF+Xr5nHOcuWUgtty3vPM2+TgfnlFgLenEV4q2jCD2dd4N4ACy+xP1p34pn27/W8MzKKqAHP8fXY3YV75nuB+1HdRd9ibxNNi9b1+NYehrMOlCehNzfC90xLvLHz/Zo9BLcCPP1oHNqA9es+5O399ck+8uulBVvO+/Sn+e+2vP0i8zYZ+NjDmNUnjG0fv8q89Wn42Bszq09DPD0udo1U5HMtW/mu1zsueM79kJ+H3BL7f8SsT8On07PMqsD50LVrV7p161Zi2pdffsmKFSsquXciIiIi1zYjaQXPT85h1FP3ERrojQUL3oHBRPUcxJ13hDPuxXfIKTZERc8O4VgAe9J6Bo2JxTQ78cqc/gQWew53Lp3MJ889z5epNzP5naEEWUtU2i+Uc87wFwXvDq/8J+MWxtN73Gy6B3viV7d+mftwoQRLaTw9PUsM7ezi4nJJTYLOVcFhmj1p0LQeJCUBv7M5biOp1SHHM4g2EUElfmEuGMzIMNLYdyKTiBrg5uUBODh24CjgfFBLPe18enLmsRycPFK0tdNnsilWdQMAb19nVss/og9jI4rPSSeH/cweNwYvznAm8D5eHRpJ3BsT+fwEeJ0p2mZ5Rdz7KF2a2vhuZm8GrPKhc59ouvW6j07N6uIa1JFePVMKOx1t9fgMdjxetG695rfgQWu6d22Db8/eZW8k/RBrt4JhJODh5pxkP+18OjLiZtC7+4z841Ows+ls+XwVYJCd6zyJ7BXaqwuwQMrxgtoSJznjABILkjtpnHE4W0cYafGkuvbmwaFT6Fl8/cxcshoF4w8cjS9qnrA//jCO7vVwq9kEPytgDWPQ2LElNu3bKJwvp8XS+OUBRIRH0T88Cmczha/Y/vP+Sxr5xGL/lZXbkglv04zbbZ0ID4SET77kd7ch+Uuk8utJ6PbQIN4vuSMlHhjTTzv/N4w09h3NJCK0OvHTY6lXlbECyTvWsnb3aaxWN9w4w/4dG9l64JwmR6m7yj72wK7lcTzapic3d7yDxNzbsJJO3KKfqei5X8Aw1hOX0Js+YRZ+XL6uqJx6gXgDv/2yvWjho/EcsncnpE5ApZrmlebc/k6Kfya7j2YSHupOLV/nHb30e0MluPlixMcyf0sTBrQOZ+jTboU3/VoXuh+d+IEDmdGEtGhHt9wGcGIHOyzhNGl6J91yG0LmXtbt38+6+WsZ/lAHIjr0JKJDT7CnsPHTt9h6yQMUleM+nQNg5+TJ/P2wWoBMjv6aChjUcrY+I6ec10hVuOj1WvMi59xRZ1wnC/bhgn8rzleQSClIsii5IiIiIn8VIbd34rbgAH75eCzTfvbi5natuaN9JK2D/bEEtqJdo3fILLa8W35Dequl4Ft6PCczIdD7nIIzU9ibCpDGmVzAWpEf5jL55YddgEFO/nPvhfpAzM0te+6UKVNo3LgxPj4+REc7f9Hu1q0bn3/+OX/88QcANWvWLPFj21dffUV6ejr79u0rd8RQgQTL/h37yOwZSni3hwlZNZ0DRhqrF77LasD06UGrWUEAuJXSe28dP0/AFasbgAW/+r6Q/+Dokd8OwML582p4uZ83lmvOGeeEhCWTeTm/Q1Bbyx50b+VJ/O+QlpZEGmCSixUruWlHSUsySLuEB8w7+zxN/xbecF9z9q56hNWfJrAqoRY/ftAbd+xwKJ7kXPB2hR/fH8PUtSlE93qIcL8Uvvs4h+ExbfAllx/nj2fAtBQ++jGGZuc2DbO6nbddaw3ncBlm6AhWLngAkvby3t/fKDoGFd6T8nEFzhbLcLkCjrPZJd4D2Lq+SP82waQkrOffS9axNf4AfSe9R3QgsP8op4HARqGAM8nSqGkQFiDnj0OkO8D/xFoGjJnn3EefljzWJ4LkH7fQqF0bTm6O5fElB7ijc2fa3HUX4RGd6dbo00uqfeDqBT+v+Rl7m2geGNINP5JZ8mUqXoUPijfz9IAOBGYeZsnbH7Hl+13QcwxTejYsVkrJE7C+vydkZ+DZrlHVxgqk7/+OFSsuvHLNbqPKPvaAkbSUH5PuJarVAzyAP47Da1lRyaFtrQUdRhXPNh9NIRNocFMLyO/vBd+G+Fsh+fBRyO8AvCDPklWRXK6ba8mVz+Scs7ads/nzTNOHxvU8ITubM2ec08q6N1TWutlv0GrmJMLDwgA4ThZZF7wf7efkrmTCWnekIxaS1n7DN661CY/qQDRwYuOPHKUR3erB17OHsSo1hG7t7qBzx9a0efBB1qyaVuGaR+W9T5fO9bz+Zcp3jVSNi16vf1zknCO4xD5c+LMpPYbiCRUlV0REROSvIrzD/USHekJkMIcGT2Hr+iR+PlKDd8Z2wFpKWuNkaibgiQNvfEyT1EatqX9ucuUKu1CC5YsvviA3NxfDMLjtttvw8fGhVq1avP3223z99dcAdO7cmVq1nM/haWlpjBs3DtM0cXV1rVDNlnI/9RgHPuPjjS0Z0CacsTGvsGXTj+w7doa6wTfR8rYwrEBuThY/bz9E9+BQBowfCB+uo07Hx4kKhPQdW/h2VQ73dA+mdf8X6JE+h4Ra7XgyOggch9n14VpCOoXS+rH/ZYDX12T9rRMdbBZKpMpwJfPLtZzoE0Zot6fom/IBP9ib8tST3Qm0JLP3nQVFP9Sf"
11:15:14.451 [Forwarding screenshot on session 7836b5d0-bd7a-11e6-9730-e5ec4f8847f6 to remote] DEBUG org.apache.http.wire - http-outgoing-0 << "SWTLji0kVuLB6q1PNjCoRTfwbkHM1o0cO5VFQN0A50HLPUb81s/hwDiCG7vT6oGnea7xWW5t09g5f/Nr+aeiK4FN7uKt/7bIT65Uo35QyWo51Qu3t5EnWnTDPbg33319G1nV6xLg7gp+dradgK6XvisVUP4xVs+eOsyBo1l0HTCO6KCCz2odPyQ8RPewnoz7uxsbU2pzf/dgnDN3kfCbneDgdrz06DE++u53Oj7yJG2CPdmT+DXWNp2JDr6b2rzHp1viCb01CoCcS64N4QH717E3PZpwmx/2xJWsNwxC8ue64Y0VIPN3EnYfxbfdYwzo6ez3pCjtZaHdgFEci12G250P08YfTmzcSL32A6o4VkqvL1eCKwV1J0o/9k5ffxNPVP9w/IFtqz+vREDnhFfstWGsZ1fSY3QI6siLfU+xbI+dzg/1xA/YtvdXqJkLloY8+OAdrD8ZSr97C86BkgpqERbf899PpgHBtHn8MfYvSeCO/t2wlljLSvdhozj572V43dmbCG84sXEdW76kfPeGS2QYSUx/aw0xY6Nxpow9OPrlugtuc923v/BY6w5YcPDrTz/zs3srHFGBWLCz67t1wB20i+5AYGQwbrM/ZPv2RCI7tsbvTDqXcusq7326/MpzjVSVi12v6y58zvlFlijtYp9NWeeDEisiIiLyV7Nk7TZ6hrYBz1BGzokhOSUbP38/53d1x+8k7i/ZsGT7zkRo7Y8lsDXTY97E4el9zvf1fBVsL1MZF2oiVJAgeeGFF0oMxVyzZk369u173vI+Pj5MnjyZV199tcJxVGiX1787BnvGs/RpH0HrDt1pnT/dkXmCLSuXELP0APAyn9SbRJ/WUQwd63zoTD+8kVnTv8QwDGbGBvH8Y1H0HJrfRCQzieWzx7LJMPh+jB+TRz1AVJ/+YE8hxQ5+rq75D1+5kJ1BKt8z9e1g/ndANNEDRhIN4EhhfexM1hf7tddI20TMjE1U5qnKWDaKMaFeDHukHQGu3tSt60zL5aYm8uFLD7DMMPj8gdEEfzmRNkFBtGnjjDNx9WyenvcBj7Z8gJGdgglq1Ykg0jmVmk2Arzstut/LmS359VDO5pBRbHvjm9ZmXP9WeNd1juSTm5rInJcGsY+W+ZUpik6c02fOAr5kna3kULW5Rf+5njO5tPdHv1zGjg4hhLfpz6w2AOkkJaVjs9UhvB58OuUlqo0ZT4c23QnGQbozwQnAgomvU/vlIUR06M9YZ8cKJG1ZwiurkzDjP6XFqIeJ6DmIiJ7OfU1c/wGfJVX8M8wFcnOcD8UbtyYRHmUjfmPxYb+yycxax7otXejTOoKRs2YBzhGPHEE2Qm9uxg8FVYVqhNF/pLPWQkriet5453uO1qteZbEWxHvRJbIzOPTlVxc89geS4Oiqb0jqH47NnsCqdakXHva4HOz5N6vMc57LP3hpNgGvPEl4dH/CogHs7Fn5Nq+vT8I8spI7XuxJRPdBRAApSSdw2LzPeyjPyj+nixeduu5T1ndqRFRoB4aO7ADpydhxjmCTZc8//z3DGFDwmSSsZeo732MYRrnuDRXhPI+KojMOLOS9taEM7eAcwN0wNl14m7u+IyGzA2Guv7FtF8AOkhxtCMrcy5pdzvU/WHIbQ3pG0GfkWPoA2E+wfN78S2pqBuW7T9u6lhxo2nlcS3t/4Wtk3Zni61364NXlu15hyQXOuXP36aKfjYiIiIgAYGx6l7fre9Ln7gj8LJ7454/A6EhP4qt/O5/VC/qEzM44Q9r6GCZ7DeaZe1rg5+lNZtJhzgQG4WeBjNTUooJziyU9znmWLU12xpli74qWPZOVDXjjyC27LcfF+mBp164dXbp0KXyfkZFB9erVSyxTfFqXLl344YcfWLeuYkNHG+Hh4Zc0nIItJMSZ+Mj6nQNJ5z/gmz42mtXzJSt1FwfOeeg0TR8aNauHR1Yq8Qecg7Oatk5MHtWFxAX/R+ymNEzTh2EzZxHBFoYNn13qw0ZI06Z4ZGURf+CSOysot4jISKoDGSf2sS3h5HnzQyMiCawOJ/ZtIOFkUaxmaARtA2Hfhq2cLOeXetMMpW3bQMg4Qdy2hKrahSpnC2mKLyWPv2naeOrl5wk6uIRx764HoOWAKQyN8mfl5KdYmD9UsE9ICPU8PEg9uoukc5qw2EJC8PWAo7surT+TijJtITTzPT+WkB4vMbZnPZaMGcy3Hs2olXX+uXylYy3a7vnHvoDp05WZs/rAllhGxKy/7LE4P8vSj4HzGj1K/Ll9yZSnXFsI9XwhPr706zukaVNIPVrq/edK3huqYpul3ROrwsXu0+WOr4xr5Gq50DlXmqtxPoiIiIhcj0KaNsUDyCrjezZASNcRvNjzBk6nJBP3wUSWpHbjlUl9CLRksnzyYD47cOW/L9psNpKSyv4e7erqymuvvUZ4eDhLly5l3LhxjBw5kkceeQSARYsWMXHiRCZNmkSPHj3Yvn07L7zwwgWbHpXmkhMsVc306cRrs/rjTyaHE45irRNCoLeFxJVvMGnh1qsdnlTAo1Peo4PNQkpSIsn4Emrzg+QtjHl+NknX0S/HIb3HMbZ7A1ZOfqIwMXQtM00fBk6eTFSQN5DOkjH/w9JLrFEjIiIiIiJSGrPpo7wzssP5zYLsCfzzqSnEX4Vnvtq1a3Py5PkVIQqYpondbqdt27asXbuW6tWr06tXL4YMcQ6o8J///IcPPviAjIwMOnTowLp16/Dw8MCo4L5YAgMDJ1RmR6qKkX2AlQlnuMFWl9o1fSDrBNtWz2PmZ0quXG+2r9mJWz0bgYE18Xaxc2TXRmKmzOW36yi5ApDnHkCj2mfZtXkTh9Kv/dgNIxv/G1sTVP0sW5fFsmBr8tUOSURERERE/mSMU78Qn+JJoK8Vhz2HrO8bOJ0AACAASURBVDPpnEj8mXmvvsGO7Kvz3OTh4cHZs2fLnG8YBhaLhf379+Pl5RxtMiAggPbt2wPOfvgOHDiA1Wrl119/vaTkClxDNVhERERERERERCrKx8eHtLSKNYk/e/Zs4To1atSo0GhBZbmC/fqKiIiIiIiIiFSti3VyW5pq1apRrVq1Ko3DpUpLExERERERERG5giraGe3logSLiIiIiIiIiFy3LqUGy+WgBIuIiIiIiIiIXLdycnKudgiAEiwiIiIiIiIiIpVmABpFSERERERERESkElwrOpSRiIiIiIiIiIiUpCZCIiIiIiIiIiKVpASLiIiIiIiIiEglKcEiIiIiIiIiIlJJSrCIiIiIiIiIiFSSEiwiIiIiIiIiIpWkBIuIiIiIiIiISCUpwSIiIiIiIiIiUklKsIiIiIiIiIiIVJISLCIiIiIiIiIilaQEi4iIiIiIiIhIJSnBIiIiIiIiIiJSSUqwiIiIiIiIiIhUkhIsIiIiIiIiIiKVpASLiIiIiIiIiEglKcEiIiIiIiIiIlJJSrCIiIiIiIiIiFSSEiwiIiIiIiIiIpWkBIuIiIiIiIiISCW5XqkN5Tgg4QQcTIbTZw3yTKhRzaRBTWhSB9zdrlQkIiIiIiIiIiJV67InWI6mwJKtBnF7DbIcRqnLWA0HkU0MHrjFxOZ3uSO68vaf/o2YPR8Vvp9+6wtXMZoLO378OMeOHbvaYYiIiIhcNi1btqx0GRt/Nfnnijz+OGNWQUTXv5peBiO7uhBhO4unp+fVDkdE5Kq4bAmWXAcs+MFg8U8mGBduiWQ3LazdA+v2OHjoNoPerUyM0nMx16X0nEy2/b7naodRbu3atbvaIYiIiIhcFvv27auScv65Ig9XqxdB1VUNGyDbnsM/V5xh/hNXOxIRkavnsiRYMrJMpnxhYc9xA4olSqyGgxvruuDvZeLiYnIq3YV9x01y8pwJGAcWFvwAqZl5/L2dfg0QERERkWvTH2dMgrxcwdR3VgB3N1dOpuhYiMhfW5UnWLJzYfIyF/adKMqs+Ho56HerQdvG4OGWV2zpPLJzYcO+POZvMknNtFDT08F9EVUdlYiIiIhI1TJRQkFERIpUeYJlznqDfSeKmgTd3MDBiC4mXu6lL+/uCp2amtweYvL+d3n0bgWBPlUdlYiIiIiIiIjI5VOlCZbdSbAqvii5Em4zGd0dXC0X"
11:15:14.452 [Forwarding screenshot on session 7836b5d0-bd7a-11e6-9730-e5ec4f8847f6 to remote] DEBUG org.apache.http.wire - http-outgoing-0 << "71CluofBMx31K4CIiIiIXC/03VVERIpUaYLlkx+LXntaTZ67Ow9XS1VuQURERETkGqH8ioiIFFNlCZbkDNh2EMivwHJfhInPZR6hzUxNIS/xV8g8A55euISEYvj4lnt9I+ckxpkdGI50TIs3ptdNmG4B5Vo3xwF7jkFSqoGLASEBJiG1S/TpW8GdMTGTjpB35DfIzcUIrINLSCi4XHgEJrlEWWkcSU7H3d2bgIDKtUnLOnWE5Gzw9vbHx8ejigIUERGRa58yLCIiUqTKEiy//GaUSAa0D7t8f3Dydu8i96O5mDu2l5wOWJrfjKX/41iaNC1zfZeMzVgOT8UtY0OJ6Y48yPONIrf+S5herUpd1zThi+3w6Y8upGeVTKeEBDgYcCeMXVw0bfH/XHx/HJs24FgYi3n4t5L7U7Mm1of+H5ZO3fhTjVt9uaWtootvNJkTvmXD+KZMa1ub0Uzg5IbxBABpP8UQ2WoIOwFoyBcnD9K9fHm186ya1ovo0fkfeMPRHD74MvWrZi/OcYpZXWozPLNoP0REROTqMjWCkIiIFFNlCZaDvxe99vV0EFijqkouKXfxx+TMe5fS6nW4AObOn7GP2orbgKdwve/B85ZxPfYGlt8mYSmlAIsLWE6vxyV+A476E8mtO7jktvNg+lcubDpQerLjwCkLE79wgFG8XZSj7J0xTXJi/03eF/8tdbbLH3+Q+6+Z5O3bjdvgEWCoNkt5ZQKp2XbAiocnsDebbACy+Gy6M7kSPXA4twQ2oIH3JW4kbRWTRi8GmjNweGdCWz5wmZIr+ZvLBFIv4wZERETkutD3dhd63GyhuofzO2lGlsnSnx0s3JR3kTVFRORyqrIES1pm0euaXhdf/v63ytc5S9vGeYyIdv464Fi1HEex5EqeC1jCb8EIrIN54jiO7T/hArgYJo7338bwroHlri6FZVlOfoD1yKTCZkyOPAt5vu3AGgT233A5vQ4LeVgwsRwZB641yQ14uHD9978zSiRXArzyuPVG8HSDPccMdhw1yM0tf6czuV/8t0RyJc/DC9c2kRg+vuQl7MHc6ayhk7fmK3Lr1se118NlFSVl8mHY1yZPZ4Gz8U42pw4D9OW1OTMIr0zR7lYAmo9+izkvt6tsoBdhpYyBuEREROSqufI1WGb1d+XGwJLfN6t7GPRv48ptjRwMm597xWMSERGnKqsSYRhmsddVVSqkZzrLNVNTyH3vX0XbCLoB9zfexzr+FdyeHo51/Ct4vBkLtqDCZezvvImZnuZcPuckrof/t3BeXrUmZLf4npwmn5ATPJ2cJp9iD99InseNhctYfhsFOX8AcDAZlm8t2sf2TRzEPGbyZFuTfrebTLo/j5F3O8C8QI2VYszTqTjmxRbtT/MWeLz9AW7PjMT10b9jnTQd16eHFc53LPgPZvKpcpV9JQzpEk6vER+TVTDhyHL6tQ2n14h5JaeFh3NPj7sJb/sE69IKZpwi5okuhLcdcs60trR98HkGVqDsIXN+ukikp5jzRBc6D4nhVNZPjOgSyeg4gB0837YtQ2K+ByBx3Rx6hd+AYRgYhkGXIbPYm1Z2qWnfx9C29TPEATsXPEPbtv1YvH0dQ9qGM2TO98WXZN6QLrR9IoZTzhUZ0rYtQ2bNYdoTbfO3dwNdnpjGjuLbS9vBrCG9uCE/nn4jJvJNHHCRLoZ2LJ5VbD9uoMuQWUXlpn3PkLZdmDgnhn7hznKfiPkJyGLdnJdoe4NzmtH2CaZNG0Hb8F7M23GBgyAiIvJXZ5pX9F/f2124MdBCRlYek5fYuWd6FvdMz2LyEjsZWXncGGih7+0uVzyuwn8iIn9xVZZg8S3Woe2pNJeqy+cX1DZZ9SXkOB+v8zzccRs3DRdbyQYZRr0g3MZNBVfnb/0u2Vk41nwFgOXUPCx5zmo2DqqT3fgz8Agpsb7pcSPZjT/F4VLNuU5eBq7J8wFYsdMAF+evBfX8TIZ05LwRktrcCA+0Ll92yfHtKsh1NlrBxwe3FydieOd3tpqXR96WjTi+L9ZHTF4OjhVLylX2leCTtJPFMz9ma37GY+83i1gYt5PFM1ewK3/ajq/ns3DnTmrVM9gZN5evNx9xzji1mYVzV7IzLoavN+cnjY7E8a+5cRyuEUSdCpTt0yDworEe2bySuM2nyMaKh1exDIWnJ+7uVhIXjyCk/ZMs3nmIvoOHMzC6IStjhhPWYgg7yiq0ujcBpDtfHwJPzywOHT3FL3E7Wb8/o9iCdg6sL9g+YM/g17g4YoY/yei5h7l/YF8iGx5i5dzR3PSPOfkJpCNMvOcmhscs5lBkX4YPvp+FM2ey8iL7+dOcftzUaziLd0Lf4cPpGwkrY4Zzk28/vk9zbvuXuJVMeHIIC3fmHxu7nZ9i+tH+yanEHWrOwOGDiYyby+jRM4nbuZjdx9MvenxFRET+qswr/K/Hzc4vnzO/ymXT/rzC6Zv25zHzK2fNlR43W654XAX/RET+6qoswXJDsV43T2cbHE258PILnsot81+npkXtR32duQ4c24tqKrje1QWjln+p5brUroNL+w6F7/Py17OcXlc0LeAhTGvdUtc33YMwaz5Q+N5I/RaAXw4XJU6i/5aHaxlHrlt4+f685O36pSjmdp0xvKpjnk4ld9FCsv/xCDlTx2EW22ejaQuMv91UrrKvhHv7RwOLWbfVWcNh87dr8ucsZMOuNCCNDcsXAvcz8OneACxb4WzydGTzd8TlL73hm20A7P1uNTuBfr0eqFDZ97a9eK8n7vk5FXePcF5etIqpkUDz/nzy9dfMeMLKa71mAtF8ccBkwewZzPn6IN/O7AuHYpg6p/QUi0/4oyza8h8igcgJb/H114sYdmfpoxEVbh/A6uwfBqJZdGAPi+YsYMP2jfQF2LGfZODUujlMiIOGfWdzcsMCZsxexOEvJjgLKasPlqzvmfLkQiCSj/bsYcGMGSzYsIePhkcCC/ln7E9gBWceNJKP9pzFTD3MnL52Xhqy2Ln/h3cwZ8ZsNpz9kcENL3pYRURE5AqnMKp7OL+AbtrvOG+ecxr5yyjFIiJyNVRZgiUiCMxiHbquib9wTY5qVqPMf3uPFa3bwN/52jx+rCjoG/92wbJdGheNIFS4XnZi0bTqN19wfUf1ohGELPnrnUorSvo0LD23Azj7n/GuVo4/MCePF73OtpMzayrZAx/G8eEcOHUScNbUcenaA+vrc7D+33QsrW67eLlXSMvuPQBYvjIe2MGKuYcK563f8BsQz9LFQN/7ue2mDgxvCDsXreEIsH3NssJl45ZtJA3YvDQGiKZLZP0Kld2ywqMip+d3dpvtrH+SdpyCVNcf8ctZvHgxixcv5w+rM7N3eP9xyDrC9+vWsa7Yv72nsiDdDhR0plsxzYc/zf3B+cH73MhNkQDuuAPx324E4OlB/QtHC6rf/QkmNC+7vLRdW1kMNB89ioeaFBwUDx4aPYpIYPGKDaThTO40HPiMcxmf+vif/JWVQOTo5+lekKvyuIXnZw6v8D6JiIiIiIj8lVVZJ7e+nnBbsMHm/DzGl9tM7g6nwqMJ7T8Jh1OKEiw31XMmK0zDQcFU8yKtcMzincA4nEkfo1in6iYXKaD4aD3GZeqNvVgIeV9/XmKSERSMpdt9uER1xKjmef661wCP8I4MBmJW/0BiL28WAqM/WkTWi72YuXkze9edYiUw+MFIPAima79IZk5dxZbEHWxZtBMGvsdHDT7h4Qkb2Zz4PSsWAvf34TafipZdce7F/j+1bWN+bZqVPHbP+Y1w4pZtZPddK2gTPbPE9MFfHGZ25CVsPJ+vT/ULzM0EIrkloniNGHd8bEDShcvdueePkhOsVmetlaSTpNMMgKAGNQtnpx93Nts6t2JMzZq1L7whERER4Ur3O5KRlUd1DxduDzHYtL/kd9TbG7kULqP+UEREro4qS7AA9Gltsnm/A1ws2E0L//zKweSeJtWs5euXJNcBb39brPZKLZOQ/Oc8i39dzN+dD4/mgV+hfecyyzEPJBS+Nuo4mwKZ7kGQ66zN4pK5Awd9ylzfJWN74WuH9QYAAmq4cPy0c9qBUwYtGpT+h+v3DEg/W479DagDB4tq1eRZLFjuiMK1"
11:15:14.452 [Forwarding screenshot on session 7836b5d0-bd7a-11e6-9730-e5ec4f8847f6 to remote] DEBUG org.apache.http.wire - http-outgoing-0 << "Ww9cmjSr2p6CL4smdBvenJiZK3g31gtozp13d8W+siEz537CGyQBkfSMDAbg1nu7w9TRfPpuLDsOQd/2Hbi7wRFgArGv1WIhMPihgoRJxcqujIBGN9Ec2Bk9kz0f9saakQOAmxuknPgDajYg2L6NmVMbUJjNybJyW4uyqzH55o8u5GQtdZnU7LJjctaHiWPXr2l0vqUoyZKVWdYagN15ckaG1TlvViZAaH0KRqMuvm2r1ZluOrfv3PQ/Tl5gYyIiIuJ0ZRMZS3/Kpf+dVoZ3tTJzRXZhkuX2Ri4M72otXEbNdUREro4qayIE0Kg29CjW+mb/SQvjl7iQnFH2OgXSs0ymLIeEk0UhPXxrXlGtjptaFk53rP0K83Tpo5uYqSnkfrO68L1LuHO9vBpRRdOSF2Lk/l7q+kbOSVz++KSovBrOagoRxRIqK3cZ2MsYAW/ZttKnn8uleUSJ9+6vvIV1xBhcwpqXSK6Y2Vkl+p+5ltzaozewkqkzF0Pze2nh40FEdHdgJTELd8L9D3BrfhsXn5ad6QssnDqTnTSk463B+ES0IhJYGOPsO6TbnU0uqWzIIi0trWiEoYrwr0MowMrN/OFdn+DgYIKDg2HLm9zUqhWD392GR5PODBs1jGHD8v+NGswd9UupO5PfUihu+66iWBLXsjzu/EUv5G+t2gIwZ+5XRRMT484rJystjbQ055Z8mt5BNBA3NZbvix2Inz77iDigeVgopfUQ43NbO+4H4qb+i1WFg1TtZca4maUsLSIiIsVd6UF6Fv+Yw6/Hc6nu4cLY+6ux/HkvPn6mGmPvr1bYP0tGlqlBhERErpIqTbAAPNIGIuoX9cWScNKFZ+a78PFmg99LSbRkZJl8tcPg2QUG234rGpYnKjSP2xsVLefauRu4uAFgZJ5xdgKbVrJhg5nyBzlTx+KSdcY5weqKpVNXAHIDHsVhODP7Fkcq1n2PYuSUHPbYyDmBdd8jWBzOkVMcpgeOgEcA6H6TWdjHzPHTBtO/Nsi0F/0lMXEmXpb+XL7jZGnfmTwP98L3ue++iZl+uuT+ZKSTM208uRNfJOf1VzDTr60RXQJui+b+/NfN772T+kDwrVE0zJ/Wt3vHood6j1voMbBgTncimwA+LehU0Mwm+gEii/VXW5GyT616BV9fX3pMK+rIuLjsc9q/lKg84nEH/5jg7Ai2TbUuTJv3MXOmDSGylzPB0PeBWy96HIqCrkNjgMVD6DFkGnNmvUTbkF7OJkgXGV65eEz1O/ZlcEPYGfMwXYZMZE7MNLqcW86pVXT29cU3chJHAHzaMXR4c+d+hPUi5uPFxLzUj1ZPzgWa88L/K2M/PO5g5Mz7gcVE127LkJdG0OWGMGbuLP9ui4iI/HVd2U5kM+0mQ+dl8eF32c6mQDg7tc3IyuPD77J5e00Wgzq688aj7lc8NtWaERGp4iZCAK4uMKo7zFiZx+ZEZ/4mO8fgo80GH22GOt4mAd6AAaln4fDveSX7PAFa35DHM51K9pRi+NfG9dGB5P7nbQDMvbvIevoRXO9shxFYF/P4UXK/X49LVtGjquWRpzD8ajmXd6+Ho/4YLIfHO+ed2Yz1l9aYfveQ534DLtmJGL8vx0JRFii3wVhMq7PJRf2a0PsWg//mVybZnOjCU+8b3NzApJo77E4ynH3HlDNlZXjXwPr4P8j996z8/YnHPvgxXO5sh1ErADP5FHkb18EZZzx561aR1/wmLB27lm8DV4JHS+4f2JzFc3dy710tnNOCb6Vfc5i6szkPdggvsfidvfrB3Kk0HxyFs65Kfdp3ioa4lfTt07FkDYuKlJ3fzCXzdFFns54A7lbASv1wKD7eso8nJTod6Tz+C75wH8E9o+cy+rGCflgimbAohsG3lD4yUP6Gi20HIJyJ385mX/shrIwZzUqgYd/RTK22jNGbz12nZEklYvIIZ3bcSuj7d2JiJjiHZ24eCTuLVWHxrk4QgG+NwqK6z1jLRz7P8vCEhQx5eLFzYvP7ee+dN3i0iQ+kUeq27xi2iB9rvcTjj00lZmocRA5kQr8UJkxdXFgrR0REREpzdZIKCzbaWbCx9D/SHZu5cmMdV9541IOh885e4chERP7ajLS0tMvyl8E0YdlW+HCTQU5eObMOpoMHWhv0u83EpbQuSEyT3A/exbH0k1JmlmS5/yFcH3nynL5MTNwOT8Tt+FsXXT+nzrPkBP0vxXujzTNh9hqDtXvK3h9vD5P0rKJ1Fj/jYNvve3hu86uF09Z0nVu4Pzkf/Ye8Tz+8+P48/P9w7fPoRZerrOPHj9O4cePLvp1rUtYpEo9lgJsbdevXv6QOdPML4kjiMXKoTnBwwMUXv4BTR46QkQM1g+uX2sSnVGmnSPwjAze36tSvf7Ht72XWExNJa/8c4x+9pXDqqpfCiZ6azgd79vBok0s/EiIiIteaffv2UafO+X2WVVS7abnU9XWrgoiq3huPVePGOq78ejyXoR9cuSTLsdQcVgy14+l5bQ7SICJyuVV5DZYChgH33Qxtw0yWb8/j270mv2dYSl3Ww2LSJtTk/puhfs0L5HsMA9f/9xRGs3Ac8+diHko8f5EbgrH0fxLLLaUNaWyQEzQBR/U7sB6ejEv2nvOWyPP4G/agceT5nt+JrosBz3QyaV4/j4U/wKn0komWmxs4ePg2eOHT0veztP1x6/s4jiZNcXz4LubBMvbn0UFYWrY6f32pWh4BlU6I5BdE/eDKd8ALEFC/PhWOyCeAYJ/yrmVnx9yFzJ27kWz7u/SNrMOvK/5Nr6k7gfu5saGSKyIiImUxr9FmMf/zQSZvPlaNOr6WazZGEZE/o8tWg+VcJnAsFQ4mQ9pZyMuD6h5g84XgAGfToooVaGIePYzj171wJgPDszouoU0w6gWVcwQeE+NsAi5ntkFuKoabDw7PlpjVQuFiwzg7N09iMiSlgquLQUiASe0azvdDPnQmWDytJvOfKucwz6aJeeQ38n7dh3kmHcPLG6NRKC5BDa/oiEJ/6Rosf1GJq6ZxV/RoDpWYGsl7GxfxxB1VkXASERG5dlRlDZY6vuX8Ue0v4niqQzVYROQv7bLVYDmXgTOZYrtIZ5/lL9DAqN8A1/oNLjkis1pjHNXKn0wwgZ1HwMMNQgMhJMD5r3j724QTRcvX9a1A7sowMIIaYglqePFlRapQcOdRHDz7CD9t3c8fGXasNRsQcUuT8jdJEhER+atS5RARESnmiiVYrnfbf4N317twNNWgnp/Jq70deLqXrFmS64AlxYZpblEfkeuDR31uuUMnrIiISMUowyIiIkWqfJjmPys/LziW5mzuczTFYMxig91JzqZCJnDgFExa5sLBU86qoi6Gg87N9EdXRERERERE5K9ANVjKqUEtePxOmJs/Uu7BZAsvLQKr4QDAbpZsg9untUEdHyVYRERERP6sTFPf9UREpIgSLBVwbwRYXBzM2QB5+QmVcxMrAPffnEefW/UHV0REROTPqqaXgT3XxKpv0wDYc53HRETkr+yKjSL0Z3I8Db7YbvDTQYNTp53NhgJquNCsnknXcJNGta9ygJVw/Pjxqx2CiIiIyGVVFaMIbfzV5J8r8vjjjL5KgzO5MrKrCxG2sxpFSET+spRgERERERERERGpJHVyKyIiIiIiIiJSSUqwiIiIiIiIiIhUkhIsIiIiIiIiIiKVpASLiIiIiIiIiEglKcEiIiIiIiIiIlJJSrCIiIiIiIiIiFSSEiwiIiIiIiIiIpWkBIuIiIiIiIiISCUpwSIiIiIiIiIiUklKsIiIiIiIiIiIVJISLCIiIiIiIiIilaQEi4iIiIiIiIhIJSnBIiIiIiIiIiJSSUqwiIiIiIiIiIhUkhIsIiIiIiIiIiKVpASLiIiIiIiIiEglKcEiIiIiIiIiIlJJSrCIiIiIiIiIiFSSEiwiIiIiIiIiIpWkBIuIiIiIiIiISCUpwSIiIiIiIiIiUkmuGRkZVzsGEREREREREZHrmmGapnm1gxARERERERERuZ6piZCIiIiIiIiISCUpwSIiIiIiIiIiUklKsIiIiIiIiIiIVJISLCIiIiIiIiIilaQEi4iIiIiIiIhIJSnBIiIiIiIiIiJSSUqw"
11:15:14.489 [Forwarding screenshot on session 7836b5d0-bd7a-11e6-9730-e5ec4f8847f6 to remote] DEBUG org.apache.http.wire - http-outgoing-0 << "iIiIiIiIiIhUkhIsIiIiIiIiIiKVpASLiIiIiIiIiEglKcEiIiIiIiIiIlJJSrCIiIiIiIiIiFSSEiwiIiIiIiIiIpWkBIuIiIiIiIiISCUpwSIiIiIiIiIiUklKsIiIiIiIiIiIVJISLCIiIiIiIiIilaQEi4iIiIiIiIhIJSnBIiIiIiIiIiJSSUqwiIiIiIiIiIhUkhIsIiIiIiIiIiKVpASLiIiIiIiIiEglKcEiIiIiIiIiIlJJlgkTJky42kHI9StzyQxOLvgv6dtPU+32plgK55wmZfYkfv9iO66t7sDNvp0TU17mdLwd71vDrmLEBc4QtyCWuDR/whv4Xu1grk32Iyx6bx5bU/0ID6l1zsw0Vv9nDhuS/fBNWsP8b07RLOIGrOcsdfDbBcxf93up8/4UziTwybsfsctem2bFzyP7ERa9t5CjPqGE1PK4evFdCfbjxC39L4uXfsXXa+LYvnc/We51uCGwOgAH4z4p8/y4PM7w7X9i+dXrOj/2ZxL4JPYz4rb/hn/zv+FrKTbPfpBF73/M+q3HqNO8CTUsZZZy/crf/03bt7N161a2bt3Kjj0HOesRQFAtz0oVbT/yPe/N24BPs3Bq/SlvTCIiInK1qAaLVMJuUt77jOyfN5K9eganD2QVm5eD/btvsP+8lhw7YE8l6+cfyfpu99UK9hy5JO1OZPf+lKsdyLXL6ke104f5ZfVajpwzy35wI6t3HybXy5uU/T9zeHcSuaUUkZKUwOHdSZy9EvFeDbkZHDh8mJ+/+A9xx4tNP3uKrYmJHM3IuWqhXRnJLHp9Fl9s3k1qNT9uuMGP1MTdfDV/Fv/53nlAUn7bfYXPgVwO7U5kf+p1fuxzMziQmEhiwmY27korMStt72Y2JySSmPAzx/6sF1f+/ickHOTIkSMcOXLw/7N353FZlfn/x1+y76CAIIKCioaKhoYmamSiaWE2ajlpZTO2WDbflmkmm6ayZbJp/NkypY3llDZampqoKRqmFC5BSoKKCAoKIsgi+478/rhvVhERbDTn/Xw8SM65zrmu61znnJvO576u65AQF03YsoVsSii49P6tKMtOISUtgfyWPrREREREOsDsaldAfr2qorZS0Wi5aGMUzk+H1C93sgEKbekEYIHhX5tr6OtCMzAzv9qVuJbZEhgyiMjVcUQnlODpZ1ufcnhPNODFLUPd8R36GgMsLJr2TqisBAsLrKwswdyM67aZzTD22ipj82fr8Z83BUfjejO4fo+7TkEK8bngFTKbuSG+hnUlCXz4+nISomIoGTEJMzPA2gprqL8uflmO3PfaS2Bhe+lNr3F1HVOS4o5AwIj69Uei6wLVltfvH3EzqAAGzXyOGf6OAFRmxvDeu+s4EH2MSX6BHcjbDDC7fttORERErhr9/4W0UzmFm7c0WXM+Yg0lj4dga3mVqtRuBWz6cAmn7LpRmpBALuDkM5Lbh8DGdbspA6y9hjH7kSl4WkBJegxrv9hCQq7hq2NzZ1/uuu8BAj0tgBx2LV9JeMIZALz8fClKLefOJogFyQAAIABJREFU5+bib1tJ7NbPWR2ZZCjW2ofJs+9nhKctUMCu5Z/V72fu5MtdDz1AoPvVDUi5BAThszqO2Og4pvjVPeClsieuDOtBQfhaQNLWT1lxzIPnnpqEdWYsn3+2nqT8KrDuhpdNfqNPmdaPf+/6LwmLTjGmeRE6635GeTtyrbZNnZq6X/Kj+c9Wf+ZO9OWC7jwlqaz/7Eui0/IBcPYN5oHZE0lb9Q+2nAvgubkh2FJCxL/+SWT5AJ57ahKOVBK1fBF7zcfy1G1mDe0KdPMLYeasEFz+a0fZOrPGf0ls/Rg/YQjf59XVzhLK4vnsvXjSzpQB1gyZPIt7R3jT2nkvSYrgnyt+wt7dlLS0XAB8Rk7nd5MCqGolzYICti1ZQtVtjzPFHza9t4QM1x4UxsWRi+H6mfLwbAJcoLLx9WruRDfbEvLth/H03EmGQNnVZGa4tsytzSlLOEBS5Qh8LYDKJKKTyujm240zSXXdVzLZtWod4XFphkVzJ4bcPpV7R/m22o4W1/i9BU3DIBbu/elpvY74+jWtf25cPK2xAiKWLSUi1YLJcx+nW8oGlocdMPa4cmJIqKEdRURERNpCQ4SkfTKjKD5UCnTBacFCDDMdHKJgx8mrW692qirKJy0hgZ6h05ka4kt+ym5Wr4vGL3Q6k0f6UpYWzY7DOUASn3ywjoQab6bPnsPs6SE45Cax7osdlACxqz4hPOEMgyZMZ/b0EIoSksgvK6K6GpK2LmF1ZBK+wVOZM2cmg2xSCPtgMfEFkLr1M8IT8gmZOYcnZ0/GPT+JdR9uoGMd4a8Eb4KGOFGVcICkSsOagvho0oCRtwwAoLwok6qcIiCTL95dTVKFJ5NnzWayvxlpuYAx4Nba8cevWUJYdIohbfZU/CzT2PzREmJyruW2MagAhs2czUhnSItcZRgq1CR0ncOahR8RnWbNhJmzmT09mJqkSN79MAIXDwfK0n7iRAlQcoLYlHyqzhzmWAFQeZy9CfnYeNix+V+rSTL1Z9aTTzMrdBBnEiL4dGvS1Tjcphy98HeGlPBlzHvpHyxbtZ5dMfF0DrqX2VNGYOhDYgqUkWM1hJmzpjOkWzUHwr4k9hLnvbo8j/yqfNIyHZg6ew7Tg31J2b2az6MyW00DKMrJp6jaEIyqKssnJS6O7iFTmTl1JLb5SaxevYtK0vm80fU6dVhnzuRXUZZTxrU0uMhv5DCsSSM20XDFFxyO4QxeDBvkBcY+hHuXvUt4XCYjJ89izpyZDPOs4MDmdcSWtN6O1/q9ZQmciP6GrVs3sWnTepa9t5ADZRAU1B9o/fppLa0udzOzAiI+XEBEUi4j753JCPvDLA87gNOwyTz59BxCfCs4sHkZMddKg4iIiMg1TwEWaZfSHRsN39y7346TfxD2E70AKF+/8Zp6OGmr6gow95vKvaMCCAy5HV/AetAU7h0VwIhJd1L//WVlZ24JDWXmQ9MI6OlK5249ucELKDxHGekciMvHetB0ZtwagG9ACI9PH4ThIaiA2Ogz4DyM24P6YmXVg9tCg4Fc4k8UUFZdCVRzOjWdMmtfpj85hzlzb7/636ID/kE3A2nEHDY8mcR+fwCshxl77NQxozRhDwnAyBm/Y4SfLyOmPEJI/TNga8efQPSBfMz9pjJ7YiDevoHM+sN0rMkn+ueka7pt6pTjwaTfhWJNGZs/30SJuVVdXInKpBgOlIFX8HgCenSmc68gbh/mDGm7yek9BGvyiT9RQuWpJAz9C/JJOlFA5fF4crFmWICHoUNMYTapadl09r+TJ+fM4YEgj6t1uI24M+VPLzEzdCS+LjUkxUUTvm4lC1+ex6q9dTP31AB+zH1sEv5+Adw93h/DRZHe6nmvE/LYYwT6ehMw8QGCnSFpbwylraSVNKth3b09IyQQ/8BJ3DnEGjIzyIrfQxIQPOsxRvj5EjjpMSb7GgZ1XStDuyoAKzd/hjjBgegjAMRHx4HvMPrXz6lcSbchk5k88zEmjehNZztXfHq4A1DdqCdVS22Vf43fW6ZAflI80dEHiI6OJck44czZ0xm0fv3sacO1lc/6hQuJSLNmwpyXmOTvUt/zLD87jTPnzAic9hhz5jzN4GulQUREROSapyFC0g4nKfj6J8OvmV9w6uFt1GbmGZfDKEx8BOd+V6927VIN7t1djQv22JuDp08347I19uYYuoxbuGBXfYpV725mZeP9ncwwLzhDOuDr51W/2tGrB+YkUV2aQXYZUBbNBwuimxSdnXIKvykPEHz2cyJ3byZh92bAHN/gKTwwMeDqv33HM4BhTuFERx9lRoAz+9LAJ3TYBQ9h1dXlgDWeXetqbEH3bk6QCZS0cvzHjlMJ+A3yaVhp64WfNcSfzsdv1jXcNnWqy8BlFLNCDvNRxG7+s7mqfv6MsuIiANIil7MgsvFOzpg59MXfCeLjj3DQ7Bj4jGRk9W4OJBzhoFkCOA2hv6Mj/WdNJvvLMCLDVhIZBlh3Y8KMh3C/yg9+lTnpHM8G/1GT8B81CagkM/Ug275aR1zYF/gP+hNQAebW9UGLsrqH/tJz5HHx846b"
11:15:14.490 [Forwarding screenshot on session 7836b5d0-bd7a-11e6-9730-e5ec4f8847f6 to remote] DEBUG org.apache.http.wire - http-outgoing-0 << "cVX9i4As8O7tRGRsEeXGP10tpV0w52s1ePbu1mxl3Z8+c1w6N6y1s7e9cHjXVVZt5krQzV7sDo8jvcSF/SkwZNZgrKuNQ1+wwLUzbPvyA8Kafig1+QPfUlt5Trq2761Sms7BAgVs/XAhkeEbiB8w4eLXz8ksHC6W1ujaKiurAqrIyC4Cb1twDODeCQmsCT/AupQDADj5DOO390/B+9c/pY+IiIj8FyjAIpetJnY7ZcYXBnWysqE2vxysbKC8FCilaGsUzv0CrmodL1c1YOfcucmymZVZk2WAkoT1LAuPo9uQUB67zR93F0dilr/EulTA0RUX4FTKGQgwzD9RkHaKKsDMxpXO5pDmPZm3ZhvnMqnMZO+eZJxu6EVB6jFchj3AW7O7kJ50mNjvt7E7ciMHgwIIvOrfnjoSNMqX6M37idhqRz7OTA7wvGArMzMroIzMc5XgaHg8yz9XYviUsW3t+J35PjaKhLiU+najMpszZeDZ05WC1DPXcNs05R1yPyMPv8XuaEMQqSfm9dfRkJkvcK/xQbEkM56Yo+V4WTvS+SYvoiM2spEqfCcHEliTwe7NYawDfCb4Y0sBCdkw/uHX8LXOI+HIIbZvjCB81Q4CXplyVXsbZMSsY3nkGSY/9xYjXAAscPcO5L4JSby8Monyarjoi5Jt7HGAi553SKF5X5KsM/lgOwAryi6aZt2smGrAytb+IpWooqDR9VpcVHLN/VWsLgf3gGFYh68j7MstnMGLyX4WVNVPRJLJ2o/CSHHyY+aTd9LL0wXi1/D6ysZvbGu5rap+FfdW4xPiiHc3ByLTSim3aOX66e0GSZe+tkKfforqdQsJX/cZvn3nMZhU8i39mPvWDMwzUzkSs42w3dFEHrkF78BrZcYjERERuZZpiJBctsJvwgDoNOR5fNZG1P90f2IMYJzstuhq1rC92j64ya6rG10czEiIWsW6hCrjPCOG+Uryo1eyalcsSbERLFkdhyHRBV8/a0jawpq9SRQUZLJr7WeEhW8moQhO7dnIupUfsjX+LJ09vHCxN8UwR8Avc6SXy31YEN04Q0RkEtZ+o/C74Nvcasz9huADRH61loTMAlJj1hOWZJwHo9Xj78EgX3OqEjayPiaJnMxUtn66hjNAD2/Xa75tmrJl0kN3UTd6o5oqbP2G4QMcWP8lMak5FKTH8p8PVxIeHk2xBXjfOARzqqjCnH6+7rj36Wd8HLZm0EBvoIjv14Wx7JO1JJRZ08OnO3YATg4XBBP+27wDhmINhC38B5uiYkhKSiJm13oWrYwDa1986h/Sq1u4u7xbPe8GVWxZvZ6knBwSdi0nPA18bg7AppW0ljsaNC+9Gmv/IHyBiGUfE5WQRMymfxmu12tuku5qcOzPEGdISzqD9aBheNMQ9K2mnHIA+6506+pAWepePlt5ALBs1Bmn5bbKucbvLUvgdPxeYvbuZe/eKCLWL2N5dC5Y++Hj2Nr1M7gN15YZtvYu3Hr/dJzJZ93STRScjScsbDUr18dQZe+Bl3vnuk1FRERE2kT/2yCXp2gPxfsMw4FsfzOqSZLl2N9gsXgnlRyi6GAeJhZwDT6tNGXW8E9Vs9UtLdv63cJIr3h2hy/j5XAAZ3x9nUlKOsmpEgi491nKWUJY+GriMMfZCTC8OIbAGXPJKfuEyLBlHDDEqPANmckUX1vwmMGg0yuIXPkBhlEk5gwKnU3AtdIt3cKPID8n1iWUMCx4ULNES7C1whxv7p8TyuKPNrP83TjA8L15lZM91lzi+H3nkvOvz9i9bhmGvh/WDJv6JBO9bcH12m4bS8Cs8fu+HQN5aHIS74bFGVd48rsnp/LxsnWs+2ihYZV5N0LnPIQ3gEt/ApzCiK7wo48LQB/6mEOCwxAGuRj2nzozmE9WRrJ8oTFPax+mT7/l6g/jcB/F07Or+WxVOLs3r2O3cbW58yBmPToDF+BM/fXRmOFzYcTsi5/3groeGjnRLFtoSO02KJT7b/WkupU0KGhy/za/lxuuV09mvzSL5YtXsXn5MrDuRjdrOFPRUjDo6jBcWwC2BIzwZffmJIYF9m+0hQ1WZt7cEuJLSkQkC1823CFefr6YJySRdCKHvnV/5VtoK9uSa/veMgVy4yJYF9ewztlnCKG/vRcXwKWV64dW0koSzABLQ5TKMYAHJsfxbthu1p+ezdRhp1gXvY6F0esAcPIN4c4A9V4RERGRtulUW1tbe7UrIfJrU1KQQxnmuDg27kdfwq5ln3Cy92Rm3eoNQGbUMt7dnM7UF16p73JfWVBAYVUV1g4u2Fo0z7eAsipwcHG8+g/P7VZJQU4hWLvg2MKDWmvHb0hr+fivh7YpyMmhyrz5ddNWhnatMrfGpaWGvcpKCgoMPSbMrHFsfmIvoaXzXhC/hgUrTzDzpXn0q86hzKzhemotre0VTmL54u30vu8RRnlaAJVsfe9lIgnhtadCfn3XWEkBOWUX3ldtaatf+73V2udGa2kXz7CEnMIyzK0dLvtaFhERkf9t6sEi0g62ji4tDEWwxZIcEsI/4r3jg+hGNgeSzoBXCP0bPU9bODpyse9DbR0dLzLE4dfEAkeXi3/j29rxX+9t01q7XFrr7Xq12bYraGTQ4nmvrgZKKK8GC0eXpg/HraW1lTkU56ax+YNFHB/Si/KT8aTkwqCpA3+VQQZsHXFp6QZpQ1v92u+t9n6mXDxDW1xabEwRERGR1pnOnz9//tWuhMj1wmvIUJwpJet0Fvnnreg7bCwP/XY0F5tiU0RaZtKpmoLSzvTt74uTRdvT2szUmWE39qSqOIfTWXlg25OgO+9jUoB7h+t+LbkibSUiIiIibaIhQiIiIiIiIiIiHaS3CImIiIiIiIiIdJACLCIiIiIiIiIiHaQAi4iIiIiIiIhIBynAIiIiIiIiIiLSQQqwiIiIiIiIiIh0kAIsIiIiIiIiIiIdpACLiIiIiIiIiEgHKcAiIiIiIiIiItJBCrCIiIiIiIiIiHSQAiwiIiIiIiIiIh2kAIuIiIiIiIiISAcpwCIiIiIiIiIi0kEKsIiIiIiIiIiIdJACLCIiIiIiIiIiHaQAi4iIiIiIiIhIBynAIiIiIiIiIiLSQQqwiIiIiIiIiIh0kAIsIiIiIiIiIiIdpACLiIiIiIiIiEgHmV3tCsi150Ro0NWuAr0277naVRARERERERFpM/VgERERERERERHpIAVYREREREREREQ6qFN2dnbt1a6EiIiIiIiIiMivWafa2loFWEREREREREREOkBDhEREREREREREOkgBFhERERERERGRDlKARURERERERESkgxRgERERERERERHpIAVYREREREREREQ6SAEWEREREREREZEOUoBFRERERERERKSDFGAREREREREREekgBVhERERERERERDpIARYRERERERERkQ5SgEVEREREREREpIMUYBERERERERER6SAFWEREREREREREOkgBFhERERERERGRDlKARURERERERESkg8yudgXk1y015lsOZMCQsePwtmtYn3HwO/ZlODJx4lCsr2B5Zblp5Ji64+Vk3spWxewN24HZkPEEejWUXnY2kb3RR8mvBCevGxgR2O8idSsjMSaao2m5YGFPr8GB+Hs5tS2fqlwO7onm+NkyLJy6MXjECLzsWiyk/flcRhm/vDL2b93O+YFjCfSya+P5ERERERERuf6oB4u0X1UqMbEp5GSlEBOf1iSp6GwaOWl5VFzJ8sqOs37dVg6eKWmtUsR/u4n4rCzySxuVXpzA+g2RJGeUYmFaTHJsJGu+TWgxh/ita4iMTaQYCypzU9i7dQ1RqcVtyKeMqLXr+DExDaxNyUqJZ+uqMDKqWiik3flcRhn/FTXkpWWRVVzdxvMjIiIiIiJyfVKARdot92gC54y/nztyiNxGaWamgKUFlgBX6uHfDKoBSwvLltOrzhK1fhV7U4oAMG2UdHz/z5RgS/CM+widPJPgPrZUpPzM8bJmeZQdJy6tAkufYGZOCeWeWaG4AYkJaZfMpyrjEEeKwGP43UwJncyM8f2BLA4m519Q1fbmczll/NeYgqkJlz4/IiIiIiIi1zENEZJ2KiPhUBpY9mHskBp27E3h"
11:15:14.490 [Forwarding screenshot on session 7836b5d0-bd7a-11e6-9730-e5ec4f8847f6 to remote] DEBUG org.apache.http.wire - http-outgoing-0 << "4PFibutdN1bFDCqS2bAymaKSGjDtzNCxExnqbQcUEx+5g72JWYZNLV0YPm48gz3sKEvby5rtZxg1Ywq9rYGqNMJWfIfTrRMwjd5BBZCy43PWnxnPlFHeTWpUnBzNkZxqvPp4kZacRk1DCidTi8BtOP2M1es3+AYik/dz4lQxvfs1Gl9j7cyQAH9MevYyrrDBwrRt+diXZwCdGdi/qyEr74H4mB7hVHoW+DUMMepIPucq21oGlKXFsH77EUxsoKiogs79x3PPUAsit+4kMcfQy8Tew5/xoSNwBqpyE9kWHkVGiaHlOnsFMG5iIJYXPSdTCe5dV1oJUWubnp9JfhUt5te0liIiIiIiItcH9WCR9sk9RmIRdO57A739b6AzkHwwoVFnFROghkrH/kwMHYuPzTn2bw8jsRiOfxfG3sQsPPxHEzpxNF5mOfy4OYyEfKipLKaipojKuuhIRSn5NRVUVlvS98Z+ALj0G06gn9sFVbLzvpV7H5jNxNF9sW2hypb2Vg0LNk7GbaqbbeWEX+AI+nWFxL3f8tXKNaTVwKDBfS6Zz7mz+WDpjEv99CNmWFgB1edbbML25HM5ZdRUFlFSU0FRkT39+njh6WrKd2s2k5hjwdCxE5kY7M/5jHjWrY+himL2bI4kw8SH8XdPZfxwH86lxbJ1b1or56Rx29k2Oz92F81PRERERETkeqQAi7RL6qEj1GBK376ugDs3eFlCzhGO1o9UOQ94MTl0BF4evRl3dzCWlHAi7TgJySWYeo0mdIQfHl5+TJxiSEtISqNuYE/9hdlonE/XPp7YAvaeffFybmF6Wms7nKyB6uoLwiamQEVReaM1F27TVCF5uaWYGoe7pCWduGQ+lhZmUFHTKF873LtaUnP2DMWXUZ/W8jl/GWXUCQidRPBtE7nJJp3kCnDxD6Sfmz323f25qZ895BwhuRhDj5/SfM5k5WPfewR3h4Yy3t+F1s5JY03Pj1Ur+YmIiIiIiFx/NERI2uEsh5IN85z8uO5TfmyUcuhgKv7B3kA12No0XGBmltgAeWmZmAA9enVr2MnaDS9LSMkphi4XllafR13gpLoCLvPdRDWApX3jV+2YXeLid2ZE6GQAEr9bSWTiTxwf1r3VfCoqq8HUtFG+xZzOqMDSozvNX/LT3nxMKtPaXIaBLQ6dDd1dKkoNE87kxG9nVXzjbewxwY4R40aQv3Mv8Xt3EL8XsOzM0Nsm0q+FXFtsuybnx+mi+TlftTceiYiIiIiI/HIUYJHLVnz8EBk14DF0LMO6WVNRA5aWZRz8dgcpiQfJCPY2bFhe09DZobqCUqBrT1cqU+HUiTPQzzgbR1U+uRXg0tURqtMN6+p2NDO7sKeJ2eVOomqKhRlU5J6lit6YA1U5ZykBLCyb3QL5iXy1Zh+eE2cwwssQmHBxtoPkfCprWs/Hxd0ZUtI4XQb9rAEqKK2A6guG77Q/HxfPtpZRp5q6yWhMLQ2N2mfsjPq5cspyj3MktRI3y2KyCiDwzt/hZVlIauoJYvbEsv+7/XjeXJdBXfu3cE4aM7MELp5fv1nBFwkGiYiIiIiI/HppiJBcpioSDyUDLgwZ2puuHh54eXnQtWtvhgz0ALI4nJAPWEBNMtv3JpKfn8He7fuowBJvt7708jClJm0PkQlp5OdmsHdLJOeArt06G3t1VBC3N57c/LPEbItqeNVzjSGIkH/yCBm5FxsQ0xJr/AZ5wLl4IvanUpyfSsT38WDqxUBvO6pyE/g2bCsHM8rA1gZTKoj/fhepucXkph7kux+zwNYbL7vW83Hu44stFURt38vZsnziv/uODKD/QG+oOsverZuJjM+4ZH1ay6fVMi7VCt5+uAHJUTtIyMin+Gwi2zfsYP/+BErNSzn4w162frOL1ApL3Lq5GvoI2dhg39o5aazJ+cm5aH56x5CIiIiIiFyPTOfPnz//aldCfkXKUonck4K5TyAjezedT8PG2YKTPx8no9SCXlY5pJTYQcZRfj58jLMlZvQPDmWopw1ufXtSlp7K0SNHOJxgSOs3ehKjejlhau+C2dkUklOPk3D4KJl0xrKyFHvvAfT2sKHgxDHSM05zvNiJIb6uLdexuoDDcSk49BmMTxcLQ93cvLDIS+PwkcPEHz5OYZU9w++cgI+9OWVn4vkhPhUTtxvwdXOjm/N5Th1NICEhnoTjpym392L8HcF0tTJtNR/MXehuV8bRw4dJiDtMel45Hv7jGTvAFSozifohjqxObgzxdW1/Pq2lNVNTeIq448V4+w/CxQLAlt5eNqQnH+FowmHij56kxKQzw++8E197J9ydKklNTOTo4XjiDh+nyMKN4NtH082t68XPiYsJJ2PjqekxAN8m58eDiYGOLebX1eYik7iIiIiIiIj8inWqra2tvdqVkOtYVRn5JRVYOjldMGtKVXExJdVg62SH+QW7FVNSAU5OV3YwSVVxPiXVZk3LrMog7NOteNz9IIFd69ZWUZxfQrWZJU52F8730mI+DZWnuKIGTO1ovOvx71ayq+ImZk/s16F8LpnWBsX5+VSbmeFk17x9L37c7TsnrbejiIiIiIjI9UIBFvmfV5a2l80HzQgNDbzMqXMvQ1UGm9fG4DtpMv00AYmIiIiIiMh1RwEWEREREREREZEO0iS3IiIiIiIiIiIdpACLiIiIiIiIiEgHKcAiIiIiIiIiItJBCrCIiIiIiIiIiHSQAiwiIiIiIiIiIh2kAIuIiIiIiIiISAcpwCIiIiIiIiIi0kEKsIiIiIiIiIiIdJACLCIiIiIiIiIiHaQAi4iIiIiIiIhIBynAIiIiIiIiIiLSQQqwiIiIiIiIiIh0kAIsIiIiIiIiIiIdpACLiIiIiIiIiEgHKcAiIiIiIiIiItJBCrCIiIiIiIiIiHTQFQ2wlG5YxOmXn+P0u2upupIZX6Cc0tiD1ABQyLkPXyT95UWUFv2ihYpIW5WXcjq9iNPZFVe7JiIiIiIiIv8VVzDAksC5T9ZScWAPFRGLKDxRfuWybqwimawnbiPzpQ3GAEsJFTt3UnlgC1WVv0yR0uCNMWvxcIpgX7PTG/HiFro7rMVj4gEKmqQUGffZyqOj27vvNr4vKOXtiWvp7tDyj4fTFiKy23tUpR04rm183zThssp9e8xaPMbs4+JVL+X9iYZt0uLjGeC0luF/ONpsm1yeCjC0w2P/Ods0KfEww53WMvwPSVCQRqjTWsa9lnrZZWcDFKQx3clQzvS30gD4/rWG9qnL58CySLp33cKw/tsY1nsT415MvbxmERERERER+RW6YgGWqqitNP6uumhj1JXKuqnK05SfAty7YApAZxzmPo/jw89iZffLFCkNfPqY0Ol8PtGHG5/tfLZvKTX8ujeTmMZP7NlniYwFApwJuKG9+3bBzxEqjcGP2t5WBAy1on+jHy8fayzafVQWHTguQ906JL/15MJywzZWvl0YCKSFZ5HYKL08PoO1xw2/b9qQReMYUWLMWdLPww032gM1ZAMZTQ+xTWUDUFlDnvHXvCJDeLOywhjVTC6nEqAgjZf/2DRk08vPpvVCRERERERErgNmVyabcgo3b2my5nzEGkoeD8HWEiCXnHlPUJzjhvUwe0o37qQWMLv5Udz/Ooq8J56mLL8Ljq8spUs/Kyjaw+ln3qSytBcu/3wfe+e6XHPJ+ds/DD1XMsM4NeMkLv98gcrd31Cc4YrV2DswO/IZ6X9bi0n/UZjmRFB+qhTcg+j80G2Ur1pE2alScLiJLm+8gVMvB8j9icw35lOaZHh0NB89F7fnZ3bgYf36FjTOGVZnsz/6HAx1N6xMySQyxfBrp/OlfB9TRMgd9gBkH8ziyHkYcnd3JnQr44127euBK2AB1JpYsWJXKCEdDWo0YdaB4zLU7Zdj2nAtWrkwJgR+iDhHfAr08zGsPhKV1bB5RAY/l/tzs5VhMT7yHLUmJtw6ygUczfgx0xOszIDSyysbwAIsm23Re/wA3uhVDvZOOEOTDUa9PoLVT3Vv85GKiIiIiIj8ml2ZHiyZURQfKgW64LRgIYZnu0MU7DhZv0lNThrnM3+iZONOzAb2oRNQvW8p2RvAygNqC5MpivgRgIq931KRmUetkz82"
11:15:14.503 [Forwarding screenshot on session 7836b5d0-bd7a-11e6-9730-e5ec4f8847f6 to remote] DEBUG org.apache.http.wire - http-outgoing-0 << "zk2Lqq2o+36+lNrKQmqB6tRD1JxKproSzlfmUVOeR9WBjZTTCzMHIHMP5956g7LKXpi720DhT+S9uZwqkjnz2P9RmpSHSY+bsHC3oeqHD0l/eS3nr0jDXH98At3wNIFv9+TW95RI3H2G9PPw+OI+9DeBbd9l1m9/cKchcDV+lEuH9m3iFxgK1vG6FbF+M7vqAAAgAElEQVT2tZ0MNw6h8fDdzJ+XpDb0Jik4zVNjtvDGsp+ZVTecZ0kLg3MKzvL+H7YxwJjPrOdi+D4WcAKwZORYJzqdryY6oa5bSQVRG/OpdXPl7ded6XS+iO9/rAue5PLDrvPg6kxQPzMoyOSpiZt5bMnplhuh1bJbdi45m/CtGew7WEL2/sNMn7ifWOPNk7rhIKHT9hBf3tA+Axq1zxv/uUg9GlcpMZWXH9lSv9+AgC288Z+0pu06cTOhE7fx59eiGOdr2O6pZYZzFb8hpn6dR0AEn244zFPTtjBuTAQbUqovWb6IiIiIiEhbXZEAS+mOjYZeJe634+QfhP1ELwDK12+sn+y2k/Ff6z+uw+utFTiHGLapSj2Nwz3TAKjZup0KoHjrD4Zt7x5vHAZUxxnX114zdLtxn4bX2qU4ODfk3anxpla3033xUjyfmmZcDsL9k6V4zZ1srHQVVT9upKwcIAjX19/H45V5hrwPbKQ4t8PNcn3ycSfYFdiUQxIA1ezZlkutiT13TOvNCB9IC8swDmEpZd+ecmpNnBg1wLJj+9arpri4GsqrKW/0c1WPiyLenriNpxbmkuZqw8xHXRmQXc7K538i+A9HDcGAyiqOxJay5JlkIozDeU5X1jSrRBFv3P09f19exLkAJ2bOsidiaWZ9wALAd5QbAJG7jRdowVm274XOEzwIvasrAN9GGudhSckmItuQ1g+gspwjsdX8nN7SFNSXLrslxafziNpexKYteeSfO0fU/oZzkb6/lAMRmRwvKq1vn3xjfp2yylnyxF7jfDAtK48/TNDwn1i2urR+v/zjpSx54keGPnLYMCdOZRVH9pYTu7uIlQszOVLXmcfZisQ1kUx48GT9uk7H8/nrgwms3V7Kkf35HEgoa/3gRERERERELsMVCLCcpODrnwy/Zn7BqYdDydmaZlwOozCx8YwQXtgO6gZAJ3PDQ3MnwKTf7di6A/xIwfa1lCaVAgNxCO7ZQnkND4e1rVXLqydmQP0jrJMH5gB9BhmCKDaND34PWbOCSH38ZQyPh3mt5/0/zYlbJ5sBuSSmAGQRvgkIcWOIlT0332EF2bnsSQQKjPOUTOpGf6uO7mvQ6Xw1cwdvoHvXDfRu9PNyREdfIdX+umVHHOa93VA7sie7k+7g7YXBfHtyBKFukL78EJ/FV9QPr6k1seK9mLs5nXY7/3rIvUkNsiMPs2Q/OE3uw8GdIbz9z9uJ/tLTkGjssGLl70aoCaRtySYbyI45Tex5CBntiqOPO6EmcPjrDE4DKTFZ5J+HO8caBzG1Mu6tLWW3zKT+X/fAgSxf7FGfEvIXPz5ZFYjX7p95b7dh3ajnBhJ9fAxvzDKc1MOLDrEhvaV8i1j4YEJ9YCX09cFs2jmYaUONVVqdwN+25DcZtlRrYsLM13sxc7o7942pZNGj2cb1Vry0/haidg7EGJ+6ZHuIiIiIiIhcrg4HWGpitxt7gUAnKxtq88vBqm5Sy1KKtrZlsttuOIYGAaUUv7+IKsBk9L3G+VsuopRmvVuaMu3Tt2l6q1NOBOH2STheS97H4Z7f4fjEn7DWhLkXNfi2rnQ6f54fEkphfxZR52HcRMODdeAYFzqdP8+uqFzKk7M5ch4m3e6O1RXYt47TUHtCxtszyvgTMNQeD7uLXA3lReyLTOP7Rj+J2S33eGlv3Q7uyQHg6VcG4VOXmWN35v3NENjIyDKMaaoAOt/Th2n9zMDRnu7N5pFJiDQMO5r1sF/9vC7d7xjA470bb9WFW+4xgZQ8EoCDOzOpNTFjTJAT4My4B0wg5Swx2dUcjz5HrYkVt97Uyhifyyr7EhydCJnmRYDxU8V3RB/uuMOLczF59Zv432RP1qka/EZ3AaDT+XIOxLUQHMvOrZ//xmm6H/96ypchQ315b00Ansb863vxGHk94M/bTw3h7Y9HcXNlKSeM6wfMHcyckK74DL2BRe81DWqJiIiIiIhcKR2e5LbwmzAAOg15Hp/XJtevr9jyIqcX7zRMdjs74JL5WI2dgtkne6h79LW7Y1TLG1ZWGXqXFG4h/YlcOr/8bMvbVV04DKJ5rxTT4ROxZC0V7CH3k0+w4meK9yUDQVjfEawvuC+ie6Ab/U0yOPLTGb53zKbWxITxowwPzK6B7gSYpPPTvgy+K86j1sSEcSOdr8i+YOiNsGTr7dzSPOpyEdlRB5k6JbPJumlf3s57xslqr8RxWViYUGtixRC/phHBLm4Xvj3Hw6u1ip835HNj43xMcXAH6g/BjJvGOdNpdTY/7ztN4ZZq8PEg0NjZZOjYrnRansmB3elY7K+GAPf6tNa1pew2qGgY9lRZVQlYYmHZEMdd8tu9LGm2S4svdG/UMyXkzkYT5bo6c7sPLDsODs1CrN59bFrcP2BkQ4DJrtWorYiIiIiISPt1LMBStIfifYZvp21/0zQgYjn2N1gs3kklhyg6mGfsKtPwcGNqZ3jo6WRublhhH4Tj6C7k/pAHDnfh4H+RB1HnAGx8bShKKqXm1E5Kkx/CxKJx3uZN/jGxMP5iY950jhYA/HD/f8+T8eLfqdq3lmIAq4F0/tvL6MWyrXDtSnAALN55inVWReDqbphEFcCxG+NHwFs/ZbA62ZA21OcK7WtUXAQXdGu5CHsvT57/iw1YG1eUmTBskHXLG7ezbpVF5+l0vpzkU9WE+DfcUsUlFwb5CisuWFWvEkOPjiPJFYQMbbhXyptFIPoFuuFkks32lclUpMCAZz2oC0H43OSGp0km2/6TjEMsDHi2e5vectTWstujstGU0bPfGcgQe6imhqKi81jYW+HX0vmopP617/uicuFuY5CkIJ+9xp4thc128b+xc4v7x/6UC8aAWvG5Vk6AiIiIiIhIB3QswGIfhNfmPS2nWd6EZ+O0UXvo2ijZZtb79JpVt1ROTW4KZXWvSr5zYiu9R5xxfSeCLrlnOG/RGXN7q6Z5O/+BXpv/UL+1aUDTZeyD6dG4Xv0m47X2dqoyz1GLBRbuzV5bJC2w55Yx9ixZmMtaYMCjbg1DY7Bk1F1OdHo+nwhgwKPd8Lli+xpcTs8iq37e/N8871/0uLz8bIFyPl2azJx/3mBcW8rKf2YY6mve2mC2Bn43dQEyWPlZCv831JhPymm+jYUmDeHjzp0+h1i53DDHyFPBje4sT3cmBRxkyXbDxClPjW98112BstvBrZehfQCw78Ld93Ylflkkt/8xFy8fK+Z80oMhnmZQXk1BRQ2OjpbgakMv4AiQ9kk8709w4tFAUz577meOGOM1N/rZ0HjsX2VVo0mDXe3p7wpHsuDwogO8McicO+yyeflPl9MdR0REREREpO2uzGuaO6jw3WmcnDWb0kyAPjhOGHzJfUyduxmCK1eEFebu3RRcuQyDg7vU/z7itqbzWvRv9FrlERMufMBv776Vzf79JbSnbv3uH0CoiWFC23GP7OPT//zMUxPDDRPfDu3J74Iv3h+q8bF0v60P04wT44b+YR+fLokhNOCgIaDQZBoVJ4LGGmKjtSb23DK8cf723DLGpiHtxosPibnsshv1Cmkt0+bb+E/zI8T4SbPs4e/p7rCWCc9k0+n8edJSbAky9pj5/u1w/HpuZUs2QFeeXWpo/07nq/n7lJ309org9dWGQYS1Qz15+X7DOWi5Ts48YZwDp9P58yx5cC+TpiQTm9XixiIiIiIiIh12TQRYLG+ahuXAm7AaPQ3n//cBDopzXPMcb3RnlAnUmthwS2DT+Uys/D0IdTOmDb5wrpP27mthBWCO3S84OU776taVfx0azsyRJhxZnc5fn0hm7e7z9J/ck20bAuuH71gCDk3iHaa4NL7Wrbry3s6bmDbUhNjl6fz1+ZMc8Gk5iBh4myG40HmSBzc222TweNeLpJk2qkM7yrYwpS78ZGnfrFeO04Xb"
11:15:14.503 [Forwarding screenshot on session 7836b5d0-bd7a-11e6-9730-e5ec4f8847f6 to remote] DEBUG org.apache.http.wire - http-outgoing-0 << "1J8mK3eWJxnap8kuI11ZETvS8AppwPBxZFa/X797RxG+oicBbk12I2BWH3bvvLlJuzYpr37/YL5b0ZOA3oZya4e68tLrDQOmXH7JC0lERERERP7ndKqtrdUbiUWukIL0IvKqarDrYoerY/tH4GWnF1FcBV187HG89OZX1C9ZdnZ6PsVVYGFnTXfXtk84a6hTDRZd7Ojepnat4KMHvmUdtvR3suPhfwTibwUpayIZ9XA2tSZWrEgKJaQtE9SIiIiIiIi0gQIsclm6O6y92lWQqyBolCt7orL/a3n/kuXVuf+F/vz9hf6/aBkiIiIiIvK/QwEWEbkulScmMWv4QaLON11fa2LGy2FjmRN84fA1ERERERGR9lKARUSuY9WkxOeQlldFZRXYdbbBb6jzf33YlYiIiIiIXP8UYBERERERERER6aD2z8JZpzCWBfM+5qxlw4SVlpaOePrdzG9mTah/00e7lJ/mUDIMHNg8l0JWzZtH1fRXmRWgWSpFRERERERE5OrqeIClIo/I8HCOOXrgYWtYVZKRQWGnz1n09TP8uOFJ2hcCKeSDu0ezyG8xJ95pHmCp4NiacApufZFZHau9iFxpFYWk5+aBuS0urq60/KLpa0BFNimF4OPa9BOqvDibnMKSy6p/QfZpirDA3sEVx7a/HElERERERK4jHQ+wWEIx8OD7XzN/dN2DSiHr5t3Ln9Z8yf7sJ5nQzk4m5cXg4WjbcqIjONoaJqksLwera/Yp7voSm3qIpTtXUlBa1O48HG3seXTMTAK8B17Bml1Hincw+o+PMPrhH3gzsKU+YNm89cJwXuARzi544bICmPHfzGbQxtNsfyucceaXVw6xC+j60cfQpeVlVyA79gNu+2gRh4w5DBz2MfGzx152E/w3RH75G27dE8iJf72DD5B+aB0L1rzD4qyMRls5ct+wP/He7BnGdja2ifmz5L/2JI4U8vk/7+DBQ4Z9xo9bzpv2P/Jz91nMHqjedSIiIiIi/0s6HmCpU1nZaMGBO6eH8OevlpCcXgiueaya/zovfb4LgFoHXx756wJemBpAeeoOXpjzHBuTCgEYfs/L/OOtWZxd+gxLznSCzx8i4NgzbF/VtCeMpS38+M2b3D1rDfGdOuHgexcLP1rAWG8rIJuNC1/hmSXbDOV1u5V/fPQWUwe6Uhi7lDt+/yMLIpcx2gEoj+WJEX+g1/tf86jdFu79/cdY9YT4+DMMf2YVq54cfsWa6HrQ0eAKQEFpEUt3rmTJ7xZcoVpdf/LbslHF5eebmZkI2HWsnLrlauMvJRXGVdksXtMQXAEY59f78iv5X5HNroMZ9LxxDD5AduxCvD5aDMBAr8nMHngjFCSwbs8avoj+K1/kVFH2/KyG3iz5ORQBjuf2sPRQBtiOYUFQAD3sI7hp/ee88PB9V+m4Gqk4zOtPLGHA8wuY0teevGORrFofQdo58BoSwozpwXQxbpqyZz07j5ZiYWFYrqyspPeYewj2sYeiw6z+6keq6hKppNK8N/dMv4FVT/4F8xlv8vsgtxbKT2H9yp2U1u9Xl7cNo+6ZQl97SD+4jQ0bo8iqtMVn2FjumRRI83c7Hdv0AetLRzNv+uBWD/fwjtVs2nWIEovODJtwL5MCPS/YpqW82t0uIiIiIiLNXJEAix1QXlUFlFNeDpVFyaz4eCW1tb4M7u3Axmdu5K9hjjz77ipu7VVJ+OIXWPynFxg27nNi73+EMJdH+GLrfRD/GTP+/Bpzew1iRdAd+NbuJGvMEyx89NYL/qfb3A7iv/qKe15ZzAtup3jlibd45PUbObJsFjELHuCZT5K46/kPmR0I/3nhCf501wPY/hDO0OIMMgoSKal7SCzKI64gg66VlVQUZ5BUeIbauFt54pFROPhd+D/o/+suCK5YjmDhwzPxKI3jL58uJfUi+3kPeoY3R8JflrxDakv5SJuUA1a0fwzKuNlR1M42LhR3rBx774l8OaUv2PfGBQDL+j1GDfuYH67RnisAZO9nbQnMuGkoVBxi/qeG4Moz0zey6LaGnlVP/3Y6c1+YyuIT7/LVyek80NOVeQtOMK9uAxtDD7vfh77EvNu8KT+0EABLs6v/AL7n40XEMZK5fe2pSFnPYy9+AVaeDO0LkWs/IPJYIf95aRKWwInvv2br/vIm+wffcCfBPvbkHY1i7daIppn3msY904MZM9qFF99Zypigl/BpXoGSM3y3dStZF9TMgd53T8El5t888/ZWcOjFUI9zbF3xNruT5rDs2YbrJmvPv3lxRSQOwUNaPdaUba8z/5M4HHoNwiNjLyve3kvBX//F/YO71G/TUl4daRcRERERkeauSIDFCvhq7li+arZ+8iv/ZrRDOYdC3+XdKTdw1+geZJ/OJODGQRB+gqoKqAI4mczBo2mMv2UuW8OmYeHWAwfX3oR4wAav4YwdfuFQkqpicLjnQ96aNQGAFx9cwaywFHI5xvqPj+Fw72LeedSQ9taaj4m68RG+iohlaC/DI6B5XUYtPEO+svFDZg3UmKO2uGHQaDwAbAYR2suWD06UtLhdXnUNmJi2Od9nX55ATLEVU3//MU8PdCU79gOmrNkM9OKNPy8muDNErn2CJ/efoIdjTwrPngS7m1n84nz8LeHrZbNZlHwamx4PEvb4DKxI5dU35hCRWwLmllBt16a8fXs8wvrHpzZUrPhH5v5tDuf8F7JqhuFBMPG7+UzbsI/Zv/ucpwNcgWwWL3qAL5jC+mcfJS9mOa+uf5cv8goAGN/vCd589DmG2hnym/23V6CHH8d+DiMKDz6c83yz1jjN58te5qXonZwEfjPwXigBzCDn0AfctnQzsx/9nKcHNpS9JP9GPnvxLYZaAud2MOP1V/C++988wjru2pDGB68tJviCVr94OS2pyD3K6t1fg+tvuG2oLa/9bQ4L8gxpUdHPMfrkrbz953cYURXLq0tfYP6JYwD07DKBv896lek3XHwITWLMcl7d9DFfGIfrDHSbwF9nNOyT+P0CHt4QSd8BIbid2cCCtAwG9nqFqOd/w3er5vFMZDgngYG9HmSmQxrfnEqk79D/x7Jphh5pKQnbOERfFvl1JzvuYxZXwMCB/2gSXAHAMoD50x5k8fIIisqKgCIWL3qAMOsHWTw6j7uXLuMQkLb5fgZE+HAkdzcAn34aTOLx91k1LZC937zFn7etIKoCwJH7bnyav/1+Fj6/5FwtRTGsiixkxDN30gU4HP0j4MmfF79DoD0c/PczvLF1G/vzJhHUJY/kpHKsgp/h8yeDLsgqLfEoMJR3vppH85Cz/d0z8Fz7Bqt3pDNvbLPULkF88FVDfkWHV/P7+WvxnDiH4C4VbPr7VmAQby8zBGd2vPUAH+09SDpj8aSCmPXv8PYX+wGwbvVgU1j9SRz0msbiv0/HkmO89cCLhK3dzT2DJ2HZSl7JHWgXEREREZHmTK5EJuXArc+8w6pVn/HZZ0tZ+tkqduw7zDuzAgArerhB+N8m0Lv3AG6+ZSyP/t0wdMccV+Z+9C5j3Hby92ceYuzNNzNhzpvsSa8AKgzBFypbLrQERgT2ali2NPzHojCLFGDyOP+GNIcbuNMDDiRc+F0qNB4wAbW1vnj2UHClbZwJHdSDkrRIovMh6KbbmqTeFfJnVsz9gFVzF/Hm8N5QVdPmnHtwjKiSOJb9YHgoit73JVF5x4jKC2dbcjaQyprvwzmUd4zqbn3JLzlGVNYKvkkqBw7xVfROovKOsf3nzcRWAMe3Mz/tGFGlhfQ0PdHmvEtcmz002vXCiwK+iFxHIgCF7NizgkMVx1h2wJAf5/azJPEYOPemYs98bvjkVb7I68mCu97gnWE3sz1xMTf98Qn2VwBVxaTnHePfP4eR7zaIgZYu9Oxi06jAcj5fFMqD0Tvx6vcIK+56guxDa/i6ArAEly7dKKo4xrIfG8r+IvEYh7LW8K1x2F1i9Dq+KMmga1d3kpMiOVRyguKq5i3eejktqSzL4OusOL5OyaCiKosfmsxdUkBUVgx5pbHMmDe1PrgCcDIvnN++M55lx8svzBRI/O4ZQ5s1yu9QVji/fWc4r8acBuBUUiRRJcf4d/RiFqQZt3PxJGrZvUwxBlcA"
11:15:14.503 [Forwarding screenshot on session 7836b5d0-bd7a-11e6-9730-e5ec4f8847f6 to remote] DEBUG org.apache.http.wire - http-outgoing-0 << "Dp1YwQs/7yQqL4NjBQ1ddqJ/CoMuoQyzgyNH9gHw+LhxLdbHNWg+tf+K4gljcCc7/Rjbk45Bl8HMHDyCnkA/z1E8MHgUr/QbBIB999sZ6+FGwaEPCNq4gvzuD7Ji+j9YMNCNL35+lTFLN7bcqEbzd82n06udWvyZv2t+q/sCHPt2I1ncwO3GoTul+SWAHTbGjhcOrl2AMsNC0XGOFsIAX0fSU45x7Fh6o1FhFWSmpIOnJ1VZKRw+fIy8xkPGLAcTOtSK/V9vJ6/VGmWxatFasBrBH38fCECvOx7kwSfvr+/5YmYBUEIpQN4+3v5iP55DR+DZUNOWFZ0hCRhxx63GS7Uvk273hKM/G66DVvJqf7uIiIiIiFzoivRgKQa8Bo9g+PCWvpFO5c27nia8770s3/oHBvftDj8s4MZZ3wDZJKTDk8uOsMw+kx/3RPLeC6/y1z8sZ1zULMO355YWLeRpmAbCwanzhQkOnfEAwr6NZ/5Y48Sd5enEZ8CIQZ5QaXiYqn9otLBoNlKiuF1zW/xP6nobQ6wg+uev+NLNh2HDgrjLbhMbi+GGgP/jt/16kJa4je25rvw2aIixu1LbTBw5gWfWh3MoYRfp+LMjoeFhe1PcUd70TmNxBYAHvx/3CLnHP2RuFnwTd5Cn7Y/yRf3W+/gxvRCL2F2GxS6/Ze6taaxsa95BzefgceXOUWN4YWM4O45DP8+DRKQZUg4d3kc6E6iK3cYh4MPh/di49hGgL5vf2MCdrgAzGO3+BDdtDOf/RcSyKhhKgZ695hH1/KM4AhTvaBiCcm43SxMLoNcrfPusYQ6QBwJ88H/1TxyqADxuYU4XeOHgLlKYgHnCPqKMu0bHJcDAweyICQcmM/kGB079aEi74K66VDmXYGk3lh/eD+cvL0xgQYmhN0jUo3eSvOn3xnMxyNgGhSz+ezBzTxTw8NrVzGw8rwlAxY+8sDoMgJ5ej7Bp7jP4Vh/kL4vu4508mP/5P/lt4FtYmDXs9cRdy/m/npXkWcH8fxgCOaNu/AebH5+K5clwZrz5BF83qW0sYYnwm4kjDe0NQF8GeDrULxUc38jftx9oaKjKchz63c+829ywtAQqLHHwGM28++Gb6HCCxvyFeQEOlB8q4tXEOKaN/wuzAxyI/+YEAONunMwDtwXAbVPpt2o+cTYXmbzbaP6t8wF4NfLVJutfCX6lPu3i8tj5zVEY9DADjGsC75mBZ8Q7zJ/9PEN9Yf/+EzgEP0lQF6g4lkYOkP7JfPbXZeE2gv/P3vvHRVmljf9vv88OjCBDkuwkjiaYSA8/DFn8QRoa/syUMst0TVuiNOVpHSvCxGITE9nWcVtUSPQpIk0lE80Qg3QKReUZSZCnCXXQnLAJm2RGdIbZ18fvHzPAAAOI2rNbnffrNcrc9/lxnXOu+8C57utcJ2X1UoK9LnPuHGDKJzEh33FTRmzim8yNtBtvQkaFQ8ZhtMY4onxwib74vykywZTEpx1eMO4ER08jGKhRb2d70VE0WgvyKZMJBPAZiUoVikLhyZZnSjnYWXPrzTQC/fq2GCYHDAkCjnPRCIGdlHXz/dLFEAgEAoFAIBAIfpPcFg8WoE2QW2euYALoF0DAgDsxn9qDcv4moBc2fuK9RUt47Jk0jpk9uTc0CDnAAF+88CV4rDe16n0Un/quo0rbfLcCIUyO9aZ+xzLe2l/Od+dO8c7SFznWowf3hQ3AS+5Hjx4X2bx+D+e+q+a9Zcu42KPHbemC3xqThw0DvuPIt/D9mRM04MWDw+xv8IMHDgTb16iK9lJcvoWMr76H/7jxLUJDhk9nNIC1hD1f7KPMaZF/6kwx29XF9i8+U3nQT0bM/fbtYCWVn5Nf9kWrsr449gmfVNgNa4+OmMyobpXdXrbQ8Ie4GyiqPEX96RI+xptFISOhoYiTP5koKcsHYpkSdBnNBSBgNjFOtseI6McYDVR+3/LOf8igoU6L/RbqzpVTAix7cHyLIcLvAf7YvJD1ZcKIcWAt5HidhZOafPCZzCI5fFxZRr31JPkXYHTUw+1jZHSrnhvAvTcyh+HyDo878HaXcqXB0UZ3Cx9seYY5axaSrrNvlcJQw6W2ZVy9Qp3jxzlT4wntLUXqO4Kl056wX7R+xZmfnOt8gpemjmFISAyj7rQbqwAi//AA3oD07snMGtK6Zy3aw2wDpobfCzTNIga+N7V41DSaqlj9VQ6rjzs+X+3ggxoXHnC2Ri4D1n/aYwqZbXYrYtP30PAYQgDVrsfosSCAMalKLipiWPJI1/FpUsam8Hr0683fb8y40oKsd4sVQK/VoQfo6YabI2Kr6cIF9FZovHYVN2RMSVhF7s5c0pWxyAylpK0vBPP3/AAERM8jI3cnWzKSGSU3kZ+eQZXjuZEHDUWKCd3FjuIq6dn9rgYUsTwe2V6hbKY6GhyWLEPlCWqsAO4oFD5AAzZaGwStZiMGg8HxMfJjfR0W5AT0bWlvky3XvhW047Juul8EAoFAIBAIBAIX3LYgtx0TwvzXYyl8Yw0PBK8BYOwTsXjvyOdohSfL30tCNz+NOQ+8D8D1vpPZ9OYspEDQ6En02LOTZ6fXsUe3GefoCO7Ytya1ksLTLsl01cd8a12IavFMNgLXr/dl0YYCnguRAU+S/vinJGYricmG66Fj8btu92Bwd5N02RpBE2GM8fcCvFiyOKP5qufgsQR9UQHAP+vO8r3jusHc0D1zXu8oZsuhxFDL4g/SABgd8ixhtZvYYMzhyc/syR4dMRlfwHf4dEbv2k+JcZPjnjfK6Fg+U+fwsTrZ4cHgx6zh4dDb1K2y2+E3kj95Qsqp/Tz6oxqI5YXpoew79TKfqj/kJx2ERD2MP73wdgckvVp7abTxH7kMjBkUgGualoquPbkAIoY/xN0FBzlweBfS0/WMHjmbOG8rG/YcIa9IzwFg/YjIDvPfaD23hFyj8+gAACAASURBVLWaI5el9MfCsIBxRHENi4d/+91HEleZwV3SwbY9T2+XT6xz6rbbocpPFAGxjL7bnuquPgFANQcqv2WWXyAAvuHLuJ61zFHAl0x6cT613AR+j1H5t1C2F31E/gk12y7kU/JBPosLnuX66mVdZnc2qNywccWo5bgJgkObTnAysm9jPgTMJHfNLNwBa/Uu5i7fxg7NBJZGzWXzzrnN2f2j5vJEcT7ZVacxeE1ixWan6FryoTw9J5pSVTmXGrBPxB4yvIEf6q9Cu3DkYK06jNoC0Y9PcHEXAqclsHIaWKu2Mzclj4+PPsLSaBenEjnQbFqAqrTl+8LUhUgx8M23ZiK75VpyC/3CJDqWUCAQCAQCgUDwW+XWDSyyGPbrdJ0mGTFfxdlHX+U7cyNed/ZDJgXSVI67z7FfN4+6736k0c2Lfr4tbvqBj6VxduqrmHBD1qpEX5aVt65zzLL96JrXKwNJ2LCf+Lo6fmyEO/v5Oi24ZDyWtpupr9bxoxn69XNeQr+ETvdS99r/G+Wu/xyD//8HJ47voNwEcBVP+YM8GRrIw0PupAb4nc8AZIAJkP6HhG7tEcLhlbJrf/OV8aPnEXVCzYbjTfE8HAYTcDLINKUexh+nzKRendNybLDPIw6PlG6W3Y5+PBw1kpTPNjDvAoTct4Qhdwcxwx1UBXaDjd2gYeX3nsA3H1FqfYxRDmuC/sQ+SoDZd8mh6YyVf7r2APMdGE4IsPXoF7wZ6Qi2a9Vx3Ag07TLxG8mffCClIBmA1WGRRPT8GvakEb/nKLjHEhMkc1V89+q5CdyaDSPj2JaymVHu8FleEh/WSRkeEOBiwe1G00aPvSWfogyfjy/n+KCwaXvKvdzTm2bDXavtfBKnvJ9vZ35YPG7/m8O7TR4zANRx4H8quDskjiGOK6Hhkxm9Zz9bdsUR1e9jnglpbVar+fok3+DKdOCCf9r/azpFSLMviadLYOvqNGY9soyt1LFhzUQW6/YBXRtYoBuGlSZ8BhEuhfLKs9BkqHADet3VbNBy73tn8+XqvWtZ87kbyaoEh5eTlctGoI8vHoYjrHh1KyFLVzPLYbywXbNvqmy2hdUbqQd+7+kcO6gF7bEvgSDGRTibJIxsX/EyRxXPoFpgDyDrPqC/fZ7vwMjWROgT"
11:15:14.504 [Forwarding screenshot on session 7836b5d0-bd7a-11e6-9730-e5ec4f8847f6 to remote] DEBUG org.apache.http.wire - http-outgoing-0 << "q0ieZHP88vJggN8lPgZq9PU07d3RHjsO0nAGdeWBdbP90kWxAoFAIBAIBILfJrdvi1BXyHzp189hXGmHFN9+/VoZV1puyZBJby7orNTXl36tjCvOxfq2Ma4IusNDQ+8FWzV5ZV9Q/M0XFH/zP+z5Yj8XgGFDH+TMxTqQhrE4Moy7ej/As5EDuhXkFpy2CQEQSNTgftx378iWBM0GE2g2mjTRfwQRvUMY67Q9ZPaImGaPlG6VfeVL5rwQwIytXzbfjoh8mLsdP08bGgoMJOZeR4Zmg4Yvj06IBY4SlaLk4/JjfFaYwugPdgCBPB7e/nSsdvSO4Pn+cP7Uy8zYvJXSU/tZmjLb7pHj3mRf6MfEiCbZRxI9UAqDoohzXBk99OFmY8Kt1dM1bdONmrDQ0c8HiXphNJNeG83Ez3aw5ascCsxuSIG6UxkMXBDOulN10GsMr0bbt5mdOvUXfr8gnIELHkR5wW4kUf7x+Y7b0msML0U58urWEvTCfxKQmdYckwZoOZ45IqLlmt90ts1/Fqgl/h8jGLMmiXW732ND3mrmvBZOQPZazgPDFXKXbXTGy8euA3n7XmfzkXIkvzNxyriDOWtWs+9UOZ99vp18XT3QlUfRrSDBw815A6UnAwdKoSKH7UeqMRpr2PvebgD8+t5Bn7s8MenVZGYVYzAbKdulIk8PASND8LrDm0aTgbyN73FSb0RfVcjaTA3I7yfIYbwwXzyHBRkB/V2ZoMxUVhogIIQBrdyVfOjj2Yi+aDPbj9RgNFSTu24zJqQED+jcN8RLEcjQ4GCCg4MJDvbHyyuMBwOgIvsfFNcY0ZflslFtQj5uRBdeJrfQL12MgEAgEAgEAoHgt8lt2SIk+I3RazzDfeCHr49wrtWNCg6eMzNv4DDu/jSVgr7JTBn+HGuHO253x4EF7F4p/b0puVAP8vHc1wt87x3DRHI4AMSNbr2FZ0jTNiEgLtz+Vnz0HybBNw6Dxv3hN132j1a4es3Jy+TuaOZ4wuqGMMbdaw+mPPQP4+GrnFYGjSEPqjhyzZ3Ze3YwI9PhheE5jg8Xq3jUD7gCd7hoess1Xxa9vB/TujiWHU/m4+OAZyB3U835O+5sXuiNinyYuz87yvn+Y/nPXgAhTAzxY8upWmbf77yYl+K8ua479TS3vu2+Hqfv7g7vA4+ejq1GvpP5JPGv/OnvL/OxtZYDDoed2VF/ZaPjyGRsZs5Tzw+O/o2e8yEH3Jax9LN8TlHvOBEokNV/fIukBwI7rBtgwvzdHPBM4o0jhZQ01DPxviSe4FPiv7JvW9OfLuQUfqx1jFkTiqhl/OATzOq8Dah0OyhxcpCbOGQeL8QuZuog+zHY3hJaWVmcx086aBTLfGD1hXziP/Tmwtt/IUd3mXlfbeLhf2xyyDySD//cOnjt7cWH0PvlFBQUU50QRSDuTEp8g+9SU8lTLSfPLinR8SnM8HcH/zkkTPmBjIJMEorsJQRNSSB5lj1E7tLEmaSl55GqVNtvKqJJeSOOJueQymPHgWAGuPQWsdFgAtnw9t5KMYtXcCZ1DXmqRIdMcmITkpnU9izoLnFnxivJVL+WSmbiAnvrgmJJiuvKiHVr/SIQCAQCgUAgELSlx/Xr16//q4UQ/HKYsz6hW+llvfrhJ7Gg/enHdve2OsVu+dVjNaH/0Qg9fVD07ny7TkfU//Qdxmvg49fPZUDc28XPU48Ffe332CQSesn64dvB0c9t89TV/cgVoK9vP5eeaK2pY8Oap8inH4o+MaQ9Mwdf6kh7bQTLDBAyfAOVcyOoMYG/byfea1YTepMRGxJ8ZP3scXS6Sf0VE0hkLXmv1KG/1gi/87rp8e8WRjXPLMggXJlBQlSLH4fZaOCqDTzk8vZeGFYzxgYbSDzx8WrbaCtGw2VsEg/kPk45rSdRzk3FJz6dFZM6C6PcMU0y3SGXd3Qi+A1jNBjay9gNGbrfLwKBQCAQCAQCQQvCwCLoFs//9zLqr3Z0WsiN4+3hxcY/rb4NEgkETZhYt+w+lI6Di+72DMSrobo5Bo/yj5+z9oGB/yrh/s8py3qG9JLhZLy/4GcLyFqVqyQlX45qZxLddjwRCAQCgUAgEAh+ZfzfxWAR/Cp4btwf8fa4tQgE3h5ePDfuj7dJIoGgCRlLlm5ikY/d7+Z8s3HFm0UTNvHmb8i4AhC5IJnxfnq+qrnRCDrdxUB5jQ/zVi0WxhWBQCAQCAQCgQDhwSIQCH6FWK6YMF8zY/2dG316uw50LRAIBAKBQCAQCAS3E2FgEQgEAoFAIBAIBAKBQCC4RW79FCFTOauTNvGDe0vwP3d3bxT3juTR+ZPp10nWLrF8x6kzEBLiqhQTX259h23FX2NFRvhDTxL/2Ij2b6rP7Ue58ijzVCmEt4staWJrUhK2WX9hfrg4slkgEAgEAoFAIBAIBALBzXHrMVisRtT795N/qIyyMvuncEcOqjcWM+aRDOpuumATGY+MYfrmShf3LGxddB9Pr9iIDhnuPx5ClTiHJ1cXt0n3HasXLiL/YBEGl2EIrFTv2M9XhkZXNwUCgUAgEAgEAoFAIBAIbohbN7C4wxVg3tsfU1JSQklJCeW6r0h/fDBUfIjm5i0sWK6An7dn+xumMnL2Q+jz77J/s4oNu0tJnySjYtNnnHNKdizjZbJP9wB6IemoEm/w9rQHbbVYbl5WgUAgEAgEAoFAIBAIBL9dbn2LUBONzl4gMqbOGk/izo2c0ZvA18jWlJWseP8QANdlg3k2eTXLHgvHcq6YZQtfYs9pEwAjHn+Nv6bN54d3lGy82APef5rwaiUHtibQvInHrTfR48bhFzPUcUGKor8c0HLBBANlYDn1HnNUxxgc2pfqio7FdveEY/ve5JH5O6js0QPZ4Om8lbmamIFSoI49b72OcmOhXe6+Y/lrZhqPhfhiKn+Hh+KOsVq9mTEywFLOolH/RcDbH/Ncr095Im4T0ruhsvIiI5RbeXXA5yxcsomLPXpw/fpgnv2rvf2/OMxVZK3bxU+SFpOVW6/eDA4dzcToYNw7yXpbqtdX8a3kHoLl3azJaqD6PAQG3viBtdYaNarMLwh+ZgnTAh0nJ5mryFr3IT/9fiyLF8TQdJ5S1d4MPjwtJ4QK6gY/ScK04CaJKc5az6EfevPkkgUEOzJYqwtJ31zF5KXPYty9nuM/0cYIaMPW6z4WJ0zDp6X1FGa5SmtPT+/hTBp4jl1VfiQunUbbs56sNcWkb/maGYkJzXJ03QnVZKVux+/JxUwL9ml1fUv6dnxntLnuguq9Gbx/+m4Sl47l0Np12CYtZoaLPC3p2sv+r6ZL2YzV7N39CSWVOi6ZriHrM5iIB6fw+KShN/ZM3IR+doS55ghbtxdQebqWaz1lDAyKYPrjcxl6285qNrO3k3HsDGtNIelbTjMjMQHJkSze70BXu6aG3LRc9L2jWj2HXVFdeCt1dlDmDejtyV0Z5FXBzMUJDO2ky6w1xai2nGFG8gICb2UyddKnm3ruu8JcRUb6LgY/tYRJgS2FVu3N4sPjehSjn2IcB1v62lm/rTVsSd/C1fuc50mBQCAQCASCXwe35ZjmXoDFZgMsWCwWTHWnyN70AdevD2boIBl7lA+SnHMCpWor+fnvsmjUFTa9vIxiUx0Zc58lX/oEWwuK2Zr+FMd2vsHid8oZFPUQg69fRzb2ed7689jWf7hKQ1i2eTPzm4KqmI7xzqZqCHuISBlANcum/4XrY1eS+foj2H1sXCPpBZU7dxL0+ga2rn8FeXU+z67cjgX4cvVTKDcWMv2V9eTnreeJXgd5efpT7P8OrFdqqa3/hoamrUdmIxX1tVxpbMR6pZbTpotUVAzh+fjHGXv3eRYu2cSAResoKM7n9dgrZCfOZP8tePf8y7DVU1lRgabqNKdPn+b06SpK1UXkZKQQv3IvP9eBsACYy1imTGGv9nJ3M5L7YgLLd2m7lcvdG07rKigp/7b5mrHyIEUVWjRFB9A1N9ZAyQ41WsM/+ecFLerdJRibbll1HCjSoK0o4mClobmcM+WfU6HTgYeNc8c1VGg0jv5s+lRzznC1ndHlsv401Y5+12g0aDQaqhzpT+vqqDt9HG3pea66aE/Dpa+p"
11:15:14.504 [Forwarding screenshot on session 7836b5d0-bd7a-11e6-9730-e5ec4f8847f6 to remote] DEBUG org.apache.http.wire - http-outgoing-0 << "0Kq5ZOtGJzRc4ri2gtP1tnbXD1e4uO6CS+fLHTLZOF1aQVUHArSk+/ejU9n0xSQsWE5OQSmX3BSEhw+GWg352am8mKG+gdJvTj9doi9kSaKKIo0Wz8HBDO4NFep8UhNe4Yix6+w3ho3zpRVUd0uR7DRcPE2F9hiXbHCpqght6Xm6XwoYjxwgX1OBpuhdjuhvPN+t1NlhmV3prfUkW7ep0Vao2fpZVadlNVz8Go22hIsNtyJRa326qee+K2z1lGsrqLrU0urqvWmk5BShvaJg6qRAp75uo98NFzlcoaX8fP1tFEggEAgEAoHg34Pb4sEiBXYujmFnm+uxr29hjMzCqYfXsW5GENPHDKDuu+8Jvy8M9uuwWbH/oXv+DCe1F5j4wGIK8mfiJh+AzHcQ4/1gd/8RxIwI6bjyui9ZNHE+Bwlk3bp5SIH9KS+Qzzj2bJ7DwPK3AHDr4M2d7QrIHl9P2vzJACyfl8P8/Bp+pJpdm6qRPbEB1XP2e2k7NlFy37PsLConIsD+erF5AezibePre9YzP0QKdcXkAN/qqtAZgnjo1VwinoF7folxdSVwDYh+4a8kRDpexVr15KYuI78ihw9O3k9cZ69obwU3e929PDy6nbXxGsh6dTOfTyj3y6HglA7rLLt3TuWJpkWwDo3WyNChPmA8S6UFwh4cSWTD/7J7m5azZvDxArNWg86Ro/yoFqLkgJVTJ3SgmEmYF1T2BBjPus0Lunir7sOslZuZBYCZLQlxFFwbzwanfGVZB0HmgQeA1QpOwad9IhPI3fIs7t15i+1QcLcbve6qCAkglSDBh8W5W2gngENOT4+ejnT/RnQpm5Hcv2ViQEps4lvMjXS4iSQY2b7iz+Spc1DPiSa6i0fipvTTBTXlxzEhJT49m0n+9rE3HMkiQVXEF+V6omIUt1wHANKW59CKy+nPNRIJ4IYEiFqcS8RS95vwerNyqKDE8bOFvfvKmLQg8oZy3nydHdOi367RlxQ3zwG6TwrRzwqmo1Hw9PSgqX9uBWd9uqnnvivaPP81hWtZnqMBxRRUqjgUgKK5r83t9LvnbRRFIBAIBAKB4N+J22JgsQBjlSqei+xNY2MjjfRiUNBQBvraz/QZIIcNL01GebqHU67BSPBlceY6zry0hDXKQ6wBrvcdQeo//s5AX4fxhY4D0NYde49HZ/+FWkay4fMtTB4oxVT+DovfPw1hI6n4aCt7i3cDDezKeAemP8mYwDZHCTXAqMiAlu/u9n/cTAZqgNgJoS33ZEFM9YMdXxsggHb0cvr5+vXBKAY4zjTyjeFvqfN4MXkTiwuz7a2f9Dxvpb1ESLuTjX4h2Jxeh7ormJv8Et/MTeXwl1rihkZhNZSxKSMTtda+9UsRMZMXlLPwdzeS+8pr1PQPwqhWowek8gieX5Fktz2gZ29GFjlqhyFDKmf83OdZMKkvuUnpmAB1ehyG2GRWxvZkS/rbFGgNzXW8mDSr3eKlans6BfaMPHUhlr+vmUv9ke28vTEPvQVARvS8F0iYNrRNTh8ihikoKPiKWqbhjx6N2oBi/EzkJXmcOHqWuKE+GM9WYkDKo/f5c/fVcNi2jW90ZiKHeqE9egJko5gZriNPrUFPNArrGU7pIGBmeMtCr2d3l1S25rfwV8HJMNMTTIdJf+UwWp0JkDF+4SssiAnEXLWdJWmnWPj3lUT6GNm7dg05pTpHN0cQn6QkWuF66SmRtFn8u3m2WiR1PN7OmYzsfO01Gme+QVykD1b9EVRpG9EYLCALIEhmALem560DPbjvEq8kZBOgfIsFdoXBWLaFP6d/wwtZa4hsY8ioKtzCxuwCmnyHAkbNZunSGXhU7WJZ2pcognuh0Wgd9+bxylL7lqzOZXNCX0ahHuTjX2gxrgDgw6wFczn6+udYLjVZ26pd6mu9C/1s3YyOnon22ytMdUbsy95Gmswe8qipzDz6Ew18T+4ryzgqf5qMpTGOgasibVEaveasZszFLN6tUdD/SgmlOgvIgpi3cDzn38tAbQCkAcQnvcKkYJC4QeX+9SSkazAA8qApvJAYh323iJHiLevJLHDszZQFEf+KkkmBrVtVtTudtBP+jvaaKd6yjncLKrAAyCNIeHEx0f4urALGo+zTWgiYqWR0zUZyivZQvSCSQPvNTucX5zov5K64wfb6YK5Rs+ntHEr1dv2WKiKIf0FJtH9Xphozhz4pBdl4EufYSM9Us6/MyIJmRTWwd+1ax3MoRSG3AC16VNPBPGWu2sWytM/pPVCCVmt34QmLVZI4N4ozbfTpzXkSUpqf+67K7PiZcIXE0wPjkSwSs0tBMb7ZuOI8vouGfdNav98IRw6t4qUJBAKBQCAQ/Fq4LVuErgD9h45ixIgxjBkTQ8yYEc3GFTjHm9OXsJ8neLfgC8rPnqX83XhHrjq+1kPC5v/lbHkxW9e/xsiGoyT/13v204caAHfX78i/K36LkXPeoGHkIj7XbWXywKb63AntO5hASxEbVBvYUVpLjx4m8jds5JiLo4SsgOyO3u0rkPXGD8j/zOkUI4ueyloYFaaARmtTdXbc3NpsRLpC034ZS90pDL3GsF2n42hxPirlJE4XbiT3yHedd+wvCff++MvBVF6JkRpUCemotTJmK1NIXhiLSZNHYlIuZqCxwUCFWs2g2QkkJsTibdCgyrBvLypOU5KjPkfswmRWrUpkSuA1irI3csTsw/2PTAEgaEo8T47tRdaS5RRoPZmXmEKKciY2TR7KFbvabVMaED4aOSANmsLzc4bzu+rtJKryuDRwComrUpg33g91Tior91a3a1bAiAigmmoDoC+nFBg58SEeCJdiOH4CM3ChshKk4YTIwd0/nDCgUvstYOTEcQOy4WN4aNxIoJwqA1D7DVpgxPC7WyoyHGbn3kL27t3L3r172bWrGH0X+60kbf5v+Waittc4EpOVjA9opCjzbY4YwXa1DpOllqtA9fY15JReYnbiKtJTFjLQoCFj2bu42kXSE6jcs4mMjIyWj2orLRueOh9vZy7XGrhsswF61itVaK4FsjA5hYX3u6HV0/xqu0M98BhEf6mFovzDjnG2cnhPARb5EAa1WQWaT2aRkl2AZPw8UtJXkTBzFLrSbXxwxIDtah0Gix6NBuITk4mfEoSuNIedZcYuZXPG+O1pLEiZNtWFB4ViEqrNaxwxKgwd6utdbfSzbVjvjp+J9lUOnfgwckxkJ8bxjHIlWbm7OFIFs5YmERfzB0JD+2Ao/bg5r+FoIRoTDB6ioLHhJ/QVReh6P0xi4jwCGrXkpGdwNmg2yoTZKCw6sneVASDpCYYKDUHzEklRzgRtActTt2MGyrJeI7OggoiZCaxKSWBUTy3Zy1+zGy2cuHr5HJZa+3a/k7mpZBZUEBibwKqUhYTVa8hIXI+r3T9VnxVhQsqDY6OYGDMa0PJJcUvKzuYX5zpvvL1VpCZmUGoLRpmyihTlbProNWS8vbudfrdDf4RCPQRMHEdkzDgCgKI9h5rnKHXGSnJKdUTPSyRF+TAmpz6ydjJP2fXXgPacDwkpq1DOjKAiX4WqUN9uvpM4Pfddl9nRM9GenoC2YB0vq4oAGcq0Ba2M2019rWir3+596Sfr7NWJQCAQCAQCwS+XnynIrTNXMAH0CyBgwJ2YT+3htfmbgEBs/MR7i5awP3Ae2zYv5t7QIPu7uwG+eOFL8FhvNqn3UTwtgJiQfi1F1hWz+NkNXMebZ54MR7tnDxWAzeZGxNT57C6Z35zUdGw1983ex6avSojp0FukrexWIITJsd7s37GMt8bKmR0kYV/6ixzr0YNXwgbghR89elxk8/o9DJoXhPqtZVzs0cNV4aA/hFKpYkT1ev763FiC7ulvv/5vtRfi1nGTANfgctVhNEBsyhvMCPYCgnmTH0jIPMgJ40PYroF0VAIJM6LtGbUHSS85z2Ws9H9gIQtjAoiJ9MNoqCMocCAFFQZsNvAfGYo8owB5aBT31H9KigmCZs7h/kF9sDGBOVOOoirYx1HjjFZbMrwCoxgmy+awPJSooYGUZb0NRPDGyjj8AQKTuaqbS96OgxinBbZ6W+t1TygK8qk6ayTY/BUQRLi/F31GjoDS41SaH+fC"
11:15:14.504 [Forwarding screenshot on session 7836b5d0-bd7a-11e6-9730-e5ec4f8847f6 to remote] DEBUG org.apache.http.wire - http-outgoing-0 << "CQPSEXMc7539GR4G2Sd0WB+q57gJhg8LwivYDQX5HP9KTzBVQBjh/u7YrYgAJgpysp1qlnPX2Bg6cCjpBBswijdXzEUOhFFJUepxxz1J87/XbI1AI+e+qWHI/feRkL6KekmfDt9U19fqOHvFSWFtl5p/NHc63nNxtfHFfPIApUDs0kRigt1haDL1NXPZVgt0qgcKpj4RhDrHMc5o2K2FiPiJ7WR3u2s08fFB3DcpmjuMRjwC+iGl9bameekrmeQPRMooKUikwWbrQrY2SCSAN17eTReMZCUsoKh5oSxlSuLf+aPHIYo60NdTfda10s/WdP5MtEMRQ0ZWf3bt/oQvD5dTlF9BUf42VNIgElYnEz3hYWT5mRQfqiFqmh+HdpdCwEzGKsDubzKKFUmz7Lo8upD0ogCSEmYgBzy1+0gtOY2BSGzXQBadSMK0SCCSpGs1KDMPcMI4nNIiA9JRCSTNsj/fS1dLeCZORdHhKkL7t+tAwMCXhTqIWMiKufY8iW/AB4f/6WL/kZ6Dn2hBPoX75OB+x2jCKKL0k0OYY+biBZ3ML851NnED7bXeR2x8PJLgKCJ9wVBnIyII9OfquowXdPLAfixIefB+uzF14igZmaX7KDHMIEZuoPKYAWm0srkf37z2HQmZ9jgtFQe/pKN56qcX7OXPfmMF0f5AsJILR+eSt/8QqGJb6ZOx7GBzq2+kTFfPhCskgF5TAVIpWEzsfFdN1ILodqk828y/YMQGeHv8yn4BCgQCgUAgEHCbDCy9Or0bwvzXYyl8Yw0PBK8BYOwTsXjvyOdohSfL30tCNz+NOQ+8D8D1vpPZ9OYspEDQ6En02LOTZ6fXsUe3maZILHUVx6ns0YMemFApn2uu6fr1UN6bMJlmZxbA2uiQsANvAHfsW5xatcbT3qLpqo/51roQ1eKZbASuX+/Log0FPBciA54k/fFPScxWEpMN10PH4nfdvgJzd5O06hVpeDzrny9n8cbFPLDRfm3w9Nf4r5h+/JpoMAEyT353tQGQ0r9vi3u/h8z+Xl4C0AiBwQPa5JYgwZ2+fWD724lkpjvfkzvy2bgGYLtKQ719uaTNS2VBnnNahcsTdmyO/1vX2IQ7QUPk4GoB7R7ESAUcqCzj+A8VEDTPvhUhdBhy1Jw4cpgLBhgxP6g5S/DwMMiu4ugRN0woGBnkBQQxJgC2HT/MYUk1hM21L3CakI0na/OCDg0cN841kHo2t62hA7vn0LkvMlP/N/LysynNB5ASMfN5lLOi2sWnuAaMXriaBZFO2zWsZSTMtQ+SravxdoGt8SogI6BvU23uDPKXO/YNdK4H/mOnI89Jp+hwDQPcCjChYMrY9lEt3O/w5nJ5NgnZGR1IIePOZsOINwqp3dzVuWyuMKD71kxUsBfgyejH5+FrAsnV0+TklXLVZutCX13rZ1PdnT4TbdBXn6TeI4AZcUuZEQdWsxHt8d28nVlAxn8fInrFWKYGZLKt8DDG+/vziR6ilWMdY95ad9p+t6uSPdaIrRGChw1qTundx+4FKGm4hAEYMbLlecBrEMNlUHLuErQzsDjKdANZrxYXIXf/GOL826e0Vh1CdJyadAAAIABJREFUbQEsBSQ8XuDU8EI+q3mcGf50Mr+05Qbb6y7Hu/E0a5XZtB6CruIF1VBw0O5Zk62ci7P59JN9J4l5pIFyCwTe3adFShdeUp3NU94eTvdC5XDwMlc71aeuynT9TLjCBsjCZrNuxQyOr32GzKIMMu4ZREK7OD8u5GmEgKBBCAQCgUAgEPzauHUDiyyG/Tpdp0lGzFdx9tFX+c7ciNed/ZBJgTSV4+5z7NfNo+67H2l086Kfb4ubSeBjaZyd+iom3HB2PvGNWcbZs8tuSDzfMcvQ6TpK68uy8tayj1m2n5bkA0nYsJ/4ujp+bIQ7+/nSYruR8Vjabqa+WsePZujXzzli7UvodC85fZcy+aXNnE0w8d2PZty87sRX5mQF+iXSJiaH+eSnFJkgYGI4vWwHAQs/XrKCj33pZl+E2//EtgGeLa/8ndCzaXkmFfJRJKb/kSB/OZRlEZd+vHUyiQcSN/sSYXxiVnM8A7O+jEPlVxnUdo8F2FdLjqOlbbZr7W5//50BCHKxJHEnfEwQedty2QZELHQcre0VykgF5GfnAApmBrWYRhT3RSEjk5xcIGA2QV6OckaHsS0njzxg1ML28TNu5yEfXWGs/pa7Yl5kZ5IvNVUaDu/dSn7eZo5OiHIZkNVmax3phQaHsct+k87G29UiVOLmAZi44JTn0g/1DveSLvTAK5JpEVKyd29hC1qkoxYy1IWnT9m7r5OngZnKFCaEBuNDGc/EpTfrQbs23pBsrfEZFIqcIvJz8nlozVx8cCc4ehrBANYydueV2sv07FxfK530szU3+EwAYGT3ylTU3lPYkhGHF+Du5cPQmDgeOVRAzrlzGHFnbOx4tqkKeWd9HyyEMTGq++c3S4ALFy6BwyR49bJjvD298QGOHdWS0FSu9Xt0Jggc3Bfo4KSkRmhsbHkCrDWFpGae5snk1kcLl+w9CCiIT3kef4lDkvrjrEnPY9/HR5mxNLST+eXmaDi5hZQcNQHj4/nLI5Eo5D6o1z5FRucHAmEsO4DGAhHzEpk1xJurNvDwqGff39JRF+yhOu5PBEuhyuk0HYmkZfLqbJ76JxKg9e+Qb2sM4D3S7jHWgT51XWab9J207xowfPIEvICYpcmUPZWIOjONe4dk0M7G0koeH0Y/Op5vvIUHi0AgEAgEgl8ftyUGyw0h86VfP4dxpR1SfPv1a2VcabklQyb91xojpL6+9GtlXHG6J/NtY1zprCAZ/fr1+8UbV3oCF058hrq4mOLCQnKzVhKXmg+EMe+RYHwixhEEbFujokxvxFBVyJqMUpAGM6B58d72T3cbNq7a35b27scAvzu4Wl1MenoR0NOe2uGqfuHEIS7eOYwwoChzPepqA8aaI6xblk5OThH17RbbPtwTLMVU+SVHqg0EjRgOaPhbRiF6o5GTe9eSXQGKSWNwtdS8Ozwcu5+TjFEhTSsHL4aPcbylV4x0GFEcyEMIl4LJAmGjWwLZ+odHOXRIRkR4ywqkac3T/TC3rf93vtOVsebsgc1kpC9je1ktfQYMom9vCdCzI9tDe5zS3eh4O8vkNXQ0YUDexk2c1BupVm8hU2NxpOxCD4CoaZPApEVrgocfHu1aRhtAH+4aMABPWw3b12ViAi7oLnbatM5la4NPFC/MiwBdPgsSVrKr+AhVVScp3ruFV+LtQZklEgleQ8d1oq+t9bM1XfeFkzBMfDQIDAUseiWD4iMnqaoqY1fWCnK0oBg3Eh/AJ2oiEVjQVOiRj59M601JXemO/b7EG3R5b7O3yoChupiMjFJQjCPUJ5CoCCmW0my2qKsw6KvZnv42OiBwSN8OyvMhdIQcS2k2uUeqMRqq+CAzG63uJyTOz5W5jE80JqQRDzMpOJDAwEACA/0JjHyEiQFgKv2Uk+aWcl3J3fnPHbcXoLefAt87JJwszCCj1NImJk/bcqwc3l8EBDFjWiT+gYEEBwfi7x/JI9MigAoOqK8THCzFpM5k+5FqDDVHWJ9pH1ug03nK/hvHwrsZW6gyGDi5dy05WgibdD9edKxPXZfZPeyGVwB/lG/MQ4qBzGVrqWnVL23lMfP9VRtXv+/8ORQIBAKBQCD4JXL7YrAIfjNIAF3RNjKKmq5ICRoVy5NPzyXYHSCYxFXxpK7MJl25wJ5EHoFyxVL8MSKhbdSbnuDtgYRAps+OoGJbHglz7fsogkZFIC3VUKk1EB01iPsDpBQU5bCyIYHs9ARSUzPIWJ7gECOA+FWJtI1iARAQHg6aUlTLf2LVzpUkz24gdVs2SrXdcV8xah4r5rY9RciOu384EdJtaLzvJ9TJAhMYPhzpNi0DR4a0OV5ZzrARctTqa0SFO+1zUIQwWgZFPYcT2mx4kODrh+vtSV3g6XiD39om0tSXba6Bw+vH/nPk/KVEn00jLz0Re09LiY5fQZSLQ1tcH6kqafEqc+9svOESPcH7DjzAaewDWbIqnteWZ5OqVDskAEufO/DoUg/keAWPJYJ8NLLxjA10HagmbOoTBKiz"
11:15:14.515 [Forwarding screenshot on session 7836b5d0-bd7a-11e6-9730-e5ec4f8847f6 to remote] DEBUG org.apache.http.wire - http-outgoing-0 << "yVDGkQHIAsIIkFagO/UNkqCWvmhp0Y3I1p7AaUmky7aTmZPHtsyK5utSeRizX5jLjEgfwIfETvRV4qSffXaudNLhrvuilSwzklHaVGzMU5OpUjdfDxq/kMRm/fZnSmwAmvxaJk0Mc8rdVnd6tvHaaXNfdo2clARyAOSjSH7DfvpRTNJqLq5MIz8jBfsmHhlTEtKZFeiFscy531vKi0pI4sJPaeSplpMPgILZyYtbPcvGymPogZnThrcZAbtXTp6qiC9P1HUyv3T2c8ftvWPoVGKDDpOfk8LcHLtsEREKNBr7cew46Xcz5go+rwB59JR285Fi7BSCsjWoi8pIWLma71a8Tp5qOS07x+wS+UQu6HieKjtqT1pbQEqCvZcDouNZMs0+3zjPd8uT/Zv7vLMyJSc1dPxMtKcnduNhE+7+01gxr4rlOaX8LUPNfElL/wa00m8lZwrVlIwYxtwYV7O1QCAQCAQCwS+XHtevX7/+rxZC8GvFitFwGZvEA7mPi5V7R5iNGK7a8LhDjtcNBHk1GgzYJBLkPl1EMLGaMeOGl7t783fD5atIPOR0R7xfE2ajkas2uEPu0y72Sve5mfG258HVGHSmB9aTvDI3FWavYs2MzhZpTeXfgc+NKNONytYBZqM9gCcSzw7r61Bf2+pn64K79UyAFaPxMjabBI87fNrlKVz5FNmGcWRlxN1S3B+r0cBlmwS5vH0pVqORy93UrZvJ83+F2WjgKjcwz9x02R08Ny7mKWNZFgvSK0nckkGYzUCDxIWOdqZP/4q5rzN5BAKBQCAQCH4lCAOLQCD4BWGlcG0S2aV6QEHiFhWRv1Hj2M1gPrmdZW/lYbDAqIQMlkZ3P/6K4F+P8UgGC1THSMh632XMJIFAIBAIBALBvwaxRUggEPyCcEcxeBABBjmj5/xJGFe6S887kPsFEDQslmeFceUXi+eAYYyP9qWviBMrEAgEAoFA8G+F8GARCAQCgUAgEAgEAoFAILhF/u9OERIIBAKBQCAQCAQCgUAg+JVy61uETOWsTtrED06B69zdvVHcO5JH50+m362UbfmOU2cgJOSWSrkJTGxNSsI26y/MD7+ZwysFAoFAIBAIBAKBQCAQ/Jb4j5SUlJRbKsH0v6xKUnHkezPmulpqa2v5+mgJ6i8+ZcvB/2DOk8PxvLmCyXh4BC9ciOTPk++5JRFvpu6Pnkvi/Nj5TL5H1nXy3xLWarL+soGL8lCG/L5nq+tbVm9A36fN9XaY2bs2nSpZKPd2mq5tnlQ+uyRn+JDfN18rzlLx3wVVyIf9gd83HQxUXcjq9D1c+kHDtk9rCB4dQi9HDkPZdlSZH/O9VxAh/Zqu6slN+yulDQqG/L//QbVhGyWlpZSUlDR/Dh6soo9THT8HZn0VZ6558/tet2DztBqo1jVw5529uk7bDW6LbLcLYzV7t73HlpwP+HDnRxw68jWX/p8XQ+65i98B1ppiVq/9lD6Rw/m9O9Soc0l76+/kfFTBoPuDMOlvf//cCjVlR7gs60/vn0m3rDXFvLX2M35//x+4szvDZ61hy+oMavp05zltj7PuVBdmsW7PRSJH+XGgkzmgem8G6/YZiBw15Gc5SchctZf0f+zge+kgQvp3Mr/fpj6ArsbZQGGWitV/z+azY+fwvCeEgT+HQty2+cFIYdZbrNuYzacVNkZGh3RwlPvPx63ryM38HhIIBAKBQCDomlvfIuQOV4B5b3/cvCAt131F+uODoeJDNHU3X7TlCvh535x55pbxBncRQLA9DZc4rq3gdL2t3fXDFS6ut8PG+dIKqi91la41Vy9oUe8uwdh0warjQJEGbUURBysNzenOlH9OhU6Hh+dPaDWf8JW+pYyv9n9ChbaCvP1ftVzUV5Gv0fLT7zywXTqHpqICTdVpTp9u+VRU6+iyWbeCuYxlyhT2ai/fSiHkvpjA8l3a2yaWvdjbIdttQl9MwoLl5BSUcslNQXj4YKjVkJ+dyosZagAaLn1NhVaNXb30fJydj65eRuDgO/j8tZ+hf24Bc1kWiekb+fZn1K2Gi1+j0ZZwsaHbGTlYUcG5W1H8NrpzqaoIbel5bF3MAZfOl6MtPc/Vm6+5U47s3WGfB7YeaJlPXHE7+oCux7kqN43somqCx43Ds7aUjNStnct1c1LctvnBWLaT7KIK8AskoF+fm3yBcmvcuo7c3O8hgUAgEAgEgq64fTFYGhudvsiYOms8PXpc5IzeBJxja8ozDBo0iEGDBhEQPpnVH5UDYDlXjHJyePO9OUnv8R1Q/o6SjRd7cPH9pwmfk4GznWZ/yiOMfuY9TACYeG/RZKc0Fj5KmswjKfsBC8XvKFvqHb2IPdWm5nLqjm1lTniA/V5AOClby9s0yg2AUx+lMDogAOV7be//BnEYndxu9LorpODWLeOVF+FjgsCk5azZfsWs1aBz3C0/2rRosHLqhA4UY3hwVBRSLFSdbTK+VHO8wmL/seI41Y6r+m/KATkPhCscbZCh3LCZzZtbPjvfX0PUz3kUqhtcA3p5eNxSMY3XQNbr1spox22S7dYxkvu3TAxIiU3MYPOaJBISklC9n8XMICkGdQ5qI/hEJpC7Jdd+dK31W6osMOr5N1iR9DTe1p+hf24FN/s/Hj+jIdfT0wNwoztVWO0Z8eYGn+eOaKM7UYtzyd2ZgA+AtOW6tU02iQSQSrol8w1jLmO/xjEPGAr4rLpt7bTIdDv6ALoYZzPlGj0wgsVxcSx8OKDVPHc7uV3zg8QNQMazK1ewNC7mZ/Ey6lKG26EjzjroWg0EAoFAIBAIus1t8fnvBVhsNsCCxQKN5jPkbPqA69cHM3SQjD3K+0jO92bpuq2MDWhk/4ZlbHh5GcMnvE/53GfJ7/Ms2wpmQ+W7zEl8g8UBYeREPcTg6wcxjFvEW8+Nxfk01oBAP2pztnHSNJ8xnOTj/dXU8wmaugQme53k/R3V3JkaQPk7cTy35hjTX1nPM1Ge5CXPZ8nkWnof203kT1uZODsZz3GL2KqcjGH/BpQrZmLxKSZtsv2dnHcvOPeRktjEPYTOW8fq+eG3o7t+FUgkbf5Qd/Ns7SZurmZL+tsUaO0GDkXETF5MmoWiVSYj21e8xglPBQ0aDQZAFjSepYkLCG5z/O7d4eGwbRvf6MxEDvVCe/QEyEYxM1xHnlqDnmgU1jOc0kHAzHDc5d6MkMKxyrMQLcdaXU4FUqbMHk3BtiLKq60EBrrzTVkVyMYR5AOcdbTthlZUncluv3cUTy5pdVgUsWSpHqJ8y3oyCyrs2WVBxL+iZFIg5CalYwLU6XEYYpNZOTeII9tVqPI0jrRhLExeQoy/F2CmeMs63i2owAIgjyDhxcX0OZ5Ogb0QnroQy9/XzMXZJnQydwXv6v0Z9NNB1DoLIGP8wmQWxPgDevZmZJGjdhiqpHLGz32eBZP6tpNtJnm8VTmkuXxz1S6WpJXzwoaVkL+STd9I8KzVoDNJmZmygQn/PMSat3LQWQCkRM9LImFa8I10cGv0ZRTqQT7+BeZGOh8v7MOsBXM5+vrnWC6ZMV/8lCVpp1j45kz2LFVhAkpVcSzc5cePrfrnIQ6vXUNOqc7R5Ajik5REK9ovF801aja9nUOp3m6clSoiiH9BSbR/g4txfhxth2PnVObJXBalFgGQHvcKyqw1hNa7rifo4ge8pDrI6IWrWRCjgJpCXnktG7eHk1k5a2gbaQ3sXbvW0S4pCrkFaOovayd6BdXFWazJLMIEyORSTEAoAEZylS/TOOevxEXatepk7ooWPTCeJEu1iSLHsx4wajZLl47lsza686RkD2kn/Pn7moeQuEHl/vUkpNufHXnQFF5IjCOw7bHbNzSP3Dg1h/ajR8rsxHjK0zP45JMSZi2Nab7fcR9AzZHtvL0xD70FQEb0vBdImDaUzuaCAbr249zaWOvFkFAF6MvZWVzMDwd0IBvPoE6OH68uzGJNtkPGgDD6NJyj15ilrJgV3GF/1W/vfH7oeA5o/away7awIN3entTHnyLmyUmc2n0QSR/Q600ExCazJrZnJ2PWuQ46czJ3JZtqeqMwqtHoAWkAs19ayoyh8jbpVnQ4JwXVH0GVthGNwW5Us+vmDOTY"
11:15:14.516 [Forwarding screenshot on session 7836b5d0-bd7a-11e6-9730-e5ec4f8847f6 to remote] DEBUG org.apache.http.wire - http-outgoing-0 << "53ntl5tQppeixz4HPJ+kJMrFHCAQCAQCgUBwo9wWDxYpsHNxDIMGBRMcHEz4yFhUhSZiX1/NGJmFgIfXse697SRMH4q8d3/C7wsDwGYFG8D5M5zUXkD+wGIK8vNZ9+ggZCETGO8Hnv1HEDMiBKlTfYETpuNHNcUnTVi+PkZljx706HGaoxV1WE5+TgV+PD6hN/tzjnI99HmefzSCXr2CeHpZEj16VFJcUUfZRznU44dSORtFr16Mmv8sj/e9zo7MTzAB7p6wY/WzxCTuYYTyXXanTG8lw2+ZnkDlnk1kZGS0fFRbadmoYyBryXIKtJ7MS0whRTkTmyYP5Ypd7d5WN/xkQKfREBqfzKrE2ci0RaSkbqftC1x3/3DCgErtt4CRE8cNyIaP4aFxI4FyqgxA7TdogRHD7wbkDBshw1JeiRk4c/woEMzEqRMJA46WnwEMnNRYkN8f4bTYMHFs91727rV/du3aRZne9evkzmRvqDWg1+oInzKe6ND+aLNeI7OggoiZCaxKSWBUTy3Zy19DbfDh/kemABA0JZ4nxwZQtf01VHkae9pViUTLKshMfI0yI5zMTSWzoILA2ARWpSwkrF5DRuJ6fhc+GjkgDZrC83Paxz1qbPgJvaaA8t6TSExOIFphoigzk5NWKE5TkqM+R+zCZFatSmRK4DWKsjdyxNxetsaGWiy1LduFbFdrMVlquWyDxgYDBq2GhoHRjB81jsDrh/hzag6XBk4hedUqFk4JRJ2Twlq1HlfoywrZvres3dgDGL89jQUp06ZGtr+pmIRq8xomBXphu1qHyVLLVc8Anlw4vln2+ZMfaNU/tdvXkFN6idmJq0hPWchAg4aMZe+62JpRRWpiBqW2YJQpq0hRzqaPXkPG27tdjvP5TsbOGa+hDxEfGwTAqHkzCfLpuB6PqEeYpLBQlPk3ygzVZKRmo7NE8NQjbY0roM5YSU6pjuh5iaQoH8bU8lB2qlfmqlyWZxbRM2ImKSmJhNvNdzRtoLh8ycRlW8t2ihY90JPxcipFWgmzlSkkxo9HV7qNV7POttOdq5fPNeuOpCcYKjQEzUskRTkTtAUsb/fc3/g8AmDVl7E9dy9VHe6vMXKgsAJko5kQGc3YCCmW0k8oa/KK66QPrNXbSVTlcWngFBJXpTBvvB/qnFRW7rX7wnU0F9BunNtLFTnxQcBEfmYmpUSQ/NcFdOQwZz6Zy/Jsu4zJKYkMpxqdwYShrr7T/rqri/mh4zmgdTqfoIksjLX//h4/L56RPiYMFhN6vR9Txo9iWMDvOh2zznSwLY0NBgwVavTy2axKT2aKXy3bUleiNrRN19GcZOSD11VoJKNJTleRHB+NrnQbadurALsO6ktL6T87geSEmXgbNKiy9rnULYFAIBAIBIIb5bZ4sFiAsUoVz0X2prGxkUZ6MShoKAN97SaJAXLY8NJklKd7OOUajARfFmeu48xLS1ijPMQa4HrfEaT+4+8M9G36476xXX34RvBIIOwuPsJI9yKuT1Ky1LqWD78sZaT7Pgh8kih3HTtrocfFjUwZubFV9upyLTFI6dHjNImxDzjd6QG9zJgBSS8wVVYC8O3/XsACwsDiRH2tjrNXnBy0bZeaf7RWHaLIBEEz53D/oD7YmMCcKUdRFezjqHFsq3Js10A2PpEFk4YCQ0laeI6EzAOcMM6yb/Noxp/hYZB9Qof1oXqOm2D4sCC8gt1QkM/xr/QEUwWEEe5vfwMZNCwc1JXorGa0R/UQ8TAKd0c5R09hfqg/5cCkEQGtZFLn5bT6Hn3X/UQq2r9h7Vj2CdgA6agElsZFAzWkPW5AOiqBpFnRACxdLeGZOBVFh6tYOTUUeUYB8tAoghU2sg7oQDGFWRNCkVyFR56eiTo1j2Pab6BQBxELWTHXXk7iG/DB4X/ieXcUw2TZHJaHEvX/s3f+cVFW2eN/4zYwigyK0vhjNIEVafEXsojiD/QLJVam62Kma9oHNS2pHHMRVzBSLGVbMcOERDfRdE1yJdrQgpRNxR+LBEQhCmiiMiEog+Aw0zbfP2aAGRgGUGq37b5fL5R5nnvPPfeeey9zz3PveUa4t2K1sbwWPg8F4PFsIZnRZ7ldW8+AiUtZGuBKgE8/qlQVeLgPIi1PhU4HLmNMdXPgHIDZxnxJsyvehEeGogDOJYSiQca8Zx6nTzcdA2bMZOzJPLIOH6fGfx7NW/TbLxJJzhrLpGk+Le4ZzgQ44uDYcKGKhNAlpDcutqRMDXuLGY36OOA5fhTy+HTkw/wY6wPf7P9bY/vk5msBLZcvlDJk3EhCYzZQLendcmFb35vpixYh8fTDxxlUFTq8PaDscgV10MzOVSQsjGvFdlX4mG1dcGLUMAWk3GLCJB+c6lVWynFi3row8kNiiAldA8hZFKPEvcWDdhX5Z1RI/ZWETvMBfHj97jVC4wuAKk602q+q0J0/BowlMnw2csDzjTAKQ2Ja9KBmRgHVBc6oITAskpk+ToAnUdjzFbb0s9J3dHdB5h/WqGf43VKUxnHfsDdOa3UemdlsfoDaG2dITsmkdMBoPP3NdzkA1JceJ10FHnPG4wB4BUyG7DQ++qwIn5nu5B9rvQ3yjn0BeLNufQguAO4R1JXMI/mDY1RNm2V1HjOzczOdaoqOsnpNEoa/LhqgO73sq8g88BkMnYS/p3k98r84BlL/Rh1HbFpJyaxobmJ93v2q9xYr84P1OcAMBwWjhz1IfIqcUZP8GVho2PEyZ0MEM93tqC84wDwrc3+hlT7oY/Ec5lgiww07TtwjnudkSCzZhSomtEhneU7SAdwso7DkBuN85hLj8iiS3n0BHbq7xrE70zCXLsj/lJgz17lN054vgUAgEAgEgo7SKQ6WO8CAEWPx9bX0SuPLvP7kco64P8XutBcZ4d4fvniDkQv+AVTwTRmE7vyanQ7lnDmVyVurXyPixd08cmIB1AJ2ls5rOBM0ZzLvvLaa1VQzfcsTPKH7mtgwJcuAoPWTkMl6MsAR9JNiKYl90pBNc5mPDmUj9xvBnfduotdP4sOSnTQc/Pkq4yMu6AbQC9CpYNL6FCK77yVAGcnqD39L7O9bW7j+srgLhuMKPibL4PpzhM4zLEZqqw1PEwuTo1mSbJpT0fLMvBY8hw1s/NhNZni2aulsvefo4ZBYwOlTtqhRMMbDAfBggivsP3uSk5IiGD7PsAACnDxGISOT/NNnyVfB2FlDDXL8vCH+PKdOVaDBFa9fmy7nZSgTdrYv5oo13bXg7mm8V3MTFeA7xqMpr4Mbo2Vw4vJN0Eq4C6Crg5pyytSAOo2wJWlmxV0tvI6rLci6Nx3GsnMJIMQFoMrokGwtaONdkNo3Ll51Rr+lBDv69oYDW8OIN1tPy4310DXp1tLtYaGMnjQdHpMAKhLXhJon61qLJWl+y3bhsdi21af3oKLk2xr8PB0Ae8bPmo+zGiR1F0lKzqJOpzPvOGa6S8zaZ8S8Vwgu+wvJKYlkpQBI8Q5+HuVsP/OYEnZyHLUX2axMxLx5JBbsfNWK7Ypp3qkMNrhrWMQ6tFGOgw8Lgz1Yk1yIdPg0prhYOMZQVUyOBtwf6t14SdLQVWqt6+Yr6Qpom3qPgwfDpIYp2DIGwbeKv0GDnFEmWzM8p8zDE6DmVKt9R6cFz1FujZ8de/c06GuSpkPzCIb4O7sS5oK95R6U/Y/PDfL2RzFrf9P1wn98imqmO5J2tEFTuXZ4DJHDdeNHK3OBmZ3NqCFleyIq6XCiEiMZmLeLkJg0lIsyQQPDe4zGv9lpOomkK2humYxyV4bIDGpYby+dlfmhjTmgGS3rI6dPX0N/tKpDG32w5aR7F+Q9mnRwGIinFAryi5nQruArTsxdtZSyrfEkxxeSDCBzZf6KVSicMB+7YDTujxT7RyAQCAQCwS+GznvvqtbCThMA7hiC0fZ3xXVgL2q++oi1C3YA7ui4xe4XlnPEfT77dy7j4WEehidHA51xwBnPSY7syPwHGdNcCRja30zq0MDpOL52jGocGe89iEG68cj0R6imH0H+hoX0mOn9SEp6lTcmD2DR2J58tm0pkXsu8nxyDgumzsBmz3ZeC99HzIuPUJu/m+Bl29HP2sbvgxTUA85y"
11:15:14.516 [Forwarding screenshot on session 7836b5d0-bd7a-11e6-9730-e5ec4f8847f6 to remote] DEBUG org.apache.http.wire - http-outgoing-0 << "OYMColj1tw/Y+MeXmDzmCE+aq/GLRdd80VRrXMwCEnvDV9TAsASWGGM21JSd43hOHW72cN5UkC2UlNwEP8Mzw7o6w3LG0jJAMdIPGfEk7QVc5+DhAGCH1/jh7E9KJhkYu9RkReLkwTg5pCS+ByiYPspQhsJrLHLiSEwsAY85/Ppej9xb0V0H2Ddst3BwxAk4c7qQUGNa6sspUYP74L6AcfePpBs49EEuhULPpRwMN8Z7g1JFAAAgAElEQVSGqC8j49MCenu5cfoYaLVNrVNfepTo+Is8HTHXsNlL0tHlQRk71sSTJx9LWMwf8HCRw7kEQmLOmidrFnNH0vh/62/h0OnUgAdRB9fTYJWiUxmU6vrQw1IGOwecWrGFk9sw5KSTkpTCY5vm4YQdnv7TDHLrz3E4OavNmpq2T1XRt/QJeIWD4c6UFmRzMnUfKck7Of2In9nOiJrcXUQlZeIauIjXZvigkDuRufkZ4gqMdcTUztZsZ+Jca46k7XJQZbA12bBbQJOXyK5zPo3xUJoaybgAvVLdJFpiPAxib1232sN3MQ+GW0KhBhpcIBLgzt3Gm6hvVYMt2Pd2BjK58G09Pp4G4xUc2szfrnsStsA4PzSP12SUd/XqTTC60+puN42dBh1s25hHLOHg1Jp7roC0TBV4TCcqZDSSOh1068bVY/HEp2Xyj9wFeOhabwOd7m4LieXXVICHYQS0Zx5rMTTruH0TpJ4T8bQDfEKImX+NsKQ8QM6TU1yaZzDqYVr5bylVG+LotjXv5rc6P7RzDmiVu40VtarDg/cwPqp1Tc1Wc4MSDXgOcwMLL0NqOSdVUXIDno7ci2e3CnLPn2Vf4n6SNh9m3M4Z5mNXIBAIBAKBoJPolBgs3a3eHcqCV6djc3wTEz09mThdCU9Nx5EiTufZs2Z3OO5FScydOAaviXNJsQ9ix+uzkQIe46dgc/Egi59cy1fNxfYfyx/cgX7T8e4PDPotUxyB4U8zyegECYo6QPh0OYnKYMaMCSByz0WeXPseK71kOPuuJHn9M1z5IIKpE8cQvGw7fScpORIVBGB8iq0FpDz31g7GUMTyP76LurkeAgMm39sdRkxmOJAev43MIhVVpafYsjqGpKR0qpstoCVdQZWSRGpuGaqiDDbHZYFiMsMsrZPkQ/GSgloDw8d7Ne40cPHyMx7fkuHtZRr+0gnvUQrQaMB1DMMa/EFOwzD6Whg+2uue34LRtu4NX/Td8fOWoslKZFdmAaqyIg7EbKUEcB/Sl4ZHwVfPH6eoTMIwXxlkv0dCRgFVVWWk7thIfFIi2dU9GeYrR5OVyN5TRVSpCng/PpHCkltIHJz4tacUdf4XnCpSWdDWoE9Ld0id4Ql9z/4M7NeDuqIMYmLSga6GtGa6VRkqrTnLJ6dKKSvKIGZrJpiFN24qw2PCOKCQxM2plKqqKMjcxZrYeBKzb3a8zZ38eGm+N5SksCR0PYcyTlFQkEtG6i5WLTIEU5VYdS6Zt0/xpzuJi1nNgXPX6T3Qjb49JUDXVv1TPfspcO4hIfdoHHFZGvMqN9ZYbsV2FoTqdICawrMFjQchLZdTRtyf4lExnJiDuwhWQFrMpsbYIU044+kpRZ0Zz4FTRahKT7Et3mDLtnTz8B0HZBG3K4MyVRlH4/ZhFinHFrL3vU9umYrco3HEZxt0s3EfjTeQsnkb58qqKMtNZfv+LC5rpTg07zvGttIBEkcoSd5KaoEKVVEGcRbGjm0H5pG2UGUeoxAIfPIxPF3ccff0xN3FhYBZ05EDxz46brUNPHxHA9n8Je4oZVVV5KZuJjEPFFMmGAKmWpsLTOxsHt9DzsOeUjTZcSQczaWs9BzHzl5u0Jh9CRkt4hENm/wokMWrGw+QW3COhFUbKTRa2Pq8a21+aGMOaAVL96zr0MHxgQw06Ww5cAqVqogDW+JRIcPTrcE9a5xrWp2TqvkoLp6o9TvIreuGq4cbPQF69zBxUTWvhXhts0AgEAgEgvvj/newyAI4UlJiNYnvgliKf/cnrtVocejVH5kU2BhrvPscR0rmU3GtEq2tA/2dZY353H+/keLH/4QaW2QtpDqz8kgJK5tSszGnhI1mafrzXOwR5v+pgkqtSdlGvOZGkTNzBdcqa7B16IVz401nVueY1Mk5gH1t1PGXRFeLVyUmNnIhLCaU6Og44hqOh0hdWbQhDHd0HKMpso7uLsgUWpKilSQByL0Ji2z+hosG5IzylZOZeRc/L5Onu4qhjJdBetfRLRwzrt7ekFaGh6+XyX4bJ7zHuJKWcpPRXs2fEluunSVa170KCebRgwLC3+DG+o2kxEVh2BwvY2poDLPdHQA3xrlKSUtPYn2tjD0rXqf8znqS46NIN+b3nhNGiKcDeIZz9dZGkmPXkGKoPHMiluEOSLy8IDuL2DW36H1wPeYH2rqCY7dmD9G7Au48OcebvP3JhM4z7On3GOuNNCub/EIV/n7NdHt2AcNPxpAcG0Yy4Oo9HGm2yrjzwLwMpxEhRM2vY2NSEmFZhrg2Mo/pRCzzb3cbm+I+LZwY2QHik5LZH5/XeF0qH86cl+Yx08eJmlwJTTaUmM0bribts2HXCvyLN5IcY6gHSPFfFIlfs3NLDiMeZ7rHSVKSopiXZGhvb28F2dmGV+k2t7N/qBXbNcNp4MMoyCQtPoo6ZXSr5RxLKiFTDdMjluGCAy7hoZwOjSMm5hAH1880kWjHlPA3uBb5Ksmxa2g6oSFph24hRAR/R3RyPMo0QCo3Oi0lgBOPz5/Kibg0opVZgAyFDMok9nTDBWXMUqLXxhOjNOwikroGErnMH+zKzPrOS/bN+qDsLklRocaxM5aIdYZxX0xXcOxBN6vzSMc4mZ4JUm8ebb7rx8GPad47Scz+nOLlsa22gZPPEiLm1BK9PxFlZiIAirHziZxneIuQ1XnM1M5dEwg1OQoToFzHleho0hKjjTZREKx8iW6nt5KUfpxvnw3A08SZ5OA5mziljj/FJhOdDXIPbxRk4zS4L9bnXWvzQ1tzgKWIJF3pJgGJrel4o00d3DswPhrIS44l1HC+h6nK15iisONcYx8BnxmtzUkuPBcWzPqYZKJDMw3CZMNRvvg4dtS2GLvQFWz/i17jLhAIBAKB4GeJjV6v1/+nlRD871KlUqGTSJBb3LpfRdwzS+ClBEKHg6pWgtyprTgf/y3cm+71VVXc1kEPuVObuzgMaXV06yHHwc7SPQty6muowRYHuw4+4q+pQlVnuSxLGOzaA3lrZ3qa6aS6XYekWw+c2iO8HdRUGWPOSOw7JrNZ+9RUVVHXDnvUVKmoo7V+bKEYK7azRkfLsS6nm8U+aVU3o616yOUt28N4z3Kd6qlS3UYnsVxma9RXqbitkyCXW6+v9Xmkk2lHG0i6yWmq5v3PYzVVKup0EpN+WE9VjR3NxajO7WXzEQmrImcbnDc1pwgNicVVGccKE0dIq+1lbX7o4BzQFtZs1p7xcS5hITFnx5GwMwRUVUjkTlajQLU+J91b3xQIBAKBQCC4FzovBotAYAEneRvvY9DAnTod2MmRd87a+6fjHnS3c3Jq9xsqrKVt9Z6dQ5uhaC3i4IS8AxnbtKspdg7IOyK8HbQea6NtXUw1cXCyvmhrSifvULt2xM73U869yLGqmzVbWbWjXcf6RKMu8na1073IvmfupQ3ucx5raa+WzhWAbt2gJC+ZJcoiAj3syU/PQoWCWW7m7dNqe1mbHzo4B7SFNZu1Z3zodFpQ30YHbTrgrJd3b31TIBAIBAKB4F74VVRUVNR/WgnBL5XvuavV0tdjJK69fm7elZ+z7gKBoPP46eYCuweH4+fiiPpaKWUqNXLvABauCMVX/r/3rOT7uzoecBvJ6If7iydBAoFAIBAIfjaII0ICgUAgEAgEAoFAIBAIBPdJp7xFSCAQCAQCgUAgEAgEAoHgl4xwsAgEAoFAIBAIBAKBQCAQ3CfiaLOgY9QXkRB9gH5PL2Oap5PZ9V0xB3CeuYxpnhJSN29BN2UZMz2tBSessZquKDWOPRcfImzFJI63Sx4UHU1gT0E/wlZMsxjMsfTcKfDww+VegznWF7Er9gDfNXvhsU6no7/fPEICmr/2uQPU"
11:15:14.517 [Forwarding screenshot on session 7836b5d0-bd7a-11e6-9730-e5ec4f8847f6 to remote] DEBUG org.apache.http.wire - http-outgoing-0 << "FJCw5RDfSfozWxmCu2k4B2O513BhnnIeLj9SqAfVqQO8m1GERCJpcU+n68nM5XMp2dE+W9wf9Zw6dJDCOrAFQIsWZx6dNQ2FHdSUnmLfgQzKakHhFcDcmX4t7F1TkMqWpLO4PBbCPH9zu5Rl7iXhk1JGL1zONPf/7JtFaopS2XbgSzBpc9vuPRk86lGm+d1bf6opK+Bbya/xvJ/I0fUqiq6Au7uc+tIMYnZ9w8ywUKy8UbcDChr6+i0L/QxdLd09n+ZR+xNWx3K7iyo6yrYDZ83aFxr685I269MpbdleVAXsff8Qpwsuc5eu9Bs8jMCZs/B3bxprpZl7iT94jOt3B7FySyQjGvWv4WjCFk7UehK6YqZZENmi1DgOVAwjLMS/zbeX/aT1FQgEAoFAIPgf4/4dLOoc3gjfwXcmr320s3NE8fAYfrcgiP73I1tzja8uwdCh9yXlvij6IgNGBOAuU7MvPBzd7NdY4OX8H9PnP07tTc4W5uFZrWtx/WReHp4BhusXs/Ko9dYx06owHVey8rjjrbN49+aVHAqzoA5dO+XBzYtnKczyog5aLrjPJRAWc4LQBD/u2Q1Se5Pz2XmopDJktibXtVpwV9+rVAO6avLz8lCRR8/sGbj7NS2qqvKOkZadB1zm29ofz8HybeF58opuGuqmVaPWAMa6qrW9CdBZt1mnUV9Iyv4USswuynB7bBqK2kxWh8WhQoH3cB3p+2M5e13HzlB/s9QOnkOxv55ESlw8Q0ZtwqehQ9Tn8nZcCiWyQEL/w84VAN3N62Tn5TW2M4BarSYrM50vKzcQOc29YwJrzrFaGYMiNA7Pe357Sg17XwklRRHKwXA5tTe/Ia8wk4m60HuU15w6yoqKuG5rC2hRqzWN9ddqtXiN7mZ1LHcE3c3LLdoXGvpzG5k7pS3bR03BIZZH7UcNKIaPxcP+FplZ6RRmp5O/NJbQAAVQxt8TUyhBwXDPB5v9Addx+Wweheo8Nh8YwqbZno13bl7JIS8Tbof4W397z09YX4FAIBAIBIL/Re7fwVJfReaRIxQ59qOfveFS7fXrqG32sPnvSs4cDuXe3BFq4mZMYPPD71AS+59xsKi/eIOgBR/wzpkc3Kmn6IMjVE9aw4L/iDb/JRgfAttave7Esr27wK4dyyIpdO/WDYD6ejDx0xkeOEslSDogTyIBZN3oZkmgreGfbhYemrcbCdwF/F/aQqhP5y/OG1TLOZ0DfgGN13Myzhp/68r9qN8WPiGbOBhi+L0mN4GQ6LMo39mJX2NVqzhvxWadRkU514GpEbsIGWHezud2HUaFHGVCLH5OcCohlNj0w5xb4I+5SVxYFhlM1ppk4ndk4rPC4IDJ3LGVEmQsem3JPb1KudORAMjM27nqHJFLYsg7/Cmqae4d09PW0EcbbHSvaO+CrLtBhpNPKHt3LW7XkG4XDj6s37PH8Hv9OULnxeDRbEydu0zrY7kjWGrf9tJJbdk2ZezeuB81cuZHrWvcHRhq7AeZ8W/j67UJH/tvKdDAWOU6VliojKQroIaS5M0cHbeTKQrj9ca5tA1+svoKBAKBQCAQ/G9y/w4WO7gDzN/6d6ImNLhS1HwY/hR//OBvZFeEEnSPGz40d6Cfo/19q3jP2ALYY9/wvd4RHO0NX2o1GpBK/1OK/eeRSJp9Abe1p2vjhyoOrl2LNngdIT5OFB1NYFNiOmpA5jqc3rWX6T5hBZGz+yKxhcIvdqCMyaIMkMq9eT5ciZ/CdDFlLq++7BSxG7eTrdKAVI6rYzU3e07hz+vnAV1BfZKYVScpLFEDMgKXrmJu77O8EJ0OQEzIKpQJm+idk8CmeINeICdw0fMsmeIJVLF31cvkD3mJTSE+HW6b0lMH2Lo9mTINgAz/+S8ROm0EUMWByLWcxp6bhSVoFNNJiJ1H4z4VCegAqUyKOus4BfUBeNoB9QV8mq3G1duVkuzaeyxnFoUHYolNzjZklg1nacRyAqycldJpG34xv27dZmWkxiWQlFloSCyVEzjP0K65eyN5r8wFt1vHyCzRGG0TwRILx6qqvr2IBhkPda2mtOBb6D0QF7kDUMX5k2UwfBENG3z8Hp9CbHoSZ/Kr8PEzP7Zk5z4bZeBpYtPjOFTqz0wOEZepxmPOhsbFJzVF7IrZSlqhCgCFdzCvhM9GAdSUZrJjaxJZZYZeIlV4s+glJf4uduTuXc+OCxLsr2dTopYSHLWBbke3kZRVYqy6N4vClfgr2ukYMG1nJx+mjpVSmAOW7fkYObu2EZ+WZ0gv82DRKiVT3GFveAxqIDMmBNX0CNbP8+BUq7avIWPXFt5Ly0MDIPcm9JVl9D4bQ5pBCM9cnc7r8yVEbfyKpW+tx/YT63Zsfbx7YpFaHXcBdM33qlgey0sCDDt6qnJT2fRmEiUaACn+88MJndZKGRj6rSVy90byZv4Q3tpkGIs1BYdYvjGHl95Rkr/WvC2DSW4l7XpIad4f3uGR74+3S8ea3E/J1ID3olfMj146+RAWMZ2Q6BQyvkjjo727UANZsSEo88OIXWI+P+kAZHKkahWJG3fhExeC+YiA1sdo32Z952WGZP8V7dw/E+Lj1KKtrrbo/+2vr0AgEAgEAsH/Kp0X5FarNfkg4/HZgdjY3OBSmRq4zL6ohbi5ueHm5oarVxBvfJgDgOZyBsogr8Z7c8N3cw3IeVfJ9hs23NjzLF5z46gwK6yCuIVBLAwPZ4arK25ubgS9EEfGkTjGGz+PX/gmRRpDas21L4haOL6xjBnKd433KoibG8QLUVGNcryClGRcA/WZOPzn7MDG5gYLRs4lowLs7OHLf7zODFdXPD2NaS9rOq0Jfy50BfI/2kFcXFzTT+w+VCZpbl9XcVunoyZ3L2sS0+nqHUxEVBijKaJEpUZVUQ0YnriWZWUxYE4oEaHBOKqyiU34B/XNymyQB6XEKmPJvuvO0ogoQqfIKVFpUF+vNa5PJYCa690nExahJNBVS3r8VvIHPMai6R4AjJ0fjIfkFJvi0+k9dSkxsRuY432X9MQoMqsM5XXr3pvu9pZXZF2Bq2c+4WhqKqmpqaSmHiI1I5d6oL7oAGGxydwcNJWwDVHMD+xHZlI061OLAKi9rqKssASvqYH4DxuAJfeh7+NTkFHIiTyDMlXZxyjBg0fHDsHwfLnj5Vw5sJbY5Gy8g0PZsCEMf1ke8WFrOVfVbrM3Ys1mGRuVJGVeZvrSCDZsCGOq+13SE7dzqga0tbcoy04jp+cUwiJC8VeoSY+PJ7e5sYHiwmJATfwaJWFRUYSFhrAqIbOxX8geNFmIO/Yx7vCwfN7Db8lLeAP7o1exKno/KKajnNlw7EZFwvI1pBXaMz8siihlMLrsZJSRh6ingOiwOLJ0niijNhClnEPvsmzith6mBtDWqlAVZlM7yJ/AsZORZW8jKesmc8I2EBO1lEGqbOJWv0d7m/huXT3U11NfX4+q4CgpWRro3YNutLRnYcJa4tPyDPaMCmVs10IS16wlU+XEuBlTAfCYuoinJ7lSYMX2uXujiU/Lw316KBuiljK8Opu4sG084DUeOSD1mMrzc0cjqatArblOHdbt2NZ4t9yhrN1oOZZPVUF9aSovRydxc9BUIjZsYOlUdzKToticWdaKLDVnDjeM11QOHTrEubIaALS119Fcv92YUld3HbXmOrd1Lduy9bQt+4O7/ni7dayrrQPkTLQQc8dhxGg8gItXbXh6aWCjPs9OdmtZzbsgH7eA8DkeoEoj9lBBiyStj9Hm9R3I7Ztq47xLi7a6n/oKBAKBQCAQ/K/SKUFuuwManQ7QoNGAtuYSSTveR68fzAg3GR8pRxKR4siKLfuY5KrlyDureeePqxn9yB5y5i0mpfdi9qfNgfz3mBu2jmWuw0nye4zB+mOoJr/Am89NanEGX3OtiOPHL7LozztYeudjlq2LZfERGYv/vAPPGx+jjN3OrpNz2BhQy+oJC0hhOK/ueBuP2pO8snwjQaVavjw8G01VEUf3XOSZV9/hFfklNrywmcVrffh652zeWJHDstjjPBX9PMOdIac75B88yKxX32G1/FtefWEji9eP5OudC/ilbWapvl5C8R2TlZHupsV0+V8cA6k/"
11:15:14.517 [Forwarding screenshot on session 7836b5d0-bd7a-11e6-9730-e5ec4f8847f6 to remote] DEBUG org.apache.http.wire - http-outgoing-0 << "keGzkQMjNq2kZFY0Dal1d0E6NpQVMw3HNxbkf0rMmevctigNas59SjYQvCqSAHdghCfflz1D/MWGdZoOGMvrkfOQA8PJJz36LODEqGEKSLnFhEk+OOlOAXDz2iW+rXRl0nOvMfQmPOQE4MTMyNhW471IgJLMZPP4IPJAxgWMoPjYF4A369aHGOK8uEdQVzKP5A+OUTVtlmGHythQVoT4W5BscJ90GzCayfIUUjJyWOITwLmMTPAOxat3cWO6vA6VU0XCwjhQTGX2I8OQ1MGMZ4PJjE7mTGHLXR9t0brN6hkwcSlLA1wJ8OlHlaoCD/dBpOWp0Oka7DOW18LnoQA8ni0kM/ost2uheeRNW/vuIPdGGb4MP2cdGe/FEp8ex/tj/mJYdn9XY6qR0e3UGi4sM+4CKEHO0tebdg3VFxwnXQ0ewXMZ59YbHY8wd+ppYtP+wenycUxftAiJpx8+zqCq0OHtAWWXK6hrlO1NeGQoCiB3rxLQcvlCKUPGjSQ0ZgPVkt4WdhBYQk28ch7xZtcULH1lFg7UNrNnKRtnqZCODSV8tsEGK96QsDAklvSTBax/fBjyuDTkw/zwVOhI+LSkFdtfgKMl4L2UyHkGOWHr4P2T32P/kB+jZImclA/Db4Q7VeeOAaa+EMt2bGu8d4zWxjLkfXoUDTLmPfM4fbrpGDBjJmNP5pF1+Dg1/vMsxmzJTE4y++zfZxw+ioaUpl4eSeO/LmNM29KBc1bSGmjqD+cSQtutY3X5LUBFjcWAM31xkcFlZHiOH4U8Ph35MD9GtBI/qLoOPEOUBH6+hPT9m8mYtJM+kob9hdbHqHl9dRyzWIJp/e+tvgKBQCAQCAT/q3SKg0UKHFwWwMFm16e/uosJMg1fPbGFLTM9eHLCQCquleM1cjgcKUFXb3zmfOUSuYVXeXTiMtJSgrGVD0Tm7EZgPzg8wJcA36EtytTdAdmsbaz+fQAwgCdfS+Hc/DeNn904tjkFAHXOp3xkY8OK5CQWeMkALw5QxoTlf+NUxexGOVELggBYs/hvLPigiErm4ufza/T6azz+xAScqWhMu7Eh7fwkFqSUUgn3F8z3Z8ZdYPzSN1hiGvDCGEehORJJV9DcMtlb4MoQGVxv+KgFd8+BJhkM/7T2UNsgR0qf3k3XZD0doXED1V2Q2jfmrzXZWGU48nIXnQ5w8uOl+efZmpROXJ7h6JB8+FReWh5CW3FP1YC/MoFQC46JBhdIk/52eAyRN1W4eX0t1dG2L49O8SAl6RSlNX34PA8CI8Zg/31hi7TtKqfmKmVqQJ1G2JI0s/xXC4uhgw6W1m1mR9/ecGBrGPFmXUFu1NNgm4bDZQ1HkCzZesTs9Ryc3fQ5YG4g76UXkp9djAcge9BUZ4nJ8TTLOIx4jEBZCie85hJgEtCkttrgyitMjmZJsmkOBRJbOY7ai2xWJmJeHYlJfXo21mfEvFcILvsLySmJZKUASPEOfh7lbL8239wCELgojDFOoNXpwL43HiPcjYvS2mb2vIkK8B3jYVJBN0bL4MTlm6CVNB25qSm3YvvruNqCrHtT69m5BBDiAlBlHGuWdgW1bsc2x3uHaH0sG0pTkbimWdDdrrWtBMWVoUzY2eGujra140ut6dvUHzqiY+8+PQGp5T/I9SVcUIOjpH362KIDnFgSvpSzynjiY/eyyKWhFdsYo2byLY1M05F27/UVCAQCgUAg+F+lUxwsGmCSMpbnfHqi1WrR0h03jxEMcjbs6xgoh3dWBqG8aGOSazASnFkWv4VLK5ezSXmcTYC+ry/Rb7/FIOeGr/baFuUBUAujHm4IotCTBx3BZ1TDlml7HnSEaqD+Tg16vYxfK2SNWR16OgLGr4+1MNbHtZlwO2yBei3AHbQN5xKap7VrSvtLQ9f8C36t5V0EOt1dMDsI8y2l6qYguTrA3sGxg6VrqLxZD06GZav6VrWFqLtWkEB9VRE3u43i9YOhSMqKyDl+gPiUND4+/zgr/NsTUtTycRRDfc0pv6YCPNDRvvrqakExLhBZUhy7tt2hBA8WjrBDe+4ey3Hog1wKhZ5LORhuDJxbX0bGpwX09vJoIactWq9DGTvWxJMnH0tYzB/wcJHDuQRCYs5aSGuNKg6tX8uZ/gtaxMCRP9QP+/OgLimhHh/sgPpvS1ABo+zbDv/bvJtIjHkCwxJYYowzUVN2juM5dfQp3sWqpExcAxfx2gwfFHInMjc/Q1zLUxcGrYu+pU/AKxwMd6a0IJuTqftISd7J6Uf88G9zYS9nmJ8PI1pZhZrb0xEn4MzpQkL9jH21vpwSNbgP7gsN+0Uk3dqwvRunj4FW29SX60uPEh1/kacj5hqmXkuvUbZCW+O9s9Dp1IAHUQfX0xDho+hUBqW6PvS4R5mSxv8tjO1mMaespr0HHZ0GDkZKJu/99SgB4VPM7uUeNuyWCxzlAbR0sraKIoCI+acIS0ohsRCQe9DuMSrpBuiQAHdMphprc+2PYROBQCAQCASCnxudEoPlDjBgxFh8fScwYUIAARN8G50rcJnXn1zOEZ7ivbR/klNcTM57i4y5KvimDEJ3fk1xTgb7tq1lTO1pIl7cbYi5UgvYWf42Vw84K+Rmn+1MFliNYR209djYqFGpmmKl1Nca4gHojOlkPXpar6Bdk8w20/5SaWUdNmzyo0AWr248QG7BORJWbaQQmu04aL5I0Zn9bh7781FDPI310RzNLSBz73riszXNBOosL3t0OkBN4dkC6m+cJT4+ls27MtE5PoTrgAdN6lFDRsJGEo4WWa+zBTx8RwPZ/CXuKGVVVeSmbiYxDxRTJpi8Caatd8PqwGkUkxVQmF2CzD8Qd5Ncug6XI2eYrwyy3yMho4CqqjJSd2wkPimRbCuhMaxra8lmddQC9OzPwH49qCvKICYmHehqkroV25jhhD0qStLiOXCqlCpVEXtjEtEgxWvIECb9zhtKktmWmkuVKpdt25NBOpZHR3R0ewI4jJjMcHluUE8AACAASURBVCA9fhuZRSqqSk+xZXUMSUnpqI1TT89+Cpx7SMg9GkdcVut9rfjTncTFrObAuev0HuhG354SoCsSCdSXZRK3fjNHi2qwjHFnlVUaErjj5y1Fk5XIrswCVGVFHIjZSgngPqQvDYKunj9OUZnEiu17MsxXjiYrkb2niqhSFfB+fCKFJbeQODjxa08p6vwvOFWksqiLJXXbN947guVyPCaMAwpJ3JxKqaqKgsxdrImNJzH7Zrt2C5kh6Qqas3xyqpSyogxitmY2aWzWllXW0zbTt0M6KqawMtgDTXYiz0QmcKqglNKiXA5sVhKdXIh0+Hye9el4/3aZtpzghmcCd6HNMWpW31tgC9n73ie3TEXu0bjGudbSeG6rvjVFR9m4Po5TZQ1/nVvOs6UZu9iYcJTWRolAIBAIBALBfzudsoMFaBbk1pQ7hre09HfFdWAvar76iLULdgDu6LjF7heWc8R9Pvt3LuPhYR6GxeFAZxxwxnOSIzsy/0HGNFcChlo6hNNamU04j5vOJH0Sry1djeveP+F665/88YUPwPEpXJ3htEU59WgBW209NjY3yDmew7gnG3bLtEz7S8PyYkmCzOyToaUcPGcTp9Txp9hkorNB7uGNgmycBvc1S2cm3bZb0++OhiCfTelcCN8Vwea1b5IYHQUyV1xlUHK34Yt+V3Ds1szfY9DYaeDDKMgkLT6KOuXbhE69QFxaHKFpcQDIvefwBz85UMWlE9mc0E1kyRR3zLF+HMXJZwkRc2qJ3p+IMjMRAMXY+UTOM7zdp2V9zelKw6YBB8YFeZOSmM2jk0eZpJDRTdLxcvxDX6f8znqS46NIN17znhNGiGdbG/e7tnitdes2c+fJOd7k7U8mdJ7hvI3HWG+kWdnkF6rwtWKb5kxZHsXl6M0kx4ZhkCQnOCzS8OYfxTKWfhNNfFI0WUkAChZtWIzCoqS2cCEsJpTo6DjiGo42SF1ZtCGMke51TPc4SUpSFPOM5Xh7K8jOLqS4xqi7SX18FqzAv3gjyTENOkvxXxSJnwNUFRaSmZeFduIfmGLxDJrM6uvDm7d5QPgb3Fi/kZS4KNKM+aeGxjDb3QFwY5yrlLT0JNbX"
11:15:14.518 [Forwarding screenshot on session 7836b5d0-bd7a-11e6-9730-e5ec4f8847f6 to remote] DEBUG org.apache.http.wire - http-outgoing-0 << "ytizwortPcO5emsjybFrMByqVDAnYhnugMTLC7KziF1zizURLjTZqnU7tjXeW8NyL7AylkeEEDW/jo1JSYQZOgEyj+lELLMc28iai8dnxgKGn4xp7Guu3sORZqsM84lTs7Z8tvW0kmb6dlTHEbPXE9EtgR1J6cRGNVhKivfUpTwXEmB0ypjPs82xb1FNB2avUnJ+SSwlXaGtMervZ1rfUN6YP5UTcWlEK7MAGQoZlEkajod1sL53r5Gdl4ntt7PwU8gBXYt59sY3J8k+40XdkiniSJFAIBAIBIKfJ/r7pTpdP8XFRf9qelmrSU6/t1zv6ura+BOyarl+pDFP2T8T9FNcXBrvuYx7Xp9eelev1+v1F5JXGa65hOjzzSR+p399pIt+VWOZ1j9X5yfr54w0KWPKcr3hVvN8ev0/X5+id5nyZ/13er1eX5qin27U7dX0byynHWdMK7BI+dk9+rB1f9NXNlxQn9QvCw7W/+Vk+b0JVH+l/8vyCP2REo3xgkb/t7BgfXDYh3qN1YytoFHry8vL9ZXqe8rdDrmdK/Z+y9FUVurLy8v1nV1dM9SdV4a6stwgy8I9TWW5vry88t7sboHK8nJ9eWVli+vqSsvXW0NdWdlSL80F/brgefoPSzq34TWWyrKa1rJdWpWjUevVmvbr3OnjvS06cfwa7N8+OR1J23EdNfrKykp9ZWXn9e0WdGSMGvVvv/o/0pwqEAgEAoFA8DPARq/X638ST466gms1Whx69UfW4pU7GiquVaK1daC/c7Pncxo1amyRSe/3PT1WyhD8aNQU7CUkKgUUwwn0sCc/PQsVCkLjYmlXqJPm1BcQOS+KQuSMDRxGbeEJ8so0+IfGEup/b3sYBIIfm5qCA0SnSogIn/k//WS+08e7QCAQCAQCgUDwM+Knc7AIfrGUnTvKB0dOoLqjpafrKKbOmMEIeYcjJTShKuDAwVTOX72FbfcBjA6awTQf4VwRCP4b6PTxLhAIBAKBQCAQ/EwQDhaBQCAQCAQCgUAgEAgEgvukU94iJBAIBAKBQCAQCAQCgUDwS0Y4WAQCgUAgEAgEAoFAIBAI7hPhYBEIBAKBQCAQCAQCgUAguE+Eg0UgEAgEAoFAIBAIBAKB4D4RDhaBQCAQCAQCgUAgEAgEgvvkgfuWoM7hjfAdfGfX9BpOOztHFA+P4XcLguh/P7I11/jqEgwdel9SBAKBQCAQCAQCgUAgEAh+VO7/Nc0VGQT5LqbIsR/97A2Xaq9fR21jg36YkjOHQ3G+J8Fq4oJGsvnhdyiJDbovFQUCgUAgEAgEAoFAIBAIfkzu/4iQHdwB5m/9OydOnODEiRPklHxJzKzBkPc3sivuXbTmDvRztL9vFQUCgUAgEAgEAoFAIBAIfkw6LwaLVmvyQcbjswOxsbnBpTI1cJl9UQtxc3PDzc0NV68g3vgwBwDN5QyUQV6N9+aG7+YakPOuku03bLix51m85sZh6qf5arcS1/FKctRN145EzcBr4buogYoz+5jr5Wooy9WLqH05jelyPnyTIFfXFuVBBe8uDGLGwrl4ubriOsO8TIFAIBAIBAKBQCAQCASC1ugUB0t3QKPTARo0Gg3qiq9I3PE+ev1gRrjJ+Ej5/4hIOo8ydh8pKe/xwtg77PjjajLUFcTNW0yK9Cn2pWWwL+YZzhxcx7J3c3Dze4zBej2ySc/z5suTcDApb+hYH2xufETS8cuGC+oviE/K4+GJftgW7ePRORF8O+oF9qWksOWFseyJDCb8yGXUZ94gOGw70sXRJKelsG3VLM4cXMfbGQYXi/pCEfnHzzDlhcXMH/9rszIFAoFAIBAIBAKBQCAQCFrj/oPcAlLg4LIADja7Pv3VXUyQafjqiS1smenBkxMGUnGtHK+Rw+FICbp60AFcuURu4VUenbiMtJRgbOUDkTm7EdgPDg/wJcB3qLlg9ydQDotg866PeePJUMo/208e7ux4bCjnEldSTT8ilHNQdNfhumAxsw4f4YP4j3llWxAxMV6M+X0QvSoqsH/YFZlej9QoVgfIZm1j40oR80UgEAgEAoFAIBAIBAJB++kUB4sGmKSM5Tmfnmi1WrR0x81jBIOcDa6LgXJ4Z2UQyos2JrkGI8GZZfFbuLRyOZuUx9kE6Pv6Ev32WwxyNjpf0LYoD2Q8EfIUm5fv5Pi133FpxxEIiibAGb5Aio3NRcKmTzRJbwPda9D26knlideYGLbM5JaJTrUw1se1M5pE8CNweucptp+G51/3Y4yVyMmaCxdZFV3Joh1jGCZtPV1bVJeWUyzpzShFpwwT62VlFxC25Tu8FnixNLBHO3PV8/7KU2jn+PJ/3t06SRPrMqsvXObtuEtknriDuoctI/368H/Pj2KMon3SL2RehpGDGOLYSeoKfuHU8/7KL7gwcijr5vVpvHZ43Wn+ftWOl98cwyhjX9PkF/Lya98h76WFCe1Nf5M/bPHhu12n+awCzKeTH9DIHiR6g6dJIPd6ktdZSmtIj3Nf1q31wFL3P3/4SxL2XufLYi2yPt3xf9KFJc+74YxhTns5uoIlcX6N+jVg7Z4hQQ35F2HYMLEnUyAQCAQCgeDHplOOCN0BBowYi6/vBCZMCCBggm+jcwUu8/qTyznCU7yX9k9yiovJeW+RMVcF35RB6M6vKc7JYN+2tYypPU3Ei7sN8U9qATtbi2UOenQ2Y6gm/s032VkELyx4BABt/U30+kkkFxdTbPxJeTeWPy8PojB2HhtTbrLq3WRO5xRTnPMeffV6sDWUUQ/IevTsjCYRdDaaa8S+cp30A9eJTS63mrTmagUHU69zteY+yqu+SrDXCXbn3b0PIe3ns/cu8HFKJes2XOxA7J9/k5tYyWnVvztRk39zIbGSLy3JLC3kUd9/sX33bZzG92aMAj5+u4SZQ4+S3g6lqzNPM3n6eYot+UwFgnukpuA2iX+53DRuNDfZv7mC9ANlHD7XNAl8feIKqenV3C3pSPrb4PBvCv9ewce7Kzh94pbZz5ff6jD/C/Vvbl68xYkTtzh9opLk3RUk764gvSFPXp3FRwb5O48xbf4lUnNhTEBv+mlus31VDpMWF6DBMKelppZTbiFzTXkFH6dct3gP6tk69ShT3v2u3e0pEAgEAoFAILh3fqQgt6bcQQ3Q3xXXgb2o+eojlAt2AN3RcYvdLyzn9ws3cqbGnoeHeSAHGOiMA854TnLkeuY/yPjqWkuxUi8Wzncn/6OPqHZ8imBfwzPE4VNnYGNznNfC91F0rYKcI28y/TklfzyuwrYeYCAD3dxwqC/i3fDV3LCxoeibMtOKdFqTCDqP0iOlnPjB8PsXmy9RaiWtQ3cJ0AXLrrl2YgdqwNH+vqS0j+qrvLfHUDmb7Ct8mP99OzN2Y135NN56rJOfTDtb9mteOHmDq3ThrXMzOPD2eN7a8xhnDymw+aGG1JO325ZrB9CF7j9Bkwp+KdgxLrgHlFbxTbXhSvWX1xvniqNHGhwL33M2owbGDuDppzuSXsFoR7DtAXo3BZ/mzOBM489MzuwZ2Ww3SjeW7plBQc4MzuQ8zsvehnynGtInj6Ll5rs60vZWoh/3ELkXH+OtN8ez+9gM3lrwALcOXuTzCkDSBbClu3Goa0xyO/v7UXx1Bo+1sqtPcxsGyMSgEwgEAoFAIPgp6LQgt60zlAWvTsfm+CYmenoycboSnpqOI0WczrNnze5w3IuSmDtxDF4T55JiH8SO12cjBTzGT8Hm4kEWP7mWryxIDpg7H5lez5iFv2OQ8Zqz70qS1z/DlQ8imDpxDMHLttN3kpIjUUH4zFUyhtMsC/DCc8xUkm4Px1em5/SZPMC4/hP8F1JPakI5ejcF+5P6YaMq5/3MOpP7Nby/8ij9Zcn063GI4NVXaDr9VsfhjcfoL0s23PdKJznfkLc6O59HBn/Mgmc+aby/5K3LaKhj6+/OUPYD7JyWyoK3Wjr4qi8UEzb1cGM+z6mZfHLB4Bg5/VY6T7x4jrXBh4w6HSb6cGWrtbuQeonzdCE61YvALvD27ib3kUHHT3j5xfTGsmavLDA+fa/j3XmfsTWzDqhj6zMfs2DlCZ7oYUj3yOLzpH9yHl/jZ99nznHBuDI7"
11:15:14.518 [Forwarding screenshot on session 7836b5d0-bd7a-11e6-9730-e5ec4f8847f6 to remote] DEBUG org.apache.http.wire - http-outgoing-0 << "/8E5HjFeN8jMx4Ib04xbZXcxTBlNu1v6B3oQ+Zwz/Rsck9XfEfPMx41yn3jxS0qB6tPn8Qsqw+aH73n6ofbteBEI2sPg8XJsfqjjy2/qAcj9VIXerQ+RL0q5mnjD4IzV3CQrHSY82Q/PDqZvPOrT41cd1Ozfje76O22k1N4G7H9l4t5/gOBQD2Y9058BRt+IzQ8adv7RMA+4yZJ5wjgPVGd/if9vj/PPiob54jBPGOemoNkZvFUMZW+fwTP4PBXUNc6V/WXJeE7O5JPS9jp0BQKBQCAQCARtcf/BJWQBHCkpsZrEd0Esxb/7E9dqtDj06o9MCmyMNd59jiMl86m4VonW1oH+zrLGfO6/30jx439CjS0yC3Irrl6hGkee/p2v2XWvuVHkzFzBtcoabB164SyTNghkX8njVFyrBNPrRlbnWK+H4D9EaSkJWTDhDVcmzviB8V2u805iMSv9hyEFPlmTSdi7Gha+48uMPpU8H3ypMes/133Osjc1BG/yYtFo2LMyh5cmfE63r57A504tX6s0FJzuReKx32J79hsWrPoX0r6BvPDiQ2w6eYXAPw3l5Sd7N1OonOd8c/jCqw9Jx9xxuqVibfAFFi3/im/SRqKt1pCz+zYVC1zZ/6kj6a/l8M6z/yKwfApjWgRmqOPgzkpwUTDT342ez+TyWeJF/hk5mImOoL1Ty9eqOgr22LI1dSxkfcPLr39DwjQXIvzhZq4Gje7fwK/QlGlITynn+cTf8kLNFRYrS5h/sAsvvPtbht64wrLIK+xc4MGa7gVMW1SG18qHSZ3tTPnnRSxedYG3ggYRE9j6InLM7MF4bszlZZ9U/jyuF9OCejNm/ACWvulvTFFD9KR/8k6pA39O/S0P68pZFXyJcbd/RckeD/78WhWLI28zL+43jLASQ0cg6AjSIf14ossFTubc4qUxMv75dw0DfvcQcx7vxrptl8kuA5faCtJ/gOj/54R0yK86lL5xV2PONRL2OtDf6GDU1tsy6Q+DcbES58m22f+W6cZjob3YrizBp8dlJsx6kHH+csaPc+Gttw1u/wZ/5Gd7YGvqWB74sohlkd/w9jQXXqSOqxV3uEPDfPE9+ooeLF8pxbafA/8+epHr0x7irWUKvt3+BX9MvMuG1In4da/m9YBcFj36L3IvjrGws0YgEAgEAoFA0FF+/OidDcic6W/JSwKAFOf+/Vu5JWvpXNHkoJwRwkcX1TB5PY9ayiqV0d9igVbKEvxXcvpACbfowqwgJwDmLHqALxKLOVI2jBmKGk5/oKHHi79l3bwBwAAOvXcHn2dvApV8uFlDj+e8eOt5NwBiDv+KzIf+xYGj5fj82iB/w8eTeWwI4O1E5EeHWffXEtb9vQ+/6XKFh8a6MMql2d4mjT2L3x3KMh8XJvaFazd+4NFpFzh/uq7xSbW+Sx/+9vYoXIARr1aQGFROVQ0tIl9qLhSzPRseiR2EIzAueAA2u6+wM/k7Ji58sDHdn88EEjwE8JeSuvEYaqNTxRTtbejxnBcRTw0CHAh+5Rinl40yfu7BsVfTAbBTDOKtRGfGPuVGr4o67H/TnR5dLAXlbIbLYD676Mhfdxbx4YHv2B5ZyXYuoJf3IPHTSfy/qmK2F8Mjm4by6G/s0eLOqvDrzN9YzOcVwxjn2x19Fw1PTBsgFnOCTqQXj8yClzIq0czVkFoK0/wfxNG7C6Mo4bNTt/HmJvouvfAb8sA9pDc4WGx++J63XmjaS6nvIiXpSesOFktoquuorGnYBfYreim6MWrhZM56XuSv718hdU85Jw6Us4lcFAuG8PHbwxrzbjCZB9JePcaFr9XwG8NGVFMnzoYvJvF/wx4A6tFuu8iHA/sQOOZBTp/5N/AD33xZxYig/rx+xpGVtt3FeBQIBAKBQCDoJH46B0unIqG/68NMetgP5Wtz214YCn7GVLJ/Zx02P8DLIw7zsvGqDZC49xozFuo4WgHjH256441tw5k1dR3FwO+DmhwVOPZimgvs/6YWjA6WnvYNNx9gpL8Udmq4U/9vQ+wgnZYWh8ekDjhpq3je6yvKfjC57t0Q9+V7cH6g8eictt6ol4XanUi6AkC68gT9lU3XP4u7xLWFD2IL6Ls8gNyp4U5XBjsb4sO04A789mGHxnTOzjDGp+GNRLY4G/NJe0u5+cV5Ri/KsSSlVUrzr3Gre2/+L3w8/xduWCh+eayAl5+9wqLXL5E723D+KH1VFiNXmWTs0g3bxnb4vvVwTQLBPeL9SC947iafH73FVboRONIOkPP7QFjz2WW8pLdg1m8Yco/pwRBLJTfn/nd6nFj/CQvebfq8rXgabsU36T5yMBFjBhPxNlSXVfLx9n8R9vYF3p4+iBclhnlggMk84OYCu8s08Btz+fouUgYMbPjT3nBMyeDQGfOyH2svnWJ95Fe8H/kV+i5dmPXGKDY9P0j8HRUIBAKBQCDoBDovyO1PiXQoK9/Zx87YUIa2uitG8L9AReZFklUQ/I4vn5+cSOqxiXx+zpeF3nB+YxH5zj3wd6YxngKArcS4uJDZ0R/48IjJGzQ0avJLYfxIgyNC38V8CBQXaEAhbYorJGnpFqk+fY5pL1xn0IqhnPj6Ma6pg9nxXBdoR5xXc8rZs02DfrorqecmcuTYeI6cm8y2PzlgU3yd90/XW8zVmn9CC8gf6m722a77r8w+A/wz5jjr9miJPDSeL68Gc+2qL4ougMRajIk6/joziydC8jDGBkXq2I0xM3x4aRrwr9uojWU9n2pok2vqYL7O9eXPcUN42DQOr4i3KehkXPwUDKCC19aUQ+AARjoCPIDfjF7YHLjE+t0/MO/xPvecvoHO8A36LJvIh8fGk3psPKnHJjOZMoIezSL8/aZ5ylHRiz9sGIqii3lA2+a6WI5/9r25oncAO8PYrMi/zcBgP66pZ/D5sd8S/owtB1d/aQikKxAIBAKBQCC4b36eDhbBL4Tv+XRvGfouPVg0bwBDhj3IKO8HGTJkAP/3vDM2P1Ry8BM9o4O6cHVbNvHp/5+9e4+LqlofP/5hwGFEboojJJAiGt4I0Uy8a+El83aUUk+l+RUtTSM7plZqJzRT81Rkapn+yltqkkfFw1HjZCgppIAcvJEgEpfQCeUmDSPM/P7YI9cBVOx0e96vly9h9t5r7Vmz99b1zFrPukp2ymWWvJSFMjirFY89o+L6xiRWReaSnX6Vj+acJMYI/n7K2h9WRiOvv3qShKwiYrfFMH8fjJrWBieD8o1vSnQqyeklFs/OrZ0z97W0JvaL40zfYATnqluNDXbGsiMvEWWEWcEd6e7TCt8ebvj6uDB2pg+dVbB5U2oDJVhyG0s2lwI05X7v5jgY8vhoXjxZRpTpBnWy44mFzljFZ9An6Dh7o7JJiM/k09Ao5u+D7s964h3QjpEqWPdSHJHJRehSLjN/aByvzE7nmga4acTKWEbCkdw6O41C3BUPN4ZpIesKjBpbmZjWp68Hzipl9Megvs53vb/BHDy909igocbfAE5erQjo4Ub3Hm507+GCk7YVIX0hZu5RngtN5mhsLrHRF5n/mJJou5Nr3bU2lDwX7Og6XEXmkQyikos4v/M0wWO+5qPoAtzau3C/VgXYoJagpxBCCCHEPfE7nSIk/hQKfmTHbujyQnt8a2zyGt2eQJWOjTuyyNn6CJfyv2HpuKMsvbWDeWTK2DWP8IM+hpUTYwhD6Ti9tHMwz/vaoos273smg1Gdlak6/eZ0ZdXTLoA14wNVhK0+z8RCDWdXe1fU7RTQkQVjslk5K4bwWWBS2fHEFDt2b7219KsNeDSp0Rmrfasd3pGDyVXLEwPtqm9wastzz5zmxa0ZnJqgrXWsmspvtev6ub7fH57ckf5rzzDdLwIAj6Eu9HPN49hxHcx0rHXcLb7TBrHZ8C0hr+bwwuGcitcD5/nxQYiS1ygszh/9xESm9z0EgMnVgQ+O9Vc+P28t/qocwibHULxnBKGBdhZqEeJuODDgSQ0b15bxWF+Xype93JjklcQ6Zzd6au92f2vcu4LFpewa4KgBnK0bCMw4MP+fA2DOd4StTuHA6hRAea4s3NOHqb62FMRaY+kZ0trBGrVt5baqP9/SqX8r"
11:15:14.518 [Forwarding screenshot on session 7836b5d0-bd7a-11e6-9730-e5ec4f8847f6 to remote] DEBUG org.apache.http.wire - http-outgoing-0 << "rDbnMrm/nkMZAQQnHGfpqCMsRRnBF7yhH4FOtYoWQgghhBB3wcpkMpl+7ZMQ4l4o0BVRjBp3be0Ft/W6EvJKwcXDruLbal10LH5jfmJnxkgeNhRRpHZAewcdDaU+a9y1v8dAQRm6rJ/BoSlapzuNs5ah0/2ModQa+5Z2OFlI3qDLKsJg+3ttGyF+JfpSdEVKAmuthedYY8otwBonjXKvF+hKKK7xPBRCCCGEEI0nI1jEH4aT1oG64iMarR211o66aQQMFBtAo3W4445GffX99tmg9XBoeLe6jtXWf+zdly3En5jGFu0vEfHQ2FZ7Vjlp7X7Hzy4hhBBCiN8uCbCIPy0H79bMesEOT8k/IIQQQgghhBCikWSKkBBCCCGEEEIIIUQjySpCQgghhBBCCCGEEI0kARYhhBBCCCGEEEKIRpIAixBCCCGEEEIIIUQjSYBFCCGEEEIIIYQQopEkwCKEEEIIIYQQQgjRSBJgEUIIIYQQQgghhGgkm1/7BISoV0Euy+adR6epjAXaOtrRZ1xHxvZw+BVP7PZlx1/k088yiI4pphAbOvZryYQZDzLC1w4AfcpFQpbpeO7DPnR3KiE8NI6P/3kdHmrH52u8yb0Ivr53/l6TIxNY9s4PnMlXM+XV7sx/0q3BYwrizzL//av4T/Hn+UDnO67zl1XK9nnHMUzqxdQedr/2yYjfoNhNx1kfCzOX9yFAW/d++pSLLFiWR/AnAfhq7r6+gvRc0pq0pLvHL/VPaSnhobF8pYOap6nX2/Lc6gA6514gZNk18/Pj7uv5pe6tX76NhBBCCCF+O2QEi/htM+iJ3p3H7q15xMZcJzYmj+1rMnhh8CE+iC35tc+uQcmbjvDw4CTWbS2kdb9WDOynIWpzFtP7RrIqWjn/olwdB/blkGsAXfR/CVmdB12b4+9ty9bHDjFsw9U7rlefkszwiZe41tWN8V0NvD/jOOHpDR/31WcpHNiXR+hbF9Hdca2/tHJSNuZx+kr5r30i4rdIn817f8shalcO74Xn1rtrUaaO3RE5ZBY1or6CTIL8Y9j8358bUUhDyrnwTx0HNuvMz7/KPxHfFHDNAEWZ14iIyCXX0Lh6fpF763/SRkIIIYQQvx3ylZL4bVNDIRC8bzihA80jPtLTCPJPZHv4j7wY4P3rnl99dGm8/Lc8TN5uHPimX8W3y6sWpDGyayLv//0Czx3pjnZgH9Iyy9A4QYEtmFQ2LN06mABKWbXrLJ6O6juuuiizCJPKhsXvBDBAk8kh5zi+O19EkFc9I2EKMvlsqxEAq/gMvkz253nf39gjQgu2d94c4k8g/WA6Mcrly7F3U0mf6YZXHfs62DcBVDTqUrJVnk1OzX7ZC1LtDCZvDw4nBmBpgIquiYpGvxcAbeV70etB04iRPRX+R20khBBCCPFbISNYxO+CGuuKnzVeHgR4QbH599iwIwx5JpoJ/uG0dt7DR/GlpESdZmSHcNwdw2ntvJcl27JBn81zHfawZG+ecqAukykd9hCyyfxtd0E2UzrsYVV0Ccl7Y+nlfOv4Ayz7ovIbcV3sWSZUlL2HJdssf1se+3kK54ywZEtA9aH7Ht6Evu1C9662SrXxpxn40DdE7DtJ56FZWBnLGOe8h5de/oawXBfRQgAAIABJREFUNMhaE0eXoAR0lLB93iHcHZW6uwyOJjK9zHJ72WuwMpaxdtUFwlecIxMVD3dqWm8bp0SkkoCKZRH+BKpgzebKIS8F8ckM6XCAKc9EVtT/XNhl9ACU8NEzB5gwJ5oh5jbr9UwsCQXmY1PSmP/Y3srzfiyayJSyOj+7221fISqVEvFxLiZvD3ZsaY3VlVy2R1cd4VZUce+0dt5D0KsZVH6/UMLeFUcqrs/W/lGEJyvH1n3dl/DBX+LIMsKmURFMCcuudUb1X/dRjJxzkiVBeyqeUctuPZcscbaue1sNdd8/9d+nantIiDjJSOdwvFspz5eoiudLPttfj6psow6Vz0SljSIJmVO5fcK8s+huo42EEEIIIf5oJMAifvMcgejwRD5an8AHYScJCfo369NgziQPAAwFNzi3T8e1h1ozK9iTbobzPDIulfSANuz4th/vvGzPplkneC7cRJf2RjZuy0EPZJ/MIOqKkd3hORQAupMZfKVT0bXVVYKfzaLtQj++ThrAW8+UsT44hkgd6FPOMmj4eS4HtOHLbwewbmFzNs2KYX5kfq3zvpZpwOTqwXgLo0C6zxzMgTVdcAIMxSVk6oqx7tqBtUtdAJj1oR/PjPGkswqcx7QhbJ4HP6w/xisbf2ZZxAC+PuLHQ4k6goeesjiVxymgI9O8IWb1GUKWF/FS+CMEedU3GqWE3ZvywKs14wZ685dnVFzfeJGj5s6XofgG567o+Sq2KZ8cGcDmlVoOLD7Fgi+U912YpSdms46BG3pzMMIHbUQWI6edpoBcZvRKZJu+JZuPDCBijw9eJ3QEv3SGAkufHam33b5CVEhP5+MT0H9GOwaMbUc/FazbmGYOAELk69HM31DEtHW9OBDeDl1i5aFHQ7/mheV5BK305+ARf552zufF/l8TmVXfdW9g2Jw2AAS+1pWQ0S1rnFBD172exM0ZHLqvLTsO+xPcu4x1z54iVo9liZmsWZ/Mp+tP89GtP9suU1Bjt4aeT3Xfp8pImcQNuXT+hz9f7mxP60Qdk5ecRw/snRPFK2sLWbClNwe/7cVLg8pYN+MUUQW32qiE3VshLKI3Ya85E7PhPB9H00AbCSGEEEL88UiARfzm2QJnt+bw6YYf+PjDTMIPK9+qXjp/vWIfk0rLhk/6sGh1TwxfZWFSadmztScDfN14askgFg+FiDezePgpF4jK4RyQ9O+flINP6EgDTu7LAf/76WvuB1xOyyPtijUjlwzi4LeBPKKF73alcx0bXpnfEU97NX2ndeIpb9i25lKNzk4JCfFlYF/lpYLLjDR/c6x8u3yIKB3cug3Vjs4M7tUUk0rDgFHe9BjozRAvsL/fjcCAVtw0lANGzp++xg17N5bHDeDQ4Qepncszn1VBB9mUBh6uYFKp0Lo2JT3qLJ/uzcVSH06fksb6eBgyuy1OQN8gT6yMJWwKr57/5a0DgxnRoxWBM/uyuC/s/lR534Z88JjXi0VPuuM70JePP3ODqMt8m9mM6Ru6svP/9SSwixOu3lqGjgJSSypGIFX77P51u+0rRKXYXZe4joonhrcAWjIp2AYi0jiYBVBE7Bd6nOc8ROjTnnQP7Maez9yAMiCPL9/V4zzDn7CZ3vj28GbV3ofwRM+uQ5Ujpyxd926PuNFZBW16e9Hdy7b6Celv57p3Y+ea7gwI8OZvb3gAP3OtjpwwVkYj6969yOpXLxH66iWWLkgldJOOmmlXGno+1Xmf6pRtzjP8WTXNm4AR3Vj8gg3EFpFHGd5j/Fi3byAvjnXFrbkD3c1D8gxVTuCduECCBroTtFAZAVd4sxyf+tpICCGEEOIP6DeWYEGI2nRUz8GiDHU/SOjsBEaOGgGUgda2WiwDqJKTwIZuD2kgCbwHedCcJGKiM0nbWsZT7/lw7m8pREVdJnsrDPmwDU5aF8I+zCFkdhbTd2UB0HlCG95d3RNQYWUsI6TvoeqVORsohio5EuwI6GPDurVlFIMSBLF1JvgfPtywbULR+QxC196s9V4NpQBl5o5LubkDpSSeDAjpw5LU4yxdfIbti89gUql44u3urJzZttoKI+lfJBJ22EjInhHMDyzmOeejvN7/X1gZjZj6tmPcWLdaK5LEbMkAIGpuDO5zK1//6sNUsqe1qmjL5s2qtOlADWzSKx3GYhjYp3LVIfvmyqNFrXGgheEaM/3PkGWsUmGPWzkjan529bevELXlsWNTCVZGCPHbS4j5VStg47Zsxk67ySEd9OtUuTqO+tYFV1hCGjB+eKvK4pxcGOUFO87fgPbKSxav+9JyCgFuGlDCwFXc1nVvU3HdK/c9deZRMXl7kJQYYCGYSo0RbA3cP3Xdp+Zt/R6usnKYrVKeGhvud4UPXzzCC/FVq9JUnK9JZYNri1sbmtJBq+Reob42EkIIIYT4A5IAi/idqJqDwI5uXTQQYaDYQK3AiqG0dl6SrDQ9YMTg4c4U"
11:15:14.519 [Forwarding screenshot on session 7836b5d0-bd7a-11e6-9730-e5ec4f8847f6 to remote] DEBUG org.apache.http.wire - http-outgoing-0 << "/yRWvBQPaNgZ5E278BSWjjuFSaVh3SAX9Lqr5Nq3Zk9+H9TpV/l2/1leWJzB1r90ZGipAZPKmQP5gXQ3l50cdZEUgwMuNer07OSElTGXFZty+XiaG2icGTtN6cAURF8jdO3VWt9A11IM2CrvXZecz/1BfcheY09KfBaHPjvDildPMyyoLSOq9LzSkm5gUtkxINAOsOPji36c7pBEFjBrYUcLiTJz2bpWj2lMOw4s8qBJsRHsm5D2z1O8sDyH7bGlTEUZCVNV2lk9eGiU9reHxLM3IFBJolt8Q/kM8k+dZMqsHPrN68rO/7sfLw87IuftIfg/lt+u4Q7aVwgAXfRFwq9A0LpezPKz5YYBmtmXsv35ODau+J7khf4M1EL0+dKKY9RNzP/0OdriDnx58Cqh5msXfSHJ6dCvmwOgq/+6B2hSOyxSEHuSUXdw3TfI2fq2ktg2eP/UcZ8azH+cWljK05TPW/2TiPB3Y+dJP/x8HCA6lk5j6s6NVOu5ZqGNhBBCCCH+iGSKkPjNcwQSDn9P5N6L7N17gU9XRDN+eQl4ueFXEVgwVvyn3m+oG1ZGHXNev0C6roTYbTGE7ILus9vgjh2PPe2MVVoZ+LfEz8mOh4ebO1a9WzPYA/ghixcmn+LlFWkYWrSgUwdzp0MNfqPcsTLms2TeWVKySkiIPMnwcUm8+PWNWqNCfJ7uxYKhcGBuDCPnnCQyOpvY2Mt8FHqEzqNyADX2dfQ7lPdiR9fhKjKPZBCVXMT5nacJHvM1H0UX4Nbehfu1KsAGdY0yeg5tiZWxhMXzkklOzyMyPKfiW/R1KxKIzaoegMqOvESUEWYFd6S7Tyt8e7jh6+PC2Jk+dFbB5k2pgDJN4fVXT5KQVUTsthjm74NR09rghJK/4ewbSWyPzSc7+SIv/zUXet+Pf3OlDrd2ztzX0prYL44zfYMRnKueQZXP7g7aVwgo4/C2LEwqZ4Kf9sTHtxXde7TCx8eTqTO1WBnz2B1p4uHhKjLXxvNR1FWyUy6z5KUslO8XWvHYMyqub0xiVWQu2elX+WjOSWKM4O+nhCLrvO4NysiylOhUktMtLxl/u9d9fQwAiVfYsTeNvXsvVvwJ/+JCrXu5ofunrvu0Z8VztOYyzUbAoEzP87DHu01TipMv8uIYpf0aPP/baCMhhBBCiD8SGcEifvNsgcQ1KUyv8pr/BA8WLQ/AHUjDBjyaVHzDqx0YwJfvxTB+7hn6rTmj7D+jE5+GuAPg+4gHHqp8tMPccQI693MFihj1lIcyuqPHg3zy2jWmL0/k4eVKNszOU3wICXRAS08i1t3kmdnneWTDeQA8xrRjyzJLy0Xb8WL4MFqvSOCdFRlM35xRsaXflDbMXeBPgBMU2FpT/Va0qQi8dOrfCqvNuUzur+dQRgDBCcdZOuoIS1FGlARv6EdgjSEpTgMfYsfKUiYtSGH4hhQAAl/zY2bHPMZPzmLPf4sJ8Kjs6R3ekYPJVcsTA+1qFNSW5545zYtbM4j9i3n8/5kMRnVW3ke/OV1Z9bQLUIIhHzx7lzN/aBQAph5adm7pjre2iAVjslk5K4bwWWBS2fHEFDt2b73G+QLlvVb77ALqa98S1GAxh4z4kyr4kR27ocsL7fGtsclrdHsCVTo27sgiZ+sjXMr/hqXjjrL01g7mkSlj1zzCD/oYVk6MIQxlustLOwfzvK8tumjzvhave2vGB6oIW32eiYUazq6ufAY4BXS8o+teYemfY2tauqiwMupZOjmx1tandrrzSrPK50dD909d96nW4r1lA/ZNgFZM/YeWA3NTeXifEmwNnKGl+UYdsUlF9LWv+fyisiytS51tJIQQQgjxR2RlMplMv/ZJCPGL0JeS/ZMBtYMD2trzYu7g+KZonWxuf5tFZeh0P2Motca+pR1OdzIcQ19KAdY4aZR6CnQlFJeCi4dd/aM6CkrQGUDtUFlfga4EJ61dfUdZpIuOxW/MT+zMGMnDhiKK1FXbtIQlHSJh4whCe0F2kTXu2ur5Fgp0RRRjjfvt1n3H7StEw5TrUF3r+gTQ60rIq3Ff1X/d3259d3Dd3ysW75+G79N6FZSQXVSOfUuHO3t+CSGEEEL8iUjPRfxxaWxx92hEYsX6jr/jsm3Qah3u+jyq9umctHYW8qhY4GRXKynm3QRXALipTBUoNoBG61A7sKODghvloHHA3ULny0nrcHvnfEtjPzshLKjvOtRo7XCv+WJD130j6vtF1XX/NHCf1svJDvdf5c0IIYQQQvx+SIBFCNEgB+/WzHrBDk+LOWOsCXizDQbLG4X43ar/uv+9kftUCCGEEOKXJlOEhBBCCCGEEEIIIRpJVhESQgghhBBCCCGEaCQJsAghhBBCCCGEEEI0kgRYhBBCCCGEEEIIIRpJAixCCCGEEEIIIYQQjSQBFiGEEEIIIYQQQohGkgCLEEIIIYQQQgghRCPd0wBLyd53yV4yj+z3w7lZbUsh19e+TtaSdykpAoqSuLLkRXLW7ruX1d+FGucFgJ6SxCTKf83TEkIIIYQQQgghxO/KPQywnOf6xnBKE45TGvUuhZf0VbbdxPDtEQwJX3PTABjy0SecQv/t+XtX/V2pcV6lqVyZ9Qi5i/dKgEUIIYQQQgghhBC37Z4FWG7G/JvSKr8X7Y+ptt3KDqAZVgBqlL/t1Peq+rtW7bwM2eh/ANxaYP2rnpUQQgghhBBCCCF+T2zuTTF6Cg9EVnvFGPUFN2YG0sz2zkoqT95O1ps7sGrvh9UPR7hZaIfD0l043ojgyvsbKNMDeNJs1mu4jvADoOTwGn7asMO8Day7jqblKwtp5gIlu1/n6q44bEaF4jGlDxQdJ/u5JZS1n4pH6PAqNefx01vvKCNXcvfxw18zaLlmNdbxdZcthBBCCCGEEEIIAfdqBEtuDMVnSoAWOL+9Gg0AZyj4T8YdF2UsuUK5/hplZ45wsxCgNU1uRpC9YgNlejuadH8IazK5sW4muUd+hMx9XPlgB2X6FjQdPZWmHVpQfmY/VxZ/hhEov5qKUV9C+fVbWWFuUlZYQnnqlVrTgEylt6Y1lWAyFGLKqb9sIYQQQgghhBBCCLhHAZaS/+xXghVuw3D27YPDY54A6Pfsr5Hs9k50peXm47Tb8SGqk/8GQNV/Dq1DP0AbPFipd/cBbuZfx6TUhrEENEOexWnW23isnGh+czWG0BjMf9uZpylVcEEbGqoM6XELwjN8A/Y0VLYQQgghhBBCCCHEPZkilEHBP08pP+bu4IfgQ5hyr5l/30dhynRcfO6iWDdfmroAOGJlDpIYj60k49jKyn2u5mHynYVz/6/JP5ZKadSnlEYpm24kL8BjwZhaxd5MjVeCQSWWKq0MB5kAle+4esuWIIsQQgghhBBCCCHgHgRYyhMP87N5Zo2Vxg5Tvh40dqAvAUoo+ncMLj7+d15wSZVgx00lfa514CJaT+tH+bkjFF64jtq7F6q869j2nYhjO7C97yY/f/svio+doezY5xQHj4FqqXdBWS6oobrBGjA2ULaj5GERQgghhBBCCCEE9yDAUvivfQBYdV+AV2jliJHSyNfJXndESXY77S4CLGCengNNB/aDqB2UR23mp+bZGI99SmkuWPX3oFmT/3JlRTjQArsp01E315qP8sTGBXB2AjIpj1pHrt0JSvfvVzbbWajQcFOpszCSrFl5OI124dqH9ZQthBBCCCGEEEIIQWNzsBQdpzhWmQ7U7C/9qm2yffQvKIswn6Eo6RrKLw0vKaRSN1F+cG5SkSOlif8cXKcMAzL5ebcSXLHuOpXWCwJp0msWLScNxoprlGxeSf7+I6Bpj9Piv2EH2AXNpakbQCYl+/ej6v5Q9dwrVc/LxR+7DnZACeU/HEFvP7HesoUQQgghhBBCCCEArEwmk6nh3X4jSvMwXDdg1aw5TRw0NTYWcjP3BibUqN1qDy+5mfsjWDyutvK8HzGqq+5bf9lCCCGEEEIIIYT4c/t9BViEEEIIIYQQQgghfoNkIRwhhBBCCCGEEEKIRpIAixBCCCGEEEIIIUQjSYBFiPro8wlff5qodGW5b316Jh+tv0i2/s6OuzslxEbnoqtvl4I89m67SHqV89Hr8kkvqOuA"
11:15:14.519 [Forwarding screenshot on session 7836b5d0-bd7a-11e6-9730-e5ec4f8847f6 to remote] DEBUG org.apache.http.wire - http-outgoing-0 << "fD4NPUlU+u2dQdT6BCJTymqV8VFoAgl11gH69Mt8EHaWlJrtpM/jg3lHWLU37/ZOAEiJSmbVpsvUU13DdFcJX3+avbFFjSlFCCGEEEIIIerU6GWahfg90euKyEONu7bhFa0AKMrnjVdTebyNN4FethSlZbJ0QQ45HdwIDXS47ePuiu5Hxo9KZNqeEYQGKutWHV1xgIm7WpKUGIAW0J1MYdbsXDYO64CXBtBnE9ThBAnY8UHcUIJ8itkedokitTmWWlDA0tU6TBdv8tYgO0oNgMGIbYc2TB3hgj49my+/zccWa1Dr2f3qJY5RwDsbPPD2c+Ja0jVKiq6xdHUOzpnw1uN23CguB7UjI5/0xOnW20/LYcUbubT/axd8quaV1jRFH5/H+xvP8ET+QLwabIRSdr+Swjra8Ny0tnfRiGUkfHGKmTOyyDICpLJxRnv+sbgbPk4NHSvQl5L9kwEAew8HpMmEEEIIIYSomwRYxB0qYdVjkbyv9yDpiNLJr0oXHUu3UVnM3DOCRYG/vcWsY97/islr3TiZ3wf32zlADfaARm3+vcltDvpSW9Ma0DSzrrGhDF3WzxhqvGrf0gGnmgtcqa3prAIor3zNUAbFVfZpogJU3Do9NO78I7wd44Iu8WKvA/z0WQdOfHaZC6hQbnel5uZnrvL5GSjEBor1dJztylSgKC2D+bNyqp2GFXnMD85j5kYfYmekkGhUXs/fdYkXdik/m4a2Z+STnhXHONibz0sNUErUF6lcMYCtvRo8VFjF61ixIpkh7ZpQaiinmacbYwe6gL6IhLh8DLZKO6ub6NEVA+3hfHIu3CjHoiYauvVwoWoTZsdeIPTVMxyIB4+hHnz5Tkeu7U9i+uJUBm+8xNNvd+eVmW1rXcOVSvjgsUhWflvnDgB0nvcQX4XAyDanKH35Ib5a0rZWOasei+T9E3ZsuTiCwBoVRr5+gOlr9HhM6ErcJx3rqekqIR2OEn4Fpu0cRuiIegJ8tepWseQ/j/N8j+rBPl30SbqNyqh1vxYkp/HWqvNs31c5BMmkUvHEQl8WLexgsc2Orohk0vISZu4ZxqIqwceC+AQ6D76ESaVh3ZmRjPWoPCY27BDjFxcxbc+w+gOWt97L4Ejex/Kz5/ZYKEOXzQefFzElpKMEkIQQQgghRKNIgEXcMYMeyG9gH+roCP/K1LYq0FYJSNwGxzupoKCI5B8MqG/kUwgUpOaR7lZMsQHUzVvg45DFyK6nzKMpKj21cxirLHSYCwGoGaSh3vP3CexO/DFbBvZPweDmxfL1aiLO6rFFhdpQwAev5sBD7jw70A5DqREcWjDpSSXcpA18mLSrNmg0cKsz+uXgh4i7FTR40hcKMhnZJo7u4bU7xdnxaZzIhNILxYCR2Ig0DFxheo2gDcCB5SkcMP9sUl2nZ34/1DFJjBqXW2tfqysZjO+bUed7NqncOJnfD3cgPfYi61cns/1w1UYu5r1X4qApOKsg32hk+4JTbHv1DMH/6MRzT3njXmsFd2scPOzw6GHEERXk6zmXppTp0cMOR4yQX0Y7pybATUqBwrpmhOkBjBZez2bXWiWIkbk7lcjlHRlRR+RAF3WJ8CvKzxv/30X+NqL7bQUEDHqwMhoJnRjL4IsD8am2VblPq96vBbEJdB56CQCTtwPBf2mBurCAHRvzCV+exO6zei5t9aVmc3k/5AyUEH0kr1qAJekr5fO0Muo5cjyfsU86m7eU8t3BIkwqGx70vp1gkVkDz576WSvXdqrRHGosYdnQE6wrbs34ECTAIoQQQgghGqVxARb996x+eSXFvWbz9yn+NTbq2LxwIec7zWZFrW31Fbmfl1cmMP29v+N/Rz1bQJ/NmVTo2tW9ceWIet1JcOL3pwx9AWALYANF5eYgR3V6g7JvQYGB4msG1C2c0TpB1NKvmLKhsiMdPjeOcPPPzjN6cXa1NY5A4GudeOZBDYbia7wyI6NyhIy+iNi4G3Qa6IYTSnCnIPc6BXo78wgXG9AV8FVsHiMDXCycWBFHYwp5OLALcfldAEjfq2PNiqu09rChMEtPlhGcT2XzWaoNUEZO1hU6jXYnwFx+6ekEBg6/jKO/msIsyNx6ml7/PIOjs/KeC/OhWKtC90o0JzCQ4+3JN+E90QLndyQRYn7/VsD6WYmYXFvz7dUg7M+eZdFHRUx97UG63QcxH59k61VXVi9uj7rU3Lnt6cfBbx9ArbYGrDGkXWT4xAxGvteLhY/YUVxsOXCnbu6EO6V8FBTB0sPKayOXdmWMSwkJWeVgqDzOd2EL1FjTrqMtX715nk1zE9n4t/NsyRhJYLUeti1TPxnB1Iq2zWSkWxwJ/h4cPhJQvTNecNnieTUk+2A6UUZwdlWRf0XP5s9zGRHiZmHPMg5szsGkUuGpNZIZdZkDKd15ysfCrjXcurSsruiYHXrZwgibqq4yf7gSXBn5Xm8+nlY5zmvRS2lM6JpIzL4UPoj1Zn5A9RFq7n6t6azK4exxHTpujQwq4uihkop9or7KhlsBFv1PfHsC8GpF74bnill8T3fOlhf/HcQMPeYAkTVqZwAV9nddphBCCCGEEIrGJbnVuOGYc4Qtb37C9zU26c/8k9Dd31DavPkdFVmUmcDBI/u4cse5QQv5cGx/Rm9KVsq5ksChb7beRTmiMSx1fJL3JjDBfw/ujuG0dt7DyDkJJFdkLC3h0+mRTJiXwPawaLo4h+PuGE6voOMk6ErYGxqFu6Py2pDpCdWTpuqyWfZMZMX2LoOPEB5fYuEMbp8u6ju8Pffi3Wov3q3C8e6cWGu0CcD2iYdwd9xLZ89IHvaLwm9pGgB+0/uw43A/vtyizIMYudKfr4/44a8Ce3OgrxBo07s9gSO8GTHajdZV649LZvyoGNZEKxeuLRA+6wSdpivXtVqtwspYRMjQI3yWDA410rvEvh/NpHEnGDj9NDogO/oC3+Q58dobHXh2WnteWdgaZxV0HdGW52Z68ey0Drz2xn2c//RCZds2c2BYsAu2+WW0HeTGrGfcGPaohnPxevBoyai/uDH+yeY4FpfR4iEXpjzmVjFdo9/i4Zy7OoJVE1SYVDaEnRzBpeQ+eGkg+qMUInbnktvEDo3GjuLM60StOcM7B4txcjLHep0c8PVthY+PCz4+zripb2JS2TBmtCdeXi74+ray+MfHwxawZdjzPsycowSeDiw+w/RZl1i/PIP1q7NYtzWH9auzWL88g7DllwiZfJ4DaeA/pw0L3+5Ez4aGLxRVBmmK69jF8Y7S7ZQSsS0Xk0rDW3u6008Fxz5MIcXSrroMPo8wQmA71oe1xspo5LMtl++kMgDOrT7FR/F1PxR1UZc4YFSmfIVNqzGJzsOb0A9dMKlUZJ+1EHbUtmKIP5Co4/yt+zvrKhGJ0HlOe2YOheu7r5Js3qQ/e4UYI3QZ0bpyut5t3dM/s3lF5bNiSNBxjmZVScSclcmy6ZEV27v4R7Lsi1ujopTnzag5p9FRwqfTvyIsHkjPYah/JJ+a2yY9OrnimeXuGM7IOQmkNCrLshBCCCGE+DNo5BQhRx6fM5mVM7ayP66Qeb0qh4p8G74Fk2kQk4e2vbMi1baAK80cQBlXX2vcfp30xdDaqRkA2v5/52ziQjQyeuUXUsr5lHyuGcrNUZVyQM31zOorziRsimLU3HxMKhVDZrhB/FWiNl9i2NZr7MkIJMAJdKklxMRfIgboPNQZr7R8Eg/nMMpbmVbiP8aZ0th8zu26xORWLYh7qy3oLjOywykSjeAx1IWB9xnYvjmPkMGR5BwewYsBd5f/xcHbk8Ur7bBVm6fl6K6xaHntdXz8J7RmaFc7HFw0NLdvglun+wDQ+piDDfpyOquycO3sgU8PGOCVxJdV+7U3DYAtlFYfIaMd6MNTrjmsW/M9T83Tk4CKJ2Y0Y/fGi4Rn+eJhMGLytqN7cQmhH1xg1PPVpw8FLHyEsJ++JmRDKoMw8pqnjkWri3B2tQGMYK+itb+Ga5GXeeMLI0qMtYzrOmf2TFXyfzj5diB0gYpeG3V0f8dPme6hz+TExjgGvhDAogAb0F1myNpT+EzozvxAh4o7VeNkh4Zcju42YmU0EnEwj6AQOwpiTxKyy8iQ"
11:15:14.519 [Forwarding screenshot on session 7836b5d0-bd7a-11e6-9730-e5ec4f8847f6 to remote] DEBUG org.apache.http.wire - http-outgoing-0 << "lb0qcnCMXT2UHy5HsuLZGPrUyM1xS9KRfKyMZQQPjaS/G1yrCLAZsdU0AX05Q98eVPF5ewX6sqhfJtFr8/D/0I/S2UnsDvThyLxyHhmaStC63sxyy+CRcTksPtyL88PjcBr6IC8OvI3IiNrij9UU6m6Qkp6HwWDexwBqtZ6fLE1ryUrn0yjA35XBvm0peyKBmF06dkeV1MpflLw/nXNGGPKYJ91H6OmnyuHY2lQSFrel+208Ik1927FzagmTgnMJnXiSwRf7YWnwS9KRnwAIfv4Bi093dz4yAAAgAElEQVRen6cHk/N0XbXYETDMDqv4EmLPlzIgwJb0Uz+SZYSZQx9gRKsc1h/O40h8Kb49bDn33TUABg5tpRze4D2t7GaVlsfK5dB5jJZ+P1/nwOEcJnb9hgO5gXTX5DF/cBzbryjbx7ve5MuN+awPjgHXESwaCNmnSjiLHgPWqDWV3zE4uin3UvreGPpNVgIygVPc0KRe5cDmSww+WMShiwPxbbi5hRBCCCHEn1Sjc7C4PxrEMNMWtv/zG+b1Gm1+9Qyfb8mh9eQ38dcA6PnPhleZsXI/AKb7hvH+/1vB6AcciftwFm8k2tIiZR+xOU7MXjQaK6uLrH9hLM9+k4zJ5MiYl1fz9uxH0QCF3x9k+fxl7E7+EQBH39G8veptXL+Zy/ofrWDrs/h/P5fwV9RM+b843j68Cb+szTz5fztoN6gFh/bHYTI58uQbb9NHt4W565Xfxyz8gPdm9G9sc/xpWKXpmNQzqv6d9Nms/Fs+JpWGD+KGE+SjTEkJn3eQkA35vPdZLrtCHCsSvgatG0DY061An80EtxPEGGHmzkAWjXCGrIv06ppEZmQu2W+1JWnlaRKNVY4BQmckM7B/CivevMCUf99efoqaNF6ePD+zMlkr+kw+X1E7wBLwdI96O+UFZ69wzgi9b97KcXG7XJj2hgvbZmcQ8VgLQMP4l/zQb4zh422XWewEOGt56W/FTJ59icNDWtQ43o6g1SOxc4wk+N1rdModRvaSfPZuyuSGrYUBa6VGbNt7EjTQPG2jIJMhbeI4Zx61s2ncITaqbNgY1w1bQM01PnrsKEvNiV/PjTvEJiBo5zDCzDlksiNTOWA+PmpxHKvuu8FPbyv5U3J0JRXBmOQvznI4ScnNMWt6An3/3b1G4tIiYo8roxes0ko44+ZMPw9z2FVjzendeWQZIaDmgAxz0MqxUwfm7dOxe8wVDOs74a9Kxb1TczL3xGHq0Y7nAzxZpY3jp1vBrkayBbI2n+eRzect71Cj+WO/zCDLCE/MbIcTMORpT9iVwbqP0pgXWDXHSRG7P1TuowmjldE5U4JtiNmQz+aD+XQf60yDcg34PRnAgk/3svLb3DqnCqnN14h9k9t4wxb4DdLC8gzi465DgBvx/7mKSaUhoJsdnW3dgEsc/uonXuzhynf/yceksmNANyWYFNngPV2ZADhwZW82z1TGvex9/QAvrMknbHsum0ffIFGnjMD5ams3AP4WdJLOQzNIPpEHA12UKUH5oMaWp9Y8SvaZCN7P9yT83z1x4iohj+ZiUtmxMXEEI8xTl46GRTFpsY7Vm66yeVqru2scIYQQQgjxh3cPktx2ZdL0Bzj4yT4S/z4afw3ojkXwjZUVS/7aF4DEDf/HjJVxjF6wlml9mhG+aAovDc+hedxeKLrExW8u0mHYZKb3s8ff/SYAsQkuvP95OBz7hLnvzYD7/sN746/z/PBZxD7wJJ+EP02La/G8Of1NZs3vxNFlI+hgOsKVwbNYPWMQtsXh5BSkcAMoLc7hYuFFvt83jPc3f0bunrdYGfoCX3QYzfufbeD7z95g3Yp/MG5if/rLiJfbYlLZMetNN9Q/V8mJ0dQaQ2ou6zcrneKCszpijOA5p5M5uAJgQ9CCTny8MZFjB3MoCHFEDZhUGkaNMndcNM3p4Q/HslozdYS58+jhxiivJNYBaopIiDePlCktIHJvAQZArS5XEtKe0JFUAAPuRcbKUss5WAwNdMoNxUpIpXVza7jDhL8+QQ/QffYJVs7NAZUGQ0s3nnrBhokrUogNBvLBb1R7PGfHsfpTI5Zu4xFLhnJ+vo2St0WXx9t/SyFTq8LTvmov30hWmhHnGXaVARZbZ5bu64XhRh6v/DWVjm/6MbOXE51alPIeYChtyqhVvel8PoNJwTmMXOrH1G4amnduai4zn7CQXEyugE7D0880ISz4DAAjx2iIePcsX8/swAhtGd9+kUGChwcfzC7gxTeukVYA2qqfWXo2OxLBf4IL6bvzCJz6EGEVCVJLWJUayftZbjw1sMZoJXO+lXUT9xJNGVZGGO59AoCEiQexumLEiksMGXyZc1fgqduPftWrFDD1cOGlsU5QcV9Yo6GElctrJu7NY8eHRZhUKrp5q9FlFcH9LfBXZZAQlcbBLN+KET36+DQ2pQHeLfCmhOws8Hy4OWzQsTvsIovG9kRLGSmxP1abEql2cyGgyjAVAza8+IkfEV2TlKlCf2nLs3VcwnfbJE7dWtNPlcGxYzoIacJXW43Q2xU/J9B0c6Wf6hLHDl2hYGETTkQBvd3wcwJu655WAiwmlZbXZlZOXxo704e31yZx4dINcNDQArA6nEqXwT8x6cn7CHykI9mFPc1715xuVG5+r+UUA04FJZwzb7l+Po29SeZRXuYRbTmXGjcFUQghhBBC/LHdk1WE+o+fjNXGxez7Nhv/R9356rNPMN03ixEPaAAdB7fEYvKdxcy/9EB9A559dSFb/7qS//xXx6OAyTSaj9b9nbaA7tjbALyxaxOjHwB6vcsPMZ1595NwXnt8EtPeeYeZPYbQ3w2yc28SOBj+m5CDVdeJBLaGvZ69eLRXV3THIgCo+kXsGwfXMfoB0KsDWbn/IgtXv83orhr06u9Yd+Rf3JB8LbfPS8uckNqjRPSxJ1m/ufpqL5nVEqcAamslNJGrr5LLohmuNTt79lVX+7Gu+OYZrCteD5+bVJFEtoLqZ4rvUaf5bhVfKcWk0tC+vS21O3UN0Lgz/x8erP0wi2PpzXDVQIeJXVjS0477/5sIxeXg5MmW/9jB9YsMDqq96o4u6jv8gorYmTGMAWolsW7zMT6EBTmaE8Vao26i58vgJGJtq0wz0jTF083AteuFOKKiSwcHmje35oekXM4ZoV1qHsX9HHC93wl/VS6ebexo7tZEOSetDUfD4tims+OtDS14fcY1Ri7oSsbWE/h8PozQvlc5HZHIrkP5jHi6iC+joMtCd4JCAhhiYQWXqI2pXEfFW8v7cEMfwSsz4hg/bBgDnCBh/XHC4uHpLV2plR/VwYVX3mzHJZSRMuPVKgyGqol0VKhRVpEZNVZFt05Na5Zw17oMbs/8EM8ar5ZB9F5WnKh8pSBWWRHICiOLBh9iUZW9rShj47ZMxi5Uyvl6x2Xl9bQcHvGusRpTYiYHkv2Zen8W44afIr/K2zRN8SdnzX3V9/fowLsfZjF8Vh6hk4/T7f2aE4GUAgw363iD+nwiD+bh6Xcfvl4WpuFpWjI4EI5FXSM2HmKA/sNbKyOTNK4MHwXHInR8G92EU0D/0a3Nn/sd3NNa6+oJaR2aoAUSjuvQaQJ4d187nh1ziXPx+ayPz2c95zG5OvDBnkEEWZjfo67yt+60cp1bUcL8iYm19j0bmYvurfqW9hZCCCGEEH9m92aZ5geGMLPDItZ9GcvfH/VgyxEY/s5o5T+hhZdIzQGrH9fzWMD6aod9n3iBRykGp1Y0q1Fk84oXNPTs9wBsL8agcadFaTJzHnmFH62szNutoIMtakpR+gSWe9Ym0314mPPtFhluYjJ1wPt+jfl35fW7HBX/J1VusaWLSquM1ripfCJdfGp+usq3/XjbVXaUvJridvvpdjAAJpUNHxx7lN72lediKDZgQM39/8MekD7rKqevNyXA99ZSs2Ucj9CBtjWd7nIUzYBpAVw7vYdjzk7cD2h8O/C8Lxz970lAef8+PVzQRV+0cHQZh3flAC40dwIKlLE2+RvOM35D7b07Vw1s6TJ4uGdlx/LcxBjCqmw+MPdUxdLKAImTT7Ceys581IdFNH+5F+O8c3kdAwYHd3ZljAInZYLR1MBE"
11:15:14.520 [Forwarding screenshot on session 7836b5d0-bd7a-11e6-9730-e5ec4f8847f6 to remote] DEBUG org.apache.http.wire - http-outgoing-0 << "Qt88xarz5ZwzwuLHlQBArWbKSmPlWj2M8mG41hbm+zB/XwoTZ59mzxQj017Nx9S3Ha9bmh6jccbjZx0hy4ssNW01pr7tOB9y71arLyy1NFrJgL5GjPGrTZkA9JvTjtHtmlTeS8UFrH4jl4QVqSQv9MRXn83mjWWYVBpe+kebah17XWwGYbv0fLQ5g6nLnHntzXbkVWwtx6GD5alDvk/3YsH2SFZ+m8P4UdW3eT/UAsjhy81pvBZYeynm9P2JTA/OwzS0hJxwS9lIbHn4UQeIus6Oz/TkG2Fwv5bmbTb0GeaC1b48Nq/JqLHt9u7pM1X2rTywnFLAs4+S/0jf60Eich/kx4s/cjwmm/1f5BATX8SLkxMZmPigxTa5Revtgocqi8ze7TiypQNq86pV6iZw7YoeWjhKcEUIIYQQQtTpHvUstARNH8O6V75k8wZXvudB3hzygLLJ0QNPJzANeo9L75lztOgvs39PPK59/DDsqF2ayXQfzSqGLuhJivkeXAPRx60maPFWek1/h22TB9DWXcvBhf7MijHvegOwvd0FPIvNvXzxS3Hq5KZMeVibSuzituZlgCEhXEnY6enjfFd5UsCali5gZSzjwhUI8q3MHzLBP45jOLMnN7CivntBbV/3dZV34XvGBV1l48VxjNACWel8EAFdXq5cHaXW0U1ujRpRRpfUkn6B17ca6f9ma4ttVO9Vrsvis93Q5WUvfIGC8zoSULFwS08ebl7ZOVXb6lk/PIkLVe8DbRu+O9cKddVRLVijLv6Bof5JDPxsMKGD7SkyVA0klGOgKWDDE+90YuxwT4jLVjYZAO2tCI4tz77hw9K+KYStUfJkPOtr+REU/mYS54zw1vxOSiff15eIpTmMWpzK+H1gcnXhwD/rzrNjMNzEpHLmg3AfnC1N0WoCsStOsS7XcNfTYe5aQSaf7TZiUjmz6K3uNZKmlqLbG0FYfB5bI4uYaUhXptlN8WH+tA7Vyxmt4cvdSWRuTCV28TCeCrGwbLfF0VN2lVOFaqyQ5f5IO0aqcjiwL4UFm7SETatcMlqffpmFM5QQzqw53nW+vc79XGlOKuGbizC5utC3R2UEz6dvKzxUecQc1ivbKj7/27mn+wBgdSWXiNhSXgxQyo39PJVzRujXqgkF8afpPDgVjxkPEbe6LV6+njw1M5cJzjEcM49aqosaoKUdbYHME9e47uBAgDmakr03huGTc+k85yG+eqttPaUIIYQQQog/s3v21W3bxycS8MokQlda0frJ96hcUMidgDGt2bLlDd4e7Elw7+Z8tfZ5Fm+9yMzwRHoBUFrtP75WVj8yffpq9q+dxI3oT1iZbMXwpaPRoiTJdW3TDjcXW+K+/Dsv7C6EDgBaugxy4pPof/GfUe2o/3tK8T/h5Mms4Himb8hnnO8hlrzVDpIyWLomH5PKhhcn30ddI2Hq7/Ta8uyr7Vl6OJX14w5xcV57RrUzsvvNS8qyr/Pa37vgSpGSAyJi9TEMYx9kTnsl8KBuUhniyDz+E2jd8DN3xo5uu0iWEVZNuLUsjoGf0iuLdASupOaR4vYzhkydkgy3RrWRG1O5jg2Txrtxp5L3Kx3OZX9R6s9NLcHKaGTl5DiL+3eu9psN9llpBM3MwtbtVr4Wa8gtIssI0WFxTPlYiWUqjODhwaefKAlFfcd2AaB2WmBFRmblkUTlsCPWm6kBDtX2yY48TsguI85T/Jhq7oDrki+z81iVY3U3iNqfTecn3etYZ0yFlTGfkHGW33OFHvVvrsZgjsnm33mOEkOVv1MiUkk0gucMLwsr0tjyxEwtYcE6tq25QEuU6V/jn7q/dqHa+5kamMTSw0V8GpFHwNOWAix1qDJVqBqNG8vCPTgwLovwuTFEbXNm/DAn1NnXWL9ZGRFkGtqeOTXz3lQtwteNfqRyAGg+qFX19+jlzkDtebZfgeaD7quy7fbu6VtptVcM/zeF/+iI+6UsFq0pwqSy44Vn3XGytSZQlUrUhlNMsL3GpJ62JHypBKmaP9QCd8BQbUWncgz5YJWWRVBQNC+8FcD0lzXErM5nnFskL33YDm3WFVabE12PH1djypUQQgghhBBV3Lux8ZpeTH7yAWK/uMLkpwdV2zT877tYWDCNlXOD2Gh+bfSSz5jn78ixg/bgal/xjbyt2jxRJ2MdYwYoU4p6Bb/Hu399AA2TmDtoL+8tDmL/YjCZfBkzxpd9++K4UAgd+w3Dav9upo/W8fmOTmCegKKUWTlrv6HfRePd+jxHrB5KmONxQlbnszQ4CQCTtwNvre/DUz62QCktXTDnVqnkqAEszXAwv6bp0Y2YCJgTnErU6tSKjle/OZ1418LqKLdLl5xJ9Hd5XDhfQGx8Honx5q/4D+eT0N+IQ0/l+ozelkjLc2oMBSVEvFsGXuZ8MVkXWbqiBNPQ9oz0saFAX0buwQtsN4J/qyagv4ktcGBuXLWpNtWknOWVtXqaP9HJ4tLF9ctj64p8TD08GOlrA/psls/WYerbhqR/90SrL0OvsTEHJYpY5n+IiBol2Lo60LmrBr2myigWDwfS04tAo8bNw5rKGS/l4NTw5DpdejafLk8kbJcek8qOhW9riXg1g0VDD/H5lHYsfbkLAV62FCSfZdxfczCpnNm0zIuU6Ats2pjK9n1KjSOX+jO7m55lY84TFnyC91934KU32jNmmAc+2qpznZQRIu987kVzSyekhoSPElmXdnutqhxjTQsAZ2uLI4hsAUdbawtbrHH3UEGiCnt1KUf25mFSqZg6yfKH6zWsPf1UOo6dyGY/YHJ1Y0yApWy0toz6v9YsPZxDxPYMVj3tUveIMOfa5+X7dC8W7D3IysNG1FRu1wYG8F3EWUL/nsKB+Hw2xSs3p0ml4omFvixa2KGBkWctGfCEDQd2lfH44+41tjkz6EkN29foefzx6sHDhu/pUlp6qDAlqhnS28D6ucqEIZOrM+v29DcntXZj+T4f8oJTiFmjLP0O4DGmDVvWdARKce9K5VwjHAicrWX9XB3nDuvY0f86u5YM4RP1caYvzyNslrkOlYZZWx7m+R6NX21KCCGEEEL8cVmZTCbT/6oyvU5HnsGAg4u70oFugC47Gxxc0NbYuVCXTRFq3LUWZsPrCylEjaPmHs4PEY1XUEL6NQPqJmrcPer+9vvOlZGdXowBa+xbOFRfhcaCo6F7mbjVjaSLARZzKRx9fQ+T1hgxqVR0CXSk90OuBPTW4tetJe5ONkAeSx6LZtO3lXMrTCobXvp8EPNHNGXV4AjC4mHVuSC81+9l/Joy8z4aNp4ZyQiHy3Rpcwr7l/3ZMsEZQ24mw0el8tTOYawa4QBc5Tnno0Rgw7ozY2sFWI6+vpeJX7Ti5MU+uAO6qOP4BeVWTE8qiFWWpA3aGEjYk85sfyac+fsg5PAI5geY273KMtgAzjP8Obu67ikfyjGZ9HKLY9i+UYTWszz1LbfOa0vGaIoX7eeFzUplHmM8WP9uAN21gC6XVS+fImyfHpNKxcaL47j+snK+y06Oxe+fBxm1XAms+E9pw6IF/gR43IoJlxC5PoE3X80ly6i0786MkRUrR0W9foApa/S1T6wGk3drTib2oWYYQCgKdEVcMydFbuHlcJdT+u7U7dzT5n2aqLnPw87iKCbd/2fv7eOiLPNH//f3nAZGkEFnsVEbLcYNZxeBlIMGalhoZq5fzePDauZ2iF2o5lhj+0NLqClwU76ttC4VrOhpWTajOCZrLeFiOquCym80UHZHLNCcsFlplBnBeej16vwxAzM8zPBgm9t2vV8vi/u+r+u6P9fn87muue/PfT2YbFxzwUj5CMaED/Atwe7gsgPCwoO9Zdk7abnkBMl/Z5wyzM9IKYFAIBAIBAKBwMu3GmARfLfZ9vLf+PXLfxs4oUAgEPwb8syzP2b9sz8eOKFAIBAIBAKB4HuJCLAIvldU/7KctcVjqbs6S4xaEAgEAoFAIBAIBALBN4YIsAi+V1w+/Tn1HVJm3f0DMeRfIBAIBAKBQCAQCATfGCLAIhAIBAKBQCAQCAQCgUBwg/y3gZMIBAKBQCAQCAQCgUAgEAgCIQIsgu8lly+fp+Xy57Q7bqwc+5XPaWk9z+Vr"
11:15:14.520 [Forwarding screenshot on session 7836b5d0-bd7a-11e6-9730-e5ec4f8847f6 to remote] DEBUG org.apache.http.wire - http-outgoing-0 << "A+9Y8+9C++XzmK58f+orEAgEAoFAIBAIBINBBFgE/z5cO8z8dBX/ka7ixVOX+x4DXDvF+mdV3Jp1H6qs2Yx69mUuD+tmdj74/WpGbJyN6sX7uPWZH/Oq0foNVqYX1w6ztKsudcOT+JvhPC9m3ceEt4/eRBkEAoFAIBAIBAKB4F8PEWAR/BvhpNPzl+MrJ7g6aPUct193AnD57xXkW7w5bpf/gKDh3OrKITbWHPM5EUu0QjackgaHy9kdCHLg/OfdZyBaDeQDL98de/NkEAgEAoFAIBAIBIJ/QW652QIIBN8kIb4Ho+MpePi/+OIrCT/+kXtT5k/Ofey+FrqWi9t0KId9o1DGA2eAfO3feFr9T9qTyGGHYCmEjOxZt5vE2dN/Bu4m+cdjbrYoAoFAIBAIBAKBQPAvhQiwCAaP4xTrNz9L3TUp/zN1B09PGcPlUwUsfed9QEVu5uskjwZ9+RNoDM1MDL8d6z8uwMi7eX2TjphgeG/nY2z75HNCJq6l4vHVSDnPi7kZVH/ZAZJg+GrkoMq+c+LP2fP4/wws7zUTVX/9vxidI3ho/Byu6V9glb7Bfa2jggXPfsxjD+/g6SnBfFD+Ahv/UsEZgOAonp2/iV8tnN1vse3G37PidzvY7zn+v28t4cTtT/DqjC94ZFcJKNdSuv4XjAHaz/yOFT7ngs78jhW79oDiblZMaifnLxVcAKYoVrDtf+uYN8YTqLlynOdee4GXLzYB40mdMrH7foE4W/d7Xty3g91m99idKYoHyFr9IivVY4DLvL7t5+y+DLHqu/jEUMJ+Bzyx9E+8Nn8i7721Ea3+Q7c8qrU8LLvIB5+dJSr+1+xcNgOwc6TuIEx4ganBgxBGIBAIBAKBQCAQCL5HiACLYPAET2IiTeR3wNXDBp6e8gAnjr3NEUsr0ETVJ5dJTujgnb9+yBkHjFfP42rLXzjT0cQH5zYSM+UT3j1xkCMAlvc55VhNomk/uotNQBgPy238sX2QZccPYuyJy8Lhi8c4AqhtNsZ+WceF7ovtnLE08JnVyXu/fYilZ1q9+RxNvPynn2Fo/z1Vq/sGWZy2FvZ3eNMfMTfB1Ro2TAt3nzd9SdfauU7Xlz3Pub5kf0cTNDexv9lb5hnzO9z/WxVXX/oF4Y4zPLZxFbu69d7KLl/5/HD2Iy3qsooe586YP+Sn+R9iTDvMCwlBXL7cwBELHKlp6E5z5+0T+WDnCpaeaPLmay7h2W5VXfPopZ53LsKqpYkMNF5Hd0jHi/oX+732QvIL6OboBqyPQCAQCAQCgUAgEHyXEGuwCIaAjAUzHwDgzN8PYeJzDvzd++K/r8EIl2t43QEwntR5P+dxhfvaBw312C8Y2N2d+hjHTVYMpw65D+U/5ck5Qyg7acbA4kp6Thma99ifeXvKePdB6FqMv/6YX40/xvOe4MUTSz/k66JmjEsXA7Bf/wa11/oWOyZBx9XnXmUWAFG8/dxxrv7qOcb7pOlvgEfvc88+7L7f+0me9UyutWIDLjeUdwdXdD/7kK+3N/P//+fiwHV1HOdZT3Dl9gk/p2HL37ieuxut3FPOH37L2R4yxPK29k8c+tnveVhZz3ZPcGXWXf/F1aJmrj/3Og/1ukX73w6zn3AWx0QFlgXQzdHxQvILfc6L4IpAIBAIBAKBQCD4d0WMYBEMicnT/5NZez7kiOMIf/qrijqfbY7PfHKAMv1F94F8IfeNl2GZ+QDs+ZAjpz+iIuiTHmX99fj7tBvdC8U+NOMBEqebh1D2cKSXMVYWAbRCcDDykTJsfz/tnhYENNRtZXUd2J1nPWcsWFxNbNmm44RrBFLA3gEPrc7nEWVod/BGLhtD+Ej63Y0oCIkfWWKZP80dqJgVPwtqGqDjGPVXYOTfPOvEsJifJrnTxM9dyv1/qvA/TajzWvf9Vy9MI2a0FJjB+kUryP/9O+D4mE+ueJNPuSuDleop7oMrB7oXB074H/cQDnD7A6ycHM57Z9u785w4uReC5zN9kLrvCqR0jWQRwRWBQCAQCAQCgUDw74wIsAiGxugkVingiLmVJ/+4BYBZU35ObOsOXreU8NO/uJM9NOMBxgBjugIylh2ea+FokxfzF30J7+mzeA+A8aycPhVGW4dU9g3RHbzxjum42PE5ACGSiaxSTcbukhFkvciJs8c4GRwOwAVHO3E2BwEJ9gZVPrnw9/7TyGfw45HuP50uV/fpHjsaBQcPfocjP3GcYEn/k3lGBfWfwTf1NZfvlfNU1rcyJW4ekYOVCXoEVERwRSAQCAQCgUAgEPw7I6YICYaIjBTPNKEu5s5ay5If+k4b8QRMoDsg42UaDy9YxnTfU/IlnhEpQyz7GyBM/oPuv1cv2snhlz/knRVzGCGREadKYOLYFPYUNXN++ynObz/F10XNvJAwQHjHcpK/XQOwcvzsyf7TBIjR/PjHd3nSvENJzXkATh/9YIBFboO6R9TsO/Jnz2iW8/yxqmtNlh/xw9F+skp88n5UxlmHnZZTv+PNZu/oFVoN5Dtg2bShb8+sm6MTwRWBQCAQCAQCgUDwb48IsAiGzOTp/+lZfwQgiqQ7b+OuH93tTdAdMIE+QZMJM4gfPYU5k8O7T62akdI9ImVIZV87zOp1Kpa+dbj7cic96X0M9h5H0kk/Jd8TAHr597OZnbuEuN9uYdfZCnTHmggd1m45x5jz3Cxmr7+LJ32DFIPACYyJXcwqz7Hu9/cR8+wsYsve6ZXSyutbZ/Ef659wrxMzcjbPJbuDH2fOvMit6VO5I/0+tBfd99c+/DiT8RPXGTmbX3rWgTnTvA31uh+jKtziXozYw9nTB4BY7hfbMwsEAoFAIBAIBAJBv4gAi2DojE5i1QRPgEQxl7tGwpgfzeZ+z+XUWT2n8PgGTVKnJgEw63/M95yJYvlMnxEpQyz7Swdcvu70HHlHYgTfEtTPMYwMv81zoqsEGU+/9CH5k92jZI5cbOACcLtiBTUv6hh4ryLvpJoxU5/k7bs8IzwcrRzpiOWJybG97kf/xwDIGSkBgqey67lXWeVJczrZvckAACAASURBVMbSyv2TV/BQaFfWIMCBtaMVOlrpWoc3efXb7J+3GPfKKu2eHZOiePnhP7HtHnf9wj0zg0JG9Jx8NO9ne9k/bwWzQt26v/+ujRTf5R2tcuDoh6B4UGzPLBAIBAKBQCAQCAR++I+vv/7665sthEDwr0D7lc+xXHchGSFHOVo27HLsVz6n7SsIG3Mb4QMnD1QSpstfwC1DlcfO5ctfcg0YN+a2AbdUhsu8vvURKrgNZUQKWx5bzRgus+X5GTxrhinTX+fI0hhs/ADl6IFLEwgEAoFAIBAIBILvIyLAIhB877Hy6rN3obW4j24PjSKso6l7dyXtwx+x7Z47bpZwAoFAIBAIBAKBQPCdQEwREgi+98h4ev0OnpB7dkrqDq6E88S8HfxKBFcEAoFAIBAIBAKBYEDECBaBQNCN/ZoV23UbjluCiBg9ZhDTiwQCgUAgEAgEAoFAACLAIhAIBAKBQCAQCAQCgUBww4gpQgKBQCAQCAQCgUAgEAgEN4gIsAgEAoFAIBAIBAKBQCAQ3CAiwCIQCAQCgUAgEAgEAoFAcIOIAItgSDhaDpCTXUCjrf/rNlMjjWZH93FLXQ0tftIORGNZNtoCvefIwi7tYxTVWYZX2LfMjdS7tw6/ERwt7MrJYU/jQPqzsW9bVzrfv78d+ujNdADtYznU28BhaaSsaAvZGzaQs6UIfZOPXA4TVbu2kb0hmy0FZfQvsoWynBz29HZeSyNlBVvYsCGbLUV7aLL0zNPX7/ovx9ZSQ9GWHLKzcyjaU0Nv8/f052+T4duxqaqI7G37+tTlpuAw09RkHnq2Afos/3j15mipGmYZ3xUG7yNN+wr+OT4xTPsO+TbD9ofB8u33m0PB28d+O3LevH5PIBAIBIKbgwiwCIZEx6W/02A8Tpurn4u2Op7V6thnvOo5LCIz7w0+6y/tgNg4vt8IYyLch+ZTHDQ5uWOcfLiif2vcUL176fAbo+MSBxsaON8+kFAuztU20NjmAlxcqG2gqV9jf/P0p7eWE/sxOW9lAnVsTNdRXt1IkGI0ZkM1BZvSKWu0ATZK"
11:15:14.520 [Forwarding screenshot on session 7836b5d0-bd7a-11e6-9730-e5ec4f8847f6 to remote] DEBUG org.apache.http.wire - http-outgoing-0 << "N2oprqyF0UE06svRpefQ1CNG5eBAQQ7lDQ20tnf63pQN6TrK9ecYORoM1bvZ9NQ2TF3X+/idn3Isep7NzKfaYCE0yEz17nye7vFS0cufv1WGb8e2xmqMtRf4djwgEDZKn9GwaY9xyDkD9lkB8eqt49K5YZbxXcG33Qem7cIpjLUX6Bww5VAYvn2HSkfb32kw6v+Jthy8Lr9tevax34acN7PfEwgEAoHg5nDLzRZA8B1DIgHCCQl1HzqA4K5rQXAdGBkS0n0MQYRIhnEf22mOWmHJ9B8CYDpTg50Z3KW8Adm/LW6k3r11+A3gAIJDQwnvEi0gcp4s3QXBYYAFpBA0nHoMhz56c3DicDOKe1fD6cOYgGWbi1kZFQy2ejak5rL/4GmWSL6gwgTxaXlsnB+Jrb6U1NwK3j9mZn2yAhwtlObmUmG0AuBbncaKcpqRsjZvJ4siwXRgC9rCWk61gDKyl98FKKdu717MKNAW5ZMkh5oiDfnVe6n7WTIJYfTx52+dYdox6clS4tcHe9v4TcR5HWQjh9EuAvVZA9GlN4kECOLbagrfPr7tPjASCSCVfOO6GLZ9h4g8QUPprp8PpqrDvcOgdfmt06OP/RbkvNn9nkAgEAgENwERYBEMAzN/ys8mz+D+2qhMXEv2+pn8eWMeVkCfl8rnM+7GdPwYAHmpG9AWbeBi/vOcDFXSYTBgBmTquazPTCc6DGxNe3h603vMzPwNqQlyLKePYSWeqZHuV6HGQw3IkrV8uiubXx5s5d51vyI1QUFNUTZvHGll6ooNrF8URWNZDlveb0Jx2xjMn7cPmO7OGdO4cPwkETMeZasmBUt9Kc+/UgV3zOelnDXIW6rYkFtK2/j5/FfOGnzHzzQdKGJrYTXu120Fc9MeZ/XYUzyRW+1T763EtOvZsb2EWpM7pVQZT9o6LcmRwdSX5rDjrITQVgPN1mB++ANHtw7Ni7NYRjmvnJ7Mb7a6721r3MPTW06x7vUcqMhhR8tolBY9BhMgVbHql+tZGqfoI59MIcUKxHhkt7X4k6mDd59/Hueyl0hN6KrpVUo3/JJjikcpWJ/iPuVoZMsTWxi5+mU0Kb5RLwulG56nZYIai16PCZAq4nk8eyNJCsDWxK687VQa3VMBlPHLeGbjSsLrS/voLSnUyDET3P24iraLBtSxi5kZ5Xk1DlMxWQatQGtLI6BiwZxI96W4eSRLKzh++lNIVmA5VkaF0Uni3ERqq2t9RmNYOH6wGWmihkWRYDFbCJ/+CzaPbSNiPD38TgEByzl51ASxaSR5HCRp4Xzyq0s4ftpCQlJPf3aYasjf8gYGsx2kClTh7bSN7vIvCwd2vUZhZYO7IJmatA1a5ke5C26pKWP7G+WY7AAykteuQ7Mozm3vqiK2FnvsrYolouM8I2evJ3vluB6t158N+otdNu7NY8vJSH6zdQ0XS7N5s0XJhGtHqG22g0zN2oy5XPh9AXqz2//SNm5gfjSUZftv62BiX0ERJXrPaAWpgrlrHid9fjQAppoyfvtGOc2eOs5NW8+sq29T6W4YPHJxcXd76IGlnqL8HVR76qVKXMX69Us9gYD++qxFyIHGql28UVxJ1+SUrnyKfvThvdU+tr5S4pFRSvLajWgWRTOQ/we2vYOasnzyyw0e28eSkfU0KZH9vwD31/+4dRjYh/rTb/r8cT7tXh6gfxgoNOW/DrbGPTy75TDK6JEYPHZQJa5lw/pFXCrL62Xf5RgDlvMBkggwmayoFj/FtLNv+/W3nn2slEVr56F/5xwZv8khttPHHr1tP4R20ss7evShgfyhvjSbN02RTLpyEH2z3W2PjCzSUyID2BFKNzyFQfU4+elJ7mu2OrKf2E7kuldYHmHs13bTrO/26mM30LzVa3P/fcsQfLqXDnv/jgsEAoFA8H1ATBESDAujAdIys8hYHIuptoS36mDmkgUAqBekseany0lbrAYgce0y1HLouGKm2WAgJi2LzZmrkBmr0eWWuefyX3chk43ntnD369Dpv56C+ATPw2wTR4wwfbaaibeFYrdbOXrACJj4a7URu91K7ZEzgI0jhxuw2+1ERckHlW5yfCwj7Haa9YdoAj49fAyz3Y7ZeIxPHdB04iOarXZGKFU9X+hsNWwtrCZiQQZ5+ZtZFX+d6mIdJyc82KvejeRmFlDrikar24xOu4oIk4GC7XuxAc4OM2ajgY47kpmbeB8pD3l1+NM5KpwdrdhbvdOFXJ2tWO2tXHV58jboMSlWsTkviwXjW9mdm4PeDLbGUjYVVjMifhk6XSZTcT/8uoMCgWW62mrmqst32PgoYmIiMNe+R41n3QLzsSoMVrhzct/XDWeHmQa9nkmrNGRqFhNuNpBfsA8HZoqe3kSlMZS1mTp02mW4DOVos/cQFNdbb2AzHsOEmulRYUSlpJKTvab75cZc8xaVVrhjfDiXzp0HmYoJ3c/wEkLCAae7DvJpv6Bg1x9Y/+jsvi/NI8BeW8Jjy5eTrkknNfUpDn4B8uCefjdgOYDsVp8X4fCxnjRuGbz+3EK+Nh/D9SgysnRo5itoNtuxtnbgAuqKnqewsoH4ZRo26zQkjjBSvOl59GZwNJWRmV9O2x0LyNysY+3c8ehLcsnZ14StvpRNxW57Z+kymU4TzWYr5svtvaT0b4P+Vv3pvHq+2/+cHVcwNVTTPPonZGauReU0UpJXwKfqVWg1q1DamyneUwcEbusHtmgp0Z9ncUYWmzdnsiDqOtXFb7h9y7SPZ/PLaR0/l8zNOlYljqC6WIfhBzNQAFL1Ah5fPZ3QPpKaKPj/cqk2Slil1ZGZNpfm2t08V1TXnaJvn2XBVl+ErrgSydy16PI2o1mWSHPtbv5Y438tEEfLPp7KLaHtjgVkbd5MxoIo9CU6tulNHj358//Atm8se578coPb9pszSZY1UJj5PP0uO+Wn/9FbAvuQP/2WNTl92n3g/iEQgerg6ryM2W7C4LFD2gI1zbUlvFtnYeLUWT3se2HAcqyYTONZMDeRaaoxAf2tZx97L3fKrFjtrXRi4Y8v5GOQzCIrL5+stGSaa3ezpaxxyO2kN759qH9/8LQpQyWnRs8nM0tDstJKdWEh9Y5AdpQzWRWOqbqCRo8wLYc+xGgPYtLENr+2o58+tkvOQH1L4DoE0mHv3/Fe7chUR1npPj/rZQkEAoFA8N1FjGARDItVeTnMjwQSZNRUZHKx+RKRS2JQFFSiiEkiWhmGLUYJFVeYPScBORZc10E2N5P0+XFAHBszzqMp3M9Jy0qS41aSv3Olp3QTtQY7iZopADiaTmBEyTK1HKXqHpTFBkyNBhqb7JzrEqi5kfqWcE6bAWkiDy6/m79X1g+YbmbiLCSqQnY3GznV2ESHsevFyszphiZCTzYDMPve+J4K8MQf2j7/hM++VDHnFy8ypQ1ul8tx+tbbYWZxWhqS6CQSxoD5sot4NZjOX/ZZwyCejdka90Ooo469xV4dul8PfQfjS3qdSSR7o/trYVTW4xxNzcdgNCM5fdBzbSUKIPrlTIypee4sjohByNSTuHk/QVZRyIFDLSQtGs+hvbWgWsacfp6cXddBmqhBszTZfcJ4kLwjF/hHYyfVVlAvW83MSRG4mMfqBcfIr/yAY5alTOvhL1B3+ASolxDVq3yTvghtQTWoFqNdGs3FXSPA6vIZUSJHrZZRecqIhWTkYXLPF2kX13uU1MY/2gGsTE3LYvldIzj0f7ZTXriJMapSFrq8fgeA33Lc9rD+w/f10zeN159tdXsxAMs2ZJMSBcRF85XpEQrPgYQWDlSbkSZq2LjSrbv1L0t4LDWf6qONhFw+DMTzUk4qkQBRWXQ2r6H8nYPUzjgB0uRue8dt/SXNy3Np6yWno/GQfxt8MQ/1f3g9IGRUVxjJ1/+8PsWsKvKqVWzUuP0v1PgBuUfOYSYhQFtfwoR7MshIUZGSMB6L+TLqqDuobDDjckHd/irsqNFtTScaSFj/DK6io6jU8Xwl+z1HFTEkxUXhsFkwd7q65RvFWY5bYW5mNksT5EA0OkI5QxBOT6r++qygObNIS1Nz1/xkRlkshKhuQ0rgqXQN+6uwI2PNIwsZG+JiwpKlJB5toHbvIWzJ"
11:15:14.521 [Forwarding screenshot on session 7836b5d0-bd7a-11e6-9730-e5ec4f8847f6 to remote] DEBUG org.apache.http.wire - http-outgoing-0 << "D/r1/8/rWgPY3sKR/c2gXMDKeTFIOmHJo8vQ55Zz3GghNgau+tbXY5K+/U8L+YF86Kof/YY4udztJIPsHxw2zFd9/UUSsA6TPDKv9bHDkcpMOlwuwqKSmCYr9tg3gqLtA5ezanMWS6OCAQtFO/3/trgnHXn7WEtdUbdXuwDaTBibLzEzYTV5kfcjiRiHo/HPQ2onYQEGaPjzB2/YPJEXN7qDx+pHjehzT3C1o4XaAHbMWbgIaXUxVcfMRCdL2L+3AdRrSR4VgcSv7eS9+lhvZKPhoP++xbJoeYA6zPSrw96/473puHSc8go9LROmE50caLyYQCAQCATfLUSARTAMZIwN7/o7nNtkcPByOzjd64fg6gTCcDkBrtM9GMIJ0TETu0sJkbm/Q/eZy99yCgMKtNPcD13GI8dAORt1MBAcz2wV7G4+RcnOZqyAVAp2exNvFVowA4pZs1GGxQ4uHcFwfzy7Cw0cLtnJdZ8P10fLdzKiGXcgJqrXE7Q8iXVrT7K9pJqCBvewa0XsAtY9nUqEb73DFIQ7z7FNW0yeb35F1xoG10E6mu6VB5yuHjoMzHVQjPLqL2wi0VJoPP0psyUjAKc36BCmJkYKHQDBA8nUD4pZLFQVsrvqKJaZE3jfBMnaOf2vZeGEqOiJvU5KcLa7XymM5bmkl/teU7pfdnr4i5njeiuxaVN7lFJTmk1+hRFp7DJ+k70SOWDsvN5rTQgLp09ZkU2N6TuNpAcRjA4C7khDM989zWblk6vZn5rP+UtXMRp9/G4AXIDsVt+7SRjR9aePP7uMAFLG+qz5KBsdDk7A1oYZmHG32nsxbBLTZXDkfBtdwza89QxGPVkBrSCRjAD7FZ8gk3cKlS8dAWxgb9iBZkdt95l4TQEpPXJfB2moz/17Hjs90kk8B/239WDGRUDZ9kwKezqfO5/rOshi8E5qimRlunu6xEmgK7Jp2JFOvldU1vw8GTsKpqm9Noiev4ZowFJ3DH99VvCoiVw9VYymuIDBIwHMFG/S9Dw9osMdgPDj/18D/m1/EZMVsFaSmV7ZI+dF46cYjuX1qG9G0bv99z9pMQP4kH/9Hu86Ncj+4YphBxt9hIp/7Ak6AtTBPT9Rxg987KDs6pPoCpC6BtSFuxwFY8f5NMyAvy29+thu5KzekIFpeyHlhUbKAWQq1q7fwMwhtpONgQIEfvzBK1tot2wuTzRQ0jFAX7A0ifnKYir+fALbpCCqrTA3YyYEywPars9vch+puvD2LYHr4F+Hyvaev+O9kSdo2FW0GkL/9ReuFwgEAoFgKIgAi+CGcdHri6+k16Ns11NbEDQ3t+FejAM6O7serXvSdOoIyKYREwZgwXDUjGrhVM/LfDDT74tnd7OB5mY7oCZt3RSK88ppbjYBUmbfGzuEdKCceg9KDJia3aNVkjO0SN7Lp7rZHZhRzprdZ4izw9JEW8g0fvWuBompiVOHyiisqOT9kwt5tKv6ErDV70JXokc1N40XlySgVMjRb3uEgsYBlNpLh5Lu//fSVrvL+1Bsu0SzHaJjJuE6fZ2ei3I2Y7TDJIYrUzBzFs9ld34Vv3stAjux3J/U/4OzCwgNC+9zPijULc3czCLSE9wP1TZTHYdOdTLJd86HBDCfQY+UjO5VjR1UbXuG4lozscsyyV7ZvUAME390J+hPYLSlkxQG0MkVKzidA++O4ZbI2feC62ovvwtcSugIsDY34yCBYMDxWTNmYFqopIc/uyWy82Wbo2seEtYr7e4GFBaOHDh+zIimS7eOL2i2QtSd43Bd6D1uBr743Ayoue66Dj0mznxGi7XvSAxJABvcFT8JnWK++1fhKwifMIpLw93UxW9bN7FjUyENikQy8x5GHamAuiJS8064r7sA6xXawRMcs7Bn22tcjlvgNpPELX/Mis1kzXd5fsBCUEhOUIqes585SIj2rNu0Zxtvt0bz8xl9xevqs+refIFyAyzT6pgXE42cOh5Lzeu+T3+4XFZAje7dHKI955pqDtDiGsso/Pu/G3+2H4tCCsboDN7d2LXOkYkD+xuJmKpGRa/60kR9f/1P048H8KEA+vUw2P5hdMwKdFm+/iJj7x/914FLJ/u1Qzdd9h1AF+5yrvfMHOC3xb8lLTRfgp9mlxIdcpn6kyd4q3g3Jdv2cte6obWTQAT2Bz+EBu4LIIx5SxKpKNjLq0UA8SxMkA++b++lFJfLf9/iClgH/zocu/Csz+94/4TJRXBFIBAIBP9+iDVYBN8ITqDrs9jFk4doMlm63pYwnmjEAUhGgLmihH31JsxNB9hWUAvKe4mRuxfKK8jZQlXTJU4dbkZxb7x7/IbFyFErzJrunSiiTLjHuwaGcgp3J0z3TiORTu0ebTLYdMhjuFvVdUHBtOlJxKhk3fe72xOI8cpog0snKCzMZ9suPa7w21FNuNWdWEKPene9uo8er2TMKAn1VQUU1NrxDm8A79fbfnQoGQH2E/y5pgVT0wHytuvxZpaBvZpXy2owm5soe7UQMzKiJ41CPWMmUEvBrgOYzCaqCt7ybj08KJn6Ik+6n3jsGBpMKOY+0K3LHnrxqVNPXATF3UssUF34GvomM5aWGl59No+Skmrag3vqrfnjGpDOYIrHgKaqfIprzaBI5J4JnRw4cIADVVXo680op9+DAitvvFpGi83MgaLfYgB+Mn9a4Aoh594lsWAsYdueOiyWFva8thMrMuIivuzjd/4JY85D8dBczmv76rGY63ntjXKQJnJ/nKSHP8sT7ice2J2TS1V9I/rSHAoNXbqPIileir22mF36RsymJsryttMMRE0eh3rGdMDArwuqMFks1O/bRnEDKOfPZva99wO1vLCljPrGOoo2bMFIX5OGBbLBD5REx0UTHR1NdFw0SnlXaMl3+pWrj2V74r7uv613ukcsjL6NieNH0dl0gLy8amAELiBm9r2Age0FVZgsZmrKXmN3bQOSiMn8MFqK9fRhaprMhCmjiIv2yBodSUTUdOKBim2vUWeyYKrfxxu7aznvlDLSj6TuPgsggrETJxLqaqHs1UKswMXmS35rqJ49EzBSvG0fLWYLjfpdbMovpNjQ5hOM6+v/IwPaXkHMDBkY3qToQCMWi4l9O7ZQWFKMoZ0+9Q3z2/9EBvQh//q9tU89B+yzwnr7y4SAdQiM3Me+DLmcQL8t3fL2ydXOnwoK0eXsoL4zBJV6EqMBIkZx67DaSSD6+kPgNhW4LwBQJP+EWKw0GK2oli3q8RHAr+16/SZ3Eahv8YbR+6uDPx2OoMn3d1wgEAgEgu8RYgSLYEhIgiT09yYeHiIB+URmqqRUVpeQ0yHjDyt+hBI9lYU6OkdsQXIdZEonJblaSgAU8WRmu3cDsXx2En2DgZDkGRw1wf2Pu4dGW4zHsBLLVN+nR3kM96ml7DbaUcVPIZhIpsfLaDBYUd7rM9pksOkIY+b9iZQX1oIiBnUYcPdUqNWDzDs9qKNLxgdcBCcsR7PgLAWVBWgq3dMLFPGreDhJgdzkU29tLovVR6ko0bGmBEBJfLwSg8HIpzbcugwP8X5QlE/qqcNHf0bs0TzK8zMpB1TxsUgN5h5fZhvK89G4x2azQPsi85XBoEwla9k/yC0vRFsJSBVI3RYkLG5hQJkkeMd0+P4NkSxYrMJQ0cr8+2O7z/rqpW8e3zpGkpmnITe3gIKu6RVSFWmbM93BmolevTWOBumMzO6H+0/PecJD5loKfKYlSBM1JMcls1HbzLP55WSmusfzxy/LYmV070d797Qdic/ohMhFmWgu51KwO4/a3QBSFmheZmr7OxT29rsA5ShTniTj77kUluRS69Fp2uafo7QZ2e/jzxDJxl1ZbHv+FYpzdSBToZJB83X3S1bKxpe5lLOFigId7skRMhZo8lgZFQakk7Wqg9zdxWj1xe77Jq4le00cYcRRoHXxXH45uQZQqONRYkB+57heNhnABn3w9c9evsqIXkNkvNddAdr6f66Kp2F3OZo1blupE+OR1ho4bTSTnLQG3dp/oCspRqt3lxq7WMvDcWG0fjEVDLXkb7pCxLs5veSNRJuXQe7zheRpaz3Vmkv2k8lIjJ/ir8+KvXcFKn0xBdpUCnDvvqSSNtB8"
11:15:14.521 [Forwarding screenshot on session 7836b5d0-bd7a-11e6-9730-e5ec4f8847f6 to remote] DEBUG org.apache.http.wire - http-outgoing-0 << "5iysHOejN2+/J49LRbe2ky0lJWS6jY1MvZisJ5MBS0D/D2T7ZM2v+OJaDuWFOqo9OeNXZZLax48hONp//6NICuRD/vQ7kjc9cg/UP7jrM6qfKTeB62Cr7/vb4asr1VSvfTe/+yuWDaGcQP72aS+/9f6GRfKLzGXk5JWTq/EoQxaL9n8vJJjgIbaTnvjvQ7v0569N0V23wH0BQBQPLFDSUOniwTnusVQD2S5hYq/fZI9s8gT/fctAPt2vDlNvZ2eWb78nEAgEAsH3h//4+uuvv77ZQgi+D1goeCQd1hWhiQVzhwSFvL9vWw7M5g5GKeTur8EOG+YO/KT9F8Cz0KMkZBTyACsd2ixmOpGgGOaQaIvZjEsyCoXP19K6osfIOzGTop2pYLYgUcj7fi30yDdKoegz1WU4MlXlPEKx+V6KClIHWN8kMO76+L+3zWKBUHnAxSP74LBh6XCBRM5Q3cVhs3C1E0K6dDhMv3NYzFx1Sbz+29ufbY1se/5totdlMT8yGHBQtmEN5ayidOvSbhs5LBauuvApp2c93T6n6K6nua6UbR9K2OBZlwZbDZrUfFTaAtb7mco1kA2GzyDaumeRWr8LhHbVcZSCHgMEHDZsBBEW7M8xHFjMV3FJQoZgO3ceBmjDfmUcbL4h2T6AbgYpw6B8qLd+fcW9gT5rSHXoJZevfQdXzmB/W/zeNKDP/PPayeAIaEc/DNt2/fQtg8zYS4e9+j2BQCAQCL5HiBEsgm8PO1zrdEGwAoXfp65gFL4Xg8MCpP0XIDgMhWLgJ9EwueKGhkrLFX1fkl0uJ1iv4gIUCj8P0gHkG4pMtvoynn2lHLMdEjULbyi4Av3Xp6dsw7hDcJjfl8WBs8rpoaZh+l2wXNFrC+de/hwEV0xGijOfoXFuDB3GIzSYIFkzvceLSLBc3u9W0N2y9bJpSAg0N5STrm1irjqU09W1mFGyfJJ/PQ9kgxtioLbeW9+98ee3wWED+GzwMOo1nDwMuu13803YfggyDNWHenMjfdaQ6tAjY0/7DrqcQf22+L1pQPv/U9vJIBiOLodtu6H6tDdjLz316vcEAoFAIPge8d91Op3uZgsh+D7wFdedTsap70L1A/Hg9U3w1XUXt0y6i+k/uu2fHil1Wj/nzCdXUac8SsbCH4nI7HC55VbuS47m644v+OTCJQj/MQ/+7GkeSep3LtKgCb41lqTIcKyft2AyW1HEp/DYeg0zFDfDUqKt98s/yfYC4W8CgUAgEAj+dRBThAQCgUAgEAgEAoFAIBAIbhCxi5BAIBAIBDeIw+HofQabzdZvWoFAIBAIBALBvyciwCIQCAQCgcOGzeb91xUvadqTzXJNKQFDJS17WLNmDXuavEGWln25pKbm0dRPcpvZRN2BUrKzd2Gy1KNdrqXOk9XS0kR9YyON9U1YHAAOWurrqKuvp76+jsYWC+7gDThMVTyyXEON2YHDZsNm8w3yNLJh+XJKG72SN5ZqWb5hj3uLXlMVjyxfzr6WYehKIBAIBAKBQNAvYoqQYFjYTHVU7P0Qg/E81usjGB99N8seXk7cd3Rhu5a6GlAnETnU3WdMNewoepfj563cMWMJ6T9fhNLfrhxNVbxWdgIkPTfldLlGs/TpdPrZjXV4OFrYlVfKqKVPsjDkFHm7/s7STM03Vr6j5cA3XmYfLE3s2/s+yT5OTgAAIABJREFUR04302a9jiziTuLvW8Dy+XGD25XCYabpAkRF3dwFKoeD1xdt7Nv2Kq75T7I0+kaWFXbQWPVHSvYdpbUdxkdNZ9kvHiUhQFu1Ne7j1bc/JmrB/2LlINcIaaoq4g+N48lcv+iGFnT+p+FoYVfeLjrv+imaRdE9r9nq0KTmYfY5JUvWslOTxL7s5ZSEZlC6cRZOm3uz2qCgMIKDoWnPFjbtPodCZsVsdedTKJSAFbPnhEwhw9oegfY3W0mSg6WmiPR89+bDyvhlpC2QoMvdDVIpijumorxSi8EMoCSrNJ+4YBt7sp9gt9HuvkFyJrvuPU2qrrJvHWVzKdqZjtxhoekTI3t0+Rikc9Flx1D1xk5qTW6ZpDIFQVYzVgApKGdpyU9PGlCFjQfK2HfoDB1Bo5n+wAoWJYj1YwQCgUAgEAh8EWtVCoaMrbGMVF05AKr4ZKZyEX1tBbm1x8goKCDlO/ZOa6srIjPvCJqiJCKHlNPMjmfz0aNmwb0KKitL+PWoieSvies3tavtPIaGBpDKkAV5z1udEaS4bqQGvei4xMGGBqamuOho/zsNxuPc49J8g8XfSJkWmhrbiPhhlP8df0wH0GgLMQMyVTxTp8Knxw1UFBs4dk5DgSZ5gHvYKH1GQ4VSw7sbv1vO2NMXXZyrbaAj3sXSGyizpSoPXXEDUlUiD80O4oPyavI0zWTt2kqcn0hIzb53aDDaabiyn3lJg9uSu+3cCYy1U+mEf80AS8cljjYYYXR732tharLz83EBkhA4ulXLe04JYKLxPGAvZM3ywu7k0kQNf1ifTPiUFNLSpnrO3sItt7TxVmE5EXNXkfFQOPAVX33lBH7ApFB3qtDwUJAmU/QHDXLAUrMNpPFof7mA0BFjiYtaD5YqHnvqHBOCAcJYmvMHlpoP8IimkBkx4bRLZpCVNQOuHie3oJLFWh2qi3vIL/8HF80O5CEX+YMun/MyGTKOoNtkZFnGChZf+ByCXBgqqmlTJbI4ZhRORjFjXvyA6mupykFX3IBMFcv41lpK8mppzypiTdzN2b5YIBAIBAKB4F8REWARDJEWdmwpB5Ro8reQ7Bmusbq+lPTcCt78PwdI2Zhyc0UcKkHu/4RIBkrYC4uRU3aIz9CQmqKAo8s5+I+r/tNLAGRoX99J0j/pDdQBBIeGEo6nWhIJEE5IaPfVG7+JRAIEMVR1AVhq3mRTfi3J2iI0Sf29mFko/XUhZqQsznyFNQmeAInGQln2U5TrS9CvTiZ5gHc653WQjQwZhoQ3mR6+KOfJ0l0QfCPOYuPovgaQJvLy1vUogXnqUaTmVnDgpJm45H4CULY6PjR4RkuYK/lL08OsjBrYbyQSQCoZll98W4zweyUMhdKr5wkTZO4/TCcw2GWkbf4VCRFQ97vnKHYt4Tfr3UE+RVQsV3c+QXkrnqCpFStgPfIBb51wF+F0Whk/X8d8jwqDJ05Gac/jqUf0BN2xmBWRF8Fu5d23zIycEM/p909TUdsMsrk+8lko3VKIPTYDTbKLDct1tMpkBDndI2oq3tiGDCdgZ8feBgrSE9DoNJww2QnCiVQ5h+SQGnIOfY4k1IkVCHJewWTqoMPlYtaogezbQllxA6iW8frWlQTTxJZHNlFRfpTlcYu+iV5FIBAIBAKB4N8CEWARDAlb/UFq7RC7dl13cAVAHrectOSznAgBGxBkrmNHQSF6o3tIujJ+Geu0K4kMtlCa/TxnR6u4VluLCVDELmb1PbCzoAIrIFMvICsrdYhpwVK/j62vlNBsB5CSvHajZyqAhdINz9MyQY1Fr8cESBXxPJ69kZgvSnki1z1cPy91A9qiDXz55lZKapvBky5to7ZHXb2VHsedUjC89Uf0t9zKQStE3DpqQB1KgvxcsDWxK287lUZzt86e2bgS9yB8BzVl+eSXG9xpZbFkZD1NimdOU9OBIrYWVrt1opBiBWK6CzZTnqslz2gCpMQvfhztmiSCAVuLnh3bS7xTB5TxpK3TkhwZDNg4sOtV3qxswA6giEfzzJM+5QJY2LMlh92NQWS8/BIp/uZHeQideDeJaoiZGNp/AlMdVSZQzF3nDa4AIGdl+hqOvfAR9jYbyMNw+PGxzr15VFoBfR6PXFzMb7au6TUCw8S+giJK9Eb3oVTB3DWPkz6/17QRj+72bdvW7Q/xc5Mxn7jC6lezCarI5pXTk7vLtzXu4ektp1j3eg5xYYH8sae9QMHctMdZPfZUH19s3vo8zmUvkZog91vfyGD//p2kANXsuSyIuJeuyRxhEyYgC2CjlkMfYkLKqsw0TuUV8P77R1i5vitoamHftkDtwzMUy6Qn+4UCWscv479yVg5O/3O+IiftFUY/+hKalEiw1JH91HZCH9rIxqXRYKsn+4lXiFz3G5ZHnO7fb0OOsUFT"
11:15:14.522 [Forwarding screenshot on session 7836b5d0-bd7a-11e6-9730-e5ec4f8847f6 to remote] DEBUG org.apache.http.wire - http-outgoing-0 << "jEr7CulJbv+x1O3iqbyzrPvtWhTA+QB1t9lsBIUF0emE8FEu9Hs/ANX9JEUpCAOkOFHcNtFTHwd1VR/AtPtZNUOCRCIB12WqdlcimXov990RAhJwucDlOkudaSIJyjDAhRWYukLL/CkTaT9oInHZT4hz7aewysSCjWvJuPVtCqu8w9qa9uRTYQJVfCf6GglZRTpqjpq4hfO8WVLN1IdWc+fl9ympnsRL6QkAtDef5sgRM0E4UcyS8cXHH3L+GkRccweBpK5rXLkShLPjPDvfjGFroClCtkucAxIfnOMJpkSxaL4SQ8XHXGARUQF0KhAIBAKBQPB9QixyKxgSro5OQEbKzN6TaYKZr8khOzWFMFrI1+ShN8pYpdWRlbEYq6GczI3uhSKdV8wYa2tRp2nRrIrH3FBBfkEV09O0ZCyOx2qs5D33IgSDTuto2cdTuSW03bGArM2byVgQhb5Exza9yV1Oh5kGvZ5JqzRkahYTbjaQX7CPoLgHSVusBiBx7TIkf9lKSW0bqzI3k6fL4A6zgYJn38TSrzaiWPQTNVhrKSioICgxjZf8TA/yYuX43n3s2+f+t2fPHupMNsBM0dObqDSGsjZTh067DJehHG22e0HKxrLnyS83EL9Mw+bNmSTLGijMfJ46C9gaS9lUWM2I+GXodJlMdYdD8J111Hx+JBlZOjIWRGGoyCe/ygQ0kptZQK0rGq1uMzrtKiJMBgq278UG1JfmUljZQNRiDZt1GcS2GyjIfI1LAIxAIrGwJzud3QYTi9etHzC4AhCsTGJ9zvr+A1aA5bNz2JGyaGFC34vK+eTv3Mr8qDAI4GPyqbNQAFL1Ah5fPZ3eoZwDW7SU6M+zOCOLzZszWRB1neriN6jpZxVTfUEOJbXNzE3LYnPmKkzVekxWM50ucHa0Ym/1jlhydbZitbdy1UVgf7TVsLWwmogFGeTlb2ZV/HWqi3WcnNDTF9VyuNpq5qrLFbC+Nvz7t4Mwklamk5rieQW21LPlqQKsqEmZ1t/0KQv7qxpANot5CcnMiZdir32fOo9umsoGaB9BIbjMNWi1BRid8azP7B1cCaB/p4rICDv6/adwAObThzHa7RgOn8IGWE4fxmgPYtLES/79VjGJCVI71RVH3Qu54uDonyqxKyYzaew4bpOBs1/PA0tdEampqaxZvoaCWivmozsp0FtRtJWTW9YEmDEY7KjUEzw5nFjONXKmqYnjH71HSUkJVY3/QJWYiMJp4uPjuykp2c1HxxtpOtPIFz4zk0YgZVSQi07rZ/z1oIEgdQopMROQRU9lXD9DgFwSBSqVmraKEgryD9Le2U7jiRPUfdyMHTA31tF4RUHy4phuf5fIxjBBpUSpUjEmJAR1ygPcf3c8ipEgVSYySxlEh9MJo6ezbGFM35v60m7DCdw2zjsqbOJkNXCeS/13jgKBQCAQCATfS8QIFsGQaPvCTKCB9gC2xqMYgMW6l1gaHQZE8yv+gabwICctD+K67l7DIH1+EjCO2t0GziU/7jmeSF2FobuswaZt2F+FHRlrHlnI2BAXE5YsJfFoA7V7D2FL9t5Ts9SzfofxIHlHLnCVRUyLUULFFWbPSSCo4i3AyfmzLUyeeReavM20SyL6XYOiviyH3HIjUpkUu9WObJScIHMdpYeszFuSgr81RPXlJT2Ok8fOJLb9ENVWUC9bzcxJEbiYx+oFx8iv/IBjljkY9zeDcgEr58Ug6YQljy5Dn1vOcaMF18mDQCLZG1eiAKJfzsSYmtfjHqteyiElEoj7IZdOr6Fi334scxayOC0NSXQSCWPAfNlFvBpM5y/TiZnDVc0Qn0H2GrfOMl+CPx79ClznATOFTz+F1Spj7eZXWRT1Dc158kxpCgvvOmGhSJNOdffqo1IWZP6G5SH+fawp4lWmyYo5qoghKa73t3UHE+7JICNFRUrCeCzmy6ij7qCywYyrzzo4Zk4fNyNN1pI+Pw6IIzujCU3hOZ9pML5vw5Lu/wb0xxgVAG2ff8JnX6qY84sXmdIGt8vlOH18Ue4T1htsm+rr39AdRnE0sSU9FwNKMvKz+l1/xdFyiGozqFfNIgyYmnIvGCr501+aSFgaxXWXE3/t41NkYK3kl5pK7NJE8v+wnr5LoAbSfxgz74ulouQ4n7CUttpGdxbTaT4D2v6qB8Vipo2KQOLXb5UsXKFGX/IBxyxLScbAXiPEp92PHHfQMdzvXEAXkMjmXT8nwuVCIunktLGTcZ3vk1lwENPMO6hFSsZET2/gaIPx0Uy/PZTOC2aazXbU0dHcLgEIovOCmYbmNtTT7uJ2iYug9ja8q9PYOfhOCSdlEVy3K1k7AZoOXWFEUAdHy7ZR0WAFmbI7SCqR3c7i9RpiPt1G6lsSvvzsS4IUtxLqvAbAyNGjGS0B19WLfGKD6DCQSNyjaiQuiIgI4dMDf+JwoxEz8Wg3pHByay6j712L8nQJv/9gGgnp/QQ1u/yv/TJ2FKjGeZ2mWza/uQQCgUAgEAi+f4gAi2BIRExQAuexdULvqIO5Xs+ZjgjulHQAUib4PIyHyNzfVSUATrjjjnGeK+GMlsKdP5rYlZLRUujoyjjotBLATPGmXguvjuig01NOVPTEntdwrxfhcgJcx+WChDXPsMz0a8oriqmtAJASv+xxtCuTeq4zYKlhe3kDiuQMCjQpHNimobAyj7SDYLcrUD3oL8AiQ1u0k97Lj1hq3CMhjOW5pJf7XlEi6biIyQpYK8lM77lzyEXjp8yQjACc3hErYWpifHUIhHd/eA4mJkZBxcFOXMEKwp3n2KYtpkc4RiFBggRJEMhGeoNpwZEppEa6v/QDWK12wM6FS+0w2ACLpZE9fz7L5AeX4n9jHDPNn9lIig4DQpm1fC1jrCDpPEdJeS2dLheuzkA+5vLoor+Vg4MZFwFl2zMp7Fnpvi+Klk8x2mH8mO5oD6MmRALn3IuhBqxoAH+UJ7Fu7Um2l1RT0OCeEqSIXcC6p1OJ8PFFXwLXl4D+3V0dw/sYkJKWn0+Kn81fDB98BIBxt47lu73njR/sx7w0irgA7aMLO4D9CpdsoOzjFoH1Hzk9CWlJIafq6jAZrCSuWsXF3bs5XlPDPwygXjuTsIB+C5Fz/hNFSR7VR1uYGFSJFSUL5igBCzhBpZ7Uf+UBCCIiLMzTtclJSgAc81EX6NBqAeUypnfpzmml8fhxrowcSahESWKiimtNH/Oxx3YSyQQSEydwraWRjzuuIJkyifmerNeRsW7nThLM+3jsuUa+eEtLgd5E/No1rFm0lAf1W0jfO4auCYeXaksoqA1CM7oRaUwGEyI6GTMeQlwupLQSOmYM4yXQSSjhQQA2zhpb6bjqBILoPPA2p061egxkYOfWRqxWoOIdrshAMjmASoCwiHFIMXP2MxsJ/7StwwQCgUAgEAi++4gAi2BIyMf9EBnVvPPOAeav913M1sy7rxSgt8ej044E7HzZ5qBrqxj3C6L7ldcFjB4b0Z3TBQSNkPQ49v17MGldLiugRvduDl0raTTVHKDFNZZRnnSh3mER/SMBS9NnjE15hnc3jqGl0cDRfW9RUb6TY/OSeiys6mj7AiswfcZ0AFLWv8wlbSoVJkC9aMiL2EpC3XWam1lEeoL7RjZTHYdOdTLp1rEopGCMzuDdrgWEHSYO7G8kYqqajr3X6bnobDNGO3hfI2V4VebAeNoM4dNw1u9CV6JHNTeNF5ckoFTI0W97hALPwAGc4HR6reFoqSK38BwPPigBpKTlv4KzSENJwRZiYgoGXHgWwHK6it0VtcRPmEl0PwusyifFoKCaipIKHty6BjnBRCcvctvUUcfe8lp3QpeLQD6Gkz7bYbsxsWNTIQ2KRDLzHkYdqYC6IlLzTvRNKp+EWgrHL3vndjjb3YGwvuNW3IGdLgL54whLE20h0/jVuxokpiZOHSqjsKKS908u5NGQXoV6CwxY38H4d6drFOr4Fczxu7NuI5V6M6gXo0udjqTTBSEhXDxYSGGlng/qf8aSEf7bRwgukCaT98oMtmvyyMstY9fWlb12FBpA/4qp3KuAisJCQEHmvDk0H95NeX4+oCBjeiS2gfw2LIFF8VKK9+5iF0akiRnEBQPI"
11:15:14.522 [Forwarding screenshot on session 7836b5d0-bd7a-11e6-9730-e5ec4f8847f6 to remote] DEBUG org.apache.http.wire - http-outgoing-0 << "mfXQXM6GBwiNSb2qN9XXgyoOZVg0yxYoya00MXf1PG99wuJYvzWOpn3beOOji/0U1jUCaST3rdvKokjAVoM2NR8rkLd8OVKZFKx2yvUeC+zN5bG9Tk/w0sAzRWMpSE/i7pWrKMgspgCYm2bhzZ0fYiYIOlqxY6f52HHMQeDscOKakMCaBPjkoJ7aO+ayePRpKmqVbN71Khx6jZyPRrJiSQyXq0tombqWWz8qRjJD7V8nACEywoEWUztde7Mbj58A6VQmiU2EBAKBQCAQCLoRa7AIhoYyhcfmKrHWFqLdVkpdYxNN9XoKNvwSvR0SM9YQHX8vamD31nzqTBbMjVVsLfh/7N15XFRV/8DxjyQwoqyKGGAKbii5ILmmkYlrmmakuaSllrmk4eNDWmqUmkv9pJLctdwqi0zDXDEjEdyQVFDcQHMkx1EEBmkGCH5/zAAzbMNm9dT3/Xr1irnLueeec+4d73fOOTcGFN48UviP8cq8l9j8tl49HwcSWb88nGRVKgmRG3k7ZDXrY+8Y9Twpno6hp0NODpBB4okEEg9sIHTZHLafTKHBI8142NES/Xwjpntat2yFFxDxyUdEXlJyKfog5+4YViZ+zdZoZSXOD2zb96IdELH6UyIvqUhNjuajOcvYvDmCdGsX2naxg9jPWXMogdRUJeHrlrB683pi08Gry+NADKEbD6FUKdkf+gWmR88gZMFGLqlUnAlfR5gS2vXrVfjruKOrO84OlpzZH0pojNYwAsyJtl1c0MasZ2v0JVJVCWxbvZ7EpHtY2gBYYWvvwuDAQNxREbpgaxnz1Jhy6vgs0yZOY0Sp838ATt2ZPtYXknYxadoCdhyKJiHhDIfCN/LmxGVkoB/64FRuG3OiubeCjHNHiL6kKnaALH3PHkc3HnF1IOvSIZYtiwDqlNLKXOjYxQVt5Cq2Rl9ClRzNp5v02wJgWQe0J9gTnYzy0iGWfRJZuK7c9vjbCVavDmH5xkhy7Jvg2bihIT1M2qLOuFiqdE3lmAYrc+vi4ghqHaVSRR4mEfB/ZiDeHi1p6e1NSw8Pej8/BBfg8Pc/cbXc6+N3wBJ7l078Z6IvJIXx0Y5LlSx/J3o85QUZGeDSFi9bJx711Q+pwr0rnY2aTentVq/74H6QkUhiBgwa1MOwVMOtrByybv1W6vlbAmhVRB/awbwJzxO4cCE//QYk72fdXv0VFfHFTopf2XeuJ6C08mXUS6MYNcr0v5dG9QdlIpd/M7RDKy9eCgoiOHgRc6eNxD5Di9YrgLnBcwmeOxGrjAwyMuwZMHYawcHBTH9aH/iw9niaAE8AF9p2epLho0YxZEgAQ57thQIFHfsPIWDIEIY+/zydDe+DzgH8X5zEmEFdgVgWTBnP25tj0Soj2brnHJYuDTj7ZSgRqga4GQJ7l/ZvZMma/ZSYjsi2HU95wtn1KziUnIry5FZWRWbg0qsLLoBOGU3ogiXsv1TKREZCCCGEEP8i0oNFVFr3Se+RY/kp6/fuYpl+nAD6N6HMZlJvd8CdoEUTWbhgPcsCJxlW+xI4byYepGKJ6UST5X2u6LZO7ccTPDaLJZs3ExSjn+PEzmsIc6f6QSnHhDpgb4Ml4PRIa9yJZO/qYLJem4nf1ZWELQtCP1JHgd/EeaX0SPEmMHgsS4M3E/p2oH5LTz8CR7Vm78LV7DoUx5jupXUVKGv+Gg+Clk1j4cJQQguGlSg8mbgoiJZAy2nvcytzAWGrg4kw7OE7Mojx3rbAeOYG3GZh2GoC9wIKFxSG0rG0MkSG7uzl7Wn64UWe/q8RNNgDa2wY4nWUXZuDGbMZwB1fX3diYxO5qoHu02Zz494SwkLeRl/L7oycO5VW7NSfRw7g1J3/vHaMwNW7+DS8M/MGm3mfiK0Hfv2KT5BsquXg2Syz287qzWF8ufps4XKFSztGTh/DsE5OgFM5bQzw8YHYGELevkeDbxYYveWkJc+M9OXsl2FMG6OvYa9uvihiYjmXqMKvu2ngp/u0edy4t8CoDIp0GjqOdkeXERaibyuevu1QxKr0xVJOe7S21jFtwEVC94YybW+oIesjGd3dBSelUVuss6So3Vp7V+qaMm7fBTKuHyMyIoO2zw+mtDmGj0ZEgsKXvp2KdUmw7c5g3w2sj/0RPpmJ39UlpV4fJ6kDht4h7v2mMvLEFL78chXRT4YYDYkzX/4tO/fA7stE7Dp2xBZo7tMRdiXR7qnO+t4j7Z8ut9062YKt95P4sotYO3+eLHzFdA5X9kcS1aUjY3oXb6caDhq6kaxffQ3fARNZNrQTWSdDeX59JIp2Ywl9tT7Lp4UQOCGNue9Ppb1hDKAldSA7jYw7GeTm5pqkWrv2fephePs2gLUT7dvlEPnDN6z/MhKtwpOJLw6kfUtbwIu5QbD9i63s3RzKuW4BTH6pOQCX9q8jLAlARcikibTzH8QTHX1o1sANe+xx83iER2wgKycLsu6DE1jaQ8TSaZxDBQpfJr83Bo6uYIOyL+8OgzULIgEFQyZ25ev56+iwZSbp144SG+VD1qR+xXoeWTPszblcmr+Q1UH69qfwGsLs8fp5W+7/eprIs7HY9K9M4FwIIYQQ4p+nVn5+fv5fnQnxv0pHaqp+mEJdJydKPrPpSFWlkWNpg4vTnzRuX6dBlZaFpY0DTrbm32pTFk1qKlk54OBS2nmZHJBUVRpY2uBUcI66VDTWTlT1jFNVKnIsLXFxKtn3XpeaSlpODjYOLpQ4PcO5O7i4lJrnVJUKSikXTaqKLEo/XtExK1IWNU+Tmqrv2WBZt4z6LKeN6TRosMLWupT9NKmossoox1LzoSLH0gXLpI2MX3jUZB4dfX054OJUSkLltccqtdW/4JoqRcWvjzITqFT5l55EOe1Wd4Y3xyyEkYtYOqxiLxG+dGgHyXaP8mSnllgDCRunEbxXRbshgQQZXmuO6iQLZi3jrNaT4K1L8baG6OUTCIkBd/fSXn6dgVKZQbfAUGZ2dwGSWfJ8ELEo8Bs5mXHDupd6n1CeCWfFws0keY7km6WPsuD5t1H5BxI6yZczh3ay96djXL6mJEMLKDBMfGPgMoA1oUP54vlJHPcNYHjD02w+Wo9urteISczA3T+Axud2c7/rs7hd/I69iVrs/ALZMK2c1zQb0bf3v7b9CSGEEEL8XUmARQghKig1OpRJIceZtmZLheacEX82HfuXz2Z9jBJwJ2hjCJ2qGgfQqVCmOeBeYrbqVJKV4OGubwCpyQncsfemZRntQZlwBh5pXzThryYVjW0FArC6VFKznXCyBXQasK7MiehQXrqOTcuWOAE6jYb7Welk5Vji7G4cgNWQfOkODVp6VDkgLIQQQgghikiARQghKkiTHMkXP9yi17gRFX5xkvhzJYSHsjkqkx6jXmZw+zLm+hFCCCGEEOIBkACLEEIIIYQQQgghRDXJW4SEEEIIIYQQQgghqkkCLEIIIYQQQgghhBDVJAEWIYQQQgghhBBCiGqSAIsQQgghhBBCCCFENUmARQghhBBCCCGEEKKaJMAihBBCCCGEEEIIUU0SYBFCCCGEEEIIIYSoJgmwCCGEEEIIIYQQQlSTBFiEEEIIIYQQQgghqkkCLEIIIYQQQgghhBDVJAEWIYQQQgghhBBCiGqSAIsQQgghhBBCCCFENUmARQghhBBCCCGEEKKaJMAihBBCCCGEEEIIUU0SYBFCCCGEEEIIIYSoJgmwCCGEEEIIIYQQQlSTBFiEEEIIIYQQQgghqkkCLEIIIYQQQgghhBDVJAEWIYQQQgghhBBCiGqSAIsQQgghhBBCCCFENUmARQghhBBCCCGEEKKaJMAihBBCCCGEEEIIUU0SYBFCCCGEEEIIIYSoJgmwCCGEEEIIIYQQQlSTBFiEEEIIIYQQQgghqqn2X50BIYR56WoNmTqwsq2Ds/2/4bLN5aYyE6zr4eb8bzhfIYQQQgghxP866cEiKimLZQPCcLMz/c/VYQddfPYQ9PFl1JVJq1cYrr2OVWKfGpB+jUEOJc+h8FxqPD9ZfBKwE+8WYYxYcqOcfN1ghCFfRdul8cmLO2nTbD+d2+ynQ+OdLIzMqnwW0m8Wpl3qOTvsIeJPqgR15LHC4y4r61zU"
11:15:14.522 [Forwarding screenshot on session 7836b5d0-bd7a-11e6-9730-e5ec4f8847f6 to remote] DEBUG org.apache.http.wire - http-outgoing-0 << "SoY9GkHfpdcrkOJtZrTQpzd/j6ZG8/qXUt/kk48TSa9WIqVfr39mvf/83h5cHXbw2TldxbZfsgc3uzAWRpjWZXrsaUOed7NTabrPsY/36+s/ooL1XyNl+9czV7bac+foUs51b67MKlt3NaZY/agjT5baJmraz+/tKbesRnx884EdO/3YabwdwnB1iOBYiYZZ7LvS8B3W571yvk+EEEII8ZeQn4ZF5Wkh38ICbx+romVp2Zy/msW2eWeIvGHB8Q+bVTy9tJrPojk6IN+lNt7Na4PWeE0uNFfU+PEy7uaSpoJUzR9lb5SdzTXDn/F3sgFQR5xn6a7cwk0q9MVOAAAgAElEQVTyLWrTsY1N5TOQnUNq+RuQXflUqy0zp4zysAI7wM76IbNpqCOSCFPp/16/8TL/GdgR+5rL4l8ki4V9Y1iZ6cpzM6jW+WQb2nd+MwUdHfRtv0BGWh2sSt2rZtXKyyNZlQ1trc1u2+wxByCLyMN3metvW7j8zMFbhrS0HI5OY+hwB8MaHSf2aci3qE27ZrYlEyyh5sr276C8stWo7qPMM9yvu1kVu9dBRhq41iv/GqtM3dWMUuonJ0e/ytL8/aAmODRT4OpQbGFaLorf8x7YMQ9u+5W0PKhFGp+F36XrmPolNzL6rtQBGbpyvk+EEEII8ZeQAIuoGg9Xwg53NXk4UceeY1Dvi9xYf4GIec3w/5s/uXi/6MvB+Y3/lGNV6CHW+WEWhWZxQwcuHR4GwLaeJaAPrKyMH8pQ99ziz0gVzkDB45FDX3cWja+PcUQlN9uC1hV5Nq0BthUImhTIMLtFLrs3pZBvYUFj5zxuRFxj98WOjG5VnRz+HTyElQOABfWqmZIVkG+hYPNPg/6Sa9KqkhEct/autLFIISFajZqmOAOg4ef9Rb2dIg7ehIIAi/YOR2MAj4Z086jIEWqubP9qZstWf/vAe2anKt3rKlt3NaNk/Tj7d+fqbVDUfOy7VCM/6sNcvz8roASk3+DzLbnku1jgqM4j/P8uM39Mfdz+vBwIIYQQoobIECFRZZnFPjv7tmR0N/3f2YaH9+TIBCYN2F3YxdrbZzczPr5aetf89JvM6LWbSe+dZuEruwuHHk1achW1+iZBA3YYlu1kxiqjrtHKGyx8ZQ/eDgXH2MPCr2+ZP4EK/Pp3budpRvjsKMzLoNdPc64w81l89soeRsw6ycJX9F3LvQdEcbpKERBAm8mx/Sp+2pvCsauZnN4Qhd9k/XnWystl8Yt7GPRKPBpAm3yNoICicu0yIJKdFezG79quMUMHtmDo0KL/AoY3w0MB6bHnGNRrN30GRPJzwXlqb7MwYA+DBuxm0ip9F/n02HOM6LWbQQMi+ezrXxhnKCPvFruZv9W0G/25r4/RxzCEx7vXYT4MK78vTaWor/NFeB74e7LqY1dq5eXx+eZrJTZLv3iN+S8WtZEuAw4TFptV4fWob7LwxaLhA969iq0ni51LIulT0FZa7GTc2+dIrvB6TNL67JWDfBwLJKfQ12cPn8Xq61abfI35LxrVe6/DbDtWwWETZrooVSRt89vkErEqurC+uwQcZtX2Sg5pc25IHx8gTs2FgjaovE14HLR5vTmT+8K9b25zriBPCSqi8sB7oKvhgVTHnlVRDDK6brsMiOCzyDTKK9vy67h617q5+2D6sV/o0+swYXvOMc4nrLCNzPj4mlFAtRplW6GeDubSz+KzV3bT55VfTIZQHlsVSRefCHYmF/W0O73zNCN6FZX/iFm/cLHwvln5+kk/9guD2+5m9bGC/GgIe+9w4fAn1xa7CVplVFaG75IZH59jmdF3yaBXThrdv8uWnWOuP19Fjr+HhRt+KazPSavK/k66GJ5EXB4MfqcLbz1vQa2rSr6N/ZOHZQkhhBCiRkgPFlFFD5X89Vd7j9iYoo/psafpMTgJgB4jGtFEcZ8ftmgImxeH9mEH1gyvY7p/dg5X47TExSaRb1GbnkNsiQ/XsPv9OHa/r+/F0WdIXSJ2aQh78zjNOjdkum8mQb2Os00FbYY485xLDt+uT2PVxChwGchcv7KH02Sgf+jQanNNlisU+svi9IYIBgemkW9hQZ9XG0HsbSI2JdFvSyo7rvvT1R7Uyiyitl8nyrDvvSsWuFT1V1ZNFpHhaZzPA/dWWTyhu43yalGXdGVsFjeUWZB8mcE+Zzhv1FtdeVTN1MfDuXV4MK/5lv/La8YNNafPWUK2IYEccGzWAA/n2mRn3icuVku+BWQWPGNosoiMyOJ8Hqg76rvqZ9+7T1SsFtASd7TocStNpWXDlBgatB7MdF9rLm49TP8pd4vWx95lVWwVy6cU575P5nwe9BnQmI4DtfSwSOHIp1c4Pa8pHQvqQXmVgC5x+nLt68zTjvfZtv0u03sfwCZ+KAMxs976GoNanCIuD9z71sfv4Wy2bbrLjF57SDkwkOldbTj98RGmvq/BoZkto1+vy/k9t4hYcZFTGZYkrPAyu97UQ1gpimLfdo0MPX6SE/HziUdpyKefIZ9BffeTvKOfyXCaknLJzMwFW9NRIgVtvUJpV2Cb06sOMe5N/XCdwa86krReTUSlR1XY0LWfDbViszh2QccTXa1JPvUbyjyY3LclAxumsOrAXQ7H6mjra835E/qAnV/fhgBEvHeQVz7Uku+i4PnXndCevs3uo2m8PSQKl8t9Si9btbk6rvq1bv4+WJ9snZbzsXeZ8cJd8l1sGDwEdu/KImzeKaxbOLBsoEP1ylaXg5ZcdOnFAy0PYW+YNLsi6d88pSUBrUmsLlutQXlVy+kLvzPUw5bkryMZPFF/T/Af1wjibxGx9gq9EvK4sLcjJ6tQP9k6LedVWrpl/gFoWDZgPx8fhXwXG8YMqUvcejXb3jxF5HktkSu8UBR+l1wk38KCniMcSP0pjbjt1+mnVZC0pS3lVZ028w8gF61JAK22oQdNxY5/Pi6L87FXisouu6wgVxa7NqjJt6jNgH5u9GrUiKDtKaz5/Fem+7YoJ5dCCCGE+DuSAIuomsxUNm1NwFaXB9YWcDedb0NTiMsD+rrzuDOc/OhXACbsGMh7/vpAx3svnaZZryR+OaOB4gEWK8PcKBY2rIwbyFAPuLknis4v3CLfxYEdp/RBjYtfR/LURDV37mWDOo04NeT3bc7BLR0A+E/ASdr0vc65mLtQRoDFGlCuiMNtRZzJ8nyL2qy/PJSBtjdZ+p808i0UfHK8PwGtagO5hM3ax4y1aYR8fovtM+wK57cYFNKDNRMcuamk6t26jYbx2AHtx3VhWYMLBL2fRr5Fbd4I9aZr6wZEvn+Y83n6YR+zw7rxnEsa742NY/dVeG/xBV4K61Duw4Ny+xUGb79ismz0V/1YNtD0Ad3K6A/jfAGFQw8A8n0b8dXG9rDvFCPf1AdTDhy8zXRfa5ZP03/W57Uzgx1Tmd07nqgamcpAwzeh+joa8Yx+voJxE2sTtTaNTfvS6DhUP4QkYtUFzueB/4IubJqhHybxQscIBr+ZRsjWm1hpyl/PnV+Iy4OAlU/w8Rj9Q/x7r57Dr+dFlrybyLi9XuzZqSHfwoJFB/ox1BlYdJtJLX4m/IoGNVlm1mMYBlPAmtErenMzPpyP0hoTtrcT9uSy7ZXzKPPAf2k3Nk3Wt7IZI07Sedh1Vk4+w+jLPShrhEytvFymtt/J1GLLJ+zox3v+ddj2vrm0uxJtbptTTZg/R0O+hQ3r4wcy0B2Yd5Nxj8UQoapczbZ/0hnev07s8XvQtRGxh26Tb6Ggawcb2lg3ApI4cPAO031dOHEojXwLG57oYAPaW6xbriXfwpbd5/oVBtki3t7NuBVajp3J5r0SZQt7Zpmv46pe6yd3mLsPFs214dDXkwNhHXEDbkYco/MwJZFH0+BxTbXK9vzaMzRbe6bE8nwXV05e7o5b+o0KpW/lAKQVH/JoCIhYAdxmyav6YMGiIwN4ua01+gla9/BRzDWO3nBlUxXqRx1ZdDR1RII+uPF4E47u7aRv8/NuMumxGHZviufzVz147RHj75K+DPWoDek3GdckhoPxGu5Sft1tGxvBtmLL3F9/jOOLmlb4+NZQ9P3R6HduUkYA9GIym+IA/6b0cgZ7/+YMskgh"
11:15:14.523 [Forwarding screenshot on session 7836b5d0-bd7a-11e6-9730-e5ec4f8847f6 to remote] DEBUG org.apache.http.wire - http-outgoing-0 << "fMtlIha2+NsPtRVCCCGEKQmwiCqppdKwdMqFEsvd+7qyakMH7AH/eYP4ZfLvZFv/wcXYm9y4kcbpKP2vzXYl9izi+KInQw1Pim7tXHC3uIXd8OZ0NfxDs5GLUQ8NWwVOQK0DV/DudYeRwx/G/ykvbmZ0Kjf/+kluFfRsbxQp4A/u13GimS2kJ6iJyoPGr7c2BFcAahPwZmvWrI/jyL4U0mfYFc5v8XxAI31+3cs9bKU4t3Vj0P0Ugt5PA2rTcXALnrDPYuEVQ3TCw5Y2LjmoqIvPoxbsvpoHESlEqTvg71xu0iVVY66FKcGdeMLDGl5ujs+cu8TlgU7zB6izSDJs4z21PdP9GwINWf75HTqPrcAQLjO0sVfZcBVo5kQzsriphMadHWGtmm8+vszcoZ1wJovT0VryLWyY8FLRHBQdX+5CeOffcXlEwbbh5a235LPhhh5OunT27EwnG7Cy+kPfhmPUnEnvSEff2tSKzWVK990cHu5Kr77uLDwXwBrDA6S59SX9Yegl8AeZgD3ZJJ/KI9/FmbcmFz0auvm3483Hr7MkJo0LavAop94dfG15rH5RD5b7dwsmOK1I2hXY5ooLaqDx1Db6B3QAezdmzXQg4s3KzWRt38GVHhbXOXJEDTMsObglD7q50N4eFB1c6GGRxJH9KtJnWxITAXRrRHt7gAZsuj6Yu5psuHOX08oskhLUHIw27nNRvGw1nI41V8deVb7WK3MffO41r8IHf7dObvhYKPXDcVK11SrbfBcFg5+sa7pQ+wdaF1v9pV/N9AsZrnnHF70MwRUAGyZt7IF/poI2jevxVKXrx9SZ6DsAvPFOu6KAor0bsxc5s3uimhRVNjyiX9x4Ygt9cAXA3hFvHziYZmH2dufua0PT+kZzRd3/g0bulpU6vg5wfL654fvDtsyAzs/br5OWBz171idbrUFNHboO1vdg2hJ2G/8JDc3kVgghhBB/JxJgEVWS71Kf9V+1xinnDyCPbB04PlKfth5GPUY0Kla8cZINB3LLTKc0rs5GT522lthhOtmpyeh4hRvLd3ny0pAkzsemsSo2jVVcIN/Flk92PElAOW++8H6xPdvLmPixYJj+jYvFJlmwekjfm+OWtmgOGmcHmj2gXxmzjedOyAbS73LM0Omm1lU14x4v/o5d828Dcn+1PQcWPkK20RuNrGyr8GYi9A+cXdsYyrj4PA9GPV98Hi/69baeY83cdn788hoAta6m8FSzFNOVcTfYfc6Hl9sWZMCZ1sZ1pLClo68tkGV2fcHDWFjgGcKKZ8LidzKzYeCbnRidcJxtR7WErUgibIU+tBSwtAsfT25sdn1prIr/3wFILj40z5rOfjYQk1fuQ2O+hYJVe/vxRKkBnawKpW1um9+T1fo31vxqes084mNPpV8VpmhAL384EpHKsViIAnr2d9X39FG40H8wHAlXczTSklNAz2dcDQ/itfntZDyvT75CXDk9O0zL9qEK1TFQtWu9UvfBP0z+LpiFQ321emXr/WJ71pQzyW110y9kKEiTezhg79GIjoa/kytdP8XWWVmQb6GgY2vTe7uTS8l7mJ2dZYllFTE4uHeZk9xW5viujc2NIbvNtuX6e1DUvON0mGe69mDoFZInNCyzZ5oQQggh/n4kwCKqpl4dOvk2ouwfzHV8MjaGDUfBfYgr00e60rpZfZpZ3aKvT8mu6sYyKjm3X/0u7Qi/1Y7fLv9GdNRNvv86hahYDdPHxuEX17XMPJb7ikvDa0G9W9UtsUoH0Mym6EGzXu2Kv42kEm/QKZW9LR09IO6qPsj1wQfuWGf/Adk5aLDAtp4dncz0XrGztsReYU2544iwMHm6qdJ0i9lF+8Wd0sBA/ZCd7JwaGB+kvcmm9bnkWyh44/+amNSx+th1Pt6uZfWm67z84cNkpwHJ6dzQQtFzn4Y9W3/Fqr2z+fXoh459cqQ33er9URjAys7MJhsrHnEGcOHtr57hbU06J6NTOBB+nW27tHwzJ5Z+AY0Z6GxuvflTzgbwKD4veS5XE7SAldnAWqaGMuu8Immb2+YhN3scLFJwfcT0IJmpVWk91nTubQsR9/jycy1pedCrRwPDutp071efWrvusmnFddN16Td4PeAKcXkwaFZzhvg507pNA66uOsi4D8uekbYidRwPlbvWgercB43ZNq5m2ZqZ5LY66Zu8achQcBkZpsfTKm/y7X4NrbtbM78K9WMsW5NHrTwtV37Nxb9t0T9hMu/nlNi2st8lhcfIyaYoPPzgjq+OuMLuPHB4vBGzRtsb3Whz+GlJEhFXU/jmmI6grlU7DyGEEEL8+eQtQuIB+YMMrf6X8w+2dGf0wKZ0bGXLhe+TUOZR1r9dKy099heaNdyJ31wlHm0bM3pyV7Yf7k4PC4A8sw+dZbFv3QgfC0j49ArHjP7dfzpMP6lq41YOJbquV0TG5VvsibjGnj1XC//bufMqp5UV7eVTB9dmhj/Vf+DyWAsChj9Cys6rvP3uZdZsvcGtqr7FCMDwjFArL4sD+2+jf7PIRZMJdSvMVoGr4c+ELefZeVEH6pt8sCil3N0qInlfsn4I14utCJrQlpeN/gt6vxXuFnBj/RWOpVvh8ZgFtfLS2Plj0dtu1BEJvDLlAjO+0phZn06D+vo5TBJV4ObhgIeHAx5OGub3/Jl+PU9xQZtGUIudtG5yhFvu9fEf3pZlWwax7tXa6GPY5taXr6CXhZ1C31vnswijt/YkX+GT8DzAlmZmgjRl93CpSNrmt2ndxg5X9NdM0dt1sti2ovhwsFzS03VmXzfepocLjuQStklDvkt9HjeavLnV4w1xt4CoA1r9OsODrvqXW8TlgcO49qyZ34GBfm54OGdzOqbgaKYBzoKyNV/HZedTm64jPb2s67dm7oOKRhUt2zKYCexWNP1sgOQ7nCzsOKfh50ijwrGyxImCa69o8e53jxMUGM+un1RVqB9TjVvrg96frTWeRyqLbStSDFmoZhDbjJo7fi67N+nLd+TsTrw8xvg+1pG3ZusD0ps2XCkvESGEEEL8zUgPFvGAPIQdUCtPy6ezTpPZ354r+66wdK3+4SxDrf8HdVUDIAXsvRvhb3GFiLWnGGGdyshO1pz+Vv/w7fiYU9UnnLVvzJSJsbyyNo1hbfczf5EnnLnOghX6CWenj32YorkCKk656zqv7LpeYvnorxrSsVNFeopY89zrTVhw4Dq18tIY16ZoQEMtgFautC2tl0J2xXqh2Bq9FmXbxJ/ZNtF0fQaVoGjEjMW2RLypoZZKw9RO4SUmWa0aHeFr9A8mz41+pORq50d42f8MCw5o+Cw8nY+ntyBo+0XWjzpI+rut6GmVzgdz9A9Ds8Y24bnsrHLWezAy8z4LDlxh1bD9XJ7VnMGeeXzzbpL+1cCzmtNV4YCyvwXbNt1l2IBIZk1yhbNKPlyfC9TBycqBzuWuL+0c/yA7DWpdVRIQEMnURV0ZObsJSwdfZ2XAQdQzm9LaPptv31GizIOeC5rTqozSyi72/5KsK5C2NU7mtrF3482Z5xj3YRqDukWwaM7DJH99kQ1HTY+mjjhFh2FKfN7qxu7ZZV+hiraN6MEVdgOOTzakrfFKDzf8nC+wTQWOTz5cuM65gzNtLK6TsCWB+R3giYe1hH9wkTDDm6u02dnAQyXK9qU5zc3UMUSUlkn1NQa3OEWChysn47qXcr+p2H3QLPvGFSrbsiRsiWVQzLkSy3XabDyH+rJmRkXSt6FrdwWrYrVMHH6Y2WMcuRqWRNhRffTVCsDejamzbYh6X8OwJyOYP8ed7BPXWbo9j3wXV14d1YjoOcpK18/jRrloNcabQdN+ZvemePpo0xjlp+CXbUmEHYV83ya87GdTNMazGPP3a/OR5Ooc34RS/4r5fIv6DCllOFKrZ5rT5j+nSPgmmT3veFT7u1IIIYQQfw7pwSKqxsHcBta8urE9PVwgam0SrwyLY8n6+4xe0AR/F7ix5TdOa/W/HBfRz29iV8qvunZGv8BaWRs9kSoa8f6uVvi4QNSKJKaOvcCGXVrchzRhR4nX3xrnrvTjGBv4YV8+nuVALZWGBRPP6IMrzWxZtK83o1tZU/DLd02wswKsHsKpIH+2"
11:15:14.523 [Forwarding screenshot on session 7836b5d0-bd7a-11e6-9730-e5ec4f8847f6 to remote] DEBUG org.apache.http.wire - http-outgoing-0 << "xX8FLbpUnf06EfWVJ22KXb09Xm3N54ualn4Ao7TL+9Vc0bYDXy4wPSn/15swyNBrxsuzePSm9FtIQf47Tu7NullFjSXfwoKAWa6Fea9XlV+b03/jQAzkuzRiSNfSTsaaweP1fWfCt11H17YtUTua400eYfMuMOPNFG6gYMbmJ3i5VW0U5tb7diAqvDk+LhDx4RVmTEkiSgU9Xm/N5/ObAhCwsDuT+9Ym7aiauWPPMPfDu9xztuWDQz3pam9+fUm2+E/Td0k5f0DNl/vu4ezXiR+/8tTn88MkFsxTkoAFAQseY9OMsgMVVgoAS+qVM0lLRdKuyDb+859k2au21LqaxtyJF1gfYYH/EH2bKTy8oc7VGnPBhQY88bz+N4Cnny5+fg48OVxhWNeoaLF9U5aGNqJWXi4bAs8w7oWLfJPmwIy39GUZdzSN0srWfB2Xca1bWRoup7ImTq3IfdDojItVkv4+pS+vCpVtGWqpcok7mlXiv/OxuSQZXt1ckfT9gx5j9OMW1Iq9y9LAK3wTo2DyLNOCeWJ2bz6d5UCtq2ksmBjP0rUaHB53ZvOBzrhVsX6KyuchoCFr4rsw+nELzm9XMnfKFcKO5tFmSBP27+xkCHKV/l1iZ2ZKlHrOFSnPihzf/HdMcrSS83nQcaaHafCwgLM7k56vTa08Lbt+yijR/ozbhhBCCCH+Pmrl5+fn/9WZEP9kudxMziSbh3DysK3SsJqKUis1ZOZAPac6ONvXYOes9CySU7OxsrTCzb1qk8E+GDqSk38HHqKeky3ONVm4hnOu51SvRspSm67ht9Q/qPewA87m5n0ESL9GnyanyJiqfzVqzTDXFiu+vqzy1qo1/Jb5R5ltxdz6kjvoUOvA1t7aaPqUB3lNVSRt89to07P4LTUbKycH3EpskMVCnz2ce/UJtk9+QG9I0WaR/JuZa9ZM2Vb0mrq4NYJe02w4mVZaD5aS6Va3zsov2+qrSPrpSg2pOWau5/Lum1WunzLyUUP3qcr6q48vhBBCiL8fCbCIClu++Dz/t/j8X52N/yndezgTHVX8TT+igJSPEEJU3X/mtGHmnDZ/dTaEEEIIYSABFiHE30/6Nbo0OUXm1MdIqLEeLOJvQZtFssYKD+d/wi/+udxM/h03D1vzmwohhBBCiH88CbAIIf6GcjkXqYRm7rR1/yc8iAshhBBCCCH+6STAIoQQQgghhBBCCFFN8hYhIYQQQgghhBBCiGqSAIv4x0hXX0N5z+idpzo1yer/nQlU09U3UarVpOse7HG0926SnHINdaa51+Qa0WWgTLmGUq2mEnv9b/sfaz9CCCGEEEKIv5YEWETlZB6i5yRP3jp5s+xtdNfYEraJi7oyPj8Q13h37lM0/upo4ZLIr57Fc+77JFc7bTVL5nhSa+Fa0qudVmky2LKiBw5ze9J4bheGhx+vQhqGPE7ypN+mI6V8BtDyw6ZR1JndE893n6Lhf9rwUWKG+ZTjQmk7vQON332KxnO70GnDoSrkr4IyjzBskj7f7578a4MbNdd+hBBCCCGEEP8GEmARlZZmZn3k1jGMPbiOK1mlf34gUmIJARZ3bWdYoOanMyk06dALj5o6RupdNDWVlrF70ayNT4G6vVjcZybTO7WuVnJZudkA6AwBrYtZ9w3H+YnZ0ceMtmyHt4udmdTUrPx6OfFGS/q0blat/JUrJ5uCsIqO7Ad3HLMeQPsRQgghhBBC/KPJ6zlE1dQ2vJZUpwVrhckqqzoNAC31bEr//CBcPLcH6IpfG2f9AnUsYfdh1GO+NXoc6xpNzcCmLgDjB81j9lNNayhRZya8uhLP66k4ubUtPI4rEA+EBJ7nDS9FeQkYWBeec4/O6zgyoXcN5a+YgnZkU48H2Ewq7gG1HyGEEEIIIcQ/l/RgEZXmAFw7u5mpczypNb0NtSb1YOZO/TCUc/sD6R55FrjEk9N7ELThNZPPH8UlsnJ5f4at+pB3l/en1iRPak3yYcKmbwt7LqC7xMpVo2hqGCpSa+ZQ3t1fNGwmPX4tPaf3Z0Ph8BYtUScPQ+N++BiiAckX9hNPS3q1duPiz4tpO3MoU1dNKUyz7cJgItVFs4mkX/2emQsL8uNJrek9mBp2qNT5RgrSm7khkLaF6S0mNiWOJQt7FJ7T1J1HjNL/lgnzexSm33Z+IN9dzUAdH0rb/04nCji0ewxtF4aiBrTq4yxZPrRw+6ZzJrAlvmBYltpQhsFMmONDrUmejNp5ulgu1ew/uJnvTn7Noeu3SU/cRL85czhgWPvtF0MZteF7tEBy3CaGzfQpPFa/FWv1w7l08bw1fyBzUvX7RJ2YRc/5gcSojjN1Tn96zhlaVAeZx5k632hZwef5U9jw41qGTS8o1/4sib5UlM17x3lrYf/CdjRh7ceFeSzPxZObGGVSnlPYnlg0pOjiz4vpObM/EzZ8yFuGOmm7dBPpZPDdF0btYGkwS1ZNoOecHkwIK2pjxu1HCCGEEEIIISpCerCISrMBvoxeTpPGw/m0SwMifl5JyN5x2Dc5zgu2rXnWehff6ewZ32EoXo1seNb6QOFnb5d6xKov8V3qJb6jK5+O/oiMU8uYE/1fTmTV5dzk/mxfO4Kp8emM7z6bvo1h1+4lBO8YCW7HeedRZ7Jz7hKlu0RPjQawA90Zvr4BI4d1o6BPxolTu8BpJp3rwYnLkcTfv0T8L2eZ0mchT3CSFw5u5sm5tzn1yUp8s/YxaNkbROHKnD4LaV0nhe8OrWTlwVdo2Ow47/iYnv+vBemdOMv47jMJuLub4IvreOzddVC3FyEDhvLzjytZuXccLbx+4Q2PC7y87L98Z92Vxc8E4vb7SeYd/JphyzI4+c5LjG7fjdUn9tHKvQe9PJtjlXmEUXPH8R0wsvNsBjS6y9rv1zF2RU9uvnac2T6QYShDrFvSty7UqVO3RD0pU47xXSo8+nAqcxomc+B+SuG6KNUlSIvmzbgEOqxeZ7LfgfgleM1JIum9PhxRpRitSSdKdZLUnEGcTb1EFBTVQU4mZ1VGywo/XyJq+76iJHSXmLNpPK1aRPGsXTwTZo9kY8E66xQ2xhsfr3QXfwzEa/suk55f4kYAACAASURBVGXxqn28ELKPxIlHeKeTG79ejiTq/iWiThgFcxq4E7VhOMOMlsUnbWZO4ellFi43bj/lCf4pmHcj3y113Tt+7xD8ZLDZ8xFCCCGEEEL8M0iARVRaFoDnbBLffBUFMN5LQZ2Q5aRr7tPqiVf577U9fBepZez4WfhZQ+v0A0af1cQC0I7dS77gaUfgiSdRLOxA4C8fcfBeW84kpwNdGdbnBZ52tWNE5/a02vIjj9nqu6c4+8zh908CURiGJqWfP8IB7PmqbUtDDuPYdRGeHfA49oBVbf12U4bt49N+LYFRdLAFrx272BZ7k+ZOKrB2JeTVPbzxqH5OkuebQJ0VK9HlZgNWJudfmN6IfXz6VEugL7en92elrhfRizfQzRpebpLDd6vXcVujgax7+t45Dh0Z8fRzePAcPVzdWXHZFtv6PZk9Bn44sY/uvd5ito8dF38M5DuT/MKLPt70fPcN5ny9iQk+49BPr9KVA+9+QR9HADVLfjKtp4KhPQ6Ac6dg0hp2ZND7bxBFS756awv96+v4bNkTADTxfIczb47DXr2PfnOncOD+16y78B+OfLKPt+b0Z/F9ePTRD4h69Wnsc47ySfFGYYnp0B6jz4+2eocfZ46D+FAarlgOpHDy8k16WIYVBleCx+3jne4tif0hkMe+Nw2emNAdZ44huNKk8SuETw2kRe4Z3lo+kpBUCN6yghc6LSmsI4Apz2xiepNsUhUQ/IE+uNKjwwfsnvwc1tf3Mer9KXxnchDT9lOeggBK8SCLBFeEEEIIIYT495EhQqJK+jZuX9hbROHenr7AwctXAcjO0Q+syTZMalv8s04HeD5Lb8eC1OwY0Kk/oCL19/o817s/cIxB73ag1qQejNpyhMd6jeXpJkUTsiqM5n05cXonWPejs6v+szbxKF8CT/sUTBarBVwZ2Lll4T6tHh9ED+DkhUTsvcZx5P3VPHzlU6Yun0C/OT7UWbGynLPXAi0Z6lOQniON6wJ1m9PcENUwmZ7V"
11:15:14.524 [Forwarding screenshot on session 7836b5d0-bd7a-11e6-9730-e5ec4f8847f6 to remote] DEBUG org.apache.http.wire - http-outgoing-0 << "0Qt/J0C1Es9JnjSdM5R1KU68/Mw4WlkDOdmkAbpc/RS6v964UCK/uHbjaSdAl4MOQ/Ckbls6OFJh9vXrFgY9nOycsbdUc0Kl/3w9aR0vL53AqI2rC4fohJ89C9aO2BnOycHGAXvriszbYiqg10CcAeem+nYCgCWcP/+L4cMQXuiuP1df/2FF25QmK7NwKNmopyfS1lGBwrkLMwcP1y/U/cKVe0bbWw9n1tM9afVob7rVNwQHgU6PPYE9oGjSnxGtTMMoJdtP+YKfDOYdv3cKP0twRQghhBBCiH8n6cEiKi0N6Nna02hJNlnoe0pUVBMbR0we1S31T/HZOeD79Epuex1i20+72ZvwE1/+spIvf1nJswO+ZcfQYuN1uMbeMyk82r5P4dte4k5HAEPo0aQwBASoyM413s+q8FzSE9fSPmQJ14EmTl3p/choPm2bxNTIfdSMpryz+DyDft7OtlP7OXjxGIsPnmXxwQ9YHxTJBBfTrfU5u1/mO3RqbKLdnEzuGiWqTrsJKBjp2Qttzl283J3MJmFd0LvH0qrMbXS5BWdSxhlZW1P23sVYlpGEZRmBn7r2lDbKx3jrzBzTdSXbj3nGARUJrgghhBBCCPHvJD1YRNXklnxYLv76Ziub0j9bW8P1+F2cK1yjJerkLsCFRnZ3+Wh5fyZFwRsTQti/PI78dz7gUeC700dJL37QlFhCdBDQsej1zAdOnaXJo71oZbJhOhdVGYWfkk//QBTQp7UXJ45u5joQ8vpxri3+gg2TZ/F804LeMhV+9C9T+tVvGTZzKEecRrB85hecW5PE2RFDgHSuqkp58bOlAkjn7JWbRcsyEzmRWu2smKrnRS9DDKVJ00COLN7HkcULaWdjTdOHe9CrbRk9OHKKeoLc1uhfAZ0cG1WhyWmNtWnTQf+H7ms2R18D4NzRH8ykY1XYCyc8ao+hN8s1tu0vGFbUmubGvXp0Rn9bGu3743Yu6rQkx63l8yTjVlVW+zEv+MlgCa4IIYQQQgjxLyY9WESN0/cUucTHGz+EgGnFPr9g2Oowg+cH8+nwAdw6spiJSfDoo1Po42hLQtolvrv4ChMsP2BiR3euHD9EPPBos9bYA+r4UDqt2MAbrx9gwM1DQDv6Fn89s2/J1+vOWTEcu3Fv00ITxSs7vgZ68Xw7N6xuPwKk8PPxg/Ss045biWFM/f5rAGLPJ0InL5Pn9Mqyd6rL5fuX+G7teKwCJtPF6R7fRv8EQEM72xLb+/V5jR6RUwhePwJS36VvwzTWb/mvfl6WQc/hDKXmp/gy83l25tkn+zNnxz6uX/wvTedsofH9s0QZdvTxn1Z6OjZOGEqblduf5exPdYlSlZycNqvEEtNlzu2GMJLNfAkEb3qKsHBX4lNLpmNc32882pO3/NpxIPIs8fHv0nDSRzQhneuGbQNHT6YVcKu0063Xk1nd23Eg+izxScvxmr685DbltB8hhBBCCCGEKI/0YBGVVtZQINc6+t4eHToO0/c4+WUl0/acLPY5rmiHtM0MWjGSib+cpUer2Xz/+jOAHa+9to4pTvZsjPwv3UNGMjZ6Hz1azeT7F3rr98vRcJ10bv+ezaGj+8BlYOHrmZWX9xOPa6mv121SV8XUTePou2Md1+v2YsdbIXSrB77+Mwh0see7E3N5bNkzDPp+M093f4VnreHA1TOkA9YmQ1PKGDpiNHbHqk59/aLaVuDYny9GT+FR3TGmbhvHYyveYPENCHzmy8JJdU3K1Lk/u4M+YGTdFIJ3vEL31f9l4317Ap/ZZJhUF+xLDJWxxt3BMJdI7dI+l57/Vv1WEv3McJoA11MLgistCZn4Iy8ahsgUnLuNoX6x9uH/xk2hCaB/s1AKIztPYbyhN4xdbSuMe5pY1y7oBVRsmbUPG9/6iJGGcotPTaFvq+E8W7fgjAz7GdU3gN+orzjQZwiPGo6vD660ZPHo71n+hNG8NfpETPQZt5MDfYbTo66+bPp2mM36Du0K15fXfoQQQgghhBCiPLXy8/Pz/+pMiH8iLemZ2VjXszM8zhd81vHRnC7MYQq3F88C9U2oUx/neiWDFun3bqLJBesy1hduQ33cHQ3rdWqSM8DD2blwm8hN/XkyWsFP/7eTLjk3uZNrhbvR+gJq9U10gK2dG/Y1NtGJMS1q9V39MZzdzL6hxiRPFdy+ynRqku/ex9KyLg2cncsKIRXbJwNlhqbc+qkYLUr1LajthLujnfnNjfZTq++SCTzs7FaBPKtZufRFduGGe4PeLJkwCmfULJnfhTkqeLTzSs6N8S3RfoQQQgghhBCiImSIkHhAFNibPHQXfFbrh5zo9DOLOjuX3VPA3tF8UKHENtbOeJT6bKwlMwcUjm64l5FWeXmpGYpKH+PB58nA2hkP10oGFaztcHeuTECkLArcnZtWaT9nZzcqnmtrstMucSD1EiQd5lDCZmzvXyLesLZPC69y2o8QQgghhBBClE+GCIk/nb0lNfgqnIpQAIoamK5W/G+z442Z+uFnANcLgyv2TOmzjvefaPoX5k0IIYQQQgjxv06GCAkh/nW0mRloftegq21FA8cKDokSQgghhBBCiHJIgEUIIYQQQgghhBCimmSIkBBCCCGEEEIIIUQ1SYBFCCGEEEIIIYQQopokwCKEEEIIIYQQQghRTfKaZlE5mgTWfLSDe5aWhYus6jnSom0P+vp5P/CXA2mUCfxq2Rxvl8od6czGN/mcAELGdyqeIvvXfMqJe2B0RtRr6EbPvgNp725rLkeEL/+InH5TGebtVKk8VYjuEhtDtnPbKHcAOTk5uHUfw/jeHtVKe+u6A6RZuvL0S8PwKF6kmgTWfPQV9xr2YOqkftiiI3r7p3xzJIkcLPEaPJlp/VpW6FDK6O18digZS9PTICfHkWFvTMLbXDFXliHvtx0788a0wdRU8pfCQ9lyuQlBM2sqzVT2r/mU8BOXoOkg3ps3goq2Il3yfpZtvMywoGlYRq9hS4KrIV+VSbPqxy8/b4cI2XiFYXMn0fJPfWMYpd+jrOrRsGlb+gzzw8XM7jVfx8XVVJlriNz6BbFp4Pv0KPw8iudWf2+Luu3IC4ZrTHUmnLWf/4gqJ4e6nv2YW8Fz1CUfYtnGCwwLmlbz1+qfrKrfIX9pm66iS/uN7wtlM76X1Ez9aghfvozrLV5g2mDvwmWH1nzKT0btEUB3aT/LNiTQ+/n2HNr1z2hjQggh/t0kwCIqJyedc2fPolLYYWcFkE1GhpaYyAi+/nks6+cNfnBBFs1J5gQuw31aKN4u5h6TTN3PSuFOdk4pa3K4diKWsxkK7OwML3LOziAjFiL3HmFaaCh+5R4qh+sxZ8n0LS3tGnD/DqdjjcvbIDsbWmZUO+3DkZFkYEfb50sJsOTcIepsIlocyZrUD85sIyQspnC1p8K+wof69fQRzp5VlbJGQfecSXiXsqZactI5dzYRlZ0LWVBjD8p3rseRGEONpZl68hvWR5zFxasdnm4NqFuJfe//dpmzicd5ImcalgkRJMb4kVPJNKtz/PLzdoHYxON0u/8XPIyWuEdBdkYG2phIdh25wZqQMeUGNGq6jouruTLPIfFwBDEZQNuhpQRYsrgcFUuiVsGdnElAKjs/2czZgtuGIxV+df393y4UtrX/adX5Dvkr23QV3TG6L5TH+F5SU7JuJBKZEMWowd76602XxIGIWJKAw+eG4t1dX/5X4n7kbNJ9eqRb/TPamBBCiH89CbCIyrGE3wG/6R8wrZPhMUWnZOvCOew6u5ltZx5nfPsH0JMDwEp/7Ho2NlXbuRx2ftPZMK2od4syeiOBIXvZ81MCfiPMPP4rwMqy/E2qrLC8P2Japxp+3LMEOyCDOpSa/brNeGnsSLLsWuEAZBcEqOz8WbNhUqV+dbc09Caw8xrA2AFekKNPKzfXkkdr6qkeAB06rLGua6k/pzqWpZ9bFVlaAoqaS9PSCsCOVxbMo32VMmOFJdB96lZ8Z1pjDWgqkWa1jl+OunVtCvP2pyvtHoWG/cvnsD7mMOdSx+BXTuOt6ToukX4NlrllHSCjrPuPA70mTsQ1ozbN6gL8RlIGgEsFAsfFD2QJ2GNjuFZ18MB7Kz4Q1fgO+Uvb"
11:15:14.524 [Forwarding screenshot on session 7836b5d0-bd7a-11e6-9730-e5ec4f8847f6 to remote] DEBUG org.apache.http.wire - http-outgoing-0 << "dBUZ3xfKZXQvqRm2+PT0IuzLRK5qwMkWNIn64ApA3LFE6O4C6Ig/nQTuAbS2S+Mf0caEEEL860mARVRNjtFvYtbujJk7i4tjFnL0SCLj23dHpzrJutDVRCbqfy519w1geuAIPKxT2frmfJIbe5EaGYkSULj4MnnebP2/t1ASHrqGzZGJ+rQVLviPmcykfg+zdfYyMoDIZeNRDZnLgiF12LjsE/YmqgqP8Z/ZI3Cv2gmZfHL39cKOvdy5eQeAhP0bWbV+LwV9MDy7jWTmzGEmww00CTuYs+RHXLzrcjY2CVDQbeRE2qftYfVe/WffgOnMHtEJSCV8+VI2xyQZTtOXibMD8XOv/D8pk6O388mqMJRaADv8xk5n2uD2hvz8gGUDUCoz8Bwyl6VjKvFIl32Xkz/+iMoFOjSIJ3hZhH55RhT/nXaP6YtnU//cdv6v8Ngu+E+czKR+ZQek6rj74te9ZB4Sdixh+XcJuPabzoIxnUBzkgVvfIKq6bMsnjeM38KXs+DrJHx6deTe0b0kZoDCrh0T3w0ylJmGQ2uWsToiEVDg5duUO2XkoaCeHJtakpioBKDdkECCxnTXByiSI1n3yWZilPq2q3D3ZeL0QPxMuviksnXefC46epIZE4MScGk3hFFPwIbQXWSgDybNnTseD2u4dGgNS1dHoE9RX07POx1nkqFMFz7/IgOCPmb0I1fLuG7gzNYFrLtoSd2UWJIyFAx8oXNR+e1cxpLTHgQHZDO7WJrjve6Uep3YnNxocvzeLzzFyZ1JvLZyAZ1sAV0CCyYux236B4zvhJnrVkX48uWG9qzA3UULZQ7GURG+Zi07I87qy8POnSFjpzPGzwNIZfu8+Ry4Z4lr3RwSk1R4Dghi6VArQhd8QqQyAxTu+HVxIfF4Ao4F7aU0xvcobHmyX0fWx+zlxm8acEov4z5j2nbPbJ3H58nuNM6MIiZJC3ZejH3Nn+ubQolUAQpPJs5+k37eTuiU0YQsWUWsSguUfo9ILVbm5de5viyOUZc7iUlo3YeY7X1j6j4XY37kR5Ujzbo1YuuUYMMDrorQWRO4Mf0DxjS7QejST4jUR15KzXMRFd+HzGNZrL7M3LuNZd7MwThR/jVTkXLR03Bo40d8vvcs+tuJL9P+M5WOWQdL3sfKvfdX4jtkjBfR20MICYvVb2vXjtfmvkFvD1sq16bLOmbJe2Fp94JJ/bzN3pdSz4Sz9MPNJGkBFPiNnV00/Cb1DGtC1hFhKI+CMr5juC98vHQMTpXIY01o4uMDX37JxSQNndrbknjsNNh1I8AnibDIWJT44a67QnwSeAb4YMVhympjd3Ys4e0fIPij2YXDhyJDA1mv6srKBSMe0FA+IYQQompkkltRM6wb4+ECGXHnSCWZkGnLiEy0Y2RgMHNfG0JGbBhBs7eiAbLvqzgbGUmzkdMImjYEe1UsIaHh6IBDSwLZHHmNIa/NZdGiIAa0/J2I9auI1jjx+NABAHgNmMgLT9ZjzRtvszexLmODggkODCAnNozAeTvQVSH72YYAi06nQ6dL5eQPx8gAvH2boTmzhuD1e7H0H0vwskVMC+hGUsyXbIs2HfKSk6VGpVVxNrYerwUFEeBrT8yXoaw+7chrQYEM8LIiNuwLTmrg0valbI65w8igRSwLfo2mqlhC53xOail5qwPcOL6H/eHhhIeHEx6+g/BDZ9ABukvbCQoJ407TAQQtCmasvyuRmxeyIPySIT8ZKJWuDPDvRkfPRpUslfsolSqUl9Xk5Bov15KRfp/0xO0EhoSh1CrwbOeFCyoi1gcTGlnaUCC99HNfsHz5cpYvX86SJUvYGql/kMhSK8nQarmXVvBQnIMqQ4vqmpos4E5KElqtipi9e0lp4ImLArQZZwn9v2/QAGe2LiwMrni2a8q12ET9Q1opCuop8ZoT04IXERjgy9ldIYTsVwIJLAwKJSbHm8DgRQQHjqSBMpbQT3aiKZZO9j0ViTExeE0MZNpIX1RndxESup/OEwN5bYgvGf/P3v3HRVXljx9/aQ2MKD8kbfyBJlhIERiymKCGJkpqrq4fW1cz66sWlmwFtaiJRolFbCttUWKRFVnmxppkRRp+dApBZUcTpRAVKscfs9jID8GBMf3+MQPMwMwwiPbj0/v5eNSDmXvuOeeee87Bezjn3NJcPtLooLaAFzLy6DVxIalpq5gVep68zCQO9pnAwqnBAETNXcDYwZXtthtdqYa6QZFEhY8loFfLrKz6qu8wnKyiZ0DrOOvstpPurcKO8K6hxnCS+qZbUFfNd4Ya6s0DFY7arTp9JVmF5UTOTSAp7m5q7FaBWjYtf5KsvGJqUOLj4wE1WnLSE1i93VQXqs7qqNFpKS03RdKzv4K1f0s2Da54+BHcrwa1WoPOqr5Y6wY0Go1AAw0NDdTqy/hw0w5AxZCB7g76mVb3uO4s2uI8ynveTULCXPwaS8lKTedYwCziYmfhYygnc1MRoOe9p9PQKEaRmJpG4oJIygs3kLKxxCo+7zb3x/E9rzupQ1taTsjEKCKDBnR4OVGlthydVkvV+QsYGy0OGKCRH1j9WDLq8ho8fAIIUCkpL9xA7MotdvvQUg0sSEhk4dRgtIVZvF+kx3Gbca5cwNyGc4vxnxrLqqSFBFdrSE94lR/a9GPXOuz7nf8d4kfJxhWkZWsInRHLqlUJRHoUk5GwgiJ9R+q0ozRbBbTTF6j1jvulhootPJacxZlBE0lctYqFE/1RZyWxWq0FtKT/LZm8UgWz4pJIWBBFeeEGnlpb1NwvdCiPV4irbwjBwMHSHwA9+/bq8Bg+mkljRwD7KdEBJw9TCtw+/Ibm82zVMf+QQKjRsGWv1lyORWxWa+kXEiKDK0IIIX51ZAaLuGJcFMB5qCrZhQaYmvQs0wPdgUCe47/EZuxgn34SxvOgDI8ldnqk6cTSHaTmf08VDQy4YyELx/kxLqwfel0lAf6DyC3WYTSC74ggVOm5qIIiuLH6M5JqIGDGbEYO7oWR8cyeuJu03E/ZrZ/ucAlAa4puYFCnc4863ep7ZcBU7o30wUU3igULArgtOhIvvR43v/4osb/oaFbqcsb5QoPLQbI1ucx4NI5x/q40uBwkN3kv9UZwMTYCjXx3uIIhI28jNnUV1YpeNv86rQDK1dnN06sBUEUxctxQju34Cgjl2ZXz8AXwT6S+fA7Z/9rB2UfN+VmVyPTL3DTAtMwGvIbO5KXEOuYl54IqinXpMRxca1or7xE+h8T4aE5tSWFZlgb15i+4P3KOzX/4GnTlFOparkRDOHMifaD15PSm5+ZupiNNCzaUwXN5c/kUGg6sZ05yDtTUUY+e3TtMcYYvfJ74cT7oC9KJSVOb1gPYMevZ5UT6AoFxHN89h+zPd1I7ZjxTFyxAERhBWG/QVRoJDQCteaDHKovmehwTHQH0pXCDhiORD5s/D6QoR2N1LWdOHOWHH/0Y89Az3HoGbhjgQ2PQ9WTkqBg2JpJeP6x30G7mYFrUEMqS5bH4APqitW3vlrsPwy3i7PfDRvLstRPjdKuwA0tLW+651Q/W19u23eo4uEeHMjKO2ClhQBjPnT9BbEbbh2h0e/m01DQTYGFaOuN8oMxcbwrf/xT9uHuak42KTSMmsjcNunweyQTwI+GlFwhzh+2rY8kotP/EqwAK0+O4x7pJEzprCWHuDZQ56GfaLpMIZ/mSmaa5C6O2kprnx5JY0wyM7qWfkpx/BB1hptt8Rktp+SlGhs0m1XcCil59raNqdX8c3/NJGDGVefy8SLvX6kjTtSi6D2V5ZgKxc1LRoSJuXToBpWuJMQAE8+jy5QTUq1kSl462+H/R6KcQYaMzmpW6kmhfIMyDgpwEjpefguBeDtuMU+WCjq+2lkPoQpbPMV1rwrPw3q4LYPzOlLa5H2so2cgcu33/ZKd/hwT6GFm7rRx8JjJzfBCKepj2wAzUydnsKT0Mztbpdn5vWbHXF3hD3TFzGdvol3Z/txsDHsy5bzJ93IwMmDad8F3FFG7eSW1AX/bUQFTCcqaHeQOBJNGdQ7iYi07RsTxeMb4MD4bMfeU0TKpmbw0MHxaAe6ALPuSw92stgZQAwYT4utI05dBmHQsbw1Sf"
11:15:14.524 [Forwarding screenshot on session 7836b5d0-bd7a-11e6-9730-e5ec4f8847f6 to remote] DEBUG org.apache.http.wire - http-outgoing-0 << "LHI+2UnDuDlUFnyOFhVxY5zbZF0IIYT4OckAi7hi6moAj+5cW18HKBnQt+UR283D9LdXBUAj+AcObHW2AgWu9O0FG19OICPV8pjKfJ7R9LxsrKeu2vRXudLsZGKyLcP6dHgdufE8EDCVhBlDoNH0hh7PvoMJ9DVPB/fypGp/JrGZ6Q7jMfGgj3nv17pGI6BiQF9X8+emK4Whc55ghvYfZOdkUpgDpuVDDxM3M6LNuvMaIDJuLbE2nnjM/ya3uGZXAoao4GTTZxV9+rY/uOLMv7GNTXuwnDdtANo06FFTmMm8ezJbAp6psrtBqEf4Ap574DaM5mkSCrfeNtPSHztoWo7VaoDE8/rrAHD1G4IPoG0agOkG1KgIvdW0SMA7aBg+qNF2s389ns3bMLgSEKSCHVXUu6rwbDzC6rhMrKugjT05GmHQoKYHRU96KuGmm5vqtRs9lVAH4B3Bo3P38XJWHunFpuUhquCJPPr4PHo1mi7SaARje+2G86DsSXu7Rxgt4myvnViGtcWq+Oy1W/0x9hvA/4ZeLd/aKffaM6dMSyOUAYSY1/L5h4TgkaWhxuocH4KGmQLUHTtqXkrkx2Bz0fS53vFcDiMQMHUhM4I8aGw0YqQ7AwcH4ONtagsO+xkr50HZ3eJ768+NTWWAN7MXL0T7cgbZGaVkm/M7N34xPq2arbEj99xmmV+mOmNzvq3vdzHJMfdYfK6x0x+09G3gSX8P2FFZDa6BDtqMs+WiQOECHj1aKoGr7zjm+TYNJLb0Y47rtPO/Q6g9jbYGqMklISbX6kqPf72HM07WadpL05KjvsAcxFa/1IgC0JG5rNUGsN3qOHnsWwyoGBbQUqCB0XMIBFrGYDuQxysocHgwZJawu8CFGnwYEeAOBDDaDzbs3cUuRRkEz8G0OBDs1jHcGXN3ODkZW9mtG8/xLcUQPNfmIKAQQgjxS5MBFnF5FNaPebUHPiOvBvwmhNDDuAMw8OOZBjA/0JgeJEwPPkagu7utN9BoeWNZBsWqcBJS7yXAVwVFa5mXurdN2grzro5RCWuJMW9kWastYuf+evOGjh3joRpC2FDbezkUvf002RqYEZfE+KBAvCli/rxU2rxz2KbzNkcv9GU/0GfcE3y4pDcVJRp2bXmfnOw32T0+ws7sG9uPPEZj2ykap0/ogAAuoLCbfmtOXYpleEwDUQCqyIU8e/9wqksL2HG4ihv8QvCyc143F3dU3ipaT9Uxts6kvSd+Y5sfTJ/OA+jQHNIRqVJRW3oQLTiYwaK0+vRDhQ48R3DxwDqSstT4RS3gmWlh+Ki8Ua++j3Qbf7g2Aj379LL67NJNYfUZoEFfxhm3YTz3YSwKbRn7d24kIyeXT/ZN5gHLZmQ04qjdXM6DkKJ7B9pJU5k3JeSisCo+u+3WeyCBSij5vrolXYXtRujeq69pY2XD8ebNL3WHS0wDKOcta4GxuQC9AwJQkYeuppSDOohUNVBeYW+HHZPzQMCQEIba3HDbyX6mQ/SUn4K/LF9PoFslB/bt5f3MDWSt3szIN+fZ3zelnXtuv69szYnaobD5IxBMYvrjDDCW88XOgyh6+xHgRB9qxDSLr9Zhm+lAuTRabKSN6dXByRlHmDTJuh9zXKe1vBHj3O8Q3PugUkJp4EI+XDLOnKiW7dtK6BUyiO2FW5yq0x2pT+33Bbb7pa7GGiCApA9XNr9xraxgOxXGPvTtdQhQc/iHBsICTXWoZNNqvZ282gAAIABJREFUPjgZSFTzjb4adb59PrdF4EEGWesBv1kEuAO4EjIqmA1Z2WQD4Qvt7wHTVMcAfEZF45dRyOa33uKMDiY+OPKq5l0IIYS4XDLAIjqsG3B83xeoazy5cOECp77bS05eMRDM3GmmVzIGoGbDC2kMeOYhBlYXsTq9EJThDPSGg0Dbp34jRupNf/Hv2Z+B/byoL9tOemoeoDKFNj8AHt+3k1OThxFMLnkZrxLg+RBBimO8uiKNYkMAQ6ZE2t2K0D4HoxBGgF70GTiQ7sYKNr6aQQ2Ypy63nurunGPb3iRd3cjphGeZFDCYvj1N/xLu6EBHwO3DQZ3HP9K38sTsMH7c9TaZxeAzdTS92e1kLDrSHpnPm03/km2sodfYBF64x/4ZRiBg9DBQ56JTf8TbXqeo251DsQ6U4X0YF9GxqdueXqaHF536fdLd9lGaqzYdcDADpYU3w0b6kJerpTDjKVZ/G0i5urCd8w28nb6OPrGTubD3PbJKIXjuSHqwA4Ce/Xzo7aXgwNZ00gsNrfa2bDUQ0J5Te8nIyMHveyPx94zAb8D1pu8t7rUR8A4d67DdnGmTdmtGq4EYI+A+dKzDdtLLImz3Xr2BGnLe387AaX7sfSuDti8Ct9VuexMYqKRQncHGYZ6M6XuGtzJM7RagQVvAG299yU0zFxHtP4QQD1DXlJP6SByhgT0oMW9oGTx5gu126z0YPyXoDFrSY+fzoUcNOmfeUG537YPjfkZhUZa0+dlmQhip5uP0DIpV35K4fDZ+AYPpCdDLy+6+Kc7cc9t9pXUcAOq0x9j/ZsuixZrGXsT9c7Hd8EbAO2wsweRRTDFvv/U+QZSSq9ECwdwaHeFUH2q5rYvtNuNsuXgTdLuKPHUm6wv6Mmmwkc0ZmZSWBzPV7XqrkI7rdF+nf4eU9R1J0O0eqNVvs3Z7H+4J8WTX+ylkqXVM9FvjsE5ba+f3lqV2+wLb/VLIwEZQ55K5eguP3juS+tLNJKXnQngs0fHDCSWbnNWvMuSZB+j74y7WbCikOjwUN4Xpbrf7u9WBsq3r2PRdfxbFRONOLdvXvsrRQdOJifZv1bZtzFlU3UqIEtQGCB4V0jw70zckAmVWMQY8CA1xvC19cx1zDWRqpIo0tQaU4Uy4Wm8rFEIIITpJBlhEhymA8rwNpOc1faMkIHwqf3lgDqY/oAWSsGoBySszSY2LMQVRhRK3PB5f9Ciw/oc5dANPNxT488dZoRRvyCZ2jmnud0B4KMpCDQdLdURGDGakn5LcvCxW1sWSmRpLcnI66U3TppV+LFiVQMce7RV0b+chPnjyn/FTZ5IeN490wMMvGD9lMeWHDsPMvs3XY5pV0xKZo89h98cTeSyF7NQE07R5lEQuWE5Em3+jKhyOMXiHxZA4q47kDZnEqU3LdHzC57J8zlAUBzQ4OUIBhhpqLHaF7VZv/5/dyn5euAHuQ+eROKuK5A2FFObkAKAKmMqSeAf7RdgZQAqcNp/wr5ZRqNOhztXhFxyAsrjtRrXdvWw/robNW8KMEyvJLtZRqC5E5aMCrYNdKQFO5pIUa1oa4Be5gMen+OKOG1MDdpGTlcScLAAfQkN90GhMrxs11VXT9beux/Y+uwbeQ+zEw6TnphOba1pmpgqdxb0RKigyxemmAFwdtRs409xOLFNour+tj5njxJcEB+1EbxHW1X8SC8J3k5mXQVwe4BOAh8UQi/1260r0kuc5sfxpstOWkW11BtT9sA91sQa3u4yAD7EvJaFIXkNeuRaNBkxv23qU+OktObKuKD7Ev5bE2tQ15Jfq0HULJvImPWqNFnsc13rH/cztFvfYVrlab77UdNyXhxJmsDI1m+RY8+CgRzBxf51s51WzztxzW32lte4WD+Y1lg2YXqZjCmgpSwVNi48U5nJ43Jx2uSbPNONL6ceC5Y+36UNb92VNPN0UuA+d7KDNxDhdLhGxSzh+NoXstGWYehMfZiUuYgibW6XtqE67d+B3iAfvxj/H6XMryc5IounXWeisBOYF9oJA+3XaWnu/t1oGZdrvC7DTL/mSNLeelKwsEgqzTMUYMJXERaa+Ni51IckrMkiNKzQXRxTLF0VS/faHTv1uDVLYvr8A1d/tQpMfQn1MNO4YOZqvId94BzHR/q3ati0qht2uQq0+T0SIb8vXPrcyygPyug0nyDxO4qiONYmYHM0adRb9osdd5tsChRBCiKuvy6VLly790pkQ/1c1oNdVYVS4ofLuwF7/tXp09UbcvFS4O7E3q16nw6hQoPK2/xetgvT5rGmcz7vxEc7nw4rpWnDzwtuZTDmpVq+n3gheKm87D2JOaqhFV1WPwk1FR4r6imjQo6syorgCZaPX6TpVxrV6"
11:15:14.525 [Forwarding screenshot on session 7836b5d0-bd7a-11e6-9730-e5ec4f8847f6 to remote] DEBUG org.apache.http.wire - http-outgoing-0 << "HfV4ofK2f76+aC0xqQdJWJdOsFFHnaJtmZnicVynOqz5HrV3fZfZbtrhTDsxZVNPVT2oVB2/dlO5OZdvUzpOtPPaIpY/nkFjr34ETY1hTkRvtqx8hKziGlRRCaTH2HlNc/uZ7VA/45zLvXdX5553KG0Ul3XPmzhuM85fX4NeT5WTfaLdOt3Be2tK03Z4p+t0R9K00Rc40y857kOcKOOrUud/PvqCtcSk5bMw/V3GdXyaqhBCCPGzkBks4ipyxVt1Gf8KcvdG1YFnDKfSaGzE4NRWrvZc5rW0w93b+8q8ZtLVHVVHCu1KcvXmShVNZ8vY3VvVfnkajUA19UZw9VbZfIhzKp6OcvoeXZ265mycrh1sf5Y6Um5Op+MewJBuNeSU11CeFkdOWtMBJdETgi8vo9DhfsY5l3vvrs49/znTdnzvnU/D1dvb6SWeduPs4L11lKbTdbojadrqC5zolxz3IU6U8VWp8z+DhhJSnkhBozNAwFxGyeCKEEKIXzEZYBG/C56DQgg12tt6VfyedB84jKjI3vS9mq/PEFeQO3OeT6V3zjb2V/yXukborurPHZOnEeH7G/wzvBA2SL/kiILrVf0I8AnivkVTOjfbUwghhLjKZImQEEIIIYQQQgghRCd1/aUzIIQQQgghhBBCCPFbJwMsQgghhBBCCCGEEJ0kAyyicxoqWLdyJZtK9E6E1VFW1s6rc20o27qW5au3UHuVz7naeQKsyqChYjsrl6dTcgUyWaFez+LY+dw3fyWfbHYub+1dQ0VRARV2Dlqmd+BqFfIVVLYl/arWh6vJMu9W9+wy25O42ipYn7KSlLXbO1bfOtKX4rh9CiGEEEKIX4YMsIjOqTvFjuJivqtu7w09tax/IpZlm0o7nMSZkjxKC7/v0DuAzhzZS2nh99R3OLWrl6fWZVB36luKS/dwpjMvNwJAy0eZOZRXe+B/0/XUHXYub47KqLZoLQmpa/jBZiTW6f0Wdso+8/3+q1ofribLvLfUu8tvT+Lq0hdsI0dTjCbvbQq0HTjR6b60vfYphBBCCCF+Kb+FZyPxK9UAuHbvjifg4kT4xvPg0cOtw+lELFpPaLxrh94coFAASgVX64UMl5MnaFUGCgXgiVt308cGuLy3IzT8QIkBwuOeJT7CHRoeYJpr+3lTKAAPN9wAGhrA1eIMF9P/3GwVYOv0fs3M19XdrdtVrQ9Xk2Vdbql3tZfdnsTV1MDO3Hzzzwa2fFpEdEyYE2d1rC912D6FEEIIIcQvRgZYRIeVbV/LCxl51AAeKiU1QJD5WMnWdazJzKVp4YJf+Czi46dzZmMquTWAOpX7jk/lny/M4ZSdsKpW6ZVsTiVlny//fGEO3bUFpKWsQaMzODzHxPznXa2a5U+nc7LfDP6+cibetWWsS32Z3FJTyj6hM3hiyUzqN6Ww7FNIemkJgeZxA3V6HJm6Eby2ciaWQwkteZrEZ4tXUDEgAL1ajRZQqkJ5ePkSIlplqqRVGSTNANDxcdpyUjWmmQg+4XNZHj8Fb0B/YAsvvJhFuQFASeTcJcROCbSOtPYAy+elUQMUps0j7mACC7w+t11eShV+ntWc6RnN31fOAbpBzS5SF++itLwG8CBq4WJm99rLI8l5AKTOW0zc2heI8LafXlrMYLave5WM3GJTGI8AFiyOI9rfm9qSTSxN+RRFL9Bqa/CbmsgLc4ZaXICOLatXk1VYDkBAeChnS+q4/6WVhLk7KgM96x2Ue4PldXv4EeChA5emWtpAwcY00rI15vwGszDxccb5ujuRX8f3pWz7Ol7IyDW1jYBQ+p3V4nv/s8wLg/Vxf6Nx9t+ZF2YqzAPrl/PiwSH884U5KCrUvPFyFoXaGgCUPqEseDSOyFavIW6qd48MO2xRlyZwB19yQPUA6fHjzJdYQsojKfSY/Tyx43yazy9Yt5w1O04y9tHnmBemomDtctbknyTkz4uJn+JPycaVpHxShqp/b3Qnqq9YuMA/LWHJdOu6qy3YyCtrss3l6EHUgnhiogM5sH45b2t9GXx2B+pyg7leJhIzztd8f77CJ7AHGnOb8Qufy2Jzm2nVONi+7iXezi3GAKAKJfaJRUT6ulNRsJGX12SjNacdOfdRYqcMNdWr5Ss43NOPc4WFaAFV8FRm3wFvpueY7+tEEhPnYfMN0frdfFpqwG9GHKMq1pCV9zFlMWH42whqqi/2+9JaO3ViWM2HbdqnZ5FzfakQQgghhLi6ZImQ6JDakvUsy8ijW+gMkpISCDE9umAEag+sJSkzF0XUXJJSVxE7I5zywg28V6BjYMgoVIAyYCIPzx7OJQdhW6uv+g7DySpAz3tPp6FRjCIxNY3EBZGUF24gZWOJ7cy6uGHUFRAXl05pYyjxCTPxRsfax5eRW9qduQlJJMXNwKjJJm75Jm4ICYQaDVv2muf11xaxWa2lX0gIredptOQJGut0FKvVDJ4VS0LsVDx1GtLSt9DQ6pzWZWCeuEKpBhYkJLJwajDawizeL9LTULGFx5KzODNoIomrVrFwoj/qrCRWq1utOXD34y8LowAImLiAB8YOtshbBWlxaWjO+7MwMYnYaBXlOgM1J+vMQ08KoIaTPcaSkBhHlF8jeRkvc3DAJBZMDQAgfO4MArwdp1e0dgUZucWEzohlVVIs4d1KyVy2ArUOjPWV6Aw1aLX9mBgVzjC/PlbZL0hfSVZhOZFz40iKm8XZQg26mrMYjbRbBvbLXcurFte9cKQLpVqgmynNko0rSMvWmPK7KoFIj2IyElZQpG8/v47yVFuykWUZuXQLn8uq1ESGn9NQqtNRbzSVdtWZGqqMLWs6GutOmu9TCckJ6RQaA4lLWkVS3Cx6aTWkv7y5zR4eTffWx6ouRXJbUC90hR9RYD5Bt3srmhq4aYiP1fkD+3fHYKhh1/ZSQMuXeaUYDDUU5h8Casn/qhiDwYC/v/cVDec7ZKD1hWi3sDQtm5P9okhYlcSs8G7kZSaxsayBxrqzaDW57O8ZTUJiLJE+NeRlZHCgoen+aNGY28yCiQGUF2bxYVHbfUsOrE8mI7cY/6mxrEpaSHC1hvSEVykv20hCWjZnBk0kYVUSc6P6oc5KZuWWMtN9OaujtLCQgAVxxM4KRVecQ1r6VoYviGPh1FBqSnP5SGN775uSL/KoQcmdYyKYMG4UUMon222vE3LUlzqqEwy1bp8DjjvflwohhBBCiKtLZrCIDjm4YwcQzvIlM1EBgc8nUDovFQCXPqNYsCCA26Ij8dLrcfPrjxLTbHZ3/wiGeWSySxVExFB/GnRGu2FtM82FNwKc0VJafoqRYbNJ9Z2AoldfG+E9oCaXJ2NzMSjDSXs3Hh+goWQneTUQMGM2Iwf3wsh4Zk/cTVrup+z2fImpPlnkfLKThnFzqCz4HC0q4sbY+/uzOU/nQRkeS+z0SNPXpTtIzf+eKrD6C3LrMtAX7QBgVupKon2BMA8KchI4Xn6K4n1bMeDBnPsm08fNyIBp0wnfVUzh5p3URs6xGPBxJ3DUMFQZeaiCIhjq744pWgV1RdvQADMWL2ecPzA0kAva+8g4Ylma4Ty3fA4qIJiD5CXvBbwZFuQDOWcZPSas1cyA1umdIWWZDmV4LEtmmq4//nkF8+elkberhKABprNmrUpkun/rP/lX8KVah0dkHLFTIgB4lpPEpO0HoHibozKYZLfcTxyopBCYGp/AuEBXGJpIdcUcNpwE0JO/rRx8JjJzfBCKepj2wAzUydnsKdUzWOEov47zNHSwqW0siZ+CD+CfkkDpnFQ7daeJAhp6MXXBAhSBEYT1Bl2lkdAA0H5XaWfPGAXdW9Ul+tyNR04G23dWEDGlHzs3F4LfDMZYj6/gE3EHPpkatCUaSsoMHGk6UF7CgQpPDuoAZTiT7hnBt7kHrli4kYHWQ5RF27ZiIICkF2IIBMLin8C4dhd+bo3mEOE8s2QOPkDAA6Wok/dSVQfm6sRcizaTn5tAnbH1ZiQ6vtpaDqELWT7HVD8SnoX3dl3gcN4WIJRnV87DF8A/kfryOWT/awf6Kfc016uY6AigL4UbNByJfNj8eSBFORo791LLjk9KQTWR21Tg6jWKYPIo/GQntePmtBmkddSX"
11:15:14.526 [Forwarding screenshot on session 7836b5d0-bd7a-11e6-9730-e5ec4f8847f6 to remote] DEBUG org.apache.http.wire - http-outgoing-0 << "Oq4T1u3z+nq3DvalQgghhBDiapEBFtEhCkU3oLFlA1X3AIKUUAe4enlStT+T2Mx0G2cazeeY/u84rD3ezF68EO3LGWRnlJIN4OHH3PjF+LRdHwBg+puw4SynasHHHeqqTbNOSrOTicm2DOmDAnfG3B1OTsZWduvGc3xLMQTPbVkeY08j+Ae2+gs9tvb7sC4DEw/6eDb97El/D9hRWW3eeENH5rJY6yi61VEP1g9rjUbOAxitj5geVZX06WWRWk/PpgPAeVB2b85nXWNLOGOj6Xib59bW6dWeQQfcPiKg5bj7YIZ7QP53Z8xPxCr69LWxnkL/A0eAkGGDm7/yHnwTSvZjpKkE7ZeBvXK/1FgPeODXnKYrg31V8B1QexxtDVCTS0JMrtWZx0uPmddn2MmvOX57ebpobhvNXAMI8oAqOzE1T6lxVeHZeITVcZlYDceoHO0Z06ouqUYx2S+DDVt3oR85gE+0EBk3pu0+PO6hjPaDDeX7yXqznBpAqQSDoYz3M/ToANWo0fi4B1/ZcG2yfx48gmgZGvVlZowvAEXmetm0u4zRXKQtZeHBdRZtxsfc/1hToHABjx7dmr9x9R3HPF8oWrulVXyuBAxRwUnzx0YYNKgpZ570VMJNNzfVMzd62kzPNHirNgCGXGLvsahb2q18UXEP01utKXLUl7ZXJyzb5+X1pUIIIYQQ4mqQARbRIUbjecDF4uGknFIDDAaK3n6abA3MiEtifFAg3hQxf16qebAA07On+ed2w9qkp/wU/GX5egLdKjmwby/vZ24ga/VmRr45r9VMCyMoI0l98XZejk0lNXkj616YiaK7Kf6ohLXEmPfCqNUWsXN/PYO7g2pUNH4ZhWx+6y3O6GDigyPbLxOgu7tnu+Fal4G9uFwAo7EGCCDpw5U07VxRVrCdCmMfvJxLyczAj2cawNv0cFdztrpjf9pubxNNd0+8gT27S4lt2nSm4TTlNeB/U1+gFDiPzVcaefelH1Ba+gNNG9bojx3BYE62vTKwV+4uLm5ADcctrvvMf83X7d4HlRJKAxfy4ZKm/Uq0bN9WQq+QADi1z35+28mTy8G9WLeNHzhYY2obmK/p3PmWuJruRd2BdSRlqfGLWsAz08LwUXmjXn0f6XZWvjWzqkuujJkaxYa0rbz+ai8MBDOh9SZA5nDD7wxlQ7mG8nIDEMCCR28lMzWb8nItoGT02OCrEK51OQI1Z6kGc7vVs2n1q1QOncmwdi67TVwOyqexseVoQ8VWkjOOcGuf822Cnj6hAwIwmuPraTEqaQRcuimsPtuSv2UH4MOCpIfxVQAooHovL6Rm8+lHu5keH2mdbwd9aa2zdUJxuX2pEEIIIYS4GmQPFtEhAbePBApJX7cdrU7L1vT3ad5hwAjQiz4DB9LdWMHGlzKoAY6XnwK8uTFQSc3Brygo07UT1hYjRqr5OD2DpJVvcKDeDb+AwfQE6OXVvJ9Ji/OAAk9VGE8sCIXybF7aVIb70LEEA3kZr6Iu06GvKOClpalkZeVR7Qq4BjI1UoVWo8GgDGfCUEfTV4wWD1utH7uMNh7EWpWBHY1AwOiRQCmZq7dQodNTol7HsrQMMjVnnHzTkJEeYRMIBTasTGbrgRLU61eSoTE0T5ywn0+anoAp3VvSZi8Za/5EhCoxFGayTl2CTlvGxtSXKQf8h9haumV97sQoFbrcVNK3FFBSsIkVaWqaMuhcGbQtd5ehowgGste8wQGtnjL1OtN1A0ZUBN3uAZq3Wbu9BL1ey5Y3UsjIykRT3U5228nTsLFjgUJWr9uOVlfB1rVZWO2+4QKa99/jgFbHga3pzfei6Qp69vOht5eCA1vTSS90dJ+MGG3UJe+ICYRiQFOsRRV1l92NVX3C7mhZuuZzKyPChreEVYYw0rw06kqHa9AWkL4yha1ltQSNHgtoeDl9K1q9joKNr7KhsNhiuZ+deulQLdvXprB2axngTdDtKgyFmawvKEOvK+G9jExKy88yeNRwQMM/0rei1es5sGU1mcXgEz3aYklfB1OvLeITTQ3K0LuJDvTH398ff39f/MOmMcEPago/40CrDXUc9qVmduuERfs0dqgvtSwj63sCULZ1HSlrt7bZ+0cIIYQQQjhHZrCIDvEOm0fijP+SnJ1BXC6gVKEEQEHw5D/jp84kPW4e6YCHXzB+ymLKDx2GmYH4hYSAppC0ZWd5OtVxWGvdwNMNBb48lDCDlanZJMeqTYc8gon762Qbgw7dwNP0F1yf6EXM2vsIGzasoWBMGgmpsSQnp5PetMxD6ceCVQnND4URk6NZo86iX/S4tksb2uTJNDOh0c6x1izLYFmiL62eogHwdFPgPXQeSXPrScnKIqEwy3SpAVNJXBTZJjwo8LCZvi9L1iWyesWLZCYngYcffh5Qfr7p4dVWPk358R54Mz6oyc1Ior7bWmKt1klZpzduyfOcWplCTnoSpoURHkyMTWWmvzu1BxQ2r7FJRMw/OM8KMrLSUKPERwVNr0JxXAZ6B+Xuz+OrFrBiWSbJcaZ6ogQMvbxwAyJjn+P0uZVkZySRZz4zdFYC8wLbz6+jPLm7QtLcKpKyzG2jubQAvJk8dyL56bkkxxUCHvh4gFbRnd5DxzM1YBc5WUnMyQLwITTUB42mlGO1TdflZV4y03LPLOtSrw9X4o8vE6f6ock5SfSEtrNGWi4iiDsDlGwoNeAXeiuu+DI81INiTQ0+Yy2W81zhcHU/7ENdrMHtLiPuYXNImvtfkrIyMd8igqfGce9Qd4p326+XCpe296elHhg5mq8h33gHMdH+RMQu4fjZFLLTlpGDqVxnJS7iD0O9SZxVR/KGTOLUmaYj4XNZPsf0FqHW9aq9zwD6g3vQAjOmDG91xDSzKDstj6/26Rga2TKE46gvdR862WGdCLNon7Wz/4IfHzjZl1qXkeU9Aaj+bhea/BDqY6Lb7BkjhBBCCCHa1+XSpUuXfulMiN+ghlp0VfV4qVStBjca0OuqwM0Lb3cbcy0aaqnFBXdX1/bD2k8cva4Ko8INlfflPwbodTqMCgUqb+tZKvqCtcSk5bMw/V3GXY33nFqVQfthdVX1KDpcRkBtCatXfEDgo4lE+5rKe+PiOWQzi/UvTHdyJozzGvR6qozgpfJ2Mu5atqQkcyRwPvFTTMNb2q0pxGUeIXbtm0Q23ZbLLoOm+qXCVjUx5deIm5eKjhatwzw11KKrApVbKXHzUhkcl26xfMp0nq00a/U66mlbH9vLh2Vd2rryPjJ1Y1mb3nrJ3K9UUzl6qZpWc135JOzVy+Z7aLt+/Gzs9qUdqROX25cKIYQQQogrSWawiMvj6o5KZeupxBVvlYNRCVd3i7+MthPWfiSXeZ61NnE0lJDyRAoanQEC5jLqagyuQKsyaD+s7XJ2gguc1ZaSmfAEJVFB1JXmU6yFyNjhV3xwBcDV25uOFZk7bpykMGsZi0si8eM4eZpyCJjFMMvnycsuA8f1pOP5dTJPru6oVIC+njO0vPmmvfPcvVUdnzVgrku1Bzay9MVsdAYIj5382xhcgc7Vb2eTsHeff4a0nXJF6sSV6ROFEEIIIUTnXJOUlJT0S2dCiF+Fn6ooO3CUa33uIC7uHlS/9T8EX3s9d0YGcqnuNEe/PwWetzDp/se5L8L+wqefm9+oMfhca+DE0e/RXexB6Ph7WLxoYgc38v2V6nYtirM/MSBwGH7XXd3K1FhzgkNHqwgY9wALJ98sI+dCCCGEEEL8AmSJkBBCCCGEEEIIIUQnyVuEhBBCCCGEEEIIITpJBliEEEIIIYQQQgghOkkGWIQQQgghhBBCCCE6SQZYhBBCCCGEEEIIITpJBliEEEIIIYQQQgghOkkGWIQQQgghhBBCCCE6SQZYhBBCCCGEEEIIITpJBliEEEIIIYQQQgghOkkGWIQQQgghhBBCCCE6SQZYhBBCCCGEEEIIITpJBliEEEIIIYQQQgghOkkGWIQQQgghhBBCCCE6SQZYhBBCCCGEEEIIITpJBliEEEIIIYQQQgghOkkGWIQQQgghhBBCCCE6SQZYhBBCCCGEEEIIITpJBliEEEIIIYQQQgghOkkGWIQQQgghhBBCCCE6SQZYhBBC"
11:15:14.529 [Forwarding screenshot on session 7836b5d0-bd7a-11e6-9730-e5ec4f8847f6 to remote] DEBUG org.apache.http.wire - http-outgoing-0 << "CCGEEEIIITpJBliEEEIIIYQQQgghOkkGWIQQQgghhBBCCCE6SQZYhBBCCCGEEEIIITpJBliEEEIIIYQQQgghOkkGWIQQQgghhBBCCCE6SQZYhBBCCCGEEEIIITrp2l86A+K37gKV2vM0Ai7u3ejtKVXqymkq22vo0csNT+UvnR8hhBBCCCGEEPbIDBZxeQxVvPfsDm732sxtt2xl+C1buW3AZsbft5svtRfMgepJHZtNv7G7qbQbUasw1d9xt1c24589bveML5/9jH5em3jrYMMVvaQ2zHnpN2Mf1ZcVQT0vz9hM4E3ZzEyxfz3Vu/fR3yObfl6fkWcuKMPhUu5uLtvPuDncURk6uARz3Pb+c3xvrqwvU7ZeoTTrSZ0vS1J7AAAgAElEQVRoP55K9W76e2STnFffqVSEEEIIIYQQoiNkuoG4DP/lsaAvydbBpa7XMuWhPgz2uMCX755mf46Wv2zRk3VkElG9zcGrHMV1DUolcPQijeZvGoCahp8c5qDLxYtU6BohyLXTV9OuY42cAzwv49SaHy9QpQN9rf3raTxnaPqpuQzys0rZf9EikNc1l5E6NDY0Og6gbSn3q67RXAYO64OTURnaj6cRx3VICCGEEEIIIa4kGWARHfbZsr1k68Brwg18sj4MX/PSlYQV9bz14DYSN9az7IUjRL3Yv/kcF7uxufJo7gweMoCzK2Bc7Ed2ZTWaBnvwusZB/h1z5jz3wQNITnMHlNzsDtDAvgLTLKBLg/tRtD+C/o4icFLUk0OYGaxsGVBp/Am8va9I3M64kvft56oCQgghhBBCCOEsWSIkOsZwmo2vGrjUVcnf17QMrpi48f+eDuSWruBRbbBYvtHApjUF3O5lWpYSODaPt3bXmo/V89aDnzHlr1/bWTZygbw1BYy/yXTu7TN2sGaj5dIP0/kznywi+cHPTPFPzGefAag8QfJ9nzUvhwkcu4NsTb3FeZ8w88mv2bwmn0Bbeevtzi1Az9De9AbQHif5wc9awoZ8RvK/Tne+TM/VsTv3JJ/v1KGr/i8rZuTyT43pUJdjJ5k+disZu035Prh5H3eHbDIvKdrEzCe/5rDBQdwWbppwM5Om3cS0pv/+HMC0qOuby3D8xE+YuayUpuiqd3/N3WM/YfxENbvNa6R2r1EzfuwnPLbmGJ+tUTeXxe1jd7DZaslWLe8ty2s+fvdfd5N37OeZK2Nr8MVQ8R0r7vukuS7cPnYH77WqgzOf3Md7/7S4phkF7KusZ/Ozec3njX9wn3V5O6xjQgghhBBCiN8TmcEiOqT665PkXYSe99/IpN42AvjcxBdVN5k/mB40uxyrJHEx+Iz0Iopz5O2qYtldBdx8OpoRSjjxn3pKMNhcqrJvzXbuX1xrXorUk/LMSvIuWoep1NaTv/F78s2fzx7tiqr2O+6+6T/svwg+E64jsm8j773zI4+N/YyT2ybx6AioPGogX3OUfEx5+wM15rx9xeDvJ3GHpyfRz/gw/LbrgB9JGLuH93Rwy9Te/I/KyL8zq1izIB9Uk0iMdLvsMq3VVfHJtloudTVy/1O1/DvvgtVxraaWcv1PHHxzB3fF/dj8fZeLF8l//Shjc86x48gohrSTzsE933O4e3fqzAXdSFcGh15Pb+DE0Xq+0cCl03p+XAX9gcYGA/s1Bi51BX3TOZW1fKMx8I1mP9lWefyRR0YXMLhqLEHU8/KMrbywreX4/ne07L/cArKrgW8PV6Fv/Mk8qvIT4MLZ49blR0UpkSGH0F4Enwm9iexZx3sbfyRhwlYqNkWTGHUNlUfrydeUkw/cMsEL32NV7N92kimDTwIQMtWLht1VfLOxnLnXe7Nn1SCobK+OXX6dEEIIIYQQQvz2yAwW0SFNe3r0692xV9rcnTaKPblRvJM7jVfvv5YuF2vJ22MagHHxMoVpM/Og+jgrltZyqasbmYemsfbFSL74PpwoVas8GVrSOFEzhaIdoRx44Wv2X4QZr93BnuyxpL4SzbFdQ/DpCinPlFINzQM6M15rytsfSZ3alS4X68krqgWuZdJjI7g30h0qq9hfCZcm3MgX70by7ItRFHx+AwAHC3+kUxQtP7r08uGD7CGMMrfMS13dSf7gD9w3pJoXnzClcym0DxsOTGJLZj+8ukIX3WlW/6v9POQv38+dI/OZMtb03/Rx+RSZpw21lH1XmzNALI83GfXXW8n/5g4em9D0XR3HK8GgKW0eXPEa2Y8NB6LZkNan3fx1VJdjlcwKy+POkTu4M2wHd4Z9yZ1hefzPI5azii7w3nPfoL0IUS+Esyc7ktQ3JrF3k+nevfbwASqwrAt38EV2FJ8Uhjffg4c/iOKTd6P4YsdQfLrC8c9OcwL4zIk6JoQQQgghhPj9kBksomOMHT/lUlcl98xoecAeOroXvHOaRuNPgIPNW/WmZUYDFt3CJB/zd579eTLei7zFLTucurRKo79PLW9pzLMYGqr5bHO16TXSLj/hAVBYyYHqgObzpkxpytu1/GHKdZBjY7GSuxJvoMu2owSOPcOsP/cl6s4ATtSEdbxAHHIlKMqf0JDD5GuAEG+mTxoEu4uaZ+4MG6uip74GBvfmVk6SD5QfqIU/X9fBtFwuey+TS4P7sHpVAP2BmL/245/btOYY4UedaeDsUteuPPlSBHf4AvNHkJz7MYnbLtqNE0Mtu/dUWc1kUt3SlyG9bXdTl7q68cgzfXA5b7GZbbdraDx6mjXvNC3TaaTiPxe5pOrNUw+37DbTPyqYxSO/J6Wwim8rsagL15sCKHsSGgJfafvx/yaZRwB9+jDF9wCvAS7Usq/dOgZ3XM7OyEIIIYQQQojfJBlgER3iruqOV1c4WWlv448L7Mv7nnM9r2N4qPnxvbcXgy0eNHuonKt2lccq0V6ESz9YpzUwxJM2r5CxSqNlU9rsuANWS1kA6Hqec422zoM+KjtvJVL2Z3WOHw9MLecbTRVrNFWs4Vsuqdx5edMYZlzRtxlZDBhU/WQacLB4q9L+Fw9w14vWZ5QUVFLNIIdvOro3ayzPju1BbdPbfLiG3raWeTnD69rmMm69tOvbXS33pmf3pp+u5eY/KGGb/f1JKvMP8D/Trfe0mfFBNP+c5G77BN/e/PWxYW2u2bC7iDXvfN/82cULqLiGHlahXBke6QaFFy0GmbrT5vb3sJzRc40prirzz+Zv261jQgghhBBCiN8FGWARHaIc6EU/oOTdcvKSA4hq/XRbreXhGfs5jpIPvr/T9F2Pa1s93DrHfYAnXl1P0m+g9XKkc/qGtoFbpdGI6RXSL381jvAePzUPAjSea6QRFwb2hkN2zrPnutuD2XI6mFNHTlGQf4KP/3WSfE0tj87dT+T+ETgcq3C9vNcsN7OYOeRzvx9Lx7lxoREaao3gqqDnjX3afY20skc3lJ6uNt/W1Hzdlq+DdjRbycErkgcP9QJOY70C8QLfljjejdd9gA+Ln3KDbuYvzndleHA3B2f8ZPN+1bZ6xXcjgG/r1ZAXOFZiAFxa4vDtRp8OrHxzpo4JIYQQQgghfj9kgEV0jOcA4hYd4MFX6nksdh/b3h1m8Zrfet568mu0F2HAQ0O4wxN2dyIpZR8P02DOq0fZt3wQw5SmNN57pb0391xDr+ugy8ULlOpgRpB5iUf1cWaG7OErvNh0OqJDeanWfM0tY4/i89Af2PPiIHyDBnDvw6eZ6ZXPV1x0ODADUHPkNJ/l/WR6NbJZYyMM/MMNDHAi/d5De3NLVy3fXAQMCsZOC8Cz4gh3hxyiwvdaoh5yZ9IIr3Zi+cnO926MiFCyRmOA/ZUUVVxgkreeV/5x0omcteU90LS5a5eLF1i2dB9D3x0G6kNkbHGwPAhQDhnEo0sGXVaa9l2Dh9L0Nqa38mpJjDLPhqk4ystbLgLuDG4abOtgvO3XsShGdGyrIiGEEEIIIcRvmAywiA6btDyEqFcLycspJ8zrB+5Z1J/+rg188e5pvtGZ9rJ4+vGbgPp2Bx4AGu3NhvAcwOL4g9z/YhV3h+examlfKv51mDd3tTq/zYmuPLD0RlZuO8qa6Vs58uSNTPG7yIfPlJN/EQKfvJERSsjrwDV7BvYhqutR8l7/DzNd9cwKc2Xf"
11:15:14.530 [Forwarding screenshot on session 7836b5d0-bd7a-11e6-9730-e5ec4f8847f6 to remote] DEBUG org.apache.http.wire - http-outgoing-0 << "vyvIvwg9/+BtMchkmzbnex7M+b7N9/d+cD1/6942fGPrn3sPZtGCgyx6/QLajYe5ZePhlgDHLjA4pFcHrqatHu6mGR5dLtbz4NDNnYrLc8RNPDy4nDXHoCqnnFEe5Z2Kr3NcmbXkBl6Y8j2vzfiCyvhB3OzZyL+f1qK9CKNX3sgQbM9cclx3natjQgghhBBCiN8PeYuQ6Dhlf945MorH7nejy8ULZL/yPf980TS4cstUHzYdusu8Ka3pr/z2mPawuIb+t1p/7wp4mJfURK0YQ+pD7nQ5VkXigm/JzOtK1FSl1fm20lCG3kb+lhsJUUHei0d57JFy8nUw6q838/aKQU7mzTLCPjyXM4QQFeS/Us6iud/yZo4Bn6k3sOmVAPsRtcPDKqGW5ujR9HDep2Wvj2kvTuSfT1rPUrnUVcnDWXfw6Ij294BxtKHtiMdv5+EJLelf6urGvX+9Dq+u1vlqZpENF9emmJvCuZO4cxTzR1rEN9iLx566rs25V1NTrnpHhvG/H/gRyEWyXyxn5XItJXRlxso/8M5j/bFXFzyUdvJq/q79OiaEEEIIIYT4Pely6dKlS790JsRvmKGBE6fOm96g4t2D/p5XZ1KUobqeU/pGXLy96N+hN7Nc4ETFORq5hh7e7vS+Am91qdTWcs4IPby70fsqXa8jhupaTul/AsU19PVxt7mnyuWq1taiN4K3r3u7e7o4o1JbxTmufD4vT0tduFLX1zreK1XHhBBCCCGEEL89skRIOG3189/wj+e/+aWz8ZsQMao3Bfk2XvcsgN9H+Tyx9Bbil97yS2dDCCGEEEII8TORGSxCCCGEEEIIIYQQnSR7sAghhBBCCCGEEEJ0kgywCCGEEEIIIYQQQnSSDLAIIYQQQgghhBBCdJIMsAjxO1BZ+R0VlSeobnD+HMPZE1Sc/I7Kc4arl7HfuoZKKir/b2/WK4QQQgghhHCODLCI34lKUpb60WVFOtV2Qhz8dD5dYu7ii7PAue2MjvHjqaITjuNb+jy/2OP1ua+IjvGjS4wfz+yvbPsZ4Nx+4pf6cX3infgljsbLqfwa+PSd2XRbMhq/Z+7k+idu4aXSmqt6HdOb8l30KxmsaPiOd7Pf4XDzgJQBzdYXefOQdf7UH/wJv8TnqPjZMyiEEEIIIYT4tZEBFvH7cq6WWjuHTp8+bPW5ypn4OjAj5MprpL4pGxcawVjHSfPn6vONAFR+m0OavuWMG7yvw6W9aM/uZEnBbosvgglUeVyZLNtibGwe9Gmg8eql0wHq9XOY+8UbHDUXcOX+NP6w6TWOnbfMXyU7D5zkhtvG4vuL5FIIIYQQQgjxa3LtL50BIX5WrgrcATAASqtD4+fnc2m++cM5+1GYznS9KtnrKDfLDz1DSb/375y+oOCWm/sDcPTI16Zj3edyfHUSPk5F2p1+wCEgLe4bHg9QtnfG5WkwgKsS3HpYX8evgEu3XoCBHuaMuSsUALhe694SqFJDdh3M/kPoz59BIYQQQgghxK+OzGARzmvYT/yKuxgdP42XzEslKvenM3rpXYxe+gjqs6Zg6uxHCFp6F5NTYhgdfxejVyRx0DzT46M35zN66V1Er3kf084e3/FM8l2MjhvN6IQop+OevubftvN4dg8pq6fRxbzkZNCKR9hYarGsQ5/HM6/MpkvMLXSJ8SN69YvNeav48nmC4h9BbXNw5QTvvjmfQTF+dIvxY/orz7G3ruXo4S+fJyj+LqYnm9NeuoSDDVBZ+m/mLw1pzk/06nQONsV/bg/z4+/iqc3pzI83He/y6CjiN3/VHG/1sX8zf8Wo5vODVsTx0TE7y3XOadn65b/ZuDOHr3U1FG6OY5a62HSsLoeJS5vKtoZPs+MIimlK8y6e+tSUZnXpO0QvXco2c5T/fn8as9/8mP8eep3o+FFEr369ebZJdavvTJ/vIvqFJN7MjmNQc56X8EWlxT4uZ/fwVPJddHn0FrrEjGL+6/9sTs++Sj7KXsLoR815jglh+prXOXyu5fhrq6cxeuk0Fr2TRLQ53KKth1rSM583//3XeWb1NEbHT+O1Q22XJB3cGkeEuhgoY8yjo0jZvJpur7wGwFtvRTI721RWFd9u5RD+jDUPZgkhhBBCCCF+32QGi3Ce62AGUkZaHVR9peHxW+9i7+4PyNefBMrYerSSyLA6/vXl5xxqgH4B46mq+IJDdWV8emQJQbce5cO9O8gH0H/C/obZhGu3kXS8DHDnXu9a3qt2Mu5QG3MxGvaz6OlZvNYAs4YvYWKfH0n9+A3+klaOd8q75kBlpB0KJmniEhoOZ/H84deYvT6Eg/PHcfSImkN1cM4IKCwjNvDu6ruZe7iaUUMeZOUQBa9//JrpOrqbQvxQoeZQXRmH6mDCAH9O4odXxetcn5YC+JP0x7/R+8x2FhWsJvgpLaUvpzDEeI6yujLW5a7mhgF/5tU7PMn53zdIy72f62/8miU3fcv/S/0bH7mO4Pk/xtH/fBHLv/gX01NrKF77JkGtr9+o56vju8kHAmpr6fNjEd83H6zmkL6YH2oa+eiVPzH90MmW8xrKeP7j+9FUv8P6myrYVtdyLF9XBlUFLB7mafpe+2PzqqhG44/W3xl/ZFtdGZSXsa28JfpDun8x4RU/qp59CM+GQ8xfMot1zXXqJOss82JTJa+9cDuLyi2/q+ajr1P46Ouv+c8/XiO0B1RWFpOvh/yC4uZQN91Qx6Ils3itOb1q1qlTmo+PPt92SZKL+838yTWHjxo8mXfbNEJvHcPz5V+y9HAx7v2jGddPBcDe/+SAdzzDezjOfdLOJJ5RP2Pz2NORT5M0Jqmd6xdCCCGEEEL8FsgMFtEBHkwceRcAh77diZYTbP+25eF4S3EpVBbwWgNAP+aNf5CHTc+ifFp8AMP3GjY0h97NHm0Nmv07TR+9/8KiMR2IO+L2NrmrLM4xDa788d+8P/8h7pu8lNz75wI6Sr770RxqLDv/sZmnpz3Ec4vXE+cKh0r2ogVczMONbfYoObuL1w9Xg9/TfBG/lPsmP8lXT/+dW6F5DxYX83KjR2Z+ztbEzzmY+Bf+/b5pcOWTlM95evJsHrn/TcpnToWGf/FOUWXzIM4Nfk9TmpjCI9OWkvNIPAA152uh/qxptojXMGZO/h/um5HCjvvjiYu4Axdbe78orJcMjZ//GR/c2s/0oftcSv/xNc/1280K84DGI9M/59LackqnTwVgm3oNR29OouqplxgFgD8fPLWHqueeop9FvLYWR7X+bum9prg/iQg2fXHuJLVAZXF28+BK0v2fc+nlcv7zx6k2YmxRvT+zeXBl3vg3qFpbTumCeFP58zlPfbynVR6C+SDuY3be/w7Rtf/bPLiSdP//mtKb/meH6Q2JeIi/jQgGVMyd9yTjbxzG4xNMJTJjwlPMj/AH9pNzGP50+0g8HcYGSWOSeDry6Tbfy+CKEEIIIYQQ/7fIAIvokCHD/2h6+G7I5+P/z979x1Vd3o0ff9U6cAQ5ImnHDC2wkIZAyNAgHTkpR2U4v5SjzHY7mq64LWwjuwXHQqeybihHE+7INWY5krmcLabh7BSCxo4mRh0pQfNknUlHOSfwwGn5/eP84JzDOQcQtmp7Px8Pi/P5cf2+PpzPxee6Pm/8mSaXG/13PthLtWav7UPY7Xxnooq59gGZ+qN/ZWfTG25hvXHwFV5pti2m+r2Z3yV5SGH3T9u77x4AovivlATntvCUQi5UHOaRhMttG4Kv5ZvOJw6CucL+BIq/FVXOnDhMPfD4d9L6Vm2Z+G3uDXM9ygJEsSAhyv65h04rQCt3FM0idqXt353VOwHY1dz3lMXUKdHOcJXh8fbBDWBsNGlhgOHXRC6L5JrHF/Ds6TD+6877mTqoJWBUTFCNs2cwkLDRKsxnjvKOfW9z00buWftDHt/fZN9ixGiFMZcHOwdqwlTjGTPa+wK3Ae6P+biIY950WznMSrTnpusAR87Cu+/a14Qhg++n2I5JTFvIrX5y8cHJD+w/fZdHMucyBpialM0jk2xDG3t0TW5vRpp2w3IWRU8jNWU2f3/3oD3/GXw/5RpbfDfdbB+c8a3XapvS1Gtf5NZstQLQ87ltiWSLbj/bgNsT"
11:15:14.530 [Forwarding screenshot on session 7836b5d0-bd7a-11e6-9730-e5ec4f8847f6 to remote] DEBUG org.apache.http.wire - http-outgoing-0 << "rh8gJBvPQRYZXBFCCCGEEOLfj0wREkMzNoUsNdQbTvPQC7apFrOmPUDc6Wf5tbGK779mO+x7M7/LeGD8jDuZteMv1Bufte8bQ25qBq9pqvijJp8/AjCRRTMSYKxpSGF76v3c/oPHfX/nWROBw1pF1Wr//4Dv33HjGAN5MH4BV9jDCFSEoAywEDJxEnCKc8DsKZEuZ/W6vL3oGn62/l3ueKOaF/62m9eOHWD9a82sf+2XVOZp+KF6CIlxDlb1jcyc6rK9gjpIMZmsyKlYrCoCPqdf+blnqm/nByff835M2EznIFav1erc7FZ6gYGDLs3ez8870953jpIAR1KsFrfjQwNcM2Df1zOy7yc6fKgOyGDW1YNfANh1QEUGV4QQQgghhPj3I0+wiCHqeyrFIW3WEhZcG+WyxT5gAs4BmT7TuTc9kxmum8IW2J9IGWLYHiZHXA+0UnvoI+c2i66M0FU3cE/tO17PGYzx1yQwDXjxgMsTOD1tvGX0eYqLG1l6/0/42f2P87P7H2fVzCs5qnuPM5+7HPK591v/zuN/YOHKBbwZtoiSlS9ytKKN5kUZQCfHDb5eNu1fSNjlzp/vmf8cb67/Cy/dfTOjFCriI5OYPNDbmI2HePczABMHjx3yfoyfV1d/85s32I95iaqGEwAc3f9nv4vcXnu1o/538tu/2uqx8/gf2NrWCcCs6JleB9xs8d1o/+kv/Gb3QSyc4Y9/2s5gW0OAY2DOXl+2twidYc/fmrl62hymDjIch8KbC2VwRQghhBBCiH9TMsAihsw5TQiAKFKuu4obrr+x7wDngAn0GzSZNJPEsdO4eWrfyhVZM+c6b5CHFPZnb3LPikgWvvim/dyFfA8ofWERP//rXhqbXmTpr0uAidx30zSv9/09Hv/3amwiP54EJ9/5KQufe5HGd/7CysIs29M3gb7OHc+i9LuBA3xr5Q/5XdNBNG+UMbv4p2w5dYiIayf7ixGAMWHBvN/VSu7/LeXXb7yJ9p0/sa3hdQCuUNleF9ztcY7nZ+cTHHbKKd+n1D7gtf63s5m9dgHxv9rAlmM7KTzQSvCAU48OcPP/zGL2yht4yD7AMVi9wPi4DLLsnwt/+x1iH59FXPVLHkea+PXGWVyy8kEaP4PxcZnk2qdyra++k0tWJBBa/FP7oEwca+6cDXivh/FJ95Brz1PpjixGLZvJQs2+fsedeaeMa5YlON9gZXsaqpWntzyJ5oyFkDBbo6v588947i8v8VIX3JMor2cWQgghhBBC9JEBFjF0Y1PIsq9/gTqNG0bD+OtnO9fRWDrLfQqP66DJ0oQUAGZ9a559SxR33eTyRMoQw/60B8443gQzeja/yXuKrODTFFY/QEplPtt6oii9fwvfGw9j+k19CbRtGx1inzjjPt0j1PnTeB786V9YHzmRP76VT8qvHqS0J4qrAUIvJ8R5rvv5Ed/ewN8WLmFa1z6WVGZx8wsl1BNF6f3VLJqo9IjDS7xjv8uL9z7ItJ4DPPTC/XzrV4+w/hTk3rmNR6apgADnWimBlwV4+Qyjx1zlyKqdikee+AulU21PhdSfauYkcLX6bhp+Xoj7u5n68jM+4SF+f4N9wdqe09R3xfHg1DiPsPH+GYAwRiuAwAS2/M9TZNmPecd4mlun3s33nGvhBAA9mLpOQ9dpPgMInEbJE39gvT3N9NgGdq5W383ra3/PLWNtmx31GzTKdfJRFCW//BPrp8bZ6osoclPv7r8Gi9XMSTr5u70t3TB9IdOAP779a3JebUI5JZnHw+CdUzvJ3lXDu0yU1zMLIYQQQggh3Fxy4cKFC192IoQYaWfOnOAzFFw5/ioGv0rGwDrPfoTxPIRNvGrAt8f0MaE/bQRFMOPGj7+I9Fg4c8b2KuSQ8UOJ1z9bXqwoRoURPnaguUH2lJz9iI7PRyIdFvRnPoHLBh83AJ+dQX++Fy4LGdR5Zw4/yXd+U0fsVZHMmP0Ij6REwek/EPvzn/IO8Hj2m/wiyddAiYXOz3oJHK1y1lnnZya40IPRAhHjfU1MEkIIIYQQQvwnkgEWIcS/r7N/IXbVg841V6aFTeQdo+P133G8/r8vkzra18lCCCGEEEIIMXgyRUgI8e9r7HepufdB5xQ15+BK8I1U/vczMrgihBBCCCGEGDHyBIsQ4j9C59kzmD/vJfCyEMYPZVqSEEIIIYQQQgyCDLAIIYQQQgghhBBCDJNMERJCCCGEEEIIIYQYJhlgEUIIIYQQQgghhBgmGWARQgghhBBCCCGEGKZvFBYWFn7ZiRBfF2Z2lazltQ41M6Ze4dy2t6KU39S2oJ7+La4ItG3tad3N+uI/ERSXzFU+39RiZldJMS2qWK6/YtS/IP1D097UwDnVJMYGDu08s76FD86P4YrRl9G6u4Kn/vQxSclTGWIwXrU27OK3/7eFyhd+z2uvN9DWGcC1065hFNDTvpf1Ja8yLmmGsx5cUuUs68iuN1hf8hfvx/W0s2V9Ge3jRrZOWvdW8NQLzYTfmMDllw3uHHP7Xp79zcu0dl9OXOTl/fbrNVt5+rnt6LrUfGvqFRiO7KJ0YznbX3kFje4f3DjoMjezu6KUbXX1NNbXU+/8t4/6t03EzxiZunONb++WUn6zo54LEfFEDrWBXYSRa4cefbbHQGtbF5df7v91TINtm1/F64B/I5P2vmvNP6ksXOrJf10MPpwvg7+097Tv5cmS17jipm8N+hozIEMTZUVPUlG1nfe4llnXXzHwOYPQuquMp/5sICl5KidH+HcE8KXXkxBCCPGfTJ5gEUPSfUqH5uV6jI4NPW3sqdOia65j31GD87gPDv+V5rY2CPIXmpWTjc20dlj/iSm+OOamCvKKN/PhUJNmbuLx3EJ26c4B0PH+W+gaT9I9AmlqqMhldWkVjbpeYhISUHMaTU0Zy3K3YgS6Pn6PZt1BvBenlfcbm2npsNL18fu+j+v6mH3NzZzoHNk66XjvLXTN+/m4a/DnWD9+D01jI/ve6/C6/0Ptbpp1Ourf7wCMvLypima9HoPBQNtZCBh8TJx4S0uzVovW7V8zWs37I1J3nvF9sF+LTqflyMcjH7o3I9cO+9oRmNn6aA6rd+gGPGugtvlVvQ4MzLU8Lo77tWb44XmJwa2e/F8OkjsAACAASURBVNfF4MP5MnR1vEezTuM17V0fv4dWVz+ka8xAmrb/Fk1bB+OiriNm6pUjFm7HycPO/tjRUoeu8SQjV+Nffj0JIYQQ/8lG6u884j9CCAmzo6nZpuO4GcJCwKzT0mbfe/iADlLUQA/vHGqD8EziQgYIUgkBin9ysi9GgO0/QUNNWwCcB0YH2UaWFApAFWQbZ+rpgcCL+xuluaWa0jo9yuhMni5aRBgAOWjKcinT7GR7023cpVAAYwgKtp3TAy5/EQ3joa1bIDCEriYFEIBn1nqAwOBgxjCUwYnBUShGAWMZFzykkwDw9Xf8KXOzybrGxKSE6cCHtJkA1OSUlZGqHmL6RgEmiE5fQnq0CqsV4HMUoVMZYlB+2ZqAgmCVLb6RLmdfRqodurYjMNN7HlSj/Y6iuiTA0TbdWybw1b0ODMi1PC6S27VmBMLzwq2e/F4nhhDOlyAsKYetWx7wWjzBwUF4u64NR4DiPCjnsLFg6cgEaO97wUGjQKlAAaQ8tJXElYEj+pTcl11PQgghxH8yGWARQ3J1QgJs28axNjNJ8SHoDhwCVTKZCW3UaLToSSW85wPeaYPIzAQCAeORXWx8soo2C4CS1CWryJkf0z9w4xEqSp+lTmd7EiYyOYuVKxeixsjeLc9QXttsO04VTfZjucyLCsPcsoPHN/wVdUwwzdo2QElyVjbx516lvNb2OTFzBasWJQE9NFSXUlqjtYcTx/L8R5gb4f5t3XxkKw+urQOgeOlj5FZsJNHaxLNl5Wh0JgDCEzNZkbuICLdvxUa2rirGBGiKl2LIyOdORoFpP8WP7UfXZgJUpC1/jGVzo+xZHlzZ6OrfBNRk5zoGV2xS77+HxlN/Iri70/60kIE/lRZQrLX99TI8eQkFK+cThpHta9bQm/kECzzCbt1bwcbyOkyASq3EBMTa81NdsIYDBNOha8MSnkFF6V3ofJThka0F"
11:15:14.531 [Forwarding screenshot on session 7836b5d0-bd7a-11e6-9730-e5ec4f8847f6 to remote] DEBUG org.apache.http.wire - http-outgoing-0 << "PK+PYMrZfWjaLPa85rNsbgRTYsOhLoArA93jAzVp2T9m2Twv7WEA3Z8c5c2/6ggz/4O9a1+wD/QZKPvJDzm14pcsnnKKso2b0NhGXlzak28RifNJiffcaiuHV06PZcUvi0gKgyNbi3hydyvXzFtBUQYUPbKJ3oQ7mPrZm+zUGgAVqUtWOutS37CVDZt3YrCAKjIa9IPPp7ldw7ObqmjU2/KhDE8ke0UuqRH9b8n0DdX8anONvT2pSMteaS9bf+1Qz66yCqo09r94K9WkLbbVia1//RnFONDrTURmPEzs0d/Tm/kEM9tKqbU1du47lcHTGxfz8e4tbK6sxfEsm6PMFfa6qVmbS7FODyhJzPgxuYtT+t1YDvp6AbQ3VLNpcw16e35Tl6wgZ3483tvuLewvKaGq0dZSopMTOdvSxf1PFZEUMlAZvEl4zGi09n4VmbyExzz61dIk2FWy0Rm+Up1I9qpcUsMDfZbxPRMOe1xrHqNtoyO8MHoMvq47RrY+tob2SdEYNRr09vh+XLDKNsbtoqW62K2eCjNtdeH9OgEtPuqwwyOcpzcudrsWHdlaxLPtYwk3atDqAWUkWT9ZycJ4tW3fMQXBp7W0mZRkFv6aGZ2veq27I1sLWHtATXFZDhEA9LB7w6O8xDyemt/NIxveYfnTRSSFGdjlrE8l4WoLuPRu3+3I6Kee+jRteYziOhNQy133fcTKFVFUbnqH5b8uIikE6GmhKLuEq1b8kruCXvfTRqBH30Dphs1obRcAolUGCLBdZVteLmbDoQie3ngbr/qtU9f8erZf3/X99MbFdPrsJ0IIIYQYaTJFSAxJYEQCccBR3YeAkUNvGVDNmM1tc24EDtNiAE4fQwfMnHE1Pe27eHhtFR3XpJO/bh3L06PQVBVSovG8w9RT9tO11OkUZOUWkpedRlvjNv6noommijWU1zaTmJnDusIckkfpqFy9Bo0BrN1nMFgMNGtHszwvj8zEMTRuK6P80FiW5+WSHh2AtuZFmszQUr2G0hqtLZx1eaSqminPW0OT0T0lIfG3kZ0RDUDykkyiw9opzSlGo1ORlVtI/vIMTNoa8lZtxex2Zhg3LUgHIDo9m+/fHAkoABOnR88hLz+XtMhe6so30WBkCGVjpq3NAKpYYsM8doUksWpjEYtTI5ybdFrIzstneUYc+sYqXrRn8NxpA+es7g+im1u2srq8jlGJmRQW5pGABcD5uHrXaQN6XRsJ6Wmkxk7ipJ8y7O06i15by+Gx88jLzyE13ERdeTlHeiAs9r8oLv0BYeYGNpbXMS59OcWl68hKPE9dZSEajzoYjI9P6NAbDBiMXVh7XXZYoJcPKXl4LZo2E6rwaKLVStoat5FTtIseP2Hue76IkpISSkpK2LChghZ7BZ87a8BiOuucYtPbZcBisXD2nBWwYjBZ0Glq2NmiIDJcCZjQVG2mwQy07+Lx0r7BFdVpnX1waTBaWJtXRqM1htzCdRTmZjFOr6Vs08sebQ/Q7+Lx0hpOT0wjb10hWcmjqKsspLq1B3/tcO+GXKo0J8hYns+6dXmkR52nrtKWdlv/MqHXTyQ9LZnpkeOd7WhywizUgDI6nR/fM4MLRyoorKxFkbaEwuJ15GQm09a4jRca+qYOtp0YzfL8QpanR6HdWUrpbve2Pvg+AT2t1eSV1tBxTTp56wpZkjYRTdVaina1Av3b7tGyIqoa20hdkkthbhZnG7UYTGexWgdTBnq09n6VnR5NW2MV2z36VWv1RqoaO8jKW0dx4XKuMWgpe/x5jPgO/2ik57XGtZ/6v+70dhlo1miYkpVDXk4GYwxaSsv6t2/PenI8RObtOmH2U4e+wnHo7TJgaNagV2exrjif9Imn2ba2CI3Bvk+npeuaVNKS5xDV+6rPuoueMQ0MGvY02C8KxgO8pDVwTcw0rN1nMFlO0w1onPWZR2HuHZj6mpnfduSvnlxNmXMP6dFKUMaR/eM7CbPa43ZeHDs5YTHRbbUO0Eb0PJNbivZ8lK3t3xSATo/z0bzucyewnD7nLENfddrgp/36q+/LBugnQgghhBhZMsAihiiCGXHQdqiNHrOOt0wwY3o0ITGxhGPhrbf16FtbgDgSIgJp3rMbCyruvu92JgQFkbBgIckqaHz5dfcbRMMxDpogLa+AhSkxJM1bRmF2Brde8yl1dQaUyTmsWpRKVEwqK9fnosJA3f4W5+lZxQXMTUpiQfp0ADJX5DI3KYV7M2cAJrqtRur3tEF4OotuiSUoaAoLfpAJ6Dmo8/xqHcb02HBAzeybk1C07EcLZBQ+wcKUGOLnLuYXy5NBv49DHqdG3BiLGlDHphATHoJtqCKZXxQsJik+hR/cMwvbJCIGXzZ0c64D6O0a1Dz9rOIi5iXFM3fxYuKAU20f+zz26L59QDIFqxYRE5NEzvo8tyc8rIAyOYeVS5eRszSWtwYsw2R+vmoxSfGp3P+DNKCDc11AiJqI8DDnyE3HRx/w4acKbv7Rz1m3rpQbPQeOBkHhmAygiKCg0pFuNblbnmMBB2m0AMSxoqCI/FXZhAM0/xWtn8Eci76ZxsZGGhsb0WrrnWs9OKYd9E0/cJ+IYPsUTX5lKRtL15Ossm23WqFpz1+xAKrEbJ7bWERpZSHRg81kzzgysrPJW/UAKddeybjJU0mMBjrO9FtPpWnPbixEs2rjMpKiYli48lEy0zKIDOrFdzvsYdK3l7M87wkWz41m3JgriY66xpl2h6x1+SxdtpJFKeOd20KiUpiuggB1LCnxUYyeMIvs7BxWLZvPtWPGMTnyKpS4T4PKeqKIufExzF2aR0Y4aHftcbuxHXyfgOZ9bwKJPFG0lKSoGOYvyyczEppf2ocRz7Y7mUaNAVVqLjnzU4hJWcgTualDKoMl9n41b+lSooEujzvb89ZeoJcTx9rpDppGTvE61q2/izC/4btfa1y7gXmA6471vC1/OQtTSUpdzP1pKjhxknMe5eRZT4768HadCPBTh57heJ/SkkzBqoVERcSzNP/HqDCg1TlGPhJZVZDDspVL+fwt33XXFXULaSqoq90PQOtrr2IinDtvjsDR0xQYOHrQgDI1l5z5ScSkLLKVzSCurR0+68ldWEQ8ieFjgCtISYlnvMIRt52XuUje2oj5yB4agYyVefa2n09WtDOpboH5rtN23vDZfv3X97EB+okQQgghRpZMERJDFjMjDipbONAQgIlwbowOAaKZHQnb3trPfkUrxC0mAuhAARioXJ3jHsioLrcbROPx97CgZnp039fcmHmLiTE3kVsJM290uSUNmcIMFdSf6IBJAComjLHt6uq1AmomXRlo/2zbrug6hd4EmGrJW1brlpRTuuOQ4v712vZExHmsVrB2dwFKJl3Z9xx2kMr299t+37F7rbavvNZuIAQ4D8pg53Fdrk9aDFA2fbGpufY6JXXvB3v5Tt/Dkb31EJlgKwqXsoAxXKWCfWc6Ae8LNNrWRuntG7gJiSZWCc51InshKmay7Wez/zKcac+rY+a/46kStzSHpbBiySE2VdVR1mybGqGOS2fFI0uJGs6yE11WZzzu973NrF12l8tnk99BquTsQn5wwzi6rVZAwfihDPyow5kUCBBEqH1NF9e8m6z2y23gZKaGY/sr9kAC1YzpfZ+S3EqK3eJS9G8L1vOginWp6QgWLbM92dTksx0GcuU4qN6UR7l7BC7hq5lwpbfbaau9LG3/DQwdw7nDleRUlvnMzhjnshCBxMaq2bmv26M+Btsn3M9whBk9VQ2n7R9d267xQ94HEqZPcR4dNuU6lBzGOqgyUHG5S78Kd+0jdvGLHyVT/7/U7KykcSfYpif+mNxFKX7Dd73WuBrwuuOaP5fS6H+NcK8nR368XScCQyf7qUNv4bg6D+rQvvhDJhOjhJajx5mtOA/Ksf3WPPded2HcenccdZW7OWKewYFX2lAmLic+hL4BgbPHOWyBqKvH9YU1yjNk7+1oip968mzlvfYBDF85dl8fynsbsfZ2AyoinX0okCkRajjhJUBfdeq3/XryXk8++4kQQgghRpQMsIghC78hBRXlVG0FIrOIDgEIJGFWHNuqaqgBkpfb1kywWk1ANIXbi3CsotDa"
11:15:14.531 [Forwarding screenshot on session 7836b5d0-bd7a-11e6-9730-e5ec4f8847f6 to remote] DEBUG org.apache.http.wire - http-outgoing-0 << "sJd26wRCXcIMHjce0HDswx6SYmxfRFt2lPD705ejAg4e0JHjWFyg5xPaTBB13ZWAtzclnO//jTh4Amol6GKWs33VXHs4evbuaWFcgp/nCRTY79gtfNrRA2G2tNlufnx/8UYx8AKDgy0bgAkRE0Fbx8tNd7E0yeWuv/3PrC3fhiotj19O9xIH/hdStVrP474wZBs6Czi+xluB4BD7XUOI/zLs/fOAWabH2EpH0HR+sT0Hhb6Vw69XU76zllcO3c5KXyvTKgaxbKXC649AHPlljzDJ2sZrrx9FMT6SaD8L7QaEXEmYOqzfX7MdHPVt6hr8JB8HlTPej2n3/mKkfsxHtlBYpSEyLZufL0giXB2GpuQ+ylr6H2u1AqazdII9/UZ2lDzDmfhFeGkadnqeXV1OszqZvOJ7iY5QQ1MFS4vfcjnGS39y6MVZP03P/4waLWTmFnJLbAxhNPHDpcUu9adilLNyetAdNcCY6W71NZQ+YWu77j75yABEY5u45dJ2w65kIqDTfYhjkRLj8fexAIpBlYFH3F62GVs/ZMLcR9m+ajztLVr273qRnTXPceCWyWgHE75nMx/guuOWv4G41JOv/AQwiDocIBw6+wY6MX9MmwViYqf0u0wPVHcRKd8lvLKY558qQ2+BzIUz3A8eax+8Odnp3KRQ9HVsf+3ogs96SiHV34CqYwTMkcEAhZfnR1wOd6QrIAgwccqlHjv+3un1wuyzTv22Xy9c6mmgshZCCCHEyJIpQmLo1NNIUILJAnGzEpx/9YtISEEJgIrEhHAAomffBOioLNlFu8FIi2YLq0vLqdR2uP21MDBqBonAzpJnaNIb0R/ZxeZtjZzovYZvJyqxNFayRdOCQd9KdfEm2oCoIb02U03sTBVon6dibwtGo55dz26gvKoSbaeXw213q+jeaiE4cQ7RwLaNpTTpjRhadrOxrBGUMUz2/EJu/xJ+6tDrtOodf2+1ev0iO9iyAYhZtJxkJdQWP0zZDg2t7e007d1KTt42IJzl9yT5zHmvzz0QPfMmoJGyLXvRG/TsLnvRy/qrjtQPpgy959Xp47coLy+lZIsG65iriZx0hW27n3s2Q90mfvjDHzr/3XfXfWzxXDjHJZVWICxpDnEANPP8b17k5a3PU7NzJ9sq99Lp5WEMq5ef3PafBzBQWbSBirLHKG/0MsDi424rbs5sAEyN5eRuKKMoZzXNFpcDetqpLtnAlr2+10QYOzGc8aEKjuwuo6zR4vXVSrGz5wBaNpXtRm800FD9DNsam1GMc/QTb3XTbXsSY+xVTJ4YSnfrXoqL64BRg7j5CuPaGCWmo2/S0GqwF904JkyeTLC1neqnyjHhOkXNRGnRFloNBo7sepYaPcTNm+M2mDWUPhE9cwag5X/LdqM3Gjmyq4TKZgifN9tlmpsjF1Gkp6kx1BZTtquBloYdrCnVYCvI4ZRBn+N7nqOs+HGqm04zbvIUrhyrAEahUAwQvsu1xnX9lLBBXXc8U+itjj3qyYdeZ3C+6nCgcFRgqeOp6gYMhlaqnyrHgIqYKY6hsb60DVh3IUksSFahb9aBOo2b+z3eNp6YGCUmTTnVDa0Y2ht4ptxWpuC/HZ3yWU8+iwZw/BHAxM4X96I3tLOjtHxQaymFxM8iDqjZ/CxH9EZaNVso17qvdeVeb97q1F/79eReT4PrJ0IIIYQYKfIEi7gIaqbPVKPRnCcloW9xVcKnMUsFdaNmOBdjDYtfSuGSbjZUVZHXWAWAKjqD/IdSASMKHAMAEeQWL2ftmnKKcxsBUEamUfBQKlGBU/i4aAM7ywqxTUxRkZ5TzKKoEMxHbF+OHRQBvj+n5vyCTz4roqa8kDr7/sSsPJbG9J94EDb5esLRUFteSPeoCvLWZbO2qJLi3GX2Ikgkt2AlEf1OnMJNkUpq66oo6lKxIngUjAnyGD8YNYiy8RTByqfzbW9Z2laGZpttqzI8kZwVD5EUAmaPvDuMCepbO6DX+ZM9DUlLyc/8O2trysmtBZRq+yCZ5zkMWIZN9b7z6hAYcxc56ccoqy0jp7bMXpRZ3Ov56hM3Fkwmi9sW11uQ4NBgoBfH5Alb/FE8Yq+zNm2dbdBIGUl2wSNEeYnBcXPl/R4rjAXLM3ireCcmvZY6vZrExEi02jZ73PbJIqNczlb0hRYYtZB12adZXalBr9WgV0UTF3ma5jYTQQoF9HZwoFFLB8ksneueupD428mI3s/OqkIWVwGEk5gYjlbb96r0vmMXU7jk7xRWVZKrsW2Ly8jl3vgQmg/4qpso7sxKpHlbDTmLawDb20mUjVqO6gxMD+7fplzbRGRCAmgbKV19lp8V302kppKy3KWUAarIOCKVzbS9cwxFtD3mjlpW59h6cWTacvLmR+B6HRhKnwhLWkZ+Vhdrt1WSq6kE7G/DWRyP+7XFJmXZ/3KeNZRXlaJBSbgabK/KGV4ZOH5Oun8lqcc3UFOchy0UJanZBaSERBHsJ/xUt2vNhr6wA2P8XHf65w+81XH/elqdH9EvP2C7TsTN8V2HLIpxC2fc9iKvfam5ppScGgAV6bk/Z154IE0eafNfdzY33nE7ZY3biJt3q3MgoO96Hsi8Vev5qOBn1JSutpe3ozb8t6OI3nE+6slLZhjlfNIkMOo2spMPUFlXTm4dEB6Nyj7E4vl7x5ESW/3YrkVrVley1t4xlYBlXKh9ylRf2firU9/ttz/Xelq3vWjAshZCCCHEyLnkwoULF77sRIj/AD1mDOe6UQSFEhbifXlE+4EYDeewKoJQh7l/4+0xGjlnhVB1mI8FFgeZFKORc1YrQaFq/CZlCGkblkGXjeNwI+e6rTCS6bCnIVStHlTZXnwZusc32DxfPHudoUCtvoiVdN2CsqU5SK32uhbIwOcbMZzz3n6bKnLY1HUPv1uZ4vVUs9FANwrUYYPIg6NsQ9WOGQkDMxsxdF9kffaYMRNASGAgjvLGT70aDQa/+93yMJj24TxWje/uYGbXhrW8H/NDVs63DQvod28gt/J9ciqes00NGU4ZuMZkNNLt7Tp10eGP0HXHrZ4Gjs9nHfkIp6nihxS/dRMVzy0FgxGFOmzgfjKouvPP1jd8lI2fduSzngZMspFz3VzE9cRRrheT10G03/4Jda+nEShrIYQQQgxMBliEEOLL1NPKhlXVfLugwHOtZTGC9m64j3KthcjEVCI5RZ22DaKz2FK08OIGzISbhrL7KNUkULZ9pUw9+SeQ9iuEEEJ8PcgAixBCiP8ARhp2bGfvwTY+CxhNZMK3uWthqs8FjcXQtGuq2fdpJPcuTBrWE4bCF2m/QgghxNeBDLAIIYQQQgghhBBCDJO8RUgIIYQQQgghhBBimGSARQghhBBCCCGEEGKYZIBFjBAzu0qK2NFi9Lq3dXcFBSW7MA903K4y+3FfNvd0mvUttBh6ANe8DEyv2UpRQQEVu1oAM7srNlBQVEGLGaCHhuoScnNyyMnJpWx365BT2d7UQLu5f3r/qXoMtLb6eD/ooP0L0zvC+tqoRx5cyqWnfS9FBWX2ev76GKn21BdOfxfbl4TD16fv9LTvZUNBBa09I9Mnvjq/H4QQQgghvJMBFjFCrJxsbKa1w+p1b0dLHbrGk1gHOu7kYXSNJ+n+ZyZ1UKy839hMS4cVzE08nlvILt05ADref2vQafzw6AGadTreOtkJdPN+vRZdcz0dVjAfeYHSmkb0BgMGg55e5ZghpdDcVEFe8WY+tNrS669cR46ZrY/msHqHbpjhuJTv10xfG3XNg3u5dHW8R7NOw9cpeyPVntzD6bfzovuScPj69J2uj99Dq6vn466R6RNfnd8PQgghhBDeXfZlJ0D8G1HC6KAgAHp6INDlVRIpD20lcWUggRhBCQEKj3PtJwQHjQKlAs/d/3phPLR1CwSGQM+HnKcvbwoFoAoiCPpn1INCYcvJKABCmZOdzUTTZUwJBnrtdxqqNCqeWzb0t0EE2P4T5CgsP+U/knrPg2p00DBDcSnfr4t+bdQ1D2a3cglLymHrlge+VtkbsfbkGY7HvovtS8Lh69N3goODgAAUjEyfUCj4ivx+EEIIIYTwTgZYxJDpG6r51eYa2iwAKtKyV7Js3pUo"
11:15:14.532 [Forwarding screenshot on session 7836b5d0-bd7a-11e6-9730-e5ec4f8847f6 to remote] DEBUG org.apache.http.wire - http-outgoing-0 << "AkD35rPkFjeiB5TqRH68KpeU8EBaXi5mw6EInt54m1tYPfoGSjdsRmuwgCqSaJUBAmIBOLK1iGePKQg+raXNpCSz8Nfc8vnrbHyyyh63ktQlq8iZH4O5ZQePb3iT8JjRaLW2pwgik5fw2Mr57gMXPUcoyn6SsT94gpy5EWBsouDhTQR/bxWrFsaA+QgFDz5JxIpCAmpK6c3MJeDFYkyApngphox87mQUmPZT/Nh+dG0mWxksf4xlc6MGKLkujjX+lb8axnLlhA5+Vlxn22yq56c5Z1mxfhWXH63mfzfXoLcAqEnL/jHL5sX0C8l8ZCsPrrWdX7z0MXIrHvNb/kMpS4CW3VvYXFmLYyJQZHIWK1cupKO6mFpbYXDfqQye3rgYjuy6iDoxsn3NGnozn2BpEmx9bA3tk6IxajR9aS9YRYrao40o1USO6aRj7Dx+WbS4/6CU8QgVpc9SpzO4pVuNkb1bnqG8ttl2nCqa7MdymRcVNmDb8d1G+/Iws63UrVx+sURB4YZ3WP50EUlhFx93694KNpbXYcJ/e/B9nO+4h9OezO0ant1URaPeFqMyPJHsFblMN233CGcjKc6ojGxdNZS+1ENDdSmlNVp72uNYnv8IcyOsbH3sYQ6of0DZyrm2fT0tbHhwA6PvWU/O3PC+fLXs4PENf0UdE0yztg1QkpyVTfy5VymvtX1OzFzBqkVJftr9zbw2yPjASHXBGg4QTIeuDUt4BhWld6Hzmg/bwNzeLU/xfG0zti6fSM6jD5EaEQLmVrYUb6LW3pbDEzN5dNUiwl3aXeKxUtYeUFNclkOELWHs3vAoLzGP51bNx+ijb3o6srWA59vDmfRZPY1tFlBFs2R5Gid/W4bGACgjyV71GPNiwvzUSwhgYFdJCVWNtrINV1sAtb0uqnnE2Sd8/R6J8dm2UiNk8E0IIYQQX30yRUgMjX4Xj5fWcHpiGnnrCslKHkVdZSHVrb0oRoG+sZFJWTnk52QyxqCltOLP9ADd505gOX3OMzCeyS1Fez6K5fmFLL8pAJ0ex+Me9HYZMOi0dF2TSlryHKIuvM7Da6vouCad/HXrWJ4ehaaqkBKNHmv3GQwWPVotZOflk50eTVtjFdubPNYpCIwkYpwFzZ7D9ACGo2+is1jQvnkYM2A8+iY6SwBTJo/l3GkD56yjuWlBOgDR6dl8/+ZIQAGYOD16Dnn5uaRF9lJXvomGQSyJcEbfhkGvp9PiutWCqbOLTl01uaU16C1KIuOiUWOgrrKQMk3/9U5C4m8jOyMagOQlmUSH4bf8h1KW5iMVFFbWokhbQmHxOnIyk2lr3MYLDQYmJ8xCDSij0/nxPTO4rH3XRdeJrXytzrpu1miYkpVDXk6GLe1lu+ihnVKXNpIzT02bwYLpdBf9ZxroKfvpWup0CrJyC8nLTqOtcRv/U9FEU8UaymubSczMYV1hDsmjdFSuXoPGwADp9N9GHXnwLBdF9xlMltN0w8XHbW5gY3kd49KXU1y6jqzE89RVFqLxbGd+jvMX98W3pxbW5pXRaI0ht3AdhblZjNNrKdv0MngJp0/YkPpSS/UaSmu0trSvyyNV1Ux53hqajGHExo7D0PhHGuyLcRgO7EZrguumug52OMrXQLN2NMvz8shMHEPjtjLKD41leV4u6dEBaGtepMmMn3ZvHXR8AF2nDeh1bSSkp5EaO4mTPvMBR7aupby2maiMHNYVLieuU0tZ3jPoMVDxyGpqdcEsySukMDcTq7aG3IId9Li0u+gZ08CgYY/j4mM8wEtaLcufgwAAIABJREFUA9fETKPHT9/01Nt1Fn1zHW1j7yAvbwmRvTqqiss4Hp1Fbk4W4ZY2Knc0Af7qBTRlRVQ1tpG6JI/C3DswubQzq0uf8P175LDPtiXrrgghhBDi60AGWMSQNO3ZjYVoVm1cRlJUDAtXPkpmWgaRQb1Yz4MyOYeVC1OJT13E/akqOHGavmEV9we7zUf20AhkrMxjbnwMc5fmkxWNbQ6BUyKrCnJYtnIpn+/fjQUVd993OxOCgkhYsJBkFTS+/Dqf2Y9eUlzEvKR45i1dSjTQZfW8DQ/hpu/EQdtBPgB0jS22zfqjfAgcfUMD6jlMV/edEXFjLGpAHZtCTHgIYAWS+UXBYpLiU/jBPbM8E+2TowRUMYt4Kt92s4k6jS2/K+KyQ2/a9iUvJr+giBVLEgHQvPwa5h4zBoPB+c/cE8b02HBAzeybkwiDQZT/4MqyZ8IssrNzWLVsPteOGcfkyKtQYpv5ERKVwnQVBKhjSYmP4tiekaiTvrTnLEwlKXUx96ep4MRJPmragxbIfKyAufExpC4uYHmi0q0snQzHOGiCtLwCFqbEkDRvGYXZGdx6zafU1RlQJuewalEqUTGprFyfiwoDdftbnKd7S+fg2mj/cgmwp05BO3svMm7HCFLHRx/w4acKbv7Rz1m3rpQbPR/b8Xnc4OK2GUJ76hlHRnY2easeIOXaKxk3eSqJ0UDHGbq9hONq8H3JSP2eNghPZ9EtsQQFTWHBDzIBPQd1RuJvuQMVBva+3g708PrLjRB5Bzf3H+8AIKu4gLlJSSxInw5A5opc5ialcG/mDMBEtxUC/LT7ocRnxV5uS5eRszSWt3zm4xhv7m6DxOUULE4lKmYueU8sJz0jgd7Dr1NngujMe7hpyjjGRd/CPenhoPszB1wG2AKjbiFNBXW1+wFofe1VTIRz580RNPvpm94HK5IpWLWIpKT5ZM5SA8msyllISupCfpCmgtb3Mfitl2McPWhAmZpLzvwkYlIW8YvlyfR1FoXzvz5/j1ym8tO2hBBCCCG++mSKkBga63lQxXKlc0MEi5ZFAEYO9UJUzOS+YxW2//iaL2/t7QZURF7pePQ7kCkRajjhOOI8KMfSt9qHAjBQuTrHPaBRXfav8Coud64TO4ZwJXR5iTdiRgrKqnIONzWh15pIzsri1LZtHGxo4O9aiF5yE27LBPRabeFbu4EQe7qCnfnq6vWRwQFYHWuwnIdu+krK1FjJ0rsq+w7sOMdp7bPklzY6NyXmlPGjINvJzvEKv+U/+LL8R+gYzh2uJKeyzFuq7ffzjkhHpk76pd0e9gUAlEwY17dVNXYMeClz4/H3sKBmustjEzHzFhNjbiK3EmbeGN13cMgUZqig/kQHTPKdzoHbqINnudh1dWDg4uImLIUVSw6xqaqOsmbbtBt1XDorHllKlGsD9XVcdqz/uD1z0AuDak+Basb0vk9JbiXFrgGobW2tXziuBtuXuk6hNwGmWvKW1boFcUp3HFJmcXtkOdt278d40yRe0UNq7s14n0SiYsIYR/hWQM0ke3064lMAgf7avXoI8bmWm9lfPk4TGQCq0aOc2wIj5rI0AowNFQDoatayrMb1rHCP62kYt94dR13lbo6YZ3DglTaUicuJD4EmP33TUfp93OvB83OvvZQU/vLz9kE6LBB1dV9nVYzCO5+/R6ClpdZn2xJCCCGE+KqTARYxJFYrYDpLJ9j/Om1kR8kznIlPxwoEhwz+TTiKgCDAxKmOHgiz3ap0/L3Tvkimt7hNQDSF24twrCLQ2rCXdusExlDf/3hfEasTmKOGneXlgJq8W26m7c1t1JSWAmqWz7ANGPVP8HAXdvVNAVjtd6Tq1OU8cf8MOnUN7Dt2jqsjE7gmNojC/Hm2Hvs5jJkUCsddToYhlb+/sjz+/M+o0UJmbiG3xMYQRhM/XFpsX2ES292W/eeRqhP/abfwqUsbMZ313kaCx40HNBz7sIekGNuxLTtK+P3py1EBBw/oyEmxP5rU8wltJoi67kqg/xuRnMNHQ2mjLuXSl6gxhF1k3D3GVjqCpvOL7Tko9K0cfr2a8p21vHLodlam9j1i5fO41m8OELcPA7SnriNbKKzSEJmWzc8XJBGuDkNTch9lng/F+LsjHqgvBU9ArQRdzHK2r3Kse6Jn754WxiVEA4HcnJHGttLd/N8z47AQx60par9B9jnvtSE2+W33g4/PrdxC/OVjCgf2QW9vX2J62neztvx97sywlU9aXgXLkmxXWrO+idcPdzMlGA65xBeR8l3CK4t5/qky9BbIXDjDlg4/fTN0kCXVj9/8XMPexl20"
11:15:14.532 [Forwarding screenshot on session 7836b5d0-bd7a-11e6-9730-e5ec4f8847f6 to remote] DEBUG org.apache.http.wire - http-outgoing-0 << "nOx0Hq5QBHsvIx+/Rz4aO4o3Xj04cNsSQgghhPiKkilCYkhiZ88BtGwq243eaKCh+hm2NTajGHeF/QjPOxer28+un0LiZxEH1Gx+liN6I62aLZRrLR5n9Z0TPfsmQEdlyS7aDUZaNFtYXVpOpbbD15iMD2HM+k40mEygjiU6JIxpiZG2XeE3MsPzvsk+8HHq0Ou06h0DL1bfAzgXwQpEz7ZNXzBo/sjzO3ey9beV1O6s4fkDHxMYEk5MfAwxMTHExMcQHhbouEtB91YLPW4heYbc9/NgylJhBRjHhMmTCba2U/1UOSbgVNvHQBjXxigxHX2ThlbDCNaJ97SPTrqVRGBb0Vp2H2lBs7XI1ka8/GU8MGoGicDOkmdo0hvRH9nF5m2NnOi9hm8nKrE0VrJF04JB30p18SbagKipfgYaGGwbpV+59Iki5SLj5uO3KC8vpWSLBuuYq4mcZO9jngMXPo+LGFrcQ2xPYyeGMz5UwZHdZZQ1utSJ13Bc9w2mL6mJnakC7fNU7G3BaNSz69kNlFdVorXfv4el3EoiFrTNetRp32WgJaYH5LfdDzU+R4785WMssTPVWBor2drQitHQwgvllejazjImZQ5xQF35M2haDRjbG3jq8WKqquro9HxsJiSJBckq9M06UKdxs/3xJn990/uTPgNd06xY/ebncmJilJg05VQ3tGJob+CZ8jq8dVafv0dUtgEZn23LZzrN7K3YQMXuVsC2MHVZ0QZ2t9omQ7Xu3sKGit2yjosQQggh/unkCRYxJCHxiylc8ncKqyrJ1di2xWXkcm/8aJ7Hc+bGKAgI6vt5TBAKbPeHtuOieGRdNmtWV7LWHpgSsIwLtU9l6TsHICx+KYVLutlQVUVeYxUAqugM8h9KRaE7jucX+b54+ouaMQvVNh2q6dMJAa5NmA4724j7zgzno/PO88OmcFOkktq6Koq6VKwIdk+XM39+BIcG9wXqcaZyoi2/IfFLyc86x9ptjTTu3AmAOjqDVStTvYYZNvl6wtFQW15I96gNXvLrvfzBf1lOPG0hUlNJWe5SygBVZByRymba3jkGi2KITEgAbSOlq8+ybnvRRdeJr5/d0xvBqi35lKx5ksq1haCKJFIFbee93WRFkFu8nLVryinOtU2nUkamUfBQKlGBU/i4aAM7ywqxTWxQkZ5TzKKoEMxHFH7S6b+NuqbbtVxW50c4w5y7av1FxR0Ycxc56ccoqy0jp9Y2bUWdmMW9Hk9O+DtOneI7bk+DbU/B8beTEb2fnVWFLK4CCCcxMRytVsdxMyS5hVNBTorLSixD6EupOb/gk8+KqCkvxP6+LRKz8lga40h7BOkZkWh3nmberXH98gOgCHAvX3+f426/22+7H0x80L8t+81HzCpOnd1ATelqbD0+nKz8h4gijLziHNauLaPMMcVHGUn2ujyisLLPI44b77idssZtxM27FUfr8NfH+/Osh1EeT2n17fedn3EQs56PCn5GTelq+mY2KfqVta/fI//1/6Yw+u2/+WxbtnSE0v/5Jysf1Gupt36bZfOi6PrwEJpmLUHftV0lOk/sR1ufQPeyeXz1X24thBBCiK+zSy5cuHDhy06E+BrqMWM4140iVO2YOTGcwDAazkGQmrDBfPt1xB0USljIv+GrO3uMGM5Z/zX581mWjjrxkYYeM2YCCAkMHCCcYTK3ULLm98SsyGdeRCDQQ/Vji6khi60bF/r4S7wt7VZFEGqPBtVjNHLOCqHqMB/n+jLINupZLiMR92DL1s9xF59v38xGA90oUIf1e1n2iLKl3UpQqBrP7O8uuo9Kwxwqypb2f2X3xcXmt90PJz5/+fBXP0aDAatiGOX8T+qb/vJjaxv9+5/PtHn8HvlXtS0hhBBCiJEmAyxCiK+unhYKFheiQ01yWixdunqa9RZSc0rJSfXxyhjxb898pJrHn6zBYIHknDK3NWn+HeITQgghhBBfTzJFSAjx1RUYQ1FZIdXbd3GorY2AsJksuWcB85NkcOU/2qhQ1BMjiZ6ewQP/isGOf3V8QgghhBDia0meYBFCCCGEEEIIIYQYJnmLkBBCCCGEEEIIIcQwyQCLEEIIIYQQQgghxDDJAIsQQgghhBBCCCHEMMkAixBCCCGEEEIIIcQwyQCLEEIIIYQQQgghxDDJAIsQQgghhBBCCCHEMMkAixBCCCGEEEIIIcQwyQCLEEIIIYQQQgghxDDJAIsQQgghhBBCCCHEMMkAixBCCCGEEEIIIcQwyQCLEEIIIYQQQgghxDDJAIsQQgghhBBCCCHEMMkAixBCCCGEEEIIIcQwyQCLEEIIIYQQQgghxDDJAIsQQgghhBBCCCHEMMkAixBCCCGEEEIIIcQwyQCLEEIIIYQQQgghxDDJAIsQQgghhBBCCCHEMMkAixBCCCGEEEIIIcQwyQCLEEIIIYQQQgghxDDJAIsQQgghhBBCCCHEMMkAixBCCCGEEEIIIcQwyQCLEEIIIYQQQgghxDDJAIsQQgghhBBCCCHEMMkAixBCCCGEEEIIIcQwXfZlJ0B83X3OGf15eoGAkFGMHyNNauQ4yvYbjB4XxBjll52eryppg0IIIYQQQogvnzzBIi6O5RwvPLGPmaEvc8M3dzPjm7u5YdLL3HLfAd7Qf24/qJviOTVMnHOAMz4D8jim8wR3hNZwyxOnfJ7xxhOvMjF0B7852jOiWerHnpaJmYfovKgAutmU+TIx19WwaIPv/HQeOMRVqhomhr5Knb2gLMd03OEs21e5PtlfGfrJgj1sX//8183IemPD7pGNc1BtcCT18OpzRzl0cY3Bp480R1n73Ec+91uOHiUmtIZbnjjhNU2bMt3bjhBCCCGEEOLLIQMs4iL8nYdj68h78lNOcRl3/Cich38ygQQ1vLtTz/en7XG/2TvnL6xvoFQC+i/otW/pAUw9//Cbgku++IJ2Q6/fY0bM8V4+u8hTTZ9+zjkDGM2+89P7mcXxk7MM6qt0HP7C5aDQb1xU/L09A5SRS7n/0/Xay8BvexisIbbBEfDGE6+R/ej7fDKSBdZ5goUZx9jVZvV5iNnQxbkvsHWMfv6B6VOAL7ztFEIIIYQQQvwLybP0YsheXf0WNQYIvfVqXtmaRIR96kremm5+88Ae8qu7Wb3xfdKevMp5ToDP0AJZUZvJjyww2BkwAb4DG1m99nva0G/4Sb9/gzkvZMok1paGAEquDwHo4VCD7QmMC1Mm0nQ4hav8BTBIaT+ZyqI4Zd+ASu8/ICxsRMIejJGst8G3wetGLM6AgEuBAEaHjFiQEPgNVPb/+6QYIF0jmBwhhBBCCCHExZMnWMTQWD6h+hkLFy5V8svNfTe2NkH8189i+OaloOq0uEwD6WHH5gZmhtqmpcTMqeM3B8z2fd385oFXmf/fb/uYNvI5dZsbuOU627kzM/exubrbZb/t/EU/aWLtA6/awk+v55AFOPMRa+971TkdJmbOPmq03S7nvcKin7zNy5vrifGWtvEhfBMYmzie8QD6U6x94NW+YxNeZe1Lnwy/TD/r4kDtaf7yugFD599Zk1nL01rbrkuOn2bhnN2UH7Cl++jLh7gjYYd9StEOFv3kbY5Z/ITt4rpbr+e2BdexwPHv7mgWpF3hLMNb0l9h0WodjuA6D7zNHXNe4ZZ0DQfs02IObNZwy5xXeHjzcV7drHGWxcw5+3jZbcqWmRdW1zn33/HfB6g7PkKPflxEG7S0n2DNfa8428LMOft4wa0N+m8Lx15q4OEN3VzyhYWfpr/MsqdtU3raNS0sS+8LNybhFR5++rjblLLOYydYc19fu5mZbm+HnR/xcHoT734BLb/TcscDvvrA0Byre5v757zsbCO3ZNbz6rF/8nQ6IYQQQgghhDzBIoam8+3T1H0BY++/ltvGezkg/DpeO+d4asA2KHDJ8TPkPwbhN4WSxmfU7T/H6u82cP0n87hRCR/9rZsWLF6nqhzavJf7HzNz4dLLmP+jsbRVnqHOYzbEGX039dUnqbd/PvvBpajNJ7jjur9x+AsIv/VyUq/s5YXffsrDc17l9J7bWHEjnPnAQr32A+qxpe1bmOxpe5MpJ2/j22PGMO/n4cy44XLgU/LmHOQF"
11:15:14.533 [Forwarding screenshot on session 7836b5d0-bd7a-11e6-9730-e5ec4f8847f6 to remote] DEBUG org.apache.http.wire - http-outgoing-0 << "A3wzYzz/T23lD5Xn2JxdD+rbyE8NuugyNRvO8coeMxcutXL//5j5Q537+iF6rZk24z84+tw+vpv7qXP7JV98Qf3/fcCcnZ+x7/1ZTB0gnqMHT3IsOJgue0H3cilTEq9gPPDRB928q4ULnxj5dB1cBfT2WDistXDhUjA6zjlj5l2thXe1h6lxS+OnPDi7gSnn5hBLN5syd7NxT9/+w7/Vc/hiC8jD0Nog0K4jNeEd9F9A+K3jSR3bxQvVn5J3627ad8wjP+0bA7aF0WYrenu7UxHAmNHfoFN7iFnz2wCYtWgCVyu7+PPvzNQUHMZyZSgVd18O+uNkzjzMu/a4b7fHvWLuHoIak0B5KfAFlxg+B+XFTQNzZTn6Nt9Z+AEXLr2UW340gdAT56jZ8wnZdW/yyidpTJeFkoUQQgghhPinkSdYxJA41vSYOH5od2p3lM7iYG0av61dwDP3X8YlX5ipO2gbgAkItR3Tb6pD5ynWPG7mwqVBVL6zgIonU3ntZDJpao80Wfri+Mg0n6Z9iRzZ+DaHv4DMX3+bgzVzKP7VPI7vn0r4pbDh5zo6wTmgk/lrR9rupDjjUi75opu6JjNwGbc9fCP3pobAmXMcPgMXbr2W136XyhNPptHwl6sBONr4KcPiMgUkYFw4v6+Zyix7z7xwaQhrf/8t7pvayZOP2uK5kDiBbUduY1flREIvhUsMn1Dy0sBpqC84zHduqmf+HNu/hXPrabI/MtFX9pd6nXLiut9h1n9Po/7db/PwrY5tXZw6Axatzjm4EnrTRLYdmce20gkDpm+whtYGP+eFX7yL/gtI25jMwZpUiv8/e+ceF2WxPvCvFRdBQEhaU7yAhRSCIeEFITQvaGYaP8s003PUDqYcEyoC80JpaeSBSjQttCOZhpGKHlMU000ClYMkQiIqaK7Uhq1y013Wk78/3mXZhWV3Ubucznw/H4v3fed95pmZZwbmeWee+egxjm6V2m71C8epwLIt9JsRxhfzHbhxhz0Ldz9G4ozO5G/9HoAZWx8j/aMQEleGU7DfC4Bvj0srX7I/OMl3v8DwJQP0ee98uyPtfrlOcia8ty2QB++AB18ewL9W+mHKX9QWapVSZ3jqn4+yYUUI72U8zkd/swfqOF4iVrEIBAKBQCAQCAS/JmIFi6BttB6Ls1Vu3GHPUxOaJth9QzvBhh9p0P4HMPPVXiVt8eg250Ee89Ddc+nKyzEdyX61KVKqbbM8unrU8nGBbhWIppovt1dLR/ja/keKd5FXxfFqH/17Y8c26nYXD4+9GzJNbNRwsscNaLf3DL5DLzHp6XsZ/qgPF2uC2l4hZrHDb7g3gQGnyCkAAtyIeKwnHM7Xr9zpN1SGq6oGernTh0pygPLjtfD03W3My/am43fc6NWZpDd96ApE/r0L7+1V6CTCz0rJcXbjjjt4+d1gHvEEZgxk6e4dLNhrJhirupbDR64YrWSSPXgvvd2bDVNtssEGKv79Czdk7sx/oSnaTNfh/rw6+DzL865wsgqrbKGhQdK9oRawh+ELH+fbF67RYPcfThVc5MKFKxzLUQFIdsZVjuWquXGHAzP+0k0vp99fB7Cz/zVk3d2gVqo3s0Gd21JenbMuY2o2Zyd25v9GeBA8bwSVK+zaIEQgEAgEAoFAIBDcDMLBImgTTjJHOt4BlVWtBf64zrHs89S53k3/QN303b0jvVyaUnSQWWd2VWerUPwCN743zqt7gAstjqIxyqMpKG1G9HGjrSwA3HGNugZT70FnWSsTUfuuJGV68Zdx5XxXcIUPCq7wASe5IXPi/a1DmOB3OyewBpPtK/+RHA4GE/DCFccZtcL4jZLcKqrpiQut82zaUN4Y2oHaxtN8uBP3m10y0fEufR0339p18pumtnF1bPzpLh542B72XqU1qnKO838RxjFtJnwWznuPGUeVbasN2nYEKu6kg1EaO/qHOUDeL01OJmttoZFaJSvn5bNur4UjoQPcecCwYeyd6BeoK5MVRz67d3Oi4x2YD4SL1A7uYQGsermOOSuuUJj+I4XpUn16jOvBZ58E4Wk5O4FAIBAIBAKBQHCTCAeLoE3Yd+9IF6Dkk3Kyl/owvPmMvlrBCxMKuYA9n51/VLrX4a5mk1vrcOrmQsc7KunS3XgrSJ3KxFaHZnk0ADfuuIv3Dw1jUIf/6J0ADXUNNGBLd3cobuW91rh7gD87f/Tnh9M/kJtzkR1bKskpqGXu1ELCCgea395hYXJsEYNVDB7TvIgf5sD1BtDUasHOBtf7Opt1rgDYd2iPvYudydOa9OU2PA7a3MoJM0ct9+rbEfgR4x2I1zlZYj4ar1M3D16d7wDtdTeu3UF///Yt0rXVBhsAPJvvhrzO2RI1YNtU9jbYAmh4f2oe674Bj3FdmDupCw/0uptetj8yMuB4k4wrQEU1F9TQtKOpli83fo9t3+4M7242E4nOjngCx4p+Rk23Zu3XwKUrAHfQwRbAjlGxQzj7YgPf5V8k54CCT1f9jCLzPAnrerBhxj1WZCgQCAQCgUAgEAhuBhGDRdA2XLoRPceedr9c5cWoY1w0eniVj1/+FsUv0G1mbx6xNOO3gH1nZ2kiveqMdCqQLo9PV1o6uedOOt0N7X65TqkSunp2xNOzI55utSwK/Zrw0H9z0sqTdxqpLviWXvdsJ2yBAk+/bjz7wkDSDwTrYqX8YmEyDjWnf+TL7HN8+eVZ/b/t289yTGFh9YMO977uPNjYW9U2DB3vw4SgO9n80ine+kcpWYX1VkhpbRuKAwODddP2wiryK65D9U+s/EelVbo1x627FPC33S/XeS3+GBVAhbyYNTvNbA8C7Hv3ZG5cP+a+qPsX9xADPUz4gNtkg3fibC+dxvRxdm1TsoozvL/zF8CJXlau4mkA2v2i5oIK4D/UqKVtRe98Esyzj/WkX28nTu4ol4Lh2gHY4vnwHbT75Qrbv2rKuyq7hOdnn+TFzwzi5ph1wOmeZZfzvrzW6MmJLcV8ehbwdOMBF/j6jX/R657tfHjGln7D72fum0ORZ0r760rLW189JBAIBAKBQCAQCG4dsYJF0GYeWxjA8FV5ZGeWE9Txe56a05Wudhr2ffIj3ymlSefiefcDVy06HkD3ld8ULt14NeYE01Zc4fFB2bwZfy8VW06x7ptm77d40Y6/xN/Hkr1n+CAii9Mv38dYr1/4/PVycn4B35fvY6A9ZLehzC6+nRl+xxmyP/w3E+1UTAqy49gXFeT8Aq4Pu9HVwvuKzPM8n3m+xf1nP7uHVxxbpm9o/rN7L+bMPMGcD6+jSD/Fg+mnmhKcvU6vgE5tKE1LOjhJ3pt2v1zl+b7bb0mWy8D7eaFXOR+chSuZ5YQ4l9+SPFNYb4MwKa4Hb489z+oJ+6iK6ckDLg18sViB4hcIXXIfvbG0WkVC1tUeULPimS+5GO+HM5LDZdXLx6gb5cKZPWd4+0PJAVJTpQbu4v/m3k9s+ilSJ++j+vXehNpW80685Lh6eaoHNEg2cSGpgGlVVby8tB9+zR2TLt14Y9l3jH21lvfGZrFv5N0M8rdDmfcT//pGctDNfNNHWkEV1glWKFg+bA81y3rgaatmx3IpzsvYkWL1ikAgEAgEAoFA8GsiVrAI2o59VzacDuHFaQ60++U6GSvP894KaWL74DgPthaP0gWllVaStIYU++JOuvYxvm8HOOu+6A9fNITEvznR7uwVFsw8SWr2HQwfZ2/0vqk87AMfImfnfQTIIHvFGV6cXU6OEkL+/gD/XNTTSt0MBXbmrczeBMggZ2U5c6aeZF2mGo9xPdi60qd1QRZwNsqoqTs6N+4D6dwUT2b8itG893JHo/dv3GHPC2mPMHeg5Rgw5gLaDpw3gBdGNuV/4w4Hnv373VLsD1PDhIEatnaNkhvTObHgYAgzBhvI69WRF+ff3eLdm8ZqGwT3sCC++swLX34hY0U5SxYqKOEOJix5mA0vdsVaW/AL9yTkDrhy9iqrX7vA4+v7EiKDnA/LeT6ikOWp9Ty7pAfDZXDhkx84pgZ7Pz9ytt4n5b3wJC++WskF7Hkx7RH+2vsucL+HsWPvot0v19n3yfdcaMXT0++FIXy0xB2PO+C7vT+zbkUl"
11:15:14.533 [Forwarding screenshot on session 7836b5d0-bd7a-11e6-9730-e5ec4f8847f6 to remote] DEBUG org.apache.http.wire - http-outgoing-0 << "//rmOjdkDryYGsIbj3XUlTWAj+bfjStqPnj1FLHR5zlUdQcT3h5wS0eJCwQCgUAgEAgEAsu0u3Hjxo3fWwnBfzFqDRd/uCad0uPWga4uv86iKHX1VX5QNWDr1pGubdp6dJ2LFXU0cCcd3Jxwv8VtSwBVilrqtNDBrT3uv1J5zaGuruUH1X/A5k7u9XAyGVPlZqlW1KLSgpunk8WYLtZQpbhCHbdfTyOstsEmW7j58l2nuuo/2DnZYW/fFpnm06mrNWjs7sTF3pI9XadKcY067X/AxhZPj1acJmoNFy9do0F7K2UVCAQCgUAgEAgEbUFsERJYTdKy7/jHsu9+bzX+KwgOcSc3x8RxzwJA1M/vwUvxDxIT/+DvrYZAIBAIBAKBQPCnRaxgEQgEAoFAIBAIBAKBQCC4RUQMFoFAIBAIBAKftF8MAAAgAElEQVSBQCAQCASCW0Q4WAQCgUAgEAgEAoFAIBAIbhHhYBEIBAKBQCAQCAQCgUAguEWEg0Ug+B+gquocFVUXqdZY/4768kUqKs9RVaf+9RT7b0dTRUWVCNZrjBpF5UWqb6dIUc8CgUAgEAgEgv8ChINF8D9CFcvjvWi3KKXVid+JXTNoFzmKfZeBuv2ERnoxP/+ieXnxy/jdpn11hwiP9KJdpBevF1a1vAaoKyQm3ot7FjyK14JQOlqlr5pdGybTPi4Ur9cf5Z6XHuTd0ppftRwRjXrn/0Em0ZpzfJKxgVN6h5SagqwVrCs21k/+2ZN4LXiLCov2YpmC7ZNpFzkeed3Nq33zWO4f1qI+n06310P54DbajL6eb5vE1qk6u4N3swr/sPIEAoFAIBAIBH9chINF8L9FXS21rTz68cdTRtdXrJHXhhUht58Grjaqcb0BtPVU6q6rrzUAUHUyk2RV0xs93O7G1pLYyweJyz1scMMfX5nz7VHZFNoGvdNHQ8Ovl08bkG+cwtR9H3FGV8FVhck8vHU1Z68Z6lfFweOV9HhoKJ5ayV5uZa1PXbUKUFOnvQUht4qZ/mEtJYVZwFDG+NwumzGo59sk0VxeyYnziC5XWU76u8gTCAQCgUAgEPyRuev3VkAg+E2xs8EJkKbC9kaPRszI4cYM3YWZVQTSm3a/inptxcHwwjWQlGff4cfrNjz4QFcAzpz+VnrmOJULSQl4WCXUkS5AMZAc/R3zfOwtvXFzaNRgZw8OHYzL8QfAtn0nQE0HnWJONjYA2N3l1JSoqoCMepj8cCC4duXE2vKby0wD2IGtjT2gtuwA+zUx0z+so4ZDRw5D73fwu106Gdbzr44dzo7Qx+F2tcLtlicQCAQCgUAg+CMjVrAIrEdTSMyiUYTGjOdd3VaJqsIUQuNHERo/G/llKZk8YzZ+8aMYszyS0JhRhC5K4IRupce2dTMIjR9F+AebdF/7z/H60lGERocSGjvcatkRH3xhWsfLR1ieNJ52ui0nPRfNJr3UYFuHKpvXV06mXeSDtIv0IjxphV63iq+X4Rczu5UtGhf5ZN0MekZ60T7Si4iVb3G0vunpqa+X4Rczioilurzj4zihgarSL5gRH6DXJzwphRON8uuOMCNmFPO3pzAjRnrebm4IMdsP6eVWn/2CGYtC9O/7LYpm29lWtl7UKcj6+gvSD2byrbKGvO3RTJIXSc/qMxkd31i3NezKiMYvsjHPUczfJeVZXbqB8Ph49upEfrFpPJPX7eCn4g8JjwkhPOlD/WqT6mb3pOtRhL+dwLqMaHrqdY5jX5XB2o7LR5i/dBTt5j5Iu8gQZnz4nj6/1qliW0YcoXN1OkcGEPHBh5yqa3q+Omk8ofHjmbMhgXBdujlZxU356d6bselDXk8aT2jMeFYXt9ySdCIrmmB5EVDGkLkhLN+eRPuVqwH4+OMwJmdIdVVxMotivBn6QFddW4bo6reK1W+PYvKGDby7crxR258yWPFU8NUKSc+5XvRcNIN3/l3UrD2Ljd7vGT+DT4qlLUhVhSmEzg0hYt0O/aqZU18lEDo3gBnbj7SsPp2tzdmwjMmNthYznndzy4zTmekfko2PZ84Hs5vadmkCcsO2rcvnCxXMbnSGmCmDtfVkVM9goY9XGdt2ZAgx2/c31dHXy/CLmczrm+L0aXrGz+CT0sZ2e4z4eigumEvPmNnk1UH12R3E6O1H6qNzMvYbrFaqYZehber6k7oVeSbbZm6Iftwzda9N44BAIBAIBAKB4HdDOFgE1mPXi+6UkVNfxLpDBQAcPfwZOaoyclR7yDpTBZxjy9d7KFaVcf1eb67Ul5GjTGPXaTVQzOdHD5CjKmPvt/+iUAOc3UvChTJyrtbQ485yq2XXu5tYi6EpZM7iScSfKmJS/zjSnngeJ+Uenkl+ToqrAkAZycVXSRgdR7xXF/aeWs3kjfsBOHNaTnF9uYktGmo+SXqcqUcP0K3386Q9MZuq4i1s0608APi+Qk5xfRnbLhQxsps3fRy96FjxIfckv8J6lYyEJ5ayKngoe08l4T8/jlMA2jrK6stYtjuJ/W5Ps2r084ykkuTd01heXAOaI/w18RXWX+nOsifeIW3E09QqM4lIjOaEqfbRqjh04TDblAc4WVtL3c/5nNc/rKZYVcT3NQ1sW/kYj+/LpFhfb2Us2zGN8E2HaKitYG99pf6tHGUZm4/n8oP2Z/bWV7JX8bN+V1RDs3vSdRl7y9OYuS9Tn3excgsjV6ZJsT00xcyIm8SyC7qJvV0l64sNtyOZoorVbw8gYt8WcvQT72q2fbscn5dmU6CbtFZVFZGjKmJ1bhp7denu71HPHKP8qlkvX07CqSJy6otQXGu5JcnW6QGetANwYfpD4wnsM4Rlvf0BcOoazrAuMgCO/jsT3B6nfweAOo7WV/KTTl7NlTI2575OdDEkjIghulsX9p5KYsL6PQAo8hN4OH01exnKqojFRNgeYFs9NK0aKWPO/CeILpZs+bOI2fRWHWDqylBWl9bgHvAkYxwr2XZ0Hm/kV0HVF4Snp5GjGcTs4QNaVqHO1lbnfsQJj9lsfTaOJ68XEb1hlPHE3kz/+P60nOL6IlZ/u4cxI5by2YhxFF9IY8iCGAp09a04eYgcuvDYAz0tlsGaempRz2b7uJpPkkby+L5Mars9TerExUTL6kne/TxBH+wwKMNhEuRb8OsfQ3L/oZxXHWBq8mJOYMf9vYcTAtBxEH99OAS3+j08njiP5At1xI9YStoTs3nyrkpW73uet3Vxjnate5rH923hQsenSZu4mNmOUn966esfW8qzMWHe1HFU02Q7Le61dRwwIOFgAu1eb2fyX8LBBAtvCwQCgUAgEAjaitgiJGgDzowePIrorXsoPnkQBX7sP9k0Gd9ZVMpbPS+wWgPQhekjnufns6uYo4RdRceZ51TKZn3qwxxR1GBbeFC6dHuGOUMu8Km1soNbTiKrijJZrYFJT3zBpjEBAAx11dBtQyYl537WpRrKwX+sI6wDwEjUcx8lueQoCoZhq+sNLRbzX/6GD09Vg9di9sVMwx54LsATv9dfoVjT+I40MZ49cQ+rHvUGanh30UOAN/9avocxrgCTGd0tGq/0LWzIf4m3HpDe7eG1mNJXJbnTfZxon5xEzbVauHpZWi3SsR8Tx/wfnvwfIV08WHnaCVtTsV9sjLcMjZjxJZ9dfYxniivBcSqlb8TQ49I+gjZI9To7Yg+rwr05lRWNz9ZM9so/4MwTm7gyvx+PvzWPHLz5bP4njLrbjobTq/RyTW2Oan4v/tk9vPWIN7s2jOfx3CKoq6QWaCjKYL0uTcK0PSwO9qZgVzQP78g0IVWiujCVObrdN9NHfETShGH8mJ/ChNQkitnD/B1HyJrsZaCDP59FL6Wz6jL31H5FtD6/r1gc3JOCrDge3rql1fx6B/+NV859yTa5mqnTXybMDkJHhhB/qogJI+czI8AZKCTzFDw5ejAuJmRIzTOQvcs3McIV4HGY+yjJpw+jIJCNW9Ok52+tY0QHIPwx7lk0gHiltC7i1FcfsFoD0yP2sC7cG4CJgwMIfel55mR8xrML/kZc7EcciHueZakj2WlXzXlcSItNIrCDCYUaJ/bd4siJ+RsuwJMPdCd0wWyit2/jr32e1CUw1z90Nq6z"
11:15:14.534 [Forwarding screenshot on session 7836b5d0-bd7a-11e6-9730-e5ec4f8847f6 to remote] DEBUG org.apache.http.wire - http-outgoing-0 << "G5jMQ07gszWTTwsuEhjclfzDmeD4NP3drSnDkxbqaRQezerZbB8v/pIvTlVDtziOL5DKyKO6ev12NfvqntCXIfrZr0h6pCcAvoxi5NFyvr/szJjxcRR8ncaVXpNYPDmU6tINYNeF5L99ybw+UkyZp3pA+5WrpbhHdftZfrQMZLPJf+Nl3IHnBvtw+ZVJFB0v4x9/j2OMgbybwtI4YGa3YsKQBABel79udH9x2GL9M4FAIBAIBALB7UM4WARtonf/JwjZuoccTQ47vvYi32CiX3xmP+nyC9KF2xge7eKMavAo2LqHnBNfkWl7xkjW10f+RXWptHrhyQGjGNRf2QbZLXX77rvDgDd/DQ7Q3/MITuBGcAJQxfItgON9PKifgDpyjyOgMTtHoepcITlA/KPDm6JSdHmEZ90g3uCUGfBmfIC37lpDtRagjMeXhNCnMZludcjOoiK9g6V3Lx+9XHuPvtIXbwBXH4a7QY5yNV6Rq+nh5s/kwKf56xOT6W0HWAyG6kxn505AJdjZ4dbBmdqTJ/QrV4ry32ZyPqgbGoP7qlBpweVuR72jxs3ZHZcOmDx5yBaTn+MBf8L7SfUQEhgCuUVQf5jjl6HDd7qYMIzjmWApTeDwCEbuyGx1m9CZ8412M4p5E4bhArgEzWRe1jpmXqhmb2k+VXjp0/d5aBYTfaQal2/4h3TTbhzPBPeU8hs8hD5btzSt4DFBg1ZydDRcBeygVitVtuZ6LeCMuvQbNgOpAQ+YfN8OwNGPh1wb7zTamh121FOjAboN0a1+AXBnRL+hxO+Wts98X3ESgPVbJ3I0y1GXpl7S+SfJWeXiOoyNs2Zzz5rVFGsgeuI2nutlPm5K9KNjmhxC7oGMcYMc1c9NgW3N9g810IXH+nvr5fUe/DghWzPJP1kKwfVkF1cTEhaCO/CtFWUwX0+0qGdzfbyqcAXRQLxhGXFnyqinid+whdzTVQzR9dPR/XrqUxg7Vmslp891aTWJi880Dr0VSHr2KubsPcOZqmPsVRmcs3StnivApAGjcG+8ZzeATe83xuOpMpJXsCuO+YVV3G0DaH+mc594koZjAls6Nv5oaRywQHMni3CuCAQCgUAgEPx6CAeLoG24BjNJBjnKSuZ8uhyAkD7P41/5EatVaTyzT0r2pG7C4d7okFF9pHvmQnTYOPbJ09gmX8A2ALowsX8AuNa0SXZzGq7rfmg276++XIPdLUVRbfRktC1QZePcZ3bf8dyjk2Fn44S9rRqnLt2AC1wBQnt5GbzVYHB6UU8WL/uOx79O59N/Z7Hv1GGW7Sti2b53SI2VM0PWBmX0jqCmGdmFemky72DTnUlevVFrnbG9Tov6My5U08Mz50+aTuM2QD9Jb9A2eYGMas/OzurabLh+Ta970zv22DaqojU+u6ejrWEBdM80t/d8osJj2cA4QnrcTCDYBtTXARs7I8eem5szSJvH9JP+Jx96mv4Ojc1nwwxHe2j/AI2hdlWXL+nfL7lwFuhpPmtzbWsRe0DZ1M8kTQHdCUrn81gNJPfr26YymKN5PZvr45pGU7Mxtiw7G+ldF8N3rDypqbr0Q/omL+c80MNtIMO6P8sqv3LmyKUtTOqayxQD/dsb56muq0Fj44xLMwdIXfX37L1wkh52gKaa3t0MrPKuJhlq5UlyAGnNi4VxoJfl05oMHSrCuSIQCAQCgUDw6yFisAjaiDPDBo8yujM8ZCrj7/M2uKNzmIDeIdNEP54dPYH+hrfcxutWpLRRdjO6ez4AlLH72EX9PXVpCh3jHmLybnPrFczj3jOAPsCmw1833dSUc9Sqk1cHMn3ayyyeFs/iafHEDbiXE6UnqTKcpF43PfWvPvsFETHjOeQ2kaSYTZxYW07RxHFANWeVN3eYrpPb3fqfJ49dx6Fle9jy9BDa2zjT1yuI7pbmaqpjfFcHUMORU8dMpzFzdPWDDz6kS7OFtNxzAJz4ZpfZILf39Whs/0w2fCW1Y/XZL9hYLq0kCPEZYNLhJuU3UPfTHj7OOoKaKrbt+Nzs6hVDbBsdc7r2kk4RqmLvv4vo0Wcova2UY4wrLncB5V9LcYh05OQdBCTPVAcXNwB8Hp5JnM52Fk+bgPr7XE5c0rngKr9gQvoWcBzK7G4u7M19nvm5FzHHvn8bRO2oK+KACnC72ypnh0Q1p5RNwVUrju0iBxjxgI/+eOZQ3fHMVpXBLC3r2Vwfn/vddXoAOw37KWp2fJUJdOH+rq1ZSUsae9fRb9I4DyT//Qjnlm1i3Qsv81TPxk5ii73MixBgfX6ewdvneOmlh+iYsEK/8qtRXtjkTdxYW8i59ws5t7acrGmhoIWOQOl5pV7CDxebTqS6XeNAwpAE4VwRCAQCgUAg+JURDhZBm+nd/4mmbSx4E3x/Vx56YGBTAr3DBFo4TboNINC1D0N6Ny3inzRgmH6C3CbZdYeYPNeLiE2HdO9G8CSQ/OlEXv9qP3n5m5i+OgnownOD+5ic92ua/d8kroG80A3OF79CxLpN5BXvISZhkrT6xq61d92ZOPpp4DAPx8zgk/wjyL9OITTxFdZfOIbnfd3N5QiAi5sjp+vLiP5wOqu/PkRB8Q425x4E4B5naUp8tdk7za/BeHWHfa9nSNY5vJZtCCV06Xj6rlzO+lOZJBwuw9HiloPDDJkfQmjMQ8wpr7aU2IgGwN1/HJN01wkbHsUvPgT/9ObxUGpY/XYI7XSnrrj7TyBat8NkWfoTtJsbQMfEV3ROGX8WPSF95zfVDu5Bk4nWlSl56yTaRw4gQn6gRbqq4hR6RgboA75KKyXKeG/9CuRVapzcJKPL2LWYdXu2sKUeJge2fmyweVtzZ+r4p4EDBCfEsa34CJ9smMxUg/oMHP4CI4FlqSOJ2bWHvOI9zF/6JPGnDnPZxQsXyohZ8QrFwKo561j1yvtS+g1z2FVFi74BUnye4m9nM3nTF+QV72DOm8+zF0gY8yQuFnVuIn7l06zOPcS+rGUM/XQLMJSn/J04dOwweA2jsVYsl8FCno3HMxvUs9k+PmY2sd2guPgVwj/YQF7pIVZ/8Awzy6uh2zP0dTWRWQskZ+f5o+8wP+MLrnWU+unXR/ZRcLaYXbsSCNog2WvBd6XQIYi/9XaB8teJWCfl+W7SLFYDk0JG4d5MXoXJ2Em2OADbdr/Mu1/tYduuBF29SuvNrBkHBAKBQCAQCAR/DISDRdB2XIOZ1E3nIJEN56EO4P5AKCN1j6eHGG/hMXSaTA8IBiDk4XDdHW+eGmywIqWNsn/WQFXj6RsdQvk49l0mOVaSkP48wakL2KzxJnnaep50b7ZFAAA76V4HJ91WDePtHvoYCLgz+5U9LPPqwrajCwheOZtkjTc9ADo2fv23b/G+5yPL+XfEVPrUH2Bq6iSGfJpEDt4kT0tnYhf7ZnmYyNd1FJuenU0fzWHmfDqNh1fOY9kFiH5isy7gpq0+VordXbYmrqGDS9fGoupwZt4be0juLa0KyblQJG1/kD1N7usJGJ/N1FQe94A5fPaQdJIOmkpy6v2ZrTtZp0UAG5NOGjc62AB2Aayf/y6TdGmKVZWM7P00Tzo2vmoLaKipr4T6SuoA7PqQ9MYXLNPpjEZyRPSQPc3BpZ/pgqM2ta+D0XYNb5Le2cGy3v5Se+FNdNjTTTFxGtHWcp5q/UkuD/WLoA+w7dvVRH2Zj32vQcS7QfGFTGbuzOA7ujQdG6zDsC1b2hp6W3NCso2Do8eBagsRKycxNfck0xvrE6BDKFvmv8t0x2qSd8wmeOVsll2oZlLwO3w8PoC8jASS6+HJEZuZ3QuwC2XdtKlAEY+v/ZBqmvUNJOdbD5k/ufJXCF45j9UqF6IjvmBxgHsrOjfvHxI9HJXM2TCNkVs/4rzjULbOT2YQ+axTwvSgYKvLYKmeak9nUdy8ns32cWdmvyLZ9t5vXyc4eRpzvi0ipHcMpa9E6Wzb1JYuw3tdCX54KFDGsn1LuXPAi0TLXNh2dAEPJz7B4zvSGBP8PE/awd6zx6nGnuditrGqjzfbjkp5Rp8qY1LwO7w3pk8Led+19IBCh1BWTJxKD8qITp9NxI40gvuMogc6Z5PFcUAgEAgEAoFA8Eeh3Y0bN278"
11:15:14.534 [Forwarding screenshot on session 7836b5d0-bd7a-11e6-9730-e5ec4f8847f6 to remote] DEBUG org.apache.http.wire - http-outgoing-0 << "3koIBLebqqpz1GHDve5dTU6pbpbqyxdRXQO3Ll1Nnh5jmhoUlSqwcaSTu/tN6KOmqko6CtnJvS35mkcqixab9m54uFo3UVNfvsil67dDDzWKqh/hLuvzBqCuSjpa+S4nq96rKlzBox9n49fVi/6h85gX7A2VX0gnQAHxMw/xVlDXVt5WU13XgF0HZ32bVdfVwA0NKjV4ulu/5aRVNDUoflaBc088TJ3+A1RVXaQO6ODcFXcrgpqapG4/fi89z4S/f8vi+zUoahpwcu7aIkaIOeQbRjEk156D/9jOAO1FLl23xUNfB2oUlT/idHdPkzJvqgyaKipqWq9nc31cffkiP1yDDs53497hJkYATQ3VWltcdO9WVV2U+p+ZOmvKsyvuzduymbzW8lTUqOCuzni4mkr364wDAoFAIBAIBILbh3CwCASCPy+X9+AXN1sfc6WPWxeKVY3Hf/tz8B/bdUcS/8nROVjGmnUomUdysGBw7LhAIBAIBAKBQCAwRGwREggEf15cR5Hx7Gz9FjW9c8VxIKl/X/W/4VzRYWo7WtuQtsG17SwtgUAgEAgEAoHgfwexgkUgEPxPUH25itrrDdjd5YR7W7YlCQQCgUAgEAgEAoEVCAeLQCAQCAQCgUAgEAgEAsEtIrYICQQCgUAgEAgEAoFAIBDcIsLBIhAIBAKBQCAQCAQCgUBwiwgHi0AgEAgEAoFAIBAIBALBLXLX762A4H+Lkv3pbN17mHOXamjv3AW/gcN5amIYbmbfqmVn0rtow+cQ4Ws+5R+Bstyd/Gt3DiWVl2jv3AmfgY8x2WIZbye3u75qyUp5l9M9Ioga62v0pGxnCumVDxAbOQy7Zm9pKvaTuP4kEbFR+DrdJn1rS1j77lYu29job9l2uIe+Q8cwzFdmXWkUJXxvcx++MjvKdqbwyekexMaMxayKlmSW7STxk/M806ystWVZvPvJaSvq4NfBnC1a3z6/P7VlWaxKPwoG7Q6g1boSMS8Sm4O3px1vnVqy1q7i6GWwafFMC679mRMZ3kxHa+3fTDpNBesTN9Ixou19XlOxn+T1Z4hYEIl38058u2hNPxP9WY+2ng6+zxAV4dvymV7sH8mGa9mZlMj5+58xGCdr2b92FQd/cuWZeZF6HTVlWSSuK2FUTAxBhsOWMpekpP3cP3UOYy20Y23ZTlalf2vUJ2w7uHJ/v5GMDfbkv+33pkAgEAgEfxaEg0Xwm1G2dQkJm4vA3oPAAF/qy/PIziglp6yG1IVjW0zQm9ByOq+I+kAtEb+hvjdD7tpokrMVgAeDwgKoP3sEeUYK8sMXWJs85Tdysmg5n1dEXaD2tsk7d6SIIw3DiGr25NL5QorkcCVyGM3dG/WXTlJUKucRbfO3bkFfbTUniopQYo+zsy3QQE1NAXny3fywYC1T+lpy0OQTH52IR1QKvjIZl84XUpoHV+GWJuba6vOUlh7hUrOyai+dpqj0iBV1cPuxZIv8cPJ3062taC+do6CoCOydcTY4J7qmoRPDtMBtasdbR8sVxWnKKsGWBmpq1ADYOztjSwN08qSllVs7vplJV/8DB4qKCBjW9j5f/8NJCkqPMKj+V3SwtKrfVRRlZVTaNvZltb6NGxoaCOjvYFH3P5INX71Qirwkh8ljfaWxXlPO3uwCyoEDJ8bjGyyNkmcKv6KovJ5RzYqnOnuMvPIibKstt6P2UmWLPlFTU0OePJtvf36ThWM73ebfAwKBQCAQCKxBOFgEvxEqcr4qAo/RrE2ernM0aMhaPpvUgu0cVo0lrNW5sRtzNq4Hu9/9E6VZakvSSc5WYO8zgfeWTNSVMQp5SjQp8kw+z3+MyKDf6EuiPdia+Ch809iCrW3L2zY2gL2Nia/14BYUxcb1z1vXbPbQwUGabWg0YNfaRM8GrgFhse8RpatLjUJOXHQKB/afYErfMIvluEZTXub0bxs2gG1LOTat3P+VscYWn7KxAVxwcJTe0YAZJ+fvjA2AM9Gr1xFswp7yb1s73ipuTFyyjokA1LI+ajq7rw1n9bpIM44fa8c30+k0gJ2jIy6AiS5qEUdHB35NGzWrn1MQSz75RJcwn6gpifjMfZeoICvHeiMb/r0t2ImAUB8yNpdythbcnKC2VHKuABQeLoVgGaCh+Fg5eEzAv3kxTa3kaQ1TfUKVz8LIRIq270U5drL146pAIBAIBILbhnCwCH4ztNcAR1uDL7h2hE98mkIucq/u70pFbjorP8igXA3gzPCZMUSG38vnixbRMOENpge5QW0Z6xPfZ3epEgCPwAm8FDcRD+D4xoX8U+FJr8sHkJerJRmzFhA5TFoyvX/9u/xzdxFqAFkgUS/NIczTyazMsv1reXtNNjUAyBg+8wUiw1suWy/NOQTImBk90WilSti0yeRd2IHj1WrAjYrcdN7/IAOFroxhU+cSNbYvoGLjwkWccvWiLi8PBSDzH8fkR2BdSiY1gLPPaBYsmE6nM1uJX/4Vrj1tKC1VAOA/LprYKcEtphiq4zt5e0Wark7tCZsaR9RYX5S563k5+QAhs5YROcwDKrJ4dVEqto8vYMnEvm1u3+Mbl/DRKRscKwsor7Fn7NQRyLecZtZ7Swhyg5Ks9XyQuhulLr3XoEnExEQgA2xsofTQR0QnSuW2lwXyQlw0wR6mZwSGU2k7j374OEOOXo+FrDjRm/fellYM1ZZsZd7yQuaujubEokRqAHnidJTjFvCEoVCzdmVctgkJq5loYk+CjaPxtWPjjLLhOEueW4HrX94gapinNBF68X0cn4wjLsIXao+zcPYKXB725kiRDQnvxum3E8hToklVDmT1kolWr86wyhYdAJTsSF5IYkGpVOZBU1kYM1aqtwo5H72fRp5Csnx7j0Bmzo0mzLPeajv1tFORvnARxxw9qC8oQAk4+wwnJlbaLqFR5JK8/AMKlNJKD0ObMIWNNR4EC+ODadtYgtf3W4lfvgubTqBQ1OA1bgEz7j1sVd83jVY/1hmurKktaZ7Pi/id+IyGCW/wlMNB4pcfwsO3AwW6NvEaNJVXY8bihspoHDQcl5xl9tQAfo15tNp2doCSnUlJpOWVA/Z4yNTQSo2bk2N+rMWsfiap13INQNt8HZKK/etXsWZ3kXTp7MPMV6MJ9260bCUZS6NJLFUA9gSOe4Fo3Thobswxsj17GV4u1VxyDeedJTInN/8AACAASURBVFNwVObzUcoa5KVSuT0CJzA3eiKeFhwUPQICYPNmTpXXEtTXidLDx8B5EBMCysmQF6AgDA/NGYrLwWtCwO1xBxkuUHELYvQge0oLpUvz42rr9WqpbVv7nQIqNr76Iid6z+Xt6UG3o3QCgUAgEPzXIYLcCn4j3AgZ4w/lmUQ99RyvLkli4879lNgEExc3HW8nQLGT+OQMKrsMJ/bNBCYNak92agLpZQ1cqVRyRasFlKyd9xq7Sx2ZGptAQvQEtAUZRC/cigZoqL+MomA3ha7hxC6IIsyjhuw1aziugeMbl7JmdxHe46J4M2EW/tUFpMSuQmFOZm0ub6/JptPoWSQmv8mkwGtkpyYgVzUvXy3l5Upw9sOv+SIVpyDi3l7ClDBPNGXpxCZncKnnaGLfTGDq8C7I05ayZGcZAA2XlZTm5eEzM5qoSYEoizJJTsmi/8xoZo0LpKZ0N9sKlGivVqFUKyk950ZUwptETwikKDOZ5CyFUdaaip28uDSNSz1Hs+DNN5k12ht5WgJJcgWy4PGEe6jJXvMP8pVlpCxNpVwdyHPj2+5cAWioV6IsLaC+ZxjDBw3lfucaatSVXAVqj68lIXU3NsOnkpD4JlETBlGet5lPc6Wpj017UOTl0W1SFAuiJuCiLCB57S40JvJpD5zYv4n09I1s3Lie5a/OI7sGHg/vp9OjEnXlFX167dVKatSVXNG6MXj8aAB8Rs/kmSFeBlIt2ZVx2fp0N+XqqGHHqhRSUhr/rWVVxlFJY1svPDupke8tRAMoTxyiVK2m4FAhtYDqxCFK1bYEDX4IagrYeVTXjrX5bJcr6BIQ0IatL9bZYiOlBTAzdgGzxvmjyEtjU74KKGFpbAp5Wl+iE94kIXoSnRQFpLy/nVqst1OA+stKygsK8Ju5gDdj"
11:15:14.535 [Forwarding screenshot on session 7836b5d0-bd7a-11e6-9730-e5ec4f8847f6 to remote] DEBUG org.apache.http.wire - http-outgoing-0 << "J+Fcmk3C0nRqUfHp4mQKbEJYkJjMgplhlOdtZnl6SSvlquHI9p3s3Cn927p1K/mK2mZpLLVja7aBrk/VoFB0YfTwQfS796KVfb91bJr9X8qzWT5e7vrxTXqmoEDXJjNH+1Cel8bn+VKmjelqSzby2pps2gdOICEhlgDJZayba5tvO3nKEtLyygmbGktC9OPUKGkFCzZgZqw1r5+FympG/tpFrNldROCEKN5MiGJQ+1JSX1uE3EDv8nMdmLUggVmjvSnQjYPmx5wKkqOTKbjmzawFCUSFyyhXqqmprEdLBclRichLnZkUncCCWeOoKcggNm4jza2tOXaeAfgDJ0q/B1QcO6rEuX8ojw0dCBRSogQqT1EKDOjfw4I067h2VQMaDRqNBmVJFpl5aujUEQfMj6vm6tVc25r7nQLg0KETHRxvZi2VQCAQCAR/DsQKFsFvhm/EQlJ67Wf77oMcLcgjsyiPzLQ1OAdO4p24CM7uzUKNDwlvR+ILBMW8hHbtN3g5NFClk6EpOUh2DfhMmMzgXp3QMoLJow+TvHsXh1UR0kd5BvF63BQ8AJ+/lCJfepQr9UpOZJVD4CwWTpG2kcS+AZ9+c52GQjMyf5oBwKWLZ/j+Zy+G/O11+lyCHi12+lzlyiWgod7sJKLowCEgkDeWTMcTwHsBV8unkLHlAKqxT6G9BvaDoogMDwbuJW9zAafDXtBddyc/s8BI3qQ3FhLmCfhGc+HwFDL2HKQ2/LGm/PZmocaZKc+NobODlm7jIxj0TRF52w9SGzaFKW/EcmJ6IolRrwEyZiZGtxqHocHk3fbNrgOJWxiFB6DKXwvoNs90DmHmTB8eCg+jo0qFg1dX7GnaMtBY7pgIqW2mndhL4pFKrtDy27oNoCjIYe9pWxoaGlCrpcnbxfLvwdfXIBVGP9sAngP9kKXsRuYXjK+HE/mNZbPKrprK1hrnys9SZzSbbtDVkRODH/UnM+0IZ4jgUp7OiaA4wffApa/lIBtHv4eHMM4jjcx/HUQzbApVuXtQICN6iLeZXJtjnS02MilxCeGeQJAzuZmxXCj/Afw7MW7mTGx8gwlyB2WVlkAfUJyr4iq0yU6118B5eCyR4X2BvsTNOkfUmr0cU42Q9LukoLT8BwYHTSbRcyQ2ne5tVVd5RprRdVjnwQR5NLmerGtH07ahr483FxDhbQeqXPZiTd+/OfT5oCLlA+NnUw3aJGd3LPVarZGWJw4cAAaxMG4iMsB3WSyl0xOlhxpzbafkxBEl9mHRRI0NAoJ469pFotaYcGqZldOIqbHWgn5tooL92UrsB0URN1EaG2KW2TBjejLZ35Tg101Xl28sYZgn0Pc+fjgxhcyde7Fd2PqYU5u/lwJgwqsLGeYN9PXluuI51pyGhpJvKADGJbxBhK8T4Mtb/ETUmgMcU00xs5UVwJP+/pB6rBzNY9UcrYH+/Xxw8rXFg0yOfqvAlxLAnwBLy2GsooY10VNYY3TPg1kvPYUT9WbGVfP1Kq3sM922ln6nRCxM/sPHShMIBAKB4NdEOFgEvxG1lB0vx8FnGJF9hxEJ1CorOPj5GtLkm9mUO5gB2mvg7EfT9MqTiZGegIojujv11dLX59KMpURmGMr30E0/roG9I42xA7U6r4ANNtjYgnOHJoeAnecwpnuCKndt6zJdg5k79Rjvp2WTUpQNgMx/NHPn6Vbd6JFx3/32ZJ92NPEhVsPx/TngFaC/Y7DBBZ/eMqjUXTZAz56NNeCCqz3c/0B33bUDrvZQbyDZxcFAjp8MDlwxmPw05qQk9bVmQSDb10vbFpyCmDHBh9cySrH3H0t4K3/027QHdeEJVAQbbDnR8ONPSsBHN5G/BvaumApLadfRhSuFqUSlppiUTwN4+3ZvuraR/mPqo3YNxjFYQEX6whfJSEslf0iyafn6fExvQ7DOrkyXrQln5v4jmSCDKtQcX8uUpUcB8OwfjH3aGgrz81EU1DBo0iQubN7MkdxcfioAn6mDccKJIY8PInNNFoeVI7iwswj8pxLcpkm9dbbYTadzZ5fGZy50dYYDVdVg54tLw2mSolMxmhbLdG3SFjttAF+/prZ1cJb2UdngxuRXZ6F4fw0Za0rJAHD2YmrMq3iYLK8z0WvXma0Ly+1oCRmd79U1oJu1ff9mMMinBc7cbdAmHs36PICNTXugocmB5uSDX2M6O1nrbac6S6EavHt0apLV3EfaiDk5QOtjrQX92kLtJZTAgIE+TfecetHfGXLOXUJnxEbjoJ+fjMwDV82OOZJe9nRuqgacXV2gARqu1gP2dLu3qZGbbNYyvv39IbWEw7m21ODBQB8nwIdQL9h89Bu+sSkD/yl4WpRkHcNnxjLQDRq0WnDshE9fb93IVt/6uGqpXh1bb1uLv1NuU7kEAoFAIPhvRThYBL8NqmO8tjQFr0lv8naE9DXeSebJ2KjJbJcvpQHQaoGay0iRSgBUbE1aRVXf0XoxNo7Sn3jDY9fqA8bWKvI5WHiVXo7wvTkdGqChoembvqYii6VrTvPEOIdWZXZrKKPMoR9vfR6FjaKMwoPprMnczb+OjSEmzHhtRWfPLlCQzfb8p6RYMY1U7GLpms04D49lhvZaC7V+vNjkpNACrgZ/9WsB2/Y2RtdN2BtdfV+hBJeBRk4ArbYG8CHh8yU0ru0oy91PhbYzHQGU+3k/Q4r1oC5KZX1+kLHuALjh5+PMbrlh2wBUUVIEBN6PDPN1n//PxWQUwIToBEb4+eJGPjOmJ+qDOmoBRycXMxKaYzjVccPHsxOU1nBVi778TdszTKzjsDF2ldjeil0ZoK3HKM5mveGyH1kAQ2WQuWYNICN2xBDKD20mIzkZkDGrvzTl8ggJx2tNHts//phLShj9/GArc2/CGlt8p58J/dF94T++noQ0OV7DZ/L6+CA8ZG7Ik54jpaQpndV2agvl5Zd0AT7h6tV6XRoV5T/AMws34utQxfFjR9mUupm0pO0MXjf9pk7csrYdW7eNa3rlNaoyLlnZ99vONQv7ZZowlUyrvYZxYNpyStXQCwtt59YdX3soOV+tf9OmeeAgHZZswKzOZvRrE04uuAFHDpcSpbMfND9SXgPe998LlALONJmehtITSnDpZ3HMATU/X9KAm9Rhay5XS8av1bZ4ptXbrGU8HgrGmTWkbQS8JuHjBGBHQIg/m9MyyAAGzbI2jo8lZPgFB9G3Fa9Gq+OqpXqtbPmKXqal3ykCgUAgEPyPI2KwCNpILfvXLmdtlhQzpCxrPcvXZun2phs/M8LNh9EeUL75NZas3Ur+8RKO5+8nKXoFNUDPTg74hQ4FCng/JQuFSklu+io25xVh0+kevRinvkPxB7LXrEJepkRVkcu78YmkpWVTrZ/Yak38IeyG3wAZ6rxUNuaWoVKW8OmaVErLL+MSbEbmz0dZsyaZpPVytC498Oqm08XEp0zfibMYZA+7E18kZaucsooK8vdvJCp2M+DBrMlB+AzoDxTwj5QsFCoVx3cmkVoEHuGhBlthrD1WU80/U9ZTolRyfGcSaaXgHz7Y6AuiT+hgoJTUpJ1UKFWUyNfzWvIaUgsuYYeClPlrUOJP4ufrmeABuxPfJt9EoIFO9/sCBSxauBb58RJKjstZu3AxBcCgIMPJgqm6byxSJzp3746jtoL0d9dQA9J2lFbLbboe2gNnj+xDvn8/+/dnsXX9cpbuVoBzf3zc0C23OcqXuRUoyvaT+L4c/VYmrSTzwrGDlCkag2losb1pu7JG40bcCHnUB2pqQOaHj5MbfQJ1cWA8BtK/0QDsfBkXJkNRUIDafhAj+zaelpRLypLlZJVJDVS237DvGWONLbaGoU/ItYsH7h1tOJ6VQkqeutmOMOvs1KY9KDPT2HlcgbJsP0kpeeAxFD+3anakrCFhyUccv+qAl08vXAE6dcT0lN8SVrSjOdtozg+t932NQk7KkiR9W7SukfH/bxc+AwYDeaSs349CqSArZROKZmlMt507vr721MjXkJ5bhrIil1Vrsmm1DlqV04jpPmGNftbhTXCgPeq8VNbLS1AqykhPfJ9ywLt34wqqGpKXrKdMqeT4zo/IUIB/+FCzY45b0EgCgc1LlpJ1vAT5xiWs"
11:15:14.535 [Forwarding screenshot on session 7836b5d0-bd7a-11e6-9730-e5ec4f8847f6 to remote] DEBUG org.apache.http.wire - http-outgoing-0 << "KZDK5ho4FB9g89vJ5CtUKEuyeDslD+x96e5mRdvL+hBgDzVq8A9pCmTrGRCsc4k7ExjQtNHQ+HeoMeaeSVxrHNLMYGpctaZeW2lbs79TzPwNIBAIBALB/whiBYugjWg5k1NAjvYRIsO9qT73DQU5AVyNDMep2TNjZExf/iYkvs/u7M3oVtwDHoyLfokIbydgCglTfyIhLZVoufTUf1w0z/btwD9pnPh5EpsYxdKlKaQ0LlG292Lmm7F4A/m0BxeHZv4PaUYQHBXHhcvLyUh+jUxd3pMWzMEbt1Zl9vG2JWr0KVJ2pxC1W1pqLgucxLPBpr5gexLz3gLWJn9E9uYU5Jt1ojwCiZo7hyAnICiSBZPqWbo5lWh5qqTFoKksnCKdImSD8QTX0jWVu0mI2g2AV9hM5o31NJLj1nc6CVOvsjwtjdg8KX6Fs884FswJoyT9VeQ1MG7BHDxxwjMuisNRKSQmbuXzJca76D3DY4i9spz3M7JJWdrYePYETohmzrDGyYJx3dvY2ujr3n/M03jJU0mJnk4K4Ozlj5d9EeXFp2DivS3LRXuwNb0hxwZQyDeTIm+65+E/nL/MiUQGyMZPw/+bRDKSY8kAvAL9sS9QSpMFt14M9rJnd3YaS+qdmevYHlw64nBTdtWc9jiYTNA0I/XuH4Lz5lKc+/XDCbgvoB9kluP/aH8jx1jwmHA+kKfRJXyYPuZL/ffHkBcV4DBKmvZUn9xNgTwMbWS4iTwt22KtQfsY4uJgg1PfMYzz+YbMtASmpAF4EBjoQUGBdARtW+xUew2cPRpIWxpNGoAskNiF0ik+f4udwJLEDJZG6RrT2Z/ov49p5XSV1p0Aku1ZbkfM2IZNs/qw832q1b5fn78deVEeDY88S7iZ/UKOJra6Nc/HsL7MPTP82S1oOgsm/MTSjDVE7wbsZbrJu6W2syM8bhkXFy4mI/k1MoxyMcaSDTTv7xKS7ub0M4epFh4Wt4wfliwnMyUBaaRzZnRUIhO9nag9rpN3aTevNY6Dw2cRO9YTKsyNORHErV9A0qIVpC5NAGcvvJyh/JoWrZ0vsW/OZOmSVBKjIyX5skCiF8bgCah+KLXQ9jL6DZAhl18jOMBgI5BHH0KcIbt9f6Pg04a/Qxtrp6OjQ4tnpq3MuZUxR8LcuGquXvMPmGlbM79TQGXmbwCBQCAQCP43aHfjxo0bv7cSgv8xNLWo6qWgjW5uJv5s1NSivHIVm46yxhXaJlEplWhtbJC5tW0zgUal4ooWOsrcWh5p3JrMRp0cOuLmZDk4oaZWxZWrWrBxQGaujA4yTD22hCp/LZGJJ4hdn4K/Vkm9jQU5bdTfjCBUqgZpa4WbWxv322tQKa/ALetgHVJbdkRmzohafa/tdnU7UeWuJTI5h1kpnzCsld0otSXrmZ5whZTPY1o91hissEUz1KqUXOVW6kJFynORMHctUf6grLcxoYNkF9qb0M9szmbasU22YarvaMpYMmUJvompRNyWYKU3iU63jjJZi7HMUttJzy3X+S3ZgBn92izKzLgNUpu2HFtaGXNqS0ha9Bm+cxfo4k5pSH91ChlMYuPbETr5rdjlH6XtbxOW6rX1F2/X7xSBQCAQCP5ciBUsgt8eOyezjhPsnJDJLE+03GQ3FwfBzs2t1QlpqzKt1KkpuRtmk7dRXgu0WqCaq1qwc7Ni8nKr+TUJwq2NDgujd2+yzW6Gm83rt9SxBZoSlr+0nAKlGnymEmJGlfIjFwmbOdGscwWssEUzOLnJbj1opRrqrmrBTobMpOn8OnZhTmab8jPRd2rPFFIX+CQjfu8Jtpl+bantrG3bW7KB2zbumB+3obU2bcW2bOGyopTU2JcoGe5HfWkORQoIi+pvMJaafvcP0/a3CUv12vqLt69tBQKBQCD4MyFWsAgE/4VoFLn8c/sFhk6beBtONBH8YdCUsT5xHRU2fjw3Z8qfoG1rkW/8nOv9n2LYf39hBH8mlCWkf76TYxcuY9uhG/1HjWdskLlD2AUCgUAgEAgsIxwsAoFAIBAIBAKBQCAQCAS3iDhFSCAQCAQCgUAgEAgEAoHgFhEOFoFAIBAIBAKBQCAQCASCW0QEuRW0ndoKdm7axtFyJbYyP5549in66qNX1pK7dRO7j5RDh24MiXiKYb6NIfQ0HM/6nB05p2iwdSVg2JNEBHu2losFWY0oSV/+IfVBU5g+TCertoT0z4+gtbXVpWmgwaYXT00MMx+sUSFn+doTjI2NwlefsBUdNBVs/fQAV/V56HJqcCDkqQi8nWrJ3fo5+wsrwFFG8FhTuptAU8b65HR+anZAplarpWuwQRlvM6oyOZu2ZnPhMnTrN5zJE8NoOjPkNrapqoT0TTs5dqEeV68AIp6KwLvF4SR/rjbVVOwncf1JIox0aKJWUcL3Nvfhq+tDFfm54BOM502ELClJX0hq1XCSo6QjU9dHv4J28jtEBv1+JyJZQ1nWWj4p6UJszNgW7WlYf/ddyiJx/en/Z+/u46Kq8geOf6SAEeRBkjBFUyykEA3JBxAjEkVN0/xRppnt+rC2ShbUEiYaJaWyrVTiU4mtaJpFJmk+YkaSj4skgiIqaI7oNDbC8OAwmP7+uMPwII9iW1vf9+vFK5h777nnnnPutfOdc86tsyzL83cTt+o0Y6Km4f5fWX+0mM2L3qMieAaP22TUqOP81LUs/3wPBVe78Op7c+hVb13q2LFiCZsP5UKXEbw1Zyy3pabK81kVuxbHMTMY4/kb1H25htxz4O6u3B8tadNCCCGEEP9LJMAimknNoukR7DeAh09Pzu5PJmb/MSJWLaSPXTmb500nMdOAa08fyE1leXQqRW+vZYy7NUdXRRKzTY29W086XNnP+rj9FFTEERpQ18KCDadVKXttPEnpOdhb/WjujOty0kjallIzObcQnhrb0HVpWLEgnnSNPb4VTchDu4t8s20bmpvSsafb6DGcX/Qyy/frcfHwwfaUctzFqBVM6NVIZ6f0MkfSM9Go7LGv3s83GsFd3/Cxt6g8fyPTZq8HlSs+7pCaFE9qrp61c0Zi3Ug9NKtOiw/z2rRY8rCnp08H0lPWk552lrg14VTf+49Wp6UXT5CZc5BHKkLrLJNZYbG4hsbj6eJC8eEVRMSmEbrCj+aH0oo5uDMHhjxjuvwM9qiNTLjn9x1cAbh86hA5+70pg5sCLKWXT5CZk8ojFaHcc/FUvWVZevEE6TkH8S39bwVYKji3P5MSnwoetanKI6j5cmUyebjS0/PuBv+R1R3+nJUpmbh49MStYztsb1fWSi+yJzMT70EVje972xWz9pVQkl1D+TyypW1aCCGEEOJ/iwRYRPOos8kwgM+UOCKDXSF3I0/NXs/eYxr6dD5EYqYBt1FRLJzQC4r3ETopjq/3ZDLGvRsHvleD2ziWLhyDNWoWPRdG6nfZdXfG1TsbSKsPAOX5m1mQnANAa9uqER/nT+YAPsR9HklT3wlxdO0iUjQAravGjjSUh2l+xH/uZz6+OHsDk6KTcB32AgGWhwndr8c+IIz4UD8gl3lPzWbH7mNM6BXQcEYs4SoQMPM9Qvv8d77uPX3oIOBKxNI4+tjB0VVhxGzbQbpuJH5lDdVD8+o0OzmJPFRMjE1gZFdQ715A2PL9ZOSDq6nn9cesU0vAARtT77kcql4Fa6XUdxsbG/PfYIWNJc1XfIzv9TC6733KpWbtw0A/HvofeDGKpSVgb4MNQHk5WFdFSJz6hLJ21VSs7UBnaQlYUVfx2Nra1LvtV6MCK8uaeaT8R7IN4Bv2FuF+Dd/DllYA9kydN4detylL5YC1rS0OmJrTb8B4Fezb3IY2LYQQQgjxP0YCLKJZyiuMGAArlen/ltvdhT1ABRz99hvAhxcn9KJYp6HC0ovIt6OpcOgMlFFhBNrYmjqXNlhZASWFNTucJg2nBaBmydxEDG6+9Ly8n7PVRihcyleDqw8VmnyyL1dwz33uODXwjXZ57kZikvNwcbVHo25OHippWLcoCVS+vDKpD6DhqXEhWHr7mLY7YKtqWvk2RfaOVSxbWTXSws13HOHhj3NowSsknnIh4p9z6OME2RsXEL1ezbi35zOYXbw8+0sGRLzPpFrT"
11:15:14.536 [Forwarding screenshot on session 7836b5d0-bd7a-11e6-9730-e5ec4f8847f6 to remote] DEBUG org.apache.http.wire - http-outgoing-0 << "RcoKS4G22Jj6gvbOTsDZJpRBc+pUx8E9eah8QxnZFXQaHQ59/8bb7S/TrkPlPn/kOtXwVdwcYtOV4JGr70TmhA9ga2QseiA1dhIX+vVHffAAALGTXiNsxWucj5vLEVtXStPT0QD2HkGER0zD0w6KczfWqFPdsQPo8cG7q1Iw2d9mYh8QxplVc3h1TwGBM99hUh8X9q2Yw7K0Aryffo3wke5kb5jHgi25uHR0RnOhqNH97u/Xm3MHj9Cu319YGDoI3dG1zH13B3QJ5q15E3DK38FrMWu53CGYf86bUHPKi+4oK+I+IiVHab1K2x0DtAb998S+9j05eXrAnqAXXmPaIHeKszfw8oIsXnh/Ht1qlenmRYtI3J8HqHB1MQDKlJTi7I3MWvA1lu1ArdYrAbVRrVkV+wHbTOd29QnhlcixuAJH187h3+qudLuyh9Q8g+n8UUwb1JVy9T7iFiwjXWOokefqk8PMeXwnhK/C49AD++MmEXYsgrhpPdm3IY64pHRlZ/uevBD1Mt6XP2darDIqK+ap5xgWEY3Vuncwjv+n+R49unYO7x7rzvsLJ3C+gTwC5O5ewcLlKegBexcVesCrntaYu3stCet2kKc3ACo8giYQNi0YJ+Dohnl8sPMs9u3aoc/LQ6/yIXrlDC79O5blKUr79fD1hbxsCtoG3lTH2Rti2aY0aiacdINLedXa9EL8fv8DqoQQQgghbpkEWESzWHcdQIhbIknxrzJvvye69HT0Kh+Ce7tQllMBpPOv0KdQm3r/Lj7jeCvSE7Dj8Qk+pK5cSeicDFyMp8jUw7AXBt8UXAEwljaUFuxbsYD9Bleiov7CsZf3m8IBAIWcPQvok4kITTZ9Zs+oiHeY0Keu9TLyiZu9HjwmEvmMlrDo75uch0rq3R+ToodhEX8xja5wIWDMWKCcfRviSd6bSp4Bxo3o36Qybg2cP7iVHZdsMAJQATbdGDKoF8ajK4hemYJr0ESih3Tn8qEtxCet55N9Awj/65NsCl1ObNxG4p6D6PXp2AeEMsbdjuKjFdjbd6Cjw81fI/d5ajyuKXFET34Nn/shPT0P+4BQ/JzgcINl0Lw6pTUY9icy+al4lMlOKoJemMM0U3H+kesUICcdpkREcefJr1ienMi6wwN4fPQwkuO34TFsCs8MeYDL7QuJT87Bd2IIHk6Qc0VDXo6GoClRzHQ6w7LY9UTHOLJq4Vi4WrNOj32XAT6V+c0lLQf6hnjQ+dJ3GAx6vt+dw6Q+FXyXkoMB2J+WBSPvIW1vJgYDuLs7ce7M+Ub36+7Tk59S95GX+i25oYMo2nsAjcEAOQc4Uz6By4e+IU9vwKWvW631RNTE/yOGVL0r48Ki6VScRuzK9by+ohMvYAloKGgziogoN46sW0bK8g/w8o7Ho0yL3lBAWa3yTI2fR+J+DQETIwi8K49FcUnmbRVlWjQGPag9GBbkia3bnax4eTYpejcmRkTjVpHFsrgkwuZYsnbeGIylV1Cn56D3GUVEVCcO/juelOXL6e//GulvxJFuH0RU7OOQu4mYletZsKE7cWPvqXE+vaGAMls3nnkhiOjlKXgMm0KIfzeyN8wlLikPn5BQxnjbsHNZLMsj5hKx6BVeGHWB5cmZBE2cQmA3W76+rMdYUTWtx1hagKHAxfR7fXlciNvptcxenoKLTwjhI93YsyyWVKCuCULq1HhmL08FwN7VFaNaTU7KSqapS1k1bwzGQg16vR693jQlsYM7ZZ/HsDxFCWR59OxCzv79yrarpTedo7O3Py5JORR5DOPvIT25eiyZ5dXatBBCCCHEH5m8RUg0j+48+ZcBrLC04KJx3gAAIABJREFUssJKBRg0qC/qwDQ4/7JLCLErVhA1MQBN+nrmbcgGdOSeUnq0llZWpqHxcOH8eQCKdRo0GuVHV1zeYFrFR9cSl6IhKOItetnZKkEIS1PgoPgSPwFuAROJX/s5q+Kj8HXRkxwbT7a+2HwOjUZDcTmkxv+LdDx4e95I89QTS/NCCA1dTyU1m/6dDq6jeOqmhUS1nM+/gpWtPQAZaelNKmJLIC81iZWJiSQmJpKYuJ7ELw9QCli192fKlFAip43kPod2dHbriArTKHyXQbz5QgDkrCds9npwHcY7ocr0FbteY4lLWEiw+81TFtQ5eagBWlthZVrgVX/+POryxsqggTotr13Wl/mpCECP95Qo4uPfJsTHgZTls9mYX/6Hr1OAcbHzCO7Ti0ETJtATOJ93ka79vXABXLz88HTtTG8vV8CFgY/2wQmouAr2QRFMC+6Fe58xRL7gC3k7OaKrXadq9qcb8PXtAUB57iFycKW/hxOufo/gCuiz08nOzeZUZYbysjmaf4hjGkDly/CnHmvSfgN8/XnMDSCHjOxcjuVUjqXScCwzl4wjyoiFgYGVo30qN5/koB6CIuYwxs+TPsHTiJ4yiiFdrKigAvDlnTkT6NPLj7+M90eZPFVVZzVDgxqOHdSgCggjdGQfPP3G8s4LvtWOMZX521FMmhbOaIcsUvTgETKeAd3a0c5jMOOHuULO1xzQVe7ty5uRE+jTK4Dn/xIEXKaw1BSkuKwmJ+8id/UZT+zbb/PK4NojnirzaIenf29znfZyh7SdeeA6jLGDvbCx6cbov4QAag6et6Gv192AC70fDaCrU30Teqpfed15PLZnD+DLnMixeHr2IXR+BHUvv6zj68+V4ErPcW+TEBfHmvgXlH1zvuaQpup8Ko9xrPr8c1ZF+XFkj1Knvi+8y7w581gREVRn7gDs3P3obQ9WLl749XqYvrXatBBCCCHEH5mMYBHNcnTrv0nXuxC2It401FtZd2Plmu+JcK0AXHk1YixdrYGRUwn5JpWkvQfRDejIylQ1PlNiiQxWhrQfXhVG7PqPOOz7FB/MjMdQeRKfUCLa1pdWKmv27gFcsL30LRs3FnHSCPpD29l4nw2PD+rFnITPqzLs0ou/jA9gf1wGZw98RPRH+82beo4eSmaqBlw9OLljM3sOfQ8Y2f3JBggcjtK1qud6xnriBJRnf0+qAQKeGlzH22xcGRs5h7HAvhWhxG1bx+Gn/GhsaRU9EBC2gtC6xtI7OlCYsZLQlfF1Hus6aDxB61JJ0UPQ+Kfq6WRVp+PrZcngFsLahWOxRpleM2H2ej5LH8zAhsqggTrd4+DG0uVVZe0TGkNbK6DLFEKDldUmxs4Yz85JcZy9eJbP1yXzR65TsKe9Q+XvDnS0hz3aIjCaQgIVyvKuFUaAq5gHMRjB06uqM29jr0SKbhqHlJ9BOi6E9VZqPCftALgOxMMasPZhoBusz8sgMSEPPaBSgcGQy7rlOjSAi/9AXO16Nm0/rGGID+uXp7M3MYGr1VYF/j4pgdZ5KIGYWivN6s6cwIALvasNY/AMnoAncHjFVVDZmq+r1NhIcV45Q4YB3O9tZ/7IsnXtnVxof4+Sh9KiQqVckmKYllR9H1fTOZXzm1YNMdUDWOLE+NdeQP3BcpKW55AEYO/GxPDXcK0vWmCsqKrT4kuo9YB+GxHTttXY7XzOGSq8lHNX1LsWbfWLqi+PYGnZGjBWjSax88BLBaV1pKhcrz19+7orH7j0pb/LcpI1eo7maBho2q9d105K+7ezUspWb49nd6V9OXn0xpUU1DeVOWAKl1WOn7mpTQshhBBC/IFJgEU0S2mhHvCkm7lz4YqnO+w/W4ChuyVQoXSOTH2rCoC2zhgvngWga1fzght4eHWDbRmUWXsxJzra9L/j17B06MTVbzfVk5YTDrhgD+zZtAkwojcAhky+/NadwT2KiHl9HT3C5zPW9B7XiqslALR94Gmio4KVVn8N7izLRmfvQkVFBps+y8BoVIbEp2/bwt1eg/Gxrf96KgdE5BzcC3gQ6FMtlKHZx2uhCfSOXspYT+XAzl1cgLOUNbmTUfeOh//9BknpEBIWzWAvT5w4zORJsebRHrkbl5BiGtmfEvse/mvn4NnYG1WsgDbtzdN6rO+5y/yxVQNl0FCdWrjXLGuHTg7sBKCOnnMF2Lb9M9RpjUuuuQCppU3NHSojDVaQl3cZ/JS8lJWVVuW5mtyMNLDvjZcdgI707zW4Pe5tukRr+j7mw/q8dPLy"
11:15:14.536 [Forwarding screenshot on session 7836b5d0-bd7a-11e6-9730-e5ec4f8847f6 to remote] DEBUG org.apache.http.wire - http-outgoing-0 << "DIAHU2b2YGVsEnl5akDFwMCezdgPXL0fwZV01HnKyIaAF8Kw/DKOlDwlMOPqP/CmxYht2zkDqZz8sZw+pjLM3riITws8CWruAqhtO+OpguxzRVVFZln7HTxXzQVlaVowOShihfmV1cXqw3ybUUY3W/ix3hPpyLsIz8xZi6eNlqNHDrFu5XoSF21iQMLoxvNp1x4XFeR4vsDnkYOUz8rV7N6ZTTtvD7h4pMbulkBJtUE4+itFTVqptqLiKjUX+M0jx0CtNWtM+14F0JN9Uk2wqysU5yijk7DHs5sLKMus4OFR+2g9Gdn5BLt2RX1orzLq7Sp1M1I1Aq36xQkhhBBC/MHJFCHRLN28vIH9LFq1G7VOR/buVazNBNfA/gwcPBp7NCx7by25Oh1Hd3xEsho8vLvTvqc/HkDSBx9xWK1Dk7+PJctTQeWNh5MT7p6eeHp64unZC3dXJ3rVm1Zvnp0XT0J8PAkJCSQkLGWYPagCIlgzbyx2jg4Y9RqSlq3mqFqHOnsHi5ang8sAPDq54tnLdJ5ennT3fZq4hHji4xNISEhg6atBgD1hq9YwqU9Deehu6rgWc+yYBtx60Ll6EMPRASv0JC37SMnD0R0sXpkJLgPwcoJy9T7i5y1gR25x8yugAqAd7Tt3xrYinw3vLUePMt2kPH8z89ZnYu8bxucrQrEnk+jYzZTT0Dlt6dJFBZmJbNiXi06Xz+bVmwDocI9jg2XQYJ3WKmtXp/YEju4JOYks2ngYnS6fjUsS0GNPr27dGfsnrFMjUPm1/vkj35Kr1pn+1pNzKJtylFEZmuRENh9Vo8ndzaL4/eAaWOucF8nYm4dLoI8y4kCXw/d68K8coQC49nmkajSTaw/69+mLeavK2zzapKn74eRFf7fKDS707uuHl5u9+Xz9TYGY6uVi7d4XHyB50RIOq3Woj25m2fr9nDWqTKMyKuoJK9bFGU9PFfrU5WzYl2tqeynUHPFRxa5XID2BlOVLSM3VoMvfx3uzYklMTKHIXM91nb+Ir+KXEz3vI46W2eDm0Y22AO0cm/hKZRe8+tlD+r9ZsTsbnU7N5o8WsDxxJelVsaGq81pB+rpPOKrWcHRHPMvTDdC6ekCt7jLy6DcA2E/8qt2oNWp2xK+jam3nYnavWMCKHbmAE/5DPADYv3wWr82bQ+j0WPIAXAPpUy0qVnUmJ3x6KxvSV0YQGhZKWOXoNFNx12z/TtznqUJ/bC/7cjU3temG1L6PcnesYsGKHRTfdB1CCCGEEL9PMoJFNItLQCgRl0qITVpOmGnEu6vvOCInKNM+3om4xLzYJGZPSzZtm0LEGKWLFhY9kYULEokNU9YAwL4noW89X/c0FpeABtOqonQDzGu3WnsSHhHCgtgkYirP4xpA9FuTGp3/rwxlr9abaTQPFZTqwb6vW82pJNaehEaNY0HM+mp58CUq8lmcAN2PR0jNTMdmaF1dJct6uoiKno8/jVvqSuLDJhEP2Lv1xE2VSV7WQT7auQ2Dyoc54cqrhqMm7iciMZElu735S+v6zmlNcMRbXIiJISlutjIFAhUBU6IZ09UaaLgMmlOnXUdGEKqNIX59LPvXK+cZFjqfQTe9RviPVaeWVpbU1fF3sLEEp84McFOxLSWReaX2rHn6AVxJZdvyaMpaL8DyKti7GkmMCSMRwMWHiDkTap4zoB/fq2HI35WOsy7nAHp64l29XJ28eMxDxfocA24+PbCmK3197MlM1+MaWG20SVP3w44BQ3xJWr4fXLzwsAP6e8P+VLCvmh5UWqNcuhIW+wIxc5cTG6Z00FVuQcyZEUDRvz8HB5tagxxa11F+lb9bExw5nwtz3qjWbiu311XmXYmIDSUmJp742aGYTs6UtyNwBw7Tup7zd+VvESHMi00iJrSqjYe9+DjWlGKJabBGrTzaV0slIPQdLpXMI2l5NCmmz3zGRTDJ0w7dYeU8yiuMnXh84jDS4rcRE7YfsMfVHtSWldOC6ssjOPWZRFTIT8RUPpdVLqjM5VHB6bR00ioeYVqwO55jowgtjWXltkzyMpXhKi4eo3glSmlXZ2qUpKLXpAWEWcWRsCMdjfoqvsMCyNuWan6TWWmt9u/m7Q3p+4mbfYW34x6t1qbrmfpYTzpFZ78nPc2bsmnB2NW6DiGEEEKI36NWN27cuPFbZ0L8DyovRldYBjaOONnVnoNSjE5XgaWlLXY3bStHpymkAktcXJqy5GFDaTWYQeU8lja4ODW6QMb/QB5uTrfusr91xToNZRVg4+JSx9ojt69Oy4t1FJaBjYtTHedp8Mg/cJ3WRUf8c9Ng5gpCe4Km1LKec5aj0ZTi6OKkjMIpL0ZTyn8hf7fq9pZhsU5DGU1PS6fRUGFpiYtTc5ZcbXmey3U6CisqsHF0ocEmV16MprCs8f0aONbRxaXuN3nVUIxOUwaWjjg19M5z4PCqOSw/ZuR+r+HMmBRA2b5VhMZtA/sA4hNC6w6SlxdTjBV21rfvGSWEEEII8XsnARYhhPhd0hH/1DRKQuOJDGh8uWIhfi25G+cwe33OTZ+7jYpioWn0ohBCCCGEkClCQgjxO2WJ16hhXLvHpvFdhfgVuY+JItphEzsO51NaWgpWbXF/JJjRAZ6/ddaEEEIIIX5XZASLEEIIIYQQQgghRAvJW4SEEEIIIYQQQgghWkgCLEIIIYQQQgghhBAtJAEWIYQQQgghhBBCiBaSAIsQQgghhBBCCCFEC0mARQghhBBCCCGEEKKFJMAihBBCCCGEEEII0UISYBFCCCGEEEIIIYRoIQmwCCGEEEIIIYQQQrSQBFiEEEIIIYQQQgghWkgCLEIIIYQQQgghhBAtJAEWIYQQQgghhBBCiBaSAIsQQgghhBBCCCFEC0mARQghhBBCCCGEEKKFJMAihBBCCCGEEEII0UISYBFCCCGEEEIIIYRoIQmwCCGEEEIIIYQQQrSQBFiEEEIIIYQQQgghWkgCLEIIIYQQQgghhBAtJAEWIYQQQgghhBBCiBaSAIsQQgghhBBCCCFEC0mARQghhBBCCCGEEKKFJMAihBBCCCGEEEII0UISYBFCCCGEEEIIIYRoIQmwCCGEEEIIIYQQQrSQBFiEEEIIIYQQQgghWujO3zoD4n/dNbTqqxgBK7vWODtIk7p9Ksv2Dtq0s8FB9Vvn549Bqy7GaH0HbeykTP845DkkhBBCCCF+ezKCRdwaQyGfvLWHfo6beOjBHfR9cAcPddrE4OcO8J36mmmnMmIDk+gQeABtvQnV2qfoLCMckxj81vl6j/jura10cNzIx8fKb+sl3cSUlw4hRyi6pQTK+CBkE573JzF2Qf3XU3TgCB3tk+jguJUUU0EZTuYwwly2W3nAt6EybOASTGnX99Nw3dxe3y3YcdvOqbSBLebyahLDT8wNTFLKtNtWnl1xqYW5+DWUszXhGEdMDU6bepiO9knEpBT/ttlq0r18G2kv8MH7OY3fd016DjWtvXz31tYG75Wx71+4LZcmhBBCCCH+uORrPnELfuIlr+9I0sANizsZ+bf2dLO/xndrLpGRrOaZzToSTw0nyNm0e2FDad2BSgWcvo7R9Ek5oC//pcEctLp+nXyNEbysW3w1jTpjpARwuIVD9T9fo1ADuuL6r8dYYqj8zVwGaYk5ZFyvtpPjHbdwdjCWGxveQV1V7r86o6kMGmwPTXW98V1q0aadJiEdHH0cedzHhr6Ptb0dGbmtvntrF1MWGVn5hJfyQUWF8l/LW6v/2+621F1jyogZsp+lJR34v5cauu+a8xxqentx7Kaig2OtDwuvobra/DYnhBBCCCH+XCTAIppt6+xDJGnAcci9bFnbh66maRYRc8v4eOpOojaUMXvhKYLe7Wg+xqre1KyZuS2EvxmgqbM1rOpP7PYyKsEeHO9oIP8Na8pxdt06ERNnB6h4wA6gnCP7lG/fb3TrwOEMPzo2lEATBb3anbE9VVUBFeMv4OR0W9Juiv9avdXDro0lAOPmBxHV/7fNS32srCwAK9rYKX87B/lx5ieUIOTvxK9fjXdg5QhgQZsG9mr6c+j+Zp193HuDiQr4LwRuhRBCCCHEH45MERLNY7jEhiUGblio+Oeyqk6Nwoa/"
11:15:14.537 [Forwarding screenshot on session 7836b5d0-bd7a-11e6-9730-e5ec4f8847f6 to remote] DEBUG org.apache.http.wire - http-outgoing-0 << "vuHJgxZgX2SoNpWgnI3L9tHPURlq7xmYwscHKqc8lPHx1K2MfPGHeqYeXCNl2T4G368c2y9kD8s2lFXbrhw/9tXDxExVhvh7DkvjiAHQXiDmuaph/56Be0hKL6t23BbGvvoDm5al4VlX3pzteBBo6+OMM4D6PDFTt1bt672VmM9uwzSTklIObCtg+7caNEU/MTdkG++nK5tanSlgTOAOlh9Q8n1s0xFGeG80TSnayNhXf+CkoYG0q7l/yAMMH30/oyt/nvZgdNDd5jIcPGwLY2fnUJlc0YEfGBG4hcHDUjlgmqtxYFkqgwO38NKyM2xdlmoui36Be9hUY8pWMZ/MTjFvH/HiAVLO/FpjZRqvywPLUgl4TpmmtXToRkZMVdqbIf8sc5/bYm4j/QL38MmBquk4RQd+YHBgCrELUunnmEQHxy18nHqWlwK3MO2tI8RM3WKui2kLzqDVXiBiWGX9bOKlZdWnhpWzdVlajfrrNyyFj1OVYSEnP9vHSwvKaHXdwD+GbWLa+xcoOvADI722mOsflDYwtloaI148wrHKuTRFF3gpcAsvvX+M2Gp5GzH1cNU+dWo4b1WusnpBVb0PDtlXYypO0/K3iZcSqk+3KeeTF7cyeOoPaCnj46m7lPafX8AQ7618nF7HVMBbeg41jbHivzamSwghhBBC/MHICBbRLEU/FJByHdo+fx/DnevYwfV+dhVWfmOsdApbndES9Rq4DnAkiBJSvi9k9tB9PHApmP4quPCfMrIx1DlV5ciy3Tz/WrFpCkBb8lZqSak1Ul+rLiNtwznSTH9fOW2BS/FZRtz/HzKug+uQuwi4x8gnq3/mpcCtFOwczsz+oD1tIC39NGkoeXsYvSlve+l2bjiPODgQ/KYrfR+6C/iZiMCDfKKBB0c5838uFXyxspBlU9LAZThRATa3XKbFmkK27CzmhkUFz79ezBcpNTus6vRi8nS/cCxhD0PDfjZ/3ur6ddI+PE1gcgl7TvnTvZHzHDt4jpO2tpSaCtqIBd187sYZuHC6jOPpcOOSjp/fho6AsdxARrqBGxagqzxGW8zxdAPH0zNIqpHHn5k+cB/dCgPxoowPQnawcGfV9ozVajJutYCaoLG6bGN1B/ZtAA108lZhq7oD8nMI8M5CfR1chzgT0LaUTzb8TMSQHeRvDCYqyA5juYHj6YUcrwx4YQCrXziTYSAjPY8bFncycJQdWZuL2fJOBlveUaarDB5lS0pyMUmvHaRb37uZ6WNNylu7mPqugRsuKp560QnDkZ/Y8n0hs0el4XJqBO2LK1Cb2rY9Vji0uUM5v8aAb4kyvepIQgojwwq5YWHB4L+1h/SfSFmdR/AaHRvPBdHfWGHK20luWFgwcKwjum8LydhwjmCDirw1XnWOFGssb5X3eqszP7PwHeUe8L96hS07C3imx7dsuRREb1XT8nc84xp6v4pqZ/+F/LTKZ8AdWKmq4v727eueGtW85xCcaFIrUhhKfgGuYagRuLzzdzWKSAghhBBC/D7JCBbRLJVrenRwbl5vY0ScPwe3BbF622iWPH8nra4Xk3JQCcBYmdY7uGnqQdF55s4q5oaFDSuzRrPi3QB2nfMlyKVWngxV57igH8nhPT4cXfgDGdchZOkjHEwKJHZxMGe+746rBSx4U1k8szKgE7K0Mm9PEDvKglbXy0g5XAzcyfCX+vNsgB1oC8nQwo0h97FrTQBvvRvEvu33AnBs/8+0iGXVr1btXPk0qTv+pjvzhoUdMZ8+zHPdi3j3FeU8N3zas/7ocDav7ICjBbTSXGLRZ43nIW1OBo8NSGNkoPIzZlAah01f71eVvUWdU0Cqb6/k/2IP0o4/wktDKj8r5bwWDOk55uCK44AOrD8azPq49o3mryUaq8vek/3ZvKwTACOjB7Fh8QPsfOc46usQtNCXg0kBxH40nEMblTpd+vej5FdL33GIG4f0IfxwPJhxD95BOXDDwoalGaPZsCaYneuU67vh4sjGc6NZvSaYb1YqPf/LV4xguMRHiwzcsLBjy7ERvP+2Hyu2jWb1iypaXTdw4GgxvScH8MXrNtywUDFn23BiJ9cqM8MFFr5SyA0LFR8cfILV7/qzes8TvP83Fa2uFxL370tgRbW8PcGGj4LY9R9fgiyArGLqbCVNyFt1QQt92bUmgBVJo1nyonLu9z+51OT81aXqGWDNs4sH8ZIP0LUTSduC+avPzdN1bvU51BSfTEyho/0mut1d9RMw7+xtP48QQgghhPjjkQCLaJ6Kxnep7YaFiqdCqjqLvQa2A8BY0fBCtuiU4f2dZjzIcFfTZw4deTW85gqUVjXOYU1HVyNH0k2jQMqL2LrpFJs2neKb879gD7Bfy9GiquNGjqzM2508PPKuuvNip8IJaLXzNJ6BKcQsy+ZEWw8u6EPYENmpqUXRBNZ4Bbnj423609uJMcO70Fl70Txyp3egC211eiy7OdPDtFve0Vt5y4zVLa+ncaNbexa97UFX17uZ9mKHainCzxolcHbDwoJX3/Pjka52PDK5PzFDGnncGIo5kHqe76r9nNRea/iYaudtrC6LTQsnK1NAjOT/5zo3XJx5/e9Vq9B0DOrJawMAbSEnqs0t+b8XPOgIOLvamUeAtH3OjdFdTcf1dMHVAjyfvo/+plVZ27tUCwyo2rH63EgOZ/nhcvlnjhw4T1LCET7fV3PcltGoVLKxjuosytaSdh06zXiAkO6Vgw/vJOS1B3jQAvZuLzC/dafTlPsZ3dW0j0NbPL2hvuBZU/MGcMOiZnmN/rsStMzJK21W/hr2iylg9gsl9e1yC8+hpnL1scF/iF3VzwAb+rtaNn6gEEIIIYT405MpQqJZ7FxscbSAAm19C39c40jKOUra3kVfH1N3ztmRbtVeBdLGpWnNTntGi/o63Pix5rk6eztw0+tMapyjalHapLCjNaayAGBxlRJjXcfV6hRXp+rIomQ3/jIqj+PphSxLL2QZJ7jhYscHGx8l5La+zaha4KnQ1Nms9laljHePMvTdmkdk79NSRJcG33T0bGIgbwW2objybT7cgXNd0yuawvFOcxnX7oaf+L6qbtraVv52Jw88rIKdZdRHm3aU/xtTc02bkE+DeX+4XdPy1NS6NLFyBPLvqLWQqjV9A2xg//VawYibg4E1Rk/YWWIP6Kttr1kud3LxcBYv/v00GZoGs9Wo87UX3bG6A2uASwZzQMLevjkBgWbkzblWedlZ4gwc2afl8hhVk/PXGKta/62tec+h2q8EatjI6EGyyK0QQgghhLglEmARzaLq7EgHIHtNHikxHgTV7tEXqfl7SAbnUfHpuceUz9rc2eDbQOpj18kBR4sCOnSuOQ2gRFfHope1zmFEWQvjg72D8G3zi7mzaywxYsSKzs6QVc9x9bmrX082X+rJxVMX2Zd2ga8+KyAtvZiZEzMIyOhPg7EK6xa+ZrfaN/auz7sxa5AN14xQXlwB1pa0va99o6+RVrVpjcrBus41OMzXXf110A2NEmjgdb3dejkCl6g5QO4aJ7IbXo3XrpMrr71uA61NH1y1oG/P1g0eU0Mz6tK8vWvtUTXXOJNtAKwaPV5fRzOsV9F5Xgw5TcZ1GPHqfYwKcOaBB9txZtkunn+3iasUm17Z7Nnd9qZN5QDdbMzX/2vmrUa5GH+hHOjk1552Fdom58++xv3Q/Hujec+hEc1KWxnhJAEWIYQQQgjRfDJFSDSPQyfCZqhodb2Ml0KPcKHGxjI+fvUH1Neh05TuPNJYj78Rqvb2SidqyWnlrUCmc3yyuLE399xBu7ug1fVr5GigY1dHunZ1pKtTMXMHfkfwwP9wool92kpF6T8oazFEqenq1Yln/96fDXv8TGulXG+8M37qEltTzrJ16xnzz6ZNZziibtoUGOdezjxYebcaLAkc7UFInztY/8pJ3vlXDjsySpuQSn1Tsmzo72cKu2RoOZx/DYp+YvG/CpqUt9qcOisL/ra6fo3Zs46QD+SnZrF88/UGj1N178LMyN7MfMn0E/kQ/V1/rRjwHdirlLc0fZxSbT5O/mk+2HwdsKPbrY7uqYP2h0tkXAfH53uxYu5DDA/oSFdnI0f2VzZEJchgBFpdN3Be"
11:15:14.537 [Forwarding screenshot on session 7836b5d0-bd7a-11e6-9730-e5ec4f8847f6 to remote] DEBUG org.apache.http.wire - http-outgoing-0 << "d3MaDg+0x9tCuR8OVGu/R5LyOX4dOnV3bDTI1pK8gbLez+YDVdGbA+tOc/w6dLnbsmn5M90o2Zk/m99WRf6P7KpnBeR6p7Dd4nPot35VuBBCCCGE+GOTESyi2YbP8SZoyX5SkvPo4/gjT83oSEfrcnatucRxjbIWxhsv3w+UNRp4ADDWNxrCoROvhR/j+XcLGeGbwtuz7iH/s5MkfF/r+JsOtOYvs+5j3s7TLBuzg1Ov3sdIt+t8/mYeadfB89X76K+ClGZcs4Nne4IsTpPy4X8Ya61jXB9rjnyRT9p1aPuwEx0bOV6dfI6pyedu+vzZT+/mHzd/4V/jmowAzt2YMeUYMz68hnrDSR7ccLJqhzPX6ObdrhlXc7M2dkr0ptX1Mqb22tSitBz638/fu+Wx7AwUJufhb5/XovSaovkv1rVmXOS9LBx5jqUhu9CGd+EBByNfvKFGfR0GzruP7tDsV/zWx/lSLF72AAAgAElEQVQhZx60OEf2mmzmPgSP3GNg8z9PkmR6O5HBaARscOmoAgy8+8xWLszqzbTqCzo7dGL6lHSmfljIGK8dzH3bDY6eY97iQm5Y3MnMifcAF+s8f0Pl07S8VY3oWTB0G/p/edAxT03UYmUR6hl/6QgONJ4/5yLcgOM7TxPyYgX/d18F694o4Ph1wDyT5xeMhdDqjJqQkFRmvN2f0d1vHlHS9OcQgLLg8T9Gb6XGuriG69CjK58s9gQaDgAKIYQQQgjRGBnBIppP1ZHVp/x56XkbWl2/RtLic7z/rtKpeXCUKxuzhpoWpVVGktRH+TL5Djr2qPm5NVVTCILmPkrs3+xodaaQqCknWJliQdAoVY3j6zqHyuch0jbfh7cLpLx7mpem55GmAf8XH+Dfc7s0MW/VE2zPO8nd8XaBtMV5zJh4goRkA66j7mXjYo/6E2qEfY0TVXs9bWUnsH3VejKj3x3G+6/WXE/ihoWKvyc+wsz+jU9paOjL+/4v9+Pv1RahvWFhw7Mv3oWjRc18mVXLhpV1ZcqV+9kR9a0/kwdUS6+bIy+9ftdNx9666nlqXl1W/u0c0IdvPnXDk+skvZvHvDlqsrEgZN7DrH6pZsisXZvqqdxhaqM3n6v61JeqcgEcurAwvj2trl8jIewozz9zks8LHXnpdWWYTIZp3Rqv4K74W0DhmTKWzs6jcqxWuzZKusPfHcL7rzrSSlPMvClHleBFNzve3j6IZ7tb15s3+4ZettOkvN1BO1cLblioGOx7nWVhWUQtLuSGiyNL9w4yjxJpPH93Mzf5Ph60gIzV54iaU0DByA68NPbOatPO7AgKVc59fKeW9duv1J3vJj+HqqjTy8j4vtpPuoEjacWUAG2cqz9XhBBCCCGEaL5WN27cuPFbZ0L8DzOUc+HiVYyAlVMbOjr8OoOiDEVlXNQZsXJypGOz5kFc40J+CUbuoI2THc4tnLYEoFUXU1IBbZxa4/wrXW9DDEXFXNT9ApZ3cE+1t9rcDkXqYnQV4NTV7pamm9SmVRdSwu3P5+1V1UZu13XXy1BG/kUjVpZWdHS1qTc/RdpfsLazRlVfoRWVka9rLJ1fI29K/i7kl2C0tOIeV5u667XR/FWWuRVdu9ZzLkM52nKwq2fdoNr7/jeeQ0IIIYQQQjRE/i9UNNmi+cf51/zjv3U2/if4+TuzL+12TTD545HyEf9rXpn1IOGzHvytsyGEEEIIIX7HZASLEEIIIYQQQgghRAvJGixCCCGEEEIIIYQQLSQBFiGEEEIIIYQQQogWkgCLEEIIIYQQQgghRAtJgEWIPwGt9iz52gsUlTf9GMOVC+QXnEVbYvj1Mva/rlxLvlYW663JgLrgAkW3M8nbUM5F2rOor9xiWy7Rkl9wQe6FP7Ai7QXUWm2znpFCCCGEELVJgEX8SWhZMMuNVnPj6+34Hft6Mq2mDWXXFaBkNwOnufH64QsNpzdrPr9Z97pkL8HT3Gg1zY03M7Q3/w1QkkH4LDfujnoMt6iBODYpvwa+Xj2e1pEDcXvzMe5+5UHey9H/qtcxpjLfh38nwYrys6xJWs1Jc2fLQPqOd0nIqpm/1E+fxC3qHfIbbS+NS980nlbTRpNacuvZvnWN3x9NZTi3gU5vDmTZbWwz5nK+5RTO8mbUY3T6dGuzrzP/u2havdIPtzcHcvcrC1Dfch5us1pttMbz67dyG+6DptCe+Yr3dmTc6tFKG4j50NQG9KxZ7I9j1EA6RfXj6c0Hb19GhRBCCPGnIwEW8edSUkxxPZsuXTpZ4+/CpqT3m37baaSsMhvXjFBRSoHp76KrRgC0J5KJ01Udca/TXVg1luyVb4ncd6DaBz3xdLG/PVmuS4XRHPQpx/jrnacZUtdOYOKujzhtKmBtRhwPb1zKmavV86fl26MF3PtQIF0rlPbSkvENJUU6wEBJRQsSaakG7o+mys7YAQTyuMftajPVyvlWkyhIJw6Y39/0muXCy028Ti2JmxKBDoQFTGflsyG43moebrPabbT28+u30qTnZotoiYt9mbA8XeO7NkT3s9IGruzjw6wCsA1k/uBwZvZ54HZkUgghhBB/Unf+1hkQ4r/K2hI7QOkKq2psGjw5jRuTTX80MIpAOdL6V8lec9lU/6OtD/HP/pNL1yx58IGOAJw+9YOyzXYi5xdFN61zaGNLByALiAs7zsseqsaOuDXlBrBWgU2bmtfxO2DVuh1goI0pY3aWlgBY32lXtZM2naRSGP+wD7TtyLEVebd2snLAGqwsVYCh8QDYr6mB+6Np9Ow9eAC6/xOv25Wn6uV8i04e2wr0J+BBD3zn5xHZ5COtsbYGGM2i8a/e8vl/DbXbaI3n12/NdJ8YykF12x+V1tjbQg+blt8p1gA2tgBMGjGHyMe6tDhNIYQQQvy5yQgW0XTlGYTPHcrA8NG8Z5oqoc2IZ+CsoQycNZ1U09D01KTpeM0ayuMLpjEwfCgD50ZzzDTS48uEyQycNZTgZetM3/af5c2YoQwMG8jAiKAmpz1m2Rd15/HKQRYsGk0r05STLnOnsyGn2rQOXQpvLh5Pq2kP0mqaG8GL3jXnLf+7+XiFT69nisYF1iRMpss0N1pPc2PM4nc4VFq19eR38/EKH8qYGNO5Z0VyrBy0OV8weZa3OT/Bi+I5Vpl+yUEmhw/l9U3xTA5Xtrea6U/4pr3mdIvOfMHkuf7m473mhvHlmXqmXpSo2fHdF2z4NpkfNHr2bwpjXGqmsq00mWGzKstWz9dJYXhNqzznUF7/WjlnUc5qgmfNYqcpyS/WjWZ8wlf8lPUhweH+BC/60DzapKjWZ8rfQwleGE1CUhhdzHmOZJe22tiOKwd5PWYorWY+SKtp/kz+8H3z+eqn5cukSAbONOV5mjdjln3IyZKq7UsXjWbgrNHMWB1NsGm/GTuyqs5nOm7yug95c9FoBoaPZmnWzVOSju0Iwy81E8jl0Zn+LNi0iNaLlwLw8ccBjE9Syir/xA6ycCfwgY6muvQ3la+WpQuHMn71at5bPLpG3Z+sNuIp/Zt3lXzOdKPL3Mn88z+Zteozq8bxXWZNZk2WMvVCmxHPwJn+jEn4yjxq5uQ30Qyc6c3kTXVMcTC1tRmr5zO+sq2Fj+a9fbk192vg/lDa+GhmLJteVbcx0aRWr9uSw3yhg+mVwZAGrqGp5VSjnG+JgbTDe6BTMN7WWpYuUp4/ReZrGs+b6yLN90OXWZNZk6OFkoPMmBXALB1QupQuM4ea2ou25v0zzZ/wTbur6qGOZ8Hmb5SyC0+oOs4rZj7pBRksiPE3t80ZNe79rwg3t1vl2TAjSTlP7Tb6Xob2pueXQVvrWXgLZV+X/TvmExxe9UzzmjWZhKyqKUGOQM6RJYwPd6P1TDdahY+v1c4aKb9voulS6zl87JtIvMLDSC/RsnThcGaVQlb6TLqET2d/fcHwxv4tAC5nxeP1j5mkAbu3TMArJv63m/IphBBCiD8ECbCIprPuRmdySSvNJGFvOgCHDnxKmi6XNN12dpzWAmf57LvtZOlyuXaPO4WluaRpEvn6lAHI4vNDe0jT5bLzhy1klANndhJ9Ppe0Mj333pHX5LRLnesYi1GewYw3xjHrZCbj+kaS+MRU"
11:15:14.538 [Forwarding screenshot on session 7836b5d0-bd7a-11e6-9730-e5ec4f8847f6 to remote] DEBUG org.apache.http.wire - http-outgoing-0 << "7DTbeSbuuWrrEuQSl1VG9LBIZrl1YOfJpYxfuxuA06dSySrNq2OKhoE1i0Yw8dAeOnWfSuIT09FmfcaXppEHAD/mp5JVmsuX5zMZ0smdHrZuOOZ/yN1x/2CVzoXoJ2JY4hfIzpOL6Pl6JCcBKkrILc1l/rZF7HZ6miXDpjKEAuK2Pc+CLD2UH+Svsf9gVWFn5j/xTxIHP02xJpkxsWEcq6t+KnTsPX+ALzV7OFFcTMnPhzln3lhEli6TH/VGvlw8nBG7kskyl1su8796nuB1ezEW57OztMB8VJoml/VH93Gx4md2lhawU/2zeVaUsdZnyt+57MxLZMquZPO5szSfMWRxorLeQXkWkyPHMf+8qcNlXcCqrOrTkeqiZenCfozZ9Rlp5s5fEV/+sACPV6aTbupgabWZpOkyWbovkZ2m/e6/t5QZNc5XxKrUBUSfzCStNBP11ZunJFnZPcCT1gAOTHpoND49HmV+954A2HUMZlAHFwAO/ScZnEbQtw1ACYdKC/jJlJ6+MJf1+94kLAuiB4cT1qkDO08uImTVdgDUh6N5eMNSdhLIkjFvMMZqD1+WQtWokVxmvP4EYVlKW/50zHS66/YwcfFAlubocfZ+ksdtC/jy0Mu8dVgL2i8I3pBIWrkv04P63VyEpra2dN9HHHOdzsZnI3nyWiZhq4eaA5qV563v/vjxVCpZpZks/WE7jw+O4dPBo8g6n8ijUeGkm8pbfWIvaXRg+ANdGr2GppTTzeV8C8qP8tl5GNfHFxWgVeey81QuxeZrOkB06md49Q0nrm8g53R7mBj3BscsXejvFYw/AB0Y4zOC+50sWbNoCCN2JVPc6WlWjn2DMJdS4rZNpc+yr5RyquNZ8Eu+UnZxh5Lp6xdOdHd3ss5/xMNv/h+zdN2JGzadJ62LWLrteWW9oyvbGRH7MnHnS5g1OIbEJ6bz5J0FLN01lYUZ2pvaqKeLXc3nV8lexkfVfBZ2MpX9AtP6TE0p+9pOfhOG38aP2Gnty5IxMSzxG0qxbg9TFv/D3AZsgC8PfcQ+l6kkjglnSOkBUzvTozxLGyu/A5yr9Ry+dP4HskoPc6nCmvu7Byl14ujLXx/2x8myrjpvyr8F0MapF8/28uVeoLurP8/2uK/BEWTR30bT6s1Wdf5EfxvdwJFCCCGE+LOQKUKiGewZNmAoYRu3k3XiW9R4sftEVWd8c2YO73Q5z9JygA5MGjyVn88sYYYGvs48yst2Oaw3732Ag2o9VhnfKn86PcOMR8/zSVPT9ru5E6nNTGZpOYx74gvWPe4NQGDbcjqtTib77M+mvQL59l8JBLQBGIJh5mPEZR9CzSCsTHfDTf+DfeV7PjxZBG5vsCv8eVTAc95d8XrzH2SVVx6jdIynj93OksfcAT3vzX0IcGfLgu083hZgPMM6heG24TNWH36Fd0xT/e91e4Oc15R0J3nY0TpuEfqrxVB2Rfk21bE3Yx//P7ryf/h3cGXxKTus6vqW2bLmlKHBk7fyadlwnskqANuJ5LwVzr2Xd9FntVKu08dsZ0mwOyd3hOGxMZmdqcs4/cQ6Cl/vzYh3XiYNdz59fQ1D77LGeGqJOd26RvzX/mzWs9t55xF3vl49mhH7MqGkgGLAmJnEKtM+0c9v5w0/d9K/DuPhr5LrSFVRlLGSGabZN5MGf8SikEFcOhxPyMpFZLGd1786yI7xbtXy0JNPw2Jor7vC3cXfEGY+3ze84deF9B2RPLzxs3rP193vb/zj7Fa+TDUwcdKrBFjDwCH+zDqZSciQ15nsbQ9kkHwSnhw2AIc60lCqpz87F6xjcFuAETDzMeJOHUCND2s3Jirb30lgcBsgeDh3z+3HLI3yPf7Jb5axtBwmjdlOQrA7AGMHeDPwlanMSPqUZ6P+RmTER+yJnMr8lUPYbF3EORxIjFiET12BiMpOaKdI0sL/hgPw5AOdGRg1nbBNX/LXHk+admjo/jC1cVO7gfE8ZAceG5P5JP0CPn4dOXwgGWyfpq9zU67hyUbKaSiujZRzUxQd38tOHPjUyx3QKlN+yq2xBvM1hT37DYse6QKAJ0MZciiPH8u68Nz4aC4c+4y08tG88XwoDld2M/BkEXSK5GiUUo48Zqq7H5ayq+SJOp4FkLp6a63PhvDTzKEsLQ9k3/wEfK3hr/dW8OXyj/ipuJgiNGDdgbi/beXlHspaNk/dC60XL6X8mrHONppa7fl18tBGvqxRV/CctycD33yZWZ+tZrL3800o+5uV6KGH09MkzV9AdwDGc/+1oQw5pONSGWCJsi5Up0iOvqaUz3NenfF682XCNn3KXzt2U56lDZVfHc9h5fc2WGHP4NGRpH+XSGG3cbwxfmCddd60fwtA1WEgkRPg60Pb8Qt8nUjvhtcNin40GoA3U9+s8fkbAW+YtwkhhBDiz00CLKJZuvd9Av+N20krT+Or79w4XK2jn3V6NxtSzyt/OD3OYx3s0Q0YChu3k3bsG5KtTtdI67uDWyjKUUYvPNlvKL59Nc1I++a8HT9+AHDnr37e5s9c/aK54RcNaFnwGWB7Hw+aO6C23G0LlNcdNKikPZtBGjDrsaCqVSk6PMKzTjCr2ltmwJ3R3u6mv8spqgDIZcQ8f3pU7mYaHbI5M9McYOnezcOcrsq1l+kbc6CtB0FOkKZZitu0pdzr1JPxPk/z1yfG090aaHQxVHva27cDCsDaGqc29hSfOGYeuZJ5eCHjD4PBWLk4pg5dBTjcZWsO1DjZO+PQhjqHzVtR11fHAD0J7q2Ug7+PP+zLhNIDHL0CbY6b1oRhFM/4Kfv4BI1hyFfJ9U4TOn2ust0M5eWQQTgADn2m8PKOBKacL2JnzmG0uJn37/HQC4z1UEo8dfW/lA+tR/GMXxflfAMepcfGz6pG8NTBWKEEOoxlgDUUVyiFXX6tGLDHkPM964GV3nUviGkNYOvFQ20rP6lsa9ZYU4q+HOj0aLVRGc4M7h3IrG3KVIsf808AsGrjWA7tsDXtU6rk+SclWOXQdhBrX5jO3cuXklUOYWO/5LluDa+bEvbY41WBCmcfHneCtMrFPqGR+8MAdGB4X3dzet0HjMB/YzKHT+SAXykpWUX4B/jjDPzQhGtouJxotJyb4tCRTWAdTN86nhmV9+2w3l3Mn9Ts4FeWTAVGqj8LqpUjzkwY+jSzVn/GvlNaHr3pWVB1nqrP2tLJFrjzPu4zPXyqj6Vy8Hieve/4sCFlCTN2nua09gg7dTXfe1S7jVb34/kT1K4rOvgq9V1egXnwXb1ln8uCRdEcqmiNCjCUwpPj43hudBzbPHaTtDqS2Es/cujCAVOQ2b1GQKRGO+vgqzwrdT9z9qy+CeXXmGIlOHRNKbH0ryN5PUPLXZZAxc+07zGLUUVN+LegUoWRQqru7cbUDrJIcEUIIYQQ1UmARTRPWz/GuUCapoAZnywAwL/HVHoWfMRSXSLP7FJ2e7LfUJwB58qAjO4j0zYHwgJGsSs1kS9To/gSgA6M7esNbfXNSrs24zXTL7X6/UVX9Fi3aBXVykhG8xZVrOzzTO81mrtNaVhb2qGyMmDXoRNwnkJgYDe3akcZq72FowtvzD/OiO828Ml/drDr5AHm78pk/q5/sjIilckuzciMORBU1RM7X6p05m0sOzPOrTuGCnusrnFT+dW8qKqNp8+dqHsfp37mTrqxoioKVKP0rK2bXJrGa1fNea86RoVVZVYqar67x9Gq+gWYtpXf3vcTZRxJAUbhf++tLARrxHANsLSu0S92crIHZfKYuZP/5ENP09emsvosmWyrgtYPULnUru7KZfPx2efPAF0aPnVDddsoFaCpus+UnAKmNyid289SIK53r2ZdQ0NaVs4AZ9l2tID/Z+/+46Iq88b/v+7HZwdGkEFJm7TREgvZJTFlqUBbdLVctkzXL8Ximu5N7EI5dxu2Ea4/YgNX5W6hDAvukC3W8iZZV3OLMFibTcHkHl1Q7ia4Bc1Jd1Z2lBnBgdnHo+8fZ4ABZgYQ2x/t+/l4WDDnnOtcv841nOtc13XumHWf7zcQjfTNTar+tddfpcQveFT526fd9F/Myt/KWeCWkHtYOPUH7JjZwhqD9+k77pTYdXit80Ou"
11:15:14.539 [Forwarding screenshot on session 7836b5d0-bd7a-11e6-9730-e5ec4f8847f6 to remote] DEBUG org.apache.http.wire - http-outgoing-0 << "O3vlHMc+Pcpxf6Ub5GxXO7PsXXzwxjLur1HWCrp/ygKWfCuT+xq2km8ZcPxQ+XAd8+9K+2ccPPcJt/gDXe3MmNJN/Jf2XaBw71CRzhUhhBBCuJM1WMQIaVg49zv9Plk0bxXLbnN/WuvqMIHeDpk+c/hBfAJ3uX8Ussw1ImWEYQ8wddrXgSYqjvctuOgwFTAu805WVPgar+DbxFtncwfw1tE/9H3Y1cKxYb0l9B6SV/+U51av47nV68i8exInTZ9w0f0m9a+eb4PaT/+G5WuX8VFIInlr3+JkUQsNiUuBdk5bru1lukEhN/T+vGLJTj7a8j5vPzKfMSoNs0KjmTrUA1zrcf73CoCNjz897nkfH4tkfuMbd7r2eZvSmjMAnDzyrs9Fbm+7paf89/PG75VybD/9G3a1KE/054Xf7bHDTTnfPa6f3udXlR/j4CK/fWePz9Er7vx6bsZc5aW8RegiB/+ngVvuWOCaJjFS4wn+GtDyB2UdIpfDtR8CSs/U2OAQAMK/mUKmq+48tzoBx2c1nGxzdcGd/w0JZW9D4AKemBLMwZof8bOaz/Hlg/9xW73nSgOHrEDIDcPq7FC086mlb5Hl1uPvchi47+vhva9nvtf1euZhpcGn0eYzyuuZuyBhTuS1htDPxJDJ3AIccG8LcPDO7/cDk7n9Zm81cWSOHSnlLJD/Hx9zZstb7Hz8pzx8a8/F2b9zws9Th4FKDbTT8H9u9eGKaZhtFjB2IXuLWjiz/QRntp/gi6IWnovupqa+AfyXYipqoXLDTn6R8GPunTh4aNAH/2Ps++WSq56NDeLWYeSf0oF3hStubeSfbINXsu1pAeNWvMUXRUo8zxS1ULn63i/tu8Bd1vws6VwRQgghxCDSwSJGbMZdD/VNYyGM2Ntv5s6v39O3Q2+HCQzqNJlyN1Hj72D+jL4B4kl3L+y9QR5R2Fc+YsWToSx/6yPXscv5HpD/ZiI//301tXVvkfxKHjCZR+fe4fG+v2vA/z0aH8XjU+DsqWdYvvMtak+9z9qsJGX0jb+3YyeSGP8IcJRvrn2MX9d9jOEPBdyb+wwl544z7bapvs4IQHBIIM0dTaT/VzKv/OEjjKfeYXfNhwDcqFFuiTsHHDPw994RHC7q6d8n39XhteWNe7k3ZxmzXt5Kyaf7yTraROCQj7aPMv9n87h37Z2saWkfaud+uoGJkUtJcv2e9ca3mbluHpFlA9dDsfHKtnn8m+sNIRMjE0h3zTDZUvYQ//bkbMblPuPqlIlk00PKOgyeymFi9ArSXWnK35vEmNS7WW44NGi/i6cKuDV1du+Cr8pNXhMvlbyA4aKDoBCl0pW/+xw733+btztgRZT31wb7rmsTWbXsEeAQsVmZ/PbUx/z6jRWscsvPqEWPcz+wpfh+1r77PrWn3udnOd9j3adHuRQcSjBNrH3hGU4BO9bsZMcz25X931jDuxcZdG2Asj7PqT8+wYq3fkPtqXdYs/lHHASyHvgewUPGuc+6lx/hlZqP+KByCwvefBtYwMORQXx0/CiELqQnV4ZOwxDn7Hk9c7987l83hvr905PVQCT3f2PioPCHq18e3PIgGVPg1KlnWPzqG9SaPuKVV79PSks7TPk+s8b7CGgEQm5Q2oc/fPwBxtOnePfdLKLfUK4T4/+agMF11F3cfWnMA7KKE/l5ZTW1J37DY5tWK+uyPPj/MZHhl3cfP9f6NXX89vcfcdL0Ea+8/B2WnzoPXOGKa6CZUs+eYsVb72A88Rsey3bVs+8lEjyM/Lvt9juB86S/nMlv697nlVeXKetI9VI6pM8e+09+Vv4bWj1E9lq+C4QQQgghrgfpYBEjNz6WpCmuDhLtIu4cCxO/fi/3uzYnz+s/hce90yR5diwA87652PVJGA/PdRuRMsKw/9IFF3veBDP2Xn6V8SJJgefJKvsRscUb2N0VRv7qEr430dPwc3/ls7FBriHz/achjOv9aSJPPPM+W0In89tjG4h9+Qnyu8K4BWBcz9N/9aDjp31rK/+zfBV3dBxiVXES89/M4zBh5K8uI3GyesA5PJx3/Hd46wdPcEfXUda8uZpvvvwUW85B+kO7XQtf+vWuleL/NT8Pv8PY4Jt7kuqi4ann3yd/hjIq5PC5BmUagvYRan6eNWBhy770TJy9hv++0zUKoOs8hzsiecL1Zp1B8w08dtKEMFYF+M+m5GcvkuTa55T1PPfPeITvBfYc6gd0Yes4Dx3nuQLgfwd5z/+GLa4406V0RNyifYQPc/7btUBnX/kGjHF/wh9G3n++w5YZkUp5EUZ63CN9a+L0cNo5S3vvW4DunLOcO4Df/vEV9O/VoZ4ew7oQOHVuPykHyvlfJg96bbB7WXqa6tBT14JQ6saH8UvB+jbLX05iVc0nJM9wG2Ux9l7e/tmLJAe2k//OE8S+/ARbzrWTFPuf/GrZbGrLs8jvgO/dt5snpgP+97Jz9SqggQeL/ot2BlwbKJ1vt2gjqTE8Q+zLT/GKNZj05b/hudkTvcR54PWhuCXQwpo3VnP/3tc4G7iAvT/LJ4Y6dlogOTp22GkYKp/szZWcGpTPA+rGEL9XH3kftN9ltv+A8Ht5mnrU/zN/AH+VKw80PPGMcv0c/OPPic1fzZo/NjBvxlpMz+hd18/gtsDzeeh3rfiNUUaX+X/Nj6hFPyFdG8xvj23gm7kP8eA7pTwQ+yO+5w8HT9fTzuA62u8cE7/D7zL+U2kL9/6I2MJnKOkIJv2hN3oX3h2qjg42kZXL1zKP86wrW01k/mrWNN9MVux3gPNUmfpexazUs6f4puu86xLfcdWzofNv2reepnhGGGctb7O8+AnW/BHW3bXALR43E/vNBUATWz7I4X8H9yoP+V3gPyDtntphIYQQQohr8W9ffPHFF3/vSAhxvV28eIYrqJg08WZvtzbXpP3S51ivQsjkm0fwVhMb5vNWUAUyYeLEa4iPg4sXlVchB00cyXl9U9LiRDUmBN34oRd3BHBc+py2v16PeDgwX/wTfG345wbgykXl1cpfCxrWcRdPvMC3f1XFzJtDuevep3gqNgzO/0Z5AxSwLuUjfhF9s5ejHbRf6cZ/rKa3zNqv2OCLLqwOmDbxOkwH6bJh/osVNLei8/Ia4osXP+cKMFZzMxOHHGHkxZVqZj79IxL+4488d3sXZls3QZqbCR5BeIY3vsP8GjUf/nIfdzs/p+2vfuh688CB+fyfCLrhVo9hXlMautHNQ3EAACAASURBVC7SahtdPrdf+hw7N6Abfz1bAYXj0udcuApjNTcwcez1Dx+UfOsCH2U1uI56DeO6tR02zBftgHv5e4jZlc+5YIOxN3gu86Hyz3HpIheudhNyg5e0d9lod/oRPETef1nfBUIIIYQQnkgHixDiq+vS+8zMfKJ3zZU7QiZzytoz3SCSD3+5z/VK4q84VwfLEp8dSr4pHSy4vXZcCCGEEEII4U6mCAkhvrrGf4fyHzzRO0Wtt3Ml8B6K/2PHv0bnisvop0EoU19G9i4tIYQQQggh/nXICBYhxL+E9ksXsf+1G/+vBTFxJNOShBBCCCGEEGIYpINFCCGEEEIIIYQQYpRkipAQQgghhBBCCCHEKEkHixBCCCGEEEIIIcQoSQeLEEIIIYQQQgghxCj9v6ysrKy/dyTEPws7lUX57K46TO3hwxzu9+8QhxsdBP6lmlfeuUB0zAz8r8cZzXXsKS3hV6Wl7PnNB/zPaSs3hM7gprFfA+wcyMulUTOTr984ZlBc+7b91cd+0HSggBfftVy3OAM0VRfx4psN6O6ZzQ1fG94x9tZqXvvVPpo6byAy9IZB282GXby0cw+mDi3fnHEj2Jsoyc1l5579vPeBiVvmxnDjsBLgrRwPcfiPNmbddf3yofeMTZXkvvgGJqeOb97WP21NlUW8eB3rzHB1tVazJe89JkTfNcx8G35YrXU1XNZMYfwQ4fpK+7XXyy5qyraTV/gmv3vvA1r+Xyh33Ta4Pl0zeyNFuS9TcbKDOZ7qSpeFppYObrhh7Ojy2C2cf0Z2cyP/dzWYG8f6bgB81YGu1kq25L3PhOi7CD4/nLz01SaOTFdrNS/kfcCNc785qA27XtdsXx5dvW7x"
11:15:14.539 [Forwarding screenshot on session 7836b5d0-bd7a-11e6-9730-e5ec4f8847f6 to remote] DEBUG org.apache.http.wire - http-outgoing-0 << "doVMXeUeSl77FaX/vYcPPqzBdN7BTd+YwfhhtsdfGdd8HVmpLHqBF18t5r0GJ/fE3YF7ybjX779XGy6EEEL8I5IRLGIEnFw2N9PU3ExzcyNGoxGj0UhjczPNzU00t1zkYvMxTLVn6bwOZ7M3lpGcnst+QwN+utnMvj0QU+1+cvRPU21R4nO2toGmNqfHuDbXNtDY5hxiP2g7e+K6xbk3zE+OYWo4woWO4R/jvPAJhtpaDn3S5nH7Z8ZKGkwmDjcr2+ve2k5FQwsWiwWLuYV2z8nzdCbOHDPS4Cq/vn8NGA3N1zUfes/YdoYGk4ljzYPT1tZYhan2LMOO/nXSceETGkwf46VajCystk9oMBloc4K9roiM3Ff5bBjhtvm4Xq61Xtrr3yS/vBazxYLFYqZbHTzCEIbgbOdkg4mGE57iZmfX03rW7zUBo8nj/uH807HXsS49iwOmy0Pu6qsOdFxo7s0/9zrmne+2biQ6LnyC0XTYYxvmK87D1i+Prl+8wcqu9GRyi/fT0AYRs2ej9WujtqKUjJStNHVdh1P807j268hat4fiqgaYHEbozRMI7Bds//p9XeqDEEII8RXxr/YsR4xKCInZO0kEwE6JPpmKq4t4ZWcqQa496ooOgSaAAICuLvC/1udZrby2tRzQoc/fSpxOCWdF/S5Sc/bz+q+qWZg5G9QwNiCAwacLYc2uEvAPAqygBj/VgFO4DggMGANqFQM3j4ZKNQYYz4TAIXd1PwgAb89vpy9MIelWG1NmzwHAz7V/TFo+axfqRha/MYANwuNXER+uwekE+CuqcTPQjiikIfTkcaD3tMWu2UXUWv+//ZNPlQoIJsBVRl1wzXEIidazq+RH+AeB/RyAHwHDqFAqFW7XS/8IqFRcW73sdt2kahZRtDOVkJEe71UXXfjjH+iK0xjPceu+CpqxyjU5mjzuF84/Gz+4Sl/b5IuvOqBs9ENF/zrmk9c2cWQCAwN6zz2iOA9XvzxyXrd4tx7YwX4z6OL0bNXH9Uat6UAe60tr+fXBVrKXTLu2wP8JXet1pPID0PCj7I3MGrhxQP3uXx9G870vhBBC/POTDhZxjZy9Iw46gb6/+ceA7Qi5zx7B1GIDNCxKe5bUhWEAWOsPsO2FUlocAGriVmWiXxIxKHR7/SFqHRC56snezhWAkFkPkxL3KccCwI7yR6Dpo9dIz63FDKi1UTyemU6sroM9mzbRnfA8ydH9w+4y15C/9VWMFgdoQgnXWMBvJmClbOMmjhJIm6kFh24pRfkPYyrLJ7/cqBysiSRtw1MsnBaEvXEv67Z+hC5iLEaj8oQwNGYVz65dwvSZOqjyY5L/gPMBoTFJrF27fMQdGZ1/OslHvzcR0jkVvyPvkFNhBuDE6+vYeOFJsleGU13yIq9XNOBw5UXK02uIm+b9jmxa1BJiB/31rOTD786P58n/zCY6BOp3ZfNCZRO3Ln6S7JXTKdu4iYOXxnPXnEAOVxhxALqoBDIzE5V0WevJy95OrdkG6lDi7vbzGofGfblsPT6Nl7atJHDYeWXmQEERpQbXk1m1lkUrHyd18eC6BPZ++YI2Cv3Ta5gJgIV38jeS6yo/XcwqNq5dQghgbzXw2vZSJQ2AWhdFypPpxE3zp35XNq99qiLwvJEWm5olq+7D8HYzq388g9e2VwGQm/ws6UXbmNnuPRzlejnEJv0hzBYHqENZ9dNnWTJrYLdIFzVe6mG/lDaW8VSucn5sh3lGf4mU1WG8vf23OMMe5PmNiYQMKN/gI3lkv93C7AVzuHSkApMN1JpIUn6e4br27FQX5VJYZQLUhEfdiucxVtBYlkuFDTDk8ui5pWQl+M7jxsoSXi2uwOI6vqe82waE89K2lb0dRdb6Xfwk5ySPF20jNgTMhiLWFbTww/xtLNSBpaaEn776OT99ZSNfq/EcvhYrB/K2UVrb4qo+UaRkpvdra/oytYmS3O1UmJRQdFEJPJ2ZiA5lKuC2wiqUktWyKOVxUhdPYldmLkr0k7Es3UD2yht81Nfh1QF7YxlPbT1F2kvZRHZ6v068t4n+PtMCFg7k5bnyRI1O6wCvrZSXON90kmf1xYSmv0BqrHKsta6En+R+ypNF24juTZJ1QB79BJ2veA+z/oOVg/saQBPH026dKwBhS35A/OEWLveOs7BSXbKDwooGV5jhpDybznxVHU9nvM29WS+SGKGEbzEU8dMCM0+WZBON9zwc3C58l2NvH/P4HaFq3Mu6rb9HGxFIg1HJ85ikFGZdfo/CCuX3qIQnyUxUvsC8fXf6+h664OM68pUH0e37SHW1IzkPP0p8xksk9xbewLLbwEPX6XtfCCGE+CqQKULimqkG/L/vNxvnxy4gY0M6i0K7qSrcTo0VuloP8JOcUtpujWfD5s2kxYdhKM0iz2AeFLazoxPQsHDuwCeN/izWZ7MxeSFBKCMxzLW1TEnSs0GfQLDFSH7Ru3QBl89buOwcOOTczI70fIxXw0jbkEXaXD9MZnqHVnSct2A2tTA7fhFxM6dwtmwT+eVGohL0bN6cQZymgcKMTdRZwdl5EYvDjNEIKRkbSIkPp6W2lD11VkJm/ju5+T8kBCtvPpePUTWPDbn5bEiJo6V2N1vLGkec3xfOmJRpH5c7gO7ezx0ov9YVbaKwogGHWktkuA6HxUhBRg51du9hHno9m7y8PPLy8ti6tYhG176XL1lw2C713op0d1hwOBxcuuzs3W6zmKiqMDI5XIcaMBvL+a8DrYCFgmdyXJ0rOiInt2EweB+i3nn5DI7zl2EEeVW9NZ1SwxmWpm1g8+YM4sOuUlX8KjUe0lq/K4fCigbClurZnJVGZLuRgowdXHBtN7nKL21pJObaUt6qswKN5GQUUOuMID1rM1npSUwwGynYvg+7Kz8sJiMdt8axKGYBt2ts2Bzn+SLiu6QsDQcgZlUC4SG+w1GuFwc23YNkbc4gbkILpTmbqLH2T0Ojj3rYz1/df3Fga+/AcekiZocDy5nLvZ2i7uXbdr4Fh8NCbUUF5yeEolWDw9ZAwS/3YO/JP1fnSmjkrZwxmpQ658HU2fPQAurweB5fcVfvtAJPeWyvLyKruALVolVk5W5GnxBDS+1u3qyxeA0HIOSmKfjRwh9OuDoYq6pw0ELNiVYA/lhdgSN4Gje2eA+/qWwbpbVtJGVsJjcrjVstRgrWvc7A7AQLRU+tp8IUyKqMLLLSE3Aay0nfuJcuew3bCquYEJ9Gbv5mkqKuUlWchcEawtxl8QCEx6fw/fmhQ9TX4dUBZ+dFbI7zdA5xnXhvE32kBTAUZFNa20Lcqgyy0h/EZsEHL3FWTWeK2kHV/iMoM3G6OPJOBQ7tDKb3u7MfmEdTfbblw67/9tOYbKC9624Gj+nTkrytgLWuG/ue9jIqQc/mLD0xY0wUr9/E0YAIQrFRvremJ1A+2FeFQzeD8CDfeeipXfD2HaF8f1hoMI4lLSODhKhgancXUHh8PGkZ6cSH+2Esf4s6u+/vTl/fQ76uI195cPKG+0lbGgnAolUpLJje7wocVL+v1/e+EEII8VUgHSziOnMCMfxi40qiZ8XywxXzUAYTQ8PBShxoeOTRB7gpIIDZy5YTo4HafR8y8L647U8WvE+WcTvbVVDH6Fm7PI5ZcYmsjtPAmfN4W/nAXn+QWmDp2gwWzopgYfIGksJ7o4gTV3jJqeiTZ3LsYAvo4km8byYBAdNZ9sMEwMzHpr6/7FflZrM4ehaLk5MJBzqcTgjSMk0X0hsmbWZMLRe4IXoFuZs38/R9U4eXnW7cJ2TMWpnNhnjlFmLRk6+QnRzM+1XKH6zxj2eyMTuThFA10MLHJwffNvZwmBuora2ltrYWo/Fw7/oOgzvPBnejAcToC9iWnc/jccrT6jNnL4DlFCdsAKFkvJLPxm07SYsZaryOEuLw8qqLKd9KIy3jeVYuDGdC8CTCw25Vjh+0hIOFjypbICqNjSvjCItYSMbzacQvnU1Pb0OSq/wWrlxJJHCu5QJ0TWBpSgoZmT8i9rZJTJg6g6hwoO2i2zoDUWRu1JO6NpkZrvlAKkKYM1MHaLl3fjQhQ4bjul4yE4kIi0b/fDoaLBw96X53a+XwMOohQNCs"
11:15:14.540 [Forwarding screenshot on session 7836b5d0-bd7a-11e6-9730-e5ec4f8847f6 to remote] DEBUG org.apache.http.wire - http-outgoing-0 << "RF7coNz8oF1Eya+zmTV+YC73/39PvVJHrmLntm388qdLlY22DjqxcvSQMsojJm0L2zZm81J6nLL96sC8hqCwWOZowE87k9hZYfSMW/KUx343zSMlRU9m6hJuC57A1NCbUQN+HsLpN65EO4cFOjDWNAJNHHP13TX9sQlo4vcNEL54LiE+wr/q7Aa6OfNpK50Bd6DP3czmLQ8Pmk7V1fghVTYIT1jB3OkTmBB+HyvidWB6l6N/VvZp+/z/+OwvKub/+Ods3pzPPSEw7Z6ZaAHtzFgidH5D1Nfh1IG+UlPh+zrx1ib+2VdarBZOfmxBHZeOfkk0EbGJ/CItxnMh4yvOKh54JBxa3uWoFbAa2WeCqCX3D8rb/nk01kdbPvz6j9OJDdBO7lt3yFpXxMMPP9z777HsvdhppbrKgjpGT2ZiHGERcazdoqSh6kg7ixNCoeF96roAcw2VZohZdh9+PvOw54zu7YLyicfvCJek3I0sjI5mWbwy9TPhyXQWRsfyg4S7ABudTt/fnVfwfg6f15GvPPhjO3fNvBHQMmd+HNNC+h/Zv+yCuF7f+0IIIcRXgUwREtfZVVAH9t7AdXS7b1MBForX6/sfMqZjwDQjmDBFB5zB3gkD/zK31Bs41TGBu2InQTeERbjdgKuU/3hbt8LZrYyMCZ3U8wejP9OnaeGM61f38OznMNsAWwUZqRX9wjlnOo0yx0TDDb1/ywejU0P/NSFDWPFsGubthZQXmigH0ISyau2z6Ea5OEbPUhtOZydYL/ROg6jIT6civ2+/06ZzEOv5ZDEpWfzwzgl0Op2AiokjipOWe2YqHScqt/VjrKc/UaZMaKYw3VWoY7zPEHIz3LzyZ9IEKNueQWFu//gMLncVKj/QjO3rrPOftpDkacqNF2i4ya38btbAoYvt4B9BcHczeenF9D9FT926CurxeFrZwNmtbHc6gSDt0OFox/XF2y+QCUCL6TPu7flsqHo4oGydPRXjqjJ9rzfsIforg29U3jTkHzoDHWAe4+qAGQPYtETdoXTohcycgw4DZo/h9UwddO/p8pzH/uOmcvlEMfrigmGG0yOIud8OZ3/pCerqL2IilKSk8ezefYK6uou0oEE/dxr+gWav4c9a+TQJ5l9Svr+Y2v2gTMd4nPTE2H43oR3tSletqTyH1HL3EHSoxsfy5KrjbC+toqBBmU6hjYznyaeSCcOp3F46lZbNd331XgeY4yH5Q10nXtrEbl9puXSaEw4Iu2VC32E+64v3OE9b8RDa0lyqjrQy1a8CGzri53tYI6rbPY9U3tvykdT/wGAmA2fOtgHK9JTASXNISpqIKlDF2d+XYmg6T6d9Chbg7nvC+44Nms5dGjh8po2IH34XTXkB1UctBP/pfRyE82Cclo4aH3nYky+D2gVf3xF910ZHtxPQMsX13dTz3dnXreb5u/Oqz3P4uI7sbT7zwDlFSc/gTmsGlF0Q1+t7XwghhPgqkA4W8TfjdNqAcLL2ZNMz+7qppppW502MG7BvyKTb0FDF229Xs3jtQrctFva8UIDBEcWM2B/jBAKDhv+WFJVfAGDjXFsXuJ7Ktf25nZ5H7f3CC7oJrRpMEWnsyXTFoctM9cFGJswOhwvHB6dx0CdWWi7A9zfuIiLgIvXHj/FW8W5K8/Yxd2ey5wVIVdew3G7IVHRqsDggPj2Xh8MDMNV9yKeXxzF7frjXw/yCJhGiDfG6EGpPemwdtuFHZfrX0WDA1n2JC65sHt67QYabV2ZeW19IgzaGjNwfED5NC3VFJOce8xxsN3R398Wgq7WSnMJmvvvdwfnsRKkK9voSskoNhC5K4efLotFpQzDkPUrBSGZ2qYYZTruz70a1u4M2IGLmVDjp+myoeug7Cqj8XMP7r/bkQTuX2z3s7Bz0g/LbVQALxlMW4rRa7KaTmMH74IZufNbhnjyue/05yo2QkJ7FfTMjCKGOx5Jz+471Ec60u+ajKS2kcLsRQpO4b/4NvLu7gNxcI+iWMicE6oq8h29tOs1NC59mT+ZEWhuNHDnwFvvLd3L0vlji3C4GlWtx5kUZRaS61qCwm+v48EQnU7qbaAqYwy/26FGZmzjxYRmF+yv43fEHWNvTMaIKYFj11VsdYHAb4/s6Wea1TfTzkZbpuqlEqKHxbF/FUKmGWKHbW5yDtCyJUlO8r4QSTKhj0pjla81TlbLIrde2fCT1338qd+jAZNhD9bJYFurAXxfNcp2yjklN8z4M54GgYEKAj4+a0LvWiqHrT7TYIOz2SRByC8vCCyjdU8CldjPaRemEAXZfeRgIn/nOMWCotvCqxx18fXcGc9j3ObxdR0PlAcN485Bq6MVzR/K9L4QQQnwVyBQhcc2cA/7vvsXTH5Hh984FTBTnHaDVYqXRUML6/EKKjW2DX0KhW8hji3TYagtJz9tFXWMTTfUGCp79KQYHxKStdJtjP/Bs3v+EDZo1j0ig/NXXqDdbaTKUUGh0DDiq5yctM+/WgPF1iqobsVrNHHhtK4WlxRg93aB61M47BYVkZb9GfWcAoeHTGQ8wYdyg+fA9LFXbeeyxx3r/Pfrwo5QMWmxgoGnEzNYAUPHWLva/9ybbi8vZX17MibbuQXsPTuuA7a6b6uLsrRQVPEth7fA7WNDOIEINOBrIejqbgq3PUmDwuaADSp0Zbl51Kk9nx9/M1Mnj6GyqJje3ChjjITUhzLxbi6O2mF01TVgtjbxZWIyp5ZLXewP33Bo/WcfEcSrqKwsoqHUMGAXiuZ4rj3xtmI419oblPRwNOKp4sawGi6WJshd3YkND1PSeKVVOnKOoh04gKDRUWarUZiB7ax7Z6RnUeltEZZAQ5sxVrrTawp+RV5DHup5FdD2OcAjhtgg1tpMfUdPkvcy7eyLHBG6aOpVAZytlLxZiwzVFa6hwtLOZqwWbDULn3EFQyExc1Z/Ib9+lPBX3Ef7pgzspyF1HWd15JkydzqTxKmDMoPvQoFkLiASqCndgaLJgba3hxXW5lJZW0f6XYxQW5pNXYsAZfAuhU25UDlLRO1ft3PEPaTJfGKK+DlUHBhrOdTK4TQz0lRb/iUREqLEZCimracLSWsOOQiWOnvmOc+ySxWAzYbLBgw/O8xxEvzy65DXeI2uHg0jM1KPFTGH6YxSUVVJX30idoZKCjY+Rb7DBhHEEEEZslBpHbTElhkYs5ibKcrfTAoTNmAT4M/+heLCYaHGoWfxArBK6zzzsi/P1fuW8r+9O34MDfV1HQ+VBT2o86Fd21t49R/29L4QQQnwFyAgWcc0CPU7HGQPBAYM/A0JmJZO1qpOtpaVk1JYCoAlfyoY1cR7Dj019HqdqB8UV+8lVxvGjvKkjk9SFOsCKiv43xDAG/FyvjnTb1vdzGE9tTmHT+mJy0g0AqAHHhHEEDDgGIE7/C/50JZvywixct5VEJWWQHBGEvV7FwBuQwfGZxo8zEsjOLSdHr5wPTSTp//GAjz8uHdhs/e+A3f9wDRzXv7uhJ6/j1v6cc9lb2d/QwP6eaQ9JP2VlxOBB2D03kp7HB4SwLG0px3L3YzMbqTJriYoKxWhsGXDuvqMDAse6wlUBOtZs0XNpXQEmSwMGi4bQUC0tLRYvAxJ66sxw8yqMh5KiaNhdjn6lMk4/PCYKda2RkyYLcbH9b0xj9Zmcu7SV8vz1KLVIR9KGNcxgH55uIIMDVATNeoCl4UfYX5rFylLlmKgoHUajidN29zi7csKvry6ETP06OgxUFGbRmZ4zRDhO0IRiKc9Hr8z1YGn6z4nTQh1jIFipl77qoTfqycqxBEXx8KJQCqpaMBtradPq0GDGNqD0B9arHtHJmSR8nk15g4VaQy1anRbM3jtPQmfPBmMt+esvsX7DNK95HLngEUINxRSkJ1MAaEIjCVU30HLqU0iM6BfOhD3ZrgkfPUK4+95wKsrPcPfsWwB/5tylxVB1ldi7lD0jH/AefnTGWuJOb6U8N0OZYoOauJSNxA7Kzmlk5OrJySmgoGeKgzqUlM0Z3BHmhz7+UwoqCtBXKNOQtFFJ/CBWCziZG6qmoqqU7A49P/VRX+/2UQesn/XVq7465us66fDRJnpPSxj+hGVu4fONz1Gev56+2S9e"
11:15:14.540 [Forwarding screenshot on session 7836b5d0-bd7a-11e6-9730-e5ec4f8847f6 to remote] DEBUG org.apache.http.wire - http-outgoing-0 << "J1t6jTNAUMR8otiPUbOI+WFeWrqQ6W559EPmeY33COu/No5f5gfwetEbVJUXY+jbQEzCKn6YGEcQsDBzCxeyt7K/IAtl4pGGeH0uiWFKmEHR9xOjrqB28oP0zXDylYc916zndsE9R7s9bPP1u6/vTpXptNdzAD6vI195YK1TysDj6+b7lZ2GJwOv3/e+EEII8c/u37744osv/t6REP9iuuxYLneiChhHSNBwnmF1YbUqM8oDQ0Ku01OvLqyWyxCgJWQYk8C7rFYuO50EjNMyrCh7OZ9TFYB2OCccBbvVQqeTUcTVxVVOAVrtNc6TV9KsGnE8hplXdiuWzuGXiVKGME47/Dpkt1roRIU2ZHQL5gwZzjDzejT1sMtu5bJTdc31T0nDOLQhw8lsO3b8CPIfat+e69BLWzDscK4tfLvVSucw64TVYsGp8lCGw23PhqqvI77err1N8ZoWesp5mGF6i3NXPc+uzIGkzWxbHubt6BEbcf3vsmPtBpwQ4iU919IugO88/NKM+Luz7zhf19G15sGIXGvchRBCiH8y0sEihBBCiOugi8q8TIprzYCOjJJ8omUVUyGEEEL8C5EpQkIIIYS4DvzR3T6dUIuWeSv+XTpXhBBCCPEvR0awCCGEEEIIIYQQQoySvEVICCGEEEIIIYQQYpSkg0UIIYQQQgghhBBilGQNFjEy9kaKduzl0oAXMo4dr2Pmgu8SF/blvVGhq7Wa3JJPWJ6hZ+DbObtaK8ktaWZ5hp7b2rzvd80sdRTkvcWJ8zZu/95aMpdHKB/XlPFf1U2u1xP353SOZ/lTqYPi0FRZxK8bJ5OxdonPt4X42q+rtZr8kv9j+YZUvL0F1aOuVkpydzFu+RqWR3x5ZdV0oIBfN98yIO52Kot2cOySp5e/OmH8XaxJXewjT+wcyHsR5+IvN+6+DLfsBrLUlVHwTiuLUtOJ0/UVmK86/bd2rWkbji5rI/v2HOBUyyX8xofyreUP92srGqvLOPDhKTr8xnPXdx5hSbRuQAhWyrJ3oFr+FMvdMsreWsNbZdWYO0A3eyErlsd6jPv1Tlv93gLKGyFhjZ5Zw6yKdnMjn6luI0I7wjeoeGl7hBBCCCHEPx4ZwSJGxtnOSWMDxmYLlywWLJZLWCzNGKr2U7D+Jxxo7frSTt1x4RMaTB/T5vS0rbl3W0fbJzSYDB73u1Z1e97A0NLGhLDbiZgxqffzz0zHaWg6Q3NzM82NRoxGI8bGZpqbm2loaqHdQxzaGqsw1Z5lqOj52q/jwicYTYe50DHChHRc4FBDA2c8Rew6ajt7AlPtWTr7ferksrmZpuZmmpsblbwyGmlsbqa5uYnmlotD5ImTs7UNNF3Pgh2h4ZbdQKc//giTyUjB1texuH3uq07/rbU1H/NQZteBvY7M1CzKqxrx047HYqyiYH0qZY12AFors8kqLKe52w/O1FKam86ueqtbAF1UF2RT3tDA+Xa32FkNrMvIp8poJdDPQtXufJ4qMHz5aeuq563dBkwNBt76oHF4x9jrWJeexQHT5RGfzlvbI4QQQggh/vHICBYxMiq4CixKe55Ut1dEWOvL+ElOOZWHGlgyLfpLOrcKCCYgEKAL8B+wzQ8VEBKtZ1fJj/C/jo/h/VRXQb2AbRuT+30enbyNPa6P7PVFJOccI/2VncT6OHfsml1ErfVnqOfYvvYLDAygJ73D1QX4BwYSDPiN4LgR6eoCf38CA8aAWjUgfiEkZu8kEQA7JfpkKq4u4pWdqcMfVaCGsQEByqlgyDy83oZbdgP1jnCyVFFQNo/sxIieDYy0HL8sKhWgCSAArmvmWk9+jBlI2FxMYpg/2Ot5NjmHg4dOkhgxibLiBghN4JVtifjTxNZH17O/TnNtHQAAIABJREFU/AgPz1qCf1cru3Jy2G+yKXF0C7du3z4saEkvyic2BGqK9ORX7aNuddygt9dcz7SZD1fT4vq55XeVmBMjGDjeZhA/pd3sqbsj4a3tEUIIIYQQ/3ikg0VcE+eAZ/gh4aEEA1c7XZ/bmyjJ3U6FSXler4tK4OnMRHRYKdu4ieOBOjqMRiyAJnwRazOUqTT1uzbywskZvLRtJSGAvXEvT209wZOvZDMFAAvlOenkmsyAmqilj5O+MrZfXOyNZTy19RRpL2UTHQLmmjJefrWcFgeAhkUpa0ldPHiYfWtNGdtfLcfs2i9u1ZPol8yiruRZcqtsQAUPP/o5G17ZyCwPPQLO7t7McaOk9yiBtJlacOiWsvaeVl45Po2Xtq3k3K6NvG6exvRLhzC0OJT4pW0gdeE0GvflstW1XwgWDuTlUVrbAqjRaR2AtvcsjZUlvFpc0Ts6IjQmibVrl6MFmqqL2FZYhQ3QaNXYgJleytVbOAGNe1m39SN0EWMxGk2ubat4du0SQoAucw35W1/FaHGAJpRwjQX8vJ1FyaSebOqEfh0s3soBQOUHJ9/fgT5XqTva8HiezEgmLAjAzIGCIkoNSvxQa1m08nFXWbvnH4THRHGpsYPVL2YTHeT7nP3yx61MfJWdp/Si1hEebMZUnkfl3J0s9nBX7jkeU9j17E8whj5Ofqqrrtvr2PjEdqY9+QLJ0eOoKcsnv9yobNNEkrbhKRZOC6J+10Zeb9Ux5cphalscoAlnVdoizr5RgMECqENJyXyWxREhwBiwHWKT/hBmiwPUoaz66bMscc2BsdYfYNsLpa7rSE3cqkz0SyKwN+5l3dZ3UU0As9lG6NINbFvZl3dtVwMIj1zK3J65bEGhzNDAeQD7BZqBmO/Od/V5hLFksQ7j/j9yliVMOFrGflM3MYtiqK2qdbu0rBw/YobIFGJdU3RiH1hMflUpH5+0Eh07cN6Ol7TddJJn9cWEpr9AaqxyPVnrSvhJ7qc8WbSN6EHTf+x8+Lta0CwiY4WT3EID79ZZSe3Z0VpPUf5rVLnaPeX6mc8HmbnYAENuMpalG8he2b9udVnqeK2gEIOrI0kXlcCT6Ym0vTm8tkcIIYQQQvxjkClCYsTGAJZPT1BfX0ddXR01NdUU5RRiAWbPmQ5YKHpqPRWmQFZlZJGVnoDTWE76xr10AR2XLLQYjcxM2cDmjCQ0piqycsqwA90d53Gc7xtG7+w8j81xnstunRYtZ8aStiGLtPgwjPvzya8094ufs/MiNsd5ZTqA+QDr8ss5P3kRGZuzSIoZQ1VxFmVN/acydTWVkZFfTtut8WRszmLVoskYSnPIPtDE9AUriA9XgzqSlMcf4qYRDv/oOG/BbGphdvwi4mZO4YvLZ3rT2N1xCbOxghPjF5OxQU+czkZVYSH1XdDptp+hIJvS2hbiVmWQlf4gNrd5Jvb6IrKKK1AtWkVW7mb0CTG01O7mzRoL9sZdrC+sYkxUAllZGczGoeSRh3j6CsfZeRGLw4zRCCkZG0iJD6eltpQ9dVbAzI70fIxXw5RymeuHyeyqKD6oBvx/qHIAUI0BS4OR8FUZZKUngKmC9a66U701nVLDGZambWDz5gziw65SVfwqNXao6c2/dLLSk7hUa8Riu4TTOfQ53XUOs+wGuwp+UegzU1Bjo3hrCdZhp72NGaHBmKv20+gKu/XD9zE5/Jg+VUtj2Sbyy41EJejZvDmDOE0DhRmbqLO64thQRcv4B8nIWEVot4nS3AJOhyeRrk9C52iheG+dW0k4sOkeJGtzBnETWijN2USNFbpaD/CTnFLabo1nw+bNpMWHYSjNIs9gdtUNG2bzZOIXxTAn9KZ+KQ9bmEz2xpW9ozwsNW9RYYNbJwdDu51u4OZJfSM7ps4IB85wwQohc35MQcmvWfvDe926E/tobnTrbQi+ybWPp9rtJW2q6UxRO6jafwQla7s48k4FDu0MpntaW8VcQ6UZQu9fQPTCBYQCVe986DrWTMEzOVSZVCSlZ5GRsoiW2t38rOg0c5fFAxAen8L354cOCLSVfH0uBpOGpPQsNqQtxWYsJyNzF9pRtj1CCCGEEOJvS0awiBFTAab9heTsd/9UR4L+WRJjtXQ1llFlg/CEFcydPgEn97Ei/ij5Fe9y1Dof51XQLMogdfEsYBaZaWfQFx7kuDVRGcLf77ZTNeiTpOezWTgNmHUbF06uZP+Bg1xa"
11:15:14.540 [Forwarding screenshot on session 7836b5d0-bd7a-11e6-9730-e5ec4f8847f6 to remote] DEBUG org.apache.http.wire - http-outgoing-0 << "PTCGyn/rDlbiIJysbalEANFrn8ZZdITQgG7c5wk0HPoIiOL57GSmAYRtoLNlJeVvH4IlqUTpgqk4cyOxsbNGvEimE1DH6FmbHAdAXVHpgBTF8PNM5QY0/IcmDDnHuNyBW15YOPmxBXVcOvol0UA0v7j6OfpCZf0Hv5vmkZISzp2L4xhntRIQejNqlGlAJw8dAmLYmJmIFojYkoEpOddjPH2F02NVbjaLpwHRGg5XZNDhdGKvP0gtsHRtBgsj/GHWBtpbV7L7/AgzCt/lYF3ysFJ34jJ68yHzaivphQc5bl3GlG+lkbYwlIXRk7FaLhIedisVDRaczlZqDRY0cenolygjQJ7nPKn5J4ZxzjAG32cPXXYep6B0dxCgW0lmwmGyyivIP7CADaF9YfmKx5otS1BXFVN51EJEnIqD+xogfBVxWitFB1tAF0/ifTNRdcKyHyZgyCnnY5OVu11x7Cl/5lWSWxVKpl4Z3RRoepecw81YWIxSU2P4RU9deT6dE8n5HD1pQWWqxIGGlY8+wE0BTqYsW07MkQZq931Iwgol/kmbN7B8iBWXzYYi0guqIHQp6csjsDeewIGW0El9V1VP94gKIChEibfdyVUPpWD7s93tk8H7uG/znDYV33skHEPpuxy1LicOI/tMEJVyv4dyh/qD7+NAzbfn3gLA/TEaCmvf5bBlOQv5lI9tsChjI8ujQ4AIsgjkFH5Mvmcm2oIKtDNjidD1b0HsjUcwAkuznnct4BvBL/gz+sJDtAavHFXbI4QQQggh/rakg0WMmBOI0xegj9Nit9Sx42e5GG0wYXoYAB3tyhN+U3kOqeXuR+qUm6ZuiJg5tffTAE0g4OnNMp4F9z7s9mfmTC37D3XyV29HO6+CZiZ9S0NOIzHV0xQOBsTBn/AZWtc8Buh23bpd01qk3RAWMdXLxqugDqQnST3TjPqlxnqaEw4Iu2VCXzzdRof4jwvm8oli9MUFg0JXqcYA3X3xDgpnpho8rY3rKxyFhhuCe34ORucKx9ndCWgIndRzc+3P9GlaOOMlmGHwVg7OboiYM713a/CE8a79/Zk0Acq2Z1DYr/9Ii+rSZzTTM7pKETL9dtScwImnkTT9z+ndMMpugE4gIjGd+KOpVJRuZ9+q6YP28RgPXSyLdcXsf+8Y9ul+VNlgUdpcsJ/DbANsFWSkVvQL55zpNHe74tgXZv/fu11nVPVs047r29cvkAlAi+kz7nV19BWv1/eP7JgO15Wh5aZJvjtXanZtJH+/CXVkAi9tTFQ6MCZMQo2FTz+zEz3C1yg5Ac2N7t0gKh+DprynbdqKh9CW5lJ1pJWpfhXY0BE/39OqKq1UHFJGyxWnr6TYbcvv3q1ndvgnONAyJ7wvThGLVxIBYK9R8sk5cEIcODs7ADVT3DqZ3NvEUbU9QgghhBDib0o6WMSIXYXeu8AgbTSZv9Cj1xdQmL6VKXsymRSobFyUUdS7NoHdXMeHJzqZHggn/aClpQ1cax50diq3+55udlWDbis0jOm9S+rCdNICwXP4mpfbD6cTsF2iHVxPpK3szdvBxVmJpC4Mc9tv8LPvP31uAcJHfWPjBAKDgofcz6uQqUSoofFse+9HKlVg7891rz9HuRES0rO4b2YEIdTxWHIuqFSudLkvotqCyQGDb+t9h+MtXQAqvwDAxrm2LghRbrLb/tx+TSvpDlUOKuDcuTZ6SrPzck/dMfPa+kIatDFk5P6A8GlaqCsiOfcYjJ/EZMBk+qy3zllPN+Nwhfdllv1ASk6GkJyZxnF9IeWlZnBNnvEdjyDuWxbD/oJ9vFgEEMUD0SGAE60aTBFp7MlcqBzUZab6YCMTZofT/e4II9ju7Ksr3R20oXSGOo/bgHCy9mTTs3pRU001rc6bCOYwcNVHD0AXlXlPU1xrITIhg42JbotgB2gIBlrN7fS8p9r08TFQz/Y8RaeXisAxYGtpoYto/IGuz1qwAHMCvXRxeUkbQVqWRKkp3ldCCSbUMWnM8tBXZK07iNEBUasySJwRTKcTAgLaefeXuRgq3uH8vDDAwKefdREdoQTQuDeP/z4fQcZqV+eJysMit04n4OAvbteP00ObKIQQQggh/vHJGixi9LRxPJ0SBRjZXmAgaNYCIoGqwh0YmixYW2t4cV0upaVVtPu71tHYX8qBejOWpmryCmpBt4CZISgbHcd4r6YVc1M1udsN9F/Mw0Z+dglNFgv1B16j3AyRixcw3kvUZt67wBWvSsxWCzVlO9hd24BqQv/XnYbffRdg5JcFlZitVuoP5FHcALrFntd+8MVLV8+g350efx58nJOJRESosRkKKatpwtJaw47CKnrzxQkwgZumTiXQ2UrZi4XYgHMtFwi/ey5QS0FJNWaLmcqCtzB7P5XXcHwJmjWPSKD81deoN1tpMpRQaPS+1ku/0w3YZ6hyUAVDS/l2DjRasDRVU9BbdzqVUTnjb2bq5HF0NlWTm6vkkZMw4hdpsVTkUnCghsaavWzK76tXIy/74ZadD9qFrmumLweGioc27kEisdFgshGasMTVLaNl5t0aML5OUXUjVquZA69tpbC0GGNvf9xQcezZrgFHFS+W1WCxNFH24k5saIiariX83rmAieK8A7RarDQaSlifX0ixsW3IfjRzZT7FtRbQxvCtKZ1UV1dTXVmJod4CQZF8OxQail+mutWKuW4XrxpsaBfcPcR1F8T870VBSzk7DtRjtdSz49VyUMdw/yxPPTPe0wYQu2Qx2EyYbPDgg/M8HN/FkfergHCWL4lmWlgYERFhTJsWzbIlUUADH16YThSwP28HdWYr5voDvLq7ljPdaoKcSg6fO/4hTWZrv5BDohYQDuzelk+d2YqlsZJtBbWgjmCqz06mwZoqS9haVIkyccpOddFWiiqbPGwTQgghhBBfBhnBIkbM0zD8aYvXkHD4CcoNBZTdX0JGrp6cnAIKeqYUqENJ2ZxBGE4OXQWNrpvSnHRKAbRRZGxU3hoUsmw1kUdyKc/PoBwIjYpEbbQoT3L9XM9y2ypYr1emQ4QuSiNjyTQ66lS9MVP2U34OmrWSrFV/Jqu0mHSDcnjk0nR+MOBVHCHRqWxI6iBndzHpBmXwvy5mFRt73/YxZpgjMsYQMOCRszLMf0AOBge4nky7/+y2vd82fxZnbuHzjc9Rnr+evllXylGRDzxCqKGYgvRkCgBNaCSh6gZaTn1KSGIyGxL+TE55IekVgFqL2u1Yd77CUYX35engdIXx1OYUNq0vJseVyWrAMWEcvl5Kqww06P8qZ9/l4Lox1VylNEvvqjsxbHheqTsPJUXRsLsc/Uolh8JjolDXGjlpsqBP/SVX2URhaT4G1Oi00POqpKHL3t1wy87DcQPqz7TFa0g69gS7G4YbjzC+E6+jocLJd+f3vQUrTv8L/nQlm/LCLKpcn0UlZZAcEUTd4YFxHBgP9+1O0IRiKc9HXw6gYWn6z4nTAtpkslZ1srW0lIzaUqUYwpeyYU0cKtNpH+mG082uLj1LLQX5tb2fq2P0xM2KY/mzG2jalENhRqryefhSMpMHvupdmf6jchtNpVu4hrRPcigszUGJko6UzT/y8spkH2kDgiLmE8V+jJpFzPe0joy9gd83gDYunrABm3Tz4wkvNmKo+oxduWnkbCokN11Jpzp0ERvXxIG/mbmhaiqqSsnu0PDrtXF9AfhHkLE5hZzsYnLTlTxAG0X6xrVMA9qG3fZA+5kjGA/PpjN1MUE4+b/DRg47v0Xq4rAB24QQQgghxJfh37744osv/t6REF9dVosFp0qFNqTnUayVgkdT4cki9JFg6VChDRn8575y3Di0IZ7XdbBaLBAwjpAg3+s+9OqyY7nciWqcFi9B9t8vQIuHaP3d2a0WOgnwkGddWC2XveeJK13jtFqP668OO5xhHXsd8m6IcuiyWrjsVKHVDnjEb7di6XQSME5LX/TtHNiaQ3PEY6xdotwemyu3kl7cjL5oJ3E9QfyjlP01xqPLauWyc2Dar/38AVrt4Bvx3rhdS/3wTbnmPdVt33rqwjhtyBB1G+9p66rn2ZU5kLSZbcsHdqGMlHIdjDwt13qcEEIIIYT4RyEdLOJvzErBw6lc0ReQ"
11:15:14.541 [Forwarding screenshot on session 7836b5d0-bd7a-11e6-9730-e5ec4f8847f6 to remote] DEBUG org.apache.http.wire - http-outgoing-0 << "GTfSyTdCXJvqrY9SaHQQGhVHKOeoMrZAeBIl2cvlaf6/tC4q8zIprlXWwskoySdaKoQQQgghhLhGMkVI/I2pmLk0nr9O8jV5RIjra2HmS4zZu4fqj1to8RvLoiQ9Dy+Pk86Vf3n+6G6fTqhFy7wV/y6dK0IIIYQQYlRkBIsQQgghhBBCCCHEKMlbhIQQQgghhBBCCCFGSTpYhBBCCCGEEEIIIUZJOliEEEIIIYQQQgghRkk6WIQQQgghhBBCCCFGSTpYhBBCCCGEEEIIIUZJOliEEEIIIYQQQgghRkk6WIQQQgghhBBCCCFGSTpYhBBCCCGEEEIIIUZJOliEEEIIIYQQQgghRkk6WIQQQgghhBBCCCFGSTpYhBBCCCGEEEIIIUZJOliEEEIIIYQQQgghRkk6WIQQQgghhBBCCCFGSTpYhBBCCCGEEEIIIUZJOliEEEIIIYQQQgghRkk6WIQQQgghhBBCCCFGSTpYhBBCCCGEEEIIIUZJOliEEEIIIYQQQgghRkk6WIQQQgghhBBCCCFGSTpYhBBCCCGEEEIIIUZJOliEEEIIIYQQQgghRkk6WIQQQgghhBBCCCFGSTpYhBBCCCGEEEIIIUZJOliEEEIIIYQQQgghRkk6WIQQQgghhBBCCCFG6Wt/7wgI8a+o/aKdK13gFzSGicFyGYqh/JWL5qt08+XWmYtmO93+/4+xQQEEq7+UUwghhBBCCPGVJSNYxAh1khtfzs2a/v8mj9vL3bPfI+OlZi7+PeK0oJzJC44O89xdFD66l8nj3qPqmiLbyfaEfUTcXk7i1nPed2s/R+I4JX/69rvM9kf38Y3pldz1jUrunLKPHEPnyKPQ/nlv2J7+XXvaRu6i4WjveXOvJS1u/vD8e9ysKefB588M3uj4nNXjyol49CSOUZ0FuPg5218y0Q6MvP78DTku8+bzh7h73D7u/EZfnbnv0aP8wfzXEQQ0II3t53hwXDn39eSz489sWlCunGP6e/yg6E/XPy09Bp57xDrJWVDO5HFVHB1QEarWK/VncvxxV9n2sLuOqeQP/TdcO1c6vF2DPf82Vdmv0wn7c5w8SYSX80fM3sfq/zjOyeuVVrimcvv8/2fv3ONyPvsH/tZ0oKNIllrKkLO0HFqWQxJjjMbY8DzOcsxjlIUMc5hHDJkNe5xmbc1QcwyLVNaSEioUcxe5SSe577L6/fG9q/vuXGx7nv2u9+uV3N/Ddfhcn+/VfX2+n8/nCrvKql1pL7ERAoFAIBAIBP/diFfngrqjgGItLTra65Qdyyrg+u18DiyNI+yeFpc2tP7z25VV2wt/55GsCCiqd1U5j5+TlQGZub9XfVFBAXdU/014VACAPPQ6646ULYyLtRrSvUPjujegoJDM6i+goO6lvjB5hdXIow7EbviVL95+lRkOumUHcwtJB54kPOUx0LLepeezyi2SgDwLRs0D45LDtdafP4uHzOt8nqAMSU+GTWtBa6PnnN/3gNgjMt4PzmTvzSG4mtWhyNI+/o4cyFNKn+Tht9gVAyYOJrzt0Jge/Zu83K5ooFl33dHB5nUtGsRk8cs1Jb1KdSSLU8dUBr7IB0TLKZON/CFhsYC9Ke2NKymynrS0aYjSpCGgBVkKrt8uoti8IR1fbwgKyMnSop25To3l1IfcjKdkFUGxuR4De6m5Gz0rIPRUPqG3UzidUED0uV4v8KyoU8dxy77DyOFJMOsNfF9K/QKBQCAQCAT//QgDi6B+2FgQdK4X6msVecxVhg5I4t7OG4QubY3rS1zIvGx0VOuR+hoharVkMnuV1VvzuacE826vAmBooA1IC+aAhBGMsHxeP28MHShZVpq4WbJ6UlONzjwv0KK9YX0KrjuGuq/8IeV+8n40/W46067kQEmfTWop/yp5BR0TAC0Myp35Y5bC9ePYx78QlAEmbtaE7HfERqWzi5bl8/XUU/gG5vPxupu4bmhT98KNW3HpgSXoSX8CSvRy7BpXfHu9rB7Uru660xCngU0hUE7ML0/AoYV0OPUBYanSfxsU5XM+OhfXIdJDII/L4HoRdB9hQV3sUdVibMWOWKvSj9lR0XRwu0vH8Q6cXmZVzY0vCWnI6Di+K3vK1ye7x8R+lzgd+4A4GbS0fAn11XXcdF/BSPVbIBAIBAKB4P8LIkRIUG/yyn02c2jLB72l/xeULPblaawaf6zMdb3fOYJiNMNIrh6+zBj7Q6WhRkM1XNvz+XrqMYbOieaLT86VusQP9IggNLWaEIlq621Mr+5agD6tzaQ6Dq8NY2BJG9ocZuLHV0l9AdkAoMgj6mQGPx9PJ+p2Hpd3heMyUwoValD0nDXjjzF0agK5gCL1Dos8Qkrb23NwGIev1u5VsUUXK0YMacOIEWU/HqNbY6MH2TFXGdovhIGDw8pCIxQPWeVxjKGDQ5i+XXLfz465yph+IQwdHMbX311hokoWHduEsGy/pov/1e+iGNimTK4bgqr3pakPJubQIOMBs2sIR1Ck3mHZeDW59TvHgaiykIzsqCsM7BfK+rVh9DQJwsIkmKkjT7E5BkhNx83+GF/HlMhZyaHtEfQ0KelbKF9HaYZ3pIZdLdXVlkZBDJ1zmaRyujpmYTSrpkq613FwOOfDrjCw3zmCjl1lon1QqY7N23ynauOa4gGB2xQUa+nx2fYy44pEY/65vCMdtMAoW6EKa1JybHs4Q9Weo56DQ/k6rAq3nOwHzFONf9T2MFzGS3oZ4H6IoVOvqMrMJeiTc6XysGgTwqLtZW2uKNsQvg67w7x+IczbfJX1U0PKnump0WXPtFrdZXK9xvTBIWohLiHM23ybqiJcbBzNsdSC0xGPS9uTdPE+siKYGfA6HbTg5NmyMKe4c5KOujk3kw7IH7B+zkl6tikbj6FTo7gsr6ZvMdU/jwVKlfeWsjIvrurHRx52mYH2IYyZc7UsTC07jXmDQ+jZ71z1YU2V1WdphVtfLRoUPefy7bL5tnr9haTQK0zsd7i0jQM9wjmWpOp3hXGrZt7MTmPe4GiuF8G1fTFlOlWD3MlOq1l/AMiVQufalOnmsl331J4nJcc2h2noruZ5gUAgEAgEgj8G4cEiqCevVHj7j+IJMZFqn+V3GNrmV2KLwNKtKS6vFnBgz2Pm9TtG+qkhzO3VmMu7QhnmlUWxlhYDp7WAmIeE7klh0L5MDt11pZcxpN3KJzbmLrGA/RgLOigyOXAknQmhPxPywJXu5ZNx1qLe1sPa4dlcjxbA5c0XmPVpLiatDflgjj7Xjz0gdEsSv+Zoc22LXf1FlJtPWHAW14vAsl0+bykfIrtdFpYki8nnniwfUm8yzD6O62oRS7KLcma9GcyDc8M0w2QqIeeenMtXtaFAVUAhNGndDBuzhhTkPSU2RkGxFuSVGL1y8wkLzed6Eci7FwJQ8OQp4TEKQEHsxbJMJFkZCnZ5RtKs/TDmOuiStP8c7p6Py87HPGZ7TP1FVJEiirUM2XzodTb1ia08VKiE1ERc7BOQFYGlmxkuTZ5yIPAxi9xOknpoEL6uhhQoFVyPyeJ6SRu1lLzSuCwky6hF2dv1Brfl+C4GyzdNcCWP0ItZfOweQfsHg+ilB6mHw3GeIC3aXSe2QO/WQ0L2pNDvRC4nb7rQGZDL8gkPvEu4qswnt7RogoLrMY+Z9/5jis0bM2w4hBzJJ2jpr+i2MWH9EJMKXcu+kk5oETSZ+DpDKnO5sGzD6awyz5XQT04zdYOCYnM93ptjiuLyQ0IuZvHx8HDMbw6tWEaBguuxz8lxKkTH9hWMDIAMsLLXQ1/vFSCX9YNPsvkiFJs35sPh+sTulHNg8a+EXVcQtsWugmwboACd37kdqyA2JoliLS36jDEh8+csYgPvMkihR8q+zuip1Q2QHXMZ52EpADiPaYG13lN+2pdL0NJYFK+asGN004r9t2mBi1kC+4MfcRPozHMiTj6mWMuQIR6tKfj3LXYeSSdpQxvakU9UhIJiLROcO+oCj5nnFC55B71pwuTR2kR+Jyc2UMZQ2RVuHO9Wed8M6u+JUeP4uFhjn5fCgT1J+Pa0YMeHxnwxOZKgi2C/sBNv1dEbMC3qCp9/X0Sxlh69VCGINelvm6tX6D/yVulc"
11:15:14.541 [Forwarding screenshot on session 7836b5d0-bd7a-11e6-9730-e5ec4f8847f6 to remote] DEBUG org.apache.http.wire - http-outgoing-0 << "bHIni6BTD5gSekGaZ8uNW7Xz5ipD0NMCimiQ8Rz0XqmV3I0LCmvWH5R84XGSlack3XxvWiOidj5ml9clMnQbs+NDA74e/xO+R4o0dHeX1yUiUwo4vfovCF8VCAQCgUDw/wZhYBHUj7xM9uy/hqGyCHS14HE2P2xNJ7YIcLPkTTM4tvAKsUXgEfAWmz9sDsAn067i0ieJtSsSmfijOev+lUWxlh6fX3LHo11D4DlBC08w78ss/P/zgMB5RqVVuq7rzZ6ZUjYBt0+OMXFDFss2pRHirZkv4ti6Guo93p2WvTqqQiHyOXY4l2ItLVafGsQIM2D1Q6a3OU/wrVzkUP+QArUwHiOg68SerG92g0WfZlGs1ZD5WzvSq30zwj49x/UiKNbSwzuoN6PMs/hkQiwht+GTNTf4R1A3qtvQRRZ4i2GBtzSOffDtINYP0YwR0lH7j3q7gNJwA4BihxZ8u7srnPiVsYslY8qp0w+Z66DLxtnSZ6mtPRjWJBPvAQmE1z+dTSUUQpvWbNnCadnLAAAgAElEQVT6G86ejyuGCgHwnAOfXkdWpKkX88ZE02PkXQJmxvHBTedSI6CJmy2ngrqjI8vF0FIH237BbMqyIui4I8bks1513VB/Z3ZMlkJODs85zKw9uYReyqeXSx6b/vGAYq3G7IwdwhAb6frzm0MZu1TOhl0P2TPZgAKFejlNSJOBzu1YjTa0BNJCo+gxUkbYxSyoxMBSoJSsYRZmtdjKR/GArzYqKNYyJOTqoFKDY+jHIUzcoiAqLpchruWMA2qxUN0nOxPcMZrWbncZ5jcAXxdd5KFRknHlTWsuHnfEBmBpGtPfiCRkTwL/mWbDqMpka/iYb4BircYExLoxwqYhZKcx0TqS0wm5Uu6ccnFY0Yd+A2DyoSF84ioZAz75x2Va90vhSlwuVGZgwYS+wxuyf+djklKhs00GJ4IBV3O66xnyYIgeO7c9JiIJ2rVQ5V8Z9iod9CA77Ka0yB/TiWtfqQyoq7OY1yaU7x8oyFMTj6be1PPPZa3GpynrQ9rzU88bBM++hFVKI7afgmIHa75e1qra4q9tu0zPY1dKP+flSfmhADrOaa/KQ/OwRv3dYC0p73v/6c/mEZJODloYwpSdecRdU9L9dfVaa5g3je3Y/GMR11tcggU9CVlmRXZYVI1yN9YBJdXrj0FUvGRccbDg4jknSTdnJdLRPoHgFTfxba+H75EiTNxs+TmouzR/b3jMsn7n2LntKkFTrPGwEV99BAKBQCAQ/DGIbxmCetEgI5d1njcqHLd0s2D7rm4Yk8vlGFUIjzKbY4ezpS1mdX6XFvWRciIuaRFeBFZz2quMKwAN8Vjcnh07Y7lwIp3seUboAMVaZiycWZaq0XVmOyw3xiLPLe/0XXO9cdmovRFuTHeHhjSIeY6nUwjnRlvQz82SVVc92PGSt6k169ySoU/TWfRpFtCQ7sPa8JZxPqtuqawTNoZ0MC8kA33sO2kRcrsIQtMJl3erWyJTeKFkIp5+jrxlowv/fB17n8fEFoEy93eQ55OiuqbjrK7MdW0ONGfjfx7RY0I1u84ocom6lKWR78a8w6u0M6t6+inIBZsPnVh8IJh1Fx8w+5N7nF6mbiQoIPXXIorNzViiphctXbuw+M27rI3M4oYcHFXHR82wkxJ9WhoC+aq2/C4t6lTXFGvp8Z5Hi9KyuvZpBnseUFD4O2Tnc111/MmN2xyOKwK0QEdqU3pKPmCg0tWyclpagvx2uTYALR1bYq8lq3rXosIqRVMRvWbsuTuMx7kF8Ogxl2X5pFyTczqi9hmGclVhJgWFBYAucRGPAJi/vAs2JRcZt8R7tRkhU+SkZxSUGuU0ZJstGeCsprSRFscAxk3oaA+ns7QqVUvXpUO5MvMZBbq/kxSTxr17WVwOl0J6jCq5voSu/ZvT4Mt0LtzIxyMzg/AiGDjYAgDHfs1osEXGz+GPGdtNzvUiGDaoBXqAnssbXL/dhTwgNekh9+5lc/uanOtywEDz0dHUm3pS2/Fp15F9/37IMK/HbN+QLxlD9jnWaOBtUKTSxbwiZBnSXFKspcXqE/35Zy+V8a42+qsyoARNCOX2mBaMGmiJ0/yBpG9QmWM1QnRqMW+qEoDnqHTLuA5yr05/Mh9IIUsfftS5TDdt7Ag5Y0KBuRFp+y9Ix5pA9LGbFBSAjo4WOk2lkKn4G8/wsPmTElQJBAKBQCD4f4cwsAjqRbF5U3Z+2x7Twt+BIgqU0OS1pnS2KQm/eKX0C3OQVxxB5QvQesZT1SLyXlI5I4nOK5KHheqtJgBmr2Ba7hoz4PKxDNJWv6p2ouZ688qta4YsduSDa5c4cFFB0JYUgrZIZgSPdT3ZPPPlJqssUM+XUABkPyZKcnCgwW05E98sv+SueTcgy2ldObXqNQrUdjTSMazHzkSgCilQLajK53ZQ83yxf7NsgWLQpPppRB4ex6iRmgYYj28HsXlI1YscaQx1mftVV4I7xXFtYzRfOHVG3ZdBxwRILR+qpksPl8YQWVRuMa/ZF51yvwEwM6G1WiiGgXlZv+RXHnC9CBqQz6L3Yyu099qxB8hXN6+0nMrb8DvVZfQwNNfHRAvS5VVljXjO5dC75DVpSg8HE+5HJzBn5i1iM6optA7o6GhRrKVH9/aaoVmm5pXpVcUcIEZG2pVcVwW5GWyZH82uU3XZdhpaOprTQSud67/e57yxnGItLdycpVnCzLEF9loyfo1K52xephT28maJ9vzOue2XmLXhccVCKzgTvYxdsRrWeny6T25Lh39Fcr0IrKa0Y0gtktN2mPMGp1e3AkB+NZF/9kkgtqiIqGsK/qlKWFwb/WW1PdsW5jFrQxaxgQ+IDZSeWcvh1ny7z7HMmKGixnmzgjWt9nKvTn9uR0t5a/R0NL2ybFTJjs8XSGOWFZjC1MCK94s8LAKBQCAQCP5IhIFFUD8MGuHo0KLat6sFSLvlfH5hAL0Nfi81FBTkFVCADiZPbwLQsZ1+hXuVAK0bly2eDcrlYy6QrrEaYF5hC9Ka6n2tfKPNzPn423f4ODeb6Ih0TgXf5cARBd/7xDDIw6ryHBglvOgOGcaGdLeB2NuS0eqzzyzRLfgdCgrJRQtDAyMca3iFbaSrjbGeLtXGEaGlseCp1w65BWX3xf6aWxraUlBYfXyQoZUli5c0hkaqA8+06NGlUbX3lGLZho1bZbh7PmblyLjyzQGb8nm6n3P7mgLQqfsOUQYNK+YVUmHWuimWWjLu9bbl3N426ORJizgdbcjMUICpUdmzUE05tUXvNRMsgGv7UghdZVdxR65sGTM9YrmHHt9e7cp6j1vEFsHQha8z3MWM9h2acXv7aSZuqN9ysiC3iAZFCm799hzXzmV/JvKe1s61JqfWCqbk8wmR7LoIlsMtmDvWgvatm9Ja5wFu9nHV32rWHBd7CDj3Gz/o5YJZC5xKPOGMX8WtN6z9NZ3AW9I5B5WFIOm7KGZteEyxuSHzvW3p1dGYrt102DE4lE1/xFbd2feYU8vxOf9JWS6mezvj+HysJXNryMGkjllnOw4cyaXDsLuEeIXzRTcph1Pt9FcX90V9uT2vgOvRaYSfk3Fg22NkR+7it8uaPR7lK6th3ixnYKmL3KvTH4Pm2oCigv3mauhN4vO0afhcEqCrf282DNInr1Rlf+dJ5u+Yvy68VwQCgUAgEPxxiF2EBH8Qr9CsqbRbTmIGtLQxwcbGBBvTXJb1Oc+gPr+SZtsCey24tu0WUWrrjMtBqdIb3HYmpeEbDW6ncyAsX+2aW1wvAiOj8l+za673hsaaJotFbQ7T3voCDyyb4jq6M+v3DeWraQ2pjf0x5+YDjoXe4dix26U/hw/f5rKstm/jG2FRknNR/jvmb7TBY/RrpB++zccrbrJj/z0evMgrV9XiokFRPqdOPgSeE7o9SSOhbq0x1MNC9d9r+65zOEkJ8jQ+W51e7W167Vox17s7c+epfry70asO+Sw6f9iTxW+WP/oKRnqSXnwdqrbTT+otPg8uAgxVO0RVT60jqZo1phVAZCZPDA0lnbIxgV8TcO8XzoKdD2tbUu0wtsJrlh4NivKZN/symvs45fP1wivIVF4O7VMe"
11:15:14.541 [Forwarding screenshot on session 7836b5d0-bd7a-11e6-9730-e5ec4f8847f6 to remote] DEBUG org.apache.http.wire - http-outgoing-0 << "EFsEJhO7smNZN4a4tMTGrIDLkSWKU3cjoFV7yej59ZfquX3yObBFGmsd7Ze19e7v5Cgkz6nP9jnxwZBWdG9nyI2jKciKKHOZqhRD3upnSIOYxwRdhI7DzdW8LHRxfseEBrdzCY2BjsNfLT13L07SF8+dA1g0uQ1v9WqO8f0HnI4FKKr31u1VIb9Su/HJjrrM2A35FJubsW2vNQ2Kilg7IIKrdazP2MWRr6ZJ1tZPpkRLu/rUQn/PfxJC6+aH+fKWDt1d2zB3dT/CjkguNIkp+eVqqcO8qTJCvyy5t+8peSkFB6rv8/aAVR5xfPSPVF59SzqfeCUXM0vV/G9jQMSnFxjW7zxfXynfF4FAIBAIBIKXh/BgEfxB6PIPn9dZeeoW20ee5ObC1xlmW8T3K1IIL4KOC1+nV3MrPKfEMPXLLEZ2Psmy1bYQd5eVW6QksHMnvIq6i/6m4afIW2OHjVyG74YsirUas3SeFWU5NWpZr4anhwk93LU4sOcxIweHsXC6BcTL2LDzOdAI0xpW4LIjd5l65G6F4x9825zujrXxFNFl1BxrVp66S4OiLCZ2KAtqagDQzoLOlXmmFNTOC8XQvOzmA1POc2CK5vmcWpRRil4L5q0xJHRxLg0ycpnlGMysutxfbxqXhgpdLwKyAHQZ623NumF3CfA4jXxBK9obF/DDchmyIuiz8nXaQRU5Tn6nIAsa3Jbh4RHGrNVdal7c6bVk6gI9wjdkMbLFMeZvtcVMlsGGtVINo0ZKuvoyF+dDltrjui2S0CMpOJr8xnuzWtJSV8npfQ+4niEZJZbPb4OZ4R06aN3l2r5rLOsGb72qIPizJIJUO+AoCgqoq0dPuw87MnT2eUL2JDBQkcU4Fz2uHEgh6KKUePWfLo0hrPblVV33KxgBDYoUbFt4mTx3Y26duMW6L6XFeE6VIVISXV1MYYN0be/+LTTOdXBuhkpZ6O3evPS4VVd9QEGA3wVsPrJB9246n/mkSwad1Ezi1HL3vAzMupnVPD6KHBa5SyE2njsdGeHSGKalMevLx0yZc5NLW9pUU0NFhqx6A9ed4YTefoD35jQC59Wsv+3zHsAGGWsHnCBnjTU2OgqOrpUBMMytOaBuRKzFvKkK1bm3MYaJcjkeb9Qs9/IJkEtQ1x/jXm34wPwuBwJvMJBc/uGix/ldtwgvgu5LXuct18Z8YJ7OgT0J9Lz/iBkjjEkLu8v2wOcUm5vxnkv9wicFAoFAIBAIaoPwYBHUj4obn1RAz6Eb4cGvY28OoRtuMc8zhfAMcJ7Tnv+odsYYssGNzQtNaJCRy8opcZJxpbUhq08M4IN2Za+vi7Ua0qd3EbsWJ0jGldaGfHamrypZreS1Upd61fFY5cRMt4ZkXZTjOyEO3w2PeWJmyGdn+tCrjtujlmCkA+iU5Y3RNSz/xr/s0TNzcST8W1s6lHsanae15z+rK7YXNMuu7i2/XuduHFypuQuL6xxrhqq8Zuxsy1tvKp8SStrffeYAvlpYNvjFWlp4LLQobbvBi3o26FQxJVm2YeNWlUuKqnozF0fOfmtLR4oI2pDCyqUyrqGFx8o32DNPM3CsmYH6ys0Q19lSWddPyTl4Ik9Dfyo0SfXbddlAvlrSlAZF+Wz2TMD3UzlP0GPm3rdU20i/Um05mm2Qhs2ouhAzvZbsuenMvImNaVD0nKAtd9m8QTKudBhuyaEEdylHh3Er1m1tQYOi5+zyimPi+0l8n2XCvCVSH2MvZlXStldU9VfeV2jOjoSefPCmFtcDZfh63iLoYhEdhltz8rCjRlieZr8qL9dIQ83Ur9Fl2u6uOJtD+JcpTB0Zy9qdT/lgpTWu5nBv330uV2NjMe7WAmctadeZtxw1Qz/0Olsw1Fx1rmvZuXaj32DpmIY0iHnMovd/Zd7idIzGWzNvjB4NihQkXC/zcCg/ZrWi/PNYi/GJ2nSZkCLoMK0rvioDwIhVvRhqDrI9cXweVbU5teLcAui14NMgyfvkwvI4zmfXrL9mLvZ8taQpTVCwfXESi7zuckGuhce6nqo2aY5tjfOmWXOGDWtIg6LnnN73G68MqY3ca6M/JqyP6M1kt4ZcD5SxyPMWITHS/L7D2wpoWnpeduoBvp5JbA9UYPKmGXtPvVluNzKBQCAQCASCl0uD4uLi4r+6EYK/O89JS82jgFcwMDXErDKjRXY+qZkF6Gjr0NJS/Q1jPuv7HWMT1tw450iBLIs8dLCxrM1byFrUq4ZCnsv9vN8racOfhZLU1GdQy/bWCZV8DUwNMDN+ccc1RXYu9zN/x+BVE2qzk/AfS9k4m9oYUmuxKZTIlWBorFt9+poK9+WTer8AtF/hVUvDut1bXxRK0u4/k3bEMjWgZWVjqGrXy9bfbFkumYW/vzTdqZx6juELkC3PJTPvj+6XGn/Q+NS3HVXqr0JJ2qNnFBTWbixqmjcV2UqUuq9grCfJ+GXKvSbdLKlLx6ARLc1qn8tGIBAIBAKBoL4IA4ug1mxcc51/r7le84V/Y5yczYgIr3Jz3f/3CPkIBIL/Zv7l04EFPh3+6mYIBAKBQCD4myIMLIL/clQeLDILom86VdgxSCAQCAQCgUAgEAgEgv8GhIFF8F+PIjuX+7mv1DIsSCAQCAQCgUAgEAgEgj8fYWARCAQCgUAgEAgEAoFAIHhBxC5CAoFAIBAIBAKBQCAQCAQviDCwCAT/tSiQpaeR/Vc3408kW36HVHllSXL/O2Uhl98hVZ5GdtW76JZDgSz9DrInlew9nCcnNV0kCBYIBAKBQCAQCP5XEQYWwd8QBTEnN7Ar4X97saq4G4jVij5sjz3JyOm2NKjwY0+fVV78ePtP7GfeGfpMt2VJdFotLpazaZUtDaa7c/pJzVeHBU3GxLc/tr49abBsDUlq55JOzsJqRR/OVuiqnB+/8aSVmkwm7/kB9cuybx9lso99qdxGbt+DrOSk8hKTF9jTYLo9a2OrkqOctT7SvYP2XFDJIZYFPrY09+2PrW8fTHzWUOMoKBNYsawDViv6Y+XdgcmHL6idzGHT6p7YbthT0Ygkv8CSVe5l4z53BJsikjUuiTzpR+fS8+6sOJtQdnvshkp0p+xnRa3G8gXIu1CqvyuiK5OSSr7LtlZjQHvRZ1pVx6ov/+uMdAKBQCAQCASCvw/CwCL42yGP9eeNQwHcflbwVzflhbgWexLox9utGpYu3p2tevGu6sdZP5vwe0cYuX4qP/2JNpasOlyb/VT6XeNI5J1h9ulzuDlt4teJnpDxFT6HY1UnY1lx6BydugXwrpnmbad3jWdk2Anumrrj/84CxupnszviI/rvOiFdoLzEP9fPZ3dmNp4uC/CyMubHKysYvF11Pj+P5KfZQDY5z6tupVLloZKUL3VIfuMI/pll561Nm6JTQxdTL+3CLwP8Jh7kkFMXdh/34SeV4Uke+yVembBm0jSMNe5KYLLvRNbcS8at01S2uYymkzIerz3urFUZG+TRa3A6tJcE3V6sGTwVN2UyfoHvlJ6Hwmrb9YcbHAoLSvVXWZ0m5OWSW8Wpl/ZMZz6usg6BQCAQCAQCgeBFafhXN0AgeNkYamsDoNvQ8C9uyYuQw4VLUdDuMzprQ2MAU09CfBeqLcAVBG4fwftX4jlzM423zf77NrHWBaA9rzWp/jpFhowEYHJPNxzs+uIXFMDX9zMAiDn8GQdpS8j77po3KS+x/Zdk0J9Ayho/bADedqPFAnf8fznK1cnu6Py8hx8Bz5En2DaoLfAuxj598Luyl8g8d3qXyLZazJg8LQDbu5mYtuwMwK2bV6RT+hO4t9EPy1rI4rfUaNCdgKdTT8zMh0DEWi7ekvO2IwTsCwBzb2Z2MtK4Rx4dxG7gXZc9HBrXB4BJ3W1p5L+WA5fi8e7UhQPBXwFtCVn6DW+bgbe9NZ0/9cXn1Gm8O41TK80YvzEb6GuobvDSoX2XP0hvlArQ1YPGBrWQMaCrjfTEKgA9jVMv85nWfeESBAKBQCAQCASCyhEeLIK6kXeJyQvcWXJ4K5MXlIQkOLNAI9xBzk9BXmUhC9OdWXD4DApAnrCVznPd2VT6dl1OwEZ3Oi/zJqYkj8WTM4xb4MyS88mgTGbXrskaISCD"
11:15:14.542 [Forwarding screenshot on session 7836b5d0-bd7a-11e6-9730-e5ec4f8847f6 to remote] DEBUG org.apache.http.wire - http-outgoing-0 << "Nm4gJk+6NOn8GjovcGfkqhHS+X+9Q6MtAQB8/bUL44KkdkWeXMOgBWVhIp19JrMrIQ3JSDGOzgtGsKk0VELOri3j6Dx3BPtuV5IrA1DIL7Fi47iyds11Z8nJC5RenXeJWT7u9Fk2mQVbVO2fO5mwPEiN/pJBpbIbR8DZPUxe5k5nH0/C8kruj+aHTPB8w6GsUmVhubfvegzv5wpA9I1E1X0JbNoyorSfrXwmsy9BPQSk6rEpk+cIZm0vC7vpvMqPMHnlcgAFYT/5aZb3U4kczHB4DdBtTgsAZTIB29VktmAEK05ekrr2TNIHHW21hbWOPhDLkuNRODt9zNvljTSF0MrcgklOgyXjCgBtsbc0BlL47QlcSY4EujD6zbaq8y2ZMHA4EMWpG7V1+5Fz8vRefoz+jjN3HxJ52IuxYfHSqadHGOwzQqXPOZqynevOkp8ulCtLV/N3Q12yo7fh9xS2TZxQznsFdAxtcNNti2v3rqXH9MxbAGAC8CSeHzLAut0E3i7x7rEeykwrICmESI3cMNa49R+Ai+MABpb+9MFSlzJ99RnBrsQc6fK8S8xapnas5PMyT3ad/ZKRc8v6uVY9ZOnJJSmkaW4HGkx3ZvKXmzlVGzFnhrJiyzgaTO8ghWNt3MBVJWQnfFnxmVbNQwu+2aA2D41gV2wCpw97lep/n3UbSKp1fhyBQCAQCAQCgeDFEB4sgrpRmEfy02R2H9+ItdVotr1lzJGzX+F/fCLNX7+Cdycd9m10Y0JSNtZWo9np1J5rP2/C//hUTt/fxNXhr5KrTGbXpRjmd3KHJzEcTEomgWRO31yCQycjkn75gYNP0/Fv3piAz95i1j14t5sn69pZEBcdwJqkAE59aUPxglH8lhpGwtNkEp6Cm1Vb0n93YFRLLVYkxWPYchADLMxJOuuF06EjYOrOtkHO8CCc9REnmLLlI7p9/g3Dh4xi1acf4bXzI/o4foPOYW+mJETRqdNnvNdar6IM5CcY7uupuWhUJrPm0ESCUzZxdeY7QB7xmcmEk0x4Rsk1uujf2Yrtzo1q90UxKzCq9GOeKppDduMC4Vjg3b4VcFs6WPqGvwQFZy6GA+DY3g5IZtaSdwhQwtge3gy3zGH3oQAmbOlDrtcVPO1qGJuZ7/DbTZU8r8TjOXAVbxHN+6f30tf3Ib9+HoADmpzeMwK3iGSszYezs68jtyM+Y83RiUQ/+ooLEwfQvt9XnOpnhxkQ+OUYZiVkM8nJGzcrOBKyFr9DY6HlJZa36okzARw89Q0dO97F7yl4tjEnJmgRp+jCz6P6VBwHg55s/CS83NgcZX9SNuiPpkeTNAJSs8HUmQ4GZZeYNpE8NqoNVymHLD2KHzOh06uZDCaau6VnsknIjOe3nAJ+3PIuIxPSy25SJrPm6ERisvdwclwfWrToAsqv8D/bg/apB4G2DGuTybole8F2FZ6V6Jqx3UROfj5R49jVX85J/2mkA9pSH6yamqtdYURH2y5wL5PMfPU7HxF8+Bt+a6TyYHleiI6FC2PsW1Gmr9AnNxcwgsI84jPUjpV+TiY88IRGP332TKJdm3DeNUpgsvdYdpec001nt7pMqiUZ/4Qu+A32Rpm0lzVJAYzbb8/VMU6sadcFH7VnmsJ7JD9NJjwsmU62E/C3ymZT2BGmfPEOYIzXQG/0bh9iTUoAU37oyYVxdrVsA/j97MeKsBWVnlvushy/vn61LksgEAgEAoFA8P8LYWAR1A3JUx9r2+UkLp6IHjDJzpBG/hvJeZYLTxL5MikbrLyJ81Xlk+g/hObLeuJzJYDT4/cxwxR84n4mFXe0b0RRskT+Jf4GdOrKmegTwHCGW8rZUmDBu06+HJoohYeM6e9E9tz+BMiuImMUOqpQAs8xJ9jWX/JSUCRsYEVSPB5uS5hsb0TMYehkOpqgNWtpB8A42jx3x+2XTB7kg4P1KI6OicY28DtGLXDm7tN00J/A0TmjqMS8wo/frlIZV7qwd842xnfS4cc98xgZEUXClflsSuzLfMuy0BNr2wUEv/8mv2UW88thD+mgrjs/rwjApUkaAevGMCtFWoSW5PGIjjoiGQnMgBKvlswAhq66TImjws17UUipTN35wKElSWe9CFDCpJEn2DVIksWYN+3p86+pzAr6lg9mta5+bPLeQaehSp6lITXj6GYIdoeOcCAmDYcuaoJQXmBDRDJYeZPoO02SVf+RtF7XgSkRWwgbNQAXuwGq8Jk04lKzgV6MHPg+b1sYMaZHV9rtO8sbhrpg0IedH0zF44Avfa+AW49NfNo9g6H/isdt8FFcDOScPn+eB8/16WHvTrvKQo7kZxjpO59TwJrxEzBDB10DIOMReVAqt4JneZXcXD0lficmwMDJx/g2fwjvJ0h6kvjJAqwfncZxT7qG7JJOemF36AinwrYT+U4feg9awd6UdCYETgUsWDMlkBaXt7BGCd9OGgfyWAIv30DHtD39He0reLMAJJ31o8uhI4A7m0b1gcIzAGQ9L3dhoeRDpJkXJp01x301r+sUoDKwVBIqVT58Su1zp3bLObtgIiRspfmWjUA60TfTcNYOKjWu+E08wXKntsT85MUbR49UKldN+vHzv3fhYgDghmJuf/yv/YLMwIf5bs74qD3T5N0DpHkoWjUP2RfeoG9EMn5TQlju2BJwJHH6KG7WMW9LiQGlvJFFGFcEAoFAIBAIBDUhDCyCetGutV2p8UHPsivOqv/L78QSDvj0f1ttgWjGh+6j8dnzHRE3YWjPfvgcP8kvcj8MYiTPEk/tEwRcjSZbCUfugbPTUGwM7Nn4SSiR5wNZst2LxPs3+DFDFYqgr6ta9CqAtoywb1taW26h5AaifC69iXcY4c9xuzME7fFm/YPf+CUtigQlQNvSBahN/7UcunZS5YHQlpClfmphJ+rIiU+XFtLWnSYxvpPkDfHu+zNxi4jiFPAwVzOQ559uY+hsbUZnazkrvpOOdWr/Di5NAFryntvbzPriK7U7kglNyMbZxZlyOV3JelqWWdXEtBdeDqOYM2wUNrpwOvUGALsPjeGXk/qqq55KRpiH6dy5k1PD2MjpiwKwYEiPMnm2e3MozoeOSGFIagaW7NQbkqHp3locffaCEtCFhEyAR6XeOBItGTXAnTVHTzB0RTfAgrHdRvBBvwm8bS3lHWn3lg9X3/IpveP0LmfC6Uf84CasWNATP1XCXAK7cGrVYQaqCUeesIeRW1ZI/fvgBN72LQG5lN9V3xg1BxZo9KJZOIxoYdQMSAddXUwNjMi9cZWSfXJUFU0AACAASURBVHvio9cxLhoUBSX7IGWSWQhgxviZhxlfWk4yk6d/h3W3ANwLv6HVCt8yz5iz3jxcPE1t/BWcDlqA2+kTQD9OrQrAQZea8tdW8NF5t9ME7FRWEkWBgte72ta9+4BHvyFS21p1xQ0kPdCG69dVuWkYzvtOkg45uI7E7eiRmsOE9F9X8zTSp7k+oJSMW+Wf6RKsWtiWM4K2xal9SU4ZS3row8169K+8kUUYVwQCgUAgEAgEtUEYWAR1Jgvo01p9YVZQcWcZbc1357qq3BrG2uDQYwjWx89x6uIh9G5m49xrLJOMlQQcjSAoVMYpYFtPR+AOSxb0Z81TQLctY1t1w7/nSH45uZaDdcirIIWxSDkz3Kz6MewtbwbGr8U/Q/2qHLVwigzupuVAEyOqp6Z9Y1SU9y6ocF6zM4q7kQQA/mp5NwAwnUr4Gp9KPRsAdFRP87vdRtOjsWTvAG0m6+tBo/YYoNqVp5qxkZKLZlCg0Wbp+vJjXPDsMQDW5sP5wK4lStUieLK+IWDK6+VcIhzeDuCh3RkO/BzC8Ws/c/BKAAevBPDu4B84NMJe82L5Uab+ks7Ykfvp/DiULk/Bb8ollrePp8+/pvLJsQsMnCiFDZV5SFiwbU4gnp3KJW19nq3hwVI1tRxPdUqHrsxoc++plPOmsfZrjLVth6LQCJ1KdODqT+vYjQUh4925/oM7dxlO4g5/TCO8ab5nL788mabKO5PGpnVD8UrJBvMJxC/yo3OJIUJlYDEpV3Zefh7QDANt9aNdmDfND5ca7Eu6JXLQrloeytIdl6rwDtHVrY8060QWMKxD"
11:15:14.542 [Forwarding screenshot on session 7836b5d0-bd7a-11e6-9730-e5ec4f8847f6 to remote] DEBUG org.apache.http.wire - http-outgoing-0 << "JQYiNaPTi6RfUTeoCOOKQCAQCAQCgaA2iCS3gvpRxZa2ZqYWWAPBUefVjio4elZaALdpaQYWvfinKew+7kuAEt7u4oiDXU8giilHvwPd4QywMyI79iBrnoJ1u88o/vwE3yxYy/y3HWteNakWs9KOI2lExMWD7nASd6Rw0ncXn3pMo4+ZhcYtMYe9mJKSjXO74biRzawtXkRWGkliiK2ZZOK4e/N7TqdLoRiRoYdK39AbNVJfWrbF6XWz0nstVSvhhCtfEHhbjuJJLP7BezVqKNmeuY9dRQNPdVvMGhibAmD3xhS8J/qwfKIPyyd6oPgtgquPsmhWm7EBIJukjJzSK1Iv/0Q4MLC9Zh4LszY9JM8lE2e8xy1U1edDz4Yyzt++W86DJY1NG92ZHg7zJ/tzcmMsxcs/oxPw4+WLFbYKDvx2OXcZzvJBrcjOlANt6dveDAy68LY+3FPpX8xPnrxx9AjW5hP49fPwcsYVM1w6dwHld5xVS1b8S9RPALQ2bapRpyJXhlyeRmr6ndIfmTyH2mCoVta4Ybu4sOYE343uSyNtI7raOvJa+aFUxrL86Dk69fDlbQMoIA/0pWTAOo2MgXSu3pEDcjYt64NXSjZjXQIo/kTNuALQxIouuhAed5rU0oMJHLqSXiH3DCgo0MjJokYhlJx6mCu5CqXGhNcuOa0aHTp0U/XvO/ZG3AHg6sWf6lxOBTSe6T8Pv75+wrgiEAgEAoFAIKg1woNF8HKxHsoiK19mJXzEoO15+PWzJfbcv5mVkg1Wk+mqCotxc+iF3+kooBcurfTAwIlJwG7AuetQKVeKeVusgbvyaH5KbEeL3HgCDvpyEEC3ajuLoalkPAn6aTmWz97hFV3gaTQ/nr3A2xZw4fRqZiWkAxbkPYPsjC954/g50B/N3gVr0T6vi9WB73Da9CVZvtMwzrvAuCUTUfSStsp9x20mJK0F5TncVnTAWhfuljTGdjkzO5mV5U3RQA+P4d5M8V8LxPP++p6VXJPDhctRYLuqLKFsyeK3BsOSg+tM3I5HsWanG4qHa3jPGoIP+7DmXjbvDv4IY+vWNY6NKp0uPltGYzTxY9rkhjP10HdAP97r0hJILKvQwJF/2MKUpI/os+U+qwY68tvlL5kQdg70p/K5xuLeELKS+TFpKpO1P2NKd0tuXTpDAtCpdXtNr5y73/B+QjaeY+bRDlTGl2SOXL6Dy+sxfPEU2hkbgPwE84+qkq3qQ8h+Pw4USIYU5fNmTPrnQnr3HY912EdMWT8JnRnzMLi9h5FX0sFqOR+01oMnZYYF/8BR+AeWE6ruBO59PqsS0WvuqqTX+n38zdfilQFr9vThwtku3LsXL4X83DFm8jjNuyODV/AjbTk1smTraQN4eovrSjB98hCwwKGVGUknPfFSeVo1KoxlyfafpZqfKzHuOIHl/e2Z1L8fAce/452Nlmwd0pWfg+ayG/Ac7IEZoL5XUpXZSBqblnr4BAS+S/zP+oRnVExOW5l9Rv2YWZfhjGUvBwG/Pf0JCrYgIbNiOfKErThu2cX8OaeY36ly1Vaq/W6m8UxP4IMuldxQA2IzIYFAIBAIBALBH40wsAjqTPlwBM1jRnh+dIKCbXPxurKCU6qUDM7tFrBz1mxVwlPo7TgU69NR3LXqq3rL3gm3ThbsTkhn7JuO0kUWA/F36sfIiO8Y6i8lL+nUbio+hT+xJiWMG098SpPcqqPXujc+prDm3hGmfGvML+MXcHLnRnwCJ+IDoNsPPydb/CJOEJp4jgshawEL9s5S5V15y4+9ceFMSFjLkvN92dYdHishX5Us07jTNO7N0GXuvhX8+LTMuPJuj1XsmDyuXAiPZvuM7abxcI4B8w4EcDAzHUyHs80BZp2WkoAWPI1mVwZMGuNUdpO2jrT4NTCk2ugOgz58t2QTCzbPx/+oJ/6qw2OdPmO7KgSnprEpMbBY62cwa49q9xr9fhya509vAyBPc6wnLz6Lcst8ZiVspK8qCYm1+Wj2zPEpHeuSa2fM+IqbWxYSEPYRu8PK6t77/gC163II2OULjGZh/1YqeU9km1UAsw70V/XJnYPuPZHfXFOaIPluyl78UtTr68JoFoLFKM5Nuc87Ozcy4YsoVfsm8MN8KTFqqWyrQl8XXXSxNDGGzOzSGdPAuCWQrBYZZMT8T07Axrl4JSUTfi++VBYHvfw0ZfHkBNNOx+PssoeBqmS9LkPm4xzhidNcKeSlU7fP6NMELjwoM07sjlDP0wOdGg9lOeAwwp9D2TMYGbGRvqq0L2NdAvj3W63KdUYPHW0qR9eef0/05PKeAO6STXhGNmN7eNLoVgC7M8GooQ6gU5rkVrdhiZdWuWO69uxesgn+PZ+DSkjITMet3Wj0Zd/x41O18KPCXO6SzcNnBYCOFJ6mYQHRlY5pSzpf/pke1KVPhXlIY4vvyrpYoQ6BQCAQCAQCgeDl0qC4uLj4r26E4O+J4kka95+BgVFTzAyqX/xUW06enPs5BXUuJzsvB7SNMNYFyEEmzwV0sDSrORtHret4kkbuM9A1aomZQc3XRwZNZlo89DCxYsJ4P1zM4OpPnnQ5egL0J5Cy0Rvt9AcYNm2lanf9kMvTyAMMjFpiVkk5VY1N2B53+kbo8fO/D9OzMI1Hz2snL6m8QrQbmWJZQ+6a7Cdp5D4H3UaVjaeCmOifyWvuhIu1ejk5xMRG8OC5Pl279MGyrrJR5pD6OBNtbVMszWrKrfNiZD9JI7M6WeQl89Ple3TtOUCzH0+SOX0jEYzsGNipbcX7aqBkDAyMWtVKFytFmYMsJ7eKsalTa5DJH0DDmvWhLmg+0wKBQCAQCAQCwX8XwsAiEPyJxBwexxvHo1SfLHDWf0r4U1UGEttVPFs8rtKtof8sJAMLhKw9oUqwKhAIBAKBQCAQCASC2iCS3AoEfyIOIzazt0cv1af0UuOKs+1Ufp311xpXJPQAvT98BxiBQCAQCAQCgUAg+LshPFgEgr8CpQJ5/mOUVYbKCAQCgUAgEAgEAoHgfwlhYBEIBAKBQCAQCAQCgUAgeEFEiJBAIBAIBAKBQCAQCAQCwQsiDCwCgUAgEAgEAoFAIBAIBC+IMLAIBAKBQCAQCAQCgUAgELwgDf/qBgj+l8jl5I5t/PIEtCucK4QmPRjU6g6HrlmwaMEwDF+oqmvs2HSIJ9plNenoGNC8VWcGjnTB/EXKrgZl6knW777JyEWz6VhdBzKi2bj1BB3Hz2dQ29r1NDf1DHt+jMOk61A+HNC2wnlZ2H6+Dk2ieY/3mT6sI+Qms3vTLi5nPAVtW2Z+sqD6NqmXFRHI12dS0S43UIWFTRg5f3qty6ktuckn2bQvnObO45k+qGLfUsP288X350h/1oqFm5bS9SXXXynKDJLvQtu25ihTz7B+942ax7VW5co4eeA7zl5O4dEzaNbKFmf30QxztHwpzS6rJ5nd/oE8LPe0FRYW0tLpQyYNsHm59VXWhJcptxpIPrmDfS9j7vibkRy8lX03rVm0YBj3/yAZpUZHgJ0TNnUpNCOarRu/ITY9hzbvLsB7ZMfa3adMZff6/ZiMnMXIjqb1am/lxVY/d9erj/8j1PSc5squ8Zv263Q0132hcuqLug7/DcUvEAgEAoEGwsAiqAOFZMlukpwOOhSQk6MAQM/ICB0KoJkN3Qt/ITHSnnx4sS9ShdlcjY8nQ88II9WewQU5OSgiwzhy4R47/D/k5X01L+Pp/ZvEJ17ircLZ1V6XefsSkYnx6DzKr7WBpfD+DcIiIzHS6VWpgeW3mJPEJyrQa/KI6UD0N59zPD6j9Hx2Ye378dvlC8Sr3VuGHk6F06nlUqjWFD66Q3xiIkbmjyoxsMj4cecRUrCkS8fmf9Kkk8v+f83miOVsvvc25+n9G7Ua15rJYLe3F8dlYGTbhY62cC0ykr3xkdyc4c+CAS/RyPL0EZdjNJ8BAAoKoG3Oy6un2ibcID4x7CXIrWYe3XxJc8ffjEd3Y0mMhHzg0bVQEiNdqMNUUCO50TtYtD6c2TucqIvJLvr7PYSlZGPbpSMd271a+xuf3udcfDz2A15mL6qfu+vbx/8Vqp3fcqPx8VqP5eytdDSv/tXEH/W8q+uw"
11:15:14.542 [Forwarding screenshot on session 7836b5d0-bd7a-11e6-9730-e5ec4f8847f6 to remote] DEBUG org.apache.http.wire - http-outgoing-0 << "eLYFAoFA8HdHGFgEdcCUMSt3MQaAXHbPnsTxZ64E7Jpe+qUpesc5MGpMYwClEnSrf2NWJdrwDHCZ+xmzHUtMKbmc3OjDzshzXM38EJc/wsKirQ3oVOKho4npq9bUeWNllTtJoypOtx4whbGtcrCy7w6Ajur63vVYuGur7jWyG8yEwXZQKC1mnj/XppN+XRteDaox1tevpm/K37imgN5en7DA6c/7el3wDIwMGksftLUBYxqr+q4E6qWZmYlclIHdWD9Wlryxz41j6aRVRIb8TO6AD1/eAqL0GdjEbMe/Zlli6jib/bunovsnVK+tjdrcQT0H6G9EybPVuBHoaaMNOM3aj8MC3ZcrGh3pn8Y1TXrlb9N+Bnr9WLd0Uq3vUQK6+voYl1T7Mqlu7q5nH/9n0Jjfyj08OtI8YtC4cY3FvPTnvRIdFggEAoHg744wsAjqSWHpW1TNt1KNIOci6xdfJDElBzDCdcZipqs8NjLjglm3YS8pCgA9XCZ4M3tYNf4UhepvOQ3pO6g7OyOPc+9+LmjfZ/f6zzmeKHlqWDp48C/vMUimiEzO7N7GF8fjpVuN7Jiy2ItBbU3JvXYIn7VnadJKm8REGQBdhnux6EOnCtVX2d5mTQFo39ocpSwC/7XbicmQPHpse49lwYKRdQ5jyn9wlQtnEzHNfw2di0dZdVxqW+x/fFh6fy4rP7TjzO5N/Od4PApAz9yBKf+ahUs1Pu+NLB1wcepavlcELl1GSHoT5n62EkdTiNu/kg0nk2k1aC4rP2xN4NJlnHrShB7d9Qk/HoNCJV9v7zFSvzLj2LjycyJlOaBni0vPKpZLuXEsneRPDhDpPwmvq570kv1AFPo8SkxBYTmcHf5DiK1hrMw76hMfkwLo0XvsFLpmHeOL49JnB4+5eI9x1Kj2WuB6jucAYesZf284fh4AGRz1X8r6mEQALHtPYOmCYZInVG5yNbpUER31lYJhV96f4EqwvOQtvozgrTvYGybVg545rh/OZPqgjqr+XMCyowExqnbY9p7A4pJ21IG4/Sv5Kkkb/fQYUnL08PALoJPse7bvPE6J71KZLmayf/EyUq3syAwLQ4akPzOXeuNkDpCroVuYOzD7X7Ponn+M+WsTmLF5JY6mmQRvXMfeyBRVtxyY4u2Fi6UuZMaxw/8rQlXyU38GUiMC+Xx7EDIFgBEuE+Yye1h5nQRp7jjHstnnkGUoQM+WCQsXM6yrJJlrJ3dX2rfsQ2v5+Cfw2+RdGtYQttWLnRm9CFg5RsPglZsaxlef75X0FtCzdGDKXC9cbHQrlefA5z9XOV9V1Z7yz7005j+h3Qxkshxsh/uybnijKvVNYz4xssXOKAN0Okt1Hl7P2ss2bF73Iffq2F5ZRCBbtgepzhnhOmUB41rE4rkqFID1kxbjtWMdzWJ3sO6LUCQJmeM6RdJddaJ3L2Z9aA5wnPfGp+EbsBSrlKrn9uQzZWUameuRA3QuFVDVz15ddLyqxXtu3P4KfeycXbke2N0/wEL/czjPWMP0AZaQepLFy3aiM9SXlWO6VvP3q5pn46VR9d80iQyCVnmxPlEG6OEwfCZeH9rxvfd6pKlwEhnDfVn5YdNq5qfA0udd59hS/iOzofWTc4SlKJD+lvsyXRWaWN3f8up0WCAQCASCvzsiya2g3miX+132KYd0g34s8vXC1baA0C8+JyITlKnBzFu1l0etBuO7ejUzBrclbK8fG8NklZbfCCgoLASUKJVKcjOT+f7QOcCcdq/ls2P+xxxP1GfCIj/8vDwojAnCa+khlED0jmV8cTweB4/ZrPabTe9Giez8eBlhGVCYLydDkUHiHVNm+63Gy8OB+CP++J/UbEe17TV0YsN6f3qYZ3JguT8x2s74rvfHd4oLKZEHWRt4rc7yvH8nEVlGBhlZT4GC0uMKpI8lfVLomdPFzhJFRgxbF60iOrfqMrOvfsPGjRvZuHEja9euZb9K1llPMlDkPCFfdV3B0wwUCgVPsgpLz+dkJBJ6PAYLO0v0AFlMEF8GpwIZbP1olcq4YkkXi0eElXxZL4+hLe/PcAXAbvAU/tHvNZ6mZyBLTMF+sCsuna1IrMVYxccYMGPRIjwcjIk8uJUvLjdhxiIvBtvpEBP0TQUZvGbvjDmgZzeYmeN6UOK0kxgDUxb5MmN4F2SRe/kmOhPIqFaXNDBtzZuWEL/Xj/fGe7F2626Cw6Jp5jYd70kDMATOrPVib9gdhs/wZfXqRQxu+4zQnduJyC3pj4wYVTumDLYjJXIv30dnViq+RsC9S8c4GRxMcHAwwcGHCD4Th1I1ZhmJMTxt5YJr737YZn+D387jaLtOwG/9amZ79CYl8iAHIjJKxzg+LIzWY2ezaPZwjDNi8N8ajBKI27+KL47H03b4bFb7zaBLdgxbF23jt3w5OYp08oHkwHXsjXzE2EWrWe83g1YZMWz1+Q+ZyNj60SpCE7UZ6+XHoimupEQeZMmOaJTJgSzyD+JRq8EsWu3HBFcLwvauYmVwciW91QYU5FgOxW/1IlyapbB31TIiMiE3bkeVfWtr3xFyYgj+RfX85kZzOEyGhb19OW+ia6xatJXIwo54+a3Gz2sszWQxbP38MLmVyLNt8c9VPv/Vtac80pjnIJNZMNi1N91tG1ajbzK2efkT86wtM3z9mPGmDokySl3D8rPuoEjPKh3P2rYXWTA+/kGkW7iyaLUfY3s3InSnH8cauTJluB0AvSd4YKcdwbovQvk/9u49Lsoyb/z4R2pgRBlwQscDWsCGFAEhoYIWmZar6erPh9a1Jdufuas90QHrh5bawyaW8biytZTwhLZLlkuxPbK6sRiuUggoOxISNpKC5XiYRUdgAgfG9PfHPcBwGkDsuN/3vlxj7sN13dfhxvs713Xd3rOWk5yynkXhF8nPSKSgU/P0n/YgswLVoA5h6aM/Q3u653ulpXIbq9PyGRweQ2JiAmHKHc0eoHfe9/rbxrvjETq74zVqe24H7lHzmeljJT/td5SaqkhNyqDaGs5D80Od/j7ouW9cO85+p7WqPjFUaTezAtDnpJCS18SU+bMA5f77i7v9er0/tfb3lsYLGPW5lA2bScKaOKJ9GshPS6O8ubff5c7bsBBCCPFjJyNYxDVmAyJ5cW0sOiCECvKTDgJweHceVjTEPnQ/I91tjJ2/gMj9hynesQ9LdNepFSqgODWeB1I7fh6+aBUhX+4juQECYx5kir83Nu7lwVklpOT+jRJzGMX5JtSRcaxaGA3AipdUPLIkhfz9lQSPVc6z6IW1RPsCQfGcLIkl++/7+OrB9nR6y6/O1wcwKw8K54wYqs8wJeJBkn3vQ+XdjzUJ2q63PVQVGruONS3xJOUamfHE6yyLOMO6B5QHyFmPrmJJlIqslc+QXV3NgQozEVHdj3+wmqopNlW3/awnktjo4G6CY13DZACRcamsiNZRlBpHSoGJE1+cAdNFyhoA/Eh4/WUiPGDPpjjSirt7yPEgaOoEdGn56IKjCA2wUQKoI+NYsSQaqGHDA32oq+S1TPeFZtcKsvW5xDwRz/QAN5pdK8hNOkhTp+UcPAKimKDJYL8umKjQAMyle+3nWcdMXyBCQ1FOAierz9Ds/in5PbalBZ2movmwJGUrwXk57PlHCfqCXPQFuWSmQvTyZOKmj2bsXctZPt2P6RGjMZtqCQy4idzDpg6DsRY75KMwN4FGW/frUaiA6oJsqh0/1M1gyvTWESDhrFobp4x8MFWydGkgt8+Mxstsxt1vDGrap2LYLirlHrdAKWcMe0ku/II6THycVw3hy1kbq2xLeAHe3n8JbCfa8nHR1gK0cOJoDeOn3E5c8nrqVd5oTWUcaIAZCWtZEKEFgkhkCJ/iin7vx0A4L6xboqx9EbCGpupYst/di3luQKdRO/Z7h32UVNAL8ZQtSaGkwkR44NSer833bub5ZJKzax/N02OpLfo7RnTE391pLaBmb+YtXYoqKIqI4WCqtREeCMYTtW2BRsfyLE2P67H/L17lJD89WLR+DQsC3GiuzCK2h/a29+M6ioF5KxKYHuQGoWuor4ll++nOraJ/+S0ILsFKIIkvK+svRax4Glv6fvzchxAY7AM5F7jz"
11:15:14.543 [Forwarding screenshot on session 7836b5d0-bd7a-11e6-9730-e5ec4f8847f6 to remote] DEBUG org.apache.http.wire - http-outgoing-0 << "7gi0tiIAzp06xpfn/bj7N7/ltnNwY6fbi9Y3lHAfT3JPjCAqKhRD+hs9ph3qvxeIZG1rvb6UgGFJslIllfuc9j33TtfYWxvvnpYJjtfYbHLSDrTEvpBAxZJkkuNWAzqWJscT4AalTn4fTA7voW84zVd/1LCnT7/T1jHdFwj9CWcqYsnZuZvf/C4YXWouuuAognxcUTm9Pyltq72FRfLbVbH4AIG/MlCQdJC6Rue/G894tfShDQshhBA/XhJgEdfYRVAPafsHWmOL4zYVYCJjdacF9AY3drv4nQ0InLecmGANLS02bAxhnH8gPlo3zEWFABiyk1iW7XiUD6rGc5iASZMD2z/28GeiBgpPnAP7P0Y926akuxEYrIO9dVzs8PDSl/xqeXDlcoyvppGdZiAbQOPH4hUr8Rngv65b7M/cNlsTmM+0DYnPTYknN6V9v+OGk9BDgEUTuZQXf3U7NnsEQuU+HGjsYw50TA5WJjyoHNaPMR//TJk+oBmLv73SBjt7wmmxcRHA1gSooAUCgsYp2yx9qSsNIz2VTY0tNkDH2FFu9p+Vz7t7q5XN/ne79vOAJ2M0sLe2nsZ6ZURAt22p01mbTTUYzkLEzFgiZsYCzRirSnh3cyoFaa8yaWIKgd6Q9WoCacmOR+oczqXhBod8+Kh7rpEGIDo+nbhu6vc4F0E9jNZm7OblSV1ZBnEZqV32BTqWexuV8j9X0Axt/4rZzXc6S3zBXJre9llo7NPEGH9Hdk4GxTmgTM96lF+N/QwrOiYEtucxaGYsQUDr4e3X7kbgeB10+7B1EXRe7fu6DsEbqDZ8idvkUU6uzYO750SSk5ZHieleTu48DCGLu3YJNx2eLZ+zKT6DjlXTGtrsWJ7O+v/XvZV1FzpGtrZZJ+1t0KUmQIPfqNapJW74++rgRHfn7Ht+W2wXQRNMe9jXl4XL7FM9zijnstkAbRRPLD7Eq5n5pB5WptXoQmbxxFNL6LyWd4vSq+09rOe0L6sGAy3tPdEjkGB7m++97/WzjffA1uJwjR69tAOPCB6JCWR1tgF1yFxm+rbWRc/X6N9D34hfGHVt1svp032y4++04GAdOXubsHW4/3owqtf7Uyvld3nrKW0d7rU9l0VDi42+t2EhhBDix0cCLOJbY7M1AIEkvreu7S02VUV7qLGNxKub/S8CgePDCA3t+nCpsi+qOiMhnWX2RXAtxlL2lTXhP8ITLXCgxEBclH1FhOazVDdAwM2jAAN0WqL2yxoTeE5msMOjbt/ya6b6DPxi7TaC3GspP3SQdzK2k7lpB1O2LOn+G8zO707uC+04fNRgssKs+GQeCHTHULqPo3VehN0d2ONhg1090Gl1dMyIwzXa/25o7PtbabT+t6ChgIaWC5xpBq0b/XqriQ0Y4mGPMHj0pa46u9i3BFtwWtY2lG++nbalTgsCf7EvjaTsapanvsd0HYAbPgHRPPZgBcXJZTTZjLyxOo3DukgSkn9JoK8OStNZknzQaT6c61vplv7xv8jWQ0x8IvcGB6GllEeWJLeVQYdy76wFWlra02muySMp7XNmz24vP3PVl4yc/jTvrRpOTaWe/TvfISd7C3ck3AcUcPTLZiKClIeqyvc38efTQdxtfwh3dPaUCQjs/qrqbe0Pei2NnAOCgsdR+sfnnF6bz9SZ+KUVs+PNNzlnglm/ntLl1JbyrSRmFuA3Yym/nR+Bj05LwaaHSO1hNp+z/n+8l7Luqr3NOmtvNw89DjRw8py9YwHn/lXfpxVhneXXteIgNFygntZbgZn3N71GbehCHtDYd1ZBs7mKc+4TePG9OFTGKsr2ZZGWk8uuQ/ezIrrnVaV6TbvD4rPVGKzg30tZ+A+BLzul01sb75WqD+3AtIdXs5X7jvVwBltLI1gSoXV6jVd66Bsl90Zdm8XY+3Sf1DC40g1/hgAAIABJREFUrRiaMVSYwHNCe7mr3IH+35+646wsvF0PcLVtWAghhPgxkDVYxFWzdfrbcUt3D0+Bd04BDGRs2kmNyUxlwVZWp6SRoT/X87d8PUyd8AidRgiQn/YaBVUmzDVF/P7ZZDIz86l3CyAqXI21OIOtBZWYjFVkJb9KNRDQ9jpRK39M3UqlyUT5zk1kGiBk5hSG9ju/9fw1NY3EdW9Q3uSOX6A/wwC8vejpZT2m/Fd55JFH2v489MBDbO1hDY52vkSGKU9Cue9sI+eDt3k1I5uc7AzKzrX0cmxXtosAJjLWbSA9dSVpxf147a9uPEFqwHqYxKfXkbphJakFPa+B0EMO7H/3pa6uhpafBKlpqPiYoqqe89ZCb22p4/4BU+5BA6TFxbMtr4DKykoKdm7l6eQC0IQRqG1SwlfDxjButBdNVXtITs4HBl/TV+u2c+hrNgBvRo4bxxBbDVm/T6MBOFl9psP+XY/XEjxJh7U4g21FVZhNlbydloGh+oLyTGZ3fPcWUpOfJav0NN7j/Bk1TAUMxj1wIuFAzqbXKDWaMZbvZPP2Yk60qAmbNBHQ87vUPIxmM+U7N5FxGHxm3tnNItAasObz+6wiTKYqsn6/hQY0hPvrer82tyDmResw6vVY1ZHc101QttWw0T4M91JRnpdKarG109oQ7eXprP+r+lTW3XPW3i5FTCUEyN78BuVGM1UFW0nTO65Z0jGPfc3vhDunAXpeTc3DaDZRlPUa24sPK1MZbTagAcPBSprPHCQtLYVNWwuwed6I39gRysl7iV84Szt40hSgmNStezCajOSlvkPrald963v9bePdcLjG1rtl9+3ASOpzaZgIIfm9rcT4QG7yy5RanF/jyR76Rndxn6q8rWxIz0NZNsrCnvQNpOdVdbPNUV/ukw2krNtKlclE+c43yDZCyMxpaO2/Q08e2keV8Uw/70/9/11+Q2hf2rAQQgjx4yUjWMRVU7587PzqxcHg6d71M0AbuoTExU1syMwkoTgTAE3gPNY8Ft3t+Z2viedLQnIcSUmppLYOU1b7sXR9AgFAwKqXOLNuAzmpieQqKTErLpmFAR6YS+2nOJ1LYpyy1S96KU/N9cVWqupnfn35TUIM65KzSYorUD7ShBD/+P1OhoZbaWiwdvjE8R+eQ7w6hmZayzJ6xW85uW4DOYcPk9M6DH3RM8QGOXmnZrcPRlrmL5/HweQcGox68o06wsP90OurO6XdfrD7ECX0pEwV8uGxl+K48GwqBtNhCkwa/Px0VFebevgiWYWmw0+OS/jCdCd1ZSlvrw8Alavznx35hYWBvpiU1RdYvca32/083VX01pY68JnJfye28PKmTHIyUsmxf6z2iWbN2jh0wM8WhXN4ezZxscqch8DIcNTFeioMJiYM6ZrfzuXhuMV5H+jY10Lu/zl+BRmkxi8hFdD4heCnPkz1p0dh4ahu0mk/PipuFScvbCA7ZbX9mnxYtOYxxrOjLb8RD68g+vgGspMTlKlwqIleupYoD1/Ck5eT9HwayfHF9uKbwdrHotG6RbNmUSNJ2zOIL8hQzhy5mLWx3b1FyAYaP0zZKcQpc+2YF/9bonXQ7PTalO/Qo+6fyeaCTEbPnN7t2588Qu9nXuB+cjITic1UrjE83Ae93sBxS9fydNb/R5+29pqftlrs0kadtTcPnlq/lOdXZ5AUX2AvZbB6e9mnajjmse/59XCDxMX/IjEzA/tpCZkXzy9DPXAz3oIPBeSmJdIU/wfiZh0lNTeVuFxlGo4ufBG/jOpu9MrgtlEJztLWukWzJuZfJGWnEZ8LqHX28YO9973S/rRxv57vBdpxjteY1GM72JtZTUEDzFvzGL544LsqjpK4VJKT3+e9dT1fo2+Ldw99o2te6k/sR18YRtOymXhg41ihnkLbXSybGdBpW0e93yeBc7msbv2dNmM5CXN9ARVT/NTk5meyrjGOZ/p8f7r63+XO27AQQgjx4zboypUrV77rTIh/M80WTHVNqNy90HoMfIa62WTCplKh03b91rrZbKbOBl46bVvAw1yazrLkChK2phJiM9Go0qF1EqPoW36bMZvqsKnc0Tk92cBZzCaabODupWNAxWe/Lnedrss/5vt4AsymOlQDzUfr2bqpq4Gf1IIFVzzc+nZGZ22pM4vZvsCxakjXdmEx"
11:15:14.544 [Forwarding screenshot on session 7836b5d0-bd7a-11e6-9730-e5ec4f8847f6 to remote] DEBUG org.apache.http.wire - http-outgoing-0 << "Y2qyDbyO+k2pE66yb/WlDixmM03d7uOkD7T1oV76msO+Xdul82szF6WzLKWQ5alv2adv9ZR/E030rY475r1zugMra3DW3lrP3Yfy6nN+HbZ56Vpnb/T/HANM20un67Zt9b3vDbzc4SraQVvyPV9jz33j2umtj5pNpt7L5lrdn5y2kwG0YSGEEOIHTAIs4t+OuSiVZSkHiEt/69rMjxdCfHeaK9nw9Ab0JisELmbburnf2MOtEEIIIYQQzsgUIfFvZ8i4CcyIHs6oq1hrVgjxfaNihG40gT7BPPSYBFeEEEIIIcR3R0awCCGEEEIIIYQQQgyQvEVICCGEEEIIIYQQYoAkwCKEEEIIIYQQQggxQNclJiYmfteZED8sNQXb2LDxFTL/chj/e6IZ+W0setBsoqq6kRtuGEpzzR5e2vQB3hETGXHVaVvYuSmJD8/pmDh+RNtne9JTeDO3Et2EO9rO3VyVx0vJf8U9JJIxQ6/+EixVO0l5/V0Ki4spLCxU/hw8SNWXDXjd+BOGDaAcq/LS+f1fzxAROd7pGhQWYyXHLnoyYug3tfyShbzUZP5u8nYo1x+m3sq0c1nWlBZRpxl7VfVYmbWWl/Zdx08n3gSY2Rofx8Eb7uSOMc5f1Cws7NyUTKUmmFtGOC+rgdTPd+vat4fmmj1s3PQhI6bcwQ19uRUY9xAf/zaj7olmZGMlWVu2kvWXPD6pruMGv1u4wZ6tZnMlf8ncStZ7O9mvr4YRftx0Q+c8m8lat5Eq7wnccvU3cCGEEEKI7yUZwSL6ycj/ZuRQXa8h4OYR39IqyRa2PR3H6vcNADSe+YzDhgOcsw3srE0nDRTsKMTc+kFzNbvz9RgO57O3wtS237Gyf3C4uhrcB5ae7dxp9IcPU2k0ccFkwnThAsayYnKzM0h4ahM1Azj3ucp8DMVf4LRILKU8G5/ITkPdAFLqjY0TBw5z4PP6bzCNb8e5zw9iKP6Cpu42dipLS2k6Ccmb+fKq2qSFA7sNMNxb+dFUxl5jCzeNkldc9c7G58WHqezlZjCw+vmOfQPtofHMZ+gNhZxp7Nv+NQd3Y2wZwVjXStYuSyS7oBLXYa6U5W9n9bINyr3LUsqqZYlk51fiqhuGSZ9P6uplZFVaHM7UzJ7UdWQfPszp+m57lhBCCCHED5q8RUj0T/OXVFohMv4FVkR5fGvJtlwEzVB7hEOlAjxxH2LPElzFm0M8CLszkOztBo5bQOsBFoOeavvWshIDROmAZj49VA0+MYQM9HJVABqe+F0KEQ4ZLkqPJyW/jCoj+Ppc3amjHttG+Ao35+XgCheBoe4DjBT1xhVcXb/ZJL4NKhWgcVfias3N4OZQup3L0lX5P/ereTOVpYL9DTB/4k8AMH5ahJVJ3H6VbeHfi5bHtm0Ft14650Dq5zv2TbSHIUPcAVf6VhzNHPy4Gt20B0G/FwMwL/F1YoM8sJRvZUlSLntLzXjaDmAEYtZnsDDADSzlrFySxO69FSwMioLmGrYlJZFjaADoY9pCCCGEED8sEmARfWcpZ+2SFBqA4pQlxFf8J5ONf6GEIZwzVGP1mUd6ymzKtr5GWu5h5RhNIEtXxjMzQIul8n2e3fAPdEFDOKyvBtRELlpKaN0HpOUqP4fHPMGqhREdkq3MSia3AShI5qGT80iMATDx15S1JOuVUS0+kYtZu2IuWgBLFVuTXyXXoIxC8QmP4elVC+n8fHJjWBhs387RagsRoR4YSg6BJpKYsGqyC/QYican+RifVoNfTBhugKWmgDdezaTYqDwkqH3CWfpEPNG+bpRvW8cbR1UMOa2nukFNTOLrLAzq+uBna6FDRCh8ciDk53PqvBl8tJjLd/LyxkyqrQBqohevIm5uEGBm56aXySxWwkBqXThLV8UT7eNG5Y5kNhzy5ZWXYzm3J52X0/JRcqhjxtJHWTZzFNtWJaMU4xJM89awLjaQoqwUUrL19roKYfmap5ju69HNtazHPe+1btPuF6d1Y2RnajqZBUqdotYxI/ZRls0MApQpOy9nKNel8QvBu/EEQ+9cwVO3fcpTGz5l+evriPAAmitZt3QTY574b5ZEaJ2maal6n6dW/y9TEl5R9u1gMDTsJ3nlfgzVDYCGGctXsmy6d4eyPDVpMsYDJQAkL1lJfPpKTqY8z6EhPjTq9ZgATeAMViQsI8gDyretJEkfTHpKLFrAXFFCA+GE+SplWbnvMJroeI5vXcsze08z7YkXWRKhoyh9LZsLTxP285WsmBtAZdY6NuyqQjdmOKZT9ddsv6D/s4pVC4LaSqEgNZ5M0538ft0CPLDw/rpn+d+vJvPKy7FoaSZv09P83fUBUuL8e6y/zu1p7uLZHHw3H5U3GI0N+M1bw8vzBvdYT83GIlI2bEZvsgLgF7mIFSsWoMPMe88/T0vMCyyJoNv+MeH8e/xnUr5D/bxM4Mme+1jW2uc73NP+8LQff+w27a6q9mxjyzt5VDdYATWBM2KJXzYTLVCetY5Xd59A4+1NQ3U1DepwEjMe4+wfk0nLV8osMDISqis5PWwa/71OaR+t7UGHmW0rn6dmbCDmggKM9mt8dO0qJRaMmT093HvBxM5Nm+xlo8ZHZwWHK+j5ngM0GygxwuRH/RjieT2LYm5miv2+5jHYC4AmG5y76E5gyDymBNjvCR5+jNfA6dY0SrLIMbQQOSOS4vxi56PthBBCCCF+oGSKkOg7Dz9+sXwGAIGzlvKraeNoPG3CaKgmbNYMooPHYkh/nrTcw4THxLE+MY7IwQYyVj9PgQlsTbWYrCYO64eyPCGBmHBPirenknZoGMsT4pkV6Io++x1KLR2THRc2FR2gDpzFow9OxD5wBYMeliasYfm8EIzFmbxTagZMpD+1mlzDEBYnJJIYH4NNn0382vdp7nQ5br5hhAAVhi8BM4cOmtBMvJPZ0yYDZVSagNNHMQCTJt4IVJKUkEqxLYj4xPUkxi/C26gn9dUdWICWRhMmg57Gm6KZETmN28Z19616A4aDpZSXllJaWkpB3jaeT8oH/AgP1NJcs5MnkzI5d9Ms1qxfz/JZARRkJrKpwEhV1stkFp9jUcJ6khOXc5NJT+qzf8QMNNWdwHq6DixFvJyWj/es5SSnrGdR+EXyMxIpMGuZMn9WW9394m4/KrOeJyVbr9TV+gSiNYdJS3ieUnPXa9HoX+sx7b5zXjd7NsSTWXCCecvXsH59ArMCLpKfsZkiC1jKt7E6I5/B4TGsSUxgIlVUmxow1dZja6qlwXqaptYntsZ6TlgbaLLZem8PF21oNKMZ49nd9+kqoIHTQ6eRsCaeGX4t5Ke9SlGnsoz9xQMsnRcIQOTiGAK10HjBRLVeT/DSNaxPWITGkE9iUhYW4Hr3Yei07elVfFQG4RH2IFMVhQaYeGcg48YMwWptYP8eA2Dko3wDVmsDxYWfAhYKPz6M1WolIEB7TffzHT+uQymMu1FLg+EfGCyAxcDHh01Yq0uoMAPNBv5ebGLojeOc1l/n9nSzpgGTtQGjcTSzZkQywe96J/Vk5u3/SkGvmsqa5BTWLI2mung7G7IqAag7baLOZuuxf9hCZ3eoH7/6nvsY0OmeNoydTtJ2ZCxIZXVaDtUNVjQ+PqixYsjPYNna95X7Q52JhoYGjNXVSvBzdABN7yXZgytqAkMCMRQXYzA10HC60R6AaG8PoJTj4YIC/BfFkRA3D0+TnpTUnTQDpU7uvQWp68gsriZ6cQKJ8XNoaJ8B6fSeA2AxlGAkkIkBHrjpgliwcCY6UylbN63jkdXbQRPNA1FaAqYvYd3a2LZAtqnoHXIb4KbRngBoJ/yG1K1vseJXd3YbnBJCCCGE+DGQESyiHzwImjoBXVo+uuAoQgNslADqyDhWLIkGatjwgAl1ZByrFkYDsOIlFY8sSSF/fyXBY5WzLEpey3RfaHatIFufS8wT8UwPcKPZtYLcpIPtD8qtqQZEMUGTwX5dMFGhAZhL99rPs46ZvkCEhqKcBE5Wn6HZ/VPyGyAw5kGm+Htj414enFVCSu7fKDEvILrDIAVfJoZAxqFqmmfXc7ABJk4IxCPIFR9yOPiJkSAqgRBldEGzN/OWLkUVFEXEcDDV2ggPBOOJ"
11:15:14.545 [Forwarding screenshot on session 7836b5d0-bd7a-11e6-9730-e5ec4f8847f6 to remote] DEBUG org.apache.http.wire - http-outgoing-0 << "Wod1OsJZtTauy2gZR7lpyeQ6fuA3g4TlDxLqBqW787CiIfah+xnpbmPs/AVE7j9M8Y59TA5vAVo4cbSG8VNuJy55PfUqb7TAcQBUtH4tfO7UMb4878fdv/ktt52DG7XgNjkYXWouuuAognxspO+uBp9ZLLw3GFUTzP9VDAVJ2RwwmJnU6VrKt8X3mHZfNVfuc1I39zP2ruUsn+7H9IjRmE21BAbcRO5hEzYbVHy8F9TRrF21EB0Q+vIzVD+QxLnW68ZhyoGqr2kuIDp0ISlbFvaQYxsQyYtrY9EBIVSQn3QQAN8OZemBJdgHci5w590RaDFjuwiaGQksmxkKhLJq+Qni0nZzyLyQ6AWrSF3QmoaRYr2VyLjblPxWHcSADzGBWnz87sInQ4+xUk9llZXPWw+prqS8xpMKE6COZPYDk/kst/ya7Tel06gr3yl3oclM5YDBQohrBcpjt4kKg5nJQ0owoiFuymhG3dBz/SlV0t6ezKXpACxav4YFAW40V2YR22M93a0063NGDNVnmBLxIMm+96HyHgUO4yAu2nrqH1omONTPyXfieuxjlujZ2HC8p5lJ3//HHtJ2ZOZv7xUAELJoPWsXBIBpD3FxaZgMf+OgaQEaeymoAxfx+roFYDnLO09tByBy+UZWTNdhLk1nWXJ+WzN2bA/Y25U6Mo64Bcr9FcNekgu/oI4a9uT3dO/9GN0BE+roeOLmRgARvHjxFHFpSpDosJN7jiU6FsPHByFwPgEOV9tcb+bUBdCooaGhjH3lJhaGtodNjAXpxKfmg9884ltHQ3lolcCKxcZFhBBCCCF+nCTAIvqnxf6PY1sToIIWCAiyf+NtOYcJmDQ5sH1/D38maqDwxDkYC6BhpPKFJo0tNkDH2FFu9p+Vz7uOJbDZH6McIy/t5wFPxmhgb209jfXKoqOG7CSWZTuew6fbOf9BE0Mgo5KSIlca8GFyoAcQyJ1+sP3gfvarqiAkFl8ANx2eLZ+zKT6DZMeT6FT2c18E9bBe1sLVsDx1C9N1zdQUvcfzKTlYGYK/b+tDrQowkbE6ruNhgxvxj32aGOPvyM7JoDgHlClVjxK/MKp9P20UTyw+xKuZ+aQeVh7UdCGzeOKpJQTgUHeWsxgbgIZcEpZ1CPdw0nCcSZ2uJdRJ2n2dJOS8btwY5Q1ZryaQ1rFwUQEq1WCwXnBoAR2nH3TW+t6S/raHji6Cekjbfq3tE+jUDzyUaV9cxNaawRYICm4fCeKuUcZddUmzpgw9OuInKA+nhsIS8LmTQDfALVxph9VlZG5RRj2o1WC1VvFOmhkToJt6Jz4eIdd2v8551AYzRQf7DxyiRHUIQuYxryWHvYfKKFEdBN00JmjdwEn9dd83dIxs7ftO60nLgyuXY3w1jew0A9kAGj8Wr1iJj0OEz1kbdawflZM+1mSvu7Z7Wh/Tbq9bDRMn2kMRuolM1qWRY2qg3GDiTvt+3r5j8QDwcEU1GGjQEDReqX9t4AR8yMdob8Ad2kOXvLWnrHJ2760ycNoKATd6tx8xuOPxPZeHiQMFDYQsDeuwyS1gJmvXzUQJqieQnX2QhaFzASjatpaUHAPqkBheWbuwX0FYIYQQQogfOgmwiAGxAUM87JEOD0+0wIESA3FR9m8zm89S3QABN48CDN2c4SJ9mozfgn3V0Z7z4Qqohij7zEhIZ5l9TQ2LsZR9ZU34D+l6nM/tUWhII3Mb4LeIQA8AN8KmhrA9M5tsIHK58g2spXwriZkF+M1Yym/nR+Cj01Kw6SFSu84WcGqwSknDNyqWF84bScjM4fnUsaTGRWOzNQCBJL63jtZVMKqK9lBjG8mVqi8ZOf1p3ls1nJpKPft3vkNO9hZK7o1qe3BtMVdxzn0CL74Xh8pYRdm+LNJyctl16H5WTLDvpHIHj5Ho1GAIWs57q6Yrnzcb2bO7Eu+wQFr+1jHPZidpR3f3BNVNXTmvGyNvLEvjsC6ShORfEuirg9J0liQrI0ZstouAYwV+SU2Dfe3S1qhGa5KuqrZvyPvbHvpN1Smc1pYHqK4+Z18oGZqalNe1dG7qVWWFoJlAsAeAGf1+E373h9mDVm5MvCec7dV6qqutQCBLn7iNjORsqquNgJo7p4V8A/t1pmXqPYHkbs8gAyvhy+/m7ks15GSkkQqELJ6IB0Y2re65/rrX3ved15OZ6gr4xdptBLnXUn7oIO9kbCdz0w6mbJnfdjZnbTTYoX6c9TEvOt3TMFN9pqe0l3QIHtguAjRQedTITB8fsBiUUUFoCPLXtd3+AgP9O5VDA2WVNcz08cV48GNlhNDF7tpD57w5cHbvDbqFIZW7qfyi/c1eKlV743daHqZPKUDNcvsKu1U7N7AubygvpbaO0vNmmAa4UIuZZko3PU1GsYmQmATWdlpLSwghhBDi34GswSKugdbHxgCiwtVYizPYWlCJyVhFVvKrVAMB4zsPqe8PLT8JUtNQ8TFFVaYe92oBPEKnEQLkp71GQZUJc00Rv382mczMfOq7G2qhu40wNTRYIWRq+4OMb1gUagA0hId1/E5/2GgfhnupKM9LJbXY2j5cAmgfbdMzx+2+cx8jxg9MBalsK7cQeOcUwEDGpp3UmMxUFmxldUoaGfpznNy9hdTkZ8kqPY33OH9GDVMBgx1iGTZsZw6SlpbCpq0F2DxvxG/sCGWTirZAxMlD+6gyqgiepAH9H0nfU4nZbGTnGxtIy8xAX+9wPvt/He817Y4aqg+xp2APe/Yof/Ly8qi+YYqTummiEWDYGMaN9qKpag/JyfnAYGxA8LT7gGL+a0MW5ZWlpK/cgAGl6Id4DwcayHlnD0ZTDe+npNkX+O29PTQbi0hdt4G8Kks3V+GkPjuUpdn+cwOGg5U0o4wQMOVksrPciKlqD5tSi8FnGsFaqMrbyob0PCxYKPu4Gt20cGVEg9nA/gaYOrF9MoZPxF3t61X43MbkiIntUzXUYW0Lil7r/TqXS8CUu1FjxYqasNt88Am6va1/RE0MAJzXn9OypLd6quevqWkkrnuD8iZ3/AL9GQbg7dUh5Oa0jTrUj5+TPtZ+i2jNqfO02+tSy9T7lNEjxWnPsnLdWuL+M1l5K5nPNCIcbiHtpaAlfIKyQZ+RQFx8HPFpxcqmwXTbHjrmzfGMzu69gQQFqWkoSCOrqApTTRGvpeXTeuNyds+p/aQI1JO4zd5ovEcOw2oq4A9b92CymCl9/w1lCt49U2nKSyGj2AS6SO4a26T0/bw8Csp7vmd3z8Ke9A2k51UBXdtie5kLIYQQQnz/yAgW0U8qNB1+UgIbraaveokz6zaQk5poX2dEw6y4ZBYGeGApVx542o51df6zI7+wMNAXk7L6AqvX+Ha7n6e7CvAlITmOpKRUUluHvKv9WLo+gc6PKQodEybpKCi4SFSYb/vHPrcxVQP5gycSbP+a2iP0fuYF7icnM5HYTAAfwsN90OuVVz3DYPB072XqiabTq2I9WLgyjpJlqeS8+ifu3hJH4uImNmRmklCcqRwROI81j0Xj2+JN9PENZCcnKFMVUBO9dC1RHlBqT3tI0APEzTpKam4qcbmpyhWGL+KXUTrAxhQ/Nbn5maxr1PDWihc5+9U6stMSybfnJnxRAkuCPCgt7HgtEQ+v6DHtzlQaoDqftNT8Dp/PWrPVSd148LNF4Rzenk1crJJCYGQ46mI9FQYT0VELSY238VxKNkl60AWG44Me7c2jcAsIZmlkCRn5acTnAz6BaNpCLM7bg/nLQxQc1uP+0+4e/burT3u70/p3LMuf34IPBeSmJdI0eAOqi6DxaSEzKZ5MpRJIWKu8Feb45/vRHwij6UEtu41w36PKg7nZUEIDIXSI52mDuSdQzXaDFb/w23DDl4nhGg7rG/CZ5jCd5xrv19i5XHRhTNNB7sVJBOkAlMBksfc0JuoAApzW36ROZdm1rzurJw9+kxDDuuRskuKUdU7QhBD/+P240dh2D3LaRsc51E98eo99DMyd7mm+TtKG+hP70ReG0bRsJkEL1xDXmExG7mGqDyvDVXSB83h6TazDOkkdp4mFLtlAvGsKW/L0mIwXiZwVTXVuASbgQjftofP91rGN9nzv9YZVL3Fq7X+R"
11:15:14.545 [Forwarding screenshot on session 7836b5d0-bd7a-11e6-9730-e5ec4f8847f6 to remote] DEBUG org.apache.http.wire - http-outgoing-0 << "nbKa7A5nA23okh7L4+CqVNSTEtqCctqIXxE/71+k5KQRZ59Z6DdjKfELAqhIVVbnwVRMakpxWyrqyDiiHdZnARWDAVWPIxJtHCvUU2i7i2UzA7q0Rccy7+Xl3EIIIYQQ37pBV65cufJdZ0L8+DSbzdTZwEun7fMaHb2f1IIFVzzc+nZGs8mETaVCp722qwBYzCaauPbn7aDZgqmuCZW7F1qPjtdrMZtp6q1snRzfZVezmTqbDXcvHb3s2re0+6DHurGYMTV1zYupdBub/q5iZeuaDpYi4pak4Befygr7lIhmi5m6JtDpuq+Xb6o9dJMSqQ8tgyfSiQsBU6MKnba7R8FmTKbG9rJstmBqpId9fyB6qL/+6LmemjGb6rCp3J2WUZ/baD/6SF/TtucAs6kJVF5otc7PW7p1LWkVLdwcPJvHlkTTVLSVuJRc0EST+vrDcBXtwdm9V7l39XAN3ZSHxWyGIdqudWmvZ5W7jh9ycxVCCCGEuNYkwCKE+N6zVG5jSWIO+IQwI3AIFfnFmPAhLjWF6O/dO1/NpD6wjK/iUln1/cuc+B6pen8tq7eBgTw3AAAgAElEQVR3XZvKb94aXo4N/Q5yJIQQQgghBkICLEKIHwRjaR7v/r0Q01ctDPObwKz58wnVXbPxUdeQhYJt73Fp4gNMD5Cv94UzzVTu2UFeaQ2NjY3gOoyAu2YyPzro2o38E0IIIYQQ3xoJsAghhBBCCCGEEEIMkLxFSAghhBBCCCGEEGKAJMAihBBCCCGEEEIIMUASYBFCCCGEEEIIIYQYIAmwCCGEEEIIIYQQQgyQBFiEEEIIIYQQQgghBkgCLEIIIYQQQgghhBADJAEWIYQQQgghhBBCiAGSAIsQQgghhBBCCCHEAEmARQghhBBCCCGEEGKAJMAihBBCCCGEEEIIMUASYBFCCCGEEEIIIYQYIAmwCCGEEEIIIYQQQgyQBFiEEEIIIYQQQgghBkgCLEIIIYQQQgghhBADJAEWIYQQQgghhBBCiAGSAIsQQgghhBBCCCHEAEmARQghhBBCCCGEEGKAJMAihBBCCCGEEEIIMUASYBFCCCGEEEIIIYQYIAmwCCGEEEIIIYQQQgyQBFiEEEIIIYQQQgghBkgCLEIIIYQQQgghhBADJAEWIYQQQgghhBBCiAGSAIsQQgghhBBCCCHEAEmARQghhBBCCCGEEGKArv+uMyCEcHSJWuNFWriOod7ueKq/6/x8Uy5xyniRFkDr7dHrdVprLZzHlTHD3b6V3AkhhBBCCCFEf8kIFtEPTSRNy2a0Vz4l1o5b8ld/wBhNNqNnHaK+wxaL/Zg8Pjp5kjle2dz7wokB5+RUQQVJW071vEP9CeZ4ZTN6Wgm1A06t76wVldx78/sEee3g1ZKmnrNXckgpL68PyLdn0HrUwByvHdx+ax4Tb/2AWyKvLu+t5+7pz7dZJh9tyOuS5qF3S7nXawcTb81j6q153DLyfZZtON6p3XRU+PsPibhZT081Xq8/RJCXcn3Ltp3vc16+MfXXrq33TzMfbKngkLPCFEIIIYQQQnwjJMAi+sEV35+4MOhyHQcrmx0+r2P3B/ZgQvFZSh2fXmv/RUEZEKblFs3XNAMNjodejfoTLJh3lJ3VNqe7NStZ+1ZZTBaOmC5Td/kS5776usf9Wr5qjVC10GL/r8JMA2WXHXbyuu6q8tDS3OJ8B+Nletnj2mmxl4G9Hur1h5i79AuOXIY5z43nlRQfgrjMrhfL+OWGkz2extXNBYa74NpTMl+1UGcvu51vf9FNsOY8u7ZYOuTlm/U1tcDpgbb1fvrohQ9Z+vTnnP3WKlgIIYQQQgjRSqYIiX64nqh7b4CsWvQHL0D4SOXjmrMU1Cj/OehyEx+VWpgx2wOA2nITRy7DhPmjGY4SENG4XV3goI3bdWjsfzvdDcBrYEn1m6pvu3n4jyUpxQNQc4sHQDOHii4BcMV/NKVlUYy5BtmZ8cx4Foao2wMqLV+DVntNzt0Xrp0iIvu3fwlATMYMXvm5UjkxMz9n0m3lHMo6yalVYweet+Kz7DXCfJ/2j6z6k/ytNfA3km8+wOR5EwfO+oD6273Furq6AK4M9fhWkxVCCCGEEEIgI1hEP/lG6PBxgQ+LztM6BuPo/jMYL8Ojr/+EW10g7x9n2/Yv32sG4L6p3m2fnf78FMnP2KcUeb3PnIdKOk5pqD1L8uN5TLrZPqXl5h3M+XUJh2qB+lM8OauUI5eh8i09c379SZ+nexzN/4SHp+1oS/femEI+OOpsiEEzH2wuZE7Y+23HTJqVz5sF12AIxFeNlOSe5u/7TJjq/8XzMbm8olc2DTp+mgXT8kizTzGq2HGoQx4WPvMJR61Ozu3g5vtuYfb8m5nf+ufngcyfMQJo4s1ff8C9s3axcLWhrS7rSz5hzrRd3DurgBJ7nZRsLuDeabt4cvNxPthc0DYVZ9K0veyocCw/C2+vzm/bPufxEvKPO4YymmnSeBI2ZTiLZjpEvnxGMtMXrtXtaNDlJnL3/avDZ4XvG9tGuGDFYSSMhewX9jLJq7Wt7SJh84m28qD+FE9O+4CkLZ/wcJh9CtLmL3jz17tY+Mwn7Nhc2Ha9QdPyebPEPkqm/ixPztrFss3KpKb6kk+4d9pesj+oaDvP6Jt38OQrDmkBtSUGls1qbaM7SNhcSfJDu1j2in1ylPEkSb/+oD3NsA9Ielfpb0ffLeLJDU0Mumzl/83a0X6Ms/7Ulrd8kjcUMMkrm9Feu3hT/y0PvRFCCCGEEOJHQEawiP7xHUn08E/ZtvMcnwPBXKIo7zxXXDyYHeNPy++OkZFzmqMbb2Y8TZQUWbni4sXUIDdoVkaV1OUYeQWYuvAGzPvOU5ZjZM7FT/gs+3Y8Oc+TUYVkm8BriheP/FxF8bu1lGUZmWP8hM/+PBzULsBlBpkugbpvo2GsFZ9wz4JjXHFx4d7fjMTrRB3Zu8+yNP9jdp2dwYRuFlnNf+FDfr3RyhWdmgce12I99C927a9j9bxCdJ/PYfbwqy9Gi6mOXbstXHGx8fBzFv6Sf6nDdqPeQrX5ayq27OWn8e1rigy6fJnC/znGtJyv2Pv5VMb3kk7FgS84OmQIjfY4Rwsu+IePYDhw6lgTR/Rw5ayZ8+thDNDSbKVMb+WKC5hbj6m1cERv5Yi+jOwOeTzPf95ZhH/dNIJp4tWYPF7e3b697E9Gyjrkxo2Y56cR0ymPH71ygC3HgfvUDO3lenoT9vBIhrx1lp1vG0mOHYEnAOfZ+ZoVr3k+/MdFIxnHW/e2kDwrj1f2wxWdO7HzhlCWUcvbK/9JwRErBX8IRN1i40hZE0f0x9rSONXyNbXHrBTqj1EI+Ezx4g4ayN9fx+qffoz/F7O5q8XKkbJLNEQpo7Zamq0c0Z/nyV+c54rOnbnzYFdOE9lr/4nbzV4kz/aCo5Xc/dPPqLsMYQuHM8Z4nrdXfgbAreNswHkSph3gbRPcOm84/6Gz8ZeMOjYvLQTdbGZbbBjtQSQNrngOvQ5660+5t9vzVseR1gAfVhg6wFFmQgghhBBC/BuSESyin7y4e971wHmO1gCY+PtOYIaOCWoPJs9WQ+15io4C9fb1V+aO4laHAMYVFzWvlM4n641pfFgxlTkuwHErLUB9wefKw+DC26jMncEL66P58PMZxOiAs1a+8hzDK/8bzq0ucOszk9j1h2D6EuewmJRxAg/88R7+tHEqr2TP4Y3fqIGvKK/s5tt661ne2GTliosHuyrm8Mr6KNJz5/Onx9UMumylpNwykELsMJXI1duHP2ePZ6pLa/l4kPTnO3hofD0bn1aCK1fCR7K9fDY7M0bj5QKDTGfZ9G73i7k6Klxbxj1TCpk7TfmzYHph2xo57aM4ul/bxHF7q6mP30bhkbt48r7Wzxo5WQtWvaEtuOI1ZTTby2eyPWVkr/n74IUPWLS2jisuHmRuvt0eEBmAMaP42UPXQ/GX7DUqH9WXfEH2ZfiPRWPxbmzftTa/UgmuTLmR/Z/PJnljNB9+EckcHRj/9Cl/rGgGVyUo2NpmT52cSfqvRrZNMYp5fSoHcmfwp9yfkTzPhUGXm8gvtdDTYjFe9/lR+vls0t+azcH3lTlM"
11:15:14.546 [Forwarding screenshot on session 7836b5d0-bd7a-11e6-9730-e5ec4f8847f6 to remote] DEBUG org.apache.http.wire - http-outgoing-0 << "BfvrgEu8maQEV2Iy7mLXG9Gk5y7gjcfdHTJcR1ktXLnvJ3z4VjQvbJxB0d9vBKCi+DwTHonmL8+5c8VFzdrc2SQ/MrL3/tQpbwcbYvjkyEwWjZfYuxBCCCGEEP0lARbRb6H3jGDQ5ct8/FkT6E0UXoZ7Z40GIGKaN4MuX2Zf4Xmsx2o5chnmzhxJa3ylGRj20HhiWh/g1Br8w4AaM5/Vg2f0HRw5PpvdL46j5ui/+Cj/c9585QhHHIMCFmXh1IbmnheR7cIe0MhenM+cXxfy5rsn8H/qXk7Xzef/hnfz6l+1N3/6Yi6ln0ahO3eeQyUnyd5yiPeKvonVO9wInhFAeJj9xzAtC2bfxLjaM+TbRyRMmKZjmLkBlf9wbrPvVn1VQR7XHheK7c0V/5FsWh+Ir88Ilj0+2uGMcN6kTGe64uLCM7+P4i5fD+56ZDJJ9/V8i6nZUcivNzZxxcWLjE9nMmMAI4JaNaPmvpgRDLp8qW2a0P6dX3LFxZ3Z9wzDcT5OedE5AJ76rxB8Wz/0HMOq9UpGTpta7OeEYQ/8RGmznh6M8VSu+YqLmrlzW4NI13PH3Bt6zd9/LA9sW2NmTMQYwtqKp4VaI1zRjeSpn49o23/2U+O5tXUfDzVaYNDuYwRNyydpcyWfDQvkVEMMWavGKmdpURpMi71p9Kk/dcrbcB8PfrRvBxdCCCGEEOIbJF9Tin4bE6HjVpfTHPnnGT7yrOWKiwv3TdUCMDxiJGEuRv5Zcpp/fGVWpuRM6fjgOXp4dyvBXuarFoCv2bv5AI9t7GZ0RuuyHVcRIRgeHcZrz3zFYxvrKMs6S1mWsm6Fz7wb+fNbEe0P2G2u50zppzz+6DHKTP1Pr/8cgkV1XysjJBwCSGUby/npxo5HVBbVUs9NTkd9/DJzGi9MG4ql9W0+XMfwqw1keF3fVvSdw0yf7W9fl2bYkNb/up5b7lDD7u5eV93MzvSzXHFxYf2Bu5nt080uV8NymeHRNxLmcpqdb5/mldjryHntEsy9mcnq6/jIYVdXVxeuuKiZcEvHAJtW505no8d2E3IY7oW/Q+GP1HUTqOvi6w7/3TZ2qv4C+rLO2wFXZapOA4B6DJty/PjVvGqO6OvYrK9jM59xRefBq+/fTUxwd+n3oT91mzchhBBCCCFEf0mARfTf8BFEh8Hre7/kL2oLDB9JVOuIFM9R3BcJG/55mqxjyrbwTtGLnl7T7AocfbeExzae54rOg6dW+TE5yJPQ211Jn5XP7we0tqwbP024m+NPtnCk9BSFe428/dp5jDlfkLjlRv70yIiOu9ef5PGYY5RdhjnP/IR50cO55VZvjm/+kIc39m2FWVfV1Y4VsXN4C7XPw348O92dSy3QbLGBm4phPxnZ65Qa9dDBqD3duh2R0BYkcXwdtLM3Xzspf/9QL+AsHQfFXeKzyp7KqoVzx4DhI5lzTaejfA2MZdEDLhx67zR/edfGrsuwdNE44OsOgaEWy2UGXbZy7MtLzAhuz8NXjV0Lods2O/T6DmvGDGhsk6eGYF/4+Kvu1z7R2P++YVIIO8+GcObzMxQVnuKv756mUG/hicVlRJdN7nLcN9efhBBCCCGEEJ3JFCFxFTy4a5oHg/Tnyd4PQfN0DiNA3Jj6My8GHbeQr4egeaO6GR3Ss5P2aS//mTGdhEdu5q7JI/A8c5YPywAud3yI7cfrnj96YRf+I3bwP8dcmTDjZp5YP42CHGXYhKG66wiL2k/OUnYZvB4OJf3525kdPQbf4S0cKm4NGPSedkXBMfLzj/PBB+1/duw4wak+vgFoeOjw9ukhVhXT5gcSE3Ed258+you/M5BX1uj0eEVPoxLcmRxlD7uU1VJacwnq/8Uffne6b5nrRDtOGfUx6PIlVj97iBqgpuBT0nZe7uEIDx7ffRd5u27v0xo6/XX3/xnJoMtNJCz9QlmA+R7lvcWOIa+xtyhDbd78n2MOnzbx9h+UMnBVfZsLvQ7G9w4XBpnOsnlH+2iT/M1HOWIvwnr9J/iP2EH0GiO+wWP55aOTydobZV+7R+kbLcCgy1ZOKi/v6l9/EkIIIYQQQgyIjGARVyU0WgsblYe3yHs6LmZ661RvWoc7RP50ROdDu2hx+Ns/dAhg5fXEj/H9f764fXGa/372tPJ2lBoz5bUwxh40OLlJz8O1tTyTNIHgzkM5WpS1M6hTzntLtDdsNLJh+t9peOlGfF2t/HWDsgrq3Pu65nH47cO51eULKt+q5Pnb4a5RVnb+91Gy7W9asba0AF2nkjgq3PgZhZ0+u+LiQsbnNxHhpBza/nu4P48treCx/7mEMesot2Ydbd/h+CX8w7wZiKEeSvRm0OUmfh26Y0Dn8px8M4/6V7P5ONTlVDNVU93LEU2kL/mI18s8+PMXM7lrwKvbdjTmnhuZ6nKawssw7IEbmWyPJTmW8fjYIObEfcSuP33KvdY6HoxW88nb1WTvhyvhN/J/o92hvtvTfwOBiev5j2fG8+J7n/H24r0ceXgk/mfOkb27/e1SnkEjmeFyjPz/+ScL3cwsinDj0F9qlGu8Q8sYwDxGDVjZ+IsPOPXsBB7oQ3/qri0KIYQQQggh+k9GsIir4nn7SKa6wBUXd+6K8OiwTR08mjk6+7ZQx23X4QZoOi0VoVEDqBjqCuN/fgdrF17PIP15En7xT55ceRrNQzfy5ELl7T2fHmmC4SOYO/d6Bl2+xIdvfcnJ7p52PdT4AYy8DleUNVjeeO4GhmFl88qjJMR/wce1LsS8PIk10d0ESjxv4uXUkQy6fIkt8eU8/IujvFfnxZPPKeMtyvZf7fwKdaclZNq7oKZ1Ho89zwDzN87ilWc6LpZxxUXNo5l38cTk3tf8cDZJafJTk3jUYRHaKy7u/PLxG/By6ZivNg7ZcHVrPXPbCqys2TeVR6Y4nM/fiyefu6HLsR3zZqPlGkYrRvvZC1E9hgceUuLHi2LHtW3XdJgrNYL0TyfxyykuHMkysuY/j5G9/zK3zruRvB0RbYvRdm2z1+HtZD1bV/s+3bV176Eda0TZRxkpox4fROWBUGb4u1D2p7O8lw+/fGakvT4A9UhezBlPmA4K/1DNY4s/Y0uOFZ95N/L+HwIBCJ7py1QXqDvexOurqxnal/7UQ96EEEIIIYQQ/TPoypUrV77rTAjRWX2tBfNXXzNUO5Thnt0PtLLWN9Psdh2e6n4MxLI2c+rcRVps16H19ej9tcDWJmrOtOCqcmWMj/MRK98ka72FM+avQXUdo67xW17qjRbMNvpWHn1Qa6zjK65tPj96YQe/eGsk5Z9P/kamFCll4Ly9fdMq3i1i48fuvPiH29uCO1R8wpgpx/B5/A4OrL+pbd9ao4WvbDBUO7ib/F6ivvZr3DzcUNsroC/9SQghhBBCCDEwEmARfbbppSP87qUj33U2vreipg6nqLD2u87G95aUzw/D08/eyopnb/2usyGEEEIIIcQPjgRYhBDfe/nPZLM4YySldVPbR3f82NSe4sn7isk+3vHjGc/dwZ9W3fSdZEkIIYQQQgjRdxJgEUJ879VWnKK8Uc3UyTdc0+lR30c1Fac4brKBSoX/rTp8h8uUHiGEEEIIIX4IJMAihBBCCCGEEEIIMUDyFiEhhBBCCCGEEEKIAZIAixDiB8SK8fQp6r+357uWvs95G5j62hMYL1i/62z84NTWnqCm9hT1zQM7j/XCKWpOn6D2K6kDIYQQQohrSQIsQlxrX+3hzmV+PFd66ltK0Io+byNbPv1hv6Gn4m+PMGjZT/nwQs/7WL/IYuxv72SzoeFbP9+3rae8Hf1HfLfXdbQolZkr/Bi0TPkTnJRIQW33D9A1HyUyaJkfvy3r2GaK8xIJth8/6Imf8tt/fNo1jSda0wjjwS3v4HgGa+3HPJc01SEPq/4/e+8fF2WVNv6/ez0NgyCjkjalmIq7wIb4i9AkDH+LaWpmGWa6i5SmPD4OFUGBjkGp1DJmiJjos5JpGGlohj8gm0RQ+UwGwjriChqj7oSNAqIM0/fV9497gOHXAKa2++x5v17WzH3f55zrXOc6hznXfa5zONxChgusih5H38+OdUIbFayJcue+FYm/yeFUcX4v6w6eavuBe953"
11:15:14.546 [Forwarding screenshot on session 7836b5d0-bd7a-11e6-9730-e5ec4f8847f6 to remote] DEBUG org.apache.http.wire - http-outgoing-0 << "oaFui9yZvO1oK9+BG6cIj3LnwehxuEePpnvUam6vt9eyf9tcukSOxn3VOB587VHW3U3bv3GUWVZbWJX/7z0+CQQCgUAgEHQE4WARCO40FrgO3Kt3wxWnNDy2O4nzt+ruUYl3h39ebX9SW3zqIDCWqV6Ke57fvaY12cryP2ByWkaLZyuLEvHalsChmt6oJkaiHjSYovJUxkSHc7r5w9cOMP/TVADMvzTaTEX+avx3p1Ikf5zVU15mkrkEddp01lgdd7XnP5bKMPcmamI4KiXsPBnNuI17rTlc4K3YBawuv8wzQ5egGTGWovJdTGouw2UdGmD144M7r5Qb1VR3PlV9DdHEL0dVamr7kXvcd5tz09oeZusKlbM3awCoOJOBxkbsfq4P4HA7BVz7lsjc4zYXBuOtvIu2b6lrcASZ+fcenwQCgUAgEAg6gjieQiC40/QYz+lNpfesOBeZDAD5/S73rMy7QfsTxiqOnjgOnu/j8zvkd29pLlsV+3eomKY9Yr3f9CylnKOfAZASkcXCgY7AK/hvm8mk3APszL+Ej1/94dYVrNMsIcf6Td6QQwWf7tsMePBVzA6m9oLIYf3weS+aqEOHiRw0l+xDGwHQqL5muZcCZk+DZePQnPseA9NxKUpHY4aAEZvZvXA8AMPun8mY3AMc1VfhY3UUnT39NfA4gY/26rxa5DIkK69toYMOJEbhDIOc7FjGPe67rdOLha8k4X7RhGsfqfX/ce4H6ZbzfMoT1LjdbtZOzvQGigCN6u8s97pLZ3KZa0HuCE5dcbo7JQgEAoFAIBD8SyJWsAg6jvkU4SuCGB0+k3XWt9oVpxIZHRXE6KglaK0hC9r0JfhEBTF1zSJGhwcxeoWa09Y3snu2LGR0VBCTN+6wviW+wKq4IEarRjM6YkKH85618YuW8t04wcLwIMJ3fMDC+lCJZTPZcqqIw1+qGsIWRq/9gLMNexhUsD9d1RgWsSiA8C+zG95gn/1uNT7hQcyKmyndj4pk3zer8Qmfy6odkQ3p+kct5BN9hY0cAdZ6VJC0Noi527ax7qOZDTJMTki0kQFOf/dBY+jFsrms2qFidPgStDcAasnbr2a0bWjGxm2UmaGy6GO6fJQEwP/+byBz06WQgryDq5kcPqwxVCNqIVuKLjXKFxXEwo0qRlvrnNRqmEAV+9MjG8tdFsRb+4826iZ/G3OjhtnU6QN0N9oyngqSEoKYvPELm9UB0jWftR83CXeof899NvcDJocPY3TCNiks5EY+X5hgyWO+dz4/q+289WWije0EEP7lUZucatHuVze1Fas+KooS8VkW1GC7DbKsiERX387XspkbHsBb35WAuYSkjXPpX59X+ExWHTzRWFSTugLXciXnijKIEFdJFtt2MvEIg/ouYdzAxgnz0MEjW7SC7stIVEaYpPQAoMEErxXyhRH6ec5nar3fo980Xu0LnP2KPHMtDw1ZjjowjtkNK2pkTfKWK0ezwf9lwsf4NVx7pO8ASRu36kuqJSf/CPSdjPGzufS3GRuokPQzd9uBhvRnv1HTf9nChv6PKYtVH83lvkWPNtjcaZt+1LbdV5C09imiaqBIt4z+4UvIa81Wm/RdqDz/BQtX2IQ8rVCx57z9kJrK83sJjwtqSHPfsgCWpmd3YlVMBQcPp7InfxfZF38i70sVwdpC6VZNBlOi6sfIqqZjl7V/timXfhuTo6I4ZP3+xY6ZzN2yl5+KPmZyeACTExr7TWXzazdOsHRFEKNXLGHLNx8zy2ZMWJNb0ljItRO8FRfEfcse5b5FASz8+MOG8trEXMKWLQsb+8KiYU3HErt9RepnszZ+wKqEoIb0C7d90SD3wqgARq+IbMyvIpuFUQH4xH2AoQOtIRAIBAKBQNAZhINF0HHkA3mEEnJqCtlyVAfAyeOfkWMqIcd0gIP/qAAusOu7AxSZSvjlYQ+u15SQY0xl/7laoIjPTx4hx1TCoR++4pQZOH8IdXkJOTer6PdfpR3Ou6ZXK+9wLTcoqSlBo03ipHI+msAZ9DMXEpo8nUmZ36KaGEmUuwc5pUmEfnEUqOWThElMO5xBdd/nSZmzEpWyBk3my/hZwx5+LNNSVFPCnvJCJvX1YJCzO/9fmZaimuOotbvwGRGOZsRYLpqOMF+z0hoKcYOTNZf5yRqyU3W9hJ25q1AVgXpiOKq+vTl0NoHZW6WJpCFXzeBPkzjE42hmrSTqwTOotRnk1JRSZ5HCP/z3pnK9z3xS57zP6kFKdv6wirEf76Vbf39We0qhFi59JjO+t5Kz36jw372ZQ/JRbJgVxwb/IKpNRwj96A1psm+5gcFUwtYfMriuHMwgeU/6PdAyTGD/lueZdngX5d2fJ3XOSpY4l7B67wJe++4Chlw1Ximr2Gnqx+rpcWhGPM6hs0k89tqSRodCMyoMJRw6c5qrza4VGX/GNklXJ2mPEK9tSRz6ZRRxf1lAN8Bw5ig59OapP/W/8/lZbWd1ZgLZrs+zYcrLTOIymswFrCmSJtSHt81kzN5UqpUzSJkTR1TfGjR7FzBxWza9XB+m2lzClhOS7XJNx86zJRQZd3H4nJT+7Mkv2FlzmQcffIi0j+ew9IfjjPeP5LM5kQRTiHp3MKusE/vmdcXJh0OhX/DrO0mE+jQPrVHw0qs7OB39OgMaNcGn+zcDMND1AQBqz2/j2cwj9PN8ny1zpzXNwuor6fuAskm+3u6DAROmm474+i9g5dy5uFGBLn8vaxKWojHDJO/HcQMce41kyYIonhmo4GxRNp+kRzI2LQOcn2fWMKvXxlzArnII9hvFwJ5duGhMJbteP6cl/ezM3ctZAKrI/DaVi2YFD/Wol6kETdFN1FMiiXLvzaGzSczdni2lt2v3cv7oOYEAgO6j+MtjAbg29Q9Zsem75hP8Jf4Ntl5/hNXT3yd14vNUGzOYFa9qGXZVz7UDTItfjqb8BlET40idvoRn7r9M0uGXWXuq43uQGC4fZ095IYf/aeLGz/lcbLhTSZGpkB+r6tjz0VNMO5xBwy45Zql/Tt7RupOlrrqMQzWXG77nGEvYWZDLFcvPHKq5zCFDY7+pa37NcoNCYwk5xgOEpq1hT/2D5hKitoWwpwIwF7EwMpjV5VaHi/wyW4tsw5Fao4qk94MIPXmE4UOX8NmcOKLcnaWx5GPJid5eX6mqKGHPD0moz7qy4cV1rPZ0ZmvuG4zbeAC6jmTJSE9yjLt49uMvgApWJbzMVtNlZk8OtrsSSP2tmvtW3dfqP/W36nbqJRAIBAKB4D8VESIk6AQKpjwRhGr3AYrOfIsBH7LPNP5g31eo573+5SSZAXoTMvFlfpXF9UMAACAASURBVD6/gaVG2F9YwHIXPTsbnj7OCUMVDqe+lb66vsDSMeV82tG8/Vu+na+fJPZzX0n+mwtwBIZZzjAmtwR16Fes9OsD+KFf9CznbtXBtWN8fLYS+kZSEP0K3QDGPcWDK0YS9UMSh29Mx8EahrBkzgE2jJPe+mu3fQ2A6sVvSHiyPwDeBDHpZCk/XgOfZhM3aS7yOIfW7GBiD4D60IrjGPBl+75U4HG+fW8HgV2Byc/gFjeUpeVS+h8vSiELE4fO4KVxw2Dcs3juUFPo5Exl10EsnxRA1NlCZk96i4XDFOi+hEGuz5O+eg2eAMzlj78EMemkiX/elPR0E+jnHknOm9Z6N+dGNmtOloByCfnvvE4v4KUnvLj2RjCFBTl8UZkKePBV3JfWFQ9zGf3QEh7be4C/Zp1ix9RhLbKUywHkNmEp1mtmmlz79otI1Npd9FO+zL63o/Cx3sw/Lk3WR/S6C/lZ3273c1+J3mo7IV4udNEkUHWrGswFfJBbAn0j0Ue/IlnFuFkMXPsoobkfoX12M4tdIargW8oIQnbmeEMYzsnCMzBoCNn5B4AZzPCqZvPHlcDjzJr4AlN7K5gzYgien3zDYy7yVuuKvA8TrWE+dZb21kJUsCXhGVTlMGjoOmvIUAlvfbiKi4zl/4U/S89Tq63PNg2Xuf5Ls6ysZTV56vJhHkuJbvjq9pCyaRoq2Pbxy6yun4R37UlX68fKvx/lEN34zMcDH9kMBu09whe6ApYPGs3JH/KsT+WRcxE8H8jn"
11:15:14.547 [Forwarding screenshot on session 7836b5d0-bd7a-11e6-9730-e5ec4f8847f6 to remote] DEBUG org.apache.http.wire - http-outgoing-0 << "CyME+E+z2jHAWL796xapnzCJ2mXj0BSfxMB4blTZs3sFU2dGovsulesDg1k5d3Q7OgRuXpNWQXQfzpypzzKAZwno7cZH51xwMNPUyOrrZzSCvDeaV75m+SDJaflcP+jyUVKT/W7aoz7r7sDEhV/z2c2neKHoMjjPR/9OOP2uHsZvmzQ+Lpl1gA2TPTh7UIXX7gwOaTeSN300o7o2zbOXn5rrDw5n2nvLycGDz976hKAH5NSd29Ci3BayyGgI9RnkuZJvwhdAUSIPfpQAXCb/3CUCZOlstT6jXnCAlf4e6PareGxvyz2DGrhxnn/U9eYZ/2h2LwgCYM44fyqXjSPJcBoDj1NQZq+v1BvZYL5as4OpPYAnx+AYNxTVD+s4fC2IiTM1pJwNJPTsG/iEd6OoBp6ZuM3696Bt1GPUAKzSrmpyfWXgyoZ7AoFAIBAIBM0RDhZBp/AcMZ2A3QfIMeew9zt38m2WChT9I5s0rdUr4DqVcb0VmJ4Igt0HyDn9DRkO/2iS13cnvqJSL73hfGZkEKNGGDuRd9sy9n3IvdnuDB74/6n+x7QbI5zhHFBx4RQ5QNS4qTZOhl7MC3qeqG27yD1XwRhqAQ9mDvOwyU+6NmV4/4YrDtae1NruDnIAZx+GNryFd+ZBZ8AsR46RcyboN+gF66QRQMFzk+ezNCULAJ9h4xm09wCa3c+i2Q0BfWcQ/OQslj85mm5AhcUCgPmXakCB70wNmV7ZpG+LJP6fP3Ly0nGKzJIebOXzHDikdecKwK0argPBI4No2ClDPpId60uBIhYuAtyDGW+zjYZv4LME7D3A6X/a2UTULo5AIWqt9AZ81oT5Dc4QKCGrqJKAwAA6vnNH5/PzHOjVYDuObkOkFQ9AZdkZKdShfA1+UanSvE4ORSaAq9yw9GLiyLFEZR7kZIWarroMcA1iiewASafzqTRDRrnkLBhAH54dH8TqvQeYtmoo0JvgoTN5cex8pvZT3GZdrdwoYlX8dNRGaSKc8+p0APZvWYbGDKsXv4MvYLCG7NRaaqADpTRxDfSey631szBXnWHdphDUe5/lj/1+IHJQ/SqoXqx4/++soJrsL1YyTZvE9C3DOL1wPCe//xLkkxnRG2AUL7pCVEEOFfQg82wlkwbN4GZRBtn6Eqa7HiYH2DDSj4aJtPMfeLShn9T3I6mPtW/31VIuVkeHbn8kb52q4AEZYPmZhwZFkTDBpp49vJjgCjnGJNwXJdHPdTBzfZ/nL9Pn4ilvI/3MBRx9z5e0rA0sPfQP/lHxPYdMjeceVZ7fwavbvgLnLgD8bOmFevlr7WhfwUOKnsBlkMtx7aqg+szphpUrhflrmZsPtXVnrVdMmCwlrElQc9LSBUegtgaemavhJTfnBkeJq6IX3brS6mlEDrS6vAeA2WOfkiym/xAmgdQvZPD3v1v3iWEGL/hL46XvhFlM2pvRdphQ12EkvJNF3ndpvLVRhf7KGfYYrStgnOXI2+0rFdKGwO7PML5hfFUwxS8IVXkeplu10EPBwuVbyX3jWbbWVNLPPZIdszvgYKOlk0U4VwQCgUAgELSHCBESdI4e/gQrAS6z9NM15AABg15miStgSuWFw9ImnM9YJ+aeI6ZLk1TTZuu9bqgC5zMI2KONRm0E6M2cEcM6nXdrXAdGP+re8oal8WOLCBZZU7eIXCZNsbu1PcdokedtY67hWnuZ9X6W0389wGdTXiZY6UFOeQZLP11A96jVre4hcHjbTPpqXkaVuwuDpQtPPxmJqtkig+uA78BW9GSltuoaRUCXLk11U3ujikpzV7rJAVnXZo6s2zrXpAWTPGcwSQ6aTxey3zr7q72YRxLw7PAhdy2/ljqp43r9p1s/A9BPOYMXfWYye8hUZntNRTMxHM3EJfzBCXxHPEU/Kjl0bDdfn6skwCeYkJFjwZRLetYeDgHBI6X9SXynJvFTxGY0I2YwybmGnT8kMU0zmllfnrrtutZe3Mvk1yTnSnBgEvnhC6wOtEscK5AmrVHJo7lvkTt9t0mnCGm2jeO+8NVUWM2ve7M8b9y8ATjSVQaVFSXozl8AwFHuSLdew1g+80UACv9xHswVnNYXUWm97yjvxdS5SwgBioqPYuACmQWXGTRkojWUqRcTRz4ONVr2fnOAncDzT73KVFfY+cNePj1+EJjB+A6e8NQRu29St8ofOVT+PbmXvie3vJDiyuYrTPqzcvXf+X8vrkTl+TgupkJWH45mcOQwtpyvajV9pf5j+r82nRcyN7O/4hZuj7zIhsCghhzrqi6z03hcSnPpew79VIVDe+OMLQ2DV+Nak/KaS5TXXKKGRwh2H8szff+EQ1U5J88e53trOXuMRyitbiN2ryHLRkH+cfFM2yI0rMRpY0WOXN6JkeACb4U/iv+nq1h95gyO3YeimR5JsM3iFHt9pZ5+Tj2ajkUyST919cPqTRPXrPldNJbahFy1j3qMmpWBK4VzRSAQCAQCQYcQDhZBJ1Ew/omgJlcmBMxn5h9sV3hYHSZg4zSpZzgvTpnNCNtLrjOtK1I6mfdvpJdrb/oB+45/Z3O1lr3fZAC9+WOf2zjlpLPI/8STSrhY9IV1Q1uAKqsM0qt63f5IfN7dyqMzo9jxzgF+3XSCDe7dwLSf/ArAGtYhnSJ0idyCQpDPQL+plIPRW3hv9iuM7tXKkh87IQuOSncCgK35eTZXL/Daa0Pprk7FyRk4+wV5NnM2w/f7yQF8WoSMSEhHz9okuKHnZJPFLtLKoLfCNex66WWghGkffUAFjUcWj7aZbN/p/IA2ddLrjyOs+3cEEDn3dVYuiGLlgihG3m/gu/MXuWEBej/OX1xha2Y0SWaYOtgPX6+RwHFC9+4Ceb2z4BLrEoJYlAPLF2o4mHCKX1e+Lzkdvz/GibZks8flvUx8bzmH8GDD4hPsmBtkM+F0YfLUSDRTItkwJZIN01eyepC0j0uA58ukzByHS4++DJZDTsFhyhrSFbH7h8vgGsCjXavYmBDEY/HL0dqo3PSTtHFyD9celB1byWDNdFbl2hyPfc1ACYDrAHpe1qExw+zhjXvI+I6YRj9KCE1LAoIIGOjBKK/BUJqEqqiyWXiQPTpu9/XHPAfO3cGvm05xYf0pLmwq5eCCpqsaKs9/wazwmRx1nUNC+A5ObyqlcM4MoJLzxupW0588lspFQPPfJ7iwegdbXn2d5/rXt6MDvYa9zq+bSqU060/x6/okfFuLy2kHF+u+OgBzn97C0dUH2PX8GLrIFAxx9+ORh8az27acTaWs9GtnPDN9z99vAFRx4uz3nZbp0UeHSh/Mu0jNvQDA6WP77W5yW3lqJ6troJ/n+/y6/gA7wtewfKqfTbe231cqkcICLxZl2OyLU0tOfgag5CGFI3CJVfEvs4duhAwaCzW7mPxRK5uk20E9Ri2cKwKBQCAQCDqEcLAIOk3DqhQAPPD/Yx+G/unxxgcaHCbQwmnSdyS+PQYxxrMxOCV45PiGFSmdyvvGUeYuc2dWG5s6tku/aUT0haKiN5i8cRt5+qMkbXyB0NJK6PsCQ3q0n0VHaO29ccMekSiYHTQfOM6Yt+aybv823lobKMlgnSJ3vb+KItMu5q5dzf6iUxz+Jo2M0krAj0d7gYurpJD0/SvZklvCf8kBcz57vjnKaf1Rkj4KYlbRZeAGN261JWUVSWsDuK/+dJWufrzi2Q1KVzFri6SbdQmLSQKCA2bx0sQZwHH81Sr2nDrB4YNqAj7dBXjw3LBBLfPDBTclUJPK/2zbweHcHSxdsYA9APKmOrpxDbr5RfHZoN5gTGJR+jcc/f44uI/Ht+GpO51fO3T148/ucPHsG4z+KBGt/gSf7FiIf+Yu9hhB2RWgD5N86231cQL7O8JAf0KsVwKG1DsLXOB6CXtyX2bhji/I05/gk8PZFAGDBvbjVGdlo4qkrcute764UlG4gfCNkdK/jyJJ00Pg5FdYPvMVlsx8hSVTF7B8rNTLJoxdysInR+KIByHjxoJ5F9MTEtHqj7Iq7iW2AkumzKYXCp4ZEwQUsuDdSPYXnWD/frW0iS2DeX54fwYMm84gQLNtIWu+OUpe/g7mxkpHQqvGBXLxdDYwmEm2xzP3DmSu"
11:15:14.547 [Forwarding screenshot on session 7836b5d0-bd7a-11e6-9730-e5ec4f8847f6 to remote] DEBUG org.apache.http.wire - http-outgoing-0 << "s/Sxn2cAnsDQwY0jwLMjG08kst+PHKz779ize8l5dvHk+7yV/gVl7Szo6ObqzLmaElQfh5D03VF0RXvZmfstAA8qWj8S3fWBRwD47sRhdOeL2L9fjd+2XQDo/q5vs6zmorQUrem+O44DX0Bj9WOu3jaa0XEzGfLRGraezUB9vATn23DaSGNQAKPDh7K0tLLF3ZutpLC91mvwDIKtn9XbxuETFcDgtF0t0lQUJdJ/0TDWFVXQTelBP+BiRT779UXo8newMPxZaa8uOZjt9pU/2YQ4HuHpFWr2F51gy8YXCC2FQYOWMLEHHN62FLUJJvmvZ8t/byHFvRsXi95g6TclLWQTCAQCgUAg+K0IB4ug8/TwJ7iv9aetcgJDu0KvP41mkvV2SEDTEB5bp0nIMH8AAh6bbL3iwXNP2KxI6WTeP5uh4lbjqoPmIQ4OMkdoFsjSiIIlbxxA4+nBoR9W4a9ZwNIfCgnwDEf/Rpj1hInW0reWX9NrtnK0FmrUTQZ0dcEFcPNXUx4aSQDHUe1dxerrf2KSHOonVZ6TV5E69HGKSjcz7aNnmZSWwCH543wWsQpPwHHgKKJcoag8g9DPtEyeFU4Al4lKW8BgzQKWnuuD2j8IuEyWvqRVPYGZqprLUHPZut+rIy+F72HDIA/2nJR0ozpbQrD/+3w4dRCe4zTkTn+efqYMZiUHM2l3Khedx/JZxC6e6d16fi++lESwHHbmRjNpWzT7XYMIdgacH8DFRof14QVzXvmIEDnsORzNOiOE+Pk30fedza81ndheU7DwzW/YMGgwOUUJjNEEM197hH7K5/k2KqrhNJJRftPoB9B3jHWvkEFMGiQ5wIKf8GvIa/HizSxx7cZW7Rv4a4KZn3uAAM9w9k5zYksrstni4OxKE3szn0dXXv/lOOrcVDQ/7JL+Fe2ioJXQEHNDRFrjPd+ZGnb7P07R2QTGaBagLq8kODCJv1o3cvacvIavJgZx0biLaR8FM21vKhddg/jqrVRp/6AeQWQuXskkeQlRaQvwT4lmZ01v1HO+IMG/P9nHDoDyKYY1mfz34Wl/ySk19TGpzt0eHc0zAPLnmWKziqdlP5I39CM5vZjXrt33wf+xsUAJqw/H8ffWPAbYtHmPIHa8uIRB5uMs/XQBj320nNXloJq+s2ED2+b4TvgfVMpu7DkZzWPx05m2N5Wp/i/zjBwOnS+gpdtCqodbd+uYd39r36Frtz71j1pRsPwdaewCyCkv5CLQT/k8uavUdk/HkWi0n17DlvLZUOuqIvNlcmoGs8R6MlljeQ4Ne7fI73do/Zp8GFvfWieF9wBFpstM8nyeZ5zrs7Kms1RzkUrppKbeE9H4jwXTLqZppvNYSjQn3V4myr03mLScuWanr7wwvmmVrqcy7aNgQn8oJMAzkr3/PZ3a8x8zKbcQXF8m2bpCaeHS9TwDJKVF2KwaFAgEAoFAILgz3Pfrr7/++nsLIRD83tReu8SVW9BV8QC9urblkLk7aL9UkVo5lg0LpjdMe/ZvDGDaD/DVmhzpZAyAGxUYbtXB/S649Wg5wau8UQUyhbQ/ClUYKqoBB9x6/bZQp0bd9KFXs5NJMFdh+NkEXVxblak1KioucQMHBnRYrloMl/+JywP9rXW7u/m1m/raJa7csiDrRJ3bovLaJap/AXmXerv7bbLdCerr11XRv2V7A9yooKyqBmTObehcqoMFGa69+zSsMqi8dolqHsCtx93sXx2we3MVlRYHunW4n9dSUSEdV+zSq0/bG0PbUFFxSXpe0eeut2PltUuY7oA91l67xNVfOl5HOzlhqPgn3N9xeWpvVHClqs7u+NuyrwBUsCZqJFEs4afVr0PFJehy78dwgUAgEAgEgnqEg0Ug+J3RbglgzMnLPDM0klcfH8iP3+8g9OQRUIbz0zthnT9JRiAQCP4jqGBV1EjU5pf5KSFKjJUCgUAgEAh+d8QxzQLB70zgnGTUVxej/mENe6wnnQ7qO5+PlwrnikAgENij3dPeBAKBQCAQCO4hYgWLQPAvQu2NCq7eqmu2BF4gEAgEAoFAIBAIBP8OCAeLQCAQCAQCgUAgEAgEAsFvRJwiJBAIBAKBQCAQCAQCgUDwGxEOFoFAIBAIBAKBQCAQCASC34hwsAgEAoFAIBAIBAKBQCAQ/Eb+S61Wq39vIQT/rlRzMDGeA8aejPB88C7kbyIt9gNKeg7nTw/KG64aCw7y8eZtfJ11kssWOZ5/6NOh47DMpmK+SN1K2uf7OKYrhQfd6f9Al4b7xdlpbP3fNA4e+4Eap7549lF0SJ4GDFrWvP8VPfxG0NrtO0HB7kQ2pJ/kAZ8RPNSlraeqObhJw7bMYpTDH+PBumI2xX9Elt7CkMf+gLy6hK3x8Wz5PIOvD+vp98SoTshrJjdtPQnJn/LV14cp/S93RvzhgTtTOYBqSdbM0zUMH+FJU7Gq2ZcQT7HChz892Gbl/2WoNhTzj1vdeLDr/YCJg5s+YN3GFL4utPB44CBar4FtHX+5i/W1r8uSg5tYt/cKfqOat0Ej5rJsVid8Tc+7aO8d51/fNkr2JbJuv9GuTn8/OmqfzTAbKSmt4YEHut52yR2xtc5wr+zSXJbNBwmHefCJx3jgX+Q8xjutyw5hLmPr6kTKev7r9j2BQCAQCO4lYgWL4Ddg4cKJQk6cq7wLeZvJTowlvbCQy5U3G66a8rcSFpdCXuENnB2MZKTEsyQhu/3sqvOJXKQmPasYB2UPjLosEt9eRFpxNQBlB2NRJ6dzrs4BLuSRGq9ie4GpXXkaMbJpTSI6/SmuWn5bzdvEXMCOnVr0hVp2HC6286CFCyd16AtPSrJYrpJTqEeXVcxNIH/HejILSzEajRgNpVR2Qt7qgk/RpOdhMBoxGg3UOXb7jZVqLnolpwv1FJ66SEstWziXV0jxXVPwHaQ6nyiVmn366wCY8j8nJasQenvg3qcnzm0mtHAxr5ASqeHuYn1ty2nJ1eIs9HkXsVdyzZUzFOpP3D177xT26/OvwNWLp9DntWbXvz8dt09bqtn+Whhv79b/prKvnjt5R/Vyr+yy5soZdPocrtTc3XI6w53WZYeoucKRwkIudOYPiUAgEAgE/4f5F3nvIvi3xQEcHO5wnuYytsfFkaGvAkDWcKOar3dkAoNRb4/BWw4l+2J5O/Vv7CsL4OkBbb+zM50+gQGY/W4KczzkUF3AmyFxHDpymjneD5OWUgjus0laOwc5Jax56W0y0o/x3JCnkbcpTyMF2xPIMgJ0afX+ncCQk02p9XPpVwcxzPHGrY1nZV2AKqsszgP58/xgbio86Q78UyZJOGqxhvDxbeXQBnXWH9GKCWzasgjXTteiLcyYkSN3lkkyd5G1okdXlm7fCnKXO1bqXcMBbgFdnZwAkDkAKHg5NoYh7aV1BAcZ3PX6OjbKZzaD3Kb7+C/djm+43P5bcJkM6IaTdTZuht93ZYZtfX5vWWyxKtfZqQs4tmbXvz+dsk8b6m6BoqvTbytbxp3VSxO7vHuW4OzsBDj8S7WnTAYonHCClp36LmAG5M7OdAPu9M8AgUAgEAj+XREOFsEdwsR21RvUzX2fED9p2l2wPYYPTnvy4dp5lG+P4W+GAQy8dgRtaS2gYMLiaBaNH9Ayp+NpZOjrGDVhFHlZeTZv0S3UVIEicDze1t+NHk88iWNqIeeuXIcByjalu3rLCa/BM3jCw5rQxR1PBVwGqL7COWDUU2OsP8U9eHqyG7qMH7jI0/RsUx4Jc8lu4jJKUbopMBpuT3vtU823X+WBYgIRcy3EJ2vZn29ikV8HXBx1P5P/zTcYldC9fDfrMyUhT/0tipgry4id50X21nX8LbOQWsBR6Uvoa0sJHNB0Yl9dnMby+CzpS1UOb4RdI3SBB7vW78HiMY13Yubgiom0mBV8dbkHy96PxU+WT+zy9dQNm4bnjaNk6IyAgsD54YQ97Q1Uk70pnuQsPeCIl29/rrZZEROfr1hB3ex3CPFzpSR7E2uTs5DcXkomhL7KosneLTVXpmXz+lTyDNKTjm6+hC5TEdjCISfJ/r2zGzU6HUZA4TWB8IhFeLuA2ZjP5sRktFZHm5vvbJap5jBADgXbY9l8Vobz"
11:15:14.547 [Forwarding screenshot on session 7836b5d0-bd7a-11e6-9730-e5ec4f8847f6 to remote] DEBUG org.apache.http.wire - http-outgoing-0 << "ZR2lVXL+8ICZKkAbH4LhMV/O/z8dAHHPvcSUiA8ZaznM+o3pGGqx6mMZYU83n9o2rW9Zblr7acwFxIZ+QI8/v0PY+AFgyifmf9bj/EwkkbO8obqAmCUfMGCZGpkD6I9uRhWfh8Ha7q9GqvB3k1P8ZTxrvh/Ah2vn4WoqYJNmM1l6IwDuo4IJD59lnVga2auJIV4nrWJwGzWfmPCnW3G8VTexMZS+hFltrO32qWH7myso6+uFSattlDEmEv9WurrMAU4f2EBYvNR2Sq8pLIsIwcMFpNA2DZp0qR1QDGZx9HLGD2juvDKxPWYFZ3u4cyNP0oty8AzmPglbEjOoAhReU4iODmGA3L5tmQ25aNZsRGesBYU7XgojOPjUN1TH5bE7rsayuawHbiYtOgPg6E7w6+HMGtJSQW3Zb7fCrSyy9ut6+wxpMq6Y2JewltQ8yb3rqPQlNFJFz2PxZEpGzkvlM/hw7Twq7dloG3YkYR1VDVpiViZyufds3o+dw9UO9vGWGEmPUxGvNwCO+M54FdU8f+R29DBAbmrH3ozsS0iw6sERN2UtUK/n1nUU6Naeg6PtflF8cCsbUzIxWp+s15cS7Ix9XaDqGPFvHkNfWoX0d/ZNFo33aKVsA/sSN5Gqta5AclQyYZ6UT3XxbqLWHMXNuys6a992HzWfN61927Z8hdKRKsCnlRIEAoFAIPhPRIQICe4Y169Wcd3S6H6oq7lM7eXr1s/XMOgyOdVjMhHRYQS6VZGVnEyBuWU+rsNfIXHrJ4T/eTRNpwkWqIOqG7caL1X+TC3tvz3zGB9CbMy8hhUfxtwdZFZB/97doLKaOqDPw41vYh/x9AIucMVkTx6AMjRv7wSv+USGPoG0buEuYMjloAHcJ43Fb/xY3IGsvd/SivpaoQaDwYjhXAW/UNdwtRagDvI3rSA5s5BaRyWDvdyoNepIjIgjv7pZNr/YfqmlqrKG2msVGGprMV643uB4un7NSG3VNesydQvGqlr02nQyimW4uzkCVWhTN5JbDQXb4xqcK+6D+3NBp5fkaoPrl42SjVXnsjY5i55TFhOveZdg31tkpajRmpqnKCYuIpE8izcq9buoVcH0NOhIXP8lzasHUHPNSKlOh09oNO9GBKPQZ6GOS6OaMjRh8Wj1CoJVaqIXz6BKl05E5HaqgboaI0a9jpr+gUwYNY7xz0wBwGtKKC/NfIbFMwYDMGF+KE+QSYQmnav9pxDxrpr5E3qjTY0jdl9Jm/U1l6R1LI3cnQE9a9EeOoUZMJ4+ir62Ft3RU1QDptNH0dc6MPCRHsi6gCEvj77BYUSHzaabUYdm037MwM3rF6x910DiG3Fk6WUEq9REhE6gNG8nb23KbyhSr4PQiGgWzxiMIS+VHfktGkFq58xCPGaE8a56MYMrdSRGbMDQTvvU1Rgp1GoZGBxGRNgMScbEfa3avawLGAt1eM2PQK2aDfpM3o5LoxooTluBJl2H7+ww3n03gkBFIckRK2hFVOquGdHn5eEVqiIs2BdjYQaaxIOMCFWxeIYvVfpM9uiM7diWgQ0qDbpbHiyOVrP4CQf0Bqjf2KQz8tgfV40YC7UYlMG8Gx/NlN6X2RkXi9bYPJe27VfmNamJfY4d2DRAqCRtLal5VwmOeJd49WL6G3UkRv0NxbAAlICj1xRenTuC++3aaDt25OCExZiLSpWIvs6X8Ig5uHa4j7dO6YWuku6neKDL0KA5aLCrh/bsTZsYS2peKYHzI1CrplFlo+O2dNSeqG31i7MFm1CnZCKbMB91/LuEzR5Fad5OPs01tjP2yYAqLncdS0S0ignudWQlrye3FUGy16hI1V5gxuJo3n03giket8hKkcZly80KjLUGdNa+HTrFi9K8VD7PN1FdvJ23k7Po4jsbtTqCYdYRWwQICQQCgUAgIVawCO4ytguoR7EqUnJyeP1ZjzbuJNdraLmC28VVcmRUW5q5K5QMD1CSIXHFCwAAIABJREFUlZVMzKabTPGykJG4s0Up7WHQbkKVmAXuM1DN8qa6+BS1KHF/uPHtcf2PRZldeUCb+Fd0ePFu7NO4FW+V0nRsA4NOUXDoALU4Mu6JfgBMGqUgOW8/OcZZjG974U4DUtgNDJkXS3SdirhMAxOWJbHI7wqxz0krWqa8GkmIv4y0N18nvbSUE6dN+Pk3vsl2GTKHddE1hMRlgnICWxMXYcnf1LSMNv/vRXRKLEPkBhIWqsirAovFxPEj0hvfUYtXEz7eDVNuIos02vb9VNYGunrpH/z4sztjXlnFoKvQr/nSCXNPZoSGIvP2x68XGCss+HqB4UIFN4Hm6wUst0AxIYJFk4cAQ4hcfIGw5EMcy7OgA2ao32GWtwvgzXv8RFjyEb43zZOW5ONLZEyY5MQz5/NlSiZKH3+8PV14pPZBkjOUDB8TSNWOMMCXd2JDGADgEc3N0nmk7zqC6ennWq1u4ZGjdtJ42KwYceGJcYPJSD3BP5jF1TzrXj2G0/wIXP1OC8oZDFeC/hY4jgojfFYgAAtOHyL+xGWuN+QlA+NZTlTBhIgYZvm5At6ocaYIhwZXXXB8LJMHAH4KcjMiKC+9Ak1WQBg5erAUfBcTM08qK+Id+PTYL1Blv30sVhnDrDKiP0J8zkWuQwtnp+UWKAIjCHvaD/Aj8lYZquRDfG+aiP5QKbhNYc5EH2Q3YeafZ6ONS+eEvqmNY1Pmosn+wMPk7dRxLvBV6/dHyM/QtWtbFQWHyANmhEcw3lsOQ6KpLJvHzssAJnI6IU/rNB1XYyKllQ0e0a9yLESDTm8kUNmooeriY23br2UeI3wa7bP5Ippbljqgjgtny/B8Yihh8e9SKetJXzcZwxUpHFP64D/Eg/xN62nTRkf8oU07slxQQFUmr4dlUus4Cs0n4VIfsjoF2u3jbRD8TizjBwBD/sCV0/PI2HeIcjcHO/34KTv2ZuT0CSOOgaoG+3rv1iXCkovt6si+qG33C5mrG6GhXgydHEh3kwkn9z44Yn2RYGfsK8QCjOK9mHkogcGcJivuZCtlm+n75GIWj3dnvF9vTMYKvDz6k1loxMaXx3ybvp2TGUGNxcLpI0eQbG4OSsB7dQT6kPiONYpAIBAIBP8BCAeLoNN0PKrd9kSBW+DoTP0aEYt1dtbZ+HW/RX8lzDmelIxUNFkKfAN9Qavr8Nuz3O0xaDL0OA6ezYcxc6QfwD0fxhEjZ3+sxs+74/tdVBenkag1gpsXZw/u48jJY0Ad2Z+mwdin8Gux3P92KSPziOQESVHNI8Xmzlf7Cxgf0pldExq3UbFYboLpSsMS9EyNikxN43Pn9eXQfPJZn/gW3MSm/do7PELpRl85gBPduwBVUlpprxglvoOktUWuPsNxQ4uhvfxc/Vk2/3vWp2aRWCiFNygHT2HZ8vqQECtyJd3qzpGgSqHJFEDZxp4PdeDt80jDVyeF5C27r7YGcKSvjROu/p6Uzy1w7NFg39RZnXEWyY0j2fstLJaWDiiQ4+WptMar2acjaQaM8McxNZlT+fkYdFWMCg6mfOdOTuTm8pMOvOY/ITmW6sDDu7GuUuZN9XLt/BlqUTLcq9EOvCfPwxsw5R8HFDzUsM9xN/oo4EhF802vZcgcQNG1sVHlA8YTYo0OrLTXPs1lrM+vFd1Y6sB7+MCG79169pCerinHUAVUZRKxKLNJmnL9+RY2Th307/9wQ516OMIf/1QvgxM9HKEG7NrWr3U3AQXuD9ePlHIGDlDCBaC6k/K0oNm4quzeqA+XR/B2hOLT5yGw0cFiuWnffm3tszlD5r3GbMNfSc9IIS8DwBHf2a+imuNlHXebJmrNRu3ZUb2Pthag9hpXqsHNhY738Tbo1tAZ5fj4KMk4cpObNy129dCmvZnOc6oWPPr1bLxq0wxt68jfzt9KO/3CbCD/0xTCUhJbJrOjl/q/s/VtUFPXMnm9Th7uCWnrI0huarw27afgAZu+7Wa1e5msC1DX2OouXvjU9wmBQCAQCATCwSLoDNXsjglhp0Mon8dMpv6ndP1vOBlgG71Tda3yju98V5Z7iCr3v/DJ59Zgn7LdPKfVIZO156oxczDhNVLyjAyeHUHMHL/GW04KugFlhkqwOlj0"
11:15:14.547 [Forwarding screenshot on session 7836b5d0-bd7a-11e6-9730-e5ec4f8847f6 to remote] DEBUG org.apache.http.wire - http-outgoing-0 << "J06C4zAG2p3ryHBTKLFYTvHlrlPU1UkR8brMr3jQZyJ+LbaXMWMy1SBzdsZFDtWmGpA54+Iib3av6U9yU/4hdLXgOz+COZ7duGkBJ6dK9v81Hm3mXkpChtBahH2HcH0EN0cw1sIUVTzPeTmhz/+Ws9e7M2yMl92kMkDmYF2uc6v+53Yl1ztxqJTlFoARXZH0xr1afxoDtLuCxWwq4arTcN77PAyZoYRT36aRnJHJV99PJdxmYlldsBV1qhb3CaGsmumHm9IVbcJLJLZ1CJMDlJZepX6Tj5s3pWnDLxYLUMvPV83gKrWPxXrPgh1HoazlBqAWS8vK/fOSEfBq01HYqTTKYYxVQkZyMqAkYuIYSo/uJF2jAZQsHjEAMGEBnF3snwLl3LMXoOXsj2b8rBsfFe9O4LPL3rw8shU5aaPL10FdXaOk5rKDxCWfY/oMJ+LttE9HZKxHBpSXXwXruoGb163t4/wQSkfQey/m88jxVgEMZB8qpuewljZuAXo81LPJd4cusibfwb5tOTg4AVWU29jL1Z+s46FL5+Rpd1yttDTaX/UVSmvB22cgTWjHfu1hKvmRh8a/xueRvSgr1nFs3w4y0rdwfOL70uBvHXvt2aiDHTuaILOAYyDxH4xkfVg88XFpbF07B4cO9vHWUdDYZGb0p43QbTj3W27a1UOb9uZqdVxdbBzcZDZLFdvWkT+B9v6GtNEvhrqdIl0Hs1VqJvp440o+C0PiQSazO/aNbkcrjRjY/HYyhcpRRMS/iNcAJeRvIiS+tdUuNOgH6tvZdnPfUvS1MLDVVAKBQCAQ/Och9mARdAIXHlIqoHAXabnF5O7eTFYV9O5l/UHqALodn1JgMFJwMJFkXS10ockmtb81TvvK97tI1azhYLERU1kusSt2gmICM/1cwVxGWsIatma33MvCcFBDSp4RlKN4su9NsrOzyT54EG2BEVwGM84dClM+IrvMhCF/Oxu1VSjHjmxlzxUbbXjPQrMlkcTELWzZsoWk1ycAClRbP2m2SaRE/tZIFi1axPINx8GkI2rRIkKWb8bY/F4TzBw7kAV4MetpPwZ4eODt7cGAAX7MfNoXKORQyw0XOsEARg1TAJC5YzsZX3/K+pR0MtJTOHW1zdefgNSuLu7uko6qtMSuSSBWFUFea5uotOowcWX4E5KjLC/5LRISE4iq30S3vRUsV06SnKwhYasWS7d+uPd9ULrehqejR283enWXUXAwkcS82jbzl3UBY0Yq+woMGEuySUjMA7exjAocixewc62GfIMJY/FB1ibmgaM3jzQ0tY19W5cClH//LSWGxg0QLIDXyBGAjr8mHsRgMlGwL4GUQnCb3NoePxKdS+NKwDgvqKoCpQ9eLq4M8nWXbrk9zogmCZr3SEuTz/d5jMAXyEjYQL7BhKFgHxt35nGhzpGubcja0mpc8RmppDYvhe25JZiMxXyanIK+9FpDOJ399mkpY2vjiKwblKavZ1+xEWNJNonWtvNxVeIzUgG6v7EpuxiTycC+zWtITk1B16YzsOMjVWuyOw8JYDCQvnEzBQYTJdqt0ngIWOikPHbHVQXUZrEuLRejsYS0dckYUeA9sHuTLFx9O2K/rdf6/KEtJMZHkZZ/mZ6PDOThHjKgCzKZK3/wdqTq9FFyS4x2bbSvHTty4hYgo5vSj9dCfaE0nXW7S+z2cbNBS2JsAgdLWttJCaAKTexWSoxGCvZtJt0AgyePZWCH9NCavfXC29uRKm0yabklGMty2ZCcRb2htq0jKMneyppNB1vZ86ntfvFf9wH05KFHHsHZUkbaumSqQAq/a3fs68jf2ZvSipMefXikd3dulmQTHy/Vp720XiOfAPJI3JqNwWjgYOIO7tre7gKBQCAQ/BsiVrAIOoX/3MVkn4onXaMGwNF9Cv89RzrVYer8KeQkZhKnygMUuCnAIKsPC+oC3ZyazX/bm0XL6AJNVqf4L4jkuF5NijpMCpVRDEb13iJpkll3leN5Oq4yipBmpyacP2f9CWjMI1GT13DdcVQYgUMCmfVmNCUr4kiOWCRd95pBZIgfTWkpjy3SMvsubc/NrNd7PtgdZDVNjyO2vWdLdSHfFIIycEqLVSpuY6bglaJDm3WMsMBZTW/KGv7TJvV3A8NXUR67hozCQjLql7cHv848O+FSjr27S+3q4stzE9xJzCrFoMvjqtINBQaqmpdtswLAVja/kEhmX4olvdBInjYPpZsSDG07jGRIE3i593OETTlLYmYiYZnSMnqlbzAvNjtexmXIVGZ4HSMjVc28VAA3fH3d0On0nK8G12ZVtNwChVsdqXEqUqVMiYiZh6scIt4NJS42hXiVZCMofVHFhDMAuNrcvl0H8oS7I5lZqcTWKPhwNEAXnGTg6reI6OAa4namoNJKAV9uo+YTM28IYGqoo2197adpiceIABQ79SiGD8cF+MOw4ZBRyuBxIxr2nbEtR6ILODg1fu7mhIwBqOIXE7cimXiV1G8c3ScQszQQmf48rfXhbk4t7c4/LJLya2tI17xNhiQ9wdFLGTrEYrd9WpWxxThig+IWqeowa9uNIvqdebgCgWHv8c8bsaQnq7G68PANjiCkFRtvXmZb3+3b1iKWvxvKirdTiFNpJb0BtT2lftNxeVzbGVclCtM1hKUDKJiiWsXk5qfXyL3t2q/JqttWmg6/BeEEnl9DenwE6daaBIbG4O8CZcOGgS4PzdvXePfzWLs22pYdVf7tc+gmFew2eSnBJ5ewc+dGdJvWtNnHa/K/RFuYR92TLzK5WbyQzMFaiauZvB0mhWC5T1hMxNPSksK29WCyY29yJkeu5lLMStI1b1v1AA3jmB0d5Z/JRKcNxLJocgvdttUvpijyydOmkKgKIRFQuA/G3bGQ0qKzyOe0Pfb9eLqjf2c9mB7sS+HOdMLmSRJ7jfLFMU/Hab2R4c6yFukax6IQomf/RFx6MqpMwFGJo40uBAKBQCD4T+e+X3/99dffWwjBvxtmTMbrIHPCtfkM1VyN8fpNnLorcenYRi23RbVJeh/o0qz8/E1hrK+Zyyfh/reVr8loxCJzQtm8Xv8BVJuMUvjRbbSdudrEdYvstvVWbTJyk+4oXTtdMMbrN5E5dcfVjtBS/jKUrvbW65tIfGkRLNtE2GAw1rRWH8n274iNNMiubOHouaNp7gh3pt5mk4nrFuiudG2yN0XH2qejZRglW1S2zEsq33JHxyf7slvHyjbaq8PytDGu5m9aSPzJJ9i0JQSMJmRK1xYbN7cmz+20Y7XJxM1W2g5zNdU4NIY22rXR2yi/tT5uLiF2Xize8SnManHceiMmoxFaHRt+ix6M3KT1dK3pqLp4KyHq6yR+Ht7mCrXW+0W97bQxtnVw7GunMhhv3mZ/sJbfXans4J5sAoFAIBD8ZyAcLIL/O5hLWBOZxpMxMe3vEykQtMBE4nOLuBGWSGS7ezwIBL8/uYkvodEOszt5/79IdXEacftkREfOaseh9PtTsDWWo33mEDb5tnfKEggEAoFA8G+EcLAIBAIBANVot3/OLyOeY3xHjikRCH5nyrRpHPnZnRdn+YlVBAKBQCAQCAT/AggHi0AgEAgEAoFAIBAIBALBb0ScIiQQCAQCgUAgEAgEAoFA8BsRDhaBQCAQCAQCgUAgEAgEgt+IcLAI7hjmsoPExiRSLB3wQ7WhmGKj+Z7LUZafS1k1mMuym8hz76hmX0Isu4tNHXq6Xt57LUfJwU3EJOzDXtH3RoeNcv7W8m4/fTu62pfYrq5aTZe9iZjYrZR0ohsYtNuJjYlh075ioJqDm9YQE7upoU7Ggn3EqlSEhYXx5m3IJLh3/H5jkEAgEAgEAoHg90A4WAR3jJor5yjUn+CqBajOJ0qlZp/++j2VoTp/ExHxG/nRAjVXz1Co10ry3FMsnMsrpLgDBdvKezfkuJhXSEkbclwtzkKfdxF7RddcOdPYpneNRjl/a5vdvrzt6OriKfR5F7nZyVyvnjmJvvAYV2o6nubH08cp1Os5ebESuMm5HB36whxrnUx8uT6VQoMBo9FI6TVw6KRMgnvH7zcGCQQCgUAgEAh+D+7/vQUQ/B9CJgMckAE4wC2gq5PTvZXBQfqP"
11:15:14.548 [Forwarding screenshot on session 7836b5d0-bd7a-11e6-9730-e5ec4f8847f6 to remote] DEBUG org.apache.http.wire - http-outgoing-0 << "kwxc/cLYvvVl5Pf8QBhXlm7fSocKtpH3ruDY2AZmM8htjhrxX7od33C5/dNHZDKgG07O0lcz3J3TShzB4U602W+R1ypDE6xKc3bqAo4yOttMMlkXoAc9nTuTRiqlCwDdGRsaSu+q+xnoDHCF0ioAJWGJiYjTpP+1+f3GIIFAIBAIBALB74FwsAg6TfHBrWxMycRo/e4+Kpjw8Fk2k08T2yPjqQK08SEYZ0QTO8+L3DQNmnSd9IhiMIujlzN+gAsF22PZfFaG82UdpVWOPD3/KU7uOombd1d0Or21jPm8Gf40rkB1mZbN61PJM1QB4OjmS+gyFcOrPmdJXBYA8SFvsjh8ODuSilj8oYqza/8HnfuraBb5S+VX5xOzZD0Dln1AiF/3NmUzG3LRrNmIzljbpK7257UmPl+xgrrZ7xDiB9vfXEFZXy9MWi0GwFHpy6sxkfj8c3sTeVWb1vKwPo31G9Mx1AIoCJy/jLCnhzTN3lxAbOgH9PjzO4SNHwCmfGL+Zz3Oz0QSOcsbqguIWfIBA5apkTmA/uhmVPF5jWVHqvB3k1P8ZTxrvh/Ah2vn4WoqYJNmM1l6YyttamSvJoZ4a1u4jZpPjLUtbCnYHsvmsh64mbToDICjO8GvhzNriKStstz261ZdnMbyNUUs/jAWP1cw5Kbx0cZ0Sq1pJoSGM7ZmH2/vB/W6SLytE1dtoooU4+O8O92+vGZjPpsTk9HqJdtx853NMtUcBjTzwjRpd4U7XgojOPjU3+2wLT812xNw4mE5t2lLNZzN+4ZvjD0YOOohti9RU2ptk8TXF1K+7H3mDSwnce16tJLnxW6+bfVdJVI409rkLKRclEwIfZVFk73tyG1iu+oN6ua+T4ifq9UGYvjgtCcfrn2KwzErOI4zV/Wl/P/s3XlclNX+wPGPJDCiLKI0prgAphShKbkhRiSuaXq9llFm97qkmWlYkRZ6KbWQ/EkWuRRakuWlyCTMFa+RJCp3RFAMN9QYyQmdWAQHxuT3xwwwbMMAmnX7vl8vc+ZZznOec87z2POdc86jcx3HusiH+CFqHTFJhnpBoSRwsuEYRZlbWBi+v95rnnrap9JMXdRkrn3WrLeJYasZdv07lq+IMbY9Bf5TFjBnrBegZdOixZxs687VFMN1pew1jicfhPVR8RQCDp6jCA2dSvszVe3Z82fj59VL6GcPlGayZPpKOs19x3CfsDBNN1stCSuXE5OSbSxGH6YvCMbftXYosf761hJbq34eI8vCshRCCCGEEHWTIUKiUYrS1xEWvQPrwCmERSxjzsRBZKds5rMDGpOtnBk8fhQAnqOm88RD7mTGLiYyToXPxDksWxaCv0MGa0MWk6qFsmINmiwVxd38CRwUwN0OhWh0alQqmB4SyvRRnmSnxPBlqhbIZGlIFCl6L4LDlhEWHER7tYqo97ZC79FMH+cJwKApE+nWMo9CXS4lONPT3RF1YjyZxrkwzn23kyydDR5dlGbypuWzf0WisvYjNCKS0On+ZKdsJjw2s8Fyys/VkK83jAsoK9aQkZSER9AcQuaMw1GjIjIqAZsa+XW/HEtIZByXu40iZFkYUwI7khSzlCUJp6onbuuOW3sdSbvTKAU0x/aTpdOh2p9GEaA9tt94bm2xbgXqlBQ6B80hdM5Ew7HXfUspUJJ/Hl1uPqAm6pWlJGZZExQcRsj0QLJTNvPautTKQ2YZ62LWuF6oU2L4PLX2XCVlxRo0GUmolUEsiwhlVMdcNi9dQpIGSk9Zdm76koo6A9QJLIyMI7djICHLwgga1IrE6DDSnHtCoYqEw2pjo0xla5Kajn360MZsfs8ROSeCpCwHgoLDCJ01jkJVHCELNtWYx0TNB8GRqK71YFZoGLMG25ClpqJLSaPacv8HZxAR+Q+caXpbylNno1Gryb92HX2ZyQodlPETK+ctJSm7EAdXTzyVCrJTNjNnSQI1p30xe+0WHWD52kTaj5pFROQygnyukRgdRlID10D+5cLKdm5oA7nGNgXFuRrUWdn0GRWIv3dnDocHE5N0nnGzQlm2LIRRPa6RGL2GA0WGeq//mq+/fZqri8a0z5r11qP8O+YtjeFyt1GELlvGrFE9SIoJY2WSoc2V/aohKyUFz+nBzAnyQZMRT2TULvpPD2bWOB8Ks3bwtUpTrT1Xfq4oruICzusKKam4T1iY5qnY5cSkXCYoZBkRYbPoplERtfATap5yQ/fqmvVzoRFlKYQQQggh6iY9WESj2HTwY/p0T+4f4Y+TVoudeycU1J4Hwm2gN8qoHSi9ffFy1bNudza4jmLSMG+sS2D8PyaStDSOQ1laBgDgw4JFc3AFtKnrAJgSsYQRbkA/B5J3hFCs10Npe8ZNn461ly/9XECTp8fHE9Tn8yjBmb7erhD/K0Me6kfbrCMAWAP9HhmLIjGaXQc1ePlbs3trBnhOwV+pNZO3Xw09OC6rycr+mcH9niTCbTjW7e9qVJnpr4Fi0BzmTPA3LMjaR0TyBfIZWy2/OZ9vBHx4c8lU3AB6hFKSPZm4L/ahHdvDpMeIPYMf7kV8zCHOMIHLKcaHdPUxfgIuf58EynH0VUKW8djzjcd+5thuIg7lUjUzjjVoTnKoEAJDFjGhnzPgRRitOY4NFc/zQSZ1cSA+hJzsn6FfzT4sAINYtMDQI6JH6HP8MDUSVZYGu6z9Zs7tMZP9rSv/m7p7Fzo8CVs+Ey+g3/yX0K/7AffuAxnn+jnx276jdOhk8g7sRI2S4Id6wNl99ea3yC4NFTAu7E0meNkDXrzFL8xZu48j2tGVOShK300KMG5+CEO9bKF3KAXnJrM5F0BLciPachWtYa6bJrSlip5h1q17syg6hDmTI9CgJHhDFJ5Z65ipA+jF3EWL8CxJYkFwFOqM/6DSjsXXpIrMXrvGh/7LF8/w0xV3Hnr2De67DF2dIavefNc3sYghx3qMbW+qP1DKqQPXmTXUnaH9OqLV5OHZoxs7MjSYxGfqvubrbZ+lJH1Rf13087W8fQ6pUW+p6+agw4HJTz9CBzs9ncdPYNAPGaRs/Y4i/9GV1/TMEb7AXaRsVnHa/znj9y6kxquqlUXt/5p+MLA0zWv6MqCM8yfP0XPw/cyJWEaBdftaPcoauldXrx8t66ZFNbIshRBCCCFETRJgEY1i6+RIflo0c6KjzG9YpucagL4Eii6hLgQKdxAyc0e1zXKyzjKAa6BoS/XZWhxo51jx2RFXBRQD2CpxLDvNyuBoIkw3VxrmxzD8wn+t2kMbAK6+jHCNJn77YYo8bEgshMBZg6Eox0zetIS+Ogv1e2uJW5tFHICDO1Pmv4prY543yqCHV5caC2vnt/JBunIbWzx7KiG3dpJu/X1RxKwlLTUVtaqQQUFB5GzezKEDB/hFBZ5TBmNf17Gtq45d4dezP6JDSV/PqpPyGjEZL0CbehBwoINJXXRygH15BXWc6DVQOlWlbd8FLwVkHjvLEGvLz62S/ho4eFMVgnBj0kw3AO4aM4j4tbs4qBlGTkIG9JqCrzNoz1JvfvUlxYCCzndVDXmwc2hdI1+gLysBHHC/q2LIhS0ebko4TwPtpb62DODMkzejLRXrK/NavY1nsHSmaaCqsFb4w+y16+zL3ClHeC8mkagMw7A1Za9RzH1xaiPz3arqY7W2Z8td7SH2vRDWVr9wTcq+7mteW1/7LEpnUTT11gW1ggLm2mfNerMGNES/PqfG6RUbeleVQbduFS3TkbYKuPueinO1o23F/aoBrUy/WJhm78kvMVH9f8TFR5MSD6DAZ+JzBE/yrTbfUIP3atP6aaBd1y5LIYQQQghRFwmwiEZJ/eRfxKlgYnAYw7y9cCaVaVMjjJOL1sHaDuw7oFRAltcsvlww1LC8VM3e3Zm07+NJ2bcNH7fiYbEofQNhMUm4B07njfH9cFU6k7TyaaJqjrSolR17ho0fRHzUVt5dB+DDI/2cAb2ZvCnJPlvIE4s24WWXR/qRw3wevZmYlVsZvH5qrV+MzeW9tb2j+Y2sQa+/VmvxpYsawLN2XwFlHwKUEL92LaAkZNhDZO/fTFxkJKBkVn83KnpNNHTs1u1dgCRO/lRKPy/DI1rmlpX8O9eLGQPqPp96"
11:15:14.548 [Forwarding screenshot on session 7836b5d0-bd7a-11e6-9730-e5ec4f8847f6 to remote] DEBUG org.apache.http.wire - http-outgoing-0 << "31xTUBUAoOhnsnXg5e2B/lgjzq3iOHqg8FcKwFjWWras/IC83pOY6TcC97UpbP34Yy5rYNSMwfWeX2V+9XpAx5XLpeBsOE9D0KV6XwxrGzugkByT7S7/UmBIpMltWUv2zzS7LZm26+pNvBehUS/SWZ/Nnu+OYe3ijmeNiXXNXbul2lNctuvLW1/OwVp9irTvYlkbv4NtRwYzlPryPR5r4KpJ1Rb+WlDZOKq3PTUfvb6WDOUgQiKewtNNCanrmBpxuN5TraiT+tunK84KoJ66qFM97ZOsGsfWFwKehH25BC/jslMH9nJO3wEnY97admhfLa82rayrfa99QsalFZvZWGN6VViapvbUT3QY+hJfLnDhXKaKHxI+Jz5uPQeH+eJv0pAauldXq58G2rUQQgghhLCMzMEiGkcP0J4OXbrQWn+O2HfXUgiGISPVtjM8DuQc+Y5Tamu8BziA6hPW7c1Eq1WT8FE4a2OiURVUJdyYN5m27eiKi5M16buiiErRVf0UbHgqJ+twJmU19lH6j6EXhWRkFeI+caxxCIfSTN4K+SZqLWFLPiK9xA53Tw/aArR3ojVwau8GwtftqjF/h9mCq/ZdXyO/7gP6Ayr+L2oXaq2DRWWPAAAgAElEQVSW9ISVRGeA64ghdUxY6ozfw55QWAhKbzztnbnPx92wynUg/avtUPvYpp9b9OiPDxC/8gNS1VrU6Qms2ZzC+TJF5ZwmNdUsWwMH0CXybuwBNJpTxL67Fg0OeHk44dmoczPwHhIAqHgvahdqrYYDsR+wOSXDMDzF1otx/krUKhU6xSCG9zYfoigDnH0C8AQ2L48kVa1Fk7mL5VEpoPCii8nu9r396AXErfmIdLWWU0kbWKvSGUvLXHupKtPabbnAbFtqDL3J3879AugFQAaffPw5Wzd9Qlx8PJuj91JQc85Tc9fuz4dZuzaSlRuS0Dt2xb3znYZ9rIvM59sGVJ9/RrpaQ/quKEM5tTJtYRWfSgw9Otp2oktHJ0pO7SUiIhFo1eB1b1tv+1TSt8G6MFV/+6zIa0VePIcMBrKIXpnAOY2WzKQNvB65lmjVZZNeIo1797IhUFRI/Od7UWvOsSVyrXFCYVMNp3l293qiIhYSm5pL+y4e3NXWGmhVO8Zt0b264niWtOsqpeoDRC0JZ9epIqCIvevCWbfrVB3rhBBCCCH+WqQHi2iUXo88jntSNFHBU4kCHNx74a7IIPv4SXA3/I8+AM4eDHZXsCMxhiXFDnw6/y0uXV1C3NowEo1p+QSFMNXLntTkVuBoVzVExsYknYplGB6S7Xs/wjjPH4iPCWNyDIArPj6uqFRZnC2Cfl3uwZUkdqwNo2B8QI10ejBylCsZO/SMfsircqn/nPrydh+akIksiYhj6ZwkwwqHXgS/8Ai2QMGPO1Al+aOfOaJWOVXkt+Zng6rzdTbJb0nwOkKDilm6OZrgpGjA+AacyTXeIlRxNv39cNichUPfvtgD3fv0hfhsej3cn4pBMHUe28au6rOjHda4ERwxi6WL1xIRnAKAwj2QRc/7Y511tlZdADiaea90RlwkcwxjSRgV/AYjXG3BdaaZc9NW5tO07u17TyZsyi+ExUQTbCz+XuOCeaq34ex8HxnBmqQYOo4YWjnfSV1tpzK/tl6ELJvO0iXRRATPNKxQ+hC8aD5uJnmAHry4bDqLX49mqfHACkDX3gk7zLWX2m25ihvPmmlLdWntZAy9WFf+B7CmYlCTtUlely6JJluViBpA4c70RS/So0Z65q5d20mPMWfUSaJ2RDFnR5SxaIJ4yvcBsK4v37Y8MmUUyVE7WBqcAjjg6gBq69bYUbPt9eDRIB8yNscxZ3IcAJ6DfFCkqDiWpaFv6/qvecy0zx62nvXWRX3qap+pVK83595TCZtSQnhMDCEpMYbT9hxH6POG+UpqXlf1fTdtj7Y9RjN90EGiE9cSnAi4euJgEmKxNM1+z8zH/2w4cREhhiFbKPCfvgjfGqds9l496a5a6Ztr1zUV/3SEpAwVdiMNAZozySqS9Q8yc0SPWuuEEEIIIf5KWpSXl5ff7kyIP5tStJp8sHPC2b6+x8N69tRqydfrsXNS0shdqynSaijBGqXzzZsboP68Gc5Xb22H0rnqYaMocwNTw/KJ+nJ+A6/abWxGitDkl2Btp8T5d31Dat3naanUddOIODyYdeungkaLtdKZWqk05dwq9nFSVozYAUB7YB0zI5OZFfUpQxtVAZaeZ0U7rzuvTWvLzSvjBtPFGqXS3DXRwLVbWT8115vJt3Efi8qhSIumpKnXf/15sKQuLGqftQ5ZX3k0XWmRlvwSGqinhhVptZTowUnpXG+Qrin36pt1jxZCCCGE+CuSHiyiCWxxVjYtpGDr7HxTghH2zsqGH44aqf681X2+2Ycu4j990s0NrgDY2qNU/q6RlYoDN7leAfT6MijMR4+Zh8emnFvNfUozCX8pHJVGB55T8Gt0li09T/PbNa0tN6+Mm59uA9vVWz9m9mtMndo70/SmXX8eLKkLi9pnrYRv/rVo26wyqGLvbEGAqAnt7Wbdo4UQQggh/ookwCJEE/Weuoi6B+/8Nd3lPYZRHd1xanjTZrLmTmVHPF29efr5sWZ+vReiyu/XPoUQQgghxF+VDBESQgghhBBCCCGEaCZ5i5AQQgghhBBCCCFEM0mARQghhBBCCCGEEKKZJMAihBBCCCGEEEII0UwSYBFCCCGEEEIIIYRoJgmwCCGEEEIIIYQQQjSTBFiEEEIIIYQQQgghmkkCLEIIIYQQQgghhBDNJAEWIYQQQgghhBBCiGaSAIsQQgghhBBCCCFEM0mARQghhBBCCCGEEKKZJMAihBBCCCGEEEII0UwSYBFCCCGEEEIIIYRoJgmwCCGEEEIIIYQQQjSTBFiEEEIIIYQQQgghmkkCLEIIIYQQQgghhBDNJAEWIYQQQgghhBBCiGaSAIsQQgghhBBCCCFEM0mARQghhBBCCCGEEKKZJMAihBBCCCGEEEII0UwSYBFCCCGEEEIIIYRoJgmwCCGEEEIIIYQQQjSTBFiEEEIIIYQQQgghmkkCLEIIIYQQQgghhBDNJAEWIYQQQgghhBBCiGaSAIsQQgghhBBCCCFEM7W83RkQQpi6Tp76GmXcQZv2djgqbnd+fge6Ei7+/Bvt3Oyx6HR1pVy8XAZAG1d7HG9p5oQQQgghhBDCMtKDRTTDL8y7O45ODnEs3l50e7NSkMMYpziGvXn+9uaDEt6buBWvu+OYFJ5T71YFB4/QySGOjk7bScwzLNOdzGKM01buv3cX/e/dzj2DDpLXhBxUpF3fn44BTUu3Kb4P39XgMfOSj9Kvzx7+00CmCo6dJeTpbXS6M4H+9+6i/727uMdpC/PCT/9u53NLFJxnjFPD9ZWXlEonhziWJt7ma62GxuerhIgAy9vh9te30ckhjgEzspqTzbo1+r5Ryvb1xzhScPOzIoQQQggh/vwkwCKaLC8xmziN4XP0htPc3meO38gDcktvayYAKLxynXwNaIt+q3ebsqu6ik+UGT8lx2SRdsNkI6c7mnT8stIy8xuob9DAFjdPmbEM8s1sY20FWGFjZpOCg0e4d3Aan8XrKPewZ9rLXXnuWSfacoO4t9Lp/fQxdGb2/6MrBcqVLbl3sIJ7fUz/tMSru7Ffj15v+Nu6ae3ilmlqvsy1iQq6i8R+YKjZnC/PsP2mR9Iad9/4/s09TH/pNJd+twtICCGEEEL8mcgQIdFE19m2MZdyKys6u9wgJ/E820725ametyk7jt04dMkVFLe/SZsLFFSw9+jM0kh7QME99gClHDlwHYByj46kpvnS6SbkJfDlnkzqpagKqJT9Bs7ONyVtS9hYUhgN+oWQkdkAjIkcxLppVbkPffEsk+5LIzn+JO8d9CBkoN3NOOBt4fW0D3sWd65/g0Bfzv4Cij/YsDGXW5ivizvPkXgDnJRW5Gt0bPz8EqPndbh5B2jkfcPGxgqwoY39zcuCEEIIIYT43yE9WETT5F3g84QbEOjOmlUdaXHjBp/EnK+2ScHBowwL2MfHXxxlUh/DcAevPttZm5TPucQjDHOqWJbIZ6oSkz1L2b4qiQHG9R3v"
11:15:14.548 [Forwarding screenshot on session 7836b5d0-bd7a-11e6-9730-e5ec4f8847f6 to remote] DEBUG org.apache.http.wire - http-outgoing-0 << "3sbi9TmVPRQM6SYSEW7YpqPTNj5OymHeqG3MXHOx6vgnz7P46e14GdMZMGofcSbHOZeUycxR2yqHYnj12ca8VWcre+JU5D9u+zGe6VORl63MW3W++b0lrhZzcEcuO7/ToCn4hcUTd7BKZVjV4mwuEwJ2sfagIa/Hth5hTJ8txiFFW5j08lFOWpiBu4ffw+jxdzO+4s/jnowPvBMo4eMZ2xk2ahuTXs+qVrZjArYxbFQSB40FcXBNEsMCtjFvzVm2r0mqKs+AfWw9ZvrTfxGfvZ5YuX7MCwdJPNv8n/rzErPZdgPKh3dn1bQaoSFXD96Make5lRUXMwuNC0vZvia5WpkNGJXIx0kVXSZK+HjGNia9fJSta5Ir8+sVkMjHB02HuRTx2Zv7GHB33e2woXZKwUXmBWxn6fqjle1n5ppL9Z9oaf09nsBQN2O9txnaRcFF5gVsY96qY0TM2FZ5nmNmpHLMtCtZ3iUiXthlcg5bGTPjIEcqeoJYmI65a6laviwqf0uVkrDpEuVWCpZt6YufFeyPOsnJGludTDzKMwFbK481bGIy20+WWra+4FL1+4Y6h6Uzqs7Tq892ln5hqLOTXxxgXngJLW7oeGXUVmauumhRGVt6H2nofkXeRZY+vb3qfhVQY70QQgghhLjtbv/P/eJP6dg35zhxA4aN6kzf0Tr8rHLZ/8EZjizqRl/jL9llpTpOqK4QOv0K5R52DBteRuLuEpaMTWQJUO5jzzDFNRJ/yOeVoYfolR+AN6V8/PS3hMbfoFxpx+RxrUmLzmN98CFSssvYs8zDmG4+JyoCEujApowTadcp9DUOV1CfZeKANE7cANfhLjzStpjPYq8wd+hu7I6PZ7DmCH5jDb0i/CZ1oKuimG8/LSJuURq6u5xY93i7yvzPe+IK5Uo7xo6DbfElxC36L7Z3OxEx2qnJ5VekyWfb7iLKrfQ881oRXyVer7ZerSoiW/sbx9bvY2TwlcrlLW7cIPnDMwTEX2XfaT8a6jB07NAFTrZuTbExzlGGFR4+d+ICXDxTwgkVlF/ScmUZdDLWWZpKR7kVaCv2ySvihErHCVUacdXyeIXZQw7gkR+ANyW8N3EXy3dXrU/bqCatqQVkIn3fZQCmz+pR5yS4PScHkDu56nvim3uYsUJHuVLBYy84ozvyC9t+yOf1cckoT49htAvkndGRrDpDMuA62IkHKCTxh3xeH7kfjwujedCxlLUTd7FkN5Qr7Xjs2VYcjL7C+uBDaGztWDe5TYPtlDI9J9JKOKE6U5m3i2X1B1EKMazT6aq3BYWxd0VZqY4TGh2Drv4GZXrOpulIU52k3MqKIZOc0H6XT1rsBUboFGR/6o2CK8zzTSZOA06DnZj2uDUpX+SRFqtmjPooP+64H0dL0mngWupnmi8Ly98i6nN8nAj0URLg3Y3rjx0hOTaPLxNLCA009FTSHTvKwxPOUG5lxbBnO+B0Pp+43ZeYnrifbZcCufe0+fV9y3Qm940rhAQc4jMN3DvOhb8r9XwVnc+a6cmgHM3oIj1q4xA+B2xwbHMHWFDGFt1HGijj0bbnGXP3f0m7Aa7D2+F/VxmfbbzCvIDt5O4ezdw/cc8tIYQQQoj/JdKDRTRBEV9G5VNupWDSo+2ATjwzvSUtbuSzcWftX6mdxnUnPW00G+PG88GzhofFe5+5j+x9I9i4YwxLx1kBxeTkgU71I6HxN3Aa7k766dFErPBnT34A03wg84NjxJ2revh0Gu7O4cKJHD0xgqB7q8//kLjmR07cgMAlAzgU50/ER6NJWO5EixvXidx0kdQtPwEwbctoYj/yI+L9Eaj2ugNwNL36ZJ1Ow91JPT2adZ+O5vAWVwCSfmjsr/E1WFd9tGnvyr/jeuJnvBrLrexZ+u8HeLpnASteMgRXyn06sDl9NAnRHXGyghaaS6z84kodCVeXvCiNhwcnMzbA8GfC0GRSjb+sV43eqXv+E9P1FfxeuI/kEw8yb3jFsop6y6oMrjgN7sjm9BFsjrw5QzlsbA3HamPdwIYAukt8tFJHuZU9246NYdUyX9btGM/GFxS0uKHjoLFuK/rVTFztx6EdgWzc8SgR46xocaOExNQiCg5mGIIrPh354fRoVq0I4FDafThZQcIbp8mxpJ3agC1QbqVgVep4LuaMYN0/6h6cZQuo30+jk0McHndurfzj3mFb3fOO2BjnbbGyY3Xao8R+FMie/w4i0Ao4XsQVoCDptOHBf9J9ZO4I5M1l/uw5HchEJXBJx1UL02noWmpK+Vvi4FcXUN+Ax55zxxEYNtkwfGr12rOVPT+KNIZPj33yMBtX+LEqbgwfPasArpKeWdrg+moNPy+ftDxDT6k9n/rz5opADuzsCsCxlCv0nebPV6/ZUW6lYNGO0URM62BZGRuZu480VMbblx8l7QZMXP0gh+ICiHh/BGd/6ImrFYS/kXWb578SQgghhBAVpAeLaDSd6izrzwIeznhQwkU1dO7fFj7M48tVpwkd3w/TH6mDpveo/O7sYANcx39iF2NvhJZ4eCkg4QY2wNE9xllz20Lq9tOUlRnmPbBpZ0WLG9fJ+PEa/q0Nm/x9lqdhLhFXeygwDTaUcOSAjnIrO6b9o2pOi77/HEBC/2souzjTyX4MR5+7Rpntb5xUXSQnJ58jyVoAHGqcb+VxgE79OtHHSn2T31pji3dgD3z6nCRZBfRxZsLobnAwlUTjL+Z9A5S01RaChwv3kUsykJ1eBI+3a+SxbCyaI6Yu5R4dWLnMUBYzX+jIqt1qY4pwRWMYqlBuZcXL7/ryoBswbSBLd3xD6O4b9abZGBYNNlK0Z+OFsVwpKoPLVziiLiE7M489B6rvbYMh8DF2bEUQqCUPjG0H8Yaa1V4yDCGZ/Io3bhU7uXmyba8TZUoHLm7ab1hmpp1OHGwIXrR9rDsTe7YE7Oud+8Ywya2CIb1No0i/UdzKGQ8z8310nn43492Mt3HHtnj1gT35hoCZo/8DnDjbi6vAuZO/kJNTwNnMPE7kAW2qxxbqT6fha4kTJm/LsrD8G3aFzVFFlFtZcb+HDXnqIujiTB+rCxxJPMtOtTfjXakMVMZNSeTspA78fZgrvi8OI3eFLQB5SebXV4tM2CtwBlrsPoNXwGWCHr+LwIc9uVjYr3KTsjJDWy4rAhSNK+P67yMNlbE1Hz9uDCyXFrB9awFlgI3Nb4Z7VUoe6QXwoLyvXAghhBDitpMAi2i0/2w+DxjmCnnYI7f6yrQcth3rwz+9q5pWmb72sIhqy8qqHsDLjEMo8mOzmRFb+9jVpx4xP2cFfVy4x/ShQ2FPXx/j02reRd5/MZX1u6/XuWt1v1X7fGteVGRyjPzfDMEEkzk50lakM3JF9T0yD+RRQDfMPVc9FRPAmwFtKKocmnIHLpYO0ajJqWXlA2PNx+UfTXr0tG1d8akl9zyggN3NnSfC+FCrr2e1Lp/tO6/QufddeLvZ8XPqcV547gxpmgaSdXHCw6TwOihtKz+fTTWcj8Kmes8oNx9DQOb7RrTTjp0tm/3V6+nexJqb5LYODg7muvX8xr41h3h+RR09nWqMbjOfDmavperBxpaWl78ZBQcNbyhrwQ1CA3YRarKuBdeJ3pTD+AWdcfHvwwcvX+X5FfmkxV4iLdYwX4rruK78+9N+uDW03vSgik6sjHfnH+OyOaHKZ40qnzX8SLnSnve2PMREb1tqs7yMG7yP1FvGJZXXXVxwerVhegBYXeOqvNVICCGEEOIPQQIsonF0F9kYfZ1yKwUv/l/Xaj1V8g5eYFWsjrUbL/DPFR5NSr7M+DAdGDmIFSNac7Xyofo3ftX+hrK7PRy1IJ184FwBOTpwqXy+LWL7pp+w6d2BEyEprP8BXMd1ZG5QR+7xaIeHzSWG90lvUr7rZNvM1+maBBRcn3Fn4VA7rpdBaZEebK1p272D2eAKgKJNKxSOtnXOXVL5TGb6Ouj6ghhg9rW6Hr2dgEtUH3V4nR8zm//yZI8HnIFcvtp4ltcCvWudy7lv0pgx/Qrlw0vIXe/ECxPPkHYDxrzcnXH+Ltxzb3vOrtnDMytq5KVNS9qYfDV9Rm1zpzWgq9Xb51jiaTKuWtPyugXtFMNDd6GF"
11:15:14.549 [Forwarding screenshot on session 7836b5d0-bd7a-11e6-9730-e5ec4f8847f6 to remote] DEBUG org.apache.http.wire - http-outgoing-0 << "EbnCBia5rXuf+ted/OIgz6+4QrnSnhcXuDPQy5He99uwblQi79aoS3PpmL+WutDbdOOCHMvL34w96w29YvxecOdRd+uqurlawIp/XeJI+BmOLeiMN7aMDHmIs/PKOJF6keR9aj774Arq+AuEre/Kxml3ml8/sfpx2w3oRcKlXvx8+mcOJF/kmy9ySVYVMXdKGv5pA5tVxuaYL2MXyoByq5a8t38og9r8VlkeZVfLKMOGLk0NmgohhBBCiJtKAiyiUc7tPEfyDej8TE9Cpt1dfeWjCr76Mp2c6DMcXORBU0IsvX0ND9NZR4twmdbJGMC5zmczthESe53nEkYzs8FUbHB7wIoWZ/PZ+p8i+o42/tKemMmM2WqcXmhJkM4wROSdT3150LjXwVUHUN+Ae+v6oboJCk9fYnvib4ZXIxuVlUGXB7piST8Fl94u3Gul5sQNQGdNwHhPHM+dZkyf45xza0ngs/aMHtjQRLv1PbTbMdBXwRqVDtLySD13ndHOWt7/v9x6tjfPuYthks0WN67z+sIj9P60LyQdZ21C84cHdXrYnTFWuWyLP8mr611YNa1qbhfdufMseNYQyJj9ggd5RzNJuwFOz/Rm3eKK9lnElykVD/eWBb3uGeAMFJEQe47QQC/j0kssnZjOftrx7zhneNd8Ow29v9mn3iw5xvlOZkcPJcTfeKs/l8WeNMDthmVDrhq8llrz3fCqrfOOXmp++Rfk8MmXNyi3ciJ0WV+8q60sJW9rAqtUV/h0exFj/ptE0Aodr+4bz9zAu+kbeDfPDj+Ix1g1WdklfP/mNrPrqx1WdZR7A87g+uwDHFrRDTfvzjz13CUmOSWzH0N5lQEtbujI0QIulpVxw0PyGipjG15oZ7i2sjQw0dupspwm9TnEfpzYcimQgX+w13cLIYQQQvwVSYBFNEIpCesMXez//lSX2qtduvDPwHSW7C7i44QrLG3caAdDEoE9eUqZy2cbjzPg58vMGu/IxaQLrIm9TrnShcf87SCpoVRa8ve5dxMSe5LoJ/dQ8EZPhtgU8M5CQ/Dg5SmuFB04RosbOj54+QhXRzpyZucZln9oeFgqzGt+rwsAdfwFZsRfqLX8qX/fySuta29fVvOziwfPTz/G8x9eRx17kntjTV5Qe/Y6Hn3aNyt/bewNvU1a3ChhRu+tzUrLceDdPOeRzZqzkB+fjZ9DdrPSq0bRgaVxrmyboCYuOJnETU78fYQjNhe1rNloqLPy4d15wd8OxwIX7rW6QOanmSy+Hx68S0fCOyeJM75xSldmeORtKLjgOPBunlJe4LPYHxlGEf/wV/D9+jMk34C+r3XnwUC7htvpbZh51PS8OvduDehYHbYft1fcsL2QyzsLcw1vwjmnJT0POtXz9F+VTsPXEpeqXj3tcn/zy/9kgqEHTOdn3WoEVwBseew5F1ZNz2PT+6eZuaA9rFATPnQnhW93xc1GxzfhhrmBxg6/k3swvx5+qUzZ0asDgVZnSPzwv0yy1RLUz5YjXxkCym0fcKYToO2kAHSseGI7Fxf25TELyrhfzVOopaEydiPoajFLdp9hzYRdnH65O2Pdb/DlG9kk3wCvl7tLcEUIIYQQ4g9C3iIkLFfwM7tToFzZgXED6+rmYcvYqR0BSPjsAoXGpe3bVH+KK7eywk1ZtczGxoqqptiOiAODmDa8JerdlwidfZI1sTqcBrsQs3twtdcSV0/3DmwBB2O2FN7eJG/pjhc3iFv0I/NezSUHBfNiHuSfPVvz7Ibe+Ckh+cNsZkxIIzy6mKeWdCVQCTmf/swRXX3HwXicpg//caiWXNUl6FDxkNThjspfvcevGMWql6v3Uim3UvBczIPMrbMOqjP36/nAFwfw3PCq45db2fHUC+1wsqqer0om2bCxrUi5Yjt7Qr/zY9pgk/Q8nJj3Wrta+zaFS+BADifcwxgfK/JV+ax/6wJrNhomQZ34Wm/S4+43DJdy7MbyqA60uHGd9cHpPPPESb7Md2Lea4Y+Jmk/5AN30N7M3MA2xgxXtMMTsWpCZp9hmwr8XriHdQs6Y2k7NW2T5li6HUD7NndQs71XcDB50O75+AMsmtSSFqorhDzxX+a9movD012ZN8nwRp/jJ0osSsf8tVQVo2/f5o6bUP6l7Nt6hXIrK/4Z5FrnFm4juhveuJWSy7l7+/DRa+1oi441r54kJPgC+/OsmLh8AKH+drj4m19f7fwVHXgrvid9lJD8fjbPT/mR9fE6XMd1Zcv7ngB4j3DDzwryz5aw+vVs2lhUxhXlU/99pKEyVvjcT3JCd/ooIXHFGebNziZZY2iPnyzuVl9hCiGEEEKI31mL8vLy8tudCSHqUpBXhPbqb9i0aUUnl6aO27nOxXNXKeMOnN3sa8xZYm7dH4uuoIiftb+B9R3c5Wpf55wqTVWgLkKr56aVQZ46n6tYns+8pIP0HneJmNPjCbRgLomKdoG5etOVcO7nMmysbejkate4E6h5PHURWv1vtHFug4tj7U5/N6ed3joV+asv/5ZrxPVyE8vfIrpSLl6+Rpm+nrw1tL6GPHURV/XQxrlVHWV2nYK837C1t0VhbOC/XxlXrW/jbI/LH/mmJYQQQgjxFyQBFmGxlW+f4P/ePnG7s/GH5evnwoHkm/sC5/8lUj5C3BovLbyX+Qvvvd3ZEEIIIYT4y5MAixDitspLTOb+CZf46OxERsvbUIQQQgghhBB/UhJgEULcXgX5fJ9ajIdfJzrJZJ1CCCGEEEKIPykJsAghhBBCCCGEEEI0k7xFSAghhBBCCCGEEKKZJMAixF9FaSHq3POo8/LQNbx1pby885zLu0hB6S3L2R+cDnXuRQpudzaEEEIIIYQQf2gSYBHiZru6lyEz3Xkt9eLvcri8tLdpMdOdFgvfJq+O74ZtovCeez+d33iYzqED6Ld+b8MJX01j/kJ37gx9GPfQITiZpHcrFBxfYcj3zCdJunoLD9RIuguxdH5jCGuyCm93VoQQQgghhBB/YBJgEeJm00M+NKqXyE1R0cPkuvFDcalxUR6rv1jJcZNNh93j0WByeT/GE6mt+t7VuR02NyendSrT642ftFzVm930d5WZtgsI4BFPh9udFSGEEEIIIcQfWMvbnQEh/ue0Hcqxddm37fD23Ubx7wk9wN6D9gDYYmtc59f/I/ZPG2pROmdOHzV8aD2FnJVhuN6CvALoSnUobBXYW1tXLruVgZzGKWT/oYPQ8x28b3dWhBBCCCGEEH9o0oNFWK40jfmLRzJk/njePW4YLJKXFsWQhSMZsnA2Sb8aNkuKm433wpE8Ej6TIfNHMmRxGMeMnSq+Xj+NIQtHMmLN58YeHud5Y+lIhgQPYUhIoMVpT1jzVZ1ZLDj7DfOXjiWQqiIAACAASURBVDQONXGnxVw/no/bazxWHquXj2TC+ijC3x9v3KYP0+J2cvL454yo2Gf+k3yaVTUYJi/rK6Yt7FOZ5oiVURyrGMJy9RDTFo5k2ppghsx0p8VMP1an7WPafL/K84BCvo1bwJC5FXkayWvf7q/s4WJJnp/cuJF3K/NsyMPJeuZEKb2SRewPXxCryqKo9DivLR7NQmNPlOTDLzNkcTApV4Ff03hjedVxuy2cTazxvFO2BhOUlGHYqTieUQvH8+7xLFavHM+QhSN5/tu0itKpsczw3XvheML/8w3hlen34cn1X1UbYnQu9UNGzHWn1dx7aTF/Gm/uS677hEz3SdvIkyZ1MeH9DzlZOZwoj2/jgvGuKMeZfszfureynE9+/zbe88czf33VNt5L30aVm0b4Ur/KfD6/dX/VAa+m8pUWZj/g02DehBBCCCGEEH9tEmARlrP1oAunSC7OYP1+FQCHD/6bZO0pkrU72XUmDzjPF9/v5Lj2FNfv6kF+8SmSNTF8e1oHHOfLw/tI1p5i99FtpJUCZ3cTlnOK5JJCut6RbXHaxS519Kf4dSdjIl4kMucqC4ctJebR2fytZS6r98xgeZrh0b4w/xRfH17JwtN2vD1qNkHOsGHPbDzfD6Wk5wwifUdC8UGmfPgBaqAg60PujHyFDVolYY8u5QPfAHafXEmv1xZwEkB/FbX2FBuOxpOv7MV9tu3p6nyDw8W5"
11:15:14.549 [Forwarding screenshot on session 7836b5d0-bd7a-11e6-9730-e5ec4f8847f6 to remote] DEBUG org.apache.http.wire - http-outgoing-0 << "/HKtDIBv1z/OmD1fkOP0ODGT/sXs1qd4+5tneOn78xbnefOBNwg+DmHD5hPcuSO7T65k4oaddVZT2bVcvtZk8PW5XEr1GvZrck3WFpCsSUVbksaTC/5OWPapyjUXtDt5InI468/quHollQsm+xzXZvBToZ68vAyStaf4/lLV2KGay/LyMjiuzWBh7IssrEy/gM2HX2HBLsNApYLjUbhHh7O7IkhUvI+3j2fU3/aAgqwo3Ne+wWZjXUTeP5Cvj4fj+e5GdOj4dOVwxuyJp6jz40RP+hfBymIid8yg35pvAPjpdBLHizOIPBxPf9/5hPXswfGcj3jgjb+zUNuTyFGz+ZttAat3PMO7xvlW1D/uJ5mOjL6nm9m8hX0XRos3WtT5J+y7MLP7CiGEEEIIIf43yBAh0QgOjBo8kuAtOzn+43eo8Wbvj1UP7wkZWbzVLYfVpQAdmTpsBlfOfsDzGvg2I50X7bPYXLn1QQ6pC7FJ+87w1fkJnn8oh88sTdt3QK3cFWg0YNuRyGe38+J9hvkyHusKrd5fTen1MsDGOCdJAN+9tR7/NlDQVc/mtR/R1X0p++c/CcDd1/0Yc/gg6b8WcvrzcKAH28J38khbgCcZ1TkY99gv2Jj6Em/dAyVAV/cFJL/6LI4AV/eyoCJTV/cSfvgUKGeT+ubLuABPD/bk11eCyEhX8cudVy3M80B2h3/OsLYAY2Duw0SePoiakZXDf+pi22Yo+9/byWsLR/J2Mdx33zskP/sIZxKmGuuiF9uWbuURl0JWL/fn+ewCpsfFcu3V7fy7ZDRPHM+F1lPIenM+Xa1LeTfBkK6T6TGovqwyP7YB7F60nmEOaUx75e9sKIXDag3Qhc+2rjRuM5Lv3liNf9uLvLt8DMHZ9b2rp5C4uJVAR/79r51M6mioi7veH8kTpw+Rpnblw5MF0HkB6aHGenh4NHcuHsDCo6vZc/VRbFoqAJg9aScfPNwDGM4vc0eyujSAA2+vZ5At/LOrnq/XfsQvRUWAA6kH46H14/R3MVPIQNhDYQC8kfRGteX/8v9X5TohhBBCCCHE/zYJsIhG6dn/Ufy27CS5NJlvvncn1WSYyvEze4lNyjF8cX6Ehzs6oB08ErbsJPnYf4i3OVMtre8PbaMg6yAAfxswkkH9NY1Iu3beHD2fYf9bPsQmfsDzu89wJu8Iu7XVH9htAVp35942xn269eE+4MFBvpXbtGlpWGlDKQV6gFOMWeLHfRUbFBsCPwkZGbx1j7FcPHobHuprulZMPhA0YCSVz+i2A/j8vao5WizLszf3t61Y0po7WwOltmaDK1UJtMXBFigGJzsnHG0VXC029kCx1fHZhml8xjUOVAQ3NOe4jAMdHNoDuWBri3MbBxSNfIeQn88/GOYC4MrdrYHSiiBMKXnFhm263vMo/m0BOvHUw+MIzo6pJ7VS1FqgdfW6n/TCTiYBeWkrSAYWPvyIST24MHnk4yzc+AUHTufxEDqgB+P79DCub0vn1kDL7nQ3FmRZtWOeIvF4AX7+fjQQXwFqB1kkuCKEEEIIIcRfiwRYROO09SVICcmaXJ7/LBwAv/tm0Cv3I1ZrY3hij2GzvxkDCi4VARntR8Z1jgT7j2NPUgxfJ4XyNQAdmdS/D7QtbFTaNRVkfUjvyHAuAF2dBzK0y1N84J3N80l1D6UBwNoaJ8CxVes6V1cEMGb3Hs+dGF5tY2ttj8JGh33HzkAO+cAQD/c699cV/spxoH+r6tO26q4WUmrtAOeakOebqfQUB/IVdEZHX/cAfLmGzs6teuCmrrleWlacj5kQz/Wy+tcZ2dtYN7hNJdu68qKjwPSVztbVy9nW2tBrxbERh6lM+UIKq4HIvr0t3sc0oCLBFSGEEEIIIf5aZA4W0UgODB08stqSQL8pjO/ew2SJMWAClQGZKn15atRE+psuch5v7JXQyLRrOPxDDBeAyBcOcf7tz1n/3Ms81q3i1br1v5cmH6jZd6G6gUx95mX+9cxC/vXMQhYMuItjWT+Sd91kk3qCCQqlO37AhtQUk6Xneeml+3EKW8GeJua5uWyMgQcIYHPYVva/vZPnPFxo5dCDB3u4Y9/A/jmXsg2Tx/6aymFtAxvXYlsZ8Die/pVhwl3y+OY/8Q3sBRQf44RJQGXP+vE4vRTI4ZYd6QokHPzeZA+dMc2O3N3Jkj4o1VW8nnlII1/PHPZQmARXhBBCCCGE+AuSAItotJ79H8Wv8lsPfO/uxP33DKzaoDJgArWCJp0H4NP2Ph7qWTWQI2jA0MoeKY1K++p+npzrzoTPDW99cW7XBYDvD+1BdfY4334bRr+NXwCgOpEF1N0Zo34uTBr1OHCQB+ZP49PUQyR9H8WQiFfYkHMEt+5dGk6iTT+e7ekI2W8wYf1GUrL28+7KWawGgvxG4tbEPJfW+LshNbcbNGyWsZz34TvXjxGL/Ri+5ws2HI1hR5ENhvCLrsZeLgzyNAS7LmS/gefC8XgvmGHshVT/sWovc+Cpv80wrtiJ70t98J47gOkm86+UQY36dWHy2CnAQR5aFszXaYf4dusCZhw+Bc7j6e89hpDOcPz4K4xYYyjn1WueMKTZ+Ql6t6WRith/5CC4D0XeHySEEEIIIYSwhARYROO19SWoszFAogzk/jbgcs8QhhtXT/WrPoTHNGgytY9hrhO/B0YYl/TgscEmPVIamfaVUsgzvq3HJ3AewUpHvj4cygMRjzLmmxge8Z3B32xh99l0Cqh7qIhTrSWKyk9uD4bz3wlTuK94H1Oig3jos5Uk04PIZ2KZ1FFRz/6myxQ8Pf9rPrivB18ffgPfyGcIPnmKIN93WPXIfU3Os6M10Ma+ek+TmqN1TL7bGtOwqxiq5DKSbSHv8DdbgFx2G980FOT7Dl9MNEwg3MaxU610/B99nanG0VQXtBkUdR5HsLsx4tXSsLGrk6PJdwB7XF2qL3Pps5D/TphCVwAKOF7qSLDvFGM7UVAxcsi0fl19wzgwYQpdtfFMWBvEmB1fgPJxvps/BxccmP3KTiJ79mD3UUM5P380A7+e88l6ZQ6uxnTrZHJ+Nq3aGRbpT7BeA1P7+da9jxBCCCGEEELU0KK8vLz8dmdCiJspL+8ipYC9QyccLZoF1hKFqHO1YN2a9i4u9T2qm6X79SI/X4M2Dp1waVN93a3Js0W5Qp17Cb21tSFfFh7bkF97XF0aN3ymltI81FfKsG1n+bEpLUR9RQutnHFtW/v4VeXcDpc2TakpqCgX+3bdfuf6EEIIIYQQQvxZSYBFCCGEEEIIIYQQoplkiJAQQgghhBBCCCFEM0mARQghhBBCCCGEEKKZJMAihBBCCCGEEEII0UwSYBFCCCGEEEIIIYRoJgmwCCGEEEIIIYQQQjSTBFiEEEIIIYQQQgghmumOsLCwsNudCfHnlL4lig/iDtPOuz8dWt3645We28vbK7fTvl9/7rS91UcrImnTJ2z5XkWZS0+6ta15wCJ2rYtk445MlH0f4E5b0KQnELl8LV9u20ZS1m8MHNQTi7JZlMm6iHUkpqSQnJxc+WffvmQK2/em580+2aJM1kW8z45jxfTtXzOPRSSsjCDTwZt77vwdKvUmHftUQhTvfquhn6VlXpdSDaeyi2nXrk1TU+BWlV/pub2sWLmHOwc/QJucW3AdGNtEYpae3g90Jy9pE6vWf0lWsZIHet7Z9LbdnCypMzlzzZE727QE4FzqAfIdOtPW9na20bpV5e125+SvxNJ2ULWde/EBi66dU7vW8e43PzfvftKkvFquMXm8mddO6bldvL1y5+/077AQQgjx5yM9WETTlKbz+eYksjKS+HxP5u9yyOLLP5KRlcRl/e9xND1Z+xJJSUpE9VNJHetLOJ2sIisj2ZgfLVvfiyFDrUaj0ZD9K9hYfKgCjmVkoFKpqv3JyFCRebmuYzeTvoBjGVlkpF2gdup6TqdkkPn7FPJNO/blC2lkpdR1PpYqYtNLc3h9S1aTUzDQcyElg1M3ufyKf/4RVVYyPxffouvA2CZUh09TAvyk2kVGVhbJpy/TrLbdVEWpLAwOIyEr3/h1HSERa/hJD7eqjJuqet7E78fS+0VVe7H02rmcmUhWygVuXpXe"
11:15:14.549 [Forwarding screenshot on session 7836b5d0-bd7a-11e6-9730-e5ec4f8847f6 to remote] DEBUG org.apache.http.wire - http-outgoing-0 << "/PuqpXmsee00Nx/FP58mI+vQ7/TvsBBCCPHn0/J2Z0D8OamT95Jt/Jy9bRfqSV643uJjOvebw6YNM7C1v8UHMrJuBRSCjXVda50ImD6djoUt8WgN8DPZhQBK5kRF4a9szIHAGkDhyZTnRuGgN/yf6/Xr0MHTqVnnUF0ppdhi29racLxWxr+rceb5TRv43Qq5uccuLQVbW1rbtQJFXedjubJr4NDGrhkpGCnqazNN17q1HWCDNbfoOqhog8Y24TF0OkHdCuncpy/wU9PbdlPZwDWgjZ1d5Xewwa6iXG9BGTdZzbyJ30kj7hfG9mLpteP7/CZ85tvexF5aN/++anEeq7XPm5APa2sq7kVCCCGEqE0CLKIJivhuWwo4BBLypJ6ItUl8m6plZj9nANI3LeKTc650vppMSrYOHDyZMiuQCxujSNIACnemL3iVEV7OUHSKDRHvsSNLA4Crz0ReWjAJVyB90xI+OmlN61wV2YUKxk4ZRtIXp5m1agn9nIvYu+FdPtmRgQ5A6cOcl57H382eonNJfPReDCnqQgAUrj5MnxuMv1sxm15dzLnOnmiTklADCqUPzy1agG+jHxqLOZnyH/6jaYvHoA5smh1mDDhpiHp5Gjlz32GyRw5Ry98jyfB0ivugIObPn0C9h3J0Y6yvb+3SztzC4vCv0fcYw5uLJuGMlthFi9mW25a57yyhn3UqS158j7I+Y+h5dT/xKg3ggP+U+cwZ6wUUsXddBGsTswAFnj7duFzveWn5cvFiyia+ydR+zpzau47laxMxnIGSwOnPMXOEV+081lvmtob2oHbD49d9JGXrAAcCZ4Uyc6ibmWNjtq5K1QeIDF+DSqMDB3c8HTRg4w0Y2t+KYz1ZtXwyzsbyezE8jbmrl9DbXkvCyuXEpBhqS6H0YfqCYNr/EMGOQiApgqdzxvHWFDuWh3+LdXtQqwvp2LM7uT87EvbuAryMzyZJUcFEawayeskk6n1cMdO+QU1C1Dpikoy9ZhRKAidXlK+GhJUrjflU4KrUgbHlFGXG8mL4cWatWoLnz1tYGL4fV682qFSGdNwHTeHV+WNxxjCMYHm0of4c3HvRvvg8bYbMZ9Gk2nVoquTSMfb/Jwvnot/Yu/SzZrXt+ttQKQdiI4mMUxk2dOjFrNAXGeqmZ9OCCAzVMZWLAwaiPnQQgIiprxK87tVq6WvTE1i+IoZsHYAC/ykLjO1ey6ZFiznZ1p2rKSmoAWWvcTz5IKyPijeUiecoQkOn4mbbQDr1tEXvS5uYvTTRJG/L8XWu1gDqvU+ValL5KGotSVmFlW1jbvAk3Gwbcw+F2EWLOdLalWKVCg3g4BnI/JCZxnZafxur/7p0ZNOr8zio/AdR84ca9ivNJHx2OG2efJs5Q+sPpVe7Lqu1C635fJq9TuorQ321e1Xmrg2sid6BxpiXutqk6bXD1leJ2JGLQgHY2ODYqhXXrrVl2jtLcNwTQfgRN1YtH812s/9mmF6n4DnIh18zi3nm3SX0q3ZTsPzeZrrPplfnoXJ/jsiZxn8XilJZNPs93OauYED2h8Y8Tsa5nnp+skNajfb5KtnLq8oMbTrrIj8i0VjuVWVm7t4khBBCCHNkiJBoPPUBdqnBfXgA/YYG4A4kfvMdpcbVZcW/os5IJLvtGEJCpuBelkVMRBRnPYMInhOEqy6b6C2pgIZ1L77OjqzWTAkJIyx4InpVHMGLtlAKlBVr0GSpKO7mT+CgAO52KKRQl0sJkL5pKWt3ZNBj3ByWhc2iV4GKqJAPUJPJ0pAoUvReBIctIyw4iPZqFVHvbaXImGZGUhIeQXMImTMOR42KyKiEyrw3Rp46G41aTf616+jLTFbooIyfWDlvKUnZhTi4euKpVJCdspk5S8wcS3OE8JUrWblyJStXhhO+bhdFgL4gD7VOh+Z8fmV38PxfNegKfzUOidGjKdSRlRRHfKY17q4KoJCkmDUcKDKWlTG44t6rG+dVWYYHlXrk52rI1+uh6ADL1ybSftQsIiKXEeRzjcToMJK0NfdoqMx/Ra3aQVrbEYSEzsHftZDEtWtJr6MgKo+NubpS80FwJKprPZgVGsaswTZkqQHjlAJlxbnocvMr09SX5FKoyyVfD6dilxOTcpmgkGVEhM2im0ZF1MJPcOjjhxJQeI7iuSf7Y12Sh0ZXiFrdkVGBg/D1uQ8KVSQcVhsSLUpla5Kajn361B9caaB97w0PJibpPONmhbJsWQijelwjMdpQZ0lRS4hJycZ/SghhwWMo1FSlqi/Jq7wO9CV5aHRqVCqYHhLK9FGeZKfE8GWqlqL0TbwenUgrn4mEhoX8P3v3HxdVlT9+/GU1MIL8cNLGH2iChRSCIYsGamj+Cs3V9WNrmlkfpdWKtbC+pPkjCixld6VtyXBDN0lzLT6tZkUarlIKKDsSKC2SguVozWIjMIIDY/r94w4wwMzwy7LdfT8fj5K5P84999xzD9z3nHMuIyilzFCNoaLKydVXfHu6BL3BgMFY07W67aQOFe9YTXKGjtBZMaxZE0ekZxGpcavJN2oYNSMKgICoaOY9+ADR0wMACJ8/iwCbAEZd+W6eSkzn/KAoVq5Zw+Iof7LT41mfrVyn+gsGSnJzCYiOJWZOKIaiXSSn7GFEdCyLp4dSXZLJ33SGttNxUBddhk1xmDdw1k6VkxyTRHaJJ3Ni41m5eDrVugzilm1tumfa1YZCzQUDZTodQdErWRM3B8+SLOITd2Bqo445vi81BAX1wpD7N3JM1pqctwddNdw+xFk/RSPbXkhGpxrNyqRkVkZHUpa7nbU7itvIp/P7xHEZNrUXpsKNxKdlopown/ikNcTMCqcsdzvbcgzNcmh77wwcOZ3o6Ed5NPpxoqfejsFgoJqe9NVAbeXpxjbE2e+MnMb7NJb42DlcyNVhqL6Axc7wmfa1bbY0DPHzQp+1i2LrivIDn1BidmHwQG2zPDq6zsf8WtfPpnzoSfl/iWSVqJgTG09c9ATKcrfz/MZ8p/VGCCGEEM5JDxbRYYV7P8GMmntH3QrApHBPUnM/4qBhJuMbv4ELZ9Wy2cq3h6P3kJTlx7IY5dtE95KPSDz4FWeKK8mqhoBZcxk1uBcWJjI3Ko/kzI/IM85EGRwQyrJVMfgAxvyNAKgw8PmeMghdzKp5kQDEvQTbDl2G6l5Mj45GFRhBWG8wVFgIDQD96QrlgfQSqMNjiJmp7EfJfpIOfk0lOO5Z4kBDF2mV+zBWpcURMy8JA1piN6cQULKRRWaAYJasWkVAbTbLYlPQF/0dnXFai2+5GxjQ5do+ELhQu2iy0iO75THt/hvAyrQEhrnqWb8wltxqsFiM5O1Xvl0NX/wKS8f7YMxJYVFytjIGwxnrQ8L5syf55ns/xv7mRYaeh1tb5r3OeZkrwnlx2Tx8gIBHS8hOPEJlDTjr3+7oWp0trCAXmL40jvGBrjBsJVXl89h+znZvVaufVcAlSz1Qz+kT5QwZdRcxSWuoUvVigI+K4Z5pHNIGETHMH2P+fgDmrFnJTH9XwITls53s+vAAdePnUZHzCXq0xI71d5j/uuIDTur3VAbcs5jF4/0YH9YPo6GCAP9BZBYZsFgMHDtsQB0ZS8y0MCCMly+dJSa1Ya4jlc3/FfOTEpjsC4R5cjAzjhqLhWOH94M6svE+HLbuWcoeSHTSe8m2xKypq3y7Vrcd1iEjb+0tA58oZk8MQlULMx6dRXZiBodLjMTcHYQ2JRNtUASBPh6Ygnxg1wXGjA1DQ1OEr2jvHsx4Mu/hqfRxszBgxkzCDxWRu/MApsgpjXVo0eQIoC+523V8Ffm49fNA8nfpOpRO63ZjGsOb5c2W43aqpuAQOmB6/EvMDPQAAnmZfxGTup+jxnnWtq/tNtRAGJZL4DkhjkWThwHDWLb4NDGpezlqnOGkjjXUH/v3ZeTE+/Hclcq+A+VETOvHgZ254DeLsW2MA7UAnNdTUvYto8LmkuQ7CVWvvoDFYT4P5+LkPhnFMUdtvU00wqXPaKKjA7hrciTeRiNufv1RY2+uoKZ7RxsYgdIhQ09KjA4IIO7VpfiC9R5RtnV87cv5LNuAZ2QsMdOUHiYvcY5FyQXOC8lpms1/D4VNnYY6"
11:15:14.549 [Forwarding screenshot on session 7836b5d0-bd7a-11e6-9730-e5ec4f8847f6 to remote] DEBUG org.apache.http.wire - http-outgoing-0 << "K409eQYCI1Xs3VkEAfOJ1EJ+Yx7rnFxnTYv6aRMdN5zgcDVMiFvFzDANEEg87hwHtEGO640QQgghnJMAi+igcjL3K9/qpsXOI81mzYcfFTJ+wTDgEqjdbR4Am39WvhBXUV+lfPtWkpHIogzbY/hYt70E6p60nhVDhcoFPHs0vQXB1Xc8C6wjTqrqv2J9bBpJtrtorY+M9eAfOLB1eu04c6dqLI1pNP8jtIjERQ/YfK52PCmhZzjxLz9KL0utso3KDS00/Unc1ksftD4McAVww9s6f4yKhrlktIQOVZ6ONEHD8SEbfVvpaSJYMv8or6VnkVKkdDPXBkex5OkF+Nt223DV4uWszK3Xv+E6NvSIaLPMHVyrq/W1gCd+fRuiM64M9tXC6bYShGHznmGW/g9k7EojdxeAmtBZjxM7O8B6XWyvjpY+jcfwYOz94exK3UOeYSJndhdB8HwHgTJFjdP67UrfXrDjtThSmxcaqgunKDCD/629ms7a6bXy5Gavhp+98FFDDaBSdQfzBZsz8mOIJ5yzl4QzXanbjupQdCj6aqA6k7hFmc12OVNyCoIsSvzPUgt4WOvMJTsPeCrAQNqKmOaLu9cowb16GDSor3WhFz3VcPsdDXXKjZ7WsmpPOo7aDWd5c9ROKcFiNQP6Nt1Ibp7ujTlpbxva0KYFBg20k46TOmaTpt37UjuaqX6pbN9zCOOoAXyoh8jYsW3M96Fh7nOL0b+WSkZqCRkAnn7MX/ocPhrH+fzB5Ow+cdbWNwULXL29qCxIIyYtxWkOWzOwOTaWbIOWxckth/VYObr2xm/4CggZPripBAbfjpqCtifHbe/vIZ8IJvuksevjI5gGu5BVDRMWj2qxkfPr7Kh+Gk/9EzNahtt0uwqcPI9AwFS6j785rDdCCCGEcEYCLKJDjPl70ZkhdH4cs4d4UWsBN7cqPvpDEtmZH1C6YFi703JxV/5cmxC3sXH+FpM+nwMFtQx2h2+c7VwP9fVNfzHWle8hMfUrfjndjaT0bPwmRPPijDB8tBqy1z9MivXLfwvg7uFlP02H2vFnpZ1eJopgVqY8zQBLGZ8eOIaqtx8B7g7S6O5OX60GTYvvwVUu1h0uNZxvFZVtj/JoZLkEYEB33ECkVoup5Bh6aLMHS52xlPNuw3n5vRhU+lIKDuwgdVcmHx6dylKbmU5NhZuJd1LmneXoWrm4uAHVnDlfBxrlke/8v6pafV3d1LunqZ4YS7+hz/hneG9Zb8qLdRza/Q67MjaRN/F3ylOrbXchLjWLt/iMnoxfai47//IXzhsg6rGWDzotju+0fut5c1EqRdpw4pIeIsBXC/kbWZB0BHoOJFANxV83XWSVylGlaa0hyxbLJcB2v28or+7EG4C6ULcd1qHSkWjVUBK4mPeWNczzoWff3mJ6hQQAx6wHbBFebXErWizVQADx7yXQMDtEac4+yi198EYpi559mgJVFsClu6rZ5/am02a7Ya+ZcNBOTZkEYOZ7mzpsqa1pzFOHHmRdoKzsPA0TeNQ2pqPnzRUO6libXBk7fQLbk/fw59d7YSaYSW1OVGWk7Ft4cNVWAt0qKDx6hHfStpO+fiejNs1wmM+r3Z3/HjjmoAwfXDm3cVn+Wy+QoYNZsfFMDApEQz4LFyS1uJ9bMvH+qmfJ1KuZs+YPOJpaxuG11/SlH1BS8k3jORlPfYWZtq9f+38PeTBxRji7Unby6kaAUKaGtYzqtvM6t8iUe6/eQDYnvqkjLFCpg8Xvr+ev5/rSI/v9TtYbIYQQQsgcLKID6jj0SRYQwMxpYfj6+xMY6I+vbxgzpoUCRezNbhjiYmnjWzwLLsPGEQxkpb5OdqkBY3kOry5PIj09iyrXpu1ap6MhaKQWc24aW3NKMRqK2ZaaRknZBRqeQ3v286G3t4rCPSmk5Jpb9P5omaL9vDYsy05+ioULFzb+98DDz5HTah4Sm4c1QBOmnBsU8dZf3mHn1rfI2LWL7Wn7bM6tfTz8/JRu49XZJKxdT0JsHLn2JlGxRyCt8gAAIABJREFUGzDRMHyU8uSQm/o861PWszxJ6UnQZo+Yb4+QmprM+s3ZWLxuxW/ALcpyB08PbZV553qXt75WLsNGEwxkvPEmhXojpdmbSdWZm7ZWdQfzET7OKUdfuo+k17JpyMypvZtISVrOjvxz9Bo4mL49VUB3VCoNtwWqqT72OTmlBuxyDWR6pBa9TodZHc6kYU66rwAeTut3rdJzomd/BvbzprZ0H0lJWUB3LPQmMFBNdXYqO3JKMZTn8HpqFm1fsOaCxk0Ccnlh7Q4Ki/PZ+NxaSjqciqLTddthHepF0EhP0L3Fxn3FGI16dr+5ltT0NHRVNHaVOXP0AKV6o/VzNSVHipvNUxEwZhRQQtr63ZQbjBRnb2ZFcippuvM2vS3arnmdS8dapx3kzVk7dfPocQQA29clk683Yijew7qUXFAHMlDTIn2HlPWq7mDYlc7uQj2G0n2sT8kFn3EEaZzVsbaPoYmYRChmdEV6tBPuo2EwXJ0+m5SE9ewpbTkhRxUfpKQSn/AmhbVu+AUMpidAL2/cneRzxBhn94mTtt62t4kFoBd9Bg7E3VLOjldTqQbOlH3rsPT2pSxne4kZz8h5DOUkhYWF5OcXUm6sa0zUtpxal70/URO0GDKTSNmdQ3HO+6xObmpr2ta+30PayPsJppqikmr8Zk1r8bY+CxbauM4O6qer/whCgV3rXydfb0RfuJs3tudyur6b0kPKab0RQgghhCPSg0W0n6mIvxeBNjKKljNP+IyNIiBNR3bWIUb6dAcvN5vn8O4tvjZvWO9LXFIMiYkppDR0zVf7Eb0mDn8gn+bpqFyUh2GAiJhlnLmwlozkFexScsCclU9y1zAL0wMOsSs9nnnpyvLQUB90uhJOmZTYgO2cndAyr03cGxeaqa62jWj0UtapwLafREPHfGWJP0+viSYxIY0yXZbSY0TtR/Sqp1uVXZs8Qnlggh8pWWXodbmc1/rgiZ7qlrnu3rKrgfI5bMEyZp1NIKPIQG52LlofLegdBBFoKiPXwAeIiTpBSmYKMZlK13tt6BweavFNtsewqU7L3H4Z238Isb0+jq+VUrarV6SRGJsNgBow9/LGDQib8QjBh5LISI4jA/ALDUatM2ABIh5ZSuSptWQkKetATWT0KiI8oDwkBHS5JK+4wIqVvnbzGDF1Mm9kp9Nv8niHryVvyrez+u3BL+eEUrQ9g5h5Sk4CwkNR5+o4VlJJzLJXOLvqBTKSV5DRLOXm94Htzy2P7xE4m5RYC88nZ5CoA21AKD7o0Nzel/Zy93YH6jtdt53VIW3Ey3x3MYGM1HisIT9C58SxINADGMwoPzWZWekk1Hjy9q/vwIdsMlPjqe2+tvEcNcMWED+/lrXp6cTlpgPgGTCdlU9GAsZWdcjR546mY1unNQNt87aRGJtxY47aKX9XDXHWMkyKXYS1YIhd1TAHSHvbUKWHmqdPPemJsaRb04lbpbxBy3EdMzCyzfvSl6jpfuh2nWPypODGpTXflpBdlEv9PQ8xudlYQV9+EzeLhKQMEmOU+xLPYGJ/OxVXapzm09nvAX9HZQjst16X4Km/xi87jZTYBaSgvDHLT11E2fETMLtv4/Vrul+MnLS+Oac6O40V2U1nER6bwhibsnF27SMW/YFLrCY1PZls1PhoAQdNa/vaNnv8uS/Kh6JMC1PGBtrZx9/pdY4caP/eAV9ikxaTuDqVpNhca7FPYNWTD3Jp0GmH6QWpWrc5QgghhGjS7erVq1evdyaEMBoMWFQqtBrnvQJaqjMaqbSAt1bTbH4Ak9FALR1P79qrw2ioxIIKrbZreakzGam0qNBqHL+3xhmlTLzRajrYhabOhKGyFpWbNxoPx/v+9GWulC1uWuwViVKn7J+vyWik1k69oc6ECRc8XO2fpzFnI4uSD7I45W2bCZ3b5rB+m4wYai24eWuxV7RKmbp16pob8rey/hMVz62arQw6M+UQsyAZv9gUlnb8veR2dKBuO6lDyj3suAzal5X21dGfLJ2WyTpopxrLUNW5awxGUh5eBEs2EhMMhho77UMbdcyZPQkPk2YYx8aUBU0DF+tKSZiX"
11:15:14.549 [Forwarding screenshot on session 7836b5d0-bd7a-11e6-9730-e5ec4f8847f6 to remote] DEBUG org.apache.http.wire - http-outgoing-0 << "QGBSGjN97SVo75zakU+c/x5wXIbNj8s1vnaOmdi9NpGvAheydJoSWtTvWUts2lfEbNxE5E/9q6fT19lBHexCvRFCCCH+m0kPFvGzoNF27oHPVaOx+/YfD43Wyetzf0qunT63Vil52D/X9up0mbh6oNW2vedPX+bOy9bZOg+Nxn5eXT3sL68rZu0za9EZzBAwn9EdvBAO8+KhwVnRdqVM3dygrCiDRbGlTAhw51hWLgZ8eGDwtamPHarbTuqQo3u4Y1lpXx39ydJpmazDc7wG7YMZLtZawFWL1t6DcBt1zB5T4Q6W/z4DgxnCY6Y2mxXKdLKAi6G/YqLd4Ao4PKe28onze7btenLt2tr28cCNc+Smr+C54kj8OEOWrgwC5jD8esT1O3GdFQ7KrdPpCSGEEP/dboyPj4+/3pkQQoiftR8qKS08yU0+9xAb+4DDB8SfE9dbgonw9aL6bDl6QzXa0PEsXBrDSK3E1f9zXOZSfT19A+7C7+ZrVynrq89y/GQlAeMfZfHUO5p9E+N6y1Amjr6jjTcK/TT5vN78Ro/F5yYzZ09+jeFKD0InPsBzT0bhfb0zJoQQQojrRoYICSGEEEIIIYQQQnSRvEVICCGEEEIIIYQQooskwCKEEEIIIYQQQgjRRRJgET+Z8vwcyk3WD3UGSkuV91mW7k5h1frdmBzv+pMy6YspNtR1ev/i3SmsWruj2ds6Dfk7SFiVwI5826V6tq5dxcY9pZ0+VmtG9mxMIGbhw8Qk7MBoyCfluVgWPryQte8XX8Pj/JzZlkE6O9Yn8H6x8Trkw8Tudh27vdv9lHlqcb9eZ527JztfrrZtUumejW22T3Xl+0hYlUKxvY3qytmc0PXr25gnQz7rVyWwp/RaX5wW5WXTRjs9PyGEEEII0UgCLOInYcrfSFzSG3xjATCx9ZkYVrxfAsD5rwsoyf2a2uuaQytTPstj49ldUtnpJLxcLlCi+5Av9E3LvvjkQ4pKisj45IumhfpidulKuHCTWxcy3Jwx/z3Ssoqgnz9+/XtR8t4WssvO08v/dgKH9L1mx/k5a14GXnyTW0Txect1yImFr9p1bAtf5xZR+pPksX15an6/XmedvifbW/6t2bZJ54uzKMn9Gmep1Jz/J0Ul2dg9VM237C8q4nRV1wqzIU/nTh0mt6SIr85f6xbTtryat9E13/6TopLD9s9PCCGEEEI0ktdJiJ+Gi/I/N5Xysf4SePZQAgsqFaBWobpeebPlApeAHm6dD3r43BWBmiKKTxmY7KMFSjlSZFZWFh2hlMn4A/oTBYCWe0J8rkHGFSoXAE8eS1jFMKBw4zugHse6VQuu2TF+7lqWQd1D94Lr9XjfqIYnt25u37HV4PKT3ADtzFOL+/W66vQ92YHyb1BXB66uuLt1b2yTIp7cSuhSV6dvzdGExbB182OtDlUHuLq744W1SLugoZ3s3bcf6i6mZZ9teZmatdHKwb1wc1c+1kEH3yIkhBBCCPHfQQIsooOM7F6/jvTcMgDU2lCil8US6eMKplI2J71GZonSrdwndBbPLJuNV+FWnkjMAiBpwXP8zxQXMquB7CQePjOdBX626deRsyOZ5Ayd8tEzmMUrn2a8rwem4vdZvvbvaAPdKdKVAWrC50QzrPJjUjOVz6GzlrBsdlg70vkcn8Ae6HTKN7R+4fN5bukoPl6WhJK1BRimr2Tl2BqS176BzmC2bjeHpUtnonVWRNqhjFTD4WOnIFJLXWkBRaiJmjOazO1ZFJTW4e/vyon8YvAcR4DG+Xnbuwb7Nr9OamaRddsAop+LJaxqJ4uSlHJOfOBhQkJuoaCgGsjkgYfPsnLDKgaU7Wbd79MpMwOoiZy/jJhpgYCRHatWk4c750vKMPtMZ2PyPDQ2R9Xn7OBPb2RY9/VkQvRSFk0OBPTsTtlIerZSlqi1TJj3OIsmBzop62lonKbpuDwKtybw5gkV7ud0lFWrmRW/gdmBSjkZ8zc3K4OouHhcMpKpn/USC8Jg63OrKR8QgDE7Gz1K/X181TIitGAqz+bN19LJ1Vcrp+ETSvSSWCJ9XSncuoq39L4MvrCf7DKzktfFK1k03tdJ2fTlvdWrrcfWOEnfWWWC4j2beSMts3HImW0dLN23kXWpWSgpapkQrZR7nT7HQb012uQJu/fy8O/fa3a/xm5cR1CVo7zXOC1TMLFv86u8lVmEGUAbSswzTxLp64Gx0FFdbF7Xt7a4JxPmDbBb/yf7a1rta3uuzvLZrLw8/QjwNIBLkFL+O5NYe9SX3y3uTWLcu4yJf7WxvhmyN/Jsip7H4oay5bXjLP5jAmGa5tfFU6umGggCTMU7eHrtcRZvSCDMA6grJiF6Pf2X/K6NOmITzuh1MwB3DNbitD1uUFdIQvTv6fnoS8SM9wVjPqueeg33Xy1j2cxAMBWy6onf47uk6V4ZWZbcrI2OnwVg4IPkVSRZ72Of8Pmsst7HzTluD4QQQggh/tPJECHRIaU71pGee545cWtIil/MIIOOlOVvYcTAxqdXkFnizvy4eOJjZ2HRZRC76n1chk0henoAAOHzZzFq1Gi0gDogisfnjmj2TWjxjtUkZ+gInRXDmjVxRHoWkRq3mnwjWGorMJgNFOl6sDgujlmhXuRuTyH1aE8Wx8USFeCCLuMd8k3tSUePTgfRcSuJjgqgLDed9/Jh1IwoAAKionlwbE+2vZCMTjWalUnJrIyOpCx3O2t3tDWXiZbhIz0xFxzDBJw8kgcEMmnqJIKBvIKTgIFCnRntqFA0bZx3S/kbV5OaWaRsGx9DePcS0las5tjNk1g8PRiACfOjmTLlQaIC1KAOJvrxX6I5t5unEtM5PyiKlWvWsDjKn+z0eNZnK2OZas4Z0JeUERI1gcigAbjbHlS/m+XJGZzrN4G4NfHMCe9OVlo8O0rr2Lc2lvTs00xfvJI1a+KI8r9EVtob5JiclbXRaZrOyqO+xoChREfNoEgmhI9j6MCmIJQmoHkZjBvsTuU5A5UWZWxDfY2BouxsBs+JIS5mOl4GHckpu6mjmMS4FHItgcTGryE+dg699DpSXtuJCaivuYBel0lBz8nErYwh0qearNRUCuuclU29zbGdp++IqXAj8WmZqCbMJz5pDTGzwinL3c62HAOYcliXmkWvqMUkJa9hTuglstLiyTYandbbhjw5upctLe7XAE1bZeOoTKFwayKpmUX4T49hTfxigqt0pMS9Tlm587rYRNPinvRzWP+zDbTSvmuv5/XYZHSX/Fm8Mp7Fo1wo0QPdlTRqK09jPleJi28gflST8X5Ow9Xh051ZmH2GMIgKqs3nqAVMxVtZkZpF99BZxMfHEaKElrCg3A/V5nPUNgy1qanitLma2o7UEY8Ifp+UzAits/bYhqsfvr3MZO8toA4wHPucErMZ3ecFmADjsc8pMbsweGDPxvIaGNK8jW5oC0qs9/Hi6cHoc9N5x04D5aw9EEIIIYT4Tyc9WESHXLLUA/WcPlHOkFF3EZO0hipVL9yLPyWrGgJmzWXU4F5YmMjcqDySMz8izziT4UE+sOsCY8aGMcDDxHDPNA5pg4gY5k9+XkPqRg7uLQOfKGZPDEJVCzMenUV2YgaHS4wMtg5XmJO0ivG+UOdyjAxdJrOWxDLe35U6l2NkJh6h1mLkaDvSmZ+UwGRfIMyTg5lx1Fgs+N4dhDYlE21QBIE+Fg4CnNdTUvYto8LmkuQ7CVWvtucyCRgeAtnHKKszUZKnh9D78XH1ZUQwpOUdxzRlAAXA5JF+bZ53WITtd8Tl7MsyoA6PYdnsSACWvqJi4YJksr6oIi7oFlJ3aRk+NpK7PKDbYS8yT99CRMQwSja+iRlP5j08lT5uFgbMmEn4oSJydx7AFDkFC6AOj2HpgshW55O/dw9mAohft4hAIGzpM1g2HsLPzYTXPYtZPN6P8WH9MBoqCPAfRGaRAYvNfA32ytpxmgan5TESgFCWrYqh1eAqDx9G2JSBr0fzB0DLJeUcY2Zaz7FkP0kHv6aybgTTo6NRBUYQ1hsMFRZCA0B/usJmbqBwXlw2Dx8g4NESshOPUFnjrGzqqWjYta5XO9JvzaXPaKKjA7hrciTeRiNufv1RYx1u"
11:15:14.549 [Forwarding screenshot on session 7836b5d0-bd7a-11e6-9730-e5ec4f8847f6 to remote] DEBUG org.apache.http.wire - http-outgoing-0 << "Yi3f82dP8s33foz9zYsMPQ+3aqAEHNTbpovi6F7WoGl2v2rqDE7z7rBMMfD5njIIXcyqecq6uJdg26HLnMjc7aQuzsO231bze/I8ax3V/0PFRM503EvCUT7PFlaQC0xfGsf4QFcYtpKq8nlsP2e7twrwYfIsP3IzPiG/bjJhFTns0UN4zER6sLNxq2P79wPhrFo2Gy0Q+EocJQuSbNKhaTik7RCsDtQRra9S88scXkNbHoy6N5hd6Yc5yUzO51oDxPpjfAOc/ywbtNMZroVjDXv4RzRro435+wGYY3Mf5+yK40zZtxBme7Q6BrSjPRBCCCGE+E8lARbRIcPmPcMs/R/I2JVG7i5QhuU8zqMDlAkoSzISWZRhu4cPKsBSD3DJ+ke2xfqY1+IvbtMZ9NVAdSZxizKbrTpTckrpY48nfbyUZTX1FkDLgL6u1s/KclVN+9K52athqRc+aqgBqLdwCcBSC2iZ+9xi9K+lkpFaQgaApx/zlz6HT+t+8c1oAobjSTbH8o5wzADhDwwFIDAiFFKPkpNTgRk/Qm7zAFOh8/zaBlhM5zEAI+8OaFrmMZgRnnDw9HksA6CpnKFeORtrSasAA2krYppntnuN8gBXD/6BA+2fkOUSeAbRFFryZfYiZWyLqRZ2vBZHapLtDlqbZ0cHZe0oTVMhHzgpj5FcAnVPHM3I0byutWD3HFWoXLV41X/F+tg0mp9Gw9xAl0Dt3nhMS0Ndc3YeGDncsKjN9O1z9faisiCNmLSU1is1ESyZf5TX0rNIKVKG9GiDo1jy9IJ21VtH93Ls7IjmZejRRt4dlSkqVC7g2aN70/n4jmeBL+Rv/ARndbHZwDjbe7KN+u+Ug3xera8FPPHr29CXzpXBvlo43TqJwIlT8MxIYV+eAa/vPsFMAPdHaiHfJkVVd6C+qXXzCCCooc7b0Vg6nagjzq6hbc9A3xERqNNTKcjPR6+rJnzOHM5s387hnBz+pYOA+aOal7ndNrqp7QUv+nvC/oqqFjlypW+vttoDIYQQQoj/XBJgER1iLP2GPuOf4b1lvSkv1nFo9zvsytjEXUtGATAhbiOLrN9omvT5HCioZbDtWJOGv7LrsU6caMOjD1o1lAQu5r1l45VldXr27S2mV0gAfHvUTo4utYrT4N7xdFo9i6vcACNl38KDq7YS6FZB4dEjvJO2nfT1Oxm1aYGduQdsaAIYpYVdaW8BPkwfrsza4hMSjpYU0tLKIGAOt7kCrm3kt1kZeaEBDueVEBNhnQmm7jvKqsH/9r5Y+y7YZbFUAwHEv5dAw/f8pTn7KLf0wdtaBu4eXg72BaovUAXW8zby/vrXqRg2jprUVIq04cQlPUSArxbyN7Ig6YjjfLSZ5kSn5VH/kcOk2+ToHGsKNxOfno3fhGhenBGGj1ZD9vqHSWnHm60dn0dU4zamTqaf/9YLZOhgVmw8E4MC0ZDPwgVJoFJRZyzlvNtwXn4vBpW+lIIDO0jdlcmHR0cxHkf1dkZj2o7u5byJEUoMEkDVdt6d1Rvqob6+6e6qK99DYupXDO3jvC7apXJrR/13zFE+XVzcgGrOnK8DjRKWOP+vKvuz0mruZkZACunvpXChSo92Qiz+0GxIjsVyCXCxCSiUUWKGwcpK67k0HFxlDYF2ro44u4aRtg2UNoRxWtiVmgpoiZs4lrLPt5ORnAxoWTzCt8VZYL+Ntj1P7BWRnjdXdKw9EEIIIYT4TyJzsIgOObV3EylJy9mRf45eAwfTt6cK6I7nXeMIBrJSXye71ICxPIdXlyeRnp5FlSsNT6GUHCmmDg23BaqpPvY5OaUNEydYsKAlaKQn6N5i475ijEY9u99cS2p6GrqWX5Q61YV0rA9AZ44eoFT/DR+kpBKf8CaFtW74BQymJ0Avb9yB0j2bWbtxj4M5NDSEDvcBsxn87iao4ethTRDWWAvBI0Ks3zJ3JL/+RISqMeemsTm7GIO+lB1Jr1EG+Nu8htle542AMaOAEtLW76bcYKQ4ezMrklNJ0523+bbbfj/+oDHjAB2vpexBbzSQs+N1tucWoerlrnwz37M/A/t5U1u6j6SkLKC709faOk8zsB3lYWkzfcfrW65pSqtnPx96e6so3JNCSq7ZpnuB42M6Po9bWm3rPH1HWe1Fn4EDcbeUs+PVVKpBGZrx7RFSU5NZvzkbi9et+A2wHk9lclpvGzi6l1Uqmt2v9e0sm9ZlqiFopBZzbhpbc0oxGorZlppGSdkFBt/bnrrYkJTtPdmrXfW/jQJt9tll2GiCgYw33qRQb6Q0ezOpOnOLrRuuvStjfxkFhhLKzGomT41odYSAkaOAXFI270Nv0LMn5R0aZpZx79UbqGbXO/vQG8p5PznVOkFxk47UQafXsBkNo+8NgOpq0AYR4KFhaKh1dnGfuxnRatZue210a/WtltR2qD2o0+eQkrCWPaVKK2rbprZcJ4QQQgjx70B6sIgOCXtkKZGn1pKRFKcMPUBNZPQqIjx8CU2KITExhZSGbv9qP6LXxOEPMPAOfMgmMzWe2u4bmRoSArpckldc4KEJ3cHLGzcgMuZlvruYQEZqPFnWY4bOiWNBoAemQuXhoYHKxfHnjqQDyhfK9QCawYzyU5OZlU5CTQy/j5tFQlIGiTHZyoaewcT+diquQNXpQ+gOhlC7aDL23vXjFxoKmXoCRobYrNcQercfmbvOMyKk6fUxzvLb0vhlr/Btwlp2pcSjDKDxJComidn+HhjzAbrbvF63e+PXzJphC4ifX8va9HTictOVPQOms/LJSMDYVAZ2eAybR/z8fxGfnkastSiCp8fy0LAQSuaEUrQ9g5h5So0ICA9FnavjWImB4e6Oy9pxmh64DnNcHvkHu4OXWxtDDprKwPa8Wp+jkpb3sKlMDzjErvR45qUD+BAa6oNOV8IpU9N2qpb7Oj2PHrzVeK7O03dU9sFTf41fdhopsQtIATz9gvFTF1F2/ASusx8gJuoEKZkpxGQqQ4i0oXN4KOIXoHJUb2saj+X4Xqb5/Rqb2MG8N5VVRMwyzlxYS0byCnah7Dtn5ZP8YpjGSV1sodk96cnbTup/S+259ir8eXpNNKtXpJFovYBqwNzL2zokrPm19wibRLg6k9x+9zPWOgmQbdujCVvAyln/IjEjldhMQK21vlZZhav/FKLD80jLSiU2C/AJwNMaYmmrjij58G42NM7pNWzBf8RoPLeX4Dl8OB7AbSHDYVcZwfeOaGyfbMvIz6aNXrHSF3vRQK9W7/H255dO2oPIiOaRnJpvjpJdpMPtPiX8YtumWlqsE0IIIYT4d9Dt6tWrV693JsS/H5PRSK0FvLWaVt84Gw0GLCoVWk0bE5XUmTDhgodrq++sqTMaqbRYcPPW4tF6dbtdm3TqMBoqsajc0GrshVKunY7kV9nW/jVwvqMJQ2UtKjdvNB0tlIZ9vbUNoykUJiOG2k6Ws6M0uXb1oL1MRgO1tKPu2uPkPLqWvlL/cHS9HF7P9tVbZ/dy1/NuzYmjutqFutjp+u84RWs5a7kmt7n13Ly12lb5qzMZqawFrbZ1WXamnNt7DTvMSRvdRoY63x4IIYQQQvwbkwCLEEIIIYQQQgghRBfJHCxCCCGEEEIIIYQQXSQBFiGEEEIIIYQQQogukgCLEEIIIYQQQgghRBdJgEUIIYQQQgghhBCiiyTAIoQQQgghhBBCCNFFEmARQgghhBBCCCGE6CIJsAghhBBCCCGEEEJ0kQRYhBBCCCGEEEIIIbpIAixCCCGEEEIIIYQQXSQBFiGEEEIIIYQQQogukgCLEEIIIYQQQgghRBdJgEUIIYQQQgghhBCiiyTAIoQQQgghhBBCCNFFEmARQgghhBBCCCGE6CIJsAghhBBCCCGEEEJ0kQRYhBBCCCGEEEIIIbpIAixCCCGEEEIIIYQQXSQBFiGEEEIIIYQQQogukgCLEEIIIYQQQgghRBdJgEUIIYQQQgghhBCiiyTAIoQQQgghhBBCCNFFEmARQgghhBBCCCGE6CIJsAghhBBCCCGEEEJ0kQRYhBBCCCGEEEIIIbpIAixCCCGEEEIIIYQQXSQBFiGEEEIIIYQQQogukgCLEEIIIYQQQgghRBfddL0z"
11:15:14.550 [Forwarding screenshot on session 7836b5d0-bd7a-11e6-9730-e5ec4f8847f6 to remote] DEBUG org.apache.http.wire - http-outgoing-0 << "IMS/NXMtZ8//AK4u9O/ter1zI4QQQgghhBDiOpEeLKKDakmKyqC/p/3/+nl/TFbFj3j4qjPc753BxJdOK3kZl0G/cXl09pB5f8yi3+3vExiSzVGz42PO9lbOb/baM42Lj27Kpv8tHzPizj2MGLybiStOdyoPn730scPy7O+ZwSNvnO1Uuh3XdG3vf+lM25t3MF1H16kiO4/+nhkkZtVew2MKIYQQQgghxE9LerCIDqu3BiKuDlYz3BvqbNZVV3bH5Uc9+g9UABdtD1rZ+dTqq8x0M1zhQoWJ70yA2t5G9Zy2/nj8fL3yQ9UZVj/TPFzgd4db5zPixD9OOYr8/Aish6qr++GaJltvps3rVM+1PaYQQgghhBBC/JQkwCI6zAW4eoOa9AP3M8HrJz641yAOf+cD6puAa9HjoakTl8PAUO++rEmp5UwdaO/qqyyzGQ00OiGcHU/173JOrt5wE0+kBDK0h83C+h9wGXhLl9Nunxt/tJR/3KCbEEIIIYQQQlx/MkRIdF6989Xl2cUsivqwcahLYMiHPPXHU1RZ11flfcHEcfv5y7tfMDukYZuPSc2upDzrKBO9G5ZlsU1nDaZUfcdTUR+yqNWwmVpSH/uYkVHZ5FXZWT4rj/LOnqf5Inl7DBzIPEfeqYtU6YqZHaWj4Iqy+vR9gDTLAAAgAElEQVTOQu6flcMxM4CJjJf2E2jNe7/bPyRxa3uH+Lhwz6zbmTHD5r9fBzDlbg8wf0dc1MdMHPcxqXlNgaW8N7KZOO5DZv/2GFVAle4Ys8d9yP1R2fzl3S94JOR9pQxv/5DVLfJhPnGKp6J2Wod27STuj6W0mdOqszwVtZP7H/uicbhP3hvZjBy3n8+qnO7p5KxbM5efZvXDTXVn5Lj9bMszWdfW8pfHPmb2s0fZ9sfsxrIeOSuHoxW17Hwpq3G/iY8d5YRtB6CKsyQ+3DQkK3DcfjJ0MjRJCCGEEEII0XXSg0V00mUuXrwMHo2jSgBQq5UqVaU7yuhpZQCMnt2HW9U1fPS2iYxVBZj7erPx1zdTX2fmS933rIz+nquD3Zg4qZ6svbUkTMsiAbga6sFE9SWyDlXy/8YfJrhyHEH1Zr4suEx1hKVFfty47ZYr6HdUsH1/JXfP8FYWl3/Dn96r5cK0AfTt7KmaasneXcmXV8BnSC2/1VzgoO5y42q9rpYzN5g5Zaol81d7+OOhpl27Gcy88UQu2WW/4NPVg5weptuVWvL+/h09taCc3Q+oND0J8nUDk5mC3Fq+vALhF5uG0tRXmPhSZ+ZqZQ0XAZcLNRzUmQEzBYeahjBVGsxseiKXXndMY0moK+hPMW1kAV9eaTj2ZbatOtGOwrCQl3uZM1yk/k1lycVT33OmAC62EXCDOv55ohJj/Q/WqMoPgAsXzlxuvll5CZEhx9FfAZ9JvYnsWcO2Hd8TN2kP5e9PZuWEG6k4WctBXRkHgTsneeN7qpKCveeYNvgcACHTvanLq+TLHWXMv0XD4TWDoOI099/+DwqugM+km4nsW8+2Ld/z1LiPObd3Ckvu/nGGeAkhhBBCCCH+O0gPFtEp3a5c5slhO+l/y04G2/y3OkvpZZD//jcALHx/CjveHE3Snyaj2+cHwBeFpmZpeU+/jcKCKWzJmMHrv1ECNHc+MpSy/ZPZknk/idNvAGo4U4HTsSYT5vvifQO8t/V0Yy+ZvA++pvIKRD8yyO70Ku3i0jQiyBPoHTaULRv6NR33+TtIeyeMAYe+aAyujH52KEdOjSPxEeWoxeuPs1Pf9qH++OBB7ht3kGnjDjJtXC6TZxYpPUVcmo1KstFiiJOqac3V0D5sL5zM9nU3Ny7b++m/APhs8z8bgyujnx3GwS/v4bnp7Yi3evnw189H8+HhYTQMigp7cjQf7htNWG/nu3Y7VcGcsCzuHbWfe8P2c2/YZ9wblsX/PPGdzVaX2fbyl+ivwIR14RzOiCTpzSkcef9WADY8Xkg5TZ2nZm24h08zJvBhbjijrUXx+F8n8OHbE/h0/zB8boAzH3/HWeDjdV9QcEXZ53DGOJL+NJlTh4bgcwOsfbGETnbAEUIIIYQQQghAerCILvAO9eAXNzf1YKn5Hvr1UObxmLDqfr54/BL1rj9wQneWM2cqOXrQCChBCltzov1peDbXeLoAl4mcNdAaELmJwYFq2H2l7Xk8hvjySMg/eTVLzyH9XUzxqeT9FBNXb7iZByZ4XIMztvLyZsKsAYTEnKPgCtwefhtTIl3JWlHYuEnQLzwwfPMDd4zRwJZzdLti5miRiRk+HczHxSutRmK5qNo3V8oT8WHc4+sK/3sbIcu/p+AK1Jl+AGr5bL9y1a4O7kfK6tvpDSxJCWL37qZeLfbdhG9QH3xtlnj53sJwX4c7NLp6gxtPvNgHl0s2k9l2v5H6k9/xxpaGYTr1lP/jCle1vXn+8aZ5bfpPCOa5UV+zNreSf1Y0zQM0bZp1fhp1T0JD4HN9P/53irX3kk8fpvkWsgFwwcTRhl5HdVV8vLOKesDF5QelPuZWUFgF9/zUcwoJIYQQQggh/mNIgEV0ytUb1LyROZl7HHULMRn409P5bNp72cEGTeotrd8e02xZvdMnfhtuTF94M3984nt2HKhkyrDTbDNA4G99CWpnCu1m85adeks94IqLa1NvkjcezOWNFru09S6gqzeoee3wvUzU2E5vcyMtO4Z8dbIaIt2AWvL2258/5OoNau6+07VVXhs0BqvKazGCcgwvb0J84ctTbWS0s3x789unhtMyhmHOy+eNLV835c0bKL+RHs22cmVEpBvk2gba3NG27NbT4wab9TcqaVVaf7YuzYgtJKNl3m641I4hTkIIIYQQQgjhmARYRKdddPRaY+p4bX4umw6Bz/R+LJnTjzsG38xgl++YFFJob4drZsg0X0JivufTnV+xrUyZg2Tugz7t2PMGXLr4qpt6mgJBC5OHMtwDLvMDJtMVXDzU3BHcvc00vDVueLUx1OZcWUOopvNv/WmMJYR40afhZ3MtBZ2eCbg9frA7L7KpRQCoHsC35ejFy5wqNgMuTWn4dqdPB8Z91aO8qem1z8cT3qMpL/UX66nHhYFtlLsQQgghhBBCOCMBFtFpjuMRP1BtVnpR/O7tCO6xLs37Yw76K3Cn/clErg2vQTz6wBcU7PiauL1wNdSHSUFtV/NuV2r5MOMU9X1te49cwUXbmwm3te/QWj93GvupeGiY8etbOLYpm8nPfM8AXzWL0wYy3Kfzt1yd9d9zJyqVeVnySvm0oDMpuTE8Qg06M910X7Nm6wCS5vVkZ9KXbQwPUpir6qjjRry8rOdivkxV3Q94eV2LC3sjnmroduocf8kysbJhaFf5SV7bfQXwYHBvON6JdHvdrMwdVGKAWUHWYURVZ5gdcpjP8eb97yZwd6cn6hFCCCGEEEL8t5MAi+iw+hb/tnYjnkC3K2Zef/YoF+/z4uQnJ1n3Z2Vy2+qKtgbLdDwvtiLn9YcdypCTifP86G9nG3u2xRawrcWyq9p+5Of0awxu2B645bKgWXcwIeYgWVdgU/RnbIpWlncDzpS7ExHahQCE1y1EhsCXOqjce5K7PE+22qQep3MANzNlvi/er/+Tyiuw7YmDbHuinTtWnGba7f+g2Lcf+QUR9Ac+S/qEB9dfJu2rGUzpci8QV+Ysu5V1075mw6xPqVg6iDu86vm/F/Tor8CYhNsYgv3r7nyEjyuPLr+NhL0neWPmHr569jam+V3hvRfLOHgFAp+9TYIrQgghhBBCiC6RtwiJDnNRA6jo4fBp3pXfbB7GaC0c/HMZj80sYG1aDQ8l3MoELZx5+1uO2sRYerVI6OoNN+CrbVrm4nIDTVX1RlwBT1fl514300rvSD8e0io9aGb/8hbn5+LSxjAbnxtwcbkRTcOZeVi3t1nWmFN1H7Z8NZKHRjW/rbxH9Sa9YBRDnB8J57ejG7/9/R3cabOJ96TePNTw5h/vG1sEV+yn1Zj/IYHs3XVbs/RCZvcmRGvdztVBuXio6AfgrbI53g3ATe0O7jjSsH/vyDD+/lc/ArlCxu/LSFilp5gbmJXwC7Y81R9H191TDXjbSdi6TB16Fwd330aIFrJ+f5Kn"
11:15:14.550 [Forwarding screenshot on session 7836b5d0-bd7a-11e6-9730-e5ec4f8847f6 to remote] DEBUG org.apache.http.wire - http-outgoing-0 << "nijjoAFG//YO3mrjFdpCCCGEEEII0ZZuV69evXq9MyH+U13mbPlF6rkRja9Hq8lNfzQVp7n/9n9wdNoQyt4O6vzrmbuSBX0lFy3g0qM7/XtfyzFRSpmi6k5/n2uRbh1nyy/BNc/ntfBj1Z+mdHtoPOgtbw4SQgghhBBCXAMSYBHttv6VL/nDK19e72xcMxGje5NzsOJ6Z+Nn6b+xbJ5ZfidLl995vbMhhBBCCCGE+DclARbxH6MqO487p+kBuDp9CP98O+in6zUjhBBCCCGEEOK/mgRYxH+QyxzL+xZDnSujI2+5LkODhBBCCCGEEEL8d5IAixBCCCGEEEIIIUQXyVuEhBBCCCGEEEIIIbpIAiyicy5WUH7uLBUXzW1v+zNUUXGa8oqzVNW1fx/zhbOUnzv9b3vOP1dVFafRX5AyFUIIIYQQQvx7kwCL6LDyz+Lp9sxI/F4cwy3PrEV/jdM/9tFCui26j08vABf3MWaRH8/nn217x4ufM3mRH90W+fFiQUXrzwAXC1i63I9bVt6L38oxeC9/hbbflWPmoy1z6b5sDH4v3sstz9zJqyXVXTvJNs5jZkO+86/Nm3yalenPymleXHkvA/566HpnRAghhBBCCCG65KbrnQHx76aC9J3pQD9iI2cQ6HMfPtf4CN99dwLo0fi5st171lNr/anucj1Yajhn/Vx1qR6Ain/uItnYtMetmptxaSvZCwdYlpNnsyCYQK1nu3PVYZb6xqBPHfXXJMnvzrcjQHU9nNORDLxyd/D1zokQQgghhBBCdIkEWEQHueLqCjCD9XOf/VGOMHHhQa4utH642LF93Ww/9Awl5aHf8d1lFXfe0R+Ak199oaxzn8+Z9fHtCw65udMPOA4kx37J0wE/0vuJ6szgqga3Hs3P4xpoCCK5WBM214Ha9RofpBNOHPsYuJvIO3tf76wIIYQQQgghRJfIECHRfhcP8+TySJYbgZoNDFpyHxuOV1B16gOWJt5HN+uwlm5LRvNkxj6UWTUq2LDuPmZuSmHtn2ZYtwlhYcYnnDj+TuMQnm5L5/J2idJvo/yzVwha+gTZLYIrx/YsI2jJDDY1G55zllfXjWbM+i1Utcqvnj2f/R87DuziC0M1uTtjmZNdpKyr2UXU8hm8erwCqOajjFiCGvN/H89/9DkAVSVbmLx8OXutSf7fOzOYu+kD/nX8z0xeOprJ6//c2NukqsUy5fN9TF4Xz6aMWAZZ0w9avYxPK2zmHLlwmOcT76Pbkjvptmg0C//8x8bjNZT7wqX38eSWV5i7tKG8ZvBqTmmzcnh708KmY6x/hVc3zWXMuob8qQEDu/66jKBFfnRf4segpQsby9yRE/lbmLt6dOO1DVr9BDsa96lgw/oZjFk+gye3xDN5ibLNk3uOA9X87Z0nmvKzLp61byxkzPLRLMw4bN3fzMH8/TBgMiE/g2CPEEIIIYQQQnSF9GAR7afScnfQZIqy3+Ug/ZgZej+335jL/UlPc5B+LJ+YyB3dz/G3fRvY8Olj3DL4MC+EQHVlKX8rW8/fXO/mlagnKDq8jc2fPsHmT2H0kMdIvvkMsTmfMP/PrzNufTwnv8rmeA1ctACqpsPfftsdHK97l4RPD7Aw4JcAmEv+RmzZOX41MQCvlt1dLEY+P5PHQSDAZKLP9/l83biyiuPGIr6prudvf/oVM4+fa9qvrpRXPngEXdUWtt5ezt6apnUHDaVQmcNzw72U5frvaZgnt97yffNllu/ZW1MKZaXsLWtK/rjhXSb9yY/Kl36DV91xFi6bw+aGla7n2GybFwDLRUprSjmYU8rQIU/w/i88eTtjLbFb7gPPwzw91IO319/P/BNVjB7yGAlDVGz9YAOxAO5BNM3jW0VyzrvMGbGUhTd9yas5nzA/+Slue+0dwu0EOE78PZaAHbuaLTtu+IQHkz+hJPpzXghzoaKiiINGOJhT1HSdbh3IR5t+zcwjTQGg42XpLG/MhvU61RXy7hmYMzOctvoExR+I58XsF+2ueyHyBeLHxreRghBCCCGEEEL8uKQHi2g/10E8PDeeqRrAfQYvPBLDiG4XwLUfyb/9mJdnzeXhqc/yzoInAOs8KGB9wB/HgZffYdmMZ3nj178G4Fa/RD5fupynH9nAhyP6QU0ehRfAxRr2azk3inrwFF7RwtfH/0quNWqQuf+vgD8Lx49snV9V8yFDExd+zF+H9lM+uM+n5A9f8HK/PFZbAxpPzPyEqxvLKJk5HYC92W9w8o54Kp9/ldEA+PPX5w9T+fLz9LMtFntF1eLz8oeUtD+MsM41cvEcJqCiKKMxuBL/yCdcfa2Mf/xyeqvzAGDAMg4ufZZf3fMb3l+1gdFA7M6/UVWxl6QTVdw6JJFPly7n4anPsmftBibZycsTsz/hnYUxPP3IBrZE+ANGjLW0VneY5dbgyq0DHqNo7ZdcStxOrMaa17f/xIlmaQfz19gPOPDIFh7yKeQ1a3Bl9F2/o3JjGZee38CvWhyi6svP2YsX04P87WSgufix8bwQ+UKr5RJcEUIIIYQQQvxcSIBFdJDJ+q+FesAr4BE+fzmVvidf58n1C5m8PITuf9rQbA9XAPfbuNM6b63XoBCGAlPDIxq36XGTstL5hLO9mT1hOpDH1sNngcOkfnEO/OYzvmd78u5JH89e1ky5ounhianiGMeta4vy1zE3cSHLD+VblxgxWsDrZvfGQI3GszdePexPcOti292mmWAmD1eCCKNDlVBNQzDpyy+tc8IwnQcjlG1CJ8xsDI7Yir13Kl4NH3qHKoEu4/ecPl3McWDm3ZFNPUF6hjJOY7u3GfBnxojWwQy7ZV57sXHo09yp0QT1VKPuPZKl05TgGHVfcNLmjURD71rM7IChREaMobelabLhsF/cgxegvvU+Zg/xwtaRozvBdTIj+tEuLYMsElwRQgghhBBC/JzIECHRJVUlf2ZY8lq+Bm7V3M34gQ/xelAZT2Z/4ngnlQpvwKu7e4eP5zvyQX61bRcbcrNYcFM5e4H4SRPbHGLSSuO4maY+GGdqlDftuKkGMsdvCGaLJy6XwWHcBMC1aeXJr/9pfxvNyMbgUr3F0ri4WWDD1bXttxk5ywe0rwwsbW/i7FiuKvtH8Xaxv4Pt1hebHfs0mYXnGDpsIr7tzBLQLKAiwRUhhBBCCCHEz4n0YBFdcuRQOl8Dyb89zOlX3mHT48/ywKCGHh6OQwbKq5c78Qpi15E8PsIfyl7kf7akg+t0Hgzp/BtoPDQ3N/48d9omPn/lE9799Vi6qzwZ5hfGwLbexmw8ypcXAao5fOKo/W3q7C8GuPPOu6zbvEt6zmkAjh36qPkkt1af/uNY04eLRew3ApqbGdTfn1uBd/KyaJw694J1fae5NPba2X3wY2tvltNs29MwJ8sd3Oao15DKZt+/7+BEnZnygj/zVpnNNMTndCTXwazhHX89c/zYeAmuCCGEEEIIIX52pAeL6LA6m381Nw8EzvHZ4U8Z0z2Y70oyePKDdwHQfVkCYQHO4gudMmbCHG498iJfA5PueZAhNutaTifSenoRc7NP6sEPkqxdS6wBXtkyhs//HsyZM0XKZLinvVg4lzZ6feQx9vnRjL7pHAdrOnYe9UDv4OnMIZ3tQPyWe8nY3Y/jxnOttnUDDn7xBHPf+R2/DVaxddvTSu+dqb/Cq58H64Yk8uCJFwlbV87TQ3vw7gcblCBNu9/OU82GdVN40hBMzksbCO8xhucjg9mbXcTx4y9yy6JXuZWqxkmCYx96nCE4iB31GMOzEcHszSnieNl6Apasb7XJiWP7gGAmyeuZhRBCCCGEEP8hpAeL6DBXAFcVrkDohKeI1f5/9u4/LqrrTvz/q7sdGCEMSjETdTSCDdISpcoHEzAtpqKUGmvqV0O1xmYJKaSZTQNpkaxgaYAGp1mx7iSBDaFZQuJS+VoJSSgpNJlGwch3tGD4ZoINmDjRTKWjzARkmOzm88cMv4fhlzZJ+34+HiQy995zzzn3nMPcc885N5Dfnsjm/+i+wx0vlrMh9j6+6wuvvttCNxDoYfbI7DGfKMf599h9lTd+m7QggPmkxQ1f3HZo5ITvF308/A7XBS4YlggAFQ89+juK"
11:15:14.550 [Forwarding screenshot on session 7836b5d0-bd7a-11e6-9730-e5ec4f8847f6 to remote] DEBUG org.apache.http.wire - http-outgoing-0 << "lrrWJjnq7ly5UX0XjT/PRTNOHOeueID//pp79IXjPEd7lvOjpctHhY3n3wEI4joF4LuCsn/bzzb3Pm9Zz7N+6V1813/gUFe8e4Eb1ctpNPyU2P94iCetgaRv/n/52Yq5gJKkjCYOx97OWx3lpLz4JCzd5FrHxeFwd4J4mtoz/DMHtp7z0HN+8F1Mcdv/m1fXbeJmgMHOlTAe+/6L7PuGK78Grq3frJGjldb94AivrruL2/xd666s/1oWpV8bGq3ScOx3oP62vJ5ZCCGEEEII8XfjC5988sknn3YkxOffxYsf4AACVAsIvOY3zW9xb+p3KFuYxZXsH059/ZVxdF/6AOsVJ4pZQWjmTDQ3yKXv0gd0fQwBcxcQOPHu3kLCfPFD+KKHc3/UwLKH72PLv/6Jn93kwGzrH5nPjrf4+f5f4Pv1X5AVu9j9oTuPluZzJWP7DPOoj4sX/8pHwLy5CyYR1kWe3Hs31SxAE7yWwnu3M5eLFO65hUcscPOqJzm6eRl2voRmztW6ekIIIYQQQgjx6ZIpQuKqmDt3wd/gLGd57oVneb2jmjLgkYQNV61zBSBwzgICJ/U2oiHKOQtGjXKZLiWauYu97uG4YgffBWjGzKpx0tJxnN927MBxKZM11zuprsmnDNi2dPlVyCMlc+cuYPKTeXzpv9zOq9Z26HiNhrZyAnraB9/WtO6mcFdezzheQgghhBBCCPHZIR0s4nOkn+OGcsqAm2/OZ1f036JT57Nh7JSqYXxXUPKvP4P//Dm5Lz40+PG2uP2Ubbj5msdtLBUPZTzNmX0/4UlrN+/1tLs/D+RH6x7nF99Y/CnESQghhBBCCCGuLZkiJD5X+j66SJfTd9JTeP7RXLz0AY6PfQhQzf0bTNWaWN9HNuxX7Di+6EPwnLlXdcSREEIIIYQQQnyWSAeLEEIIIYQQQgghxAzJW4SEEEIIIYQQQgghZkg6WIQQQgghhBBCCCFmSDpYhBBCCCGEEEIIIWZI3iIkpsBOXckTnLgEijHbnDBnFQmLz3K4bT6ZGRsJmMmpHO2UFVXyl1FncjqdLIjdQfLakJmEPqi9roTn3PG9UKPnuTM3Tinu9s4G/uu3LcyOvIMda8PGbDcbKvh1/Ttcv+p7pG6MAHs7Zfuf4aSlBxSh3P9oBhGTOtl4ee+E677GA9oZ5renM7bXsf+5o1x/292kJoxN27XU7uVajL/NTs2+/TgTHmCD3yl0ZW+zOVPLl7saBv89ubweh8NC+3sQFqae8qGdzY0QHktIwFAcN0cEzSAyo6LWeZXS+PfC0ox+3wucOm/jpu9mkLU54tOO0WeclbqSJ6g50Q6L7+DRnCTGK53e6iYOM3XP/4Y/nOyg6woELw7ltm/dxcboq/My+wlNoo5a2ho4UvM6p8+c5wqzmH/TMuI3byUubOb1caiezzgor8wtdRypPcq5S6Beuorvfn8jIe5Fze2djbxQ2YC5BzQr1rJ9c+zY62Q2kFdiIik7lbBhi6FbWup4/sWjWPp9WLrqW2zdGH3V/65Mh93cxvuKLxOh/gys3C6EEEJMQEawiClwctl8hvYzZzhzpg2j0YjRaKTtzBnOnGnnTMdFLp45ganpPXpneqqeLk4aWzG2neHMmaGfs+3tfNBluxqJAaCrrR5T03s4ga73Tk057s4Lb2NoauK1t7s8bn/fWEerycTRM67tzS8coLa1A4vFgsXcQbdz0mfi7Akjre48H/ppxWg4M/P89nTGrrO0mkycOOM5bdeSt2sx/jYn7zW10t7lpKfrbVpNBrqc0HPhbVpNb9I16bz2xE7Fw1p2HzZN/cjmEjJ1T/G+c2Qcr6ark8a/H82H/gtDRxfBYTcRsXTepx2dzzxr8yFK61thfhihC4Lx97Lv+PXPQllWOqW1TXT5q4mIUNPV2kS5Lp19DeZrF/lBE9fR9sN5aHOLqTeeZc5NK4i4aQ4mYz363amUNVtndvYR9fzasRj0pOeXYmjrRz2nn6bacjJT9mEGsBp4JLOIeqMVfx8L9QeLeEhvGBXRFgof0dNqOsGFnqGPzQY92vxSmixwXf9Zast17ClrvraJmQx7M4+k51Jjuvxpx0QIIYSYFBnBIqYgiKS8Z0gCwE6ZNpnaK/E8+Uzq4FOu5pLXQOWHH4DDAb7TfOKkgCtA3IP70UZfu2dosQ9UEJXhiy+gUABKhYfROV4oXHvPGmfzkrUpbFtsY+GKlQD4uPePSSsiY+3UnuoqZgE2CE/cSWK4CqcT4GMUs5cy9TEVXrivm7+/97RdSx6vxUC8/GaNf52U4KOAoGgtFWX34RsAVoUC8JnadfWg/wqorvOb+oE+rv/4DURACdf5ucKZSRUZ4Sql8e+Fj+IKKG9nb07ypx2VzwWFD4CK+/JyiJxo3/HaSauJY2YI35ZL3sCIIXsLOcn5NL30Ova1O675aAivddRq4MDBVlDFkLt/2MhBi4F0rZ7a/3qFrdEziOPoen5NODhRbwBiKHouAw2uDhet3sDLzVZWnj6CBTXpJUXEBkFjiZai+iM0/yCO6ADXqMQ9u0tdnTHMGnYNLRwpN4A6Hr0+FTUODu/awcHaN7AkR1/dvy9T5eP6LjDQZgohhBCfddLBIqbJycCDul4Y9qV0FtiOodt1DFOHDVARn7aLVPf0GWtLDXsfL6ejD0BJ3M4stBunM3zfTI2+hHKD+2mlUk38jvtJTYjA3naYRwr/gDrCn1ZjB6AkZlsKkZdfobjW9XvUlgfJSoqm7YiOwpMh/GrvjqGgLQZ2aUsJTX+c1FjXV0trcxk/1r3DgyV7iZ7CSPLeD0/zxh9MBPUuwufYi+TXur7annr2EXIuPEjejnAayvbzbG0rfYBSHUXKww8Q52WMeUjURmLH3AVZqczZw0vn5/DgL/OIDoKWijwer2tnccKD5O1YQmXOHl69NIdVK/05WmukD9BEbSErK8n1Bdrawr68AzSZbaAMJe4WH4/nt7ZU8OP809xfspfYIDAbSnhE38E9RXtZqwFLYxk/eeoDfvJkDqrTlRx4qgpzH4CKuJ0Pot0YCVipSP8p/dt/SbI7Q1sqcnj89NKR1wJwmBspKnwKo6UPVKGEqyzgs8xrvtvbKnmo8C3SfpXHklH5dLgwj4NtPqQ99ihrNdBYWURRldG1WbWctOyHWDsq/9sqddTaAIOOu89t4ld7d9DdOF7ahsWjpYIf5dcDoEveRXrJLhQ+YHrjadJ1TZhxXfP7s9KJ1fjirVy3VOTwrDmEJZdew9DRh6tuZZM6Zrrc6DSO7MEZrw62VOSQf1yNTq/FFaKDusKH+Q0JPJO1cdzjXPXtZRTBYDbbmL/0y5y/EEju/qzBm1iDPp1Sy608mZdE1zj55grnDTQR12E0utIfGrOTXRkbXdNV7O2U6Q5Qa7IArrL7cFYSo7spm8t2oYf6flcAACAASURBVKu3AbVsvfsDsp98gK5DT1Bc2+q+xuGk7EonISxoTNxDN2Wzd8fIa9hWV8ZTpbVY3L+HxmwjI2PzmJvOEeV0xH7ey3qQtYWSoqepd6drePjmxkr+46kqd56riE/JIDUhwmtejB8PaG8oYW9xPa4xgGriU+5na9CbpOpcZTR/690kZubi88IvJlU3PfEZ3sEQEMn3dsZTc3Eel1oq+NEk242FHV7+ToyT9m4PdXR4U93yyhEswJZdD4ycRqeOI2XLHyntDBy4kl7aBCs1+/ZS3tQBuNvrrHRW/vXQiHqelrGSF558i7Qn84gOABxt5KXsY8GDvyQ5Gipz9nAcf7pMHfRpNlFStBXTJNoh6MdHvZyYFQmD5V4d/hWUGOjpvcjJY2ZYnkKsO+GxGxIoqi/nzdNWomODOHm4FLNyOZtu76e69tJQsNZ3OWWD+LStqB1WLD2w5l8LWNrr57FzZXptyPpx83X8ur+aV7J0uC5rMpZN2eTtmKgLUAghhPh0yRQhMW2KUf8f+s3G+etuJzM7nfjQfuqLD9BoBUdnDT/OL6drcSLZBQWkJYZhKM9ln8Hz8PFZwLk3X6Gupoaamhpqag5T09CCA2goTKfccJZNadkUFGSSGHaF+tKnaLSDs/cilj4LrcbrSMvMZEtUIE0H9RSfnENa"
11:15:14.550 [Forwarding screenshot on session 7836b5d0-bd7a-11e6-9730-e5ec4f8847f6 to remote] DEBUG org.apache.http.wire - http-outgoing-0 << "ZjqJ4T4Yq16g2Q69l8/Sd37U0GP1EhYq+6ivPoYDAAfHXqylT72UJVOcpn/hrAmzxYLlcg/QP/h5H65fm0v2UFzbSp9SzfJwDX0WI/rMfJrt44f52rN57Nu3j3379lFYWEKbe9/Llyz02S4NDt3v77HQ19fHpcvOwe02i4n6WiPzwzUoAbOxiv+s6QQs6H+a7+5c0bB8fhcGg+eh9kE3LMSHDv54yt1ZVF9PHx00nuoE4E8NtfQFhrDgQiWZRVV0LU4ksyCXnfHzMZTnk1fT7opPl43LzqHx9P0958deC8w8kV6E8UoYadm5pK32wWRmwmE1zt6L2PrOD5vGMAuFwsrhnFQOGs1sejCDtRpf2ir3UFRlJGqLloKCTOJUrRRn7mH0bIFFK25DDSjDE7l/+yq+2O49bQMCIr9NyqZwAGJ2biE8yDUSydzUxMJtWrK1Wwi0GCkqeXnCct3fcwmzsZZTcxLIzNYSp7FRX1xMi8N7GofzVgfDV90MFgOvNroTbz3Ob4wWFkfc7PU4V32zYTbPJzE+htiom8FmpOaEu17bmzliMDN/xQp8vOSbKxwzRiOkZGaTkhhOR1M5h5qtgIWSh3ZTa/JnZ2YuuelbcBqrSM85jIORlty+ncRwJSiXk3L/d/jLc646FrVFS0GulphZJkp378FgYUzcV4beMCIse0sJuaW1KOJ3kqsrQLslho6mgzzfaBl1VivP/6wIo+I2snVFZKfE0dF0kMLKNsBbWTej/2k+9SYF29JzyUyJp6PpIP9W0gzmGh4pquL8/HgyC3LZFjOL+tJcKtvPeckLL/GwN7K3uJ7gxDR0RQVsi7pCfWkup29YT9qm5QDE70zh9iX+k6ybowQtYbUGWstz2Xp3OoX6MmoMzQSvTyUreS2LJttudHn7OzF+ObhhVB0dPc3p8l9soIxnXdjYIWMRSTkUZbnWlPHWJrRX7qW8qYttmQXoctNYbDGif+RZnKPq+eIvutufgSzs6eZsn41ed572nLdgNnWwIjGeuGULeW+S7RAEkKDNIWNwTSEHdb9+gT5URIbPBUB1/bBOmcAb3B0krvOu/Jciyp7LYWuUBte4EBfruyZsQMeLeWzdkYo2NZXUn1XSHTh3TF5Ntw3xlq/j131YfWciAOGJKXxvTeiY+AghhBCfNdLBIq4yJxDDL3J2EB0Zyz3bb2Pgi1zrq3X0oeKuuzdwg58fK+7cTIwKmo68jqf+BAXQYaiitLyc8vJyyssPUv7b4/TgYOE30kjLfJQda8MJDpxHeNhi19mHzX/fpsthbXQ0dya6pudseTCdtdGxfH/LKsA29OV3zGB3DRvuCoeOlzluBaxGjpggauP6cRd+HM/wgfSRO/LITnQ9d4x/8EnykgP5Xb3rZiPx/ixy8rLYEqoEOnjz9PjrAfSZW2lqaqKpqQmj8ejguhtjO7zGdn0BxGj17M0r4v4411fvs+9dAMtbnLIBhJL5ZBE5e58hLWacgeHqldyuAWNjG9DOCXc/TPuf2oF2/tAK4Qmr6XztDSCKR/OSiQ6LYGNqNltCofU3rzF+6kbGuaflVZqATRmZrI2MYG1yNtvCGX5v4DWc4UPgix/6MQdNKnYWlLEjWg1YOfpqB2gSSVq3DD+/Jdx5zxbAzJumkTEMCItlpQp81MuIjQzjnUmnLYiVyzSAmq+viSYIcF4BZYyWjM1xRMYl8YM4FZw9z+VJlesYfp61g+jIOH5wTzzQxeXBdRQ8pXEkb3WwP2wd8Sqorz0GQPvvX8GGhu+sCfF63EfusLcVZJOcmkHSd7/DJg0YX3odB2Bu/B1m1GxaE0arl3wbeJ6+U5dHQnQkCcnJhAM9TieOttept0H4lu2sXhJMcPg6tidqwOSuo8NzPCSSKE0gcD2xsSqMr1lQxmjJSoojLCKOjMfSUWGh/ljb4DGDcY8dmWc+N9xGSoqWrNSNfDkwmEWhC1Ding0yihOgy4yp4wJfit6OrqCAh9ct8rDnAAVY3uFNG8Rn5rA5NoLohFRyUzaxfrEPja/W0Uc4WXtTiQ6LYHPGw2yJ38TCD17zmhfjxsNdhro++DPv/1XBmh/+nIKCIm5dqGHVsusBNSvXxBES5HnkmqelzUfSkFxURmbKJqLmOzEaainX69Du2Iq+oXPy7YaXstblpRy8FTyyjo4at+UaUTk8afZG0rduZevgzy4ard7bhCvOfqCfs+900ut3M1pdAQWPbSVoVD2fM7r9GZV1TtxtQHIq2uRlnJhkOzSSnbp9D1NqtLF85y7Wqt2PN/4y/K+pc0RTGaDWEAD09DOKq3B0mK5DW6BHX5BGeH8rRT95mtGPP6bXhgROqq31VPdDbl2GGlAviyVC81lYclcIIYTwTqYIiavsCij9B79PjvwipwAslO7WjjxkVs+oaUYuNiAuvQRt7NhuDUUwVB7IpFg3/FP1sO+xKm4IHIiDE1CzcJ7viDh5u10IWfMd1OU66o91ssinFhsaEtfM/E0Y/e6bHKezF6wXBqcd1BalU1s0tN+7pnPgId0AMSm53PO1YPfTUAVzp9Tro+bWZa6bSMWw9WOs777tmjagWsgS94WYNd59FgGs/mY41eWnaG65iIlQtm2bw8GDp2huvkgHKrSrQ+CQa++hfPYlfKkazo8X7thhKf39vYCK0HkDt0u+LAlRw9nJpneIzdYH9PHehW4ICwD7Ocw2wFZLZmrtiH3Pmd4dlf8DU+JGrmA5mbQ5+wGuDHWS9ENYxLAbb4XrPwp8mee1XLvq1sBKBE4P5XhMGsfwVgeDWH/XcupL62ixr+L4Sx0oo9KIDIBmL8ddccfxhsFrFMCaO2KoLq7juGUd52paYflOYoNgYMnM8fNNxZcGZmoQiEYJPUBPt2v0hKkqn9Sq4RHQeKzH/e5YOe1dWIBbbg0f2hiwhFUqOHq2CxaOjvtIvrMDuXyqFG2p3uP2IUFs35WG+UAxVcUmqgBUoezM2IXGY/10lfVL775NH2pWhg/tFJGwgwigueQKqJYxtERvCEmpIVgbS4Dx8sJLPCJieXDnSQ6U16NvdU1nUS9P5MGHkgkeXUbHia83Dksnpg8hOmEH0Qk7AAfm9uP85ik9huID3LKqaJLtxvhl7a/deEm75zrqEsSycBX1BtffmiAAn0XcsW0bvQp/et/7A1WGHujx3iZEJj/MFvO/U1VdSlM1uKab3k96UuzYeu4tB4e3AVNqh9wc7eizdmMwQ8zOAjI2hgFWnIDq+uH7Kya3hpY7zlFpWuLC1IAabUoLWv0p3rUyqgxPow3hHFXe0rgMxqv79Ls7iZyeviUIIYQQnz3SwSL+ZpxOGxBO7qE8BgY4tzc20Om8gdnjH+XhMzNP7y6mVR1Dpu77hIeoobmEZN0JL2e/4jmo8QREszFKSemRMsowoYxJI9LbYqSKaaxsGLQIjRIsfZCYrmNruB+m5td55/JsVqwJH/cwn4B5BKmDxh1NM5BMW8/k37YUtOQrqDBg67/EBQcE+XrPrpBVa1CVF1N8wAih21i35ku8fFCPTmcEzSZWBsFp59hhJh9+YAHCcXUNwUfDdrFd6h4zNMDHxw+wca7LHSmg6y9j95uYkpSix+kv0VKuL2TZMj1xQTegVoIpIo1DWWtduznMNLzaRvAKD/nfz+B1dk6QNo/cRcQJ+AcEethhOuV6ojSO3GOiOqiO/RaaUh3P7tdj7oMtm1dNeFwgRxldvzS3JRBa3MSRX/+aLgsk3rfaHc74+fax55e/A6BwL7gcn1lCqntdELu5mddP9bLE2ytvAgIJAt48bkI7MDrF8SEdNgi7aR5gGhP34Zqf/RlVRtiSnsu6ZREE0cy9yToP9d1KxwX4Xk4FEX4XaTl5ghdKD1K+7wirn7lz3LLuHzwXMPDO+w6iI1zlu+3wPv77fARrXDvSjbtDACuH9z3BB3NmeckLKx2nPccj+pe30eW3kl8c0qIwt3Pq9UqKq2t56eQG7hm1fuhk6uZo771eTH5VB2n6Q6xVA/iiCYvjge2nadKdotc52XZj/LIW7P+ml7TD6WF1dLR5Ny4Gmvj14TZyNkeAr4a1m12d5vbmM1QZTuH0994mWNtPc8PahzmUNZfO"
11:15:14.550 [Forwarding screenshot on session 7836b5d0-bd7a-11e6-9730-e5ec4f8847f6 to remote] DEBUG org.apache.http.wire - http-outgoing-0 << "NiPHal6guuoZjq+LZXBVKAVDQ84GouKjGDGSZEQbEDDFdsjeQt6P8mnt07Cz4FE2DnakKvCfBbaODhxE4ws43u/AAqz09/73KSg8HBX1Iz/8uH9EEgbjPp02JKDXexovnBwTpzFVUiGL3AohhPh8kClCYtqco/4/fIun+5Xwr68GTJTuq6HTYqXNUMbuomJKjV1M7UUqva4nW3MWsGj+bHrbG9Dp6oFZU+pD8RzfoX/HbkwAmwmTDe644zavIVjqD3DvvfcO/ty99e5JvPYzhJgVKgBqX6ig+pXnOVBaRXVVKae6xozhHhFHj6m4AmChNK+QEv0uipum8Dpr9VIilEBfK7kP56Ev3IXeMHqdieH7r2C1Gmw2CF15MwFBy3AnheXfXEUAEH7LKsDIv+vrMFuttNTso7QVNAlfd60L4APGF56nxWyhpU5PsbEPZo1Mp0/kbSwHqp56mhazlXZDmWu/cXNhPD4EBKrZmJ6OBgv6vAqsqFl2iwqMz1LS0IbVaqbm6UKKy0sxdo8+PogvRyixnX6DxnbLxGkbzukEbJhOtA1bL2R07J1Mrlx7rlvjp3GkCetgQDR3xqgwt5pAHc8a982bt+M83nf7RrApTo3ZaKRPGcP6SNfNsLd8G7vaw5CAyNtZDtQXP4Gh3YK1s5H9j+goL6+n22vjEUZslJK+plLKDG1YzO1U6g7QAYRN5vXNToBgbli0CH9nJ5X7i7EB5zoujNqxmxf1xeTmPU1Lrx+h4UuYAxA827UWyDhl/Qthq4gCqvc9QbPZirmlhqcONnG2X8mqr98OGDmgr8NstdBY+QQHm1rxX/ktL3kxfjz8LpyguLiIfWUGnIE3ErrwelfUh91BD5atSdTN0eUwbPU3UQHF2nQq6gy0tbVhqCnjYZ0BVCsID2Jy7YaXsvYlr+VgZB0dLWTjA2wKhdaDuaQXlmFobqGlpZHKkjySdQZAhZ/Ce5vw7qvPoNc9QmXzeYIXLWHeHAWutY8YUc+/GDwXsFH9QgNmSyeHi4oZ2xoP5OBU2iEHh3X5tPZBaPw3+dKFEzQ0NFBX10CbxYc1342CjiqeqGnBamnhiaeqYFj9Gy8GBC1zTd8q3kddmwVLuwH9s0bQrGfZqEOn14ZMJY2jI+mK5bmTr9NutuIwN6LPK6Su3ctCZUIIIcSnSEawiGnzH5zaMNwsCPQb+xkQFJlM7s5eCsvLyWwqB0AVvonsB+I8hO5taHMY39kWRevBKrQ7XOPEw2OiUDYZOW2yuJ/WDR2t8PH2+/D4zoLA2YNTMAIi1hBFNUZVPGs8LIw4Up97esaQ4Tcg/rNHPmYfyJ+4jJ9zLq+Q6tZWqgeGnG/7CTsixg6FHngw6/lZZBB3pm3ihK4am9lIvVlNVFQoRmPHqHMPHe3nf507XAWg4YHHtFx6RI/J0orBoiI0VE1Hh2WcB8JB3PL1cGqrznLLihsBX1auUmOov0LsKtcbo4KiU8ne1kP+wVLSDaUAaGJ2kuN+C8SGnYkc1deSn94EqNCowKwYmAIzcC3CeKgghT27S8lPN+DKIegLHrpOo/O1n5HXePDfTiAolofTjpNeXM0TNavI0f6CDz/Ko6o4d/D5bdS2TJI95H/oihVgbKJo9yUKDuV5TduInFr0FTQYqC3OpXdW4WAch8wCHz8mKte3eKlbXtO4MWwoLpOog7fesQF900GWJ6wf7CzydpzC9C6eppDEbkjgKUM58xPWDr7xxFuZULQYx4QzlFchZOq05Ofr0Q9MTVCGklKQSRiezBoccbE26zEu5BVSrc/FNTlBRaJWR1JYAPaWkW3DaMs33EWooRR9ejJ6QBW6nFBlKx1vvQNJw99+FsIPM7eQp6siX+sqp6iWk/6vG/DF10tZDyFdl0b+nmJ06U3uZMWT80AcAb6Qu/Mv5JaX4i76LN+Uzvcjb4Zx8yJg3HioNKBNfAd9rR5trWvKkzpqG9+PVbvnbs1yv2I4aJJ1cxRNAr/M7WfvvnKqS/VUuz9WauLIztG6y9Ik2o0Jyqi3cqAYVkeDD+WNKhtB7NirZ27Zr/lNbS1649BUldCoRLb/y/eJDAC8tQmLMoh7t5AqXaZr+hVK4lJyiA0Ahtfz9H2kxByntL6Y9HpAE45qWBfL6DYgbrLtkL2VN91r13TUl1M0bNBJjPZmMtY+QNrb+RSX5+PKOg0pBfeNedOWi2rYK6WD2PFoLpf35FKa685XVRSZOUljJuVMtw3xlkZP9XAwj4KWsDpUSW19OXk9Kn5162kMrUb8vjW9xylCCCHEtfaFTz755JNPOxLiH4zDjuVyLwq/2QQFTG3sygh2K5ZeJ36z1cwkmHE5Wti1Ix+2FbB3s+fbuKvFbrXQ62TmaXHnrZ9aPc3Z6g6slssormaeDl5vNUGjIzUQ3wnP54oXnsK4GlG0WrnsnERZctix40OAr+/g7+OmbbqudbmG6dfBKRxnbSwhtegoafrn3FNGPIUz9XyzWiw4FQrUQVNbctp1jWG2OmiKI+YGyt5k8sq1r1Phh3p0wryW9YmPU8xWD8ySGzR+XkwivInSM+m6OZbd6loPBIX/9Nv4CeI5btpH11HPgWO1XsbpVOA3O8hj+ry1CXarld5JlCWH3crlXlCrJ1dWJ90OTRiOhctOxTTK+sC1UxA0UcWcZhtytdIohBBCfFZJB4sQYzio25dFaZMZ0JBZVkS0rK0nxOQ42ih8uBCjpQ/Cd1KRt3HKN3lCCCGEEEJ8HskUISHG8EVz0xJCLWpu2/4v0rkixJQouF49n3DNMu5+QDpXhBBCCCHEPw4ZwSKEEEIIIYQQQggxQ/IWISGEEEIIIYQQQogZkg4WIYQQYhhHp4HDDe2fdjSEEEIIIcTnjEwREtPWclhPVRtseUBL5NRe6PGZ1F6j57kzN5KZsZEAoLO5EcJjCZniGiydhgqKD73G+SuL+cn+HNerP8WUOTob0JW9zeZMLREBYDe38b7iy0Sop7uqh526kic4cWn0q66dOK/7Gg9oN3J1irGdmn37cSY8wAa/ZnRlZwbTMCmOdiqefpXLivlsuGczIaOTa2+jZP9/c+n623ggNYEAHDRWPsGhNzpwoiB84/1oE67FW6+G0rU54ipVeEcnZboKZm++imHOKD5map4u4TcGE32AUr2cHfc/QMJA3OztVP7XYd6y9DBHs4I7tm8mzH1dOxsP85qpFx/366H7+/tZcvtW4jw1IA4zdc//hqPvXMJ/4c1s3J7EYPK9bQPaGiqpef0tenzmsOpbd7Ex2vNLeKUdEkIIIYT425MRLGJ6HC28cNCAqdXAC79v+7Rjc1V0vXcKU9N79AL25hIydU/xvnOqoZj5bWk1Hd0qwm66XlaRnoGerrdpNRnocgL2Zh5Jz6XGdHkGITo5e8JIq9HImTNnhv20c9bSO6rTZSacnGlqpa3LSc+FM7Sa3nSlYbJ6unjNYMBQ/zLv93gKvoujrSaM9W2ustryPEVVTZgtFiwWM/3KwKuUjjEnHkzXVdNzgddaWznbfRXDnIG2I/9BucFEsFqJUrOcxVdaKc39TzoBHG3kJO+mymAEfx/a6g+yOzmPdofr2I4//pba2mqqq10/tbW1nL7Q6+Esdiqy0imtbYI5PrQZqshNHQjH2zborMsjt7iKM/0+cLaJcl06FS1WD+eQdkgIIYQQ4tMg37vEtJiPNtDh/nfHS3WYkyLw/Bz180OhAJQK1422j+s/flO963a8T1sfxKQ/SkasPDKeiaBoLRVl9+EbADjgCnCdn9+MwlTMAohn/zOpXLurE8QDFWXgG0BPswLwmVrnjQJUgI1Zno/zX8I9O7fRq1rKbKC/3905oYqn5JnUqzQKx5OhdF0NDsDX359A3NXtU2flzTc6IEpLzkYTe167lfRb5pCqO8X7VnAeO4wJSMzUkxytBosBrVbPU8+3UJS8kD+f6UMZl85z2livZ3G0/55qM0Sl6MhKCMHeUkFyfjUvHbfwwLxj427LiOulsrQVQrfw5N4kfGmn8O7dVFcdY2vkqLc1STskhBBCCPGpkA4WMQ12Xn+pCVTxZG53ois28HKzldRo162dw9xIUeFTGC19AITGbCMjYzPqMeGY"
11:15:14.550 [Forwarding screenshot on session 7836b5d0-bd7a-11e6-9730-e5ec4f8847f6 to remote] DEBUG org.apache.http.wire - http-outgoing-0 << "qdGXUG4wuX5VqonfcT+pCRGj9rNSmbOH4/jTZeqgT7OJkqKtmCqLKKoyunZRLSct+yHWhgQAVmr27aW8qcMdbBQpWenEaXqoSP8p/dt/SbI7ri0VOTx+eim/2rtj8Gw9LRX8W349ALrkXaSX7CU2aGR8GsqeoLi21X3ucFJ2pZMw7xw5yUXYgKaiZNJPZ1KUGj14VPvhQna/DLn7swanixj06ZRabuXJvHWc8BRmWBD2tkoeKnyLtCfzXK+MdrSRl7KPBQ/+kuRoPOTNjhE32e11JewtrccGqEKXE9xzluu+nkFOUgTY2ynTHaDWZAFAE7WFh7OS0Ljz5llzCEsuvYahow9QEZ+WTeraEMBB4zj5b287zCOFL6MIBrPZRuimbB5d18/T+mIMJtvgeR5MTyLEd/zy4jeQ7l+l806eDhtg0CVjWbuR/obfE5r+OKmxrlJlbS7jx7p3eLBkL9ET9TDMGr+7w95p4OkD5TSZXfFUaqJIeTCduJAeKnL28M6cUD5qasIMqJdvYvs34Bl9tStvwxPJzk4mxNfKoT176N/yKHcOKzMVu37McfU96DPWuj5ytFH4o0Ku2/4Y2rVT6J7s/yvNf/gDFjV8LfgtcnWusortKD/VXuLBx7L40ulK/v2pKsx9AGriUzzVK2ipyOPpdxT4nzfSYVOyJfdJbjYf4qnSWizufYbq71C6kqODaG8oYW+xq1yNPMf4ZQMYcZxKrcQGLPOY0HHqWRhU7PoxxtD7KUp1d2bYm8n50QFCHnyc5PBuL2V6bHqTRs/d6vkr3b1O6O8hKFpLWYWDAF9ofO8sEMP6aHdLpg4nFGjr7QH7u5hsEHFTIObOdnqdftwYpvH4iurznW1AKIlrQgAIiFxHnLKaN0+/y/m+8bexEs4AMd9e4w43jI0JGozVf+I9NjI4Kcze4qEdWjJOXgZ5rK97d0R6vCJCCCGEEMI7mSIkps7cSJ0ZQtffTvTa2wkF6l98HdcodivP/6wIo+I2snVFZKfE0dF0kMLKsdOIGgrTKTecZVNaNgUFmSSGXaG+9Cka7WNP2XPegtnUwYrEeOKWLeS9yj0UVRmJ2qKloCCTOFUrxZl7aLZCe+Veypu62JZZgC43jcUWI/pHnsUKXO6ycdk5NB2hv+c8fedHTjvxj/w2KZvCAYjZuYXwUTfszSV7KK5tdZ07V0vMLBOlu/dg6A3le2nxAIQnpnDP7UtGHBe2IgJsRmpOmF0f2Js5YjAzf8UKTOOFaQFn70VsfefpHYh2Tzdn+2z0utMxOm/8h53T3lLB7tJ6ZkVtITs3k1W002GxYbnYDVgoeWg3tSZ/dmbmkpu+BaexivScwziA/p5LmI21nJqTQGa2ljiNjfriYloc0OYl/529F7H02TCb55MYH8PKUCdFWh0Gk4pt6blkp23CZqwiM6sCu5fyMphuglh9Z+Jgvn7vjltYqOyjvvqYu8w5OPZiLX3qpSyZzPANyzEO1dRRU1NDTU0Nhw83YHYAtJGfqafJGUF6bgG56dsINhvRHziCHei/ZMHU1ER4SjrabVFYWqsp0texKiWdtE1R2Ey1/Nbouqm/fN4yopxBEMuWBWNp+u1g+bYcr8Nog5uWTnXsVw9mswXzmYs4Px7+eR+27h66TZWkF1Vh7lMSujwcNRbqS3PRGyxjQurvsWAxGelZHEd8zO2Edr9Abmktivid5OoK0G6JoaPpIM83jkqXvZG9xfUEJ6ahKypgW9QV6ktzMVi9lw17WwW7i13lMTc3kxW4OtU8TRAat55ZglgaGoi5vpq2gakzr/8OU58PSxYxQZkemd6bFw3vXAli/XdjwHSQTJ0By7nTNLaZCfAd3k1yie5hv/kowWY6zYcXztEFGEtzSc/cze7d6ezQ7qPNQ1t24cxZUIWycDBYBX6BQL/T6za67fQDC+YNjeJatDQcOMuF4bOEAsa2Q+Pnpaf6eoOHqyGEEEIIISZDOljElLW8+jv6UPLN1TcCX2Z9jApML3PUff/mBOgyY+q4wJeit6MrKODhdYtGheJg4TfSSMt8lB1rwwkOnEd42GLX8R7upFj3DgAAIABJREFUtpyAMkZLRnIq2uRlnHi1AzSJJK1bhp/fEu68Zwtg5k2TlSvOfqCfs+900ut3M1pdAQWPbfUydWL0iIYgVi7TAGq+viZ61HGdNNRbUMZoyUqKIywijozH0lFhof7Y+0TcthI1oF4WS2TYqDOGrGGTBowvuTqjzI2/w4yaTWsUXsJsG4zfYCxHRXdk3sSNeGp++o3XQBlHTlYSkRHRpO79CaG4pts42l6n3gbhW7azekkwweHr2J6oAdPLHB+8YYvh51k7iI6M4wf3xANdXO6xctRL/g/YVpBNcmoG3w40YQQ25T7K5tgIItfu4BdpMWB+jZNWb+VlKN0hty4bzNcIzVI23BUOHe54Wo0cMUHUxvWTnB5jo7a8lPLycsrLyzl48LeutU4cwWxKSSEz6z5ivzyP4EVLiQoHui7SCzivuPI5NSGWuM1JRAGquPtJTYhl7Y4dRE1w1sh1d6DCQsPrnYCD1480QegdrJnG3DoFwCyYHZnE/mxX5xPqeMqey+OLJ98AQBWzg+ycPB7c6YqZ4cjv8XC/D0SRlaMlNSOZ5UtuIyVFS1bqRr4cGMyi0AUo8TCFx11Huz74M+//VcGaH/6cgoIibg3yXjZOv/YaEENOVhIREdFoH8v0MLINvNezNqI3bERJB3XHLYCVV4+0Qvid3No1mTI9lN7Rg1c0azMoyk4jLlwN5nqKctPZuqsCK7Ds9vWAicJ0PQ2NBsry/g1DH3DFSe+VXnxQkagtoOJQBbr0TagsTRQ+UTcmZf5+s8DmHNapFER4uIq+NhP/42Xbue6L9KEmdN5QpAf2G9kkBIxqh7onaF9cBuprUqznKyKEEEIIISYmU4TEFHVS+5prBEZp+g5Kh2156eUW1iZHsn1XGuYDxVQVm6gCUIWyM2MXmhF3v77MC4bKA5kU64Z/rva87kQ/hEW4O2ns5zDbAFstmam1I3Y7Z3qXyOSH2WL+d6qqS2mqBlASteV+0pPCPQQ8y2Mqnf0AV8Z29ti7sAC33DosrIAlrFLB0bNd0K/gCoCzF8as8hHAmjtiqC6u47hlHedqWmH5TmIVXRzyFubCCWI9PG9GUShmQd+lYTdsoSxVwXmgp9s1csdUlU9q1fCjNO5rcAWU/gw8L3flCSh6vOe/a76Hmhvmubp6nL09gJKFw24M/VSucTYKgsYtL6tHpNE5Il9D1nwHdbmO+mOdLPKpxYaGxMn2VIy7VomawP4z7EsvZWSRdK/L0w+LF89zfxjIHCXc9JWBfPdjjhI8rUk7FM5tbAgt5mDdMayrF/KSGeLS13icRjJgMku/OgfWYLkCvYA7ttiaSkneOqyGdl1mbKm8Aso5g9fYd3Ygl0+Voi3Vez9pUCwP7jzJgfJ69K2uKUrq5Yk8mBLltWzcopgF9A+lKyCcZZ7ybaJ6tjmWBE0p1a+cwL7Eh3obxKetpqf7EDBRmR5KryeayLXc1/82p/y/y66YP7NbX80Ljd9GG5uEPltB4eMHKS4yoF4eR5TaQJvmK4RGruWZQ0PTDENid3BXQzWlbWewkDCiE6mn98rQWk8AWDl9yoZqxTL+uffEuNsWBl9BiYV33rcTPdErqYbXl4nyciEMr69CCCGEEGL6pINFTIm1+VWMfRC1M5OkpYH0OsHPr5uX/12HofZF2pMXcuUCfC+nggi/i7ScPMELpQcp33eE1c8kD7upNfP07mJa1TFk6r5PeIgamktI1p3weF4n4B/gfjtKwA2olWCKSONQ1sB6FmYaXm0jeEU41vbT3LD2YQ5lzaWzzcixmheornqG4+t+iQL46MpQuLZL3d5X2Bzd2xMQSBDw5nET2oEnvY4P6bBB2E3zgC6v+ae5LYHQ4iaO/PrXdFkg8b7VENDlPUzn6ZFx8XF34njKm1GcziswYtLQ+3TaXElW+LsCjM8sGVw/x25u5vVTvSzxh/fHS4S/9/znwkngylDvgNMJ9PHXLgcEDe90ASdWOsYpL19N83BuhfvWOCCajVFKSo+UUYYJZUwakVO4P/TU"
11:15:14.551 [Forwarding screenshot on session 7836b5d0-bd7a-11e6-9730-e5ec4f8847f6 to remote] DEBUG org.apache.http.wire - http-outgoing-0 << "cWFvKSO33EBofAo/vzMajToIw7670bcNHTPnhuARYfgMW89l4s4QX9ZsiudgUR3/+UQwfSxn/QSjBRRTXGRZATjdvYLquDQe/cEquk2NvPbOZW4MXcHsCY5vfvZnVBlhS3ou65ZFEEQz9ybrxkTEYW2ny28lvzikRWFu59TrlRRX1/JS+y1ey0bPkSuMXPS3A1MfjJxMxyTqWQDr7oyhWn+E/SUAUWyIDkLRMs0yDa61jXbkYt1UQOEyBfioCIu7DbW+nn6cOMzNvG4KJOe5Q+52zELhVgOEz6K9Zh97/+BDdpEW1+opDi5bgeC5YzpzFn3lJjCcwGRPxbX+bC+XbK7FihdFjr8NPxWBQKe5m4GhN6Y3T4ByhfepcRPmpYkR9VUIIYQQQkybTBESU+Dg2O/qgXA2b4wmJCyMiIgwQkKiuXNjFNDKq4YOXtQXk5v3NC29foSGL2EOQPDsEbf50Ot6aj1nAYvmz6a3vQGdrh6Y5eV7/sAWNctuUYHxWUoa2rBazdQ8XUhxeSnGbnj31WfQ6x6hsvk8wYuWMG+OApjlukf0AeMLz9NittBSp6fY2Aezht9buIfnO52ADdOJNvc6HwPCiI1S0tdUSpmhDYu5nUrdATqAsKXzmJBvBJvi1JiNRvqUMayPDJowTP/guYCN6hcaMFs6OVxU7F5Y1FPejOSa1tDEzworaWlrpmRXISZcI2ACIm9nOVBf/ASGdgvWzkb2P6KjvLyebt+hcMeG7D3/RwuKup1w4ODeIprNVixtdezVN4EygkVB3ZMrL+5Og3MnX6fd7JrrEbsxAWwmTDa4447bXPs5OqncV0hZQ7vH/HC6e6a89VvMma9h7mwFLXV69E19o4YLzewuNCh2PVH0YWw1o47/1tDCpB5ZKPrRvdx7r/vn7q3sKmv2eoQTCP/6StfRht/ybHU1Ff9VSm11Fc8evzDOaJlh19gJEMwNixbh7+ykcr+rrJ3ruDDykAsnKC4uYl+ZAWfgjYQuvN71uSLYa9kIv2U10IS+rAGzxUyd/gXMHuM0cT1Tx93Bcmy0mmyEbtmIhpmUacB3EWEaMFc/w/PHzczqP0ddSTkWYHHwbOh+h6qqYp6obHala18eRpTctSGK4Bv8sZkNFJc0YLFbaT5cRJUZQm+9mQCgvaGMwpI67IBm1TdQY+Op/ZV02i00lPwHRuCOhJVetxGwnG+GQmvpf9DQacXcXMFTBhvq228ZZ5rV5PPSOzsNJYWU1LnqlMPciD6vkLp2+5htQgghhBD/6GQEi5g8eyt/aAV1XOKYG0PNmkTCS40Y6t9Hn7mFPF0V+VqDa6NqOen/umHUzV0Y39kWRevBKrQ7XGP5w2OiUDYZOW2yEDfqyb4C6B/2e5z2F3z4UR5Vxbm436FC1LZMkiMCYFEGce8WUqXLdE05QUlcSg6xAUEs2pnIUX0t+elNgAqNCsyKgWkwsyBwNn5AwKKvoMFAbXEuvbNK0A57jdDarMe4kFdItT4X1yQIFYlaHUlhAWBXoJogG2M3JPCUoZz5CWsHX23tNUy+TUrMcUrri0mvBzThqIZ1sYzOm+ECIpLQpzv5t6Iq8o2gDo9Cg5Ggm+YBIWTqtOTn69Hv1roOUIaSUpBJGNDMLAj0G9UZMWvC/Le3KBjRK+EbQWZBCvl5pejSU12fqaNIz8kgBPjhOOXF/6/PD4UTtITVoUpq68vJ61HxXEYcARFriKIaoyqeNWHu0tXfxfEmI13EkLx2dClVMHc+rvlRnvIqcgObwo9RXZ7LjnIADVFRGoxGE+/ax+azt9+H/j0qLwghcVMoxurzJKxf7jkiw/XZsPUN/Tqrd/wOHuV8d9mNTCZ722XyDzbRVF0NgDp8E1kZcR6OGnmNl2+4i1BDKfr0ZPS43joVqmyl4613IGneYLp8I7aiTXwHfa0eba1rOpE6ahvfj1WjjvVSN0kme8tfyK8qJr0WUKpRDubTSN7rBEAY30rU0Frr5NtrBt6QNJ0yPSCApJxMOn+qo7YewEQpELMzl81hvsBW0uJPU1ylc08/UhKf9igbQ3whZDvaxL+gry1G6050eKKW7CRXvLrfrsVoiMOZmgABsWSld/BIURWZya4WKmpLtvttRt62weZd2bTvyac401WPlOGbyEoeelPZkJHtkLe8HFNfx3Dy56NGjjq/QWpCGD3vn8TQasTvW66yOHybEEIIIcQ/ui988sknn3zakRB/jxxYLZdxKvxQB3lZL8BuxdLrxG+2moBpLAHgsFq57PR8vN1qpdcJs9VBIzt3HHYsl3unfc6R5/YQ/gSsjSWkFh0lTf8ca0c9evYWpsNu5XIvqNWTW8oVwNJcwb7fKdiVk+Sa1mBvRJtcRGi6noxhnVhWiwWnQoE6aPJhD8V3stfPW5mYZHkZcUgLu3bkw7YC9m4eurlrLtFyoGc7z2XETiUpg+xWC71MPS8mqy7vbkott1OiT57korzT5LBiuexE4TeboCkVdNe1YDLHueuSp3N4LRvu42ar1RPWnWnXs2mWaQBzXR7pf4igbO/mMSspOexWepygCAoasw2HHWuPExT+I/LD3lZGcu5l9IcyhkabDO4bxNjq4GXbYNqmUFcGgp1mXgohhBBCiMmRDhYh/lYcbRQ+XIjR0gfhO6nI23jNb3LsbRUk51aDZjnx4f6crm/Cggatvoi4z+3LQhzU7cuitMkMaMgsKyJ64D7T0U5hViXfyMkh9pr2XkydvaWSRx6vwtIHMVo9GZ/fC/D3z2Gh/T0FYaPfBDZNLWV5vLEgCa2M8hBCCCGE+LsmHSxC/K042inTPUOnYhl3P7CDsKk9fJ42c3Mdv/ndUSwf9TMndCWJd95JpPrz/fy6rUZP+dGPuG37v7Ax8vPRUWFvr2P/M39gzspN3JcUKyMIhBBCCCGE+DsjHSxCCCGEEEIIIYQQMyRvERJCCCGEEEIIIYSYIelgEUIIIYQQQgghhJgh6WARQgghhBBCCCGEmCHpYBFCCCGEEEIIIYSYIelgEUIIIYQQQgghhJgh6WARQgghhBBCCCGEmCHpYBFCCCGEEEIIIYSYIelgEUIIIYQQQgghhJgh6WARQgghhBBCCCGEmCHpYBFCCCGEEEIIIYSYIelgEUIIIYQQQgghhJgh6WARQgghhBBCCCGEmCHpYBFCCCGEEEIIIYSYIelgEUIIIYQQQgghhJgh6WARQgghhBBCCCGEmCHpYBFCCCGEEEIIIYSYIelgEUIIIYQQQgghhJgh6WARQgghhBBCCCGEmCHpYBFCCCGEEEIIIYSYIelgEUIIIYQQQgghhJgh6WARQgghhBBCCCGEmCHpYBFCCCGEEEIIIYSYIelgEUIIIYQQQgghhJgh6WARQgghhBBCCCGEmCHpYBFCCCGEEEIIIYSYoS9+2hEQn3cfc9F8hX7AJ2AWcwOlSE1Ln4MPuvoBuE4TQOCnHJ3PtL+rvPqYD8wfge91LJg7cd3pvmjnIwfg68OCub7XPnp/Q90Xe/nI8T9/l2kTQgghhBD/GGQEi5ievss8/+hr3DL7CF/7ah2rvlrH1xYeYd3dx/mj+WP3Tr3obq9i/u3HuThuQKP26T7LHbOrWPfouXGP+OOjrzB/9mF+fdox+PsCVdW4P0m/+uDqpduTwTifnfqhp98l8+6XWHB9Davc+fiV2Yf5ceGZoTzrPjdx+KP2OV1hYIGqivz63nEO6OVA4kTX5uq4aDg+QVwm56rl1bSNLc8fGE6T/8wMytdFM5tvrmf93ve87tZZ/yeSVlTx1SWudK9aUsP8m15iT8U1Ltt/Ayd/c5KkFYf56pJXhtK2oo7i+r8O7TTlOjC5tmeqdaDv9J+ImD2yfZk/+zARK46QdN9x/tj58cSBXCsXP+DAr0x0zyCIbqMrffNXHOUdD9tdbe9L1F/rRkMIIYQQ4nNKhhuIafgLP172R6os8Mk/fZGNP7yBJaqP+eNzH3Kq2sz3aqyUn/k28XPdu1/2FtY/o1QCf/5f+t2fOACb43+8xuAL//u/dFr6YdnQk+7ZS5TMnz1qx8sfo7zyv1NK3XS44jy1Y7qPn+Sr6zsA+GRJACnfDcLH1s3B0stU/aKFQ219dDy3"
11:15:14.551 [Forwarding screenshot on session 7836b5d0-bd7a-11e6-9730-e5ec4f8847f6 to remote] DEBUG org.apache.http.wire - http-outgoing-0 << "DCX/M4nw/4eL4BrdAFg67AD0M34+2vqY4NpcXd7iMpGrm1fTNaqsdp9l86Z34IH/Q/Z0g/QBFaDy/edxd+k2nuS2za60a9Z/iYTls+g+00VVdR/P/KgJi+M2Su69Ybox+FS98ugr3Pe4q+Ptq5vmsi7Cjw/+vw+oetVO3ubXeLs8nl/dORumUQeACcv3VOuA3dLH5f+FT/7pn4iI8YE+gI/5/40fc/RdM28cOk9Bwwb+JepvPQKnl/z1TTz50Xz+nx8z7VFd/Zdc6fvCux+iffQsv9+zeNQe174tFUIIIYT4PJMOFjFlr+w+QZUFZq+/kZcqoglRuj7P3NPLr+97lezKXnbvPUP84wsGj/EZNzRfHqzdwg/7QDnJ8/uME9i2/evIjvsUphZ4uTke31/I/JbrpvmOohhK7h3Kq+yH3iXp5lMcrX6HA8eXkPkV1+febsIJXMybH2pA6arSPhMOTvtnL9fks+Yq59W0jSqrvv+Myv3/mbJ52dZ8+DwAW0q/wa/uun7w82zDSb62sYMafQf5997A3PEC+IzqPn6S+x7v5ZN/8vu/7J17XFRl/vjfksAIcpGkUQQVSMULKhGZiKGJt9I0FzPNy+YlTMnCLS+lRosWsv5Ai1Ty0mqmUaxJmojhGomgEiIoipigCeSEIRfFgXHh98cZZgaYGQbF2r77vF8vynPOc57L57mceT7n8/kcPjw2gkCNstSHBV+m8PTc63z110zmlg3HU33F9DlgirXUPcwBc+l/fRf78N0qF+15ZSWfvpXMih1K3pmbwahMX7roz+EB8RAW9gBmtL+fbMy1/8yJPM3mZzsz/3dXFgkEAoFAIBD8eREuQoKWobxO7MdK6sxk/GOTVrkiYcXL7/aljxnYlit1zO6r2bsplUFq0/q+w5P49ESl+loVn847yPjXzhgw079L0qZURvaQ7h0UeJRNsfo3TzWqGr3nASgv4vXh+3i9gTtHNZ+/dpCR89Rllxfx+vADvL7hLBHzDmjM/8fNS+esjt190Ykcgsbuk673OMiq9deoQLJE0JQ1dh/j5hlqE5Qk5XOgFupGPcqGOY22Ys7u/D36YerMzCjK0W69iy8VEfHmQW29ZpzgdH29yq/z+tgDBG0y4DJS/isfvpaocW+Y9WY6P2QC9RY/5UW8Pvwgq7edYZaXlCZo03UACpLPMsVrr8YlYtxrp7mokUcVn847wJQ3z7BvU4omf90+rt/EWphLm+OLSWeYNXyfph0jA1M4eNGwaUKrywqg5DoRryUySD2unHrsY9y8E5yu7zC98riqHavlRbw+Np3ztZDzWQbj5p3hxJepDPI6QERSZYMqXvwylUFeB/k04x7NatT7W/euDe0SHP09WDpKhkunWq7Vt81ou6rYPO8AgwJPNHL/qOTDGQcYOeO0erxWc3BDsma+OvU4wKpt1yRjDUM0J88m3OW7bT8DMPmTQTrKFYleL/iwdJQZONZw8axWbg90DrSExhZ2Mhte/siPOe7Q5nIxnyZr16iz+05r5o+T/V7GvXZaZz1pfv4Azfbrp/O+Y0MGUFDMKJ2xZnzuGqdNbS1/fzFdr6uQLsbad/DvSQwafpQfdNq7ed5BBg1PbnTuACNnGF4vBQKBQCAQCP4sCAsWQYsoP1NMUi10mPUoz+h7Ze7cg+/KeqgPpE1Gm8slrFgKzkPsCeAWScfLeGdMKr2vj+ZJGRT9WEUOSvSpR05vOsKspZVqV6QO5G8tIcmAlbry1n+Auygb7ATbSm4dNSrOZ96lwlelc+0/FKTolF2j4nKmksyMi9SZmTF0ij2l35eRGXuV0UqZ5IJSkMuoMRcoqwWvKZ3oUvgr296XLAz6aPJVcSLtLte4Rc0W/XXNOnoDgLnze+q13Ok1fTjF09UH5VewBMriC9kA+E15mNLvfyMzvpBxd85wIW4gdjVKPe2rp5LVE39gUwbUedszvd9/+PyT6w2T1Kg4n1nF+YyfNKeKav5Dwb4U/GZKaQNmdUL2068c2JHP8EOVJF7yxxMo+UlJSsZPpCD18eNUqPv4GO5Xn+GpQT1Y+aaMIYOsUJ49w9OTfqLOzIyRr3TC/koZcYevMzfpGAeuB/CYHmG0uqz4jdd9UyQrrCH2zHnBnLQvS8iMLWRc4RkuJAzEzoA8GoxVmRlQSxvFXZA9hKO7jMLLStZvvsKiAE91Xav4alMx1wqscOl6b5YA8i4yQEn4mG/JWOjGlPFODHB3oIujFYvixrFIk7L5dnWS3aXwcCFfJVexwt8KAGXGZdbGK7GfYoUj1Xw641tWxNdSJ7di+gRrMreWsC3kJGn5NXy3xl1PDU2QZ5N7asj96S51ZlaMH/2wnjwtWRQ3Sdu2ch78HLhv7JkcbM+2kDJqVJIC5vS2JMaHlGnGOxm/krQjn9GflbL3agBP2pkwf+yak29vLGTadyW2nSRFpilz1xB+b/djeM55wuINuQphUvsc7P5DYUYZSemVPBVgAyW/8K+vqiisrSIpvYqnAqygsIhPv1Jya7L5n84KSyAQCAQCgaAxwoJF0CJqqiU1iJOjqQ49EuOi/DiZEMCOhIl8PKstbWorSTopKWAs1G+Qm5jrl19j1fJK6sys2HpuIjHr/Pnu6mAC5PrL+HxmEl1s9+H+iPbPP+yKgcxpWraFFEulzsyKjZnPEbslgO9+HEyAGXCukt+4y+fvn6esFgI3PsWBLX7EJDzHhlmNZGHnzBfH/DhwcoBBNwELS2nqtTc3kEAPdWYyNqRPJHbLcL4768c4M+CyerNvxNehJDmHTRlgP+FRso4GEPHRaE594SxdrI8/YSFtYOvLKLo2mpi/mrP+r9epM7NiS1YgOz7yIyZhEnvC7GmjKGHdtl8BNIqxwI31ffwcERPMaFNbRVJ6JcgeZv6qgXjKpBgWAJP/+TQ71vmxIW4cW16RAbfIytFv4dHasipPviRtVqf0IychgL+v8ee7SwEEyoHrSm4ZlEcn7Xix68KGr73pYwZ93hzEgY88cffuwRx3IOkqKfWv4i8WsCcTOsxw08YkaiGec3yJmCWjTW0tSR/9xLxRP/CE+z76Dk8kYtc1TVBTU9o15q/dAdgT97Mm/3/vLQRg1hxXlBkXWBFfi/0oN7IuPUPEOn++KxvOHG/I+fgscXqCuJokzyY3/cqJTMDLgQEtCBjyQOdAK9D1UakxaUd/A2URa/9WRp2ZjA9PPseOdX7sOPocG16R0aa2jKh/SsqP5uZP8/K15KWPRvC6N+DqQlzCaF72Ljdp7hqitMaG+dED6GMG59f9yGZ91lcmtG/gGCcAEg9J5RWlKzivVpCnHZXOXUwtprAW/vJ81/uSvUAgEAgEAsF/A0LBImgZ+l4ON0OdmYzJgdognAOGdgTQvOU1SKnkZuSysA/PqPdC2HXhzcX6bfqdva3wG2Wj/RtixZPOLdiVq3GZ24OJrmrjLrsO9PUCMMOCGgp+rKVO7siC6fWxMNoSuPhR7BvMpLa4enbisV42zZZlxKmpAdVAhxm9COylrpfMFncvoKCUC82Y/F9ILgVg1tzemjfEXZ7py6uNjBGqgQ6TH5XKsLOhC1WcV1+7eeEy+/ZdYt++y5RaSG/Ii/PVCjKkPh4/vr6P2/L4eH1WCWhiPMTNTGLcvBQ+/fIK7m+MpLhsYrOBQVtLVnb+j3P+8jMcfr8rBRd/5YekS3y64Tzn1UoRC918dOXRWBFQKY1fbUBmGya/Yk+bWiVfJUqbxx9ir1JWC7MC72fzaMVLH43jTLofG9Z2Y9woSaFXllHJhgUn8Z13lhJMa5fM25057nDzs6ucUAKoXf7knZj8pCVnvlNIiTtA+sFL7Nt3iYMHy7B42Iw2tXfJvnCnSe1MlWdDHsIaoOy/aw7cL7qBnMtzSkipBZeFvbV1pi2BS3vTxwyOHSqmnObnj2ny/Y9ajv+RFFrlps1dg1SrwM6dyGipHn9/8QQFNOxLU9pX3cuFl+RwLf4XioCsf2sVOzkHr1MO/Li/hDozKwKGNL9eCgQCgUAgEPy3I1yEBC3CRm6NvRkUlxiKyHCX00lXudXhYZ7wVv8cd7THXWdz2l5u2rAruVxCYS3U/dywrK5eduh77Tw+"
11:15:14.551 [Forwarding screenshot on session 7836b5d0-bd7a-11e6-9730-e5ec4f8847f6 to remote] DEBUG org.apache.http.wire - http-outgoing-0 << "dESrBLm1tTWslLGwBwoeahhI0sEaJ4wHKm2K9Bq3xpDCSlnGwUO/4TKgM54O0iknR331quVWDUbf3kMtdWYyHhuoK5uHsO0ENPKScHLRWuOUnLnO+VpoQxVLXsxskmvOweuUrFErmhr1cSe5/n5w9Pfi4zdvsXBdGZmx18mMlSrgPKEbX3zmg6uB+kMryor/cHTTSRau+61pkka6O115NEGPzD0DXemzPJP92wrZMN2Cf31WRZ3ckQlqd5yWc5eii6WUWtjh2asTgb06EfgqoKzm9L9zWDotn/OxFzmwqDcve5rSLhsmvmLPtqVl7E2pYmD7KyTVwmPBrrgC12okBUFZbD7zYptmo3/Wmy5PDXYP4+0FxzJvcKGcpsoroPxiEcevgY9fF41S5PeYA/fD5TRJ0+M15GHq16hrFxtJzeIhKayOrnWP0fljmnwtdP5v2tzt3qxLjuf0QSz9/CBrj5fw2oZrLLEzp7GW3Xj77Bn1goxdH98gveBXTsffpW5KLz50ucaiyFLSC4o4vB8IcOGJe/30kUAgEAgEAsF/EcKCRdAiZF3tcQJufpZPkr63xuWFvBqYyYsjUjhVf71923v6soWNix32ZtC3a8NN7q1S/a4kRoPcqmn4FRL9XyQx9inYGgDXxtNG2pTaNk5sBPfHJU3Av3Zc1rtpLfgmk3kzMxn91uVm69Xcl1BqgDa1Ss7/1DADpZ6f17Q+AAAgAElEQVSCdctwdH8YZzOoG+LGvy+PJiUrgJSsAE6dD+DQUT8S9/bXbtAa9bHhnrBkzJJhXL72DPv3DmDpa1IZhfFXCTXgttDasrr45QkWrvuNOrkNr0cNYM/hpzj/a4DkYtFIb9fizz07dmPaeCDzOv/al09SCTw2x41eLcxGQ3khkwb9wOhRmQ0DgMoseeyZx1g6V1JWXrh2x+R2PRboSh8z+DY+jz2fX6fOrC1/fU5yZqtRK7MCogZz5nyAps9Tsoaz/+hTvK7HyqAl8tTyEI4PS+Pyh+P6Et1lzxtpzJuUxj9StMFef485cO+UsTdWqqub3AJUkiKiby/rJimrAdyttHPGyPy5F/m2aO4axYpFWyRXodPvphP2T53Auya2z2e8nDa1d/l6ax6JJTDS34WR/g60qa3is8gLJNXC5BecTP6KnEAgEAgEAsF/M0LBImgZdi6ELJTRpraK14NP0/B7HVV8+uYZCmvBZW4vnrrPN5KyTrY4ATkf/8RpzUaois8/uodXzuodS072b9pNesHPfNf05a4RHqLjw+qvhCTpfCUkrkATV6AeZXk15eVN41XU0+VpN8aZQVn8RZZua9geZcEVlr0iva1e8Nr9+zD0VisoPv9ngfZkQVHzbe9oRXeAtFJu2tjg6mqPq6s9/HiOMcNTWLzVeBwHffzw9wO4P7KPT36y4LGAHixaM5zkeMn/K9eA20Jry+palrRJXLB1BEvm9OCpJx/B7pfrannUmuyyoqGB0q4to6Y60aa2iiUz87lJW6Y+37mlOWqxe5jRjtBGUciKxl/HUf7GiRxpjPV2aWd6uxy7MW28GWU7fmLFjrswuCsj1aZDA3ylsZJ7phJHZ3t1n7cn9f1jjB/+A5+eadpH9yZPS8a91g2ArdNS2Xex4Vw5++Upwo5DnZk9L/rdv+uIyXNAeZfychO0ao0/F62s5PM3U/n8MtS5OzPe2xK73p3wMpPWrxM6ipzT6vXCpZe9nuC/TWmpfC2gdeeucw8iox+mTW0t57U6TJPbZzfQhQAzSProOtcwY5iPPXYDHeljBkk7pBguo30NuBQKBAKBQCAQ/MkQLkKCFvPMSi8CPk4jKT4fH/ufmbywC10sq/nus+ucV0jxBN59owdQZdJmtcbQW247F5YuPsusdWWMG5zEmuWdKfjyItuON05o4LNCujha4QacP/wTga+p+MujKna/WywpRpr5TKu2DZb8dfmjhB3+iY2Bh6lY1hXnylLWftSoASVXGN/jR3JcnUjP9NUf6FbWidVxzhyYVEhcSApJu+z5y2g7LIpK2bRD2lDVjXqU1/ytwEB8iZpG/zdEl6cfJVBeTNyOc4yjjL/0eYh/Lb/afNtlXZi3WEbKujImdTrIG9FuOBYqWBcu2VL8ZVJntLEfTKO3f0dYV0j4iENUfNANVwsl34RLQVbHj3pE/02tLCv3AdaAko2hx3B9yxXLq8X8Y7kUaJOCUrJKoIsBk4gGY1XtTnMtMoNZJSW8ufoxPO2gyzNujDMr5kAt4NWFUb3uZ5m14eUNTmx7sZgDS9Nw+sSKySPssayuIvmzMsmFbkg3Rnm25dYFE9rlCJISqBMr4qWvX00OctNs9B0DevGSvJjPd5xj0C83mD/RjqLkq2yKvUud3JHJelydXEyRpx5zCUd/Hz6eVcTCHVUs9NnH1imdeKqfJZcPFXHguKRwmRztJX1ZyoDOw9gc0D1n2hyoImLsQdZnyth6aZz+r6SpyYlMZ1zaWQCqlTWcz5DqW2fWln/sfFya83YuLJibwbxPypjkmciqNW6QdZWwj8qoM2vLopmmzR/T5PsfasqgzeVCAgOTWbjmSRPmruloXYWk4xqT2wfIOjF+shlJsbXAw/j2AngEfy84nwEMdmKIs75SBQKBQCAQCP58CAsWQcuRdWHHJT9en2VFm9q7xH10lQ3rJOVKnwnO7D03Rh2UVrL4MIS0h32ILv0anrdE68oTsGoYEa/Y0OZyGSvmXmBrkhkBE2Q690N7x4bH+nmEVfGP0scMMndcZcXKYorHO/H6lLY6ZvYPqctueKetju26zHsg/97pjAt3+fz9fNZ+VEafUdKm08FG/VbbxhwnAHtzo3VyDHiSU/t7M87bjLKMMra9f5VNOyqpMzMj8O0BZMXVf97WWL3MaW9hOI1TBwuQPcKGo48T6G1G5o5CViy9ymnXpgb5+u4PWDWSLW8/TJvaKjYsOMeK90u4iYxXdz7FfG9LTOtjnTb7e7Hl7YfpgJJNSy+yJOQqx0rMCFw7SPPZ4Actq14vPM7KKW1pk/EbS178kdeXFmM7oxuvT5HRplbJufNVBuTRaKw6PsL48W1pU3uX7z77mWuanXInxs6QlCrj57jd96dnXZ/x5d97H8XP3Yw2l6uI+6SYz3dIyhW/Vx7leIIPXTC9XQBdnnmUcXLJQmTqGF0t28NEpA5mzqi2FB6+zooFF9kUq8R+iCM7Dw/R6+rUknIbM/GjsexY20mal7HX2bDyKgeO36XO3YaVe4ezYXr94GrpHGg0Lk2aAw9Jn3SneZejNrW1ZB6vIvN4Fecz7mIvlzHuFTf2nhvHS55ahdoz60ax4U172igqCZubJSkf3G1Yc2gEL/Uybf6YJl8bAoKlkXb+cAl7Dt00Ye4axsm5sWy0rkJaeZvSPonBz0sBfF1myNVjyIanhkvzfWSgs0mWPAKBQCAQCAR/BtrU1dXV/dGVEPyJUVZT9MsdagALh/Z0sXswRlHK8ip+Ka3BwsFeb0BM07lLUcEtarDA1fVeA48CVFNUcIcacwtcne8nH4nykkpKb/0HeAgHV5sHtuEoKazkloqWl6GsouCXGjB/iM7ONvcfL0FZTdGNO9SoWt7e1pJVfT7tHdrjeB/jVlleTbXlQ9jJ6vO4y+bAffw9yYqdV58hwFgFy68wstuPVCx8nJNruptQ5ypu3aqhhodw6GyDnZ6OaK121edj0b4dXRybDx59f+XepaTwFrdUQCvNKUMYnQMFOTh5XWTrpUlGLVhaTHkVBaU1WJhb0OUe22aSfJXVlFSDjZ2ldo629tzVW7n7b59AIBAIBALB/wWEgkVgMpEfnOf/fXC++YQCgUAgELSAvy3vw+Llff7oaggEAoFAIBDcF0LBIhAIBK1CGa/bJxFXC3VmVuw89wwBzcWWKL/CoG4/cmvh4+SYYMEieLCUF5ZR42x/325dAoFAIBAIBIL/TYSCRSAQCFqJootFXLhWi7uPC64m+S7d5WxyIbg74+ksYo4LBAKBQCAQCAR/ZoSCRSAQCAQCgUAgEAgEAoHgPhFfERIIBAKBQCAQCAQCgUAguE+EgkXwf4bykisU3lRqT1SXUFBS8sdV6E+C8mYRBcVXKLml"
11:15:14.551 [Forwarding screenshot on session 7836b5d0-bd7a-11e6-9730-e5ec4f8847f6 to remote] DEBUG org.apache.http.wire - http-outgoing-0 << "bD7x/xGajBWBQCAQCAQCgUAguE+EgkXQMm4dYWiQG2+nFxlOU32Fz+J2cLHawPED4QrvrXgaly+Oa84kf/E8bivep+BBFvtAKSF8uRttVkVTbiDF2W/n0CZoDN/dxIS+Uee3/AMktZOSb3dMo92yobi99zSP/K0P63MrHkRDJG4dY1KQG22C3Hgv/Y9UfDUdKwKBQCAQCAQCgUBwvwgFi6DFlDVzPXnXdGZ+t4WfqvQfPxCKM4gCPniyv/pECd9nFdNt4HBcH2Cxvwu3Kqk0cOn69YsNjpvrGwDqFV03v2dZ6gmdC/3pK7dtef1MRVVDvVqlmpoHV05zNBkrAoFAIBAIBAKBQHD/iM9WCO6NtjbS/6uVYClrcMmiXUdASXsr/ccPgotnDwJP4t9H/YHVkgzibsO0x70fXKG/F5bmSNJWAg1lPXJOCnVz1Ae3DGch3WnZ8KSVNU7AOSAq5DxveMj03NkK1I8Rq/Y8wCFgMk3GikAgEAgEAoFAIBC0AsKCRdBi7IEr2TtZuNyNNov60CbIj8X7jgFwNjEE3+RsII9hi/xYsm1+g+P1mblsjBzDpE3reC9yDG2C3GgT5MWcHf/SWDdQncfGTdPornYnabN4Iu8lntSUX37uE4YuGsM2jTuLkpT0o+AyGi+1DqHgQiLn6MljfM3QxWMYuiqUs2rLja+3zWHo8jGM3rQbKQrHFd5bPYahi8cwZ/1UPJf7MW33ESnxrZMsXD6GocvH8F7qFan83B2MXj6GocteZPI7Yxi6eCLrz0m1L8mMZujyMQxdvoDkm1IWyXEL8Fw+hkmb/qVfoDdPEh45US0LN7qvWkBsro4LTWkS7300jTZBfWgT5MboyHWathT88AGeixeQrFe5UsRn2+bQPciNdkFuTProfU7dlq5U5O5g9PLlHFan/NfuiUzb9g2/nvuE0Yv9GB35iaY/yhufu3WShavGMHTVArb9+xMmLVL306IxhKfmNWjX26vHaMbInE82aMozxsX0HUxb5aeRh2cDeZSwMXIiQ5dPZOGOUEary16YeA6o4OvdCzTjxnNtKOGb5jB0uR9z4urHT9OxIhAIBAKBQCAQCAStgVCwCFqMFbAnNZJvrV/g47ELeN66mKiEWbyXWYKFTW+etwSwY/bAiXh06t/guK+8PRUleXx9ZiOhFx34+KX1fNDLmu2pb/H0pkMAxH4yhYVnTjDCdxlfTFnGVLIJ3TuV99RKjBrVb6RU53G5Uu04U53Fl9dgqs9gjX3HqR/jwWEcI7t3pex2HimKnXx7SQmc46tTR0kpzePwmQNkVgOXDxN6LY+U2wp6dbLlXGkxe5L/xUWg/MoxNpbmkVKax6cnMgA4c3IPh0vzSKlxpe9DeaTczmbbMenaqRNfkFKaR0rpIRJ/KgGu8OUPhzhXmsdtR+emwqzOZOG7U1l+MZupTyxj53PzsFEc4sWoGVJcFQDyiDpXRejYZSx3c+LwxY1M2yUpgH66lMy52/ncUjXOWMlnkeOYeeooLr3msfO5BZSc+5KvqwFLqKks4PDtYk3qFEUee7JS+UX1G4dvF3O48DeNJ1FN43OqW2Qr8khRHGJubLiUJ0B1Hst3zObrEqD6HHOWTeWDa2qFi2Ux28/puiPp5+K/Q/DY+h57FNq6nVMc4sWoQbynji1TUpJNSmk2G1N3clhddo9uXfl22wtMSj7E1fr78ney/MxRUkqLyStXa6D0jBVDhH4fSpv32uj9C/0+tNm2CAQCgUAgEAgEgv8thIJF0GKqANyWkbsinAUT32T3K4sBKK+8TS/fV3jryf6AnJmz32T2swsaHI90qjcb6M+B8N0seOo5li0+SJQLnDuznu9uFpFVUA48yaSRLzLl6VfY/fc9hA6cx+M20r2OXsu58+F53vfpIpV7/hiHsWOCZ0913pnEX4TnBw3BznEYr8qls99mZ6G8msEeTUtOcLKwgozM76VDhxd4efTz+AFwiJSrSs5np2hSX72YQgFFJGZJSoPnn3qBqUPGAHDuwvcUUsSRC1rFwP7sXChJZWM1gBOzfQc1kWVJdjwbq2Hqc/9i95xXmPHschJmzQQU5Fz5TZ1qON//v328O/EV3l+6ixBLOJdzikLAQu3kZ9E445vH+eRiObi9y3eLlzPj2Tc59u4/6AdQDR19Qil7e726rT354u2TlL3/Nk46Wegz8LAEMEfj6tOv17v8GpPPr68tVp8pJv1SESXZcWxXnwmddYi6D/P58bkJenLUofoky2PjAejmMo/s8PPcWb2HEAd1Pp99xMUG9erPFyHf8P2sHbzknMWHp6R+8Rv4D8pi8rnz9kaeb1RE07FimNBhobzr/26T8+/6v0vosNBm7xcIBAKBQCAQCAT/WwgFi+CeGOUyQGMBIHMewCjgu0uXAahRSY43Neqgto2Pq6sBt+cZ0aE+N1vG+owBFJTeeZi/jBgDnGDcewNpE+THtM+O8fjwmTzbTRuAVaYT9+XU6X1gOZon1NoBZe5x9gDPevUGbBmhVoKknP038ek/NGjHDycPcCBbsqx4ftAYHDv4MrVeIZP+LYdzs3VSp5Pww7ccuw3gxJQnvOj1xHOSkqI6hW9++JZ0nS8lnfvpCLHJalcjh2d5Wld7oeb8+RNAT1729dKcc/YNpS4mkze8HpZOWD9Kn/b1V615xFr6lzEPl5IrmaQAy58O0FpqOD3FSw7aNHYPW2sUJQ62jti11x/g1gJzg+UEDn8GR8CxuzQGADCH8+fPqA8m8KKvpMzwDpikTaOPqlsat6Rpz87Fs4MMmeMgFo9/QTpZfYafbmqT9xs4nyke/fD3HYqjqob6GMo+jz+FHSDrNoYpvewaFNF4rDRHYyWLUK4IBAKBQCAQCAQCQwgFi6DFlAHevd10zkibW/sW5NHNqkNDFw1zSV1QowLvZzfy65ItRD0xgVHWt9lzZiPjooYyaV+mnpyukJBVTL8BIzVfC8o8nQRMwK+bVIJGCVK6hRe/OwrYEeI/k37A18krCFVAvcJEVyHz9XdvSdesx/DBwP5AMQs/DycFtAoTjUJGe82v3zwWOAClO9XlqZU3empfc7e+/Q3Pl9+sQHlfn7Wu9xlqYttiGpbaCv109YLBZNV3678GZOCrQJaWptfAgB7H0ly/M4+9hf4bdFM3dJ1qOlZMoV7JIpQrAoFAIBAIBAKBwBhCwSK4N+423VA3/kSwhZX+Y0tLuHounrOaK0pS0uMBOZ1sf2N95BiCUuCNOVEkRmZSp3Zt+fr0ccobF1qcQVQ1BD6m/Tzz4R+z6dZvOL3q0+hYpUg8xktjA3lC95TDRI2FiUYho6ab6ximDw9oUOxUjcJEq5CpJ8BvJhMf1XVBqVfeNKWra28gj4TTRVpp5EZjv2wg0xLO6b3HFBy7e9EP2H1Cx2KnOp9TpSZmUHqa87cAKjh58XSLy+/TZ6C6zC/ZqQ4OfPb4t80EubXQWNTsTzmotma5wueJ8eqzvXm0g94bwVzn3n/HcrFaSUHmJ/wzX2fENBkrphM6LFQoVwQCgUAgEAgEAoFRhIJF0OpIVhl5bNi+juQSZaPjerOMo4xfFcq3506ybdOLzM2Hfv0WMLKDDZTl8XXqPObs/hdpuSf57LsjnAP6uffGDig5F033IC/Wnyvh4tkjQH9GNf48s7fu55kbKUFcBuHdoR/DdNxHpg4aobUw6eDLX3QUMs/27Y+zh49OPA8nJugoTBoqZHri26MLA3s/qc1AR3nDrWNMW+TGpN3H1PdO4nkg6vMpvPfvI6Sl72b2xkjAiRlD+qHPiKW60f/10sGbV13g6rm3mLRtN2nnDrE4dCpfA1g2cy8AJxj2th9DFw9kYX4TtZbGHcfQOcf+E5iq/nfojqfxXO5H/9gvm9yj25e0H8rb/pLy49y593gkyIvuQU8Tck0qP+SlV+llqN3th/Kmr/re/Eg8FvXBbbPa2khNk7EiEAgEAoFAIBAIBK2IULAIWowhVyCndpIzyMDHJkkWJ2c2EnwwvdGxjptP2U7GfTSVuWey8eu1jG9eew6wZf78LSxwsGN78lv4Rk1lZuoh/Hot5psXR0j3qSq5Sjm/3qnhyPFDIH9G88ndwkuJ"
11:15:14.551 [Forwarding screenshot on session 7836b5d0-bd7a-11e6-9730-e5ec4f8847f6 to remote] DEBUG org.apache.http.wire - http-outgoing-0 << "nMOJ4b27NKibrhJktpcvAH6Pj1af6cnkIboWJraMHTZBcy3AszvQm2fd1AoZ+cSG8VQ6+DLVpf5aAAPbg2PvoZp4I7P9GroH/VYNJXfUFkDth/LpkvVMtS4mNHYevltXsKe6J1GztvO8I9g18YKxlM61t1HHYGnoPqPtG0cWvHWID9yc+PrUCnw/WkBUdU+6Adg/jE2Du7R5OHot5IuBaguP6mJSbvdnQa/+9UWr0VqLWLa10H/O0ovtb69nqvqec6XFjOr1As9r4seo79PpSwD/aV9weOQEKRgv5eovAvXkg5e+IfIpySqoXiZW7Ro6H42ctY/DI1/Az1rqi1EDl7F1oNZapfFYEQgEAoFAIBAIBILWpE1dXV3dH10Jwf9FlJTfqsGyva16+15/XM365YNYzgJ+/eBNKCmCdg/j2L5pnI3ym0VU3gVLA9c1aXgY5w7q69UlFFSAq+Ofz0qhpOQKtzCns2OXZj8h3BLKbxZRegccnLpg13xyAJQ3i7hxF2wcTb/HQE4UllyHtg44d9AfRNfQfSUlv3ELTJRHCRvXziCeLjh3HEH4nGk4UkL4qkEsV0C/JzaSMsmz4VgRCAQCgUAgEAgEglak7R9dAcH/VWTYNVCK1B+XSC4e1VL0UUfHLnrulbDr0PzmvkkaS0dc/3y6FQAcHbvrDYR7v9h16IKdodglBpB16IJzq5Quw9mx+z3d5+jYpQXysKSmLI/DpXmQf5QjOTuxuZ1HfRSbkT08TBpPAoFAIBAIBAKBQHCvCBchwe+OnTnGvzEsELQYW95YLLmWAVzVKFfsWDByC+8/1f0PrJtAIBAIBAKBQCD4X0C4CAkEgv9TKG9VUHmnkuq2FnTs4Niq7lYCgUAgEAgEAoFAYAihYBEIBAKBQCAQCAQCgUAguE+Ei5BAIBAIBAKBQCAQCAQCwX0iFCwCgUAgEAgEAoFAIBAIBPeJULAIBAKBQCAQCAQCgUAgENwn4jPNgnuisjCd+H2HyMi9QsWddjj1fZLAlyYzQG4JVLI/cj2q0QuZ1Neh8Z0618yNpIO8/dF8dqkbSxYPIzXmY07dBPMGKVSo2g9kYfB4mt59b1QXHCFq+09MWhFEz8ZfOlKkEhl5hB4zFzJeT30bZqQg7yr07ClvpZqZRmVhDj+bP0pfuSV5iTF8luPEksXjsXkwpRntvwYo0omO3E1mcQU9nl/Mskl9H0iNWoJ2fLVcPnmp+zmQkEJO8Q3a2XbE48lnmDbFHwekMRSx/QKTlgTT14SMTe2n36tv771t2vHwrFU6Edsv6U9XXcD2iF3YTzJh3LSk3kdi+CzVnBlLZjeduwYoTI3l0yMFmDdcWFCpOjDpjSCT+q8lVOYlsv6zFB7xm0HQ6J5605Smb+et3fB+1GzkANUKkr/dR9KxsxRX3MHWqQdPPzeF8T6uDe4z1m9U57E9KpZfG6+gKhVdfKfzkksmC8JyWLx1JX2blV0L5r0R7nn+6YyfZ60yWzTXDFGQngoevri2MA+jz4vf/RlQSaLe5+SDG88CgUAgEAiaIixYBC2mMieW2SERxCdnY+HshVcPa3LT4lkd/DeOKABUXE3LJu+GSs/dKi6lZZNzQ9VMOrhxNZPctKtUoeLKqQyyMzK4dOmSzl8eVxRVTX5M3g+3f7lARm4Kv9xueq308mnS8rO5Wq6/vloq2fW3YN7Zm9uKNTOBynSWh4SyP7cMgBs5SeSmXaW52t47xvtPl/SvdpCcf4OOPXvQt1fnB1ajlqAdXy0jNSaEd6J2kpZbQ18vL+QUkxwXTVDILkqRxlB27klMEItUD1P66Xfq2/trm3Zu3/7lkuF0t3/haHY2V5qdRy3jxoVT5GYf1zt3DfHz6WNkZ2eQkdHwLzs7hesPYOKoblwhOzeXU5duGEhRwMcRCXR8cpCkXKGAyLnBRO9J4gpyvLx6oMrNYGfEEsL252nuaq7fuH2D0xnZZORcarCGXsnLo+hGBZY9hzHEIpvwLammtEJnDb937nX+6Y6f2zcukJ2bbPJc00dlegxLIjbx8z3kYfh58Uc8Aww9Jy+RnZdPK083gUAgEAgEBhAWLIIWUsCW8DjAmeCocPydpdd207J2EbQ6nn9+eoQRy7xABu2trACorgZLzds9Bxbu2g6WNkApyMCisYZEfYO1VTuQmWMOmLcDCGD9tqAHZI0hYW1tBVjoV9o0fs1thJo7YNveqrWqZRoWcAet3H0X7sJ7sSUmvsy/N/T1n76qmd8B2XDWrpz9IGvTIszN0YwvU6nMiSUqqRCZRyAbwqaoLaeCSY4OITo5nq/Sn2GyuTlgh5W1dE81GO0Dk/rpd+jb+2+bdm7fTjdH3zyqBiytrbGTmtSqmJu3AzrQ0bol90g1tPUYy8yxHqCSdqF375rTrwX5NEv9mmYtldfOQDLFkViycWbFRMnCKzXm/5GmhMEz17B4vNriZV4e4XPfIWPnZ+SMCqPrT833W5CHNH78F60n2Ef/Cjpxjj8JUbtJn+WLgSRqdNfwe0DP+m7yrTQcPw4+wezaPu+eqwLqjLDA6h409caeF3/EM+D3ek4KBAKBQCAwjFCwCFpEZdZR0pTQf+YijXIFwGHAZOb6X+SUFVQC5haQe2wLIRFpFAIyuTevLgvB1/k2X61aRU3g35nt0zDv6sJUosI3kaFQgq0bHrYKsPDUJmhn6BdwKbtC3qJm2j+Y7SNtL7J2rWTd2V5sWDuda7tW8s9CV9xvHiU5XwnYEjB/BUEjXAEF+yMj2ZmWD8hwlisBU0y6S9m1dBUFLh6UJidr27hyGXbfR5BQASRHMOPaBDasnQ5Z+1m7bif5SgAZ/jOXETy+L1BK7MpVnMCaG7n5KJ0nsMj7InsN1reQ/dEx7ExWvxmVyQmY/ipBozuza1kEUrGzUUxYwYvm3xB+2pUNa6fjQClHtn/M5oRs6T5bD+YuDWF0TweyjMoHchK3s2lrAgp1y90GT2Xx4kkmSQkgfftSIpIqgAQmzyhixcaV2J6N5cNNcRQqAWzxn7mI4PEDqMzZy/LwbzHvCIWFFbhNeB3Pi19wsYMbt9KksSTvP4FpT8G26HgqkDbHK1bMxtUSqMxje8SHJORKtXX2DuRvy6bgrEfOCzzUFVQkszR4K24h6wjylVpVmr6d1yMusihmLT46XhC5KccAOXNDpjRwS/OfNY20a99gXVUOVgAKvolaSUSG1E/Og2eycvF4HPTUY/GTBWxU95O17hzQyHoY3xntW0Njom+zfatLa7Stfm5PbJR33pEY1m5OkvpLLqMCkGZ2U3nERE0mNzaKqLgM6Wbb/sxf8QYjXG2Mtsfd0xmSLOhs2bA8kBMwV5KHIdo5e+PvO6DRWaluB4o7sOgfYfg4QNauMNYl5tF99CLCprsTu3IVh2924InHrElJyECJNOaWLZsizY/SLCLDPiStsAJkbvgPMqZWUrBvdwZ4z2eAJUABJ1IU4PoL9S0AACAASURBVDyBeeN13Ikse/Lyq2O5maDCvMbEfjMBB+/huJHMN9/n4TNev/tSvVy0a7iDybI2vr5Xk2qgz8Hw+KnMieWN8HPM3yD1T2FqLB9tilOvs7YEzF1M0Oi+VBYks+XDnVI/ADJnb+YuCuGxiq9YsDoJgIjZSwmJWYuvuaE1ROojU54XObFNnwHlqfrXvFbH2HNy6etkuL1KVJCvdKoynZULPsR10Tpme5QbbHfWrjC2XDTHujiD/ApLHu0Mld1fJnrxCCmf6hzCF4TTftoHBI9wbv02CQQCgUDwJ0K4CAlahOp2FWDLiCGNN2iWjA4OY+XsEdggvUkrTEvDZWowK4IDsVNkEBXzLdVAWbGCMlVje+VCPg6JIuNOT+avCGX+EAtyC2n4qldxnK/2J7J//37279/P3r1HKKyWLpXdqGiQZ83tYpTFZep/36QwI4HMDqNZsiIYf+cKkjZvJqsakqPD2JmWj//MJYSGjKNCgcnU3FaQnZyM+9RglgRPkNoYvZ9OXn7IAZnHWF6d9gRtC/bz+uqd3Og+lhVr1jB/bE+Sd4YSmVwIwO1iBYW5+XiNDcDf04WHjNT3SHgIO5OvMGH+CtasWcLYnndI2rqJ1EoHhkwc"
11:15:14.552 [Forwarding screenshot on session 7836b5d0-bd7a-11e6-9730-e5ec4f8847f6 to remote] DEBUG org.apache.http.wire - http-outgoing-0 << "C4DH2Lm8OMyNqrIrGhmkx6xic0I23oHBrAkNZnC7XLa+s4pkhXH5VGbFELo1AfOAmYRGrCE4cDD5aXv4PNV0QbkPn8ZYDxnI+jP31edwuBrLkqg4bnQfy5I1ocwMcCJ552rC9uehqipBoaygsNCJsQGDeczNkZqbCnLT0vCYG0LwVG8U2fFERSfyxNwQ5k/wpiI3ga8zFICCmDfeISHXmplLQgkNCUSVEUfIyr1U65GzRj0od8dFpiQp/jjScKrm+DcJKOW9cG8QYqKS/HwF2Hri2Tj0hI0Py9aGMd1fOy9yM2DukhXMn9CfwrSd7E4v1dvfdZp+KuXzd6PIMPdjRUQUK+b6k5+2h/DYX4z2reExYbxvG9I6bdM3tytzdvHO5iTaeQcSGroELyTlUX2qxvK4GruKqLgMaayuWYK/bTabl6wivdR4exw8XyYi6q84VKaydnMSHcfOJyJqDVO975C0NZTkUgMDFCg/u5vIyEgiIyMJDw9nl3pult1UoKy4qXFjqbmtQKlUcrNMpbleocglKSEDJw9nZEBhRhyf7C8AFES/tVqtXHGmv9MNkpONuIxUXuZUBQwe3E86Lv2FHCV4DH2iiTWC3Hc2a8OC6Gljer+1A66dPEiiev3cv38v+49koRkKln15uj/k7juKEVFJ7a7vZ5NlbXx9zzHS58bGj6qqhAplsdQ/hftZHhVHsVMAS9aEMnVwO5K2hhKbl8nqJdGkqfoSErqG0JCpdCzMIPrDfTDgGeZOkDStg2cG4uFgfA0x9XnRtfEzIM/wmtfqKI6yO3Yve2Njia3/259KJQ70crOjMCmeHHWnF3x/iFylBe5dMdrumtsKFLkZ3O7uT8Dgpxk0wBFF2tekVqqLPJFIRgX06CWUKwKBQCAQCAsWQYu4cV2BYQN3Lao7IBsczOJJ/gDMOnuYiJPFlBlIX5l1mDRgwuIljOhrCQNWUF4wnT3FuqkqSNi5VedYTqdhI3A26Ceh+yZvMO8tm44z4PHXXJJXn6LstoKzJxXI/EMIHu8D+PD+nSKCN+c02z7dNgar20juUSJSrnK35ywes93KcbknvgN6kh7zIUpsmT7jWTpZqXCZOInBx7NJ2/c9lf7PoEItq9lSPukxXxmobzUuT81n/gg3Rvg4UaoowaNndxKyFahU4PqkJ/LoBOSevvR1tiFdI4MCjiQpkA0OZtkUqYzFH5gzZ3YUScdzeM6gfMCikx9z53owcLQ/9qWlWLl1QUbL3DscXAfg7WxHwpVH8PUdQG7MFsCbv4fNxhWg5wqq8qcT9+VRbi6S7pm6ZgWTeloCpcRsk+QTNNoX6Ezangwu+b+qPu5Kerz01rs653uSKsAjcBpD3DuiYiTTxp4gKuFbTpQO0yPnneoaOvPsCx4k7/yWE6WT8CeDfbngPXdUo+DJVZTdAGpumxT7ZGpEGKNdAR9bUuOXcC3/F/DpbKAe0lhVAdwoJDf/F4b4TCPCdRTmHTvjbF1loG+NjwlzI33b0L+oddqmj7NHjwKDWam26uj7wRJyZ0dorjeURykxc6LBeSxTRnpiXgUT/xpI8uo4TuaWMshYexzkUpBS9eb+RtFP/PybG8NeeY9+N6CbkXisSkU+aYp8zXEGg5nu76lZQbQrSUPrgPqjwcHRLPaXkxodTFSygitXfwHFHTIrANxYsnEtPjZwJDKYzWn6d+WV+blUYIu3h7xB5nKXjoYr3oJ+Mwfyk+PI1z0pD2DIiAGaoeDwiC20ZM+vLrQ5WRtf30tJOZxvsM9Vp42NH3PNf9MPJ6LEg9C1QfQFfBb/DVXMcdza2uIydy7mfX3xcQRFiQpvDyi8UkIVDjzm6QzxNxk6zAfrnFgja8gQk58XNj19mzwDDK15peN7tlqQdgklSQe+RqZErYpSgnwsI8f74vPseGRJW0k8oaCvvzmH92WDx0yevPE90QbbPUkyXMObZSuDJUsexRH2H9rMke8L8B3vxPf70sAtkGFCvyIQCAQCgVCwCFpGRxdn4AqVVdD4V6EiK5lztzvyhG9nqIGefbtqL5pL/zFkvKyqkSxj3DrX/9S3xN1VDld0EtkGELMtyMQfo7pKoDsgs6beG15Vo67SzctkKqFnN+0Gxrx53ZGWxm2UcsAclXrfodKcAwVb3wluVMXb0pvXJvkYqC+WdO4IsR8uYXOEbkZySa41Ku4AqKpA95135Q0UwKAnPbTnbNx5whZSrtwAa0PlgaW9HWWZWwneGt28PIxQI9WswSZQOxYs8eglB40yTU6nzjq7/xro3r1+825HBxn06F0vLys6yOA2cLtcUt/lxq0mKE63dGe1fPT1l4TrsOeQ74wg6XgBXS0SqMCZsU12C3Ie7SEj6ZK1nnFcTdaRFHDzwgUAWzrZ1V+zo4stHC0pB/TMDQ0OTFs6n8IPNxO3OZc4AFs3Zi5einNXA33b3JgwOJYa00pt04MUG6VG2/c2Hniq+wxoKI/KaxRWABUJLAlKaJDPtdzLDDKlPQ6+LJp5mg93JhGdLbl/yPuPZdEbs+lpIDCF7eC5vP/XgaiqpFqaWzmiU8NmkPOkp1zdVm2MldLLFyS3GVsX3NXltjOimVTVqMvWNMYcWyD39GUa+KkBVBaQfOoX3J/wNanfBnSECsA/JIZgX8MrqJ1Td1DmcrkSHEwJ4mGirI2u7831eXPjR1PIHbD11BmFrkwJUrs55iQQGbKVhlNEeh5JY+gOKlUza0iLnheNnwHq9Jp/NV7zWhFjz0lnX0Y7byX+4Ckq3S1IqoCA+UO4Xf4VYGTt5A7IOmjmHXI/nnXbzJ7E45QOceFAIfiHDHuw8b4EAoFAIPiTIBQsghbh0PlRbEniyy+PMLre/xoABV+tiyZZ6U0v31dQAdY2doayaYK5hRVQwbUb1eAg/Uy78Wt5E1MJQ29pzYFbd7THFTeb3tuEDl3pK4Ocq9oYBebmpke2NNrGGjQ7JZWqAvAg9Ksw6iMT5KUeoUDVCfvm8mlAIVve2Uy2fDBLIl7Cw1UO6THMjjjVMJl5o8CKNnY4ACdP5BKsjjFC9XXyK6Bnj85Gf+Sn//Nd4jIgMCSUkZ59cSCdObMjWhTwtzEq1Z0m564XKQAP7mIO3GnQ0SqgQ6eODY4tdOIMaNRY6gCiAUtiCFJvSCsL0/k+swp3aziNETnb+DDeW8bWfdvZTi6ywfVxMBrSydUJMpLYlz5ZE+8HgIJvWb15D7YBS/jHY3rajHY4Gu7vUvJ/gRdX7qKvVQlZp0+xe+sedkbuY8h6tXKscd+aOiZMoDXapg+pv3UDgeaTqwR3nfs18rDphFwGuX3n89Wy+vgOhRw5nENHLw9qvm2+HdWledyweoz3vwrGvDCPzO9j2RyfwIHTz7LYX3/koHYWNsgd5I2UxtotfP0Yq7hd0XwF1Di498aWZCpqbvKLelkzZmVibmEO1HCnPpGNB95yiE86RE6QD7pRTbK++pDohEICXbzpZ0K/bZvWuCX6KS++ArInNAqh5jBV1kbX92b6/PY+4+NH0zIVUHGTcuq7sZS9kR9T1KEdPxw8iVvAXN6b6IOz3IHkyBlENzY8MW9mDXFu4fOiwTPA8JrX6h/3aWcscLANIycOJj56H+tjALx51scB8yzja+fPTfKxZNiEAPZEJfLJxx1R0p9RvvrnlkAgEAgE/2uIGCyCluE8gjkBzlSkbSYkchfpOXnkZSUTvfRNkpUweP50tO/9G/90NPxT0maAH/2BuE1byCosJS95O5szdHzt1b9PDf5wtICM3Z+TVaggKzFauredbokqPaU70revjIrkzcSm5qEoSOXjzUmY4gJluE0qVDjwaF8ZFWePkZqnwGPoECCXrZH7KVCUkpO8nXeiNrM144bOGz99+TSmStrydehCVyd7qvKOEBEh1VcFmi+gXDv9PXmFpTr59MTXW4YybSvbk3NQFOYRG/Eh+UBPzSeT9ZVXX62OdOraFWtVAbHrN1MBkkuILtUFxEaGs/1I8/4FHoOeADL4f9GJFJaWkrU/kq3Z4Dx6KI4G72p+G2IzYDj9gaTNH5Ocp6C0IJX1yyPYuTOJco2gDcvZd/xoqMgltwLGjfPTW0bfKfMZLIOEiNeJ"
11:15:14.552 [Forwarding screenshot on session 7836b5d0-bd7a-11e6-9730-e5ec4f8847f6 to remote] DEBUG org.apache.http.wire - http-outgoing-0 << "3ptMXkEB6Ud2EbxkD+DM/Gk+eu8Dab9luD0qVJTzTfRmQsO2kFVlhZuHOx0AOtpjbbBvmxkTjdpojNZrW0M8Bg0B0ojefoRCRSGJ0bspbJKqvoZyPAfZQsY/iTmSQ2lpIfu3hLN551YyyrVpjbbnl1Ns3hxF5PZkVHbdcHN5RDp/DzpBad1RsDUsnJjopWxOM13BgrwXfWWAMpvQv4URHb6U6GTDsYts3DywRcmFy/X9a8OEVwOBbELnhLE/NYuCghz2x6xkdUIheExlYk/L++q3Ju1VofksWN6R7YTHJFJp7AYTZW18fTfe56aNH/AcOhzI4MPoRApLFaTGfsyetGzMbSUlSAcnZxztzclKjCY6Tald5iXNDLmncrAwuoa05HnR6BlgZM1rrJaoLkwlOiycxDxJ8nmJuv1QyZGYcGIS9a+zKgDFaQ4eSebIkSOav8TERLIUUuAVuf84+lNBdm4FboHjccb0tVN33jn4jsIbJRnZhcgDxmAsLLJAIBAIBP9LCAsWQYvxDfo7KvOP2ZoQT0RavPqsnIC5ywga4QyUIr2L1aUdWEhv33Wvaf/dkzfWzGXVO1tZHZIMgAxQdrTHCnMcnTBiaeHAszPHkhKdwOqQNMAWZ1soNK93JWgHdlaNfvO3AywZvewDila+S1zUO2gto43vxOytrQCV/jaqy3Hz8oKMNKLeucmar8IInVlF+M6dLEmT4n7YekxgxUJ/w7LSW9+ePDfVm+w9cQRPl2rrMdgbWVoGZ3MV+Pu6M8RNRkLSTsJu27LIWpvPiGUf8EtYOPHRoUhG+LaMDY5gSk8b0o8aKg/6P/sCbslbiQ6ZTTRg69YfN1k2+ecuwpTO2rrX3OBEWgY3GMzsEfp+arfTmDk4+ASxYuptVu/ZSkiyFFPHefBMVk4fgHlWBo03LI3lY/jYlSURwaxeHU10vTuWzI25a5bQExVH9crZXmP2btN3GN7Ek2EbwLCehozdXVm8YQUxUVtI2hNN8h51Mc7eBC9aiI8NVFqYN2kDgJ2VNl6E/v525ZUlgYRFxLE6WJoD2PYn5LVnsXQoMdC3xsfEIINj6UG3TZvOwWc2KwJ/ZXXcZkISAJkcmSZNU3n4B7/P9VthxG0OJUl9znvqEmb3tSE9pfn2WPadTPDYi0QnRBOcILm2yb2n8pKxN+x6p7wDE+dP4FREPBWFGSQVyvH2diMjIx9re2u9N1tZt5fOmJsDziz8IJiby6PJVWSTrLDFzU1Ofr5CvwGYTWd6AJmnc8FX+sqLTd8pRIXAR9vi2BmVrUnqNngqry2epFbQNt9vVJqboDbO40hyBfIATxyAyxcSyEj2RxU0Wq+4amiJrI2t78b7HAyPH3Od8WgzYDqhM38ldOdW1EXQf0IIL//FnfZnfiR+ZyjTdwI44+3tTEaG5Arl07U3ziSTsDmUqnYxRtYQS3q24HnR+BlgaM1rzO2fT5OcnYHVGEmdUX7lOBkpXlQFjcYGFT+lZJCieoqg0Y3XWXPsrWWAgrjNTV06BwcPZIBcDvRkzFhnshNUPDOs3i7K2NoJ6XrXEVfGTnAjI76Y0aP665WBQCAQCAT/i7Spq6ur+6MrIfizUk1pqWRGb+3g0Er+19WUKsrASm5aDIAGt1aiKKvCyl6OTQsrU1mqoAor5C0u1Hh9KrHAxtKyQf3MrexxaGkFdaksRVGluqd2VpeWUqYCe3lL+qu+T4zXOz0mmA9vT+Ozxb4mZlsvj3vo62YoVShQmZsjd2hB+MjqLJZOXw1T17B2UvPvY6srSymrUoF5K48btbxVLcn3PsaE3ho8iLap+9teLjdp7Elj9T7a1FrzrX5dkcubfM3HxAwoVZRhbkI7ChPDCNl6ixW71jZxUassLZUsCMwdDM6X++m30tRogqJyCYmJxtcBKnO2Mzu0jOivFjf/SXaTZW18fTfa56aOn/q62MvrvZGA+jXe9DXB2Bpi8vPC4DOg9de81qIla2di2Ay2KoYTEz27lQP1CgQCgUDw50UoWAQCwf1TnUf4slieWrkSIzE0/0upJjFyGVvTCgFnlmyPkt76CwS/O4WETw5BMWEFUXqsGx4cCmJmBHPKbwnbgiSXoqztYRzrMoXgJpYSgv91KrNiWb4uDoVS+wUtgUAgEAgEEsJFSCAQ3D+WPVkWtfKPrsU9YolzD3fcFHL8pr0slCuCPxBnFoZOZfUXZ1EwoHnLkVaiuuAU+U4BrAjSxmsZMHslv6eKR/Anop09cic3PB6bwDyhXBEIBAKBoAHCgkUgEAgEAoFAIBAIBAKB4D4RXxESCAQCgUAgEAgEAoFAILhPhIJFIBAIBAKBQCAQCAQCgeA+EQoWQetRrSAvT/FH10KLIp3opSHMmTGH8L05rZ59dcERwlZGk1Op72ol+yPD2JtTSnVBouF01QVsD5PSoUgncmUYiXl6M9RLYfIuwlauJGZ/DlBJYkw4K8NiNGUpsvYTFhJCcHAwSyP3Y3rOvwdaGekjb380K1u5zgXpqRRUNl+26bRWPka4j3nV+u19QLSgjQXJu1gaPIcZc8LI+p0GdF5ijMGxaHwdoEHbjOWjD23//W9i6hrQON3vPu511/EHRGXefsLDwggPD9f+RUayPTZRM0aaHYtSTv99a8HvID+BQCAQCH4vhIJF0EpUsutvwbyzN/eProiG9K92kJx/g449e9C3V+dWz//2LxfIzj3JDZW+qyoupf1/9u4/rsnzXvz/a66BCCUotYu10VNwxewwYJYPtlA39AOW0dbp4YtzOmr7ZXbYNmsL3ZAewXEEN2SdtF1a4RRtR6keJg8n08qwOJtVjZWTOqCskU6wNbWm2ihJwUB66uePhB/hR0TR/th5Px+PVsh95/p1X/cV7neu+7qbaT3rouvDd0ffr+tD9jc3c6LThe34mxjNzbx7tnvMZXi/5TDNZjNH3usEunn3gAlz8wFPXjZ2PltJs8WC1Wql/Rz4XVFNr5WBNhrJ2feOYja+x9hbwzdHYzk5JZt43+XO+z1jM22j5D12Vyud0Vz5eXVt6nstXE4dLfyxopb2ThXht37jc1ul/ey7R0bti11n36HZbBhlHPCum690hr3T6/j97zTWMWDwfl9Ivx80jl8rrrOnMDU302qxcs5qxXruHJajRupqKsh5fCMdXKov9qf05RsLPof2E0IIIT4v8hQhcdX0XgDV9QFfdDH6+SkugHI+G/Izrk0GCgUQTECg+9cewL9/YwiPVG0B/yC6GhWAH4ohb+8B/AMDCcYd+Ai56V9QXnYR3KlOBGAS81euZJr9OmYGAnxIux1AjU6v58v3sIeBNvLS0wP+/gQGTASlYli7XTE/9/8C+hJUwvUBAYOzvDJK8LtqhRzuis+ra1Xfa2DMdex5n1YnxGWtIzv+83vck0IBqAIIgKEnOiGxOqq2PDisG/cZXDfvdC5xEIYev/9NLnMMUCgY2O9z7vdDx/FrRgGg4tHflhI7qA6HyrMobThKmwWSL9EX+32JxoLPrf2EEEKIz4kEWMRlsrFr4wYqje0AKNUxrMzNYsrBEursgKGE+04u4pkN6XxYv4VNFXX0TfwPi1tGdnYqaqDHcojS4k2YrE5QqgkL7uTs5GR+U5hOiKONLSXPUmd2v1MTk8YTuUvRjFCaHmsjL+jLMJjt/fs+mrWUs6+spqTBDtSx5L4PyHs+n2ivPzot7NKXU2nwfGuuVJOU/hCZyREjVLmJ8tIXaPCUp68e7r/frfypNJ8SkzsdTdwK8rMXEoKN7WvX0pu2jsVDkmvbV86GsgbsgEqtxA5EAky5AYBvzVR7t8+QthtdF8eMf+Ev1snMjJtK1cMFtHvKqP/5Tzj56G9In3kS/YZnMbgjL6Om62jdwZPFf2HyLQrMZgsAUYuyyEmPxx8b1flrOUwgZ83tODWLKC+9m6NbnqOsrtmdgErLytVZJIdD1erHMIU9RGlmvCfxRvIffpbQR/Pwq/kdvWnryIgN8a6zKgytygp+kZ73jN4nxtJWjqYqHi5qAKAkYzVZ5atR+IH5jRfIKjFiwd2XH8rNIl7jD/RwqLqU0hqTpz5RrMp7nMTQ0a5c3L2hrV7PhgoDty4rIDc1AlvT"
11:15:14.552 [Forwarding screenshot on session 7836b5d0-bd7a-11e6-9730-e5ec4f8847f6 to remote] DEBUG org.apache.http.wire - http-outgoing-0 << "LjY8VUm7E0BJwopcdAsjaNtRzJpXoeDpXCI8SRr0WVRY7+D5wqX05dJaPfy86jxUzbObarA4AVQkrHgU3ULvB+peu/raqFq9lo7pWmwGw0A6+bnEq/GRjh+7ip+g8l01Ob/JJzYEWncUU7DNwvx5KvYPqWPISE3saCI/oxQ7YCzNIKslhwcC/8wLxxQEnjLRbleSVvA8czr3jNI+Nqry13JschifGN1toI5axPLvwWZ9rft81KaQl5dB6LALzolg389a3X4sVicow1jx89UsjA7B0VrN48Vvs+qZQrQf7uDJ4ldRTAGLxc7Ub2o4PahuGWETwX6QktUHMbfbARVJq1aTmRh+ieO3gRjXyGOdd1ltVK1+jMPqB9BnJ7pf6mml+OFirl/+a3SJAewb8TwNoakqn6daZvW3v6N1B48XH+XR5wsJe38HTxa/gSbiekyesS4sbgWrsxcSwiXG8yEt2TrWzwWvMcBGVdYv6F3+GzJi3SkOLm+frqYq/v0y+v1onx/uNrWN2lbgYxy/xly9eAX4Yu7QQkMDH3xsw9H5Wn9fjA0By6FqfrepxjP+qEhamU1m8k0+26SpKp+XOjRM/+QAxnYnqLSsWJXEe7/XY7ACyjBW5q4mOSLEZxs1VeXzkiWUmef2Y2h3uvNflUdmYugX2n5CCCHEtSa3CInL0la9gUrjWZblrKekYBW3WE3on3wJ1ey5qAGlNoWHls/hYlM5BRV1KJJWUFCyHl1aHO3GbbxyyAp0UJpViulCOKvyCtAlq2m3OrGf6sKFlfLH11BnDmRFTgEFWWm4TDVk5e+gZ1hpOijVlWAwq1iWVUDeqkXYTTXk5Fahnr+cFK0SlFGsfOgHTB3y1di+4iwqDSdYtCqP9etzSAm/QEPFJg4Nu3fdgv4XRTSYFSzLKiBnZRLtxm38e3lj/x5mE6zMyWPVoigsxkq2NrrvIz9/ysp5l/eUZ0drFWvKGpgYk0ZBQQ6zcQcFXABB8TxVUsoctY1XflmKSTGXvJJS8lYm0G7cRnH1pdeROWNpx2qxcP7Cp+4/xPs4oZf32fhYEYZ2OyqNFq1aSbtxG7rCXcPa1tV9BqvTivlECLqC9WSlxdBcW0ppvTvY0nXKisXczuyUJBIip2MuX0tZXTMxaTrWF+iIm2imYs1aDNYQZoUFY2mopdWTScfrf8bs9GPmjBsHtZGF5wb1iVV3+mG24Jma46tPjK2tgqLvZuUiLQBxK9LQhoBiIliMRqYv05GnSyPYaqK0/FV6gNbqtZTWmNz1WZ9DgqqZspy1NI6yREBgIFjqi1lTYUCVsIqs1Ah6OnbxWFElZ29JIW/9elalhGOoLGCjwUL47Aiwm9h1xOLpGI3sNFiYNns2g0MaM4acV9e1VZNTWsPZW1LIWV/AiqRpGCqLKNzV9rnVt7fLSrPBwMxlOnJ0i9zp6HddIh1/Fv7//4bK3kxJ6Q4sbTso2GZClbCE+xYkeNUxcOQmhqAwfrQqCQBtykoemD+T3i4rVrOJrlsSSIqbT3jvHp/t03vOitloRLsyC92yGKzNtZTq65mzMotVi2Kwm+v4o2mktWAUgBO75l4K1ueQMKWdyqK1HLK5zxW78xTd9J03diyWaaQkxREbE+dVN38UgJ1T188nJy+LpLBeGsqe5dCQdh5+/EYf67yHrBAiI6dgNf6xfyyzHq7HZIdbZ2loHPU8hd6uUzhPne9PydV9CrvzFOddffWyYPKMdStTtLQbK9neaMP3eO7N4fNzwdcYAOfP2r3G06HlBQi8rH7vu019tZXPcfyasmM+0khTYyONjY0Y6qtYW9QAhBGjDfHqi1h28WRpDaemJZGzvoBlcRNpqCiguq3X51jQ23UOS3MD7ZPvJSdnBWG9ZipL9BzXLiNLtwyNs52KHe7PP9/96RwWUx1HJyeTk6cjQWOnoayMpp4vsv2EEEKIa08CLOKyXHD1Ar2cONZBd8C30ZWsZ/2vlzA9PJ7bVOCnjiQ+Opzrp85l5UoduZkL+WbwFGaE3YwS9xRgR+NeTEDa6nwSoyNISM9nVYz75piLra/TYAdt2nLunDmFKdoFLE/RgPlVDg+5CHG0HsQELCpYR2p8BNGJ6fxqVRxYf3JBZQAAIABJREFU9tMRHE2MJhj4BvHx0ai9vuXtYfr3VrEqZx3piVqmBN+ENvwWAFxD/8KzHuNNOyTl5JMaH0FsciYFKxdx1y1+9MUvlpUUkhwbTWJ6OlHAyfYPR22/lv37gTjyc5cSERGL7tc5XjMt1KEagvD8oXnWgrn9Q26IXU7J+vU8sWDGJY9P36x4RWA0+RV9aavJ2rKZxbyJ0QkQxaP5heTlrnTPCmr+C6ZRAgfL1uWTEBFO/NIs0jRg+vPrODzlU8bpyM7IRJcxg782WFHG6chdmkB4RALZv85ChZWGg63E3rMQJe3UH7YCNvbubAbtYq9blhxNezECi7JzSIyOIDEjj2Va4AL0XqJPjK2tQrgtUgOo+e68WEIA1wVPHVITiE5Yyv0JKjhxivPYOLC3HTQpLF0QSUDATBY/kAZYeNM8vKEUfnDgpUKyKkyELcqhVJeIP9C8tx4nKn543z1MDQhg9uJU4lRg3Pk6jtB5LNKAaffr9ACWQ3/GgppF87xnMgQNOa+O7X8DiGFdYQax4REszMwjLQya/7Af75Jdu/r2paNLTSA2IZ37k1Rw4r1Lp6NO5D9WJYB5G1lrtoEmhV/pEobVcfS7FYKImHsbakAdGU90eN/ciBhy83VkZmfw6RHf7dNX9szkeBJSlxIDqBIeIjM5nsT0dGJGzdsFxPGr3KVEhMeiW+fu34dbrPSddYNvY1m2Po+MzGxWpKV41U3Rl05+OrHR8TywfC5wYYT8vI+fwsdY99aQQxS94F5UWNn3egfQw+s7jRB2L/M0HezzcZ4yrBbD67XCM9YlZ2SgBbpcLp/j+dBbe/x8fS74GANGNzSHsff7D3y2qe+2utQ4fi3VlZVQVFJCSUkJ+opa2sOSyCnJI9p/oD0UQOPeepxoyd2QSWx4BKnZT5CWtIiwgF4fY0Efd91iYxeSNlcNxJGrSyU+IZUHklTQ9i5WxtKf4viP3HRioxO4/4Ek4Cznuy79OSiEEEJ8lcktQuKyRKc/QZrlt9TUVmCsBVASk/YQWUu1nm+f3P/3nxTM+aMV6Cr0w9Jw76Fk6pSB11STg6EXujrdf+KZa4rIrBn8Ls2wP6Vd3V2Akuk3DXznH6Byf/+tAHo9f5kP/1bMn5umQPWzOZSVDH5dPSwP2/F3cKLmNu3ARPeI5HQiAFvjYUDF1OC+LcHcrIL9ZzqBkRfVVSgmAr0DZQrSEqmELq+9Qli+ehWWZ8uoKTNTA6AKY0X2ajQj3jsxii5Xf328A0fNFGUuGfS7fdRvDoP7l8XwRxuphv3n3d+O9kJ4hCeI4TiLFbj9Du3AG4NmMkcFB06chdR4kjUV1O45gmOmHw12SFp1p1c+rt5uQEXYTf79+c0MVcOJS/WJsbeVe0bPhYG2GFwH8FybKFA4TmKxA/Y6cjLrvNI4aT4O8d4JKyaC0+KeiXK24/SgJToUgJWKNTrvgkzsopsg5t0bR21ZPYetCzi5qxmiVgxNGnB5nVdeRfW0k3aWGk4Nfd+1q++wdBh7OprE5SRtNbj7wPIlnouqkes4ol6X+6x2dQNBwAVQTmbo6i2jtk8v3HJL37kZzGQl3PqtvroEMHnYudjnAqgnDaTrF8gUoN38Ptw2dF81U/v78dC6XQBlYH86Xb1D3ztg8PG71Fjnnf1c7gkrY1v9QWx3Tme3BRKy5uHveN/3eTrq1KE+Km4YNNZpPG3lazwfyufngo8xYGQTR3x1rP3+oq827fI9pikCxzKOXwsqVuk3k6juoePQdtaW1uIkkJkj3brougCqyEGfRKEszQwFbLw12lgADO2jQ3/v9bxBcalxP9D9vr5zs29GpYKxfg4KIYQQX00SYBGXxdb2PlMTn2B77o10tJo4uGsrtTWbObzgN+6/vDyLrja+9EtqTJCWVcCCyAhCaOQnGSX928HJx2d7IMT9x7T9XCf4gV+ge3tSTjmZnnvtHZZGXj/a7Vm4dRCXa1g67gsR"
11:15:14.552 [Forwarding screenshot on session 7836b5d0-bd7a-11e6-9730-e5ec4f8847f6 to remote] DEBUG org.apache.http.wire - http-outgoing-0 << "9x/9oy+MaOGFNWU0q+PIKfkx2lA1NJaTUXJk2J6BU24EDBx7v4fYCHcerTs28l+nInjw9uEpu/C9UJ/LdQHvBW/bMTthptdeNto/hB/lVxERcIamt46wtWIblRt3cufmjJHXpxiJYsQfgSjy9I8z3dXOa6+3oLgxDO2IF1feS+6+32GF4DsIwF3PwCDP1VZQMCHAm4fN6OI930P2nKbdDuG33gQEsWBxHLX6nTxdDhDDPbHu+/f7y+cXANg5OehYnv1oLH3CRnvLZbaVpzG86jBY0FTUSjBHrGJ7bt86Fhb27W1lymztsN1dnaBdsZ7MgN1klVVSWv9tcpNDcbnsgJaC7YX0rezTdmgfHa6pTAL85yYTVmZk54svctYKKQ/eOSxtwOu8cvcfb6c/sALa0cMTV7u+40inbcdzNLiXu6Ch5GnmVuUT4e9dx/G4VPu4gMmDIgEuwG+iwuv3UXUOBCzp7eIsEBE5A3hryI4XvBMab90UXHKs8+bPvEVJbCut5z+fm4KTKO6KVwOdvs/TUwPZuf/1HfDy3jryeD6Ur88FX2NAX7k+GXR4R8uj36X6va82DfQ9prneG8s4fm24u6s/ofHprPvYQk5lLWv109HrErz2c7kA+zk6wTMO2tix8TnORKeM3iaX41Lj/ghB34GyfXHtJ4QQQlxrcouQuCzH925GX/Ik1Y2nmDJjJjdNVgATUShC+GaEEnvLGxxqs3r++p7C1BkzCHR1UP10GXbct8+ExN5FDLCtsIj6plYMVYWUmZwwEQKj5xMFNJQ9h6HNiq3jEE8/WUJlZQOdQ+4dCImZjxbYtqGURosNa2s9G/RGUEYww2cUotv9Tdnkm5kxbRLdbfsoKWkAJg67pPAPn0MMULvxORotNixNu9i0zciJXiXXj5K6jy+l0d5+J2BEv2UfFquFev1WLMP26uRP+jIKCl+gqTuAMO1MJgNMmXTpL5mHcA36NyTW3bbQzEsvbmVn1UvU1NayrWLfsLZ1c/KSfgutVitNuzZSaYao5DsHrRHSl3o48TFKnMYKthhasVraqC55lnYg3PN4bHXCvURhp9lsJyxt4bAFi4Oi5xIF1Gx6gSaLjTbDFnefAPx89onLaCv3FQfmI62D1pwZesRdgJrI21Vgeonyfa3YbBZ2vVBMWWUFps6R23jyDVPQJD5CWhiYKn7LPitov3snYKZi4y46rDZaDVtYU1pGhemse4aLfwSLEtRYTCacyjjuih6p03qfV9rb5wAmfquvx2Kz0bRrIxXNoEn+7vAp9teovqOl47pEOj0duyjc1owqLovt5TpUNFNQsoueIXWkp4PqjcVs2dc2Ys4jlaWvNGNrnytZ6UEFzgaerj6E1dpG9dObsaMiZualbmwYUrch5fVp0PELvMyxLiT+LmJwYmq2oE76Pu4bzy5xniomgvMIew51YGnbR8mzBkabJeKVl4/xfHidYLTPBV9jgAvAD0xbX6HJYqWpXt+fh2tQ4q4h7ear30/22aa+28r3OO5gX3kx5fUj99+2+i0Ul9d71s7x3td728gG1yR0oXvMsRr0VDV5vyvyu/MBE8/q67HYrByqfo5txmYUU74xapsM/vlS4TXXGMb90dLx2X6Xff4LIYQQXy4yg0Vcltj7s0k4XkxNSY77dgyUJKzMJz4IOmbPBpOR0jXn+GXJDwkzVKDPykAPqMKiCFM20/72MViaSu6WPDaufYqKogJQhRGmgvYLLlyEklOio6hIj77v1gplGCvX5xA+tDD+EeSsX0lRYQUlWZnu19QxZOVnEwqcZeIo33CG84NlMTRvq0GX7q6FNi4GpdFEi9lKQvzgi6ZQskpWUbS2jJIso6c4SeQ/koDCfJyRriKCAwbug+/t/8m9X0hsBnlpH1FUU0ZWHaBUM3y1glB+mpNGYUkNRTqD+yVVFFk/u2fU9SkCJ3nCCYrBaSnou4lA4an34572ajc1uP+gVYaxMv/x4W3b51QdBTr37R5hCSt5fKF7ivlA3dwSc3/Nh4XF1OoLcO+tIkVXwtLwvnBMON9P0dBc5+LueQNPahpIx122tWsqKMpy11kJOKdMIsBnnwgac1uFzPgWGgzUlRXQPbF4WB1gIvi5J7Qn6H7F6U8KqSkroMGzNWZZDhkRw6fiu9NxAf4sXZ3FW5mllG2sZsuGDApWdFNcWUmOsdJdNO0i8h4Z+KY5/p5kNhkqmZacOOJTsgDCBp1X67cXkresi6JtFWQZKgDPk6vSo4e979rWd0g6wQEofKbTif4nlTiVMeRnu58mlbfCSE5lJc/tm82/DarjlC0/4LDRxFniyEgc2jMVqEbJGyAkNtNH+wzvt5f6fYALVGFYa0rRue9DY1HWf5CgBsfpgfNb4Tfwc5/Bx+/HSd7l7a/DCLyPX7nPsW64UFIWhWGqPUXyXVH9r/o8T6fcT9TBEmpK3WN7WEwUSpPVPRtwhHoNtFWoj/HcW9Q9vj8XRh8DQrhnRQoH9HUUZRkBFRoVWBR9t6BMhOBJBABBY+33l/j8CPU5pvkax13844CJA67vkZk8fGTtPHEQ04HZdGcmEzRkX+9tI1ENeWx3EEtX6zicqaf22d8T+2hA/3EKik6nYMVHFFRW4GlOohZl8ePo63lptDbpb8vBfXTo5+jAdl/9qXH/6H3d5+dg71kf578QQgjx5fe1ixcvXvyiCyG+ehw2G90umKQO8b6Q7XHgwI8gf/ejX23W8xAwiZCgQXs5Wtm49r+IeDSP5FD3ftWr06lhGVUbUvvTs1mtuBQK1CGXuinGnY9LEYA6ZLTH6I5YCazdLgImqQkaLXIx3jxGTc6B9Xw3k9RqH4t6XuU8h6aLArV65La1NZaTWdJCzhY9US4rXQo1YylCj83G+ZH6xWWWjYCR8xu9T1ybtnLXZ6x9ZLRE3MdaMfQ8AGyHysksPcAq/csk+poM4XVeDU5zbMdlzEW9GvW90nQG1bGxXMezXct52ROMufwCXJv26Us3QK0e5QJ49Pd5Hb8rL8CY+3l94X1UWOdTrh9+q5yv89R9jk1CHTLGso5xPB9ah2GfC8O2j3Ds+tp/nP1zpPxGa1OfY9qYxvEvWN+5MEnNWA/pZWdxpeP+KO037vNfCCGE+AJJgEV8/npayU8vwIyauKRIuswHaLY4SdCVoksY7Xt88XmyHdKTWfomuvKXSbichXXF2PS0UvxEMSarE7QrqCpc+OW9QPu89bRRnFvN9/LzR1j0V1yKo6maJ5+qweqEOJ2e7IRL3cY0TjKei6tJzn8hhBBfcRJgEV8MayvV23fx1slz+F0/nTnfX8zCWPlj/Muix3KIl3aeZP79Swm/mjMAhFtPG1tKNtOhiOS+R9KljcVV42ir5+nNf2HybYt4cGn85xO4k/FcCCGEEAKQAIsQQgghhBBCCCHEuMlThIQQQgghhBBCCCHGSQIsQgghhBBCCCGEEOMkj2kWY9fTwZaSLXRH/AhdasSQjTZ2bCzlxC0/Irt/WwdVxVVYJsfzSGaiz6duWJrq2Vl3gJPnQD1rDv/244WE9j9OqJXqrbt4+2QXk8Nmc++SVML7F79z0LhrO38+0kEvgcyam8KS5GjPugN9247RGxjGvIWLSYwYYcFHi4Hi8hYW5ugY4am0X7weK23vQXi4mp6OfZRseYfUz6GsPdZWXn21njffauVUZy9+fsHcEnEHickLiB+hHR2WRmp3/hmT+QT2CxOZFnEHaT9eQrTaH3Cwa+PTuJIfITVi6MqFg7cpfOwHbbv0vPzuv5CTPY9D5c9x5BxDHgPqwnX9d3hEt3DYk1OuuB069lG65R+k5mUS/pVZidZGdeFzKFIfJ9VXR3F0sGvrHznSbsVPHckP+o8X0GOh/pU/cODYOQKnf5uFy5cy+JC07qtm1+tv0+U3mTnf/+Goa25YGnext+UMfn6Dn/XaC8GRxE89zeujbFuyMBZ/wNpUzyt/OoC1149Zc77PkoWxPsYSB4d2bKXuzXa4fjrzUpeQGKH2WQbf+fTQuGs7LWdg8Ft7e3uZOX8JCaFfxgFDCCGEEEJ8USTAIsbOfwqBNjN123ZwT2oEoYM29bS9xjajmZjo4P7XbIf2UmtqBto4"
11:15:14.552 [Forwarding screenshot on session 7836b5d0-bd7a-11e6-9730-e5ec4f8847f6 to remote] DEBUG org.apache.http.wire - http-outgoing-0 << "dE8iyaOseWg16MnSG0AZRlwEGOsqMe5/l9KXs9H0tJKfWYAZJVEx4Rxt2IaxoY2S7bmE0sOuwgwqm0GtjUH9SSu1FSZMJ7IozYxn38bHKTPaUYZFccu5BsoKGngvp5yM2MGX3lbKi/WYrCriXNei0cbLQdUTOmo1Orbnquk6+w7NZgPfc+muaa6tO4op2GYClEQlJPPDW2+k+4NW3qirpdRYS21KFhsyBh6h6WitJqOgBoCwmARmcxKDsZYi42FW6fUkql28Z2zmk5iRGtnFu8ZmumJcpIKP/eDse0cxG6EbFyeOmGi2g0qlGrRHL0wLHxJ0GZ+uD9/BZH6TuK6vSoClh336QmqaLSQkdsOo4QgLGx/OwegEbUwUJ4y1FBlbyNmygdggB1W5WdRa3NtaDTWYDG2sr8on3B866gspqGhGFRbFtFNGKkuMdOaVkx49PKz14Vv11DVYh2evdHHz3JZRt929MJYzfWODWktU4AnqKktoOZNDaUbsiPXeVfgwlc1ONFEx0GagrMBA5/oqpvsog+98ZvLWzloa7MPfGjfzHgmwCCGEEEIILxJgEZchiHlLEqgpNbC/yUFo9MDFhWnvXkDLwrl9UZQeXq874PnZya5XG0nOHPmi6EiDAYhzB1RwB1x0egOvNtpY4tqPGVhU8DzpEUE4mraQUVTH/kYbodrj1DeDJqXvgquH+sKVVDQcxrJcwR+NdlRxq9icnQjYqFqdSe3v97AkNr3/krOpaiPu666JV/Wi/GrqvQCq6wMACInVUbXlQfyv4XWdo2kLBdtMqGNWsC538EyQZJZmwKEtqymtK6VcO5PMeDXQwQvFNYAGXWkxCRp3FGJ5UxWZRbW89OI+EnNngxKuD3DXo6cH/PuDFSE8UrUFd6VsoAS/oQfD84bAgImgVKAAFBMBknh6c6bP2VHjFRgYAPh9ufqH4xC6jK0sL9d7P8q0p4OqoiJqze6IgM8yW1o56oSYlaXkJmugbQdL1mzjjRYrUVMOUmuBmJUl5CaH4miqIqOolt2HrWQndFNd0QxhaTy/YSn+tFF83xpqaw6yJHr446ZjM/Vszxz4/VC5jtIGK2m5y5kfEcT8UbaFYGVrpQHUSej1majpYcfqdLbVvYE1I5Zhc6gse6lsdhK2KI8N6dGeNirl1f3NbPZRhkvlk7l5OwNv7aB4SQ4mZRz/dq0ffyyEEEIIIb5yJMAiLos6/i6iSg3s33eEjOhEz6tt1BnsqBJ+QkT/bT2HedXsJCwti7kdm6hs+BNtmbGED0uxFz91FHGzk+kLzai130KJga5uF4Ha+SxLu5U7Pbc5BE2cBEC3C/ALJlKr5cbbtZ53+jP1G8HASdpbWrACKYlzPNtCmHO7ltptJsyOdGKDoKdtB0W17ag1KqyWQUXqaaXw4QJ65+dQmD48KNS2bwsbyuqwAyptDNPOWQi9fx0ZsVCV9Qt6l/+mf5ZMU1U+T7XM4pkN6YTQw6HqUkprTO6EVFGsynucxNAgeiyHKC3ehMnqBCAsbhnZ2amcrS6hzg4YSrjv5CJ+tUJBQfHbrHqmkNgQG/u2PEdZXbMnPS0rV2eRHB6Co3UHTxa/gSbiekwmsyfNFazOXkgINnZt3EClsR0ApTqGlblZnsCIhReeqgPtMvS5C2ndoeexbQacQEzKIjjWQviKbHTn/x196SvcE59NcNN+jE6IWvFof3AFICR6CSsTjnEkAByAwg/Mb7xAVokRiyffh3KziNd0sX3tWnrT3G04mFe7qMLQqqzgFzmww8TRQgg2n8fiZFU+L1lCmXluP4Z2J6AiaVUemYmhgJVdGzd62keJRu2E4Zfzg/pDFZu31tNudwJKtEnpZGUmEwI0VRfy7N4TqKZMwd7ejl0ZQ0HFI5x+qYSyBvdx0cbFQXsrpybP5zeF6Shad/B4wR+5M+eZIbOtvF3gwrAIiu1wNbXmXuKS4jA2GPE1KavH1YsT8FN6EplyAyoAF5zqaAXCSJnnnqcWFL2ABGUtb7Ych9vgXSDu7nmeYEo4C5M1mGr/xnssHOEcH8Syi00NVtRJOSwdeuvS0G22Fo7aIWnVEtQ9NqxdMO9n65nVHTDi0Wh6/S9ADD9Lj8Zhs+JSRJK7vgBX8Iyrlk9rVRkmIC33Ea8ZfEIIIYQQQoAEWMRlC+f7SWqaG16ntSeRCH+wNbpnmSy7J6Z/r9bXGrCj5Ifz4pkX1kKlqYHd+yxkJw69TyiIZF0+yf2/91D/4lacqIjWqvFXq0ldGgHWRra88mcOGptBlcCS+BAghMzCwoGkHE3UNFhBk8Z3bnLPlOjuGrjEvHD+E8DlDs7QQemabaBdQe6PzpBVcNCrVJNVaj5R+DGUo7WaNWV1qONWsPrfZrD/2SIarKB2uQAF58/a6XUN5NnbdQrnKfdlWmv1Wkpr2olJ05E6O4C9m0ooy1mLqjyfll+WYlIlkVdyD7TtpKhiG8XVs1g3ey7qGjOd2hQeSpuDonsvducpuoHG8rWUNVjd6X0bdm/SU7FmLUq9nsjuM1idFqwmLStz8qClhoq6SrY33sn89g1UGs+yLGc9swNOsqWgDP2TLxH5ciYuQxVGZxjrC1Np25FPwTYz2pSV/GDmeX6vr8EKfOPTSaQ+sBy98SWO2yCyqxtQkXjn0EtOf5J1hZ5ja0MxESxGI3HLdDxww2le0NdQWv4qMYXzOH/K6mm3wREDC89llWJSRbEqLxVM/0VZHd6xDutBtu+6mRvpBcDlCmDOPYlo/PF5LHq7zmExmbHHLCInbzpvvqSnoayMO+Zu4PwLhVQarSSsyGH+De1sLK0Z1g/6S2jQs6bMAIBKo6HXYsHcUEGmpYsthan0nrdit9ux2z33mEwLp3t7EWUN7uCNNuoWzEajp4N24QIUn7qYqJrGzVMCh/c/Swfvd7pQdJ+ml15OmttoC3BB8AzCNUGE3PZT9FtCUPs1omswjlpuAP/QO0kLq6RG/3MKjRHYTCbsyhiSb1Pz4e9PgGoO0/vjZQoCgoFeF3Q66QVu9pxjADNmaYEjfGhj0PpIw0rPjt9V4iSK/GGz2YZvsx03Ywfa/1TIkhJPBFQVRdavckZMvbfLBZj4rW4JFs/dQOqYZazLHbxe1DjysR1iU207qrhVLI34StwrJoQQQgghPmcSYBGXLfauZGioZL/JSkS8moN/agBVCvP6V6W1sH+3GdQpfEcN/pPmEkUDxt2v40hM97lAZf3GJ6kw2YlasZ7EQRfSPZ02PjgHKiXY7Ud5vcnK0uhBO9gaKXysBDNqVj2xGJXmDHHKSgyla5nkWM5N5w9TVmcB1CgAg/63mNCyvnAhmtYtACj6rmf9I9CV6kcsYcv+vUAcudkL0QDhxTmY00su0WIKwMaBve2gSWHpgkgU3bD4gTQMRTW8aT7nDiuctWBu/5A7Y5dTEnoXiik3ERQyg9tUFRxURxIfHY6tcb8nxQ72NVhRxunIXZoAQPavFfwko5SGg61ETnfnvKKkkORQIFbFgboculwuLrh6gV5OHOtg1p3fQVeynk7FFEKAxpZ3IWYF4TSh22ZGlaCjMMOdvt/xNyiqUxAZ5g9MRIU7AHX2tBWYeIk2ANcFUMbpyE51p3d/y15K3jzF+VH2dzTtxQgsys4hMcIfovPo7Ehn26nBe9mpq6wY9LuaqfPcAZbRj0WfOP4jNx0NoH3AjKHoCOe7rLS8aUWZkIVuYSwQy68ufICurHWEtGy8ut0dXIlatp781HCw7kOnK8NqfpUj1lRUnvyU2mU8X5gKjtNsfXybO/dVT5GdqMbWWE5mSUN/6YKil6LfvHTE/LY+mUODc+CVmpI11ADE6NiemwBBIe74k8PFhaHtabN6gougCJhEiOskHWcB/FD4+eGnBJxWLB/amBowEeyuQTNgQtBqVdQdNXOyMxAnasJuGjiT+/ZTjJRPkPtg9HS8xrZ2iFqRPmyWy8jb3Im0m69Ht16PlrfRF5ZR+vMXmPGyjuAh+fQd27PqNErWLcB+cCtFldsorJ5F6dKIK86nLyTctHM7VtToHkhECCGEEEKIkUiARVy+0DtJUVdSt+9v6OKnUm+GqJXz+9fq6Gl9HYMTcNahW1I38D5L"
11:15:14.553 [Forwarding screenshot on session 7836b5d0-bd7a-11e6-9730-e5ec4f8847f6 to remote] DEBUG org.apache.http.wire - http-outgoing-0 << "Pa91LCE1dISr35429LlrMFggbsV6shd6X4L5hyeTX5hM3xoINTVHWBq9EABb0w5+UbQNO2HoStd5blPRkP18AeUlG6mtKAWVlpQELXWGU9iPVbPZYAWNlmP1u9h/5CDQy75XqmH+3cT6WLhSoZgIntkS7oJpiVQxapCgP/DgOInFDtjryMms89rjpNlG3upVWJ4to6bM7L5gVoWxIns1mpC+y78hN3t0ncUK3H6HduC1oJnMUcGBE2dhOoCKG/rXHA5Go4QuIDr9CdIsv6WmtgJjLYCSmLSHyFoaycmTdlSzpuBoPYoVJSsXJ/Qn39t9AVSRzAwCrA7snnaYMl0DnMDRDUMf3WNtMvB21xTmxN8EvRAeMeh2DYX7f6Pd5OPqdc+MCbupr7/4MzNUDScG7aRKonxz5hifGDQ4CHQBlIH0zcFweQ6p4txxjjoh/F+mDBTTR+zIXXYVc+Z4+qt6Dneoy6i12mkyW/muZ78podPdgcUgP3d6dhURs9wBwhDtbWhowHLJGFUIDzy/heX44dd5gIeztrK89GnmBkOv3yVWoXEYeDhTT39sJkZHnmYnJruarP51XCxsvC+LipcPkqW+0L/WjZuNlqN2VLMjmT7lAkqsHHvfQezQ23y6DDyc7Z3P9lx3H2re+xcgjB/cNfzmmhG3ebp8zCodCeFqQI1uZRM6/VGOnzRQMSSfnMkuQMPPc5a6n0C28EHS/mKg5o03sS2NIORK8rGBJgSgg7o6C0StJOFqPZ5KCCEcEcgOAAAgAElEQVSEEEL805EAi7gCIdy1MIa6ir+wo3oyVjQ8GD9wwXJg135Aw8qChwj1XETTeYQNJTW8+sfDpGYneCfnaKLw4SKanRpWrF/HwvCBi7a2XcUU1l/Pr/V93yRPYbIKOHcGG+A6tAVdaR3KsBRKN2T0f9tMj5V9e97mNt1mMj0TXZrKddQRQahKgUalxuU6ys4/HKW31337hqluN9+IXECsj8UVXK4LeC94+j4tdpjp+U0BfDJo6oD9XCf4AUFTUSvBHLGK7bmeb8B7LOzb28qU2Wraj9v5UX4VEQFnaHrrCFsrtlG5cSd3bl7sjucohoQhAoMJAd48bEYX76lgz2na7RB+602AeXjZPf/a2t5nauITbM+9kY5WEwd3baW2ZjOHFzyPwg9wfQqfdgFwXV+2Pa38yWBHnXQHIfRQvbEC1ClEhkBI9zdR0cAf/rCP5OzB3+5b2f6UHoMzhlnxP8UFBAYFM1YKvwDAzsmzPRDiDrKc/cjTniPUa9j7GeVY+DJ5BhFKaH2vcyAdxfBbdfrzvgBgp/WYhWSNBhxmWqwAKiJmqvsPg1Y7c8g77Rxt7SBZE4rlyBtYgGFTTkbgHxTkWffkOuzYuS4gCP8ghi0sO0xQJPkFBZ62+hRF8HTO7qwEIpjZHzDQEBEOxhOnCJ53KxiOYHZkEh8E0M05O/T2uiBARTDQYemk71nh5jePgHI2M6cPz8fNwhsHrBCzkuhhhR15W4hWi4oG710/dUfCFIHD87nw+k7ARVcv/Q3iAph8I4FXmo/nV0frQUxA0vdHWqhbCCGEEEIINwmwiCuimZdCWEUR22pAFbeK/gcKORrZbbKjjFlOcsTgWSjTuCushhrjHpocCQP708OOkiKanRCW9H+54cMj7DsJn34Kmu/M5aapk3FaG/jdlm+RvWQ277/2Eg120N4zlxDbIbJK6wAlyXdpOb5vH8eATz+9joh5MzhUU0PzW12sX70Yjm6nqMFKWNqDzIqIpnRzan/JHE3lZBQdIWvLZvfFZE8H1c9V0xWdSkai90yayPnzwVDLxi37+Nk9YbTurMTCQIAFPzBtfYWmWT+G1u2UmZygBhdqIm9XYTC8RPm+qSyZHczBrcVUGqykhP2SD/RlNKvfIS9/OWHamUwGmDKJQEL4ZoSShpY3ONQ2g4H5KuHExyhpNlawxTCFe2YqeP3FZ2kH0mbdBJ2M6vjezegNvZzOWcfd2pncNNl9GalQ+DNVrcLe/j5BmXegpoGX/rMK1fdv4k8lZZgBTZcJ/eoiDO1qdOUZ7pkjmkR+krSb0oYysjZ+yPLkOQR/+iF7t1ZgcELcqvSBwNewcMjoy7AGRc8lijpqNr2A9onlTDy+092eKve7XJ6AxKhPyhn1WAzkPTz3G4mIUGI0lFF9WzDzbjrLi2UNDCz84mBf+XP845ZUMpPDmXuXloYaM8ayJ1l96Ba62sxYATTzidXA8WE5hRBzm4a6Ogumihx0f1Zj7VswxDODpcdi4IUXTdy69EGSw0eZmeI3g2WLljFj9NjPECGER3hPvQiOnA0Gg7svL55N59GdVDWDZtEdRMzpQl1mYtPT1dz0+Dzat/7Ovbhr8m0Q5Mf/DYNtFb9jX/hqZp3dwyaDHXXK7agJQR0xwhQP2/u0OiEu7jtj3xYSyXwN1JZtpH5qNt9RmNG/ZAJNGpEhIQSFDMlnwWJUtXo2PV3FlEfu5kLjVvdjppfNcsdbrigf9y7dnecBFZEzL2f6indf6bEc4oUX/8qtSx8hORyvbUIIIYQQ4p+DBFjElfGP5u44NXpjJ3fdO6f/ZVvLm1iAtIVzhr6BeYuSqClt4I23rET3PeLU0cybnm/52xsqKR30RXKc7ttkJzxA1qKPKK0tQ+e5syYsaSVZqeHYDu13f/OPk9qy0kF5aciJL+WnOWn8e0kNazy35GjiVrB6afSwqrhvD5k4cOXde5bDRhNniRsWYAmKSKdgxXkKKsvIGnSnj/siP4R7VqRwQF9HUZYRUKFRgUXhvhUlQfcrTn9SSE1ZQf/35THLcsiI+DbWnDQKS2oo0rnX9EAVRdbP7sEfCJs9G0xGStecY01eKH1X4om5v+bDwmJq9QW4i6IiRVfC0vAgHE0Khq6LosA9GSb2/mwSjhdTU5Ljvh0JJQkr84kPAsd350NRJVVN5azLS+MXRTWUNENUUgpR5oO0GeuwaBLIKbmH7ter2TdrAYkRIcRnrsOleI6KulpK3PcdAWqSVuaSmagBbP35D5gIfgFeZfP+OZzH169k7ZoKirIMnpKCc8okAlBw4zTAaz2WwXwfC5gIwQFDgjMTAX+Sc3/NB/m/pKbUs77JoCMMLv5xwMQB1/fITA4nYmkeuq4SKuqaaW92d2S1dhFP5KUTwkCAZXA+0RnFZPmVsrnehNVygbiUBNrrDHjCLHR9aMbQbKT3ez8ePcDiH0pquq/n2CiYCCiGznwaRJ2gI+f0J5TUDPRlTdwyctPd50huVjtPltaQk+FuhZi0vP4n/6SuzqNtbRFlOe4HGCu1i8gd+ggo7+IwEfAbqTyjbgshfV0B59cWUFGgc7+kiiEnf+nI6zipE/hVzmkKS2pYk1nrqc9KclLDx53PafNxUEYw47JuD/LuK13vv4Wh2UTA990DzeBtQgghhBDin8PXLl68ePGLLoQQl+SwYe12oQhQE3KJ5SaGvBGrtdtrsc2xaCzX8WzXcl7Ojh95hx4H1vOgDjCTlVHCzCz9oFt1HFjPdxMwSc1IWfbYbJx3uUbY3oPNeh6XIgD10Er2OHDgR5D/8ATd6cEkdcilbxUZxGGz0T3C++qL76PC5CQlq4SM+OEX8T22Nl4qXEODRcnKkgqSvdbU6cFmc99eFBhyeeUZnbtduOxjzyWPhS8Om5VuRjgWI++NzdoNikmEhPjOqHFLPmUtvdwaeTePZCTQ7bnNDVUC+s061D1tFKYXElFSMfJ6RVdbjwPb+W4Y6RzpcWDrcoEiZMS2t1mtI/fXq8xhs+FCQchYj4XNhUIRSNBlHvTLy0cIIYQQQghvEmARYqieNopzq/lefr5n8U8fbAbuy9QzO0tPdl+A5SvPQb2+iAqD+1HCYVERTP/GZBSuLtrNR2m3OkEZhe7XOZ4FhcXlaNuRz5ptw9fICVuUx4b0aByt1RTtUpCXm+rjiVtCCCGEEEKILxsJsAgxLhZ2lb9KwPzlJI52O8dXlMPaxpGDR2hq68B67hPAD/X0WUTfPoe5seFXaXbK/0Y9tO7bSX1jB11dXeA3mfDvJbM4IULaVAghhBBCiK8wCbAIIYQQQgghhBBCjNOEL7oAQgghhBBCCCGE"
11:15:14.553 [Forwarding screenshot on session 7836b5d0-bd7a-11e6-9730-e5ec4f8847f6 to remote] DEBUG org.apache.http.wire - http-outgoing-0 << "EF91EmARQgghhBBCCCGEGCcJsAghhBBCCCGEEEKMkwRYhBBCCCGEEEIIIcZJAixCCCGEEEIIIYQQ4yQBFiGEEEIIIYQQQohxkgCLEEIIIYQQQgghxDhJgEUIIYQQQgghhBBinCTAIoQQQgghhBBCCDFOEmARQgghhBBCCCGEGCcJsAghhBBCCCGEEEKMkwRYhBBCCCGEEEIIIcZJAixCCCGEEEIIIYQQ4yQBFiGEEEIIIYQQQohxkgCLEEIIIYQQQgghxDhJgEUIIYQQQgghhBBinCTAIoQQQgghhBBCCDFOEmARQgghhBBCCCGEGCcJsAghhBBCCCGEEEKMkwRYhBBCCCGEEEIIIcZJAixCCCGEEEIIIYQQ4yQBFiGEEEIIIYQQQohxkgCLEEIIIYQQQgghxDhJgEUIIYQQQgghhBBinK77ogsghBBCfLX08EHHBXr5OteHTOTG4K/OR6nzjIOPe+D6oIkEf4XKLYQQQgjxVSB/XYnL1E1Jyh6eOTjy1osTAqh8926i/97Idxa+x0M7kslLCrrivJ5N2UOxU0PT/ju4ccjWM4bDfGehxWcKF2NGfu/V8td1e1j2VPfwfCdMYPrsQJLT/5V//8l0lJeR5geGFl78Rwh5P7l5HCXz3XYwUPaLE5Q8//a9LNYM3eM8a2c3sPk4zP7329mdO/1zrsMQnSe491/+m57s23lt7Qhl6fyApf9i5MBnI7+9r28mXavOMMjgvvnYrrvJSQi4dpn9k9V77Od1FC/O38PTXIVz/MwHPLvVwf2PaQn2uWM3O4sbWVN8hvOD2ltz54384pe3kXbH5Y51PezZ3MbUtEhu853xVdFQXM/9v3IAcFE9jcZ347mKZ+i10X/e/x9eW3vLCDuM/Jl0ccIEpocqSXjgVn7x2K3X7DNACCGEEGIwCbCIy9brdP97caaS2yZBz6Bt9vMT8QNwudwvKL4+rrzsTuD8yNv8/P34V/V1oLkOlGD/hxOLFTQxSlQAfAoav3HlP1YXZwaw8Nt+eJoGp8XOAZODzaY3ea9Xwe8fmjq2hDpPkLroGDzyf8gbZ5l8td1gX/vMyR/rP2LxT77h9bqz5QSbj7t/7nH8z9gzvop1GKoHsPeMUpZeFzaf7+6l9yqXZyw+cV1G212Jf7J6X/Z5PYY+7ls3RXcZef6Tafx/j+EjwPIxa+fvZ7PJffG+4P6pRNwMrfWnaTh4hsfuqudI5XxKFt8w5pz/uu41Vm7speIHkeOtxKV1nmBDsYOLE65j4copzPxO2Jc/uOLhPu997OB0H5OI2YP7RS9/P97NK/lNGE5O4M2nZl7rYgohhBBCSIBFXD4/4OIEJZWv30vSaFcjSfEc/wiUlzN1Y5iv4ys8EnzHbbz27m39vx8u3k1qMazf6aNc18jDTyeSl+Dv9VrHnsPM/ZGF1/7zBGcemjq2b1D9v+6+iPQfX2DqUm031Gs1Fjp/8g2vi8sDfzw1qFyXkdhVq8Nl8hso5qS7NKzPuIHBkYVPeyfwrSudTHWZgj7Puv+T1Xvs5/XAzLHxhVG/jt8kgAlc72OvhjVGd3AlZio7/jCXO/pO6Fx4q+oACx8+TdUDRua9fS93D5sNNjI/vwmAH9d/HsfHc2ymPxJD+fqxz0b7wo21T4VOo2b/HV5j2BlTC/cmHuNkxTs05M/83D8XhBBCCPG/jyxyK66cj6/FOw//jYWRuyk73A2dH/DY/N089kwLJQ/u5mZVDdMm7eDeBxtp6Rz8po949mf1REyq4WZVDff/vJG/HgUmjbE4feUZsVwOatbt53ZP2tNu3U3OphP9M076ynj/mkZy7usr404y15k5M5a8XcMzDb17OrMnDCnSmdOU/Kye22/tK8dO7n3wMG+d8ZQhpZG/fwatL5u498G/9efdYWhh6ewd3Kxyv+/en73FsXG33WdcnDCBf505AYynOOh1V8bH7Hq5m4vq65g0gf5pSh80NLLgVs9x9Wq7nWRu+mDkOni2P7b5g0Hp9/DKz/awYFAdfbbNZZoWNZ3Fd9/K4sUD/6X9cCahSug0tXDv/N0sSDHw1742dH5EUdoe7k3Z7a4HcHiTgQXzd/PYpuPs2WTob9vb5+9nZ4v31+ktfzjMAk+5I+bv56ma4XNKOgytZKbs7D+GEbfu5P41LXQ4h+16xa5GvTtNLSydv5t7Uwy8+Ie/cb+n30Xcupu1VR945fd51Nv3eQ3Qw45Nh/rP7Yj5Dbx42DGw2We/6ubFB1/jGRPQcYq7Zu/hRdMIUyWcH/DCc04uTlBSMTi44nFb+lye+6mSr33mpHTLSU+6u737N+4+dfvsBnZ2fMqxPxziseJuvvaZk1+k7CTzmQ/oPPw3FsxvoGxzI/f2tevsep7d85F3hmc+oOi+PQNtOn8/Naa+c7KbFx/cw9KfN1L0oHufb8XvIf52E3//DE7+wcSC+e4yjG1c3EPR5r9x/2z3Ppmb3vOk/xavPDPovEg7xFtnutm5rqG/XAsefItjzrGW2+2DwwP9Zdqte1j79Ens4Jm95NsnQ36/MSacH8e5f+7vR2Mog+/xdnj7RqQc4C1nNzuLDSzwvG9aXz8fQ7mFEEII8c9DZrCIK/Qpn3zyKQTB4L+flUp3l+rtcfJ3q5O4T/4Hel0cP+rkqOkYFydM4LtLJ2F7/TxHq98j2amk/eVIlDgoWvxXNpngYswk0r/9P7zyn6evUlkdlKTU88xBuKgOIH1RIEcrzvDK6v/G8Hcnht9pUfaX8T0uTriOJT+bxuk9p9j91NscOAOtv9NeIo+h37L20PDMOxz9DJjUN5vkYx6LP0CNFSbdOYmf/FCB8Q9nOFpt4V7L33jnv24E5QTgM75m/RSU7jQ7dh5g7gp3WyTdPxXlPz5i9+/bmf9nB/XvJhA5rrYLZLkukLys09S+/hF3p7tvE+o0vUeNFdI33MJ7T/6DE56939lvHTiufXpd/P3op9jjXYBieB28tvf5HzoOdNOK03PdfIm2qfvOJdbG8GY/eYa3WhTQ61kowwWTZ04h9Mbr6P2ki6MmJxcnwCd9F12ObgwN3fz9Mzhzm7ucvWcc/N3k5O+mo9QMStti+piHv3uImefnEwkcq9rP9x/+uH/7edPHbDINKVBHK3MXvuP10nnrpzT87hivfTSB9hciLmudnmta73NdHDA5ASdHDw6EB85bnWx+2MiUby3k0Rj/L029v3b8DHmrQXPnJJL4hIaD51nz/UN863Qydygv1a++hZ9y4HsG1dSRZ0ucefMUBz6D6T+dxd2jTEVb/Mg3+XXF27Q2f0wnN/DBfzsH9W+33jMOLMedvPXOBWY4XFg8h0mFH8HXf909bprO83fTeS7GTOLhH36dbc99zIYf/RV733pWZ05w763/zdHPQHPXDSTc1Msrv/+Yx+bv4dTeu3n0Djhj6eZA9Xsc8OTbeWoC4ZM/4z2AM+D/zf/hfev/Y+/c43q+/gf+1HShG5GPS6GMIiIRUmJFmDDLLDO+X2xufW21famNrQ1z+fpqprnMZdNcxprJZblkrUmhpUlZhUJp8iG66tPH+P3x/vTp86lPN+zrt+/3PB+PHj6d9/mc83qdc95H53Ve53UKWDX353rnxYvJZVxMuqzW4UbFH8gvlxGXlEUc0GNEC2yu3CP5WB4+XSSvN6dxLVCcvsfFPVlMbWPBmWWdGyB3c8hOZ8TI37j3EJwmtaVD7i22fiKV2aPekfBcTQ+k8rskJWh2ZP0y1D/f1mzfu5f1kG86ybxPimnRxZTX/mHMxR9uEr0ug1+K9Bvw/4dAIBAIBIL/FoQHi+CxaPLwAfN676dDm/100fj5ILq4ZmYDyQHikV5z1iePZc9mL47/MggvPSC1mDuAPDaNDUnQYtzznI/xYtU6b85+o/Kzf8IYC/LoNGkRMbgTpy6NZtVqD45fG8QYGeRuT+WrCwoNGY347MwY1i5zZU/yEF7rAne/vsjOjAd11rHF9wgDnParfxxaHGTaYknwoOUOWAKFsZekhd6knqRFefHxMg+OX/LCVwbcLKfEvANrv3emhx70eHcAh9b1wpJbfPq3mzzSa87m875sX+fGpqgJ7F7Sgib5clZvvfWEbfcHXV7o"
11:15:14.553 [Forwarding screenshot on session 7836b5d0-bd7a-11e6-9730-e5ec4f8847f6 to remote] DEBUG org.apache.http.wire - http-outgoing-0 << "hJceHNyZS+UmbeK+6zzSM2XMSO14EgaGOqYMzfMZunSo5fyGQYuqr9fbNvWpUY3cPZfxGfwzPsPipJ8RcWxIvF+76BrHbKp2yqt0dftHT+IuDuGtEZVppeTIAW6xxl8yMjzSM2LhviHExfTErVoznT6Qq8rTlIX7vLhRNJq1bzbnkUwP69y7XCzkqfBU9NavyvfIuS27z3uze2XVODh2/Bb/3/QeE+rGmSgvtkeN5/NpTWnysJjoM2UNGFeGvLbOk7ecARtrIqK8+buzrvNwKoOiob6OZyosjKRjgFek8ao5vqvQUyf2neHBd+8155GeEYujRrNqRlWcpkeDO5EY48WiZcOIP/I8LfRg/TLJm+6Hlb+S/BB81w/hTMQwVq3z5sopO6z0YMVH6RRSFSdrTKgbN4p8SIwbRmRCf3rogUOgM4eivPEryWrQvGiI1MdrE8dzI8ebTX9rqzYa+a4fwvEILw4lDFL3/ZxvvDj0tRfHY3pjpQc5P9zkRoPkfsDOTy5yT5Xn0GY3NkWNZe20BprgSgrYviONL7de4MsdaXy5Np4xveKIfgh4WTHYsiEy1D/foqt9Y7qTuL+YR3p6LDvmzaplbhxKHsIYGdy9XNwgL0iBQCAQCAT/HQgPFsFj08LZlH6tqjxYSu9Ae5Paz8tbz+zKeBvVkDNviYMTHL+nhwHwW6x0tGDazO7qWCUdRjswp0su659QzvPxtwF4+0NHbCoTzTsQtMySQzPl5OVXQMdKGe3wtat8Ldow50NLdk6Vk3HlPtjVHiihpaW0uijJfqC+XeSRsxWHvu5HXyupPHOPfly84kgJkJ1xi5ycQq6kybkoB0xUCzFVMFl1INfCMi6q6rj72xX2n38I6IGB1M55WWX8duNJ2u4htGuHz0Q9jn97nZjcvoy3usW3nz8AHyuGtNNjSb1lVKO6Dg2gQW3zpDxmIY+6tGXNMns6ALP+0Z61x3KripOXkaXK5zCvN/O92gBtWPPVbVymVnkRWXcyBopp8vABKydEs3NwCzwGtWX917aMH1jLOa7yYk6fuaflASHr0Q47y0ZO20/QeHND+jPExhD+/jxOwXdIfqgKePxn6t1IHukZMdG3yjjR2701bL9JhfIPzL0aMq7+ULXxH5RQV5BbyLn1FM9zARUqT6OKYtB05Zn5joM6AK35wG74OV1mfbKc3wqLOZekMvYqCvlhfyEVgIHBH5KBLEHO+UJ7dZysynbpYAXItd/Lhs6LCqDlxOdV86IpHShTl+/jowqMbdQSZyc4mduev49W9atVW3xszrMeMKAhcleQ/ctDHsksmTulMuB2U3wDn+fDr1Prbcsm+cWsnPtbjXSrEe3ZsLUP5g2RIcei3vkWTHS0ryF9nZvSJOkBc10PEfNKe4aNsGLpBV82PQ3XNIFAIBAIBH8ZhIFF8Fg80jNiQ5Q3Qxrxx6OZWR27vzzkkZ4Rffto7h4/h1lb4AlPChkY6Elld9fembaQaV8hawjk5GsbBSxaqvLUs0j12zKCRR7NgQf8vOEkfgvvQHIBWaVQFa7zD2I2nGHe6js1C6hca1arR/7rTS4+hCaUseDV5BpfS/vhJvdeerK2q1A0xeOltjTZk0dU/D3Gd8/l0EOY4mcD6JC1BtWMao+1oG9A2zQCqzd7c2xpRyo0bj8yMH3Mq5JbNFWrVCMMiIYHiNPgKgOcSUvtqbXDyG681uUmO1W3MuWeusfOU/fYuTqL9yfZEb+5V42FvTzuPC9P0O5A32+8WTu6dkPf09T7kZ4RA3uotKtuLPsT9W40li3oolGIiUxThoaNK4Nq/1bHwFB6Ym1exxxWrJQ8FboY1Rkstz4e6TVlSG/NPmvOQFcj1ic/pKSiKnh1RMB5raNrAOjdrzr+Va1dqivX0HkRoL21roneGFl1Zx8TPY1qVMGD76k+N0BugxZAdrWjPhbGtAeKdEigySNZK7Z80x0L5R/AQyoU0LJjK3rZVOpTvww3ztU/38qXqYw/1dp39ML+vJZ2hp2nyolYl0XEOskE6btyAGvn/IWCCgsEAoFAIHgihIFF8NiUVNt1rY+6rtmsQLou+OJlBV4aLvrlT2HDuKL4IU0elnP5+gO8elUN+ZJSpVY+BWDdUVuhktK67gbVqEN9JW1ThswZxudXDjHvizLmjzlNr0tu2AEZe08zb/UdHslMeTvIloEO5vTuY8CmUdF8WstRHssurbDSyyVnkC0x4V0xUMU+MdCHgvxysDAj/+sfn6ztKsDyBWvc9PI4eDCLIefzeKRnyoQXmoPils6vGGgaVQpKyQPa11ONmdZtINpGmcdpm7rr0sfcyLCe8amnteistafrqr+i6nvJvxSDave+QvlQO59RG1YleDPiwFVOn71NbOQdLuarit+Twb753fl7L+3p2NTaioXvNYdmqoT7erg4NqMunqredfEn6t1oTJrWatB4WuPKvLslPfSySNvyGz8s7KIzDkv0hgxyH4KDXYtajUYGDTA+Nnn4gMvXFXhZVr7LZZyLLweaY2AgzZWP9Jry2UlPBpn8oTb6VZRUUIEBHS0hFepsF2j4vAi1zN02zWjbiPm/IXKfA7CpfgxRmvPqDXJr0oz+znXf1lavDC3lfFrPfKsuv3r7Wsp4/5uxvF9cSGJ8HscOXmNnZDnfBifh7Wtda+wegUAgEAgE/12IGCyCx+apHNtQ0b2fBQA7v9K4cyH7BsdrbiI2GuvuxgB8+cVljdQydq6Tgica6EuLfUMgZ282F9R5ivnyXzd5pKeHjXXdC9vqjF/twhg9aJJ/k3dW5ACQc16KTzN3iycLZnRlyMA2mP9+U6XjQ23viEpjROvmdAZIKOCuqSk2Ni2wsWkBv6QyclgcgVtuPZ22M7Jm7MSmNInMYsG6clpO7MRAHYun7h5SXfKCKmnPHclVH4vSolIHVda0lDtVAZGzr2vJ16i2eVJU68cmD8s4dvQW8IDoDRlc1KVDfZgaqQ1LaV9fZH+GAuQ3+NeyPK1s+989RIc2R5n6Zj5ei4dx/JIvR9ZXrbiy82tqaGTXmflBfZn/luonqA8DrZ7AGPEX0ftp0thxVeucZm7NwkDplqCZr8TVuNnq3I44pq0r55FeU2bNlOIfVQBk3yZRnbeYn2O1rZ6VhuWcapcvfbdP40qv7Ot8lwzYWNDb/Dlat5KMMOn50EE1H9hYFPOB+894u//Cbw00rDZ0Xnw6NERuVZ4reXwZXXWrz4WI7Mcbo48jg0n9861u7rGg6366dzrJTatWeL3Si1Vfj2Hzm00R+1gCgUAgEPxvIf7nFzSaem9NbWQ5AB1eeB5fWR4R21MZwz1e7vEc3wVfk/6wfsJQDXZTHBjj/zOHtqcyvPwekz2M+HVnFhGn4JFzJ/7u0ZzK6K5N8u/gPSyGD6a0JivqEjuTgHFd8bNr7KvShqWRVhzyyeXcikR2vtSOfr2NgXLWh5zE5p82GF7L41/BedJNItkFnJdDB9Vubc6aJKbJ5by7tC9vBBoRt/oeE9r+wNthtji6NpIAACAASURBVFjm5rN6hbRqe3lCOzo4NH8qbTf0pTawR1pcvTypg848lUclvn3zJwx/70zrnHzWflEtsHFFdR2ssAUuHruM7z+UvPy8kl0f5mnJZ92QtqnPolfRMG8MU1mV5WjnzJ/ZOVP7eX1HEbQwastby02JXlhMk/xi5vU/yDwd2Xq7tYAvbtLk4T1eto7AqktTcq9I8SAe6bVgvNtjHl+C/129qX8OatC4svyDinvQ5Eouvr6xzFs2kPF2NQPden3gxoyYaLYm3WRM130Mn9keZ+vnSDuSw6FTkgVg4hfu+NpIi+qBrkZsSCpn5isxBE1pyZWILCJU+SqHsqyDEVDO6ld/4EZwX2bJpPSL65IZo5Azwvohxz6U5J3yYVcsMeRvwc+z5NhlNkw4yqV3n8fH9iHffpRF3ENwePd5BhpBdAParjHzYkPave6+aIjchvRR5Vnve4yioI5YFRewct0TRjlvjAwtOtQ731bF7NGkBS4j9di5/Q4TRsXy7qz2kJLL6i0PgGZYPM3dCIFAIBAIBP+vER4sgkZjYASgj0kD/mhsbfIc8ByGgFm1NYuZpoeE"
11:15:14.553 [Forwarding screenshot on session 7836b5d0-bd7a-11e6-9730-e5ec4f8847f6 to remote] DEBUG org.apache.http.wire - http-outgoing-0 << "URvWxvTD11mP5O25LFp4jXM2jY0OWNtwbsOm1AG8NliPi3tyWTT3MhGnHtJjXCeO7u+PpinhkV5TrHPvsCQgg53HpDwxm3vVeuLCwFza5dXVFJYe/Vg7zYgmDx/yz/dTaftKPxZPakqTpDssePUX3lqYh9nrnXhrkrQznnqxDCzb4OPTlCYPH3D86+vkVIDXB8PZ/F4rmjwsY+3cVBZ9IucuRswJH8JsZ8PHbzsD7fbqoLpN6JFeK8a7VcXV0Ow784GObH63BU0ePmDn4sus/aIYr2mtaKEHhqaqHe8aOrThg8jn6aEHyduvsWhxHnk+7XlrUlP18Ru7hrSNWpZadtYNnsNCU+haMOrVh91LtG9H8vpHJ8Z0kT7b21ZrO81YHYaVPV3Vdn3neLL53apMj/T08H23PT1UWUz0n8Nm/EB2h1alVRoZWji34rMTrvR9kkCYf5betbxPlf38n9O7tvda8kioDQMaOq5M8fKXvGouHpOz+8jdWkpswccx3qx9zxJrHhL9RS4rF1/j0KmHWA1uxaqDXqx9pUogrwX9eG2wHk2S7rAy4DLfJhgx511tgXt52+CmB/eulLH+/Sx1yKRHenokf5HLysV5nEMP35UDWDVe+q6Rcx/iDj6PkwyiV1/mrblZxOWD2z+689UHnetol+eqvT8Nmxdrzt26yzczQrdBV5VWv9xSnh/DrbDmATs/yWLlunv0GCEZ4SxM6/GoaYAxuSEy1Dvf1qK/71JX5oxoyr1TchZNPc+i1Xe4a2nKv064M/CJAw0JBAKBQCD4q9Dk0aNHj561EAKBJvLcYkqUYGFj+uQBMKtRmFtMgfIPTCxMsDTX8EopvMrwTr9A0CCOB8m4kV0CJiZ0aOyNLQ2RQV5MQYkOGTQoL1SgMHwOcyON5+VlZP9eAfrP0c7KVKfR589sOy0Ky8guqMCgjjaqqcMDbmSXUIEBNja6PRca0jZPDZUOT6uu8sJifi/4A5N2LbCs1XDwAHnufUqUf2Cg34wOVnVYRP4s/gf1btC4KlcgV4CpuWEDQks94EZuCRVK6m1H9ZxTa/s8oFD+B4amhhSfOU0fn1zeOubDgj5/kP37H1i0M8W8lu9J79NzmFiYYvkEL3yt8+KfQkPkVnAj+z4V+gbYWD2Zl9Njy9CA+VYX5fJifi/5AwN9Azr8KbILBAKBQCD4/4wwsAgaRQezGncvCATPHFc3S+Lj5PVn/H/K48r/v6q3QPBX4p3gHgQG93jWYggEAoFAIPgPIAwsAgGA/CoDuv5CyUwn0lZ3edbSCASC/0Hk0fH0mZDHnIOjVde+CwQCgUAgEAj+SggDi0AAVB5hwLTZf8BFXiAQCHRQXsaN3/+glU3Dj6QIBAKBQCAQCP7/IAwsAoFAIBAIBAKBQCAQCARPiLhFSCAQCAQCgUAgEAgEAoHgCREGFoFA8N+FQk62XAROfZoUyq+Se7f8WYshEAgEAoFAIBD8v0YcERI0iuSrqXwRs5PCsuLHLsO8uSlvDnsNp849n6Jk/1nkVw6w87I1b3s7PWtRHp+SE7i/8wbuM0/ySf8Oz1qap0bsdjeGxvcn699jmP3OG5S5bubkNM9nLRZQTtLRMH7tMI0ZPS3/QjJcJXDWC4T22cytgcm02bgeMGfLggRmdKkWKSRvF70+WkQqjhxbsZ/hLRtQvOIqXx+MxcVnGnZP5fZmOSuCBxBsHMS9RW/qvK5cnrxapYduQmae5MM/850oOcmEd6bxPRAy8wwf9n9W40EgEAgEAoFA8DQRHiyCRvGkxhWAwrJivojZ+ZQkehbICV31NgFZBc9akCdDCfeA/y6/BDk/nc+jU59h2ABlwL0Hz1omCXlyKP32refK/Yq/lgx5SYQCywc6AkpVYiF74xJrZE2IP0Qq0JhRFbtjClOPb+ZyWcNFahAFd6h9plLW+gSg8CmLUrP6Cip9rBQ8u/EgEAgEAoFAIHi6iOtSBI2ihnHFcBCrZ75G+7IU3vvyC67W8r3OjgF8Mhje2xDKVV3l/KUwxMwYejY3eNaCPBktPbmwKetZS/F0kScRUQqT+zkD6c9aGi1M9fUBMGxq+peSIePCD8BAPHpYwkV9dfqx84fJxh0bdcpVDiadVn1u+B04Bs1aA+WY/Am3EtfvEGNOyKTVDDVFw8xhQHfHP8l7RVEOhkbQ3ARxCbNAIBAIBALBfx/Cg0XwRNg7utMeoLkjY2yNa81X8OCPRo22wA9G4h44nk9TpX1eeXIY7sEjcQ+eS+xdKU9sxFx6BY/kxRWzcA8cifsHIVxQSM++3zoD9+CReG/YpdpLv8pHS0fiHuCO+wKvBpc9YcN31SSTs37laIJLITVpPp0D55KQf4YZwSOZsSEA91m2NJnlxvr0IsrlZ1ixZjxNZtnSZJYtnYNn8HXqDQAOb59MZw15kZ9gcqAbk7cfUdeU8WMInefPUMlUTuzhEHqpymoyy43AwyfVfgIZPy+nV+B45m2YS2dVnl5LQ4iVq3KU6JAxOYYZgW7qdoAiDkcE4T5fVcf8kbynUYc8/TtmBDup9fFeE8aFkrp6se7yMhK3M1mrvNUkVZZXcoYZgSMJ3LWaGYGV3x/P1uRUju8PUH/HfeVqMhRVNWb/dpRUujGsu44FsqrM9/aHaZTpRuD+kwAk7Q+gc+Bkvs/T9L7I5L0P3PBWjYO626CchMMhVfrOcmLyhu1kK6Aw9QuarZOOpHz5pQeTI06q+yxwa4C6X3stXU5SXjIrlrqpy5inkk/SIZVP1+keU9LYHMnk7du18nivCSOjFhnqkrlSp7jEGLD2xskQKj0/ehqbQ+leoq5UtVX5lViWF1R9T93m8zXHmHbahaMBuMamAJkMne/Gp8lyadwHziVWY2xd+DGIXoEB6vFReOUAgUtHqnVsMt+NeREnHsMbqxMjXvDEo78nw9U/7lgZSu3lHeiG95ov1N4mNdJKzjDvg5G4fzCXrT9+wQSNsb4iPrOqmrtneG/pSJrM70GTWW7M+GItx6pJUnjtSA2dJm/dTnajdRIIBAKBQCAQPCuEgUXwBLRijGNHSnNiOXsPXPu9oPV0rNcCwueFsWveGj4Z0AWUfzS45I5kEleawtaTSQCcPf0NcQWZxBUc4ehlOXCVvT8fIbUgkwftunGvNJO4/HAOXyoHUvn2bAxxBZkc+/UQyQrgyjFCcjKJKyui03NZDS671NKqmmSGdLXzwg2gxSD+3s8NC0rILchk26+R3JM50tOwNZ2anWfyIj+CM1LwcwkifOwbWBfEMHWdOyuS5XRs3Yxr+eGcuFQEQMaF79hdmsfu+ANkAFBE1E/hXFOY0bYlHN8+nqEHwimWjWPLpKUEW5cSemAaw7efAOD6pVhSS1NY/+sRXhy+lG+GjyM1J5yhiwJJUgBKHTJaPORsaR63VMdFDm99hTHH95LT4hXCJ33IXONMlh+Yxjs/X6Uw/QvahP6TbQUyQsYu5XPXYRzLWIPje0EqeWtSV3m58SHYb/mI3QWdWD52KaEuAzmWsZ5+78xVy5tZmklo7HrOyqYS6jGOTooUZm4cy4ionwgYHkSwbTfistYz87sqA8TZXyLBYgwuJjoEUpW5PGoNJyxe4fNRbzCCPEKjprEitYjn7btwrfQ0a45XHX2RJ37H8vw8WnW0q7cNClPDcD0Qzr0OUwmf9C+W95Sx+9ePGPbFAcw7u7LczhEA0w7eeLaXqfss9GwkLq6BhNh1IzVnM/0+epngAjtCR83lJcNC1kdN49P0IiCTee+NJSBVGlPfTJiLnWpMrU+XxlHRvUx2x39EQCqEDA8kwLo9xzLW4LvtiE4Z6pIZAMV59uaAX/9BWj4pPp4zcAN2x51Sp52J2w0MJKSPo0bOEs4qqsZY9TQD0+68ZAhgzvQ+43GQmXI9+zTXSrMo0TjFczPnV1JLE7mpBO4eYcyqtwnNKSF4+FLCx87lpaZ5rD/+BiuTGxvc+DYH9+9iz9FdfH10F18f3s6e5KsAVCjvcKw0j2O5d6i0N9VIU5aQkp9JXP4RZu5ZwfeVGRWZBG+fzvdyQJHKjCA/lueoDC6GeWxLPa0lBYpk5nwyl9CcTDoZOzLCoj0o8th99iNs11U3"
11:15:14.553 [Forwarding screenshot on session 7836b5d0-bd7a-11e6-9730-e5ec4f8847f6 to remote] DEBUG org.apache.http.wire - http-outgoing-0 << "8moT8lMITT5qovMn5KeQRraHQCAQCAQCgeBJEEeEBI9PmxfoawRnf/2Wb2Q2uLi4MtbkIAdKwN5pPq/adSQn4yjH7ljyqmvf+sIeaDFq8EgC9h0h9befyKUXJ37LUz87mJLOJ51zWK8AaM/04W9w58rnzMuHwynneds0nd3q3Kc5k1uEQfJP0q8WrzJvaA47G1q264BqkpkxfHwQST+Hc6+LHx9OdoeSE5QBnWyDiFsoBdXM+DGA74G5E47wuXc3AF53csD9o7cJ3rudGYHj6Hkghu+SzvN2T3fO/pqgKj+BuGtg1yqR7/LBzXUMdoqTzI/PBOsg0he9KS10X5hAl5U9mBm/jtiXPTFoKi1/q+qbTB9TsN8Xyc6kGzg7UkNGSk4QVKlWyQlWnM0E2VwSP34XS+D1wfbc/acfKefj+EK+AujGoRVHeLElwGRGWQdgu2cv2xPf4ZPqQTrrKe+7wnCpvKX7edFSKs+97Vz6HTjCv6OT2eUhFdPJ9kMSF07DCHBS/sbQ+ExCZh5SBSDtT/qsl7mkXrwnE5kBL40arDOwKfpVZaarypxub0qz0DUU3S/GvP9LhBivISR+NxnT3LGjnAM/bgYcmeXRkS9Xja2zDfxuScethvcZx+svOMELL2O3K4SU5sYUmvTk7RFuBGek4DviPWY4mRF7SdVnk47w+QvdgBHcmj+S9YphxC/fyiBD+HsnJd9v3Myt4mIyftzAegVMn3CEraoxNWmwE+7vvMG8iG94bdFLKkPAQI6t2KUKMDsG5r9A6KXT5JqE1JDhwuE6ZAa4eJJjmPNNr27ab0H7ofhZr2Fe0nGyp3liQyZ74zPp5PIpQ82/oaExWOxc3+SfV3/g+9hypk5/Fw9DiFX9r6R5AE/6bIIBUJifD4btCX3zB97uaQbAxE7QbN16FA8qqn2zPvJYHrVIO6nneiY5ddZK0nXUyBBAH/VRn552H/Jj4DRIDaPNujVAHomXbuCmH8E2VZ6QaUf40LUbSYcD6HcgsqqwsnxyVB89XaezyHMQ189u4ehNU7p3rW7k1SZkaAgAH8V+pJX+oceH6mcCgUAgEAgEgv8MwsAieGxG9u0L3CD+OtwsPkepy3he6OvIgZ9TcOjcGZS/ERp9kJvA7ebtWej4XIPLtnMZi9u+I8Qp4jjwsy2JGsdAUi+fYE+sajli8SIvtDejYPBI2HeEuAs/EmlwWausn88cojBd2jF+acBIBrnkN6JsXdIVSwvZB9rBKe269FYv7K/n/Aa0Z7SLxsK0/SBetIA4hRKF5SBes4Dg83HIaUlURiEjeo6jLDWSE+mZjLU4Thzw+YD+FGZ/Ix0nyFlB/+BwUACGkFoAcJsSJZhQXqM+u8FjcNsXSeJv6eBYU0Yt7pdyD/AbMBK1qcRwALs+ywLkfBT8AZDJmCVuqO9+KpUMUwdTUvikv2cjyktlxizA1g9PDbuMs8fLuB04woWbVcGDrdvaVovm0Q1X9fEfK1yM4ZLqt/L0U+wGtjh116VhVbt0sVeXaWTVW/JGAqADr3qPJGTfEb5JLuLDrvF8lQWdek7Hw0TBT0rqboNRnvQ8cITQfS8Tug/crMfhN2QCbw9xxxyQKyULo+JBMWCGZIToxninyj5ribUx0PR5nlet6DVH2PXs3wDYtm8SZ49WHscrlYLK3sqjGNWi37gXfdS39xjTxhhQGGIIFFeToZdT3TIfP7cfDL1xqfYeKPQ7MtZ1JPP27CXqygrm8hPrgdDBQzE5t426MaCFxm8VSskYU1FGQ4KmYG4/jZOfOLMn+nPmHbvMZfk5jhXUFpY2kxVrQjirbIYRUF4KL00OZaRGjpd6TsVeZSUpryjn+d62dUiuX+sz32GjpbHeuTcjQHpn9eHixV9VOcbxqqvU185eExhxILLqmFBzGdaqj9uOv82244BhN6Z3H4NP19611llJdSOLMK4IBAKBQCAQPBuEgUXwmDjibmMKmPL2vDB1qnHXodj/nALAA/kVbqrS84tLG3cgraUrfjKIy89j3s4VALj1fAPHvM2sLwjn1eNStpdUC3jLSoNMwWbVM3MCPMZxPDac72MX8T0A7Znk4gQtixpVdkO4B7h3qVqYSXvopbXeD2KIJcMHDCQ4KpYDP+pLhoHRc5DnRRL86wFcmh8FxuFpb0ZF8h0AOsnG8Zp9BxSqRfIMY1PAguebw02MgHwqtG7MMVDLpktGTcqL7pIKuDTT3v0vLylCoV+17p3bezxtVK5IhvqmGBmUY9remurUXZ4J5oaAvkk144l23nuATw8d8mp4QmnYxkg+Fw2Mw61T7QFWa7ZBhbp9AOwG+zFi3xG+jDvOiFsniANChw8FFPW3QXtPLvy7F3uivyPyXCy7cyKJ2xnJvKg3yFke3BDbQZ0YqGbrl/q8gkvzSt31mWFsBM2681ihc9u/XIfMfkSdz6Nn7+EagWwlFPfBymUsPfccITL5JF0r9gEjGWdvxs0zOrxXmlb1bXn+b8QB7o8jL1CY/gW9Q1dwDehkMRDPjq/xea8s5sUeqZm5JIezGac5ZyiZFa8pCuldrND4n8+Rt94MwaOuzjGsMqpcvvZbrdkUaoNrLW+9oWHtvjWGTuz69wHc9qxnw/kjpCoARSbbfl3Dtl8v8mhT7VdKV6JpUBHGFYFAIBAIBIJng4jBIngs2vZwx0YPzp3dy9bovWyN/opvLlwHo26MsWsFQFOLjpip8hs9V/vOr27M8Bw8UivFy20q45/XPKqgMpiA2iBTRV9eG+WLi2aSxXiVR0ojy66FGvcgaXq06BsBhaRcvlGVVpLOWY2bnZ1dxtCJTGbuWQ+MxK1LNwbZO0LWegJSC6XjQYBlVxdVzBc3gia/y4fTgvlwWjADmuby85VrGrEqCsnIL1KXn33uMHHA8O72umXUwEhmixuwLTFBI/Uq77zThxYhG5Biiw5k+rSq+oMGtONC+m/IdVyDXHd54TQ3BjK+I0HDQpKrkrdXWxmNR86xX1Lo1HMYdvVlraUNADBxZ3bP9lxL/Seu+46A8VR87c00MtTeBkmHg+i1bBs9xgez6+MjPNp0hs9tzaHgMIlyQNVOj3uLkIm5BQD2/WYSpKr/w2m+lF+P58Lte/V8u1J3bRnqlDk1iVAF+PZ11FGQAkyGMscajh2fxojYTNxcX8aGauYFJbQA0q/lq5N+v6H75ioDlReJZCQsoURjXN0sqop4e/ZUONeA0H+c4eryXWyd8y4TO1f2UTUThokn+zZlcfWzZK5+lsyjTVl8qHWcrVzynKmLgnNcLAEo4kzGuXoy16RHjz7SB8VewuOvAnDh1GGtILeFV75j3hehRP9uxhcfZfHo3yfZ5zFM9TSlwXWFDA0RxhWBQCAQCASCZ4gwsAgei9G9u4Myk4jEnzmR8TMnMn7hwM9HyAH69n6By7/LwciRef0dadtyCG/079ioILegOiak/q0brl070Kf7wKoMaoMJ1DCaWA/AuWVPhtpVHYjxG+Cp9khpVNklJ5k835YJuyqDqUpLyGtn/8V7Ed9p3LhShcfw2bgBIVsm8dHREyQkf8eMD6ZJcVnGvCzJ0d6DyaqTHp3s3LAD+jhWSfXygP7SB5P+/M0WrmX8E/d1YcSmn+HrXTNwjdrL9/kg0wjoGrzuFdbHn+T40eUM27kXGMbEhlw5a9KfN+3MIesjJmzdTkL6ST5dM5v1gJ/bBGaMegU4Tb/AGXydeIbYn8NwX/VPtuWcw+b5jkAR61e60SRwLgkl9Zf3+vBxwGlcQwL4PvkMx4+G4LZzL9CNiU496xC0FiqvZ3Z2bvx3qzFq+FT1Zz9PX6QIGJZMqqcNTJoWkVqwl8krl3M4NZnjP+4hMqsQ6E8PSzC1kAZUxOEP2RqfXKt3U204e81hBLB8ywgCDx8hIfUI7y19ieCM09w1t8UcbY+eShQa/1aXQb8OmZvdOAE4MqKHLj+uCsCIUUNeUaf8zW2w+okafQOaA99HvcunPx7h+8MhqnFZ5RUlGVQyWbttNbHycp7v2gfII2BdEN8nHmH9hvG8mloVJ8miVUcAfj5znKQrqRw+HEL/7VKZSRfTtXRuCPX3w2mGvueGe2Af5mXVPIqkyz6j"
11:15:14.554 [Forwarding screenshot on session 7836b5d0-bd7a-11e6-9730-e5ec4f8847f6 to remote] DEBUG org.apache.http.wire - http-outgoing-0 << "mWbpOA4/1eeQ7S/QK9gNxz17tfKbN4PDGTF8n7MX1w9HMuPLZWz8RWXMMXRDIBAIBAKBQPDXQBhYBI3HxAsXC7h1OZ6rWg9SiLlaDJZ96ZT6GVF5xfRyeZM1k1/BprEOLCB5pVirDCQyL/qYgGV3d0aoHk930z7Co2k0me7kCoBbP29VSjcmDtbwSGlk2XcUIFcHU+2Aa79hQCbLjy/l4n20YkoAYDmSQwv+hZ9xHiH73sB14z/ZVmpOwNjtqoCmUjk+rpJR58V+krzmPdx5CcDwFUapPSfMmLHwRz7v6Uhc6hqGhvoxNTaGTrJX+Ck4GM0QmJ2M85m3fRoj9m3mmvEw9r0XyiCVAaaGjFppRrwe+D2f9+zG92c/wjV0GgEZmfi5/ou1L/bEZsgKfpkwlZ6lMUzd4sfQnWuIoxuh0/Ywqb0RoKCoNA9K81TeLnWXZ/dCKPFjX6FTQSQTNvoxYl8414yH8c2CvbzUXre8BvpGgO7jP7mXjpJK+2rXM0uL+xYaByHrbgNVS9i/SIgFwEBmeVQZe+prAzvvjwjvM5DUrM2MWfcyI/as4ZjhQL5Z8BF2gFGXQQRbQGpOJDO/iaSwFl00zxIZNJO8wQybGoCJO3vf+5TpxoWEHpiL67q5LM8pxM/1X3w5Xhrb5jreM3N9wMQUUx0yWNQhc9apIyAbrbqeWRsz1dEvm74vSuPV4g28u0j6WLTW6AMTd1ZPmkonMgnYM5cJB8Jx7TmSTlQZQfr0nUBP4Ptf1+P/QyI2Q95hi103ruXvZcKWucz7FYJdhqmLdPZ6iwCZOd+fXUS/VWMZcyCcF13f4CVDOHblPIVoneqpByMMaslr6TSPbypvRFLkEVfqyFzVLUxVfWSgDnJrqD4GVS3N0Ilt732Kn+o7qQV5jLB7hZeMK4sygPYvEzMziBHGSEeDUo9wrLSQTrJxHHrnvYYqIxAIBAKBQCB4xjR59OjRo2cthOCvw+TP/RuV38ykA+31y0m/e6fGs10asVv+kiiKKFQaYG5Se8wPALn8huQ9YNlBd4DZRlB+9wa/31ei38wCq5ZVR1dit49kaLwRP/17PwOUN7j9wAAry4ZGkNFVB5iYdcCyxnXHReTmFYC+Ma0tLWszETS8PEURuXcKoJo+jUYhJ7sIbB5T58ZRTxuUyMm9XwFNTXXqVFhSBPpmUhyax0Quv0EJqjZ9jHJqyKBD5sK7NyimFVYtG9LL9aAoIreoAJq2raW8cgpLKjA0MVO3Z/ldOb/fr8CiVQedbaV+r8x0P39alN+9we0HT+P9LSdXfhOa1j3W5fIbUpylJ30nBAKBQCAQCAT/cYSBRdAo5nwZTGFZjegjjca8uSkb/r78KUgkgEoDCxpXCAsEAoFAIBAIBAKB4D+JOCIkaBRvDnsN8+aPF6SzEvPmprw57LWnJJFAQjo+U+stJQKBQCAQCAQCgUAg+FMRHiwCgUAgEAgEAoFAIBAIBE+I8GARCAQCgUAgEAgEAoFAIHhChIFFIBAIBAKBQCAQCAQCgeAJEQYWgUAgEAgEAoFAIBAIBIInRBhYBAKBQCAQCAQCgUAgEAiekKbPWgDBX4uDaxZzreur+Ps4qFKKObHpc3661ZJX356Fg+qCIUXmUVZtTWNkYCD9ZY2sJD+NHTv3cTrtKvdpRvuuvfCaMBGPbhbqLNmxO9j4bQx59zvz7qfzuLnrcw6ezYTOY/h48SQs6ii+fgqI3/ctkT+e5fZ9MGvdmYEjxjLeszeGT1RuPSiy2bczhjID7buAKiqa4zZxAt1MIe3EHg7+lEqpQUtcRr6CT38rHQUVc3TT55y9C/pa6Uow6cM8fx+e7B6omvWd2PY5P2XD0Onz8LR5uqVDMQfXfIrSex4THCwozk3juv7zOMgMyTy6ia/T2rMgsJE65cayYtMFfBb4q8dsdRS58Wze9C1nrhbRecB4Zr3hg1WtA0BB/L5vSS9DdZNTBRVYMmKi7u+kndjDvmOnuXq7iGZm7ek10IuJkzzU41ZTxyeiOI1Nn+/jbrWRYNLSil7DRmu9U7WiyCfzGnTrJkORfYJV235jQh3t9lTJTyRszS6S84ro+lIgQRMc6v/Ok1KcxqZP93FLvwOTAqbTTbMLFJlsC93DDWyYEjAFm6c4ITz2WG4oGv34dCnmaNin6gdr3gAAIABJREFUXOo6CX/vbk+57AbUrvNdqW0OBFBCSxfmzfJuVDtnHgzj60ud/rz+EQgEAoFA8F+BMLAIGkVZTjqxaXFM9nGQFoOKLI5FJ5EFxFwYj4Or9Mf75eQfSckqZWTzxpVfnLaPt0N2UwRYOQ7C3vgusQnRpCdFc2F2KP6eVkAu32+JJAsrHB3aUHbuW7ZEpyCzd8S2Q2uMn0jDbML8FxCbD8js8XBqyZUzCURsTOFQ/FS2LPb584wspb/zY1QU+TUemNFl/AT0jy4hZEsKZraOtM9LIHxVAoWLNjGld/VFspKrZ5NIKdJViTFl/jzlBYKSy6eSSC+Clr+X/QkGFiWXElIodVYyoTiR4IBVWPmH4SCTcfvSWdITnCijMTrls2lFGEn5ZgxS1p5nc3AosdgzapiMqKhw/t2iI6FTeuvOrkgncnckWVqJZnQZXdPAkrlvCSG7U8DICmcnB0qzEoiOSCcus0gaX9V0fCKUhVxISiHfzApbM6jAALhNUlISsdFHKVq1BZ86rQTF7HjHn0grf74NklF6+zdS0mMZovR/MrkaSOK324nNKsTW0QEHu3b/kTpRFnIhJYV8UmiZNJ5urlXvV0FKDFFJKcBVrpc+XQPL7bRo0hM8qHVIPhHa/fh0UXL1TApnKjz/8waWWt8VJfdyL5GZBwZUUFRUDoCRmRkGVEBrm0a38+1ryaQn0Mi5RiAQCAQCwf8awsAiaBRO7vZE7E7nSjFYmEJxepJ6UZl8Oh1cZYCC1HNZYOWLY+PcCti+YjdFyJga8jE+DtLCxr8gkcWzVhG7cR0DnFbS3/g6aeUwKOBjAl1NKT6/CTDjjSWLqWX522DOb/uM2HywH7eAJVP6S4n+xRxcEUx4UjibY13w93jaCxQVFq6Efeuq/rU4bQ/TQyKwGjUbD4tsVmxJAVtf1q+chCGZrHj9fSIjTjGxd02jj34zoAjsR01llL0ZSiXAA/Rb2PE0pVcowNBQH2MzqT6Der/xOFgwb8c2MDQFxXXuAybNJcudvj5g1pzmVcLUW9r5HWuIzgdopmN3W0VBOsnl4Dzbn+meMjg1kZhb92ovVH6TPGDUom1M713XoC8g7scUsBrFptDpKo8VBUdXzGVL0n5OF/jgYYyWjk+EvlSW1+yPmdW/Sq6C83t4a2kER2NS8LHpX2cRFffBzESSxaK/Pzu2vYHhf2iFaaB/H4yGsXLx9P9MhSoqx0Xy6WRw9VSnJ584q/pUx9h5TFzn7cA50PBPM+Bq9uNTxwAM/pyXv956db8rFkxaspVJABSzzX86Ufe9WL91VuONI6p5xbh5MzDSf+r9LhAIBAKB4L8LYWARNIpOTk6wezcZWcX0721K+ulzYDYIX6csImKTyMUDK8VlUrPA1tcJQ6Dg/EFWrg4nqxzACI+pQRpHjKooPn+M2HJwnvmO2rgCgEV/Fiwax/SlkZw4GcWBHdsoAhJCpzM/2onfLyQDsHTi64xasJbp9rfZtuozotIlXxArZ1/eCZqEFQXsWfwBpzHmdnoW5Vbj2BQ6peo4kSKNiKhcsBrHgimai05TfILm8OvEEGL3H+fVjpaELNiLe8inTFKdk8iP3cS7YbnM37aELlm16VtP/Vrks2tNBBgN4p3p/aE4nkvAoNFDVQuwbvh4W5EU+SvX8KG2fWMbZx9ca1idJDkO5bVk/r+W0N8Czu9YwuqjmXT2ns+ScbDk7c+ocBqDXclJIpPyATM8pgaq+y03fgcrNkSSXw5mtvaQqy37wbAw9samI+0bm+E4ajJvT/fUWtwUnN/BW0svMGfTSlwtIDd2E8FhWfwtdCWeVpAfv413N9zg3fXzuLD0Ayp8AzDYtYoiIHbVdPLHLWIszaDoFKsWniI9qwgww2v2QmZ56m4RReY+lkZmIbMyIz9XZxYJi3Z0NYKkXTuJbdqG"
11:15:14.554 [Forwarding screenshot on session 7836b5d0-bd7a-11e6-9730-e5ec4f8847f6 to remote] DEBUG org.apache.http.wire - http-outgoing-0 << "mCJo3aZFrdkLrl+iHDM6NSskO+06tO6IjUz3Uk55HzA20NhBN8R70iskc4N2+gXsCNLWccmUVhwM20R4bLqU3UiG15Q5zPJ2oDhtH8ErDqPfGnJzi7Adt4iVOrxslNX26y3sbTEH7pdJ6cXZsWz+LJyEXMntycjKmZnzA2h9dhVRkjC8njOOT6bqE7Iildlrl2D/+z6CV5zEysGEpCRJNttBU1kY6IMF0pGXlVuiKQLMbB1pXXoVE/dAFk9yIPPEJlZulJ6BDK+Zkj6aJG5byKroIiCKia/fIHC+Azs/09b14+EVbA7bSGy6VJKVsy/zAyZhYwjndyzmq2wrrEviSMgqBzN7ps724tr2MMlDzciWmUEL8Xao9gbqgxIwMjOiKOEn0hSeOBgCijSOJRVh62xLVlKpOnt2/B4+2xBBbjlI78l8/H166+ibt+h14Ruyre0piI0lFzCSOTNncRCuMkjbv4oV52xYu3IKOTsW81WuDV3uxhCbVY40rhcxy9MGyOfgmjWEJ0imbftBztxNK2Xap0vob1rAwTUr1c+MZM7MDAqg9Sntfly7cgq/H93Ghi1VHnO2g/wIDJyArFHzVHUK2LHwA506Opcd5Z065s3+ZNYyb1PLeGmn413RZWKvGv3VvU9q6zuQjgiGrthAkjTJYW+WDwa9gNrfF4/mp1novwXbgNXMUnlzFiRu461VGczftJL+T3Z2VSAQCAQCwV8AEeRW0CgMbZxwBC6kXwcKOHc2HzMXd0YPGwgkk5YP5GWQDgxw6YQi+yBvLQ3ndudRLFq2jNmjuhEbHsKa2Jqr27LSMkDGEFebGs9Me7tgD1zKacKrs70AsB81kxljxzF7nCMAXlNnMqxLKZvefp+odGOmLgghJMAXZVIEAYv3oQBK8/LJTc/CaZQXHr2stY8TlRaSBziPGapjl9OBkV5mcPsef9g4YEsREfviVc+KOb4/mnIrO2xu161vnfVrkHviS6KLYNT8v2EFUFhMBdChXdVObUc7e+AqvxfUUggQ89US1qxZw5o1a1ixYhNpxVL6vbv5lBfdpUyVr6I0n/Lycu7eUwJK8ovKSY+NIDJNH1srI6CI2PANxBcD2QcJDq0yrpjlpaN5GilzX5hkDLByZtw4L6woIiVqI58ezdaSzaKtNQZk8XOy1DbJ0dGUk0V8spTv1xNRlJvbYGsK9/Lyuac0YfD4UYDU968OtUXyNSgiz2QYCxYF4GVbQfTGz4jX2SbZhL6/G+ynEjRzMNLed210w2eMPRQlEBYWicGgmXxc2/Eg4Er6FaCIje8HsCAkhAX+01m4KRZFjZwWuL3oCFmR+E98nYVL1rDj4AnS9F0JCppON1OLGjqeWBFAeOxVxs1exLJlCxjV7T7RW6S+UJbJyS8vIje3PaO8BtHXtm2NGpsB+RnJnD+fSGJiIvHxJ9i0dCP5gFPfLkAaSxeEkaB0ICBkGSEBfrTOTSLss/1YOLkhA4zsRzFnsgv6ZXKKyvMoo7LuXJKSYOaCRcwcZU9WQjjfJhZQfH4H72+JppmzL4tCFuBCJln5ReTLC6E4npUbo2k9ajarQpfh53yf6C0hxFbrsy7DJjPK3giMHJk5ZywWyuq6Kgn1X0Vsuhl+ASEsmj2OoqQIFgTtoBioKL1Lbko0WS3HsGDBVGwr0glfFcYVez8C/P2wKs9iy77EWvt0wIvemJFOXIokWEFSDFnYM2KQnXrsKDL3sCA0gtudR7FgWQhTvdoTG76UJQczdfSNJRWl+aTExtLFz58F/uMwz08iNOwgCqDs3lXK8yQvqYrSu+QmRZHc0psFi/zxsCoieuNGzisgPmwJ4QlZeEwNICTAj7sJSeQX3UWphMw9KwlPuI3fgmWsCplN5/wkwoK/wqxaPz46v4mQLVHoe00lZNUy/H0HkZWwm53xknGjofOULmrTkTrmTXvT/Nrn7VrHS813pTb0q/1bX99BLp8HhJJ0vxuzF4Uwe7AB6blIL1Md70uxrAvWRuVER55SvfsKTh2IolxmRxdhXBEIBAKB4H8C4cEiaCQ2uDjClnNZKEYXcrYIXPraY+pggBWRnP01FwfSAEecbAxJ2XSUcsyY8vqLtG2uxHr8BAadSiFh/08Ue0zRMmQU3rwL5FOs85B7O2zM4CpmOLj1RbYxGlkvV3r3MaW4SRwbI2X0HepB++t7iC4Ce9/JDO7SGiXDmTzqNKFRhzldMFTamR7kT+B0j5qqqf76NjGrzY2+GZTncLPYCm9fWxIijpCo8Ka/PJ6juTDIfzjZx5bUoe/ouutXk8v+r5LAahwTVVuexYVyypFh266qYSp3ZetyWS/PTSFBbcsyYpByltZ3qr6rXYr0mz2Ltiyht2Eua2YEkFAESiUkHvuRcsDMeSZbg7xBkcbiKSGo/Cu4nZcnfSi6S6m+Ay/4+dK8iwsu9tUMZ7K+DLOCyPg08CzjrKqAzF8zwUfJjylgP3Ww1lCwGdgLWVgUsl6uOFiZkogSGMQni6cgAxy5QPTSs+giNuzfJGHPsiU+WKVtk/SsZeV4fs8SlkakY2RmRHlROWYtLDDIT2THT0UMH+9J9dizBsYmIHMmIGgerpZKTnwVysboMHYO7FvjyJDDhMWEdTnB/qifOJuUQGRKApHhGzFz9uNfQROq6WiA/pDZzPa0xbN/ewry5dh360xUSr7q2JeE37JFTOim+3CJPpAeuZGlkZqpVvj6L2SSqwwUMG7mTPQdXOlvCflyJc72kHtVjl630fQ128IpWS9ce3ejIDFGXWYlU1ctwdsG6G9GXNQCSpVKLpyJASMPFgdNQgb0XvkuWROXchvUA/f2jctcv2PL0Dc/oudt6FRtAWph0xtnK3OirrbB1bU3ysTTWroWp+1gOjAu5GMmOJgCDnzCLfw3xnCuYIp0bIxBahlwO8qqaFuC/CcgA4zTD7M07hL5eNc4NncfaG7twjBZJJEnkpnV35PEE7Hg7I9T6yvqfCkxJwFnPl4yHRuAbosoy5pCxN4Y7s6v3jcFbNoqvf/+E1Tvf3oMq+KuUXX4TLNlB/FR0BSsAPu/pRO79Cz3SrNJiM3HzCMAfx/pOOHH5DErVPLiu6+sACq4mpGN3eA++K9aRqF+a6yt9LX6UZGvZOZMe/p4e9CioIDmth0wouqIX8PmKd0o79emo0+t86ZB2k+1z9u3ZgC6x4thtfmgMdTVdzkd9UkAxgUuwNPBEHovojB7CrvzAEXrWt+XMqx48RV7YsMPc7pgAh4ksT8dnGeOeMLA6wKBQCAQCP4qCAOLoNE4uDjCljROxxtQhBUD7U0Be9xtYffZU5zSzwTHKdgAt9EH8tnyfrWgmM1Ka7hrt27bEjDSPSgVWWQUgbk+UKGU9o+VUgnKCoD7KJVQWigtVdIjljIrQrMAK2npUgHdHDrWqlszICfrd3T5cpeVFoJRL6xNwWL4aMwiwjhxOh/zm0cox54xHjIK0+vWt776ARRpp4gtB4+Jw9XtY9q6HUbkk3G9mP6NuL5l0MwQ/tanNWVKJaCPZWP+ypdZYW0I0JwWqpgumsu/IqWqpww7YmeFtMMLuE6cwYnkDaQUZREdURmh5xDXApYz3VXz1iNTBr9gT2R4Monn5aRji59fS3bvTiYxUU4WZvgPtgE0XBuq9T3cByNjtVylFbpVKU7bQ1hsPljZk3H0IDFnTwEVnNi5B4aNpr9mYN6CeD6LSEHmMZswf09OrPFnY9QqZsZAebkM29E1DSy9Jy3h20lVv3tO9uKr6HQuJKVDb83jZsVkns+iub0ns3p7Mgsozs/mp283Eh67m13xg/Hvpa1ju9aw57MFbFyl1TkafSGjbbvaI3coAQ//MPw9ZBTnJ/L5e6tIKoLWXVTHqAxlmFdcYk3AFrSr0EdffbyitpCgZrQyr/xsjpURlAL6+s2g/K7Gt2yxM4M8AAtX5k89x2fh0YSlREtVOY5i/tvT6VZtaFeoPEWqyqnSVVlWChhhrWF0bG4mWcykttEeG9V/r1DlrM1AqTRoxwhveyLD48kubsuPKeC1aCDGD9Jr5K0qwxB7O5lKUW15Kyut+f7rkkGStdLUq1SNa/2717lEpeeRhEWXrhiRjBLo"
11:15:14.554 [Forwarding screenshot on session 7836b5d0-bd7a-11e6-9730-e5ec4f8847f6 to remote] DEBUG org.apache.http.wire - http-outgoing-0 << "PeUdfHP/TUTkFhIiAYxw9p1DwCR7rX40bGHOveQt+G8J0618A+apWqlDR4da5s3S+Drm7ZZ1jBeqzweNR1ffVVSUAWbYqvvOkC42MrhKPe8L2Awdiyx8FdGnsuloEEURVowaquu2N4FAIBAIBP+NCAOLoNFY9XHFjI2E7wBs/bA3BTDEyc2R3eERRACDZkvxFJTKIsCekG+XUBlhITP+BNnKtlSPaGHRsStGxPLVl0fxDPLWenZ+fwRZgFdfe6DmAqcSfWPpz2WvBZuYVen9kZvIT8lldDGGc4CxqbnuL5va01cGURHfcH70ErQcD7IPEp5QjpFzZ2kn0mIg4+3DCP82jLuFuci8AugGxNejr7Ku+lWknzkJ2DPMWWNfvbkZ5kB2biGV9+OmnzkLRk51up4bmLbDQmZR6+5p5cK1qFTnlUN1Yqb2/vid7NtV6fll5ni+8hIOTdvS6kEOCT8eIymriKios9UMLGDjMhSz8I1s/CwJbP0YPrQVh3eHsWqV5MHTtzbB9RsbrFMfKzMZSmUy+/cmU1Eh6ZsUdYg2vYbTX8O5RnH7JkWAywAXADwDl/N7wHQicwF7H1xrrOMK2LfkA850mMbK6doBY2Wdqt18U3CO95eGYeu3jJUTJAOHqcwGH//J7I9dipZ9SL85kMvm9zeS8n/s3XtcVGX+wPGP5MCIchGlMQUNTKMlJSTvlpqk2erqz7U1S23X2NVN0rBCWy/rBrZIu5I2JRZaoa1rsv50cTUK18YLaDQaGD8RE7yM5oQiMIIDo/L74wwwwMxws62t7/v1MnHOmec8t3PifM/zPEczlOj4pwkK0EDWembH247Sue44/oF1Mov1LtJDM5DFr0USGaklMSoO/22LuSt7IyuSdQSGR/CnyQPx0/igWz0Tba41gSqsqwk3rSYbFmWhGZst5yi0LoJcWZzPZfcBvLYtEpUhn2OfbSVx5x52Hf05C5tcQPq67UEAM1cuV4KPbdBF2aWti5FaysFveDieyVo2vnWNAoJ4NsSNKptZRUo567t0wQgEcQMVDdumOee/U53vojuQl3fOuqA4FJ8+hRmlvMX55+g25kW2LfalMFfPodS/sTNlA4cffb1eO2a9/0dS9DA1agWP9gvGhyyenR1fu70t+XT6XQfXTZOT67Z/VT75jvrLAGu6Lb4eOG+7dq7uQBnnbfrW5W9LwRXKmzpfPAYyMUxN0o6NbCQP9dC5hHxnr54TQgghxA+NrMEiWk5zP6FqKDND/xGhtW+9CAgdhhoAT8JClRvpoIeGA3kkrU6l0FhMrm4jSxISSdJfbvy2DL9xvDQ1CLM+iZnL1pORW0hhfjZbV0cp0zX6z+LXTlYJtAAeIaPpD6QnvoUu30hxYQZvvBJPcnI6pW62e9rjw9MvzkJNHrGzo9iqy6awsJCM1PXMjE6mjEDm/64m8OPGqF+MB2MeBWY1434+rAXldfaCUBPHjxsh8H562laQR38eCYScpDfZW1iMIWsz63RlaEYPtvtWIIudn+ptvw5gJCkmjvXaRSRm2gmwOFiipP/ohwAoy0wkKk5LTOQScsx127/cvIKEpC1s+d/9lLX3pnOnDgB4du7SODFNKMM1UFYGgQPux8OnH6Ge1uM8MqjxM2nrvJjzRz8j31AzsqXhEq6NeQRPIWGDFq12Axs2bODtl8IBT6I2bmJ2gz7l1vdegoD0tW+gyzeQn/Epx2sCSHkfsTmj4fpBPnTESMGeRLZmFFJszGdzfBJm1ITe2+DJtU8Q4/2gYMsSYtZvJys7l+ysvayO+gtlwN1d3RuU8RvKATr3oGd3byry9xIfnw50aP3rfDUjeTEiDNCzVqur/bhzdz98vVVkp2nRZpqt6034cE+wmrLjB8jIb/wCcUf6jR4LZPLHuK1k52axflEceViT/OZzEhMTWL1Rh8WrF4H+dypfamFExCdsNEHAllUJZBmKMeamsUqbCepgetY2aVN9w9l2C/go09jy9AV4jgynLzbxHSBo8CBAz1+1aRiKi8lOXU1SDviNewhfZ+k6zIOjn2v0ZXy4BuOeeLSpGeRmbGd5gg5rzXL6kw1o419ha9ZFuvbszV2dVUAHVKoG7WgB6Eq3nj3paClk6xuJlGEdvWcnn5WGDLQxcaTlmxyWqnlltH/ddHrdvuKkv9i9HjjOjW2unLVdYMgI+gMp694l21BMvm4jiXpzvTTsny+KYRPHQVkeeWUwYcKI2s/z0zYStz6N5taiEEIIIf77yAgW0QoaBgzWoNNdZ1iozaN/v/sZ4QnpHQbRz3qD4xMymxWzKohLTiY6MxkAz6BJLJ1nf25/yLQYlrqv593kdBJWpFs/VRM2fi6/mz3GGqRQ4dnomx1wVwEEEB0fSWysFm3NNB11IBEro+mLhX2Ag1kkALgFTOTtle68te59UrSx1IxW1wSF81LkHEJs7sU9Bo5lqHoPmd0nUDMC3Hl5i1E1cXywUF4GnoMCGwQX3JiyaCn5y2NJjFbWUVEHTWLxbPuv2K0ZcGD/ntWHyXMn8Xn8TsoMetINGsLCAtHrC+jo3RFlkgfQwebbqrrU3PpOYWXERZYk6TDodRg8g+gfeJGcgjLcVSrGRa/kQuxa9uTpSU7UK3UQGM7C39prcx8GPxTEnpQzDA7tBbgxYJAGXfp1hg2qexNQbb359GZ4oJo96cnElHsyv2MH8HJvUM4ONEWZctHBQfwpmKgVs1i1IhntkigA1IEjiXrqPvbEJrJz7zFmNBiJM+6FFZyJXU1KQrS1z2iYGr2McY1mBmiYHbcS4teyJ30LOTVdHD8mRb3IlL4egG0ZI3lpehg5W1KInKGkHDQ0DHWmnuN5RgZ0VDVZXntbA8bNY+rB50jRadk9No5JQYfYmbyCGclKXsLC/NDrldexB4aGgj6ThCVXWbI0oDZFlWvjY9e0k0fwNLRRFv6QkEKsHjRBYfihx6fPXbgFhxE5/iTaPVoi9yhTVDRh03l6mL1QYYfahUEaHc8tmOiVEcTGJBEfNcdavWFELVtonZ7YsG90aPAecXt9p67OlHPIg+GPhbEzSc/Y0QNs9vDEXQU+A+ewdHo5sVuSiNIlAeA3dBbLZoSgytY7rB/7eXD0s22uYNicv3Kd5SQmJ6BDjZ8Gal4FNPCZhYw8HUdKfE0/VDMyYhnDPKDQph3/GP8rAnVJaKNmo0V5y1OgOoeCr07CtLsa5bP83FF0OXrcH3MSrrK55jguo/3rprPr9v19XZ30F0u968Gmhfb/v9LRev2yrU9nbQfwwsoIli9JIjZKZ61JMHf1xjdklNPzxccDPIJHEcZO9J7hjLJZG6n0zCH0B0OpmDOulROahBBCCPFD1666urr6+86E+AmoNGEsqUDl7o2PR3PGS1dSXKzc6Hf08Wk82qUZio1GLCoVGp/WLS9YaSqm3AIqlQ8eLf1tuMXlbT6lXO5ofNr4K7o1j+4aTet+2a8sxlgC3hr77VNpKqakwoJK5Y2Pz3/jGPlKio0loHLHp6auK4sxufk4rC9TsZEKC82r00oTxeXKZBafptrSVIyxwoK7t4bb3J1sDmGkAgfnS6UJE654uDXv4Maszaz+WMWiZdOU6WmmDCJnJxAYpWVhTSDltp0jSjvdlnOi1VmoKYuG7zYLJlLjYjkV/CwLJyoBSENaHFFJp4hcv4GR1qYzFRdTYbFzbtZrR2v//g6uUW3h8Lr9XV1TnbZdTR013ub8fMlm0YxYsJkKKIQQQoifBgmwCCGEuK1MuZuZvWIn+PUnPKgjx9MzMeJHpDaBJpdZEU7tjZtJot5MYNhIAjlPur4AgqazMWaKjIr43lWStnoxSZkGwI/ojQkMlEYRQgghflIkwCKEEOK2M2Sl8dHHBzFeq6Jz4ADGT55MSMPXL4lWKCZj+zb2HingmmsnAkMf5okpI+U1wD8Qualakg9eY8RTv2FiiEQThRBCiJ8aCbAIIYQQQgghhBBCtJG8RUgIIYQQQgghhBCijSTAIoQQQgghhBBCCNFG8ppm0WrZ27Wk5MLUeZH1Xl/sjMmQyznVPQRr3MhPW8+m3O5EL5zYysUZTaSufgPLuHlMCW7uCgQm0ta/xUGDhdCp85jS"
11:15:14.554 [Forwarding screenshot on session 7836b5d0-bd7a-11e6-9730-e5ec4f8847f6 to remote] DEBUG org.apache.http.wire - http-outgoing-0 << "IONZW7X886trjJo9jzEBP/DVCSsL2Ri/Ge8pdspfmc/GhK182+BFrxaLhR7DZjB7TAC3S36qlk2nerWhHRszZmzlnT1f0fH+X7BwWv1XUZtyU3nj759z56AnmTMxuEXpVhbuJX7jCaZERxLcwswWZmVA0DAadwsTado3ONVnGpHjWvvGkOb25ab3c5zP1rKWr9cUIltY322Rn5HKrj0Hyb14mQ6eXQka8jhPTWv7WiOtrp8f0DllMmSxc8fH6PPOUHa9A92DhzD16Sd+wGvctOZa3dpD5bL+je1cVdl5AbelnE7BTxI5pXX9uLIwjfiNp1p1/RBCCCHET4OMYBGtU5nN37boyMvR8bdPc5v3HVMWr0StIDWvBIDLuenkZZ7F0upMWDibmUP+5ZakYOHM53ry8nL4339m1d9Umcs/U3Tk5enJPlfR6lz9x5R/w76cHM6U2il/+WWO6nPQ557i1Km6P2fy87lwuey2ZuPy2WPkZZ7ldtbY6aMHyMnLIzPln+RW1t/2eeoOcvLy+PxsaYvTLf/mBDl5R2hRlwFMWeuJjl/HObvfs3DmSA5Hci+3OD+2aZzKzCG3yYw57/PO89n6vJ05ksORUy2v79bKWB/FkoRkMvOqCA4NRcNFdCla5kRtprgN6bapfn4g55Qpdyuzo+LZqcvB1S+U0D4dycvcSWzki+w13tZs3EbN7d+3QwWG/Hxr++Si1+tr2yw3/wxVHd1bnXL5N6dadf0QQgghxE+HjGARrWI4uJcC688Fu9IwTAvGr6kvucJ1oJO78gvusHmbCVvoRpueuarB1c4rmv8wAAAgAElEQVSDSmdUnkAZmHMOkls5jmBrBopzjpBn3adjC9P8T6sE3Dp2xAtwtbeDSqnrkfPfIPK7ek9oZSW4udHRvQOoVdzOKlPVPn3O46C+mOBh1qfelbl8plduZj1bc0CVCnBteV5dlf+4O/qiK7jabYjm8mHe5o3g1oy2UtedQ9YmaH4+W6vN5Ws+U+5WEtINqIOmsiZmmnXESiQ6bRRa3U62ZT3OnIGtHAXRlvr5QZxThbwblwL4EZkQx0g/pfGfyt7MnNidvP/eXsYsHvPd5K1NWtC/28pjIDGbNik/V2YROSOeoNvVZq29fgghhBDiJ0MCLKIVTHy2KxM8w4l+ykJ8oo5/ZRXb3PSY2LvxDd7fk4MZQBNG5ItPcX5tPGWALn42xklLeVL1T+KOBvC7fidZe1hDvDYSZZB9JWlxL/IR49iweCLF2ams+ksyBWYANSNnLW4wVaGEzYte4rDm12gXWm8uKnOJey6OTk/9mcgx9UM/ljJQ+wWCIY+DOcUEW/Od9fE+8PRDXWaoHVWTm7aRdUl7qHkwHDh0OgsXTkFDMZsXLafQP4hinQ4DoNaE8ftlixmmAVOhjnfXJpNpUIIBar8wIuZHMTLADTCSuno1yZlKiCpoaBhXc8t55o0YBnrgtLz5e9ezKjGdMsBTo6YM6NeaFszdygtxXzH3beWYVOYSE7GaHvNf5wn3z3gl7gB+wZ3Q6/Os5Z7FooUT8QEqDRkkxK1DbzSDZyBBnkZwVXJRb1u9+mopC3gG0b9DHgf3H2POMKVdi/UHyQPUgMXaSM7qOntzDO+eVNHxop6CMjWPPznI5hjFbI+LYUuuK3P//CpjvM6yMX4te/KU1vYLm8qLi6fhlb2Z52LTAYifvYio9asY5uT+PnvzMt43BND76j50BWbAk/C5S5kzJsBJ/RSzbflyqqa+yuyBPuSnrWdVkrWdA/vTtfwMnR5ayLJpd6FyhbwD7xIVn1nX7xZH0e/Ktgb5XMSV91fV9jO1JoyIxVG1N+W3S6Uxi3e1iejyymrrbX7UNLzyNrMg9ji/t9aXQbeeV7QF/DphFWP8wJixkZfWXeClt5cRYnPvm3fwAKAhImpavelAI595iszz/6RjRSngQ2HGVtauS8FgBvBk5Kz5RE4MAeqfJ6AhPOL3PNXtWIvasaWyNy/jL8fvZc2qGfgAptztvBB3jPlvxxB4bnurzylbpux9ZJqh/6z59drRJ+QJIkae5HN3MAGuDtokwM3aPwv98L92kMwCM3gGMWtuOGc/0KIzAupAIhYvYlwwbF22nKMd/SjX6zECnkHhLIyeY50eYyBVu55knTUsrdYQPuP3zBkXjCl3O6/E/QtVVzAYygictIB+x/9u7d+QutpRvyxm78a3SNyTo6TpGUTEoijG9fWxpum4Du0qt3AdwFIB9SZbOT4O4LRvCSGEEEI4I1OERMsZMkgzQODY0QwcM5pAIP2fn1EzkyN7cyyJe3LoOymSlSvm0r9Ujzb6b9wzeTwAQeMjeHJUIBUlZzBfLKHPoPvBqOOTDOvg/+LDfKQ3cnfw/VQWprIgNpnLd49n6cqVzB3fF13yClbrDDYZ8qZfv64YM/+XDJPyifFwGvoy6HOv/XE1XkEjGO0H6XuPKR9UZvPvHDMjJz9CV+s+puz1rEjagyp8FiviVxI5dSgFmVv4MEO5Aa8qN5Kj09F7eiTRkZPwMupJ0KZSSS6x0VoyLcFErVjJiqjpdDXo0a7dgQnI0MaQnFnAyFlRrIiaztVMPcayq1gsOC2vKXczSxLT6RA2lRUroglVwlcOp1h1AM4f2U1aaiqpqamkpm4ndW82lYCloogy80Uqar5cXsoZcxkVFguWiiKMZgN6PURELyVifBAFmclsyyoGDLwVlYD+el/mLl3B3OGu5BmsB6OYD/+YgF41gqXxCSyNGElB5hbittqbQlZJVupWUrMMdrYBXIcOATz8SBBm/We104Sy9qaj7j+ewX7KaAKaqOuqciPGPD3ld48kfOhogrq6Ah1QqYrZvmwOW/QGJs1fyBi/Eta/sIQ9eR2ZFb2CFVFTsehTiFq2HdeQx4mYFATA0FlTCWripryq/CoG/R6OdR5H9NJIRvqVkZ6YSHal8/opuWikxGLBlL2ZJUlKOy9dEc0g8ikwlmEsUqboqDqAITMT/+mRLI2cqvS79f9qlE/Vp6tIzrzM9OiVxK+Yy91GPdpX3rc7xabSkMXWzanktnj+TSEJkfHo8jyZHrWCpXMnUaZPIXrxZlTd/HGlgP3HlDY+lp6OmQIyjhUC8OXePZi9AgisN7DAREGBETz70a9hPXsMZPGqGGaMDKAyfyvRCSlcvns80StXMCu8O7rkWGJS88GUwarEdLqOn0t8wkqmh10nPWkFR/2bbkdDVhpbU7MwOSits3Oqqvwi5osltftaKi5SZr5IiYU2nFP1WcorAE/GDG+43osb4yJjWDZ7DB5O2kQ5J65iyEmnoPMEoqNnEViVR3K8ltNB04mKnI6fuYCk7cr0yfKrRgr0evpFLGVl9HQ889JZEbsVE7A3Lopk3RkmzV3KypXRjO97nfSkdWSYaspbhsHQnfHhQxkQ6Fvbv/O3Ou6XWeuXk7gnh7CpkaxcEcnQDnkkLVmOzthUHTrgYKiJs+M47VtCCCGEEE2QESyixbI/+Rgzah4Z3guAsUM9Scz8FweNUxijMXIgrQDC5rJsxkgAol+FDw/dwC/UBw170PQbRrCfB8qv8Cpc+z5KuGcK6XsOMWfYRPI/3U0ZfvxiVAA5f/srZjyZMfPndHO34D95CkMP5ZC54zNMIx+vzVPIoxPw3JnI3s8KGTaxO5/tyITAqYxyMG/puqobIx4LYk/SZ+Qzhrv0ByggiFmDunE6WdnHtdsIIiKCeGDcSLyLi3EP7IGauik5luugHhpJ5BSlnOTtI/7gWUoqBzEpIgJV8DAG+oKxyEJYEBjOFFFBIft1RjxHRhE5cRgAr3KROQlKoCfnkzSH5Q3pvQ8YyrLF09AAwX+OJm92vMN2UgEFupTaqVwAaMIZPiaEmjsPle3ODcyKj2FcADDQk4N7oim3WDBlf0ImMGlhNGOC3SBkKaWFM9hy0VonAJcN5BV8w/CBTxEfMBZV17vs5K6EA8kpZIZ1Y+JAR40EQaPCUW/RcjDHRPDAc3ycAyOiR9Dxgz3KPpVdndR1jTAWL4vEDyjOWg8YSXxhAWVlnsxa+QYT+3pQmbuV9DIImvoUw3t3xcKjPDX+MAl7/sXh4ikM6OcHO6/y0KiBzVxk"
11:15:14.554 [Forwarding screenshot on session 7836b5d0-bd7a-11e6-9730-e5ec4f8847f6 to remote] DEBUG org.apache.http.wire - http-outgoing-0 << "dSh/WjwDPyDo13noYj+npNxZ/dSFyY4f2AfqkbXtHLLqJQqeiKVmhZeafrfQ2u+eOf4J8UcuUoJPvXy67vwbUMWZk4XcO/wBIuNXUqrqajf/5d8cIWWnjkL/QQSPbP54I1PuIfTApBWvMiXYAwjmNb4lMnEfR1VvMNoPdmbkwpgKPrcOdMj/Mh8mWvh3DgTNGt5gEdcKSi4DVeVO12bK2XcACOPVmNnKqLe+S6komEHKR/soHq6M/Lh84WvOXQlk1O/+xP2XoZePD1VNtOO5A0mkZA5l1MSBdheXdX5O1exBvZ9tP2nNOWXr8iUjdiMvNpy2SfEMlMllddcRRqQRnx7I4khlpFnHvH8Re/AURgZiuQ6e4dHMGRcChLB47hkiEz/haPFk/B+ey9wxgYwZ2J1iYxFBfe9mT46xdmQZwPSVS5nSVxmZol2nfHbdUoX9flnIO+lG1EMjWTxN6dsL/6zi2dkJpB/KpZ+/4zpsmUL2OjmOe5HjvnV1fgsPJYQQQoifHAmwiBYqZM8+5Yl0UtQMkmy27PpXNmNm+6NyBc9OdTcBbgFjmB0AmDIcDNf2Yeyv+pOelEa2aRCHdxWgDptLiAdkoQKMJC2JrJ+NDuX1F4DUjODngYlsSTtE8XB/dhlgZNQox+u7VEDfYeGok7R8nmvEf78OwiIJ1tTd6rp5e1FyLInIJK39NKqgb3DPBh+qULlp8Ko6xeqoJOqFPzQqVMXnOAWEDuhdV/refVBzDIvybYflvaXqAFTV3Xh6BNFPDeUOilgGjIxaT6SdeRD2nvnWv23zpItXzc9e+FmPY6lSnqAH3lVTs270DtDAGQAfnlo0F8PaRFIS80gB8Axk1sJF+DXKgoZ5G9fzW1cn4YoqC+4+QxjtqWXfgeM84XocA0HMH3gX+xJrDu+krgG4DurONFzWsqzMDJg5+00p9PWgvFQZeZCXEsucFNs9/VABliolrebdy10HdcfaYyrfBVUz60el6gDmqzYBhkDu9YTa++2G/U6l/KdhPgfOeJGphr+SsjOJzJ0AasKm/p6oacManRc+AyPZuP4p6NiyOTOWinJAjf9ddeezu2dHa7Y8GP5IEDuTj5GVXUQegUyf3pktW46RlVVEAZ5ENhqJoeGePmrST3W0E/OrJHvvQQgMrV90ANwIulejVJLPMObPOsra5HS0OcqUIE3/8cx/YTZdm2jHYfM2EvRbV4dBNGfn1GkH36nTmnOqvq7+fsAZTBXQMJPGbB1flXelj8pZm0BN/6yru/r/rrLuqbL+I7hfTzvpuHFXV9i6NprE+ieeTboaut3V+Aoc4qhfPq7CCAweElS3s0dvBnnCwTOXwR8c1WGLmC47P45SRPt9SwghhBCiCTJFSLRIcdYn6M0QNiua+JUrWbFiJfHx0YzUgGHPP8kHqIKqqro7mMrCNJYt0pJ7zfqBqvFbHAKGPYYfRt5/Q0u6GSZMUdbKsFjKgCBWbNvGNuuflVFziXhiBN71UnBj1KRwMKbxzls7MNOfscOcPYm3gMcQRmsgLfkdtukhfPwQqLTO2Qey3v8jKfoypkatYP3GbWzbGI0nWBc6VAIxHT28GqVcnr2RFck6uoZHkKBdz7Zt24gcqlbmtPjcRXcgL+9cXZ2ePoUZ5Rd6Z+V1tVyn/gKLBeSZHSxya1tOux9bP69JzFVVW25nqahc3YEyzl+ue7XP5W9LrZkopuAbeHLZZrZtTGBp5HQCqwpIXr3DbkDHzcMHjyaWA7HgxuifB2HO3MZb76ejDgsnwCY/Jmd17ZCaiAQts4JAp41DVwwq66rG4dHra+t9Y0I0s2ZNpndHm6+2aXXL5tWPxXKd2rs8AM5RWGYzcgr7/a4eFRTnn6PbmBfZtm0z8SuimBTmhT5lA4cdzKjw8GmiPey+9tYCmLli0x+UoIuSz4BBo/BET+LanRA4mEdHDcUTPfHxO8FvNAPsRDK6BXSHsnR2NJz6UfgvYhMTWfvJaWsd1XfpghGwUF6cz2X3Aby2bRvrE1Yyd1J/jDl72HXU5hU7jtrRzQOfpjplE+89U9X+7Xy/5p1T9fncdQ+emPnoo70NthjZ9hctiQmpmJpokxZxhYKCurdjVdSmY+DdJYnkMJToeC0bt21jY3Q49U+863YP6LBfWrzwAY4czqvbufISBWXQt4+9UXCtKA+Ah/PjOOtbN1pzPCGEEEL8pEiARbRAJYc+TgeCmDJxIAF9+xIc3JeAgIFMnhgG5PCJzkK/wRrMmUlszsin2JjLh4lJ5BVcReWm/Dp8/uhn5Btqbp4syi/JHgOZPNQTQ04eaMIZ1Vd5+hr00HAgj6TVqRQai8nVbWRJQiJJ+suNn8IPG0sYZvQ5BjThj9G3yfK4MXpcf8wFORgJY2yIW83j25qsAV3p1rMnHS2FbH0jkTLgfME3DXeq9++aTzp398PXW0V2mhZtptk6RKQv48M1GPfEo03NIDdjO8sTdNSMH3FW3n6DhwOZaDfuxWA0kKb9G45WMGlKx66+QBk7/7YXg7GQ7QmJNOdFsx4hI+gPpKx7l2xDMfm6jSTqa9aCKeWf2kRWxLxLdoU7gUG96QzQ1bteuKClAoaHo8FAjgHGjR+Avdsq+3Vdw9LgG654eGmYGBWFH0a0MZuxhIymP5Ce+Ba6fCPFhRm88Uo8ycnplLphDSSUkfd5Lg3eGu1Aw2MCzayffqPHApn8MW4r2blZrF8URx4NRxg17nfKX3X5zPtkA9r4V9iadZGuPXtzV2cVyvozzSpAI2UFR9mr28vevcqftLQ0zncbThCwZVUCWYZijLlprNJmgjqYnj6AJpThGigrg8AB9+Ph049QTyW9/o8MsjsNJ3jaXIaqYU/8ArTbdeQXFpK1dzOR0VsAP+Y+NZCgwYMAPX/VpmEoLiY7dTVJOeA37iHu/OZzEhMTWL1Rh8WrF4H+dyoJq2hFO7aAqgOYP2d3RiGG/L3Er607r51xfk414DeGZ8P9KMtMJGr1ZrJy88nP1qFd9BI6MwydO4PgsNHO28SaclPhH4u1SMadyaRmGzDm72W1NhP8RtPPp0IZOdK5Bz27e1ORv5f4+HSgQ5NBj9MO+2VfhoWpMWcmsVGXi9GQz9b4tRQAfe+1H2BpHefHcda3fG9jLoQQQgjx4yRThETzmXL4dw5oRo5vFLzwGzWeoCQ9uvRDRMYs5vzVOFISlrBT2cr0pfPo61PB8EA1e9KTiSn3ZH7HDuDlXvvEd8iEn6PN3EL/cWNr3zrjEzKbFbMqiEtOJjpTWRzFM2gSS+eNBIpRYRsTCWD8pED0Oy8ybmx/h8VQ2dzzBAx/GE1yDoQ/TM1khZrN/X/+KwJ1SWijZqNFeZtLoDqHgq9OwrS7Ghzb+k0vd7xDfs6koEPsTF7BjGSl/GFhfuj1eZw2wbA5f+U6y0lMTkCHGj8N1LymyFl5fdxGsnTqt8SmJBK1B1BrUCslsldKp7d2bn0fJ2LoYZLSE4lKB/yC8LSGWFSuKhreGNaVtS8vrIxg+ZIkYqN0gPJGH3NXb9wJ4HfRU4mJTyE2UtmGZ3+inv95K17F3aHuCb5mAA8FQsrFoQwP8QCK6WjNnkcTdV3TJrWjCmrKZgF8hvHi3MNEJe7krdRBRMdHEhurRVszPUsdSMTKaKWv97wPP3TsSVxBRQf7U0TqmqH+MWs/c1o/5bV17BE8DW2UhT8kpBCrB01QGH7o8bE+xbfb71yVUWE+tvmcu5CRp98mJT5amY6EmpERyxjWirfVqjyBgnQSten1Ph+/dCPRKyOIjUkiPmqO8qEmjKhlC63nkw+DHwpiT8oZBof2AtwYMEiDLv06wwY5CoEGsHDNUtYnvEv6Fi26Lcqnar8wIufPU956NXAOS6eXE7sliSidMlHRb+gsls0IwY0gIsefRLtHS+QerTVL03l6mAYfQzPa0XEtOD2nBk5+hv6H4klJUOo7MKw/ar1RCVS0+pxqbNicV7Go3iJpz07ilTk2KG9KWsycMX6An9M2udyof3ZoMFqmbrvlOnj6VZEcG0WyNZ3oZcpbkn4xPYycLSlEzlB6V9DQMNSZeo7nGRnQ0XF5Bz6zkJGn4+z3y8V/5puYOHZqV6Cs"
11:15:14.554 [Forwarding screenshot on session 7836b5d0-bd7a-11e6-9730-e5ec4f8847f6 to remote] DEBUG org.apache.http.wire - http-outgoing-0 << "suTJ+Mh4pvX1wJTtrA4ds9dmY5wcBxz3LbL0DlIUQgghhFC0q66urv6+MyF+nCqLiymxgLfGpxU32A0TM2EsqUDl7u10CH9azEySjKNZr53dzMVImzwwxcYSaOK49piKjVSgQuNjmxMTqXGxnAp+loUTlRtMQ1ocUUmniFy/gZE1uzorr3Wbt0bT5nqtNBVTUgEaTUtrq6ZeNPg0umFXtllU7mgab/xO2K/r1ik2GrGobk9a9jmvH2PWZlZ/rGLRMutrik0ZRM5OIDBKy0Kn097sMxUXU3G7zkOHvps2V/qnBRylW3ue2OmHzbxm3G5K//FG49PSYzo7pxzsX6xM2enoY69t29omxWhnzoH564nsD8ZyVeN0TMUYKyy4e2uanO7XkLN+eVv/3+GE0+M461tCCCGEEA5IgEX8KJiyt/LKX1IwmmFopJaFLXgTyn/a3riZJOrNBIaNJJDzpOsLIGg6G2Om2J0yIX5aTLmbmb1iJ/j1JzyoI8fTMzHiR6Q2gR9wtxY/OsVon5jDtUgti6XjCSGEEEI0iwRYxI+CKT+NNzb8m84DJvFbO29J+WEpJmP7NvYeKeCaaycCQx/miSkjb9OIG/FjYMhK46OPD2K8VkXnwAGMnzyZEM0Pu1eLHxsTus3buDHoCcb0ldCvEEIIIURzSIBFCCGEEEIIIYQQoo3kLUJCCCGEEEIIIYQQbSQBFiGEEEIIIYQQQog2kgCLEEIIIYQQQgghRBtJgEUIIYQQQgghhBCijSTAIoQQQgghhBBCCNFG7b/vDIj/MqWXiH3pBOfVnYh8fSD91DbbzN8S/3Iup/Fi4esDuFftMJUWquTDlzKomj6Y34S5365E6zObOH4K+vVr4+tIrfVTpK6LXbq5qfC7T8Mvn+1ND+D4R4f5y+cerP1LMF6OsnPyFAtii5ijHcYARzvdBoWH83jvQwMnv4FeD97Fsy8E17Zb6ckzvKkt5FQJ9BkVwPPP3t04v4WnmbO8iMh3hyh9wXyF994owNThjvrlua5i/O/70c82ge+sL7WhvzTZDypI35DDu5svcaYEfHt7MWFGX349uQfNzeJJ3Rl44G7u9bo9/bo5/akppfpc5v/5WyauHMbUe+u/DtpceJpFL59j0CthsEX/HZ2HlaS8ephPi6hXj26ebtw30J/pzazf0sJLnFZ1ZYBf+9tSL98pJ32t9Hgey9d+A+r6z0DMZjfm/GXI7bsmmK8Q/3wOvnO/w2urEEIIIcRPiIxgES1TZUa37Qq7PjjLtoMV9TYVHSlgzQdXSN10jtOm23nQm2QnXeGw8ebtTNRGJWvHpzHunW/bnpS1frZ9fJXDB5U//0q6yKqoYwwcf5QiwPi5gU+TSqlykozpfBGpqZe45GynNrqwO4MRY78i6eOb9LrrJh++doLR/Q5SCFB0mqmDv+DtTdfxVpezLuoLxi45XT+B0gssGHuM1NRLnK9pb5OJv8WdZdWygnp/3og7zfmGZfnO+tJNTiZd4csW95em+sEVlo/ezTNRBg7QiXGPd4XsK8TMyiTst7mYm3GEUt1hRk86yumqtuSzPmP2JT5NKuVaG9Lw6qkmL/0Kryd/02jb55tOsC29HE3P9t/heXiTvP8tInXTVU5/U87pr8u59E05/3rLwNJZmUyNO990EqXnmRp6kA9yrgPNO8++P877WpWxhJSt9a8jhw9eJfWzUopvZ4FMJj7YdoUTV7+ra6sQQgghxE+LjGARLVbzfDvt4wu8Gt6n9vNDKZesP7XH9bYe0Z1XL00EtVvTu7aSuQT8PW9Drl2hDIhIGsurI2ueCFeS8tKnzE86R1bRAB6PnUzBX9o7fyKvcgFcbnM92rrBZ1suUu3SjUOnRhAALBifwaAnL/KhroKHM0+Si5rkU48T7gsT/Xcxa/VJ9kf35mEv5Qn70w99xbFbgItNe/vezacld9cepVT/JT8b/TUDFofxuG/jXHxnfckX3FrxRWf94HDcETboITxmMB8s8Fc+XFnJh89/SvQHJ3jtf3ry6uNNjIByA3ChU80hWplPW65ugG8b+4pvb15+Ipv5bxVyfOXd9KvdcIV/rDbTeWYI4b7ujPiOz0P/hWHsWu5f94H5W6KH7mfzhvNcWOxPD2dfdlPOPa+OSk2EN+c8+x45veaooNqlPclfTCb8Oxp+YwbUHiq6ww+2joQQQggh/tvICBbRMq5QCXj3duF80lmO1jy2N19iy6YbjHjG9gazgh1x++jhmUIPzxS6h6aTclwZqVCqP86jfXYwYfwOenimMG1NAWun7mLOkgwmeCv7B4/WkW5Q0nlnxqes1VUAFU72AzDx4Utptcd85iUdj4ams78UzIVnWDB6e+22aS8d5wJwdN0B1pwGw5tHCJ6qjDI5+lEWj1rTt923cb4v2K8ni+0TYTcmTNfQ7tYNvj5XydH3DhBmPQ5UsiNuH8HWY3UfrWP3ycoGiVXw3vO76d4njR2FNxyWo2Vu4tazCzP+eg8B1k969PfF2wXKyq+xf2sFPHEP4dagSPjMANrdqiA9S2m/Q+98xVHfLiz6g7eTY5h4M+JrqjXdeHOxf+PNLepLLWmTmuCMMk3p+EcZDPZOYcEG5fOiw7lM62Otb+/tLN+sfG6vH9QyX2JdXAXVwwNZu8C2LG48/eaDTHCBpDdPUQocXpNe7/ul+uMM7pNOevpRhj1moN2tGzzZK430egcAs+E8y2fuqC3fhOe/5KS56W2KW8pfhad5JjSFwTO/pEHyTXr0WX/a3brCHl3daKLSwwWk3II5v+5J/fMQKP2W+Jm76uWpENi9ZDeDZx6nFIBK3vvtLpv6uEHKS7uY0HA0VI2GXV99J6PG2P5v6gbp63Q215R97DhZCVSw9n+OYLgFGyam8syaC/XOs8Nr9vHoTB3TQpU2T9RXOuwHSn/axZzn02q3RW84zY64un8vWFc3osZ5OrtZ8Hy6TZ/NVa4vzvqaDVe7sawK1o7fQbxNO9n2ucNr0pnwfBbLp2635mkHsTuu1O57fMdhBnun0NszhcHjj/B/t7AG5yrqXTuDR+vYXXjDQc6EEEIIIYQ9EmARrfLLyLvxp4TdR5Rf8osOFnAAb6aP9wGUX8r3v/pv5r12hamrQvl4XygzvEuY/9C/2W2Aqmvl/J/xBkczO7HgpW6MDu6E+YqZXW9eZMBfQ9ny90C6Hyti1ivK1IvL2WYuW4MWzvZLX6Ij+h0Tz779IKnb7+ViUhG5hWaqqipYO+ULtqm784+scP6R1J2D75xkzrpL9B7hx89cwHtSL9a85Ef14cNMjDiL28L7SM16mHdXdePgOydZk26yk2/PRnXjCZirbgI3MJtvUFr0Le8knqfaRc0D97hxraiUq9nK3fHhNZ8x77UrjPhTKB/vC2GioYiIwYc5B0B7XF0reG/mbpZ+UMHipGFMDqhyWI6WcWPqytHEP9vN+u8bpKzK5SrtGda/EwD+/jbPtX08+ZkLgNIGwxeFc+LUaH43qlNtezdUuOMo607DC0kDaoM49jSnL5W2qE2U/Ht2gsKPdDwWcRHfeSGserYb5pO5jHrsBB6VlkQAACAASURBVGeG9OIfhx7m7cWd2fDcQaJ3lzTqB/XCOyYzecATcwLtrOfRjacXtoevzVwDqkqv1bYvQNU1E+eLrlEVEsTrf1ICUjO0PyOk3oieKyy6/whJqa7Ebh/BP5IDKdr0NaP/5yilTrdZdVJRZTjDhNBjfHrNl3XaB7AzYMgpryGBTHWBD1LqwnX7PjxPtaY7vwxT7vTrzkMTsaP280aqivjUEaRuv4fKTV8zfOZx/O/rwPnUs2SXAqXf8o9tZq6mXySrCDAbeT/JTJf77Afmzp8rYv/h8+zXnWe/7gwfxu3jt+/cglFedAGOrtvLM4uKlGvKocFEdLvCc4P3sr/InXHP9wIg/A/3s+AXXeudZ1Wl5fzfziKKH+zOcxH+PMDXDvuB0p/MpG5y5a3UwSyf6cqHUcd4Lk3NW6kP8sJEF7a9clwJ2jrpT0o6FWzbBGtSh7LmD94cfOcE63UVzvuaVbtbN0h/L5cPNyt/3ttwnP2FSgTq8tc3aq+HSvmu2ZTVzLEPzpJ2191s+SSU"
11:15:14.555 [Forwarding screenshot on session 7836b5d0-bd7a-11e6-9730-e5ec4f8847f6 to remote] DEBUG org.apache.http.wire - http-outgoing-0 << "iKE3ePvXX3DYDKX6ozw2y4DnzHtI3TeYcdbAXBVwfN0BXk66Tmzqw/x7XwgPHisiYuwXLQ7UCSGEEEL8lMkUIdFiZUCne/x4OrSAuJQLLB3ZB93WizAzlOGaYuteytQC79+Fsub3vQGI33EHul5fsDXtEgPvUfZaeWAUv+nXHqgg9mXw/l0orz6r7L9s4Tme3FTKlQbHrypxtN8VUt8y4/f8g7w6424A/pZiImSqss5BFcDX1/jyhIlxox/g34fuwbWbF16+nXk04Cv+0bMb4UPuxGy4xZokX4b+qjddiiro+LNOeLvUH0Zfl+/G3IAPn0znwwafP5HwIA97wX5AiW2a2K01Uf1MCOsXKGVZswt6f3wTLCW0u2Xm5VEfc76wPa8fGs/T/dyACoflaMhUbKTCovyscvfGx8PR1A5lCtOCD24w8e2HmewH+cD587ZDJG5SZvMvLz/lBrmo4YiDWiW893IR1cMDmTPS8eKZzetL4OZ3dwvapILYTrDlT5+x7lAFI2IGs9U66mT/1kKu0p4/RQfh3+kmvZ+9j6e3HmTzmwUs2RNcrx/UY53J4dXZ0USc9lBk4nxtxMM2du1iTcKdgYM7Ue1iZsJEf3yxGSmiP0vKLVi8bwy/CXMDurH9/QoG/vocn6bjcNuhogF0wpV2p88y9v6zXPWtm/LVUNP9oQvT/+TOtj8WcPj1PgzhAkmbbvHQX+9pNDXHrD/NutPw6Kr7GfuzjlTRl0WLLzIr7jTn/9APf46R/mUlg9wucewWtMPM4ewKHul0nqO0J2lcl0b5c/WGdjsLmL6zoN7nE2JCWD6nD2oq2P2OierhvXhu6l24XoPf/PEeNoz9mvTsCl59pBs/czlLr6EBDAhwsznPFNUuvrzz7jACgP2v7nLYD+YsVvZfeWQ0k+8Fs9slYj44y/K1w5ncrz1mt0u8kXqJa1XwuZP+VJPO60fCmXovMFJNatw+yiw38eoX4Liv2diw6ES9fz+7/W4eDrjDwd62Ze3G399UApshfywi6bFLFJsga/s5ql268f6bD9ADGLADMnsdAaC86iZwixNfFhPyWA9eO+LFS66dWhyoE0IIIYT4KZMAi2iVKjcvnnjWm7hIAydjPdi2DZ77uBceFuvzzrIKTgO/fMzm5sGrCxMDYMuJcrgHql3U+Pe06YLXYMSghk+27awt4Wi/ohIOA+NG1928+Qb50JlvqcKd55NDODU/m5hZR4gBqnt78HrSQwT4WoMv1tEZ6q5qLh84yqCIY3bL3ijfDVQC4TEh/H6wmqrKm1ShovfPNAT4NvzOHbh2An9PVe0n6nv7EH0vFOkOA2A4fYt23OLk+evQzw2aKEctk47n5mjrFl4Ni2Tb4pGNM2v+luX/s58Nh+Dptx8mfsad1ARx/P071str47E6jpn1Z9hghIh1fZp8g0uTfYmWt4mrN5QcUgIYZ74qU9abAMCFdrdusGB4Wv0EvKu4xs16/aAhT+Dk/5WBnYDRtbIq8O1Kby840firdWWtBLhBVYOFSquuVVHt4sI9PeuCHp06K+VpV+54m+25UXILKDJzvhQCGlZ6M/vDkF/2ofMfs9l9pJLe5YUcpT3Jv2gcADBdVVJKX5TJA4tsNri449r1Ln4Zeox/fGJgiJuR6mmBLDYX8OG+CwxxuwShPRlu5669qgS8nw8ld2VvMJvYEXOAeW9WoO7kQQ81UHqVU4XQ7vRZHul9tt53T35xBQZag4CWKupW96lxA3zd6FSXUYf9oAJl/RN/H2tZK29S7aLmHmv/MlmDiq7NTEfjU/NhB/r4Yg1UOu9rWL+bfGpy7TS9OhV29ra9ttwA3/a1Za2yya+rW3ubYwNedzLSmqchC4ax/OsMYpZ9xYfLvqLaxYUn/jyAVb+/W9ZoEUIIIYRoJgmwiFapugYB4wLw5xivLc3mAN4sHdKeSp11B083egD/+PhbXg23DoA3l3G8EEY84AEUATewfcVHFeDl06HpYzvaz9eDICDzixKwHrMor5irgCsVnDgPCzZN5gOPaxw+dJ6EBSd5OSKXsceC4RrgpjwZ3h//Ga9uguXbR/DLgd3w5TyDex0BVc2T4/r5bqgMGPpAD4YMacZrT6/Btcq6myzzyTzmLCnmmdkuVLu4sPbYo1QuT+Plpw4y5NQEHvd1Vo6BdU+bPfqxbMUKLNb8qrzsrIFSeoE5D2aSWuTO64fGWEfIANyBpzecz7mCGX/UgPnrK/zfLXi0k6On5/V9+amBahdvJo9o+rXXTfYlWt4mVQYIf/thVnTKZ8SsEyx6tBtrftWFqsoqql282VUSzgDrvsfTT3GyyoMuUK8f1ON1J4+GwhuvfMXhp7oxxDaAcTKXPyXdovNMb3ypC7C41v59q3F6DaOGllu0u3UL4yXl5higqlyZHlXlbJs1/WpNd/bt8+fF+4/w5LNfciLlgfqBreb0BwC/njw/NJtXN+fS1XwJJt5n5wYfXK394Pepj7PUGnAqLTzPrkNV3OfhjmaGN2+8mM3L3OKJ9wOZWFXKqohsfgtMfNvPYdCtk3XdHNQeTF45hksnU4mJOkjv4InMH+JJL1+ofiyEi29aF0Q2l7Aj5RLdht8JWN+ApGp6uV9n/aAzZ+x8w/4539J06iXhqK81gytQavPaqOKiKmyiRw5VVd4A7rDpfpc5XAQDgKLjJfScOowLb3bipN5A2vtfEffKl4yberfdBaqFEEIIIURjsgaLaKWb4OvH00Mh/QMT/vMC6EfdDUQVdzJ+pgtXk7KJ332JC4Xfkvh8FgdvQWiIszENDZ/o3nIQy7C3353MXKjm/147wvLNZziafpynpl5EiSNe572nspkw83MOm1y5r78P3QB6q/HAnfsfc+H8vrOkHzdZF9rsQM/enfGoukLiS3oMt6yjF5rL0tRrT29RhTtDfqXmalI2a9O/pchwibVLvuLT9EradwRwwdvHg6dXP8gAzETMOkqR03LY8qFvcDDBwcEEB4fQ18+nwfFv8F5kJruM8NDCXmjOn2PHjlOkfHSKo4Y7mLjAl3affM3yzRcoMlxg+UvKYrVPOAga1W+jSj7XmSG8K72b9ei7qb5Ei9ukCtB060TA5CEsGwvbfpfJDgOETOxBu1slLH8pl5OGCo7uzuKxKdnM/3c56ob9oB535ifeR2dKmNJrN4m7L3Dy5BXSNx8mePAJzuPBuuVByq6u7aHoElvSr1B4/BTzI2r6INZAyg2O7rtU77XOviMCCXeBJbMOsb+wggv6PCKfugS+XRkwwfG23r5KW4ILPn7+vPmO0m7RGxq+/rep/lDDjYnPd6fd1gJW7YQXIuyvnuM1JJAJLvD2C0fYfdxE0ckzRI89wsuRhRSrod+4XnTmFldx4aEHvQkYeCfeLsqojPGjHE+JaZiXueseJNQF4mYe5jgeDPlVe9h0nNgdlygqKuHDmIPMe+4r9hcDVco5d1L3NccLa0Z52F4/6n521g9a8o6k1qfjrK81QyfY9qdsDheaOPxRBvM+uAXe2C1rvfyO7UG7W5f4Q9wpCg0lpCyxvgkMOPH3L4mY9G8SdaV0u6cLPX1dUNaBann2hBBCCCF+qmQEi2gxT8BVBeDGuN/4supQEb+Z4mezhyudXOHhNx/hnPkgq548yBqUm6sX/j6auf3cKD18Bw27nyvUu+mE9uCnUoa222xztl/48sd4i73Me+4LklxcGBAKHAPowvKd91Aw6Wt++bOLAFT37kLy6/ehBu576E7afXCJWQ+Z+eeRIB566yt+G5IKgN/YLozQXOFARhGuoY3zba9+nLPJ78oRLP/2IDFT9rMKqHZxZ+XHgwkhV9mvCvC9mzffNzBiVgFLN/s5LUezlX7Dx0rxOPiXExy02fT037sRP3kIbz3/GfOey+RDa77WHhjoYLFa17rXDgNwk7JL4P8/XZqcHtTcvjRoVsvaROkjN4H2zF33IPv6fMFzL3zJiZSBpL5tYWbkCR55Rxlr4jcpkORYZQ0c236QVhJu87piUN8bTMYBV5ZHHyfmyUxirJ//bJIfG/48hCHWp/wPPxvCxK1HiJmyjxhgxDNd6LypXGnK3r6EulxkzayDXNs+uq4vq7ux9sD9"
11:15:14.555 [Forwarding screenshot on session 7836b5d0-bd7a-11e6-9730-e5ec4f8847f6 to remote] DEBUG org.apache.http.wire - http-outgoing-0 << "/G7KV0wP2Q1AdZgvyZtGcK8ax9sAI+3BTxkJEfCrIcR++i+WvPgFT/zicbujT5rS4/F7mKC5SGqnbkxqMB2q7tzrwpojoZifPMZvrdNjqjUerD3wkFJnfj14JjSbN0q6EeYH0I2f+55g8z09Ge2HHXfg2c3Ox75389d3DDwScYlX1lxg18oxLC/TETPrIOusu0xNGEx0mBvQhV+Gu7DmLyd4skzNOs+688z2nAPwHeK4H7h+WYxtf3J1u8Phv1uSTv36c97XqMmzXe48vbIXW546yy9DLlHt0p4BveGo2tU6iKV+WW3T8h05kH+squCXi7JJfw2qNWo6uwDcwcPRQ4g4mkHMRKXfVru4EPHOiO/sNdFCCCGEED9G7aqrq6u/70yIHzdzUQVXKqGLn/t3PJe/kg+f/4zswaHWtUSUt8gM/91Vkk5Ntg5zv0GR4TpVbq708G3wjNlcSSl34KVuX7sfHh3w9fru45AtryMn5bit+TJxpfKO/0DbNcdtbBNzJRcuV+FqL616/cDB10srMFWBq6s7Xg5uQIsMJqrcOtCj0do7zjhr1/9Mm7eUUs476OHbjClxt4lyvtykU1cPvNrSMZ31g/9EOs3oa00ds1V1YP1uFz+PRud1aVEF1/4j12shhBBCiB8fCbCIH5Udz29n3ge3GPFMd/phYt0HJqon3cuJTf2aHE0hhBBCCCGEEEK0lgRYxI9MBekbcti2p5SSDq70G9WTOc/2lleNCiGEEEIIIYT4TkmARQghhBBCCCGEEKKN5C1CQgghhBBCCCGEEG0kARYhhBBCCCGEEEKINpIAixBCCCGEEEIIIUQbSYBFCCGEEEIIIYQQoo0kwCKEEEIIIYQQQgjRRhJgEUIIIYQQQgghhGgjCbAIIYQQQgghhBBCtJEEWIQQQgghhBBCCCHaSAIsQgghhBBCCCGEEG0kARYhhBBCCCGEEEKINpIAixBCCCGEEEIIIUQbSYBFCCGEEEIIIYQQoo0kwCKEEEIIIYQQQgjRRhJgEUIIIYQQQgghhGgjCbAIIYQQQgghhBBCtJEEWIQQQgghhBBCCCHaSAIsQgghhBBCCCGEEG0kARYhhBBCCCGEEEKINpIAixBCCCGEEEIIIUQbSYBFCCGEEEIIIYQQoo0kwCKEEEIIIYQQQgjRRhJgEUIIIYQQQgghhGgjCbAIIYQQQgghhBBCtJEEWIQQQgghhBBCCCHaSAIsQgghhBBCCCGEEG0kARYhhBBCCCGEEEKINpIAixBCCCGEEEIIIUQbSYBFCCGEEEIIIYQQoo0kwCKEEEIIIYQQQgjRRu2/7wwIIX4cbtyA88U3MZZVc72qmjtcwMe9Hf5dXfByl1iuEEIIIYQQ4sdNAixCiFarulGN7sQN0nMtZJ+7ieWG/UBKr67teDjoDn7+gApfTwm2CPFD8b+n02t/Vrm0Z0LAqO8vM0IIIYQQ/+XaVVdXV3/fmRBC/He5dQv2ZFt4b38lV8vbNft7Li63mBLmyjMPq3B3k0CLEN+3gVun1v7c8Q41n03d/D3mRgghhBDiv5uMYBFCtMhl0y1W7qgk5/wtoPnBFYBbt1xIybpBRv5N/jTVjUDNHd9NJoUQQgghhBDiP0wCLEKIZjt3+SYv/+06l681DqyoXSHE34WeXdrRSe2C5WY131yt5qsL/8/evcdFVed/HH/NcBsRBEXUAFNCV81YRDO1TLMlK1dXM9qudlkty1Jr1+xiua1Za5et1Eoz3TJ1yySXfriWyWaYGqaghjdWEA00dEJBEIdhmPn9MdxGYLh5rffz8fAhcy6f8z3fc4Hzme/3e8o4UuC67OECB1M/OcXSCS0xeTUuSSMiIiIiInIhUoJFRBrk6Ak7f/nXKY6dllwJaW3g3oFeDOruhY9XzfUcwO6cMj7aUMLW/c4eid4eDqbfYlJyRUREREREfjGUYBGRetls8Ne4msmVUX08Gf87b7w9606UGICeYR7MusOXtWmlzF9r5YVYE7+9VLcfERERERH55dATjojU6+NkK//LdZ32p8Fe3H2Nd4NjGIChkV4M6uaFqeGriYiIiIiIXBT0Gg8Rcev4STvLNpW4TBsa6cFdjUiuVKfkioiIiIiI/BIpwSIibiWk2ii1Vd0qAkzw2FCfRr4/SESkefYcKuPhRacwn7Cf76KIiIiI1EpdhETErbU/2Fw+39rPi5Y+5z69Upb3M7b03TiO/QyAISgYz26X49EmqGkBS3Kxn9gKJeV9n3w6YGjVF4NPe8VTvIsu3qFjZfzvJzsnLA5a+hjoHmIkrM2ZfQ26vaQE295dlB3KxmErxdg6CK/Lr8AjKPiMbqcus7+0su+InSeWWnjzHhPBrfQdkYiIiFxYlGARkTodzrdzuMDhMm1o5Lm9bZSkfk/xsn9i25FaY54d8OnVB997xuLd68oGxbPn/ZeyrFkYCpJqzrODIWgIHp2fwdjmOsVTvAs+3nf7bHz0bUmNMZIAIjsamTjUm43/K+OLHdbK6X+/vQWdgxuefLGfKODk0kWcWv05Bssp13mA91VX4//QJDw7X9bgmE3x4m0+PLHUwk/5DiVZRERE5IJkcDgcjvoXE5Ffo6Q9pcz4d9WDWUiggSUTfM/Nxm1WTsx+lZIv/q9Bi5uG34L/Y0+CZx0JILuVsr2P4fjpwwbFM4Q8iEf3t8BQy7unFU/xznM8q83BG6strN3pvruMt9FOp3ZG9lVLwMz/k4muHZwJlr7LYyunt/Qw8U3sUpf1S/fsJH/6k3A8z32BPbzwf+YFTNfd4H65ZjKfsFcmWS4JNCjJIiIiIhcUtWARkTodPa31Sqe2DesatP2Aje0/ljVqW1GXehDdufyWZLeT/7dnKP3u2wavb1n1b+zHjxPw11lgPO2By1GG7YfbIe8/DY7nOPw+ttKjeF6xXPEU74KKZ3fAjJUWvsuofywSq901udIYpfv3cXzqBAynLPUvXFZKwYvPYWjhi0+/a5q2wQYIbmXkzXtMaskiIiIiFyQlWESkTqdKXT/7ejcwwfJjGUs22OpfsJpj0Y7KBMvJf31QI7li7NIN39F34NXtcnA4KN27i1Mr/0XZ/szKZawbv+Hkp0tpece9LuuWZc2q+XDbMgpjp8ng3wdw4DixBcePs+HkzqplzJ9T9uM/8Oj8pOIp3gUTb9lGa43kSue2Bm7r58VvLjFSZocdB8tYnmzl2Mkmjpdks3Ji5rOuyRUvT1rcdg8+Q27E2CaIskPZnPr3cqzrvgLAaHBQ+MoLeP5zBR6BgU3bbgPUlmRZeq5a1omIiIi4oS5CIlKnT76z8v66qizLtd08eOFWU73rfbi+pNEJlt9d7sGzo0yU5Zk5dtcoKKvars/vb6HVxFq6/9hsFLz5d6xrEqqmefnQ5uPP8QhsA4DD8hOlm7pidFR1dTJcMg6P7nPAeFo8Ryllex7B8dNHlZPsxhZ4XZ2BwSdY8RTvvMf7udDOXW+fpMxR1WJjaKQHfxlmwvO0YVXyT9qZ+vEpMo+6Tm9IF6FTqz+n6I2XqorW0o/Wr7+LV9funO7Em3+n5D//rvxsGn0n/hOeqLHcmXR6VyElWERERORCoDa1IlKnID/Xb78PH29ct5/G8Cp/1rR8meCSXPHs3pNWk5+qfWwVT08CnngGY9duVdNKSyj5anXlR/tPH7o83NKqHx495tZ8uAUweOHRfT749a6cZLSfwp67RPEU74KI959tNpfkStf28Jff10yuAAS2NPLX0SY8aPxrjS1fuo591GrS1BrJFdvhHIrem03JN2tdpp/64t/Yi082epsNVds4LCIiIiIXAiVYRKROl7VzvUVkHrFzsqT+Rm/X9fBk+i3ebv/d2tf1ATPA15nMKdnynct037seqDmmRXWenrS86wGXSdbvq2I4fv7KZZ6x81NgcPMGFaOnc5lq7HlVMRRP8c5nvO8yXPvt3Xm1N55uLo/QNh5c272OgXfrYD9VjHVXVVclQ2AgpiFDy2faKfnuW44/M5m8e0dzasUyOFlUta6HBz79B+E4VdyobTaUBrkVERGRC5nGYBGROoUHexBggoKKYRgMRpL22BjWy/0DW+dgj3pfA5txpMTlc1gb50OS"
11:15:14.555 [Forwarding screenshot on session 7836b5d0-bd7a-11e6-9730-e5ec4f8847f6 to remote] DEBUG org.apache.http.wire - http-outgoing-0 << "/cB+l+le0fW/ftmn91UUVvtcerAqhr14j0sm2dB6SL3xjEHXu3zn7zi5W/EU77zHcwAHj9qp/t3IleH1v245OtyDb/Y2vPVZ2U+HMBqqEqmeEd0oO5GP5YsELKvisB854ixn9TK364Bp+C2Ybh6JR+s2Dd5WYyi5IiIiIhc6JVhEpE5GIwzp6Ul8StV4KsuTSxn6Wy+335rXxwFs2uf6wNcjxBmw7FRx1YObqQXGFvWPrWBo6QceXlVdi4qqvlGn9ASU93SyG1ri6dmy/gJ6BmA3eFd17bAVKJ7infd4ZTbnW4EqeHnaaWmq/0Js07JxA906il1bn5Tu3UXeH4djsLuOq2QHvPsOwPcPsc43B7lraXYGPL+iRMkVERERuaDprxMRcWvUlZ44qn2fnnPMwfLvrG7WqN+WTBsHzFXfkLcPgM7tnN/EG0wtKqfbT1mwW0tqrH86e/FJl3FbDC2qYuBR7YHWUYyjrP542Ipcx83w8FM8xTvv8Tw8cRlPxWoDq63+LnsN6dZXneH0pObJIpfkisHPnxZ/vIegj1bS+u+z8Rlw7VlPrgBMvsmbru2NSq6IiIjIBUt/oYiIWx2DPBgW5dol6J/flLDpf417S1CF4yftvPmFxWXa8Givii/58erYqXK60eCgdOeOemOW/rDN5bOxU7UYLX9T9TMOHPkb6o1nz1/vGs+3ahBdxVO88xXPgPN6rGDAyK6c+rv+7D7UuEFuPS4Jwe6o2erFs3tP/J56gTbLV+P30CQ8Q8IaFbe5eoR6MH9sCyVXRERE5IKlv1JEpF4PDfGmjV+1b8ENRl6IO8WaH0rrXqkWPx2388QSC0dPVD28tfKFkb2reit69b7KZZ1Tyz8Cd2+Tt9s5uXyJyySfPv2rihoU4zKv7OA/cHZSqjue/eA/XCYZ2vxO8RTvgoh35WWuY658mmx1F42CYjtr0xqXDDX6tsS75xUu00yj76T12x/Q4oZhGH18ahb75Emsu9MatR0RERGRXxolWESkXq18jbwwugXexqpvwssw8uoqK8+vOEXWUfffoltKHXz2vZVxi06Rfcz1cfAvN/u4jCNhuvkPLgN8lqZ8z8mP3q89yeJwUPTPeZSlVbVgsXt4YBr6+8rPhkvux17tVmc4nkjZ/hep/SHXQdn+6ZD/bVU8hyfGS+5VPMW7IOIN7+3aZe/7/Q7+tbH2JIvV5uCVhBJONS4PCoBp2CiXz5aElZTu3VXrsnaLhYKXpnF80lgK57+F3WKpdTkRERGRXzqPF1544YXzXQgRufC1a2XkN5d48O2eUsqqdR/IPubg/1JtbMm0kZtv5/hJB+ZCB1lmO1uzbMRvtfLWaisb99mxnZaHGXudF7+Pdu1+ZPRvhaOoCNueqtfElv6QijV9Nx5BbTEEtsFRasWato2i2bMoWbvaZX3fP47BNOj6ys8Gr9Zgy4cTm6sWyl9P2YkUDN6XYPBqh8NuxXH8W2x7H4Nc19Ywxs5/wdj+FsVTvAsiXoCvkRPFsPenqiTLtoN2MnLLaOtvIKCFkZJSOylZZbz8fxbSsmumXoZHexLk50z6vL/r08rp3kZP7r98NABenSMo2fQNjuPHnTPtZVjWfgk4MLYOAlML7IUnsH63nhN/f56y3TsxALbdaVg3JuFz8wgMHhpHX0RERH5dDA6Hu7b3IiKu9h4u428rT7l082ksB3YejfHh1qu8a51vLymh4MkJ2BrZ5cAjMoo2r70DnqfFLbNgSxkKhcmNK2jAQDx7fwlGxVO8CyeepdTBX5aeYu9PTfv1Pf9PJrp2cHY16rs8tnJ6Sw8T38Qurfxs+/EAxyb9CUP1t3I1QMtJT+H7h1ubVDYRERGRi5m6CIlIo3QP8WDBWF/+0NsTHI0bPBMgrI2Bt+5pUWdyBcDo40PA32fjedXVDY7rNeBaAl96q2ZyBcDDhEf0Khxtbmp4QYN+j2ev/6v5sKx4inee45m8DMy6w0R05wb8CnfY6dimaclQz0s70/r1+Rjatm/Q8g6jJ35/nqbkioiIiPxqqYuQiDSaj5eB/l08ueG3XhiB3PwyLKXuH+J6hBh4YJA3TwwzcUlg/Q+GBm9vWgwZivGSUEr3Z0BRYe3LhV2K/4Q/4zd2AgbvupM2Bg8fPNrfDi3CcZzcCbbjtS9o6oLxN2/g0XUmGGsO5ql4inchxPPxMhBzhRdtWhrIPGKj2Frz+gsJMDB9z6T2nQAAIABJREFUtIkyB+w9XJUMHdnHk9Yt3XcRquDRJgjTjcPBXoZtfwbYag6Yawe8B1xLwF9n4dN3QJ1lFhEREfmlUxchEWk2B5B1tIzMI3ZyCxwUlzjwMEKAr4GwNka6hxgrH+iatgEHpfv2UrpnJ3bzUQCM7drj1eMKvLp0A0Njv6F3YD+xDUfBZig55JzkE4YhoB/GVr0AxVO8iyee3QE7s22k/2SnoNiBn8lA9xAjv73UE6MBXk2wsCatagCkjx9tQbuAxl+PdouF0h9Sse3PwHEiH3xMeIZ2xKtXHzzatmt0PBEREZFfGiVYRERELkKFFgdGg4OWPu6TJY/88yT/y3X+7GGws3qqP54eblcRERERkSbQEP8iIiIXkf/9VMbnKaV8vbOUEVd6MyGm7q5EB81llckVgO4hnkquiIiIiJwlSrCIiIhcJI6esPPwB8UYMAJGPku20rW9kRsivWosW1xi57X/lLhMG9xD2RURERGRs0VdhERERC4ic9eUEJ/iOthsTE8jv4/2IqS1kVNWB2nZdj7+rpTDx6t+xbfyhaWPtKi3S5GIiIiINI0SLCIiIhcRS6mDvyw9xd6fGvHr227nb7e1YGA3NVwVEREROVv0NZaIiMhFxORlYNYdJvp0btjbhoxGO1NGmJRcERERETnL1IJFRETkImS3w5q0Uv61ybUrUAWjwc41v/Hi/kFedA7W2CsiIiIiZ5sSLCIiIhcxB3DgaBmZR+ycsDjw9jTQIcBAj1APWvo0rJWLiIiIiDSfEiwiIiIiIiIiIs2kMVhERERERERERJpJCRYRERERERERkWZSgkVEREREREREpJmUYBERERERERERaSbP810AEZHGsKT/m0efWUL7W6bx8pg+zYhUwvqlP7BsTQEWvOgzogsP/TEUUzPiJS76gRXfFECgLzffH8moPv7NKF+VtE+Tef17f+a83pOApgYpyGX+vGysLSpe11uGxbsN4x+JaHLMQ8l7mb0oh4MWD/rc2IXx93RsWixLHh+8tZ/CFq6vErac8uLmRyKJbFJQG8mf/sAHCcewmExcd3sPHogJakqgchXnyzEsgQHccn/PJh/ftKWbWFjYidmPhFZNtOQT99ZOErZaCOzWlvse70Xv4GYU92JRkMvMKXvIpgXjX+9P7/JjnR6/hZc/K6Lnrb9l6qjmHDfAkkfiZogZ3Mw4IiIiIvVQgkVELh6WNJ6NHc0/d8IV3R/h5SYHsrHswQSmLofLRwZz2c95vDLOzFd7r2TV9M5Nihg/5QseXWDj8pHBtNlwmEcXH+bHr4Yxqb9vk0sJQPouxj2UQ3Z4CEXQ5GSIefsBXnw5x2WaY6gX4x9pWrys1ZsYeMdhHH0CGRFUwOwJm1mfA6ue7tj4YIWF/GvWQXbbXSc7jJ5cMTaSyCaUL3nWV9z6cjFhQ4PonpPLc6NzyfokhhnDApsQrer4Bg4N4sqcHB4dksP/EoYxdXDjju+hxC3cNOEwYRNDqk0tYc4tibyyEWLuCyLxnQxWvHOcNblDiGx6xu/iYLWQtCKP3XbYHrCPza93BSB7yxESP7ewt31hsxIslvS9jOi3k8PjotmlBIuIiIicZeoiJCIXBXPKcu7q/lve3On83LTH5HIFP/HhCoh+th9rlwzmvS/+wOzbjaS+kUNWk+Jl885CG2ETr2TtksEs3zaI4UZ4L+6n5pQSyGfmw3vIsQOBRrybESlz+zEcxmA2nIjlUPm/w3G9mpiwKeSDaYdx9Aljy7oY3osbzsyhkDrrIIeaEi64M2vzq8q1e10XAHo/3YdhTWrFUUzi8mIcQ7uRFDeExetiuLs9LPx3blOCVR3fh6LYFTeExeuG8dRQeOuFvRQ0OIiN9YuSuGr0QQBaVZtj"
11:15:14.555 [Forwarding screenshot on session 7836b5d0-bd7a-11e6-9730-e5ec4f8847f6 to remote] DEBUG org.apache.http.wire - http-outgoing-0 << "Sfsfr2yE2IVDWDx3CJu+vAyDPY8lXxc2rbwXE2/wKf8xZ8EO5qfZnJN9nH+etPKpY70GKsnNZ7cdQlo15+oRERERaRglWETkIpDDm7fewccHz1A4Hx8Gjwjk1hvalU/wJKyjN3CC7IY/MVcJCOSJf3ThpXvDyie0IOAMdO9YP2sT724zMXyoEfKbE8lGzs5iGOCPNSeP1JSjmC3NCGfOY00WTHjht4RaijlktjL8tUGs+vYKQutfux6FzB2XgaN9B+Y2pTUMAGVYi4DWXuVdvrwx+QHHLTRltwv25LLbDrfGXlo+xZchNwfCtlx2NPR8MR/kzifMRN/XgWgjnKg26+Cen3EY/bnzD84WFgH9uzK2PfxnY14TSntxmzFpK+baZpgPMT02ntBWcYS2iuP2KWkcAtKWJtGzazz9hqwj2QKk72J4dDz9uq5izodbGDrS2Wpr15It3PBgWiMSYiIiIiKNpy5CInIRaEvUXX/ihb6PM7bNf+h43TPNC2dqx3NLYqo+Fxxi3hsWGNCFq5rUpMOfYWN7ATYS523i/U8Ps+EIzLyvU5OLaEnZzp0vF3PPJzHcsW8DCTuaHAo4xd6tYMjcz/WX7wec3W+e/vx3TBrc+HFEzLvN5NghbeE3hI4odsaLCOKjhGubU0gAsuJTmZcJjyf0JrzJUfy5+6VgFo3byQ2WI1x26jirMuHxt37TpDF2fFo7uwEVFZVVTjtptgJ2iqwNDBLciQ07LiE83JtXN8SzuNqs7B0FEN6BiMrCeeAXBpSU1YzzC2dIyWFmfD73uVyHeUy9+juWHYGwawLpbjlB4oJ0+hYY2f9+FLf+I5FFKXlMfnADvXJy2ZYJYQ/15KE+FpZVxD1i5/BxCw09XCIiIiJNoRYsInIRMHH7y4v46y2R+FByZkObsxl/5XesxcS7717RjEFuAYrI2F2CKciZu/7mPzn1LF+Xozz1uwwC74vi1WGBWMu/dm9yJ4eCE2QDAyf24PujsezePYB7om3MGrmZ1Ca1ZHE++H+b4M37G2/k+41R3FCUx71Dvm9aF6tK+XzwpBnHNZcxvpFjm7gqJm3HSQB8TB6YWjinZmYcb1I0U7dQZxej2K+Z8+kB4udt4NaXnYmlhh8TT8LDfQErVsCv2hw/f0/Isld7+Pel99WeHP+vufbWHL9AjqGdeOdFZ8e/FU9uJT6jap45aR/LjoDDGMTsj2J4759RRBuBFQfZYA5kRkIUlxsh5/NcVqWAo08In7zeFVNkJF997mxVdvnEfuyK68uvYdxgEREROX+UYBGRXy1zchr9um4mwezPwm03MSq8uY36Anl47hAWx41i8RQTa2ftZH0T+iQkz95KnB2uDLWwbGkaK3+wAgW8N28v6U1JiASE8t62WJa/1JNQEwSEhfLktBCgiNymDPNR6vzvtg/7MSzSn9DIrrw8uwOYj7KnGRkBS8oBFh2BcX/p2vS3JQFk/cjkucXELhzCqvcHMnvJKD5+1peEv2xr0vGAQF7dOpAJI2y8Mm4rExZYmDwxELCdkRYRRYU2CK4+xk4xyattdBzW4deTEMiDIZP7cXd7MBzJZ9Hi4hqLGOx53BoRR0TUNrbZoSJZRVhXXny6KiF3z5ORla2fqo7Pr681kIiIiJx7SrCIyK/SocQt9BqaTlFMJzbm38iw5iRXcg5we2A881NslZMiurcEbA3vQuKiBWERJvYuz2TOPzJZ9pUdw5FC3nojh+NNacCTc4D7olcxP6VqZWuRM0vSlFYxwVHBhJ3+28Na1uR4FbavzcFhDGTUwOa93tr8o3PAmh49qtI0UQOcCZEmHQ9LIfH/ymXQ30c5BwfeFsMgHwvQlh5nIAMS0bc1mKuP52LFnAVFv6ouQmVY8WfGJ13qXMJhDOKz3SPYvmMAz794GS8t6EWUP5C1l8mzqhIyS+/aTPLpiTQfD0RERETONiVYROTXx3yA8bEHcRiNjL8nmD3x+4iP30fcp5lkNaWFSFsTJmzMmPI9yVnFZCXv5emH8iA6lL5NeADvP3kIm7cNZ/O2UWzeNorPpnjiaB/Gnn0x9G9K0462JixZFmZMSXGWL2Uvf77fDNGhRDUlQRB8CXcPgBX3byIupZBDaZk8+6QZBnRu0v46lfB9kgVi2lYbi6Rpgvt1JsYIMyZ9z/qsYg6lH2D644chuF3T9tdk5YtnMrjj8S2kmYtJi0/m1tctXPv38GaME1MlfEgnemJj8pTtpBcUEj9jM3F2mHhnWP0r/4JYAVOfXrw/0fUECB58GcONzhYsM1/Zxgdv7ODF5/cz7aEsjpnymT56Jzl2uPyhTtx9DRjs+Yweu905oG2p893fu5akMPzB7b+aLlciIiJyfmiQWxG5ODXj9a3mHblss4MBO6/cu7VyusPoyyc3RhDe2Ad8Uwde/rIbeTelc2vUYWesazqw8v3oM9LFw4onhHk0vTuKqQNvfN6F8SMzqpUvhFWfNHVMCl8mfTKQn+/YwOQha5zxIoL55KOmvvYZoIwTudDxlqDmdQ8CMHXg9f/24LE79nBnxf5GBLFwVZ8mvuUoiOmfd2H7yAxuinC+yir6oR68/Ujz35kEQEBnFsQdY3hsBtcvdw4+EvvKAB7u08x3FF9kKlo/DXv+SoZ/uoFVR8DH3wNox6vfXkH+6J1sWJzDNsDR3p85K6/m5OxvWJQJjvbBvPF6XyLTfUnqt4ecrzKY/mlHZvcNJtp4mG1HbKRubc6rs0RERETqZ3A4HI7zXQgRkV8GG+acU1h9vAkNvhAfjs98+QrMxVjxIPhC3l88CA1rzqC5FUo4lGPF278FwQFn4fsJSwnmwjLw9iW42VmmX6KmHk/net5t/QloZusoEREREXeUYBERERERERERaSaNwSIiIiIiIiIi0kxKsIiIiIiIiIiINJMSLCIiIiIiIiIizaQEi4iIiIiIiIhIMynBIiIiIiIiIiLSTEqwiIiIiIiIiIg0kxIsIiIiIiIiIiLNpASLiIiIiIiIiEgzKcEiIiIiIiIiItJMSrCIiIiIiIiIiDSTEiwiIiIiIiIiIs2kBIuIiIiIiIiISDMpwSIiIiIiIiIi0kxKsIiIiIiIiIiINJMSLCIiIiIiIiIizaQEi4iIiIiIiIhIMynBIiIiIiIiIiLSTEqwiIiIiIiIiIg0kxIsIiIiIiIiIiLNpASLiIiIiIiIiEgzKcEiIiIiIiIiItJMSrCIiIiIiIiIiDSTEiwiUq+ClF2MH7OO+Yn57he05PHqg+v4IKX43BSsqS7YcpawbMr5LVdB+gFmTkzkhuh4+g1ZzfhpqSTnnNsypH2azH1TdlFQ75IlxE1bx+TZB2rGWLqJ8TP2YakngiV9L+PHbCK1/o2dc+fqWFjS9zF5TDJptVZWMXEz1nFD9EpueHA75rOwTUv6vjN+DM5GTBEREZH6KMEiIvVa+2E6qz7PY8ZL+9w/YBUWsnhFHnuOl52rojXNBVvOMtIX5rH9yHkqV9ZehvbbyrzF+bQZ2Jb+YbBq7n5GX7GGxDP1ZN0AR3bksnZhAUX1LlnG3tV5rHj7MIdOj7HnKAlvmMmrJ0Jh9jESEnLJtTa5uGfHOTwWhdlmViQcJruw5jxz0g9Mfj0PrmhNdERL/M/CNguzzWf8GJyNmCIiIiL18TzfBRCRC1xBNh8usQNgSDnIZ2nRPBxZ89ZhAUz+XoQApnNbwka54MsZDAEtvQGwWMB0DguZvvEnsjEyZ8sfiO3mPMZTE5O5anQOCRvziRkVeE7K4e0DhHvhB2CxganuX1XegQBGvGuLEVxzeg1exlrXP9/O5bHw9/Oirjrw9gGH0ZMXlwyh/xnb4mnb9DIC3vj5A9g4I3+aXKDHVURERH7Z1IJFRNxKT8ggFSMzE6KJMcLcxVku89Pik+kXGEdEqzj63byZ3XbwBpJnJxIyZBPplUvaiJu4in4TdwH5LJuWSGirOEJbxRHSdRUzP80FoCAljRu6rmbyxKr5t0/ZVdlyJitxO7d3LV8vML5yPbCROC+pKmb0OuLTS+ot5+ksWQeYPGRltW2nVbWOKDjKq2NWVc4bPnE7FbVRkJ7J1JvjK+f1vDmJ1ek2AJJnr+OGMUncHh1H"
11:15:14.555 [Forwarding screenshot on session 7836b5d0-bd7a-11e6-9730-e5ec4f8847f6 to remote] DEBUG org.apache.http.wire - http-outgoing-0 << "SOBK5qeU1Lkf3n6QmrCF4YFxRLSLo+eQJBKzbE09fI1yPOcUzl8LVS1oQmO68/xDwYRirbcO3B3XxtQBeELWISbFxhPaLt45L/5o3QUP9KjRssLbu/pDuvtzo4Lz3FvFfWNWVy47fvaBersZnQ3NPRbJsxMZPnEL02NXVtVvfEV7nkKWTVlTPn0lsc8cpLakhjlpC5cPzcFgtzE6cCWvJhW7P/5uzw332zTYLbzz4GpCW8UTEriSydXqPfXTLdwQGFf7NWk+xMxq23SZV6mYDyauJqTrGuLP0bUkIiIiv05KsIiIG8WsWJQH4SGMHhzBLWOMHF+4j/Xl4xoUpKRy0705tBrThYR1/bgRZ0sXK9Dr+rYYUg6zIrF8PBHzQV5bYqFXvw7ET0zkyXdO8NRHA/hyYz8ev87Guw9tJbEArEUn2X2kmBVLYHbCAGY/G8iGBXt4L6kYsnYxPDaDnVFhfLxxIC+N82TeuA3MT7OROu+/3PeUmdhXovlyYz/GdchjQr//st7svpyn7++c0VtZYQrhsy0xfLYwhA0L0hk/LxcoZOZ163krwYtXEwaSsLILJUsyuGZMGhZyeajfNpZa2rJ43SASVnYj/Dsz4x7fSQFgLTjJ7s/NHLsyhAnjOnKVV0ad++EdCNsW5HL5P6L57JMuhGwzc+/0PefkIb//7V3piY3JfRPod/M6Zs5OIzEFHn59MFNHtaunDnB/XBtRB2DEYLext/WlfPzVlUyIsfPu/d/X2TXGkHKQydOSmT5tk/PfjE3MW2PB2QQGt+dGdc5zz8La5Ba8v24Qi18JZtXzW3nq03rGHjoLmnssrAUWti0+yJpLOvPxV9GMG2Dj3fu3kmyB1dOSmLqgkLHv9mNV3GWYt9VehuBeXXnnxSAAJrwdxcjLS9xs0315GrLNb5O9eeergbz7dGviyuu9IDmZEeMO4vPnHiRsGcT7r3Rgw4J0ZicWAvlMH/od7yYYmblyIB8vDGPDgnRGz8guj+iJt3cxH4xZzXOLi3l64dWMClfDXRERETl79JeGiNTJkp7JvBS44c3OBADXxHbEsPggi+KOMmhsO7as/BGHsQMfzu1FKNA7Hr7rtBkAU+RveCQig3cXZ/FcTE/S4jLIxpfZIwJo2SGKd2PbMGpwAOacInr3DoAVJ7FWy3i8tjmG2G7AYBMJs9ZxorSM9cuzOE4gq+L60xsY9PoASlod5HK/QlYvKMRxTScmxF6CdxE88NcuLBqaQeKOYqzr6i7n6awAGUVs31PIjUN68fXGLnh3CMCSsod5mXDDK1cw9PKWWPkNTz19mHtnZfJ1dmceXHAFj/YNZ9AlcOgnO0NHpJOaXFw5jojDGMyC968mHFg/a1Ud+1HG+nwIfCiaV8dGAPD8owe449NC8oDQM3+IXYV3Ze2+AD5Y9D8+W36Uec/nMY90HO0DWfjVdVx/LLPuOjD3IGJk3cfVuxF1AHYcxg6sfL83ocBVU3J5NzG3zmI7jEYOpR5zablgzqE8wVLs9tzo4VUz3kurhjCsG9CnDc//XzwzPtjPjD/2JuCMVXQDNOtYROIHOIwd+GRub8KBqL+aWXhTLscKC0n+1ELgxCuZcU9HoCMrPyyi7/0/1yxDQCBD+rXAYTQxaEQEnTK217nNLxPL3JSnc4O2+dKqGEZ1A/q35cekeGbN28eUJZ2ZvTCYAX+MIMhcTMvL/Qg0lnfvyzHzWRZM+Pw6HhjsC3QggVS+x0gJzlYxT173JdlZnry28WbujvQ5u8dMREREfvWUYBGROm346CAAiU9sIPSJqulr387g0Nh2ePt4AmVVLUEC2jE4GE4A4MttzwTx7kNZJBdcSuIbhbQeE0X/AE8K2sPbk9bxaEq1jRlNlV12HEZP2repmNGCrhUxrTYI96Nj5UpBPDw9CAoOsSgLDJkHuT7ioMs+pG/NI8ZtOavzZeJHUeybtIMX793Mi4Ajwp/XFl7L0OPONiSJT31Hr6eql9sXb5M/bazHeCR6Jzn2avP6VIwBYYNgn4oGFXXvB8WsL4KBV1UbX8MHztVYEllphzju15YHnh7IA0+DpaCY7et2Mfn+g4x7OYMdt7upAzy51O1xbWgdwHpsEOxZuc+FNXvzuArvyLIv+rokQJJnrGL0EqDgOPvcnBsMqBmudcuKnzzpNdgEiywUwTlNsDTvWADldVhR39byOvT+OY81ZhjYw7dyFW8/6uRcz4bVCoVuroGyfDflaeA2q9f7VYNNsKgUY1sTP3+bylXjajZ5Me81cxwTg3pVxe39x970BsxJzlYsOZl2DNhJzz4FSrCIiIjIWaYEi4jUIZcl71hwjLyMVc+F4VVkBz8vMv+9lUdfPsyy5BJ6l9gAj2oP/z+TbIbe5Z+63diF3mxm5pTNbDsCzz90KZDPS9fuICG6A59siSKqmz8kJdNjZN0tFCoSI9YSIKuEY0AwAMV8MGUzhwaG0ykYHDdFcXhuV+fClnzi43LpcE07iha6L2eVYvZkw+Qlo1jsX0TyxmzenJzOk+N20X+eBwCPJAzjucHOB7qCrGxWbbQStnsLv5twmIFTruCTP11KeJgvq6esZNx/69ifOvejC1YgoE2LOuvi7Cnmg9HfsTCsE3vWOZMVpgBf+o/qy6QRB3lyaz4nxtZdBz3883mpa8OPa9110JNBjS57WY0EiJXysTYCWrk9N/jRdcQOh9G152zmLguEmXCTgzgLmnssILOu0G0DGRwMSXuqslbeXg37U8Dbr+5t9gw+Vnd5wuvfpsPoiV9l/sPG9iQLhHmR8uo3zFgC01cO5Na+HQgmm36dNoOXB/5tfDHYD7M9w8agPs54qYs2MHt/W6YPdR7LOdtuoGT6Gp68awP99w1nWHCDdlVERESkSTQGi4jU6tDq/STaYcK47vTu1o7IPh2I7BbEqEe6cbkRFi/KIGpoKAZ7Ls/O2kdWTj5x03ayrXoLjoCOTBjnybbl+Tj6hDEi0gewUgAQ5kdEpxYUpe1j0sgcwLOWMVFc9R1xKQa7mb9M20uWuZDEeZt5bkEe3h0uof8fPWFJGjPjczGb81n24gYenbCT9ceov5yVTvHBXTsYPuZ7kgu96fHbNnQAiDAR2v8yhhvh3cc3szqtEHP6AaYO3cyTj2VxvPzBsMNlgVzS1oPkTzfx4AI7uLzoxV65f3XvR8Vj/Omvaa61sGeYL7c9HYgh5SBXx24iPvEQqSnZfDAjkamfQ+/7OxLhpg6OmRpyXBtSBwE1lnWnYpm6W/j4uz03Tmew25n2zBZScwpJXrqBqZ/DiLGdzm33oGYfi4o4tdWhH1fdZCT7nRTmJx7lUPoBpj/uPE7uWIEAN9ssHeyuPPVv02C3ce+9W0jLKSR56fe8uBFGjL2MwBKAFlwa0Rp/ax7zp6SQY4f03ScwRXYk1gizxiWzPquYrORdPPWXXLaWeNEKACOBbfy5+40r6Y2Fcfemun/NvIiIiEgzqQWLiNTqq48P42gfzG2DfV1nBHRm/JjtTFpykD2vD+OzV4q59akdJL4MjvYmWhsBPCoXv/6+CFiQzoixXcvHEGnHA/8IZtUTGVz1eQYAMQ8F03qhmeQdhVzj58HptyZvnK9XDujfm4R3ixkxYScD5+4EYPiLVzKpvw+m/r9j+okkXrx3A/PK14t9sx9T+/gAfestp1MQ0z/vwv6RGdx6+WEAHBFBfPRaD0x4MntzNJY7tvHgNWuc89r7M+fbaxkQaeWpkYd4ZcIG4iaAw+jLbff5smLJMfYU4NyfMK/KJIC7/Xi9fF+reIJfLQOFnAWRY69jsXUjk585zKNfHa6cHjMlijmTnUevrjqIxMftcY1pRB18/5Xrsk61/bryoG0QUOsYtJ6Vg9wOe6nuc8OcVPN8Y+dBRlzu7E40cOIVvHpPUP2Vd4Y171jAeuqqQ09i517P/vxveHH0el6smGV0932LJ37eAEFuj3/d8zyJdLNNb5/y6zDjIDdV1PuUKGbfEwTp3bn2nZ08GJUAQNjQIAa2z+PbTWZ4JJJXNkeRP3wHd0atBiBwaBifzIzAe/sx5/5ageDOzP0wh4H37ue5pWG8d0+7Bh8HERERkcYwOBwOx/kuhIhc5Cwl"
11:15:14.555 [Forwarding screenshot on session 7836b5d0-bd7a-11e6-9730-e5ec4f8847f6 to remote] DEBUG org.apache.http.wire - http-outgoing-0 << "HPrZSlCYP6b6l3YqKOZQYRl+bf0JaPBKrtvzbutP8GnrWszF5JXUEbfB5bRhzjmF1ceb0OCa4zaYcwqx+ngQGuyafCowF1JEzelN2Y/zy4bZfApriQd+bX1rPT511UGjj+s5rAO35wZgTkomauTPfHJwOFdZCyn09if43DZdqUUzjkU9nOdr7ed4fdxt0928+rZpzikE/xYEB7i+Ztucc6qW6a7z67peRURERM4VJVhEREQAc+ImomJzWbhvtMbqEBEREZFGUxchERERwD8ihAmP+tLxXLyySURERER+cdSCRURERERERESkmfQWIRERERERERGRZlKCRURERERERESkmZRgERERERERERFpJiVYRERERERERESaSQkWEREREREREZFmUoJFRERERERERKSZlGAREREREREREWkmJVhERERERERERJpJCRYRERERERERkWZSgkVEREREREREpJmUYBERERERERERaSYlWEREREREREREmkkJFhERERERERGRZlKCRURERERERESkmZRgERERERERERFpJiVYRERERERERESaSQkWEREREREREZFmUoJFRERERERERKSZlGAREREREREREWkmJVhERERERERERJrJ83wXQMS9EtZ/uotln+ayPdNKqw4tiB4cxtjHe9LNdHa3u2zKJqx39uOBPr4NX81ylJkP7iL88X7cXX09y1FenbiL0IdPm/4LVJCyi6lvHSX6vmgejgmse0FLHq9O/IHghxtZx/VtPyuXTK+29A7zJO3TZF7/3p85r/ckoK5ipO9j8kwz49++mt51LdToQuQyc8oezKaqHLaPjxdhPdpz69gIQs/QZn41aqvPVr5bKMmbAAAfYElEQVRcPbo7o/r4NyNwE6/zsyQ1fjvvLT1cfq/zY/Afwhn/SATB9axnSd/L5JnHGnYOWwpJ2weRkf4Nuj4uHiXEzUhmrRmqfjV4EBDqx7Dbe9A/3KfWdS6k4382HErczozlxzGZan6fZrH4MP71/mfuviciIiJqwSIXsmLm3JzAneP2k5AJg4e147KWp1j28h6GRCaRZjmb2y4jfWEe24+UNW61wmISEvLYcbysxvTPVtQy/Rdo7YfprPo8jxkv7cPsbsHCQhavyGPPmayTgmxiozew+IdTABz5Poe1CwuwuitGrplVnx8m191CjWW1kLQijxVfHid5g/PffxYe5pUnttH35lT39SI1VdTnkrzy+sxj2dyDPDpkDXOSi5sRuIwdC/NIbux1fhakLVrHiHszSNgB/X/XlhBLPvOe2sZ1D+6ivltdYfYxEhJyG3AOlzDn5jXcuOAo0LDr4+JRxt5/m0moPEeOk/xlLotezmB09FpW59S+zoVy/M+WzK1HSPimoLw+zMQtNlfelxK+KeDYL+Pgi4iIXDDUgkUuWOlLN/PKRoieGE3cSxGV30qmLd3ATRNyeT0uj8X3BJ29AgSDj3cj1ylfvkbjmrqm/9IUZPPhEjsAhpSDfJYWzcORNW8zFsDk70UIZ7hOfOAEENDSWeExM0ex/3VPt9sIHnw1mdk2TGfyW1xvZznGLRzKjMEV34yXEDdlLZMW/sgWc2+G1dcsQapU1OfnN1XWpyUrk9jobSyL+4lJ/SOaGNiXGbkjwFRb64ZzqZgvlubhuKYTO77oW95ixUbcxFVMWrKPr1/u6f588TICRhpyu7LkQ8dWDb8+LjYdH+3L5pc6Vn7OStzCwNEHWZyQy7BHOpy29IVy/M+eQU/fyOGnnT8XJCfT46ZcPto6ihi1WhERETkr1IJFLlDFrPhHHo6IEOZWS64ARN4TxeShJtpTWrls/Kx1hLaKI7RVHCHRicSlFTdgHqR9mky/QOe8frHruH1IPOPn5dYojTl5F7d3LY8RuJLpS2suU52312mPOj5etKr20ZKTzfQx8ZXlGj5xO+nlX1Mnz05k+IPJTI1dWVnmZUmZTB9Svv2ua4hLKd+HgqO8OmaVS5yseuv27ElPyCAVIzMTookxwtzFrqVJi3fWd0SrOPrdvJnddvDmFHNiVzJ8xoGqBQuyua/rSl5NKgRsJM5LqnYM1xGfXgJA8ux13DAmidujncflzpjN5Nhh0YgE7pt9iNQPvqVPrLPFiCXrAJOHrKyMc/uUNA4BBSnbGXzlN6w3Q0FKGjd0Xc3kiYnVlttV2eKkeoyQrqu4fchK+o1x0yKltPo34z4Mv7M9BruNjB9LapR9fkoJ6YnbGV55nsUzfemhyrXr3nYx88esYviYNfQMjCPk5lTM5LNsWtU+hHRdxcxPneescx9XMX7imsrzeeqiTOJnVX2ePC+7xjar19n54o1H5c+m8DD6h0NR+efk2Yn0jK06FgUpafTrmkhygbv9KGbBPWuZk1QMFDMndhXjp21iePk9oeeQJBIrWj64udbcxV82ZU3l9J5DklidZat136z5QEuPaq1JPIl9rDu3jQmlY/ntxN35UaEgZTv9uiayvqCicLmM7xrPq0nFpM77ltmZkDN3Mz1jU/lvtevD3b3S/XXR8H08N1xbo4QPDCbMCAcyT5bvRzzDb3bee2+fvb/8+OfVcw+q+3qCEuJnraNn+TkTMiSJ1eklpC1KIiQ6idSCqpCrp62m55jtVJt0TllLKn44bYabc/v0+9RbS7ddtPcPERGRc0EJFrkwFeSRnAU9b+lIeI2Z/kyNG86r9zi/jVw/42sefTmP2Fei+XJdNPcE5jPp2q9ZneN+XkFyKjeNy6HVmC58tq4fIzjOhhQb+3NcG+Rb0ndx3U17ONC/E59tHMS7T7dm0YQNTF2dX2vRWwFJC7cwfdqmqn9P7mS3vWKJPJ66YjMLE7yZuXIgn310GeYlGQy5JZUCwFpgYdvyHLZdchkfJ/Tg2qJ8po7YRurV3Vj8STd6mwuZNP9HoJCZ163nrQQvXk0YSMLKLpQsyeCaMWn1dik4O4pZsSgPwkMYPTiCW8YYOb5wX+WDXkFKKjfd66zvhHX9uBFnhVhpQa/fepP6Rjqp5QVPT8hgrdnIFRH+pM77L/c9ZXYew439GNchjwn9/st6M1gLTrL7czPHrgxhwriO3D65EwAxz17B5D+0pchcwPEdFqCYOaO3ssIUwmdbYvhsYQgbFqQzfl4u1qJiss1FFAHWopPsPlLMiiUwO2EAs58NZMOCPbyXVAzk8VT0Vlbkt+adrway8LGWbEixk73TWmsXi1aAxVoG2LBYbBSYj7JgfjYOo4leXXxqlL2XdQ/Xj84gq38nPt44kNf+7MeiCd8xfunRerd9YqeFbZ8X8vunwxg3OICkiYk8+c4JnvpoAF9u7Mfj19l496GtJBZU7KOFhCXevJPQj+ljvFn2xDYmrDHxTsKVPD7CyIpn0lhfUHednQ+tgKS4bcyfl8qc2VuYHPsF8zJh4p1hAFgLisqPtZO1qJBscxHHrO734+cdFn4uT4RZ8iysmnuY3v+I5uNPLiNkm5l7n9mFxe21Vnf8tHnf8uTCU8xMGMTX66K4cpuZcUO31pKQ82XYY0EYvtpP38CV3P7gBuYs3Ueqdziz5/YlMgAsadvdnB9U2+/y87nipCy0sN1so6i0jIiBYVxuhMCRnZg9JQxH5fXh/l7p7rpo+D6eG0XlCRaLxYbFUsz6ZTnk2GHw9UHl+2Ej9Ts/Jk/pwJCefuXH39vtPSjezfWUPPsbHn05j4F/i+bLdVGMyDEzrl8yfgPbYsg0s3hd+e+JgmzefaeYK64LucDGu3H/e+T0+9Rv25RclPcPERGRc0VdhOTCZC3DDPS6rKrptjkpmV4jqjrSh93eja/eD+GzNywEPhTN7Eec3QRejfcgqdNWlq/ZR2Cd83Lx3v8jjvYhfDi3F6FA/zgjaYHfceC0ony/PIvjePK3qd3p6FdGxNge3L18A0vn7mfasN61/rF8eGc+qT9Xy19aqh78ClIOEmeHp9f9jgf6+AAdWPlhMX3v/5GN5t74AQ5jh8pyMSaLb98I5L2XIgkF/P6cyeglx9ifYmFeJtzwyhUMvbwlVn7DU08f5t5ZmXxtjjznXVAs6ZnMS4Eb3uxMAHBNbEcMiw+yKO4og8a2Y8vKH132q3c8fNdpMwCDxnSh"
11:15:14.555 [Forwarding screenshot on session 7836b5d0-bd7a-11e6-9730-e5ec4f8847f6 to remote] DEBUG org.apache.http.wire - http-outgoing-0 << "9Rs7+eTrQnoP82DFP/JgRA+GhRUzc0Ehjms6MSH2EryL4IG/dmHR0AwSdxQTAziMwSx4/2pnIs6SzTvGg3QaEE7vcB/WAxV5ZCtARhHb9xRy45BefL2xC94dAmC3c371NkevbY4hthsw2ETCrHWcKC2jIGkfcXaY/tEQRkUC/TvwTsZKJmyg1q4ZPsCyOxJZdtr02968kkEBsP60sq+fsQqHMZiVS/rSDSCyLYU/xDPjb/uZ2hG327YCgQ9F8+rTEYCNtEQ778a2YdTgAMw5RfTuHQArTmKtlgl6afMQRnUDi08uLy4+yPQ51zAq0hOLTy5vJeRSZHVTZ+eBD5C65DAnwo0UFdnJP+JM0O3fcxz6VHT9qP6dQdVxrXs/XFs7WPOd9ThjrPN+8fyff+SOJQUcTsl0c61F1Bn/yL/KADt7th8j6qZQXt4cwBRvv1oHre09dgjf99zHB8sOkrAklw3Lc3mFHYTd141VcyPZ8++cOs+PxxdWj3Ta+Vzt5AyIDOeG8J18dmkHYvq3Y/1XFcvnubmP5tK3i3P92q6Lk9aG7+PZ5h0I+XO3ETp3m8v0wJGXMXlYICQ5P7/07XU8EOkJFDO9fJm670E20kZG1XE9FbL67UIc90Xx3mRnvc1eBRFflkGncJ66Zg+z3tvPK6N689OaDFIx8dEf2p27CmkAi9tzO7L891HVfcqclAxcfPcPERGRc0UJFrkw+ZvoDmzfU9Wdx//SUGa+2RJvfyPpn+5h4TeFFBUUkwncelO1P1oDghgRDh/vyCe8rnl7TjK2lSeYS6q1PmhLn3DYWaMwRgx2G5OvWeM6OdBKEdRIsJwA7nzrBp4bXK1fvyWbGzo4kwnWIisOo5Eul1bN92vtvBSdz0I2CPas9lzk+tlaXqaS486kTeJT39HrqerF9W3QWAxn2oaPDjrL88QGQp+omr727QwOjW2Ht48nUFZV3wHtGBzsrC/Cwxk/YCez/vkj03p4MC8TJrwVDgXH2ZcFhsyDXB9x0GV76VvziMEGwT74VUwsKXPGK7XifCSv4MvEj6LYN2kHL967mRcBR4Q/ry28lqGn7YfD6En7NhWfWtC1vIxWwGE0cmm1YRzaBHtX9VE5TQkQ82IUj/QzYS0pw4oXEZe3Jzy44rZ7WtnLVR07T3pdaYIdDdh2EQy8KrByvUvbw9uT1vFoSrXARlNlbIfRk47l+1hYUobDaKLLpZ7lnyvKUXedhZ+Hp2czrmOwQDHzx3zJjMdSGT5imJs1G7EfLvVYob5rre74d0++mukZm3jx+Z0se34nDqOR2/7em1ce6XzauCclpCX/jF+vrjzXvyvPzYWCnDxWzdvK1LnpzB3ZmZjyJWs7P+pT1T2x4vo7bVBXd/fRPSehS93XRf8G7+PZZ80Hx8jL+OTRYCgBa2kZbToG0bub801TZsBhNNHx0lr+9KnrHuT2evLA2w86tvKqnGzq1pWp3Zw/jxjfgVn3H+DrnK5kzMuD23oQc4GNvVRY7++Rmvepi/H+ISIicq6oi5BcmEytGTAAst/ZTXx5Z3BTeEceGBvJ3X/syaBu5X8gB/gQCnz2ZbVm8pYTpGXBwKsC6p7Xyx9riQ2o+sMYjrMrixoPvNYSKw5jIAknYjlU/u/LlVHMebIzdQ2xay09rdNIYfmDP0CpHYPdzpHcqnEKrCedPzfmhQ7efs7xKB5JGFZZrt07+vHa293o0Zw31zZJLkveseAYeRkJWwbx5bqBfLllCO88648h8zDLkkvK69uj2gPizyRXvlLVh1sndoDEfUydvheHMZi7B/tCQCs6BYPjvqjKfTx0NIZ33r2CJ253803w6WPgUMyebJi8ZBSHsmP47JNuXFtUyJPjdvFzPXtW/ZicftyOma01T5hyJ4BOvULp378jgwZ3JmZwaLXkSi3bKak5bkVOpgWwY6tn21YgoE2L8jn5vHTtDhLowMdbbmT3iVh2J4QB7sbFsNVy8tVdZ+fvLUge1X72pVdPE2Ct6g5DVQLCm4o+eQ3fD9d6rBbT7bVWd/w9aflcGns1h06M4ut1V/L0GG9WPLOdr0/fsDmHm4Z+x9PLqu5VAWFB3P3SFYQZnYNC13d+VCq1u1aEj0fVvQecSTmf6vWI+/tor9pvJhVVbm7oPp4jHS8NZlD/jgwa3JGYmM6VyZUqtZ3rUOc9qL7rqQiKSqoSVpb0vdwXu4nUAgi/qQvXYufdV1J5bxs8PrZmh9fz7cz8HrlY7h8iIiJnnxIscoHy4eH3o+lJMROi45k+by/rk3NZv3ov08fEc99cG3Qx4Uc7bh5j5PjCHby6OpdDWUeZP3ELG+wQHdXJzbwA+o7ujMGeyx0Tt5Ocks3M2E0k2nEZjBYgakQoBns+06fsIj2nmNTVW7hp9A4mfX2y4d/QVnveDx54GTFGmHbvRtZnFXMoZS+P3ZULwW2JqPxmz15PssWOqf9lDDfCu49vZnVaIeb0A0wdupknH8vi2Dn+6vjQ6v0k2mHCuO707taOyD4diOwWxKhHunG5ERYvyiBqaCgGey7PztpHVk4+cdN2ss1eFSN02G8YgY1Vn9u49u/dysfe8af/Hz1hSRoz43Mxm/NZ9uIGHp2wk/XHquqisq6szged9KQM0rKKq80/xQd37WD4mO9JLvSmx2/b0AEgwkRDnyGCB3cl1gjTRn9DXHIuq2ev49HFdji9wUN1pfW9/rWq7FFDO2Cwm5k4bS9Z5mKSl25g8nLo/VgnIhu07YptWZ2DaIb5EdGpBUVp+5g0MgfwbOTreJtfZ2dSKyD1q/+xOn4f8fF7+WBWEre+XAzhHYgKBrw9wZzLx4l5ZKXtY9K4wzgbaTZ2P04/ZvVda3XHP/TJdsaN/Jr5SQV06BLEpcFGwBPv0/N/we2YfA1seGI942ek/X97dx8U1ZXmcfxLq9AhAhpsZQU1ilPGlx6DZoKOqKPBJFpxNUoyJkFZV2MSDXGSSjQ72WWrfJvgMmbRUYzBShTdvKHLFFnXTMg4IEZMIsqAQUojIaCF9qI2GNJ0tHv/aOS1adT2LfL7VFnCPX3vfc7h3nO7n77nHnLyKsnLPsaSya6HNg/u5evx+Gg6N05AL398HBd5J/kYpRVVvPvaQSoazjN/hj1qoHxPGVmFNQ31s3vsRz0P6Si+0jreNNc+5bL7PsjT+eTPqCeNnEstYG3WGSwVlax9o4jPsuroEgQYQ3h2kZFDWyycM4XwxCh/D3u/eZr2A0FXdB1p73rkzu3Vf4iIiNwsGiIkt6+wcDIP+ZKUUEDK0iI21y92GozEJpp57YVwgoDp6ybyvS2XxFm5JOO6ffl3H0zgebMfeCrjfr7c6WBGzHFmbjnOkGkmIgwWQoe73v754vrm2DTqV2Ru+InZLxYzcVOxK7RpA9i6wv3UsC0TNC6dGp9JYAxh7d5hLJhRxFPDd7nqNNLE1rQoBgGn6QxhXZoNBWh+l8Tl8mCSD0Rgm3WIZ+uHLzl7BbB271jMV9XQ3vvL+6dw9jLxxPgWHyCC7uW52Yd5Ka2M4qQp7EisZebSArJWgbOXke4GaLwroSfPvO5P5psO4qY2fmScsvIhEqqzWT4nl5T6ZTFvRbJkpB85/9OirUzBzIw2kJxUzKxqIymBjW2V8OeBnJh2nJlDTgHgDA9m638MJuD0IS53hb5+nWjZLV4+DiCY5LLR+M06wOKHc3GGBzA2HPaed//hw/1x0FTz2E3jR7HjrVxmvlxE1DrXQLWIBYN5d3EogMd9N8boase5fzTxycvHefDPxwGIXmCie6qFvIIaxnRtXseWdW78ve02uxXT+voBh9aV8GyTZRG/DeNfV40iFAidN5ypHx5g+Yw9LAei4oLpnvYDdo/1sDdru+btCFd2rvm1uf3oe0zMz/+C5VNdMTkNBuZvinIzRW4AS/57HMR/SXJSCZ8klbi2Y/Dn9Z2/Zq7ZD/BwfGRfTiaB0TyY5AWnWJxUQFQSOMd0o4+h8YHcg8f2xGdLJXPG2vjDK43HoKd+1JrX9nkxbsmoK6zjjdaJQE/JTto7v8F9H+T5fFq2MoqEM7ksn5FDIq6/2crdkQ19cPSc/nRbX8ywF/u7eWD7rdCZrs2SX56v"
11:15:14.556 [Forwarding screenshot on session 7836b5d0-bd7a-11e6-9730-e5ec4f8847f6 to remote] DEBUG org.apache.http.wire - http-outgoing-0 << "Izkt+qm2+4uWv99e/YeIiMjN4uN0Op23OgiRdtnqsNQBdjCZ/Ny/xFJLVR0Eh/m3egPnruxkdj6vbDPwp3fudyU/rN8xqd/XRKQ/wupoN9+x2eo4+X92fAPuwhR0PXKTF7FU/Ijdz5fQNup0pSwVNdj9OhFquj2+IfWovh2DwwKu6o226294ia49Agi65nfoXrS5tZIls4p48D9/Q8ygzsBFNsZksIxBnEg3X78PDQ3HWQCmyx9Sr2Xf1lpO1njbXnA9j9ObwXUu3EVoq+FY16cebZ9rbW/faqnlQht9Uyu2Oiw1l4BO7vs6d8eHu81Ya6mqgdAwN32CrQ4rnQgytu7HPPWjnlxVHX+O2jmf2mo3S1Yew2NOsaFoBtPDblq01+TGXEd+Xv2HiIiIt5RgkQ7LejCfIRNO4BwTzMLRXcheU8kR/EktmsKU2/yNsNwCtkriQnL5DCOxr/TAuv8Un+xzMO+DaJZNaeer85/zvkXk6tkqWTz5C9IPOnBOG8yJtKF3ZuJJREREmlGCRTq00uyjpGyroOzcJUJ+2Yun/nkYo8I0ck7aUFHJxpQS9pTYMHYP4OHYITwz/iYlOG7lvkXk6tjOsDr+EEeMJl5dMQKzZicWERHpEJRgERERERERERHxkmYREhERERERERHxkhIsIiIdShVr4/eweNkx1/SzDerY/uoe3j1Y28Z6185aWkl+xUUPr6gj56N8novZRWREBpMmf8qSN49QYvOwynVgKznKc7O/IN/a/mtFRERERNqjBIuISAdiyTpG4pYqPl5TyGelTUsuUZJaxeHTl67vDq3lxETksuXvP7bxglrWTs7kqfknyPwWxk/pyYC7f2T7qmImmLMpvIFJlprys2RmVlLpbp5tEREREZGrpASLiEiHcZFPtpwCwMfh4O208ubFJgi62xeA65bX8INqGrfbUsm2AyTug4j4CE4cmsLqlb/m7fTp7N4Qgs9pC0npVdcrkta6GAAD7iMTEREREbk6SrCIiHQUljI2ZjqISnyA1XEGjqwpobBJsW9X2L8tj0nd0gkPTGfS7K8obBg+U0vGm3sIDUwnNDCd3hFZpBe6hhPlJWcxNCYfS/0rrQcLifxFFnnWWtY+foAKB2yemklc8skWAdXy8R+rcIb3Zt3K8GbT2Jpjh7P4YSO9+AkAW0U5CbMzGvb/WPzhJkOI2o4Natj+6qcNZXGvZjMpIoucVsOCLpKVkt1kG3vIKKm75qYWERERkY5HCRYRkQ4iP72Ucgw8MfVeZsb0xsdxnrSM8w3lvt3gmw8tjP5TJJk7B0JmGY/MO4wVyFn2VxatqiImMYLdeyKI7Xael8b+lV0VYLde4FxB4z0v9gs1lFsucNbuzyPx/QCI/v0wFv9jj+YBWavIK4Whj/ehf6toA1iS/hirY0OAKpYOO0Bqpi8rdkaxY+sALGnHmfB4fruxZb2RzZJNNczb8ACZOwdxKtXCkVIb9hbDgvJTPiduqcW1jX2RzA+pYmHk5+RYWgUmIiIiIuKWEiwiIh3CeTLWnIeIPowOA2PkvTxmgG1vn2h42K39PITFR7Istg8jou9n03smyPqOfZYqdqyx0W1BBMkvhGMeGc7qjAfog40PP62sX7vp5cT1sy8waGIIQwzQb3R/RvT3ax6S/RIWYMCAxuWW7LyGu0hCA9OJfLaQ8oNlpDvg9c8fYm50CKOmj2DneyGw//t2YjtG5nobYfEPsCz2XkZEm/mv9N5Aywfu1rJrUw3OMf1YGPMPdO0azNx/H4iPo5asguv/0F8RERERuTN1vtUBiIjIjWc7eILNp8HndBkPBpY1Fuz/jp0lv2TuILBfgPETghuK7glxJT58q2v5Fpj5aM/G9YKCmdof3i/+gXmBHnZcd4lqgJ/sQIsES4CR+4DDxY1JjIC+oax46258AwyUfFRM6t9qOB9rwGkwMLBv4/pdu3duP7b8KroCjzSpk+m+e+jOGZrdwFJ9jmOl4PNtGRPDy5qWUPJ1FUT7e6igiIiIiIiL7mAREekAdr/3PU6DP8l7xrF73zh275vA7syB9MHBxndcSQVfoOzYhYZ1Lpx13elhD/QjFNix+0zjBm3VFJZC1P0BDYt8G/53tA6gi5tHyRq7M3o0lK//hoz6GY2M/fswd56ZZ54cyrhB9d8B/OTAx+HgdGXjnSf2H64gttH3cB+w/+vGYVCWo2c51yRWAAID6WcCZ9xwTlbHuP6diWb9hmG8/NueiIiIiIhcCSVYRETudNZyUtMu0n32L4gZ2ROzuSdmczDm8cOYGw3lqcfJs4JvGOz9ly/ZfrCGk4XH+P3TlTC6L78y9WTybAPnUgtYvauSk6Vn2Bj/FbkOiBgeBL6dwVLJ+1lVlBYe46X5p2i4QdLumva5JPs4haUth9v48fw7EQylloURGSSkHCUnr5KcXUdJmJ1B3LqLMNBI36gBRBvgjTn7yCmt5eTBo7z4dCWYehDuMbZ+zH7FyDerDpCw7Tvyswp5OqZJbA0CGPVkZ0grZEVGJRbLebYvz2XRwiJyzt7gv42IiIiI3DE0REhE5A5n+aqcQw74t3/q26KkM1OfD2P5XyrYte8CXQH6X2TJhE8BcI4MYecHIzAB09dN5HtbLomzckkGnIbO/O6DCTxv9oOQ4Uz98ADLZ+xhORAVF0z3tB9cw3BMwcyMNpCcVMysaiNHksKbhxAWTuYhX5ISCkhZWsTm+sVOg5HYRDOvvRBOELB27zAWzCjiqeG76mMzsTUtikHAIE+xmR9lPZ+zaOHXpBoMjIgADl3eeScuXwanrHyIhOpsls/JJaW+NOatSJaMbDGsSURERESkDT5Op9N5q4MQEZHbh81SQ1VdJ0LDWj97xGappaoOgsP8m02rDGCpqMHudxehpmvM3dvqsNQBdjCZ3CU2LmKp+BG7ny+hbspbx1bH9vi/URAZwepY11Cf0o+yGbPgHKnHpjPF5CYESy1VdZfo2iOAoJYVFBERERHxQAkWERG5Y2XE72TRFgdRcb0xU0PKlhqc0wZRnGYm6FYHJyIiIiJ3FCVYRETkDlZL1ua/8/H/Wjl/ly/m3/TluXnhuLl5RURERETEK0qwiIiIiIiIiIh4SbMIiYiIiIiIiIh4SQkWEREREREREREvKcEiIiIiIiIiIuIlJVhERERERERERLykBIuIiIiIiIiIiJeUYBERERERERER8ZISLCIiIiIiIiIiXlKCRURERERERETES0qwiIiIiIiIiIh4SQkWEREREREREREvKcEiIiIiIiIiIuIlJVhERERERERERLykBIuIiIiIiIiIiJeUYBERERERERER8ZISLCIiIiIiIiIiXlKCRURERERERETES0qwiIiIiIiIiIh4SQkWEREREREREREv/T+7WVkg5+HWsQAAAABJRU5ErkJggg=="}"
11:15:14.556 [Forwarding screenshot on session 7836b5d0-bd7a-11e6-9730-e5ec4f8847f6 to remote] DEBUG org.apache.http.impl.conn.PoolingHttpClientConnectionManager - Connection [id: 0][route: {}->http://localhost:1871] can be kept alive indefinitely
11:15:14.556 [Forwarding screenshot on session 7836b5d0-bd7a-11e6-9730-e5ec4f8847f6 to remote] DEBUG org.apache.http.impl.conn.PoolingHttpClientConnectionManager - Connection released: [id: 0][route: {}->http://localhost:1871][total kept alive: 1; route allocated: 1 of 2000; total allocated: 1 of 2000]
]]></system-out>
  <system-err><![CDATA[Dec 08, 2016 11:13:46 AM org.openqa.selenium.phantomjs.PhantomJSDriverService <init>
INFO: executable: /usr/local/bin/phantomjs
Dec 08, 2016 11:13:46 AM org.openqa.selenium.phantomjs.PhantomJSDriverService <init>
INFO: port: 1871
Dec 08, 2016 11:13:46 AM org.openqa.selenium.phantomjs.PhantomJSDriverService <init>
INFO: arguments: [--webdriver=1871, --webdriver-logfile=/Users/raliclo/work/bak2/HackerRanks/IDEAs/phantomjsdriver.log]
Dec 08, 2016 11:13:46 AM org.openqa.selenium.phantomjs.PhantomJSDriverService <init>
INFO: environment: {}
[INFO  - 2016-12-08T19:13:56.895Z] GhostDriver - Main - running on port 1871
Dec 08, 2016 11:13:57 AM org.openqa.selenium.remote.ProtocolHandshake createSession
INFO: Attempting bi-dialect session, assuming Postel's Law holds true on the remote end
[INFO  - 2016-12-08T19:13:58.196Z] Session [7836b5d0-bd7a-11e6-9730-e5ec4f8847f6] - page.settings - {"XSSAuditingEnabled":false,"javascriptCanCloseWindows":true,"javascriptCanOpenWindows":true,"javascriptEnabled":true,"loadImages":true,"localToRemoteUrlAccessEnabled":false,"userAgent":"Mozilla/5.0 (Macintosh; Intel Mac OS X) AppleWebKit/538.1 (KHTML, like Gecko) PhantomJS/2.1.1 Safari/538.1","webSecurityEnabled":true}
[INFO  - 2016-12-08T19:13:58.196Z] Session [7836b5d0-bd7a-11e6-9730-e5ec4f8847f6] - page.customHeaders:  - {}
[INFO  - 2016-12-08T19:13:58.197Z] Session [7836b5d0-bd7a-11e6-9730-e5ec4f8847f6] - Session.negotiatedCapabilities - {"browserName":"phantomjs","version":"2.1.1","driverName":"ghostdriver","driverVersion":"1.2.0","platform":"mac-unknown-64bit","javascriptEnabled":true,"takesScreenshot":true,"handlesAlerts":false,"databaseEnabled":false,"locationContextEnabled":false,"applicationCacheEnabled":false,"browserConnectionEnabled":false,"cssSelectorsEnabled":true,"webStorageEnabled":false,"rotatable":false,"acceptSslCerts":false,"nativeEvents":true,"proxy":{"proxyType":"direct"}}
[INFO  - 2016-12-08T19:13:58.197Z] SessionManagerReqHand - _postNewSessionCommand - New Session Created: 7836b5d0-bd7a-11e6-9730-e5ec4f8847f6
Dec 08, 2016 11:13:58 AM org.openqa.selenium.remote.ProtocolHandshake createSession
INFO: Detected dialect: OSS
]]></system-err>
</testsuite>
