<?xml version="1.0" encoding="UTF-8"?>
<testsuite name="advanced_Selenium.phantomjsTest" tests="1" skipped="0" failures="0" errors="0" timestamp="2016-12-08T04:58:16" hostname="tastypotinc.private" time="23.202">
  <properties/>
  <testcase name="testPhantomJSDriver" classname="advanced_Selenium.phantomjsTest" time="23.202"/>
  <system-out><![CDATA[20:58:23.762 [Forwarding newSession on session null to remote] DEBUG org.apache.http.client.protocol.RequestAddCookies - CookieSpec selected: default
20:58:24.189 [Forwarding newSession on session null to remote] DEBUG org.apache.http.client.protocol.RequestAuthCache - Auth cache not set in the context
20:58:24.209 [Forwarding newSession on session null to remote] DEBUG org.apache.http.impl.conn.PoolingHttpClientConnectionManager - Connection request: [route: {}->http://localhost:25620][total kept alive: 0; route allocated: 0 of 2000; total allocated: 0 of 2000]
20:58:24.730 [Forwarding newSession on session null to remote] DEBUG org.apache.http.impl.conn.PoolingHttpClientConnectionManager - Connection leased: [id: 0][route: {}->http://localhost:25620][total kept alive: 0; route allocated: 1 of 2000; total allocated: 1 of 2000]
20:58:25.004 [Forwarding newSession on session null to remote] DEBUG org.apache.http.impl.execchain.MainClientExec - Opening connection {}->http://localhost:25620
20:58:25.242 [Forwarding newSession on session null to remote] DEBUG org.apache.http.impl.conn.DefaultHttpClientConnectionOperator - Connecting to localhost/127.0.0.1:25620
20:58:25.298 [Forwarding newSession on session null to remote] DEBUG org.apache.http.impl.conn.DefaultHttpClientConnectionOperator - Connection established 127.0.0.1:55766<->127.0.0.1:25620
20:58:25.299 [Forwarding newSession on session null to remote] DEBUG org.apache.http.impl.conn.DefaultManagedHttpClientConnection - http-outgoing-0: set socket timeout to 10800000
20:58:25.299 [Forwarding newSession on session null to remote] DEBUG org.apache.http.impl.execchain.MainClientExec - Executing request POST /session HTTP/1.1
20:58:25.300 [Forwarding newSession on session null to remote] DEBUG org.apache.http.impl.execchain.MainClientExec - Target auth state: UNCHALLENGED
20:58:25.360 [Forwarding newSession on session null to remote] DEBUG org.apache.http.impl.execchain.MainClientExec - Proxy auth state: UNCHALLENGED
20:58:25.481 [Forwarding newSession on session null to remote] DEBUG org.apache.http.headers - http-outgoing-0 >> POST /session HTTP/1.1
20:58:25.481 [Forwarding newSession on session null to remote] DEBUG org.apache.http.headers - http-outgoing-0 >> Content-Type: application/json; charset=utf-8
20:58:25.485 [Forwarding newSession on session null to remote] DEBUG org.apache.http.headers - http-outgoing-0 >> Content-Length: 234
20:58:25.486 [Forwarding newSession on session null to remote] DEBUG org.apache.http.headers - http-outgoing-0 >> Host: localhost:25620
20:58:25.487 [Forwarding newSession on session null to remote] DEBUG org.apache.http.headers - http-outgoing-0 >> Connection: Keep-Alive
20:58:25.488 [Forwarding newSession on session null to remote] DEBUG org.apache.http.headers - http-outgoing-0 >> User-Agent: Apache-HttpClient/4.5.2 (Java/1.8.0_101)
20:58:25.489 [Forwarding newSession on session null to remote] DEBUG org.apache.http.headers - http-outgoing-0 >> Accept-Encoding: gzip,deflate
20:58:25.490 [Forwarding newSession on session null to remote] DEBUG org.apache.http.wire - http-outgoing-0 >> "POST /session HTTP/1.1[\r][\n]"
20:58:25.490 [Forwarding newSession on session null to remote] DEBUG org.apache.http.wire - http-outgoing-0 >> "Content-Type: application/json; charset=utf-8[\r][\n]"
20:58:25.492 [Forwarding newSession on session null to remote] DEBUG org.apache.http.wire - http-outgoing-0 >> "Content-Length: 234[\r][\n]"
20:58:25.493 [Forwarding newSession on session null to remote] DEBUG org.apache.http.wire - http-outgoing-0 >> "Host: localhost:25620[\r][\n]"
20:58:25.493 [Forwarding newSession on session null to remote] DEBUG org.apache.http.wire - http-outgoing-0 >> "Connection: Keep-Alive[\r][\n]"
20:58:25.493 [Forwarding newSession on session null to remote] DEBUG org.apache.http.wire - http-outgoing-0 >> "User-Agent: Apache-HttpClient/4.5.2 (Java/1.8.0_101)[\r][\n]"
20:58:25.494 [Forwarding newSession on session null to remote] DEBUG org.apache.http.wire - http-outgoing-0 >> "Accept-Encoding: gzip,deflate[\r][\n]"
20:58:25.494 [Forwarding newSession on session null to remote] DEBUG org.apache.http.wire - http-outgoing-0 >> "[\r][\n]"
20:58:25.495 [Forwarding newSession on session null to remote] DEBUG org.apache.http.wire - http-outgoing-0 >> "{"capabilities":{"desiredCapabilities":{"browserName":"phantomjs","version":"","platform":"ANY"},"requiredCapabilities":null},"desiredCapabilities":{"browserName":"phantomjs","version":"","platform":"ANY"},"requiredCapabilities":null}"
20:58:25.558 [Forwarding newSession on session null to remote] DEBUG org.apache.http.wire - http-outgoing-0 << "HTTP/1.1 200 OK[\r][\n]"
20:58:25.559 [Forwarding newSession on session null to remote] DEBUG org.apache.http.wire - http-outgoing-0 << "Cache: no-cache[\r][\n]"
20:58:25.563 [Forwarding newSession on session null to remote] DEBUG org.apache.http.wire - http-outgoing-0 << "Content-Length: 534[\r][\n]"
20:58:25.564 [Forwarding newSession on session null to remote] DEBUG org.apache.http.wire - http-outgoing-0 << "Content-Type: application/json;charset=UTF-8[\r][\n]"
20:58:25.564 [Forwarding newSession on session null to remote] DEBUG org.apache.http.wire - http-outgoing-0 << "[\r][\n]"
20:58:25.564 [Forwarding newSession on session null to remote] DEBUG org.apache.http.wire - http-outgoing-0 << "{"sessionId":"f38f5520-bd02-11e6-b34a-8d0186b048d8","status":0,"value":{"browserName":"phantomjs","version":"2.1.1","driverName":"ghostdriver","driverVersion":"1.2.0","platform":"mac-unknown-64bit","javascriptEnabled":true,"takesScreenshot":true,"handlesAlerts":false,"databaseEnabled":false,"locationContextEnabled":false,"applicationCacheEnabled":false,"browserConnectionEnabled":false,"cssSelectorsEnabled":true,"webStorageEnabled":false,"rotatable":false,"acceptSslCerts":false,"nativeEvents":true,"proxy":{"proxyType":"direct"}}}"
20:58:25.923 [Forwarding newSession on session null to remote] DEBUG org.apache.http.headers - http-outgoing-0 << HTTP/1.1 200 OK
20:58:25.924 [Forwarding newSession on session null to remote] DEBUG org.apache.http.headers - http-outgoing-0 << Cache: no-cache
20:58:25.924 [Forwarding newSession on session null to remote] DEBUG org.apache.http.headers - http-outgoing-0 << Content-Length: 534
20:58:25.925 [Forwarding newSession on session null to remote] DEBUG org.apache.http.headers - http-outgoing-0 << Content-Type: application/json;charset=UTF-8
20:58:26.466 [Forwarding newSession on session null to remote] DEBUG org.apache.http.impl.execchain.MainClientExec - Connection can be kept alive indefinitely
20:58:26.699 [Forwarding newSession on session null to remote] DEBUG org.apache.http.impl.conn.PoolingHttpClientConnectionManager - Connection [id: 0][route: {}->http://localhost:25620] can be kept alive indefinitely
20:58:26.700 [Forwarding newSession on session null to remote] DEBUG org.apache.http.impl.conn.PoolingHttpClientConnectionManager - Connection released: [id: 0][route: {}->http://localhost:25620][total kept alive: 1; route allocated: 1 of 2000; total allocated: 1 of 2000]
20:58:26.756 [Forwarding get on session f38f5520-bd02-11e6-b34a-8d0186b048d8 to remote] DEBUG org.apache.http.client.protocol.RequestAddCookies - CookieSpec selected: default
20:58:26.756 [Forwarding get on session f38f5520-bd02-11e6-b34a-8d0186b048d8 to remote] DEBUG org.apache.http.client.protocol.RequestAuthCache - Auth cache not set in the context
20:58:26.757 [Forwarding get on session f38f5520-bd02-11e6-b34a-8d0186b048d8 to remote] DEBUG org.apache.http.impl.conn.PoolingHttpClientConnectionManager - Connection request: [route: {}->http://localhost:25620][total kept alive: 1; route allocated: 1 of 2000; total allocated: 1 of 2000]
20:58:26.757 [Forwarding get on session f38f5520-bd02-11e6-b34a-8d0186b048d8 to remote] DEBUG org.apache.http.impl.conn.PoolingHttpClientConnectionManager - Connection leased: [id: 0][route: {}->http://localhost:25620][total kept alive: 0; route allocated: 1 of 2000; total allocated: 1 of 2000]
20:58:26.757 [Forwarding get on session f38f5520-bd02-11e6-b34a-8d0186b048d8 to remote] DEBUG org.apache.http.impl.execchain.MainClientExec - Stale connection check
20:58:26.760 [Forwarding get on session f38f5520-bd02-11e6-b34a-8d0186b048d8 to remote] DEBUG org.apache.http.wire - http-outgoing-0 << "[read] I/O error: Read timed out"
20:58:26.760 [Forwarding get on session f38f5520-bd02-11e6-b34a-8d0186b048d8 to remote] DEBUG org.apache.http.impl.conn.DefaultManagedHttpClientConnection - http-outgoing-0: set socket timeout to 10800000
20:58:26.760 [Forwarding get on session f38f5520-bd02-11e6-b34a-8d0186b048d8 to remote] DEBUG org.apache.http.impl.execchain.MainClientExec - Executing request POST /session/f38f5520-bd02-11e6-b34a-8d0186b048d8/url HTTP/1.1
20:58:26.761 [Forwarding get on session f38f5520-bd02-11e6-b34a-8d0186b048d8 to remote] DEBUG org.apache.http.impl.execchain.MainClientExec - Target auth state: UNCHALLENGED
20:58:26.761 [Forwarding get on session f38f5520-bd02-11e6-b34a-8d0186b048d8 to remote] DEBUG org.apache.http.impl.execchain.MainClientExec - Proxy auth state: UNCHALLENGED
20:58:26.762 [Forwarding get on session f38f5520-bd02-11e6-b34a-8d0186b048d8 to remote] DEBUG org.apache.http.headers - http-outgoing-0 >> POST /session/f38f5520-bd02-11e6-b34a-8d0186b048d8/url HTTP/1.1
20:58:26.762 [Forwarding get on session f38f5520-bd02-11e6-b34a-8d0186b048d8 to remote] DEBUG org.apache.http.headers - http-outgoing-0 >> Content-Type: application/json; charset=utf-8
20:58:26.762 [Forwarding get on session f38f5520-bd02-11e6-b34a-8d0186b048d8 to remote] DEBUG org.apache.http.headers - http-outgoing-0 >> Content-Length: 32
20:58:26.763 [Forwarding get on session f38f5520-bd02-11e6-b34a-8d0186b048d8 to remote] DEBUG org.apache.http.headers - http-outgoing-0 >> Host: localhost:25620
20:58:26.763 [Forwarding get on session f38f5520-bd02-11e6-b34a-8d0186b048d8 to remote] DEBUG org.apache.http.headers - http-outgoing-0 >> Connection: Keep-Alive
20:58:26.763 [Forwarding get on session f38f5520-bd02-11e6-b34a-8d0186b048d8 to remote] DEBUG org.apache.http.headers - http-outgoing-0 >> User-Agent: Apache-HttpClient/4.5.2 (Java/1.8.0_101)
20:58:26.763 [Forwarding get on session f38f5520-bd02-11e6-b34a-8d0186b048d8 to remote] DEBUG org.apache.http.headers - http-outgoing-0 >> Accept-Encoding: gzip,deflate
20:58:26.764 [Forwarding get on session f38f5520-bd02-11e6-b34a-8d0186b048d8 to remote] DEBUG org.apache.http.wire - http-outgoing-0 >> "POST /session/f38f5520-bd02-11e6-b34a-8d0186b048d8/url HTTP/1.1[\r][\n]"
20:58:26.764 [Forwarding get on session f38f5520-bd02-11e6-b34a-8d0186b048d8 to remote] DEBUG org.apache.http.wire - http-outgoing-0 >> "Content-Type: application/json; charset=utf-8[\r][\n]"
20:58:26.764 [Forwarding get on session f38f5520-bd02-11e6-b34a-8d0186b048d8 to remote] DEBUG org.apache.http.wire - http-outgoing-0 >> "Content-Length: 32[\r][\n]"
20:58:26.764 [Forwarding get on session f38f5520-bd02-11e6-b34a-8d0186b048d8 to remote] DEBUG org.apache.http.wire - http-outgoing-0 >> "Host: localhost:25620[\r][\n]"
20:58:26.764 [Forwarding get on session f38f5520-bd02-11e6-b34a-8d0186b048d8 to remote] DEBUG org.apache.http.wire - http-outgoing-0 >> "Connection: Keep-Alive[\r][\n]"
20:58:26.764 [Forwarding get on session f38f5520-bd02-11e6-b34a-8d0186b048d8 to remote] DEBUG org.apache.http.wire - http-outgoing-0 >> "User-Agent: Apache-HttpClient/4.5.2 (Java/1.8.0_101)[\r][\n]"
20:58:26.764 [Forwarding get on session f38f5520-bd02-11e6-b34a-8d0186b048d8 to remote] DEBUG org.apache.http.wire - http-outgoing-0 >> "Accept-Encoding: gzip,deflate[\r][\n]"
20:58:26.765 [Forwarding get on session f38f5520-bd02-11e6-b34a-8d0186b048d8 to remote] DEBUG org.apache.http.wire - http-outgoing-0 >> "[\r][\n]"
20:58:26.765 [Forwarding get on session f38f5520-bd02-11e6-b34a-8d0186b048d8 to remote] DEBUG org.apache.http.wire - http-outgoing-0 >> "{"url":"http://www.nthu.edu.tw"}"
20:58:34.919 [Forwarding get on session f38f5520-bd02-11e6-b34a-8d0186b048d8 to remote] DEBUG org.apache.http.wire - http-outgoing-0 << "HTTP/1.1 200 OK[\r][\n]"
20:58:34.920 [Forwarding get on session f38f5520-bd02-11e6-b34a-8d0186b048d8 to remote] DEBUG org.apache.http.wire - http-outgoing-0 << "Cache: no-cache[\r][\n]"
20:58:34.922 [Forwarding get on session f38f5520-bd02-11e6-b34a-8d0186b048d8 to remote] DEBUG org.apache.http.wire - http-outgoing-0 << "Content-Length: 74[\r][\n]"
20:58:34.923 [Forwarding get on session f38f5520-bd02-11e6-b34a-8d0186b048d8 to remote] DEBUG org.apache.http.wire - http-outgoing-0 << "Content-Type: application/json;charset=UTF-8[\r][\n]"
20:58:34.923 [Forwarding get on session f38f5520-bd02-11e6-b34a-8d0186b048d8 to remote] DEBUG org.apache.http.wire - http-outgoing-0 << "[\r][\n]"
20:58:34.923 [Forwarding get on session f38f5520-bd02-11e6-b34a-8d0186b048d8 to remote] DEBUG org.apache.http.wire - http-outgoing-0 << "{"sessionId":"f38f5520-bd02-11e6-b34a-8d0186b048d8","status":0,"value":{}}"
20:58:34.924 [Forwarding get on session f38f5520-bd02-11e6-b34a-8d0186b048d8 to remote] DEBUG org.apache.http.headers - http-outgoing-0 << HTTP/1.1 200 OK
20:58:34.924 [Forwarding get on session f38f5520-bd02-11e6-b34a-8d0186b048d8 to remote] DEBUG org.apache.http.headers - http-outgoing-0 << Cache: no-cache
20:58:34.924 [Forwarding get on session f38f5520-bd02-11e6-b34a-8d0186b048d8 to remote] DEBUG org.apache.http.headers - http-outgoing-0 << Content-Length: 74
20:58:34.924 [Forwarding get on session f38f5520-bd02-11e6-b34a-8d0186b048d8 to remote] DEBUG org.apache.http.headers - http-outgoing-0 << Content-Type: application/json;charset=UTF-8
20:58:34.924 [Forwarding get on session f38f5520-bd02-11e6-b34a-8d0186b048d8 to remote] DEBUG org.apache.http.impl.execchain.MainClientExec - Connection can be kept alive indefinitely
20:58:34.924 [Forwarding get on session f38f5520-bd02-11e6-b34a-8d0186b048d8 to remote] DEBUG org.apache.http.impl.conn.PoolingHttpClientConnectionManager - Connection [id: 0][route: {}->http://localhost:25620] can be kept alive indefinitely
20:58:34.924 [Forwarding get on session f38f5520-bd02-11e6-b34a-8d0186b048d8 to remote] DEBUG org.apache.http.impl.conn.PoolingHttpClientConnectionManager - Connection released: [id: 0][route: {}->http://localhost:25620][total kept alive: 1; route allocated: 1 of 2000; total allocated: 1 of 2000]
20:58:34.948 [Forwarding getPageSource on session f38f5520-bd02-11e6-b34a-8d0186b048d8 to remote] DEBUG org.apache.http.client.protocol.RequestAddCookies - CookieSpec selected: default
20:58:34.948 [Forwarding getPageSource on session f38f5520-bd02-11e6-b34a-8d0186b048d8 to remote] DEBUG org.apache.http.client.protocol.RequestAuthCache - Auth cache not set in the context
20:58:34.948 [Forwarding getPageSource on session f38f5520-bd02-11e6-b34a-8d0186b048d8 to remote] DEBUG org.apache.http.impl.conn.PoolingHttpClientConnectionManager - Connection request: [route: {}->http://localhost:25620][total kept alive: 1; route allocated: 1 of 2000; total allocated: 1 of 2000]
20:58:34.949 [Forwarding getPageSource on session f38f5520-bd02-11e6-b34a-8d0186b048d8 to remote] DEBUG org.apache.http.impl.conn.PoolingHttpClientConnectionManager - Connection leased: [id: 0][route: {}->http://localhost:25620][total kept alive: 0; route allocated: 1 of 2000; total allocated: 1 of 2000]
20:58:34.949 [Forwarding getPageSource on session f38f5520-bd02-11e6-b34a-8d0186b048d8 to remote] DEBUG org.apache.http.impl.execchain.MainClientExec - Stale connection check
20:58:34.950 [Forwarding getPageSource on session f38f5520-bd02-11e6-b34a-8d0186b048d8 to remote] DEBUG org.apache.http.wire - http-outgoing-0 << "[read] I/O error: Read timed out"
20:58:34.951 [Forwarding getPageSource on session f38f5520-bd02-11e6-b34a-8d0186b048d8 to remote] DEBUG org.apache.http.impl.conn.DefaultManagedHttpClientConnection - http-outgoing-0: set socket timeout to 10800000
20:58:34.951 [Forwarding getPageSource on session f38f5520-bd02-11e6-b34a-8d0186b048d8 to remote] DEBUG org.apache.http.impl.execchain.MainClientExec - Executing request GET /session/f38f5520-bd02-11e6-b34a-8d0186b048d8/source HTTP/1.1
20:58:34.951 [Forwarding getPageSource on session f38f5520-bd02-11e6-b34a-8d0186b048d8 to remote] DEBUG org.apache.http.impl.execchain.MainClientExec - Target auth state: UNCHALLENGED
20:58:34.952 [Forwarding getPageSource on session f38f5520-bd02-11e6-b34a-8d0186b048d8 to remote] DEBUG org.apache.http.impl.execchain.MainClientExec - Proxy auth state: UNCHALLENGED
20:58:34.952 [Forwarding getPageSource on session f38f5520-bd02-11e6-b34a-8d0186b048d8 to remote] DEBUG org.apache.http.headers - http-outgoing-0 >> GET /session/f38f5520-bd02-11e6-b34a-8d0186b048d8/source HTTP/1.1
20:58:34.952 [Forwarding getPageSource on session f38f5520-bd02-11e6-b34a-8d0186b048d8 to remote] DEBUG org.apache.http.headers - http-outgoing-0 >> Cache-Control: no-cache
20:58:34.952 [Forwarding getPageSource on session f38f5520-bd02-11e6-b34a-8d0186b048d8 to remote] DEBUG org.apache.http.headers - http-outgoing-0 >> Host: localhost:25620
20:58:34.952 [Forwarding getPageSource on session f38f5520-bd02-11e6-b34a-8d0186b048d8 to remote] DEBUG org.apache.http.headers - http-outgoing-0 >> Connection: Keep-Alive
20:58:34.952 [Forwarding getPageSource on session f38f5520-bd02-11e6-b34a-8d0186b048d8 to remote] DEBUG org.apache.http.headers - http-outgoing-0 >> User-Agent: Apache-HttpClient/4.5.2 (Java/1.8.0_101)
20:58:34.953 [Forwarding getPageSource on session f38f5520-bd02-11e6-b34a-8d0186b048d8 to remote] DEBUG org.apache.http.headers - http-outgoing-0 >> Accept-Encoding: gzip,deflate
20:58:34.953 [Forwarding getPageSource on session f38f5520-bd02-11e6-b34a-8d0186b048d8 to remote] DEBUG org.apache.http.wire - http-outgoing-0 >> "GET /session/f38f5520-bd02-11e6-b34a-8d0186b048d8/source HTTP/1.1[\r][\n]"
20:58:34.953 [Forwarding getPageSource on session f38f5520-bd02-11e6-b34a-8d0186b048d8 to remote] DEBUG org.apache.http.wire - http-outgoing-0 >> "Cache-Control: no-cache[\r][\n]"
20:58:34.953 [Forwarding getPageSource on session f38f5520-bd02-11e6-b34a-8d0186b048d8 to remote] DEBUG org.apache.http.wire - http-outgoing-0 >> "Host: localhost:25620[\r][\n]"
20:58:34.954 [Forwarding getPageSource on session f38f5520-bd02-11e6-b34a-8d0186b048d8 to remote] DEBUG org.apache.http.wire - http-outgoing-0 >> "Connection: Keep-Alive[\r][\n]"
20:58:34.954 [Forwarding getPageSource on session f38f5520-bd02-11e6-b34a-8d0186b048d8 to remote] DEBUG org.apache.http.wire - http-outgoing-0 >> "User-Agent: Apache-HttpClient/4.5.2 (Java/1.8.0_101)[\r][\n]"
20:58:34.954 [Forwarding getPageSource on session f38f5520-bd02-11e6-b34a-8d0186b048d8 to remote] DEBUG org.apache.http.wire - http-outgoing-0 >> "Accept-Encoding: gzip,deflate[\r][\n]"
20:58:34.954 [Forwarding getPageSource on session f38f5520-bd02-11e6-b34a-8d0186b048d8 to remote] DEBUG org.apache.http.wire - http-outgoing-0 >> "[\r][\n]"
20:58:34.966 [Forwarding getPageSource on session f38f5520-bd02-11e6-b34a-8d0186b048d8 to remote] DEBUG org.apache.http.wire - http-outgoing-0 << "HTTP/1.1 200 OK[\r][\n]"
20:58:34.966 [Forwarding getPageSource on session f38f5520-bd02-11e6-b34a-8d0186b048d8 to remote] DEBUG org.apache.http.wire - http-outgoing-0 << "Cache: no-cache[\r][\n]"
20:58:34.966 [Forwarding getPageSource on session f38f5520-bd02-11e6-b34a-8d0186b048d8 to remote] DEBUG org.apache.http.wire - http-outgoing-0 << "Content-Length: 44939[\r][\n]"
20:58:34.966 [Forwarding getPageSource on session f38f5520-bd02-11e6-b34a-8d0186b048d8 to remote] DEBUG org.apache.http.wire - http-outgoing-0 << "Content-Type: application/json;charset=UTF-8[\r][\n]"
20:58:34.967 [Forwarding getPageSource on session f38f5520-bd02-11e6-b34a-8d0186b048d8 to remote] DEBUG org.apache.http.wire - http-outgoing-0 << "[\r][\n]"
20:58:34.969 [Forwarding getPageSource on session f38f5520-bd02-11e6-b34a-8d0186b048d8 to remote] DEBUG org.apache.http.wire - http-outgoing-0 << "{"sessionId":"f38f5520-bd02-11e6-b34a-8d0186b048d8","status":0,"value":"<!DOCTYPE html><html class=\" js csstransitions\"><head>\n        <meta charset=\"utf-8\">\n        <title>[0xe5][0x9c][0x8b][0xe7][0xab][0x8b][0xe6][0xb8][0x85][0xe8][0x8f][0xaf][0xe5][0xa4][0xa7][0xe5][0xad][0xb8]</title>\n\n        <meta property=\"og:title\" content=\"[0xe5][0x9c][0x8b][0xe7][0xab][0x8b][0xe6][0xb8][0x85][0xe8][0x8f][0xaf][0xe5][0xa4][0xa7][0xe5][0xad][0xb8]\">\n        <meta property=\"og:url\" content=\"http://www.nthu.edu.tw/\">\n        <meta property=\"og:description\" content=\"[0xe5][0x9c][0x8b][0xe7][0xab][0x8b][0xe6][0xb8][0x85][0xe8][0x8f][0xaf][0xe5][0xa4][0xa7][0xe5][0xad][0xb8]-1909[0xe5][0xb9][0xb4][0xe4][0xbb][0xa5][0xe7][0xbe][0x8e][0xe5][0x9c][0x8b][0xe9][0x80][0x80][0xe9][0x82][0x84][0xe5][0xba][0x9a][0xe5][0xad][0x90][0xe8][0xb3][0xa0][0xe6][0xac][0xbe][0xef][0xbc][0x8c][0xe6][0x88][0x90][0xe7][0xab][0x8b][0xe6][0xb8][0xb8][0xe7][0xbe][0x8e][0xe5][0xad][0xb8][0xe5][0x8b][0x99][0xe8][0x99][0x95][0xe9][0x81][0xb8][0xe6][0xb4][0xbe][0xe5][0xad][0xb8][0xe7][0x94][0x9f][0xe7][0x95][0x99][0xe7][0xbe][0x8e][0xe3][0x80][0x82]1911[0xe5][0xb9][0xb4][0xe8][0xa8][0xad][0xe6][0xa0][0xa1][0xe7][0xa8][0xb1][0xe6][0xb8][0x85][0xe8][0x8f][0xaf][0xe5][0xad][0xb8][0xe5][0xa0][0x82][0xe3][0x80][0x82][0xe5][0xb9][0xbe][0xe7][0xb6][0x93][0xe6][0x88][0xb0][0xe4][0xba][0x82][0xef][0xbc][0x8c]1955[0xe5][0xb9][0xb4][0xe5][0xbe][0xa9][0xe6][0xa0][0xa1][0xe6][0x96][0xbc][0xe6][0x96][0xb0][0xe7][0xab][0xb9][0xe3][0x80][0x82][0xe6][0xb8][0x85][0xe8][0x8f][0xaf][0xe5][0xa4][0xa7][0xe5][0xad][0xb8][0xe5][0xbe][0xa9][0xe6][0xa0][0xa1][0xe5][0x88][0x9d][0xe6][0x9c][0x9f][0xe9][0x87][0x8d][0xe9][0xbb][0x9e][0xe7][0x82][0xba][0xe5][0x8e][0x9f][0xe5][0xad][0x90][0xe7][0xa7][0x91][0xe5][0xad][0xb8][0xef][0xbc][0x8c][0xe5][0x85][0xb6][0xe5][0xbe][0x8c][0xe5][0x89][0x87][0xe6][0x93][0xb4][0xe5][0xb1][0x95][0xe8][0x87][0xb3][0xe7][0x90][0x86][0xe5][0xb7][0xa5][0xe6][0x96][0xb9][0xe9][0x9d][0xa2][0xef][0xbc][0x8c][0xe8][0xbf][0x91][0xe5][0x8d][0x81][0xe5][0xb9][0xbe][0xe5][0xb9][0xb4][0xe4][0xbe][0x86][0xe6][0x9b][0xb4][0xe7][0xa9][0x8d][0xe6][0xa5][0xb5][0xe7][0x99][0xbc][0xe5][0xb1][0x95][0xe4][0xba][0xba][0xe6][0x96][0x87][0xe7][0xa4][0xbe][0xe6][0x9c][0x83][0xe3][0x80][0x81][0xe7][0x94][0x9f][0xe5][0x91][0xbd][0xe7][0xa7][0x91][0xe5][0xad][0xb8][0xe3][0x80][0x81][0xe9][0x9b][0xbb][0xe6][0xa9][0x9f][0xe8][0xb3][0x87][0xe8][0xa8][0x8a][0xe8][0x88][0x87][0xe7][0xa7][0x91][0xe6][0x8a][0x80][0xe7][0xae][0xa1][0xe7][0x90][0x86][0xef][0xbc][0x9b][0xe6][0xbc][0xb8][0xe6][0xbc][0xb8][0xe5][0x9c][0xb0][0xef][0xbc][0x8c][0xe6][0xb8][0x85][0xe8][0x8f][0xaf][0xe5][0xb7][0xb2][0xe6][0x88][0x90][0xe7][0x82][0xba][0xe4][0xb8][0x80][0xe6][0x96][0x87][0xe3][0x80][0x81][0xe7][0x90][0x86][0xe3][0x80][0x81][0xe5][0xb7][0xa5][0xe5][0x9d][0x87][0xe8][0xa1][0xa1][0xe7][0x99][0xbc][0xe5][0xb1][0x95][0xe7][0x9a][0x84][0xe5][0xad][0xb8][0xe5][0xba][0x9c][0xe3][0x80][0x82][0xe7][0xa7][0x89][0xe6][0x8c][0x81][0xe3][0x80][0x8c][0xe8][0x87][0xaa][0xe5][0xbc][0xb7][0xe4][0xb8][0x8d][0xe6][0x81][0xaf][0xef][0xbc][0x8c][0xe5][0x8e][0x9a][0xe5][0xbe][0xb7][0xe8][0xbc][0x89][0xe7][0x89][0xa9][0xe3][0x80][0x8d][0xe6][0xa0][0xa1][0xe8][0xa8][0x93][0xef][0xbc][0x8c][0xe8][0x87][0xb4][0xe5][0x8a][0x9b][0xe5][0x9f][0xb9][0xe8][0x82][0xb2][0xe5][0xbe][0xb7][0xe3][0x80][0x81][0xe6][0x99][0xba][0xe3][0x80][0x81][0xe9][0xab][0x94][0xe3][0x80][0x81][0xe7][0xbe][0xa4][0xe3][0x80][0x81][0xe7][0xbe][0x8e][0xe4][0xba][0x94][0xe8][0x82][0xb2][0xe5][0x85][0xbc][0xe5][0x84][0xaa][0xef][0xbc][0x8c][0xe5][0x85][0xbc][0xe5][0x85][0xb7][0xe7][0xa7][0x91][0xe5][0xad][0xb8][0xe8][0x88][0x87][0xe4][0xba][0xba][0xe6][0x96][0x87][0xe7][0xb4][0xa0][0xe9][0xa4][0x8a][0xe7][0x9a][0x84][0xe9][0xa0][0x98][0xe5][0xb0][0x8e][0xe8][0x80][0x85][0xe5][0x92][0x8c][0xe7][0xa4][0xbe][0xe6][0x9c][0x83][0xe5][0x85][0xac][0xe6][0xb0][0x91][0xe3][0x80][0x82]\">\n        <meta property=\"og:image\" content=\"http://www.nthu.edu.tw/_img/NTHU-logo.png\">\n        <meta name=\"keywords\" content=\"National Tsing Hua University,[0xe5][0x9c][0x8b][0xe7][0xab][0x8b][0xe6][0xb8][0x85][0xe8][0x8f][0xaf][0xe5][0xa4][0xa7][0xe5][0xad][0xb8],[0xe6][0xb8][0x85][0xe8][0x8f][0xaf],[0xe6][0xb8][0x85][0xe5][0xa4][0xa7]\">\n        <meta name=\"description\" content=\"[0xe5][0x9c][0x8b][0xe7][0xab][0x8b][0xe6][0xb8][0x85][0xe8][0x8f][0xaf][0xe5][0xa4][0xa7][0xe5][0xad][0xb8]-1909[0xe5][0xb9][0xb4][0xe4][0xbb][0xa5][0xe7][0xbe][0x8e][0xe5][0x9c][0x8b][0xe9][0x80][0x80][0xe9][0x82][0x84][0xe5][0xba][0x9a][0xe5][0xad][0x90][0xe8][0xb3][0xa0][0xe6][0xac][0xbe][0xef][0xbc][0x8c][0xe6][0x88][0x90][0xe7][0xab][0x8b][0xe6][0xb8][0xb8][0xe7][0xbe][0x8e][0xe5][0xad][0xb8][0xe5][0x8b][0x99][0xe8][0x99][0x95][0xe9][0x81][0xb8][0xe6][0xb4][0xbe][0xe5][0xad][0xb8][0xe7][0x94][0x9f][0xe7][0x95][0x99][0xe7][0xbe][0x8e][0xe3][0x80][0x82]1911[0xe5][0xb9][0xb4][0xe8][0xa8][0xad][0xe6][0xa0][0xa1][0xe7][0xa8][0xb1][0xe6][0xb8][0x85][0xe8][0x8f][0xaf][0xe5][0xad][0xb8][0xe5][0xa0][0x82][0xe3][0x80][0x82][0xe5][0xb9][0xbe][0xe7][0xb6][0x93][0xe6][0x88][0xb0][0xe4][0xba][0x82][0xef][0xbc][0x8c]1955[0xe5][0xb9][0xb4][0xe5][0xbe][0xa9][0xe6][0xa0][0xa1][0xe6][0x96][0xbc][0xe6][0x96][0xb0][0xe7][0xab][0xb9][0xe3][0x80][0x82][0xe6][0xb8][0x85][0xe8][0x8f][0xaf][0xe5][0xa4][0xa7][0xe5][0xad][0xb8][0xe5][0xbe][0xa9][0xe6][0xa0][0xa1][0xe5][0x88][0x9d][0xe6][0x9c][0x9f][0xe9][0x87][0x8d][0xe9][0xbb][0x9e][0xe7][0x82][0xba][0xe5][0x8e][0x9f][0xe5][0xad][0x90][0xe7][0xa7][0x91][0xe5][0xad][0xb8][0xef][0xbc][0x8c][0xe5][0x85][0xb6][0xe5][0xbe][0x8c][0xe5][0x89][0x87][0xe6][0x93][0xb4][0xe5][0xb1][0x95][0xe8][0x87][0xb3][0xe7][0x90][0x86][0xe5][0xb7][0xa5][0xe6][0x96][0xb9][0xe9][0x9d][0xa2][0xef][0xbc][0x8c][0xe8][0xbf][0x91][0xe5][0x8d][0x81][0xe5][0xb9][0xbe][0xe5][0xb9][0xb4][0xe4][0xbe][0x86][0xe6][0x9b][0xb4][0xe7][0xa9][0x8d][0xe6][0xa5][0xb5][0xe7][0x99][0xbc][0xe5][0xb1][0x95][0xe4][0xba][0xba][0xe6][0x96][0x87][0xe7][0xa4][0xbe][0xe6][0x9c][0x83][0xe3][0x80][0x81][0xe7][0x94][0x9f][0xe5][0x91][0xbd][0xe7][0xa7][0x91][0xe5][0xad][0xb8][0xe3][0x80][0x81][0xe9][0x9b][0xbb][0xe6][0xa9][0x9f][0xe8][0xb3][0x87][0xe8][0xa8][0x8a][0xe8][0x88][0x87][0xe7][0xa7][0x91][0xe6][0x8a][0x80][0xe7][0xae][0xa1][0xe7][0x90][0x86][0xef][0xbc][0x9b][0xe6][0xbc][0xb8][0xe6][0xbc][0xb8][0xe5][0x9c][0xb0][0xef][0xbc][0x8c][0xe6][0xb8][0x85][0xe8][0x8f][0xaf][0xe5][0xb7][0xb2][0xe6][0x88][0x90][0xe7][0x82][0xba][0xe4][0xb8][0x80][0xe6][0x96][0x87][0xe3][0x80][0x81][0xe7][0x90][0x86][0xe3][0x80][0x81][0xe5][0xb7][0xa5][0xe5][0x9d][0x87][0xe8][0xa1][0xa1][0xe7][0x99][0xbc][0xe5][0xb1][0x95][0xe7][0x9a][0x84][0xe5][0xad][0xb8][0xe5][0xba][0x9c][0xe3][0x80][0x82][0xe7][0xa7][0x89][0xe6][0x8c][0x81][0xe3][0x80][0x8c][0xe8][0x87][0xaa][0xe5][0xbc][0xb7][0xe4][0xb8][0x8d][0xe6][0x81][0xaf][0xef][0xbc][0x8c][0xe5][0x8e][0x9a][0xe5][0xbe][0xb7][0xe8][0xbc][0x89][0xe7][0x89][0xa9][0xe3][0x80][0x8d][0xe6][0xa0][0xa1][0xe8][0xa8][0x93][0xef][0xbc][0x8c][0xe8][0x87][0xb4][0xe5][0x8a][0x9b][0xe5][0x9f][0xb9][0xe8][0x82][0xb2][0xe5][0xbe][0xb7][0xe3][0x80][0x81][0xe6][0x99][0xba][0xe3][0x80][0x81][0xe9][0xab][0x94][0xe3][0x80][0x81][0xe7][0xbe][0xa4][0xe3][0x80][0x81][0xe7][0xbe][0x8e][0xe4][0xba][0x94][0xe8][0x82][0xb2][0xe5][0x85][0xbc][0xe5][0x84][0xaa][0xef][0xbc][0x8c][0xe5][0x85][0xbc][0xe5][0x85][0xb7][0xe7][0xa7][0x91][0xe5][0xad][0xb8][0xe8][0x88][0x87][0xe4][0xba][0xba][0xe6][0x96][0x87][0xe7][0xb4][0xa0][0xe9][0xa4][0x8a][0xe7][0x9a][0x84][0xe9][0xa0][0x98][0xe5][0xb0][0x8e][0xe8][0x80][0x85][0xe5][0x92][0x8c][0xe7][0xa4][0xbe][0xe6][0x9c][0x83][0xe5][0x85][0xac][0xe6][0xb0][0x91][0xe3][0x80][0x82]\">\n\n        <meta name=\"viewport\" content=\"width=device-width, initial-scale=1.0\">\n<meta http-equiv=\"X-UA-Compatible\" content=\"IE=9; IE=8; IE=7\">\n<base href=\"http://www.nthu.edu.tw//public/\">\n<link rel=\"shortcut icon\" type=\"image/x-icon\" href=\"http://www.nthu.edu.tw/favicon-nthu.ico\"> <!--favicon.ico-->\n<link href=\"style/reset.css\" rel=\"stylesheet\" type=\"text/css\">\n<link href=\"style/header.css\" rel=\"stylesheet\" type=\"text/css\">\n<link href=\"style/footer.css\" rel=\"stylesheet\" type=\"text/css\">\n\n<!--js-->\n\n<script src=\"js/jquery-1.8.2.min.js\" type=\"text/javascript\"></script>\n<script src=\"js/CreateHTML5Elements.js\" type=\"text/javascript\"></script>\n<script src=\"js/jquery.easing.1.3.js\" type=\"text/javascript\"></script>\n<script src=\"js/modernizr.custom.js\" type=\"text/javascript\"></script>\n<script src=\"js/jquery-ui-1.10.1.custom.min.js\" type=\"text/javascript\"></script>\n<script src=\"js/custom.js\" type=\"text/javascript\"></script>\n<noscript>[0xe4][0xbb][0xa5][0xe4][0xb8][0x8a][0xe5][0x85][0xad][0xe5][0x80][0x8b]Script[0xe5][0x8a][0x9f][0xe8][0x83][0xbd][0xe6][0x8f][0x90][0xe4][0xbe][0x9b][0xe5][0x9f][0xba][0xe6][0x9c][0xac][0xe9][0x81][0x8b][0xe4][0xbd][0x9c][0xe5][0x8a][0x9f][0xe8][0x83][0xbd][0xef][0xbc][0x8c][0xe8][0x8b][0xa5][0xe6][0x82][0xa8][0xe7][0x9a][0x84][0xe7][0x80][0x8f][0xe8][0xa6][0xbd][0xe5][0x99][0xa8][0xe4][0xb8][0x8d][0xe6][0x94][0xaf][0xe6][0x8f][0xb4][0xe6][0xad][0xa4][0xe9][0xa0][0x85][0xe5][0x8a][0x9f][0xe8][0x83][0xbd][0xef][0xbc][0x8c][0xe4][0xb9][0x9f][0xe4][0xb8][0x8d][0xe5][0xbd][0xb1][0xe9][0x9f][0xbf][0xe4][0xbd][0xa0][0xe9][0x96][0xb1][0xe8][0xae][0x80][0xe6][0x9c][0xac][0xe7][0xb6][0xb2][0xe7][0xab][0x99][0xe8][0xb3][0x87][0xe8][0xa8][0x8a][0xe3][0x80][0x82]</noscript>\n\n<!-- Menu -->\n\n<script src=\"js/jquery.meanmenu.js\"></script>\n<script>\n    jQuery(document).ready(function () {\n        jQuery('nav').meanmenu();\n    });\n</script>\n\n<!-- SEARCH -->\n\n<script type=\"text/javascript\">\n$(document).ready(function(){\n\t// search\n\t$('#searchBtn').click(function () {\n\t\t$('#searchForm').attr('action', '/searchUrl/index');\n\n\t\t$('#searchForm').attr('method', 'get');\n\t\t$('#searchForm').attr('target', '_blank');\n\t\t$('#searchForm').submit();\n\t})\n});\n</script>\n\n<noscript>[0xe6][0x9c][0xac]Script[0xe5][0x8a][0x9f][0xe8][0x83][0xbd][0xe6][0x8f][0x90][0xe4][0xbe][0x9b][0xe9][0x81][0xb8][0xe5][0x96][0xae][0xe5][0x8a][0x9f][0xe8][0x83][0xbd][0xef][0xbc][0x8c][0xe8][0x8b][0xa5][0xe6][0x82][0xa8][0xe7][0x9a][0x84][0xe7][0x80][0x8f][0xe8][0xa6][0xbd][0xe5][0x99][0xa8][0xe4][0xb8][0x8d][0xe6][0x94][0xaf][0xe6][0x8f][0xb4][0xe6][0xad][0xa4][0xe9][0xa0][0x85][0xe5][0x8a][0x9f][0xe8][0x83][0xbd][0xef][0xbc][0x8c][0xe4][0xb9][0x9f][0xe4][0xb8][0x8d][0xe5][0xbd][0xb1][0xe9][0x9f][0xbf][0xe4][0xbd][0xa0][0xe9][0x96][0xb1][0xe8][0xae][0x80][0xe6][0x9c][0xac][0xe7][0xb6][0xb2][0xe7][0xab][0x99][0xe8][0xb3][0x87][0xe8][0xa8][0x8a][0xe3][0x80][0x82]</noscript>\n\n<!--[0xe6][0x94][0xb6][0xe5][0x90][0x88]-->\n<script type=\"text/javascript\">\n    function carrousel_show_cover(id) {\n        $(\"#hide_text_\" + id).slideToggle(100);\n    }\n\n    function carrousel_hide_cover(id) {\n        $(\"#hide_text_\" + id).hide(10);\n    }\n</script>\n\n<script src=\"js/nthu.js\"></script>        <link href=\"style/index.css\" rel=\"stylesheet\" type=\"text/css\">\n\n        <!-- FlexSlider -->\n        <script defer=\"\" src=\"js/jquery.flexslider.js\"></script>\n        <script type=\"text/javascript\">\n            $(window).load(function () {\n                $('.flexslider').flexslider({\n                    animation: \"slide\"\n                });\n            });\n        </script>\n        <noscript>[0xe6][0x9c][0xac]Script[0xe5][0x8a][0x9f][0xe8][0x83][0xbd][0xe6][0x8f][0x90][0xe4][0xbe][0x9b][0xe5][0xbb][0xa3][0xe5][0x91][0x8a][0xe8][0xbc][0xaa][0xe6][0x92][0xad][0xe5][0x8a][0x9f][0xe8][0x83][0xbd][0xef][0xbc][0x8c][0xe8][0x8b][0xa5][0xe6][0x82][0xa8][0xe7][0x9a][0x84][0xe7][0x80][0x8f][0xe8][0xa6][0xbd][0xe5][0x99][0xa8][0xe4][0xb8][0x8d][0xe6][0x94][0xaf][0xe6][0x8f][0xb4][0xe6][0xad][0xa4][0xe9][0xa0][0x85][0xe5][0x8a][0x9f][0xe8][0x83][0xbd][0xef][0xbc][0x8c][0xe4][0xb9][0x9f][0xe4][0xb8][0x8d][0xe5][0xbd][0xb1][0xe9][0x9f][0xbf][0xe4][0xbd][0xa0][0xe9][0x96][0xb1][0xe8][0xae][0x80][0xe6][0x9c][0xac][0xe7][0xb6][0xb2][0xe7][0xab][0x99][0xe8][0xb3][0x87][0xe8][0xa8][0x8a][0xe3][0x80][0x82]</noscript>\n\n        <!-- Flexisel -->\n        <script src=\"js/jquery.flexisel.js\"></script>\n        <noscript>[0xe6][0x9c][0xac]Script[0xe5][0x8a][0x9f][0xe8][0x83][0xbd][0xe6][0x8f][0x90][0xe4][0xbe][0x9b][0xe5][0xb0][0x8f][0xe5][0xbb][0xa3][0xe5][0x91][0x8a][0xe8][0xbc][0xaa][0xe6][0x92][0xad][0xe5][0x8a][0x9f][0xe8][0x83][0xbd][0xef][0xbc][0x8c][0xe8][0x8b][0xa5][0xe6][0x82][0xa8][0xe7][0x9a][0x84][0xe7][0x80][0x8f][0xe8][0xa6][0xbd][0xe5][0x99][0xa8][0xe4][0xb8][0x8d][0xe6][0x94][0xaf][0xe6][0x8f][0xb4][0xe6][0xad][0xa4][0xe9][0xa0][0x85][0xe5][0x8a][0x9f][0xe8][0x83][0xbd][0xef][0xbc][0x8c][0xe4][0xb9][0x9f][0xe4][0xb8][0x8d][0xe5][0xbd][0xb1][0xe9][0x9f][0xbf][0xe4][0xbd][0xa0][0xe9][0x96][0xb1][0xe8][0xae][0x80][0xe6][0x9c][0xac][0xe7][0xb6][0xb2][0xe7][0xab][0x99][0xe8][0xb3][0x87][0xe8][0xa8][0x8a][0xe3][0x80][0x82]</noscript>\n\n    </head>\n\n    <body class=\"mean-container\"><div class=\"mean-bar\"><a href=\"#nav\" class=\"meanmenu-reveal\" style=\"background:;color:;right:0;left:auto;\"><span></span><span></span><span></span></a><nav class=\"mean-nav\">\n\t<ul style=\"display: none;\">\n    \t<li><a href=\"/about\">[0xe8][0xaa][0x8d][0xe8][0xad][0x98][0xe6][0xb8][0x85][0xe8][0x8f][0xaf]</a></li><!--<i class=\"fa fa-angle-down\" aria-hidden=\"true\"></i>-->\n        <li><a href=\"/units/administrative\">[0xe8][0xa1][0x8c][0xe6][0x94][0xbf][0xe5][0x96][0xae][0xe4][0xbd][0x8d]</a></li><!--<i class=\"fa fa-angle-down\" aria-hidden=\"true\"></i>-->\n        <li><a href=\"/units/education\">[0xe6][0x95][0x99][0xe5][0xad][0xb8][0xe5][0x96][0xae][0xe4][0xbd][0x8d]</a></li><!--<i class=\"fa fa-angle-down\" aria-hidden=\"true\"></i>-->\n        <li><a href=\"/units/researchCenter\">[0xe7][0xa0][0x94][0xe7][0xa9][0xb6][0xe4][0xb8][0xad][0xe5][0xbf][0x83]</a></li><!--<i class=\"fa fa-angle-down\" aria-hidden=\"true\"></i>-->\n        <li><a href=\"http://www.lib.nthu.edu.tw/\" target=\"_blank\">[0xe5][0x9c][0x96][0xe6][0x9b][0xb8][0xe9][0xa4][0xa8]</a></li><!--<i class=\"fa fa-angle-down\" aria-hidden=\"true\"></i>-->\n        <li><a href=\"http://www.cc.nthu.edu.tw/bin/home.php\">[0xe8][0xa8][0x88][0xe7][0xae][0x97][0xe6][0xa9][0x9f][0xe8][0x88][0x87][0xe9][0x80][0x9a][0xe8][0xa8][0x8a][0xe4][0xb8][0xad][0xe5][0xbf][0x83]</a></li><!--<i class=\"fa fa-angle-down\" aria-hidden=\"true\"></i>-->\n        <li><a href=\"http://admission.nthu.edu.tw/\">[0xe6][0x8b][0x9b][0xe7][0x94][0x9f][0xe5][0xb0][0x88][0xe5][0x8d][0x80]</a></li>\n        <li><a href=\"https://www.ccxp.nthu.edu.tw/ccxp/INQUIRE/\">[0xe6][0xa0][0xa1][0xe5][0x8b][0x99][0xe8][0xb3][0x87][0xe8][0xa8][0x8a][0xe7][0xb3][0xbb][0xe7][0xb5][0xb1]</a></li>\n        <li class=\"mean-last\"><a href=\"http://www.nhcue.edu.tw\" target=\"_blank\">[0xe5][0x8d][0x97][0xe5][0xa4][0xa7][0xe6][0xa0][0xa1][0xe5][0x8d][0x80]</a></li>\n    </ul>\n</nav></div>\n        <div class=\"weapper\">\n<header>\n\t<div class=\"container\">\n        <div class=\"logo\"><a href=\"/\"><img src=\"images/logo.png\" alt=\"[0xe5][0x9c][0x8b][0xe7][0xab][0x8b][0xe6][0xb8][0x85][0xe8][0x8f][0xaf][0xe5][0xa4][0xa7][0xe5][0xad][0xb8]logo\"></a></div>\n        <div class=\"top\">\n\t\t\n        \t<ul>\n\t\t\t\t<a href=\"/sitemap\" accesskey=\"U\" class=\"tab\" title=\"[0xe4][0xb8][0x8a][0xe6][0x96][0xb9][0xe9][0x81][0xb8][0xe5][0x96][0xae][0xe5][0x8d][0x80]\">:::</a>\n            \t<li>\n                \t<!-- -------------------------- { [0xe6][0x90][0x9c][0xe5][0xb0][0x8b][0xe5][0x8d][0x80] } -------------------------- -->\n                    <form name=\"searchForm\" id=\"searchForm\" method=\"get\" accept-charset=\"utf-8\">\n                        <div class=\"width-25\">\n                        \t<select id=\"type\" name=\"type\">\n                        \t  <option>Web</option>\n                              <option value=\"1\">People</option>\n                              <option value=\"2\">Offices</option>\n                        \t</select>\n                        </div>\n                        <div class=\"width-75 input\">\n                            <input name=\"q\" id=\"q\" type=\"text\" placeholder=\"search\"><input name=\"searchBtn\" id=\"searchBtn\" type=\"button\">\n                        </div>\n                    </form>\n                    <!-- -------------------------- { [0xe6][0x90][0x9c][0xe5][0xb0][0x8b][0xe5][0x8d][0x80] end } -------------------------- -->\n\n                    <div class=\"width-100 pull-right text\">\n                        <a href=\"http://www.nhcue.edu.tw\" target=\"_blank\">[0xe5][0x8d][0x97][0xe5][0xa4][0xa7][0xe6][0xa0][0xa1][0xe5][0x8d][0x80]</a> | \n                        <a href=\"/sitemap\" target=\"_blank\">[0xe7][0xb6][0xb2][0xe7][0xab][0x99][0xe5][0xb0][0x8e][0xe8][0xa6][0xbd]</a> | \n                        <a href=\"http://dgaa.web.nthu.edu.tw/files/11-1074-2942.php\" target=\"_blank\">[0xe8][0xa1][0x8c][0xe4][0xba][0x8b][0xe6][0x9b][0x86]</a> | \n                        <a href=\"http://dud.web.nthu.edu.tw/files/11-1675-9374.php?Lang=zh-tw\" target=\"_blank\">[0xe6][0x8d][0x90][0xe6][0xac][0xbe]</a> | \n                        <a href=\"http://nthu-en.web.nthu.edu.tw/bin/home.php\" target=\"_blank\">English</a>\n                    </div>\n                </li>\n                <li>\n                    <"
20:58:34.972 [Forwarding getPageSource on session f38f5520-bd02-11e6-b34a-8d0186b048d8 to remote] DEBUG org.apache.http.headers - http-outgoing-0 << HTTP/1.1 200 OK
20:58:34.976 [Forwarding getPageSource on session f38f5520-bd02-11e6-b34a-8d0186b048d8 to remote] DEBUG org.apache.http.headers - http-outgoing-0 << Cache: no-cache
20:58:34.976 [Forwarding getPageSource on session f38f5520-bd02-11e6-b34a-8d0186b048d8 to remote] DEBUG org.apache.http.headers - http-outgoing-0 << Content-Length: 44939
20:58:34.977 [Forwarding getPageSource on session f38f5520-bd02-11e6-b34a-8d0186b048d8 to remote] DEBUG org.apache.http.headers - http-outgoing-0 << Content-Type: application/json;charset=UTF-8
20:58:34.979 [Forwarding getPageSource on session f38f5520-bd02-11e6-b34a-8d0186b048d8 to remote] DEBUG org.apache.http.impl.execchain.MainClientExec - Connection can be kept alive indefinitely
20:58:34.980 [Forwarding getPageSource on session f38f5520-bd02-11e6-b34a-8d0186b048d8 to remote] DEBUG org.apache.http.wire - http-outgoing-0 << "a href=\"/entrance/student\" target=\"_blank\">[0xe5][0x9c][0xa8][0xe6][0xa0][0xa1][0xe7][0x94][0x9f]</a> | \n                    <a href=\"http://oga.nthu.edu.tw/\" target=\"_blank\">International Students</a> | \n                    <a href=\"http://gsa.web.nthu.edu.tw/files/11-1146-3222.php\" target=\"_blank\">[0xe5][0x83][0x91] [0xe7][0x94][0x9f]</a> | \n                    <a href=\"http://oga.nthu.edu.tw/cont.php?id=398&amp;m=m141&amp;mm=mm142&amp;tc=8&amp;lang=big5\" target=\"_blank\">[0xe9][0x99][0xb8]  [0xe7][0x94][0x9f]</a><span>|</span>\n                </li>\n\n                <li>\n                    <a href=\"/entrance/teacher\" target=\"_blank\">[0xe6][0x95][0x99][0xe8][0x81][0xb7][0xe5][0x93][0xa1]</a> | \n                    <a href=\"http://alumni.web.nthu.edu.tw/bin/home.php\" target=\"_blank\">[0xe6][0xa0][0xa1][0xe5][0x8f][0x8b]</a> | \n                    <a href=\"http://admission.nthu.edu.tw/\" target=\"_blank\">[0xe6][0x9c][0xaa][0xe4][0xbe][0x86][0xe5][0xad][0xb8][0xe7][0x94][0x9f]</a> | \n                    <a href=\"/entrance/visitor\" target=\"_blank\">[0xe8][0xa8][0xaa] [0xe5][0xae][0xa2]</a> | \n                    <a href=\"http://www1.nthu.edu.tw/\" target=\"_blank\">[0xe8][0x88][0x8a][0xe7][0x89][0x88][0xe9][0xa6][0x96][0xe9][0xa0][0x81]</a>\n                </li>\n\n                <li>\n                    <a href=\"/hotNews\">[0xe9][0xa6][0x96][0xe9][0xa0][0x81][0xe6][0x95][0x85][0xe4][0xba][0x8b]</a> | \n                    <a href=\"/periodical\">[0xe6][0xb8][0x85][0xe8][0x8f][0xaf][0xe7][0xb0][0xa1][0xe8][0xa8][0x8a]</a> | \n                    <a href=\"/newsLetter\">NTHU Newsletter</a>\n                </li>\n\n                \n\n            </ul>\n        </div>\n    </div>\n</header>\n\n<section>\n<div class=\"container\">\n    <div class=\"mean-push\"></div><nav class=\"main_menu\" style=\"display: none;\">\n\t<ul>\n    \t<li><a href=\"/about\">[0xe8][0xaa][0x8d][0xe8][0xad][0x98][0xe6][0xb8][0x85][0xe8][0x8f][0xaf]</a></li><!--<i class=\"fa fa-angle-down\" aria-hidden=\"true\"></i>-->\n        <li><a href=\"/units/administrative\">[0xe8][0xa1][0x8c][0xe6][0x94][0xbf][0xe5][0x96][0xae][0xe4][0xbd][0x8d]</a></li><!--<i class=\"fa fa-angle-down\" aria-hidden=\"true\"></i>-->\n        <li><a href=\"/units/education\">[0xe6][0x95][0x99][0xe5][0xad][0xb8][0xe5][0x96][0xae][0xe4][0xbd][0x8d]</a></li><!--<i class=\"fa fa-angle-down\" aria-hidden=\"true\"></i>-->\n        <li><a href=\"/units/researchCenter\">[0xe7][0xa0][0x94][0xe7][0xa9][0xb6][0xe4][0xb8][0xad][0xe5][0xbf][0x83]</a></li><!--<i class=\"fa fa-angle-down\" aria-hidden=\"true\"></i>-->\n        <li><a href=\"http://www.lib.nthu.edu.tw/\" target=\"_blank\">[0xe5][0x9c][0x96][0xe6][0x9b][0xb8][0xe9][0xa4][0xa8]</a></li><!--<i class=\"fa fa-angle-down\" aria-hidden=\"true\"></i>-->\n        <li><a href=\"http://www.cc.nthu.edu.tw/bin/home.php\">[0xe8][0xa8][0x88][0xe7][0xae][0x97][0xe6][0xa9][0x9f][0xe8][0x88][0x87][0xe9][0x80][0x9a][0xe8][0xa8][0x8a][0xe4][0xb8][0xad][0xe5][0xbf][0x83]</a></li><!--<i class=\"fa fa-angle-down\" aria-hidden=\"true\"></i>-->\n        <li><a href=\"http://admission.nthu.edu.tw/\">[0xe6][0x8b][0x9b][0xe7][0x94][0x9f][0xe5][0xb0][0x88][0xe5][0x8d][0x80]</a></li>\n        <li><a href=\"https://www.ccxp.nthu.edu.tw/ccxp/INQUIRE/\">[0xe6][0xa0][0xa1][0xe5][0x8b][0x99][0xe8][0xb3][0x87][0xe8][0xa8][0x8a][0xe7][0xb3][0xbb][0xe7][0xb5][0xb1]</a></li>\n        <li><a href=\"http://www.nhcue.edu.tw\" target=\"_blank\">[0xe5][0x8d][0x97][0xe5][0xa4][0xa7][0xe6][0xa0][0xa1][0xe5][0x8d][0x80]</a></li>\n    </ul>\n</nav>\n        <a href=\"\" accesskey=\"L\" class=\"tab\" title=\"[0xe4][0xb8][0xad][0xe9][0x96][0x93][0xe5][0x85][0xa7][0xe5][0xae][0xb9][0xe5][0x8d][0x80]\">:::</a>\n\n                    <!-- [0xe9][0xa6][0x96][0xe9][0xa0][0x81][0xe6][0x95][0x85][0xe4][0xba][0x8b] -->\n            <div class=\"slider\">\n                <div class=\"flexslider\">\n                    \n                <div class=\"flex-viewport\" style=\"overflow: hidden; position: relative;\"><ul class=\"slides\" style=\"width: 1000%; -webkit-transition: 0s; transition: 0s; -webkit-transform: translate3d(-380px, 0, 0);\"><li class=\"clone\" aria-hidden=\"true\" style=\"width: 380px; float: left; display: block;\"><a href=\"/hotNews/content/114\"><img src=\"/images/hnMain_148067228090.jpg\" alt=\"[0xe9][0xa0][0x82][0xe5][0xb0][0x96][0xe7][0xa7][0x91][0xe5][0xad][0xb8][0xe5][0xae][0xb6][0xe9][0xbd][0x8a][0xe8][0x81][0x9a][0xe5][0x8f][0xb0][0xe7][0x81][0xa3] [0xe9][0xab][0x98][0xe7][0x86][0xb5][0xe5][0x90][0x88][0xe9][0x87][0x91][0xe7][0xa0][0x94][0xe7][0xa9][0xb6][0xe9][0x82][0x81][0xe5][0x90][0x91][0xe6][0x96][0xb0][0xe7][0xb4][0x80][0xe5][0x85][0x83]\" draggable=\"false\"><div>[0xe9][0xa0][0x82][0xe5][0xb0][0x96][0xe7][0xa7][0x91][0xe5][0xad][0xb8][0xe5][0xae][0xb6][0xe9][0xbd][0x8a][0xe8][0x81][0x9a][0xe5][0x8f][0xb0][0xe7][0x81][0xa3] [0xe9][0xab][0x98][0xe7][0x86][0xb5][0xe5][0x90][0x88][0xe9][0x87][0x91][0xe7][0xa0][0x94][0xe7][0xa9][0xb6][0xe9][0x82][0x81][0xe5][0x90][0x91][0xe6][0x96][0xb0][0xe7][0xb4][0x80][0xe5][0x85][0x83]</div></a></li>\n                                                    <li style=\"width: 380px; float: left; display: block;\" class=\"flex-active-slide\"><a href=\"/hotNews/content/116\"><img src=\"/images/hnMain_148029985673.jpg\" alt=\"[0xe5][0x85][0xa8][0xe6][0xa0][0xa1][0xe9][0x81][0x8b][0xe5][0x8b][0x95][0xe6][0x9c][0x83][0xe8][0x90][0xbd][0xe5][0xb9][0x95] [0xe7][0x94][0xb7][0xe5][0xad][0x90]100[0xe5][0x85][0xac][0xe5][0xb0][0xba][0xe5][0x89][0xb5][0xe6][0xb8][0x85][0xe8][0x8f][0xaf][0xe6][0x96][0xb0][0xe7][0x96][0xbe][0xe9][0x80][0x9f][0xe5][0x82][0xb3][0xe8][0xaa][0xaa]\" draggable=\"false\"><div>[0xe5][0x85][0xa8][0xe6][0xa0][0xa1][0xe9][0x81][0x8b][0xe5][0x8b][0x95][0xe6][0x9c][0x83][0xe8][0x90][0xbd][0xe5][0xb9][0x95] [0xe7][0x94][0xb7][0xe5][0xad][0x90]100[0xe5][0x85][0xac][0xe5][0xb0][0xba][0xe5][0x89][0xb5][0xe6][0xb8][0x85][0xe8][0x8f][0xaf][0xe6][0x96][0xb0][0xe7][0x96][0xbe][0xe9][0x80][0x9f][0xe5][0x82][0xb3][0xe8][0xaa][0xaa]</div></a></li>\n                                                    <li style=\"width: 380px; float: left; display: block;\"><a href=\"/hotNews/content/115\"><img src=\"/images/hnMain_148067222852.jpg\" alt=\"[0xe6][0x9c][0xac][0xe6][0xa0][0xa1]6[0xe4][0xbd][0x8d][0xe6][0x95][0x99][0xe5][0xb8][0xab][0xe7][0x8d][0xb2]105[0xe5][0xb9][0xb4][0xe5][0x90][0xb3][0xe5][0xa4][0xa7][0xe7][0x8c][0xb7][0xe5][0x85][0x88][0xe7][0x94][0x9f][0xe7][0xb4][0x80][0xe5][0xbf][0xb5][0xe7][0x8d][0x8e]\" draggable=\"false\"><div>[0xe6][0x9c][0xac][0xe6][0xa0][0xa1]6[0xe4][0xbd][0x8d][0xe6][0x95][0x99][0xe5][0xb8][0xab][0xe7][0x8d][0xb2]105[0xe5][0xb9][0xb4][0xe5][0x90][0xb3][0xe5][0xa4][0xa7][0xe7][0x8c][0xb7][0xe5][0x85][0x88][0xe7][0x94][0x9f][0xe7][0xb4][0x80][0xe5][0xbf][0xb5][0xe7][0x8d][0x8e]</div></a></li>\n                             "
20:58:34.981 [Forwarding getPageSource on session f38f5520-bd02-11e6-b34a-8d0186b048d8 to remote] DEBUG org.apache.http.wire - http-outgoing-0 << "                       <li style=\"width: 380px; float: left; display: block;\"><a href=\"/hotNews/content/114\"><img src=\"/images/hnMain_148067228090.jpg\" alt=\"[0xe9][0xa0][0x82][0xe5][0xb0][0x96][0xe7][0xa7][0x91][0xe5][0xad][0xb8][0xe5][0xae][0xb6][0xe9][0xbd][0x8a][0xe8][0x81][0x9a][0xe5][0x8f][0xb0][0xe7][0x81][0xa3] [0xe9][0xab][0x98][0xe7][0x86][0xb5][0xe5][0x90][0x88][0xe9][0x87][0x91][0xe7][0xa0][0x94][0xe7][0xa9][0xb6][0xe9][0x82][0x81][0xe5][0x90][0x91][0xe6][0x96][0xb0][0xe7][0xb4][0x80][0xe5][0x85][0x83]\" draggable=\"false\"><div>[0xe9][0xa0][0x82][0xe5][0xb0][0x96][0xe7][0xa7][0x91][0xe5][0xad][0xb8][0xe5][0xae][0xb6][0xe9][0xbd][0x8a][0xe8][0x81][0x9a][0xe5][0x8f][0xb0][0xe7][0x81][0xa3] [0xe9][0xab][0x98][0xe7][0x86][0xb5][0xe5][0x90][0x88][0xe9][0x87][0x91][0xe7][0xa0][0x94][0xe7][0xa9][0xb6][0xe9][0x82][0x81][0xe5][0x90][0x91][0xe6][0x96][0xb0][0xe7][0xb4][0x80][0xe5][0x85][0x83]</div></a></li>\n                                            <li style=\"width: 380px; float: left; display: block;\" class=\"clone\" aria-hidden=\"true\"><a href=\"/hotNews/content/116\"><img src=\"/images/hnMain_148029985673.jpg\" alt=\"[0xe5][0x85][0xa8][0xe6][0xa0][0xa1][0xe9][0x81][0x8b][0xe5][0x8b][0x95][0xe6][0x9c][0x83][0xe8][0x90][0xbd][0xe5][0xb9][0x95] [0xe7][0x94][0xb7][0xe5][0xad][0x90]100[0xe5][0x85][0xac][0xe5][0xb0][0xba][0xe5][0x89][0xb5][0xe6][0xb8][0x85][0xe8][0x8f][0xaf][0xe6][0x96][0xb0][0xe7][0x96][0xbe][0xe9][0x80][0x9f][0xe5][0x82][0xb3][0xe8][0xaa][0xaa]\" draggable=\"false\"><div>[0xe5][0x85][0xa8][0xe6][0xa0][0xa1][0xe9][0x81][0x8b][0xe5][0x8b][0x95][0xe6][0x9c][0x83][0xe8][0x90][0xbd][0xe5][0xb9][0x95] [0xe7][0x94][0xb7][0xe5][0xad][0x90]100[0xe5][0x85][0xac][0xe5][0xb0][0xba][0xe5][0x89][0xb5][0xe6][0xb8][0x85][0xe8][0x8f][0xaf][0xe6][0x96][0xb0][0xe7][0x96][0xbe][0xe9][0x80][0x9f][0xe5][0x82][0xb3][0xe8][0xaa][0xaa]</div></a></li></ul></div><ol class=\"flex-control-nav flex-control-paging\"><li><a class=\"flex-active\">1</a></li><li><a>2</a></li><li><a>3</a></li></ol><ul class=\"flex-direction-nav\"><li class=\"flex-nav-prev\"><a class=\"flex-prev\" href=\"#\">Previous</a></li><li class=\"flex-nav-next\"><a class=\"flex-next\" href=\"#\">Next</a></li></ul></div>\n            </div>\n            <!-- [0xe9][0xa6][0x96][0xe9][0xa0][0x81][0xe6][0x95][0x85][0xe4][0xba][0x8b] end -->\n        \n        <div class=\"width-100 main\">\n\n            \n                            <!-- [0xe5][0x8d][0x93][0xe8][0xb6][0x8a][0xe7][0x8d][0x8e][0xe9][0xa0][0x85] -->\n                <div>\n                    <h1>[0xe5][0x8d][0x93] [0xe8][0xb6][0x8a] [0xe7][0x8d][0x8e] [0xe9][0xa0][0x85]</h1>\n                    <ul>\n                                                    <li><a href=\"/award/content/107\">[0xe5][0x8c][0x96][0xe5][0xb7][0xa5][0xe7][0xb3][0xbb][0xe9][0x99][0xb3][0xe4][0xbf][0xa1][0xe6][0x96][0x87][0xe6][0x95][0x99][0xe6][0x8e][0x88][0xe6][0xa6][0xae][0xe7][0x8d][0xb2][0xe7][0xbe][0x8e][0xe5][0x9c][0x8b]TMS[0xe5][0xad][0xb8][0xe6][0x9c][0x83][0xef][0xbd][0xa2]2017[0xe5][0xb9][0xb4][0xe5][0x8a][0x9f][0xe8][0x83][0xbd][0xe6][0x80][0xa7][0xe6][0x9d][0x90][0xe6][0x96][0x99][0xe5][0x82][0x91][0xe5][0x87][0xba][0xe7][0xa7][0x91][0xe5][0xad][0xb8][0xe5][0xae][0xb6]/[0xe5][0xb7][0xa5][0xe7][0xa8][0x8b][0xe5][0xb8][0xab][0xe7][0x8d][0x8e][0xef][0xbd][0xa3]</a></li>\n                                                    <li><a href=\"/award/content/106\">[0xe5][0x8c][0x96][0xe5][0xb7][0xa5][0xe7][0xb3][0xbb][0xe9][0xbb][0x83][0xe6][0x8c][0xaf][0xe7][0x85][0x8c][0xe5][0x8a][0xa9][0xe7][0x90][0x86][0xe6][0x95][0x99][0xe6][0x8e][0x88][0xe6][0xa6][0xae][0xe7][0x8d][0xb2]2016[0xe5][0xb9][0xb4][0xe7][0x99][0xbe][0xe5][0xa4][0xa7][0xe7][0xa7][0x91][0xe6][0x8a][0x80][0xe7][0xa0][0x94][0xe7][0x99][0xbc][0xe7][0x8d][0x8e](R&amp;D 100 Awards)</a></li>\n                                                    <li><a href=\"/award/content/105\">[0xe7][0x94][0x9f][0xe7][0xa7][0x91][0xe9][0x99][0xa2][0xe6][0xb1][0x9f][0xe5][0xae][0x89][0xe4][0xb8][0x96][0xe9][0x99][0xa2][0xe9][0x95][0xb7][0xe7][0x95][0xb6][0xe9][0x81][0xb8]TWAS[0xe6][0x96][0xb0][0xe4][0xbb][0xbb][0xe9][0x99][0xa2][0xe5][0xa3][0xab]</a></li>\n                                                    <li><a href=\"/award/content/104\">[0xe5][0x8c][0x96][0xe5][0xad][0xb8][0xe7][0xb3][0xbb][0xe7][0x8e][0x8b][0xe7][0xb4][0xa0][0xe8][0x98][0xad][0xe6][0x95][0x99][0xe6][0x8e][0x88][0xe3][0x80][0x81][0xe7][0x89][0xa9][0xe7][0x90][0x86][0xe7][0xb3][0xbb][0xe9][0x83][0xad][0xe7][0x91][0x9e][0xe5][0xb9][0xb4][0xe6][0x95][0x99][0xe6][0x8e][0x88][0xe5][0x8f][0x8a][0xe9][0x9b][0xbb][0xe6][0xa9][0x9f][0xe7][0xb3][0xbb][0xe5][0xbc][0xb5][0xe6][0xad][0xa3][0xe5][0xb0][0x9a][0xe6][0x95][0x99][0xe6][0x8e][0x88][0xe6][0xa6][0xae][0xe7][0x8d][0xb2][0xe6][0x95][0x99][0xe8][0x82][0xb2][0xe9][0x83][0xa8][0xe7][0xac][0xac]20[0xe5][0xb1][0x86][0xe5][0x9c][0x8b][0xe5][0xae][0xb6][0xe8][0xac][0x9b][0xe5][0xba][0xa7]</a></li>\n                                                    <li><a href=\"/award/content/103\">[0xe7][0x89][0xa9][0xe7][0x90][0x86][0xe7][0xb3][0xbb][0xe5][0xbc][0xb5][0xe6][0x95][0xac][0xe6][0xb0][0x91][0xe6][0x95][0x99][0xe6][0x8e][0x88][0xe3][0x80][0x81][0xe8][0xb3][0x87][0xe5][0xb7][0xa5][0xe7][0xb3][0xbb][0xe8][0xa8][0xb1][0xe5][0x81][0xa5][0xe5][0xb9][0xb3][0xe6][0x95][0x99][0xe6][0x8e][0x88][0xe3][0x80][0x81][0xe8][0xaa][0x9e][0xe8][0xa8][0x80][0xe6][0x89][0x80][0xe6][0xa2][0x85][0xe5][0xbb][0xa3][0xe6][0x95][0x99][0xe6][0x8e][0x88][0xe3][0x80][0x81][0xe7][0xb5][0xb1][0xe8][0xa8][0x88][0xe6][0x89][0x80][0xe6][0x9b][0xbe][0xe5][0x8b][0x9d][0xe6][0xbb][0x84][0xe6][0x95][0x99][0xe6][0x8e][0x88][0xe6][0xa6][0xae][0xe7][0x8d][0xb2][0xe6][0x95][0x99][0xe8][0x82][0xb2][0xe9][0x83][0xa8][0xe7][0xac][0xac]60[0xe5][0xb1][0x86][0xe5][0xad][0xb8][0xe8][0xa1][0x93][0xe7][0x8d][0x8e]</a></li>\n                                                    <li><a href=\"/award/content/102\">[0xe5][0x8c][0x96][0xe5][0xad][0xb8][0xe7][0xb3][0xbb][0xe6][0xb1][0x9f][0xe6][0x98][0x80][0xe7][0xb7][0xaf][0xe5][0x89][0xaf][0xe6][0x95][0x99][0xe6][0x8e][0x88][0xe3][0x80][0x81][0xe9][0x9b][0xbb][0xe6][0xa9][0x9f][0xe7][0xb3][0xbb][0xe7][0xbf][0x81][0xe8][0xa9][0xa0][0xe7][0xa5][0xbf][0xe5][0x89][0xaf][0xe6][0x95][0x99][0xe6][0x8e][0x88][0xe3][0x80][0x81][0xe5][0xb7][0xa5][0xe5][0xb7][0xa5][0xe7][0xb3][0xbb][0xe5][0xbb][0x96][0xe5][0xb4][0x87][0xe7][0xa2][0xa9][0xe5][0x89][0xaf][0xe6][0x95][0x99][0xe6][0x8e][0x88][0xe3][0x80][0x81][0xe5][0x8c][0x96][0xe5][0xb7][0xa5][0xe7][0xb3][0xbb][0xe8][0xa1][0x9b][0xe5][0xad][0x90][0xe5][0x81][0xa5][0xe5][0x89][0xaf][0xe6][0x95][0x99][0xe6][0x8e][0x88][0xe3][0x80][0x81][0xe4][0xb8][0xad][0xe6][0x96][0x87][0xe7][0xb3][0xbb][0xe9][0xa1][0x8f][0xe5][0x81][0xa5][0xe5][0xaf][0x8c][0xe5][0x89][0xaf][0xe6][0x95][0x99][0xe6][0x8e][0x88][0xe3][0x80][0x81][0xe7][0xab][0xb9][0xe6][0x95][0x99][0xe5][0xa4][0xa7][0xe8][0x8b][0xb1][0xe8][0xaa][0x9e][0xe7][0xb3][0xbb][0xe6][0xa5][0x8a][0xe8][0x95][0x99][0xe5][0x90][0x9b][0xe5][0x89][0xaf][0xe6][0x95][0x99][0xe6][0x8e][0x88][0xe7][0x8d][0xb2]105[0xe5][0xb9][0xb4][0xe5][0x90][0xb3][0xe5][0xa4][0xa7][0xe7][0x8c][0xb7][0xe5][0x85][0x88][0xe7][0x94][0x9f][0xe7][0xb4][0x80][0xe5][0xbf][0xb5][0xe7][0x8d][0x8e]</a></li>\n                                                <a href=\"/award\">Read more</a>\n                    </ul>\n                </div>\n                <!-- [0xe5][0x8d][0x93][0xe8][0xb6][0x8a][0xe7][0x8d][0x8e][0xe9][0xa0][0x85] end -->\n            \n                            <!-- [0xe6][0xb8][0x85][0xe8][0x8f][0xaf][0xe6][0x96][0xb0][0xe8][0x81][0x9e] -->\n                <div>\n                    <h1>[0xe6][0xb8][0x85] [0xe8][0x8f][0xaf] [0xe6][0x96][0xb0] [0xe8][0x81][0x9e]</h1>\n                                            <div>\n                            <div class=\"width-28\"><img src=\"/images/news_147755965777.jpg\" alt=\"[0xe5][0x89][0xb5][0xe6][0xa5][0xad][0xe5][0xad][0xb8][0xe8][0x87][0xba][0xe7][0x81][0xa3] [0xe6][0xb8][0x85][0xe5][0xa4][0xa7][0xe3][0x80][0x8c][0xe8][0xb2][0xa1][0xe5][0x8b][0x99][0xe7][0xae][0xa1][0xe7][0x90][0x86][0xe3][0x80][0x8d][0xe8][0xaa][0xb2][0xe7][0xa8][0x8b][0xe9][0xa2][0xa8][0xe9][0x9d][0xa1][0xe5][0xb0][0x8d][0xe5][0xb2][0xb8]\"></div>\n                            <div class=\"width-72\">\n                                <p class=\"fontsize18\">[0xe5][0x89][0xb5][0xe6][0xa5][0xad][0xe5][0xad][0xb8][0xe8][0x87][0xba][0xe7][0x81][0xa3] [0xe6][0xb8][0x85][0xe5][0xa4][0xa7][0xe3][0x80][0x8c][0xe8][0xb2][0xa1][0xe5][0x8b][0x99][0xe7][0xae][0xa1][0xe7][0x90][0x86][0xe3][0x80][0x8d][0xe8][0xaa][0xb2][0xe7][0xa8][0x8b][0xe9][0xa2][0xa8][0xe9][0x9d][0xa1][0xe5][0xb0][0x8d][0xe5][0xb2][0xb8]</p>\n                                <p>[0xe5][0xb0][0x8d][0xe5][0xb2][0xb8][0xe8][0xa8][0xb1][0xe5][0xa4][0x9a][0xe5][0xa4][0xa7][0xe5][0xad][0xb8][0xe7][0x94][0x9f][0xe6][0x91][0xa9][0xe6][0x8b][0xb3][0xe6][0x93][0xa6][0xe6][0x8e][0x8c][0xe6][0x83][0xb3][0xe5][0x89][0xb5][0xe6][0xa5][0xad][0xef][0xbc][0x8c][0xe7][0xb7][0x9a][0xe4][0xb8][0x8a][0xe5][0xad][0xb8][0xe8][0xb2][0xa1][0xe5][0x8b][0x99][0xe7][0xae][0xa1][0xe7][0x90][0x86][0xe6][0xad][0xa3][0xe5][0xa4][0xaf][0xef][0xbc][0x81][0xe7][0x94][0xb1][0xe5][0x9c][0x8b][0xe7][0xab][0x8b][0xe6][0xb8][0x85][0xe8][0x8f][0xaf][0xe5][0xa4][0xa7][0xe5][0xad][0xb8][0xe8][0xa8][0x88][0xe9][0x87][0x8f][0xe8][0xb2][0xa1][0xe5][0x8b][0x99][0xe9][0x87][0x91][0xe8][0x9e][0x8d][0xe5][0xad][0xb8]...<a href=\"http://secretary.web.nthu.edu.tw/files/15-1160-108027,c8330-1.php?Lang=zh-tw\" target=\"_blank\">Read more</a></p>\n                            </div>\n                        </div>\n                                            <div>\n                            <div class=\"width-28\"><img src=\"/images/news_147314981267.jpg\" alt=\"[0xe5][0x85][0xa9][0xe5][0xb2][0xb8][0xe4][0xb8][0x89][0xe5][0x9c][0xb0][0xe8][0x96][0xaa][0xe7][0x81][0xab][0xe7][0x9b][0xb8][0xe5][0x82][0xb3] [0xe5][0x8f][0xb0][0xe6][0xb8][0xaf][0xe9][0x99][0xb8][0xe4][0xb8][0x89][0xe6][0xa0][0xa1][0xe5][0xad][0xb8][0xe7][0x94][0x9f][0xe9][0xab][0x94][0xe9][0xa9][0x97][0xe4][0xb8][0x8d][0xe5][0x90][0x8c][0xe6][0x96][0x87][0xe5][0x8c][0x96]\"></div>\n                            <div class=\"width-72\">\n                                <p class=\"fontsize18\">[0xe5][0x85][0xa9][0xe5][0xb2][0xb8][0xe4][0xb8][0x89][0xe5][0x9c][0xb0][0xe8][0x96][0xaa][0xe7][0x81][0xab][0xe7][0x9b][0xb8][0xe5][0x82][0xb3] [0xe5][0x8f][0xb0][0xe6][0xb8][0xaf][0xe9][0x99][0xb8][0xe4][0xb8][0x89][0xe6][0xa0][0xa1][0xe5][0xad][0xb8][0xe7][0x94][0x9f][0xe9][0xab][0x94][0xe9][0xa9][0x97][0xe4][0xb8][0x8d][0xe5][0x90][0x8c][0xe6][0x96][0x87][0xe5][0x8c][0x96]</p>\n                     "
20:58:34.982 [Forwarding getPageSource on session f38f5520-bd02-11e6-b34a-8d0186b048d8 to remote] DEBUG org.apache.http.wire - http-outgoing-0 << "           <p>[0xe5][0x9c][0x8b][0xe7][0xab][0x8b][0xe6][0xb8][0x85][0xe8][0x8f][0xaf][0xe5][0xa4][0xa7][0xe5][0xad][0xb8][0xe5][0x8f][0x8a][0xe9][0xa6][0x99][0xe6][0xb8][0xaf][0xe4][0xb8][0xad][0xe6][0x96][0x87][0xe5][0xa4][0xa7][0xe5][0xad][0xb8][0xe8][0x81][0xaf][0xe5][0x90][0x88][0xe6][0x9b][0xb8][0xe9][0x99][0xa2][0xe3][0x80][0x81][0xe5][0x8c][0x97][0xe4][0xba][0xac][0xe6][0xb8][0x85][0xe8][0x8f][0xaf][0xe5][0xa4][0xa7][0xe5][0xad][0xb8][0xe7][0xac][0xac][0xe4][0xba][0x94][0xe5][0xb1][0x86][0xe5][0x85][0xa9][0xe5][0xb2][0xb8][0xe4][0xb8][0x89][0xe5][0x9c][0xb0][0xe8][0x96][0xaa][0xe7][0x81][0xab][0xe8][0xa8][0x88][0xe7][0x95][0xab]...<a href=\"http://secretary.web.nthu.edu.tw/files/15-1160-106192,c8330-1.php?Lang=zh-tw\" target=\"_blank\">Read more</a></p>\n                            </div>\n                        </div>\n                                            <div>\n                            <div class=\"width-28\"><img src=\"/images/news_147314964239.jpg\" alt=\"F1[0xe8][0xb3][0xbd][0xe8][0xbb][0x8a][0xe3][0x80][0x81]AI[0xe6][0xa9][0x9f][0xe5][0x99][0xa8][0xe4][0xba][0xba] [0xe6][0xb8][0x85][0xe8][0x8f][0xaf][0xe5][0xad][0xb8][0xe5][0xad][0x90][0xe6][0x89][0x93][0xe9][0x80][0xa0][0xe5][0xb9][0xbb][0xe6][0x83][0xb3][0xe6][0x9c][0xaa][0xe4][0xbe][0x86]\"></div>\n                            <div class=\"width-72\">\n                                <p class=\"fontsize18\">F1[0xe8][0xb3][0xbd][0xe8][0xbb][0x8a][0xe3][0x80][0x81]AI[0xe6][0xa9][0x9f][0xe5][0x99][0xa8][0xe4][0xba][0xba] [0xe6][0xb8][0x85][0xe8][0x8f][0xaf][0xe5][0xad][0xb8][0xe5][0xad][0x90][0xe6][0x89][0x93][0xe9][0x80][0xa0][0xe5][0xb9][0xbb][0xe6][0x83][0xb3][0xe6][0x9c][0xaa][0xe4][0xbe][0x86]</p>\n                                <p>[0xe5][0xbf][0xb5][0xe6][0xa9][0x9f][0xe6][0xa2][0xb0][0xe7][0xb3][0xbb][0xe4][0xb8][0x8d][0xe5][0x85][0x89][0xe5][0x8f][0xaa][0xe6][0x98][0xaf][0xe7][0x95][0xb6][0xe4][0xbf][0xae][0xe8][0xbb][0x8a][0xe9][0xbb][0x91][0xe6][0x89][0x8b][0xef][0xbc][0x8c][0xe5][0x9c][0x8b][0xe7][0xab][0x8b][0xe6][0xb8][0x85][0xe8][0x8f][0xaf][0xe5][0xa4][0xa7][0xe5][0xad][0xb8][0xe5][0x8b][0x95][0xe5][0x8a][0x9b][0xe6][0xa9][0x9f][0xe6][0xa2][0xb0][0xe7][0xb3][0xbb][0xe5][0xad][0xb8][0xe7][0x94][0x9f][0xe4][0xb8][0x8d][0xe5][0x83][0x85][0xe6][0x89][0x93][0xe9][0x80][0xa0]F1[0xe8][0xb3][0xbd][0xe8][0xbb][0x8a][0xe3][0x80][0x81]AI[0xe8][0x87][0xaa][0xe5][0x8b][0x95][0xe5][0x8c][0x96]...<a href=\"http://secretary.web.nthu.edu.tw/files/15-1160-105559,c8330-1.php?Lang=zh-tw\" target=\"_blank\">Read more</a></p>\n                            </div>\n                        </div>\n                                            <div>\n                            <div class=\"width-28\"><img src=\"/images/news_147314951687.jpg\" alt=\"[0xe6][0xb8][0x85][0xe5][0xa4][0xa7][0xe7][0xa3][0xa8][0xe8][0xaa][0xb2][0xe5][0xb8][0xab][0xe5][0x89][0x8d][0xe9][0x80][0xb2][0xe6][0xad][0x90][0xe6][0xb4][0xb2][0xe6][0x96][0xbc]FutureLearn[0xe5][0xb9][0xb3][0xe5][0x8f][0xb0][0xe6][0x95][0x99][0xe4][0xbd][0xa0][0xe9][0xa0][0x90]...\"></div>\n                            <div class=\"width-72\">\n                                <p class=\"fontsize18\">[0xe6][0xb8][0x85][0xe5][0xa4][0xa7][0xe7][0xa3][0xa8][0xe8][0xaa][0xb2][0xe5][0xb8][0xab][0xe5][0x89][0x8d][0xe9][0x80][0xb2][0xe6][0xad][0x90][0xe6][0xb4][0xb2][0xe6][0x96][0xbc]FutureLearn[0xe5][0xb9][0xb3][0xe5][0x8f][0xb0][0xe6][0x95][0x99][0xe4][0xbd][0xa0][0xe9][0xa0][0x90]...</p>\n                                <p>[0xe3][0x80][0x8c][0xe6][0xb8][0x85][0xe8][0x8f][0xaf][0xe7][0xa3][0xa8][0xe8][0xaa][0xb2][0xe5][0xb8][0xab][0xe3][0x80][0x8d][0xe5][0x89][0x8d][0xe9][0x80][0xb2][0xe6][0xad][0x90][0xe6][0xb4][0xb2][0xe3][0x80][0x82][0xe5][0x9c][0x8b][0xe7][0xab][0x8b][0xe6][0xb8][0x85][0xe8][0x8f][0xaf][0xe5][0xa4][0xa7][0xe5][0xad][0xb8][0xe6][0x9c][0xac][0xe6][0x9c][0x88][0xe8][0x88][0x87][0xe8][0x8b][0xb1][0xe5][0x9c][0x8b][0xe6][0x9c][0x80][0xe5][0xa4][0xa7][0xe7][0xb7][0x9a][0xe4][0xb8][0x8a][0xe6][0x95][0x99][0xe5][0xad][0xb8][0xe5][0xb9][0xb3][0xe5][0x8f][0xb0]FutureLearn[0xe7][0xb0][0xbd][0xe7][0xb4][0x84]...<a href=\"http://secretary.web.nthu.edu.tw/files/15-1160-105558,c8330-1.php?Lang=zh-tw\" target=\"_blank\">Read more</a></p>\n                            </div>\n                        </div>\n                                    </div>\n                <!-- [0xe6][0xb8][0x85][0xe8][0x8f][0xaf][0xe6][0x96][0xb0][0xe8][0x81][0x9e] end -->\n            \n                            <!-- [0xe5][0xbd][0xb1][0xe9][0x9f][0xb3][0xe6][0x96][0xb0][0xe8][0x81][0x9e] -->\n                <div>\n                    <h1>[0xe5][0xbd][0xb1] [0xe9][0x9f][0xb3] [0xe6][0x96][0xb0] [0xe8][0x81][0x9e]</h1>\n                                            <div class=\"width-100 video\">\n                            <div class=\"width-65\"><iframe width=\"560\" height=\"315\" src=\"https://www.youtube.com/embed/zKU7-DstApM\" frameborder=\"0\" allowfullscreen=\"\" title=\"[0xe3][0x80][0x8c][0xe6][0xa2][0x85][0xe3][0x80][0x8d][0xe4][0xb8][0x8d][0xe5][0x8b][0x9d][0xe6][0x94][0xb6] [0xe6][0xb8][0x85][0xe8][0x8f][0xaf][0xe6][0xa2][0x85][0xe5][0x9c][0x92][0xe5][0x86][0x8d][0xe6][0xa4][0x8d][0xe7][0x99][0xbe][0xe6][0xa3][0xb5][0xe6][0x96][0xb0][0xe6][0xa2][0x85]\"></iframe></div>\n                            <div class=\"width-35\">\n                                <p class=\"fontsize18\">[0xe5][0x9c][0x8b][0xe7][0xab][0x8b][0xe6][0xb8][0x85][0xe8][0x8f][0xaf][0xe5][0xa4][0xa7][0xe5][0xad][0xb8][0xe3][0x80][0x8c][0xe6][0xa2][0x85][0xe5][0x9c][0x92][0xe3][0x80][0x8d][0xe7][0x82][0xba][0xe5][0x89][0x8d][0xe6][0xa0][0xa1][0xe9][0x95][0xb7][0xe6][0xa2][0x85][0xe8][0xb2][0xbd][0xe7][0x90][0xa6][0xe9][0x95][0xb7][0xe7][0x9c][0xa0][0xe4][0xb9][0x8b][0xe5][0x9c][0xb0][0xef][0xbc][0x8c][0xe5][0x9c][0x92][0xe5][0x85][0xa7][0xe9][0x81][0x8d][0xe6][0xa4][0x8d][0xe6][0xa2][0x85][0xe6][0xa8][0xb9][0xef][0xbc][0x8c][0xe6][0xaf][0x8f][0xe5][0xb9][0xb4][0xe6][0xa2][0x85][0xe8][0x8a][0xb1][0xe7][0x9b][0x9b][0xe9][0x96][0x8b][0xe5][0xad][0xa3][0xe7][0xaf][0x80][0xe5][0xb8][0xb8][0xe5][0x90][0xb8][0xe5][0xbc][0x95][0xe6][0xb0][0x91][0xe7][0x9c][0xbe][0xe7][0xb5][0x84][0xe5][0x9c][0x98][0xe8][0xb3][0x9e][0xe6][0xa2][0x85][0xe3][0x80][0x82][0xe4][0xb8][0x8d][0xe9][0x81][0x8e][0xe8][0xbf][0x91][0xe5][0xb9][0xb4][0xe5][0x8f][0x97][0xe5][0x88][0xb0][0xe7][0x99][0xbd][0xe8][0x9f][0xbb][0xe8][0x9b][0x80][0xe8][0x9d][0x95][0xef][0xbc][0x8c][0xe6][0xa2][0x85][0xe6][0xa8][0xb9][0xe5][0x81][0xa5][0xe5][0xba][0xb7][0xe7][0x8b][0x80][0xe6][0xb3][0x81][0xe4][0xb8][0x8d][0xe4][0xbd][0xb3][0xef][0xbc][0x8c][0xe6][0xb8][0x85][0xe8][0x8f][0xaf][0xe6][0xa0][0xa1][0xe5][0x8f][0x8b][0xe3][0x80][0x81][0xe5][0xa5][0x95][0xe9][0x9d][0x92][0xe8][0x8e][0x8a][0xe5][0x9c][0x92][0xe8][0x8e][0x8a][0xe4][0xb8][0xbb][0xe5][0x90][0xb3][0xe4][0xbd][0xb3][0xe6][0x87][0x8b][0xe5][0xbe][0x97][0xe7][0x9f][0xa5][0xe5][0xbe][0x8c][0xef][0xbc][0x8c][0xe6][0xb1][0xba][0xe6][0x8d][0x90][0xe8][0xb4][0x88]100[0xe6][0xa3][0xb5][0xe6][0xa2][0x85][0xe6][0xa8][0xb9][0xe8][0x8b][0x97][0xef][0xbc][0x8c][0xe5][0x9c][0xa8]12[0xe6][0x9c][0x88]3[0xe6][0x97][0xa5][0xe8][0x88][0x89][0xe8][0xbe][0xa6][0xe3][0x80][0x8c][0xe6][0xa2][0x85][0xe6][0xa8][0xb9][0xe6][0xb8][0x85][0xe9][0xa6][0x99][0xef][0xbc][0x8c][0xe6][0xa8][0xb9][0xe9][0x80][0xa0][0xe6][0x96][0xb0][0xe8][0x91][0x89][0xe3][0x80][0x8d][0xe6][0xa4][0x8d][0xe6][0xa8][0xb9][0xe6][0xb4][0xbb][0xe5][0x8b][0x95][0xef][0xbc][0x8c][0xe9][0x82][0x80]...</p>\n                            </div>\n                            <a href=\"http://nthunews.media.nthu.edu.tw/\" target=\"_blank\">Read more</a>\n                        </div>\n                                    </div>\n                <!-- [0xe5][0xbd][0xb1][0xe9][0x9f][0xb3][0xe6][0x96][0xb0][0xe8][0x81][0x9e] end -->\n            \n                            <!-- [0xe5][0xaa][0x92][0xe9][0xab][0x94][0xe5][0xa0][0xb1][0xe5][0xb0][0x8e] -->\n                <div>\n                    <h1>[0xe5][0xaa][0x92] [0xe9][0xab][0x94] [0xe5][0xa0][0xb1] [0xe5][0xb0][0x8e]</h1>\n                    <ul>\n                                                    <li><a href=\"/mediaReport/content/83\">[0xe7][0xa7][0x91][0xe6][0x8a][0x80][0xe5][0xbe][0x8b][0xe5][0xb8][0xab][0xe5][0xad][0xb8][0xe8][0x8b][0x91] [0xe6][0xb8][0x85][0xe5][0xa4][0xa7][0xe9][0x96][0x8b][0xe8][0xbe][0xa6]</a></li>\n                                                    <li><a href=\"/mediaReport/content/82\">[0xe6][0x95][0x99][0xe6][0x8e][0x88][0xe4][0xb8][0x8b][0xe9][0x84][0x89][0xe6][0x95][0x99][0xe6][0x95][0xb8][0xe5][0xad][0xb8] [0xe6][0xb4][0xaa][0xe6][0x96][0x87][0xe8][0x89][0xaf][0xe3][0x80][0x8c][0xe5][0xb5][0x8c][0xe5][0x90][0x8d][0xe8][0x81][0xaf][0xe3][0x80][0x8d][0xe6][0xbf][0x80][0xe5][0x8b][0xb5][0xe5][0xad][0xb8][0xe5][0xad][0x90]</a></li>\n                                                    <li><a href=\"/mediaReport/content/81\">[0xe6][0x8e][0xa8][0xe7][0xbf][0xbb][0xe5][0x82][0xb3][0xe7][0xb5][0xb1][0xe9][0x87][0x91][0xe5][0xb1][0xac][0xe6][0x9d][0x90][0xe6][0x96][0x99][0xe8][0xbf][0xb7][0xe6][0x80][0x9d] [0xe6][0x96][0xb0][0xe5][0x90][0x88][0xe9][0x87][0x91][0xe6][0x9d][0x90][0xe6][0x96][0x99][0xe5][0x8d][0xb3][0xe5][0xb0][0x87][0xe5][0x95][0x8f][0xe4][0xb8][0x96]</a></li>\n                                                    <li><a href=\"/mediaReport/content/80\">[0xe7][0x84][0xa1][0xe6][0x95][0xb5][0xe5][0x90][0x88][0xe9][0x87][0x91][0xe6][0x9d][0x90][0xe6][0x96][0x99] 7[0xe6][0x97][0xa5][0xe5][0x9c][0xa8][0xe6][0xb8][0x85][0xe8][0x8f][0xaf][0xe7][0x99][0xbc][0xe8][0xa1][0xa8]</a></li>\n                                                    <li><a href=\"/mediaReport/content/79\">[0xe8][0x80][0x90][0xe9][0xab][0x98][0xe6][0xba][0xab][0xe9][0xab][0x98][0xe7][0x86][0xb5][0xe5][0x90][0x88][0xe9][0x87][0x91][0xe5][0x95][0x8f][0xe4][0xb8][0x96] [0xe6][0xb8][0x85][0xe5][0xa4][0xa7][0xe6][0x95][0x99][0xe6][0x8e][0x88][0xe9][0x96][0x8b][0xe5][0x89][0xb5][0xe6][0x9d][0x90][0xe6][0x96][0x99][0xe7][0x94][0xa2][0xe6][0xa5][0xad][0xe6][0x96][0xb0][0xe5][0xa5][0x91][0xe6][0xa9][0x9f]</a></li>\n                                                    <li><a href=\"/mediaReport/content/78\">[0xe6][0xb8][0x85][0xe5]"
20:58:34.985 [Forwarding getPageSource on session f38f5520-bd02-11e6-b34a-8d0186b048d8 to remote] DEBUG org.apache.http.wire - http-outgoing-0 << "[0xa4][0xa7][0xe7][0xab][0xb9][0xe6][0x95][0x99][0xe5][0xa4][0xa7][0xe5][0x90][0x88][0xe4][0xbd][0xb5] [0xe6][0xa0][0xa1][0xe5][0xb7][0xb4][0xe4][0xb8][0x8a][0xe8][0xb7][0xaf][0xe9][0x99][0x84][0xe5][0xb0][0x8f][0xe6][0x8f][0xad][0xe7][0x89][0x8c]</a></li>\n                                                    <li><a href=\"/mediaReport/content/77\">[0xe6][0xb8][0x85][0xe5][0xa4][0xa7][0xe7][0xab][0xb9][0xe6][0x95][0x99][0xe5][0xa4][0xa7][0xe5][0x90][0x88][0xe4][0xbd][0xb5][0xe7][0xac][0xac][0xe4][0xb8][0x80][0xe5][0xa4][0xa9][0xe3][0x80][0x80][0xe7][0xab][0xb9][0xe5][0xa4][0xa7][0xe9][0x99][0x84][0xe5][0xb0][0x8f][0xe6][0x94][0xb9][0xe5][0x90][0x8d][0xe6][0xb8][0x85][0xe5][0xa4][0xa7][0xe9][0x99][0x84][0xe5][0xb0][0x8f]</a></li>\n                                                    <li><a href=\"/mediaReport/content/76\">[0xe6][0xb8][0x85][0xe8][0x8f][0xaf][0xe3][0x80][0x81][0xe7][0xab][0xb9][0xe6][0x95][0x99][0xe5][0xa4][0xa7][0xe5][0x90][0x88][0xe4][0xbd][0xb5][0xe3][0x80][0x80][0xe9][0x99][0x84][0xe5][0xb0][0x8f][0xe6][0x93][0xac][0xe9][0x96][0x8b][0xe9][0x9b][0x99][0xe8][0xaa][0x9e][0xe7][0x8f][0xad]</a></li>\n                                                    <li><a href=\"/mediaReport/content/75\">[0xe6][0xb8][0x85][0xe5][0xa4][0xa7][0xe7][0xab][0xb9][0xe6][0x95][0x99][0xe5][0xa4][0xa7][0xe5][0x90][0x88][0xe4][0xbd][0xb5] [0xe6][0xa0][0xa1][0xe5][0xb7][0xb4][0xe4][0xb8][0x8a][0xe8][0xb7][0xaf][0xe9][0x99][0x84][0xe5][0xb0][0x8f][0xe6][0x8f][0xad][0xe7][0x89][0x8c]</a></li>\n                                                    <li><a href=\"/mediaReport/content/74\"> [0xe6][0xb8][0x85][0xe8][0x8f][0xaf][0xe5][0xa4][0xa7][0xe5][0xad][0xb8][0xe9][0x99][0x84][0xe8][0xa8][0xad][0xe5][0xaf][0xa6][0xe9][0xa9][0x97][0xe5][0xb0][0x8f][0xe5][0xad][0xb8][0xe6][0x8f][0xad][0xe7][0x89][0x8c]</a></li>\n                                                <a href=\"/mediaReport\">Read more</a>\n                    </ul>\n                </div>\n                <!-- [0xe5][0xaa][0x92][0xe9][0xab][0x94][0xe5][0xa0][0xb1][0xe5][0xb0][0x8e] end -->\n            \n        </div>\n\n                    <!-- [0xe6][0xa0][0xa1][0xe5][0x85][0xa7][0xe6][0xb4][0xbb][0xe5][0x8b][0x95] -->\n            <div class=\"width-100\">\n                <h1>[0xe6][0xa0][0xa1] [0xe5][0x85][0xa7] [0xe6][0xb4][0xbb] [0xe5][0x8b][0x95]</h1>\n                <div class=\"nbs-flexisel-container\"><div class=\"nbs-flexisel-inner\"><ul id=\"flexiselDemo2\" class=\"nbs-flexisel-ul\" style=\"left: -350px; display: block;\">\n                                            <li class=\"nbs-flexisel-item\" style=\"width: 350px;\">\n                            <div>\n                                <a href=\"http://artscenter.web.nthu.edu.tw/files/14-1898-107627,r11-1.php?Lang=zh-tw\" target=\"_blank\"><img src=\"/images/event_147756005917.jpg\" alt=\"[0xe4][0xb8][0x8d][0xe6][0x95][0xa3][0xef][0xbc][0x8e][0xe5][0xa4][0x9c][0xe8][0xb2][0x93][0xe5][0xad][0x90][0xe9][0x9b][0xbb][0xe5][0xbd][0xb1][0xe9][0x99][0xa2][0xe5][0x8d][0x81][0xe9][0x80][0xb1][0xe5][0xb9][0xb4][0xe7][0xb2][0xbe][0xe9][0x81][0xb8][0xe5][0xbd][0xb1][0xe5][0xb1][0x95]\"></a>\n                                <p>\n                                    <span>[0xe4][0xb8][0x8d][0xe6][0x95][0xa3][0xef][0xbc][0x8e][0xe5][0xa4][0x9c][0xe8][0xb2][0x93][0xe5][0xad][0x90][0xe9][0x9b][0xbb][0xe5][0xbd][0xb1][0xe9][0x99][0xa2][0xe5][0x8d][0x81][0xe9][0x80][0xb1][0xe5][0xb9][0xb4][0xe7][0xb2][0xbe][0xe9][0x81][0xb8][0xe5][0xbd][0xb1][0xe5][0xb1][0x95]</span>\n                                    <br><br>[0xe6][0x99][0x82][0xe9][0x96][0x93][0xef][0xbc][0x9a]11/01~12/31[0xe6][0xaf][0x8f][0xe9][0x80][0xb1][0xe4][0xba][0x8c][0xe3][0x80][0x81][0xe5][0x85][0xad]<br><br>\n                                    <span>[0xe5][0x9c][0xb0][0xe9][0xbb][0x9e][0xef][0xbc][0x9a][0xe5][0x90][0x88][0xe5][0x8b][0xa4][0xe6][0xbc][0x94][0xe8][0x97][0x9d][0xe5][0xbb][0xb3][0xe3][0x80][0x81][0xe8][0x98][0x87][0xe6][0xa0][0xbc][0xe8][0xb2][0x93][0xe5][0xba][0x95]</span>\n                                    <a href=\"http://artscenter.web.nthu.edu.tw/files/14-1898-107627,r11-1.php?Lang=zh-tw\" target=\"_blank\">Read more</a>\n                                </p>\n                            </div>\n                        </li><li class=\"nbs-flexisel-item\" style=\"width: 350px;\">\n                            <div>\n                                <a href=\"http://ctld.nthu.edu.tw/course/index.php?mode=detail&amp;id=11529\" target=\"_blank\"><img src=\"/images/event_148109313315.jpg\" alt=\"[0xe5][0xad][0xb8][0xe7][0xbf][0x92][0xe7][0xb3][0xbb][0xe5][0x88][0x97][0xe8][0xac][0x9b][0xe5][0xba][0xa7][0xe3][0x80][0x8c][0xe8][0x87][0xaa][0xe6][0x88][0x91][0xe5][0x83][0xb9][0xe5][0x80][0xbc][0xe5][0xb7][0xa5][0xe7][0xa8][0x8b]-[0xe5][0x89][0xb5][0xe9][0x80][0xa0][0xe8][0x87][0xaa][0xe6][0x88][0x91][0xe6][0xa0][0xb8][0xe5][0xbf][0x83][0xe5][0x83][0xb9][0xe5][0x80][0xbc][0xe3][0x80][0x8d]\"></a>\n                                <p>\n                                    <span>[0xe5][0xad][0xb8][0xe7][0xbf][0x92][0xe7][0xb3][0xbb][0xe5][0x88][0x97][0xe8][0xac][0x9b][0xe5][0xba][0xa7][0xe3][0x80][0x8c][0xe8][0x87][0xaa][0xe6][0x88][0x91][0xe5][0x83][0xb9][0xe5][0x80][0xbc][0xe5][0xb7][0xa5][0xe7][0xa8][0x8b]-[0xe5][0x89][0xb5][0xe9][0x80][0xa0][0xe8][0x87][0xaa][0xe6][0x88][0x91][0xe6][0xa0][0xb8][0xe5][0xbf][0x83][0xe5][0x83][0xb9][0xe5][0x80][0xbc][0xe3][0x80][0x8d]</span>\n                                    <br><br> [0xe6][0x99][0x82][0xe9][0x96][0x93][0xef][0xbc][0x9a]12/21([0xe4][0xb8][0x89])[0xe6][0x99][0x9a][0xe4][0xb8][0x8a]7[0xe9][0xbb][0x9e]<br><br>\n                                    <span>[0xe5][0x9c][0xb0][0xe9][0xbb][0x9e][0xef][0xbc][0x9a][0xe6][0x97][0xba][0xe5][0xae][0x8f][0xe9][0xa4][0xa8]R245[0xe6][0x95][0x99][0xe5][0xae][0xa4]</span>\n                                    <a href=\"http://ctld.nthu.edu.tw/course/index.php?mode=detail&amp;id=11529\" target=\"_blank\">Read more</a>\n                                </p>\n                            </div>\n                        </li>\n                                            <li class=\"nbs-flexisel-item\" style=\"width: 350px;\">\n                            <div>\n                                <a href=\"http://dtc.web.nthu.edu.tw/files/13-1008-110471.php\" target=\"_blank\"><img src=\"/images/event_148109257791.jpg\" alt=\"[0xe7][0xa7][0x91][0xe6][0x8a][0x80][0xe4][0xba][0xba][0xe6][0x96][0x87][0xe8][0xac][0x9b][0xe5][0xba][0xa7][0xe4][0xb8][0x83][0xef][0xbc][0x9a][0xe6][0x90][0xb6][0xe6][0x95][0x91][0xe7][0x97][0x85][0xe5][0x8d][0xb1][0xe7][0x9a][0x84][0xe5][0x9c][0xb0][0xe7][0x90][0x83] - [0xe3][0x80][0x90][0xe7][0xb6][0xa0][0xe8][0x83][0xbd][0xe7][0xa7][0x91][0xe6][0x8a][0x80][0xe3][0x80][0x91]\"></a>\n                                <p>\n                                    <span>[0xe7][0xa7][0x91][0xe6][0x8a][0x80][0xe4][0xba][0xba][0xe6][0x96][0x87][0xe8][0xac][0x9b][0xe5][0xba][0xa7][0xe4][0xb8][0x83][0xef][0xbc][0x9a][0xe6][0x90][0xb6][0xe6][0x95][0x91][0xe7][0x97][0x85][0xe5][0x8d][0xb1][0xe7][0x9a][0x84][0xe5][0x9c][0xb0][0xe7][0x90][0x83] - [0xe3][0x80][0x90][0xe7][0xb6][0xa0][0xe8][0x83][0xbd][0xe7][0xa7][0x91][0xe6][0x8a][0x80][0xe3][0x80][0x91]</span>\n                                    <br><br>[0xe5][0x9c][0xb0][0xe9][0xbb][0x9e][0xef][0xbc][0x9a]12/21[0xe6][0x99][0x9a][0xe4][0xb8][0x8a]6:30<br><br>\n                                    <span>[0xe5][0x9c][0xb0][0xe9][0xbb][0x9e][0xef][0xbc][0x9a][0xe6][0xb8][0x85][0xe8][0x8f][0xaf][0xe5][0xa4][0xa7][0xe5][0xad][0xb8][0xe5][0x90][0x8d][0xe4][0xba][0xba][0xe5][0xa0][0x82]</span>\n                                    <a href=\"http://dtc.web.nthu.edu.tw/files/13-1008-110471.php\" target=\"_blank\">Read more</a>\n                                </p>\n                            </div>\n                        </li>\n                                            <li class=\"nbs-flexisel-item\" style=\"width: 350px;\">\n               "
20:58:34.989 [Forwarding getPageSource on session f38f5520-bd02-11e6-b34a-8d0186b048d8 to remote] DEBUG org.apache.http.wire - http-outgoing-0 << "             <div>\n                                <a href=\"http://artscenter.web.nthu.edu.tw/files/14-1898-110627,r11-1.php?Lang=zh-tw\" target=\"_blank\"><img src=\"/images/event_148067167138.jpg\" alt=\"[[0xe6][0x8a][0x92][0xe5][0xaf][0xab][0xe4][0xbe][0x86][0xe6][0x99][0x82][0xe8][0xb7][0xaf]] 2016 [0xe5][0x8f][0xb2][0xe6][0xac][0xbd][0xe6][0xb3][0xb0][0xe6][0x99][0x82][0xe4][0xbb][0xa3][0xe6][0x9b][0xb8][0xe6][0xb3][0x95][0xe5][0xb1][0x95]\"></a>\n                                <p>\n                                    <span>[[0xe6][0x8a][0x92][0xe5][0xaf][0xab][0xe4][0xbe][0x86][0xe6][0x99][0x82][0xe8][0xb7][0xaf]] 2016 [0xe5][0x8f][0xb2][0xe6][0xac][0xbd][0xe6][0xb3][0xb0][0xe6][0x99][0x82][0xe4][0xbb][0xa3][0xe6][0x9b][0xb8][0xe6][0xb3][0x95][0xe5][0xb1][0x95]</span>\n                                    <br><br>[0xe5][0xb1][0x95][0xe5][0x87][0xba][0xe6][0x97][0xa5][0xe6][0x9c][0x9f][0xef][0xbc][0x9a]12/21~1/6<br><br>\n                                    <span>[0xe5][0x9c][0xb0][0xe9][0xbb][0x9e][0xef][0xbc][0x9a][0xe8][0x97][0x9d][0xe8][0xa1][0x93][0xe5][0x89][0xb5][0xe6][0x84][0x8f][0xe7][0xa9][0xba][0xe9][0x96][0x93] ([0xe5][0xad][0xb8][0xe7][0xbf][0x92][0xe8][0xb3][0x87][0xe6][0xba][0x90][0xe4][0xb8][0xad][0xe5][0xbf][0x83][0xe4][0xb8][0x80][0xe6][0xa8][0x93])</span>\n                                    <a href=\"http://artscenter.web.nthu.edu.tw/files/14-1898-110627,r11-1.php?Lang=zh-tw\" target=\"_blank\">Read more</a>\n                                </p>\n                            </div>\n                        </li>\n                                            <li class=\"nbs-flexisel-item\" style=\"width: 350px;\">\n                            <div>\n                                <a href=\"http://bulletin.web.nthu.edu.tw/files/14-1912-110110,r5083-1.php?Lang=zh-tw\" target=\"_blank\"><img src=\"/images/event_148067158850.jpg\" alt=\"[0xe5][0xad][0xab][0xe9][0x81][0x8b][0xe7][0x92][0xbf][0xe7][0xa7][0x91][0xe6][0x8a][0x80][0xe8][0xac][0x9b][0xe5][0xba][0xa7][0xe6][0xbc][0x94][0xe8][0xac][0x9b]\"></a>\n                                <p>\n                                    <span>[0xe5][0xad][0xab][0xe9][0x81][0x8b][0xe7][0x92][0xbf][0xe7][0xa7][0x91][0xe6][0x8a][0x80][0xe8][0xac][0x9b][0xe5][0xba][0xa7][0xe6][0xbc][0x94][0xe8][0xac][0x9b]</span>\n                                    <br><br>[0xe6][0x99][0x82][0xe9][0x96][0x93][0xef][0xbc][0x9a]12/08([0xe5][0x9b][0x9b])[0xe6][0x99][0x9a][0xe4][0xb8][0x8a]7[0xe9][0xbb][0x9e]<br><br>\n                                    <span>[0xe5][0x9c][0xb0][0xe9][0xbb][0x9e][0xef][0xbc][0x9a][0xe5][0x8f][0xb0][0xe7][0xa9][0x8d][0xe9][0xa4][0xa8][0xe4][0xb8][0x80][0xe6][0xa8][0x93][0xe5][0xad][0xab][0xe9][0x81][0x8b][0xe7][0x92][0xbf][0xe6][0xbc][0x94][0xe8][0xac][0x9b][0xe5][0xbb][0xb3]</span>\n                                    <a href=\"http://bulletin.web.nthu.edu.tw/files/14-1912-110110,r5083-1.php?Lang=zh-tw\" target=\"_blank\">Read more</a>\n                                </p>\n                            </div>\n                        </li>\n                                            <li class=\"nbs-flexisel-item\" style=\"width: 350px;\">\n                            <div>\n                                <a href=\"http://artscenter.web.nthu.edu.tw/files/14-1898-108458,r11-1.php?Lang=zh-tw\" target=\"_blank\"><img src=\"/images/event_147935481766.jpg\" alt=\"[0xe5][0x91][0x82][0xe7][0x87][0x95][0xe5][0x8d][0xbf][0xe5][0x89][0xb5][0xe4][0xbd][0x9c][0xe5][0xb1][0x95][0xe2][0x80][0x94][0xe9][0x9f][0xb6][0xe5][0x85][0x89][0xe5][0xa6][0x82][0xe8][0xa9][0xa9]\"></a>\n                                <p>\n                                    <span>[0xe5][0x91][0x82][0xe7][0x87][0x95][0xe5][0x8d][0xbf][0xe5][0x89][0xb5][0xe4][0xbd][0x9c][0xe5][0xb1][0x95][0xe2][0x80][0x94][0xe9][0x9f][0xb6][0xe5][0x85][0x89][0xe5][0xa6][0x82][0xe8][0xa9][0xa9]</span>\n                                    <br><br>[0xe6][0x99][0x82][0xe9][0x96][0x93][0xef][0xbc][0x9a]11/14~2017/1/4<br><br>\n                                    <span>[0xe5][0x9c][0xb0][0xe9][0xbb][0x9e][0xef][0xbc][0x9a][0xe8][0x97][0x9d][0xe8][0xa1][0x93][0xe4][0xb8][0xad][0xe5][0xbf][0x83][0xe5][0xb1][0x95][0xe8][0xa6][0xbd][0xe5][0xbb][0xb3]</span>\n                                    <a href=\"http://artscenter.web.nthu.edu.tw/files/14-1898-108458,r11-1.php?Lang=zh-tw\" target=\"_blank\">Read more</a>\n                                </p>\n                            </div>\n                        </li>\n                                            <li class=\"nbs-flexisel-item\" style=\"width: 350px;\">\n                            <div>\n                                <a href=\"http://artscenter.web.nthu.edu.tw/files/14-1898-107627,r11-1.php?Lang=zh-tw\" target=\"_blank\"><img src=\"/images/event_147756005917.jpg\" alt=\"[0xe4][0xb8][0x8d][0xe6][0x95][0xa3][0xef][0xbc][0x8e][0xe5][0xa4][0x9c][0xe8][0xb2][0x93][0xe5][0xad][0x90][0xe9][0x9b][0xbb][0xe5][0xbd][0xb1][0xe9][0x99][0xa2][0xe5][0x8d][0x81][0xe9][0x80][0xb1][0xe5][0xb9][0xb4][0xe7][0xb2][0xbe][0xe9][0x81][0xb8][0xe5][0xbd][0xb1][0xe5][0xb1][0x95]\"></a>\n                                <p>\n                                    <span>[0xe4][0xb8][0x8d][0xe6][0x95][0xa3][0xef][0xbc][0x8e][0xe5][0xa4][0x9c][0xe8][0xb2][0x93][0xe5][0xad][0x90][0xe9][0x9b][0xbb][0xe5][0xbd][0xb1][0xe9][0x99][0xa2][0xe5][0x8d][0x81][0xe9][0x80][0xb1][0xe5][0xb9][0xb4][0xe7][0xb2][0xbe][0xe9][0x81][0xb8][0xe5][0xbd][0xb1][0xe5][0xb1][0x95]</span>\n                                    <br><br>[0xe6][0x99][0x82][0xe9][0x96][0x93][0xef][0xbc][0x9a]11/01~12/31[0xe6][0xaf][0x8f][0xe9][0x80][0xb1][0xe4][0xba][0x8c][0xe3][0x80][0x81][0xe5][0x85][0xad]<br><br>\n                                    <span>[0xe5][0x9c][0xb0][0xe9][0xbb][0x9e][0xef][0xbc][0x9a][0xe5][0x90][0x88][0xe5][0x8b][0xa4][0xe6][0xbc][0x94][0xe8][0x97][0x9d][0xe5][0xbb][0xb3][0xe3][0x80][0x81][0xe8][0x98][0x87][0xe6][0xa0][0xbc][0xe8][0xb2][0x93][0xe5][0xba][0x95]</span>\n                                    <a href=\"http://artscenter.web.nthu.edu.tw/files/14-1898-107627,r11-1.php?Lang=zh-tw\" target=\"_blank\">Read more</a>\n                                </p>\n                            </div>\n                        </li>\n                                    <li class=\"nbs-flexisel-item\" style=\"width: 350px;\">\n                            <div>\n                                <a href=\"http://ctld.nthu.edu.tw/course/index.php?mode=detail&amp;id=11529\" target=\"_blank\"><img src=\"/images/event_148109313315.jpg\" alt=\"[0xe5][0xad][0xb8][0xe7][0xbf][0x92][0xe7][0xb3][0xbb][0xe5][0x88][0x97][0xe8][0xac][0x9b][0xe5][0xba][0xa7][0xe3][0x80][0x8c][0xe8][0x87][0xaa][0xe6][0x88][0x91][0xe5][0x83][0xb9][0xe5][0x80][0xbc][0xe5][0xb7][0xa5][0xe7][0xa8][0x8b]-[0xe5][0x89][0xb5][0xe9][0x80][0xa0][0xe8][0x87][0xaa][0xe6][0x88][0x91][0xe6][0xa0][0xb8][0xe5][0xbf][0x83][0xe5][0x83][0xb9][0xe5][0x80][0xbc][0xe3][0x80][0x8d]\"></a>\n                                <p>\n                                    <span>[0xe5][0xad][0xb8][0xe7][0xbf][0x92][0xe7][0xb3][0xbb]"
20:58:34.991 [Forwarding getPageSource on session f38f5520-bd02-11e6-b34a-8d0186b048d8 to remote] DEBUG org.apache.http.wire - http-outgoing-0 << "[0xe5][0x88][0x97][0xe8][0xac][0x9b][0xe5][0xba][0xa7][0xe3][0x80][0x8c][0xe8][0x87][0xaa][0xe6][0x88][0x91][0xe5][0x83][0xb9][0xe5][0x80][0xbc][0xe5][0xb7][0xa5][0xe7][0xa8][0x8b]-[0xe5][0x89][0xb5][0xe9][0x80][0xa0][0xe8][0x87][0xaa][0xe6][0x88][0x91][0xe6][0xa0][0xb8][0xe5][0xbf][0x83][0xe5][0x83][0xb9][0xe5][0x80][0xbc][0xe3][0x80][0x8d]</span>\n                                    <br><br> [0xe6][0x99][0x82][0xe9][0x96][0x93][0xef][0xbc][0x9a]12/21([0xe4][0xb8][0x89])[0xe6][0x99][0x9a][0xe4][0xb8][0x8a]7[0xe9][0xbb][0x9e]<br><br>\n                                    <span>[0xe5][0x9c][0xb0][0xe9][0xbb][0x9e][0xef][0xbc][0x9a][0xe6][0x97][0xba][0xe5][0xae][0x8f][0xe9][0xa4][0xa8]R245[0xe6][0x95][0x99][0xe5][0xae][0xa4]</span>\n                                    <a href=\"http://ctld.nthu.edu.tw/course/index.php?mode=detail&amp;id=11529\" target=\"_blank\">Read more</a>\n                                </p>\n                            </div>\n                        </li><li class=\"nbs-flexisel-item\" style=\"width: 350px;\">\n                            <div>\n                                <a href=\"http://dtc.web.nthu.edu.tw/files/13-1008-110471.php\" target=\"_blank\"><img src=\"/images/event_148109257791.jpg\" alt=\"[0xe7][0xa7][0x91][0xe6][0x8a][0x80][0xe4][0xba][0xba][0xe6][0x96][0x87][0xe8][0xac][0x9b][0xe5][0xba][0xa7][0xe4][0xb8][0x83][0xef][0xbc][0x9a][0xe6][0x90][0xb6][0xe6][0x95][0x91][0xe7][0x97][0x85][0xe5][0x8d][0xb1][0xe7][0x9a][0x84][0xe5][0x9c][0xb0][0xe7][0x90][0x83] - [0xe3][0x80][0x90][0xe7][0xb6][0xa0][0xe8][0x83][0xbd][0xe7][0xa7][0x91][0xe6][0x8a][0x80][0xe3][0x80][0x91]\"></a>\n                                <p>\n                                    <span>[0xe7][0xa7][0x91][0xe6][0x8a][0x80][0xe4][0xba][0xba][0xe6][0x96][0x87][0xe8][0xac][0x9b][0xe5][0xba][0xa7][0xe4][0xb8][0x83][0xef][0xbc][0x9a][0xe6][0x90][0xb6][0xe6][0x95][0x91][0xe7][0x97][0x85][0xe5][0x8d][0xb1][0xe7][0x9a][0x84][0xe5][0x9c][0xb0][0xe7][0x90][0x83] - [0xe3][0x80][0x90][0xe7][0xb6][0xa0][0xe8][0x83][0xbd][0xe7][0xa7][0x91][0xe6][0x8a][0x80][0xe3][0x80][0x91]</span>\n                                    <br><br>[0xe5][0x9c][0xb0][0xe9][0xbb][0x9e][0xef][0xbc][0x9a]12/21[0xe6][0x99][0x9a][0xe4][0xb8][0x8a]6:30<br><br>\n                                    <span>[0xe5][0x9c][0xb0][0xe9][0xbb][0x9e][0xef][0xbc][0x9a][0xe6][0xb8][0x85][0xe8][0x8f][0xaf][0xe5][0xa4][0xa7][0xe5][0xad][0xb8][0xe5][0x90][0x8d][0xe4][0xba][0xba][0xe5][0xa0][0x82]</span>\n                                    <a href=\"http://dtc.web.nthu.edu.tw/files/13-1008-110471.php\" target=\"_blank\">Read more</a>\n                                </p>\n                            </div>\n                        </li><li class=\"nbs-flexisel-item\" style=\"width: 350px;\">\n                            <div>\n                                <a href=\"http://artscenter.web.nthu.edu.tw/files/14-1898-110627,r11-1.php?Lang=zh-tw\" target=\"_blank\"><img src=\"/images/event_148067167138.jpg\" alt=\"[[0xe6][0x8a][0x92][0xe5][0xaf][0xab][0xe4][0xbe][0x86][0xe6][0x99][0x82][0xe8][0xb7][0xaf]] 2016 [0xe5][0x8f][0xb2][0xe6][0xac][0xbd][0xe6][0xb3][0xb0][0xe6][0x99][0x82][0xe4][0xbb][0xa3][0xe6][0x9b][0xb8][0xe6][0xb3][0x95][0xe5][0xb1][0x95]\"></a>\n                                <p>\n                                    <span>[[0xe6][0x8a][0x92][0xe5][0xaf][0xab][0xe4][0xbe][0x86][0xe6][0x99][0x82][0xe8][0xb7][0xaf]] 2016 [0xe5][0x8f][0xb2][0xe6][0xac][0xbd][0xe6][0xb3][0xb0][0xe6][0x99][0x82][0xe4][0xbb][0xa3][0xe6][0x9b][0xb8][0xe6][0xb3][0x95][0xe5][0xb1][0x95]</span>\n                                    <br><br>[0xe5][0xb1][0x95][0xe5][0x87][0xba][0xe6][0x97][0xa5][0xe6][0x9c][0x9f][0xef][0xbc][0x9a]12/21~1/6<br><br>\n                                    <span>[0xe5][0x9c][0xb0][0xe9][0xbb][0x9e][0xef][0xbc][0x9a][0xe8][0x97][0x9d][0xe8][0xa1][0x93][0xe5][0x89][0xb5][0xe6][0x84][0x8f][0xe7][0xa9][0xba][0xe9][0x96][0x93] ([0xe5][0xad][0xb8][0xe7][0xbf][0x92][0xe8][0xb3][0x87][0xe6][0xba][0x90][0xe4][0xb8][0xad][0xe5][0xbf][0x83][0xe4][0xb8][0x80][0xe6][0xa8][0x93])</span>\n                                    <a href=\"http://artscenter.web.nthu.edu.tw/files/14-1898-110627,r11-1.php?Lang=zh-tw\" target=\"_blank\">Read more</a>\n                                </p>\n                            </div>\n                        </li><li class=\"nbs-flexisel-item\" style=\"width: 350px;\">\n                            <div>\n                                <a href=\"http://bulletin.web.nthu.edu.tw/files/14-1912-110110,r5083-1.php?Lang=zh-tw\" target=\"_blank\"><img src=\"/images/event_148067158850.jpg\" alt=\"[0xe5][0xad][0xab][0xe9][0x81][0x8b][0xe7][0x92][0xbf][0xe7][0xa7][0x91][0xe6][0x8a][0x80][0xe8][0xac][0x9b][0xe5][0xba][0xa7][0xe6][0xbc][0x94][0xe8][0xac][0x9b]\"></a>\n                                <p>\n                                    <span>[0xe5][0xad][0xab][0xe9][0x81][0x8b][0xe7][0x92][0xbf][0xe7][0xa7][0x91][0xe6][0x8a][0x80][0xe8][0xac][0x9b][0xe5][0xba][0xa7][0xe6][0xbc][0x94][0xe8][0xac][0x9b]</span>\n                                    <br><br>[0xe6][0x99][0x82][0xe9][0x96][0x93][0xef][0xbc][0x9a]12/08([0xe5][0x9b][0x9b])[0xe6][0x99][0x9a][0xe4][0xb8][0x8a]7[0xe9][0xbb][0x9e]<br><br>\n                                    <span>[0xe5][0x9c][0xb0][0xe9][0xbb][0x9e][0xef][0xbc][0x9a][0xe5][0x8f][0xb0][0xe7][0xa9][0x8d][0xe9][0xa4][0xa8][0xe4][0xb8][0x80][0xe6][0xa8][0x93][0xe5][0xad][0xab][0xe9][0x81][0x8b][0xe7][0x92][0xbf][0xe6][0xbc][0x94][0xe8][0xac][0x9b][0xe5][0xbb][0xb3]</span>\n                                    <a href=\"http://bulletin.web.nthu.edu.tw/files/14-1912-110110,r5083-1.php?Lang=zh-tw\" target=\"_blank\">Read more</a>\n                                </p>\n                            </div>\n                        </li><li class=\"nbs-flexisel-item\" style=\"width: 350px;\">\n                            <div>\n                                <a href=\"http://artscenter.web.nthu.edu.tw/files/14-1898-108458,r11-1.php?Lang=zh-tw\" target=\"_blank\"><img src=\"/images/event_147935481766.jpg\" alt=\"[0xe5][0x91][0x82][0xe7][0x87][0x95][0xe5][0x8d][0xbf][0xe5][0x89][0xb5][0xe4][0xbd][0x9c][0xe5][0xb1][0x95][0xe2][0x80][0x94][0xe9][0x9f][0xb6][0xe5][0x85][0x89][0xe5][0xa6][0x82][0xe8][0xa9][0xa9]\"></a>\n                                <p>\n                                    <span>[0xe5][0x91][0x82][0xe7][0x87][0x95][0xe5][0x8d][0xbf][0xe5][0x89][0xb5][0xe4][0xbd][0x9c][0xe5][0xb1][0x95][0xe2][0x80][0x94][0xe9][0x9f][0xb6][0xe5][0x85][0x89][0xe5][0xa6][0x82][0xe8][0xa9][0xa9]</span>\n                                    <br><br>[0xe6][0x99][0x82][0xe9][0x96][0x93][0xef][0xbc][0x9a]11/14~2017/1/4<br><br>\n                                    <span>[0xe5][0x9c][0xb0][0xe9][0xbb][0x9e][0xef][0xbc][0x9a][0xe8][0x97][0x9d][0xe8][0xa1][0x93][0xe4][0xb8][0xad][0xe5][0xbf][0x83][0xe5][0xb1][0x95][0xe8][0xa6][0xbd][0xe5][0xbb][0xb3]</span>\n                                    <a href=\"http://artscenter.web.nthu.edu.tw/files/14-1898-108458,r11-1.php?Lang=zh-tw\" target=\"_blank\">Read more</a>\n                                </p>\n                            </div>\n                        </li></ul><div class=\"nbs-flexisel-nav-left\" style=\"top: 219px;\"></div><div class=\"nbs-fle"
20:58:34.994 [Forwarding getPageSource on session f38f5520-bd02-11e6-b34a-8d0186b048d8 to remote] DEBUG org.apache.http.wire - http-outgoing-0 << "xisel-nav-right\" style=\"top: 219px;\"></div></div></div>\n                <div class=\"clearout\"></div>\n            </div>\n            <!-- -[0xe6][0xa0][0xa1][0xe5][0x85][0xa7][0xe6][0xb4][0xbb][0xe5][0x8b][0x95] end -->\n        \n                    <!-- [0xe4][0xb8][0x8b][0xe6][0x96][0xb9][0xe6][0xa9][0xab][0xe5][0xb9][0x85][0xe8][0xbc][0xaa][0xe6][0x92][0xad] -->\n            <div class=\"width-100 link\">\n                <div class=\"nbs-flexisel-container\"><div class=\"nbs-flexisel-inner\"><ul id=\"flexiselDemo1\" class=\"nbs-flexisel-ul\" style=\"left: -175px; display: block;\">\n                                            <li class=\"nbs-flexisel-item\" style=\"width: 175px;\"><a href=\"http://www.ust.edu.tw/\" target=\"_blank\"><img src=\"/images/a6.jpg\" alt=\"[0xe5][0x8f][0xb0][0xe7][0x81][0xa3][0xe8][0x81][0xaf][0xe5][0x90][0x88][0xe5][0xa4][0xa7][0xe5][0xad][0xb8][0xe7][0xb3][0xbb][0xe7][0xb5][0xb1]\"></a></li><li class=\"nbs-flexisel-item\" style=\"width: 175px;\"><a href=\"http://pims.web.nthu.edu.tw\" target=\"_blank\"><img src=\"/images/activity_148067125998.jpg\" alt=\"[0xe5][0x80][0x8b][0xe8][0xb3][0x87][0xe4][0xbf][0x9d][0xe8][0xad][0xb7][0xe5][0xb0][0x88][0xe5][0x8d][0x80]\"></a></li>\n                                            <li class=\"nbs-flexisel-item\" style=\"width: 175px;\"><a href=\"http://top100.web.nthu.edu.tw\" target=\"_blank\"><img src=\"/images/activity_147756056815.jpg\" alt=\"[0xe9][0x82][0x81][0xe5][0x90][0x91][0xe9][0xa0][0x82][0xe5][0xb0][0x96][0xe5][0xa4][0xa7][0xe5][0xad][0xb8]\"></a></li>\n                                            <li class=\"nbs-flexisel-item\" style=\"width: 175px;\"><a href=\"http://info.web.nthu.edu.tw/bin/home.php\" target=\"_blank\"><img src=\"/images/activity_147756052156.jpg\" alt=\"[0xe6][0xa0][0xa1][0xe5][0x8b][0x99][0xe8][0xb3][0x87][0xe8][0xa8][0x8a][0xe5][0x85][0xac][0xe9][0x96][0x8b]\"></a></li>\n                                            <li class=\"nbs-flexisel-item\" style=\"width: 175px;\"><a href=\"http://college.nthu.edu.tw\" target=\"_blank\"><img src=\"/images/activity_147756049127.jpg\" alt=\"[0xe4][0xbd][0x8f][0xe5][0xae][0xbf][0xe6][0x9b][0xb8][0xe9][0x99][0xa2]\"></a></li>\n                                            <li class=\"nbs-flexisel-item\" style=\"width: 175px;\"><a href=\"http://st.web.nthu.edu.tw/files/11-1884-11079.php\" target=\"_blank\"><img src=\"/images/activity_147756046892.jpg\" alt=\"[0xe8][0xb7][0xa8][0xe9][0xa0][0x98][0xe5][0x9f][0x9f][0xe5][0xad][0xb8][0xe7][0xbf][0x92]\"></a></li>\n                                            <li class=\"nbs-flexisel-item\" style=\"width: 175px;\"><a href=\"http://gencom.web.nthu.edu.tw\" target=\"_blank\"><img src=\"/images/activity_147756032748.jpg\" alt=\"[0xe6][0x80][0xa7][0xe5][0xb9][0xb3][0xe6][0x95][0x99][0xe8][0x82][0xb2][0xe8][0xb3][0x87][0xe8][0xa8][0x8a]\"></a></li>\n                                            <li class=\"nbs-flexisel-item\" style=\"width: 175px;\"><a href=\"http://y105.web.nthu.edu.tw/\" target=\"_blank\"><img src=\"/images/a9.jpg\" alt=\"[0xe5][0x89][0xb5][0xe6][0xa0][0xa1]105[0xe9][0x80][0xb1][0xe5][0xb9][0xb4][0xe6][0x9a][0xa8][0xe5][0x9c][0xa8][0xe8][0x87][0xba][0xe5][0xbb][0xba][0xe6][0xa0][0xa1]60[0xe9][0x80][0xb1][0xe5][0xb9][0xb4][0xe6][0xa0][0xa1][0xe6][0x85][0xb6]\"></a></li>\n                                            <li class=\"nbs-flexisel-item\" style=\"width: 175px;\"><a href=\"http://www.nthu.edu.tw/nobel/index.php\" target=\"_blank\"><img src=\"/images/a2.jpg\" alt=\"[0xe8][0xab][0xbe][0xe8][0xb2][0x9d][0xe7][0x88][0xbe][0xe5][0xa4][0xa7][0xe5][0xb8][0xab][0xe5][0x9c][0xa8][0xe6][0xb8][0x85][0xe8][0x8f][0xaf]\"></a></li>\n                                            <li class=\"nbs-flexisel-item\" style=\"width: 175px;\"><a href=\"http://www.nthu.edu.tw/intro/aboutnthu14.php\" target=\"_blank\"><img src=\"/images/a10.jpg\" alt=\"[0xe6][0xb8][0x85][0xe8][0x8f][0xaf][0xe5][0x93][0x81][0xe7][0x89][0x8c][0xe7][0xae][0xa1][0xe7][0x90][0x86]\"></a></li>\n                                            <li class=\"nbs-flexisel-item\" style=\"width: 175px;\"><a href=\"http://ocic.nthu.edu.tw/ocic/Content02.aspx?c=menu02\" target=\"_blank\"><img src=\"/images/a12.jpg\" alt=\"[0xe7][0x94][0xa2][0xe5][0xad][0xb8][0xe5][0x90][0x88][0xe4][0xbd][0x9c][0xe8][0xb3][0x87][0xe8][0xa8][0x8a][0xe5][0xb9][0xb3][0xe5][0x8f][0xb0]\"></a></li>\n                                            <li class=\"nbs-flexisel-item\" style=\"width: 175px;\"><a href=\"http://nesh.web.nthu.edu.tw/files/11-1021-9390.php\" target=\"_blank\"><img src=\"/images/a13.jpg\" alt=\"[0xe5][0x9e][0x83][0xe5][0x9c][0xbe][0xe4][0xb8][0x8d][0xe8][0x90][0xbd][0xe5][0x9c][0xb0][0xe5][0xb0][0x88][0xe5][0x8d][0x80]\"></a></li>\n                                            <li class=\"nbs-flexisel-item\" style=\"width: 175px;\"><a href=\"http://www.ust.edu.tw/\" target=\"_blank\"><img src=\"/images/a6.jpg\" alt=\"[0xe5][0x8f][0xb0][0xe7][0x81][0xa3][0xe8][0x81][0xaf][0xe5][0x90][0x88][0xe5][0xa4][0xa7][0xe5][0xad][0xb8][0xe7][0xb3][0xbb][0xe7][0xb5][0xb1]\"></a></li>\n                                    <li class=\"nbs-flexisel-item\" style=\"width: 175px;\"><a href=\"http://pims.web.nthu.edu.tw\" target=\"_blank\"><img src=\"/images/activity_148067125998.jpg\" alt=\"[0xe5][0x80][0x8b][0xe8][0xb3][0x87][0xe4][0xbf][0x9d][0xe8][0xad][0xb7][0xe5][0xb0][0x88][0xe5][0x8d][0x80]\"></a></li><li class=\"nbs-flexisel-item\" style=\"width: 175px;\"><a href=\"http://top100.web.nthu.edu.tw\" target=\"_blank\"><img src=\"/images/activity_147756056815.jpg\" alt=\"[0xe9][0x82][0x81][0xe5][0x90][0x91][0xe9][0xa0][0x82][0xe5][0xb0][0x96][0xe5][0xa4][0xa7][0xe5][0xad][0xb8]\"></a></li><li class=\"nbs-flexisel-item\" style=\"width: 175px;\"><a href=\"http://info.we"
20:58:35.007 [Forwarding getPageSource on session f38f5520-bd02-11e6-b34a-8d0186b048d8 to remote] DEBUG org.apache.http.wire - http-outgoing-0 << "b.nthu.edu.tw/bin/home.php\" target=\"_blank\"><img src=\"/images/activity_147756052156.jpg\" alt=\"[0xe6][0xa0][0xa1][0xe5][0x8b][0x99][0xe8][0xb3][0x87][0xe8][0xa8][0x8a][0xe5][0x85][0xac][0xe9][0x96][0x8b]\"></a></li><li class=\"nbs-flexisel-item\" style=\"width: 175px;\"><a href=\"http://college.nthu.edu.tw\" target=\"_blank\"><img src=\"/images/activity_147756049127.jpg\" alt=\"[0xe4][0xbd][0x8f][0xe5][0xae][0xbf][0xe6][0x9b][0xb8][0xe9][0x99][0xa2]\"></a></li><li class=\"nbs-flexisel-item\" style=\"width: 175px;\"><a href=\"http://st.web.nthu.edu.tw/files/11-1884-11079.php\" target=\"_blank\"><img src=\"/images/activity_147756046892.jpg\" alt=\"[0xe8][0xb7][0xa8][0xe9][0xa0][0x98][0xe5][0x9f][0x9f][0xe5][0xad][0xb8][0xe7][0xbf][0x92]\"></a></li><li class=\"nbs-flexisel-item\" style=\"width: 175px;\"><a href=\"http://gencom.web.nthu.edu.tw\" target=\"_blank\"><img src=\"/images/activity_147756032748.jpg\" alt=\"[0xe6][0x80][0xa7][0xe5][0xb9][0xb3][0xe6][0x95][0x99][0xe8][0x82][0xb2][0xe8][0xb3][0x87][0xe8][0xa8][0x8a]\"></a></li><li class=\"nbs-flexisel-item\" style=\"width: 175px;\"><a href=\"http://y105.web.nthu.edu.tw/\" target=\"_blank\"><img src=\"/images/a9.jpg\" alt=\"[0xe5][0x89][0xb5][0xe6][0xa0][0xa1]105[0xe9][0x80][0xb1][0xe5][0xb9][0xb4][0xe6][0x9a][0xa8][0xe5][0x9c][0xa8][0xe8][0x87][0xba][0xe5][0xbb][0xba][0xe6][0xa0][0xa1]60[0xe9][0x80][0xb1][0xe5][0xb9][0xb4][0xe6][0xa0][0xa1][0xe6][0x85][0xb6]\"></a></li><li class=\"nbs-flexisel-item\" style=\"width: 175px;\"><a href=\"http://www.nthu.edu.tw/nobel/index.php\" target=\"_blank\"><img src=\"/images/a2.jpg\" alt=\"[0xe8][0xab][0xbe][0xe8][0xb2][0x9d][0xe7][0x88][0xbe][0xe5][0xa4][0xa7][0xe5][0xb8][0xab][0xe5][0x9c][0xa8][0xe6][0xb8][0x85][0xe8][0x8f][0xaf]\"></a></li><li class=\"nbs-flexisel-item\" style=\"width: 175px;\"><a href=\"http://www.nthu.edu.tw/intro/aboutnthu14.php\" target=\"_blank\"><img src=\"/images/a10.jpg\" alt=\"[0xe6][0xb8][0x85][0xe8][0x8f][0xaf][0xe5][0x93][0x81][0xe7][0x89][0x8c][0xe7][0xae][0xa1][0xe7][0x90][0x86]\"></a></li><li class=\"nbs-flexisel-item\" style=\"width: 175px;\"><a href=\"http://ocic.nthu.edu.tw/ocic/Content02.aspx?c=menu02\" target=\"_blank\"><img src=\"/images/a12.jpg\" alt=\"[0xe7][0x94][0xa2][0xe5][0xad][0xb8][0xe5][0x90][0x88][0xe4][0xbd][0x9c][0xe8][0xb3][0x87][0xe8][0xa8][0x8a][0xe5][0xb9][0xb3][0xe5][0x8f][0xb0]\"></a></li><li class=\"nbs-flexisel-item\" style=\"width: 175px;\"><a href=\"http://nesh.web.nthu.edu.tw/files/11-1021-9390.php\" target=\"_blank\"><img src=\"/images/a13.jpg\" alt=\"[0xe5][0x9e][0x83][0xe5][0x9c][0xbe][0xe4][0xb8][0x8d][0xe8][0x90][0xbd][0xe5][0x9c][0xb0][0xe5][0xb0][0x88][0xe5][0x8d][0x80]\"></a></li></ul><div class=\"nbs-flexisel-nav-left\" style=\"top: 25.5px;\"></div><div class=\"nbs-flexisel-nav-right\" style=\"top: 25.5px;\"></div></div></div>\n                <div class=\"clearout\"></div>\n            </div>\n            <!-- [0xe4][0xb8][0x8b][0xe6][0x96][0xb9][0xe6][0xa9][0xab][0xe5][0xb9][0x85][0xe8][0xbc][0xaa][0xe6][0x92][0xad] end -->\n        \n        <!-- [0xe4][0xb8][0x8b][0xe6][0x96][0xb9][0xe5][0xa4][0xa7][0xe9][0xa0][0x85] -->\n        <div class=\"width-100 icon\">\n            <div><a href=\"http://nthu-president.vm.nthu.edu.tw/\" target=\"_blank\"><img src=\"images/icon01.png\" alt=\"[0xe6][0xa0][0xa1][0xe9][0x95][0xb7][0xe4][0xbf][0xa1][0xe7][0xae][0xb1]\"><p>[0xe6][0xa0][0xa1][0xe9][0x95][0xb7][0xe4][0xbf][0xa1][0xe7][0xae][0xb1]</p></a></div>\n            <div><a href=\"https://www.ccxp.nthu.edu.tw/ccxp/INQUIRE/OT/QA/\" target=\"_blank\"><img src=\"images/icon03.png\" alt=\"[0xe5][0x90][0x88][0xe6][0xa0][0xa1]Q &amp; A\"><p>[0xe5][0x90][0x88][0xe6][0xa0][0xa1]Q &amp; A</p></a></div>\n            <div><a href=\"http://www1.nthu.edu.tw/reporting.php\" target=\"_blank\"><img src=\"images/icon02.png\" alt=\"[0xe6][0x84][0x8f][0xe8][0xa6][0x8b][0xe5][0x8f][0x8d][0xe6][0x87][0x89][0xe9][0x80][0x9a][0xe5][0xa0][0xb1]\"><p>[0xe6][0x84][0x8f][0xe8][0xa6][0x8b][0xe5][0x8f][0x8d][0xe6][0x87][0x89][0xe9][0x80][0x9a][0xe5][0xa0][0xb1]</p></a></div>\n            <div><a href=\"http://bulletin.web.nthu.edu.tw/\" target=\"_blank\"><img src=\"images/icon05.png\" alt=\"[0xe5][0x85][0xac][0xe5][0x91][0x8a][0xe8][0x88][0x87][0xe6][0xb4][0xbb][0xe5][0x8b][0x95]\"><p>[0xe5][0x85][0xac][0xe5][0x91][0x8a][0xe8][0x88][0x87][0xe6][0xb4][0xbb][0xe5][0x8b][0x95]</p></a></div>\n            <div><a href=\"http://www1.nthu.edu.tw/focuson.php\" target=\"_blank\"><img src=\"images/icon04.png\" alt=\"[0xe6][0xb8][0x85][0xe8][0x8f][0xaf][0xe7][0x84][0xa6][0xe9][0xbb][0x9e]\"><p>[0xe6][0xb8][0x85][0xe8][0x8f][0xaf][0xe7][0x84][0xa6][0xe9][0xbb][0x9e]</p></a></div>\n        </div>\n        <!-- [0xe4][0xb8][0x8b][0xe6][0x96][0xb9][0xe5][0xa4][0xa7][0xe9][0xa0][0x85] -->\n\n        </div>\n</section>\n<footer>\n\t<div class=\"container\">\n    \t<div><a href=\"/sitemap\" accesskey=\"B\" class=\"tab\" title=\"[0xe4][0xb8][0x8b][0xe6][0x96][0xb9][0xe5][0x85][0xa7][0xe5][0xae][0xb9][0xe5][0x8d][0x80]\">:::</a><a href=\"/\"><img src=\"images/footer-logo.png\" alt=\"[0xe5][0x9c][0x8b][0xe7][0xab][0x8b][0xe6][0xb8][0x85][0xe8][0x8f][0xaf][0xe5][0xa4][0xa7][0xe5][0xad][0xb8]logo\"></a></div>\n        <div>\n        \t<ul>\n            \t<li>Copyright[0xc2][0xa9]2016<br>National Tsing Hua<br>University ALL<br>RIGHTS RESERVED.</li>\n                <li><a href=\"mailto:web@cc.nthu.edu.tw\" target=\"_blank\"><i class=\"fa fa-chevron-right\" aria-hidden=\"true\"></i> [0xe8][0x81][0xaf][0xe7][0xb5][0xa1][0xe6][0x88][0x91][0xe5][0x80][0x91]</a></li>\n                <li><a href=\"http://campusmap.cc.nthu.edu.tw/\" target=\"_blank\"><i class=\"fa fa-chevron-right\" aria-hidden=\"true\"></i> [0xe6][0xa0][0xa1][0xe5][0x9c][0x92][0xe5][0x9c][0xb0][0xe5][0x9c][0x96]</a></li>\n                <li><a href=\"http://my.nthu.edu.tw/~maps3d/\" target=\"_blank\"><i class=\"fa fa-chevron-right\" aria-hidden=\"true\"></i> 3D[0xe6][0xa0][0xa1][0xe5][0x9c][0x92][0xe5][0xb0][0x8e][0xe8][0xa6][0xbd]</a></li>\n                <li><a href=\"http://campusmap.cc.nthu.edu.tw/graphics/nthu_campus_map.jpg\" target=\"_blank\"><i class=\"fa fa-chevron-right\" aria-hidden=\"true\"></i> [0xe6][0xa0][0xa1][0xe5][0x9c][0x92][0xe5][0xb0][0x8e][0xe8][0xa6][0xbd][0xe5][0x9c][0x96]</a></li>\n            </ul>"
20:58:35.008 [Forwarding getPageSource on session f38f5520-bd02-11e6-b34a-8d0186b048d8 to remote] DEBUG org.apache.http.wire - http-outgoing-0 << "\n        </div>\n        <div>\n        \t<ul>\n            \t<li>QUICK LINK</li>\n                <li><a href=\"http://www1.nthu.edu.tw/elearning2.php\"><i class=\"fa fa-chevron-right\" aria-hidden=\"true\"></i> [0xe6][0x95][0xb8][0xe4][0xbd][0x8d][0xe5][0xad][0xb8][0xe7][0xbf][0x92] / [0xe7][0xb7][0x9a][0xe4][0xb8][0x8a][0xe8][0xaa][0xb2][0xe7][0xa8][0x8b]</a></li>\n                <li><a href=\"http://academic.web.nthu.edu.tw/files/90-1009-6.php\" target=\"_blank\"><i class=\"fa fa-chevron-right\" aria-hidden=\"true\"></i> [0xe7][0x8d][0x8e][0xe5][0x8a][0xa9][0xe5][0xad][0xb8][0xe9][0x87][0x91]</a></li>\n                <li><a href=\"http://eas.web.nthu.edu.tw/files/11-1161-3647.php\" target=\"_blank\"><i class=\"fa fa-chevron-right\" aria-hidden=\"true\"></i> [0xe7][0xa4][0xbe][0xe5][0x9c][0x98][0xe8][0xb3][0x87][0xe8][0xa8][0x8a]</a></li>\n                <li><a href=\"http://www.media.nthu.edu.tw/channel/show/id/90\" target=\"_blank\"><i class=\"fa fa-chevron-right\" aria-hidden=\"true\"></i> [0xe6][0xb8][0x85][0xe8][0x8f][0xaf][0xe7][0xb0][0xa1][0xe4][0xbb][0x8b]</a></li>\n                <li><a href=\"http://livecam.web.nthu.edu.tw/files/14-1931-97850.php\" target=\"_blank\"><i class=\"fa fa-chevron-right\" aria-hidden=\"true\"></i> [0xe6][0xa0][0xa1][0xe6][0x99][0xaf][0xe5][0x8d][0xb3][0xe6][0x99][0x82][0xe7][0x9c][0x8b]</a></li>\n                <li><a href=\"http://www.facebook.com/nthu.tw\" target=\"_blank\"><i class=\"fa fa-chevron-right\" aria-hidden=\"true\"></i> NTHU FB</a></li>\n            </ul>\n        </div>\n         <div>\n        \t<ul>\n            \t<li>CONTACT</li>\n                <li><img src=\"images/footer-icon01.png\" alt=\" \">30013 [0xe6][0x96][0xb0][0xe7][0xab][0xb9][0xe5][0xb8][0x82][0xe5][0x85][0x89][0xe5][0xbe][0xa9][0xe8][0xb7][0xaf][0xe4][0xba][0x8c][0xe6][0xae][0xb5]101[0xe8][0x99][0x9f] </li>\n                <li><img src=\"images/footer-icon02.png\" alt=\" \">[0xe7][0xb8][0xbd][0xe6][0xa9][0x9f][0xef][0xbc][0x9a]03-5715131 </li>\n                <li><img src=\"images/footer-icon03.png\" alt=\" \">[0xe7][0xb5][0xb1][0xe4][0xb8][0x80][0xe7][0xb7][0xa8][0xe8][0x99][0x9f][0xef][0xbc][0x9a]46804804 </li>\n                <li><img src=\"images/footer-icon04.png\" alt=\" \"><p>VoIP [0xe7][0xb8][0xbd][0xe6][0xa9][0x9f][0xe4][0xbb][0xa3][0xe8][0xa1][0xa8][0xe8][0x99][0x9f][0xef][0xbc][0x9a]930-50000<br>[0xe8][0xbd][0x89][0xe6][0x8e][0xa5][0xe6][0x88][0x96][0xe7][0x9b][0xb4][0xe6][0x92][0xa5] 930+[0xe5][0x88][0x86][0xe6][0xa9][0x9f][0xe8][0x99][0x9f]</p></li>\n            </ul>\n        </div>   \n    </div>\n</footer>\n</div>\n\n                <noscript>[0xe6][0x9c][0xac]Script[0xe5][0x8a][0x9f][0xe8][0x83][0xbd][0xe6][0x8f][0x90][0xe4][0xbe][0x9b][0xe8][0xb7][0x91][0xe9][0xa6][0xac][0xe7][0x87][0x88][0xe6][0x92][0xad][0xe5][0x8a][0x9f][0xe8][0x83][0xbd][0xef][0xbc][0x8c][0xe8][0x8b][0xa5][0xe6][0x82][0xa8][0xe7][0x9a][0x84][0xe7][0x80][0x8f][0xe8][0xa6][0xbd][0xe5][0x99][0xa8][0xe4][0xb8][0x8d][0xe6][0x94][0xaf][0xe6][0x8f][0xb4][0xe6][0xad][0xa4][0xe9][0xa0][0x85][0xe5][0x8a][0x9f][0xe8][0x83][0xbd][0xef][0xbc][0x8c][0xe4][0xb9][0x9f][0xe4][0xb8][0x8d][0xe5][0xbd][0xb1][0xe9][0x9f][0xbf][0xe4][0xbd][0xa0][0xe9][0x96][0xb1][0xe8][0xae][0x80][0xe6][0x9c][0xac][0xe7][0xb6][0xb2][0xe7][0xab][0x99][0xe8][0xb3][0x87][0xe8][0xa8][0x8a][0xe3][0x80][0x82]</noscript>\n\n        <script type=\"text/javascript\">\n\n            $(window).load(function () {\n                $(\"#flexiselDemo2\").flexisel({\n                    visibleItems: 4,\n                    animationSpeed: 1000,\n                    autoPlay: false,\n                    autoPlaySpeed: 3000,\n                    pauseOnHover: true,\n                    enableResponsiveBreakpoints: true,\n                    responsiveBreakpoints: {\n                        portrait: {\n                            changePoint: 480,\n                            visibleItems: 1\n                        },\n                        landscape: {\n                            changePoint: 640,\n                            visibleItems: 2\n                        },\n                        tablet: {\n                            changePoint: 768,\n                            visibleItems: 3\n                        }\n                    }\n                });\n            });\n\n            $(window).load(function () {\n\n                $(\"#flexiselDemo1\").flexisel({\n                    visibleItems: 6,\n                    animationSpeed: 1000,\n                    autoPlay: true,\n                    autoPlaySpeed: 6000,\n                    pauseOnHover: true,\n                    enableResponsiveBreakpoints: true,\n                    responsiveBreakpoints: {\n                        portrait: {\n                            changePoint: 480,\n                            visibleItems: 2\n                        },\n                        landscape: {\n                            changePoint: 640,\n                            visibleItems: 3\n                        },\n                        tablet: {\n                            changePoint: 768,\n                            visibleItems: 4\n                        }\n                    }\n                });\n\n            })\n        </script>\n        <noscript>[0xe6][0x9c][0xac]Script[0xe5][0x8a][0x9f][0xe8][0x83][0xbd][0xe6][0x8f][0x90][0xe4][0xbe][0x9b][0xe5][0xb0][0x8f][0xe5][0xbb][0xa3][0xe5][0x91][0x8a][0xe8][0xbc][0xaa][0xe6][0x92][0xad][0xe5][0x8a][0x9f][0xe8][0x83][0xbd][0xef][0xbc][0x8c][0xe8][0x8b][0xa5][0xe6][0x82][0xa8][0xe7][0x9a][0x84][0xe7][0x80][0x8f][0xe8][0xa6][0xbd][0xe5][0x99][0xa8][0xe4][0xb8][0x8d][0xe6][0x94][0xaf][0xe6][0x8f][0xb4][0xe6][0xad][0xa4][0xe9][0xa0][0x85][0xe5][0x8a][0x9f][0xe8][0x83][0xbd][0xef][0xbc][0x8c][0xe4][0xb9][0x9f][0xe4][0xb8][0x8d][0xe5][0xbd][0xb1][0xe9][0x9f][0xbf][0xe4][0xbd][0xa0][0xe9][0x96][0xb1][0xe8][0xae][0x80][0xe6][0x9c][0xac][0xe7][0xb6][0xb2][0xe7][0xab][0x99][0xe8][0xb3][0x87][0xe8][0xa8][0x8a][0xe3][0x80][0x82]</noscript>\n\n    \n\n\n<div class=\"btn-up\"></div></body></html>"}"
20:58:35.009 [Forwarding getPageSource on session f38f5520-bd02-11e6-b34a-8d0186b048d8 to remote] DEBUG org.apache.http.impl.conn.PoolingHttpClientConnectionManager - Connection [id: 0][route: {}->http://localhost:25620] can be kept alive indefinitely
20:58:35.009 [Forwarding getPageSource on session f38f5520-bd02-11e6-b34a-8d0186b048d8 to remote] DEBUG org.apache.http.impl.conn.PoolingHttpClientConnectionManager - Connection released: [id: 0][route: {}->http://localhost:25620][total kept alive: 1; route allocated: 1 of 2000; total allocated: 1 of 2000]
<!DOCTYPE html><html class=" js csstransitions"><head>
        <meta charset="utf-8">
        <title>國立清華大學</title>

        <meta property="og:title" content="國立清華大學">
        <meta property="og:url" content="http://www.nthu.edu.tw/">
        <meta property="og:description" content="國立清華大學-1909年以美國退還庚子賠款，成立游美學務處選派學生留美。1911年設校稱清華學堂。幾經戰亂，1955年復校於新竹。清華大學復校初期重點為原子科學，其後則擴展至理工方面，近十幾年來更積極發展人文社會、生命科學、電機資訊與科技管理；漸漸地，清華已成為一文、理、工均衡發展的學府。秉持「自強不息，厚德載物」校訓，致力培育德、智、體、群、美五育兼優，兼具科學與人文素養的領導者和社會公民。">
        <meta property="og:image" content="http://www.nthu.edu.tw/_img/NTHU-logo.png">
        <meta name="keywords" content="National Tsing Hua University,國立清華大學,清華,清大">
        <meta name="description" content="國立清華大學-1909年以美國退還庚子賠款，成立游美學務處選派學生留美。1911年設校稱清華學堂。幾經戰亂，1955年復校於新竹。清華大學復校初期重點為原子科學，其後則擴展至理工方面，近十幾年來更積極發展人文社會、生命科學、電機資訊與科技管理；漸漸地，清華已成為一文、理、工均衡發展的學府。秉持「自強不息，厚德載物」校訓，致力培育德、智、體、群、美五育兼優，兼具科學與人文素養的領導者和社會公民。">

        <meta name="viewport" content="width=device-width, initial-scale=1.0">
<meta http-equiv="X-UA-Compatible" content="IE=9; IE=8; IE=7">
<base href="http://www.nthu.edu.tw//public/">
<link rel="shortcut icon" type="image/x-icon" href="http://www.nthu.edu.tw/favicon-nthu.ico"> <!--favicon.ico-->
<link href="style/reset.css" rel="stylesheet" type="text/css">
<link href="style/header.css" rel="stylesheet" type="text/css">
<link href="style/footer.css" rel="stylesheet" type="text/css">

<!--js-->

<script src="js/jquery-1.8.2.min.js" type="text/javascript"></script>
<script src="js/CreateHTML5Elements.js" type="text/javascript"></script>
<script src="js/jquery.easing.1.3.js" type="text/javascript"></script>
<script src="js/modernizr.custom.js" type="text/javascript"></script>
<script src="js/jquery-ui-1.10.1.custom.min.js" type="text/javascript"></script>
<script src="js/custom.js" type="text/javascript"></script>
<noscript>以上六個Script功能提供基本運作功能，若您的瀏覽器不支援此項功能，也不影響你閱讀本網站資訊。</noscript>

<!-- Menu -->

<script src="js/jquery.meanmenu.js"></script>
<script>
    jQuery(document).ready(function () {
        jQuery('nav').meanmenu();
    });
</script>

<!-- SEARCH -->

<script type="text/javascript">
$(document).ready(function(){
	// search
	$('#searchBtn').click(function () {
		$('#searchForm').attr('action', '/searchUrl/index');

		$('#searchForm').attr('method', 'get');
		$('#searchForm').attr('target', '_blank');
		$('#searchForm').submit();
	})
});
</script>

<noscript>本Script功能提供選單功能，若您的瀏覽器不支援此項功能，也不影響你閱讀本網站資訊。</noscript>

<!--收合-->
<script type="text/javascript">
    function carrousel_show_cover(id) {
        $("#hide_text_" + id).slideToggle(100);
    }

    function carrousel_hide_cover(id) {
        $("#hide_text_" + id).hide(10);
    }
</script>

<script src="js/nthu.js"></script>        <link href="style/index.css" rel="stylesheet" type="text/css">

        <!-- FlexSlider -->
        <script defer="" src="js/jquery.flexslider.js"></script>
        <script type="text/javascript">
            $(window).load(function () {
                $('.flexslider').flexslider({
                    animation: "slide"
                });
            });
        </script>
        <noscript>本Script功能提供廣告輪播功能，若您的瀏覽器不支援此項功能，也不影響你閱讀本網站資訊。</noscript>

        <!-- Flexisel -->
        <script src="js/jquery.flexisel.js"></script>
        <noscript>本Script功能提供小廣告輪播功能，若您的瀏覽器不支援此項功能，也不影響你閱讀本網站資訊。</noscript>

    </head>

    <body class="mean-container"><div class="mean-bar"><a href="#nav" class="meanmenu-reveal" style="background:;color:;right:0;left:auto;"><span></span><span></span><span></span></a><nav class="mean-nav">
	<ul style="display: none;">
    	<li><a href="/about">認識清華</a></li><!--<i class="fa fa-angle-down" aria-hidden="true"></i>-->
        <li><a href="/units/administrative">行政單位</a></li><!--<i class="fa fa-angle-down" aria-hidden="true"></i>-->
        <li><a href="/units/education">教學單位</a></li><!--<i class="fa fa-angle-down" aria-hidden="true"></i>-->
        <li><a href="/units/researchCenter">研究中心</a></li><!--<i class="fa fa-angle-down" aria-hidden="true"></i>-->
        <li><a href="http://www.lib.nthu.edu.tw/" target="_blank">圖書館</a></li><!--<i class="fa fa-angle-down" aria-hidden="true"></i>-->
        <li><a href="http://www.cc.nthu.edu.tw/bin/home.php">計算機與通訊中心</a></li><!--<i class="fa fa-angle-down" aria-hidden="true"></i>-->
        <li><a href="http://admission.nthu.edu.tw/">招生專區</a></li>
        <li><a href="https://www.ccxp.nthu.edu.tw/ccxp/INQUIRE/">校務資訊系統</a></li>
        <li class="mean-last"><a href="http://www.nhcue.edu.tw" target="_blank">南大校區</a></li>
    </ul>
</nav></div>
        <div class="weapper">
<header>
	<div class="container">
        <div class="logo"><a href="/"><img src="images/logo.png" alt="國立清華大學logo"></a></div>
        <div class="top">
		
        	<ul>
				<a href="/sitemap" accesskey="U" class="tab" title="上方選單區">:::</a>
            	<li>
                	<!-- -------------------------- { 搜尋區 } -------------------------- -->
                    <form name="searchForm" id="searchForm" method="get" accept-charset="utf-8">
                        <div class="width-25">
                        	<select id="type" name="type">
                        	  <option>Web</option>
                              <option value="1">People</option>
                              <option value="2">Offices</option>
                        	</select>
                        </div>
                        <div class="width-75 input">
                            <input name="q" id="q" type="text" placeholder="search"><input name="searchBtn" id="searchBtn" type="button">
                        </div>
                    </form>
                    <!-- -------------------------- { 搜尋區 end } -------------------------- -->

                    <div class="width-100 pull-right text">
                        <a href="http://www.nhcue.edu.tw" target="_blank">南大校區</a> | 
                        <a href="/sitemap" target="_blank">網站導覽</a> | 
                        <a href="http://dgaa.web.nthu.edu.tw/files/11-1074-2942.php" target="_blank">行事曆</a> | 
                        <a href="http://dud.web.nthu.edu.tw/files/11-1675-9374.php?Lang=zh-tw" target="_blank">捐款</a> | 
                        <a href="http://nthu-en.web.nthu.edu.tw/bin/home.php" target="_blank">English</a>
                    </div>
                </li>
                <li>
                    <a href="/entrance/student" target="_blank">在校生</a> | 
                    <a href="http://oga.nthu.edu.tw/" target="_blank">International Students</a> | 
                    <a href="http://gsa.web.nthu.edu.tw/files/11-1146-3222.php" target="_blank">僑 生</a> | 
                    <a href="http://oga.nthu.edu.tw/cont.php?id=398&amp;m=m141&amp;mm=mm142&amp;tc=8&amp;lang=big5" target="_blank">陸  生</a><span>|</span>
                </li>

                <li>
                    <a href="/entrance/teacher" target="_blank">教職員</a> | 
                    <a href="http://alumni.web.nthu.edu.tw/bin/home.php" target="_blank">校友</a> | 
                    <a href="http://admission.nthu.edu.tw/" target="_blank">未來學生</a> | 
                    <a href="/entrance/visitor" target="_blank">訪 客</a> | 
                    <a href="http://www1.nthu.edu.tw/" target="_blank">舊版首頁</a>
                </li>

                <li>
                    <a href="/hotNews">首頁故事</a> | 
                    <a href="/periodical">清華簡訊</a> | 
                    <a href="/newsLetter">NTHU Newsletter</a>
                </li>

                

            </ul>
        </div>
    </div>
</header>

<section>
<div class="container">
    <div class="mean-push"></div><nav class="main_menu" style="display: none;">
	<ul>
    	<li><a href="/about">認識清華</a></li><!--<i class="fa fa-angle-down" aria-hidden="true"></i>-->
        <li><a href="/units/administrative">行政單位</a></li><!--<i class="fa fa-angle-down" aria-hidden="true"></i>-->
        <li><a href="/units/education">教學單位</a></li><!--<i class="fa fa-angle-down" aria-hidden="true"></i>-->
        <li><a href="/units/researchCenter">研究中心</a></li><!--<i class="fa fa-angle-down" aria-hidden="true"></i>-->
        <li><a href="http://www.lib.nthu.edu.tw/" target="_blank">圖書館</a></li><!--<i class="fa fa-angle-down" aria-hidden="true"></i>-->
        <li><a href="http://www.cc.nthu.edu.tw/bin/home.php">計算機與通訊中心</a></li><!--<i class="fa fa-angle-down" aria-hidden="true"></i>-->
        <li><a href="http://admission.nthu.edu.tw/">招生專區</a></li>
        <li><a href="https://www.ccxp.nthu.edu.tw/ccxp/INQUIRE/">校務資訊系統</a></li>
        <li><a href="http://www.nhcue.edu.tw" target="_blank">南大校區</a></li>
    </ul>
</nav>
        <a href="" accesskey="L" class="tab" title="中間內容區">:::</a>

                    <!-- 首頁故事 -->
            <div class="slider">
                <div class="flexslider">
                    
                <div class="flex-viewport" style="overflow: hidden; position: relative;"><ul class="slides" style="width: 1000%; -webkit-transition: 0s; transition: 0s; -webkit-transform: translate3d(-380px, 0, 0);"><li class="clone" aria-hidden="true" style="width: 380px; float: left; display: block;"><a href="/hotNews/content/114"><img src="/images/hnMain_148067228090.jpg" alt="頂尖科學家齊聚台灣 高熵合金研究邁向新紀元" draggable="false"><div>頂尖科學家齊聚台灣 高熵合金研究邁向新紀元</div></a></li>
                                                    <li style="width: 380px; float: left; display: block;" class="flex-active-slide"><a href="/hotNews/content/116"><img src="/images/hnMain_148029985673.jpg" alt="全校運動會落幕 男子100公尺創清華新疾速傳說" draggable="false"><div>全校運動會落幕 男子100公尺創清華新疾速傳說</div></a></li>
                                                    <li style="width: 380px; float: left; display: block;"><a href="/hotNews/content/115"><img src="/images/hnMain_148067222852.jpg" alt="本校6位教師獲105年吳大猷先生紀念獎" draggable="false"><div>本校6位教師獲105年吳大猷先生紀念獎</div></a></li>
                                                    <li style="width: 380px; float: left; display: block;"><a href="/hotNews/content/114"><img src="/images/hnMain_148067228090.jpg" alt="頂尖科學家齊聚台灣 高熵合金研究邁向新紀元" draggable="false"><div>頂尖科學家齊聚台灣 高熵合金研究邁向新紀元</div></a></li>
                                            <li style="width: 380px; float: left; display: block;" class="clone" aria-hidden="true"><a href="/hotNews/content/116"><img src="/images/hnMain_148029985673.jpg" alt="全校運動會落幕 男子100公尺創清華新疾速傳說" draggable="false"><div>全校運動會落幕 男子100公尺創清華新疾速傳說</div></a></li></ul></div><ol class="flex-control-nav flex-control-paging"><li><a class="flex-active">1</a></li><li><a>2</a></li><li><a>3</a></li></ol><ul class="flex-direction-nav"><li class="flex-nav-prev"><a class="flex-prev" href="#">Previous</a></li><li class="flex-nav-next"><a class="flex-next" href="#">Next</a></li></ul></div>
            </div>
            <!-- 首頁故事 end -->
        
        <div class="width-100 main">

            
                            <!-- 卓越獎項 -->
                <div>
                    <h1>卓 越 獎 項</h1>
                    <ul>
                                                    <li><a href="/award/content/107">化工系陳信文教授榮獲美國TMS學會｢2017年功能性材料傑出科學家/工程師獎｣</a></li>
                                                    <li><a href="/award/content/106">化工系黃振煌助理教授榮獲2016年百大科技研發獎(R&amp;D 100 Awards)</a></li>
                                                    <li><a href="/award/content/105">生科院江安世院長當選TWAS新任院士</a></li>
                                                    <li><a href="/award/content/104">化學系王素蘭教授、物理系郭瑞年教授及電機系張正尚教授榮獲教育部第20屆國家講座</a></li>
                                                    <li><a href="/award/content/103">物理系張敬民教授、資工系許健平教授、語言所梅廣教授、統計所曾勝滄教授榮獲教育部第60屆學術獎</a></li>
                                                    <li><a href="/award/content/102">化學系江昀緯副教授、電機系翁詠祿副教授、工工系廖崇碩副教授、化工系衛子健副教授、中文系顏健富副教授、竹教大英語系楊蕙君副教授獲105年吳大猷先生紀念獎</a></li>
                                                <a href="/award">Read more</a>
                    </ul>
                </div>
                <!-- 卓越獎項 end -->
            
                            <!-- 清華新聞 -->
                <div>
                    <h1>清 華 新 聞</h1>
                                            <div>
                            <div class="width-28"><img src="/images/news_147755965777.jpg" alt="創業學臺灣 清大「財務管理」課程風靡對岸"></div>
                            <div class="width-72">
                                <p class="fontsize18">創業學臺灣 清大「財務管理」課程風靡對岸</p>
                                <p>對岸許多大學生摩拳擦掌想創業，線上學財務管理正夯！由國立清華大學計量財務金融學...<a href="http://secretary.web.nthu.edu.tw/files/15-1160-108027,c8330-1.php?Lang=zh-tw" target="_blank">Read more</a></p>
                            </div>
                        </div>
                                            <div>
                            <div class="width-28"><img src="/images/news_147314981267.jpg" alt="兩岸三地薪火相傳 台港陸三校學生體驗不同文化"></div>
                            <div class="width-72">
                                <p class="fontsize18">兩岸三地薪火相傳 台港陸三校學生體驗不同文化</p>
                                <p>國立清華大學及香港中文大學聯合書院、北京清華大學第五屆兩岸三地薪火計畫...<a href="http://secretary.web.nthu.edu.tw/files/15-1160-106192,c8330-1.php?Lang=zh-tw" target="_blank">Read more</a></p>
                            </div>
                        </div>
                                            <div>
                            <div class="width-28"><img src="/images/news_147314964239.jpg" alt="F1賽車、AI機器人 清華學子打造幻想未來"></div>
                            <div class="width-72">
                                <p class="fontsize18">F1賽車、AI機器人 清華學子打造幻想未來</p>
                                <p>念機械系不光只是當修車黑手，國立清華大學動力機械系學生不僅打造F1賽車、AI自動化...<a href="http://secretary.web.nthu.edu.tw/files/15-1160-105559,c8330-1.php?Lang=zh-tw" target="_blank">Read more</a></p>
                            </div>
                        </div>
                                            <div>
                            <div class="width-28"><img src="/images/news_147314951687.jpg" alt="清大磨課師前進歐洲於FutureLearn平台教你預..."></div>
                            <div class="width-72">
                                <p class="fontsize18">清大磨課師前進歐洲於FutureLearn平台教你預...</p>
                                <p>「清華磨課師」前進歐洲。國立清華大學本月與英國最大線上教學平台FutureLearn簽約...<a href="http://secretary.web.nthu.edu.tw/files/15-1160-105558,c8330-1.php?Lang=zh-tw" target="_blank">Read more</a></p>
                            </div>
                        </div>
                                    </div>
                <!-- 清華新聞 end -->
            
                            <!-- 影音新聞 -->
                <div>
                    <h1>影 音 新 聞</h1>
                                            <div class="width-100 video">
                            <div class="width-65"><iframe width="560" height="315" src="https://www.youtube.com/embed/zKU7-DstApM" frameborder="0" allowfullscreen="" title="「梅」不勝收 清華梅園再植百棵新梅"></iframe></div>
                            <div class="width-35">
                                <p class="fontsize18">國立清華大學「梅園」為前校長梅貽琦長眠之地，園內遍植梅樹，每年梅花盛開季節常吸引民眾組團賞梅。不過近年受到白蟻蛀蝕，梅樹健康狀況不佳，清華校友、奕青莊園莊主吳佳懋得知後，決捐贈100棵梅樹苗，在12月3日舉辦「梅樹清香，樹造新葉」植樹活動，邀...</p>
                            </div>
                            <a href="http://nthunews.media.nthu.edu.tw/" target="_blank">Read more</a>
                        </div>
                                    </div>
                <!-- 影音新聞 end -->
            
                            <!-- 媒體報導 -->
                <div>
                    <h1>媒 體 報 導</h1>
                    <ul>
                                                    <li><a href="/mediaReport/content/83">科技律師學苑 清大開辦</a></li>
                                                    <li><a href="/mediaReport/content/82">教授下鄉教數學 洪文良「嵌名聯」激勵學子</a></li>
                                                    <li><a href="/mediaReport/content/81">推翻傳統金屬材料迷思 新合金材料即將問世</a></li>
                                                    <li><a href="/mediaReport/content/80">無敵合金材料 7日在清華發表</a></li>
                                                    <li><a href="/mediaReport/content/79">耐高溫高熵合金問世 清大教授開創材料產業新契機</a></li>
                                                    <li><a href="/mediaReport/content/78">清大竹教大合併 校巴上路附小揭牌</a></li>
                                                    <li><a href="/mediaReport/content/77">清大竹教大合併第一天　竹大附小改名清大附小</a></li>
                                                    <li><a href="/mediaReport/content/76">清華、竹教大合併　附小擬開雙語班</a></li>
                                                    <li><a href="/mediaReport/content/75">清大竹教大合併 校巴上路附小揭牌</a></li>
                                                    <li><a href="/mediaReport/content/74"> 清華大學附設實驗小學揭牌</a></li>
                                                <a href="/mediaReport">Read more</a>
                    </ul>
                </div>
                <!-- 媒體報導 end -->
            
        </div>

                    <!-- 校內活動 -->
            <div class="width-100">
                <h1>校 內 活 動</h1>
                <div class="nbs-flexisel-container"><div class="nbs-flexisel-inner"><ul id="flexiselDemo2" class="nbs-flexisel-ul" style="left: -350px; display: block;">
                                            <li class="nbs-flexisel-item" style="width: 350px;">
                            <div>
                                <a href="http://artscenter.web.nthu.edu.tw/files/14-1898-107627,r11-1.php?Lang=zh-tw" target="_blank"><img src="/images/event_147756005917.jpg" alt="不散．夜貓子電影院十週年精選影展"></a>
                                <p>
                                    <span>不散．夜貓子電影院十週年精選影展</span>
                                    <br><br>時間：11/01~12/31每週二、六<br><br>
                                    <span>地點：合勤演藝廳、蘇格貓底</span>
                                    <a href="http://artscenter.web.nthu.edu.tw/files/14-1898-107627,r11-1.php?Lang=zh-tw" target="_blank">Read more</a>
                                </p>
                            </div>
                        </li><li class="nbs-flexisel-item" style="width: 350px;">
                            <div>
                                <a href="http://ctld.nthu.edu.tw/course/index.php?mode=detail&amp;id=11529" target="_blank"><img src="/images/event_148109313315.jpg" alt="學習系列講座「自我價值工程-創造自我核心價值」"></a>
                                <p>
                                    <span>學習系列講座「自我價值工程-創造自我核心價值」</span>
                                    <br><br> 時間：12/21(三)晚上7點<br><br>
                                    <span>地點：旺宏館R245教室</span>
                                    <a href="http://ctld.nthu.edu.tw/course/index.php?mode=detail&amp;id=11529" target="_blank">Read more</a>
                                </p>
                            </div>
                        </li>
                                            <li class="nbs-flexisel-item" style="width: 350px;">
                            <div>
                                <a href="http://dtc.web.nthu.edu.tw/files/13-1008-110471.php" target="_blank"><img src="/images/event_148109257791.jpg" alt="科技人文講座七：搶救病危的地球 - 【綠能科技】"></a>
                                <p>
                                    <span>科技人文講座七：搶救病危的地球 - 【綠能科技】</span>
                                    <br><br>地點：12/21晚上6:30<br><br>
                                    <span>地點：清華大學名人堂</span>
                                    <a href="http://dtc.web.nthu.edu.tw/files/13-1008-110471.php" target="_blank">Read more</a>
                                </p>
                            </div>
                        </li>
                                            <li class="nbs-flexisel-item" style="width: 350px;">
                            <div>
                                <a href="http://artscenter.web.nthu.edu.tw/files/14-1898-110627,r11-1.php?Lang=zh-tw" target="_blank"><img src="/images/event_148067167138.jpg" alt="[抒寫來時路] 2016 史欽泰時代書法展"></a>
                                <p>
                                    <span>[抒寫來時路] 2016 史欽泰時代書法展</span>
                                    <br><br>展出日期：12/21~1/6<br><br>
                                    <span>地點：藝術創意空間 (學習資源中心一樓)</span>
                                    <a href="http://artscenter.web.nthu.edu.tw/files/14-1898-110627,r11-1.php?Lang=zh-tw" target="_blank">Read more</a>
                                </p>
                            </div>
                        </li>
                                            <li class="nbs-flexisel-item" style="width: 350px;">
                            <div>
                                <a href="http://bulletin.web.nthu.edu.tw/files/14-1912-110110,r5083-1.php?Lang=zh-tw" target="_blank"><img src="/images/event_148067158850.jpg" alt="孫運璿科技講座演講"></a>
                                <p>
                                    <span>孫運璿科技講座演講</span>
                                    <br><br>時間：12/08(四)晚上7點<br><br>
                                    <span>地點：台積館一樓孫運璿演講廳</span>
                                    <a href="http://bulletin.web.nthu.edu.tw/files/14-1912-110110,r5083-1.php?Lang=zh-tw" target="_blank">Read more</a>
                                </p>
                            </div>
                        </li>
                                            <li class="nbs-flexisel-item" style="width: 350px;">
                            <div>
                                <a href="http://artscenter.web.nthu.edu.tw/files/14-1898-108458,r11-1.php?Lang=zh-tw" target="_blank"><img src="/images/event_147935481766.jpg" alt="呂燕卿創作展—韶光如詩"></a>
                                <p>
                                    <span>呂燕卿創作展—韶光如詩</span>
                                    <br><br>時間：11/14~2017/1/4<br><br>
                                    <span>地點：藝術中心展覽廳</span>
                                    <a href="http://artscenter.web.nthu.edu.tw/files/14-1898-108458,r11-1.php?Lang=zh-tw" target="_blank">Read more</a>
                                </p>
                            </div>
                        </li>
                                            <li class="nbs-flexisel-item" style="width: 350px;">
                            <div>
                                <a href="http://artscenter.web.nthu.edu.tw/files/14-1898-107627,r11-1.php?Lang=zh-tw" target="_blank"><img src="/images/event_147756005917.jpg" alt="不散．夜貓子電影院十週年精選影展"></a>
                                <p>
                                    <span>不散．夜貓子電影院十週年精選影展</span>
                                    <br><br>時間：11/01~12/31每週二、六<br><br>
                                    <span>地點：合勤演藝廳、蘇格貓底</span>
                                    <a href="http://artscenter.web.nthu.edu.tw/files/14-1898-107627,r11-1.php?Lang=zh-tw" target="_blank">Read more</a>
                                </p>
                            </div>
                        </li>
                                    <li class="nbs-flexisel-item" style="width: 350px;">
                            <div>
                                <a href="http://ctld.nthu.edu.tw/course/index.php?mode=detail&amp;id=11529" target="_blank"><img src="/images/event_148109313315.jpg" alt="學習系列講座「自我價值工程-創造自我核心價值」"></a>
                                <p>
                                    <span>學習系列講座「自我價值工程-創造自我核心價值」</span>
                                    <br><br> 時間：12/21(三)晚上7點<br><br>
                                    <span>地點：旺宏館R245教室</span>
                                    <a href="http://ctld.nthu.edu.tw/course/index.php?mode=detail&amp;id=11529" target="_blank">Read more</a>
                                </p>
                            </div>
                        </li><li class="nbs-flexisel-item" style="width: 350px;">
                            <div>
                                <a href="http://dtc.web.nthu.edu.tw/files/13-1008-110471.php" target="_blank"><img src="/images/event_148109257791.jpg" alt="科技人文講座七：搶救病危的地球 - 【綠能科技】"></a>
                                <p>
                                    <span>科技人文講座七：搶救病危的地球 - 【綠能科技】</span>
                                    <br><br>地點：12/21晚上6:30<br><br>
                                    <span>地點：清華大學名人堂</span>
                                    <a href="http://dtc.web.nthu.edu.tw/files/13-1008-110471.php" target="_blank">Read more</a>
                                </p>
                            </div>
                        </li><li class="nbs-flexisel-item" style="width: 350px;">
                            <div>
                                <a href="http://artscenter.web.nthu.edu.tw/files/14-1898-110627,r11-1.php?Lang=zh-tw" target="_blank"><img src="/images/event_148067167138.jpg" alt="[抒寫來時路] 2016 史欽泰時代書法展"></a>
                                <p>
                                    <span>[抒寫來時路] 2016 史欽泰時代書法展</span>
                                    <br><br>展出日期：12/21~1/6<br><br>
                                    <span>地點：藝術創意空間 (學習資源中心一樓)</span>
                                    <a href="http://artscenter.web.nthu.edu.tw/files/14-1898-110627,r11-1.php?Lang=zh-tw" target="_blank">Read more</a>
                                </p>
                            </div>
                        </li><li class="nbs-flexisel-item" style="width: 350px;">
                            <div>
                                <a href="http://bulletin.web.nthu.edu.tw/files/14-1912-110110,r5083-1.php?Lang=zh-tw" target="_blank"><img src="/images/event_148067158850.jpg" alt="孫運璿科技講座演講"></a>
                                <p>
                                    <span>孫運璿科技講座演講</span>
                                    <br><br>時間：12/08(四)晚上7點<br><br>
                                    <span>地點：台積館一樓孫運璿演講廳</span>
                                    <a href="http://bulletin.web.nthu.edu.tw/files/14-1912-110110,r5083-1.php?Lang=zh-tw" target="_blank">Read more</a>
                                </p>
                            </div>
                        </li><li class="nbs-flexisel-item" style="width: 350px;">
                            <div>
                                <a href="http://artscenter.web.nthu.edu.tw/files/14-1898-108458,r11-1.php?Lang=zh-tw" target="_blank"><img src="/images/event_147935481766.jpg" alt="呂燕卿創作展—韶光如詩"></a>
                                <p>
                                    <span>呂燕卿創作展—韶光如詩</span>
                                    <br><br>時間：11/14~2017/1/4<br><br>
                                    <span>地點：藝術中心展覽廳</span>
                                    <a href="http://artscenter.web.nthu.edu.tw/files/14-1898-108458,r11-1.php?Lang=zh-tw" target="_blank">Read more</a>
                                </p>
                            </div>
                        </li></ul><div class="nbs-flexisel-nav-left" style="top: 219px;"></div><div class="nbs-flexisel-nav-right" style="top: 219px;"></div></div></div>
                <div class="clearout"></div>
            </div>
            <!-- -校內活動 end -->
        
                    <!-- 下方橫幅輪播 -->
            <div class="width-100 link">
                <div class="nbs-flexisel-container"><div class="nbs-flexisel-inner"><ul id="flexiselDemo1" class="nbs-flexisel-ul" style="left: -175px; display: block;">
                                            <li class="nbs-flexisel-item" style="width: 175px;"><a href="http://www.ust.edu.tw/" target="_blank"><img src="/images/a6.jpg" alt="台灣聯合大學系統"></a></li><li class="nbs-flexisel-item" style="width: 175px;"><a href="http://pims.web.nthu.edu.tw" target="_blank"><img src="/images/activity_148067125998.jpg" alt="個資保護專區"></a></li>
                                            <li class="nbs-flexisel-item" style="width: 175px;"><a href="http://top100.web.nthu.edu.tw" target="_blank"><img src="/images/activity_147756056815.jpg" alt="邁向頂尖大學"></a></li>
                                            <li class="nbs-flexisel-item" style="width: 175px;"><a href="http://info.web.nthu.edu.tw/bin/home.php" target="_blank"><img src="/images/activity_147756052156.jpg" alt="校務資訊公開"></a></li>
                                            <li class="nbs-flexisel-item" style="width: 175px;"><a href="http://college.nthu.edu.tw" target="_blank"><img src="/images/activity_147756049127.jpg" alt="住宿書院"></a></li>
                                            <li class="nbs-flexisel-item" style="width: 175px;"><a href="http://st.web.nthu.edu.tw/files/11-1884-11079.php" target="_blank"><img src="/images/activity_147756046892.jpg" alt="跨領域學習"></a></li>
                                            <li class="nbs-flexisel-item" style="width: 175px;"><a href="http://gencom.web.nthu.edu.tw" target="_blank"><img src="/images/activity_147756032748.jpg" alt="性平教育資訊"></a></li>
                                            <li class="nbs-flexisel-item" style="width: 175px;"><a href="http://y105.web.nthu.edu.tw/" target="_blank"><img src="/images/a9.jpg" alt="創校105週年暨在臺建校60週年校慶"></a></li>
                                            <li class="nbs-flexisel-item" style="width: 175px;"><a href="http://www.nthu.edu.tw/nobel/index.php" target="_blank"><img src="/images/a2.jpg" alt="諾貝爾大師在清華"></a></li>
                                            <li class="nbs-flexisel-item" style="width: 175px;"><a href="http://www.nthu.edu.tw/intro/aboutnthu14.php" target="_blank"><img src="/images/a10.jpg" alt="清華品牌管理"></a></li>
                                            <li class="nbs-flexisel-item" style="width: 175px;"><a href="http://ocic.nthu.edu.tw/ocic/Content02.aspx?c=menu02" target="_blank"><img src="/images/a12.jpg" alt="產學合作資訊平台"></a></li>
                                            <li class="nbs-flexisel-item" style="width: 175px;"><a href="http://nesh.web.nthu.edu.tw/files/11-1021-9390.php" target="_blank"><img src="/images/a13.jpg" alt="垃圾不落地專區"></a></li>
                                            <li class="nbs-flexisel-item" style="width: 175px;"><a href="http://www.ust.edu.tw/" target="_blank"><img src="/images/a6.jpg" alt="台灣聯合大學系統"></a></li>
                                    <li class="nbs-flexisel-item" style="width: 175px;"><a href="http://pims.web.nthu.edu.tw" target="_blank"><img src="/images/activity_148067125998.jpg" alt="個資保護專區"></a></li><li class="nbs-flexisel-item" style="width: 175px;"><a href="http://top100.web.nthu.edu.tw" target="_blank"><img src="/images/activity_147756056815.jpg" alt="邁向頂尖大學"></a></li><li class="nbs-flexisel-item" style="width: 175px;"><a href="http://info.web.nthu.edu.tw/bin/home.php" target="_blank"><img src="/images/activity_147756052156.jpg" alt="校務資訊公開"></a></li><li class="nbs-flexisel-item" style="width: 175px;"><a href="http://college.nthu.edu.tw" target="_blank"><img src="/images/activity_147756049127.jpg" alt="住宿書院"></a></li><li class="nbs-flexisel-item" style="width: 175px;"><a href="http://st.web.nthu.edu.tw/files/11-1884-11079.php" target="_blank"><img src="/images/activity_147756046892.jpg" alt="跨領域學習"></a></li><li class="nbs-flexisel-item" style="width: 175px;"><a href="http://gencom.web.nthu.edu.tw" target="_blank"><img src="/images/activity_147756032748.jpg" alt="性平教育資訊"></a></li><li class="nbs-flexisel-item" style="width: 175px;"><a href="http://y105.web.nthu.edu.tw/" target="_blank"><img src="/images/a9.jpg" alt="創校105週年暨在臺建校60週年校慶"></a></li><li class="nbs-flexisel-item" style="width: 175px;"><a href="http://www.nthu.edu.tw/nobel/index.php" target="_blank"><img src="/images/a2.jpg" alt="諾貝爾大師在清華"></a></li><li class="nbs-flexisel-item" style="width: 175px;"><a href="http://www.nthu.edu.tw/intro/aboutnthu14.php" target="_blank"><img src="/images/a10.jpg" alt="清華品牌管理"></a></li><li class="nbs-flexisel-item" style="width: 175px;"><a href="http://ocic.nthu.edu.tw/ocic/Content02.aspx?c=menu02" target="_blank"><img src="/images/a12.jpg" alt="產學合作資訊平台"></a></li><li class="nbs-flexisel-item" style="width: 175px;"><a href="http://nesh.web.nthu.edu.tw/files/11-1021-9390.php" target="_blank"><img src="/images/a13.jpg" alt="垃圾不落地專區"></a></li></ul><div class="nbs-flexisel-nav-left" style="top: 25.5px;"></div><div class="nbs-flexisel-nav-right" style="top: 25.5px;"></div></div></div>
                <div class="clearout"></div>
            </div>
            <!-- 下方橫幅輪播 end -->
        
        <!-- 下方大項 -->
        <div class="width-100 icon">
            <div><a href="http://nthu-president.vm.nthu.edu.tw/" target="_blank"><img src="images/icon01.png" alt="校長信箱"><p>校長信箱</p></a></div>
            <div><a href="https://www.ccxp.nthu.edu.tw/ccxp/INQUIRE/OT/QA/" target="_blank"><img src="images/icon03.png" alt="合校Q &amp; A"><p>合校Q &amp; A</p></a></div>
            <div><a href="http://www1.nthu.edu.tw/reporting.php" target="_blank"><img src="images/icon02.png" alt="意見反應通報"><p>意見反應通報</p></a></div>
            <div><a href="http://bulletin.web.nthu.edu.tw/" target="_blank"><img src="images/icon05.png" alt="公告與活動"><p>公告與活動</p></a></div>
            <div><a href="http://www1.nthu.edu.tw/focuson.php" target="_blank"><img src="images/icon04.png" alt="清華焦點"><p>清華焦點</p></a></div>
        </div>
        <!-- 下方大項 -->

        </div>
</section>
<footer>
	<div class="container">
    	<div><a href="/sitemap" accesskey="B" class="tab" title="下方內容區">:::</a><a href="/"><img src="images/footer-logo.png" alt="國立清華大學logo"></a></div>
        <div>
        	<ul>
            	<li>Copyright©2016<br>National Tsing Hua<br>University ALL<br>RIGHTS RESERVED.</li>
                <li><a href="mailto:web@cc.nthu.edu.tw" target="_blank"><i class="fa fa-chevron-right" aria-hidden="true"></i> 聯絡我們</a></li>
                <li><a href="http://campusmap.cc.nthu.edu.tw/" target="_blank"><i class="fa fa-chevron-right" aria-hidden="true"></i> 校園地圖</a></li>
                <li><a href="http://my.nthu.edu.tw/~maps3d/" target="_blank"><i class="fa fa-chevron-right" aria-hidden="true"></i> 3D校園導覽</a></li>
                <li><a href="http://campusmap.cc.nthu.edu.tw/graphics/nthu_campus_map.jpg" target="_blank"><i class="fa fa-chevron-right" aria-hidden="true"></i> 校園導覽圖</a></li>
            </ul>
        </div>
        <div>
        	<ul>
            	<li>QUICK LINK</li>
                <li><a href="http://www1.nthu.edu.tw/elearning2.php"><i class="fa fa-chevron-right" aria-hidden="true"></i> 數位學習 / 線上課程</a></li>
                <li><a href="http://academic.web.nthu.edu.tw/files/90-1009-6.php" target="_blank"><i class="fa fa-chevron-right" aria-hidden="true"></i> 獎助學金</a></li>
                <li><a href="http://eas.web.nthu.edu.tw/files/11-1161-3647.php" target="_blank"><i class="fa fa-chevron-right" aria-hidden="true"></i> 社團資訊</a></li>
                <li><a href="http://www.media.nthu.edu.tw/channel/show/id/90" target="_blank"><i class="fa fa-chevron-right" aria-hidden="true"></i> 清華簡介</a></li>
                <li><a href="http://livecam.web.nthu.edu.tw/files/14-1931-97850.php" target="_blank"><i class="fa fa-chevron-right" aria-hidden="true"></i> 校景即時看</a></li>
                <li><a href="http://www.facebook.com/nthu.tw" target="_blank"><i class="fa fa-chevron-right" aria-hidden="true"></i> NTHU FB</a></li>
            </ul>
        </div>
         <div>
        	<ul>
            	<li>CONTACT</li>
                <li><img src="images/footer-icon01.png" alt=" ">30013 新竹市光復路二段101號 </li>
                <li><img src="images/footer-icon02.png" alt=" ">總機：03-5715131 </li>
                <li><img src="images/footer-icon03.png" alt=" ">統一編號：46804804 </li>
                <li><img src="images/footer-icon04.png" alt=" "><p>VoIP 總機代表號：930-50000<br>轉接或直撥 930+分機號</p></li>
            </ul>
        </div>   
    </div>
</footer>
</div>

                <noscript>本Script功能提供跑馬燈播功能，若您的瀏覽器不支援此項功能，也不影響你閱讀本網站資訊。</noscript>

        <script type="text/javascript">

            $(window).load(function () {
                $("#flexiselDemo2").flexisel({
                    visibleItems: 4,
                    animationSpeed: 1000,
                    autoPlay: false,
                    autoPlaySpeed: 3000,
                    pauseOnHover: true,
                    enableResponsiveBreakpoints: true,
                    responsiveBreakpoints: {
                        portrait: {
                            changePoint: 480,
                            visibleItems: 1
                        },
                        landscape: {
                            changePoint: 640,
                            visibleItems: 2
                        },
                        tablet: {
                            changePoint: 768,
                            visibleItems: 3
                        }
                    }
                });
            });

            $(window).load(function () {

                $("#flexiselDemo1").flexisel({
                    visibleItems: 6,
                    animationSpeed: 1000,
                    autoPlay: true,
                    autoPlaySpeed: 6000,
                    pauseOnHover: true,
                    enableResponsiveBreakpoints: true,
                    responsiveBreakpoints: {
                        portrait: {
                            changePoint: 480,
                            visibleItems: 2
                        },
                        landscape: {
                            changePoint: 640,
                            visibleItems: 3
                        },
                        tablet: {
                            changePoint: 768,
                            visibleItems: 4
                        }
                    }
                });

            })
        </script>
        <noscript>本Script功能提供小廣告輪播功能，若您的瀏覽器不支援此項功能，也不影響你閱讀本網站資訊。</noscript>

    


<div class="btn-up"></div></body></html>

20:58:35.078 [Forwarding get on session f38f5520-bd02-11e6-b34a-8d0186b048d8 to remote] DEBUG org.apache.http.client.protocol.RequestAddCookies - CookieSpec selected: default
20:58:35.078 [Forwarding get on session f38f5520-bd02-11e6-b34a-8d0186b048d8 to remote] DEBUG org.apache.http.client.protocol.RequestAuthCache - Auth cache not set in the context
20:58:35.078 [Forwarding get on session f38f5520-bd02-11e6-b34a-8d0186b048d8 to remote] DEBUG org.apache.http.impl.conn.PoolingHttpClientConnectionManager - Connection request: [route: {}->http://localhost:25620][total kept alive: 1; route allocated: 1 of 2000; total allocated: 1 of 2000]
20:58:35.079 [Forwarding get on session f38f5520-bd02-11e6-b34a-8d0186b048d8 to remote] DEBUG org.apache.http.impl.conn.PoolingHttpClientConnectionManager - Connection leased: [id: 0][route: {}->http://localhost:25620][total kept alive: 0; route allocated: 1 of 2000; total allocated: 1 of 2000]
20:58:35.079 [Forwarding get on session f38f5520-bd02-11e6-b34a-8d0186b048d8 to remote] DEBUG org.apache.http.impl.execchain.MainClientExec - Stale connection check
20:58:35.081 [Forwarding get on session f38f5520-bd02-11e6-b34a-8d0186b048d8 to remote] DEBUG org.apache.http.wire - http-outgoing-0 << "[read] I/O error: Read timed out"
20:58:35.081 [Forwarding get on session f38f5520-bd02-11e6-b34a-8d0186b048d8 to remote] DEBUG org.apache.http.impl.conn.DefaultManagedHttpClientConnection - http-outgoing-0: set socket timeout to 10800000
20:58:35.081 [Forwarding get on session f38f5520-bd02-11e6-b34a-8d0186b048d8 to remote] DEBUG org.apache.http.impl.execchain.MainClientExec - Executing request POST /session/f38f5520-bd02-11e6-b34a-8d0186b048d8/url HTTP/1.1
20:58:35.082 [Forwarding get on session f38f5520-bd02-11e6-b34a-8d0186b048d8 to remote] DEBUG org.apache.http.impl.execchain.MainClientExec - Target auth state: UNCHALLENGED
20:58:35.082 [Forwarding get on session f38f5520-bd02-11e6-b34a-8d0186b048d8 to remote] DEBUG org.apache.http.impl.execchain.MainClientExec - Proxy auth state: UNCHALLENGED
20:58:35.082 [Forwarding get on session f38f5520-bd02-11e6-b34a-8d0186b048d8 to remote] DEBUG org.apache.http.headers - http-outgoing-0 >> POST /session/f38f5520-bd02-11e6-b34a-8d0186b048d8/url HTTP/1.1
20:58:35.082 [Forwarding get on session f38f5520-bd02-11e6-b34a-8d0186b048d8 to remote] DEBUG org.apache.http.headers - http-outgoing-0 >> Content-Type: application/json; charset=utf-8
20:58:35.083 [Forwarding get on session f38f5520-bd02-11e6-b34a-8d0186b048d8 to remote] DEBUG org.apache.http.headers - http-outgoing-0 >> Content-Length: 32
20:58:35.083 [Forwarding get on session f38f5520-bd02-11e6-b34a-8d0186b048d8 to remote] DEBUG org.apache.http.headers - http-outgoing-0 >> Host: localhost:25620
20:58:35.083 [Forwarding get on session f38f5520-bd02-11e6-b34a-8d0186b048d8 to remote] DEBUG org.apache.http.headers - http-outgoing-0 >> Connection: Keep-Alive
20:58:35.083 [Forwarding get on session f38f5520-bd02-11e6-b34a-8d0186b048d8 to remote] DEBUG org.apache.http.headers - http-outgoing-0 >> User-Agent: Apache-HttpClient/4.5.2 (Java/1.8.0_101)
20:58:35.083 [Forwarding get on session f38f5520-bd02-11e6-b34a-8d0186b048d8 to remote] DEBUG org.apache.http.headers - http-outgoing-0 >> Accept-Encoding: gzip,deflate
20:58:35.083 [Forwarding get on session f38f5520-bd02-11e6-b34a-8d0186b048d8 to remote] DEBUG org.apache.http.wire - http-outgoing-0 >> "POST /session/f38f5520-bd02-11e6-b34a-8d0186b048d8/url HTTP/1.1[\r][\n]"
20:58:35.084 [Forwarding get on session f38f5520-bd02-11e6-b34a-8d0186b048d8 to remote] DEBUG org.apache.http.wire - http-outgoing-0 >> "Content-Type: application/json; charset=utf-8[\r][\n]"
20:58:35.084 [Forwarding get on session f38f5520-bd02-11e6-b34a-8d0186b048d8 to remote] DEBUG org.apache.http.wire - http-outgoing-0 >> "Content-Length: 32[\r][\n]"
20:58:35.084 [Forwarding get on session f38f5520-bd02-11e6-b34a-8d0186b048d8 to remote] DEBUG org.apache.http.wire - http-outgoing-0 >> "Host: localhost:25620[\r][\n]"
20:58:35.084 [Forwarding get on session f38f5520-bd02-11e6-b34a-8d0186b048d8 to remote] DEBUG org.apache.http.wire - http-outgoing-0 >> "Connection: Keep-Alive[\r][\n]"
20:58:35.084 [Forwarding get on session f38f5520-bd02-11e6-b34a-8d0186b048d8 to remote] DEBUG org.apache.http.wire - http-outgoing-0 >> "User-Agent: Apache-HttpClient/4.5.2 (Java/1.8.0_101)[\r][\n]"
20:58:35.084 [Forwarding get on session f38f5520-bd02-11e6-b34a-8d0186b048d8 to remote] DEBUG org.apache.http.wire - http-outgoing-0 >> "Accept-Encoding: gzip,deflate[\r][\n]"
20:58:35.085 [Forwarding get on session f38f5520-bd02-11e6-b34a-8d0186b048d8 to remote] DEBUG org.apache.http.wire - http-outgoing-0 >> "[\r][\n]"
20:58:35.085 [Forwarding get on session f38f5520-bd02-11e6-b34a-8d0186b048d8 to remote] DEBUG org.apache.http.wire - http-outgoing-0 >> "{"url":"https://www.google.com"}"
20:58:35.909 [Forwarding get on session f38f5520-bd02-11e6-b34a-8d0186b048d8 to remote] DEBUG org.apache.http.wire - http-outgoing-0 << "HTTP/1.1 200 OK[\r][\n]"
20:58:35.909 [Forwarding get on session f38f5520-bd02-11e6-b34a-8d0186b048d8 to remote] DEBUG org.apache.http.wire - http-outgoing-0 << "Cache: no-cache[\r][\n]"
20:58:35.910 [Forwarding get on session f38f5520-bd02-11e6-b34a-8d0186b048d8 to remote] DEBUG org.apache.http.wire - http-outgoing-0 << "Content-Length: 74[\r][\n]"
20:58:35.910 [Forwarding get on session f38f5520-bd02-11e6-b34a-8d0186b048d8 to remote] DEBUG org.apache.http.wire - http-outgoing-0 << "Content-Type: application/json;charset=UTF-8[\r][\n]"
20:58:35.910 [Forwarding get on session f38f5520-bd02-11e6-b34a-8d0186b048d8 to remote] DEBUG org.apache.http.wire - http-outgoing-0 << "[\r][\n]"
20:58:35.910 [Forwarding get on session f38f5520-bd02-11e6-b34a-8d0186b048d8 to remote] DEBUG org.apache.http.wire - http-outgoing-0 << "{"sessionId":"f38f5520-bd02-11e6-b34a-8d0186b048d8","status":0,"value":{}}"
20:58:35.910 [Forwarding get on session f38f5520-bd02-11e6-b34a-8d0186b048d8 to remote] DEBUG org.apache.http.headers - http-outgoing-0 << HTTP/1.1 200 OK
20:58:35.910 [Forwarding get on session f38f5520-bd02-11e6-b34a-8d0186b048d8 to remote] DEBUG org.apache.http.headers - http-outgoing-0 << Cache: no-cache
20:58:35.910 [Forwarding get on session f38f5520-bd02-11e6-b34a-8d0186b048d8 to remote] DEBUG org.apache.http.headers - http-outgoing-0 << Content-Length: 74
20:58:35.910 [Forwarding get on session f38f5520-bd02-11e6-b34a-8d0186b048d8 to remote] DEBUG org.apache.http.headers - http-outgoing-0 << Content-Type: application/json;charset=UTF-8
20:58:35.910 [Forwarding get on session f38f5520-bd02-11e6-b34a-8d0186b048d8 to remote] DEBUG org.apache.http.impl.execchain.MainClientExec - Connection can be kept alive indefinitely
20:58:35.910 [Forwarding get on session f38f5520-bd02-11e6-b34a-8d0186b048d8 to remote] DEBUG org.apache.http.impl.conn.PoolingHttpClientConnectionManager - Connection [id: 0][route: {}->http://localhost:25620] can be kept alive indefinitely
20:58:35.910 [Forwarding get on session f38f5520-bd02-11e6-b34a-8d0186b048d8 to remote] DEBUG org.apache.http.impl.conn.PoolingHttpClientConnectionManager - Connection released: [id: 0][route: {}->http://localhost:25620][total kept alive: 1; route allocated: 1 of 2000; total allocated: 1 of 2000]
20:58:35.917 [Forwarding setTimeout on session f38f5520-bd02-11e6-b34a-8d0186b048d8 to remote] DEBUG org.apache.http.client.protocol.RequestAddCookies - CookieSpec selected: default
20:58:35.917 [Forwarding setTimeout on session f38f5520-bd02-11e6-b34a-8d0186b048d8 to remote] DEBUG org.apache.http.client.protocol.RequestAuthCache - Auth cache not set in the context
20:58:35.917 [Forwarding setTimeout on session f38f5520-bd02-11e6-b34a-8d0186b048d8 to remote] DEBUG org.apache.http.impl.conn.PoolingHttpClientConnectionManager - Connection request: [route: {}->http://localhost:25620][total kept alive: 1; route allocated: 1 of 2000; total allocated: 1 of 2000]
20:58:35.917 [Forwarding setTimeout on session f38f5520-bd02-11e6-b34a-8d0186b048d8 to remote] DEBUG org.apache.http.impl.conn.PoolingHttpClientConnectionManager - Connection leased: [id: 0][route: {}->http://localhost:25620][total kept alive: 0; route allocated: 1 of 2000; total allocated: 1 of 2000]
20:58:35.918 [Forwarding setTimeout on session f38f5520-bd02-11e6-b34a-8d0186b048d8 to remote] DEBUG org.apache.http.impl.execchain.MainClientExec - Stale connection check
20:58:35.919 [Forwarding setTimeout on session f38f5520-bd02-11e6-b34a-8d0186b048d8 to remote] DEBUG org.apache.http.wire - http-outgoing-0 << "[read] I/O error: Read timed out"
20:58:35.919 [Forwarding setTimeout on session f38f5520-bd02-11e6-b34a-8d0186b048d8 to remote] DEBUG org.apache.http.impl.conn.DefaultManagedHttpClientConnection - http-outgoing-0: set socket timeout to 10800000
20:58:35.919 [Forwarding setTimeout on session f38f5520-bd02-11e6-b34a-8d0186b048d8 to remote] DEBUG org.apache.http.impl.execchain.MainClientExec - Executing request POST /session/f38f5520-bd02-11e6-b34a-8d0186b048d8/timeouts HTTP/1.1
20:58:35.919 [Forwarding setTimeout on session f38f5520-bd02-11e6-b34a-8d0186b048d8 to remote] DEBUG org.apache.http.impl.execchain.MainClientExec - Target auth state: UNCHALLENGED
20:58:35.919 [Forwarding setTimeout on session f38f5520-bd02-11e6-b34a-8d0186b048d8 to remote] DEBUG org.apache.http.impl.execchain.MainClientExec - Proxy auth state: UNCHALLENGED
20:58:35.920 [Forwarding setTimeout on session f38f5520-bd02-11e6-b34a-8d0186b048d8 to remote] DEBUG org.apache.http.headers - http-outgoing-0 >> POST /session/f38f5520-bd02-11e6-b34a-8d0186b048d8/timeouts HTTP/1.1
20:58:35.920 [Forwarding setTimeout on session f38f5520-bd02-11e6-b34a-8d0186b048d8 to remote] DEBUG org.apache.http.headers - http-outgoing-0 >> Content-Type: application/json; charset=utf-8
20:58:35.920 [Forwarding setTimeout on session f38f5520-bd02-11e6-b34a-8d0186b048d8 to remote] DEBUG org.apache.http.headers - http-outgoing-0 >> Content-Length: 30
20:58:35.920 [Forwarding setTimeout on session f38f5520-bd02-11e6-b34a-8d0186b048d8 to remote] DEBUG org.apache.http.headers - http-outgoing-0 >> Host: localhost:25620
20:58:35.920 [Forwarding setTimeout on session f38f5520-bd02-11e6-b34a-8d0186b048d8 to remote] DEBUG org.apache.http.headers - http-outgoing-0 >> Connection: Keep-Alive
20:58:35.920 [Forwarding setTimeout on session f38f5520-bd02-11e6-b34a-8d0186b048d8 to remote] DEBUG org.apache.http.headers - http-outgoing-0 >> User-Agent: Apache-HttpClient/4.5.2 (Java/1.8.0_101)
20:58:35.920 [Forwarding setTimeout on session f38f5520-bd02-11e6-b34a-8d0186b048d8 to remote] DEBUG org.apache.http.headers - http-outgoing-0 >> Accept-Encoding: gzip,deflate
20:58:35.920 [Forwarding setTimeout on session f38f5520-bd02-11e6-b34a-8d0186b048d8 to remote] DEBUG org.apache.http.wire - http-outgoing-0 >> "POST /session/f38f5520-bd02-11e6-b34a-8d0186b048d8/timeouts HTTP/1.1[\r][\n]"
20:58:35.920 [Forwarding setTimeout on session f38f5520-bd02-11e6-b34a-8d0186b048d8 to remote] DEBUG org.apache.http.wire - http-outgoing-0 >> "Content-Type: application/json; charset=utf-8[\r][\n]"
20:58:35.920 [Forwarding setTimeout on session f38f5520-bd02-11e6-b34a-8d0186b048d8 to remote] DEBUG org.apache.http.wire - http-outgoing-0 >> "Content-Length: 30[\r][\n]"
20:58:35.920 [Forwarding setTimeout on session f38f5520-bd02-11e6-b34a-8d0186b048d8 to remote] DEBUG org.apache.http.wire - http-outgoing-0 >> "Host: localhost:25620[\r][\n]"
20:58:35.920 [Forwarding setTimeout on session f38f5520-bd02-11e6-b34a-8d0186b048d8 to remote] DEBUG org.apache.http.wire - http-outgoing-0 >> "Connection: Keep-Alive[\r][\n]"
20:58:35.920 [Forwarding setTimeout on session f38f5520-bd02-11e6-b34a-8d0186b048d8 to remote] DEBUG org.apache.http.wire - http-outgoing-0 >> "User-Agent: Apache-HttpClient/4.5.2 (Java/1.8.0_101)[\r][\n]"
20:58:35.920 [Forwarding setTimeout on session f38f5520-bd02-11e6-b34a-8d0186b048d8 to remote] DEBUG org.apache.http.wire - http-outgoing-0 >> "Accept-Encoding: gzip,deflate[\r][\n]"
20:58:35.920 [Forwarding setTimeout on session f38f5520-bd02-11e6-b34a-8d0186b048d8 to remote] DEBUG org.apache.http.wire - http-outgoing-0 >> "[\r][\n]"
20:58:35.920 [Forwarding setTimeout on session f38f5520-bd02-11e6-b34a-8d0186b048d8 to remote] DEBUG org.apache.http.wire - http-outgoing-0 >> "{"type":"implicit","ms":30000}"
20:58:35.922 [Forwarding setTimeout on session f38f5520-bd02-11e6-b34a-8d0186b048d8 to remote] DEBUG org.apache.http.wire - http-outgoing-0 << "HTTP/1.1 200 OK[\r][\n]"
20:58:35.922 [Forwarding setTimeout on session f38f5520-bd02-11e6-b34a-8d0186b048d8 to remote] DEBUG org.apache.http.wire - http-outgoing-0 << "Cache: no-cache[\r][\n]"
20:58:35.922 [Forwarding setTimeout on session f38f5520-bd02-11e6-b34a-8d0186b048d8 to remote] DEBUG org.apache.http.wire - http-outgoing-0 << "Content-Length: 74[\r][\n]"
20:58:35.922 [Forwarding setTimeout on session f38f5520-bd02-11e6-b34a-8d0186b048d8 to remote] DEBUG org.apache.http.wire - http-outgoing-0 << "Content-Type: application/json;charset=UTF-8[\r][\n]"
20:58:35.922 [Forwarding setTimeout on session f38f5520-bd02-11e6-b34a-8d0186b048d8 to remote] DEBUG org.apache.http.wire - http-outgoing-0 << "[\r][\n]"
20:58:35.922 [Forwarding setTimeout on session f38f5520-bd02-11e6-b34a-8d0186b048d8 to remote] DEBUG org.apache.http.wire - http-outgoing-0 << "{"sessionId":"f38f5520-bd02-11e6-b34a-8d0186b048d8","status":0,"value":{}}"
20:58:35.922 [Forwarding setTimeout on session f38f5520-bd02-11e6-b34a-8d0186b048d8 to remote] DEBUG org.apache.http.headers - http-outgoing-0 << HTTP/1.1 200 OK
20:58:35.922 [Forwarding setTimeout on session f38f5520-bd02-11e6-b34a-8d0186b048d8 to remote] DEBUG org.apache.http.headers - http-outgoing-0 << Cache: no-cache
20:58:35.922 [Forwarding setTimeout on session f38f5520-bd02-11e6-b34a-8d0186b048d8 to remote] DEBUG org.apache.http.headers - http-outgoing-0 << Content-Length: 74
20:58:35.922 [Forwarding setTimeout on session f38f5520-bd02-11e6-b34a-8d0186b048d8 to remote] DEBUG org.apache.http.headers - http-outgoing-0 << Content-Type: application/json;charset=UTF-8
20:58:35.923 [Forwarding setTimeout on session f38f5520-bd02-11e6-b34a-8d0186b048d8 to remote] DEBUG org.apache.http.impl.execchain.MainClientExec - Connection can be kept alive indefinitely
20:58:35.923 [Forwarding setTimeout on session f38f5520-bd02-11e6-b34a-8d0186b048d8 to remote] DEBUG org.apache.http.impl.conn.PoolingHttpClientConnectionManager - Connection [id: 0][route: {}->http://localhost:25620] can be kept alive indefinitely
20:58:35.923 [Forwarding setTimeout on session f38f5520-bd02-11e6-b34a-8d0186b048d8 to remote] DEBUG org.apache.http.impl.conn.PoolingHttpClientConnectionManager - Connection released: [id: 0][route: {}->http://localhost:25620][total kept alive: 1; route allocated: 1 of 2000; total allocated: 1 of 2000]
20:58:35.924 [Forwarding getPageSource on session f38f5520-bd02-11e6-b34a-8d0186b048d8 to remote] DEBUG org.apache.http.client.protocol.RequestAddCookies - CookieSpec selected: default
20:58:35.924 [Forwarding getPageSource on session f38f5520-bd02-11e6-b34a-8d0186b048d8 to remote] DEBUG org.apache.http.client.protocol.RequestAuthCache - Auth cache not set in the context
20:58:35.924 [Forwarding getPageSource on session f38f5520-bd02-11e6-b34a-8d0186b048d8 to remote] DEBUG org.apache.http.impl.conn.PoolingHttpClientConnectionManager - Connection request: [route: {}->http://localhost:25620][total kept alive: 1; route allocated: 1 of 2000; total allocated: 1 of 2000]
20:58:35.924 [Forwarding getPageSource on session f38f5520-bd02-11e6-b34a-8d0186b048d8 to remote] DEBUG org.apache.http.impl.conn.PoolingHttpClientConnectionManager - Connection leased: [id: 0][route: {}->http://localhost:25620][total kept alive: 0; route allocated: 1 of 2000; total allocated: 1 of 2000]
20:58:35.924 [Forwarding getPageSource on session f38f5520-bd02-11e6-b34a-8d0186b048d8 to remote] DEBUG org.apache.http.impl.execchain.MainClientExec - Stale connection check
20:58:35.926 [Forwarding getPageSource on session f38f5520-bd02-11e6-b34a-8d0186b048d8 to remote] DEBUG org.apache.http.wire - http-outgoing-0 << "[read] I/O error: Read timed out"
20:58:35.926 [Forwarding getPageSource on session f38f5520-bd02-11e6-b34a-8d0186b048d8 to remote] DEBUG org.apache.http.impl.conn.DefaultManagedHttpClientConnection - http-outgoing-0: set socket timeout to 10800000
20:58:35.926 [Forwarding getPageSource on session f38f5520-bd02-11e6-b34a-8d0186b048d8 to remote] DEBUG org.apache.http.impl.execchain.MainClientExec - Executing request GET /session/f38f5520-bd02-11e6-b34a-8d0186b048d8/source HTTP/1.1
20:58:35.926 [Forwarding getPageSource on session f38f5520-bd02-11e6-b34a-8d0186b048d8 to remote] DEBUG org.apache.http.impl.execchain.MainClientExec - Target auth state: UNCHALLENGED
20:58:35.926 [Forwarding getPageSource on session f38f5520-bd02-11e6-b34a-8d0186b048d8 to remote] DEBUG org.apache.http.impl.execchain.MainClientExec - Proxy auth state: UNCHALLENGED
20:58:35.926 [Forwarding getPageSource on session f38f5520-bd02-11e6-b34a-8d0186b048d8 to remote] DEBUG org.apache.http.headers - http-outgoing-0 >> GET /session/f38f5520-bd02-11e6-b34a-8d0186b048d8/source HTTP/1.1
20:58:35.926 [Forwarding getPageSource on session f38f5520-bd02-11e6-b34a-8d0186b048d8 to remote] DEBUG org.apache.http.headers - http-outgoing-0 >> Cache-Control: no-cache
20:58:35.926 [Forwarding getPageSource on session f38f5520-bd02-11e6-b34a-8d0186b048d8 to remote] DEBUG org.apache.http.headers - http-outgoing-0 >> Host: localhost:25620
20:58:35.926 [Forwarding getPageSource on session f38f5520-bd02-11e6-b34a-8d0186b048d8 to remote] DEBUG org.apache.http.headers - http-outgoing-0 >> Connection: Keep-Alive
20:58:35.926 [Forwarding getPageSource on session f38f5520-bd02-11e6-b34a-8d0186b048d8 to remote] DEBUG org.apache.http.headers - http-outgoing-0 >> User-Agent: Apache-HttpClient/4.5.2 (Java/1.8.0_101)
20:58:35.926 [Forwarding getPageSource on session f38f5520-bd02-11e6-b34a-8d0186b048d8 to remote] DEBUG org.apache.http.headers - http-outgoing-0 >> Accept-Encoding: gzip,deflate
20:58:35.926 [Forwarding getPageSource on session f38f5520-bd02-11e6-b34a-8d0186b048d8 to remote] DEBUG org.apache.http.wire - http-outgoing-0 >> "GET /session/f38f5520-bd02-11e6-b34a-8d0186b048d8/source HTTP/1.1[\r][\n]"
20:58:35.926 [Forwarding getPageSource on session f38f5520-bd02-11e6-b34a-8d0186b048d8 to remote] DEBUG org.apache.http.wire - http-outgoing-0 >> "Cache-Control: no-cache[\r][\n]"
20:58:35.926 [Forwarding getPageSource on session f38f5520-bd02-11e6-b34a-8d0186b048d8 to remote] DEBUG org.apache.http.wire - http-outgoing-0 >> "Host: localhost:25620[\r][\n]"
20:58:35.926 [Forwarding getPageSource on session f38f5520-bd02-11e6-b34a-8d0186b048d8 to remote] DEBUG org.apache.http.wire - http-outgoing-0 >> "Connection: Keep-Alive[\r][\n]"
20:58:35.926 [Forwarding getPageSource on session f38f5520-bd02-11e6-b34a-8d0186b048d8 to remote] DEBUG org.apache.http.wire - http-outgoing-0 >> "User-Agent: Apache-HttpClient/4.5.2 (Java/1.8.0_101)[\r][\n]"
20:58:35.926 [Forwarding getPageSource on session f38f5520-bd02-11e6-b34a-8d0186b048d8 to remote] DEBUG org.apache.http.wire - http-outgoing-0 >> "Accept-Encoding: gzip,deflate[\r][\n]"
20:58:35.927 [Forwarding getPageSource on session f38f5520-bd02-11e6-b34a-8d0186b048d8 to remote] DEBUG org.apache.http.wire - http-outgoing-0 >> "[\r][\n]"
20:58:35.936 [Forwarding getPageSource on session f38f5520-bd02-11e6-b34a-8d0186b048d8 to remote] DEBUG org.apache.http.wire - http-outgoing-0 << "HTTP/1.1 200 OK[\r][\n]"
20:58:35.936 [Forwarding getPageSource on session f38f5520-bd02-11e6-b34a-8d0186b048d8 to remote] DEBUG org.apache.http.wire - http-outgoing-0 << "Cache: no-cache[\r][\n]"
20:58:35.936 [Forwarding getPageSource on session f38f5520-bd02-11e6-b34a-8d0186b048d8 to remote] DEBUG org.apache.http.wire - http-outgoing-0 << "Content-Length: 56685[\r][\n]"
20:58:35.936 [Forwarding getPageSource on session f38f5520-bd02-11e6-b34a-8d0186b048d8 to remote] DEBUG org.apache.http.wire - http-outgoing-0 << "Content-Type: application/json;charset=UTF-8[\r][\n]"
20:58:35.936 [Forwarding getPageSource on session f38f5520-bd02-11e6-b34a-8d0186b048d8 to remote] DEBUG org.apache.http.wire - http-outgoing-0 << "[\r][\n]"
20:58:35.937 [Forwarding getPageSource on session f38f5520-bd02-11e6-b34a-8d0186b048d8 to remote] DEBUG org.apache.http.wire - http-outgoing-0 << "{"sessionId":"f38f5520-bd02-11e6-b34a-8d0186b048d8","status":0,"value":"<!DOCTYPE html><html itemscope=\"\" itemtype=\"http://schema.org/WebPage\" lang=\"en\"><head><meta content=\"Search the world's information, including webpages, images, videos and more. Google has many special features to help you find exactly what you're looking for.\" name=\"description\"><meta content=\"noodp\" name=\"robots\"><meta content=\"text/html; charset=UTF-8\" http-equiv=\"Content-Type\"><meta content=\"/images/branding/googleg/1x/googleg_standard_color_128dp.png\" itemprop=\"image\"><title>Google</title><script>(function(){window.google={kEI:'e-hIWND7CMfEjwPWwJPIBQ',kEXPI:'1351903,1352402,3700253,4028875,4029815,4031109,4032678,4036527,4038012,4039268,4043492,4045839,4048347,4054591,4057323,4062666,4065787,4068550,4069838,4069841,4070142,4071842,4072364,4072602,4072776,4073405,4073726,4073757,4073959,4075770,4076096,4076759,4076931,4076999,4078430,4078438,4078457,4078760,4079105,4079441,4079624,4079894,4080167,4080272,4080383,4080629,4081037,4081038,4081276,4081424,4081486,4082125,4082618,4083030,4083113,4083353,4083476,4084030,4084148,4084298,4084343,4084956,4085627,4085769,4087017,4087912,4088033,4088340,4088421,4088429,4088433,4088436,4088438,4088443,4088448,4089100,4089141,4089233,4089480,4089538,8300096,8300273,8503585,8505025,8505259,8505831,8506340,8506399,8506615,8507381,8507419,8507897,8507899,8507951,8507974,8508022,8508060,8508066,8508112,8508169,8508229,8508292,8508395,8508421,8508584,8508590,8508931,8508957,8509006,8509016,8509037,8509063,8509065,10200083,10200096,10202205,13500019,16200074,19001314',authuser:0,kscs:'c9c918f0_24'};google.kHL='en';})();(function(){google.lc=[];google.li=0;google.getEI=function(a){for(var b;a&&(!a.getAttribute||!(b=a.getAttribute(\"eid\")));)a=a.parentNode;return b||google.kEI};google.getLEI=function(a){for(var b=null;a&&(!a.getAttribute||!(b=a.getAttribute(\"leid\")));)a=a.parentNode;return b};google.https=function(){return\"https:\"==window.location.protocol};google.ml=function(){return null};google.wl=function(a,b){try{google.ml(Error(a),!1,b)}catch(c){}};google.time=function(){return(new Date).getTime()};google.log=function(a,b,c,d,g){a=google.logUrl(a,b,c,d,g);if(\"\"!=a){b=new Image;var e=google.lc,f=google.li;e[f]=b;b.onerror=b.onload=b.onabort=function(){delete e[f]};window.google&&window.google.vel&&window.google.vel.lu&&window.google.vel.lu(a);b.src=a;google.li=f+1}};google.logUrl=function(a,b,c,d,g){var e=\"\",f=google.ls||\"\";c||-1!=b.search(\"&ei=\")||(e=\"&ei=\"+google.getEI(d),-1==b.search(\"&lei=\")&&(d=google.getLEI(d))&&(e+=\"&lei=\"+d));a=c||\"/\"+(g||\"gen_204\")+\"?atyp=i&ct=\"+a+\"&cad=\"+b+e+f+\"&zx=\"+google.time();/^http:/i.test(a)&&google.https()&&(google.ml(Error(\"a\"),!1,{src:a,glmm:1}),a=\"\");return a};google.y={};google.x=function(a,b){google.y[a.id]=[a,b];return!1};google.lq=[];google.load=function(a,b,c){google.lq.push([[a],b,c])};google.loadAll=function(a,b){google.lq.push([a,b])};}).call(this);var a=window.location,b=a.href.indexOf(\"#\");if(0<=b){var c=a.href.substring(b+1);/(^|&)q=/.test(c)&&-1==c.indexOf(\"#\")&&a.replace(\"/search?\"+c.replace(/(^|&)fp=[^&]*/g,\"\")+\"&cad=h\")};</script><style>#gb{font:13px/27px Arial,sans-serif;height:30px}#gbz,#gbg{position:absolute;white-space:nowrap;top:0;height:30px;z-index:1000}#gbz{left:0;padding-left:4px}#gbg{right:0;padding-right:5px}#gbs{background:transparent;position:absolute;top:-999px;visibility:hidden;z-index:998;right:0}.gbto #gbs{background:#fff}#gbx3,#gbx4{background-color:#2d2d2d;background-image:none;_background-image:none;background-position:0 -138px;background-repeat:repeat-x;border-bottom:1px solid #000;font-size:24px;height:29px;_height:30px;opacity:1;filter:alpha(opacity=100);position:absolute;top:0;width:100%;z-index:990}#gbx3{left:0}#gbx4{right:0}#gbb{position:relative}#gbbw{left:0;position:absolute;top:30px;width:100%}.gbtcb{position:absolute;visibility:hidden}#gbz .gbtcb{right:0}#gbg .gbtcb{left:0}.gbxx{display:none !important}.gbxo{opacity:0 !important;filter:alpha(opacity=0) !important}.gbm{position:absolute;z-index:999;top:-999px;visibility:hidden;text-align:left;border:1px solid #bebebe;background:#fff;-moz-box-shadow:-1px 1px 1px rgba(0,0,0,.2);-webkit-box-shadow:0 2px 4px rgba(0,0,0,.2);box-shadow:0 2px 4px rgba(0,0,0,.2)}.gbrtl .gbm{-moz-box-shadow:1px 1px 1px rgba(0,0,0,.2)}.gbto .gbm,.gbto #gbs{top:29px;visibility:visible}#gbz .gbm{left:0}#gbg .gbm{right:0}.gbxms{background-color:#ccc;display:block;position:absolute;z-index:1;top:-1px;left:-2px;right:-2px;bottom:-2px;opacity:.4;-moz-border-radius:3px;filter:progid:DXImageTransform.Microsoft.Blur(pixelradius=5);*opacity:1;*top:-2px;*left:-5px;*right:5px;*bottom:4px;-ms-filter:\"progid:DXImageTransform.Microsoft.Blur(pixelradius=5)\";opacity:1\\0/;top:-4px\\0/;left:-6px\\0/;right:5px\\0/;bottom:4px\\0/}.gbma{position:relative;top:-1px;border-style:solid dashed dashed;border-color:transparent;border-top-color:#c0c0c0;display:-moz-inline-box;display:inline-block;font-size:0;height:0;line-height:0;width:0;border-width:3px 3px 0;padding-top:1px;left:4px}#gbztms1,#gbi4m1,#gbi4s,#gbi4t{zoom:1}.gbtc,.gbmc,.gbmcc{display:block;list-style:none;margin:0;padding:0}.gbmc{background:#fff;padding:10px 0;position:relative;z-index:2;zoom:1}.gbt{position:relative;display:-moz-inline-box;display:inline-block;line-height:27px;padding:0;vertical-align:top}.gbt{*display:inline}.gbto{box-shadow:0 2px 4px rgba(0,0,0,.2);-moz-box-shadow:0 2px 4px rgba(0,0,0,.2);-webkit-box-shadow:0 2px 4px rgba(0,0,0,.2)}.gbzt,.gbgt{cursor:pointer;display:block;text-decoration:none !important}span#gbg6,span#gbg4{cursor:default}.gbts{border-left:1px solid transparent;border-right:1px solid transparent;display:block;*display:inline-block;padding:0 5px;position:relative;z-index:1000}.gbts{*display:inline}.gbzt .gbts{display:inline;zoom:1}.gbto .gbts{background:#fff;border-color:#bebebe;color:#36c;padding-bottom:1px;padding-top:2px}.gbz0l .gbts{color:#fff;font-weight:bold}.gbtsa{padding-right:9px}#gbz .gbzt,#gbz .gbgt,#gbg .gbgt{color:#ccc!important}.gbtb2{display:block;border-top:2px solid transparent}.gbto .gbzt .gbtb2,.gbto .gbgt .gbtb2{border-top-width:0}.gbtb .gbts{background:url(//ssl.gstatic.com/gb/images/b_8d5afc09.png);_background:url(//ssl.gstatic.com/gb/images/b8_3615d64d.png);background-position:-27px -22px;border:0;font-size:0;padding:29px 0 0;*padding:27px 0 0;width:1px}.gbzt:hover,.gbzt:focus,.gbgt-hvr,.gbgt:focus{background-color:#4c4c4c;background-image:none;_background-image:none;background-position:0 -102px;background-repeat:repeat-x;outline:none;text-decoration:none !important}.gbpdjs .gbto .gbm{min-width:99%}.gbz0l .gbtb2{border-top-color:#dd4b39!important}#gbi4s,#gbi4s1{font-weight:bold}#gbg6.gbgt-hvr,#gbg6.gbgt:focus{background-color:transparent;background-image:none}.gbg4a{font-size:0;line-height:0}.gbg4a .gbts{padding:27px 5px 0;*padding:25px 5px 0}.gbto .gbg4a .gbts{padding:29px 5px 1px;*padding:27px 5px 1px}#gbi4i,#gbi4id{left:5px;border:0;height:24px;position:absolute;top:1px;width:24px}.gbto #gbi4i,.gbto #gbi4id{top:3px}.gbi4p{display:block;width:24px}#gbi4id{background-position:-44px -101px}#gbmpid{background-position:0 0}#gbmpi,#gbmpid{border:none;display:inline-block;height:48px;width:48px}#gbmpiw{display:inline-block;line-height:9px;padding-left:20px;margin-top:10px;position:relative}#gbmpi,#gbmpid,#gbmpiw{*display:inline}#gbg5{font-size:0}#gbgs5{padding:5px !important}.gbto #gbgs5{padding:7px 5px 6px !important}#gbi5{background:url(//ssl.gstatic.com/gb/images/b_8d5afc09.png);_background:url(//ssl.gstatic.com/gb/images/b8_3615d64d.png);background-position:0 0;display:block;font-size:0;height:17px;width:16px}.gbto #gbi5{background-position:-6px -22px}.gbn .gbmt,.gbn .gbmt:visited,.gbnd .gbmt,.gbnd .gbmt:visited{color:#dd8e27 !important}.gbf .gbmt,.gbf .gbmt:visited{color:#900 !important}.gbmt,.gbml1,.gbmlb,.gbmt:visited,.gbml1:visited,.gbmlb:visited{color:#36c !important;text-decoration:none !important}.gbmt,.gbmt:visited{display:block}.gbml1,.gbmlb,.gbml1:visited,.gbmlb:visi"
20:58:35.937 [Forwarding getPageSource on session f38f5520-bd02-11e6-b34a-8d0186b048d8 to remote] DEBUG org.apache.http.headers - http-outgoing-0 << HTTP/1.1 200 OK
20:58:35.937 [Forwarding getPageSource on session f38f5520-bd02-11e6-b34a-8d0186b048d8 to remote] DEBUG org.apache.http.headers - http-outgoing-0 << Cache: no-cache
20:58:35.937 [Forwarding getPageSource on session f38f5520-bd02-11e6-b34a-8d0186b048d8 to remote] DEBUG org.apache.http.headers - http-outgoing-0 << Content-Length: 56685
20:58:35.937 [Forwarding getPageSource on session f38f5520-bd02-11e6-b34a-8d0186b048d8 to remote] DEBUG org.apache.http.headers - http-outgoing-0 << Content-Type: application/json;charset=UTF-8
20:58:35.937 [Forwarding getPageSource on session f38f5520-bd02-11e6-b34a-8d0186b048d8 to remote] DEBUG org.apache.http.impl.execchain.MainClientExec - Connection can be kept alive indefinitely
20:58:35.938 [Forwarding getPageSource on session f38f5520-bd02-11e6-b34a-8d0186b048d8 to remote] DEBUG org.apache.http.wire - http-outgoing-0 << "ted{display:inline-block;margin:0 10px}.gbml1,.gbmlb,.gbml1:visited,.gbmlb:visited{*display:inline}.gbml1,.gbml1:visited{padding:0 10px}.gbml1-hvr,.gbml1:focus{outline:none;text-decoration:underline !important}#gbpm .gbml1{display:inline;margin:0;padding:0;white-space:nowrap}.gbmlb,.gbmlb:visited{line-height:27px}.gbmlb-hvr,.gbmlb:focus{outline:none;text-decoration:underline !important}.gbmlbw{color:#ccc;margin:0 10px}.gbmt{padding:0 20px}.gbmt:hover,.gbmt:focus{background:#eee;cursor:pointer;outline:0 solid black;text-decoration:none !important}.gbm0l,.gbm0l:visited{color:#000 !important;font-weight:bold}.gbmh{border-top:1px solid #bebebe;font-size:0;margin:10px 0}#gbd4 .gbmc{background:#f5f5f5;padding-top:0}#gbd4 .gbsbic::-webkit-scrollbar-track:vertical{background-color:#f5f5f5;margin-top:2px}#gbmpdv{background:#fff;border-bottom:1px solid #bebebe;-moz-box-shadow:0 2px 4px rgba(0,0,0,.12);-o-box-shadow:0 2px 4px rgba(0,0,0,.12);-webkit-box-shadow:0 2px 4px rgba(0,0,0,.12);box-shadow:0 2px 4px rgba(0,0,0,.12);position:relative;z-index:1}#gbd4 .gbmh{margin:0}.gbmtc{padding:0;margin:0;line-height:27px}.GBMCC:last-child:after,#GBMPAL:last-child:after{content:'\\0A\\0A';white-space:pre;position:absolute}#gbmps{*zoom:1}#gbd4 .gbpc,#gbmpas .gbmt{line-height:17px}#gbd4 .gbpgs .gbmtc{line-height:27px}#gbd4 .gbmtc{border-bottom:1px solid #bebebe}#gbd4 .gbpc{display:inline-block;margin:16px 0 10px;padding-right:50px;vertical-align:top}#gbd4 .gbpc{*display:inline}.gbpc .gbps,.gbpc .gbps2{display:block;margin:0 20px}#gbmplp.gbps{margin:0 10px}.gbpc .gbps{color:#000;font-weight:bold}.gbpc .gbpd{margin-bottom:5px}.gbpd .gbmt,.gbpd .gbps{color:#666 !important}.gbpd .gbmt{opacity:.4;filter:alpha(opacity=40)}.gbps2{color:#666;display:block}.gbp0{display:none}.gbp0 .gbps2{font-weight:bold}#gbd4 .gbmcc{margin-top:5px}.gbpmc{background:#fef9db}.gbpmc .gbpmtc{padding:10px 20px}#gbpm{border:0;*border-collapse:collapse;border-spacing:0;margin:0;white-space:normal}#gbpm .gbpmtc{border-top:none;color:#000 !important;font:11px Arial,sans-serif}#gbpms{*white-space:nowrap}.gbpms2{font-weight:bold;white-space:nowrap}#gbmpal{*border-collapse:collapse;border-spacing:0;border:0;margin:0;white-space:nowrap;width:100%}.gbmpala,.gbmpalb{font:13px Arial,sans-serif;line-height:27px;padding:10px 20px 0;white-space:nowrap}.gbmpala{padding-left:0;text-align:left}.gbmpalb{padding-right:0;text-align:right}#gbmpasb .gbps{color:#000}#gbmpal .gbqfbb{margin:0 20px}.gbp0 .gbps{*display:inline}a.gbiba{margin:8px 20px 10px}.gbmpiaw{display:inline-block;padding-right:10px;margin-bottom:6px;margin-top:10px}.gbxv{visibility:hidden}.gbmpiaa{display:block;margin-top:10px}.gbmpia{border:none;display:block;height:48px;width:48px}.gbmpnw{display:inline-block;height:auto;margin:10px 0;vertical-align:top}\n.gbqfb,.gbqfba,.gbqfbb{-moz-border-radius:2px;-webkit-border-radius:2px;border-radius:2px;cursor:default !important;display:inline-block;font-weight:bold;height:29px;line-height:29px;min-width:54px;*min-width:70px;padding:0 8px;text-align:center;text-decoration:none !important;-moz-user-select:none;-webkit-user-select:none}.gbqfb:focus,.gbqfba:focus,.gbqfbb:focus{border:1px solid #4d90fe;-moz-box-shadow:inset 0 0 0 1px rgba(255, 255, 255, 0.5);-webkit-box-shadow:inset 0 0 0 1px rgba(255, 255, 255, 0.5);box-shadow:inset 0 0 0 1px rgba(255, 255, 255, 0.5);outline:none}.gbqfb-hvr:focus,.gbqfba-hvr:focus,.gbqfbb-hvr:focus{-webkit-box-shadow:inset 0 0 0 1px #fff,0 1px 1px rgba(0,0,0,.1);-moz-box-shadow:inset 0 0 0 1px #fff,0 1px 1px rgba(0,0,0,.1);box-shadow:inset 0 0 0 1px #fff,0 1px 1px rgba(0,0,0,.1)}.gbqfb-no-focus:focus{border:1px solid #3079ed;-moz-box-shadow:none;-webkit-box-shadow:none;box-shadow:none}.gbqfb-hvr,.gbqfba-hvr,.gbqfbb-hvr{-webkit-box-shadow:0 1px 1px rgba(0,0,0,.1);-moz-box-shadow:0 1px 1px rgba(0,0,0,.1);box-shadow:0 1px 1px rgba(0,0,0,.1)}.gbqfb::-moz-focus-inner,.gbqfba::-moz-focus-inner,.gbqfbb::-moz-focus-inner{border:0}.gbqfba,.gbqfbb{border:1px solid #dcdcdc;border-color:rgba(0,0,0,.1);color:#444 !important;font-size:11px}.gbqfb{background-color:#4d90"
20:58:35.939 [Forwarding getPageSource on session f38f5520-bd02-11e6-b34a-8d0186b048d8 to remote] DEBUG org.apache.http.wire - http-outgoing-0 << "fe;background-image:-webkit-gradient(linear,left top,left bottom,from(#4d90fe),to(#4787ed));background-image:-webkit-linear-gradient(top,#4d90fe,#4787ed);background-image:-moz-linear-gradient(top,#4d90fe,#4787ed);background-image:-ms-linear-gradient(top,#4d90fe,#4787ed);background-image:-o-linear-gradient(top,#4d90fe,#4787ed);background-image:linear-gradient(top,#4d90fe,#4787ed);filter:progid:DXImageTransform.Microsoft.gradient(startColorStr='#4d90fe',EndColorStr='#4787ed');border:1px solid #3079ed;color:#fff!important;margin:0 0}.gbqfb-hvr{border-color:#2f5bb7}.gbqfb-hvr:focus{border-color:#2f5bb7}.gbqfb-hvr,.gbqfb-hvr:focus{background-color:#357ae8;background-image:-webkit-gradient(linear,left top,left bottom,from(#4d90fe),to(#357ae8));background-image:-webkit-linear-gradient(top,#4d90fe,#357ae8);background-image:-moz-linear-gradient(top,#4d90fe,#357ae8);background-image:-ms-linear-gradient(top,#4d90fe,#357ae8);background-image:-o-linear-gradient(top,#4d90fe,#357ae8);background-image:linear-gradient(top,#4d90fe,#357ae8)}.gbqfb:active{background-color:inherit;-webkit-box-shadow:inset 0 1px 2px rgba(0, 0, 0, 0.3);-moz-box-shadow:inset 0 1px 2px rgba(0, 0, 0, 0.3);box-shadow:inset 0 1px 2px rgba(0, 0, 0, 0.3)}.gbqfba{background-color:#f5f5f5;background-image:-webkit-gradient(linear,left top,left bottom,from(#f5f5f5),to(#f1f1f1));background-image:-webkit-linear-gradient(top,#f5f5f5,#f1f1f1);background-image:-moz-linear-gradient(top,#f5f5f5,#f1f1f1);background-image:-ms-linear-gradient(top,#f5f5f5,#f1f1f1);background-image:-o-linear-gradient(top,#f5f5f5,#f1f1f1);background-image:linear-gradient(top,#f5f5f5,#f1f1f1);filter:progid:DXImageTransform.Microsoft.gradient(startColorStr='#f5f5f5',EndColorStr='#f1f1f1')}.gbqfba-hvr,.gbqfba-hvr:active{background-color:#f8f8f8;background-image:-webkit-gradient(linear,left top,left bottom,from(#f8f8f8),to(#f1f1f1));background-image:-webkit-linear-gradient(top,#f8f8f8,#f1f1f1);background-image:-moz-linear-gradient(top,#f8f8f8,#f1f1f1);background-image:-ms-linear-gradient(top,#f8f8f8,#f1f1f1);background-image:-o-linear-gradient(top,#f8f8f8,#f1f1f1);background-image:linear-gradient(top,#f8f8f8,#f1f1f1);filter:progid:DXImageTransform.Microsoft.gradient(startColorStr='#f8f8f8',EndColorStr='#f1f1f1')}.gbqfbb{background-color:#fff;background-image:-webkit-gradient(linear,left top,left bottom,from(#fff),to(#fbfbfb));background-image:-webkit-linear-gradient(top,#fff,#fbfbfb);background-image:-moz-linear-gradient(top,#fff,#fbfbfb);background-image:-ms-linear-gradient(top,#fff,#fbfbfb);background-image:-o-linear-gradient(top,#fff,#fbfbfb);background-image:linear-gradient(top,#fff,#fbfbfb);filter:progid:DXImageTransform.Microsoft.gradient(startColorStr='#ffffff',EndColorStr='#fbfbfb')}.gbqfbb-hvr,.gbqfbb-hvr:active{background-color:#fff;background-image:-webkit-gradient(linear,left top,left bottom,from(#fff),to(#f8f8f8));background-image:-webkit-linear-gradient(top,#fff,#f8f8f8);background-image:-moz-linear-gradient(top,#fff,#f8f8f8);background-image:-ms-linear-gradient(top,#fff,#f8f8f8);background-image:-o-linear-gradient(top,#fff,#f8f8f8);background-image:linear-gradient(top,#fff,#f8f8f8);filter:progid:DXImageTransform.Microsoft.gradient(startColorStr='#ffffff',EndColorStr='#f8f8f8')}.gbqfba-hvr,.gbqfba-hvr:active,.gbqfbb-hvr,.gbqfbb-hvr:active{border-color:#c6c6c6;-webkit-box-shadow:0 1px 1px rgba(0,0,0,.1);-moz-box-shadow:0 1px 1px rgba(0,0,0,.1);box-shadow:0 1px 1px rgba(0,0,0,.1);color:#222 !important}.gbqfba:active,.gbqfbb:active{-webkit-box-shadow:inset 0 1px 2px rgba(0,0,0,.1);-moz-box-shadow:inset 0 1px 2px rgba(0,0,0,.1);box-shadow:inset 0 1px 2px rgba(0,0,0,.1)}\n.gbprcd{padding:0;width:258px;white-space:normal}.gbprcb{display:inline-block;height:27px;padding:0 15px;text-decoration:none}#gbprc .gbprcbc{background-color:;background-image:none;border-color:;color:!important}#gbprc .gbprcbc:hover{color:!important}#gbprc .gbprcbc:active,#gbprc .gbprcbc:focus{color:!important}.gbprct{color:#666;line-height:17px;margin:0;margin-bottom:20px}.gbprci{color:#333;font-size:16px;line-height:20px;ma"
20:58:35.940 [Forwarding getPageSource on session f38f5520-bd02-11e6-b34a-8d0186b048d8 to remote] DEBUG org.apache.http.wire - http-outgoing-0 << "rgin:0;margin-bottom:16px}#gbprc .gbmc{padding:26px;padding-bottom:22px;border:1px solid #bebebe}#gbprc .gbm{border:0}#gbprc .gbprcx,#gbprc .gbprcx.gbgt-hvr,#gbprc .gbprcx:focus,#gbprc .gbprcx:active{right:12px;background:url(//ssl.gstatic.com/s2/oz/images/stars/x.png);display:block;height:9px;opacity:.8;filter:alpha(opacity=80);position:absolute;top:12px;width:9px}#gbprc .gbprcx.gbgt-hvr,#gbprc .gbprcx:focus,#gbprc .gbprcx:active{opacity:1;filter:alpha(opacity=100)}.gbgs .gbmab,.gbgs .gbmab{left:10px;margin:40px 0 0}.gbgs .gbmac,.gbgs .gbmac{left:10px;margin:41px 0 0}.gbemi .gbgs .gbmab,.gbem .gbgs .gbmab{left:10px;margin:40px 0 0}.gbemi .gbgs .gbmac,.gbem .gbgs .gbmac{left:10px;margin:41px 0 0}.gbesi .gbgs .gbmab,.gbes .gbgs .gbmab{left:10px;margin:40px 0 0}.gbesi .gbgs .gbmac,.gbes .gbgs .gbmac{left:10px;margin:41px 0 0}#gbprca .gbmab{z-index:999}#gbprca .gbmac{border-bottom-color:#fff;z-index:999}#gbprcs{position:absolute;background:transparent;top:-999px;z-index:-1;visibility:hidden;margin-top:1px;margin-left:1px}\n#gb #gbprc{right:-28px;top:15px;z-index:997}#gbprca{left:-63px;position:relative;top:-22px}.gbmab,.gbmac{left:5px;border-style:dashed dashed solid;border-color:transparent;border-bottom-color:#bebebe;border-width:0 10px 10px;display:-moz-inline-box;display:inline-block;font-size:0;height:0;line-height:0;position:absolute;top:0;width:0;z-index:1000}.gbmab,.gbmac{visibility:hidden}.gbmac{border-bottom-color:#fff}.gbto .gbmab,.gbto .gbmac{visibility:visible}#gbqfqw,#gbqfb{vertical-align:top}#gbqfbw{right:0;margin:0 15px;position:absolute;top:0}.gbqfb{background-color:#4d90fe;background-image:-webkit-gradient(linear,left top,left bottom,from(#4d90fe),to(#4787ed));background-image:-webkit-linear-gradient(top,#4d90fe,#4787ed);background-image:-moz-linear-gradient(top,#4d90fe,#4787ed);background-image:-ms-linear-gradient(top,#4d90fe,#4787ed);background-image:-o-linear-gradient(top,#4d90fe,#4787ed);background-image:linear-gradient(top,#4d90fe,#4787ed);filter:progid:DXImageTransform.Microsoft.gradient(startColorStr='#4d90fe',EndColorStr='#4787ed');border:1px solid #3079ed;-moz-border-radius:2px;-webkit-border-radius:2px;border-radius:2px;-moz-user-select:none;-webkit-user-select:none;color:#fff;cursor:default;font-size:11px;font-weight:bold;height:29px;min-width:54px;*min-width:70px;text-align:center;padding:0 8px}.gbqfb-hvr{border:1px solid #2f5bb7;background-color:#357ae8;background-image:-webkit-gradient(linear,left top,left bottom,from(#4d90fe),to(#357ae8));background-image:-webkit-linear-gradient(top,#4d90fe,#357ae8);background-image:-moz-linear-gradient(top,#4d90fe,#357ae8);background-image:-ms-linear-gradient(top,#4d90fe,#357ae8);background-image:-o-linear-gradient(top,#4d90fe,#357ae8);background-image:linear-gradient(top,#4d90fe,#357ae8);-webkit-box-shadow:0 1px 1px rgba(0,0,0,.1);-moz-box-shadow:0 1px 1px rgba(0,0,0,.1);box-shadow:0 1px 1px rgba(0,0,0,.1)}.gbqfb:focus{-moz-box-shadow:inset 0 0 0 1px #fff;-webkit-box-shadow:inset 0 0 0 1px #fff;box-shadow:inset 0 0 0 1px #fff;outline:none}.gbqfb::-moz-focus-inner{border:0}.gbqfb-hvr:focus{-moz-box-shadow:inset 0 0 0 1px #fff,0 1px 1px rgba(0,0,0,.1);-webkit-box-shadow:inset 0 0 0 1px #fff,0 1px 1px rgba(0,0,0,.1);box-shadow:inset 0 0 0 1px #fff,0 1px 1px rgba(0,0,0,.1)}.gbqfb:active{-moz-box-shadow:inset 0 1px 2px rgba(0,0,0,.3);-webkit-box-shadow:inset 0 1px 2px rgba(0,0,0,.3);box-shadow:inset 0 1px 2px rgba(0,0,0,.3)}\n#gbmpas{max-height:220px}#gbmm{max-height:530px}.gbsb{-webkit-box-sizing:border-box;display:block;position:relative;*zoom:1}.gbsbic{overflow:auto}.gbsbis .gbsbt,.gbsbis .gbsbb{-webkit-mask-box-image:-webkit-gradient(linear,left top,right top,color-stop(0,rgba(0,0,0,.1)),color-stop(.5,rgba(0,0,0,.8)),color-stop(1,rgba(0,0,0,.1)));left:0;margin-right:0;opacity:0;position:absolute;width:100%}.gbsb .gbsbt:after,.gbsb .gbsbb:after{content:\"\";display:block;height:0;left:0;position:absolute;width:100%}.gbsbis .gbsbt{background:-webkit-gradient(linear,left top,left bottom,from(rgba(0,0,0,.2)),to(rgba(0,0,0,0)));background-image:-webkit-linear-gr"
20:58:35.940 [Forwarding getPageSource on session f38f5520-bd02-11e6-b34a-8d0186b048d8 to remote] DEBUG org.apache.http.wire - http-outgoing-0 << "adient(top,rgba(0,0,0,.2),rgba(0,0,0,0));background-image:-moz-linear-gradient(top,rgba(0,0,0,.2),rgba(0,0,0,0));background-image:-ms-linear-gradient(top,rgba(0,0,0,.2),rgba(0,0,0,0));background-image:-o-linear-gradient(top,rgba(0,0,0,.2),rgba(0,0,0,0));background-image:linear-gradient(top,rgba(0,0,0,.2),rgba(0,0,0,0));height:6px;top:0}.gbsb .gbsbt:after{border-top:1px solid #ebebeb;border-color:rgba(0,0,0,.3);top:0}.gbsb .gbsbb{-webkit-mask-box-image:-webkit-gradient(linear,left top,right top,color-stop(0,rgba(0,0,0,.1)),color-stop(.5,rgba(0,0,0,.8)),color-stop(1,rgba(0,0,0,.1)));background:-webkit-gradient(linear,left bottom,left top,from(rgba(0,0,0,.2)),to(rgba(0,0,0,0)));background-image:-webkit-linear-gradient(bottom,rgba(0,0,0,.2),rgba(0,0,0,0));background-image:-moz-linear-gradient(bottom,rgba(0,0,0,.2),rgba(0,0,0,0));background-image:-ms-linear-gradient(bottom,rgba(0,0,0,.2),rgba(0,0,0,0));background-image:-o-linear-gradient(bottom,rgba(0,0,0,.2),rgba(0,0,0,0));background-image:linear-gradient(bottom,rgba(0,0,0,.2),rgba(0,0,0,0));bottom:0;height:4px}.gbsb .gbsbb:after{border-bottom:1px solid #ebebeb;border-color:rgba(0,0,0,.3);bottom:0}\n.gbsbic::-webkit-scrollbar{height:16px;width:16px}.gbsbic::-webkit-scrollbar-button{height:0;width:0}.gbsbic::-webkit-scrollbar-button:start:decrement,.gbsbic::-webkit-scrollbar-button:end:increment{display:block}.gbsbic::-webkit-scrollbar-button:vertical:start:increment,.gbsbic::-webkit-scrollbar-button:vertical:end:decrement{display:none}.gbsbic::-webkit-scrollbar-track:vertical,.gbsbic::-webkit-scrollbar-track:horizontal,.gbsbic::-webkit-scrollbar-thumb:vertical,.gbsbic::-webkit-scrollbar-thumb:horizontal,.gbsbis .gbsbic::-webkit-scrollbar-track:vertical,.gbsbis .gbsbic::-webkit-scrollbar-track:horizontal,.gbsbis .gbsbic::-webkit-scrollbar-thumb:vertical,.gbsbis .gbsbic::-webkit-scrollbar-thumb:horizontal{border-style:solid;border-color:transparent}.gbsbic::-webkit-scrollbar-track:vertical{background-clip:padding-box;background-color:#fff;border-left-width:5px;border-right-width:0}.gbsbic::-webkit-scrollbar-track:horizontal{background-clip:padding-box;background-color:#fff;border-bottom-width:0;border-top-width:5px}.gbsbic::-webkit-scrollbar-thumb{-webkit-box-shadow:inset 1px 1px 0 rgba(0,0,0,.1),inset 0 -1px 0 rgba(0,0,0,.07);background-clip:padding-box;background-color:rgba(0,0,0,.2);min-height:28px;padding-top:100px}.gbsbic::-webkit-scrollbar-thumb:hover{-webkit-box-shadow:inset 1px 1px 1px rgba(0,0,0,.25);background-color:rgba(0,0,0,.4)}.gbsbic::-webkit-scrollbar-thumb:active{-webkit-box-shadow:inset 1px 1px 3px rgba(0,0,0,.35);background-color:rgba(0,0,0,.5)}.gbsbic::-webkit-scrollbar-thumb:vertical{border-width:0;border-left-width:5px}.gbsbic::-webkit-scrollbar-thumb:horizontal{border-width:0;border-top-width:5px}.gbsbis .gbsbic::-webkit-scrollbar-track:vertical{border-left-width:6px;border-right-width:1px}.gbsbis .gbsbic::-webkit-scrollbar-track:horizontal{border-bottom:1px;border-top:6px}.gbsbis .gbsbic::-webkit-scrollbar-thumb:vertical{border-width:0;border-left-width:6px;border-right-width:1px}.gbsbis .gbsbic::-webkit-scrollbar-thumb:horizontal{border-width:0;border-bottom:1px;border-top:6px}.gbsbic::-webkit-scrollbar-track:hover{-webkit-box-shadow:inset 1px 0 0 rgba(0,0,0,.1);background-color:rgba(0,0,0,.05)}.gbsbic::-webkit-scrollbar-track:active{-webkit-box-shadow:inset 1px 0 0 rgba(0,0,0,.14),inset -1px -1px 0 rgba(0,0,0,.07);background-color:rgba(0,0,0,.05)}\n</style><style>body,td,a,p,.h{font-family:arial,sans-serif}body{margin:0;overflow-y:scroll}#gog{padding:3px 8px 0}td{line-height:.8em}.gac_m td{line-height:17px}form{margin-bottom:20px}.h{color:#36c}.q{color:#00c}.ts td{padding:0}.ts{border-collapse:collapse}em{font-weight:bold;font-style:normal}.lst{height:25px;width:496px}.gsfi,.lst{font:18px arial,sans-serif}.gsfs{font:17px arial,sans-serif}.ds{display:-webkit-inline-box;display:inline-block;margin:3px 0 4px;margin-left:4px}input{font-family:inherit}a.gb1,a.gb2,a.gb3,a.gb4{color:#11c !important}body{background:#fff;color:black}a{color:#11c;text-decoratio"
20:58:35.941 [Forwarding getPageSource on session f38f5520-bd02-11e6-b34a-8d0186b048d8 to remote] DEBUG org.apache.http.wire - http-outgoing-0 << "n:none}a:hover,a:active{text-decoration:underline}.fl a{color:#36c}a:visited{color:#551a8b}a.gb1,a.gb4{text-decoration:underline}a.gb3:hover{text-decoration:none}#ghead a.gb2:hover{color:#fff !important}.sblc{padding-top:5px}.sblc a{display:block;margin:2px 0;margin-left:13px;font-size:11px}.lsbb{background:#eee;border:solid 1px;border-color:#ccc #999 #999 #ccc;height:30px}.lsbb{display:block}.ftl,#fll a{display:inline-block;margin:0 12px}.lsb{background:url(/images/nav_logo229.png) 0 -261px repeat-x;border:none;color:#000;cursor:pointer;height:30px;margin:0;outline:0;font:15px arial,sans-serif;vertical-align:top}.lsb:active{background:#ccc}.lst:focus{outline:none}</style><script>(function(){try{var e=this;var aa=function(a,b,c,d){d=d||{};d._sn=[\"cfg\",b,c].join(\".\");window.gbar.logger.ml(a,d)};var g=window.gbar=window.gbar||{},h=window.gbar.i=window.gbar.i||{},ba;function _tvn(a,b){a=parseInt(a,10);return isNaN(a)?b:a}function _tvf(a,b){a=parseFloat(a);return isNaN(a)?b:a}function _tvv(a){return!!a}function p(a,b,c){(c||g)[a]=b}g.bv={n:_tvn(\"2\",0),r:\"\",f:\".66.41.\",e:\"1300102,3700253\",m:_tvn(\"1\",1)};\nfunction ca(a,b,c){var d=\"on\"+b;if(a.addEventListener)a.addEventListener(b,c,!1);else if(a.attachEvent)a.attachEvent(d,c);else{var f=a[d];a[d]=function(){var a=f.apply(this,arguments),b=c.apply(this,arguments);return void 0==a?b:void 0==b?a:b&&a}}}var da=function(a){return function(){return g.bv.m==a}},ea=da(1),fa=da(2);p(\"sb\",ea);p(\"kn\",fa);h.a=_tvv;h.b=_tvf;h.c=_tvn;h.i=aa;var q=window.gbar.i.i;var r=function(){},u=function(){},ia=function(a){var b=new Image,c=ga;b.onerror=b.onload=b.onabort=function(){try{delete ha[c]}catch(d){}};ha[c]=b;b.src=a;ga=c+1},ha=[],ga=0;p(\"logger\",{il:u,ml:r,log:ia});var v=window.gbar.logger;var y={},ja={},z=[],ka=h.b(\"0.1\",.1),la=h.a(\"1\",!0),ma=function(a,b){z.push([a,b])},na=function(a,b){y[a]=b},oa=function(a){return a in y},A={},B=function(a,b){A[a]||(A[a]=[]);A[a].push(b)},D=function(a){B(\"m\",a)},pa=function(a,b){var c=document.createElement(\"script\");c.src=a;c.async=la;Math.random()<ka&&(c.onerror=function(){c.onerror=null;r(Error(\"Bundle load failed: name=\"+(b||\"UNK\")+\" url=\"+a))});(document.getElementById(\"xjsc\")||document.getElementsByTagName(\"body\")[0]||\ndocument.getElementsByTagName(\"head\")[0]).appendChild(c)},F=function(a){for(var b=0,c;(c=z[b])&&c[0]!=a;++b);!c||c[1].l||c[1].s||(c[1].s=!0,qa(2,a),c[1].url&&pa(c[1].url,a),c[1].libs&&E&&E(c[1].libs))},ra=function(a){B(\"gc\",a)},sa=null,ta=function(a){sa=a},qa=function(a,b,c){if(sa){a={t:a,b:b};if(c)for(var d in c)a[d]=c[d];try{sa(a)}catch(f){}}};p(\"mdc\",y);p(\"mdi\",ja);p(\"bnc\",z);p(\"qGC\",ra);p(\"qm\",D);p(\"qd\",A);p(\"lb\",F);p(\"mcf\",na);p(\"bcf\",ma);p(\"aq\",B);p(\"mdd\",\"\");\np(\"has\",oa);p(\"trh\",ta);p(\"tev\",qa);if(h.a(\"1\")){var ua=h.a(\"1\"),va=h.a(\"\"),wa=h.a(\"\"),xa=window.gapi={},ya=function(a,b){var c=function(){g.dgl(a,b)};ua?D(c):(B(\"gl\",c),F(\"gl\"))},za={},Aa=function(a){a=a.split(\":\");for(var b;(b=a.pop())&&za[b];);return!b},E=function(a){function b(){for(var b=a.split(\":\"),d=0,f;f=b[d];++d)za[f]=1;for(b=0;d=z[b];++b)d=d[1],(f=d.libs)&&!d.l&&d.i&&Aa(f)&&d.i()}g.dgl(a,b)},H=window.___jsl={};H.h=\"m;/_/scs/abc-static/_/js/k=gapi.gapi.en.U_ZjamIixkk.O/m=__features__/rt=j/d=1/rs=AHpOoo-vbowTsdJgxjMinuRjWcqUL15H1g\";H.ms=\"https://apis.google.com\";\nH.m=\"\";H.l=[];ua||z.push([\"gl\",{url:\"//ssl.gstatic.com/gb/js/abc/glm_e7bb39a7e1a24581ff4f8d199678b1b9.js\"}]);var Ba={pu:va,sh:\"\",si:wa,hl:\"en\"};y.gl=Ba;p(\"load\",ya,xa);p(\"dgl\",ya);p(\"agl\",Aa);h.o=ua};var Ca=h.b(\"0.1\",.001),Da=0;\nfunction _mlToken(a,b){try{if(1>Da){Da++;var c,d=a;b=b||{};var f=encodeURIComponent,k=[\"//www.google.com/gen_204?atyp=i&zx=\",(new Date).getTime(),\"&jexpid=\",f(\"28834\"),\"&srcpg=\",f(\"prop=1\"),\"&jsr=\",Math.round(1/Ca),\"&ogev=\",f(\"e-hIWNqCCsPWjwOeq46QCQ\"),\"&ogf=\",g.bv.f,\"&ogrp=\",f(\"\"),\"&ogv=\",f(\"1480650288.0\"),\"&oggv=\"+f(\"es_plusone_gc_20161117.0_p0\"),\"&ogd=\",f(\"com\"),\"&ogc=\",f(\"USA\"),\"&ogl=\",f(\"en\")];b._sn&&(b._sn=\n\"og.\"+b._s"
20:58:35.941 [Forwarding getPageSource on session f38f5520-bd02-11e6-b34a-8d0186b048d8 to remote] DEBUG org.apache.http.wire - http-outgoing-0 << "n);for(var m in b)k.push(\"&\"),k.push(f(m)),k.push(\"=\"),k.push(f(b[m]));k.push(\"&emsg=\");k.push(f(d.name+\":\"+d.message));var n=k.join(\"\");Ea(n)&&(n=n.substr(0,2E3));c=n;var l=window.gbar.logger._aem(a,c);ia(l)}}catch(t){}}var Ea=function(a){return 2E3<=a.length},Fa=function(a,b){return b};function Ga(a){r=a;p(\"_itl\",Ea,v);p(\"_aem\",Fa,v);p(\"ml\",r,v);a={};y.er=a}h.a(\"\")?Ga(function(a){throw a;}):h.a(\"1\")&&Math.random()<Ca&&Ga(_mlToken);var _E=\"left\",Ha=h.a(\"\"),J=function(a,b){var c=a.className;I(a,b)||(a.className+=(\"\"!=c?\" \":\"\")+b)},K=function(a,b){var c=a.className;b=new RegExp(\"\\\\s?\\\\b\"+b+\"\\\\b\");c&&c.match(b)&&(a.className=c.replace(b,\"\"))},I=function(a,b){b=new RegExp(\"\\\\b\"+b+\"\\\\b\");a=a.className;return!(!a||!a.match(b))},Ia=function(a,b){I(a,b)?K(a,b):J(a,b)},Ja=function(a,b){a[b]=function(c){var d=arguments;g.qm(function(){a[b].apply(this,d)})}},Ka=function(a){a=[\"//www.gstatic.com\",\"/og/_/js/d=1/k=\",\n\"og.og2.en_US.bMuvE1SC6YI.O\",\"/rt=j/m=\",a,\"/rs=\",\"AA2YrTtzBlTmy1wcjkBNuQoi-kZ1wphK5w\"];Ha&&a.push(\"?host=www.gstatic.com&bust=og.og2.en_US.lXDzID-6m6Q.DU\");a=a.join(\"\");pa(a)};p(\"ca\",J);p(\"cr\",K);p(\"cc\",I);h.k=J;h.l=K;h.m=I;h.n=Ia;h.p=Ka;h.q=Ja;var La=[\"gb_71\",\"gb_155\"],Ma;function Na(a){Ma=a}function Oa(a){var b=Ma&&!a.href.match(/.*\\/accounts\\/ClearSID[?]/)&&encodeURIComponent(Ma());b&&(a.href=a.href.replace(/([?&]continue=)[^&]*/,\"$1\"+b))}function Pa(a){window.gApplication&&(a.href=window.gApplication.getTabUrl(a.href))}function Qa(a){try{var b=(document.forms[0].q||\"\").value;b&&(a.href=a.href.replace(/([?&])q=[^&]*|$/,function(a,d){return(d||\"&\")+\"q=\"+encodeURIComponent(b)}))}catch(c){q(c,\"sb\",\"pq\")}}\nvar Ra=function(){for(var a=[],b=0,c;c=La[b];++b)(c=document.getElementById(c))&&a.push(c);return a},Sa=function(){var a=Ra();return 0<a.length?a[0]:null},Ta=function(){return document.getElementById(\"gb_70\")},L={},M={},Ua={},N={},O=void 0,Za=function(a,b){try{var c=document.getElementById(\"gb\");J(c,\"gbpdjs\");P();Va(document.getElementById(\"gb\"))&&J(c,\"gbrtl\");if(b&&b.getAttribute){var d=b.getAttribute(\"aria-owns\");if(d.length){var f=document.getElementById(d);if(f){var k=b.parentNode;if(O==d)O=void 0,\nK(k,\"gbto\");else{if(O){var m=document.getElementById(O);if(m&&m.getAttribute){var n=m.getAttribute(\"aria-owner\");if(n.length){var l=document.getElementById(n);l&&l.parentNode&&K(l.parentNode,\"gbto\")}}}Wa(f)&&Xa(f);O=d;J(k,\"gbto\")}}}}D(function(){g.tg(a,b,!0)});Ya(a)}catch(t){q(t,\"sb\",\"tg\")}},$a=function(a){D(function(){g.close(a)})},ab=function(a){D(function(){g.rdd(a)})},Va=function(a){var b,c=document.defaultView;c&&c.getComputedStyle?(a=c.getComputedStyle(a,\"\"))&&(b=a.direction):b=a.currentStyle?\na.currentStyle.direction:a.style.direction;return\"rtl\"==b},cb=function(a,b,c){if(a)try{var d=document.getElementById(\"gbd5\");if(d){var f=d.firstChild,k=f.firstChild,m=document.createElement(\"li\");m.className=b+\" gbmtc\";m.id=c;a.className=\"gbmt\";m.appendChild(a);if(k.hasChildNodes()){c=[[\"gbkc\"],[\"gbf\",\"gbe\",\"gbn\"],[\"gbkp\"],[\"gbnd\"]];for(var d=0,n=k.childNodes.length,f=!1,l=-1,t=0,C;C=c[t];t++){for(var T=0,G;G=C[T];T++){for(;d<n&&I(k.childNodes[d],G);)d++;if(G==b){k.insertBefore(m,k.childNodes[d]||\nnull);f=!0;break}}if(f){if(d+1<k.childNodes.length){var U=k.childNodes[d+1];I(U.firstChild,\"gbmh\")||bb(U,C)||(l=d+1)}else if(0<=d-1){var V=k.childNodes[d-1];I(V.firstChild,\"gbmh\")||bb(V,C)||(l=d)}break}0<d&&d+1<n&&d++}if(0<=l){var w=document.createElement(\"li\"),x=document.createElement(\"div\");w.className=\"gbmtc\";x.className=\"gbmt gbmh\";w.appendChild(x);k.insertBefore(w,k.childNodes[l])}g.addHover&&g.addHover(a)}else k.appendChild(m)}}catch(Ab){q(Ab,\"sb\",\"al\")}},bb=function(a,b){for(var c=b.length,\nd=0;d<c;d++)if(I(a,b[d]))return!0;return!1},db=function(a,b,c){cb(a,b,c)},eb=function(a,b){cb(a,\"gbe\",b)},fb=function(){D(function(){g.pcm&&g.pcm()})},gb=function(){D(function(){g.pca&&g.pca()})},hb=function(a,b,c,d,f,k,m,n,l,t){D(function(){g.paa&&g.paa(a,b,c,d,f,k,m,n,l,t)})},ib="
20:58:35.942 [Forwarding getPageSource on session f38f5520-bd02-11e6-b34a-8d0186b048d8 to remote] DEBUG org.apache.http.wire - http-outgoing-0 << "function(a,b){L[a]||(L[a]=[]);L[a].push(b)},jb=function(a,b){M[a]||(M[a]=[]);M[a].push(b)},kb=function(a,b){Ua[a]=b},lb=function(a,b){N[a]||(N[a]=[]);N[a].push(b)},Ya=function(a){a.preventDefault&&a.preventDefault();a.returnValue=\n!1;a.cancelBubble=!0},mb=null,Xa=function(a,b){P();if(a){nb(a,\"Opening&hellip;\");Q(a,!0);b=\"undefined\"!=typeof b?b:1E4;var c=function(){ob(a)};mb=window.setTimeout(c,b)}},pb=function(a){P();a&&(Q(a,!1),nb(a,\"\"))},ob=function(a){try{P();var b=a||document.getElementById(O);b&&(nb(b,\"This service is currently unavailable.%1$sPlease try again later.\",\"%1$s\"),Q(b,!0))}catch(c){q(c,\"sb\",\"sdhe\")}},nb=function(a,b,c){if(a&&b){var d=Wa(a);if(d){if(c){d.innerHTML=\"\";b=b.split(c);c=0;for(var f;f=b[c];c++){var k=document.createElement(\"div\");\nk.innerHTML=f;d.appendChild(k)}}else d.innerHTML=b;Q(a,!0)}}},Q=function(a,b){(b=void 0!==b?b:!0)?J(a,\"gbmsgo\"):K(a,\"gbmsgo\")},Wa=function(a){for(var b=0,c;c=a.childNodes[b];b++)if(I(c,\"gbmsg\"))return c},P=function(){mb&&window.clearTimeout(mb)},qb=function(a){var b=\"inner\"+a;a=\"offset\"+a;return window[b]?window[b]:document.documentElement&&document.documentElement[a]?document.documentElement[a]:0},rb=function(){return!1},sb=function(){return!!O};p(\"so\",Sa);p(\"sos\",Ra);p(\"si\",Ta);p(\"tg\",Za);\np(\"close\",$a);p(\"rdd\",ab);p(\"addLink\",db);p(\"addExtraLink\",eb);p(\"pcm\",fb);p(\"pca\",gb);p(\"paa\",hb);p(\"ddld\",Xa);p(\"ddrd\",pb);p(\"dderr\",ob);p(\"rtl\",Va);p(\"op\",sb);p(\"bh\",L);p(\"abh\",ib);p(\"dh\",M);p(\"adh\",jb);p(\"ch\",N);p(\"ach\",lb);p(\"eh\",Ua);p(\"aeh\",kb);ba=h.a(\"\")?Pa:Qa;p(\"qs\",ba);p(\"setContinueCb\",Na);p(\"pc\",Oa);p(\"bsy\",rb);h.d=Ya;h.j=qb;var tb={};y.base=tb;z.push([\"m\",{url:\"//ssl.gstatic.com/gb/js/sem_f70ed39779130cc06d510ce54eca305c.js\"}]);g.sg={c:\"1\"};p(\"wg\",{rg:{}});var ub={tiw:h.c(\"15000\",0),tie:h.c(\"30000\",0)};y.wg=ub;var vb={thi:h.c(\"10000\",0),thp:h.c(\"180000\",0),tho:h.c(\"5000\",0),tet:h.b(\"0.5\",0)};y.wm=vb;if(h.a(\"1\")){var wb=h.a(\"\");z.push([\"gc\",{auto:wb,url:\"//ssl.gstatic.com/gb/js/abc/gci_91f30755d6a6b787dcc2a4062e6e9824.js\",libs:\"googleapis.client:plusone:gapi.iframes\"}]);var xb={version:\"gci_91f30755d6a6b787dcc2a4062e6e9824.js\",index:\"\",lang:\"en\"};y.gc=xb;var yb=function(a){window.googleapis&&window.iframes?a&&a():(a&&ra(a),F(\"gc\"))};p(\"lGC\",yb);h.a(\"1\")&&p(\"lPWF\",yb)};window.__PVT=\"\";if(h.a(\"1\")&&h.a(\"1\")){var zb=function(a){yb(function(){B(\"pw\",a);F(\"pw\")})};p(\"lPW\",zb);z.push([\"pw\",{url:\"//ssl.gstatic.com/gb/js/abc/pwm_45f73e4df07a0e388b0fa1f3d30e7280.js\"}]);var Bb=[],Cb=function(a){Bb[0]=a},Db=function(a,b){b=b||{};b._sn=\"pw\";r(a,b)},Eb={signed:Bb,elog:Db,base:\"https://plusone.google.com/u/0\",loadTime:(new Date).getTime()};y.pw=Eb;var Fb=function(a,b){var c=b.split(\".\");b=function(){var b=arguments;a(function(){for(var a=g,d=0,f=c.length-1;d<f;++d)a=a[c[d]];a[c[d]].apply(a,b)})};for(var d=g,f=0,k=c.length-1;f<\nk;++f)d=d[c[f]]=d[c[f]]||{};return d[c[f]]=b};Fb(zb,\"pw.clk\");Fb(zb,\"pw.hvr\");p(\"su\",Cb,g.pw)};var Gb=[1,2,3,4,5,6,9,10,11,13,14,28,29,30,34,35,37,38,39,40,41,42,43,48,49,500];var Hb=h.b(\"0.001\",1E-4),Ib=h.b(\"1\",1),Jb=!1,Kb=!1;if(h.a(\"1\")){var Lb=Math.random();Lb<Hb&&(Jb=!0);Lb<Ib&&(Kb=!0)}var R=null;\nfunction Mb(a,b){var c=Hb,d=Jb,f;f=a;if(!R){R={};for(var k=0;k<Gb.length;k++){var m=Gb[k];R[m]=!0}}if(f=!!R[f])c=Ib,d=Kb;if(d){var d=encodeURIComponent,n=\"es_plusone_gc_20161117.0_p0\",l;g.rp?(l=g.rp(),l=\"-1\"!=l?l:\"\"):l=\"\";f=(new Date).getTime();var k=d(\"28834\"),m=d(\"e-hIWNqCCsPWjwOeq46QCQ\"),t=g.bv.f,C=d(\"1\");l=d(l);var c=Math.round(1/c),T=d(\"1480650288.0\"),n=n?\"&oggv=\"+d(n):\"\",G=d(\"com\"),U=d(\"en\"),\nV=d(\"USA\"),w;w=0;h.a(\"\")&&(w|=1);h.a(\"\")&&(w|=2);h.a(\"\")&&(w|=4);a=[\"//www.google.com/gen_204?atyp=i&zx=\",f,\"&oge=\",a,\"&ogex=\",k,\"&ogev=\",m,\"&ogf=\",t,\"&ogp=\",C,\"&ogrp=\",l,\"&ogsr=\",c,\"&ogv=\",T,n,\"&ogd=\",G,\"&ogl=\",U,\"&ogc=\",V,\"&ogus=\",w];if(b){\"ogw\"in b&&(a.push(\"&ogw=\"+b.ogw),delete b.ogw);var x;f=[];for(x in b)0!=f.length&&f.push(\",\"),f.pus"
20:58:35.942 [Forwarding getPageSource on session f38f5520-bd02-11e6-b34a-8d0186b048d8 to remote] DEBUG org.apache.http.wire - http-outgoing-0 << "h(Nb(x)),f.push(\".\"),f.push(Nb(b[x]));x=f.join(\"\");\"\"!=x&&(a.push(\"&ogad=\"),a.push(d(x)))}ia(a.join(\"\"))}}\nfunction Nb(a){\"number\"==typeof a&&(a+=\"\");return\"string\"==typeof a?a.replace(\".\",\"%2E\").replace(\",\",\"%2C\"):a}u=Mb;p(\"il\",u,v);var Ob={};y.il=Ob;var Pb=function(a,b,c,d,f,k,m,n,l,t){D(function(){g.paa(a,b,c,d,f,k,m,n,l,t)})},Qb=function(){D(function(){g.prm()})},Rb=function(a){D(function(){g.spn(a)})},Sb=function(a){D(function(){g.sps(a)})},Tb=function(a){D(function(){g.spp(a)})},Ub={\"27\":\"//ssl.gstatic.com/gb/images/silhouette_24.png\",\"27\":\"//ssl.gstatic.com/gb/images/silhouette_24.png\",\"27\":\"//ssl.gstatic.com/gb/images/silhouette_24.png\"},Vb=function(a){return(a=Ub[a])||\"//ssl.gstatic.com/gb/images/silhouette_24.png\"},\nWb=function(){D(function(){g.spd()})};p(\"spn\",Rb);p(\"spp\",Tb);p(\"sps\",Sb);p(\"spd\",Wb);p(\"paa\",Pb);p(\"prm\",Qb);ib(\"gbd4\",Qb);\nif(h.a(\"\")){var Xb={d:h.a(\"\"),e:\"\",sanw:h.a(\"\"),p:\"//ssl.gstatic.com/gb/images/silhouette_96.png\",cp:\"1\",xp:h.a(\"1\"),mg:\"%1$s (delegated)\",md:\"%1$s (default)\",mh:\"220\",s:\"1\",pp:Vb,ppl:h.a(\"\"),ppa:h.a(\"\"),\nppm:\"Google+ page\"};y.prf=Xb};var S,Yb,W,Zb,X=0,$b=function(a,b,c){if(a.indexOf)return a.indexOf(b,c);if(Array.indexOf)return Array.indexOf(a,b,c);for(c=null==c?0:0>c?Math.max(0,a.length+c):c;c<a.length;c++)if(c in a&&a[c]===b)return c;return-1},Y=function(a,b){return-1==$b(a,X)?(q(Error(X+\"_\"+b),\"up\",\"caa\"),!1):!0},bc=function(a,b){Y([1,2],\"r\")&&(S[a]=S[a]||[],S[a].push(b),2==X&&window.setTimeout(function(){b(ac(a))},0))},cc=function(a,b,c){if(Y([1],\"nap\")&&c){for(var d=0;d<c.length;d++)Yb[c[d]]=!0;g.up.spl(a,b,\"nap\",c)}},dc=\nfunction(a,b,c){if(Y([1],\"aop\")&&c){if(W)for(var d in W)W[d]=W[d]&&-1!=$b(c,d);else for(W={},d=0;d<c.length;d++)W[c[d]]=!0;g.up.spl(a,b,\"aop\",c)}},ec=function(){try{if(X=2,!Zb){Zb=!0;for(var a in S)for(var b=S[a],c=0;c<b.length;c++)try{b[c](ac(a))}catch(d){q(d,\"up\",\"tp\")}}}catch(d){q(d,\"up\",\"mtp\")}},ac=function(a){if(Y([2],\"ssp\")){var b=!Yb[a];W&&(b=b&&!!W[a]);return b}};Zb=!1;S={};Yb={};W=null;\nvar X=1,fc=function(a){var b=!1;try{b=a.cookie&&a.cookie.match(\"PREF\")}catch(c){}return!b},gc=function(){try{return!!e.localStorage&&\"object\"==typeof e.localStorage}catch(a){return!1}},hc=function(a){return a&&a.style&&a.style.behavior&&\"undefined\"!=typeof a.load},ic=function(a,b,c,d){try{fc(document)||(d||(b=\"og-up-\"+b),gc()?e.localStorage.setItem(b,c):hc(a)&&(a.setAttribute(b,c),a.save(a.id)))}catch(f){f.code!=DOMException.QUOTA_EXCEEDED_ERR&&q(f,\"up\",\"spd\")}},jc=function(a,b,c){try{if(fc(document))return\"\";\nc||(b=\"og-up-\"+b);if(gc())return e.localStorage.getItem(b);if(hc(a))return a.load(a.id),a.getAttribute(b)}catch(d){d.code!=DOMException.QUOTA_EXCEEDED_ERR&&q(d,\"up\",\"gpd\")}return\"\"},kc=function(a,b,c){a.addEventListener?a.addEventListener(b,c,!1):a.attachEvent&&a.attachEvent(\"on\"+b,c)},lc=function(a){for(var b=0,c;c=a[b];b++){var d=g.up;c=c in d&&d[c];if(!c)return!1}return!0},mc=function(a,b){try{if(fc(a))return-1;var c=a.cookie.match(/OGPC=([^;]*)/);if(c&&c[1]){var d=c[1].match(new RegExp(\"\\\\b\"+\nb+\"-([0-9]+):\"));if(d&&d[1])return parseInt(d[1],10)}}catch(f){f.code!=DOMException.QUOTA_EXCEEDED_ERR&&q(f,\"up\",\"gcc\")}return-1};p(\"up\",{r:bc,nap:cc,aop:dc,tp:ec,ssp:ac,spd:ic,gpd:jc,aeh:kc,aal:lc,gcc:mc});var Z=function(a,b){a[b]=function(c){var d=arguments;g.qm(function(){a[b].apply(this,d)})}};Z(g.up,\"sl\");Z(g.up,\"si\");Z(g.up,\"spl\");Z(g.up,\"dpc\");Z(g.up,\"iic\");g.mcf(\"up\",{sp:h.b(\"0.01\",1),tld:\"com\",prid:\"1\"});function nc(){function a(){for(var b;(b=k[m++])&&\"m\"!=b[0]&&!b[1].auto;);b&&(qa(2,b[0]),b[1].url&&pa(b[1].url,b[0]),b[1].libs&&E&&E(b[1].libs));m<k.length&&setTimeout(a,0)}function b(){0<f--?setTimeout(b,0):a()}var c=h.a(\"1\"),d=h.a(\"\"),f=3,k=z,m=0,n=window.gbarOnReady;if(n)try{n()}catch(l){q(l,\"ml\",\"or\")}d?p(\"ldb\",a):c?ca(window,\"load\",b):b()}p(\"rdl\",nc);}catch(e){window.gbar&&gbar.logger&&gbar.logger.ml(e,{\"_sn\":\"cfg.init\"});}})();\n(function(){try{var b=window.gbar;v"
20:58:35.942 [Forwarding getPageSource on session f38f5520-bd02-11e6-b34a-8d0186b048d8 to remote] DEBUG org.apache.http.wire - http-outgoing-0 << "ar d=function(a,c){b[a]=function(){return window.navigator&&window.navigator.userAgent?c(window.navigator.userAgent):!1}},e=function(a){return!(/AppleWebKit\\/.+(?:Version\\/[35]\\.|Chrome\\/[01]\\.)/.test(a)||-1!=a.indexOf(\"Firefox/3.5.\"))};d(\"bs_w\",e);}catch(e){window.gbar&&gbar.logger&&gbar.logger.ml(e,{\"_sn\":\"cfg.init\"});}})();\n(function(){try{var a=window.gbar;a.mcf(\"pm\",{p:\"19000096,8QJ,7,,\"});}catch(e){window.gbar&&gbar.logger&&gbar.logger.ml(e,{\"_sn\":\"cfg.init\"});}})();\n(function(){try{var a=window.gbar;a.mcf(\"mm\",{s:\"1\"});}catch(e){window.gbar&&gbar.logger&&gbar.logger.ml(e,{\"_sn\":\"cfg.init\"});}})();\n(function(){try{var d=window.gbar.i.i;var e=window.gbar;var f=e.i;var g=f.c(\"1\",0),h=/\\bgbmt\\b/,k=function(a){try{var b=document.getElementById(\"gb_\"+g),c=document.getElementById(\"gb_\"+a);b&&f.l(b,h.test(b.className)?\"gbm0l\":\"gbz0l\");c&&f.k(c,h.test(c.className)?\"gbm0l\":\"gbz0l\")}catch(l){d(l,\"sj\",\"ssp\")}g=a},m=e.qs,n=function(a){var b;b=a.href;var c=window.location.href.match(/.*?:\\/\\/[^\\/]*/)[0],c=new RegExp(\"^\"+c+\"/search\\\\?\");(b=c.test(b))&&!/(^|\\\\?|&)ei=/.test(a.href)&&(b=window.google)&&b.kEXPI&&(a.href+=\"&ei=\"+b.kEI)},p=function(a){m(a);\nn(a)},q=function(){if(window.google&&window.google.sn){var a=/.*hp$/;return a.test(window.google.sn)?\"\":\"1\"}return\"-1\"};e.rp=q;e.slp=k;e.qs=p;e.qsi=n;}catch(e){window.gbar&&gbar.logger&&gbar.logger.ml(e,{\"_sn\":\"cfg.init\"});}})();\n(function(){try{var a=this;var b=window.gbar;var c=b.i;var d=c.a,e=c.c,f={cty:\"USA\",cv:\"1480650288\",dbg:d(\"\"),ecv:\"0\",ei:e(\"e-hIWNqCCsPWjwOeq46QCQ\"),ele:d(\"1\"),esr:e(\"0.1\"),evts:[\"mousedown\",\"touchstart\",\"touchmove\",\"wheel\",\"keydown\"],gbl:\"es_plusone_gc_20161117.0_p0\",hd:\"com\",hl:\"en\",irp:d(\"\"),pid:e(\"1\"),\nsnid:e(\"28834\"),to:e(\"300000\"),u:e(\"\"),vf:\".66.41.\"},g=f,h=[\"bndcfg\"],k=a;h[0]in k||!k.execScript||k.execScript(\"var \"+h[0]);for(var l;h.length&&(l=h.shift());)h.length||void 0===g?k=k[l]?k[l]:k[l]={}:k[l]=g;}catch(e){window.gbar&&gbar.logger&&gbar.logger.ml(e,{\"_sn\":\"cfg.init\"});}})();\n(function(){try{window.gbar.rdl();}catch(e){window.gbar&&gbar.logger&&gbar.logger.ml(e,{\"_sn\":\"cfg.init\"});}})();\n</script><link href=\"/images/branding/product/ico/googleg_lodp.ico\" rel=\"shortcut icon\"><style type=\"text/css\">.gsib_a{width:100%;padding:4px 6px 0}.gsib_a,.gsib_b{vertical-align:top}.gssb_c{border:0;position:absolute;z-index:989}.gssb_e{border:1px solid #ccc;border-top-color:#d9d9d9;box-shadow:0 2px 4px rgba(0,0,0,0.2);-webkit-box-shadow:0 2px 4px rgba(0,0,0,0.2);cursor:default}.gssb_f{visibility:hidden;white-space:nowrap}.gssb_k{border:0;display:block;position:absolute;top:0;z-index:988}.gsdd_a{border:none!important}.gsmq_a{padding:0}a.gspqs_a{padding:0 3px 0 8px}.gspqs_b{color:#666;line-height:22px}.gsls_a{color:red}.gsn_a{padding-top:4px;padding-bottom:1px}.gsn_b{display:block;line-height:16px}.gsn_c{color:green;font-size:13px}.gsq_a{padding:0}.gssb_a{padding:0 7px}.gssb_a,.gssb_a td{white-space:nowrap;overflow:hidden;line-height:22px}#gssb_b{font-size:11px;color:#36c;text-decoration:none}#gssb_b:hover{font-size:11px;color:#36c;text-decoration:underline}.gssb_g{text-align:center;padding:8px 0 7px;position:relative}.gssb_h{font-size:15px;height:28px;margin:0.2em;-webkit-appearance:button}.gssb_i{background:#eee}.gss_ifl{visibility:hidden;padding-left:5px}.gssb_i .gss_ifl{visibility:visible}a.gssb_j{font-size:13px;color:#36c;text-decoration:none;line-height:100%}a.gssb_j:hover{text-decoration:underline}.gssb_l{height:1px;background-color:#e5e5e5}.gssb_m{color:#000;background:#fff}a.gspqs_a{padding-left:0}.gssb_e{border-top:1px solid #a2bff0;border-right:1px solid #558be3;border-bottom:1px solid #558be3;border-left:1px solid #a2bff0;}.gssb_i{background:#d5e2ff}</style></head><body bgcolor=\"#fff\"><script>(function(){var src='/images/nav_logo229.png';var iesg=false;document.body.onload = function(){window.n && window.n();if (document.images){new Image().src=src;}\nif (!iesg){document.f&&document.f.q.focus();document.gbqf&"
20:58:35.943 [Forwarding getPageSource on session f38f5520-bd02-11e6-b34a-8d0186b048d8 to remote] DEBUG org.apache.http.wire - http-outgoing-0 << "&document.gbqf.q.focus();}\n}\n})();</script><div id=\"mngb\"> <div id=\"gb\"><script>window.gbar&&gbar.eli&&gbar.eli()</script><div id=\"gbw\"><div id=\"gbz\"><span class=\"gbtcb\"></span><ol id=\"gbzc\" class=\"gbtc\"><li class=\"gbt\"><a onclick=\"gbar.logger.il(1,{t:119});\" class=\"gbzt\" id=\"gb_119\" href=\"https://plus.google.com/?gpsrc=ogpy0&amp;tab=wX\"><span class=\"gbtb2\"></span><span class=\"gbts\">Google+</span></a></li><li class=\"gbt\"><a onclick=\"gbar.logger.il(1,{t:1});\" class=\"gbzt gbz0l gbp1\" id=\"gb_1\" href=\"https://www.google.com/webhp?tab=ww\"><span class=\"gbtb2\"></span><span class=\"gbts\">Search</span></a></li><li class=\"gbt\"><a onclick=\"gbar.logger.il(1,{t:2});\" class=\"gbzt\" id=\"gb_2\" href=\"https://www.google.com/imghp?hl=en&amp;tab=wi\"><span class=\"gbtb2\"></span><span class=\"gbts\">Images</span></a></li><li class=\"gbt\"><a onclick=\"gbar.logger.il(1,{t:8});\" class=\"gbzt\" id=\"gb_8\" href=\"https://maps.google.com/maps?hl=en&amp;tab=wl\"><span class=\"gbtb2\"></span><span class=\"gbts\">Maps</span></a></li><li class=\"gbt\"><a onclick=\"gbar.logger.il(1,{t:78});\" class=\"gbzt\" id=\"gb_78\" href=\"https://play.google.com/?hl=en&amp;tab=w8\"><span class=\"gbtb2\"></span><span class=\"gbts\">Play</span></a></li><li class=\"gbt\"><a onclick=\"gbar.logger.il(1,{t:36});\" class=\"gbzt\" id=\"gb_36\" href=\"https://www.youtube.com/?tab=w1\"><span class=\"gbtb2\"></span><span class=\"gbts\">YouTube</span></a></li><li class=\"gbt\"><a onclick=\"gbar.logger.il(1,{t:5});\" class=\"gbzt\" id=\"gb_5\" href=\"https://news.google.com/nwshp?hl=en&amp;tab=wn\"><span class=\"gbtb2\"></span><span class=\"gbts\">News</span></a></li><li class=\"gbt\"><a onclick=\"gbar.logger.il(1,{t:23});\" class=\"gbzt\" id=\"gb_23\" href=\"https://mail.google.com/mail/?tab=wm\"><span class=\"gbtb2\"></span><span class=\"gbts\">Gmail</span></a></li><li class=\"gbt\"><a class=\"gbgt\" id=\"gbztm\" href=\"https://www.google.com/intl/en/options/\" onclick=\"gbar.tg(event,this)\" aria-haspopup=\"true\" aria-owns=\"gbd\"><span class=\"gbtb2\"></span><span id=\"gbztms\" class=\"gbts gbtsa\"><span id=\"gbztms1\">More</span><span class=\"gbma\"></span></span></a><div class=\"gbm\" id=\"gbd\" aria-owner=\"gbztm\"><div id=\"gbmmb\" class=\"gbmc gbsb gbsbis\"><ol id=\"gbmm\" class=\"gbmcc gbsbic\"><li class=\"gbmtc\"><a onclick=\"gbar.logger.il(1,{t:49});\" class=\"gbmt\" id=\"gb_49\" href=\"https://drive.google.com/?tab=wo\">Drive</a></li><li class=\"gbmtc\"><a onclick=\"gbar.logger.il(1,{t:24});\" class=\"gbmt\" id=\"gb_24\" href=\"https://www.google.com/calendar?tab=wc\">Calendar</a></li><li class=\"gbmtc\"><a onclick=\"gbar.logger.il(1,{t:51});\" class=\"gbmt\" id=\"gb_51\" href=\"https://translate.google.com/?hl=en&amp;tab=wT\">Translate</a></li><li class=\"gbmtc\"><a onclick=\"gbar.logger.il(1,{t:17});\" class=\"gbmt\" id=\"gb_17\" href=\"http://www.google.com/mobile/?hl=en&amp;tab=wD\">Mobile</a></li><li class=\"gbmtc\"><a onclick=\"gbar.logger.il(1,{t:10});\" class=\"gbmt\" id=\"gb_10\" href=\"https://books.google.com/bkshp?hl=en&amp;tab=wp\">Books</a></li><li class=\"gbmtc\"><a onclick=\"gbar.logger.il(1,{t:212});\" class=\"gbmt\" id=\"gb_212\" href=\"https://wallet.google.com/?tab=wa\">Wallet</a></li><li class=\"gbmtc\"><a onclick=\"gbar.logger.il(1,{t:6});\" class=\"gbmt\" id=\"gb_6\" href=\"http://www.google.com/shopping?hl=en&amp;tab=wf\">Shopping</a></li><li class=\"gbmtc\"><a onclick=\"gbar.logger.il(1,{t:30});\" class=\"gbmt\" id=\"gb_30\" href=\"https://www.blogger.com/?tab=wj\">Blogger</a></li><li class=\"gbmtc\"><a onclick=\"gbar.logger.il(1,{t:27});\" class=\"gbmt\" id=\"gb_27\" href=\"https://www.google.com/finance?tab=we\">Finance</a></li><li class=\"gbmtc\"><a onclick=\"gbar.logger.il(1,{t:31});\" class=\"gbmt\" id=\"gb_31\" href=\"https://photos.google.com/?tab=wq&amp;pageId=none\">Photos</a></li><li class=\"gbmtc\"><a onclick=\"gbar.logger.il(1,{t:12});\" class=\"gbmt\" id=\"gb_12\" href=\"http://video.google.com/?hl=en&amp;tab=wv\">Videos</a></li><li class=\"gbmtc\"><a onclick=\"gbar.logge"
20:58:35.943 [Forwarding getPageSource on session f38f5520-bd02-11e6-b34a-8d0186b048d8 to remote] DEBUG org.apache.http.wire - http-outgoing-0 << "r.il(1,{t:25});\" class=\"gbmt\" id=\"gb_25\" href=\"https://docs.google.com/document/?usp=docs_alc\">Docs</a></li><li class=\"gbmtc\"><div class=\"gbmt gbmh\"></div></li><li class=\"gbmtc\"><a onclick=\"gbar.logger.il(1,{t:66});\" href=\"https://www.google.com/intl/en/options/\" class=\"gbmt\">Even more [0xc2][0xbb]</a></li></ol><div class=\"gbsbt\"></div><div class=\"gbsbb\"></div></div></div></li></ol></div><div id=\"gbg\"><h2 class=\"gbxx\">Account Options</h2><span class=\"gbtcb\"></span><ol class=\"gbtc\"><li class=\"gbt\"><a target=\"_top\" href=\"https://accounts.google.com/ServiceLogin?hl=en&amp;passive=true&amp;continue=https://www.google.com/\" onclick=\"gbar.logger.il(9,{l:'i'})\" id=\"gb_70\" class=\"gbgt\"><span class=\"gbtb2\"></span><span id=\"gbgs4\" class=\"gbts\"><span id=\"gbi4s1\">Sign in</span></span></a></li><li class=\"gbt gbtb\"><span class=\"gbts\"></span></li><li class=\"gbt\"><a class=\"gbgt\" id=\"gbg5\" href=\"http://www.google.com/preferences?hl=en\" title=\"Options\" onclick=\"gbar.tg(event,this)\" aria-haspopup=\"true\" aria-owns=\"gbd5\"><span class=\"gbtb2\"></span><span id=\"gbgs5\" class=\"gbts\"><span id=\"gbi5\"></span></span></a><div class=\"gbm\" id=\"gbd5\" aria-owner=\"gbg5\"><div class=\"gbmc\"><ol id=\"gbom\" class=\"gbmcc\"><li class=\"gbkc gbmtc\"><a class=\"gbmt\" href=\"/preferences?hl=en\">Search settings</a></li><li class=\"gbmtc\"><div class=\"gbmt gbmh\"></div></li><li class=\"gbkp gbmtc\"><a class=\"gbmt\" href=\"http://www.google.com/history/optout?hl=en\">Web History</a></li></ol></div></div></li></ol></div></div><div id=\"gbx3\"></div><div id=\"gbx4\"></div><script>window.gbar&&gbar.elp&&gbar.elp()</script></div> </div><center><br clear=\"all\" id=\"lgpd\"><div id=\"lga\"><img alt=\"Google\" height=\"92\" src=\"/images/branding/googlelogo/1x/googlelogo_white_background_color_272x92dp.png\" style=\"padding:28px 0 14px\" width=\"272\" id=\"hplogo\" onload=\"window.lol&amp;&amp;lol()\"><br><br></div><form action=\"/search\" name=\"f\"><table cellpadding=\"0\" cellspacing=\"0\"><tbody><tr valign=\"top\"><td width=\"25%\">&nbsp;</td><td align=\"center\" nowrap=\"\"><input value=\"en\" name=\"hl\" type=\"hidden\"><input name=\"source\" type=\"hidden\" value=\"hp\"><input name=\"biw\" type=\"hidden\"><input name=\"bih\" type=\"hidden\"><div class=\"ds\" style=\"height:32px;margin:4px 0\"><input style=\"color: rgb(0, 0, 0); margin: 0px; padding: 5px 8px 0px 6px; vertical-align: top; outline: none;\" autocomplete=\"off\" class=\"lst\" value=\"\" title=\"Google Search\" maxlength=\"2048\" name=\"q\" size=\"57\" dir=\"ltr\" spellcheck=\"false\"></div><br style=\"line-height:0\"><span class=\"ds\"><span class=\"lsbb\"><input class=\"lsb\" value=\"Google Search\" name=\"btnG\" type=\"submit\"></span></span><span class=\"ds\"><span class=\"lsbb\"><input class=\"lsb\" value=\"I'm Feeling Lucky\" name=\"btnI\" onclick=\"if(this.form.q.value)this.checked=1; else top.location='/doodles/'\" type=\"submit\"></span></span></td><td class=\"fl sblc\" align=\"left\" nowrap=\"\" width=\"25%\"><a href=\"/advanced_search?hl=en&amp;authuser=0\">Advanced search</a><a href=\"/language_tools?hl=en&amp;authuser=0\">Language tools</a></td></tr></tbody></table><input id=\"gbv\" name=\"gbv\" type=\"hidden\" value=\"2\"><script>(function(){var a,b=\"1\";if(document&&document.getElementById)if(\"undefined\"!=typeof XMLHttpRequest)b=\"2\";else if(\"undefined\"!=typeof ActiveXObject){var c,d,e=[\"MSXML2.XMLHTTP.6.0\",\"MSXML2.XMLHTTP.3.0\",\"MSXML2.XMLHTTP\",\"Microsoft.XMLHTTP\"];for(c=0;d=e[c++];)try{new ActiveXObject(d),b=\"2\"}catch(h){}}a=b;if(\"2\"==a&&-1==location.search.indexOf(\"&gbv=2\")){var f=google.gbvu,g=document.getElementById(\"gbv\");g&&(g.value=a);f&&window.setTimeout(function(){location.href=f},0)};}).call(this);</script><input type=\"hidden\" name=\"oq\"><input type=\"hidden\" name=\"gs_l\"></form><div id=\"gac_scont\"></div><div style=\"font-size:83%;min-height:3.5em\"><br><div id=\"prm\"><style>.szppmdbYutt__middle-slot-promo{font-size:small;margin-bottom:32px}.szppmdbYutt__middle-slot-promo"
20:58:35.943 [Forwarding getPageSource on session f38f5520-bd02-11e6-b34a-8d0186b048d8 to remote] DEBUG org.apache.http.wire - http-outgoing-0 << " a._uFi{display:inline-block;text-decoration:none}.szppmdbYutt__middle-slot-promo img{border:none;margin-right:5px;vertical-align:middle}.szppmdbYutt__middle-slot-promo ._vFi{color:red}</style><div class=\"szppmdbYutt__middle-slot-promo r-iRWUmOzaBIvM\" jsl=\"$t t-Gza07Ho9En4;$x 0;\" data-ved=\"0ahUKEwiQpYTr5-PQAhVH4mMKHVbgBFkQnIcBCAQ\"><img alt=\"Remembering Pearl Harbor, 75 years later\" height=\"58\" src=\"/images/hpp/us-flag.png\" title=\"Remembering Pearl Harbor, 75 years later\" width=\"68\"></div></div></div><span id=\"footer\"><div style=\"font-size:10pt\"><div style=\"margin:19px auto;text-align:center\" id=\"fll\"><a href=\"/intl/en/ads/\">Advertising&nbsp;Programs</a><a href=\"/services/\">Business Solutions</a><a href=\"https://plus.google.com/116899029375914044550\" rel=\"publisher\">+Google</a><a href=\"/intl/en/about.html\">About Google</a></div></div><p style=\"color:#767676;font-size:8pt\">[0xc2][0xa9] 2016 - <a href=\"/intl/en/policies/privacy/\">Privacy</a> - <a href=\"/intl/en/policies/terms/\">Terms</a></p></span></center><script>(function(){window.google.cdo={height:0,width:0};(function(){var a=window.innerWidth,b=window.innerHeight;if(!a||!b)var c=window.document,d=\"CSS1Compat\"==c.compatMode?c.documentElement:c.body,a=d.clientWidth,b=d.clientHeight;a&&b&&(a!=google.cdo.width||b!=google.cdo.height)&&google.log(\"\",\"\",\"/client_204?&atyp=i&biw=\"+a+\"&bih=\"+b+\"&ei=\"+google.kEI);}).call(this);})();</script><div id=\"xjsd\"><script src=\"/xjs/_/js/k=xjs.hp.en_US.A83a9f804i4.O/m=sb_he,d/rt=j/d=1/t=zcms/rs=ACT90oF2eNnQs0ONdr_WSmdRg-UEHmCM5g\"></script></div><div id=\"xjsi\"><script>(function(){function c(b){window.setTimeout(function(){var a=document.createElement(\"script\");a.src=b;document.getElementById(\"xjsd\").appendChild(a)},0)}google.dljp=function(b,a){google.xjsu=b;c(a)};google.dlj=c;}).call(this);(function(){window.google.xjsrm=['mids'];})();if(google.y)google.y.first=[];if(!google.xjs){window._=window._||{};window._._DumpException=function(e){throw e};if(google.timers&&google.timers.load.t){google.timers.load.t.xjsls=new Date().getTime();}google.dljp('/xjs/_/js/k\\x3dxjs.hp.en_US.A83a9f804i4.O/m\\x3dsb_he,d/rt\\x3dj/d\\x3d1/t\\x3dzcms/rs\\x3dACT90oF2eNnQs0ONdr_WSmdRg-UEHmCM5g','/xjs/_/js/k\\x3dxjs.hp.en_US.A83a9f804i4.O/m\\x3dsb_he,d/rt\\x3dj/d\\x3d1/t\\x3dzcms/rs\\x3dACT90oF2eNnQs0ONdr_WSmdRg-UEHmCM5g');google.xjs=1;}google.pmc={\"sb_he\":{\"agen\":true,\"cgen\":true,\"client\":\"heirloom-hp\",\"dh\":true,\"dhqt\":true,\"ds\":\"\",\"fl\":true,\"host\":\"google.com\",\"isbh\":28,\"jam\":0,\"jsonp\":true,\"msgs\":{\"cibl\":\"Clear Search\",\"dym\":\"Did you mean:\",\"lcky\":\"I\\u0026#39;m Feeling Lucky\",\"lml\":\"Learn more\",\"oskt\":\"Input tools\",\"psrc\":\"This search was removed from your \\u003Ca href=\\\"/history\\\"\\u003EWeb History\\u003C/a\\u003E\",\"psrl\":\"Remove\",\"sbit\":\"Search by image\",\"srch\":\"Google Search\"},\"nds\":true,\"ovr\":{},\"pq\":\"\",\"refpd\":true,\"rfs\":[],\"scd\":10,\"sce\":5,\"stok\":\"400i_mgiXUJ1yVxRy8UuUqWVaVo\"},\"d\":{}};google.y.first.push(function(){if(google.med){google.med('init');google.initHistory();google.med('history');}});if(google.j&&google.j.en&&google.j.xi){window.setTimeout(google.j.xi,0);}\n</script></div><table cellspacing=\"0\" cellpadding=\"0\" class=\"gstl_0 gssb_c\" style=\"width: 510px; display: none; top: 240px; left: 5px; position: absolute;\"><tbody><tr><td class=\"gssb_f\"></td><td class=\"gssb_e\" style=\"width: 100%;\"></td></tr></tbody></table></body></html>"}"
20:58:35.944 [Forwarding getPageSource on session f38f5520-bd02-11e6-b34a-8d0186b048d8 to remote] DEBUG org.apache.http.impl.conn.PoolingHttpClientConnectionManager - Connection [id: 0][route: {}->http://localhost:25620] can be kept alive indefinitely
20:58:35.944 [Forwarding getPageSource on session f38f5520-bd02-11e6-b34a-8d0186b048d8 to remote] DEBUG org.apache.http.impl.conn.PoolingHttpClientConnectionManager - Connection released: [id: 0][route: {}->http://localhost:25620][total kept alive: 1; route allocated: 1 of 2000; total allocated: 1 of 2000]
<!DOCTYPE html><html itemscope="" itemtype="http://schema.org/WebPage" lang="en"><head><meta content="Search the world's information, including webpages, images, videos and more. Google has many special features to help you find exactly what you're looking for." name="description"><meta content="noodp" name="robots"><meta content="text/html; charset=UTF-8" http-equiv="Content-Type"><meta content="/images/branding/googleg/1x/googleg_standard_color_128dp.png" itemprop="image"><title>Google</title><script>(function(){window.google={kEI:'e-hIWND7CMfEjwPWwJPIBQ',kEXPI:'1351903,1352402,3700253,4028875,4029815,4031109,4032678,4036527,4038012,4039268,4043492,4045839,4048347,4054591,4057323,4062666,4065787,4068550,4069838,4069841,4070142,4071842,4072364,4072602,4072776,4073405,4073726,4073757,4073959,4075770,4076096,4076759,4076931,4076999,4078430,4078438,4078457,4078760,4079105,4079441,4079624,4079894,4080167,4080272,4080383,4080629,4081037,4081038,4081276,4081424,4081486,4082125,4082618,4083030,4083113,4083353,4083476,4084030,4084148,4084298,4084343,4084956,4085627,4085769,4087017,4087912,4088033,4088340,4088421,4088429,4088433,4088436,4088438,4088443,4088448,4089100,4089141,4089233,4089480,4089538,8300096,8300273,8503585,8505025,8505259,8505831,8506340,8506399,8506615,8507381,8507419,8507897,8507899,8507951,8507974,8508022,8508060,8508066,8508112,8508169,8508229,8508292,8508395,8508421,8508584,8508590,8508931,8508957,8509006,8509016,8509037,8509063,8509065,10200083,10200096,10202205,13500019,16200074,19001314',authuser:0,kscs:'c9c918f0_24'};google.kHL='en';})();(function(){google.lc=[];google.li=0;google.getEI=function(a){for(var b;a&&(!a.getAttribute||!(b=a.getAttribute("eid")));)a=a.parentNode;return b||google.kEI};google.getLEI=function(a){for(var b=null;a&&(!a.getAttribute||!(b=a.getAttribute("leid")));)a=a.parentNode;return b};google.https=function(){return"https:"==window.location.protocol};google.ml=function(){return null};google.wl=function(a,b){try{google.ml(Error(a),!1,b)}catch(c){}};google.time=function(){return(new Date).getTime()};google.log=function(a,b,c,d,g){a=google.logUrl(a,b,c,d,g);if(""!=a){b=new Image;var e=google.lc,f=google.li;e[f]=b;b.onerror=b.onload=b.onabort=function(){delete e[f]};window.google&&window.google.vel&&window.google.vel.lu&&window.google.vel.lu(a);b.src=a;google.li=f+1}};google.logUrl=function(a,b,c,d,g){var e="",f=google.ls||"";c||-1!=b.search("&ei=")||(e="&ei="+google.getEI(d),-1==b.search("&lei=")&&(d=google.getLEI(d))&&(e+="&lei="+d));a=c||"/"+(g||"gen_204")+"?atyp=i&ct="+a+"&cad="+b+e+f+"&zx="+google.time();/^http:/i.test(a)&&google.https()&&(google.ml(Error("a"),!1,{src:a,glmm:1}),a="");return a};google.y={};google.x=function(a,b){google.y[a.id]=[a,b];return!1};google.lq=[];google.load=function(a,b,c){google.lq.push([[a],b,c])};google.loadAll=function(a,b){google.lq.push([a,b])};}).call(this);var a=window.location,b=a.href.indexOf("#");if(0<=b){var c=a.href.substring(b+1);/(^|&)q=/.test(c)&&-1==c.indexOf("#")&&a.replace("/search?"+c.replace(/(^|&)fp=[^&]*/g,"")+"&cad=h")};</script><style>#gb{font:13px/27px Arial,sans-serif;height:30px}#gbz,#gbg{position:absolute;white-space:nowrap;top:0;height:30px;z-index:1000}#gbz{left:0;padding-left:4px}#gbg{right:0;padding-right:5px}#gbs{background:transparent;position:absolute;top:-999px;visibility:hidden;z-index:998;right:0}.gbto #gbs{background:#fff}#gbx3,#gbx4{background-color:#2d2d2d;background-image:none;_background-image:none;background-position:0 -138px;background-repeat:repeat-x;border-bottom:1px solid #000;font-size:24px;height:29px;_height:30px;opacity:1;filter:alpha(opacity=100);position:absolute;top:0;width:100%;z-index:990}#gbx3{left:0}#gbx4{right:0}#gbb{position:relative}#gbbw{left:0;position:absolute;top:30px;width:100%}.gbtcb{position:absolute;visibility:hidden}#gbz .gbtcb{right:0}#gbg .gbtcb{left:0}.gbxx{display:none !important}.gbxo{opacity:0 !important;filter:alpha(opacity=0) !important}.gbm{position:absolute;z-index:999;top:-999px;visibility:hidden;text-align:left;border:1px solid #bebebe;background:#fff;-moz-box-shadow:-1px 1px 1px rgba(0,0,0,.2);-webkit-box-shadow:0 2px 4px rgba(0,0,0,.2);box-shadow:0 2px 4px rgba(0,0,0,.2)}.gbrtl .gbm{-moz-box-shadow:1px 1px 1px rgba(0,0,0,.2)}.gbto .gbm,.gbto #gbs{top:29px;visibility:visible}#gbz .gbm{left:0}#gbg .gbm{right:0}.gbxms{background-color:#ccc;display:block;position:absolute;z-index:1;top:-1px;left:-2px;right:-2px;bottom:-2px;opacity:.4;-moz-border-radius:3px;filter:progid:DXImageTransform.Microsoft.Blur(pixelradius=5);*opacity:1;*top:-2px;*left:-5px;*right:5px;*bottom:4px;-ms-filter:"progid:DXImageTransform.Microsoft.Blur(pixelradius=5)";opacity:1\0/;top:-4px\0/;left:-6px\0/;right:5px\0/;bottom:4px\0/}.gbma{position:relative;top:-1px;border-style:solid dashed dashed;border-color:transparent;border-top-color:#c0c0c0;display:-moz-inline-box;display:inline-block;font-size:0;height:0;line-height:0;width:0;border-width:3px 3px 0;padding-top:1px;left:4px}#gbztms1,#gbi4m1,#gbi4s,#gbi4t{zoom:1}.gbtc,.gbmc,.gbmcc{display:block;list-style:none;margin:0;padding:0}.gbmc{background:#fff;padding:10px 0;position:relative;z-index:2;zoom:1}.gbt{position:relative;display:-moz-inline-box;display:inline-block;line-height:27px;padding:0;vertical-align:top}.gbt{*display:inline}.gbto{box-shadow:0 2px 4px rgba(0,0,0,.2);-moz-box-shadow:0 2px 4px rgba(0,0,0,.2);-webkit-box-shadow:0 2px 4px rgba(0,0,0,.2)}.gbzt,.gbgt{cursor:pointer;display:block;text-decoration:none !important}span#gbg6,span#gbg4{cursor:default}.gbts{border-left:1px solid transparent;border-right:1px solid transparent;display:block;*display:inline-block;padding:0 5px;position:relative;z-index:1000}.gbts{*display:inline}.gbzt .gbts{display:inline;zoom:1}.gbto .gbts{background:#fff;border-color:#bebebe;color:#36c;padding-bottom:1px;padding-top:2px}.gbz0l .gbts{color:#fff;font-weight:bold}.gbtsa{padding-right:9px}#gbz .gbzt,#gbz .gbgt,#gbg .gbgt{color:#ccc!important}.gbtb2{display:block;border-top:2px solid transparent}.gbto .gbzt .gbtb2,.gbto .gbgt .gbtb2{border-top-width:0}.gbtb .gbts{background:url(//ssl.gstatic.com/gb/images/b_8d5afc09.png);_background:url(//ssl.gstatic.com/gb/images/b8_3615d64d.png);background-position:-27px -22px;border:0;font-size:0;padding:29px 0 0;*padding:27px 0 0;width:1px}.gbzt:hover,.gbzt:focus,.gbgt-hvr,.gbgt:focus{background-color:#4c4c4c;background-image:none;_background-image:none;background-position:0 -102px;background-repeat:repeat-x;outline:none;text-decoration:none !important}.gbpdjs .gbto .gbm{min-width:99%}.gbz0l .gbtb2{border-top-color:#dd4b39!important}#gbi4s,#gbi4s1{font-weight:bold}#gbg6.gbgt-hvr,#gbg6.gbgt:focus{background-color:transparent;background-image:none}.gbg4a{font-size:0;line-height:0}.gbg4a .gbts{padding:27px 5px 0;*padding:25px 5px 0}.gbto .gbg4a .gbts{padding:29px 5px 1px;*padding:27px 5px 1px}#gbi4i,#gbi4id{left:5px;border:0;height:24px;position:absolute;top:1px;width:24px}.gbto #gbi4i,.gbto #gbi4id{top:3px}.gbi4p{display:block;width:24px}#gbi4id{background-position:-44px -101px}#gbmpid{background-position:0 0}#gbmpi,#gbmpid{border:none;display:inline-block;height:48px;width:48px}#gbmpiw{display:inline-block;line-height:9px;padding-left:20px;margin-top:10px;position:relative}#gbmpi,#gbmpid,#gbmpiw{*display:inline}#gbg5{font-size:0}#gbgs5{padding:5px !important}.gbto #gbgs5{padding:7px 5px 6px !important}#gbi5{background:url(//ssl.gstatic.com/gb/images/b_8d5afc09.png);_background:url(//ssl.gstatic.com/gb/images/b8_3615d64d.png);background-position:0 0;display:block;font-size:0;height:17px;width:16px}.gbto #gbi5{background-position:-6px -22px}.gbn .gbmt,.gbn .gbmt:visited,.gbnd .gbmt,.gbnd .gbmt:visited{color:#dd8e27 !important}.gbf .gbmt,.gbf .gbmt:visited{color:#900 !important}.gbmt,.gbml1,.gbmlb,.gbmt:visited,.gbml1:visited,.gbmlb:visited{color:#36c !important;text-decoration:none !important}.gbmt,.gbmt:visited{display:block}.gbml1,.gbmlb,.gbml1:visited,.gbmlb:visited{display:inline-block;margin:0 10px}.gbml1,.gbmlb,.gbml1:visited,.gbmlb:visited{*display:inline}.gbml1,.gbml1:visited{padding:0 10px}.gbml1-hvr,.gbml1:focus{outline:none;text-decoration:underline !important}#gbpm .gbml1{display:inline;margin:0;padding:0;white-space:nowrap}.gbmlb,.gbmlb:visited{line-height:27px}.gbmlb-hvr,.gbmlb:focus{outline:none;text-decoration:underline !important}.gbmlbw{color:#ccc;margin:0 10px}.gbmt{padding:0 20px}.gbmt:hover,.gbmt:focus{background:#eee;cursor:pointer;outline:0 solid black;text-decoration:none !important}.gbm0l,.gbm0l:visited{color:#000 !important;font-weight:bold}.gbmh{border-top:1px solid #bebebe;font-size:0;margin:10px 0}#gbd4 .gbmc{background:#f5f5f5;padding-top:0}#gbd4 .gbsbic::-webkit-scrollbar-track:vertical{background-color:#f5f5f5;margin-top:2px}#gbmpdv{background:#fff;border-bottom:1px solid #bebebe;-moz-box-shadow:0 2px 4px rgba(0,0,0,.12);-o-box-shadow:0 2px 4px rgba(0,0,0,.12);-webkit-box-shadow:0 2px 4px rgba(0,0,0,.12);box-shadow:0 2px 4px rgba(0,0,0,.12);position:relative;z-index:1}#gbd4 .gbmh{margin:0}.gbmtc{padding:0;margin:0;line-height:27px}.GBMCC:last-child:after,#GBMPAL:last-child:after{content:'\0A\0A';white-space:pre;position:absolute}#gbmps{*zoom:1}#gbd4 .gbpc,#gbmpas .gbmt{line-height:17px}#gbd4 .gbpgs .gbmtc{line-height:27px}#gbd4 .gbmtc{border-bottom:1px solid #bebebe}#gbd4 .gbpc{display:inline-block;margin:16px 0 10px;padding-right:50px;vertical-align:top}#gbd4 .gbpc{*display:inline}.gbpc .gbps,.gbpc .gbps2{display:block;margin:0 20px}#gbmplp.gbps{margin:0 10px}.gbpc .gbps{color:#000;font-weight:bold}.gbpc .gbpd{margin-bottom:5px}.gbpd .gbmt,.gbpd .gbps{color:#666 !important}.gbpd .gbmt{opacity:.4;filter:alpha(opacity=40)}.gbps2{color:#666;display:block}.gbp0{display:none}.gbp0 .gbps2{font-weight:bold}#gbd4 .gbmcc{margin-top:5px}.gbpmc{background:#fef9db}.gbpmc .gbpmtc{padding:10px 20px}#gbpm{border:0;*border-collapse:collapse;border-spacing:0;margin:0;white-space:normal}#gbpm .gbpmtc{border-top:none;color:#000 !important;font:11px Arial,sans-serif}#gbpms{*white-space:nowrap}.gbpms2{font-weight:bold;white-space:nowrap}#gbmpal{*border-collapse:collapse;border-spacing:0;border:0;margin:0;white-space:nowrap;width:100%}.gbmpala,.gbmpalb{font:13px Arial,sans-serif;line-height:27px;padding:10px 20px 0;white-space:nowrap}.gbmpala{padding-left:0;text-align:left}.gbmpalb{padding-right:0;text-align:right}#gbmpasb .gbps{color:#000}#gbmpal .gbqfbb{margin:0 20px}.gbp0 .gbps{*display:inline}a.gbiba{margin:8px 20px 10px}.gbmpiaw{display:inline-block;padding-right:10px;margin-bottom:6px;margin-top:10px}.gbxv{visibility:hidden}.gbmpiaa{display:block;margin-top:10px}.gbmpia{border:none;display:block;height:48px;width:48px}.gbmpnw{display:inline-block;height:auto;margin:10px 0;vertical-align:top}
.gbqfb,.gbqfba,.gbqfbb{-moz-border-radius:2px;-webkit-border-radius:2px;border-radius:2px;cursor:default !important;display:inline-block;font-weight:bold;height:29px;line-height:29px;min-width:54px;*min-width:70px;padding:0 8px;text-align:center;text-decoration:none !important;-moz-user-select:none;-webkit-user-select:none}.gbqfb:focus,.gbqfba:focus,.gbqfbb:focus{border:1px solid #4d90fe;-moz-box-shadow:inset 0 0 0 1px rgba(255, 255, 255, 0.5);-webkit-box-shadow:inset 0 0 0 1px rgba(255, 255, 255, 0.5);box-shadow:inset 0 0 0 1px rgba(255, 255, 255, 0.5);outline:none}.gbqfb-hvr:focus,.gbqfba-hvr:focus,.gbqfbb-hvr:focus{-webkit-box-shadow:inset 0 0 0 1px #fff,0 1px 1px rgba(0,0,0,.1);-moz-box-shadow:inset 0 0 0 1px #fff,0 1px 1px rgba(0,0,0,.1);box-shadow:inset 0 0 0 1px #fff,0 1px 1px rgba(0,0,0,.1)}.gbqfb-no-focus:focus{border:1px solid #3079ed;-moz-box-shadow:none;-webkit-box-shadow:none;box-shadow:none}.gbqfb-hvr,.gbqfba-hvr,.gbqfbb-hvr{-webkit-box-shadow:0 1px 1px rgba(0,0,0,.1);-moz-box-shadow:0 1px 1px rgba(0,0,0,.1);box-shadow:0 1px 1px rgba(0,0,0,.1)}.gbqfb::-moz-focus-inner,.gbqfba::-moz-focus-inner,.gbqfbb::-moz-focus-inner{border:0}.gbqfba,.gbqfbb{border:1px solid #dcdcdc;border-color:rgba(0,0,0,.1);color:#444 !important;font-size:11px}.gbqfb{background-color:#4d90fe;background-image:-webkit-gradient(linear,left top,left bottom,from(#4d90fe),to(#4787ed));background-image:-webkit-linear-gradient(top,#4d90fe,#4787ed);background-image:-moz-linear-gradient(top,#4d90fe,#4787ed);background-image:-ms-linear-gradient(top,#4d90fe,#4787ed);background-image:-o-linear-gradient(top,#4d90fe,#4787ed);background-image:linear-gradient(top,#4d90fe,#4787ed);filter:progid:DXImageTransform.Microsoft.gradient(startColorStr='#4d90fe',EndColorStr='#4787ed');border:1px solid #3079ed;color:#fff!important;margin:0 0}.gbqfb-hvr{border-color:#2f5bb7}.gbqfb-hvr:focus{border-color:#2f5bb7}.gbqfb-hvr,.gbqfb-hvr:focus{background-color:#357ae8;background-image:-webkit-gradient(linear,left top,left bottom,from(#4d90fe),to(#357ae8));background-image:-webkit-linear-gradient(top,#4d90fe,#357ae8);background-image:-moz-linear-gradient(top,#4d90fe,#357ae8);background-image:-ms-linear-gradient(top,#4d90fe,#357ae8);background-image:-o-linear-gradient(top,#4d90fe,#357ae8);background-image:linear-gradient(top,#4d90fe,#357ae8)}.gbqfb:active{background-color:inherit;-webkit-box-shadow:inset 0 1px 2px rgba(0, 0, 0, 0.3);-moz-box-shadow:inset 0 1px 2px rgba(0, 0, 0, 0.3);box-shadow:inset 0 1px 2px rgba(0, 0, 0, 0.3)}.gbqfba{background-color:#f5f5f5;background-image:-webkit-gradient(linear,left top,left bottom,from(#f5f5f5),to(#f1f1f1));background-image:-webkit-linear-gradient(top,#f5f5f5,#f1f1f1);background-image:-moz-linear-gradient(top,#f5f5f5,#f1f1f1);background-image:-ms-linear-gradient(top,#f5f5f5,#f1f1f1);background-image:-o-linear-gradient(top,#f5f5f5,#f1f1f1);background-image:linear-gradient(top,#f5f5f5,#f1f1f1);filter:progid:DXImageTransform.Microsoft.gradient(startColorStr='#f5f5f5',EndColorStr='#f1f1f1')}.gbqfba-hvr,.gbqfba-hvr:active{background-color:#f8f8f8;background-image:-webkit-gradient(linear,left top,left bottom,from(#f8f8f8),to(#f1f1f1));background-image:-webkit-linear-gradient(top,#f8f8f8,#f1f1f1);background-image:-moz-linear-gradient(top,#f8f8f8,#f1f1f1);background-image:-ms-linear-gradient(top,#f8f8f8,#f1f1f1);background-image:-o-linear-gradient(top,#f8f8f8,#f1f1f1);background-image:linear-gradient(top,#f8f8f8,#f1f1f1);filter:progid:DXImageTransform.Microsoft.gradient(startColorStr='#f8f8f8',EndColorStr='#f1f1f1')}.gbqfbb{background-color:#fff;background-image:-webkit-gradient(linear,left top,left bottom,from(#fff),to(#fbfbfb));background-image:-webkit-linear-gradient(top,#fff,#fbfbfb);background-image:-moz-linear-gradient(top,#fff,#fbfbfb);background-image:-ms-linear-gradient(top,#fff,#fbfbfb);background-image:-o-linear-gradient(top,#fff,#fbfbfb);background-image:linear-gradient(top,#fff,#fbfbfb);filter:progid:DXImageTransform.Microsoft.gradient(startColorStr='#ffffff',EndColorStr='#fbfbfb')}.gbqfbb-hvr,.gbqfbb-hvr:active{background-color:#fff;background-image:-webkit-gradient(linear,left top,left bottom,from(#fff),to(#f8f8f8));background-image:-webkit-linear-gradient(top,#fff,#f8f8f8);background-image:-moz-linear-gradient(top,#fff,#f8f8f8);background-image:-ms-linear-gradient(top,#fff,#f8f8f8);background-image:-o-linear-gradient(top,#fff,#f8f8f8);background-image:linear-gradient(top,#fff,#f8f8f8);filter:progid:DXImageTransform.Microsoft.gradient(startColorStr='#ffffff',EndColorStr='#f8f8f8')}.gbqfba-hvr,.gbqfba-hvr:active,.gbqfbb-hvr,.gbqfbb-hvr:active{border-color:#c6c6c6;-webkit-box-shadow:0 1px 1px rgba(0,0,0,.1);-moz-box-shadow:0 1px 1px rgba(0,0,0,.1);box-shadow:0 1px 1px rgba(0,0,0,.1);color:#222 !important}.gbqfba:active,.gbqfbb:active{-webkit-box-shadow:inset 0 1px 2px rgba(0,0,0,.1);-moz-box-shadow:inset 0 1px 2px rgba(0,0,0,.1);box-shadow:inset 0 1px 2px rgba(0,0,0,.1)}
.gbprcd{padding:0;width:258px;white-space:normal}.gbprcb{display:inline-block;height:27px;padding:0 15px;text-decoration:none}#gbprc .gbprcbc{background-color:;background-image:none;border-color:;color:!important}#gbprc .gbprcbc:hover{color:!important}#gbprc .gbprcbc:active,#gbprc .gbprcbc:focus{color:!important}.gbprct{color:#666;line-height:17px;margin:0;margin-bottom:20px}.gbprci{color:#333;font-size:16px;line-height:20px;margin:0;margin-bottom:16px}#gbprc .gbmc{padding:26px;padding-bottom:22px;border:1px solid #bebebe}#gbprc .gbm{border:0}#gbprc .gbprcx,#gbprc .gbprcx.gbgt-hvr,#gbprc .gbprcx:focus,#gbprc .gbprcx:active{right:12px;background:url(//ssl.gstatic.com/s2/oz/images/stars/x.png);display:block;height:9px;opacity:.8;filter:alpha(opacity=80);position:absolute;top:12px;width:9px}#gbprc .gbprcx.gbgt-hvr,#gbprc .gbprcx:focus,#gbprc .gbprcx:active{opacity:1;filter:alpha(opacity=100)}.gbgs .gbmab,.gbgs .gbmab{left:10px;margin:40px 0 0}.gbgs .gbmac,.gbgs .gbmac{left:10px;margin:41px 0 0}.gbemi .gbgs .gbmab,.gbem .gbgs .gbmab{left:10px;margin:40px 0 0}.gbemi .gbgs .gbmac,.gbem .gbgs .gbmac{left:10px;margin:41px 0 0}.gbesi .gbgs .gbmab,.gbes .gbgs .gbmab{left:10px;margin:40px 0 0}.gbesi .gbgs .gbmac,.gbes .gbgs .gbmac{left:10px;margin:41px 0 0}#gbprca .gbmab{z-index:999}#gbprca .gbmac{border-bottom-color:#fff;z-index:999}#gbprcs{position:absolute;background:transparent;top:-999px;z-index:-1;visibility:hidden;margin-top:1px;margin-left:1px}
#gb #gbprc{right:-28px;top:15px;z-index:997}#gbprca{left:-63px;position:relative;top:-22px}.gbmab,.gbmac{left:5px;border-style:dashed dashed solid;border-color:transparent;border-bottom-color:#bebebe;border-width:0 10px 10px;display:-moz-inline-box;display:inline-block;font-size:0;height:0;line-height:0;position:absolute;top:0;width:0;z-index:1000}.gbmab,.gbmac{visibility:hidden}.gbmac{border-bottom-color:#fff}.gbto .gbmab,.gbto .gbmac{visibility:visible}#gbqfqw,#gbqfb{vertical-align:top}#gbqfbw{right:0;margin:0 15px;position:absolute;top:0}.gbqfb{background-color:#4d90fe;background-image:-webkit-gradient(linear,left top,left bottom,from(#4d90fe),to(#4787ed));background-image:-webkit-linear-gradient(top,#4d90fe,#4787ed);background-image:-moz-linear-gradient(top,#4d90fe,#4787ed);background-image:-ms-linear-gradient(top,#4d90fe,#4787ed);background-image:-o-linear-gradient(top,#4d90fe,#4787ed);background-image:linear-gradient(top,#4d90fe,#4787ed);filter:progid:DXImageTransform.Microsoft.gradient(startColorStr='#4d90fe',EndColorStr='#4787ed');border:1px solid #3079ed;-moz-border-radius:2px;-webkit-border-radius:2px;border-radius:2px;-moz-user-select:none;-webkit-user-select:none;color:#fff;cursor:default;font-size:11px;font-weight:bold;height:29px;min-width:54px;*min-width:70px;text-align:center;padding:0 8px}.gbqfb-hvr{border:1px solid #2f5bb7;background-color:#357ae8;background-image:-webkit-gradient(linear,left top,left bottom,from(#4d90fe),to(#357ae8));background-image:-webkit-linear-gradient(top,#4d90fe,#357ae8);background-image:-moz-linear-gradient(top,#4d90fe,#357ae8);background-image:-ms-linear-gradient(top,#4d90fe,#357ae8);background-image:-o-linear-gradient(top,#4d90fe,#357ae8);background-image:linear-gradient(top,#4d90fe,#357ae8);-webkit-box-shadow:0 1px 1px rgba(0,0,0,.1);-moz-box-shadow:0 1px 1px rgba(0,0,0,.1);box-shadow:0 1px 1px rgba(0,0,0,.1)}.gbqfb:focus{-moz-box-shadow:inset 0 0 0 1px #fff;-webkit-box-shadow:inset 0 0 0 1px #fff;box-shadow:inset 0 0 0 1px #fff;outline:none}.gbqfb::-moz-focus-inner{border:0}.gbqfb-hvr:focus{-moz-box-shadow:inset 0 0 0 1px #fff,0 1px 1px rgba(0,0,0,.1);-webkit-box-shadow:inset 0 0 0 1px #fff,0 1px 1px rgba(0,0,0,.1);box-shadow:inset 0 0 0 1px #fff,0 1px 1px rgba(0,0,0,.1)}.gbqfb:active{-moz-box-shadow:inset 0 1px 2px rgba(0,0,0,.3);-webkit-box-shadow:inset 0 1px 2px rgba(0,0,0,.3);box-shadow:inset 0 1px 2px rgba(0,0,0,.3)}
#gbmpas{max-height:220px}#gbmm{max-height:530px}.gbsb{-webkit-box-sizing:border-box;display:block;position:relative;*zoom:1}.gbsbic{overflow:auto}.gbsbis .gbsbt,.gbsbis .gbsbb{-webkit-mask-box-image:-webkit-gradient(linear,left top,right top,color-stop(0,rgba(0,0,0,.1)),color-stop(.5,rgba(0,0,0,.8)),color-stop(1,rgba(0,0,0,.1)));left:0;margin-right:0;opacity:0;position:absolute;width:100%}.gbsb .gbsbt:after,.gbsb .gbsbb:after{content:"";display:block;height:0;left:0;position:absolute;width:100%}.gbsbis .gbsbt{background:-webkit-gradient(linear,left top,left bottom,from(rgba(0,0,0,.2)),to(rgba(0,0,0,0)));background-image:-webkit-linear-gradient(top,rgba(0,0,0,.2),rgba(0,0,0,0));background-image:-moz-linear-gradient(top,rgba(0,0,0,.2),rgba(0,0,0,0));background-image:-ms-linear-gradient(top,rgba(0,0,0,.2),rgba(0,0,0,0));background-image:-o-linear-gradient(top,rgba(0,0,0,.2),rgba(0,0,0,0));background-image:linear-gradient(top,rgba(0,0,0,.2),rgba(0,0,0,0));height:6px;top:0}.gbsb .gbsbt:after{border-top:1px solid #ebebeb;border-color:rgba(0,0,0,.3);top:0}.gbsb .gbsbb{-webkit-mask-box-image:-webkit-gradient(linear,left top,right top,color-stop(0,rgba(0,0,0,.1)),color-stop(.5,rgba(0,0,0,.8)),color-stop(1,rgba(0,0,0,.1)));background:-webkit-gradient(linear,left bottom,left top,from(rgba(0,0,0,.2)),to(rgba(0,0,0,0)));background-image:-webkit-linear-gradient(bottom,rgba(0,0,0,.2),rgba(0,0,0,0));background-image:-moz-linear-gradient(bottom,rgba(0,0,0,.2),rgba(0,0,0,0));background-image:-ms-linear-gradient(bottom,rgba(0,0,0,.2),rgba(0,0,0,0));background-image:-o-linear-gradient(bottom,rgba(0,0,0,.2),rgba(0,0,0,0));background-image:linear-gradient(bottom,rgba(0,0,0,.2),rgba(0,0,0,0));bottom:0;height:4px}.gbsb .gbsbb:after{border-bottom:1px solid #ebebeb;border-color:rgba(0,0,0,.3);bottom:0}
.gbsbic::-webkit-scrollbar{height:16px;width:16px}.gbsbic::-webkit-scrollbar-button{height:0;width:0}.gbsbic::-webkit-scrollbar-button:start:decrement,.gbsbic::-webkit-scrollbar-button:end:increment{display:block}.gbsbic::-webkit-scrollbar-button:vertical:start:increment,.gbsbic::-webkit-scrollbar-button:vertical:end:decrement{display:none}.gbsbic::-webkit-scrollbar-track:vertical,.gbsbic::-webkit-scrollbar-track:horizontal,.gbsbic::-webkit-scrollbar-thumb:vertical,.gbsbic::-webkit-scrollbar-thumb:horizontal,.gbsbis .gbsbic::-webkit-scrollbar-track:vertical,.gbsbis .gbsbic::-webkit-scrollbar-track:horizontal,.gbsbis .gbsbic::-webkit-scrollbar-thumb:vertical,.gbsbis .gbsbic::-webkit-scrollbar-thumb:horizontal{border-style:solid;border-color:transparent}.gbsbic::-webkit-scrollbar-track:vertical{background-clip:padding-box;background-color:#fff;border-left-width:5px;border-right-width:0}.gbsbic::-webkit-scrollbar-track:horizontal{background-clip:padding-box;background-color:#fff;border-bottom-width:0;border-top-width:5px}.gbsbic::-webkit-scrollbar-thumb{-webkit-box-shadow:inset 1px 1px 0 rgba(0,0,0,.1),inset 0 -1px 0 rgba(0,0,0,.07);background-clip:padding-box;background-color:rgba(0,0,0,.2);min-height:28px;padding-top:100px}.gbsbic::-webkit-scrollbar-thumb:hover{-webkit-box-shadow:inset 1px 1px 1px rgba(0,0,0,.25);background-color:rgba(0,0,0,.4)}.gbsbic::-webkit-scrollbar-thumb:active{-webkit-box-shadow:inset 1px 1px 3px rgba(0,0,0,.35);background-color:rgba(0,0,0,.5)}.gbsbic::-webkit-scrollbar-thumb:vertical{border-width:0;border-left-width:5px}.gbsbic::-webkit-scrollbar-thumb:horizontal{border-width:0;border-top-width:5px}.gbsbis .gbsbic::-webkit-scrollbar-track:vertical{border-left-width:6px;border-right-width:1px}.gbsbis .gbsbic::-webkit-scrollbar-track:horizontal{border-bottom:1px;border-top:6px}.gbsbis .gbsbic::-webkit-scrollbar-thumb:vertical{border-width:0;border-left-width:6px;border-right-width:1px}.gbsbis .gbsbic::-webkit-scrollbar-thumb:horizontal{border-width:0;border-bottom:1px;border-top:6px}.gbsbic::-webkit-scrollbar-track:hover{-webkit-box-shadow:inset 1px 0 0 rgba(0,0,0,.1);background-color:rgba(0,0,0,.05)}.gbsbic::-webkit-scrollbar-track:active{-webkit-box-shadow:inset 1px 0 0 rgba(0,0,0,.14),inset -1px -1px 0 rgba(0,0,0,.07);background-color:rgba(0,0,0,.05)}
</style><style>body,td,a,p,.h{font-family:arial,sans-serif}body{margin:0;overflow-y:scroll}#gog{padding:3px 8px 0}td{line-height:.8em}.gac_m td{line-height:17px}form{margin-bottom:20px}.h{color:#36c}.q{color:#00c}.ts td{padding:0}.ts{border-collapse:collapse}em{font-weight:bold;font-style:normal}.lst{height:25px;width:496px}.gsfi,.lst{font:18px arial,sans-serif}.gsfs{font:17px arial,sans-serif}.ds{display:-webkit-inline-box;display:inline-block;margin:3px 0 4px;margin-left:4px}input{font-family:inherit}a.gb1,a.gb2,a.gb3,a.gb4{color:#11c !important}body{background:#fff;color:black}a{color:#11c;text-decoration:none}a:hover,a:active{text-decoration:underline}.fl a{color:#36c}a:visited{color:#551a8b}a.gb1,a.gb4{text-decoration:underline}a.gb3:hover{text-decoration:none}#ghead a.gb2:hover{color:#fff !important}.sblc{padding-top:5px}.sblc a{display:block;margin:2px 0;margin-left:13px;font-size:11px}.lsbb{background:#eee;border:solid 1px;border-color:#ccc #999 #999 #ccc;height:30px}.lsbb{display:block}.ftl,#fll a{display:inline-block;margin:0 12px}.lsb{background:url(/images/nav_logo229.png) 0 -261px repeat-x;border:none;color:#000;cursor:pointer;height:30px;margin:0;outline:0;font:15px arial,sans-serif;vertical-align:top}.lsb:active{background:#ccc}.lst:focus{outline:none}</style><script>(function(){try{var e=this;var aa=function(a,b,c,d){d=d||{};d._sn=["cfg",b,c].join(".");window.gbar.logger.ml(a,d)};var g=window.gbar=window.gbar||{},h=window.gbar.i=window.gbar.i||{},ba;function _tvn(a,b){a=parseInt(a,10);return isNaN(a)?b:a}function _tvf(a,b){a=parseFloat(a);return isNaN(a)?b:a}function _tvv(a){return!!a}function p(a,b,c){(c||g)[a]=b}g.bv={n:_tvn("2",0),r:"",f:".66.41.",e:"1300102,3700253",m:_tvn("1",1)};
function ca(a,b,c){var d="on"+b;if(a.addEventListener)a.addEventListener(b,c,!1);else if(a.attachEvent)a.attachEvent(d,c);else{var f=a[d];a[d]=function(){var a=f.apply(this,arguments),b=c.apply(this,arguments);return void 0==a?b:void 0==b?a:b&&a}}}var da=function(a){return function(){return g.bv.m==a}},ea=da(1),fa=da(2);p("sb",ea);p("kn",fa);h.a=_tvv;h.b=_tvf;h.c=_tvn;h.i=aa;var q=window.gbar.i.i;var r=function(){},u=function(){},ia=function(a){var b=new Image,c=ga;b.onerror=b.onload=b.onabort=function(){try{delete ha[c]}catch(d){}};ha[c]=b;b.src=a;ga=c+1},ha=[],ga=0;p("logger",{il:u,ml:r,log:ia});var v=window.gbar.logger;var y={},ja={},z=[],ka=h.b("0.1",.1),la=h.a("1",!0),ma=function(a,b){z.push([a,b])},na=function(a,b){y[a]=b},oa=function(a){return a in y},A={},B=function(a,b){A[a]||(A[a]=[]);A[a].push(b)},D=function(a){B("m",a)},pa=function(a,b){var c=document.createElement("script");c.src=a;c.async=la;Math.random()<ka&&(c.onerror=function(){c.onerror=null;r(Error("Bundle load failed: name="+(b||"UNK")+" url="+a))});(document.getElementById("xjsc")||document.getElementsByTagName("body")[0]||
document.getElementsByTagName("head")[0]).appendChild(c)},F=function(a){for(var b=0,c;(c=z[b])&&c[0]!=a;++b);!c||c[1].l||c[1].s||(c[1].s=!0,qa(2,a),c[1].url&&pa(c[1].url,a),c[1].libs&&E&&E(c[1].libs))},ra=function(a){B("gc",a)},sa=null,ta=function(a){sa=a},qa=function(a,b,c){if(sa){a={t:a,b:b};if(c)for(var d in c)a[d]=c[d];try{sa(a)}catch(f){}}};p("mdc",y);p("mdi",ja);p("bnc",z);p("qGC",ra);p("qm",D);p("qd",A);p("lb",F);p("mcf",na);p("bcf",ma);p("aq",B);p("mdd","");
p("has",oa);p("trh",ta);p("tev",qa);if(h.a("1")){var ua=h.a("1"),va=h.a(""),wa=h.a(""),xa=window.gapi={},ya=function(a,b){var c=function(){g.dgl(a,b)};ua?D(c):(B("gl",c),F("gl"))},za={},Aa=function(a){a=a.split(":");for(var b;(b=a.pop())&&za[b];);return!b},E=function(a){function b(){for(var b=a.split(":"),d=0,f;f=b[d];++d)za[f]=1;for(b=0;d=z[b];++b)d=d[1],(f=d.libs)&&!d.l&&d.i&&Aa(f)&&d.i()}g.dgl(a,b)},H=window.___jsl={};H.h="m;/_/scs/abc-static/_/js/k=gapi.gapi.en.U_ZjamIixkk.O/m=__features__/rt=j/d=1/rs=AHpOoo-vbowTsdJgxjMinuRjWcqUL15H1g";H.ms="https://apis.google.com";
H.m="";H.l=[];ua||z.push(["gl",{url:"//ssl.gstatic.com/gb/js/abc/glm_e7bb39a7e1a24581ff4f8d199678b1b9.js"}]);var Ba={pu:va,sh:"",si:wa,hl:"en"};y.gl=Ba;p("load",ya,xa);p("dgl",ya);p("agl",Aa);h.o=ua};var Ca=h.b("0.1",.001),Da=0;
function _mlToken(a,b){try{if(1>Da){Da++;var c,d=a;b=b||{};var f=encodeURIComponent,k=["//www.google.com/gen_204?atyp=i&zx=",(new Date).getTime(),"&jexpid=",f("28834"),"&srcpg=",f("prop=1"),"&jsr=",Math.round(1/Ca),"&ogev=",f("e-hIWNqCCsPWjwOeq46QCQ"),"&ogf=",g.bv.f,"&ogrp=",f(""),"&ogv=",f("1480650288.0"),"&oggv="+f("es_plusone_gc_20161117.0_p0"),"&ogd=",f("com"),"&ogc=",f("USA"),"&ogl=",f("en")];b._sn&&(b._sn=
"og."+b._sn);for(var m in b)k.push("&"),k.push(f(m)),k.push("="),k.push(f(b[m]));k.push("&emsg=");k.push(f(d.name+":"+d.message));var n=k.join("");Ea(n)&&(n=n.substr(0,2E3));c=n;var l=window.gbar.logger._aem(a,c);ia(l)}}catch(t){}}var Ea=function(a){return 2E3<=a.length},Fa=function(a,b){return b};function Ga(a){r=a;p("_itl",Ea,v);p("_aem",Fa,v);p("ml",r,v);a={};y.er=a}h.a("")?Ga(function(a){throw a;}):h.a("1")&&Math.random()<Ca&&Ga(_mlToken);var _E="left",Ha=h.a(""),J=function(a,b){var c=a.className;I(a,b)||(a.className+=(""!=c?" ":"")+b)},K=function(a,b){var c=a.className;b=new RegExp("\\s?\\b"+b+"\\b");c&&c.match(b)&&(a.className=c.replace(b,""))},I=function(a,b){b=new RegExp("\\b"+b+"\\b");a=a.className;return!(!a||!a.match(b))},Ia=function(a,b){I(a,b)?K(a,b):J(a,b)},Ja=function(a,b){a[b]=function(c){var d=arguments;g.qm(function(){a[b].apply(this,d)})}},Ka=function(a){a=["//www.gstatic.com","/og/_/js/d=1/k=",
"og.og2.en_US.bMuvE1SC6YI.O","/rt=j/m=",a,"/rs=","AA2YrTtzBlTmy1wcjkBNuQoi-kZ1wphK5w"];Ha&&a.push("?host=www.gstatic.com&bust=og.og2.en_US.lXDzID-6m6Q.DU");a=a.join("");pa(a)};p("ca",J);p("cr",K);p("cc",I);h.k=J;h.l=K;h.m=I;h.n=Ia;h.p=Ka;h.q=Ja;var La=["gb_71","gb_155"],Ma;function Na(a){Ma=a}function Oa(a){var b=Ma&&!a.href.match(/.*\/accounts\/ClearSID[?]/)&&encodeURIComponent(Ma());b&&(a.href=a.href.replace(/([?&]continue=)[^&]*/,"$1"+b))}function Pa(a){window.gApplication&&(a.href=window.gApplication.getTabUrl(a.href))}function Qa(a){try{var b=(document.forms[0].q||"").value;b&&(a.href=a.href.replace(/([?&])q=[^&]*|$/,function(a,d){return(d||"&")+"q="+encodeURIComponent(b)}))}catch(c){q(c,"sb","pq")}}
var Ra=function(){for(var a=[],b=0,c;c=La[b];++b)(c=document.getElementById(c))&&a.push(c);return a},Sa=function(){var a=Ra();return 0<a.length?a[0]:null},Ta=function(){return document.getElementById("gb_70")},L={},M={},Ua={},N={},O=void 0,Za=function(a,b){try{var c=document.getElementById("gb");J(c,"gbpdjs");P();Va(document.getElementById("gb"))&&J(c,"gbrtl");if(b&&b.getAttribute){var d=b.getAttribute("aria-owns");if(d.length){var f=document.getElementById(d);if(f){var k=b.parentNode;if(O==d)O=void 0,
K(k,"gbto");else{if(O){var m=document.getElementById(O);if(m&&m.getAttribute){var n=m.getAttribute("aria-owner");if(n.length){var l=document.getElementById(n);l&&l.parentNode&&K(l.parentNode,"gbto")}}}Wa(f)&&Xa(f);O=d;J(k,"gbto")}}}}D(function(){g.tg(a,b,!0)});Ya(a)}catch(t){q(t,"sb","tg")}},$a=function(a){D(function(){g.close(a)})},ab=function(a){D(function(){g.rdd(a)})},Va=function(a){var b,c=document.defaultView;c&&c.getComputedStyle?(a=c.getComputedStyle(a,""))&&(b=a.direction):b=a.currentStyle?
a.currentStyle.direction:a.style.direction;return"rtl"==b},cb=function(a,b,c){if(a)try{var d=document.getElementById("gbd5");if(d){var f=d.firstChild,k=f.firstChild,m=document.createElement("li");m.className=b+" gbmtc";m.id=c;a.className="gbmt";m.appendChild(a);if(k.hasChildNodes()){c=[["gbkc"],["gbf","gbe","gbn"],["gbkp"],["gbnd"]];for(var d=0,n=k.childNodes.length,f=!1,l=-1,t=0,C;C=c[t];t++){for(var T=0,G;G=C[T];T++){for(;d<n&&I(k.childNodes[d],G);)d++;if(G==b){k.insertBefore(m,k.childNodes[d]||
null);f=!0;break}}if(f){if(d+1<k.childNodes.length){var U=k.childNodes[d+1];I(U.firstChild,"gbmh")||bb(U,C)||(l=d+1)}else if(0<=d-1){var V=k.childNodes[d-1];I(V.firstChild,"gbmh")||bb(V,C)||(l=d)}break}0<d&&d+1<n&&d++}if(0<=l){var w=document.createElement("li"),x=document.createElement("div");w.className="gbmtc";x.className="gbmt gbmh";w.appendChild(x);k.insertBefore(w,k.childNodes[l])}g.addHover&&g.addHover(a)}else k.appendChild(m)}}catch(Ab){q(Ab,"sb","al")}},bb=function(a,b){for(var c=b.length,
d=0;d<c;d++)if(I(a,b[d]))return!0;return!1},db=function(a,b,c){cb(a,b,c)},eb=function(a,b){cb(a,"gbe",b)},fb=function(){D(function(){g.pcm&&g.pcm()})},gb=function(){D(function(){g.pca&&g.pca()})},hb=function(a,b,c,d,f,k,m,n,l,t){D(function(){g.paa&&g.paa(a,b,c,d,f,k,m,n,l,t)})},ib=function(a,b){L[a]||(L[a]=[]);L[a].push(b)},jb=function(a,b){M[a]||(M[a]=[]);M[a].push(b)},kb=function(a,b){Ua[a]=b},lb=function(a,b){N[a]||(N[a]=[]);N[a].push(b)},Ya=function(a){a.preventDefault&&a.preventDefault();a.returnValue=
!1;a.cancelBubble=!0},mb=null,Xa=function(a,b){P();if(a){nb(a,"Opening&hellip;");Q(a,!0);b="undefined"!=typeof b?b:1E4;var c=function(){ob(a)};mb=window.setTimeout(c,b)}},pb=function(a){P();a&&(Q(a,!1),nb(a,""))},ob=function(a){try{P();var b=a||document.getElementById(O);b&&(nb(b,"This service is currently unavailable.%1$sPlease try again later.","%1$s"),Q(b,!0))}catch(c){q(c,"sb","sdhe")}},nb=function(a,b,c){if(a&&b){var d=Wa(a);if(d){if(c){d.innerHTML="";b=b.split(c);c=0;for(var f;f=b[c];c++){var k=document.createElement("div");
k.innerHTML=f;d.appendChild(k)}}else d.innerHTML=b;Q(a,!0)}}},Q=function(a,b){(b=void 0!==b?b:!0)?J(a,"gbmsgo"):K(a,"gbmsgo")},Wa=function(a){for(var b=0,c;c=a.childNodes[b];b++)if(I(c,"gbmsg"))return c},P=function(){mb&&window.clearTimeout(mb)},qb=function(a){var b="inner"+a;a="offset"+a;return window[b]?window[b]:document.documentElement&&document.documentElement[a]?document.documentElement[a]:0},rb=function(){return!1},sb=function(){return!!O};p("so",Sa);p("sos",Ra);p("si",Ta);p("tg",Za);
p("close",$a);p("rdd",ab);p("addLink",db);p("addExtraLink",eb);p("pcm",fb);p("pca",gb);p("paa",hb);p("ddld",Xa);p("ddrd",pb);p("dderr",ob);p("rtl",Va);p("op",sb);p("bh",L);p("abh",ib);p("dh",M);p("adh",jb);p("ch",N);p("ach",lb);p("eh",Ua);p("aeh",kb);ba=h.a("")?Pa:Qa;p("qs",ba);p("setContinueCb",Na);p("pc",Oa);p("bsy",rb);h.d=Ya;h.j=qb;var tb={};y.base=tb;z.push(["m",{url:"//ssl.gstatic.com/gb/js/sem_f70ed39779130cc06d510ce54eca305c.js"}]);g.sg={c:"1"};p("wg",{rg:{}});var ub={tiw:h.c("15000",0),tie:h.c("30000",0)};y.wg=ub;var vb={thi:h.c("10000",0),thp:h.c("180000",0),tho:h.c("5000",0),tet:h.b("0.5",0)};y.wm=vb;if(h.a("1")){var wb=h.a("");z.push(["gc",{auto:wb,url:"//ssl.gstatic.com/gb/js/abc/gci_91f30755d6a6b787dcc2a4062e6e9824.js",libs:"googleapis.client:plusone:gapi.iframes"}]);var xb={version:"gci_91f30755d6a6b787dcc2a4062e6e9824.js",index:"",lang:"en"};y.gc=xb;var yb=function(a){window.googleapis&&window.iframes?a&&a():(a&&ra(a),F("gc"))};p("lGC",yb);h.a("1")&&p("lPWF",yb)};window.__PVT="";if(h.a("1")&&h.a("1")){var zb=function(a){yb(function(){B("pw",a);F("pw")})};p("lPW",zb);z.push(["pw",{url:"//ssl.gstatic.com/gb/js/abc/pwm_45f73e4df07a0e388b0fa1f3d30e7280.js"}]);var Bb=[],Cb=function(a){Bb[0]=a},Db=function(a,b){b=b||{};b._sn="pw";r(a,b)},Eb={signed:Bb,elog:Db,base:"https://plusone.google.com/u/0",loadTime:(new Date).getTime()};y.pw=Eb;var Fb=function(a,b){var c=b.split(".");b=function(){var b=arguments;a(function(){for(var a=g,d=0,f=c.length-1;d<f;++d)a=a[c[d]];a[c[d]].apply(a,b)})};for(var d=g,f=0,k=c.length-1;f<
k;++f)d=d[c[f]]=d[c[f]]||{};return d[c[f]]=b};Fb(zb,"pw.clk");Fb(zb,"pw.hvr");p("su",Cb,g.pw)};var Gb=[1,2,3,4,5,6,9,10,11,13,14,28,29,30,34,35,37,38,39,40,41,42,43,48,49,500];var Hb=h.b("0.001",1E-4),Ib=h.b("1",1),Jb=!1,Kb=!1;if(h.a("1")){var Lb=Math.random();Lb<Hb&&(Jb=!0);Lb<Ib&&(Kb=!0)}var R=null;
function Mb(a,b){var c=Hb,d=Jb,f;f=a;if(!R){R={};for(var k=0;k<Gb.length;k++){var m=Gb[k];R[m]=!0}}if(f=!!R[f])c=Ib,d=Kb;if(d){var d=encodeURIComponent,n="es_plusone_gc_20161117.0_p0",l;g.rp?(l=g.rp(),l="-1"!=l?l:""):l="";f=(new Date).getTime();var k=d("28834"),m=d("e-hIWNqCCsPWjwOeq46QCQ"),t=g.bv.f,C=d("1");l=d(l);var c=Math.round(1/c),T=d("1480650288.0"),n=n?"&oggv="+d(n):"",G=d("com"),U=d("en"),
V=d("USA"),w;w=0;h.a("")&&(w|=1);h.a("")&&(w|=2);h.a("")&&(w|=4);a=["//www.google.com/gen_204?atyp=i&zx=",f,"&oge=",a,"&ogex=",k,"&ogev=",m,"&ogf=",t,"&ogp=",C,"&ogrp=",l,"&ogsr=",c,"&ogv=",T,n,"&ogd=",G,"&ogl=",U,"&ogc=",V,"&ogus=",w];if(b){"ogw"in b&&(a.push("&ogw="+b.ogw),delete b.ogw);var x;f=[];for(x in b)0!=f.length&&f.push(","),f.push(Nb(x)),f.push("."),f.push(Nb(b[x]));x=f.join("");""!=x&&(a.push("&ogad="),a.push(d(x)))}ia(a.join(""))}}
function Nb(a){"number"==typeof a&&(a+="");return"string"==typeof a?a.replace(".","%2E").replace(",","%2C"):a}u=Mb;p("il",u,v);var Ob={};y.il=Ob;var Pb=function(a,b,c,d,f,k,m,n,l,t){D(function(){g.paa(a,b,c,d,f,k,m,n,l,t)})},Qb=function(){D(function(){g.prm()})},Rb=function(a){D(function(){g.spn(a)})},Sb=function(a){D(function(){g.sps(a)})},Tb=function(a){D(function(){g.spp(a)})},Ub={"27":"//ssl.gstatic.com/gb/images/silhouette_24.png","27":"//ssl.gstatic.com/gb/images/silhouette_24.png","27":"//ssl.gstatic.com/gb/images/silhouette_24.png"},Vb=function(a){return(a=Ub[a])||"//ssl.gstatic.com/gb/images/silhouette_24.png"},
Wb=function(){D(function(){g.spd()})};p("spn",Rb);p("spp",Tb);p("sps",Sb);p("spd",Wb);p("paa",Pb);p("prm",Qb);ib("gbd4",Qb);
if(h.a("")){var Xb={d:h.a(""),e:"",sanw:h.a(""),p:"//ssl.gstatic.com/gb/images/silhouette_96.png",cp:"1",xp:h.a("1"),mg:"%1$s (delegated)",md:"%1$s (default)",mh:"220",s:"1",pp:Vb,ppl:h.a(""),ppa:h.a(""),
ppm:"Google+ page"};y.prf=Xb};var S,Yb,W,Zb,X=0,$b=function(a,b,c){if(a.indexOf)return a.indexOf(b,c);if(Array.indexOf)return Array.indexOf(a,b,c);for(c=null==c?0:0>c?Math.max(0,a.length+c):c;c<a.length;c++)if(c in a&&a[c]===b)return c;return-1},Y=function(a,b){return-1==$b(a,X)?(q(Error(X+"_"+b),"up","caa"),!1):!0},bc=function(a,b){Y([1,2],"r")&&(S[a]=S[a]||[],S[a].push(b),2==X&&window.setTimeout(function(){b(ac(a))},0))},cc=function(a,b,c){if(Y([1],"nap")&&c){for(var d=0;d<c.length;d++)Yb[c[d]]=!0;g.up.spl(a,b,"nap",c)}},dc=
function(a,b,c){if(Y([1],"aop")&&c){if(W)for(var d in W)W[d]=W[d]&&-1!=$b(c,d);else for(W={},d=0;d<c.length;d++)W[c[d]]=!0;g.up.spl(a,b,"aop",c)}},ec=function(){try{if(X=2,!Zb){Zb=!0;for(var a in S)for(var b=S[a],c=0;c<b.length;c++)try{b[c](ac(a))}catch(d){q(d,"up","tp")}}}catch(d){q(d,"up","mtp")}},ac=function(a){if(Y([2],"ssp")){var b=!Yb[a];W&&(b=b&&!!W[a]);return b}};Zb=!1;S={};Yb={};W=null;
var X=1,fc=function(a){var b=!1;try{b=a.cookie&&a.cookie.match("PREF")}catch(c){}return!b},gc=function(){try{return!!e.localStorage&&"object"==typeof e.localStorage}catch(a){return!1}},hc=function(a){return a&&a.style&&a.style.behavior&&"undefined"!=typeof a.load},ic=function(a,b,c,d){try{fc(document)||(d||(b="og-up-"+b),gc()?e.localStorage.setItem(b,c):hc(a)&&(a.setAttribute(b,c),a.save(a.id)))}catch(f){f.code!=DOMException.QUOTA_EXCEEDED_ERR&&q(f,"up","spd")}},jc=function(a,b,c){try{if(fc(document))return"";
c||(b="og-up-"+b);if(gc())return e.localStorage.getItem(b);if(hc(a))return a.load(a.id),a.getAttribute(b)}catch(d){d.code!=DOMException.QUOTA_EXCEEDED_ERR&&q(d,"up","gpd")}return""},kc=function(a,b,c){a.addEventListener?a.addEventListener(b,c,!1):a.attachEvent&&a.attachEvent("on"+b,c)},lc=function(a){for(var b=0,c;c=a[b];b++){var d=g.up;c=c in d&&d[c];if(!c)return!1}return!0},mc=function(a,b){try{if(fc(a))return-1;var c=a.cookie.match(/OGPC=([^;]*)/);if(c&&c[1]){var d=c[1].match(new RegExp("\\b"+
b+"-([0-9]+):"));if(d&&d[1])return parseInt(d[1],10)}}catch(f){f.code!=DOMException.QUOTA_EXCEEDED_ERR&&q(f,"up","gcc")}return-1};p("up",{r:bc,nap:cc,aop:dc,tp:ec,ssp:ac,spd:ic,gpd:jc,aeh:kc,aal:lc,gcc:mc});var Z=function(a,b){a[b]=function(c){var d=arguments;g.qm(function(){a[b].apply(this,d)})}};Z(g.up,"sl");Z(g.up,"si");Z(g.up,"spl");Z(g.up,"dpc");Z(g.up,"iic");g.mcf("up",{sp:h.b("0.01",1),tld:"com",prid:"1"});function nc(){function a(){for(var b;(b=k[m++])&&"m"!=b[0]&&!b[1].auto;);b&&(qa(2,b[0]),b[1].url&&pa(b[1].url,b[0]),b[1].libs&&E&&E(b[1].libs));m<k.length&&setTimeout(a,0)}function b(){0<f--?setTimeout(b,0):a()}var c=h.a("1"),d=h.a(""),f=3,k=z,m=0,n=window.gbarOnReady;if(n)try{n()}catch(l){q(l,"ml","or")}d?p("ldb",a):c?ca(window,"load",b):b()}p("rdl",nc);}catch(e){window.gbar&&gbar.logger&&gbar.logger.ml(e,{"_sn":"cfg.init"});}})();
(function(){try{var b=window.gbar;var d=function(a,c){b[a]=function(){return window.navigator&&window.navigator.userAgent?c(window.navigator.userAgent):!1}},e=function(a){return!(/AppleWebKit\/.+(?:Version\/[35]\.|Chrome\/[01]\.)/.test(a)||-1!=a.indexOf("Firefox/3.5."))};d("bs_w",e);}catch(e){window.gbar&&gbar.logger&&gbar.logger.ml(e,{"_sn":"cfg.init"});}})();
(function(){try{var a=window.gbar;a.mcf("pm",{p:"19000096,8QJ,7,,"});}catch(e){window.gbar&&gbar.logger&&gbar.logger.ml(e,{"_sn":"cfg.init"});}})();
(function(){try{var a=window.gbar;a.mcf("mm",{s:"1"});}catch(e){window.gbar&&gbar.logger&&gbar.logger.ml(e,{"_sn":"cfg.init"});}})();
(function(){try{var d=window.gbar.i.i;var e=window.gbar;var f=e.i;var g=f.c("1",0),h=/\bgbmt\b/,k=function(a){try{var b=document.getElementById("gb_"+g),c=document.getElementById("gb_"+a);b&&f.l(b,h.test(b.className)?"gbm0l":"gbz0l");c&&f.k(c,h.test(c.className)?"gbm0l":"gbz0l")}catch(l){d(l,"sj","ssp")}g=a},m=e.qs,n=function(a){var b;b=a.href;var c=window.location.href.match(/.*?:\/\/[^\/]*/)[0],c=new RegExp("^"+c+"/search\\?");(b=c.test(b))&&!/(^|\\?|&)ei=/.test(a.href)&&(b=window.google)&&b.kEXPI&&(a.href+="&ei="+b.kEI)},p=function(a){m(a);
n(a)},q=function(){if(window.google&&window.google.sn){var a=/.*hp$/;return a.test(window.google.sn)?"":"1"}return"-1"};e.rp=q;e.slp=k;e.qs=p;e.qsi=n;}catch(e){window.gbar&&gbar.logger&&gbar.logger.ml(e,{"_sn":"cfg.init"});}})();
(function(){try{var a=this;var b=window.gbar;var c=b.i;var d=c.a,e=c.c,f={cty:"USA",cv:"1480650288",dbg:d(""),ecv:"0",ei:e("e-hIWNqCCsPWjwOeq46QCQ"),ele:d("1"),esr:e("0.1"),evts:["mousedown","touchstart","touchmove","wheel","keydown"],gbl:"es_plusone_gc_20161117.0_p0",hd:"com",hl:"en",irp:d(""),pid:e("1"),
snid:e("28834"),to:e("300000"),u:e(""),vf:".66.41."},g=f,h=["bndcfg"],k=a;h[0]in k||!k.execScript||k.execScript("var "+h[0]);for(var l;h.length&&(l=h.shift());)h.length||void 0===g?k=k[l]?k[l]:k[l]={}:k[l]=g;}catch(e){window.gbar&&gbar.logger&&gbar.logger.ml(e,{"_sn":"cfg.init"});}})();
(function(){try{window.gbar.rdl();}catch(e){window.gbar&&gbar.logger&&gbar.logger.ml(e,{"_sn":"cfg.init"});}})();
</script><link href="/images/branding/product/ico/googleg_lodp.ico" rel="shortcut icon"><style type="text/css">.gsib_a{width:100%;padding:4px 6px 0}.gsib_a,.gsib_b{vertical-align:top}.gssb_c{border:0;position:absolute;z-index:989}.gssb_e{border:1px solid #ccc;border-top-color:#d9d9d9;box-shadow:0 2px 4px rgba(0,0,0,0.2);-webkit-box-shadow:0 2px 4px rgba(0,0,0,0.2);cursor:default}.gssb_f{visibility:hidden;white-space:nowrap}.gssb_k{border:0;display:block;position:absolute;top:0;z-index:988}.gsdd_a{border:none!important}.gsmq_a{padding:0}a.gspqs_a{padding:0 3px 0 8px}.gspqs_b{color:#666;line-height:22px}.gsls_a{color:red}.gsn_a{padding-top:4px;padding-bottom:1px}.gsn_b{display:block;line-height:16px}.gsn_c{color:green;font-size:13px}.gsq_a{padding:0}.gssb_a{padding:0 7px}.gssb_a,.gssb_a td{white-space:nowrap;overflow:hidden;line-height:22px}#gssb_b{font-size:11px;color:#36c;text-decoration:none}#gssb_b:hover{font-size:11px;color:#36c;text-decoration:underline}.gssb_g{text-align:center;padding:8px 0 7px;position:relative}.gssb_h{font-size:15px;height:28px;margin:0.2em;-webkit-appearance:button}.gssb_i{background:#eee}.gss_ifl{visibility:hidden;padding-left:5px}.gssb_i .gss_ifl{visibility:visible}a.gssb_j{font-size:13px;color:#36c;text-decoration:none;line-height:100%}a.gssb_j:hover{text-decoration:underline}.gssb_l{height:1px;background-color:#e5e5e5}.gssb_m{color:#000;background:#fff}a.gspqs_a{padding-left:0}.gssb_e{border-top:1px solid #a2bff0;border-right:1px solid #558be3;border-bottom:1px solid #558be3;border-left:1px solid #a2bff0;}.gssb_i{background:#d5e2ff}</style></head><body bgcolor="#fff"><script>(function(){var src='/images/nav_logo229.png';var iesg=false;document.body.onload = function(){window.n && window.n();if (document.images){new Image().src=src;}
if (!iesg){document.f&&document.f.q.focus();document.gbqf&&document.gbqf.q.focus();}
}
})();</script><div id="mngb"> <div id="gb"><script>window.gbar&&gbar.eli&&gbar.eli()</script><div id="gbw"><div id="gbz"><span class="gbtcb"></span><ol id="gbzc" class="gbtc"><li class="gbt"><a onclick="gbar.logger.il(1,{t:119});" class="gbzt" id="gb_119" href="https://plus.google.com/?gpsrc=ogpy0&amp;tab=wX"><span class="gbtb2"></span><span class="gbts">Google+</span></a></li><li class="gbt"><a onclick="gbar.logger.il(1,{t:1});" class="gbzt gbz0l gbp1" id="gb_1" href="https://www.google.com/webhp?tab=ww"><span class="gbtb2"></span><span class="gbts">Search</span></a></li><li class="gbt"><a onclick="gbar.logger.il(1,{t:2});" class="gbzt" id="gb_2" href="https://www.google.com/imghp?hl=en&amp;tab=wi"><span class="gbtb2"></span><span class="gbts">Images</span></a></li><li class="gbt"><a onclick="gbar.logger.il(1,{t:8});" class="gbzt" id="gb_8" href="https://maps.google.com/maps?hl=en&amp;tab=wl"><span class="gbtb2"></span><span class="gbts">Maps</span></a></li><li class="gbt"><a onclick="gbar.logger.il(1,{t:78});" class="gbzt" id="gb_78" href="https://play.google.com/?hl=en&amp;tab=w8"><span class="gbtb2"></span><span class="gbts">Play</span></a></li><li class="gbt"><a onclick="gbar.logger.il(1,{t:36});" class="gbzt" id="gb_36" href="https://www.youtube.com/?tab=w1"><span class="gbtb2"></span><span class="gbts">YouTube</span></a></li><li class="gbt"><a onclick="gbar.logger.il(1,{t:5});" class="gbzt" id="gb_5" href="https://news.google.com/nwshp?hl=en&amp;tab=wn"><span class="gbtb2"></span><span class="gbts">News</span></a></li><li class="gbt"><a onclick="gbar.logger.il(1,{t:23});" class="gbzt" id="gb_23" href="https://mail.google.com/mail/?tab=wm"><span class="gbtb2"></span><span class="gbts">Gmail</span></a></li><li class="gbt"><a class="gbgt" id="gbztm" href="https://www.google.com/intl/en/options/" onclick="gbar.tg(event,this)" aria-haspopup="true" aria-owns="gbd"><span class="gbtb2"></span><span id="gbztms" class="gbts gbtsa"><span id="gbztms1">More</span><span class="gbma"></span></span></a><div class="gbm" id="gbd" aria-owner="gbztm"><div id="gbmmb" class="gbmc gbsb gbsbis"><ol id="gbmm" class="gbmcc gbsbic"><li class="gbmtc"><a onclick="gbar.logger.il(1,{t:49});" class="gbmt" id="gb_49" href="https://drive.google.com/?tab=wo">Drive</a></li><li class="gbmtc"><a onclick="gbar.logger.il(1,{t:24});" class="gbmt" id="gb_24" href="https://www.google.com/calendar?tab=wc">Calendar</a></li><li class="gbmtc"><a onclick="gbar.logger.il(1,{t:51});" class="gbmt" id="gb_51" href="https://translate.google.com/?hl=en&amp;tab=wT">Translate</a></li><li class="gbmtc"><a onclick="gbar.logger.il(1,{t:17});" class="gbmt" id="gb_17" href="http://www.google.com/mobile/?hl=en&amp;tab=wD">Mobile</a></li><li class="gbmtc"><a onclick="gbar.logger.il(1,{t:10});" class="gbmt" id="gb_10" href="https://books.google.com/bkshp?hl=en&amp;tab=wp">Books</a></li><li class="gbmtc"><a onclick="gbar.logger.il(1,{t:212});" class="gbmt" id="gb_212" href="https://wallet.google.com/?tab=wa">Wallet</a></li><li class="gbmtc"><a onclick="gbar.logger.il(1,{t:6});" class="gbmt" id="gb_6" href="http://www.google.com/shopping?hl=en&amp;tab=wf">Shopping</a></li><li class="gbmtc"><a onclick="gbar.logger.il(1,{t:30});" class="gbmt" id="gb_30" href="https://www.blogger.com/?tab=wj">Blogger</a></li><li class="gbmtc"><a onclick="gbar.logger.il(1,{t:27});" class="gbmt" id="gb_27" href="https://www.google.com/finance?tab=we">Finance</a></li><li class="gbmtc"><a onclick="gbar.logger.il(1,{t:31});" class="gbmt" id="gb_31" href="https://photos.google.com/?tab=wq&amp;pageId=none">Photos</a></li><li class="gbmtc"><a onclick="gbar.logger.il(1,{t:12});" class="gbmt" id="gb_12" href="http://video.google.com/?hl=en&amp;tab=wv">Videos</a></li><li class="gbmtc"><a onclick="gbar.logger.il(1,{t:25});" class="gbmt" id="gb_25" href="https://docs.google.com/document/?usp=docs_alc">Docs</a></li><li class="gbmtc"><div class="gbmt gbmh"></div></li><li class="gbmtc"><a onclick="gbar.logger.il(1,{t:66});" href="https://www.google.com/intl/en/options/" class="gbmt">Even more »</a></li></ol><div class="gbsbt"></div><div class="gbsbb"></div></div></div></li></ol></div><div id="gbg"><h2 class="gbxx">Account Options</h2><span class="gbtcb"></span><ol class="gbtc"><li class="gbt"><a target="_top" href="https://accounts.google.com/ServiceLogin?hl=en&amp;passive=true&amp;continue=https://www.google.com/" onclick="gbar.logger.il(9,{l:'i'})" id="gb_70" class="gbgt"><span class="gbtb2"></span><span id="gbgs4" class="gbts"><span id="gbi4s1">Sign in</span></span></a></li><li class="gbt gbtb"><span class="gbts"></span></li><li class="gbt"><a class="gbgt" id="gbg5" href="http://www.google.com/preferences?hl=en" title="Options" onclick="gbar.tg(event,this)" aria-haspopup="true" aria-owns="gbd5"><span class="gbtb2"></span><span id="gbgs5" class="gbts"><span id="gbi5"></span></span></a><div class="gbm" id="gbd5" aria-owner="gbg5"><div class="gbmc"><ol id="gbom" class="gbmcc"><li class="gbkc gbmtc"><a class="gbmt" href="/preferences?hl=en">Search settings</a></li><li class="gbmtc"><div class="gbmt gbmh"></div></li><li class="gbkp gbmtc"><a class="gbmt" href="http://www.google.com/history/optout?hl=en">Web History</a></li></ol></div></div></li></ol></div></div><div id="gbx3"></div><div id="gbx4"></div><script>window.gbar&&gbar.elp&&gbar.elp()</script></div> </div><center><br clear="all" id="lgpd"><div id="lga"><img alt="Google" height="92" src="/images/branding/googlelogo/1x/googlelogo_white_background_color_272x92dp.png" style="padding:28px 0 14px" width="272" id="hplogo" onload="window.lol&amp;&amp;lol()"><br><br></div><form action="/search" name="f"><table cellpadding="0" cellspacing="0"><tbody><tr valign="top"><td width="25%">&nbsp;</td><td align="center" nowrap=""><input value="en" name="hl" type="hidden"><input name="source" type="hidden" value="hp"><input name="biw" type="hidden"><input name="bih" type="hidden"><div class="ds" style="height:32px;margin:4px 0"><input style="color: rgb(0, 0, 0); margin: 0px; padding: 5px 8px 0px 6px; vertical-align: top; outline: none;" autocomplete="off" class="lst" value="" title="Google Search" maxlength="2048" name="q" size="57" dir="ltr" spellcheck="false"></div><br style="line-height:0"><span class="ds"><span class="lsbb"><input class="lsb" value="Google Search" name="btnG" type="submit"></span></span><span class="ds"><span class="lsbb"><input class="lsb" value="I'm Feeling Lucky" name="btnI" onclick="if(this.form.q.value)this.checked=1; else top.location='/doodles/'" type="submit"></span></span></td><td class="fl sblc" align="left" nowrap="" width="25%"><a href="/advanced_search?hl=en&amp;authuser=0">Advanced search</a><a href="/language_tools?hl=en&amp;authuser=0">Language tools</a></td></tr></tbody></table><input id="gbv" name="gbv" type="hidden" value="2"><script>(function(){var a,b="1";if(document&&document.getElementById)if("undefined"!=typeof XMLHttpRequest)b="2";else if("undefined"!=typeof ActiveXObject){var c,d,e=["MSXML2.XMLHTTP.6.0","MSXML2.XMLHTTP.3.0","MSXML2.XMLHTTP","Microsoft.XMLHTTP"];for(c=0;d=e[c++];)try{new ActiveXObject(d),b="2"}catch(h){}}a=b;if("2"==a&&-1==location.search.indexOf("&gbv=2")){var f=google.gbvu,g=document.getElementById("gbv");g&&(g.value=a);f&&window.setTimeout(function(){location.href=f},0)};}).call(this);</script><input type="hidden" name="oq"><input type="hidden" name="gs_l"></form><div id="gac_scont"></div><div style="font-size:83%;min-height:3.5em"><br><div id="prm"><style>.szppmdbYutt__middle-slot-promo{font-size:small;margin-bottom:32px}.szppmdbYutt__middle-slot-promo a._uFi{display:inline-block;text-decoration:none}.szppmdbYutt__middle-slot-promo img{border:none;margin-right:5px;vertical-align:middle}.szppmdbYutt__middle-slot-promo ._vFi{color:red}</style><div class="szppmdbYutt__middle-slot-promo r-iRWUmOzaBIvM" jsl="$t t-Gza07Ho9En4;$x 0;" data-ved="0ahUKEwiQpYTr5-PQAhVH4mMKHVbgBFkQnIcBCAQ"><img alt="Remembering Pearl Harbor, 75 years later" height="58" src="/images/hpp/us-flag.png" title="Remembering Pearl Harbor, 75 years later" width="68"></div></div></div><span id="footer"><div style="font-size:10pt"><div style="margin:19px auto;text-align:center" id="fll"><a href="/intl/en/ads/">Advertising&nbsp;Programs</a><a href="/services/">Business Solutions</a><a href="https://plus.google.com/116899029375914044550" rel="publisher">+Google</a><a href="/intl/en/about.html">About Google</a></div></div><p style="color:#767676;font-size:8pt">© 2016 - <a href="/intl/en/policies/privacy/">Privacy</a> - <a href="/intl/en/policies/terms/">Terms</a></p></span></center><script>(function(){window.google.cdo={height:0,width:0};(function(){var a=window.innerWidth,b=window.innerHeight;if(!a||!b)var c=window.document,d="CSS1Compat"==c.compatMode?c.documentElement:c.body,a=d.clientWidth,b=d.clientHeight;a&&b&&(a!=google.cdo.width||b!=google.cdo.height)&&google.log("","","/client_204?&atyp=i&biw="+a+"&bih="+b+"&ei="+google.kEI);}).call(this);})();</script><div id="xjsd"><script src="/xjs/_/js/k=xjs.hp.en_US.A83a9f804i4.O/m=sb_he,d/rt=j/d=1/t=zcms/rs=ACT90oF2eNnQs0ONdr_WSmdRg-UEHmCM5g"></script></div><div id="xjsi"><script>(function(){function c(b){window.setTimeout(function(){var a=document.createElement("script");a.src=b;document.getElementById("xjsd").appendChild(a)},0)}google.dljp=function(b,a){google.xjsu=b;c(a)};google.dlj=c;}).call(this);(function(){window.google.xjsrm=['mids'];})();if(google.y)google.y.first=[];if(!google.xjs){window._=window._||{};window._._DumpException=function(e){throw e};if(google.timers&&google.timers.load.t){google.timers.load.t.xjsls=new Date().getTime();}google.dljp('/xjs/_/js/k\x3dxjs.hp.en_US.A83a9f804i4.O/m\x3dsb_he,d/rt\x3dj/d\x3d1/t\x3dzcms/rs\x3dACT90oF2eNnQs0ONdr_WSmdRg-UEHmCM5g','/xjs/_/js/k\x3dxjs.hp.en_US.A83a9f804i4.O/m\x3dsb_he,d/rt\x3dj/d\x3d1/t\x3dzcms/rs\x3dACT90oF2eNnQs0ONdr_WSmdRg-UEHmCM5g');google.xjs=1;}google.pmc={"sb_he":{"agen":true,"cgen":true,"client":"heirloom-hp","dh":true,"dhqt":true,"ds":"","fl":true,"host":"google.com","isbh":28,"jam":0,"jsonp":true,"msgs":{"cibl":"Clear Search","dym":"Did you mean:","lcky":"I\u0026#39;m Feeling Lucky","lml":"Learn more","oskt":"Input tools","psrc":"This search was removed from your \u003Ca href=\"/history\"\u003EWeb History\u003C/a\u003E","psrl":"Remove","sbit":"Search by image","srch":"Google Search"},"nds":true,"ovr":{},"pq":"","refpd":true,"rfs":[],"scd":10,"sce":5,"stok":"400i_mgiXUJ1yVxRy8UuUqWVaVo"},"d":{}};google.y.first.push(function(){if(google.med){google.med('init');google.initHistory();google.med('history');}});if(google.j&&google.j.en&&google.j.xi){window.setTimeout(google.j.xi,0);}
</script></div><table cellspacing="0" cellpadding="0" class="gstl_0 gssb_c" style="width: 510px; display: none; top: 240px; left: 5px; position: absolute;"><tbody><tr><td class="gssb_f"></td><td class="gssb_e" style="width: 100%;"></td></tr></tbody></table></body></html>

20:58:35.965 [Forwarding findElements on session f38f5520-bd02-11e6-b34a-8d0186b048d8 to remote] DEBUG org.apache.http.client.protocol.RequestAddCookies - CookieSpec selected: default
20:58:35.965 [Forwarding findElements on session f38f5520-bd02-11e6-b34a-8d0186b048d8 to remote] DEBUG org.apache.http.client.protocol.RequestAuthCache - Auth cache not set in the context
20:58:35.965 [Forwarding findElements on session f38f5520-bd02-11e6-b34a-8d0186b048d8 to remote] DEBUG org.apache.http.impl.conn.PoolingHttpClientConnectionManager - Connection request: [route: {}->http://localhost:25620][total kept alive: 1; route allocated: 1 of 2000; total allocated: 1 of 2000]
20:58:35.965 [Forwarding findElements on session f38f5520-bd02-11e6-b34a-8d0186b048d8 to remote] DEBUG org.apache.http.impl.conn.PoolingHttpClientConnectionManager - Connection leased: [id: 0][route: {}->http://localhost:25620][total kept alive: 0; route allocated: 1 of 2000; total allocated: 1 of 2000]
20:58:35.966 [Forwarding findElements on session f38f5520-bd02-11e6-b34a-8d0186b048d8 to remote] DEBUG org.apache.http.impl.execchain.MainClientExec - Stale connection check
20:58:35.968 [Forwarding findElements on session f38f5520-bd02-11e6-b34a-8d0186b048d8 to remote] DEBUG org.apache.http.wire - http-outgoing-0 << "[read] I/O error: Read timed out"
20:58:35.969 [Forwarding findElements on session f38f5520-bd02-11e6-b34a-8d0186b048d8 to remote] DEBUG org.apache.http.impl.conn.DefaultManagedHttpClientConnection - http-outgoing-0: set socket timeout to 10800000
20:58:35.969 [Forwarding findElements on session f38f5520-bd02-11e6-b34a-8d0186b048d8 to remote] DEBUG org.apache.http.impl.execchain.MainClientExec - Executing request POST /session/f38f5520-bd02-11e6-b34a-8d0186b048d8/elements HTTP/1.1
20:58:35.970 [Forwarding findElements on session f38f5520-bd02-11e6-b34a-8d0186b048d8 to remote] DEBUG org.apache.http.impl.execchain.MainClientExec - Target auth state: UNCHALLENGED
20:58:35.971 [Forwarding findElements on session f38f5520-bd02-11e6-b34a-8d0186b048d8 to remote] DEBUG org.apache.http.impl.execchain.MainClientExec - Proxy auth state: UNCHALLENGED
20:58:35.972 [Forwarding findElements on session f38f5520-bd02-11e6-b34a-8d0186b048d8 to remote] DEBUG org.apache.http.headers - http-outgoing-0 >> POST /session/f38f5520-bd02-11e6-b34a-8d0186b048d8/elements HTTP/1.1
20:58:35.972 [Forwarding findElements on session f38f5520-bd02-11e6-b34a-8d0186b048d8 to remote] DEBUG org.apache.http.headers - http-outgoing-0 >> Content-Type: application/json; charset=utf-8
20:58:35.972 [Forwarding findElements on session f38f5520-bd02-11e6-b34a-8d0186b048d8 to remote] DEBUG org.apache.http.headers - http-outgoing-0 >> Content-Length: 39
20:58:35.972 [Forwarding findElements on session f38f5520-bd02-11e6-b34a-8d0186b048d8 to remote] DEBUG org.apache.http.headers - http-outgoing-0 >> Host: localhost:25620
20:58:35.972 [Forwarding findElements on session f38f5520-bd02-11e6-b34a-8d0186b048d8 to remote] DEBUG org.apache.http.headers - http-outgoing-0 >> Connection: Keep-Alive
20:58:35.972 [Forwarding findElements on session f38f5520-bd02-11e6-b34a-8d0186b048d8 to remote] DEBUG org.apache.http.headers - http-outgoing-0 >> User-Agent: Apache-HttpClient/4.5.2 (Java/1.8.0_101)
20:58:35.972 [Forwarding findElements on session f38f5520-bd02-11e6-b34a-8d0186b048d8 to remote] DEBUG org.apache.http.headers - http-outgoing-0 >> Accept-Encoding: gzip,deflate
20:58:35.973 [Forwarding findElements on session f38f5520-bd02-11e6-b34a-8d0186b048d8 to remote] DEBUG org.apache.http.wire - http-outgoing-0 >> "POST /session/f38f5520-bd02-11e6-b34a-8d0186b048d8/elements HTTP/1.1[\r][\n]"
20:58:35.973 [Forwarding findElements on session f38f5520-bd02-11e6-b34a-8d0186b048d8 to remote] DEBUG org.apache.http.wire - http-outgoing-0 >> "Content-Type: application/json; charset=utf-8[\r][\n]"
20:58:35.973 [Forwarding findElements on session f38f5520-bd02-11e6-b34a-8d0186b048d8 to remote] DEBUG org.apache.http.wire - http-outgoing-0 >> "Content-Length: 39[\r][\n]"
20:58:35.973 [Forwarding findElements on session f38f5520-bd02-11e6-b34a-8d0186b048d8 to remote] DEBUG org.apache.http.wire - http-outgoing-0 >> "Host: localhost:25620[\r][\n]"
20:58:35.973 [Forwarding findElements on session f38f5520-bd02-11e6-b34a-8d0186b048d8 to remote] DEBUG org.apache.http.wire - http-outgoing-0 >> "Connection: Keep-Alive[\r][\n]"
20:58:35.973 [Forwarding findElements on session f38f5520-bd02-11e6-b34a-8d0186b048d8 to remote] DEBUG org.apache.http.wire - http-outgoing-0 >> "User-Agent: Apache-HttpClient/4.5.2 (Java/1.8.0_101)[\r][\n]"
20:58:35.973 [Forwarding findElements on session f38f5520-bd02-11e6-b34a-8d0186b048d8 to remote] DEBUG org.apache.http.wire - http-outgoing-0 >> "Accept-Encoding: gzip,deflate[\r][\n]"
20:58:35.973 [Forwarding findElements on session f38f5520-bd02-11e6-b34a-8d0186b048d8 to remote] DEBUG org.apache.http.wire - http-outgoing-0 >> "[\r][\n]"
20:58:35.974 [Forwarding findElements on session f38f5520-bd02-11e6-b34a-8d0186b048d8 to remote] DEBUG org.apache.http.wire - http-outgoing-0 >> "{"using":"css selector","value":"body"}"
20:58:35.993 [Forwarding findElements on session f38f5520-bd02-11e6-b34a-8d0186b048d8 to remote] DEBUG org.apache.http.wire - http-outgoing-0 << "HTTP/1.1 200 OK[\r][\n]"
20:58:35.993 [Forwarding findElements on session f38f5520-bd02-11e6-b34a-8d0186b048d8 to remote] DEBUG org.apache.http.wire - http-outgoing-0 << "Cache: no-cache[\r][\n]"
20:58:35.993 [Forwarding findElements on session f38f5520-bd02-11e6-b34a-8d0186b048d8 to remote] DEBUG org.apache.http.wire - http-outgoing-0 << "Content-Length: 106[\r][\n]"
20:58:35.993 [Forwarding findElements on session f38f5520-bd02-11e6-b34a-8d0186b048d8 to remote] DEBUG org.apache.http.wire - http-outgoing-0 << "Content-Type: application/json;charset=UTF-8[\r][\n]"
20:58:35.994 [Forwarding findElements on session f38f5520-bd02-11e6-b34a-8d0186b048d8 to remote] DEBUG org.apache.http.wire - http-outgoing-0 << "[\r][\n]"
20:58:35.994 [Forwarding findElements on session f38f5520-bd02-11e6-b34a-8d0186b048d8 to remote] DEBUG org.apache.http.wire - http-outgoing-0 << "{"sessionId":"f38f5520-bd02-11e6-b34a-8d0186b048d8","status":0,"value":[{"ELEMENT":":wdc:1481173115991"}]}"
20:58:35.995 [Forwarding findElements on session f38f5520-bd02-11e6-b34a-8d0186b048d8 to remote] DEBUG org.apache.http.headers - http-outgoing-0 << HTTP/1.1 200 OK
20:58:35.995 [Forwarding findElements on session f38f5520-bd02-11e6-b34a-8d0186b048d8 to remote] DEBUG org.apache.http.headers - http-outgoing-0 << Cache: no-cache
20:58:35.995 [Forwarding findElements on session f38f5520-bd02-11e6-b34a-8d0186b048d8 to remote] DEBUG org.apache.http.headers - http-outgoing-0 << Content-Length: 106
20:58:35.995 [Forwarding findElements on session f38f5520-bd02-11e6-b34a-8d0186b048d8 to remote] DEBUG org.apache.http.headers - http-outgoing-0 << Content-Type: application/json;charset=UTF-8
20:58:35.997 [Forwarding findElements on session f38f5520-bd02-11e6-b34a-8d0186b048d8 to remote] DEBUG org.apache.http.impl.execchain.MainClientExec - Connection can be kept alive indefinitely
20:58:36.000 [Forwarding findElements on session f38f5520-bd02-11e6-b34a-8d0186b048d8 to remote] DEBUG org.apache.http.impl.conn.PoolingHttpClientConnectionManager - Connection [id: 0][route: {}->http://localhost:25620] can be kept alive indefinitely
20:58:36.000 [Forwarding findElements on session f38f5520-bd02-11e6-b34a-8d0186b048d8 to remote] DEBUG org.apache.http.impl.conn.PoolingHttpClientConnectionManager - Connection released: [id: 0][route: {}->http://localhost:25620][total kept alive: 1; route allocated: 1 of 2000; total allocated: 1 of 2000]
[[[PhantomJSDriver: phantomjs on MAC (f38f5520-bd02-11e6-b34a-8d0186b048d8)] -> css selector: body]]
20:58:36.014 [Forwarding screenshot on session f38f5520-bd02-11e6-b34a-8d0186b048d8 to remote] DEBUG org.apache.http.client.protocol.RequestAddCookies - CookieSpec selected: default
20:58:36.014 [Forwarding screenshot on session f38f5520-bd02-11e6-b34a-8d0186b048d8 to remote] DEBUG org.apache.http.client.protocol.RequestAuthCache - Auth cache not set in the context
20:58:36.014 [Forwarding screenshot on session f38f5520-bd02-11e6-b34a-8d0186b048d8 to remote] DEBUG org.apache.http.impl.conn.PoolingHttpClientConnectionManager - Connection request: [route: {}->http://localhost:25620][total kept alive: 1; route allocated: 1 of 2000; total allocated: 1 of 2000]
20:58:36.014 [Forwarding screenshot on session f38f5520-bd02-11e6-b34a-8d0186b048d8 to remote] DEBUG org.apache.http.impl.conn.PoolingHttpClientConnectionManager - Connection leased: [id: 0][route: {}->http://localhost:25620][total kept alive: 0; route allocated: 1 of 2000; total allocated: 1 of 2000]
20:58:36.014 [Forwarding screenshot on session f38f5520-bd02-11e6-b34a-8d0186b048d8 to remote] DEBUG org.apache.http.impl.execchain.MainClientExec - Stale connection check
20:58:36.016 [Forwarding screenshot on session f38f5520-bd02-11e6-b34a-8d0186b048d8 to remote] DEBUG org.apache.http.wire - http-outgoing-0 << "[read] I/O error: Read timed out"
20:58:36.016 [Forwarding screenshot on session f38f5520-bd02-11e6-b34a-8d0186b048d8 to remote] DEBUG org.apache.http.impl.conn.DefaultManagedHttpClientConnection - http-outgoing-0: set socket timeout to 10800000
20:58:36.016 [Forwarding screenshot on session f38f5520-bd02-11e6-b34a-8d0186b048d8 to remote] DEBUG org.apache.http.impl.execchain.MainClientExec - Executing request GET /session/f38f5520-bd02-11e6-b34a-8d0186b048d8/screenshot HTTP/1.1
20:58:36.016 [Forwarding screenshot on session f38f5520-bd02-11e6-b34a-8d0186b048d8 to remote] DEBUG org.apache.http.impl.execchain.MainClientExec - Target auth state: UNCHALLENGED
20:58:36.016 [Forwarding screenshot on session f38f5520-bd02-11e6-b34a-8d0186b048d8 to remote] DEBUG org.apache.http.impl.execchain.MainClientExec - Proxy auth state: UNCHALLENGED
20:58:36.016 [Forwarding screenshot on session f38f5520-bd02-11e6-b34a-8d0186b048d8 to remote] DEBUG org.apache.http.headers - http-outgoing-0 >> GET /session/f38f5520-bd02-11e6-b34a-8d0186b048d8/screenshot HTTP/1.1
20:58:36.016 [Forwarding screenshot on session f38f5520-bd02-11e6-b34a-8d0186b048d8 to remote] DEBUG org.apache.http.headers - http-outgoing-0 >> Cache-Control: no-cache
20:58:36.016 [Forwarding screenshot on session f38f5520-bd02-11e6-b34a-8d0186b048d8 to remote] DEBUG org.apache.http.headers - http-outgoing-0 >> Host: localhost:25620
20:58:36.016 [Forwarding screenshot on session f38f5520-bd02-11e6-b34a-8d0186b048d8 to remote] DEBUG org.apache.http.headers - http-outgoing-0 >> Connection: Keep-Alive
20:58:36.017 [Forwarding screenshot on session f38f5520-bd02-11e6-b34a-8d0186b048d8 to remote] DEBUG org.apache.http.headers - http-outgoing-0 >> User-Agent: Apache-HttpClient/4.5.2 (Java/1.8.0_101)
20:58:36.017 [Forwarding screenshot on session f38f5520-bd02-11e6-b34a-8d0186b048d8 to remote] DEBUG org.apache.http.headers - http-outgoing-0 >> Accept-Encoding: gzip,deflate
20:58:36.017 [Forwarding screenshot on session f38f5520-bd02-11e6-b34a-8d0186b048d8 to remote] DEBUG org.apache.http.wire - http-outgoing-0 >> "GET /session/f38f5520-bd02-11e6-b34a-8d0186b048d8/screenshot HTTP/1.1[\r][\n]"
20:58:36.017 [Forwarding screenshot on session f38f5520-bd02-11e6-b34a-8d0186b048d8 to remote] DEBUG org.apache.http.wire - http-outgoing-0 >> "Cache-Control: no-cache[\r][\n]"
20:58:36.017 [Forwarding screenshot on session f38f5520-bd02-11e6-b34a-8d0186b048d8 to remote] DEBUG org.apache.http.wire - http-outgoing-0 >> "Host: localhost:25620[\r][\n]"
20:58:36.017 [Forwarding screenshot on session f38f5520-bd02-11e6-b34a-8d0186b048d8 to remote] DEBUG org.apache.http.wire - http-outgoing-0 >> "Connection: Keep-Alive[\r][\n]"
20:58:36.017 [Forwarding screenshot on session f38f5520-bd02-11e6-b34a-8d0186b048d8 to remote] DEBUG org.apache.http.wire - http-outgoing-0 >> "User-Agent: Apache-HttpClient/4.5.2 (Java/1.8.0_101)[\r][\n]"
20:58:36.017 [Forwarding screenshot on session f38f5520-bd02-11e6-b34a-8d0186b048d8 to remote] DEBUG org.apache.http.wire - http-outgoing-0 >> "Accept-Encoding: gzip,deflate[\r][\n]"
20:58:36.017 [Forwarding screenshot on session f38f5520-bd02-11e6-b34a-8d0186b048d8 to remote] DEBUG org.apache.http.wire - http-outgoing-0 >> "[\r][\n]"
20:58:36.374 [Forwarding screenshot on session f38f5520-bd02-11e6-b34a-8d0186b048d8 to remote] DEBUG org.apache.http.wire - http-outgoing-0 << "HTTP/1.1 200 OK[\r][\n]"
20:58:36.375 [Forwarding screenshot on session f38f5520-bd02-11e6-b34a-8d0186b048d8 to remote] DEBUG org.apache.http.wire - http-outgoing-0 << "Cache: no-cache[\r][\n]"
20:58:36.375 [Forwarding screenshot on session f38f5520-bd02-11e6-b34a-8d0186b048d8 to remote] DEBUG org.apache.http.wire - http-outgoing-0 << "Content-Length: 49622[\r][\n]"
20:58:36.375 [Forwarding screenshot on session f38f5520-bd02-11e6-b34a-8d0186b048d8 to remote] DEBUG org.apache.http.wire - http-outgoing-0 << "Content-Type: application/json;charset=UTF-8[\r][\n]"
20:58:36.375 [Forwarding screenshot on session f38f5520-bd02-11e6-b34a-8d0186b048d8 to remote] DEBUG org.apache.http.wire - http-outgoing-0 << "[\r][\n]"
20:58:36.375 [Forwarding screenshot on session f38f5520-bd02-11e6-b34a-8d0186b048d8 to remote] DEBUG org.apache.http.headers - http-outgoing-0 << HTTP/1.1 200 OK
20:58:36.375 [Forwarding screenshot on session f38f5520-bd02-11e6-b34a-8d0186b048d8 to remote] DEBUG org.apache.http.headers - http-outgoing-0 << Cache: no-cache
20:58:36.375 [Forwarding screenshot on session f38f5520-bd02-11e6-b34a-8d0186b048d8 to remote] DEBUG org.apache.http.headers - http-outgoing-0 << Content-Length: 49622
20:58:36.375 [Forwarding screenshot on session f38f5520-bd02-11e6-b34a-8d0186b048d8 to remote] DEBUG org.apache.http.headers - http-outgoing-0 << Content-Type: application/json;charset=UTF-8
20:58:36.375 [Forwarding screenshot on session f38f5520-bd02-11e6-b34a-8d0186b048d8 to remote] DEBUG org.apache.http.impl.execchain.MainClientExec - Connection can be kept alive indefinitely
20:58:36.376 [Forwarding screenshot on session f38f5520-bd02-11e6-b34a-8d0186b048d8 to remote] DEBUG org.apache.http.wire - http-outgoing-0 << "{"sessionId":"f38f5520-bd02-11e6-b34a-8d0186b048d8","status":0,"value":"iVBORw0KGgoAAAANSUhEUgAAAmUAAAHhCAYAAAAvRsl0AAAACXBIWXMAAAsTAAALEwEAmpwYAAAgAElEQVR4nOzdeVzUdf7A8dd3ZpgZBrkURQexgFDUSHQ1jQzNq9QOS7PD6pdtq23tWlZ2udqm2VrbYZdbdtillrotZlp5bVqZLuaZZJqQB3ihgFxzf39/jJggx3dggEHfz8ejRzLz+X6+n+/M93jP51SSk5NVznPpHVo0dREa1Ij9xU1dBCGEECJg6XQ6PB5PUxcDXVMXQAghhBCiKen1+qYuAgCGpi5AIJCaJCGEEOL8pdfrcTqdTV0MqSkTQgghxPnNYAiMOioJyoQQQghxXguU5ksJyoQQQghxXpOgTAghhBAiAEhQJoQQQggRAIKCgnzeZvDgwaxevZrVq1czdOhQv5RDgjIhhBBCnNd0utrDoeDgYAYOHHj67/Dw8NP/jo6OPv3vgQMHYjKZ6lSOwBhuIIQQQgjRRGobfRkcHMzMmTO5+OKL6datGy+99BItW7Y8/X55gPbAAw9w3XXX8dNPP/Hoo49it9t9Kofi64z+anwa424aROeYVoSYDNhL8vhtx3e8+95yChXFp537Iu1PU7k29hAvT5lDbgPupzI18SZenno73S6IwqwHty2PTcve4aGXljZaGQBUNZHpH79A75Yn+fjB2/loT/0/A1W1cvdTE4g9sJxpc9f5oZSBQbUOYvKEQYS581n+/EzWFf7+WanhaTz+6DAiOUr68y+yobDxzqXqlJc3xO0+/Zrbbafg8B6+emM+mYrSqOe/Gp7G409cS+TJTF6d8V6F/anx1/PUn/tB9nKmzV7le96qlbsn30+nEHCf9a4eSn7hjUr7PFN4nzt4YmQcq15+mlW5Dfw5WAcxeeJVkLmUZ8+4PtTwPjz+xAiKVs1h9qqsBi1DXTXWffrM7yOjw908MTLW5++muV2vomqqNY3777qKi9pGYNKD217ArvVLmb14AwDdb32Im3u04+Tur3n2bd/vHTXxR94JCQns3bu32vfT0tJ46qmnTv9dWFhYoaasqtf+/ve/8+233/pUDp+aL9XudzB7ylhSk2IJcRWQk5MHYVaS00bz7FO3+bRjX7VpF0NUbDsiGnQvFanqTXz+7ykM6hZH64hQQkNDiWgdx6C7ZrBk2rWNWBKAEOKS4mgXm4Q1xF95mmnXIZoOcW38lWFgMEcQEx1NtDWJ/oMTKryV0L8vSdZooq2diGvVROWr7FR5rdFRREV5/7PGxpHcawiTXnuYeFVt1PNfKVzH3pMmohPTuOe2rhXeu3vctcRFhXFoc0YdczcTFll+nNFYrVasVivRUeWvRWKuYetW7eOIjupA65oS+Ys5gpioKBLTxjC2+xm/XVu1JzE6mrYRjVEI3zXmfbpVdBzRUXG0NkOr9rF1+26a2/UqzqKqaTw7Yyy9Eq1EhlqwWCyERlrpNXw8M8b2ASChcxeio6KIj23t9/37I+/aaspWr17NkiVLTv9dOSCr/NqSJUtYs2aN7+XQmlBV43l47AAsuNmR/hIvLck8/fqDLzxJSlx/bo2fz4Kshvkl43QBbhc2reW1jmL2jCv57/T7WFzHMnW8ZyBxABxj+Suz+GJfG8ZPfYBuERB3zW30nfI53zVirZ3TAZgcFOd6/26jqhyt7/7d4HbVu2gBp7wWJuaSy2Hx77UZl196wal/uWj6uZtPsXkvxOylzzFtibesqmrl7umTSYvtRO8EKPXx/K+vRTPmcsm7E4gbcidp8x9jnaJgHfoQadF68jLm8faGwjrlqyhZvDJpPOA9xsdnzyDJsIep42b8XjtW0zntdAF2So+DqoajKHUrhya28vPISNo9j7P2vplkKcrp1wPxsmns+3TWkmk8mBFOYa5CfLILcNfpumpW16s4S8ywnlgByGf9woV8fziSEWNHkxgK1suH0OW9H8j8YTVtDrcgZ/Nav+/fH3nXNvoyKCiImTNn0r9//9PBV15eHl999RUAV199NVFRUYC3xmzmzJlYLBafy6G9T1mPfnQJhdI9S09f6OC9yc6a/z2v3ZuMuX0MZOXSZ9QD3HZ1CqF6AAfZ69OZ9vaXAIR3uZ4Hxg4jLsoIQFHuVuY/P4sNhQrh3Ufx6D1XY7XowV1Kvt1ESGkmzz3yYoWiqNY0Hp94M0lRltN5zH1yFlsq3cwNGKjPUyykPOp1uSh15PPdqqV8SxT//msqHP+ZI3ibFZ+aO4sRPWMxAK6ibD6d+QjPLd2DmngTc2f9lZ6xp+o3XEXs/OY9bn3oXRLveIn3J16B+1guzpZxtDa5WP/K3bx48kZmPXgNsaHer6bgwHr+OXY8nx8pL5WRK1/8N3d164gJKMhexYTrJrK1nsGZqsbz8AsP067sOKbYWEKB0iM7+O82GDwkGSPgyNvF3GdmsqFQwdrnVu69rT+xod7v0V2Uy+r5z7NgQyGq2oVx0+8hNTYSgLwDuViijax4+hHScyK46cFHGZ7ivYRxHGHN3Ff5aEMuqhrPuOl/Ob2duzSX1e88z4ItPj54baAH3A43xthLGBSusqpQQQ0fRHerkfzcfCKtplPH3Z1xT91Gapz3YsJdyp7v/8Ozc1dhHXQfk2/pSmm+m6ioUACO7FjGP15cRAEJ/inrmYJ+r2JQlFw+W7eftDFJtIuP4cxK9eo++/knh/HypIHkLXuJZxd7r9H46x/jyRHRLJ0+kSU+PIgVZQsvfrKVWWNSGPX4MNbO3Me9I5OhdBf/emMlKAqqGs+dj49jQNKpDq6OPNbN+xdz12Ux9KF/MrL9IZ6d+CJZioJ10H08dUsc6VMf4cvTTVtmym+DEUBu+fENeoCnbmnP8qmPsCTX+7099+JN5C99jkUAWOj3t9cYERUKuMnd8RXPv7iIQkXRfG/Q6vRt2pLEnx8czKRXVlG5Kq+6fSY99Rr9Q3fx9CNvkEMM9z83mR7GvTw78UX2EsHd05+lu+s7pix1/n7fA/IPZPDOlDfIrEuZNd6nrfEjmHxLV4qO2Im2RgJuDmSsZk9oLwYkef/O3bqUya8sqeUaOfVdPfsIO3wvrZdP12v155z3eu2GuxRCQ43k71jIxE9K/Ho+iKqZQ1p4/+F2Y3OeJHPLBnYSwfRRF8PJbAqADm0TSeoaTQfzQZZsyKX7qIe45+pkLHpw5GWTVRZKotXCjk9mMCuzF889dS36nB0cMnUk2WrBG0ssYloVzZNhZ+Sd/oOZB194mC6WUvbtdxCfZEWP97t/88lZ1V5XNXXM79u3LxEREbRp0+Z0QFZQUMDo0aMpKioC4L333uOzzz4jIiKC8PBw/vKXv3D06FEKCgr47rvvNH+WmpsvExJi0eNm05fpZ72nbJnLhPEPMXddLuFpDzB+eAqW/F2kz53H+j0niUsdzcw/paGqfXh00gjiouxkLJvHwjU7MFlTGD/9YaxqHx6dMByrIY81C+exIrOISIseY5i50j2wK5OfGktSlJ316fOYt2wremsKE164n3BVxdq9D4MGpdGvVxv06Inp1Y+0QYNI627V/KGU27J0FYcADO0YNWk227dv5tuJKWSueIdRd09jj6Lwl4/fZVTPWAyuIg4cKsAQGseYGW9yf6LK9NeneAOyokPszj6EyxBK10H38liKSkhYa0INJiLaxdHaBFDM7uKrmD9lBLGhBuwFhyhwQURsKjMWvMzv4zpMdOzWkZOHjuECIuIG8fT063w+tqoEWSxExcZyeN0yVmTkYolOZviQLuxbt4w1O3IxRiUxbHBXVHUQj4wfQqz+CMvmzWXesgxKQ60Mue0urKrKTU/dT2psJNnrlzFvWQaWWCsWo4UgMwx+8CmGp1jJ3bqCuXPTybZHM2D841wfr9Lvwb+QGhtCRvpc3pq3hnyLlSH330+86lO3x9P2b8vEQRSX9vc2iSQMTiWSPLb8dITy3yN3PjuB1LhIdqxZyNy56ezKM5CYdgOjrCrmkAgsegtRkaWsmDeXZVtziU4ezqN39/B7WV2AIciEqoYTHh6ONT6NPw5K"
20:58:36.376 [Forwarding screenshot on session f38f5520-bd02-11e6-b34a-8d0186b048d8 to remote] DEBUG org.apache.http.wire - http-outgoing-0 << "BErZm5lzRsrB1X72MTt3UeDWk5jan3BVRVXDGdg3CX3pEXZU31WiWoWrXmHZnlJCk0bywgv3E6t3sOaNU7VFwIjJDzMgKdr7Xc5bwQFXFGljH+bWLipGcxj6sBan8zKHRGHUh1G5xa+8huTM307mkHCM+jAs5WlbRRCpN2I6I2iNjLSzZuE81uzKw3rqO1HVLjXeG+rCAOxKn8eOIohKucnbjHlGYWva56FDpRijutIrBojpRVK0BX1kAr0TgIhUusdasB8q5N57h2N1Z7HwrVdZuC6byNhe3Pvg4DqVV+t9uvzcjrY6WJOeztZcO7G9hjCgQxlr0pexK8+NNWUg11vVWq6RU99VnUpbkZbrtaZzzntMRkJDT7JrzwH27Xf6/XwQVdu7PoM8AH0UA8ZMYu7cd3jt5kSy/7eUqc99RK6i0L5dNKEWC6EtQlD7/In7h58KyPKPYI+MIyk2Cr3eQnhEBBBEqFFPVFwKydFu8ovcgJG4VO95V9mZeQOEWCwYLVEkJlk5mVeEGwi1pnDnuMuqPQa3++xeruWefvppJk6cyJgxY06/9umnn6KqKmFhYYSFhaGqKp9++unp98eMGcPEiRN5+umnffostdeUnWo2KDpVY6Oq8UyePYXE01ejm13pz7Kra0cgl3cemckGRUFdm4Hl5Vmk9O5Lr2wbVmDHvJnMXpULrGIf05g0oBNX3W7GCmyd9xgfrVPgy1UYZrzDgKiKN2zL4MEkGiFv60pW78jFTBb/TUhgeFI3hiUkEHf/eBLPqIVMGTGWFIDcFazbssCnD0fZ8y5D7nQwd8afSImNwICBiNiujBg/g2uGXc7Nw35kWDdvLdimj59i7Is2Xl/zKv1at6bvtd154/XplPTqTF7GGo52uIYH/9iO1gZHpWr4Y7x/5wBeLOnIPU+8iwmwZ6fT6/qpqH0f4t9P9ONkpSfq7sUPMWraKh5a8D13dQ3Fmpjo03FVR28A94EVPDt3Map6kIvfH09U9len/t5L0vsTvAkjclm/bh3OrV+TngVd4438lteL5MhwIriM7nEWHNnLmPb2YgCymMqU4TFAApd2iYSiXSxduhF7OCz98kImjE6hW48EMvQGQE/bhARarN/I3Lf2EWU/eDoI8IUBsOds4peuySRfejksyaJfzzjIXcH3xzowwHsg7NuyhjX/28OH6T+T0DWevYfySYoOPbPSiox3HmPBBgV15TZiXptFSvcrafOb/8oK3uAkdsgE3h9S8fXcjP+wJFfh+vIXavzsN7NiYx7jU7sxLAHmM5ieUZC7bkWdy7Voxqd0f3cs1igLR9bP5aNMbz6q2odLEy24D6xg8ive62ptppM5M4bTo/9gvL8Lz2zg8/5bWxNUpbRV1HZnvPMIH21QUJdn0Pq1WST3HELyAVsN9wZYUMc++SYymfnmOuZMSiNt7MN8PeXn00cWUcP9qN1n3+BIHUK3XjF840jCW9dqIbFHAhEl3QnFwQ+rdxHXE7BE0jGxA+vWfsxbe9tjP/hr3Qqr8T696NRfGW89xkcbFMIdScwancTWT5/no3WFhDs6Mmv0BVjMtV0jvnyv1dN2vV5W4zm38dRvl4y5zzB7XSHhgx5glg/nw9ChQxk2bFiF15YvX86XX35Zz6M79ym5X/LIdCePj7uOxOhQ9OgJjY4jbcR4Lr8smamPzcF5xtCeEQOS0QOO3HWMnzwXVR3Ec++OIfqMZ7c3dR4LH36E5QU9mD5nArHGCg0KpzkrDRsq/+vAin8ydUEmo6a+wfA4C5Ht2ld7DDUFZVWxWCwVptHQ6XR1aq6szMcpMSx06BIDubnAcf733XoKWoDTEktqSmyFX7Llg0AVpZDdR0pJCYOgEDPg5lBWDuC9uRec9N5xvbGvm6MHf9/byRI7Z1QRARAa4Y2Eo1JGMyXlzHeKcLKXN6ZOJoQSSqKv4/kJffnu1af5/AiElPy+T61Srr2Dq7pY+f7lUYxdGc7g0UMYduN1DOraDkPsQG4ckX+643XPu15ix12/bxtz8R8w04vhQ1OJGDGq+p0U7WPNFlCUPZhPzV3nOOm9oyrfvcSo4S+d+nzKD7aIjM9XAgp2l/ckcvh0VDXQQ/7h8lqZo5S4gezygLCQEre35UYpzKTAMIqbJsxgxJnbl7qwJcQRBeRk/t50sjfzAO7hMQS17ESkETAmMX7KlAq7jkhIZvnMuXR8diwpyWmMSU7D24TyFds2763TiDG941dWbM0jObUrfayDSI6GPQuXczzo/lMpCvj1KAy7eTzvVzyQCg+ZopPe/ytKIbtzSklJbEHmi3OJ8WdZgbwda1jz80mMxiCCKGHvjvVsyarUHFqws/rPHti57DvuSB1Bj4GXke3qjZEivvtsM76e++UUZR3f7RnF6CQ9m5at/T2fmGhCgf3bt/2eOCeTfY7hxLdtXa9uA1Wp3H/rzO/k55xSkhNNtIrw3tGrvjfUQ1AESuZc5mV0YmyvZCbcG3T6pt+qpvvRkY1klQ4hvls/hrk6wJEd7NAn06nL5QxzXQClv7B2717WzlvDxJsHkDJgBCkDRoAjn/WLXmdLnQd2arhPOwEcHD166jiMeqCUnF8LAIVW3pZxnBqvEX+o9XptWcs5l+Mt19HyY6jxWXG28uCrPDCTgEy7+D6D6B3Xmu2fTmHm5hB69OvFZf370isuCn10T/olzKH0jPRBpzoGGPXlV3YmR0shOrRSxqX5/FIAUEiJCzD68gOglO0bdwIKzlPPypr6gbpc1b87Y8YMOnbsSHh4OEOGeH85Dxs2jM8//5wTJ04A0LJlywpB/VdffUVRURG7d+/WXGLwISjbu2M3pSMSSR52C/ErXyRLKWTVgrdZBajh19NzViwAQVWMYGgbaQEMGIMA9ES2j4BTDxvzqTYKPWe/FxZiOmvcvLPE+8Ke9Ok8e6pTtLX79QzvaSHzOBQW5lIIqLgwYsRVmENhrkJhHR5Kl4++lzHdQuG6i/ll5e2sWrSHlXtasenDUZhwwL5M8lwQaoBN70/mH2vyGXLjzSRH5vP9p04mzk4lAheb5j3F2Jn5fLJpNl0rN1sbz55F2BjmHWakJj7EivkjIfcX3vnTq79/Bj4fiTYGoOyMqNgAuMvsFf4GsA59jDGpceTvWceb6WvZkpnFrdPeYUg0sDeHk0B0QiLgDcwSusSiB5wn9lHkhqgjaxg7+SPvMYZ3587RKeRtyiChXypH/zeXu9KzuGzwYFKvvJLklMEMS1hUp1oOQwhsXr0ZR+oQRt4/jEjySF9eQMjph0sP7h07gOjSA6S/9QkZP+yEEZOZMeKCM3KpeAK2j7KAvRhLvwT/lhUo2vs9X35Z88Ythz1e/WcPKLlL2JR7LWk9RzKSKNwH1vBlPacRMJZ3gD3zF2pOPqVAh0u6wan+a0RcQJQR8g7kwKlBUOWxmc2X339Bhooblzgrbe2g7NR7qhpOxxgL2O2UlHhfq+7eUF9r33iVni9PIzkpCYDD2LDVeD/ay9GdeST1GshA9OSu+S//NbQhOW0AQ4Aj6zeRQwLDYuDrNx5kZUE8w/pdxuCBvUi96SZWr5zpcw2n1vt01Qxn9ZfTdo34R63X64lazjniKhxDzd9N1WU4MwiTgEy75AE3MCTRAn3j2HffDLasy2XzwTDmTBmAsYpQ6GhBKWDBTSjhqkpBQi/aVw7IGllNQdkXX3yBy+VCURR69+5NeHg4rVq14q233uLrr78GvLP7t2rlfXYXFhYydepUVFXFYDD4VIOm+U6pZC3m0/XdGZuazJTZz5GxYRO7D5XQLu4SuvdOwgi4nDY2b9vH8LhExj51N3y8lrYD7yItGop2ZPDNSifXDI+j15hHub7oXfa06sc9Q2LBfYCdH68hflAive78G2NDvsbWeRADrHoqhNcYKF2+hiOjk0gcNo5b8z9ko6ML4+4ZTrQ+j1/mzP+9QqAkm4wdGWTX42b8+sJvGd9tGIR2Y/aW9Rw6ZqN1u9beD811iMwtn0PWVOI6mug58l4e7ljGpakdve//74VTp6KB6E5X8vq/u50KyIJpH1ux+q/F6f2t54/dhmGKG8X3X/fG1qIdrU0GiHSw9Qj4ZxGH2mgfz152"
20:58:36.377 [Forwarding screenshot on session f38f5520-bd02-11e6-b34a-8d0186b048d8 to remote] DEBUG org.apache.http.wire - http-outgoing-0 << "7ABZOTaGjp3KkNjy72otG/fczPCkEUz9UxDr89tww/A4vG/uZM9+B3Fx/XjyjkN88v1xBt5+D6lxFnZlf40xdTBD4q6mDe+wKCOTxEvTAHDWudbFDHvX8kvREJKtkTiyV7BOUYg/9W4QoRgBSo+z5+ccIvrdydgR3n5cv4fKevqNfZxDc5cSdPktpEbBkfXriek/1s9lpep6+QoMlNfRVP3Ze33930zSxiQTBWxd9Xk9ClSpeGf8W1HWsTP3TgbEDuSxW4+xdJeDwTePIBLY+suv0NIF+gu46abLWHc0kduuLT8HKipvrTjzyI8fLQTiSL3rTvam7+GyMcMwVtjKyPAHH+fom0sJuXwUKaFwZP1aMpaj7d5QR4qSy4uvr2b2lCF4f2aayVm+tsZ9rv1mO3f2GoAeN7/+uJnNpp6406LR42Dn92uBy+g3ZADRfeMIeuNjtm3Lpu/AXkSWFFGXW5fW+7R2Wq4Rf6ntel1b8zkX2bdCbrV9N9WdDxKM+S59zVZGJKaCJZFJ784mL99OZFSk9/p2Hyd7b8VGr20/ZUOvKPTRvXhx9mu4LaGVrvFTGnF6+5qaL8uDqkcffbTCtBctW7bk1ltvPSt9eHg406dP5/nnn/e5HD4d8rq3J+MofoDR/VPoNWA4vU697i49QsaKdGYvyQKeZWHMNEb3SmPCFO+DqujAema9uBxFUXh5biyP3JnGiAmnmq9Kc1n2xhQ2KAo/TI5k+uMjSRs9Bhz55Dsg0mA4dcN2gb2YAn7gH2/F8bexQxgydhJDANz5rJv7MuvO+FWpFG5g9ksbqM+dWFn6OJMTQ3jw9n60NoTSrp03lHcVZPPxkyNZqih8PvIJ4pY/TWpsLKmp3nJmr3qDez/6kDu6j2TSoDhiew4iliKOFdhpHWGi2/BrKck4Vd9V5qT4jP091aUNU8f0JLSddwSkqyCbd58cz266n6q0+f3EOVlSBkRgK6vntACu3/9nqPRyVX/nLF/KjgHxJKeOYVYqQBG5uUVYrW1JjoFFM54kePJTDEgdThxuirw/igCY//QrtHn2flIGjGGKt6MIuRnpPLcqFzVzEd0ev4WUEeNJGeE91ux1H7K4DpOEugCX0/sgXb8ll+Q0K5nrzxwubafUtpa1GVcxulcKk2bNArwjRd2xVhJ7dGVjeZVkWBJjJnlrR/Kz1/HqnB/IiWnht7KWl7fWFPZi9i3/qsbPPisXclb+l9wxyVgde1i5tqDmKSY0cJy6WZVWepZ/+OQbtH7uHpKHjCFpCICDXSve4pV1uagHV3DZYyNIGT6eFCA/9whua+hZD3LbqXP6zKwL1i5i3aAE0hIHMGHSACjKw4F35J/Ncer8tyQxtvw72bOGf8z5AUVRNN0bfOE9j34vnZK1gHfWJDJhgHeyHEXZUPM+d37PntIBJBn2s3UnwA5y3anElv7C6p3e7T9M7839I1IYPWkKowEcR1j20bw6T/Kq5T5tHVpxUg/v51rV3zVfI2tLztyu7hOFaLteIb2Gc67yMdX63Qi/UTa8zVvtLYy+OoVIvYWoU6Nd3UW5fPWm9/le3i/WXlxC4brZTA+5j79c041ISyiluQcoiY4lUg/FBQW/Z+w6I1Cq9Pyrir245Iy/fk9bYrMDobhd1bcz1danrF+/flx11VWn/y4uLqZFixYV0pz52lVXXcXGjRtZu9a3aTp8ntG/nDU+3hss2Y6TlXt2UKCGW+kaE4GtYCdZlR5UqhpOQtcYzLYCMrO8A+FV6yCmP34V2fOfYe6GQlQ1nAdfnkUKGTw48Y0qb1DxXbpgttnIzGr4WbVT+valBVB8ZDdb9xw96/3ElL5Et4Aju79lz9EzZqROTOGKaNj97RbNc4qpaiJXXBENxUf4busefx2C31njuxBBxc9fVa2Me/YRYn9LZ+rb3lnQu4+dwYS0KFZMH3d6fqTw+HhizGYKcnaSW6l5zRofT4QZcnbWrX+Wr1RrPF0jzi5L/PVPMmVEDOmT7+Mbc1da2c4+lxu7rL/v9+zPvpwaPpSXZ42GjLk8NLvhV2rwfpdVfwbeazSHzMp947Tka40nJgIyM6u+vuO7dIGCnCrvP415b/DHPqu6J/pDbfdpzeWr5hppKjWdc1VpivPhfBXfpQtmwFbNtQkQP/QhHhtxISfz8/juw6dJLxjGc9NGE60vZVk95hatD6vVSm5u9deewWDghRdeIDk5mSVLljB16lQmTZrE7bffDsBnn33G008/zbRp07j++uvZtm0bjz76aI3NolWpc1Dmb2r4IF6YNYYoSjmwJwdj23iiQ/Vkr3iVaQu2NHXxhA/umPEOA6x68nOzySOCRGsk5GUw+ZE3GnWJrPqKHzWVKcM7sGL6HxtsUmR/UtVw7p4+nbTYUKCI9Ml/ZUkDL0UkhBC+UrvcwZxJA85usnTs4Z/jZtRtjr56atOmDUePnl3hUk5VVRwOB1dccQVr1qyhRYsW3Hjjjdx/v3cgygcffMCHH35IcXExAwYMYO3atZjNZhQfj0UfHR399/ociL8o9ixW7CnhQms72rQMB9sRtq76iJcXS0DW3Gxb/RNBMVaio1sSqnNwcOd6Zs94j/3NKCAD8Jhak9CmjJ3/28C+osAvu6LYibqoF7EtytiydC7zt+Q1dZGEEOIsyrHtZOZbiI4w4nY4sZUUcSR7Mx89/yo77E1zrzWbzZSVlVX7vqIo6PV69u7dS0iId2Rv69at6d+/P+Dti5iVlYXRaOTXX3+tU0AGAVRTJoQQQgjRFMLDwyks9K2Jv6ys7PQ2YWFhTTFPmRBCCCHEucXXyWMBgoODCQ4O9ms5NC+zJIQQQghxLvK1Q35DkaBMCCGEEOe1utSUNQQJyoQQQghxXnM6G2qtHN9IUCaEEEIIEW8cvJwAACAASURBVAAUytcCF0IIIYQQTcagqhKTCSGEEEI0NWm+FEIIIYQIABKUCSGEEEIEAAnKhBBCCCECgARlQgghhBABQIIyIYQQQogAIEGZEEIIIUQAkKBMCCGEECIASFAmhBBCCBEAJCgTQgghhAgAEpQJIYQQQgQACcqEEEIIIQKABGVCCCGEEAFAgjIhhBBCiAAgQZkQQgghRACQoEwIIYQQIgBIUCaEEEIIEQAkKBNCCCGECAASlAkhhBBCBAAJyoQQQgghAoAEZUIIIYQQAUCCMiGEEEKIACBBmRBCCCFEAJCgTAghhBAiAEhQJoQQQggRACQoE0IIIYQIABKUCSGEEEIEAAnKhBBCCCECgARlQgghhBABQIIyIYQQQogAIEGZEEIIIUQAkKBMCCGEECIASFAmhBBCCBEAJCgTQgghhAgAEpQJIYQQQgQACcqEEEIIIQKABGVCCCGEEAFAgjIhhBBCiAAgQZkQQgghRACQoEwIIYQQIgBIUCaEEEIIEQAkKBNCCCGECAASlAkhhBBCBAAJyoQQQgghAoAEZUIIIYQQAUCCMiGEEEKIAGBo6gIIEchK7SoHTqgcKfSQX6JSZAOHS8XjAYMeTEEKYcEKrVooRIcrxETqMMpVJYQQog7k8SHEGQ4XqmTsdbP9gJvMHDeHC1Sfttcp0CFKR5cYHd066OkVryfcojRQaYUQQpxLFFVVfXvqCHGOOVaksnKHi/9musg66vFr3grQ7QI9gy42cGUXA+Ygv2YvhBDiHCJBmThv7TjgZtFGJ+v3uGmMqyDEpHBNdwMjLw2iVQupPROBY85PC3l758Ja02XcvLgRSiPE+UuaL8V5Z+dBN+9+42Tbfnej7rfErvLpBifpm5zc0CuIMalBWEwSnAkhhPCSoEycN44Xq8xe6eCbn11NWg67Cz75wcmK7S7+epWRtCS5DIUQQkhQJs4DKrBiu4s3VjoosQdOa/2JEpWnP7PTv7ObiUONtDBLrZkQQpzPJCgT57RSu8oLyx2sbeLasZp887OLXblunh5l5qJomTpQCCHOV/IEEOesnBMe7nvfFtABWbnDhSoTPijj218Cv6xCCCEahgRl4py086Cb+9+3ceC4f6e4MBkgIkShdZhCZIhCkN5/edtd8PS/7SzdLIGZEEKcj6T5UpxzNv/m5m+LbNid9csnrrWO7hfq6RKjo0OUjvaR"
20:58:36.378 [Forwarding screenshot on session f38f5520-bd02-11e6-b34a-8d0186b048d8 to remote] DEBUG org.apache.http.wire - http-outgoing-0 << "OkyV5hlTgWKbSs4Jlb1HPew86ObHbDd5RXXsu6ZAsLF+5RZCCNE8SVAmzinb9rn520Ib9jpWNrWNULj6kiAGJxtoG157x3sFCDUrJFkVkqw6hqcYUIGfczys2OFk5Q4XNo3BoaLA49eaGHSxXJZCCHE+kru/OGdkHfXwt8X2OgVkF0TpuP3yIPp1NqCvZ6O+AnSJ0dElxsQf+xv5LMPJoo0uyhzV155JQCaEEEKeAOKcUFCi8uRCG6U+TnkRbFQYmxbEiJ5B9Q7GqhJqVvi/K4xc0z2o2jnSJCATQggBEpSJc4BHhWnpdo6d9C0g6xKjY8oNZtqENfz8YK1aKEy5wcQVnfS8uNxB6alaMwnIhBBClJMngWj2Fqx3sm2fb0smjegZxJ8HGTE08vjj/l0MXNRWx+SFdnLyPRKQCSGEOE2eBqJZyzrq4cNvHT5t88f+Rm5NDaKp5s9v31LHq3ea+TnXQ5+L/DinhhBCiGZNgjLRbKkqvPylHZcPU5GNG2Dk5j5BtSdsYOEWRQIyIYQQFcjksaLZWvmTi8wc7RHZyEuDGB0AAZkQQghRFQnKRLPkdMP767Q3W6ZcoOfegcYma7IUQgghaiNBmWiWVu5wcaRQ22jLsGCFJ683oZOITAghRACToEw0O6oKCzdqX0Ppz4OMtGohEZkQQojAJkGZaHa27HNrXmi8S4yOwTLlhBBCiGZAgjLR7Hy1Tfs6Svf0N6JIJZkQQohmQIIy0azYnfDdbm1BWZJVxyUXyLQTQjQbqsf7nxDnKWnXEc3Kln1u7Bq7k93Qs+kmiG1W3G5ce3bh2L4Z155fcOccwHPsCGppKarDjmI0oVgs6FpHo2/fAcNFnTB264Hhok6gD4CgV3WhFm1BzV+HWrQFyvai2g6CuwjcpaAYwBCBYrJCSEeU0O4oEVeghPX0vtfECktVNmW7+emAh71HPRwu8FBYquLygEEPkRaFmJY6OrXT0StezyUd9A2yTmtjUm1lOLf+iLP8nMs9iCf/OKrDO6JaMZnQtYzynm8dO2Ps0Yugi1MC43wTogEpqqr6tmCgEE3otRUO0jfVHpWZguDfD1gINkpYVh3Xr79g+/Jz7N+swlOY7/P2uohITP0HYx56HYaEjg1QwpqpRdtQc+fiOboYHEd9zyCoFbo2N6LE3IMS2t3/BayBqsKGX918vtnJpiw3Hh/uwi1DFK77QxA39DTQwvz7+f1Npotvd9e83NiFUTru6Hv2XH1zflrI2zsX1rrvjJsXay9oZaqKM3M7ZUsW4/j+G1S73afNdRGRmK+6huAbbkEX1bru5RAigElQJpqVce+Usfdo7c0b/TsbmHKDqRFK1Pw4d26n9IM5ODb/z295Gv/QG8td4wnqfLHf8qyOWrgBT9Y01BOr/JanEtkPXfzTKBGpfsuzKiqw8Vc3b//XwW/H6tdMFxqscO9AI1ddYkAB3lvrYN73Nf9g6dZBz0u3m896vaGDMufPP1Hy9ms4t2+p0/ZnUoKMBI+8Bcvtf0QxB9c7PyECSdPX3Quhkd0JWRofZN0vlGaOyjyFBZT862Vsq770e96OHzfi+HEj5sHDCPnzRHRh4X7fB8483LsnoR6e5/es1fy1uH/sjxJ9M/qOL4HR/zUxJ0pUXl5uZ/2emmuztCoqU/nnF3Z+zHYzaXhg/gBR7TZK5rxG2ZJF/svT6aD0kw+xf7OK0MnPNMoPASEaSzPvmSDOJ7/ledBar3tJBzm1z+Tcson8P93WIAHZmWwrl5M/7jac2zf7NV81fy2ujX9okICswn6OfIprYw/U/G/8mu/WfW7+9HaZ3wKyM63Z6WLKIpvmvpaNxZ1zgIL77/JrQFYh/8O5FEwch+3rLxokfyGagjy5RLNx8IS2WjKjAWJbyqldzrZ8CQWP/QXPibxG2Z8n7xgFj9yH7aul/skv933cW64G+yG/5FcrxxHcW4biyXnbL9mt2OHi0QU2CkobrqfIpmw3i/8XOFGZ69dfKJjwR1y/ZTXwjlwU/XMaZf+e37D7EaKRyJNLNBtHT2p7qMW01MncZKeULZpH0UszwNPI0wx4PBS9MJ2yfy+oXzb7X8Hz8zhQ/V/DVCPVjWfX/Xj2v1yvbL7c5uK5pXbc59EsD67f9lIw6T48hQWNts/if83Ctjy90fYnREORPmWi2dBa0xAd1vAR2eOf2MjIauRA4Qz/ftBChKXm47R9+TnFb73SSCWqWvG/XkYJDcM8ZLjP23oOfYBnz6QGKJUPZdjzGBgi0Vnv8nnb73e7eXGZbyMMmzvPieMUPvEAalFRo++7aNZM9NZYglL+0Oj7FsJfJCgTzUaJTVtQFmI+96vJcvPVGoMy588/UTTrH3XOXxfZEl10OxSTGdVuw3M4F0+B79NmABS9NAPDBXEYOnXRvI168n94fr6vTvsDwNQOxdwBdBbwlKKW7QPH4Tpl5dl1P0pIJ5TwyzRv89sxD88usVHXBsvWYQptwnQE6aHUrnIwX6XUHuAD5VUPJ/8xBc8x36cnUUwmDJ26om8f6z3nSopxH9iHc88ucGlcwcPj4eSMyUS+swBdeKTPZRAiEEhQJpoNl8aKqeCzp2E65+QVeaiu94FaWsLJ6U+C27eaPENCR8zDR2Dq0xddm7Znve8+cgjHhu+wLfsPrqxftWfscnFy+hNEzlmAYrFoSH8S947bQPWtj5QS2gMl5o/oooaDyXp2AnsOnmNfoOa+g1q0TXvGqhP3T3dg6L0ZDGG1Jne64Zkldmw+dvHq1E7HtT2C6HORnsiQigG3qsLeox5W/+Ri2VYXJQEYoJV9/m+cWzb5tI0hqSuWUbdhvCwNxXT2CFK1tAT7NyspXfAB7kM5tebnyT9B8avPEzal7j9IhGhKEpSJZkNrPzFfJuJsrk6WVf9eydw38RzVXiukax1Ni788gik1rcYPWR/djuDrbyL4ulHYv/svxW+8iCfvmKZ9uA8fouTDObS498Fa03qypoFtv+byY45F3+lVlKhhUNMaDqYYdO3HQ/txqMc+x/3Lg2Cv/UEPgG0/nqyn0HWsvY/ZJz84ydYwl165NmEKD1xtovdF+mpLryhwUbSOi6KN3JYaxJz/Oli+VfsasA3NU1hAybuzNadXQsMI/eskTFcOqfGcUywhmIeNwDRoGCVvvaJpJKd97WocQzdi7Nlbc3mECBTS0V80G0Eapx4rczRsOQKBzVF15One/xtl6dqnIDD2uoyWc+Zjuryf9qhXUTBdMYDIOfMx9rhU877KPvsE94F9NaZRS3bhOfi65jyVqGEYem9GiRpOjQFZxa1QWl+PofePKC0Ha96X5+CbqCW/1Jgmr0hlwXrtJ2CveD1v3xNMnxoCsspCgxUeHmbiietMAbPcUtmnH6KWlmhKq78gjsg3P8I04CrN55xiNNLir5OwjL5DU/qSOa/IGpqiWQqQS1qI2rXQ2FesWGPfs+bMVc3zpnTB+5ofRqa+/Qmf/iJKaGidyqALCyf82ZcxpqZp28DjofSTD2pOsu95zeVX2tyI/pLFYKjjRLVBLdGnpKO0vk5betWN57dna0yy4Acndo0VWH0u0vPMTWbN53Vlgy428LcRpiZf31UtLaFs6Wea0upjLyDipbfQR7er075C/nifpiW9XFm/Yl//bZ32IURTkqBMNBuV+9lUJ7fg3A/KdFVcuZ7jx7Ct/krT9oaOSYQ++QwY6tmDwRBE2ORnMCQkakpuW/UlnhPHq37Tfgj1sLYpNJSwXui7flD/BcWVIPQXf4QSmqIpuXpkYbXzpRXZVL7cqq0jWXwbHVNuMGOo58ITaUkGbq9iLcvGZF/zNWpZaa3pFHMw4dNfRBceUbcdeTw4Mn7QXLtW9tkndduPEE1IgjLRbESHa7sZHy7wVFuTdK4wVRGL2FZ/rW0+MkMQYU8+g2I0+qUsislM6BPTQa8hwnC7sf93RZVveY58om0+Mp0JXdcPQOenpYV0wd78FA3BjerGc7jqiUrX7HRpqiXTKfDkdSbMfoqlbu9r5MLWTXcr1/pDIOSu8ejbd/A5f09hPqWffMiJO2+g8G8P4fq15ibkcs5tP9baXC5EoJGgTDQbsa20na5uD2T50NG6OQox"
20:58:36.379 [Forwarding screenshot on session f38f5520-bd02-11e6-b34a-8d0186b048d8 to remote] DEBUG org.apache.http.wire - http-outgoing-0 << "nR2g2tdqW6A7+IbRdXo41sRwYTzB147UlNb+zcoqX1ePaFvsWhf7FxTLRZrLpoUS0hld+3Ga0qpHq26qW5OpbbTr8O4G4tr479Zr0MHd/fwTYPtKLSrC+dP2WtPpWkZhvn6UDxmr3mldnvs7x2++hpJ3Xsd92PcVHcqW/cfnbYRoSjL6UjQbsa288zY5NTz7tu1z07Ftw/3mGNEziL6dtF8+1bW4VH45+5iHzzJqbwKLqDxlQnERrt27ai+IXo9l1G21p6uD4JvGULZkca19wpy/ZKKWllacHsNViFr0Y+07UQzoYifUs6RV03V4CM/Bf9VafvXkJnDlg+H3ubCKbSo7D9Z+YirALX38H0ClJuppF6FwqJGb7p0/bdXUB9A87HqUoNqPW7XbsK9ZQdmSRZprxGrijzyEaEwSlIlmw6CDTu30/KTh4bcpy81NvRuur02fi+rZGagan2/W1iepTaVVC5yZOzQ9HI09LkXXqnWdylYbfXQ7grp1x7m1luDK48GZuR1jzz6nX1ILf9BUfqXVEDDVrZN4rcyxKJFXop5YXUtCFbXwfyitrjr9SmaOB1VDPHTJBXraRvi/a76iwJVdDMxf37jrXzp3/6wpnenyfjW+7z64n7Kln2H7eilqcT1XAzAEYeo3kODrRhHUJbl+eQnRyCQoE83KJR10moKyzb+5KShRz6pRCnS/HtYQmCjQNrxiLaB7X7am/I29L69TubQyXppae1DGqfKeGZSVaKjlgwqBUENQWg3REJSBWryjQll+PaKtubyhgnmAnnH6Rg/KtJx3islU9YhJtxv7xu+wLVmM48eN9S6LProd5mtvxHz1degiZEZ/0TxJUCaalUsTtD14PCqsyXRxY6/mNb1/Zk7tD/eYSB3GSleuK+eApvx9WeqoLoKSLtaUzn2w0uSwpXs0baeE9fS1SD5RwnppS1hWMRjJOaEtKEtq13BN6okNmHd13Idza02jbxdTYbiwJ/8Eti+XULb0MzzHjtSvAIqCsddlBF83CuOlqVUPSxaiGZGgTDQrXWL0RIQoFJTU3lb0WYaT6/8QFDATbNbmeLFK9rHaH+4dq3j4qoUFmvaht7b3uVy+0Jq/p1J5VWeepu2U4ASfy+QLrfmrjorBxPFibX25Ylo23MloMSqarw1/UU/Wft4poWHejvuZ2ylbshj7utXa17OsIc/goddjvuaGBj+nhWhMEpSJZkWvgys7G/jPptpryw4VqKz92cWArs3jNP9+t7YHVdeYKoIyDfNEAehCa1+7sT4UjfmfVV63ttngMdRxjiutglppS1epvFpXkQivYRF5fwgzN3JQVmarNY37UA7548f4tl5qNYI6X4z5ulGY0gZWuVamEM1d83haCXGGoSnagjKAd9c66NvJcFZzXyBauUNbUNb9wir6JWldfLyBu9gpWuYqg7NrSlQtx66A0sDVnorG8leaT82jpZc/oG/gz7/xa4VrP25P3jHNa6RWRTEaMQ24muDrRmHomFTnfIRoDprBo0qIihLa6EiO1bPjQO2ByOEClU83OLmjiWc9r82uXI+m/mRtwxU6RJ395FWCLVWkPptaZqs4FYWfeTSuf3hWGfQhGrZSvTVUmtLWkfuktnS64Ap/Bhk0zjLvULFUMcecv5RVsyZqg/HTBMRV0cfEEnzdSMxDrq3zUmBCNDfNpLeNEBXdcpn2IOvj7x2aR8c1lffXaWv/6tfZUGVllxKiLVBxHz3sQ6l85zmibYJPpUWlh6zG9StVm7YBDXWllu2vPRGAsWIzZ3iwtkDr6MmGC5pUVXvfNn/Rhfm5OVnRYbq8H+HPvUbL9xcRPPI2CcjEeUWCMtEs9b5ITyeNo81cbpj2HzuljV2LoNH3u91kZGlrfhx8cdWV21o7Ozf0ZJquX3drSle5vEpwvLYdFG/ztUg+UTXmr5gvqPC31iXAGnKliZx8j6aJlf1JF93WP/lEtsQy5m5azV9C2NP/xPiH3g3fVC1EAJKzXjRLCjB+gPamk5wTHqZ9Zg+4NTGPF6u89KVdU9qL2+urXZ5H67JJzq2bNJetLhxbMjSlq1xexVLFPFZVUE+s8blMvtAyRxl4l2U6k9a1Jzf/1nBR07b9jX9yGzrE1Wv7oEu6E/a3GbRasJSQsfeiax3tp5IJ0TxJUCaarW4X6OnfWXu3yIwsNy98YccTIBVmZQ6VKYtsmkfLje5TfZOtobO2mcvt33+D6tA4VNBHqq0Mxw/fakp71kzr4b01bec5tgQ8tY/4qxN3CeqxL7SlDbu0wp+drdpupd/tdjdYbdZ3v9Rvmom6MCT5Pu+dEmwh+LpRRL6zgIiX3sLUfzAYArvPpxCNRYIy0azdP8RIqFl7x+mVP7l4Jt3e6M08lZXaVZ5caOeXQ9pqNy6K1pGaWP3IQH3bdujb1r78kFpUhH3lMs3l9IXty881Tc2hj4k9q0ZEMV9wVpNglZwn8ByeX9ci1siT+z64a1/iRzFfgBJcsawdonREhdZ+HhaVqaze6f/g6XCBqrkJ3J+CLulR/cKulehjL6DFA4/R6tPltJjwKIYLG3bOOSGaIwnKRLPWMkThwaG+jQBb+7OLxxbYONGI8zmd6dhJlYkf29i+X/tDdPwAY63PPuPl/TXlVfLhO5rnNdNKLSmm9OP3NKWtbh1EpfX1mrb3ZE0Hd7HmsmniKsTz20xNSb3lrPhlKMDlHbXV2n74rQO7n1dD+vh7h6a1N/1NFxZOUNdumtIaLkwg+NqRfh396zlx3LvuqxDnCAnKRLPXv7OBa7r7NrvLtv1uxr9Txubsxq1d2JTt5t73ynwaDXplFwM94mqfP8s8aKim/DzHj1H85iua969F8esv4CnM15TWNLDqcirtxmjbmT0Hz69PaC2aJp7dD4ND25I/1ZXzqku0nYNHClXe+cZ/Tcg7Drj5alvjN12WMw+6WlM6+7drcGz83n87drs5+Y8pFDzwJ0rmvIpq19Y3U4hAJkGZOCf8ZYiJLlXMdF+TEyUqkxbYePZze4PXmp0sU3n5SzuPLbBRUKp9X61aKPx1iLaaQMNFnQjqrG3tSduy/1C29DPN5ahJ2WefYFu5XFPaoK7dMCQkVvmeEpqCorVv2cG38OS8q7mMNeZ14A08hz7UlFYJ740S2r3K9zq102k+Bz/LcLJC42TBNTlerDIj3a5hCteGYxpwNYpF25QsRc9Pw+OPaVlUlaJXnsO5ZROoHkoXfkz+vbfj/Pmn+uctRBOSoEycE4L0MP0mMzGRvp/Sq39ycfvsUv612uH3eZ6KbSrz1zu5819lfLHFt4ewToHJ15u0L82jKFjG3K29bK8+R1n6Qurc7qWqlC2eT/HslzRvYrm9pvIp6C58XHNenl334Tn4lub0Z1Px7H8Fz+6JmrfQxT1Z4/u399XelP7PL+z1CsyOF6s8usDGsaKmHbmiWCwEjxitKa2nMJ+CxybgOV73Gf5xuSh6aQa25ekVXnYf2EfBhHsomfNagw1mEaKh6f/+97//vakLIYQ/mIMULks08O0uF6U+3pPdHsjM8fBZhpM9hz3oddAmTCGoDuviuNyweZ+bed87+ecyOxlZbhx1ePY+cLWJNB9Gl4K3E71zxxY8h7VN4ur433o8h3IIuqQHismseT+ewnyKXniGssXaO90be1xKyP+Nq7FjuGJJRC34Dmy/acpTPf4lqi0bXWTaWbPs18iZh/vne1H3v6x5EyXySnQJf6emtapiWurYccDD4YLaAyUV7xx1haVwSQedT+fatn1uHv/URm6+bwFZ23Bdlc2sPx7dyeZjO2vdftzFVQdfQYlJ2JYv0dSEqJ4swL52FUGduqD3cZ4zd+5BTk6dhGP9uupyx7lzO/Z1azB06oy+dRuf8heiqSmq2hTdQ4VoODn5HibNt3GksH6ntl4Hna16urbXEdtKR2xLhTCLgsWoYDSA0+0dRVlQqnKoQGV/nodfDnvYedBd747cY/sZuf3yuk0T4D7wGyf+NAZc2guhhIZiGXkb5qHXoWvVutp0nrxj2JanU/rZJ6jFtY9UPJ1/kJHIt+drmk9NLfkF9//+AB4fIuuglug6PIDOOhaMNTzo7Yfw5L6LZ/+r"
20:58:36.379 [Forwarding screenshot on session f38f5520-bd02-11e6-b34a-8d0186b048d8 to remote] DEBUG org.apache.http.wire - http-outgoing-0 << "4CrQnr/OiP7SH1FCOtWa9MBxD396p8ynEb6tWijc3CeIIZcYqh1NrAK/HvbwyQYn32TWrYatWwc9L91+dvA956eFvL1zYa3bZ9y8uNr3bF9/QdE/p/lUHtOAq7DcNAbDRZ1qDNbdB36jbMliyr74j/bzWtER9vRzmFKrHlgiRCCSoEyck44VqTzxqY3sBpxBvaHclWas91qdZekLKX79Bd83VBQMHTsT1Pli9NHtwBwMtjLch3Nx/vwTrj276tTcGfrg45ivuVFzes/B2Xh+edDn/aDoUEJ7ooT3AvMF3nUy3SVQ9hvqyQzUk5vQsoh2ZbqOL6OLvV9z+vRNTl5b4XsTmkEHXWP1dGyro02YgtGgUGxTOXjCw/YDHnJO1O98bsigDFXl5FOPYl+/1udy6dvFEHRxN/TtO6CEhQMKakkR7pwDODN34N6X7XOehriLiHj9PZ9qgIVoahKUiXNWqUPlH0vsrN/TxJOSaaTgnXfthp5+mEhTVTk58ynsq7+qf171ZB4ynNBJUzXPZ+Wl4t55F+rhBQ1WLq2UtmPQd32PmpotK1OB5z63s/KnphsVWZUGDcrwzoOX/5e7cOc07BqltdGFRxLxxlz0ba1NWg4hfCUd/cU5y2JUmDbKzLgBRgwBfqZbTArPjDb7JyADUBTCJk3B2LOPf/KrI2Pvywl9aLKPARmAgr7z2yithjRIuTSXouVg9J3fxJeAjFOpHx5u4g8apjI5lyihoYT/4xV0LVvVnrihymAJIfwfsyQgE81SgD+qhKgfRYGb+wTx+l3BJFSzbmRT69ROx1t3m+lzkZ8f4IYgwp5+vsn61Jj69ids6kww+DZY4TSdEX3yQpTW1/q3YBopUcPRd1sMOlOdtg/Sw/RRZnrFn1+Bmd7anogX30TXBJ3sdeGRRLzwLwwdO9eeWIgAFJhPKSH8LLGtjtl3B/PngUZCTL6PqGwIJgP86Uojr/1fMNY6TOWhhWIyE/b35wgeeVuD5F8dy+g7CJs6E8VUt4DmNL0FffJCdB0e8E/BNNJ1mIj+kkW+jeisgikInhltZnhKHQNTjdqEKVzRqWH34Qt97AVEvjYXQyff18asK8OFCUS8/h6GjkmNtk8h/E2CMnHeMOhgVO8gPvpzMDf3CcLURM8wRYEhyQY+uNfCLZcFoW/oq1Cno8WfHyR8xssN3qykaxlF+LOzCBn3V9D56cAUPbrEf6Lvll7zyEp/MLZF3+0/6BKfA8U/J4hBBw8NM/HYtSYsDfCDoF2EwotjzHSICowfG+V0Ua2JmDUHy+g7QGnYkzz42pHePmTtYhp0P0I0tMD5aSVEIwm3KIwbYOTmPkEs3eLiiy1Ojp1s+PEuJgMMTjYw6tIgYls1/u8hY+/Lafn+Yko/fpey/yxEdfpvgk3FaCT4hpuxjPmjX9c2rLCPqGEYLvsJT/azeA6+AR4/LqujM6Frf593clhDuP/yPcOQZAM9LtQzZ43Db4uSX9HJwEPDjIQFawvIfO7aV09KkJGQcX/FdOVgiv81C+f2zX7N39CpwdYNWQAAIABJREFUCy3+/CBBF6f4NV8hmoqMvhTnPY8Km39z802mi/V73BT6sAxSbQw66H6hnrQkA/066wOm6dRz4jhl//kU29dL8Zw4Xud8dC2jMA+9luAbbkEXEenHEtbCcdi7PFLuB+Cox7I9xmh01v9D1/5+MLXzX/lq8esRDws3OFn7swtXHWa5SGij4+7+RnpfpD89BOHdbxzMX1/zHF494/Q8d2vDjb6skari3L6Zsn9/gn3Dt+Cp+/Qexu69CB55K8belzd+pClEA5KgTIgzqCrsPuxhx343O3M8ZB/zzg3l0XiVRIcrdGilI8mqo0uMnuRYHcHGAH5oeDw4tm7CsXE9zu2bcWXtAXcNU4jo9RgSEgm6pAfG3pdj7PYH/zVT1oXqRs3/BvX4V6j561CLd4BaQy2UokdpcTFKRBpK1FCUyH6g+GnEax2cLFP59hc3G391seOAh5Nl1Z9o7SIUesUbGNBVz8Wx+rPGg7652sGijTUHZWlJBp66sZ79/PzAU5CPY/06HD9uwJm5A8+xozWm14VHYEjqirHHpZiuuBJdmwZuxhaiiUhQJkQtXB7IO6lyokSlyKbicKm4PWDQKZiCoIVZIcKiEBWqENTcB9q5XLiPHMJz9AieshKw2cBsRhccgq5NtHeaAX0AH6TqRLXtB9t+cBV7J47VBYEhAkztUYLjQKd9fcrGpALHi1QOF3goLAOnS8UY5D232rdUam2ifP4LO19vr7lZ9JruBiYObfqgrDK1uAj34Vw8+SdQy0pBVVFMZpTwCPTR7dBFtpQaMXFekD5lQtTCoIO2EQptI86Dh4LBgD4mFn1MbFOXpG6UIJTgBAhOaOqS+EwBokIVokLrFvRqWVYsKjQwx3YpLUK9Sy0JcZ4LzCtUCCGEZiqQfaz2PlrtzocfFkI0YxKUCSFEI7A7YV9ew6zFuj/Po2mASlyATqAshPCS5kshhGhAOSc8fL7FxdfbXISY4IN7LRj83C1v3a7a13c1GeCCKAnKhAhkEpQJIYSfeVTY8Kubz390kpH1e8BUZIP0TU5G9fbfiE+XG77YUvOoS/h/9u47PopqYeP4bxOym0AKpBAgAQIh0psRMVgoiiKoF2mKgEoTkAuIUhSxAfpKN3IFUcRyQRQRvHoBERXxKtUA0nvvKaSR7G6S3fePTSUkBA1kxOf7+UBgdvbMOTNnZ589ZzILDUPdDf8dsCJ/dwplIiKlJDHNyYptmXyzJYPzRdyQeP5aO7eGu1OjlEatvorJIC7lylOXt4Yb+LdmRQTQNWUiIqVm9KdWPvjJXmQgA7BlwvglNhJL4SbFR2IdzP+pZN/McFc9fQYXMTqFMhGRUtL11pJNS55KcDBqobVEI1zFlfHC51ZsJfjGpha13Qn2029eihidQpmISClp36gcYUElO60eiXUwaH46Gw5e+SL9/JzAz3szGfqRtcTf2dq9FK9hE5FrR3f0FxEpRTtOZPHMv61X9ZzIWu50b+nBzWHuuBeR6WyZsPFgJl9uzmTniZIHuSY13JnR27PQ1zKJiPEolImIlLK5P9hZfIXvobwcH08TDULcCPF3o7zZ9RVfiRednEhwsv9MFhlXN6iGmwne7e9FuO5PJvKXoFAmIlLKMh0w5lMrvx+/yhRVyvq2NtP7dk1divxV6OOTiEgpK+cGr3WzUKuE15ddC1ER7vRqpUAm8leiUCYicg34eJqY9phnmUwdNq7uzvjOnph0IZnIX4qmL0VErqGLNicTl9kK3Nn/WmoV4QpkFg2SifzlKJSJiFxjTid8tiGDj362k3mNslk5N3iytZlHb/PQCJnIX5RCmYjIdXI83sG739vZeKh0k9mt4e4MvtusLxwX+YtTKBMRuc52n3Lw5eYMftmX+YdHzizl4M565ejSwoO6VRXGRG4ECmUiImUkxepk08EsYo5msfe0g5MJDrIcl1+3vNlEWJCJetXcaVbTncha7njqujGRG4pCmYiIQWQ5ICHVSbLViT0T3N3AywMqVjDh7WnSXflFbnAKZSIiIiIGoAsRRERERAxAoUxERETEABTKRERERAxAoUxERETEABTKRERERAxAoUxERETEABTKRERERAxAoUxERETEABTKRERERAxAoUxERETEABTKRERERAxAoUxERETEABTKRERERAxAoUxERETEABTKRERERAxAoUxERETEABTKRERERAxAoUxERETEABTKRERERAxAoUxERETEABTKRERERAxAoUxERETEABTKRERERAxAoUxERETEABTKRERERAxAoUxERETEABTKRERERAxAoUxERETEABTKRERERAxAoUxERETEABTKRERERAxAoUxERETEABTKRERERAxAoUxERETEABTKRERERAxAoUxERETEABTKRERERAxAoUxERETEABTKRERERAxAoUxERETEABTKRERERAyg3OUWfjT//etdDxERESkDT/YbWNZVkGyXDWUAe/bsvZ71EBERkevshbGjy7oKkk+RoQxg8tTp16seIiIicp0lxp0t6ypIPrqmTERERMQAFMpERERE"
20:58:36.380 [Forwarding screenshot on session f38f5520-bd02-11e6-b34a-8d0186b048d8 to remote] DEBUG org.apache.http.wire - http-outgoing-0 << "DEChTERERP6w5L3HuWVQDM+uSi1ynXUf/07bObHXsVbFSI2n26CtrL5QdlVY98FWOnxQeH8olImIiMgf9r/Vca6fq85yuoh1PHBcvwpdiQcUHR+vDztgu0wEK/ZCfxEREZEipcYya6eTpweE8P28U3yxM4MRjTwA2LZqPyOXppCKCSdOAm+FdZ/uZEZ6ZZb0rwzAuo938C+q8GlHN16ZdZzl51zhrdmt1ZjRvyr2rccY/p2NKokp/JwAgdUrMmt0OBGWDJZ/fIBX1qUXWN98OpZx047z80UwWSyMfjqCHvUscOECr8w8wvJzTnwskEo5PC5pStzOkwyfdY79gKmCF68OjaBTuAfHNh/juXlxHAV8gv2YOaYOzbzh9M6TvPzeObbZwIQbDz8Szrh2FuZO3s92YONhO30GN6JjymmGLUwgDlf9ZzwTjrmcG6nrjtPh96PE2fLqr5EyERER+UMOrI0l3uLHYy2q0LeRiQXLzwNgPXScAUtTeHRAXX54pSZ3WVzr31Tfi2ObzrHZBpDMwnV2GjWowMJZR1lRIYhv50by48hgft90ho0XADLZfziFmg9G8PW4ELxPJLJgu5UDqw7y6roMxo9pxI/jqnFo02n+tfUCr752nLO3VOeXuZG838mDqTMPsM3mYOE7h1lhDmDR9Ca83q48ABkFWmLjvffOQfva/Da3OS/WsjLrp0Q4fYau8+K47Ym6/Da3EUOCkhk45ThWEnl51jks94Xz29xI3n/IwrLPXSOFKefsbEq0ML5XdVqXi6XnwgRaPhLOL9MjaHk+kaGf50xbejBsRCO+HByY216NlImIiMgfYOU/P6RDRTPf/nyWc5jg8HlWx4bQ8FQ6Jvzo2sIbX7x5/K6TjIx1Eti8Knezhy+322hc7jybKM+nLcoTUb8+tbYns2rJIXYcSgXcs0eynJgsfvRt5YsvvvSofZpdGXDqcDrezarTOdwCVOU/kypBuRR6AN5nE5kxJxlbuhUnmaw9kEzCCeg4oAoR3h5EdK5CxMqjl7TFgzphJpauPsxjh3zoFFWT+S0DiNt+EIDTv5/lld8h5bQTEi6wJbUGM16JYOPBFOZ+HMf2velQoSJmwJ4JHXvWpHMLC3Gb92PCj2HtKuIJvPBGQ4bhyc7PT+LdrBqdwi1AEHcTx+aDNoUyERERuXrWQ+f57CI0C83i598uYPbwJIA0Plx9gf+r4gBMuetW8HLP/ld5Hm1vZuCq09TySKJm69pE4GDxe3uZus/E3bf6c1szb344nEzu/KLNdQ0WQGVfd7bkFGrON9mXYedknGvqs05tHxp4OcDDi5tqOwnxgW8h39CYO5UKtcaNHkMbcNP2C3y/4QLzFh7lrZXJLO4BJsrRqG4FvDMcmGt70SjdjSBnMq++doD/VbDwSKtKtG6czqYN+ctz5v3TYsKc/U9PHOw9l3bJtt0JtEAKTk1fioiIyNX7YUUcpuAg5j1blxnP1ufNYfV5834zB9ae5Xy18kAqq/bagDRW/GIDsyukNbs7mIATCcw7bKJv+0qAnV37nNzZqy5v9q9Jcy8n4OR8fNG/HFC5hpnUTefYfAFIvcDg1w7wzgkToUCKhyed7wvhjkp23loZy0WPCtTyh40b4ogDjm2OZVOhElN5dvguPknxYdSwBnz0SHlIyABfM04yoZo/Pe4LoXJ8AnNWpmDOtLIVePGFRozqFkKFdAfY7Jy/pFRvf0+ctkSW7LQCNuZP2cPAJUmFtp4TOjVSJiIiIlfHdoGFO510fKJygcXNbg8mYOUJ1qbXJrr9RYbP3MlMwMcCATkrVQqkX+0TTM0I5M4gAE/atrYwauEeblkIPv5mAnCy5ZiVdj6AxVRgGxagQac6DNm3hyHPxwAQWDeIafdWxlzNSu9Zh7nla9e6d91fm07VPODZGmyfeJwOg85iwgSFLvP3ZsAjfjz++T5u+dy1pMsjEdQK92XO/ekMmbmT2bgu6B8y7CZqVsqic3UTk8bHMAkIq24GrOw/TfaomKvOnuE1mHP/RYbM2uV6foXyRI+sCkvPYjHnbd0MUM6Eyel05htjc/lo/vvs2bNXX7MkIiJyA0uMO0vFwCrXbgOpNuIyPAisdOWJOWuqjVQ8CPQu+STe5Z/jIO5CBubyFnwtBdePu2DDu5IFz6IKtGUQl+YovE4Ry5Mv2OAy27l8uRBY6dIwWJBGykREROTa8LYQWMJVPb2LCUtX9Rw3AitdPiUVtTyXxYPAy61SxHLfK5V3pXIvoWvKRERERAxAoUxERETEABTKRERERAxAoUxERETEABTKRERE5KrFbT1Ii+EHiSvripSW2FjmLr/wh57q2heH/vS+UCgTERGRq5cJ2Mq6EqUn+WgCnx3O/OMF2ArdYeyq6ZYYIiIicvWKTBBWFs45yMxtrsQWWN2PGc/UofKBYwz/zkaVxBR+ToDA6hWZNTqcCAtsW7WfkUtTSMVE0+runPSoxOKhFXh23Dn6vdGAVt6wbcluplwM5tMnAji98yQvv3eObTbXDV0ffiScce18idt7iuEzz7IfCKtuITXBnYkT6tPCI4257xzg/X2ZmDDxcJfajLuvYl6VU+N5dl4qKaTy2MdufPqQO9PeO8Jnhx2YMNGxSy1eu68SYOOrjw8xaV06ADc1q8LbQ0IKtH7z8v2M+TqFFCCwtj8zhtaigXfJdqlGykRERKTU7P7qAG9tc2fe9Eh+mx5OgxNJfLLdCmSy/3AKNR+M4OtxIXifSGTBdivWQ8cZsDSFRwfU5YdJNQlMyCT+XAapODhps3Ix+zsrE5OsnElzAIm8POsclvvC+W1uJO8/ZGHZ52c5TTKvzDxL+fY1+HZ6fR72yyD+op3EDPjqnT3MS/Tly7cjWTkmmNVLDzH/UL6vcfIO4Nku5QmsG8y0Ryux+L1DfJ7oyydvNmHJ4ECWLz3MtK02Dqw6xOvrsnhtTCN+fKUGVbadZfCn8XnlpMYy5usUHh3WiN/ejqDlqQS+2mMt8b5TKBMREZFS06BzPT4eHMD+74/xxoen+Rnw9QBwYrL40beVL9VqVqFHbRNkwImDqZgsFenZwhvfoACGPFAeMp0Fvq6IAv+uyIxXIujsc5G5Hx/k/V/SoYI7zmPJbMKN3h2CCPQuT6+ulQEHYOPgSSDDysIF+3nvp2RSgBUbC14/VtnfHTzMVLOksvYwdOwSSoNKHtRsXoMx1WH5hmS2bkvHu1kVOoVb8K0WxJAuXhxbe4GzOYV4WGgOzJu1i6Hz47m1bwTPtij5LXEVykRERKTU7F51kMffPcF3JzKo09CXZkBuoLLlffl2ZV/3El2S5pH9zUTmnOlSWzKvvnaAcV9dIKWCF60bm13Xt2G65Jn5Ik4mBNSoQNNaFahTqyJjHgqid8RlbrFfzgS44XPJYrNH3s/UAstNri/jzGHx5Y1JdZn6SCCBycm88u4BeucfSbsChTIRERH5g7I4ctrKsWNpHDiWyoHTNs4fTsdUN4R5w+rQo145EoG4hIwiS6hexxunLZFFW1NJjr3A/NVpUC4nvDnYd9QGtmRWxThcX+KdZmUr8OILjRjVLYQK6Q6w2UmqUoGmOPji+1jiUq0s/s/57C144F8Z4pPdaNkuhB7NzXz3dSwb0gtHoPg9Fzhgs3BTMKz4XyxxQPKxsyw4DO1v8SWshhm2JbD5ApCayhf/TcO7qR+53x56+gx3jN9HYr0avDa2KePrwrH4rBLvTV3oLyIiIn+AO06SGPLartwlJosf7/WphPe8U9wy6BQmSzkiKsDW/alQGbAUHM2yAJ7hNfjkETuPv7uPeZgIsIB3iBf+3gEMbnaaSbN28j4Q5m/CG6CSN52rm5g0PoZJQFh1M2Blf3xFZoypxuApx+mwEgL9TYAXIeXdaD80jP0Tj9Jh0DkAAusG8+Zd5QvUxdu/PN62czw2+jgrX6rBzonHc9e/6dYQ/tnCgm+LcAYc2seQ52Nc7Q324+PeQbA7ydW2aoGMvzWOSa+56mbCzItjKpV4j5qcTmeh3+H8aP777Nmzl8lTp5e4IBEREflrSYw7S8XAKlde8WrZMohLg8BKHldcNXnvSZ79TxYTxtakGvDVjBhe96rB5iFB"
20:58:36.380 [Forwarding screenshot on session f38f5520-bd02-11e6-b34a-8d0186b048d8 to remote] DEBUG org.apache.http.wire - http-outgoing-0 << "AFhTbaTiQaB3wZGt5As2KG/BN2f60JbI86+focOw+rQJgmM/7qHb5x6snFsn90vRky/YsHsULqvIul26jWzWCzZSiynHmmojNcOtRO3PTyNlIiIiUrosHgRe5pKty/Gt5Uvg4QP8Y1A8ATiJx43RY/JuV+HpbeFyl8r7VrpkAxZfbq54mFHjYwisAHEX4Z4uEbmB7LLPuVLdiljfs9Ll63SlOl+JQpmIiIiUHYsvb85twu69qVzMdCckwpdqV5edsrnR49mbaXkokfPpTioG+xER9Ne6dL7I6cvODz1YFvURERGR6+iaTF/KH3LZUCYiIiIi19dfa1xPRERE5AalUCYiIiJiAAplIiIiIgagUCYiIiJiAAplIiIiIgagUCYiIiJiAAplIiIiIgagO/pLicTExJR1FaQUREZGFvi/jqtA4X4hImVDoUxKLCIioqyrIH/CZ599dtk3Xx3Xv7ei+oWIXH+avhQRERExAIUyEREREQNQKBMRERExAIUyEREREQNQKBMRERExAIUyEREREQNQKBMRERExAN2nTK6BZE6fvkBGhgcVKvkT6OtZ1hX6E6zEnU7gYgY3QFtERMTINFImpSd5F/PG9aahX3Xq129Ckyb1Ca8eTFTvcaw5Zr2OFYljRgc//HrPI/lPlLLpswlE+QUTXr9+vrZM4JfTpVbRPyC7bZ1n/6m2lXRbszv74efXm1+SYdPs3vj5+fHmL3GlUrp16zwa+vnhV8SfCWtKY0cX7Au7PumPn18H1pROEwpv7ZcZrn1UKnW/jOQ1dCi1fSMiRqORMikd1q0Mrd6GBQChbXmu/wOE+SazcckHLPjmHTp/s5vlh77ijsDrWKdDcaQCvn/gqce+GUf7Qe8AofR+rj/Nq8HWJR+w4JvpdPomiXVJ02lYytW9KueS/3DbrkayFSCOi3bIiHMlGXuGvVTKTk2M4yQQGtWW5oHeBR9LtdA41L9UtgPk9oXzR3cDfqVXbiH2fH9fG0nXsGwRKVsKZVIqVk15gQVAaLfprP1gADnZ6/EBz9JhQmd6T1/DtMWbuOPpW69rvcx/8Hl7168BQpn1WwyPR2RPWQ54mjuHRjJowTy++eUFGl7XhHkJPzOuGGMFrt2Uqjnfz8o3hQPrMXv80b16CQ/Xjz7jP+H5O651vHS1oe3L60l6+ZpvSkTkD9H0pfx5yb8wZ/p6oBsfvpMXyHI8OGYc3QDvuHPkTGIeWPMJ/Ts0zJ2q6jx0BlvzzcdZT29ixtDOuY837NCfzzblTdlYD6xiXO+o7McbMnTCOHp3iOK5T7ZetopxW5cxtMD2ZrOryPk/K+fOuR40Fwg8nnR8YiwPRnUjrELeur98MoGo3Gm3KMZ98gv5J2s3ffYmnaPyth3VoT+f5LQleRNDO3Rg6Ljn6JD9/HlbkyHukvZ3Hsqyrfnm3NZ/x5vP9cbPLzh3/+26xjPE1UODAWheL9BV76gOjJsxg6FR2W1v2JlPftnFmnnP5da7Q/8ZHLhSva4w8nbFY5e8i9nPFd1X8jv2zZtERQ3ll2Ry2zBh3ux8bYhi3Lxf8j3jNJ9N6J87zRo19E1mT+hNh/7z+EMzoMmbGNowitmb4opZlsyq2ePo0DCnTh2YcEmfyts5v/Bc5w40jOrP+3PGEdWwM5/kfyFxmtn9o+gw9JPrMN0tIn+WRsqkxLKysi673HbsIAeABiMfI9Iji0KreUTyXkJCTiGc+G4itzw6E2jLy9Ev4nn0v4yb+RprFhzixzNv08z2K/3qP8hyoOvIqdwTFscnIyYzqP0STn2zn2caH6HfLT1YDvR/OZomts2MmPwOAFG3JZCVVQ0nAA6ysrK4sO0DwtuNBqIYG/0igae/Z/TkF2j10wk2bZ9EnUIt8qD53W1gyQIG3eLH1/3Hcm+r5jRu3Ihmkb34eHmv3P3x0+TOdJm8ntC2/YnufQtHl77OzGGd2HJyKcvHtuHgstG0H/QBRPVm6pzb4eivRE9ewLD26TQ882+apadwav161qxfT4O2bWlwAEJ8DvBs6/Z8cDKv/bNGTObJNYfw3f9xdtvW8868toydOhX7hg+ZueA1BgQ15ZeX2pTacYWs7G2BIyuLCjf3Zeknt3NT+SyyUlI4tHs9619bT4OuI3mjWzKzJ3zAsE6tgFCefmMqlpilzFzyGsMa3MLyZ24vXLrDAcD5Y7s5vK8SF/NlM3PFUOpU8yX5isfuIKOjWuXuq443pbBgyAQGtV9C8o9H6d8sq0BfOBjzE7t3Q0p6Flm42rDgufWEdnqaqX19WBE9mXee60RAo6M808LC58PbM2TBSaJ6j+XFFhYWj5jACwANGpCelcWley6nTQ5H1uX3a1YKW07uJiglPe/xS5Z9N7EHj85cT2jbp5nzWl1+mzeC6cM6kei3lal3ZZfvXpGscz/Q56YuLAde/mwrvUJ/ZtTz7zD532vo1eQBAGzblvHCkt10euMmKlymviJiLApl8qelnD/NSaB/o9B8S5P577vRbIgFCwA2CLqLEYNvY+W/ZwJRfLbzS+6tBvAIt4UNp92IBbyzuB9jvb9yBa45m5j6iCsyPXJXQzo1f5wJbyyg2YMxLAdGfraTl+6tBvQhKszCrUM+uEztkvl0outN/bP9y7k30LW9e26qSPP+s1n00zO81KbwNGSDR95mFSG8+vpkln8wmeW5RUcxcs6rvPRIC7D9yqzJ66HTVDb/u7+rnQ93JmxgVUZMnsWvQ9pQIQEaRD3NR8tzwt8jhNsP0WVmAudTALNrAjK061RWvN8fXyDup4k8ehK6Rv/I+32aAXBnsJ1Gj37B3n3x2fXoyjdH3+d2X6D/Pdg2Nmf2qo2cfqkN1a7+EJaMpRptHsgu3eb6Edo1mh/e74MFaGzbzYOT1zN26beMbVMNiGT/l+04kpJRbLEfjHiQQkeu/2ckTL3tiseu54W5fHASes/ZxNvZfeXh+5vRKawLo6d/Qfd//6NAsTkzr+bcv1xt2Jzdht6RflRtN46Ui6lw+mdmLThJaO85LH37ESzAI/c3oOtNj7KGPz41Xqzkn4ieuR7avsyPXz5DIPBIx3oktriP3Wu3YLurEn5A8t4FDHxwNMuJIvrHj+nTLBC4n5fbjmDCB5+zedIDtLDA6iULgCj6dGtxLWorIqVMoUxKzOl0Xn55di/auf8sTmd49lIbu/4zk9kb860YaqHfoBC2LQe6PsKdVZ3kFNn0oc60HLGAXUcTOG7eCdTjnnbhedus0ZJ7WsL6CzaSkuKAUJo1r5r7eHiHf9CSD7iAA6fTidMBOMDptJGUBrCeRx9qRb2cuuzdC8DK/21nfOu2l23XLT3G8N8eY4g7fYB9W7bw69rlTJ6/nJlD7uO8839MqreHNQDLR9P2/g9cV2D7wd6NAGdItTlp1W8Kn0eu4evJLxJ98DgxG5ez9yRAS8o5nTidDhxAxM2N8XE6cQJ7N64DWtKzQ9Pc9lVtP574+PFAHG85gHp1uMknZ/+VJyAESAKP7DKuRlHHFbL3Iw4czrxj5XrIVe+QOrUwZ2/TiQNoSYvc4xLCzfXgUPYxKbxd189eUxbRv0klUu15Q2WV60bidKZe8djdzk4AFgzpwm/ROb8skMpegN9Pk1KgLziz60h2e3L2fd3cNphrNaKlawVi9+5iNzCk0x25jxPQnDtawpqknPIu3yYczsvv1+xtFnjcWQ6fnGUpKVwAuv6jPQE55Ztv4b3fs8N48ho8gQ9Gj3b9v9Mj9G4akF1WAJ2f7MeENfP5/LtT3PLAKT6cvRu6zubOgEuOn4gYkkKZlFhRb94BN7WgJbDx4F6SnK2yfyMwgNHL43C9dcQR3akeE5M88HBWwDcU8PTGkv9NzZk97uAEsxMgFXuBIODM/enuBPB2vVE6Cz2cr56uN76cEY1+D3UnMHuIx9K9NxaLDe/w0MLtSv6Nl/o/w/m732Lu4FsIqFqHVp3q0KpTD4b3XUDInc8Qs/8ctlDXNUChbfvR/Y4QbDZX2b0f7A34U8vbyZrJ3ek2ZQ0AbTt1pcPgKbT9YQxz1gDZ9U8CohqH5dbDnj0KhUfBN9LkuGQsPgXb5ryk8ZcLCldSXCjLt9IlocxV7w4t"
20:58:36.380 [Forwarding screenshot on session f38f5520-bd02-11e6-b34a-8d0186b048d8 to remote] DEBUG org.apache.http.wire - http-outgoing-0 << "wvKFi+zHbDnrOl1723n5beTUNKRec5rcUni00ulMueKxM2dfQthpyGPc7JMzgGehd28LeNejwiV9IW9XXX7f47STlF23nPpZcBboU/nLKxTKco9IUaEs+4fZI/dx28m9bASicGJNvMBeINLbo8DzbcnJ2Cy++DohDaBlV3oF7mLh8mcY/fltTOnhGiWvYUMkAAAgAElEQVSscU8POjGf+V//QC/zUdYAY55oV/C1JiKGpQv9pcScTufl/wQ04sE2wJdj+OdbPxV+PG4fh0+5yrA7s0d1Fi5lc3reOqd/XslGoEFYEE6zF3CSXTtP55WRtI+Y7FG38r4BwF42bjia+/iBH79iI66bHeR/7yX33x3pOXo4o0ePZvTo0Qy/pwp71u0iznaZ9ng4ObZmL1+Of4+f4go+Zs75GGOzE9DwVteoSrVWDB+eV3akxynWbTlKivU0m75eA6H9WB8by+KP3uXFQX1pWatebuVy33ft9txthDRqCGzkh5/z2p++9V1q16vNwAU787Utp15cZlnhP1d9XPOXS+HHCj2/0LrFbyPnCfZ8bb/89os+dl4BAQBE3N2P4dmPjx79D6x71rHndGLhfVOgjoX3ff46B4TdRCiw5L8/kp7bl3fyv435yiuiTWaPCpdvk93VR/fvOZe77MyhI7nbNFerRUtg4YoN+Z53lJdq16Z2l7eIyy7/mXFTeOujWXQB5j/9JP89mr2uOZK+z7SEL5/hiZ5vQWg/Ho4KKOYYK6qJGIlGyqTEij6B+/PUvGVsqfMwSyd1I2hJR0Z0vYuwwAyObvqB6EU/uVbrUpXyTn86DujLpI0fcn+3MXz0fDcqnP6OkUPnAC156Pb6RHkMpOWkn5jSrQfOdybSploiC14YyAqg73Odueu+1nQcv4K3nryFpBffpK79d56fugiAJKdrWso1YuLE4fTnH0MGMWnjXNrfOYh3Jvan2sUtvPnkS2wklPdfCyncLkskA1/syIrXl9Kt3iZ6jniCW28KJG7/Jj6Odm2n673NcPqYebQLjFw4gAfMZ3j+sZs5/dMHDH19KdQbzRs+5fDwA/au479f/UL7MNjw6Zs8/+FeoB6pKU6clbJHVpx5U3zhbR6kI/OZ82QPvN+fSJuK5/lg5HigHj3ua8CupTltywkZee21lupIWU65YHNcOlJWuN6OnFGg3HUdrroU8ebvcBQuo6ArH7umdwykzdgVvNXtHtJnTuahm+C7d8YSveIkHd8ciU+BvuC8pI6X2X7+ZTXu5ZWeoQxc+Azt048w6E5v/jPydX4C8Mu//wu3ae3Hk7D9aMaa8yuTdju+rR5jdFt3vIAVY8fwrv9wqqduYvzIOQB4OB04fZrzeM9QNi56hieqOxn6QBhb5r/JfKDLo/fg74x1jeTZU3A6mzLpi9Es7T6VJ4dOYds3o6kG3NrjUULf2shJoM2groRrlEzkL0OhTEqs2E/VPq2Yc/BX7pj1L96LXkT06ytyHwpt2YVBgwfzRMemWJxOfB56k+UpZgY9O5cnH/7QtVK9Lrz37hTur+HEyT0s/Ok9xgx+iqlDuzPVVQqDZsxiwkPhOIEPDy7njeHPEf3680A9Bo0exPKpc4lqFobTCWYvXHNTTic17p/Ad//yZPg/oxnafWl2rVoyccEMHqphuWy7Wg3/kGUBb/DmjGgWRb/OopwH6nXkzQmv0bdVAE4nPDZnMza/0Tz/4UvkNCW0zSBmvTWKqk7o/txEvu/xEq8PfJjXAUK7MHp0T6ZOXcTarQe4v53TdSvT/FN8Pq14+6cP8Rzcl6kDc9rvqu/9VeFEvra5nmHG1wvw8s279ukqFHdcfb0AAihvvvSapML1Npu9sh8pvG5x2zAXMb0JXPnY0Yp5v37IS/37MndkL+Zmr9Fl9HtM6dsEpzO+QF8ALyA9d3qy0L4vsMzCQ2+to1zoM/SdGs3IpdCmZ1/aLPqQn5Lsrun1Itq0cemHbLxkWUvf+xn1UGtefW8EvZ+K5qWBrt/i7dK3J3y4CHv2Nru9tYwUz3/yfPRIVkTntWfSY/VxppwvUOeAu0bx4aCf6Tt3KhMWdGJOr/pYwu/jiZbw+sZ6PPHgLRoNE/kLMTn1ipUSiImJITQ09MorAmAl7swF0jKgfMVKRX9fpDWZM+cToXxFqgZe/uahcWfOkAFUqFo19+71yXu+4PmpO+gzZQJR2ZciWX9/j7D7Xmb451sZ17pqEfVK5szxRPAoT6WqgSW+5Wpy3BkS0zLwKKae1rgznC9ynWTOnLkIeFC16tXdcDbuzHHS8KBy1ap/+hax//nPf3jqqacKLLu641qWrnzs4s6cIQ0oX6kqgaVxP13rHqY9OxVzl1cZfk+N7IV7GFmlLYt6zuLozO5//JhYkzlzIRE8KlO1iMq6+hSUr1iVIrpdEbLr2PH/ODq/7xXreLl+ISJlQyNlUmKO7HswXZkZ/+Bgcr4kp8jnmb0JDvUudh3/4OCcQshZw5FylKUr3mNpnI23/3k/FRN/51/D/w8IpU6QXzH1zNte/vKuxNs/GG//4tti9g8mtMh1vAkOLr6dRfEPDnXtx6uo79W62jqVjSsfu7w+56BUmuSwsXPpCr5dehjbtNG0Cs1g1buTWAQ8HNkQ8585JuYr94m8PlXS9hxnyayFrNu6jM+AYY/f++fqKCLXnUKZlJhRBlV9Ip9m0aux9Hz1Y4Y//rFrYehdvPHWDLrWvfx0pBRN+6sIlsZM+XoqPD2a6aP6Mz178cMvzGNaz7oG3G92fvu/WXwG1Hs8mqfvrGLAOopIcRTKpMSMc4K3cOeANzjZ+3nOJqaBR3mqBLjmd4xTx78O7bOi+d/ck3kbehIff5aMDA/KVwzA15NLfpPTKGrz8u7fGZ7h4Xo9GLKOIlIchTIpMcO9eVt8CA72AQxYt78Q7bsr8/fPnkYv9EsMxmLx8ScYHVORvyqFMikxnehvTDquIiLGoFAmJaY37xuTjquIiDEolEmJ6c37xqTjKiJiDAplUmJ6874x6biKiBiDvvtSRERExAA0UiYl9t1335V1FeQa0HEVETEGfc2SiIiIiAFo+lJERETEABTKRERERAxAoUxERETEABTKRERERAxAoUxERETEABTKRERERAxAoUxERETEABTKRERERAxAoUxERETEABTKRERERAxAoUxERETEABTKRERERAxAoUxERETEABTKRERERAxAoUxERETEABTKRERERAxAoUxERETEABTKRERERAxAoUxERETEABTKRERERAxAoUxERETEABTKRERERAxAoUxERETEABTKRERERAxAoUxERETEABTKRERERAxAoUxERETEABTKRERERAxAoUxERETEABTKRERERAxAoUxERETEABTKRERERAxAoUxERETEABTKRERERAxAoUxERETEABTKRERERAxAoUxERETEABTKRERERAxAoUxERETEABTKRERERAxAoUxERETEABTKRERERAxAoUxERETEABTKRERERAxAoUxERETEABTKRERERAxAoUxERETEABTKRERERAxAoUxERETEAMqVdQVE5MZy9lwKDqez1MozO7Pwxlpq5V0NN4sFs79/mWxbRP5+TE5nKZ49ReRv78573sZmz8RmyyQz0wGAj48nKSnWQv/2MLvj7mbCas0EwM/Pi6SkdAA8PcthMpmodfEYgzPXlEFLILB1a5r+619lsm0R+fvR9KWIlKqLaXb6Pt6SZk1CSExKJ6ymP88Nb8PFNDvp1gzGjGxHSDU/EpPSuf22WjzWI5Kk5HRMJnj1xftwdzeRmJRO185NufP22qQkXSQjMbFM/mRdvFjWu1NE/kY0UiYipapJyymE1ahEfEIafr6eJCalUyXYl9i4VDIzsggNrcSx4wlUDvImOcWGr48Fmz2TM2dTuDWyBus2HiGshj8Oh5O0NDuVnclMfqBCmbQlK7gKtha3Uc7NjYZ1wsqkDiLy96FrykSk1G3ZdpJKFcsza3oXBjz9OZt+O8YzQ1uTlp7Be/PXERJSkdfG30+vvv/m2PEEpv/fP1j53R5Wfb+XNnfW4ZFuzRn23FIyM7MIuzOCiGd7l0k7zsYlsHHHXixm"
20:58:36.381 [Forwarding screenshot on session f38f5520-bd02-11e6-b34a-8d0186b048d8 to remote] DEBUG org.apache.http.wire - http-outgoing-0 << "D4UyEbnmNFImIqWqedRUbrs1jMNH4zlzNpnyXh60ubMO/125C5PJxAP3N2TNzwe4mGanVk1/AgO82RxzHHd3Ew92bMTyb3eTkZFFs6YhWK0ZuNutvPfynWXSljh7JjuS0rCYPehwe4syqYOI/H1opExESpXTCbVq+hOfcJGDB2OpHlKRkGp+pKdnYDKZqF69It4VLMTGpVKpYnmqh1bkf78eApOJZk1C+GzJFhxZTqpV8SPhwkVOrFrHhodnlElbspo0g3+OLJNti8jfj0KZiJQqh9NJ9OyfCfAvz+zo7rwyaSVvTv+Bfw6+k9SLNl6fvJratQKYE92dEaOX8dP/DvLa+Pv5ce0Bho9ayh1Rtejyj6Y8//I32O1ZNHY4cGSUzS0xHHZ7mWxXRP6eFMpEpNQFB/uQnmbnmxU7OXsuhbCa/vzv10M4HE7Cavhz7lwKy77egQmo6OfFqu/3cux4AmE1/Dl2/ALfrNyFl5cH5b3M+IY25uZ/Plom7bhgKsfeMtmyiPwdKZSJSKkq5+7G6BFt+XXDUZZ9vZ3bb6vFgL5RDB6+GDc3E/PeeZS35/zM18t38vhjLYioE8Srr3+Ln58nCz7ow5NPLWTN2gOMG30P586ncPhIApXbty+TtjjiEmCHYpmIXB+60F9ESlWTllPwKOe6BeIdUbXZsPkYAKEhftjtWcTGpeJwOGl5S03WbzqKyWSiWZNq7N57DrPZnZQUGy0ia/DbluOkWzOpH1yO6AHhZdKWxHJmDlSoqAv9ReS60EiZiJS6+PiLmC3laNcmgm+/34PdnkXrO8JJS7eza/cZvLzMtGsTwcrv9pCRmUX9elWIi7/Itu2naNSgKo0aVmX5t7sBJynxJ9g+7K0yaUdWs5vh2bFlsm0R+fvRHf1FpFSVc3dj2JC7aBFZg2HPLSWsRgAvv3AfX/7nd1at3sur4++nWjU/ho9aSrs2ETzVL4q3Z//MwUNxTJ70ECdPJTJ5+vf0eiSShzo1LuvmiIhcNxopE5FSlZnlYOfuM5w/n0K1Kr5cTLPx25YTeHmZcTqdxGw5QUqKlapVfDlxMtF11/4gbxIT09m77xxJyVaqVvHj2IkEkpKs+LdqRZvpb5RJW2JT09hy/EyZbFtE/n4UykSk1H33wz58fTx5/51HGPbcl3z1zQ7+OfhOUlKsfLxwM1Wr+PLWlIfpN2QRO3dnMOmVjvz40wHmfrCOqJZhPNqtOc+98B8yMx20vSsCz+DgMmmHh3sCoFAmIteHLvQXkVLVPGoq4bUDOXc+BYu5HHHxqUQ2r86OXWdwOp00bRzClm0n8fWx4Obuhq+PJ+djU7Dbs2jUsCo7d53By9ODChXMZGY68Ek9z//dXTZXWqT6B3KqYTNd6C8i14VGykSkVDmc0K51BL9tPcGq1XuJbF6de++px/dr9uNmMtGpQwNOnEpk564zPPxgY8LDA5n21hp8fSwM7BvFgKc/48zZZIYNuZPz51PZ/UUMR9//rkzaktXsZmjYrEy2LSJ/PxopE5FSdU+n2aSl23E4nNjtWXh4uOPubsJqzQQTeJrLkZnlIDPTgdnsjslkwmbLxGSCChUspKbaAPC0lMMJ1Eo/zsDMn8ukLZn1G5LWb5BGykTkulAoExEpwtm4BDbu2KtQJiLXhW6JISIiImIAuqZMRErV1gEDsCcllXU1SoWtZi3o1LmsqyEifxMKZSJSqi789hv2+PiyrkapyLLaoVNZ10JE/i4UykSkVPk0aEBGYmJZV6NU2MPCuDHG/ETkr0AX+ouIFEEX+ovI9aSRMhEpVVnp6dwon/UcdntZV0FE/kYUykSkVK1/4AHsCQllXY1SkdmgEQwYUtbVEJG/CYUyESlV9vj4G+dC/+Tksq6CiPyNKJSJSKkK6daNjNTUsq5GqUgLCtbXkYvIdaML/UVEiqAL/UXketJImYiUqrSjR3FkZpZ1NUqF1aoL/UXk+lEoE5FStaFz5xvnmrJmN8OzY8u6GiLyN6HvvhQRERExAI2UiUipqjt+PA6rlSNnzpGUcrGsq/OnOAMCy7oKIvI3olAmIqUqpFs3AE7v2Isj7sa4X5mIyPWgUCYi10R5Twt+3hXKuhqlwqOcTpUicu3plhgick04HA5umLOLCdzddAmuiFxbCmUiIiIiBqCPfiIiIiIGoFAmIiIiYgAKZSIiIiIGoFAmIiIiYgAKZSIiIiIGoFAmIiIiYgAKZSIiIiIGoFAmIiIiYgAKZSIiIiIGoFAmIiIiYgAKZSIiIiIGoFAmIiIiYgAKZSIiIiIGoFAmIiIiYgAKZSIiIiIGoFAmIiIiYgAKZSIiIiIGoFAmIiIiYgAKZSIiIiIGoFAmIiIiYgAKZSIiIiIGoFAmIiIiYgAKZSIiIiIGoFAmIiIiYgAKZSIiIiIGoFAmIiIiYgAKZSIiIiIGoFAmIiIiYgAKZSIiIiIGoFAmIiIiYgAKZSIiIiIGoFAmIiIiYgAKZSIiIiIGoFAmIiIiYgAKZSIiIiIGoFAmIiIiYgAKZSIiIiIGoFAmIiIiYgAKZSIiIiIGoFAmIiIiYgAKZSIiIiIGoFAmIiIiYgAKZSIiIiIGoFAmIiIiYgAKZdfZhvkH6TPwIBtii1/Puu8sw/ocYoe1dLe/b20s+5IAMlg4ag/zY2zFrr/ji0P0GXWKpFKsQ9KOUwwbuIdhw/bl/hk1/hALv08txa3cwJISmVho/x3hq5g/21lK1ieuC2saX0zeT/d2vxMZ+TvdB+5n4dq0kj113xkG9jlITAk6bdKRRGJOOYBr09eNJ4O1XxxjYPcdREZupV2nnYyafIp9pXyeudx2DdO3shV1Lr5W/SB/X7u8sjk2V/N6kWtPoex6sl5g+pgkln+ZxPQlicWumnIilUUrkziRUnqbT1p7iNu7nuCQHcDB1o/SWH/OWexzzm1MZOVH6dhLrxrYz1lZ+GUai75LY90615/5sxMZ1mMfAxcml+KWblD2DNYsS2PRoovZ++8i82cn0K/9LqI3/Jk3vZL1iWvPyuSuexg0OYXDAWbatjVzeFkKwx7ew6ivrhzMUk5cZNnKZM5dqdMmxfNwi0N89LtrxWvR143FRnSn7Tw8KI5lh6Ht/T6El89g/uSz3N50X6l/ACzIwZ6P0tha5n0rWzHn4nO/J7Pyo3RK9SPiJX2tsLI7NiV+vch1oVB2HR35NpYfsj8orXnrPEeKWdfH2x0wYS7NClgATFQwu/4z6WQTZnX0LPYp90xqzsm4OgSVZj08wM3Njc82NScmxvUnYV8Yndxg2YzznCrNbd2IzJAEDP6yYfb+u5nTMdWJcoNPlvyZj7sl6xPXXGwyizdCp2nhxHxRn2nT6hNzqDad3OCj92OvPILhYaJErx2Laz/6VXAHrlFfLxM2JkfGMP77ggF938LDvLYeop6uzsmYxkybVIf3v2jO2lk+OGJTmfLlNR6pDgBLqZ7Q/rjizsUeFqCmO94ApRWGLulrlyrTY1PS14tcFwpl100GX7+fglutiiyb74cjNoUFa/OfNK0sHLUTf/8YAgO30HVcAuCG/eAZ2gVuZU5MRu6ap1Ycom7gbtYmAUnJTO7zO/7+Mfj7x9Bp2PHsE4yNOX1+p1OfndQNjCHwjl3c8kAiDoeDruE7+T7Wxtw+u4nOrsOOrw4RGRiTvf3fmfiF69NjzIf7aNr9GLHAhujddBp2hPHdt2Svt5WJX+WdLHZ8kVdGZPc9dG+3lYFzihkRzP/JLCiAJ5404fp4ekndOx0jFhtfTd6T287AyN18sSNv/xW17aSYk7Sru5VOnbbi7x9D9+gLJO07z6js//v7x1C30z5W7HOdoTdE76bTwEOMymlj5G4Wrj3P+HbZ2627ky9iit9n14sl38vXs1YlbqtJ7qf7DdG7qZt93ACSYk4SWXc3G5LAeiSWYe225La/+6iT2UE4r0+49tsOhg3bnW+9U7nlFd3vii8/p4/7+8dQt90+VhwpejrH05LvP36VeCa6Ij3vyllYfH/IrWbMcSLrZr9WAKyJDKy7lclrU4juepQjDpj98Hb6RF8o0NeLK7/418HVtfFasademidsLJ6RhlstP/41qTL5Y3fjXjUYe3c5"
20:58:36.381 [Forwarding screenshot on session f38f5520-bd02-11e6-b34a-8d0186b048d8 to remote] DEBUG org.apache.http.wire - http-outgoing-0 << "gsnMXbfoffvHXoeXit1wiu51c147Wxi/8Hq+dq50LnaDYxd4rN0W/Ku5XvMLN1y5/VfT1woq+bGxnopnfJ+tBV53edObN8KxEYWy6+VIHLM3QtsBQbTuHMjdbhA9Lzb3xLli/D6Gzbfx9KwwVn0WyNntruXmOn7cjIOX3o3LXjODJe8kEt+yAs38rExsd4CpK92ZtSyc1YuDSF8US4s+J7ECybszWb/cxoOjKzL4wUpMfckLgCejq9I0CGK3ZxKb4YSkWJ4ckEjt0SGsj4lgSk8HMwcdYkUspMZZid/uCoS25AzWL0xgZZUAlq2ozuCWDqIHHGWDFZI2HKP1oET8egaxYnUYnUnnh20ODp3KoCipqQ6wOrBaHZyKOcPcj5xQxwPvS+t+lxe/T9xLv8lp9Hq9OmtXV+dJv3SGtN3LilPFb9ueamNbrIONGy2MHelDu4aZDLj9BB+lV2Dx6ghWLw6mzsZUHn/2JEk5bfwykS1VAlm2rAptU9MZ9vAJtrYKZvGCYFrG2xjybkKx++x68APWLDnOnDnHiI4+wrDuO5l5BJ7pWQkAW7It97gB2FOtHIu3kWC3Ed3tOIu8/Fixvj4r5vrxw/xzPJV9cs7pE679ZmfRIpi7rDZzx3rxw/yzvLvWBhTX74ouf8ecA4z4KINpyyJYvzqEW7en8niHIxTaZUHe9GgJXw47RGDdHQwbf4SFK+Kp0jWcWWOr4AesLaY/5GdPtXMs3sbFnA8AKRlsiXeQkuFBh6H+AHQaW41nHvIu0NeLK7+410GJ23gtJKURE5PMvh2pnAeSjiezb0cyMTvSsCalsuEYNOlciVqFnujJ2C+aMq1XxSu2vbjHSnoOsO47xR0PnOXwrf6sWBvBvNFezB52iFErSnbN4J92hXMxuOFwODnbMJDVa8MYXMfGiAf28n1s8e2/mr5WQImPTSqjmx7l3ZXlmLY4nBXzAzm7KJbbux4jiRvk2AjlyroCfxcbFscRj4keHVwvyF5PurHmo1i+PRVK5xAr677IJOjpGkzqFQAE8PU8K00HXATK03OihY9eimPtrKq0PuM6oTz5STCWmPPMPAKdXg/h3gae2PFi3OgkHp0ay4+xQdiBoH7VmTa2MgBJG9Jxc8vgwQcCCCLfJ8Psk8jhgxc5dM6bB1+uS4unICIINgJgyl3Vzc2HJbNqUgto9lIK7z6QTEIKbP5vAm5Bfvx7Vg1CgNu+cGN74GEOF7E/HA4H/SK30i/fMjc3M/P+VR0/Mi6peyrDAjMJ6ledWUNcbZm2zMSa8OMsWpWI+fCVtz1lTT36NXYDq5WIOdX45y2BtK4Kp844uPf+c2zcZM8dZXJz88kti95xrIn24r1JoYQA3iNieWDBRU7Z/YrcZ9eDF7BxURJJNU2kpjqJjXVdq3No70WIrJi9linfM1z/NpN9uA/a2LonnQ5tqrN+bWXMVbyAwiM60b82oHtdoLUHX0/dR1KGE2sJ+t3lyj/3qRNwsnvbRZp2qMSbv5ZnjNlymenC8oxd3oTbvjjNksWJLJydwMLZCcBRnp5fl0mdYUl00f2hRXj+svLaXfAfULedL83cEqh5WyCRtTxYm7t+arHlD6Do1wH2krax9MVuPkn7HvkuQh11nC8BNzcTn/yvOmeBm2t75K2/9hB1H84bBanVNZgf369YTNvPUrGY/VKS1yHAxsVxxOPGpDFVqe7tILxfVfotPsRH78TyUsea+F2b3ZOr+HMxgAM3Nx++zm5H5KcOVoYf59vNCdiK7Xcl72sF2B0lOjZfDc5ioQNeWV2PfpEeQEW+xkbTAQn8GhvAyhvg2IhC2XWSysL5dhwOGBS5lUH5Hnl/wQU698tkZTzcVT9vvsac78NUZLfK1HzpBEt+tOJ/LI54vHiioycp37s+5Sx/8TDLX8xb383N7DofpMJdLcvnLrfbABxkXHpBZ1AQ70QnMXREIr2/dJ0ImnX1J3rapZ/bHBCQfa1Fbnmuc4+HxQ3iM/LNSHpzS03YXsxeGTk3jPaVwZbhAG8LzW7zzXvR5697ko3DQPcOvnlP9vOhc01YsNvOAL/it+3mVo4aNbIHhT09qWS/yFMtTpN/VsmtWc41Fa425p1PC/7f1WQT5mL2WePrcOY6i+uaskmt86bz5vTZxUsjTvDgAxWLeaaF4R+FsH/EKV7sd5QXAbdaFqLfi6DWJcnBzc2NYP+c/3lwU4DrupiUC8X1u6LL7zUinIkHD/Hia6eZ/9pp3NxM9JxYnalDggpM2VhPpbLtBLTuXpPW3WsyCwdHdsTxzvMneHfAEdpHViu2P1AglBWWe3hsDtf1aRlZQL43yiv2t6JfB7eVsI3XQtA9dThyJAs/Swbjm+4haXJdZnWwkGRzx8+SzCJgy568D2M+NSoybZoFi4+JPYvP8u7PVlKLa/u2dOoU9VgJXod53HA4MhnUelfBpX6ZpMI1fuO/wrl4bCXAAU088s4BlnLUBrb8moIXV9fvrtjXAHw8aMCVj82F3ibc3ExE1Mh7vncl1zVq5uQ/d47MU5bHRkDTl9dF7NpzLIyFXrPCWL82gtWrI1i/Poynm8HGqWfZEVSBtgGwZU/eULLZI98FoUGBPHs/LJp2mAlv2WkyIojGgNnbdfhGLmtEQkIkCQmRHIkJIzo6mPo+rgDhV+mSEwBw6RWd1thkzlbw4+u4SPbFRDD/lfJs+zKBj38t+VWuGTYHkP8i1ovsPAbeRazv5laOqHsDuK11AK3vCaJ1/kDGJXX386Aa8MW3+X4z05rO9mNwV3PPEmzbkTsamLThCO2HJVF7RDVidrj224J+Jq72999LY5/9eflfvhaaN/IAMvOmT8g71GZyfuvNxp4T8My/m5NwpD4rFgTTNtXGiKdOX3GKLecto/h+V3T5e3ZcpGa3cBISmrN+dQ1e6unOopdO8uMlGz7w9VE6drqKFXoAABCpSURBVNzHV7lTkW7UalyZSWP8XO3zLL4/FJDhLLgjLG6FD7XHJRdfX6G/FSe2hG28Ntzw8/MAT3eIB8zlwNMDPz838KxAq5Zw7N2zfJV98Z9nrQD69QulV/cQ2tTN7kvFtb2l1598Hbpk2DJxc/NidXbfSUiIZO3iEOaMCiCgtHfJJa54Ls5Z8ZQj7zRpy+QwcHNb7+L7xR/pa1DyY5PhdE2rns37NGm/mOX66ftnz5HZmyjDYyMuCmXXnIPvFiTi5ubFU70CqNvYl8hIX+rWDaD/EG8cjjQ+XwEt7zVx7N3jzPk+mVP7Yhn/bCJ5h8eN/2/n7qOiOg88jn8ZYQDBDBEG0YnaiSKxCRLDssrWrQvFrRVNNaJNfYkutYnmxDXuMfGkapqE7OYQc1ZdN2ITY2jiW9Wckq2xpjFyzKnRTRapL1HRKFFEkOFlRkFgIMP+MbyJgJhovJLf5y+489znPs9z7535zX3unfFzeuP5WzXZZT78aob3koZlpJXJJlj1b2fYeaQGR56DRWO/YsGCUsqbPztaPYJe14DH4yEn23n1TcDnKkhNPcfT6SW4ewczNLLxXcXcUkfL53xDuz8ZEDcpFI/nMinzz3Egp4y0KWf4wNPZNysP7us+gt3U9rtI/qUPZZnnSd/ppDD/Ehnzv+JjDzw0LPAbbBsi7g2kb6iJA9u+ZMb6hjaF2+9j69frrjtmt5YFyP3oIjuzisnKKmJ9eh7j0t0w8C5irIDZBGWX2LS7kvwjxTz1uAvv8VTHW48V8tOZZzhQ2YOhMUFEANzrR6+ubrvT467j+gv/cJ7HJp8gY+8VIgb3YmC4CTBhbjNm0WNDsZtgTswRVm0rISfHyc6N+Yyb7IKBvYixdn48tNarjxmPx8Pv/quY/MJK1j9zruUKqdt7fOV9UsKR/KbI2YD7OsdbS7lrHetiH28tP/7pVSs/G9TjqmXz3ujPMNzMictlaUYRew842buziKUzc5m6xtN4P2dnfQ+9KedhzPgQPJ5qnl9USF5hLTk78xk9tZB5e9y3+GpiV96LawBfPA4nizIcFBZeImPRec5iInFo5/2/8WPtxvbNwFFhJJvg2dmn2JtfS2FOEU8+dhlCgxh0nXPC+PtGmmj68lZzVbDpjzBsrvfqVmv2CeEk"
20:58:36.381 [Forwarding screenshot on session f38f5520-bd02-11e6-b34a-8d0186b048d8 to remote] DEBUG org.apache.http.wire - http-outgoing-0 << "z6tk7eZySt+9jzPOPJZMPUXTjJDJ1JKZLaP7kGotJ3NYGOObZxWDWb2vPzXTCpjReLnZZPUnIzuSaDxkcfUTWNZBwcSbXKSnnuZy8BD8G18PiO3PhsVVzEgvIDq9AIAHp/dhYVIAX+43ga1p+q713028bbTEDuDI1gYeftTBuI0OHkwOJt5USb+Yqz8kW/g2/jRH+5ra1mTi6vs4W3OKF2ecJr1xbBZviGJetB/Q8bbN/pW0/u5hGdmX3yY7eXH+aTbO9065TZ9uZvPmKxxztddHU5uvk97Xe3UyZt+FQGD/movsb7UsfnIIy/5jEDbAlnoPk7Z+xZKpeSwBfjK9J6Gb3bgJ5oX3rJye7GBctPd7vMneky2v9iOAuuZxN/t7w0RrLfuks+POr8P6k3oHMzf3DEsmedtkMvkwN2MwSW0/Gex92fWhhycfL+bFJwqaF1vjLezIHOztXyfHg2NvS9sDovvyu1QXT6woJHYFmOIDsZuqGysMZmqCD+krijns8uMNS8u+7+x425vV8Xkw+hl71/p4S5lISh1w7WJbODs/78Hy58+zYskF1jSVNvmS+u82Fs8Lx8J1zrVveB5Cy/FjHWnno9VfM21BMfHriwGwJ4ex6eXwWzssXXovLmXMEA8muz+nl50jeom3j8u2RDHOxnX63/VjLe+1Nn3t4r757+x+zEm5wKTYo97XHwxmy7tDiAKivvG+aXmPvG37Rpr5NDQ0GOTX/ATA5aihkh7YrO1MO3bCUViD2+yDzep//cIdqamjsOxrzMFmrJYbu4hauPcsT2/wYc2bA7w3NbscJA46x0Nb7ue1mxhUahy1lLkh1Obf/M3tm2zbO87fcrzgW43Zd8F7XJixWdu2zYOj0I3bfOPH2rX1tzeOHdfvctRS2WYfdsTlqPVekTL7tTu+7R0P7alx1VJWCTbbje3vrtbfXru72sfboqYORy3gBmsH+7+zvt+U89Dg505T+4JtAddcUep0bL7hsdZ6u53vm87P3e/FvunGFMrkpnDlnMU+phRTfE8WjOxB9qrLHMbMO4eivd8wu+m2RcRL56Fxad/cORTK5KbJ31vE6xsqOOv0EDHsLqan3sNI23fzLet2bltEvHQeGpf2zZ1BoUxERETEABSTRURERAxAoUxERETEABTKRERERAxAoUxERETEABTKRERERAxAoUxERETEABTKRERERAxAoUxERETEABTKRERERAxAoUxERETEABTKRERERAxAoUxERETEABTKRERERAxAoUxERETEABTKRERERAxAoUxERETEABTKRERERAxAoUxERETEABTKRERERAxAoUykO6uqwul04r7d7RARkevyvd0NEJFbwHmcTW9s5FBZHX6BftRV19F/xET+5ZF4gq4pms0bG3dRVgcQwqiUmUyIuwecR3hr5QZOVgN+/Ul56nHiIszN653auZKNjh/xwqy4xiVV7N/6Jlk5RQD0H5HC44/EYaYralmVfJQX91+9dPLi/ry2OBxLm7KLwo5S+879rB4X0OUhuRV2L81l6hrPNctNVguH8gZjuw1tEpE7l0KZSHdTdZyVr2TSa+wM5v/AF4eznmBrACe2r+OltTWkzU1oFZSK2ZK5i69jU3hu4g8p2P0uG7ZvZ3DMr8l/YwMnw5J45vE4jrz7GtvX7iDyhUcIwcn+rZlk5RQREtvyFnI++22yctykLEwj8vJuXlm3nQ+HxzDB3rVYdqkYTJP7sO83IeCG4sMXmfREAQNGWlg22r9VST9mbRkAMV2r91aKmxfJ3l+YMFeV8/D4i/z41R/wmwR/Kt2+CmQicsM0fSnSzeS+/wfco2aTyD5Wr/0Tx0/tY93qjUTMWEhs8S52HK9qKeyuxhYzgpTkOELMQUSPjsWPUpzFJ/msDMamjCHMHELC5J/jV32YU05wfv4+WccCGBICtfVNFTn5dG8BQ1IeI8a3hIrAh1g4fz7/GH5jwWnggECi7MFERQUzeoqdhVZwVTXgOHCW5ORjJEflEJZ4hl2/L2bP6SrSkw+ydOeVxrVrSE88SNruGgoPnGdKVA69e+cQFpbL0m2XvCXyipkZ27g86ijbjlSxKvkg87dVNtZRR8aUXBZlXWm3fW1ZbMFER/ckamggNqDPoGDs9mCiowIAD7tXHad3b+/2kpcW4QBwlTEz8Sgzkw8SFnaEjJeOM2V+HolhOYSFHWRRxnmWJnvXiZ2STz6Ao4JFiQeb+5OWdemGxlVE7gwKZSLdipPjJ/0Zk9iX/R8XM+GZZ5k2dS7PL5xDZFgEcbF9KSmuaClutjNh2iNEBnnX3fn2duoChxEZChBIcNPsoJ9v82X1kJhfkv7CXP5hUCD1dS1V+QInt69g2fLVrF29ghWbPqWy7VzpdZw9WcmBHCcHDlSwMf0EKxxg7d0DauvZv7+aoYv78c5vQ3F95qag0o+RP+7B2tccuADySll+2If4mBqeHn+RgMWDKC+P5cNX/Vk7r5hCLjH/R4UcS+hH3oUHWDfBzbyEYu7/Zz82L73oDUz5pSzLbmBUXM8bHHePtw11Dc1L8red4tG0ejbkDKc8fxD3brvA7Awn4KHwcC2FQ8N4551+2HzcZG92s2jfA+xIC2T9kovUzB7Ekb39sGSXs/VALbtX5ZMZGEpeeSz7MnqyanGJt70i0q1o+lKkm/IFejSe4ZcdBVQE3EPHd2AV86eVK/hrUV8efWYqYeQC9e0XNXuvftW0ebkeoH8Szz81hqCq46x8KZOPcxOZNTyssYSb3I92cOoyUF9P/7hk4u0tqc1sAc8HpYz/rAyPowGr3Z/frh/EgpF+OPY2YDJZWJbaFwu1fNq4zugZ4bC8iH2ugQS964CfRZBkDSHu80j2HbrMqrRS/i+7GgaGYHbU8AkmXl/WF2sATHw5mrjFYKOC0LQC/lII920tgYRwxraee3QX89GOT7iML/X1AcQlj8PehbB5+tAVwMSet86wBw9nyuB/t1XgmhaMCxPpywaQZIHdn54jdHY/xkX54yo2YzI1MGtKCDaCSAi9gKO8gT5DA/GsKWVUYhWpM3qT/ddwrNdvgojcYRTKRLqVEKKH1PLnPUVMGh3GuldWkh/jy6FDpUxc2J+CnCLCp9999SpVx1n7Uib5gT9kbtos7GbA6X2pZXqynvqOQlpTiWoYMmK490GCoAEMCITLV5Woo8pRQkk5UF/P3a0vswFuF1ifHEDeyx3HjWueIrWFkTbiAm+vPU/IWg8LdoRBzSUWxZ3ijwP9WfDY3Yz9aTV/Xt9OZQFQ/kU15tgwFicU8Nb689y/oZ65r1vbhNfLVFwoocQX6ut7U9PpKLQxMJARfxeEuwqGr+rJZAIB74MB7nYeiXXTAKFmIgDwUAtghujpUey/r4w9OyvYll7I8mcdvHc6mtGWa+sQkTuXQplINxP981/w8UuZfJz0KHNm++KsrCcuPpgTW1aTEzGB9MjWl3lK2bQ8k3zszJibTK/yYs7Xw9332BkWWMeuD/YzalY8uR/spg47fUM62moIQ2MC2fL+XzgfM43wksPkVcMg39ZvMUGMmjaXUTe1t348vNDCkqkXMVl78flIP3BU8AmQ8T8PMMUGWUtLocxNsdXM3+Ph95sqSJp3NwcyTjB+mS+flw5lwlMhLJp0kcOmnmQn+V+9CXMkU5+KvOGW9bH5wdmv6Z/Ql5GWGlYlf8Gae22kju/R8Up1QNm1i7f9Opd59KP0zSHMm1FEWFwRFfqdE5FuR6FMpLsJGsrTz81ha+ZG1u2uJzAQqqvBPiqF5yfEXVXUnZ/LsWqAfDasWN64NJCU515g/JwJfLk6i8WLs4BAkuY8yj2t1vX19feGiEbDU+Zwas1qVi87BEBo7EQmRneY4q5htoDNv5PbXEN9mv/0xibv/7akcCabXDifDscOYA0mNcGHJ6JzeAJ48CdmoIYT+SH85w4rY8efofcSMJlMpO2I9K4zug/TTU6+WBBOdJdb3JoJC+Dv19LG6HmDefXgccbZc7wl7MG8lxkBOABT8xOwftB8757ZzwdCW+5La+rnhH/tR2bCBXq/dwGA+Cf7kaD5S5Fux6ehoaHh+sVE5I7krqKqDoKCbvCO"
20:58:36.382 [Forwarding screenshot on session f38f5520-bd02-11e6-b34a-8d0186b048d8 to remote] DEBUG org.apache.http.wire - http-outgoing-0 << "+5YKcJZeoWdYSBd/bwyqnE7q/HoSEnR7f7LC5aiFXv5YrrmRzoPDUUcvq3/LNGVhCYkxBfxqXyzTo25uO2pctVx2m7Ba/b5lTd52m83+WDRtKdItKZSJyPdaTsZRxiypxTQ5gvNv2jp5GEJE5NZSKBOR77eaGnL+5mbwyLvQBSgRuZ0UykREREQMQD8eKyIiImIACmUiIiIiBqBQJiIiImIACmUiIiIiBqBQJiIiImIACmUiIiIiBqBQJiIiImIACmUiIiIiBqBQJiIiImIACmUiIiIiBqBQJiIiImIACmUiIiIiBqBQJiIiImIACmUiIiIiBqBQJiIiImIACmUiIiIiBqBQJiIiImIACmUiIiIiBqBQJiIiImIACmUiIiIiBqBQJiIiImIACmUiIiIiBqBQJiIiImIACmUiIiIiBqBQJiIiImIA/w8LDNCE9u6LagAAAABJRU5ErkJggg=="}"
20:58:36.382 [Forwarding screenshot on session f38f5520-bd02-11e6-b34a-8d0186b048d8 to remote] DEBUG org.apache.http.impl.conn.PoolingHttpClientConnectionManager - Connection [id: 0][route: {}->http://localhost:25620] can be kept alive indefinitely
20:58:36.382 [Forwarding screenshot on session f38f5520-bd02-11e6-b34a-8d0186b048d8 to remote] DEBUG org.apache.http.impl.conn.PoolingHttpClientConnectionManager - Connection released: [id: 0][route: {}->http://localhost:25620][total kept alive: 1; route allocated: 1 of 2000; total allocated: 1 of 2000]
20:58:36.655 [Forwarding screenshot on session f38f5520-bd02-11e6-b34a-8d0186b048d8 to remote] DEBUG org.apache.http.client.protocol.RequestAddCookies - CookieSpec selected: default
20:58:36.656 [Forwarding screenshot on session f38f5520-bd02-11e6-b34a-8d0186b048d8 to remote] DEBUG org.apache.http.client.protocol.RequestAuthCache - Auth cache not set in the context
20:58:36.656 [Forwarding screenshot on session f38f5520-bd02-11e6-b34a-8d0186b048d8 to remote] DEBUG org.apache.http.impl.conn.PoolingHttpClientConnectionManager - Connection request: [route: {}->http://localhost:25620][total kept alive: 1; route allocated: 1 of 2000; total allocated: 1 of 2000]
20:58:36.656 [Forwarding screenshot on session f38f5520-bd02-11e6-b34a-8d0186b048d8 to remote] DEBUG org.apache.http.impl.conn.PoolingHttpClientConnectionManager - Connection leased: [id: 0][route: {}->http://localhost:25620][total kept alive: 0; route allocated: 1 of 2000; total allocated: 1 of 2000]
20:58:36.656 [Forwarding screenshot on session f38f5520-bd02-11e6-b34a-8d0186b048d8 to remote] DEBUG org.apache.http.impl.execchain.MainClientExec - Stale connection check
20:58:36.662 [Forwarding screenshot on session f38f5520-bd02-11e6-b34a-8d0186b048d8 to remote] DEBUG org.apache.http.wire - http-outgoing-0 << "[read] I/O error: Read timed out"
20:58:36.664 [Forwarding screenshot on session f38f5520-bd02-11e6-b34a-8d0186b048d8 to remote] DEBUG org.apache.http.impl.conn.DefaultManagedHttpClientConnection - http-outgoing-0: set socket timeout to 10800000
20:58:36.665 [Forwarding screenshot on session f38f5520-bd02-11e6-b34a-8d0186b048d8 to remote] DEBUG org.apache.http.impl.execchain.MainClientExec - Executing request GET /session/f38f5520-bd02-11e6-b34a-8d0186b048d8/screenshot HTTP/1.1
20:58:36.665 [Forwarding screenshot on session f38f5520-bd02-11e6-b34a-8d0186b048d8 to remote] DEBUG org.apache.http.impl.execchain.MainClientExec - Target auth state: UNCHALLENGED
20:58:36.665 [Forwarding screenshot on session f38f5520-bd02-11e6-b34a-8d0186b048d8 to remote] DEBUG org.apache.http.impl.execchain.MainClientExec - Proxy auth state: UNCHALLENGED
20:58:36.665 [Forwarding screenshot on session f38f5520-bd02-11e6-b34a-8d0186b048d8 to remote] DEBUG org.apache.http.headers - http-outgoing-0 >> GET /session/f38f5520-bd02-11e6-b34a-8d0186b048d8/screenshot HTTP/1.1
20:58:36.665 [Forwarding screenshot on session f38f5520-bd02-11e6-b34a-8d0186b048d8 to remote] DEBUG org.apache.http.headers - http-outgoing-0 >> Cache-Control: no-cache
20:58:36.665 [Forwarding screenshot on session f38f5520-bd02-11e6-b34a-8d0186b048d8 to remote] DEBUG org.apache.http.headers - http-outgoing-0 >> Host: localhost:25620
20:58:36.665 [Forwarding screenshot on session f38f5520-bd02-11e6-b34a-8d0186b048d8 to remote] DEBUG org.apache.http.headers - http-outgoing-0 >> Connection: Keep-Alive
20:58:36.665 [Forwarding screenshot on session f38f5520-bd02-11e6-b34a-8d0186b048d8 to remote] DEBUG org.apache.http.headers - http-outgoing-0 >> User-Agent: Apache-HttpClient/4.5.2 (Java/1.8.0_101)
20:58:36.665 [Forwarding screenshot on session f38f5520-bd02-11e6-b34a-8d0186b048d8 to remote] DEBUG org.apache.http.headers - http-outgoing-0 >> Accept-Encoding: gzip,deflate
20:58:36.666 [Forwarding screenshot on session f38f5520-bd02-11e6-b34a-8d0186b048d8 to remote] DEBUG org.apache.http.wire - http-outgoing-0 >> "GET /session/f38f5520-bd02-11e6-b34a-8d0186b048d8/screenshot HTTP/1.1[\r][\n]"
20:58:36.666 [Forwarding screenshot on session f38f5520-bd02-11e6-b34a-8d0186b048d8 to remote] DEBUG org.apache.http.wire - http-outgoing-0 >> "Cache-Control: no-cache[\r][\n]"
20:58:36.666 [Forwarding screenshot on session f38f5520-bd02-11e6-b34a-8d0186b048d8 to remote] DEBUG org.apache.http.wire - http-outgoing-0 >> "Host: localhost:25620[\r][\n]"
20:58:36.666 [Forwarding screenshot on session f38f5520-bd02-11e6-b34a-8d0186b048d8 to remote] DEBUG org.apache.http.wire - http-outgoing-0 >> "Connection: Keep-Alive[\r][\n]"
20:58:36.666 [Forwarding screenshot on session f38f5520-bd02-11e6-b34a-8d0186b048d8 to remote] DEBUG org.apache.http.wire - http-outgoing-0 >> "User-Agent: Apache-HttpClient/4.5.2 (Java/1.8.0_101)[\r][\n]"
20:58:36.666 [Forwarding screenshot on session f38f5520-bd02-11e6-b34a-8d0186b048d8 to remote] DEBUG org.apache.http.wire - http-outgoing-0 >> "Accept-Encoding: gzip,deflate[\r][\n]"
20:58:36.666 [Forwarding screenshot on session f38f5520-bd02-11e6-b34a-8d0186b048d8 to remote] DEBUG org.apache.http.wire - http-outgoing-0 >> "[\r][\n]"
20:58:36.736 [Forwarding screenshot on session f38f5520-bd02-11e6-b34a-8d0186b048d8 to remote] DEBUG org.apache.http.wire - http-outgoing-0 << "HTTP/1.1 200 OK[\r][\n]"
20:58:36.737 [Forwarding screenshot on session f38f5520-bd02-11e6-b34a-8d0186b048d8 to remote] DEBUG org.apache.http.wire - http-outgoing-0 << "Cache: no-cache[\r][\n]"
20:58:36.737 [Forwarding screenshot on session f38f5520-bd02-11e6-b34a-8d0186b048d8 to remote] DEBUG org.apache.http.wire - http-outgoing-0 << "Content-Length: 49622[\r][\n]"
20:58:36.737 [Forwarding screenshot on session f38f5520-bd02-11e6-b34a-8d0186b048d8 to remote] DEBUG org.apache.http.wire - http-outgoing-0 << "Content-Type: application/json;charset=UTF-8[\r][\n]"
20:58:36.738 [Forwarding screenshot on session f38f5520-bd02-11e6-b34a-8d0186b048d8 to remote] DEBUG org.apache.http.wire - http-outgoing-0 << "[\r][\n]"
20:58:36.739 [Forwarding screenshot on session f38f5520-bd02-11e6-b34a-8d0186b048d8 to remote] DEBUG org.apache.http.wire - http-outgoing-0 << "{"sessionId":"f38f5520-bd02-11e6-b34a-8d0186b048d8","status":0,"value":"iVBORw0KGgoAAAANSUhEUgAAAmUAAAHhCAYAAAAvRsl0AAAACXBIWXMAAAsTAAALEwEAmpwYAAAgAElEQVR4nOzdeVzUdf7A8dd3ZpgZBrkURQexgFDUSHQ1jQzNq9QOS7PD6pdtq23tWlZ2udqm2VrbYZdbdtillrotZlp5bVqZLuaZZJqQB3ihgFxzf39/jJggx3dggEHfz8ejRzLz+X6+n+/M93jP51SSk5NVznPpHVo0dREa1Ij9xU1dBCGEECJg6XQ6PB5PUxcDXVMXQAghhBCiKen1+qYuAgCGpi5AIJCaJCGEEOL8pdfrcTqdTV0MqSkTQgghxPnNYAiMOioJyoQQQghxXguU5ksJyoQQQghxXpOgTAghhBAiAEhQJoQQQggRAIKCgnzeZvDgwaxevZrVq1czdOhQv5RDgjIhhBBCnNd0utrDoeDgYAYOHHj67/Dw8NP/jo6OPv3vgQMHYjKZ6lSOwBhuIIQQQgjRRGobfRkcHMzMmTO5+OKL6datGy+99BItW7Y8/X55gPbAAw9w3XXX8dNPP/Hoo49it9t9Kofi64z+anwa424aROeYVoSYDNhL8vhtx3e8+95yChXFp537Iu1PU7k29hAvT5lDbgPupzI18SZenno73S6IwqwHty2PTcve4aGXljZaGQBUNZHpH79A75Yn+fjB2/loT/0/A1W1cvdTE4g9sJxpc9f5oZSBQbUOYvKEQYS581n+/EzWFf7+WanhaTz+6DAiOUr68y+yobDxzqXqlJc3xO0+/Zrbbafg8B6+emM+mYrSqOe/Gp7G409cS+TJTF6d8V6F/anx1/PUn/tB9nKmzV7le96qlbsn30+nEHCf9a4eSn7hjUr7PFN4nzt4YmQcq15+mlW5Dfw5WAcxeeJVkLmUZ8+4PtTwPjz+xAiKVs1h9qqsBi1DXTXWffrM7yOjw908MTLW5++muV2vomqqNY3777qKi9pGYNKD217ArvVLmb14AwDdb32Im3u04+Tur3n2bd/vHTXxR94JCQns3bu32vfT0tJ46qmnTv9dWFhYoaasqtf+/ve/8+233/pUDp+aL9XudzB7ylhSk2IJcRWQk5MHYVaS00bz7FO3+bRjX7VpF0NUbDsiGnQvFanqTXz+7ykM6hZH64hQQkNDiWgdx6C7ZrBk2rWNWBKAEOKS4mgXm4Q1xF95mmnXIZoOcW38lWFgMEcQEx1NtDWJ/oMTKryV0L8vSdZooq2diGvVROWr7FR5rdFRREV5/7PGxpHcawiTXnuYeFVt1PNfKVzH3pMmohPTuOe2rhXeu3vctcRFhXFoc0YdczcTFll+nNFYrVasVivRUeWvRWKuYetW7eOIjupA65oS+Ys5gpioKBLTxjC2+xm/XVu1JzE6mrYRjVEI3zXmfbpVdBzRUXG0NkOr9rF1+26a2/UqzqKqaTw7Yyy9Eq1EhlqwWCyERlrpNXw8M8b2ASChcxeio6KIj23t9/37I+/aaspWr17NkiVLTv9dOSCr/NqSJUtYs2aN7+XQmlBV43l47AAsuNmR/hIvLck8/fqDLzxJSlx/bo2fz4Kshvkl43QBbhc2reW1jmL2jCv57/T7WFzHMnW8ZyBxABxj+Suz+GJfG8ZPfYBuERB3zW30nfI53zVirZ3TAZgcFOd6/26jqhyt7/7d4HbVu2gBp7wWJuaSy2Hx77UZl196wal/uWj6uZtPsXkvxOylzzFtibesqmrl7umTSYvtRO8EKPXx/K+vRTPmcsm7E4gbcidp8x9jnaJgHfoQadF68jLm8faGwjrlqyhZvDJpPOA9xsdnzyDJsIep42b8XjtW0zntdAF2So+DqoajKHUrhya28vPISNo9j7P2vplkKcrp1wPxsmns+3TWkmk8mBFOYa5CfLILcNfpumpW16s4S8ywnlgByGf9woV8fziSEWNHkxgK1suH0OW9H8j8YTVtDrcgZ/Nav+/fH3nXNvoyKCiImTNn0r9//9PBV15eHl999RUAV199NVFRUYC3xmzmzJlYLBafy6G9T1mPfnQJhdI9S09f6OC9yc6a/z2v3ZuMuX0MZOXSZ9QD3HZ1CqF6AAfZ69OZ9vaXAIR3uZ4Hxg4jLsoIQFHuVuY/P4sNhQrh3Ufx6D1XY7XowV1Kvt1ESGkmzz3yYoWiqNY0Hp94M0lRltN5zH1yFlsq3cwNGKjPUyykPOp1uSh15PPdqqV8SxT//msqHP+ZI3ibFZ+aO4sRPWMxAK6ibD6d+QjPLd2DmngTc2f9lZ6xp+o3XEXs/OY9bn3oXRLveIn3J16B+1guzpZxtDa5WP/K3bx48kZmPXgNsaHer6bgwHr+OXY8nx8pL5WRK1/8N3d164gJKMhexYTrJrK1nsGZqsbz8AsP067sOKbYWEKB0iM7+O82GDwkGSPgyNvF3GdmsqFQwdrnVu69rT+xod7v0V2Uy+r5z7NgQyGq2oVx0+8hNTYSgLwDuViijax4+hHScyK46cFHGZ7ivYRxHGHN3Ff5aEMuqhrPuOl/Ob2duzSX1e88z4ItPj54baAH3A43xthLGBSusqpQQQ0fRHerkfzcfCKtplPH3Z1xT91Gapz3YsJdyp7v/8Ozc1dhHXQfk2/pSmm+m6ioUACO7FjGP15cRAEJ/inrmYJ+r2JQlFw+W7eftDFJtIuP4cxK9eo++/knh/HypIHkLXuJZxd7r9H46x/jyRHRLJ0+kSU+PIgVZQsvfrKVWWNSGPX4MNbO3Me9I5OhdBf/emMlKAqqGs+dj49jQNKpDq6OPNbN+xdz12Ux9KF/MrL9IZ6d+CJZioJ10H08dUsc6VMf4cvTTVtmym+DEUBu+fENeoCnbmnP8qmPsCTX+7099+JN5C99jkUAWOj3t9cYERUKuMnd8RXPv7iIQkXRfG/Q6vRt2pLEnx8czKRXVlG5Kq+6fSY99Rr9Q3fx9CNvkEMM9z83mR7GvTw78UX2EsHd05+lu+s7pix1/n7fA/IPZPDOlDfIrEuZNd6nrfEjmHxLV4qO2Im2RgJuDmSsZk9oLwYkef/O3bqUya8sqeUaOfVdPfsIO3wvrZdP12v155z3eu2GuxRCQ43k71jIxE9K/Ho+iKqZQ1p4/+F2Y3OeJHPLBnYSwfRRF8PJbAqADm0TSeoaTQfzQZZsyKX7qIe45+pkLHpw5GWTVRZKotXCjk9mMCuzF889dS36nB0cMnUk2WrBG0ssYloVzZNhZ+Sd/oOZB194mC6WUvbtdxCfZEWP97t/88lZ1V5XNXXM79u3LxEREbRp0+Z0QFZQUMDo0aMpKioC4L333uOzzz4jIiKC8PBw/vKXv3D06FEKCgr47rvvNH+WmpsvExJi0eNm05fpZ72nbJnLhPEPMXddLuFpDzB+eAqW/F2kz53H+j0niUsdzcw/paGqfXh00gjiouxkLJvHwjU7MFlTGD/9YaxqHx6dMByrIY81C+exIrOISIseY5i50j2wK5OfGktSlJ316fOYt2wremsKE164n3BVxdq9D4MGpdGvVxv06Inp1Y+0QYNI627V/KGU27J0FYcADO0YNWk227dv5tuJKWSueIdRd09jj6Lwl4/fZVTPWAyuIg4cKsAQGseYGW9yf6LK9NeneAOyokPszj6EyxBK10H38liKSkhYa0INJiLaxdHaBFDM7uKrmD9lBLGhBuwFhyhwQURsKjMWvMzv4zpMdOzWkZOHjuECIuIG8fT063w+tqoEWSxExcZyeN0yVmTkYolOZviQLuxbt4w1O3IxRiUxbHBXVHUQj4wfQqz+CMvmzWXesgxKQ60Mue0urKrKTU/dT2psJNnrlzFvWQaWWCsWo4UgMwx+8CmGp1jJ3bqCuXPTybZHM2D841wfr9Lvwb+QGhtCRvpc3pq3hnyLlSH330+86lO3x9P2b8vEQRSX9vc2iSQMTiWSPLb8dITy3yN3PjuB1LhIdqxZyNy56ezKM5CYdgOjrCrmkAgsegtRkaWsmDeXZVtziU4ezqN39/B7WV2AIciEqoYTHh6ONT6NPw5KBErZm5lzRsrB1X72MTt3UeDWk5jan3BVRVXDGdg3CX3pEXZU31WiWoWrXmHZnlJCk0bywgv3E6t3sOaNU7VFwIjJDzMgKdr7Xc5bwQFXFGljH+bWLipGcxj6sBan8zKHRGHUh1G5xa+8huTM307mkHCM+jAs5WlbRRCpN2I6I2iNjLSzZuE81uzKw3rqO1HVLjXeG+rCAOxKn8eOIohKucnbjHlGYWva56FDpRijutIrBojpRVK0BX1kAr0TgIhUusdasB8q5N57h2N1Z7HwrVdZuC6byNhe3Pvg4DqVV+t9uvzcjrY6WJOeztZcO7G9hjCgQxlr0pexK8+NNWUg11vVWq6RU99VnUpbkZbrtaZzzntMRkJDT7JrzwH27Xf6/XwQVdu7PoM8AH0UA8ZMYu7cd3jt5kSy/7eUqc99RK6i0L5dNKEWC6EtQlD7/In7h58KyPKPYI+MIyk2Cr3eQnhEBBBEqFFPVFwKydFu8ovcgJG4VO95V9mZeQOEWCwYLVEkJlk5mVeEGwi1pnDnuMuqPQa3++xeruWefvppJk6cyJgxY06/9umnn6KqKmFhYYSFhaGqKp9++unp98eMGcPEiRN5+umnffostdeUnWo2KDpVY6Oq8UyePYXE01ejm13pz7Kra0cgl3cemckGRUFdm4Hl5Vmk9O5Lr2wbVmDHvJnMXpULrGIf05g0oBNX3W7GCmyd9xgfrVPgy1UYZrzDgKiKN2zL4MEkGiFv60pW78jFTBb/TUhgeFI3hiUkEHf/eBLPqIVMGTGWFIDcFazbssCnD0fZ8y5D7nQwd8afSImNwICBiNiujBg/g2uGXc7Nw35kWDdvLdimj59i7Is2Xl/zKv1at6bvtd154/XplPTqTF7GGo52uIYH/9iO1gZHpWr4Y7x/5wBeLOnIPU+8iwmwZ6fT6/qpqH0f4t9P9ONkpSfq7sUPMWraKh5a8D13dQ3Fmpjo03FVR28A94EVPDt3Map6kIvfH09U9len/t5L0vsTvAkjclm/bh3OrV+TngVd4438lteL5MhwIriM7nEWHNnLmPb2YgCymMqU4TFAApd2iYSiXSxduhF7OCz98kImjE6hW48EMvQGQE/bhARarN/I3Lf2EWU/eDoI8IUBsOds4peuySRfejksyaJfzzjIXcH3xzowwHsg7NuyhjX/28OH6T+T0DWevYfySYoOPbPSiox3HmPBBgV15TZiXptFSvcrafOb/8oK3uAkdsgE3h9S8fXcjP+wJFfh+vIXavzsN7NiYx7jU7sxLAHmM5ieUZC7bkWdy7Voxqd0f3cs1igLR9bP5aNMbz6q2odLEy24D6xg8ive62ptppM5M4bTo/9gvL8Lz2zg8/5bWxNUpbRV1HZnvPMIH21QUJdn0Pq1WST3HELyAVsN9wZYUMc++SYymfnmOuZMSiNt7MN8PeXn00cWUcP9qN1n3+BIHUK3XjF840jCW9dqIbFHAhEl3QnFwQ+rdxHXE7BE0jGxA+vWfsxbe9tjP/hr3Qqr8T696NRfGW89xkcbFMIdScwancTWT5/no3WFhDs6Mmv0BVjMtV0jvnyv1dN2vV5W4zm38dRvl4y5zzB7XSHhgx5glg/nw9ChQxk2bFiF15YvX86XX35Zz6M79ym5X/LIdCePj7uOxOhQ9OgJjY4jbcR4Lr8smamPzcF5xtCeEQOS0QOO3HWMnzwXVR3Ec++OIfqMZ7c3dR4LH36E5QU9mD5nArHGCg0KpzkrDRsq/+vAin8ydUEmo6a+wfA4C5Ht2ld7DDUFZVWxWCwVptHQ6XR1aq6szMcpMSx06BIDubnAcf733XoKWoDTEktqSmyFX7Llg0AVpZDdR0pJCYOgEDPg5lBWDuC9uRec9N5xvbGvm6MHf9/byRI7Z1QRARAa4Y2Eo1JGMyXlzHeKcLKXN6ZOJoQSSqKv4/kJffnu1af5/AiElPy+T61Srr2Dq7pY+f7lUYxdGc7g0UMYduN1DOraDkPsQG4ckX+643XPu15ix12/bxtz8R8w04vhQ1OJGDGq+p0U7WPNFlCUPZhPzV3nOOm9oyrfvcSo4S+d+nzKD7aIjM9XAgp2l/ckcvh0VDXQQ/7h8lqZo5S4gezygLCQEre35UYpzKTAMIqbJsxgxJnbl7qwJcQRBeRk/t50sjfzAO7hMQS17ESkETAmMX7KlAq7jkhIZvnMuXR8diwpyWmMSU7D24TyFds2763TiDG941dWbM0jObUrfayDSI6GPQuXczzo/lMpCvj1KAy7eTzvVzyQCg+ZopPe/ytKIbtzSklJbEHmi3OJ8WdZgbwda1jz80mMxiCCKGHvjvVsyarUHFqws/rPHti57DvuSB1Bj4GXke3qjZEivvtsM76e++UUZR3f7RnF6CQ9m5at/T2fmGhCgf3bt/2eOCeTfY7hxLdtXa9uA1Wp3H/rzO/k55xSkhNNtIrw3tGrvjfUQ1AESuZc5mV0YmyvZCbcG3T6pt+qpvvRkY1klQ4hvls/hrk6wJEd7NAn06nL5QxzXQClv7B2717WzlvDxJsHkDJgBCkDRoAjn/WLXmdLnQd2arhPOwEcHD166jiMeqCUnF8LAIVW3pZxnBqvEX+o9XptWcs5l+Mt19HyY6jxWXG28uCrPDCTgEy7+D6D6B3Xmu2fTmHm5hB69OvFZf370isuCn10T/olzKH0jPRBpzoGGPXlV3YmR0shOrRSxqX5/FIAUEiJCzD68gOglO0bdwIKzlPPypr6gbpc1b87Y8YMOnbsSHh4OEOGeH85Dxs2jM8//5wTJ04A0LJlywpB/VdffUVRURG7d+/WXGLwISjbu2M3pSMSSR52C/ErXyRLKWTVgrdZBajh19NzViwAQVWMYGgbaQEMGIMA9ES2j4BTDxvzqTYKPWe/FxZiOmvcvLPE+8Ke9Ok8e6pTtLX79QzvaSHzOBQW5lIIqLgwYsRVmENhrkJhHR5Kl4++lzHdQuG6i/ll5e2sWrSHlXtasenDUZhwwL5M8lwQaoBN70/mH2vyGXLjzSRH5vP9p04mzk4lAheb5j3F2Jn5fLJpNl0rN1sbz55F2BjmHWakJj7EivkjIfcX3vnTq79/Bj4fiTYGoOyMqNgAuMvsFf4GsA59jDGpceTvWceb6WvZkpnFrdPeYUg0sDeHk0B0QiLgDcwSusSiB5wn9lHkhqgjaxg7+SPvMYZ3587RKeRtyiChXypH/zeXu9KzuGzwYFKvvJLklMEMS1hUp1oOQwhsXr0ZR+oQRt4/jEjySF9eQMjph0sP7h07gOjSA6S/9QkZP+yEEZOZMeKCM3KpeAK2j7KAvRhLvwT/lhUo2vs9X35Z88Ythz1e/WcPKLlL2JR7LWk9RzKSKNwH1vBlPacRMJZ3gD3zF2pOPqVAh0u6wan+a0RcQJQR8g7kwKlBUOWxmc2X339Bhooblzgrbe2g7NR7qhpOxxgL2O2UlHhfq+7eUF9r33iVni9PIzkpCYDD2LDVeD/ay9GdeST1GshA9OSu+S//NbQhOW0AQ4Aj6zeRQwLDYuDrNx5kZUE8w/pdxuCBvUi96SZWr5zpcw2n1vt01Qxn9ZfTdo34R63X64lazjniKhxDzd9N1WU4MwiTgEy75AE3MCTRAn3j2HffDLasy2XzwTDmTBmAsYpQ6GhBKWDBTSjhqkpBQi/aVw7IGllNQdkXX3yBy+VCURR69+5NeHg4rVq14q233uLrr78GvLP7t2rlfXYXFhYydepUVFXFYDD4VIOm+U6pZC3m0/XdGZuazJTZz5GxYRO7D5XQLu4SuvdOwgi4nDY2b9vH8LhExj51N3y8lrYD7yItGop2ZPDNSifXDI+j15hHub7oXfa06sc9Q2LBfYCdH68hflAive78G2NDvsbWeRADrHoqhNcYKF2+hiOjk0gcNo5b8z9ko6ML4+4ZTrQ+j1/mzP+9QqAkm4wdGWTX42b8+sJvGd9tGIR2Y/aW9Rw6ZqN1u9beD811iMwtn0PWVOI6mug58l4e7ljG"
20:58:36.741 [Forwarding screenshot on session f38f5520-bd02-11e6-b34a-8d0186b048d8 to remote] DEBUG org.apache.http.headers - http-outgoing-0 << HTTP/1.1 200 OK
20:58:36.741 [Forwarding screenshot on session f38f5520-bd02-11e6-b34a-8d0186b048d8 to remote] DEBUG org.apache.http.headers - http-outgoing-0 << Cache: no-cache
20:58:36.742 [Forwarding screenshot on session f38f5520-bd02-11e6-b34a-8d0186b048d8 to remote] DEBUG org.apache.http.headers - http-outgoing-0 << Content-Length: 49622
20:58:36.742 [Forwarding screenshot on session f38f5520-bd02-11e6-b34a-8d0186b048d8 to remote] DEBUG org.apache.http.headers - http-outgoing-0 << Content-Type: application/json;charset=UTF-8
20:58:36.742 [Forwarding screenshot on session f38f5520-bd02-11e6-b34a-8d0186b048d8 to remote] DEBUG org.apache.http.impl.execchain.MainClientExec - Connection can be kept alive indefinitely
20:58:36.743 [Forwarding screenshot on session f38f5520-bd02-11e6-b34a-8d0186b048d8 to remote] DEBUG org.apache.http.wire - http-outgoing-0 << "pakdve//74VTp6KB6E5X8vq/u50KyIJpH1ux+q/F6f2t54/dhmGKG8X3X/fG1qIdrU0GiHSw9Qj4ZxGH2mgfz1527ABZOTaGjp3KkNjy72otG/fczPCkEUz9UxDr89tww/A4vG/uZM9+B3Fx/XjyjkN88v1xBt5+D6lxFnZlf40xdTBD4q6mDe+wKCOTxEvTAHDWudbFDHvX8kvREJKtkTiyV7BOUYg/9W4QoRgBSo+z5+ccIvrdydgR3n5cv4fKevqNfZxDc5cSdPktpEbBkfXriek/1s9lpep6+QoMlNfRVP3Ze33930zSxiQTBWxd9Xk9ClSpeGf8W1HWsTP3TgbEDuSxW4+xdJeDwTePIBLY+suv0NIF+gu46abLWHc0kduuLT8HKipvrTjzyI8fLQTiSL3rTvam7+GyMcMwVtjKyPAHH+fom0sJuXwUKaFwZP1aMpaj7d5QR4qSy4uvr2b2lCF4f2aayVm+tsZ9rv1mO3f2GoAeN7/+uJnNpp6406LR42Dn92uBy+g3ZADRfeMIeuNjtm3Lpu/AXkSWFFGXW5fW+7R2Wq4Rf6ntel1b8zkX2bdCbrV9N9WdDxKM+S59zVZGJKaCJZFJ784mL99OZFSk9/p2Hyd7b8VGr20/ZUOvKPTRvXhx9mu4LaGVrvFTGnF6+5qaL8uDqkcffbTCtBctW7bk1ltvPSt9eHg406dP5/nnn/e5HD4d8rq3J+MofoDR/VPoNWA4vU697i49QsaKdGYvyQKeZWHMNEb3SmPCFO+DqujAema9uBxFUXh5biyP3JnGiAmnmq9Kc1n2xhQ2KAo/TI5k+uMjSRs9Bhz55Dsg0mA4dcN2gb2YAn7gH2/F8bexQxgydhJDANz5rJv7MuvO+FWpFG5g9ksbqM+dWFn6OJMTQ3jw9n60NoTSrp03lHcVZPPxkyNZqih8PvIJ4pY/TWpsLKmp3nJmr3qDez/6kDu6j2TSoDhiew4iliKOFdhpHWGi2/BrKck4Vd9V5qT4jP091aUNU8f0JLSddwSkqyCbd58cz266n6q0+f3EOVlSBkRgK6vntACu3/9nqPRyVX/nLF/KjgHxJKeOYVYqQBG5uUVYrW1JjoFFM54kePJTDEgdThxuirw/igCY//QrtHn2flIGjGGKt6MIuRnpPLcqFzVzEd0ev4WUEeNJGeE91ux1H7K4DpOEugCX0/sgXb8ll+Q0K5nrzxwubafUtpa1GVcxulcKk2bNArwjRd2xVhJ7dGVjeZVkWBJjJnlrR/Kz1/HqnB/IiWnht7KWl7fWFPZi9i3/qsbPPisXclb+l9wxyVgde1i5tqDmKSY0cJy6WZVWepZ/+OQbtH7uHpKHjCFpCICDXSve4pV1uagHV3DZYyNIGT6eFCA/9whua+hZD3LbqXP6zKwL1i5i3aAE0hIHMGHSACjKw4F35J/Ncer8tyQxtvw72bOGf8z5AUVRNN0bfOE9j34vnZK1gHfWJDJhgHeyHEXZUPM+d37PntIBJBn2s3UnwA5y3anElv7C6p3e7T9M7839I1IYPWkKowEcR1j20bw6T/Kq5T5tHVpxUg/v51rV3zVfI2tLztyu7hOFaLteIb2Gc67yMdX63Qi/UTa8zVvtLYy+OoVIvYWoU6Nd3UW5fPWm9/le3i/WXlxC4brZTA+5j79c041ISyiluQcoiY4lUg/FBQW/Z+w6I1Cq9Pyrir245Iy/fk9bYrMDobhd1bcz1danrF+/flx11VWn/y4uLqZFixYV0pz52lVXXcXGjRtZu9a3aTp8ntG/nDU+3hss2Y6TlXt2UKCGW+kaE4GtYCdZlR5UqhpOQtcYzLYCMrO8A+FV6yCmP34V2fOfYe6GQlQ1nAdfnkUKGTw48Y0qb1DxXbpgttnIzGr4WbVT+valBVB8ZDdb9xw96/3ElL5Et4Aju79lz9EzZqROTOGKaNj97RbNc4qpaiJXXBENxUf4busefx2C31njuxBBxc9fVa2Me/YRYn9LZ+rb3lnQu4+dwYS0KFZMH3d6fqTw+HhizGYKcnaSW6l5zRofT4QZcnbWrX+Wr1RrPF0jzi5L/PVPMmVEDOmT7+Mbc1da2c4+lxu7rL/v9+zPvpwaPpSXZ42GjLk8NLvhV2rwfpdVfwbeazSHzMp947Tka40nJgIyM6u+vuO7dIGCnCrvP415b/DHPqu6J/pDbfdpzeWr5hppKjWdc1VpivPhfBXfpQtmwFbNtQkQP/QhHhtxISfz8/juw6dJLxjGc9NGE60vZVk95hatD6vVSm5u9deewWDghRdeIDk5mSVLljB16lQmTZrE7bffDsBnn33G008/zbRp07j++uvZtm0bjz76aI3NolWpc1Dmb2r4IF6YNYYoSjmwJwdj23iiQ/Vkr3iVaQu2NHXxhA/umPEOA6x68nOzySOCRGsk5GUw+ZE3GnWJrPqKHzWVKcM7sGL6HxtsUmR/UtVw7p4+nbTYUKCI9Ml/ZUkDL0UkhBC+UrvcwZxJA85usnTs4Z/jZtRtjr56atOmDUePnl3hUk5VVRwOB1dccQVr1qyhRYsW3Hjjjdx/v3cgygcffMCHH35IcXExAwYMYO3atZjNZhQfj0UfHR399/ociL8o9ixW7CnhQms72rQMB9sRtq76iJcXS0DW3Gxb/RNBMVaio1sSqnNwcOd6Zs94j/3NKCAD8Jhak9CmjJ3/28C+osAvu6LYibqoF7EtytiydC7zt+Q1dZGEEOIsyrHtZOZbiI4w4nY4sZUUcSR7Mx89/yo77E1zrzWbzZSVlVX7vqIo6PV69u7dS0iId2Rv69at6d+/P+Dti5iVlYXRaOTXX3+tU0AGAVRTJoQQQgjRFMLDwyks9K2Jv6ys7PQ2YWFhTTFPmRBCCCHEucXXyWMBgoODCQ4O9ms5NC+zJIQQQghxLvK1Q35DkaBMCCGEEOe1utSUNQQJyoQQQghxXnM6G2qtHN9IUCaEEEIIEW8cvJwAACAASURBVAAUytcCF0IIIYQQTcagqhKTCSGEEEI0NWm+FEIIIYQIABKUCSGEEEIEAAnKhBBCCCECgARlQgghhBABQIIyIYQQQogAIEGZEEIIIUQAkKBMCCGEECIASFAmhBBCCBEAJCgTQgghhAgAEpQJIYQQQgQACcqEEEIIIQKABGVCCCGEEAFAgjIhhBBCiAAgQZkQQgghRACQoEwIIYQQIgBIUCaEEEIIEQAkKBNCCCGECAASlAkhhBBCBAAJyoQQQgghAoAEZUIIIYQQAUCCMiGEEEKIACBBmRBCCCFEAJCgTAghhBAiAEhQJoQQQggRACQoE0IIIYQIABKUCSGEEEIEAAnKhBBCCCECgARlQgghhBABQIIyIYQQQogAIEGZEEIIIUQAkKBMCCGEECIASFAmhBBCCBEAJCgTQgghhAgAEpQJIYQQQgQACcqEEEIIIQKABGVCCCGEEAFAgjIhhBBCiAAgQZkQQgghRACQoEwIIYQQIgBIUCaEEEIIEQAkKBNCCCGECAASlAkhhBBCBAAJyoQQQgghAoAEZUIIIYQQAUCCMiGEEEKIAGBo6gIIEchK7SoHTqgcKfSQX6JSZAOHS8XjAYMeTEEKYcEKrVooRIcrxETqMMpVJYQQog7k8SHEGQ4XqmTsdbP9gJvMHDeHC1Sfttcp0CFKR5cYHd066OkVryfcojRQaYUQQpxLFFVVfXvqCHGOOVaksnKHi/9musg66vFr3grQ7QI9gy42cGUXA+Ygv2YvhBDiHCJBmThv7TjgZtFGJ+v3uGmMqyDEpHBNdwMjLw2iVQupPROBY85PC3l758Ja02XcvLgRSiPE+UuaL8V5Z+dBN+9+42Tbfnej7rfErvLpBifpm5zc0CuIMalBWEwSnAkhhPCSoEycN44Xq8xe6eCbn11NWg67Cz75wcmK7S7+epWRtCS5DIUQQkhQJs4DKrBiu4s3VjoosQdOa/2JEpWnP7PTv7ObiUONtDBLrZkQQpzPJCgT57RSu8oLyx2sbeLasZp887OLXblunh5l5qJomTpQCCHOV/IEEOesnBMe7nvfFtABWbnDhSoTPijj218Cv6xCCCEahgRl4py086Cb+9+3ceC4"
20:58:36.744 [Forwarding screenshot on session f38f5520-bd02-11e6-b34a-8d0186b048d8 to remote] DEBUG org.apache.http.wire - http-outgoing-0 << "f6e4MBkgIkShdZhCZIhCkN5/edtd8PS/7SzdLIGZEEKcj6T5UpxzNv/m5m+LbNid9csnrrWO7hfq6RKjo0OUjvaROkyV5hlTgWKbSs4Jlb1HPew86ObHbDd5RXXsu6ZAsLF+5RZCCNE8SVAmzinb9rn520Ib9jpWNrWNULj6kiAGJxtoG157x3sFCDUrJFkVkqw6hqcYUIGfczys2OFk5Q4XNo3BoaLA49eaGHSxXJZCCHE+kru/OGdkHfXwt8X2OgVkF0TpuP3yIPp1NqCvZ6O+AnSJ0dElxsQf+xv5LMPJoo0uyhzV155JQCaEEEKeAOKcUFCi8uRCG6U+TnkRbFQYmxbEiJ5B9Q7GqhJqVvi/K4xc0z2o2jnSJCATQggBEpSJc4BHhWnpdo6d9C0g6xKjY8oNZtqENfz8YK1aKEy5wcQVnfS8uNxB6alaMwnIhBBClJMngWj2Fqx3sm2fb0smjegZxJ8HGTE08vjj/l0MXNRWx+SFdnLyPRKQCSGEOE2eBqJZyzrq4cNvHT5t88f+Rm5NDaKp5s9v31LHq3ea+TnXQ5+L/DinhhBCiGZNgjLRbKkqvPylHZcPU5GNG2Dk5j5BtSdsYOEWRQIyIYQQFcjksaLZWvmTi8wc7RHZyEuDGB0AAZkQQghRFQnKRLPkdMP767Q3W6ZcoOfegcYma7IUQgghaiNBmWiWVu5wcaRQ22jLsGCFJ683oZOITAghRACToEw0O6oKCzdqX0Ppz4OMtGohEZkQQojAJkGZaHa27HNrXmi8S4yOwTLlhBBCiGZAgjLR7Hy1Tfs6Svf0N6JIJZkQQohmQIIy0azYnfDdbm1BWZJVxyUXyLQTQjQbqsf7nxDnKWnXEc3Kln1u7Bq7k93Qs+kmiG1W3G5ce3bh2L4Z155fcOccwHPsCGppKarDjmI0oVgs6FpHo2/fAcNFnTB264Hhok6gD4CgV3WhFm1BzV+HWrQFyvai2g6CuwjcpaAYwBCBYrJCSEeU0O4oEVeghPX0vtfECktVNmW7+emAh71HPRwu8FBYquLygEEPkRaFmJY6OrXT0StezyUd9A2yTmtjUm1lOLf+iLP8nMs9iCf/OKrDO6JaMZnQtYzynm8dO2Ps0Yugi1MC43wTogEpqqr6tmCgEE3otRUO0jfVHpWZguDfD1gINkpYVh3Xr79g+/Jz7N+swlOY7/P2uohITP0HYx56HYaEjg1QwpqpRdtQc+fiOboYHEd9zyCoFbo2N6LE3IMS2t3/BayBqsKGX918vtnJpiw3Hh/uwi1DFK77QxA39DTQwvz7+f1Npotvd9e83NiFUTru6Hv2XH1zflrI2zsX1rrvjJsXay9oZaqKM3M7ZUsW4/j+G1S73afNdRGRmK+6huAbbkEX1bru5RAigElQJpqVce+Usfdo7c0b/TsbmHKDqRFK1Pw4d26n9IM5ODb/z295Gv/QG8td4wnqfLHf8qyOWrgBT9Y01BOr/JanEtkPXfzTKBGpfsuzKiqw8Vc3b//XwW/H6tdMFxqscO9AI1ddYkAB3lvrYN73Nf9g6dZBz0u3m896vaGDMufPP1Hy9ms4t2+p0/ZnUoKMBI+8Bcvtf0QxB9c7PyECSdPX3Quhkd0JWRofZN0vlGaOyjyFBZT862Vsq770e96OHzfi+HEj5sHDCPnzRHRh4X7fB8483LsnoR6e5/es1fy1uH/sjxJ9M/qOL4HR/zUxJ0pUXl5uZ/2emmuztCoqU/nnF3Z+zHYzaXhg/gBR7TZK5rxG2ZJF/svT6aD0kw+xf7OK0MnPNMoPASEaSzPvmSDOJ7/ledBar3tJBzm1z+Tcson8P93WIAHZmWwrl5M/7jac2zf7NV81fy2ujX9okICswn6OfIprYw/U/G/8mu/WfW7+9HaZ3wKyM63Z6WLKIpvmvpaNxZ1zgIL77/JrQFYh/8O5FEwch+3rLxokfyGagjy5RLNx8IS2WjKjAWJbyqldzrZ8CQWP/QXPibxG2Z8n7xgFj9yH7aul/skv933cW64G+yG/5FcrxxHcW4biyXnbL9mt2OHi0QU2CkobrqfIpmw3i/8XOFGZ69dfKJjwR1y/ZTXwjlwU/XMaZf+e37D7EaKRyJNLNBtHT2p7qMW01MncZKeULZpH0UszwNPI0wx4PBS9MJ2yfy+oXzb7X8Hz8zhQ/V/DVCPVjWfX/Xj2v1yvbL7c5uK5pXbc59EsD67f9lIw6T48hQWNts/if83Ctjy90fYnREORPmWi2dBa0xAd1vAR2eOf2MjIauRA4Qz/ftBChKXm47R9+TnFb73SSCWqWvG/XkYJDcM8ZLjP23oOfYBnz6QGKJUPZdjzGBgi0Vnv8nnb73e7eXGZbyMMmzvPieMUPvEAalFRo++7aNZM9NZYglL+0Oj7FsJfJCgTzUaJTVtQFmI+96vJcvPVGoMy588/UTTrH3XOXxfZEl10OxSTGdVuw3M4F0+B79NmABS9NAPDBXEYOnXRvI168n94fr6vTvsDwNQOxdwBdBbwlKKW7QPH4Tpl5dl1P0pIJ5TwyzRv89sxD88usVHXBsvWYQptwnQE6aHUrnIwX6XUHuAD5VUPJ/8xBc8x36cnUUwmDJ26om8f6z3nSopxH9iHc88ucGlcwcPj4eSMyUS+swBdeKTPZRAiEEhQJpoNl8aKqeCzp2E65+QVeaiu94FaWsLJ6U+C27eaPENCR8zDR2Dq0xddm7Znve8+cgjHhu+wLfsPrqxftWfscnFy+hNEzlmAYrFoSH8S947bQPWtj5QS2gMl5o/oooaDyXp2AnsOnmNfoOa+g1q0TXvGqhP3T3dg6L0ZDGG1Jne64Zkldmw+dvHq1E7HtT2C6HORnsiQigG3qsLeox5W/+Ri2VYXJQEYoJV9/m+cWzb5tI0hqSuWUbdhvCwNxXT2CFK1tAT7NyspXfAB7kM5tebnyT9B8avPEzal7j9IhGhKEpSJZkNrPzFfJuJsrk6WVf9eydw38RzVXiukax1Ni788gik1rcYPWR/djuDrbyL4ulHYv/svxW+8iCfvmKZ9uA8fouTDObS498Fa03qypoFtv+byY45F3+lVlKhhUNMaDqYYdO3HQ/txqMc+x/3Lg2Cv/UEPgG0/nqyn0HWsvY/ZJz84ydYwl165NmEKD1xtovdF+mpLryhwUbSOi6KN3JYaxJz/Oli+VfsasA3NU1hAybuzNadXQsMI/eskTFcOqfGcUywhmIeNwDRoGCVvvaJpJKd97WocQzdi7Nlbc3mECBTS0V80G0Eapx4rczRsOQKBzVF15One/xtl6dqnIDD2uoyWc+Zjuryf9qhXUTBdMYDIOfMx9rhU877KPvsE94F9NaZRS3bhOfi65jyVqGEYem9GiRpOjQFZxa1QWl+PofePKC0Ha96X5+CbqCW/1Jgmr0hlwXrtJ2CveD1v3xNMnxoCsspCgxUeHmbiietMAbPcUtmnH6KWlmhKq78gjsg3P8I04CrN55xiNNLir5OwjL5DU/qSOa/IGpqiWQqQS1qI2rXQ2FesWGPfs+bMVc3zpnTB+5ofRqa+/Qmf/iJKaGidyqALCyf82ZcxpqZp28DjofSTD2pOsu95zeVX2tyI/pLFYKjjRLVBLdGnpKO0vk5betWN57dna0yy4Acndo0VWH0u0vPMTWbN53Vlgy428LcRpiZf31UtLaFs6Wea0upjLyDipbfQR7er075C/nifpiW9XFm/Yl//bZ32IURTkqBMNBuV+9lUJ7fg3A/KdFVcuZ7jx7Ct/krT9oaOSYQ++QwY6tmDwRBE2ORnMCQkakpuW/UlnhPHq37Tfgj1sLYpNJSwXui7flD/BcWVIPQXf4QSmqIpuXpkYbXzpRXZVL7cqq0jWXwbHVNuMGOo58ITaUkGbq9iLcvGZF/zNWpZaa3pFHMw4dNfRBceUbcdeTw4Mn7QXLtW9tkndduPEE1IgjLRbESHa7sZHy7wVFuTdK4wVRGL2FZ/rW0+MkMQYU8+g2I0+qUsislM6BPTQa8hwnC7sf93RZVveY58om0+Mp0JXdcPQOenpYV0wd78FA3BjerGc7jqiUrX7HRpqiXTKfDkdSbMfoqlbu9r5MLW"
20:58:36.744 [Forwarding screenshot on session f38f5520-bd02-11e6-b34a-8d0186b048d8 to remote] DEBUG org.apache.http.wire - http-outgoing-0 << "TXcr1/pDIOSu8ejbd/A5f09hPqWffMiJO2+g8G8P4fq15ibkcs5tP9baXC5EoJGgTDQbsa20na5uD2T50NG6OQoxnR2g2tdqW6A7+IbRdXo41sRwYTzB147UlNb+zcoqX1ePaFvsWhf7FxTLRZrLpoUS0hld+3Ga0qpHq26qW5OpbbTr8O4G4tr479Zr0MHd/fwTYPtKLSrC+dP2WtPpWkZhvn6UDxmr3mldnvs7x2++hpJ3Xsd92PcVHcqW/cfnbYRoSjL6UjQbsa288zY5NTz7tu1z07Ftw/3mGNEziL6dtF8+1bW4VH45+5iHzzJqbwKLqDxlQnERrt27ai+IXo9l1G21p6uD4JvGULZkca19wpy/ZKKWllacHsNViFr0Y+07UQzoYifUs6RV03V4CM/Bf9VafvXkJnDlg+H3ubCKbSo7D9Z+YirALX38H0ClJuppF6FwqJGb7p0/bdXUB9A87HqUoNqPW7XbsK9ZQdmSRZprxGrijzyEaEwSlIlmw6CDTu30/KTh4bcpy81NvRuur02fi+rZGagan2/W1iepTaVVC5yZOzQ9HI09LkXXqnWdylYbfXQ7grp1x7m1luDK48GZuR1jzz6nX1ILf9BUfqXVEDDVrZN4rcyxKJFXop5YXUtCFbXwfyitrjr9SmaOB1VDPHTJBXraRvi/a76iwJVdDMxf37jrXzp3/6wpnenyfjW+7z64n7Kln2H7eilqcT1XAzAEYeo3kODrRhHUJbl+eQnRyCQoE83KJR10moKyzb+5KShRz6pRCnS/HtYQmCjQNrxiLaB7X7am/I29L69TubQyXppae1DGqfKeGZSVaKjlgwqBUENQWg3REJSBWryjQll+PaKtubyhgnmAnnH6Rg/KtJx3islU9YhJtxv7xu+wLVmM48eN9S6LProd5mtvxHz1degiZEZ/0TxJUCaalUsTtD14PCqsyXRxY6/mNb1/Zk7tD/eYSB3GSleuK+eApvx9WeqoLoKSLtaUzn2w0uSwpXs0baeE9fS1SD5RwnppS1hWMRjJOaEtKEtq13BN6okNmHd13Idza02jbxdTYbiwJ/8Eti+XULb0MzzHjtSvAIqCsddlBF83CuOlqVUPSxaiGZGgTDQrXWL0RIQoFJTU3lb0WYaT6/8QFDATbNbmeLFK9rHaH+4dq3j4qoUFmvaht7b3uVy+0Jq/p1J5VWeepu2U4ASfy+QLrfmrjorBxPFibX25Ylo23MloMSqarw1/UU/Wft4poWHejvuZ2ylbshj7utXa17OsIc/goddjvuaGBj+nhWhMEpSJZkWvgys7G/jPptpryw4VqKz92cWArs3jNP9+t7YHVdeYKoIyDfNEAehCa1+7sT4UjfmfVV63ttngMdRxjiutglppS1epvFpXkQivYRF5fwgzN3JQVmarNY37UA7548f4tl5qNYI6X4z5ulGY0gZWuVamEM1d83haCXGGoSnagjKAd9c66NvJcFZzXyBauUNbUNb9wir6JWldfLyBu9gpWuYqg7NrSlQtx66A0sDVnorG8leaT82jpZc/oG/gz7/xa4VrP25P3jHNa6RWRTEaMQ24muDrRmHomFTnfIRoDprBo0qIihLa6EiO1bPjQO2ByOEClU83OLmjiWc9r82uXI+m/mRtwxU6RJ395FWCLVWkPptaZqs4FYWfeTSuf3hWGfQhGrZSvTVUmtLWkfuktnS64Ap/Bhk0zjLvULFUMcecv5RVsyZqg/HTBMRV0cfEEnzdSMxDrq3zUmBCNDfNpLeNEBXdcpn2IOvj7x2aR8c1lffXaWv/6tfZUGVllxKiLVBxHz3sQ6l85zmibYJPpUWlh6zG9StVm7YBDXWllu2vPRGAsWIzZ3iwtkDr6MmGC5pUVXvfNn/Rhfm5OVnRYbq8H+HPvUbL9xcRPPI2CcjEeUWCMtEs9b5ITyeNo81cbpj2HzuljV2LoNH3u91kZGlrfhx8cdWV21o7Ozf0ZJquX3drSle5vEpwvLYdFG/ztUg+UTXmr5gvqPC31iXAGnKliZx8j6aJlf1JF93WP/lEtsQy5m5azV9C2NP/xPiH3g3fVC1EAJKzXjRLCjB+gPamk5wTHqZ9Zg+4NTGPF6u89KVdU9qL2+urXZ5H67JJzq2bNJetLhxbMjSlq1xexVLFPFZVUE+s8blMvtAyRxl4l2U6k9a1Jzf/1nBR07b9jX9yGzrE1Wv7oEu6E/a3GbRasJSQsfeiax3tp5IJ0TxJUCaarW4X6OnfWXu3yIwsNy98YccTIBVmZQ6VKYtsmkfLje5TfZOtobO2mcvt33+D6tA4VNBHqq0Mxw/fakp71kzr4b01bec5tgQ8tY/4qxN3CeqxL7SlDbu0wp+drdpupd/tdjdYbdZ3v9Rvmom6MCT5Pu+dEmwh+LpRRL6zgIiX3sLUfzAYArvPpxCNRYIy0azdP8RIqFl7x+mVP7l4Jt3e6M08lZXaVZ5caOeXQ9pqNy6K1pGaWP3IQH3bdujb1r78kFpUhH3lMs3l9IXty881Tc2hj4k9q0ZEMV9wVpNglZwn8ByeX9ci1siT+z64a1/iRzFfgBJcsawdonREhdZ+HhaVqaze6f/g6XCBqrkJ3J+CLulR/cKulehjL6DFA4/R6tPltJjwKIYLG3bOOSGaIwnKRLPWMkThwaG+jQBb+7OLxxbYONGI8zmd6dhJlYkf29i+X/tDdPwAY63PPuPl/TXlVfLhO5rnNdNKLSmm9OP3NKWtbh1EpfX1mrb3ZE0Hd7HmsmniKsTz20xNSb3lrPhlKMDlHbXV2n74rQO7n1dD+vh7h6a1N/1NFxZOUNdumtIaLkwg+NqRfh396zlx3LvuqxDnCAnKRLPXv7OBa7r7NrvLtv1uxr9Txubsxq1d2JTt5t73ynwaDXplFwM94mqfP8s8aKim/DzHj1H85iua969F8esv4CnM15TWNLDqcirtxmjbmT0Hz69PaC2aJp7dD4ND25I/1ZXzqku0nYNHClXe+cZ/Tcg7Drj5alvjN12WMw+6WlM6+7drcGz83n87drs5+Y8pFDzwJ0rmvIpq19Y3U4hAJkGZOCf8ZYiJLlXMdF+TEyUqkxbYePZze4PXmp0sU3n5SzuPLbBRUKp9X61aKPx1iLaaQMNFnQjqrG3tSduy/1C29DPN5ahJ2WefYFu5XFPaoK7dMCQkVvmeEpqCorVv2cG38OS8q7mMNeZ14A08hz7UlFYJ740S2r3K9zq102k+Bz/LcLJC42TBNTlerDIj3a5hCteGYxpwNYpF25QsRc9Pw+OPaVlUlaJXnsO5ZROoHkoXfkz+vbfj/Pmn+uctRBOSoEycE4L0MP0mMzGRvp/Sq39ycfvsUv612uH3eZ6KbSrz1zu5819lfLHFt4ewToHJ15u0L82jKFjG3K29bK8+R1n6Qurc7qWqlC2eT/HslzRvYrm9pvIp6C58XHNenl334Tn4lub0Z1Px7H8Fz+6JmrfQxT1Z4/u399XelP7PL+z1CsyOF6s8usDGsaKmHbmiWCwEjxitKa2nMJ+CxybgOV73Gf5xuSh6aQa25ekVXnYf2EfBhHsomfNagw1mEaKh6f/+97//vakLIYQ/mIMULks08O0uF6U+3pPdHsjM8fBZhpM9hz3oddAmTCGoDuviuNyweZ+bed87+ecyOxlZbhx1ePY+cLWJNB9Gl4K3E71zxxY8h7VN4ur433o8h3IIuqQHismseT+ewnyKXniGssXaO90be1xKyP+Nq7FjuGJJRC34Dmy/acpTPf4lqi0bXWTaWbPs18iZh/vne1H3v6x5EyXySnQJf6emtapiWurYccDD4YLaAyUV7xx1haVwSQedT+fatn1uHv/URm6+bwFZ23Bdlc2sPx7dyeZjO2vdftzFVQdfQYlJ2JYv0dSEqJ4swL52FUGduqD3cZ4zd+5BTk6dhGP9uupyx7lzO/Z1azB06oy+dRuf8heiqSmq2hTdQ4VoODn5HibNt3GksH6ntl4Hna16urbXEdtKR2xLhTCLgsWoYDSA0+0dRVlQqnKoQGV/nodfDnvYedBd747cY/sZuf3yuk0T4D7wGyf+NAZc2guhhIZiGXkb5qHX"
20:58:36.745 [Forwarding screenshot on session f38f5520-bd02-11e6-b34a-8d0186b048d8 to remote] DEBUG org.apache.http.wire - http-outgoing-0 << "oWvVutp0nrxj2JanU/rZJ6jFtY9UPJ1/kJHIt+drmk9NLfkF9//+AB4fIuuglug6PIDOOhaMNTzo7Yfw5L6LZ/+r4CrQnr/OiP7SH1FCOtWa9MBxD396p8ynEb6tWijc3CeIIZcYqh1NrAK/HvbwyQYn32TWrYatWwc9L91+dvA956eFvL1zYa3bZ9y8uNr3bF9/QdE/p/lUHtOAq7DcNAbDRZ1qDNbdB36jbMliyr74j/bzWtER9vRzmFKrHlgiRCCSoEyck44VqTzxqY3sBpxBvaHclWas91qdZekLKX79Bd83VBQMHTsT1Pli9NHtwBwMtjLch3Nx/vwTrj276tTcGfrg45ivuVFzes/B2Xh+edDn/aDoUEJ7ooT3AvMF3nUy3SVQ9hvqyQzUk5vQsoh2ZbqOL6OLvV9z+vRNTl5b4XsTmkEHXWP1dGyro02YgtGgUGxTOXjCw/YDHnJO1O98bsigDFXl5FOPYl+/1udy6dvFEHRxN/TtO6CEhQMKakkR7pwDODN34N6X7XOehriLiHj9PZ9qgIVoahKUiXNWqUPlH0vsrN/TxJOSaaTgnXfthp5+mEhTVTk58ynsq7+qf171ZB4ynNBJUzXPZ+Wl4t55F+rhBQ1WLq2UtmPQd32PmpotK1OB5z63s/KnphsVWZUGDcrwzoOX/5e7cOc07BqltdGFRxLxxlz0ba1NWg4hfCUd/cU5y2JUmDbKzLgBRgwBfqZbTArPjDb7JyADUBTCJk3B2LOPf/KrI2Pvywl9aLKPARmAgr7z2yithjRIuTSXouVg9J3fxJeAjFOpHx5u4g8apjI5lyihoYT/4xV0LVvVnrihymAJIfwfsyQgE81SgD+qhKgfRYGb+wTx+l3BJFSzbmRT69ROx1t3m+lzkZ8f4IYgwp5+vsn61Jj69ids6kww+DZY4TSdEX3yQpTW1/q3YBopUcPRd1sMOlOdtg/Sw/RRZnrFn1+Bmd7anogX30TXBJ3sdeGRRLzwLwwdO9eeWIgAFJhPKSH8LLGtjtl3B/PngUZCTL6PqGwIJgP86Uojr/1fMNY6TOWhhWIyE/b35wgeeVuD5F8dy+g7CJs6E8VUt4DmNL0FffJCdB0e8E/BNNJ1mIj+kkW+jeisgikInhltZnhKHQNTjdqEKVzRqWH34Qt97AVEvjYXQyff18asK8OFCUS8/h6GjkmNtk8h/E2CMnHeMOhgVO8gPvpzMDf3CcLURM8wRYEhyQY+uNfCLZcFoW/oq1Cno8WfHyR8xssN3qykaxlF+LOzCBn3V9D56cAUPbrEf6Lvll7zyEp/MLZF3+0/6BKfA8U/J4hBBw8NM/HYtSYsDfCDoF2EwotjzHSICowfG+V0Ua2JmDUHy+g7QGnYkzz42pHePmTtYhp0P0I0tMD5aSVEIwm3KIwbYOTmPkEs3eLiiy1Ojp1s+PEuJgMMTjYw6tIgYls1/u8hY+/Lafn+Yko/fpey/yxEdfpvgk3FaCT4hpuxjPmjX9c2rLCPqGEYLvsJT/azeA6+AR4/LqujM6Frf593clhDuP/yPcOQZAM9LtQzZ43Db4uSX9HJwEPDjIQFawvIfO7aV09KkJGQcX/FdOVgiv81C+f2zX7N39CpwdYNWQAAIABJREFUCy3+/CBBF6f4NV8hmoqMvhTnPY8Km39z802mi/V73BT6sAxSbQw66H6hnrQkA/066wOm6dRz4jhl//kU29dL8Zw4Xud8dC2jMA+9luAbbkEXEenHEtbCcdi7PFLuB+Cox7I9xmh01v9D1/5+MLXzX/lq8esRDws3OFn7swtXHWa5SGij4+7+RnpfpD89BOHdbxzMX1/zHF494/Q8d2vDjb6skari3L6Zsn9/gn3Dt+Cp+/Qexu69CB55K8belzd+pClEA5KgTIgzqCrsPuxhx343O3M8ZB/zzg3l0XiVRIcrdGilI8mqo0uMnuRYHcHGAH5oeDw4tm7CsXE9zu2bcWXtAXcNU4jo9RgSEgm6pAfG3pdj7PYH/zVT1oXqRs3/BvX4V6j561CLd4BaQy2UokdpcTFKRBpK1FCUyH6g+GnEax2cLFP59hc3G391seOAh5Nl1Z9o7SIUesUbGNBVz8Wx+rPGg7652sGijTUHZWlJBp66sZ79/PzAU5CPY/06HD9uwJm5A8+xozWm14VHYEjqirHHpZiuuBJdmwZuxhaiiUhQJkQtXB7IO6lyokSlyKbicKm4PWDQKZiCoIVZIcKiEBWqENTcB9q5XLiPHMJz9AieshKw2cBsRhccgq5NtHeaAX0AH6TqRLXtB9t+cBV7J47VBYEhAkztUYLjQKd9fcrGpALHi1QOF3goLAOnS8UY5D232rdUam2ifP4LO19vr7lZ9JruBiYObfqgrDK1uAj34Vw8+SdQy0pBVVFMZpTwCPTR7dBFtpQaMXFekD5lQtTCoIO2EQptI86Dh4LBgD4mFn1MbFOXpG6UIJTgBAhOaOqS+EwBokIVokLrFvRqWVYsKjQwx3YpLUK9Sy0JcZ4LzCtUCCGEZiqQfaz2PlrtzocfFkI0YxKUCSFEI7A7YV9ew6zFuj/Po2mASlyATqAshPCS5kshhGhAOSc8fL7FxdfbXISY4IN7LRj83C1v3a7a13c1GeCCKAnKhAhkEpQJIYSfeVTY8Kubz390kpH1e8BUZIP0TU5G9fbfiE+XG77YUvOoS/h/9u47PopqYeP4bxOym0AKpBAgAQIh0psRMVgoiiKoF2mKgEoTkAuIUhSxAfpKN3IFUcRyQRQRvHoBERXxKtUA0nvvKaSR7G6S3fePTSUkBA1kxOf7+UBgdvbMOTNnZ589ZzILDUPdDf8dsCJ/dwplIiKlJDHNyYptmXyzJYPzRdyQeP5aO7eGu1OjlEatvorJIC7lylOXt4Yb+LdmRQTQNWUiIqVm9KdWPvjJXmQgA7BlwvglNhJL4SbFR2IdzP+pZN/McFc9fQYXMTqFMhGRUtL11pJNS55KcDBqobVEI1zFlfHC51ZsJfjGpha13Qn2029eihidQpmISClp36gcYUElO60eiXUwaH46Gw5e+SL9/JzAz3szGfqRtcTf2dq9FK9hE5FrR3f0FxEpRTtOZPHMv61X9ZzIWu50b+nBzWHuuBeR6WyZsPFgJl9uzmTniZIHuSY13JnR27PQ1zKJiPEolImIlLK5P9hZfIXvobwcH08TDULcCPF3o7zZ9RVfiRednEhwsv9MFhlXN6iGmwne7e9FuO5PJvKXoFAmIlLKMh0w5lMrvx+/yhRVyvq2NtP7dk1divxV6OOTiEgpK+cGr3WzUKuE15ddC1ER7vRqpUAm8leiUCYicg34eJqY9phnmUwdNq7uzvjOnph0IZnIX4qmL0VErqGLNicTl9kK3Nn/WmoV4QpkFg2SifzlKJSJiFxjTid8tiGDj362k3mNslk5N3iytZlHb/PQCJnIX5RCmYjIdXI83sG739vZeKh0k9mt4e4MvtusLxwX+YtTKBMRuc52n3Lw5eYMftmX+YdHzizl4M565ejSwoO6VRXGRG4ECmUiImUkxepk08EsYo5msfe0g5MJDrIcl1+3vNlEWJCJetXcaVbTncha7njqujGRG4pCmYiIQWQ5ICHVSbLViT0T3N3AywMqVjDh7WnSXflFbnAKZSIiIiIGoAsRRERERAxAoUxERETEABTKRERERAxAoUxERETEABTKRERERAxAoUxERETEABTKRERERAxAoUxERETEABTKRERERAxAoUxERETEABTKRERERAxAoUxERETEABTKRERERAxAoUxERETEABTKRERERAxAoUxERETEABTKRERERAxAoUxERETEABTKRERERAxAoUxERETEABTKRERERAxAoUxERETEABTKRERERAxAoUxERETEABTKRERERAxAoUxERETEABTKRERERAxAoUxERETEABTKRERERAxAoUxERETEABTKRERERAxAoUxERETEABTKRERERAxAoUxERETEABTKRERERAxAoUxERETEABTKRERERAxAoUxERETEABTKRERERAxAoUxERETEABTKRERERAyg3OUWfjT//etdDxERESkDT/Yb"
20:58:36.745 [Forwarding screenshot on session f38f5520-bd02-11e6-b34a-8d0186b048d8 to remote] DEBUG org.apache.http.wire - http-outgoing-0 << "WNZVkGyXDWUAe/bsvZ71EBERkevshbGjy7oKkk+RoQxg8tTp16seIiIicp0lxp0t6ypIPrqmTERERMQAFMpEREREDEChTERERP6w5L3HuWVQDM+uSi1ynXUf/07bObHXsVbFSI2n26CtrL5QdlVY98FWOnxQeH8olImIiMgf9r/Vca6fq85yuoh1PHBcvwpdiQcUHR+vDztgu0wEK/ZCfxEREZEipcYya6eTpweE8P28U3yxM4MRjTwA2LZqPyOXppCKCSdOAm+FdZ/uZEZ6ZZb0rwzAuo938C+q8GlHN16ZdZzl51zhrdmt1ZjRvyr2rccY/p2NKokp/JwAgdUrMmt0OBGWDJZ/fIBX1qUXWN98OpZx047z80UwWSyMfjqCHvUscOECr8w8wvJzTnwskEo5PC5pStzOkwyfdY79gKmCF68OjaBTuAfHNh/juXlxHAV8gv2YOaYOzbzh9M6TvPzeObbZwIQbDz8Szrh2FuZO3s92YONhO30GN6JjymmGLUwgDlf9ZzwTjrmcG6nrjtPh96PE2fLqr5EyERER+UMOrI0l3uLHYy2q0LeRiQXLzwNgPXScAUtTeHRAXX54pSZ3WVzr31Tfi2ObzrHZBpDMwnV2GjWowMJZR1lRIYhv50by48hgft90ho0XADLZfziFmg9G8PW4ELxPJLJgu5UDqw7y6roMxo9pxI/jqnFo02n+tfUCr752nLO3VOeXuZG838mDqTMPsM3mYOE7h1lhDmDR9Ca83q48ABkFWmLjvffOQfva/Da3OS/WsjLrp0Q4fYau8+K47Ym6/Da3EUOCkhk45ThWEnl51jks94Xz29xI3n/IwrLPXSOFKefsbEq0ML5XdVqXi6XnwgRaPhLOL9MjaHk+kaGf50xbejBsRCO+HByY216NlImIiMgfYOU/P6RDRTPf/nyWc5jg8HlWx4bQ8FQ6Jvzo2sIbX7x5/K6TjIx1Eti8Knezhy+322hc7jybKM+nLcoTUb8+tbYns2rJIXYcSgXcs0eynJgsfvRt5YsvvvSofZpdGXDqcDrezarTOdwCVOU/kypBuRR6AN5nE5kxJxlbuhUnmaw9kEzCCeg4oAoR3h5EdK5CxMqjl7TFgzphJpauPsxjh3zoFFWT+S0DiNt+EIDTv5/lld8h5bQTEi6wJbUGM16JYOPBFOZ+HMf2velQoSJmwJ4JHXvWpHMLC3Gb92PCj2HtKuIJvPBGQ4bhyc7PT+LdrBqdwi1AEHcTx+aDNoUyERERuXrWQ+f57CI0C83i598uYPbwJIA0Plx9gf+r4gBMuetW8HLP/ld5Hm1vZuCq09TySKJm69pE4GDxe3uZus/E3bf6c1szb344nEzu/KLNdQ0WQGVfd7bkFGrON9mXYedknGvqs05tHxp4OcDDi5tqOwnxgW8h39CYO5UKtcaNHkMbcNP2C3y/4QLzFh7lrZXJLO4BJsrRqG4FvDMcmGt70SjdjSBnMq++doD/VbDwSKtKtG6czqYN+ctz5v3TYsKc/U9PHOw9l3bJtt0JtEAKTk1fioiIyNX7YUUcpuAg5j1blxnP1ufNYfV5834zB9ae5Xy18kAqq/bagDRW/GIDsyukNbs7mIATCcw7bKJv+0qAnV37nNzZqy5v9q9Jcy8n4OR8fNG/HFC5hpnUTefYfAFIvcDg1w7wzgkToUCKhyed7wvhjkp23loZy0WPCtTyh40b4ogDjm2OZVOhElN5dvguPknxYdSwBnz0SHlIyABfM04yoZo/Pe4LoXJ8AnNWpmDOtLIVePGFRozqFkKFdAfY7Jy/pFRvf0+ctkSW7LQCNuZP2cPAJUmFtp4TOjVSJiIiIlfHdoGFO510fKJygcXNbg8mYOUJ1qbXJrr9RYbP3MlMwMcCATkrVQqkX+0TTM0I5M4gAE/atrYwauEeblkIPv5mAnCy5ZiVdj6AxVRgGxagQac6DNm3hyHPxwAQWDeIafdWxlzNSu9Zh7nla9e6d91fm07VPODZGmyfeJwOg85iwgSFLvP3ZsAjfjz++T5u+dy1pMsjEdQK92XO/ekMmbmT2bgu6B8y7CZqVsqic3UTk8bHMAkIq24GrOw/TfaomKvOnuE1mHP/RYbM2uV6foXyRI+sCkvPYjHnbd0MUM6Eyel05htjc/lo/vvs2bNXX7MkIiJyA0uMO0vFwCrXbgOpNuIyPAisdOWJOWuqjVQ8CPQu+STe5Z/jIO5CBubyFnwtBdePu2DDu5IFz6IKtGUQl+YovE4Ry5Mv2OAy27l8uRBY6dIwWJBGykREROTa8LYQWMJVPb2LCUtX9Rw3AitdPiUVtTyXxYPAy61SxHLfK5V3pXIvoWvKRERERAxAoUxERETEABTKRERERAxAoUxERETEABTKRERE5KrFbT1Ii+EHiSvripSW2FjmLr/wh57q2heH/vS+UCgTERGRq5cJ2Mq6EqUn+WgCnx3O/OMF2ArdYeyq6ZYYIiIicvWKTBBWFs45yMxtrsQWWN2PGc/UofKBYwz/zkaVxBR+ToDA6hWZNTqcCAtsW7WfkUtTSMVE0+runPSoxOKhFXh23Dn6vdGAVt6wbcluplwM5tMnAji98yQvv3eObTbXDV0ffiScce18idt7iuEzz7IfCKtuITXBnYkT6tPCI4257xzg/X2ZmDDxcJfajLuvYl6VU+N5dl4qKaTy2MdufPqQO9PeO8Jnhx2YMNGxSy1eu68SYOOrjw8xaV06ADc1q8LbQ0IKtH7z8v2M+TqFFCCwtj8zhtaigXfJdqlGykRERKTU7P7qAG9tc2fe9Eh+mx5OgxNJfLLdCmSy/3AKNR+M4OtxIXifSGTBdivWQ8cZsDSFRwfU5YdJNQlMyCT+XAapODhps3Ix+zsrE5OsnElzAIm8POsclvvC+W1uJO8/ZGHZ52c5TTKvzDxL+fY1+HZ6fR72yyD+op3EDPjqnT3MS/Tly7cjWTkmmNVLDzH/UL6vcfIO4Nku5QmsG8y0Ryux+L1DfJ7oyydvNmHJ4ECWLz3MtK02Dqw6xOvrsnhtTCN+fKUGVbadZfCn8XnlpMYy5usUHh3WiN/ejqDlqQS+2mMt8b5TKBMREZFS06BzPT4eHMD+74/xxoen+Rnw9QBwYrL40beVL9VqVqFHbRNkwImDqZgsFenZwhvfoACGPFAeMp0Fvq6IAv+uyIxXIujsc5G5Hx/k/V/SoYI7zmPJbMKN3h2CCPQuT6+ulQEHYOPgSSDDysIF+3nvp2RSgBUbC14/VtnfHTzMVLOksvYwdOwSSoNKHtRsXoMx1WH5hmS2bkvHu1kVOoVb8K0WxJAuXhxbe4GzOYV4WGgOzJu1i6Hz47m1bwTPtij5LXEVykRERKTU7F51kMffPcF3JzKo09CXZkBuoLLlffl2ZV/3El2S5pH9zUTmnOlSWzKvvnaAcV9dIKWCF60bm13Xt2G65Jn5Ik4mBNSoQNNaFahTqyJjHgqid8RlbrFfzgS44XPJYrNH3s/UAstNri/jzGHx5Y1JdZn6SCCBycm88u4BeucfSbsChTIRERH5g7I4ctrKsWNpHDiWyoHTNs4fTsdUN4R5w+rQo145EoG4hIwiS6hexxunLZFFW1NJjr3A/NVpUC4nvDnYd9QGtmRWxThcX+KdZmUr8OILjRjVLYQK6Q6w2UmqUoGmOPji+1jiUq0s/s/57C144F8Z4pPdaNkuhB7NzXz3dSwb0gtHoPg9Fzhgs3BTMKz4XyxxQPKxsyw4DO1v8SWshhm2JbD5ApCayhf/TcO7qR+53x56+gx3jN9HYr0avDa2KePrwrH4rBLvTV3oLyIiIn+AO06SGPLartwlJosf7/WphPe8U9wy6BQmSzkiKsDW/alQGbAUHM2yAJ7hNfjkETuPv7uPeZgIsIB3iBf+3gEMbnaaSbN28j4Q5m/CG6CSN52rm5g0PoZJQFh1M2Blf3xFZoypxuApx+mwEgL9TYAXIeXdaD80jP0Tj9Jh0DkAAusG8+Zd5QvUxdu/PN62czw2+jgrX6rBzonHc9e/6dYQ/tnCgm+LcAYc2seQ52Nc7Q324+PeQbA7ydW2aoGMvzWOSa+56mbCzItjKpV4j5qcTmeh"
20:58:36.746 [Forwarding screenshot on session f38f5520-bd02-11e6-b34a-8d0186b048d8 to remote] DEBUG org.apache.http.wire - http-outgoing-0 << "3+H8aP777Nmzl8lTp5e4IBEREflrSYw7S8XAKlde8WrZMohLg8BKHldcNXnvSZ79TxYTxtakGvDVjBhe96rB5iFBAFhTbaTiQaB3wZGt5As2KG/BN2f60JbI86+focOw+rQJgmM/7qHb5x6snFsn90vRky/YsHsULqvIul26jWzWCzZSiynHmmojNcOtRO3PTyNlIiIiUrosHgRe5pKty/Gt5Uvg4QP8Y1A8ATiJx43RY/JuV+HpbeFyl8r7VrpkAxZfbq54mFHjYwisAHEX4Z4uEbmB7LLPuVLdiljfs9Ll63SlOl+JQpmIiIiUHYsvb85twu69qVzMdCckwpdqV5edsrnR49mbaXkokfPpTioG+xER9Ne6dL7I6cvODz1YFvURERGR6+iaTF/KH3LZUCYiIiIi19dfa1xPRERE5AalUCYiIiJiAAplIiIiIgagUCYiIiJiAAplIiIiIgagUCYiIiJiAAplIiIiIgagO/pLicTExJR1FaQUREZGFvi/jqtA4X4hImVDoUxKLCIioqyrIH/CZ599dtk3Xx3Xv7ei+oWIXH+avhQRERExAIUyEREREQNQKBMRERExAIUyEREREQNQKBMRERExAIUyEREREQNQKBMRERExAN2nTK6BZE6fvkBGhgcVKvkT6OtZ1hX6E6zEnU7gYgY3QFtERMTINFImpSd5F/PG9aahX3Xq129Ckyb1Ca8eTFTvcaw5Zr2OFYljRgc//HrPI/lPlLLpswlE+QUTXr9+vrZM4JfTpVbRPyC7bZ1n/6m2lXRbszv74efXm1+SYdPs3vj5+fHmL3GlUrp16zwa+vnhV8SfCWtKY0cX7Au7PumPn18H1pROEwpv7ZcZrn1UKnW/jOQ1dCi1fSMiRqORMikd1q0Mrd6GBQChbXmu/wOE+SazcckHLPjmHTp/s5vlh77ijsDrWKdDcaQCvn/gqce+GUf7Qe8AofR+rj/Nq8HWJR+w4JvpdPomiXVJ02lYytW9KueS/3DbrkayFSCOi3bIiHMlGXuGvVTKTk2M4yQQGtWW5oHeBR9LtdA41L9UtgPk9oXzR3cDfqVXbiH2fH9fG0nXsGwRKVsKZVIqVk15gQVAaLfprP1gADnZ6/EBz9JhQmd6T1/DtMWbuOPpW69rvcx/8Hl7168BQpn1WwyPR2RPWQ54mjuHRjJowTy++eUFGl7XhHkJPzOuGGMFrt2Uqjnfz8o3hQPrMXv80b16CQ/Xjz7jP+H5O651vHS1oe3L60l6+ZpvSkTkD9H0pfx5yb8wZ/p6oBsfvpMXyHI8OGYc3QDvuHPkTGIeWPMJ/Ts0zJ2q6jx0BlvzzcdZT29ixtDOuY837NCfzzblTdlYD6xiXO+o7McbMnTCOHp3iOK5T7ZetopxW5cxtMD2ZrOryPk/K+fOuR40Fwg8nnR8YiwPRnUjrELeur98MoGo3Gm3KMZ98gv5J2s3ffYmnaPyth3VoT+f5LQleRNDO3Rg6Ljn6JD9/HlbkyHukvZ3Hsqyrfnm3NZ/x5vP9cbPLzh3/+26xjPE1UODAWheL9BV76gOjJsxg6FR2W1v2JlPftnFmnnP5da7Q/8ZHLhSva4w8nbFY5e8i9nPFd1X8jv2zZtERQ3ll2Ry2zBh3ux8bYhi3Lxf8j3jNJ9N6J87zRo19E1mT+hNh/7z+EMzoMmbGNowitmb4opZlsyq2ePo0DCnTh2YcEmfyts5v/Bc5w40jOrP+3PGEdWwM5/kfyFxmtn9o+gw9JPrMN0tIn+WRsqkxLKysi673HbsIAeABiMfI9Iji0KreUTyXkJCTiGc+G4itzw6E2jLy9Ev4nn0v4yb+RprFhzixzNv08z2K/3qP8hyoOvIqdwTFscnIyYzqP0STn2zn2caH6HfLT1YDvR/OZomts2MmPwOAFG3JZCVVQ0nAA6ysrK4sO0DwtuNBqIYG/0igae/Z/TkF2j10wk2bZ9EnUIt8qD53W1gyQIG3eLH1/3Hcm+r5jRu3Ihmkb34eHmv3P3x0+TOdJm8ntC2/YnufQtHl77OzGGd2HJyKcvHtuHgstG0H/QBRPVm6pzb4eivRE9ewLD26TQ882+apadwav161qxfT4O2bWlwAEJ8DvBs6/Z8cDKv/bNGTObJNYfw3f9xdtvW8868toydOhX7hg+ZueA1BgQ15ZeX2pTacYWs7G2BIyuLCjf3Zeknt3NT+SyyUlI4tHs9619bT4OuI3mjWzKzJ3zAsE6tgFCefmMqlpilzFzyGsMa3MLyZ24vXLrDAcD5Y7s5vK8SF/NlM3PFUOpU8yX5isfuIKOjWuXuq443pbBgyAQGtV9C8o9H6d8sq0BfOBjzE7t3Q0p6Flm42rDgufWEdnqaqX19WBE9mXee60RAo6M808LC58PbM2TBSaJ6j+XFFhYWj5jACwANGpCelcWley6nTQ5H1uX3a1YKW07uJiglPe/xS5Z9N7EHj85cT2jbp5nzWl1+mzeC6cM6kei3lal3ZZfvXpGscz/Q56YuLAde/mwrvUJ/ZtTz7zD532vo1eQBAGzblvHCkt10euMmKlymviJiLApl8qelnD/NSaB/o9B8S5P577vRbIgFCwA2CLqLEYNvY+W/ZwJRfLbzS+6tBvAIt4UNp92IBbyzuB9jvb9yBa45m5j6iCsyPXJXQzo1f5wJbyyg2YMxLAdGfraTl+6tBvQhKszCrUM+uEztkvl0outN/bP9y7k30LW9e26qSPP+s1n00zO81KbwNGSDR95mFSG8+vpkln8wmeW5RUcxcs6rvPRIC7D9yqzJ66HTVDb/u7+rnQ93JmxgVUZMnsWvQ9pQIQEaRD3NR8tzwt8jhNsP0WVmAudTALNrAjK061RWvN8fXyDup4k8ehK6Rv/I+32aAXBnsJ1Gj37B3n3x2fXoyjdH3+d2X6D/Pdg2Nmf2qo2cfqkN1a7+EJaMpRptHsgu3eb6Edo1mh/e74MFaGzbzYOT1zN26beMbVMNiGT/l+04kpJRbLEfjHiQQkeu/2ckTL3tiseu54W5fHASes/ZxNvZfeXh+5vRKawLo6d/Qfd//6NAsTkzr+bcv1xt2Jzdht6RflRtN46Ui6lw+mdmLThJaO85LH37ESzAI/c3oOtNj7KGPz41Xqzkn4ieuR7avsyPXz5DIPBIx3oktriP3Wu3YLurEn5A8t4FDHxwNMuJIvrHj+nTLBC4n5fbjmDCB5+zedIDtLDA6iULgCj6dGtxLWorIqVMoUxKzOl0Xn55di/auf8sTmd49lIbu/4zk9kb860YaqHfoBC2LQe6PsKdVZ3kFNn0oc60HLGAXUcTOG7eCdTjnnbhedus0ZJ7WsL6CzaSkuKAUJo1r5r7eHiHf9CSD7iAA6fTidMBOMDptJGUBrCeRx9qRb2cuuzdC8DK/21nfOu2l23XLT3G8N8eY4g7fYB9W7bw69rlTJ6/nJlD7uO8839MqreHNQDLR9P2/g9cV2D7wd6NAGdItTlp1W8Kn0eu4evJLxJ98DgxG5ez9yRAS8o5nTidDhxAxM2N8XE6cQJ7N64DWtKzQ9Pc9lVtP574+PFAHG85gHp1uMknZ/+VJyAESAKP7DKuRlHHFbL3Iw4czrxj5XrIVe+QOrUwZ2/TiQNoSYvc4xLCzfXgUPYxKbxd189eUxbRv0klUu15Q2WV60bidKZe8djdzk4AFgzpwm/ROb8skMpegN9Pk1KgLziz60h2e3L2fd3cNphrNaKlawVi9+5iNzCk0x25jxPQnDtawpqknPIu3yYczsvv1+xtFnjcWQ6fnGUpKVwAuv6jPQE55Ztv4b3fs8N48ho8gQ9Gj3b9v9Mj9G4akF1WAJ2f7MeENfP5/LtT3PLAKT6cvRu6zubOgEuOn4gYkkKZlFhRb94BN7WgJbDx4F6SnK2yfyMwgNHL43C9dcQR3akeE5M88HBWwDcU8PTGkv9NzZk97uAEsxMgFXuBIODM/enuBPB2vVE6Cz2cr56uN76cEY1+D3UnMHuIx9K9NxaLDe/w0MLtSv6Nl/o/w/m732Lu4FsIqFqHVp3q0KpTD4b3XUDInc8Qs/8ctlDXNUChbfvR/Y4QbDZX2b0f7A34U8vbyZrJ"
20:58:36.746 [Forwarding screenshot on session f38f5520-bd02-11e6-b34a-8d0186b048d8 to remote] DEBUG org.apache.http.wire - http-outgoing-0 << "3ek2ZQ0AbTt1pcPgKbT9YQxz1gDZ9U8CohqH5dbDnj0KhUfBN9LkuGQsPgXb5ryk8ZcLCldSXCjLt9IlocxV7w4twvKFi+zHbDnrOl1723n5beTUNKRec5rcUni00ulMueKxM2dfQthpyGPc7JMzgGehd28LeNejwiV9IW9XXX7f47STlF23nPpZcBboU/nLKxTKco9IUaEs+4fZI/dx28m9bASicGJNvMBeINLbo8DzbcnJ2Cy++DohDaBlV3oF7mLh8mcY/fltTOnhGiWvYUMkAAAgAElEQVSscU8POjGf+V//QC/zUdYAY55oV/C1JiKGpQv9pcScTufl/wQ04sE2wJdj+OdbPxV+PG4fh0+5yrA7s0d1Fi5lc3reOqd/XslGoEFYEE6zF3CSXTtP55WRtI+Y7FG38r4BwF42bjia+/iBH79iI66bHeR/7yX33x3pOXo4o0ePZvTo0Qy/pwp71u0iznaZ9ng4ObZmL1+Of4+f4go+Zs75GGOzE9DwVteoSrVWDB+eV3akxynWbTlKivU0m75eA6H9WB8by+KP3uXFQX1pWatebuVy33ft9txthDRqCGzkh5/z2p++9V1q16vNwAU787Utp15cZlnhP1d9XPOXS+HHCj2/0LrFbyPnCfZ8bb/89os+dl4BAQBE3N2P4dmPjx79D6x71rHndGLhfVOgjoX3ff46B4TdRCiw5L8/kp7bl3fyv435yiuiTWaPCpdvk93VR/fvOZe77MyhI7nbNFerRUtg4YoN+Z53lJdq16Z2l7eIyy7/mXFTeOujWXQB5j/9JP89mr2uOZK+z7SEL5/hiZ5vQWg/Ho4KKOYYK6qJGIlGyqTEij6B+/PUvGVsqfMwSyd1I2hJR0Z0vYuwwAyObvqB6EU/uVbrUpXyTn86DujLpI0fcn+3MXz0fDcqnP6OkUPnAC156Pb6RHkMpOWkn5jSrQfOdybSploiC14YyAqg73Odueu+1nQcv4K3nryFpBffpK79d56fugiAJKdrWso1YuLE4fTnH0MGMWnjXNrfOYh3Jvan2sUtvPnkS2wklPdfCyncLkskA1/syIrXl9Kt3iZ6jniCW28KJG7/Jj6Odm2n673NcPqYebQLjFw4gAfMZ3j+sZs5/dMHDH19KdQbzRs+5fDwA/au479f/UL7MNjw6Zs8/+FeoB6pKU6clbJHVpx5U3zhbR6kI/OZ82QPvN+fSJuK5/lg5HigHj3ua8CupTltywkZee21lupIWU65YHNcOlJWuN6OnFGg3HUdrroU8ebvcBQuo6ArH7umdwykzdgVvNXtHtJnTuahm+C7d8YSveIkHd8ciU+BvuC8pI6X2X7+ZTXu5ZWeoQxc+Azt048w6E5v/jPydX4C8Mu//wu3ae3Hk7D9aMaa8yuTdju+rR5jdFt3vIAVY8fwrv9wqqduYvzIOQB4OB04fZrzeM9QNi56hieqOxn6QBhb5r/JfKDLo/fg74x1jeTZU3A6mzLpi9Es7T6VJ4dOYds3o6kG3NrjUULf2shJoM2groRrlEzkL0OhTEqs2E/VPq2Yc/BX7pj1L96LXkT06ytyHwpt2YVBgwfzRMemWJxOfB56k+UpZgY9O5cnH/7QtVK9Lrz37hTur+HEyT0s/Ok9xgx+iqlDuzPVVQqDZsxiwkPhOIEPDy7njeHPEf3680A9Bo0exPKpc4lqFobTCWYvXHNTTic17p/Ad//yZPg/oxnafWl2rVoyccEMHqphuWy7Wg3/kGUBb/DmjGgWRb/OopwH6nXkzQmv0bdVAE4nPDZnMza/0Tz/4UvkNCW0zSBmvTWKqk7o/txEvu/xEq8PfJjXAUK7MHp0T6ZOXcTarQe4v53TdSvT/FN8Pq14+6cP8Rzcl6kDc9rvqu/9VeFEvra5nmHG1wvw8s279ukqFHdcfb0AAihvvvSapML1Npu9sh8pvG5x2zAXMb0JXPnY0Yp5v37IS/37MndkL+Zmr9Fl9HtM6dsEpzO+QF8ALyA9d3qy0L4vsMzCQ2+to1zoM/SdGs3IpdCmZ1/aLPqQn5Lsrun1Itq0cemHbLxkWUvf+xn1UGtefW8EvZ+K5qWBrt/i7dK3J3y4CHv2Nru9tYwUz3/yfPRIVkTntWfSY/VxppwvUOeAu0bx4aCf6Tt3KhMWdGJOr/pYwu/jiZbw+sZ6PPHgLRoNE/kLMTn1ipUSiImJITQ09MorAmAl7swF0jKgfMVKRX9fpDWZM+cToXxFqgZe/uahcWfOkAFUqFo19+71yXu+4PmpO+gzZQJR2ZciWX9/j7D7Xmb451sZ17pqEfVK5szxRPAoT6WqgSW+5Wpy3BkS0zLwKKae1rgznC9ynWTOnLkIeFC16tXdcDbuzHHS8KBy1ap/+hax//nPf3jqqacKLLu641qWrnzs4s6cIQ0oX6kqgaVxP13rHqY9OxVzl1cZfk+N7IV7GFmlLYt6zuLozO5//JhYkzlzIRE8KlO1iMq6+hSUr1iVIrpdEbLr2PH/ODq/7xXreLl+ISJlQyNlUmKO7HswXZkZ/+Bgcr4kp8jnmb0JDvUudh3/4OCcQshZw5FylKUr3mNpnI23/3k/FRN/51/D/w8IpU6QXzH1zNte/vKuxNs/GG//4tti9g8mtMh1vAkOLr6dRfEPDnXtx6uo79W62jqVjSsfu7w+56BUmuSwsXPpCr5dehjbtNG0Cs1g1buTWAQ8HNkQ8585JuYr94m8PlXS9hxnyayFrNu6jM+AYY/f++fqKCLXnUKZlJhRBlV9Ip9m0aux9Hz1Y4Y//rFrYehdvPHWDLrWvfx0pBRN+6sIlsZM+XoqPD2a6aP6Mz178cMvzGNaz7oG3G92fvu/WXwG1Hs8mqfvrGLAOopIcRTKpMSMc4K3cOeANzjZ+3nOJqaBR3mqBLjmd4xTx78O7bOi+d/ck3kbehIff5aMDA/KVwzA15NLfpPTKGrz8u7fGZ7h4Xo9GLKOIlIchTIpMcO9eVt8CA72AQxYt78Q7bsr8/fPnkYv9EsMxmLx8ScYHVORvyqFMikxnehvTDquIiLGoFAmJaY37xuTjquIiDEolEmJ6c37xqTjKiJiDAplUmJ6874x6biKiBiDvvtSRERExAA0UiYl9t1335V1FeQa0HEVETEGfc2SiIiIiAFo+lJERETEABTKRERERAxAoUxERETEABTKRERERAxAoUxERETEABTKRERERAxAoUxERETEABTKRERERAxAoUxERETEABTKRERERAxAoUxERETEABTKRERERAxAoUxERETEABTKRERERAxAoUxERETEABTKRERERAxAoUxERETEABTKRERERAxAoUxERETEABTKRERERAxAoUxERETEABTKRERERAxAoUxERETEABTKRERERAxAoUxERETEABTKRERERAxAoUxERETEABTKRERERAxAoUxERETEABTKRERERAxAoUxERETEABTKRERERAxAoUxERETEABTKRERERAxAoUxERETEABTKRERERAxAoUxERETEABTKRERERAxAoUxERETEABTKRERERAxAoUxERETEABTKRERERAxAoUxERETEABTKRERERAxAoUxERETEABTKRERERAxAoUxERETEABTKRERERAxAoUxERETEAMqVdQVE5MZy9lwKDqez1MozO7Pwxlpq5V0NN4sFs79/mWxbRP5+TE5nKZ49ReRv78573sZmz8RmyyQz0wGAj48nKSnWQv/2MLvj7mbCas0EwM/Pi6SkdAA8PcthMpmodfEYgzPXlEFLILB1a5r+619lsm0R+fvR9KWIlKqLaXb6Pt6SZk1CSExKJ6ymP88Nb8PFNDvp1gzGjGxHSDU/EpPSuf22WjzWI5Kk5HRMJnj1xftwdzeRmJRO185NufP22qQkXSQjMbFM/mRdvFjWu1NE/kY0UiYipapJyymE1ahEfEIafr6eJCalUyXYl9i4VDIzsggNrcSx4wlUDvImOcWGr48Fmz2TM2dTuDWyBus2HiGshj8Oh5O0NDuVnclMfqBCmbQlK7gKtha3Uc7NjYZ1wsqkDiLy96FrykSk1G3ZdpJKFcsza3oXBjz9OZt+O8YzQ1uT"
20:58:36.747 [Forwarding screenshot on session f38f5520-bd02-11e6-b34a-8d0186b048d8 to remote] DEBUG org.apache.http.wire - http-outgoing-0 << "lp7Be/PXERJSkdfG30+vvv/m2PEEpv/fP1j53R5Wfb+XNnfW4ZFuzRn23FIyM7MIuzOCiGd7l0k7zsYlsHHHXixmD4UyEbnmNFImIqWqedRUbrs1jMNH4zlzNpnyXh60ubMO/125C5PJxAP3N2TNzwe4mGanVk1/AgO82RxzHHd3Ew92bMTyb3eTkZFFs6YhWK0ZuNutvPfynWXSljh7JjuS0rCYPehwe4syqYOI/H1opExESpXTCbVq+hOfcJGDB2OpHlKRkGp+pKdnYDKZqF69It4VLMTGpVKpYnmqh1bkf78eApOJZk1C+GzJFhxZTqpV8SPhwkVOrFrHhodnlElbspo0g3+OLJNti8jfj0KZiJQqh9NJ9OyfCfAvz+zo7rwyaSVvTv+Bfw6+k9SLNl6fvJratQKYE92dEaOX8dP/DvLa+Pv5ce0Bho9ayh1Rtejyj6Y8//I32O1ZNHY4cGSUzS0xHHZ7mWxXRP6eFMpEpNQFB/uQnmbnmxU7OXsuhbCa/vzv10M4HE7Cavhz7lwKy77egQmo6OfFqu/3cux4AmE1/Dl2/ALfrNyFl5cH5b3M+IY25uZ/Plom7bhgKsfeMtmyiPwdKZSJSKkq5+7G6BFt+XXDUZZ9vZ3bb6vFgL5RDB6+GDc3E/PeeZS35/zM18t38vhjLYioE8Srr3+Ln58nCz7ow5NPLWTN2gOMG30P586ncPhIApXbty+TtjjiEmCHYpmIXB+60F9ESlWTllPwKOe6BeIdUbXZsPkYAKEhftjtWcTGpeJwOGl5S03WbzqKyWSiWZNq7N57DrPZnZQUGy0ia/DbluOkWzOpH1yO6AHhZdKWxHJmDlSoqAv9ReS60EiZiJS6+PiLmC3laNcmgm+/34PdnkXrO8JJS7eza/cZvLzMtGsTwcrv9pCRmUX9elWIi7/Itu2naNSgKo0aVmX5t7sBJynxJ9g+7K0yaUdWs5vh2bFlsm0R+fvRHf1FpFSVc3dj2JC7aBFZg2HPLSWsRgAvv3AfX/7nd1at3sur4++nWjU/ho9aSrs2ETzVL4q3Z//MwUNxTJ70ECdPJTJ5+vf0eiSShzo1LuvmiIhcNxopE5FSlZnlYOfuM5w/n0K1Kr5cTLPx25YTeHmZcTqdxGw5QUqKlapVfDlxMtF11/4gbxIT09m77xxJyVaqVvHj2IkEkpKs+LdqRZvpb5RJW2JT09hy/EyZbFtE/n4UykSk1H33wz58fTx5/51HGPbcl3z1zQ7+OfhOUlKsfLxwM1Wr+PLWlIfpN2QRO3dnMOmVjvz40wHmfrCOqJZhPNqtOc+98B8yMx20vSsCz+DgMmmHh3sCoFAmIteHLvQXkVLVPGoq4bUDOXc+BYu5HHHxqUQ2r86OXWdwOp00bRzClm0n8fWx4Obuhq+PJ+djU7Dbs2jUsCo7d53By9ODChXMZGY68Ek9z//dXTZXWqT6B3KqYTNd6C8i14VGykSkVDmc0K51BL9tPcGq1XuJbF6de++px/dr9uNmMtGpQwNOnEpk564zPPxgY8LDA5n21hp8fSwM7BvFgKc/48zZZIYNuZPz51PZ/UUMR9//rkzaktXsZmjYrEy2LSJ/PxopE5FSdU+n2aSl23E4nNjtWXh4uOPubsJqzQQTeJrLkZnlIDPTgdnsjslkwmbLxGSCChUspKbaAPC0lMMJ1Eo/zsDMn8ukLZn1G5LWb5BGykTkulAoExEpwtm4BDbu2KtQJiLXhW6JISIiImIAuqZMRErV1gEDsCcllXU1SoWtZi3o1LmsqyEifxMKZSJSqi789hv2+PiyrkapyLLaoVNZ10JE/i4UykSkVPk0aEBGYmJZV6NU2MPCuDHG/ETkr0AX+ouIFEEX+ovI9aSRMhEpVVnp6dwon/UcdntZV0FE/kYUykSkVK1/4AHsCQllXY1SkdmgEQwYUtbVEJG/CYUyESlV9vj4G+dC/+Tksq6CiPyNKJSJSKkK6daNjNTUsq5GqUgLCtbXkYvIdaML/UVEiqAL/UXketJImYiUqrSjR3FkZpZ1NUqF1aoL/UXk+lEoE5FStaFz5xvnmrJmN8OzY8u6GiLyN6HvvhQRERExAI2UiUipqjt+PA6rlSNnzpGUcrGsq/OnOAMCy7oKIvI3olAmIqUqpFs3AE7v2Isj7sa4X5mIyPWgUCYi10R5Twt+3hXKuhqlwqOcTpUicu3plhgick04HA5umLOLCdzddAmuiFxbCmUiIiIiBqCPfiIiIiIGoFAmIiIiYgAKZSIiIiIGoFAmIiIiYgAKZSIiIiIGoFAmIiIiYgAKZSIiIiIGoFAmIiIiYgAKZSIiIiIGoFAmIiIiYgAKZSIiIiIGoFAmIiIiYgAKZSIiIiIGoFAmIiIiYgAKZSIiIiIGoFAmIiIiYgAKZSIiIiIGoFAmIiIiYgAKZSIiIiIGoFAmIiIiYgAKZSIiIiIGoFAmIiIiYgAKZSIiIiIGoFAmIiIiYgAKZSIiIiIGoFAmIiIiYgAKZSIiIiIGoFAmIiIiYgAKZSIiIiIGoFAmIiIiYgAKZSIiIiIGoFAmIiIiYgAKZSIiIiIGoFAmIiIiYgAKZSIiIiIGoFAmIiIiYgAKZSIiIiIGoFAmIiIiYgAKZSIiIiIGoFAmIiIiYgAKZSIiIiIGoFAmIiIiYgAKZSIiIiIGoFAmIiIiYgAKZdfZhvkH6TPwIBtii1/Puu8sw/ocYoe1dLe/b20s+5IAMlg4ag/zY2zFrr/ji0P0GXWKpFKsQ9KOUwwbuIdhw/bl/hk1/hALv08txa3cwJISmVho/x3hq5g/21lK1ieuC2saX0zeT/d2vxMZ+TvdB+5n4dq0kj113xkG9jlITAk6bdKRRGJOOYBr09eNJ4O1XxxjYPcdREZupV2nnYyafIp9pXyeudx2DdO3shV1Lr5W/SB/X7u8sjk2V/N6kWtPoex6sl5g+pgkln+ZxPQlicWumnIilUUrkziRUnqbT1p7iNu7nuCQHcDB1o/SWH/OWexzzm1MZOVH6dhLrxrYz1lZ+GUai75LY90615/5sxMZ1mMfAxcml+KWblD2DNYsS2PRoovZ++8i82cn0K/9LqI3/Jk3vZL1iWvPyuSuexg0OYXDAWbatjVzeFkKwx7ew6ivrhzMUk5cZNnKZM5dqdMmxfNwi0N89LtrxWvR143FRnSn7Tw8KI5lh6Ht/T6El89g/uSz3N50X6l/ACzIwZ6P0tha5n0rWzHn4nO/J7Pyo3RK9SPiJX2tsLI7NiV+vch1oVB2HR35NpYfsj8orXnrPEeKWdfH2x0wYS7NClgATFQwu/4z6WQTZnX0LPYp90xqzsm4OgSVZj08wM3Njc82NScmxvUnYV8Yndxg2YzznCrNbd2IzJAEDP6yYfb+u5nTMdWJcoNPlvyZj7sl6xPXXGwyizdCp2nhxHxRn2nT6hNzqDad3OCj92OvPILhYaJErx2Laz/6VXAHrlFfLxM2JkfGMP77ggF938LDvLYeop6uzsmYxkybVIf3v2jO2lk+OGJTmfLlNR6pDgBLqZ7Q/rjizsUeFqCmO94ApRWGLulrlyrTY1PS14tcFwpl100GX7+fglutiiyb74cjNoUFa/OfNK0sHLUTf/8YAgO30HVcAuCG/eAZ2gVuZU5MRu6ap1Ycom7gbtYmAUnJTO7zO/7+Mfj7x9Bp2PHsE4yNOX1+p1OfndQNjCHwjl3c8kAiDoeDruE7+T7Wxtw+u4nOrsOOrw4RGRiTvf3fmfiF69NjzIf7aNr9GLHAhujddBp2hPHdt2Svt5WJX+WdLHZ8kVdGZPc9dG+3lYFzihkRzP/JLCiAJ5404fp4ekndOx0jFhtfTd6T287AyN18sSNv/xW17aSYk7Sru5VOnbbi7x9D9+gLJO07z6js//v7x1C30z5W7HOdoTdE76bTwEOMymlj5G4Wrj3P+HbZ2627ky9iit9n14sl38vXs1YlbqtJ7qf7DdG7qZt93ACSYk4SWXc3G5LAeiSWYe225La/+6iT2UE4r0+49tsOhg3bnW+9U7nlFd3vii8/p4/7+8dQt90+VhwpejrH05LvP36VeCa6Ij3vyllYfH/IrWbMcSLr"
20:58:36.747 [Forwarding screenshot on session f38f5520-bd02-11e6-b34a-8d0186b048d8 to remote] DEBUG org.apache.http.wire - http-outgoing-0 << "Zr9WAKyJDKy7lclrU4juepQjDpj98Hb6RF8o0NeLK7/418HVtfFasademidsLJ6RhlstP/41qTL5Y3fjXjUYe3c5gsnMXbfoffvHXoeXit1wiu51c147Wxi/8Hq+dq50LnaDYxd4rN0W/Ku5XvMLN1y5/VfT1woq+bGxnopnfJ+tBV53edObN8KxEYWy6+VIHLM3QtsBQbTuHMjdbhA9Lzb3xLli/D6Gzbfx9KwwVn0WyNntruXmOn7cjIOX3o3LXjODJe8kEt+yAs38rExsd4CpK92ZtSyc1YuDSF8US4s+J7ECybszWb/cxoOjKzL4wUpMfckLgCejq9I0CGK3ZxKb4YSkWJ4ckEjt0SGsj4lgSk8HMwcdYkUspMZZid/uCoS25AzWL0xgZZUAlq2ozuCWDqIHHGWDFZI2HKP1oET8egaxYnUYnUnnh20ODp3KoCipqQ6wOrBaHZyKOcPcj5xQxwPvS+t+lxe/T9xLv8lp9Hq9OmtXV+dJv3SGtN3LilPFb9ueamNbrIONGy2MHelDu4aZDLj9BB+lV2Dx6ghWLw6mzsZUHn/2JEk5bfwykS1VAlm2rAptU9MZ9vAJtrYKZvGCYFrG2xjybkKx++x68APWLDnOnDnHiI4+wrDuO5l5BJ7pWQkAW7It97gB2FOtHIu3kWC3Ed3tOIu8/Fixvj4r5vrxw/xzPJV9cs7pE679ZmfRIpi7rDZzx3rxw/yzvLvWBhTX74ouf8ecA4z4KINpyyJYvzqEW7en8niHIxTaZUHe9GgJXw47RGDdHQwbf4SFK+Kp0jWcWWOr4AesLaY/5GdPtXMs3sbFnA8AKRlsiXeQkuFBh6H+AHQaW41nHvIu0NeLK7+410GJ23gtJKURE5PMvh2pnAeSjiezb0cyMTvSsCalsuEYNOlciVqFnujJ2C+aMq1XxSu2vbjHSnoOsO47xR0PnOXwrf6sWBvBvNFezB52iFErSnbN4J92hXMxuOFwODnbMJDVa8MYXMfGiAf28n1s8e2/mr5WQImPTSqjmx7l3ZXlmLY4nBXzAzm7KJbbux4jiRvk2AjlyroCfxcbFscRj4keHVwvyF5PurHmo1i+PRVK5xAr677IJOjpGkzqFQAE8PU8K00HXATK03OihY9eimPtrKq0PuM6oTz5STCWmPPMPAKdXg/h3gae2PFi3OgkHp0ay4+xQdiBoH7VmTa2MgBJG9Jxc8vgwQcCCCLfJ8Psk8jhgxc5dM6bB1+uS4unICIINgJgyl3Vzc2HJbNqUgto9lIK7z6QTEIKbP5vAm5Bfvx7Vg1CgNu+cGN74GEOF7E/HA4H/SK30i/fMjc3M/P+VR0/Mi6peyrDAjMJ6ledWUNcbZm2zMSa8OMsWpWI+fCVtz1lTT36NXYDq5WIOdX45y2BtK4Kp844uPf+c2zcZM8dZXJz88kti95xrIn24r1JoYQA3iNieWDBRU7Z/YrcZ9eDF7BxURJJNU2kpjqJjXVdq3No70WIrJi9linfM1z/NpN9uA/a2LonnQ5tqrN+bWXMVbyAwiM60b82oHtdoLUHX0/dR1KGE2sJ+t3lyj/3qRNwsnvbRZp2qMSbv5ZnjNlymenC8oxd3oTbvjjNksWJLJydwMLZCcBRnp5fl0mdYUl00f2hRXj+svLaXfAfULedL83cEqh5WyCRtTxYm7t+arHlD6Do1wH2krax9MVuPkn7HvkuQh11nC8BNzcTn/yvOmeBm2t75K2/9hB1H84bBanVNZgf369YTNvPUrGY/VKS1yHAxsVxxOPGpDFVqe7tILxfVfotPsRH78TyUsea+F2b3ZOr+HMxgAM3Nx++zm5H5KcOVoYf59vNCdiK7Xcl72sF2B0lOjZfDc5ioQNeWV2PfpEeQEW+xkbTAQn8GhvAyhvg2IhC2XWSysL5dhwOGBS5lUH5Hnl/wQU698tkZTzcVT9vvsac78NUZLfK1HzpBEt+tOJ/LI54vHiioycp37s+5Sx/8TDLX8xb383N7DofpMJdLcvnLrfbABxkXHpBZ1AQ70QnMXREIr2/dJ0ImnX1J3rapZ/bHBCQfa1Fbnmuc4+HxQ3iM/LNSHpzS03YXsxeGTk3jPaVwZbhAG8LzW7zzXvR5697ko3DQPcOvnlP9vOhc01YsNvOAL/it+3mVo4aNbIHhT09qWS/yFMtTpN/VsmtWc41Fa425p1PC/7f1WQT5mL2WePrcOY6i+uaskmt86bz5vTZxUsjTvDgAxWLeaaF4R+FsH/EKV7sd5QXAbdaFqLfi6DWJcnBzc2NYP+c/3lwU4DrupiUC8X1u6LL7zUinIkHD/Hia6eZ/9pp3NxM9JxYnalDggpM2VhPpbLtBLTuXpPW3WsyCwdHdsTxzvMneHfAEdpHViu2P1AglBWWe3hsDtf1aRlZQL43yiv2t6JfB7eVsI3XQtA9dThyJAs/Swbjm+4haXJdZnWwkGRzx8+SzCJgy568D2M+NSoybZoFi4+JPYvP8u7PVlKLa/u2dOoU9VgJXod53HA4MhnUelfBpX6ZpMI1fuO/wrl4bCXAAU088s4BlnLUBrb8moIXV9fvrtjXAHw8aMCVj82F3ibc3ExE1Mh7vncl1zVq5uQ/d47MU5bHRkDTl9dF7NpzLIyFXrPCWL82gtWrI1i/Poynm8HGqWfZEVSBtgGwZU/eULLZI98FoUGBPHs/LJp2mAlv2WkyIojGgNnbdfhGLmtEQkIkCQmRHIkJIzo6mPo+rgDhV+mSEwBw6RWd1thkzlbw4+u4SPbFRDD/lfJs+zKBj38t+VWuGTYHkP8i1ovsPAbeRazv5laOqHsDuK11AK3vCaJ1/kDGJXX386Aa8MW3+X4z05rO9mNwV3PPEmzbkTsamLThCO2HJVF7RDVidrj224J+Jq72999LY5/9eflfvhaaN/IAMvOmT8g71GZyfuvNxp4T8My/m5NwpD4rFgTTNtXGiKdOX3GKLecto/h+V3T5e3ZcpGa3cBISmrN+dQ1e6unOopdO8uMlGz7w9VE6drqKFXoAABCpSURBVNzHV7lTkW7UalyZSWP8XO3zLL4/FJDhLLgjLG6FD7XHJRdfX6G/FSe2hG28Ntzw8/MAT3eIB8zlwNMDPz838KxAq5Zw7N2zfJV98Z9nrQD69QulV/cQ2tTN7kvFtb2l1598Hbpk2DJxc/NidXbfSUiIZO3iEOaMCiCgtHfJJa54Ls5Z8ZQj7zRpy+QwcHNb7+L7xR/pa1DyY5PhdE2rns37NGm/mOX66ftnz5HZmyjDYyMuCmXXnIPvFiTi5ubFU70CqNvYl8hIX+rWDaD/EG8cjjQ+XwEt7zVx7N3jzPk+mVP7Yhn/bCJ5h8eN/2/n7qOiOg88jn8ZYQDBDBEG0YnaiSKxCRLDssrWrQvFrRVNNaJNfYkutYnmxDXuMfGkapqE7OYQc1ZdN2ITY2jiW9Wckq2xpjFyzKnRTRapL1HRKFFEkOFlRkFgIMP+MbyJgJhovJLf5y+489znPs9z7535zX3unfFzeuP5WzXZZT78aob3koZlpJXJJlj1b2fYeaQGR56DRWO/YsGCUsqbPztaPYJe14DH4yEn23n1TcDnKkhNPcfT6SW4ewczNLLxXcXcUkfL53xDuz8ZEDcpFI/nMinzz3Egp4y0KWf4wNPZNysP7us+gt3U9rtI/qUPZZnnSd/ppDD/Ehnzv+JjDzw0LPAbbBsi7g2kb6iJA9u+ZMb6hjaF2+9j69frrjtmt5YFyP3oIjuzisnKKmJ9eh7j0t0w8C5irIDZBGWX2LS7kvwjxTz1uAvv8VTHW48V8tOZZzhQ2YOhMUFEANzrR6+ubrvT467j+gv/cJ7HJp8gY+8VIgb3YmC4CTBhbjNm0WNDsZtgTswRVm0rISfHyc6N+Yyb7IKBvYixdn48tNarjxmPx8Pv/quY/MJK1j9zruUKqdt7fOV9UsKR/KbI2YD7OsdbS7lrHetiH28tP/7pVSs/G9TjqmXz3ujPMNzMictlaUYRew842buziKUzc5m6xtN4P2dnfQ+9KedhzPgQPJ5qnl9USF5hLTk78xk9tZB5e9y3+GpiV96LawBfPA4nizIcFBZeImPR"
20:58:36.748 [Forwarding screenshot on session f38f5520-bd02-11e6-b34a-8d0186b048d8 to remote] DEBUG org.apache.http.wire - http-outgoing-0 << "ec5iInFo5/2/8WPtxvbNwFFhJJvg2dmn2JtfS2FOEU8+dhlCgxh0nXPC+PtGmmj68lZzVbDpjzBsrvfqVmv2CeEkz6tk7eZySt+9jzPOPJZMPUXTjJDJ1JKZLaP7kGotJ3NYGOObZxWDWb2vPzXTCpjReLnZZPUnIzuSaDxkcfUTWNZBwcSbXKSnnuZy8BD8G18PiO3PhsVVzEgvIDq9AIAHp/dhYVIAX+43ga1p+q713028bbTEDuDI1gYeftTBuI0OHkwOJt5USb+Yqz8kW/g2/jRH+5ra1mTi6vs4W3OKF2ecJr1xbBZviGJetB/Q8bbN/pW0/u5hGdmX3yY7eXH+aTbO9065TZ9uZvPmKxxztddHU5uvk97Xe3UyZt+FQGD/movsb7UsfnIIy/5jEDbAlnoPk7Z+xZKpeSwBfjK9J6Gb3bgJ5oX3rJye7GBctPd7vMneky2v9iOAuuZxN/t7w0RrLfuks+POr8P6k3oHMzf3DEsmedtkMvkwN2MwSW0/Gex92fWhhycfL+bFJwqaF1vjLezIHOztXyfHg2NvS9sDovvyu1QXT6woJHYFmOIDsZuqGysMZmqCD+krijns8uMNS8u+7+x425vV8Xkw+hl71/p4S5lISh1w7WJbODs/78Hy58+zYskF1jSVNvmS+u82Fs8Lx8J1zrVveB5Cy/FjHWnno9VfM21BMfHriwGwJ4ex6eXwWzssXXovLmXMEA8muz+nl50jeom3j8u2RDHOxnX63/VjLe+1Nn3t4r757+x+zEm5wKTYo97XHwxmy7tDiAKivvG+aXmPvG37Rpr5NDQ0GOTX/ATA5aihkh7YrO1MO3bCUViD2+yDzep//cIdqamjsOxrzMFmrJYbu4hauPcsT2/wYc2bA7w3NbscJA46x0Nb7ue1mxhUahy1lLkh1Obf/M3tm2zbO87fcrzgW43Zd8F7XJixWdu2zYOj0I3bfOPH2rX1tzeOHdfvctRS2WYfdsTlqPVekTL7tTu+7R0P7alx1VJWCTbbje3vrtbfXru72sfboqYORy3gBmsH+7+zvt+U89Dg505T+4JtAddcUep0bL7hsdZ6u53vm87P3e/FvunGFMrkpnDlnMU+phRTfE8WjOxB9qrLHMbMO4eivd8wu+m2RcRL56Fxad/cORTK5KbJ31vE6xsqOOv0EDHsLqan3sNI23fzLet2bltEvHQeGpf2zZ1BoUxERETEABSTRURERAxAoUxERETEABTKRERERAxAoUxERETEABTKRERERAxAoUxERETEABTKRERERAxAoUxERETEABTKRERERAxAoUxERETEABTKRERERAxAoUxERETEABTKRERERAxAoUxERETEABTKRERERAxAoUxERETEABTKRERERAxAoUxERETEABTKRERERAxAoUykO6uqwul04r7d7RARkevyvd0NEJFbwHmcTW9s5FBZHX6BftRV19F/xET+5ZF4gq4pms0bG3dRVgcQwqiUmUyIuwecR3hr5QZOVgN+/Ul56nHiIszN653auZKNjh/xwqy4xiVV7N/6Jlk5RQD0H5HC44/EYaYralmVfJQX91+9dPLi/ry2OBxLm7KLwo5S+879rB4X0OUhuRV2L81l6hrPNctNVguH8gZjuw1tEpE7l0KZSHdTdZyVr2TSa+wM5v/AF4eznmBrACe2r+OltTWkzU1oFZSK2ZK5i69jU3hu4g8p2P0uG7ZvZ3DMr8l/YwMnw5J45vE4jrz7GtvX7iDyhUcIwcn+rZlk5RQREtvyFnI++22yctykLEwj8vJuXlm3nQ+HxzDB3rVYdqkYTJP7sO83IeCG4sMXmfREAQNGWlg22r9VST9mbRkAMV2r91aKmxfJ3l+YMFeV8/D4i/z41R/wmwR/Kt2+CmQicsM0fSnSzeS+/wfco2aTyD5Wr/0Tx0/tY93qjUTMWEhs8S52HK9qKeyuxhYzgpTkOELMQUSPjsWPUpzFJ/msDMamjCHMHELC5J/jV32YU05wfv4+WccCGBICtfVNFTn5dG8BQ1IeI8a3hIrAh1g4fz7/GH5jwWnggECi7MFERQUzeoqdhVZwVTXgOHCW5ORjJEflEJZ4hl2/L2bP6SrSkw+ydOeVxrVrSE88SNruGgoPnGdKVA69e+cQFpbL0m2XvCXyipkZ27g86ijbjlSxKvkg87dVNtZRR8aUXBZlXWm3fW1ZbMFER/ckamggNqDPoGDs9mCiowIAD7tXHad3b+/2kpcW4QBwlTEz8Sgzkw8SFnaEjJeOM2V+HolhOYSFHWRRxnmWJnvXiZ2STz6Ao4JFiQeb+5OWdemGxlVE7gwKZSLdipPjJ/0Zk9iX/R8XM+GZZ5k2dS7PL5xDZFgEcbF9KSmuaClutjNh2iNEBnnX3fn2duoChxEZChBIcNPsoJ9v82X1kJhfkv7CXP5hUCD1dS1V+QInt69g2fLVrF29ghWbPqWy7VzpdZw9WcmBHCcHDlSwMf0EKxxg7d0DauvZv7+aoYv78c5vQ3F95qag0o+RP+7B2tccuADySll+2If4mBqeHn+RgMWDKC+P5cNX/Vk7r5hCLjH/R4UcS+hH3oUHWDfBzbyEYu7/Zz82L73oDUz5pSzLbmBUXM8bHHePtw11Dc1L8red4tG0ejbkDKc8fxD3brvA7Awn4KHwcC2FQ8N4551+2HzcZG92s2jfA+xIC2T9kovUzB7Ekb39sGSXs/VALbtX5ZMZGEpeeSz7MnqyanGJt70i0q1o+lKkm/IFejSe4ZcdBVQE3EPHd2AV86eVK/hrUV8efWYqYeQC9e0XNXuvftW0ebkeoH8Szz81hqCq46x8KZOPcxOZNTyssYSb3I92cOoyUF9P/7hk4u0tqc1sAc8HpYz/rAyPowGr3Z/frh/EgpF+OPY2YDJZWJbaFwu1fNq4zugZ4bC8iH2ugQS964CfRZBkDSHu80j2HbrMqrRS/i+7GgaGYHbU8AkmXl/WF2sATHw5mrjFYKOC0LQC/lII920tgYRwxraee3QX89GOT7iML/X1AcQlj8PehbB5+tAVwMSet86wBw9nyuB/t1XgmhaMCxPpywaQZIHdn54jdHY/xkX54yo2YzI1MGtKCDaCSAi9gKO8gT5DA/GsKWVUYhWpM3qT/ddwrNdvgojcYRTKRLqVEKKH1PLnPUVMGh3GuldWkh/jy6FDpUxc2J+CnCLCp9999SpVx1n7Uib5gT9kbtos7GbA6X2pZXqynvqOQlpTiWoYMmK490GCoAEMCITLV5Woo8pRQkk5UF/P3a0vswFuF1ifHEDeyx3HjWueIrWFkTbiAm+vPU/IWg8LdoRBzSUWxZ3ijwP9WfDY3Yz9aTV/Xt9OZQFQ/kU15tgwFicU8Nb689y/oZ65r1vbhNfLVFwoocQX6ut7U9PpKLQxMJARfxeEuwqGr+rJZAIB74MB7nYeiXXTAKFmIgDwUAtghujpUey/r4w9OyvYll7I8mcdvHc6mtGWa+sQkTuXQplINxP981/w8UuZfJz0KHNm++KsrCcuPpgTW1aTEzGB9MjWl3lK2bQ8k3zszJibTK/yYs7Xw9332BkWWMeuD/YzalY8uR/spg47fUM62moIQ2MC2fL+XzgfM43wksPkVcMg39ZvMUGMmjaXUTe1t348vNDCkqkXMVl78flIP3BU8AmQ8T8PMMUGWUtLocxNsdXM3+Ph95sqSJp3NwcyTjB+mS+flw5lwlMhLJp0kcOmnmQn+V+9CXMkU5+KvOGW9bH5wdmv6Z/Ql5GWGlYlf8Gae22kju/R8Up1QNm1i7f9Opd59KP0zSHMm1FEWFwRFfqdE5FuR6FMpLsJGsrTz81ha+ZG1u2uJzAQqqvBPiqF5yfEXVXUnZ/LsWqAfDasWN64NJCU515g/JwJfLk6i8WLs4BAkuY8yj2t1vX19feGiEbDU+Zwas1qVi87BEBo7EQmRneY4q5htoDNv5PbXEN9mv/0xibv/7akcCabXDifDscOYA0mNcGHJ6JzeAJ48CdmoIYT+SH85w4rY8efofcSMJlMpO2I9K4zug/TTU6+WBBOdJdb3JoJC+Dv19LG6HmDefXgccbZc7wl7MG8"
20:58:36.748 [Forwarding screenshot on session f38f5520-bd02-11e6-b34a-8d0186b048d8 to remote] DEBUG org.apache.http.wire - http-outgoing-0 << "lxkBOABT8xOwftB8757ZzwdCW+5La+rnhH/tR2bCBXq/dwGA+Cf7kaD5S5Fux6ehoaHh+sVE5I7krqKqDoKCbvCO+5YKcJZeoWdYSBd/bwyqnE7q/HoSEnR7f7LC5aiFXv5YrrmRzoPDUUcvq3/LNGVhCYkxBfxqXyzTo25uO2pctVx2m7Ba/b5lTd52m83+WDRtKdItKZSJyPdaTsZRxiypxTQ5gvNv2jp5GEJE5NZSKBOR77eaGnL+5mbwyLvQBSgRuZ0UykREREQMQD8eKyIiImIACmUiIiIiBqBQJiIiImIACmUiIiIiBqBQJiIiImIACmUiIiIiBqBQJiIiImIACmUiIiIiBqBQJiIiImIACmUiIiIiBqBQJiIiImIACmUiIiIiBqBQJiIiImIACmUiIiIiBqBQJiIiImIACmUiIiIiBqBQJiIiImIACmUiIiIiBqBQJiIiImIACmUiIiIiBqBQJiIiImIACmUiIiIiBqBQJiIiImIACmUiIiIiBqBQJiIiImIA/w8LDNCE9u6LagAAAABJRU5ErkJggg=="}"
20:58:36.748 [Forwarding screenshot on session f38f5520-bd02-11e6-b34a-8d0186b048d8 to remote] DEBUG org.apache.http.impl.conn.PoolingHttpClientConnectionManager - Connection [id: 0][route: {}->http://localhost:25620] can be kept alive indefinitely
20:58:36.749 [Forwarding screenshot on session f38f5520-bd02-11e6-b34a-8d0186b048d8 to remote] DEBUG org.apache.http.impl.conn.PoolingHttpClientConnectionManager - Connection released: [id: 0][route: {}->http://localhost:25620][total kept alive: 1; route allocated: 1 of 2000; total allocated: 1 of 2000]
Base 64 String Length49548
20:58:36.844 [Forwarding findElements on session f38f5520-bd02-11e6-b34a-8d0186b048d8 to remote] DEBUG org.apache.http.client.protocol.RequestAddCookies - CookieSpec selected: default
20:58:36.845 [Forwarding findElements on session f38f5520-bd02-11e6-b34a-8d0186b048d8 to remote] DEBUG org.apache.http.client.protocol.RequestAuthCache - Auth cache not set in the context
20:58:36.845 [Forwarding findElements on session f38f5520-bd02-11e6-b34a-8d0186b048d8 to remote] DEBUG org.apache.http.impl.conn.PoolingHttpClientConnectionManager - Connection request: [route: {}->http://localhost:25620][total kept alive: 1; route allocated: 1 of 2000; total allocated: 1 of 2000]
20:58:36.845 [Forwarding findElements on session f38f5520-bd02-11e6-b34a-8d0186b048d8 to remote] DEBUG org.apache.http.impl.conn.PoolingHttpClientConnectionManager - Connection leased: [id: 0][route: {}->http://localhost:25620][total kept alive: 0; route allocated: 1 of 2000; total allocated: 1 of 2000]
20:58:36.846 [Forwarding findElements on session f38f5520-bd02-11e6-b34a-8d0186b048d8 to remote] DEBUG org.apache.http.impl.execchain.MainClientExec - Stale connection check
20:58:36.848 [Forwarding findElements on session f38f5520-bd02-11e6-b34a-8d0186b048d8 to remote] DEBUG org.apache.http.wire - http-outgoing-0 << "[read] I/O error: Read timed out"
20:58:36.848 [Forwarding findElements on session f38f5520-bd02-11e6-b34a-8d0186b048d8 to remote] DEBUG org.apache.http.impl.conn.DefaultManagedHttpClientConnection - http-outgoing-0: set socket timeout to 10800000
20:58:36.848 [Forwarding findElements on session f38f5520-bd02-11e6-b34a-8d0186b048d8 to remote] DEBUG org.apache.http.impl.execchain.MainClientExec - Executing request POST /session/f38f5520-bd02-11e6-b34a-8d0186b048d8/elements HTTP/1.1
20:58:36.848 [Forwarding findElements on session f38f5520-bd02-11e6-b34a-8d0186b048d8 to remote] DEBUG org.apache.http.impl.execchain.MainClientExec - Target auth state: UNCHALLENGED
20:58:36.848 [Forwarding findElements on session f38f5520-bd02-11e6-b34a-8d0186b048d8 to remote] DEBUG org.apache.http.impl.execchain.MainClientExec - Proxy auth state: UNCHALLENGED
20:58:36.848 [Forwarding findElements on session f38f5520-bd02-11e6-b34a-8d0186b048d8 to remote] DEBUG org.apache.http.headers - http-outgoing-0 >> POST /session/f38f5520-bd02-11e6-b34a-8d0186b048d8/elements HTTP/1.1
20:58:36.848 [Forwarding findElements on session f38f5520-bd02-11e6-b34a-8d0186b048d8 to remote] DEBUG org.apache.http.headers - http-outgoing-0 >> Content-Type: application/json; charset=utf-8
20:58:36.848 [Forwarding findElements on session f38f5520-bd02-11e6-b34a-8d0186b048d8 to remote] DEBUG org.apache.http.headers - http-outgoing-0 >> Content-Length: 36
20:58:36.848 [Forwarding findElements on session f38f5520-bd02-11e6-b34a-8d0186b048d8 to remote] DEBUG org.apache.http.headers - http-outgoing-0 >> Host: localhost:25620
20:58:36.848 [Forwarding findElements on session f38f5520-bd02-11e6-b34a-8d0186b048d8 to remote] DEBUG org.apache.http.headers - http-outgoing-0 >> Connection: Keep-Alive
20:58:36.849 [Forwarding findElements on session f38f5520-bd02-11e6-b34a-8d0186b048d8 to remote] DEBUG org.apache.http.headers - http-outgoing-0 >> User-Agent: Apache-HttpClient/4.5.2 (Java/1.8.0_101)
20:58:36.849 [Forwarding findElements on session f38f5520-bd02-11e6-b34a-8d0186b048d8 to remote] DEBUG org.apache.http.headers - http-outgoing-0 >> Accept-Encoding: gzip,deflate
20:58:36.849 [Forwarding findElements on session f38f5520-bd02-11e6-b34a-8d0186b048d8 to remote] DEBUG org.apache.http.wire - http-outgoing-0 >> "POST /session/f38f5520-bd02-11e6-b34a-8d0186b048d8/elements HTTP/1.1[\r][\n]"
20:58:36.849 [Forwarding findElements on session f38f5520-bd02-11e6-b34a-8d0186b048d8 to remote] DEBUG org.apache.http.wire - http-outgoing-0 >> "Content-Type: application/json; charset=utf-8[\r][\n]"
20:58:36.849 [Forwarding findElements on session f38f5520-bd02-11e6-b34a-8d0186b048d8 to remote] DEBUG org.apache.http.wire - http-outgoing-0 >> "Content-Length: 36[\r][\n]"
20:58:36.849 [Forwarding findElements on session f38f5520-bd02-11e6-b34a-8d0186b048d8 to remote] DEBUG org.apache.http.wire - http-outgoing-0 >> "Host: localhost:25620[\r][\n]"
20:58:36.849 [Forwarding findElements on session f38f5520-bd02-11e6-b34a-8d0186b048d8 to remote] DEBUG org.apache.http.wire - http-outgoing-0 >> "Connection: Keep-Alive[\r][\n]"
20:58:36.849 [Forwarding findElements on session f38f5520-bd02-11e6-b34a-8d0186b048d8 to remote] DEBUG org.apache.http.wire - http-outgoing-0 >> "User-Agent: Apache-HttpClient/4.5.2 (Java/1.8.0_101)[\r][\n]"
20:58:36.849 [Forwarding findElements on session f38f5520-bd02-11e6-b34a-8d0186b048d8 to remote] DEBUG org.apache.http.wire - http-outgoing-0 >> "Accept-Encoding: gzip,deflate[\r][\n]"
20:58:36.849 [Forwarding findElements on session f38f5520-bd02-11e6-b34a-8d0186b048d8 to remote] DEBUG org.apache.http.wire - http-outgoing-0 >> "[\r][\n]"
20:58:36.849 [Forwarding findElements on session f38f5520-bd02-11e6-b34a-8d0186b048d8 to remote] DEBUG org.apache.http.wire - http-outgoing-0 >> "{"using":"class name","value":"lst"}"
20:58:36.862 [Forwarding findElements on session f38f5520-bd02-11e6-b34a-8d0186b048d8 to remote] DEBUG org.apache.http.wire - http-outgoing-0 << "HTTP/1.1 200 OK[\r][\n]"
20:58:36.862 [Forwarding findElements on session f38f5520-bd02-11e6-b34a-8d0186b048d8 to remote] DEBUG org.apache.http.wire - http-outgoing-0 << "Cache: no-cache[\r][\n]"
20:58:36.862 [Forwarding findElements on session f38f5520-bd02-11e6-b34a-8d0186b048d8 to remote] DEBUG org.apache.http.wire - http-outgoing-0 << "Content-Length: 106[\r][\n]"
20:58:36.862 [Forwarding findElements on session f38f5520-bd02-11e6-b34a-8d0186b048d8 to remote] DEBUG org.apache.http.wire - http-outgoing-0 << "Content-Type: application/json;charset=UTF-8[\r][\n]"
20:58:36.862 [Forwarding findElements on session f38f5520-bd02-11e6-b34a-8d0186b048d8 to remote] DEBUG org.apache.http.wire - http-outgoing-0 << "[\r][\n]"
20:58:36.863 [Forwarding findElements on session f38f5520-bd02-11e6-b34a-8d0186b048d8 to remote] DEBUG org.apache.http.wire - http-outgoing-0 << "{"sessionId":"f38f5520-bd02-11e6-b34a-8d0186b048d8","status":0,"value":[{"ELEMENT":":wdc:1481173115992"}]}"
20:58:36.863 [Forwarding findElements on session f38f5520-bd02-11e6-b34a-8d0186b048d8 to remote] DEBUG org.apache.http.headers - http-outgoing-0 << HTTP/1.1 200 OK
20:58:36.863 [Forwarding findElements on session f38f5520-bd02-11e6-b34a-8d0186b048d8 to remote] DEBUG org.apache.http.headers - http-outgoing-0 << Cache: no-cache
20:58:36.863 [Forwarding findElements on session f38f5520-bd02-11e6-b34a-8d0186b048d8 to remote] DEBUG org.apache.http.headers - http-outgoing-0 << Content-Length: 106
20:58:36.863 [Forwarding findElements on session f38f5520-bd02-11e6-b34a-8d0186b048d8 to remote] DEBUG org.apache.http.headers - http-outgoing-0 << Content-Type: application/json;charset=UTF-8
20:58:36.863 [Forwarding findElements on session f38f5520-bd02-11e6-b34a-8d0186b048d8 to remote] DEBUG org.apache.http.impl.execchain.MainClientExec - Connection can be kept alive indefinitely
20:58:36.864 [Forwarding findElements on session f38f5520-bd02-11e6-b34a-8d0186b048d8 to remote] DEBUG org.apache.http.impl.conn.PoolingHttpClientConnectionManager - Connection [id: 0][route: {}->http://localhost:25620] can be kept alive indefinitely
20:58:36.864 [Forwarding findElements on session f38f5520-bd02-11e6-b34a-8d0186b048d8 to remote] DEBUG org.apache.http.impl.conn.PoolingHttpClientConnectionManager - Connection released: [id: 0][route: {}->http://localhost:25620][total kept alive: 1; route allocated: 1 of 2000; total allocated: 1 of 2000]
20:58:36.885 [Forwarding sendKeysToElement on session f38f5520-bd02-11e6-b34a-8d0186b048d8 to remote] DEBUG org.apache.http.client.protocol.RequestAddCookies - CookieSpec selected: default
20:58:36.900 [Forwarding sendKeysToElement on session f38f5520-bd02-11e6-b34a-8d0186b048d8 to remote] DEBUG org.apache.http.client.protocol.RequestAuthCache - Auth cache not set in the context
20:58:36.917 [Forwarding sendKeysToElement on session f38f5520-bd02-11e6-b34a-8d0186b048d8 to remote] DEBUG org.apache.http.impl.conn.PoolingHttpClientConnectionManager - Connection request: [route: {}->http://localhost:25620][total kept alive: 1; route allocated: 1 of 2000; total allocated: 1 of 2000]
20:58:36.937 [Forwarding sendKeysToElement on session f38f5520-bd02-11e6-b34a-8d0186b048d8 to remote] DEBUG org.apache.http.impl.conn.PoolingHttpClientConnectionManager - Connection leased: [id: 0][route: {}->http://localhost:25620][total kept alive: 0; route allocated: 1 of 2000; total allocated: 1 of 2000]
20:58:36.940 [Forwarding sendKeysToElement on session f38f5520-bd02-11e6-b34a-8d0186b048d8 to remote] DEBUG org.apache.http.impl.execchain.MainClientExec - Stale connection check
20:58:36.943 [Forwarding sendKeysToElement on session f38f5520-bd02-11e6-b34a-8d0186b048d8 to remote] DEBUG org.apache.http.wire - http-outgoing-0 << "[read] I/O error: Read timed out"
20:58:36.944 [Forwarding sendKeysToElement on session f38f5520-bd02-11e6-b34a-8d0186b048d8 to remote] DEBUG org.apache.http.impl.conn.DefaultManagedHttpClientConnection - http-outgoing-0: set socket timeout to 10800000
20:58:36.944 [Forwarding sendKeysToElement on session f38f5520-bd02-11e6-b34a-8d0186b048d8 to remote] DEBUG org.apache.http.impl.execchain.MainClientExec - Executing request POST /session/f38f5520-bd02-11e6-b34a-8d0186b048d8/element/%3Awdc%3A1481173115992/value HTTP/1.1
20:58:36.944 [Forwarding sendKeysToElement on session f38f5520-bd02-11e6-b34a-8d0186b048d8 to remote] DEBUG org.apache.http.impl.execchain.MainClientExec - Target auth state: UNCHALLENGED
20:58:36.944 [Forwarding sendKeysToElement on session f38f5520-bd02-11e6-b34a-8d0186b048d8 to remote] DEBUG org.apache.http.impl.execchain.MainClientExec - Proxy auth state: UNCHALLENGED
20:58:36.944 [Forwarding sendKeysToElement on session f38f5520-bd02-11e6-b34a-8d0186b048d8 to remote] DEBUG org.apache.http.headers - http-outgoing-0 >> POST /session/f38f5520-bd02-11e6-b34a-8d0186b048d8/element/%3Awdc%3A1481173115992/value HTTP/1.1
20:58:36.944 [Forwarding sendKeysToElement on session f38f5520-bd02-11e6-b34a-8d0186b048d8 to remote] DEBUG org.apache.http.headers - http-outgoing-0 >> Content-Type: application/json; charset=utf-8
20:58:36.944 [Forwarding sendKeysToElement on session f38f5520-bd02-11e6-b34a-8d0186b048d8 to remote] DEBUG org.apache.http.headers - http-outgoing-0 >> Content-Length: 105
20:58:36.944 [Forwarding sendKeysToElement on session f38f5520-bd02-11e6-b34a-8d0186b048d8 to remote] DEBUG org.apache.http.headers - http-outgoing-0 >> Host: localhost:25620
20:58:36.944 [Forwarding sendKeysToElement on session f38f5520-bd02-11e6-b34a-8d0186b048d8 to remote] DEBUG org.apache.http.headers - http-outgoing-0 >> Connection: Keep-Alive
20:58:36.944 [Forwarding sendKeysToElement on session f38f5520-bd02-11e6-b34a-8d0186b048d8 to remote] DEBUG org.apache.http.headers - http-outgoing-0 >> User-Agent: Apache-HttpClient/4.5.2 (Java/1.8.0_101)
20:58:36.944 [Forwarding sendKeysToElement on session f38f5520-bd02-11e6-b34a-8d0186b048d8 to remote] DEBUG org.apache.http.headers - http-outgoing-0 >> Accept-Encoding: gzip,deflate
20:58:36.944 [Forwarding sendKeysToElement on session f38f5520-bd02-11e6-b34a-8d0186b048d8 to remote] DEBUG org.apache.http.wire - http-outgoing-0 >> "POST /session/f38f5520-bd02-11e6-b34a-8d0186b048d8/element/%3Awdc%3A1481173115992/value HTTP/1.1[\r][\n]"
20:58:36.944 [Forwarding sendKeysToElement on session f38f5520-bd02-11e6-b34a-8d0186b048d8 to remote] DEBUG org.apache.http.wire - http-outgoing-0 >> "Content-Type: application/json; charset=utf-8[\r][\n]"
20:58:36.944 [Forwarding sendKeysToElement on session f38f5520-bd02-11e6-b34a-8d0186b048d8 to remote] DEBUG org.apache.http.wire - http-outgoing-0 >> "Content-Length: 105[\r][\n]"
20:58:36.944 [Forwarding sendKeysToElement on session f38f5520-bd02-11e6-b34a-8d0186b048d8 to remote] DEBUG org.apache.http.wire - http-outgoing-0 >> "Host: localhost:25620[\r][\n]"
20:58:36.944 [Forwarding sendKeysToElement on session f38f5520-bd02-11e6-b34a-8d0186b048d8 to remote] DEBUG org.apache.http.wire - http-outgoing-0 >> "Connection: Keep-Alive[\r][\n]"
20:58:36.944 [Forwarding sendKeysToElement on session f38f5520-bd02-11e6-b34a-8d0186b048d8 to remote] DEBUG org.apache.http.wire - http-outgoing-0 >> "User-Agent: Apache-HttpClient/4.5.2 (Java/1.8.0_101)[\r][\n]"
20:58:36.944 [Forwarding sendKeysToElement on session f38f5520-bd02-11e6-b34a-8d0186b048d8 to remote] DEBUG org.apache.http.wire - http-outgoing-0 >> "Accept-Encoding: gzip,deflate[\r][\n]"
20:58:36.945 [Forwarding sendKeysToElement on session f38f5520-bd02-11e6-b34a-8d0186b048d8 to remote] DEBUG org.apache.http.wire - http-outgoing-0 >> "[\r][\n]"
20:58:36.945 [Forwarding sendKeysToElement on session f38f5520-bd02-11e6-b34a-8d0186b048d8 to remote] DEBUG org.apache.http.wire - http-outgoing-0 >> "{"id":":wdc:1481173115992","value":["w","w","w",".","l","i","f","e","-","f","u","n","d",".","o","r","g"]}"
20:58:37.049 [Forwarding sendKeysToElement on session f38f5520-bd02-11e6-b34a-8d0186b048d8 to remote] DEBUG org.apache.http.wire - http-outgoing-0 << "HTTP/1.1 200 OK[\r][\n]"
20:58:37.050 [Forwarding sendKeysToElement on session f38f5520-bd02-11e6-b34a-8d0186b048d8 to remote] DEBUG org.apache.http.wire - http-outgoing-0 << "Cache: no-cache[\r][\n]"
20:58:37.051 [Forwarding sendKeysToElement on session f38f5520-bd02-11e6-b34a-8d0186b048d8 to remote] DEBUG org.apache.http.wire - http-outgoing-0 << "Content-Length: 76[\r][\n]"
20:58:37.051 [Forwarding sendKeysToElement on session f38f5520-bd02-11e6-b34a-8d0186b048d8 to remote] DEBUG org.apache.http.wire - http-outgoing-0 << "Content-Type: application/json;charset=UTF-8[\r][\n]"
20:58:37.051 [Forwarding sendKeysToElement on session f38f5520-bd02-11e6-b34a-8d0186b048d8 to remote] DEBUG org.apache.http.wire - http-outgoing-0 << "[\r][\n]"
20:58:37.051 [Forwarding sendKeysToElement on session f38f5520-bd02-11e6-b34a-8d0186b048d8 to remote] DEBUG org.apache.http.wire - http-outgoing-0 << "{"sessionId":"f38f5520-bd02-11e6-b34a-8d0186b048d8","status":0,"value":null}"
20:58:37.051 [Forwarding sendKeysToElement on session f38f5520-bd02-11e6-b34a-8d0186b048d8 to remote] DEBUG org.apache.http.headers - http-outgoing-0 << HTTP/1.1 200 OK
20:58:37.051 [Forwarding sendKeysToElement on session f38f5520-bd02-11e6-b34a-8d0186b048d8 to remote] DEBUG org.apache.http.headers - http-outgoing-0 << Cache: no-cache
20:58:37.051 [Forwarding sendKeysToElement on session f38f5520-bd02-11e6-b34a-8d0186b048d8 to remote] DEBUG org.apache.http.headers - http-outgoing-0 << Content-Length: 76
20:58:37.051 [Forwarding sendKeysToElement on session f38f5520-bd02-11e6-b34a-8d0186b048d8 to remote] DEBUG org.apache.http.headers - http-outgoing-0 << Content-Type: application/json;charset=UTF-8
20:58:37.051 [Forwarding sendKeysToElement on session f38f5520-bd02-11e6-b34a-8d0186b048d8 to remote] DEBUG org.apache.http.impl.execchain.MainClientExec - Connection can be kept alive indefinitely
20:58:37.052 [Forwarding sendKeysToElement on session f38f5520-bd02-11e6-b34a-8d0186b048d8 to remote] DEBUG org.apache.http.impl.conn.PoolingHttpClientConnectionManager - Connection [id: 0][route: {}->http://localhost:25620] can be kept alive indefinitely
20:58:37.052 [Forwarding sendKeysToElement on session f38f5520-bd02-11e6-b34a-8d0186b048d8 to remote] DEBUG org.apache.http.impl.conn.PoolingHttpClientConnectionManager - Connection released: [id: 0][route: {}->http://localhost:25620][total kept alive: 1; route allocated: 1 of 2000; total allocated: 1 of 2000]
20:58:37.053 [Forwarding screenshot on session f38f5520-bd02-11e6-b34a-8d0186b048d8 to remote] DEBUG org.apache.http.client.protocol.RequestAddCookies - CookieSpec selected: default
20:58:37.053 [Forwarding screenshot on session f38f5520-bd02-11e6-b34a-8d0186b048d8 to remote] DEBUG org.apache.http.client.protocol.RequestAuthCache - Auth cache not set in the context
20:58:37.054 [Forwarding screenshot on session f38f5520-bd02-11e6-b34a-8d0186b048d8 to remote] DEBUG org.apache.http.impl.conn.PoolingHttpClientConnectionManager - Connection request: [route: {}->http://localhost:25620][total kept alive: 1; route allocated: 1 of 2000; total allocated: 1 of 2000]
20:58:37.054 [Forwarding screenshot on session f38f5520-bd02-11e6-b34a-8d0186b048d8 to remote] DEBUG org.apache.http.impl.conn.PoolingHttpClientConnectionManager - Connection leased: [id: 0][route: {}->http://localhost:25620][total kept alive: 0; route allocated: 1 of 2000; total allocated: 1 of 2000]
20:58:37.054 [Forwarding screenshot on session f38f5520-bd02-11e6-b34a-8d0186b048d8 to remote] DEBUG org.apache.http.impl.execchain.MainClientExec - Stale connection check
20:58:37.056 [Forwarding screenshot on session f38f5520-bd02-11e6-b34a-8d0186b048d8 to remote] DEBUG org.apache.http.wire - http-outgoing-0 << "[read] I/O error: Read timed out"
20:58:37.056 [Forwarding screenshot on session f38f5520-bd02-11e6-b34a-8d0186b048d8 to remote] DEBUG org.apache.http.impl.conn.DefaultManagedHttpClientConnection - http-outgoing-0: set socket timeout to 10800000
20:58:37.056 [Forwarding screenshot on session f38f5520-bd02-11e6-b34a-8d0186b048d8 to remote] DEBUG org.apache.http.impl.execchain.MainClientExec - Executing request GET /session/f38f5520-bd02-11e6-b34a-8d0186b048d8/screenshot HTTP/1.1
20:58:37.056 [Forwarding screenshot on session f38f5520-bd02-11e6-b34a-8d0186b048d8 to remote] DEBUG org.apache.http.impl.execchain.MainClientExec - Target auth state: UNCHALLENGED
20:58:37.056 [Forwarding screenshot on session f38f5520-bd02-11e6-b34a-8d0186b048d8 to remote] DEBUG org.apache.http.impl.execchain.MainClientExec - Proxy auth state: UNCHALLENGED
20:58:37.057 [Forwarding screenshot on session f38f5520-bd02-11e6-b34a-8d0186b048d8 to remote] DEBUG org.apache.http.headers - http-outgoing-0 >> GET /session/f38f5520-bd02-11e6-b34a-8d0186b048d8/screenshot HTTP/1.1
20:58:37.057 [Forwarding screenshot on session f38f5520-bd02-11e6-b34a-8d0186b048d8 to remote] DEBUG org.apache.http.headers - http-outgoing-0 >> Cache-Control: no-cache
20:58:37.057 [Forwarding screenshot on session f38f5520-bd02-11e6-b34a-8d0186b048d8 to remote] DEBUG org.apache.http.headers - http-outgoing-0 >> Host: localhost:25620
20:58:37.057 [Forwarding screenshot on session f38f5520-bd02-11e6-b34a-8d0186b048d8 to remote] DEBUG org.apache.http.headers - http-outgoing-0 >> Connection: Keep-Alive
20:58:37.057 [Forwarding screenshot on session f38f5520-bd02-11e6-b34a-8d0186b048d8 to remote] DEBUG org.apache.http.headers - http-outgoing-0 >> User-Agent: Apache-HttpClient/4.5.2 (Java/1.8.0_101)
20:58:37.057 [Forwarding screenshot on session f38f5520-bd02-11e6-b34a-8d0186b048d8 to remote] DEBUG org.apache.http.headers - http-outgoing-0 >> Accept-Encoding: gzip,deflate
20:58:37.057 [Forwarding screenshot on session f38f5520-bd02-11e6-b34a-8d0186b048d8 to remote] DEBUG org.apache.http.wire - http-outgoing-0 >> "GET /session/f38f5520-bd02-11e6-b34a-8d0186b048d8/screenshot HTTP/1.1[\r][\n]"
20:58:37.057 [Forwarding screenshot on session f38f5520-bd02-11e6-b34a-8d0186b048d8 to remote] DEBUG org.apache.http.wire - http-outgoing-0 >> "Cache-Control: no-cache[\r][\n]"
20:58:37.057 [Forwarding screenshot on session f38f5520-bd02-11e6-b34a-8d0186b048d8 to remote] DEBUG org.apache.http.wire - http-outgoing-0 >> "Host: localhost:25620[\r][\n]"
20:58:37.058 [Forwarding screenshot on session f38f5520-bd02-11e6-b34a-8d0186b048d8 to remote] DEBUG org.apache.http.wire - http-outgoing-0 >> "Connection: Keep-Alive[\r][\n]"
20:58:37.058 [Forwarding screenshot on session f38f5520-bd02-11e6-b34a-8d0186b048d8 to remote] DEBUG org.apache.http.wire - http-outgoing-0 >> "User-Agent: Apache-HttpClient/4.5.2 (Java/1.8.0_101)[\r][\n]"
20:58:37.059 [Forwarding screenshot on session f38f5520-bd02-11e6-b34a-8d0186b048d8 to remote] DEBUG org.apache.http.wire - http-outgoing-0 >> "Accept-Encoding: gzip,deflate[\r][\n]"
20:58:37.060 [Forwarding screenshot on session f38f5520-bd02-11e6-b34a-8d0186b048d8 to remote] DEBUG org.apache.http.wire - http-outgoing-0 >> "[\r][\n]"
20:58:37.186 [Forwarding screenshot on session f38f5520-bd02-11e6-b34a-8d0186b048d8 to remote] DEBUG org.apache.http.wire - http-outgoing-0 << "HTTP/1.1 200 OK[\r][\n]"
20:58:37.186 [Forwarding screenshot on session f38f5520-bd02-11e6-b34a-8d0186b048d8 to remote] DEBUG org.apache.http.wire - http-outgoing-0 << "Cache: no-cache[\r][\n]"
20:58:37.186 [Forwarding screenshot on session f38f5520-bd02-11e6-b34a-8d0186b048d8 to remote] DEBUG org.apache.http.wire - http-outgoing-0 << "Content-Length: 52814[\r][\n]"
20:58:37.186 [Forwarding screenshot on session f38f5520-bd02-11e6-b34a-8d0186b048d8 to remote] DEBUG org.apache.http.wire - http-outgoing-0 << "Content-Type: application/json;charset=UTF-8[\r][\n]"
20:58:37.186 [Forwarding screenshot on session f38f5520-bd02-11e6-b34a-8d0186b048d8 to remote] DEBUG org.apache.http.wire - http-outgoing-0 << "[\r][\n]"
20:58:37.186 [Forwarding screenshot on session f38f5520-bd02-11e6-b34a-8d0186b048d8 to remote] DEBUG org.apache.http.wire - http-outgoing-0 << "{"sessionId":"f38f5520-bd02-11e6-b34a-8d0186b048d8","status":0,"value":"iVBORw0KGgoAAAANSUhEUgAAAmUAAAHhCAYAAAAvRsl0AAAACXBIWXMAAAsTAAALEwEAmpwYAAAgAElEQVR4nOzdeVzUdf7A8dd3ZpgZBrkURQexgFDUSHQ1jQzNq9QOS7PD6pdtq23tWlZ2udqm2VrbYZdbdtillrotZlp5bVqZLuaZZJqQB3ihgFxzf39/jJggx3dggEHfz8ejRzLz+X6+n+/M93jP51SSk5NVznPpHVo0dREa1Ij9xU1dBCGEECJg6XQ6PB5PUxcDXVMXQAghhBCiKen1+qYuAgCGpi5AIJCaJCGEEOL8pdfrcTqdTV0MqSkTQgghxPnNYAiMOioJyoQQQghxXguU5ksJyoQQQghxXpOgTAghhBAiAEhQJoQQQggRAIKCgnzeZvDgwaxevZrVq1czdOhQv5RDgjIhhBBCnNd0utrDoeDgYAYOHHj67/Dw8NP/jo6OPv3vgQMHYjKZ6lSOwBhuIIQQQgjRRGobfRkcHMzMmTO5+OKL6datGy+99BItW7Y8/X55gPbAAw9w3XXX8dNPP/Hoo49it9t9Kofi64z+anwa424aROeYVoSYDNhL8vhtx3e8+95yChXFp537Iu1PU7k29hAvT5lDbgPupzI18SZenno73S6IwqwHty2PTcve4aGXljZaGQBUNZHpH79A75Yn+fjB2/loT/0/A1W1cvdTE4g9sJxpc9f5oZSBQbUOYvKEQYS581n+/EzWFf7+WanhaTz+6DAiOUr68y+yobDxzqXqlJc3xO0+/Zrbbafg8B6+emM+mYrSqOe/Gp7G409cS+TJTF6d8V6F/anx1/PUn/tB9nKmzV7le96qlbsn30+nEHCf9a4eSn7hjUr7PFN4nzt4YmQcq15+mlW5Dfw5WAcxeeJVkLmUZ8+4PtTwPjz+xAiKVs1h9qqsBi1DXTXWffrM7yOjw908MTLW5++muV2vomqqNY3777qKi9pGYNKD217ArvVLmb14AwDdb32Im3u04+Tur3n2bd/vHTXxR94JCQns3bu32vfT0tJ46qmnTv9dWFhYoaasqtf+/ve/8+233/pUDp+aL9XudzB7ylhSk2IJcRWQk5MHYVaS00bz7FO3+bRjX7VpF0NUbDsiGnQvFanqTXz+7ykM6hZH64hQQkNDiWgdx6C7ZrBk2rWNWBKAEOKS4mgXm4Q1xF95mmnXIZoOcW38lWFgMEcQEx1NtDWJ/oMTKryV0L8vSdZooq2diGvVROWr7FR5rdFRREV5/7PGxpHcawiTXnuYeFVt1PNfKVzH3pMmohPTuOe2rhXeu3vctcRFhXFoc0YdczcTFll+nNFYrVasVivRUeWvRWKuYetW7eOIjupA65oS+Ys5gpioKBLTxjC2+xm/XVu1JzE6mrYRjVEI3zXmfbpVdBzRUXG0NkOr9rF1+26a2/UqzqKqaTw7Yyy9Eq1EhlqwWCyERlrpNXw8M8b2ASChcxeio6KIj23t9/37I+/aaspWr17NkiVLTv9dOSCr/NqSJUtYs2aN7+XQmlBV43l47AAsuNmR/hIvLck8/fqDLzxJSlx/bo2fz4Kshvkl43QBbhc2reW1jmL2jCv57/T7WFzHMnW8ZyBxABxj+Suz+GJfG8ZPfYBuERB3zW30nfI53zVirZ3TAZgcFOd6/26jqhyt7/7d4HbVu2gBp7wWJuaSy2Hx77UZl196wal/uWj6uZtPsXkvxOylzzFtibesqmrl7umTSYvtRO8EKPXx/K+vRTPmcsm7E4gbcidp8x9jnaJgHfoQadF68jLm8faGwjrlqyhZvDJpPOA9xsdnzyDJsIep42b8XjtW0zntdAF2So+DqoajKHUrhya28vPISNo9j7P2vplkKcrp1wPxsmns+3TWkmk8mBFOYa5CfLILcNfpumpW16s4S8ywnlgByGf9woV8fziSEWNHkxgK1suH0OW9H8j8YTVtDrcgZ/Nav+/fH3nXNvoyKCiImTNn0r9//9PBV15eHl999RUAV199NVFRUYC3xmzmzJlYLBafy6G9T1mPfnQJhdI9S09f6OC9yc6a/z2v3ZuMuX0MZOXSZ9QD3HZ1CqF6AAfZ69OZ9vaXAIR3uZ4Hxg4jLsoIQFHuVuY/P4sNhQrh3Ufx6D1XY7XowV1Kvt1ESGkmzz3yYoWiqNY0Hp94M0lRltN5zH1yFlsq3cwNGKjPUyykPOp1uSh15PPdqqV8SxT//msqHP+ZI3ibFZ+aO4sRPWMxAK6ibD6d+QjPLd2DmngTc2f9lZ6xp+o3XEXs/OY9bn3oXRLveIn3J16B+1guzpZxtDa5WP/K3bx48kZmPXgNsaHer6bgwHr+OXY8nx8pL5WRK1/8N3d164gJKMhexYTrJrK1nsGZqsbz8AsP067sOKbYWEKB0iM7+O82GDwkGSPgyNvF3GdmsqFQwdrnVu69rT+xod7v0V2Uy+r5z7NgQyGq2oVx0+8hNTYSgLwDuViijax4+hHScyK46cFHGZ7ivYRxHGHN3Ff5aEMuqhrPuOl/Ob2duzSX1e88z4ItPj54baAH3A43xthLGBSusqpQQQ0fRHerkfzcfCKtplPH3Z1xT91Gapz3YsJdyp7v/8Ozc1dhHXQfk2/pSmm+m6ioUACO7FjGP15cRAEJ/inrmYJ+r2JQlFw+W7eftDFJtIuP4cxK9eo++/knh/HypIHkLXuJZxd7r9H46x/jyRHRLJ0+kSU+PIgVZQsvfrKVWWNSGPX4MNbO3Me9I5OhdBf/emMlKAqqGs+dj49jQNKpDq6OPNbN+xdz12Ux9KF/MrL9IZ6d+CJZioJ10H08dUsc6VMf4cvTTVtmym+DEUBu+fENeoCnbmnP8qmPsCTX+7099+JN5C99jkUAWOj3t9cYERUKuMnd8RXPv7iIQkXRfG/Q6vRt2pLEnx8czKRXVlG5Kq+6fSY99Rr9Q3fx9CNvkEMM9z83mR7GvTw78UX2EsHd05+lu+s7pix1/n7fA/IPZPDOlDfIrEuZNd6nrfEjmHxLV4qO2Im2RgJuDmSsZk9oLwYkef/O3bqUya8sqeUaOfVdPfsIO3wvrZdP12v155z3eu2GuxRCQ43k71jIxE9K/Ho+iKqZQ1p4/+F2Y3OeJHPLBnYSwfRRF8PJbAqADm0TSeoaTQfzQZZsyKX7qIe45+pkLHpw5GWTVRZKotXCjk9mMCuzF889dS36nB0cMnUk2WrBG0ssYloVzZNhZ+Sd/oOZB194mC6WUvbtdxCfZEWP97t/88lZ1V5XNXXM79u3LxEREbRp0+Z0QFZQUMDo0aMpKioC4L333uOzzz4jIiKC8PBw/vKXv3D06FEKCgr47rvvNH+WmpsvExJi0eNm05fpZ72nbJnLhPEPMXddLuFpDzB+eAqW/F2kz53H+j0niUsdzcw/paGqfXh00gjiouxkLJvHwjU7MFlTGD/9YaxqHx6dMByrIY81C+exIrOISIseY5i50j2wK5OfGktSlJ316fOYt2wremsKE164n3BVxdq9D4MGpdGvVxv06Inp1Y+0QYNI627V/KGU27J0FYcADO0YNWk227dv5tuJKWSueIdRd09jj6Lwl4/fZVTPWAyuIg4cKsAQGseYGW9yf6LK9NeneAOyokPszj6EyxBK10H38liKSkhYa0INJiLaxdHaBFDM7uKrmD9lBLGhBuwFhyhwQURsKjMWvMzv4zpMdOzWkZOHjuECIuIG8fT063w+tqoEWSxExcZyeN0yVmTkYolOZviQLuxbt4w1O3IxRiUxbHBXVHUQj4wfQqz+CMvmzWXesgxKQ60Mue0urKrKTU/dT2psJNnrlzFvWQaWWCsWo4UgMwx+8CmGp1jJ3bqCuXPTybZHM2D841wfr9Lvwb+QGhtCRvpc3pq3hnyLlSH330+86lO3x9P2b8vEQRSX9vc2iSQMTiWSPLb8dITy3yN3PjuB1LhIdqxZyNy56ezKM5CYdgOjrCrmkAgsegtRkaWsmDeXZVtziU4ezqN39/B7WV2AIciEqoYTHh6ONT6NPw5KBErZm5lzRsrB1X72MTt3UeDWk5jan3BVRVXDGdg3CX3pEXZU31WiWoWrXmHZnlJCk0bywgv3E6t3sOaNU7VFwIjJDzMgKdr7Xc5bwQFXFGljH+bWLipGcxj6sBan8zKHRGHUh1G5xa+8huTM307mkHCM+jAs5WlbRRCpN2I6I2iNjLSzZuE81uzKw3rqO1HVLjXeG+rCAOxKn8eOIohKucnbjHlGYWva56FDpRijutIrBojpRVK0BX1kAr0TgIhUusdasB8q5N57h2N1Z7HwrVdZuC6byNhe3Pvg4DqVV+t9uvzcjrY6WJOeztZcO7G9hjCgQxlr0pexK8+NNWUg11vVWq6RU99VnUpbkZbrtaZzzntMRkJDT7JrzwH27Xf6/XwQVdu7PoM8AH0UA8ZMYu7cd3jt5kSy/7eUqc99RK6i0L5dNKEWC6EtQlD7/In7h58KyPKPYI+MIyk2Cr3eQnhEBBBEqFFPVFwKydFu8ovcgJG4VO95V9mZeQOEWCwYLVEkJlk5mVeEGwi1pnDnuMuqPQa3++xeruWefvppJk6cyJgxY06/9umnn6KqKmFhYYSFhaGqKp9++unp98eMGcPEiRN5+umnffostdeUnWo2KDpVY6Oq8UyePYXE01ejm13pz7Kra0cgl3cemckGRUFdm4Hl5Vmk9O5Lr2wbVmDHvJnMXpULrGIf05g0oBNX3W7GCmyd9xgfrVPgy1UYZrzDgKiKN2zL4MEkGiFv60pW78jFTBb/TUhgeFI3hiUkEHf/eBLPqIVMGTGWFIDcFazbssCnD0fZ8y5D7nQwd8afSImNwICBiNiujBg/g2uGXc7Nw35kWDdvLdimj59i7Is2Xl/zKv1at6bvtd154/XplPTqTF7GGo52uIYH/9iO1gZHpWr4Y7x/5wBeLOnIPU+8iwmwZ6fT6/qpqH0f4t9P9ONkpSfq7sUPMWraKh5a8D13dQ3Fmpjo03FVR28A94EVPDt3Map6kIvfH09U9len/t5L0vsTvAkjclm/bh3OrV+TngVd4438lteL5MhwIriM7nEWHNnLmPb2YgCymMqU4TFAApd2iYSiXSxduhF7OCz98kImjE6hW48EMvQGQE/bhARarN/I3Lf2EWU/eDoI8IUBsOds4peuySRfejksyaJfzzjIXcH3xzowwHsg7NuyhjX/28OH6T+T0DWevYfySYoOPbPSiox3HmPBBgV15TZiXptFSvcrafOb/8oK3uAkdsgE3h9S8fXcjP+wJFfh+vIXavzsN7NiYx7jU7sxLAHmM5ieUZC7bkWdy7Voxqd0f3cs1igLR9bP5aNMbz6q2odLEy24D6xg8ive62ptppM5M4bTo/9gvL8Lz2zg8/5bWxNUpbRV1HZnvPMIH21QUJdn0Pq1WST3HELyAVsN9wZYUMc++SYymfnmOuZMSiNt7MN8PeXn00cWUcP9qN1n3+BIHUK3XjF840jCW9dqIbFHAhEl3QnFwQ+rdxHXE7BE0jGxA+vWfsxbe9tjP/hr3Qqr8T696NRfGW89xkcbFMIdScwancTWT5/no3WFhDs6Mmv0BVjMtV0jvnyv1dN2vV5W4zm38dRvl4y5zzB7XSHhgx5glg/nw9ChQxk2bFiF15YvX86XX35Zz6M79ym5X/LIdCePj7uOxOhQ9OgJjY4jbcR4Lr8smamPzcF5xtCeEQOS0QOO3HWMnzwXVR3Ec++OIfqMZ7c3dR4LH36E5QU9mD5nArHGCg0KpzkrDRsq/+vAin8ydUEmo6a+wfA4C5Ht2ld7DDUFZVWxWCwVptHQ6XR1aq6szMcpMSx06BIDubnAcf733XoKWoDTEktqSmyFX7Llg0AVpZDdR0pJCYOgEDPg5lBWDuC9uRec9N5xvbGvm6MHf9/byRI7Z1QRARAa4Y2Eo1JGMyXlzHeKcLKXN6ZOJoQSSqKv4/kJffnu1af5/AiElPy+T61Srr2Dq7pY+f7lUYxdGc7g0UMYduN1DOraDkPsQG4ckX+643XPu15ix12/bxtz8R8w04vhQ1OJGDGq+p0U7WPNFlCUPZhPzV3nOOm9oyrfvcSo4S+d+nzKD7aIjM9XAgp2l/ckcvh0VDXQQ/7h8lqZo5S4gezygLCQEre35UYpzKTAMIqbJsxgxJnbl7qwJcQRBeRk/t50sjfzAO7hMQS17ESkETAmMX7KlAq7jkhIZvnMuXR8diwpyWmMSU7D24TyFds2763TiDG941dWbM0jObUrfayDSI6GPQuXczzo/lMpCvj1KAy7eTzvVzyQCg+ZopPe/ytKIbtzSklJbEHmi3OJ8WdZgbwda1jz80mMxiCCKGHvjvVsyarUHFqws/rPHti57DvuSB1Bj4GXke3qjZEivvtsM76e++UUZR3f7RnF6CQ9m5at/T2fmGhCgf3bt/2eOCeTfY7hxLdtXa9uA1Wp3H/rzO/k55xSkhNNtIrw3tGrvjfUQ1AESuZc5mV0YmyvZCbcG3T6pt+qpvvRkY1klQ4hvls/hrk6wJEd7NAn06nL5QxzXQClv7B2717WzlvDxJsHkDJgBCkDRoAjn/WLXmdLnQd2arhPOwEcHD166jiMeqCUnF8LAIVW3pZxnBqvEX+o9XptWcs5l+Mt19HyY6jxWXG28uCrPDCTgEy7+D6D6B3Xmu2fTmHm5hB69OvFZf370isuCn10T/olzKH0jPRBpzoGGPXlV3YmR0shOrRSxqX5/FIAUEiJCzD68gOglO0bdwIKzlPPypr6gbpc1b87Y8YMOnbsSHh4OEOGeH85Dxs2jM8//5wTJ04A0LJlywpB/VdffUVRURG7d+/WXGLwISjbu2M3pSMSSR52C/ErXyRLKWTVgrdZBajh19NzViwAQVWMYGgbaQEMGIMA9ES2j4BTDxvzqTYKPWe/FxZiOmvcvLPE+8Ke9Ok8e6pTtLX79QzvaSHzOBQW5lIIqLgwYsRVmENhrkJhHR5Kl4++lzHdQuG6i/ll5e2sWrSHlXtasenDUZhwwL5M8lwQaoBN70/mH2vyGXLjzSRH5vP9p04mzk4lAheb5j3F2Jn5fLJpNl0rN1sbz55F2BjmHWakJj7EivkjIfcX3vnTq79/Bj4fiTYGoOyMqNgAuMvsFf4GsA59jDGpceTvWceb6WvZkpnFrdPeYUg0sDeHk0B0QiLgDcwSusSiB5wn9lHkhqgjaxg7+SPvMYZ3587RKeRtyiChXypH/zeXu9KzuGzwYFKvvJLklMEMS1hUp1oOQwhsXr0ZR+oQRt4/jEjySF9eQMjph0sP7h07gOjSA6S/9QkZP+yEEZOZMeKCM3KpeAK2j7KAvRhLvwT/lhUo2vs9X35Z88Ythz1e/WcPKLlL2JR7LWk9RzKSKNwH1vBlPacRMJZ3gD3zF2pOPqVAh0u6wan+a0RcQJQR8g7kwKlBUOWxmc2X339Bhooblzgrbe2g7NR7qhpOxxgL2O2UlHhfq+7eUF9r33iVni9PIzkpCYDD2LDVeD/ay9GdeST1GshA9OSu+S//NbQhOW0AQ4Aj6zeRQwLDYuDrNx5kZUE8w/pdxuCBvUi96SZWr5zpcw2n1vt01Qxn9ZfTdo34R63X64lazjniKhxDzd9N1WU4MwiTgEy75AE3MCTRAn3j2HffDLasy2XzwTDmTBmAsYpQ6GhBKWDBTSjhqkpBQi/aVw7IGllNQdkXX3yBy+VCURR69+5NeHg4rVq14q233uLrr78GvLP7t2rlfXYXFhYydepUVFXFYDD4VIOm+U6pZC3m0/XdGZuazJTZz5GxYRO7D5XQLu4SuvdOwgi4nDY2b9vH8LhExj51N3y8lrYD7yItGop2ZPDNSifXDI+j15hHub7oXfa06sc9Q2LBfYCdH68hflAive78G2NDvsbWeRADrHoqhNcYKF2+hiOjk0gcNo5b8z9ko6ML4+4ZTrQ+j1/mzP+9QqAkm4wdGWTX42b8+sJvGd9tGIR2Y/aW9Rw6ZqN1u9beD811iMwtn0PWVOI6mug58l4e7ljGpakdve//74VTp6KB6"
20:58:37.187 [Forwarding screenshot on session f38f5520-bd02-11e6-b34a-8d0186b048d8 to remote] DEBUG org.apache.http.headers - http-outgoing-0 << HTTP/1.1 200 OK
20:58:37.187 [Forwarding screenshot on session f38f5520-bd02-11e6-b34a-8d0186b048d8 to remote] DEBUG org.apache.http.headers - http-outgoing-0 << Cache: no-cache
20:58:37.187 [Forwarding screenshot on session f38f5520-bd02-11e6-b34a-8d0186b048d8 to remote] DEBUG org.apache.http.headers - http-outgoing-0 << Content-Length: 52814
20:58:37.187 [Forwarding screenshot on session f38f5520-bd02-11e6-b34a-8d0186b048d8 to remote] DEBUG org.apache.http.headers - http-outgoing-0 << Content-Type: application/json;charset=UTF-8
20:58:37.187 [Forwarding screenshot on session f38f5520-bd02-11e6-b34a-8d0186b048d8 to remote] DEBUG org.apache.http.impl.execchain.MainClientExec - Connection can be kept alive indefinitely
20:58:37.188 [Forwarding screenshot on session f38f5520-bd02-11e6-b34a-8d0186b048d8 to remote] DEBUG org.apache.http.wire - http-outgoing-0 << "E5X8vq/u50KyIJpH1ux+q/F6f2t54/dhmGKG8X3X/fG1qIdrU0GiHSw9Qj4ZxGH2mgfz1527ABZOTaGjp3KkNjy72otG/fczPCkEUz9UxDr89tww/A4vG/uZM9+B3Fx/XjyjkN88v1xBt5+D6lxFnZlf40xdTBD4q6mDe+wKCOTxEvTAHDWudbFDHvX8kvREJKtkTiyV7BOUYg/9W4QoRgBSo+z5+ccIvrdydgR3n5cv4fKevqNfZxDc5cSdPktpEbBkfXriek/1s9lpep6+QoMlNfRVP3Ze33930zSxiQTBWxd9Xk9ClSpeGf8W1HWsTP3TgbEDuSxW4+xdJeDwTePIBLY+suv0NIF+gu46abLWHc0kduuLT8HKipvrTjzyI8fLQTiSL3rTvam7+GyMcMwVtjKyPAHH+fom0sJuXwUKaFwZP1aMpaj7d5QR4qSy4uvr2b2lCF4f2aayVm+tsZ9rv1mO3f2GoAeN7/+uJnNpp6406LR42Dn92uBy+g3ZADRfeMIeuNjtm3Lpu/AXkSWFFGXW5fW+7R2Wq4Rf6ntel1b8zkX2bdCbrV9N9WdDxKM+S59zVZGJKaCJZFJ784mL99OZFSk9/p2Hyd7b8VGr20/ZUOvKPTRvXhx9mu4LaGVrvFTGnF6+5qaL8uDqkcffbTCtBctW7bk1ltvPSt9eHg406dP5/nnn/e5HD4d8rq3J+MofoDR/VPoNWA4vU697i49QsaKdGYvyQKeZWHMNEb3SmPCFO+DqujAema9uBxFUXh5biyP3JnGiAmnmq9Kc1n2xhQ2KAo/TI5k+uMjSRs9Bhz55Dsg0mA4dcN2gb2YAn7gH2/F8bexQxgydhJDANz5rJv7MuvO+FWpFG5g9ksbqM+dWFn6OJMTQ3jw9n60NoTSrp03lHcVZPPxkyNZqih8PvIJ4pY/TWpsLKmp3nJmr3qDez/6kDu6j2TSoDhiew4iliKOFdhpHWGi2/BrKck4Vd9V5qT4jP091aUNU8f0JLSddwSkqyCbd58cz266n6q0+f3EOVlSBkRgK6vntACu3/9nqPRyVX/nLF/KjgHxJKeOYVYqQBG5uUVYrW1JjoFFM54kePJTDEgdThxuirw/igCY//QrtHn2flIGjGGKt6MIuRnpPLcqFzVzEd0ev4WUEeNJGeE91ux1H7K4DpOEugCX0/sgXb8ll+Q0K5nrzxwubafUtpa1GVcxulcKk2bNArwjRd2xVhJ7dGVjeZVkWBJjJnlrR/Kz1/HqnB/IiWnht7KWl7fWFPZi9i3/qsbPPisXclb+l9wxyVgde1i5tqDmKSY0cJy6WZVWepZ/+OQbtH7uHpKHjCFpCICDXSve4pV1uagHV3DZYyNIGT6eFCA/9whua+hZD3LbqXP6zKwL1i5i3aAE0hIHMGHSACjKw4F35J/Ncer8tyQxtvw72bOGf8z5AUVRNN0bfOE9j34vnZK1gHfWJDJhgHeyHEXZUPM+d37PntIBJBn2s3UnwA5y3anElv7C6p3e7T9M7839I1IYPWkKowEcR1j20bw6T/Kq5T5tHVpxUg/v51rV3zVfI2tLztyu7hOFaLteIb2Gc67yMdX63Qi/UTa8zVvtLYy+OoVIvYWoU6Nd3UW5fPWm9/le3i/WXlxC4brZTA+5j79c041ISyiluQcoiY4lUg/FBQW/Z+w6I1Cq9Pyrir245Iy/fk9bYrMDobhd1bcz1danrF+/flx11VWn/y4uLqZFixYV0pz52lVXXcXGjRtZu9a3aTp8ntG/nDU+3hss2Y6TlXt2UKCGW+kaE4GtYCdZlR5UqhpOQtcYzLYCMrO8A+FV6yCmP34V2fOfYe6GQlQ1nAdfnkUKGTw48Y0qb1DxXbpgttnIzGr4WbVT+valBVB8ZDdb9xw96/3ElL5Et4Aju79lz9EzZqROTOGKaNj97RbNc4qpaiJXXBENxUf4busefx2C31njuxBBxc9fVa2Me/YRYn9LZ+rb3lnQu4+dwYS0KFZMH3d6fqTw+HhizGYKcnaSW6l5zRofT4QZcnbWrX+Wr1RrPF0jzi5L/PVPMmVEDOmT7+Mbc1da2c4+lxu7rL/v9+zPvpwaPpSXZ42GjLk8NLvhV2rwfpdVfwbeazSHzMp947Tka40nJgIyM6u+vuO7dIGCnCrvP415b/DHPqu6J/pDbfdpzeWr5hppKjWdc1VpivPhfBXfpQtmwFbNtQkQP/QhHhtxISfz8/juw6dJLxjGc9NGE60vZVk95hatD6vVSm5u9deewWDghRdeIDk5mSVLljB16lQmTZrE7bffDsBnn33G008/zbRp07j++uvZtm0bjz76aI3NolWpc1Dmb2r4IF6YNYYoSjmwJwdj23iiQ/Vkr3iVaQu2NHXxhA/umPEOA6x68nOzySOCRGsk5GUw+ZE3GnWJrPqKHzWVKcM7sGL6HxtsUmR/UtVw7p4+nbTYUKCI9Ml/ZUkDL0UkhBC+UrvcwZxJA85usnTs4Z/jZtRtjr56atOmDUePnl3hUk5VVRwOB1dccQVr1qyhRYsW3Hjjjdx/v3cgygcffMCHH35IcXExAwYMYO3atZjNZhQfj0UfHR399/ociL8o9ixW7CnhQms72rQMB9sRtq76iJcXS0DW3Gxb/RNBMVaio1sSqnNwcOd6Zs94j/3NKCAD8Jhak9CmjJ3/28C+osAvu6LYibqoF7EtytiydC7zt+Q1dZGEEOIsyrHtZOZbiI4w4nY4sZUUcSR7Mx89/yo77E1zrzWbzZSVlVX7vqIo6PV69u7dS0iId2Rv69at6d+/P+Dti5iVlYXRaOTXX3+tU0AGAVRTJoQQQgjRFMLDwyks9K2Jv6ys7PQ2YWFhTTFPmRBCCCHEucXXyWMBgoODCQ4O9ms5NC+zJIQQQghxLvK1Q35DkaBMCCGEEOe1utSUNQQJyoQQQghxXnM6G2qtHN9IUCaEEEIIEW8cvJwAACAASURBVAAUytcCF0IIIYQQTcagqhKTCSGEEEI0NWm+FEIIIYQIABKUCSGEEEIEAAnKhBBCCCECgARlQgghhBABQIIyIYQQQogAIEGZEEIIIUQAkKBMCCGEECIASFAmhBBCCBEAJCgTQgghhAgAEpQJIYQQQgQACcqEEEIIIQKABGVCCCGEEAFAgjIhhBBCiAAgQZkQQgghRACQoEwIIYQQIgBIUCaEEEIIEQAkKBNCCCGECAASlAkhhBBCBAAJyoQQQgghAoAEZUIIIYQQAUCCMiGEEEKIACBBmRBCCCFEAJCgTAghhBAiAEhQJoQQQggRACQoE0IIIYQIABKUCSGEEEIEAAnKhBBCCCECgARlQgghhBABQIIyIYQQQogAIEGZEEIIIUQAkKBMCCGEECIASFAmhBBCCBEAJCgTQgghhAgAEpQJIYQQQgQACcqEEEIIIQKABGVCCCGEEAFAgjIhhBBCiAAgQZkQQgghRACQoEwIIYQQIgBIUCaEEEIIEQAkKBNCCCGECAASlAkhhBBCBAAJyoQQQgghAoAEZUIIIYQQAUCCMiGEEEKIAGBo6gIIEchK7SoHTqgcKfSQX6JSZAOHS8XjAYMeTEEKYcEKrVooRIcrxETqMMpVJYQQog7k8SHEGQ4XqmTsdbP9gJvMHDeHC1Sfttcp0CFKR5cYHd066OkVryfcojRQaYUQQpxLFFVVfXvqCHGOOVaksnKHi/9musg66vFr3grQ7QI9gy42cGUXA+Ygv2YvhBDiHCJBmThv7TjgZtFGJ+v3uGmMqyDEpHBNdwMjLw2iVQupPROBY85PC3l758Ja02XcvLgRSiPE+UuaL8V5Z+dBN+9+42Tbfnej7rfErvLpBifpm5zc0CuIMalBWEwSnAkhhPCSoEycN44Xq8xe6eCbn11NWg67Cz75wcmK7S7+epWRtCS5DIUQQkhQJs4DKrBiu4s3VjoosQdOa/2JEpWnP7PTv7ObiUONtDBLrZkQQpzPJCgT57RSu8oLyx2sbeLasZp887OLXblunh5l5qJomTpQCCHOV/IEEOesnBMe7nvfFtABWbnDhSoTPijj218Cv6xCCCEahgRl4py086Cb+9+3ceC4f6e4MBkgIkShdZhCZ"
20:58:37.188 [Forwarding screenshot on session f38f5520-bd02-11e6-b34a-8d0186b048d8 to remote] DEBUG org.apache.http.wire - http-outgoing-0 << "IhCkN5/edtd8PS/7SzdLIGZEEKcj6T5UpxzNv/m5m+LbNid9csnrrWO7hfq6RKjo0OUjvaROkyV5hlTgWKbSs4Jlb1HPew86ObHbDd5RXXsu6ZAsLF+5RZCCNE8SVAmzinb9rn520Ib9jpWNrWNULj6kiAGJxtoG157x3sFCDUrJFkVkqw6hqcYUIGfczys2OFk5Q4XNo3BoaLA49eaGHSxXJZCCHE+kru/OGdkHfXwt8X2OgVkF0TpuP3yIPp1NqCvZ6O+AnSJ0dElxsQf+xv5LMPJoo0uyhzV155JQCaEEEKeAOKcUFCi8uRCG6U+TnkRbFQYmxbEiJ5B9Q7GqhJqVvi/K4xc0z2o2jnSJCATQggBEpSJc4BHhWnpdo6d9C0g6xKjY8oNZtqENfz8YK1aKEy5wcQVnfS8uNxB6alaMwnIhBBClJMngWj2Fqx3sm2fb0smjegZxJ8HGTE08vjj/l0MXNRWx+SFdnLyPRKQCSGEOE2eBqJZyzrq4cNvHT5t88f+Rm5NDaKp5s9v31LHq3ea+TnXQ5+L/DinhhBCiGZNgjLRbKkqvPylHZcPU5GNG2Dk5j5BtSdsYOEWRQIyIYQQFcjksaLZWvmTi8wc7RHZyEuDGB0AAZkQQghRFQnKRLPkdMP767Q3W6ZcoOfegcYma7IUQgghaiNBmWiWVu5wcaRQ22jLsGCFJ683oZOITAghRACToEw0O6oKCzdqX0Ppz4OMtGohEZkQQojAJkGZaHa27HNrXmi8S4yOwTLlhBBCiGZAgjLR7Hy1Tfs6Svf0N6JIJZkQQohmQIIy0azYnfDdbm1BWZJVxyUXyLQTQjQbqsf7nxDnKWnXEc3Kln1u7Bq7k93Qs+kmiG1W3G5ce3bh2L4Z155fcOccwHPsCGppKarDjmI0oVgs6FpHo2/fAcNFnTB264Hhok6gD4CgV3WhFm1BzV+HWrQFyvai2g6CuwjcpaAYwBCBYrJCSEeU0O4oEVeghPX0vtfECktVNmW7+emAh71HPRwu8FBYquLygEEPkRaFmJY6OrXT0StezyUd9A2yTmtjUm1lOLf+iLP8nMs9iCf/OKrDO6JaMZnQtYzynm8dO2Ps0Yugi1MC43wTogEpqqr6tmCgEE3otRUO0jfVHpWZguDfD1gINkpYVh3Xr79g+/Jz7N+swlOY7/P2uohITP0HYx56HYaEjg1QwpqpRdtQc+fiOboYHEd9zyCoFbo2N6LE3IMS2t3/BayBqsKGX918vtnJpiw3Hh/uwi1DFK77QxA39DTQwvz7+f1Npotvd9e83NiFUTru6Hv2XH1zflrI2zsX1rrvjJsXay9oZaqKM3M7ZUsW4/j+G1S73afNdRGRmK+6huAbbkEX1bru5RAigElQJpqVce+Usfdo7c0b/TsbmHKDqRFK1Pw4d26n9IM5ODb/z295Gv/QG8td4wnqfLHf8qyOWrgBT9Y01BOr/JanEtkPXfzTKBGpfsuzKiqw8Vc3b//XwW/H6tdMFxqscO9AI1ddYkAB3lvrYN73Nf9g6dZBz0u3m896vaGDMufPP1Hy9ms4t2+p0/ZnUoKMBI+8Bcvtf0QxB9c7PyECSdPX3Quhkd0JWRofZN0vlGaOyjyFBZT862Vsq770e96OHzfi+HEj5sHDCPnzRHRh4X7fB8483LsnoR6e5/es1fy1uH/sjxJ9M/qOL4HR/zUxJ0pUXl5uZ/2emmuztCoqU/nnF3Z+zHYzaXhg/gBR7TZK5rxG2ZJF/svT6aD0kw+xf7OK0MnPNMoPASEaSzPvmSDOJ7/ledBar3tJBzm1z+Tcson8P93WIAHZmWwrl5M/7jac2zf7NV81fy2ujX9okICswn6OfIprYw/U/G/8mu/WfW7+9HaZ3wKyM63Z6WLKIpvmvpaNxZ1zgIL77/JrQFYh/8O5FEwch+3rLxokfyGagjy5RLNx8IS2WjKjAWJbyqldzrZ8CQWP/QXPibxG2Z8n7xgFj9yH7aul/skv933cW64G+yG/5FcrxxHcW4biyXnbL9mt2OHi0QU2CkobrqfIpmw3i/8XOFGZ69dfKJjwR1y/ZTXwjlwU/XMaZf+e37D7EaKRyJNLNBtHT2p7qMW01MncZKeULZpH0UszwNPI0wx4PBS9MJ2yfy+oXzb7X8Hz8zhQ/V/DVCPVjWfX/Xj2v1yvbL7c5uK5pXbc59EsD67f9lIw6T48hQWNts/if83Ctjy90fYnREORPmWi2dBa0xAd1vAR2eOf2MjIauRA4Qz/ftBChKXm47R9+TnFb73SSCWqWvG/XkYJDcM8ZLjP23oOfYBnz6QGKJUPZdjzGBgi0Vnv8nnb73e7eXGZbyMMmzvPieMUPvEAalFRo++7aNZM9NZYglL+0Oj7FsJfJCgTzUaJTVtQFmI+96vJcvPVGoMy588/UTTrH3XOXxfZEl10OxSTGdVuw3M4F0+B79NmABS9NAPDBXEYOnXRvI168n94fr6vTvsDwNQOxdwBdBbwlKKW7QPH4Tpl5dl1P0pIJ5TwyzRv89sxD88usVHXBsvWYQptwnQE6aHUrnIwX6XUHuAD5VUPJ/8xBc8x36cnUUwmDJ26om8f6z3nSopxH9iHc88ucGlcwcPj4eSMyUS+swBdeKTPZRAiEEhQJpoNl8aKqeCzp2E65+QVeaiu94FaWsLJ6U+C27eaPENCR8zDR2Dq0xddm7Znve8+cgjHhu+wLfsPrqxftWfscnFy+hNEzlmAYrFoSH8S947bQPWtj5QS2gMl5o/oooaDyXp2AnsOnmNfoOa+g1q0TXvGqhP3T3dg6L0ZDGG1Jne64Zkldmw+dvHq1E7HtT2C6HORnsiQigG3qsLeox5W/+Ri2VYXJQEYoJV9/m+cWzb5tI0hqSuWUbdhvCwNxXT2CFK1tAT7NyspXfAB7kM5tebnyT9B8avPEzal7j9IhGhKEpSJZkNrPzFfJuJsrk6WVf9eydw38RzVXiukax1Ni788gik1rcYPWR/djuDrbyL4ulHYv/svxW+8iCfvmKZ9uA8fouTDObS498Fa03qypoFtv+byY45F3+lVlKhhUNMaDqYYdO3HQ/txqMc+x/3Lg2Cv/UEPgG0/nqyn0HWsvY/ZJz84ydYwl165NmEKD1xtovdF+mpLryhwUbSOi6KN3JYaxJz/Oli+VfsasA3NU1hAybuzNadXQsMI/eskTFcOqfGcUywhmIeNwDRoGCVvvaJpJKd97WocQzdi7Nlbc3mECBTS0V80G0Eapx4rczRsOQKBzVF15One/xtl6dqnIDD2uoyWc+Zjuryf9qhXUTBdMYDIOfMx9rhU877KPvsE94F9NaZRS3bhOfi65jyVqGEYem9GiRpOjQFZxa1QWl+PofePKC0Ha96X5+CbqCW/1Jgmr0hlwXrtJ2CveD1v3xNMnxoCsspCgxUeHmbiietMAbPcUtmnH6KWlmhKq78gjsg3P8I04CrN55xiNNLir5OwjL5DU/qSOa/IGpqiWQqQS1qI2rXQ2FesWGPfs+bMVc3zpnTB+5ofRqa+/Qmf/iJKaGidyqALCyf82ZcxpqZp28DjofSTD2pOsu95zeVX2tyI/pLFYKjjRLVBLdGnpKO0vk5betWN57dna0yy4Acndo0VWH0u0vPMTWbN53Vlgy428LcRpiZf31UtLaFs6Wea0upjLyDipbfQR7er075C/nifpiW9XFm/Yl//bZ32IURTkqBMNBuV+9lUJ7fg3A/KdFVcuZ7jx7Ct/krT9oaOSYQ++QwY6tmDwRBE2ORnMCQkakpuW/UlnhPHq37Tfgj1sLYpNJSwXui7flD/BcWVIPQXf4QSmqIpuXpkYbXzpRXZVL7cqq0jWXwbHVNuMGOo58ITaUkGbq9iLcvGZF/zNWpZaa3pFHMw4dNfRBceUbcdeTw4Mn7QXLtW9tkndduPEE1IgjLRbESHa7sZHy7wVFuTdK4wVRGL2FZ/rW0+MkMQYU8+g2I0+qUsislM6BPTQa8hwnC7sf93RZVveY58om0+Mp0JXdcPQOenpYV0wd78FA3BjerGc7jqiUrX7HRpqiXTKfDkdSbMfoqlbu9r5MLWTXcr1/pDIOSu8ejbd"
20:58:37.188 [Forwarding screenshot on session f38f5520-bd02-11e6-b34a-8d0186b048d8 to remote] DEBUG org.apache.http.wire - http-outgoing-0 << "/A5f09hPqWffMiJO2+g8G8P4fq15ibkcs5tP9baXC5EoJGgTDQbsa20na5uD2T50NG6OQoxnR2g2tdqW6A7+IbRdXo41sRwYTzB147UlNb+zcoqX1ePaFvsWhf7FxTLRZrLpoUS0hld+3Ga0qpHq26qW5OpbbTr8O4G4tr479Zr0MHd/fwTYPtKLSrC+dP2WtPpWkZhvn6UDxmr3mldnvs7x2++hpJ3Xsd92PcVHcqW/cfnbYRoSjL6UjQbsa288zY5NTz7tu1z07Ftw/3mGNEziL6dtF8+1bW4VH45+5iHzzJqbwKLqDxlQnERrt27ai+IXo9l1G21p6uD4JvGULZkca19wpy/ZKKWllacHsNViFr0Y+07UQzoYifUs6RV03V4CM/Bf9VafvXkJnDlg+H3ubCKbSo7D9Z+YirALX38H0ClJuppF6FwqJGb7p0/bdXUB9A87HqUoNqPW7XbsK9ZQdmSRZprxGrijzyEaEwSlIlmw6CDTu30/KTh4bcpy81NvRuur02fi+rZGagan2/W1iepTaVVC5yZOzQ9HI09LkXXqnWdylYbfXQ7grp1x7m1luDK48GZuR1jzz6nX1ILf9BUfqXVEDDVrZN4rcyxKJFXop5YXUtCFbXwfyitrjr9SmaOB1VDPHTJBXraRvi/a76iwJVdDMxf37jrXzp3/6wpnenyfjW+7z64n7Kln2H7eilqcT1XAzAEYeo3kODrRhHUJbl+eQnRyCQoE83KJR10moKyzb+5KShRz6pRCnS/HtYQmCjQNrxiLaB7X7am/I29L69TubQyXppae1DGqfKeGZSVaKjlgwqBUENQWg3REJSBWryjQll+PaKtubyhgnmAnnH6Rg/KtJx3islU9YhJtxv7xu+wLVmM48eN9S6LProd5mtvxHz1degiZEZ/0TxJUCaalUsTtD14PCqsyXRxY6/mNb1/Zk7tD/eYSB3GSleuK+eApvx9WeqoLoKSLtaUzn2w0uSwpXs0baeE9fS1SD5RwnppS1hWMRjJOaEtKEtq13BN6okNmHd13Idza02jbxdTYbiwJ/8Eti+XULb0MzzHjtSvAIqCsddlBF83CuOlqVUPSxaiGZGgTDQrXWL0RIQoFJTU3lb0WYaT6/8QFDATbNbmeLFK9rHaH+4dq3j4qoUFmvaht7b3uVy+0Jq/p1J5VWeepu2U4ASfy+QLrfmrjorBxPFibX25Ylo23MloMSqarw1/UU/Wft4poWHejvuZ2ylbshj7utXa17OsIc/goddjvuaGBj+nhWhMEpSJZkWvgys7G/jPptpryw4VqKz92cWArs3jNP9+t7YHVdeYKoIyDfNEAehCa1+7sT4UjfmfVV63ttngMdRxjiutglppS1epvFpXkQivYRF5fwgzN3JQVmarNY37UA7548f4tl5qNYI6X4z5ulGY0gZWuVamEM1d83haCXGGoSnagjKAd9c66NvJcFZzXyBauUNbUNb9wir6JWldfLyBu9gpWuYqg7NrSlQtx66A0sDVnorG8leaT82jpZc/oG/gz7/xa4VrP25P3jHNa6RWRTEaMQ24muDrRmHomFTnfIRoDprBo0qIihLa6EiO1bPjQO2ByOEClU83OLmjiWc9r82uXI+m/mRtwxU6RJ395FWCLVWkPptaZqs4FYWfeTSuf3hWGfQhGrZSvTVUmtLWkfuktnS64Ap/Bhk0zjLvULFUMcecv5RVsyZqg/HTBMRV0cfEEnzdSMxDrq3zUmBCNDfNpLeNEBXdcpn2IOvj7x2aR8c1lffXaWv/6tfZUGVllxKiLVBxHz3sQ6l85zmibYJPpUWlh6zG9StVm7YBDXWllu2vPRGAsWIzZ3iwtkDr6MmGC5pUVXvfNn/Rhfm5OVnRYbq8H+HPvUbL9xcRPPI2CcjEeUWCMtEs9b5ITyeNo81cbpj2HzuljV2LoNH3u91kZGlrfhx8cdWV21o7Ozf0ZJquX3drSle5vEpwvLYdFG/ztUg+UTXmr5gvqPC31iXAGnKliZx8j6aJlf1JF93WP/lEtsQy5m5azV9C2NP/xPiH3g3fVC1EAJKzXjRLCjB+gPamk5wTHqZ9Zg+4NTGPF6u89KVdU9qL2+urXZ5H67JJzq2bNJetLhxbMjSlq1xexVLFPFZVUE+s8blMvtAyRxl4l2U6k9a1Jzf/1nBR07b9jX9yGzrE1Wv7oEu6E/a3GbRasJSQsfeiax3tp5IJ0TxJUCaarW4X6OnfWXu3yIwsNy98YccTIBVmZQ6VKYtsmkfLje5TfZOtobO2mcvt33+D6tA4VNBHqq0Mxw/fakp71kzr4b01bec5tgQ8tY/4qxN3CeqxL7SlDbu0wp+drdpupd/tdjdYbdZ3v9Rvmom6MCT5Pu+dEmwh+LpRRL6zgIiX3sLUfzAYArvPpxCNRYIy0azdP8RIqFl7x+mVP7l4Jt3e6M08lZXaVZ5caOeXQ9pqNy6K1pGaWP3IQH3bdujb1r78kFpUhH3lMs3l9IXty881Tc2hj4k9q0ZEMV9wVpNglZwn8ByeX9ci1siT+z64a1/iRzFfgBJcsawdonREhdZ+HhaVqaze6f/g6XCBqrkJ3J+CLulR/cKulehjL6DFA4/R6tPltJjwKIYLG3bOOSGaIwnKRLPWMkThwaG+jQBb+7OLxxbYONGI8zmd6dhJlYkf29i+X/tDdPwAY63PPuPl/TXlVfLhO5rnNdNKLSmm9OP3NKWtbh1EpfX1mrb3ZE0Hd7HmsmniKsTz20xNSb3lrPhlKMDlHbXV2n74rQO7n1dD+vh7h6a1N/1NFxZOUNdumtIaLkwg+NqRfh396zlx3LvuqxDnCAnKRLPXv7OBa7r7NrvLtv1uxr9Txubsxq1d2JTt5t73ynwaDXplFwM94mqfP8s8aKim/DzHj1H85iua969F8esv4CnM15TWNLDqcirtxmjbmT0Hz69PaC2aJp7dD4ND25I/1ZXzqku0nYNHClXe+cZ/Tcg7Drj5alvjN12WMw+6WlM6+7drcGz83n87drs5+Y8pFDzwJ0rmvIpq19Y3U4hAJkGZOCf8ZYiJLlXMdF+TEyUqkxbYePZze4PXmp0sU3n5SzuPLbBRUKp9X61aKPx1iLaaQMNFnQjqrG3tSduy/1C29DPN5ahJ2WefYFu5XFPaoK7dMCQkVvmeEpqCorVv2cG38OS8q7mMNeZ14A08hz7UlFYJ740S2r3K9zq102k+Bz/LcLJC42TBNTlerDIj3a5hCteGYxpwNYpF25QsRc9Pw+OPaVlUlaJXnsO5ZROoHkoXfkz+vbfj/Pmn+uctRBOSoEycE4L0MP0mMzGRvp/Sq39ycfvsUv612uH3eZ6KbSrz1zu5819lfLHFt4ewToHJ15u0L82jKFjG3K29bK8+R1n6Qurc7qWqlC2eT/HslzRvYrm9pvIp6C58XHNenl334Tn4lub0Z1Px7H8Fz+6JmrfQxT1Z4/u399XelP7PL+z1CsyOF6s8usDGsaKmHbmiWCwEjxitKa2nMJ+CxybgOV73Gf5xuSh6aQa25ekVXnYf2EfBhHsomfNagw1mEaKh6f/+97//vakLIYQ/mIMULks08O0uF6U+3pPdHsjM8fBZhpM9hz3oddAmTCGoDuviuNyweZ+bed87+ecyOxlZbhx1ePY+cLWJNB9Gl4K3E71zxxY8h7VN4ur433o8h3IIuqQHismseT+ewnyKXniGssXaO90be1xKyP+Nq7FjuGJJRC34Dmy/acpTPf4lqi0bXWTaWbPs18iZh/vne1H3v6x5EyXySnQJf6emtapiWurYccDD4YLaAyUV7xx1haVwSQedT+fatn1uHv/URm6+bwFZ23Bdlc2sPx7dyeZjO2vdftzFVQdfQYlJ2JYv0dSEqJ4swL52FUGduqD3cZ4zd+5BTk6dhGP9uupyx7lzO/Z1azB06oy+dRuf8heiqSmq2hTdQ4VoODn5HibNt3GksH6ntl4Hna16urbXEdtKR2xLhTCLgsWoYDSA0+0dRVlQqnKoQGV/nodfDnvYedBd747cY/sZuf3yuk0T4D7wGyf+NAZc2guhhIZiGXkb5qHXoWvVutp0nrxj2JanU"
20:58:37.188 [Forwarding screenshot on session f38f5520-bd02-11e6-b34a-8d0186b048d8 to remote] DEBUG org.apache.http.wire - http-outgoing-0 << "/rZJ6jFtY9UPJ1/kJHIt+drmk9NLfkF9//+AB4fIuuglug6PIDOOhaMNTzo7Yfw5L6LZ/+r4CrQnr/OiP7SH1FCOtWa9MBxD396p8ynEb6tWijc3CeIIZcYqh1NrAK/HvbwyQYn32TWrYatWwc9L91+dvA956eFvL1zYa3bZ9y8uNr3bF9/QdE/p/lUHtOAq7DcNAbDRZ1qDNbdB36jbMliyr74j/bzWtER9vRzmFKrHlgiRCCSoEyck44VqTzxqY3sBpxBvaHclWas91qdZekLKX79Bd83VBQMHTsT1Pli9NHtwBwMtjLch3Nx/vwTrj276tTcGfrg45ivuVFzes/B2Xh+edDn/aDoUEJ7ooT3AvMF3nUy3SVQ9hvqyQzUk5vQsoh2ZbqOL6OLvV9z+vRNTl5b4XsTmkEHXWP1dGyro02YgtGgUGxTOXjCw/YDHnJO1O98bsigDFXl5FOPYl+/1udy6dvFEHRxN/TtO6CEhQMKakkR7pwDODN34N6X7XOehriLiHj9PZ9qgIVoahKUiXNWqUPlH0vsrN/TxJOSaaTgnXfthp5+mEhTVTk58ynsq7+qf171ZB4ynNBJUzXPZ+Wl4t55F+rhBQ1WLq2UtmPQd32PmpotK1OB5z63s/KnphsVWZUGDcrwzoOX/5e7cOc07BqltdGFRxLxxlz0ba1NWg4hfCUd/cU5y2JUmDbKzLgBRgwBfqZbTArPjDb7JyADUBTCJk3B2LOPf/KrI2Pvywl9aLKPARmAgr7z2yithjRIuTSXouVg9J3fxJeAjFOpHx5u4g8apjI5lyihoYT/4xV0LVvVnrihymAJIfwfsyQgE81SgD+qhKgfRYGb+wTx+l3BJFSzbmRT69ROx1t3m+lzkZ8f4IYgwp5+vsn61Jj69ids6kww+DZY4TSdEX3yQpTW1/q3YBopUcPRd1sMOlOdtg/Sw/RRZnrFn1+Bmd7anogX30TXBJ3sdeGRRLzwLwwdO9eeWIgAFJhPKSH8LLGtjtl3B/PngUZCTL6PqGwIJgP86Uojr/1fMNY6TOWhhWIyE/b35wgeeVuD5F8dy+g7CJs6E8VUt4DmNL0FffJCdB0e8E/BNNJ1mIj+kkW+jeisgikInhltZnhKHQNTjdqEKVzRqWH34Qt97AVEvjYXQyff18asK8OFCUS8/h6GjkmNtk8h/E2CMnHeMOhgVO8gPvpzMDf3CcLURM8wRYEhyQY+uNfCLZcFoW/oq1Cno8WfHyR8xssN3qykaxlF+LOzCBn3V9D56cAUPbrEf6Lvll7zyEp/MLZF3+0/6BKfA8U/J4hBBw8NM/HYtSYsDfCDoF2EwotjzHSICowfG+V0Ua2JmDUHy+g7QGnYkzz42pHePmTtYhp0P0I0tMD5aSVEIwm3KIwbYOTmPkEs3eLiiy1Ojp1s+PEuJgMMTjYw6tIgYls1/u8hY+/Lafn+Yko/fpey/yxEdfpvgk3FaCT4hpuxjPmjX9c2rLCPqGEYLvsJT/azeA6+AR4/LqujM6Frf593clhDuP/yPcOQZAM9LtQzZ43Db4uSX9HJwEPDjIQFawvIfO7aV09KkJGQcX/FdOVgiv81C+f2zX7N39CpwdYNWQAAIABJREFUCy3+/CBBF6f4NV8hmoqMvhTnPY8Km39z802mi/V73BT6sAxSbQw66H6hnrQkA/066wOm6dRz4jhl//kU29dL8Zw4Xud8dC2jMA+9luAbbkEXEenHEtbCcdi7PFLuB+Cox7I9xmh01v9D1/5+MLXzX/lq8esRDws3OFn7swtXHWa5SGij4+7+RnpfpD89BOHdbxzMX1/zHF494/Q8d2vDjb6skari3L6Zsn9/gn3Dt+Cp+/Qexu69CB55K8belzd+pClEA5KgTIgzqCrsPuxhx343O3M8ZB/zzg3l0XiVRIcrdGilI8mqo0uMnuRYHcHGAH5oeDw4tm7CsXE9zu2bcWXtAXcNU4jo9RgSEgm6pAfG3pdj7PYH/zVT1oXqRs3/BvX4V6j561CLd4BaQy2UokdpcTFKRBpK1FCUyH6g+GnEax2cLFP59hc3G391seOAh5Nl1Z9o7SIUesUbGNBVz8Wx+rPGg7652sGijTUHZWlJBp66sZ79/PzAU5CPY/06HD9uwJm5A8+xozWm14VHYEjqirHHpZiuuBJdmwZuxhaiiUhQJkQtXB7IO6lyokSlyKbicKm4PWDQKZiCoIVZIcKiEBWqENTcB9q5XLiPHMJz9AieshKw2cBsRhccgq5NtHeaAX0AH6TqRLXtB9t+cBV7J47VBYEhAkztUYLjQKd9fcrGpALHi1QOF3goLAOnS8UY5D232rdUam2ifP4LO19vr7lZ9JruBiYObfqgrDK1uAj34Vw8+SdQy0pBVVFMZpTwCPTR7dBFtpQaMXFekD5lQtTCoIO2EQptI86Dh4LBgD4mFn1MbFOXpG6UIJTgBAhOaOqS+EwBokIVokLrFvRqWVYsKjQwx3YpLUK9Sy0JcZ4LzCtUCCGEZiqQfaz2PlrtzocfFkI0YxKUCSFEI7A7YV9ew6zFuj/Po2mASlyATqAshPCS5kshhGhAOSc8fL7FxdfbXISY4IN7LRj83C1v3a7a13c1GeCCKAnKhAhkEpQJIYSfeVTY8Kubz390kpH1e8BUZIP0TU5G9fbfiE+XG77YUvOoS/h/9u48PqZz8eP4JyIzQSRE7CGxlRJFY2k0ammlSBe7UtraruLSamlLtUW1qNrqogva+nFpq3TDpQtKbRWKIHYh1kRkIzPZzu+PmUQWkdCQKd/36xWSM895lnNOZr55zpkzUM/b2eE/A1bkXqdQJiJSQGKuGqz+K4UfdyVzMZcbEi/cmETTGs5ULaBZq+9CkomKz/vUZdMaDvyuWREBdE2ZiEiBGfVfCws2JOUayACsKTB2uZWYArhJ8YnINBZuyN8nMzxSR3+Dizg6hTIRkQLSpWn+TkueiU5j5BJLvma4blTH6K8sWPPxiU1NqjtT3kPvvBRxdAplIiIFpK1fUXzL5u9p9URkGoMWJrLtaN4X6WdmAL+HpTD0C0u+P7O1WwFewyYit4/u6C8iUoD2nU7l5f+z3NQ6/tWc6dbMhQd9nXHOJdNZU2D70RS+/TOF0NP5D3IPVHVmem/XHB/LJCKOR6FMRKSAffJrEl/n8TmU11PS1Ym6lYtQ2bMIxU22j/iKuWJwOtrg8LlUkm9uUo0iTvBx/2LU0P3JRP4RFMpERApYShq89l8Le07dZIoqYH1bmuj9sE5divxT6M8nEZECVrQIjO9qplo+ry+7HQJqOfNscwUykX8ShTIRkdugpKsTH/ZyLZRTh/WrODO2oytOupBM5B9Fpy9FRG6jK1aDd1das9zZ/3ZqXssWyMyaJBP5x1EoExG5zQwDlm1L5ovfk0i5TdmsaBF4oaWJZx5y0QyZyD+UQpmIyB1y6lIaH/+SxPZjBZvMmtZw5sVHTfrAcZF/OIUyEZE77MCZNL79M5nNh1JueebMXBRa1ClK5yYu1K6oMCZyN1AoExEpJPEWgx1HUwk5mUrY2TQiotNITbt+2eImJ3zLOlGnkjMNfZzxr+aMq64bE7mrKJSJiDiI1DSITjCIsxgkpYBzESjmAqVKOOHm6qS78ovc5RTKRERERByALkQQERERcQAKZSIiIiIOQKFMRERExAEolImIiIg4AIUyEREREQegUCYiIiLiABTKRERERByAQpmIiIiIA1AoExEREXEACmUiIiIiDkChTERERMQBKJSJiIiIOACFMhEREREHoFAmIiIi4gAUykREREQcgEKZiIiIiANQKBMRERFxAAplIiIiIg5AoUxERETEASiUiYiIiDgAhTIRERERB6BQJiIiIuIAFMpEREREHIBCmYiIiIgDUCgTERERcQAKZSIiIiIOQKFMRERExAEolImIiIg4AIUyEREREQegUCYiIiLiABTKRERERByAQpmIiIiIA1AoExEREXEACmUiIiIiDkChTERERMQBKJSJiIiIOACFMhEREREHoFAmIiIi4gAUykREREQcgEKZiIiIiANQKBMRERFxAEWvt/CLhZ/d6X6IiIhIIXih38DC7oLYX"
20:58:37.189 [Forwarding screenshot on session f38f5520-bd02-11e6-b34a-8d0186b048d8 to remote] DEBUG org.apache.http.wire - http-outgoing-0 << "TeUARw8GHYn+yEiIiJ32OjXRxV2FySTXEMZwJSp0+5UP0REROQOi4k6X9hdkEx0TZmIiIiIA1AoExEREXEACmUiIiJyy+LCTtF4UAivrE3ItcyWL/fQel7kHezVDSRcouug3fx8ufC6sGXBbtotyLk9FMpERETklm36Ocr2/9rznM2ljAtpd65DeXGB3OPjnZEEWK8TwW54ob+IiIhIrhIimR1qMGRAZX6Zf4ZvQpN5yc8FgL/WHmbEingScMLAwKspbPlvKNMTy7G8fzkAtny5j/9Qgf92KMI7s0+x6oItvDVsWonp/SuStDuc4eusVIiJ5/do8KpSitmjalDLnMyqL4/wzpbELOVNZyMZ8+Epfr8CTmYzo4bUonsdM1y+zDszTrDqgkFJMyRQFJdsQ4kKjWD47AscBpxKFGPc0FoE13Ah/M9wXp0fxUmgZHkPZrxWk4ZucDY0grc/vcBfVnCiCJ161GBMGzOfTDnMXmD78ST6vOhHh/izDFsSTRS2/k9/uQamokVI2HKKdntOEmW91n/NlImIiMgtObIxkktmD3o1qUBfPycWr7oIgOXYKQasiOeZAbX59R0fHjHbyt93fzHCd1zgTytAHEu2JOFXtwRLZp9kdYmy/O8Tf34bUZ49O86x/TJACoePx+PzZC1+GFMZt9MxLN5r4cjao4zbkszY1/z4bUwlju04y392X2bc+FOcb1yFzZ/481mwC1NnHOEvaxpL5hxntakMS6c9wHttigOQnGUkVj799AK0rc7OTxrxZjULszfEwNlzdJkfxUPP12bnJ34MLhvHwA9OYSGGt2dfwPx4DXZ+4s9nT5lZ+ZVtpjD+QhI7YsyMfbYKLYtG0nNJNM161GDztFo0uxjD0K/ST1u6MOwlP7590StjvJopAyyRJwg/nwBupalQzRsPB61TRETEcVj4/tdEKGXif7+f5wJOcPwiP0dWpt6ZRJzwoEsTN9xx47lHIhgRaeDVqCKPcpBv91qpX/QiOyjOf5sUp9b991Ntbxxrlx9j37EEwNk+k2XgZPagb3N33HGne/Wz7E+GM8cTcWtYhY41zEBFvp9YGorG0x1wOx/D9HlxWBMtGKSw8Ugc0aehw4AK1HJzoVbHCtRaczLbWFyo6evEip+P0+tYSYIDfFjYrAxRe48CcHbPed7ZA/FnDYi+zK6Eqkx/pxbbj8bzyZdR7A1LhBKlMAFJKdChpw8dm5iJ+vMwTngwrE0pXIHR79djGK6EfhWBW8NKBNcwA2V5lCj+PHq9E5p3ka0zO+Pk5MT4nyOz/RyRUSZkQX+KlatOnQceoE71Klkeu1W3o8782Do563hFRERuF8uxiyy7Ag1KpfL7zsucwJUypPH5z5dJTkmDTNeRlSjmbP+uOM+0NfHr2rN8uS4Wn5YVqEUaX38axktfnmNfbFEeauhmWzf9/KLVdg0WQDl3Z6zplZoyRZjkJCLO29qrWb0kdasXo1FDL0a0L0+DkmAFrBlTY86UzjGaInQfWpf5AyrxYPEU5i85ydPjThBfFJwoil/tEtSrXoxHWlVgcPtylDXiGDf+CGO+u0x8iWK0rG+ClMz1Gde+NTthsn/rShoRF65ma9sZLzNYMe7uUJYUewUAq30XJlw8AkBs+t6N3cjLAxYC4BMYRFDQEJ5u6P33Gr0ddeZTkjXreEVERG6XX1dH4VS+LPNfqc30V+5n8rD7mdzexJGN57lYqTiQwNowK3CV1ZutYHICoOGj5SlzOpr5x53o27Y0kMT+QwYtnq3N5P4+NCpmAAYXL+X+5oByVU0k7LjAn5eBhMu8OP4Ic0474Q3Eu7jS8fHKBJZOYuaaSK64lKCaJ2zfFkUUEP5nJDty1JjAK8P3syi+JCOH1eWLHsUhOhncTRikQCVPuj9emXKXopm3Jh5TioXdwJuj/RjZtTIlEtPAmsTFbLW6ebpiWGNYHmoBrCz84CADl8fmaD09ltxTpy/bvr2Z0wPjMVe0hyQzFAfwG8eeTe8UzCnG21FnPpnMd7AxERG5d1kvsyTUoMPz5bIsbvhwecqsOc3GxOrManuF4TNCmQGUNEOZ9EKlvehX/TRTk71oURbAldYtzYxccpDGS6Ckp4kyGOwKt9CmJGB2ytKGGagbXJPBhw4y+I0QALxql+XDoHKYKlnoPfs4jX+wlX2kfXWCK7nAK1XZ++4p2g06jxNOkOMyfzcG9PDgua8O0fgr25LOPWpRrYY789onMnhGKHOxXdA/eNh9+JROpWMVJyaODWEi4FvFBFg4fBb7rJitz641qjKv/RUGz95vW79EcWaNqAgrzmM2XWvdBFDUCYzr+HzBp8ZrI1/JsXxEpyAjqOckIyzTsp3zRxhBQUHGkDlbMi09bkzqGWQ0Cwg0GgcGGeN+On7toZgttno6jTC2xGRa46dJRlBgkPGvl543Am9ynXErMvfomg3jggzAGL3utGEYhhG2YpwRFNjJmL/lorF32TgjKNDPFsfxMYI6BRkj5qeP4bSxbFw/w8/Hx/Dx8TF8fPyMfuMWGaev28o1udW5d9loIzCwkzFny8Vs5W3L5++0LQ9bNs4IDOxpLFq3zpjRz9Z3Hx8fIzCon7FsZ9Z1E49vMMb1C8roY6ch44zRPf2yjDdXMWHG/NE5x3c8MWvfgoL6GTPmTDI6+dnbGLHMiMlou5Ph5+NjgI8R2HOcsWLFDKNnYJAxetnePLaSiIg4isuR525vA/EWIzI6NV9FE+MtRmR8/sreeJ1UIzLaYsRacpaPjLYYiTkXX2NJun6ZXJbH5tLO9etNyrPYzYUyHwzAmLM3vVsXjXGBtmX4jTPSY0Pi3jm2ZXWa2v7vND9jIBc3jLOHlszhIdGY39O27KV3nrvpdcblEkKyh7J1owMzft4yo1NGnelfgePWGUbiTmOIT6ZlgYHXyvgMMfbeYG/mVmfmdjPLvjz952vt+WT6OdD4KX31iz8ZgRnLfYxAP58s690wlF1cZ3Qil/HRMyP0rhsdlGMsBM4wYrK3HZi1bb/R63JvW0REHMptD2VyU27qmrKn+wYB8Mum/bYFkTv4ZbP9wdBf2GG/vnz3r78A0OmF5wkCWPkr+y22x/5a+0tGfZvWH7R9Y9nNqqUAPekzoPdNr/NEi/xds2UyF8/4PuDlFRgX1xEI4Dea04bBpnfasnHKGOaGA4Ej2HI6kU2bNmFc3MmIQCB8LiNnbsy1/tzqzNxubv3J+rMfM9Ydxzh5EuPiFvr5AGzmjz0RgIX/e2komwGCxhGWeJJN+06yd9nofG2Dr94YyEoAvyFsuWiwadMmEk9voJ8fwFL+NX6VvS/pa/gx6ae9HN+5jnUzu/BD9rY3nSTsp3H42EuXylcvREREJLubCmUNn2gPwMrvNxELROz4g80Zj27mjx0RQCTrvl0J+NCp+7M83QlgKT/vjgUiWP9jpjV+XE8EELlpHSsBn35P4+/d9ObXcb2FkQOY7Nd/lTJjyyCRbPhlHQCj336FAG9XLBYLlrL+jJ44DoB1S9Zyw/dS5qjz5vmNmMzLbavZfigbwIAXgzLqhnMc3BcO+LDoo3eobR97/R7vs6inz3Vqy2wf634NB2DOf6cRUNa21NW7JXO+mAFA6M9/ZBmf35AJvBFcn2r+bWnrH8O2Lba2l318re3awe8wZ0TgLY5WRERE4CZDmYf/o/QDWLeGA8CeX38E/Jg0YwQAP/5xEGJ3sHwz4NeL1tU8eLRTPwDWbzwAsXv4MRT8hkxidCcgdBMHY+Gv9baZsF6dHwZuZZ0CEnuALfb8NymoCk5OThQrVoxiTk6UazXOXsgMsRvp7OSEr69vxpeTU2c2FtCdKGpV9czyc1LmN1NGHmVTKEBz6mbLYA0Dm9+44tjzRIQD9KNF/axJ1rVmI9sMZegmDmYaR61aFTK1fZ694YBPZ5pWy1p106cfu3HbIiIickM3+e7L+jwxxI+Fc9ex8eeNxP0cCj4j6PTs06wfMYN1m7bwc4NYQoGgZx/HG6B1EH4sZN367WytfYpQYMhjnXgyfD2TVq5jy28/Y/1xMxDE44G205C1b2GdApGURMbdQwI70bNK1uBSrBgkelTHnJTEESA8PDzToyXz8"
20:58:37.189 [Forwarding screenshot on session f38f5520-bd02-11e6-b34a-8d0186b048d8 to remote] DEBUG org.apache.http.wire - http-outgoing-0 << "Vla+Zs7a9CoZt6FfIphyjZDWNrHN4+VTJQA8PHALdcyWU+pXrcvJa9Xs4iIiPwdN31LjMCOXWFuKB9PGAuh4NOvGbXLNqR1IKzbPI4g+0zT08HNbN94P0zXQAhdN5PXzgL48EiT2jSq0BpYx7jO9lNzPbvTLP3+EbeyTkEoW5MWfrA51IdFi1bQJ8tsUCQ/r9yMqWpDypatyG+nT2e7G5gZr7JAztuPZLAkZb9/WPYbyNlYc5TL3MeqNPGDzaE7OBAB9TNl0oO/bsp9vczCf2ZHBFTLnGejT3EIwK85DcvCgev1xWSiLEDoCnacmE61TNtnR6br/kRE5O4Xtfso7T+HNR/VxKuwO1MQIiP5ZEdRBgXnvLVsXmzbwok1H9X4W9vipm8eW7ZpKzoB4Zs3Ew4EBzUFPGgZ3OlaIZ8RPJpxesyboC6dgHA2h4aDX2eaeoNr3QAyrcGQp9twbeLnVtaJ5VDIVrZu3XejXJSHitzf1AcI54OJczNdW2Xhq6FtCOrcmVYvfEUsrpT19sY7y1dZ8rq0bcaCHzL6Zjn0FWPHbb5h+eurQM1KAKFMfGfBtbGeWMmHM7LXl22beDTDtptCef2dBVw7SxnBzDffIhygkkfus14eLekxxLZ9Xn91Mofsb8Q48fNMXpl0K2MREZF/rBS4m+5VHncymmXHU/IumBurkXeZPNz8Hf09mhGccUG5H4/YLy6q2/aRjCKBvdpTO9MqjR4Nzvje75EWVAPwaMgjQRlr0KFN1ouUbnqdyM10bdyc5s2fZPNNXNt1FSAm/bhypc9rU/ADQhcOpYrv47wyfgy9WtThmbmhAEz6T/88bwibtU5o9sTTtm9WDqVBi14M7d+ZYnWe4dZijAdDPl6GDxC6cAClWvRizJj+1K/emXXZi+bYJq48O34+AOELB1CufmfGjB9D5/pVGLE0HPBj0Ucv3nB8PUbPIRAIXzmaOsV8adHCl+pBIwi9pbGIiMg/Vq7n2iwsmRdK40EhNB4UQruJRzmQAFG7w+k15TCvjE5ffowj9hfKv9YepvWgEJoM2sWAiXtoN+UUcQmXGDD8AFvs1wb9tfwAvb68BMDZ0AgGDLfV02TQbt7/LQ6AqLAz9LK323ViKO1eOcifCYD1Kp9M32Mvv4v318Zk7XLCJV6Zn0B86ClbG5dj+HDK7ozy76y9bC9o5bsvD2SMrde8M0RlG/2fq2xjaTwohHZTTnAg72ubMtzCxyy50qZbZ9u3fk/ysD0XedRrQU97iS5PNs26Rv02jPCzff9khyb2pR60eNq+RqeeBJbl761jcqMWALUzZnpMHiUASH8f5LWfM1ayXUFVKdM7JWv3YHPYT/QL9IHwdcwYN4mlm8PBJ4hJK/byRstsHc0hZ52u/kPYMmcIAOGblzJ34UrwG8L8OSPy6F/2cdhV68HmLfPp5ANsXsqkSQsJJYjRo3tmqe9628S1fn8u7lxGTz8gdCWTxk1iZSj4BPZj2c7f6GN/S2VufcE7mE0xOxndyQ8IZ/PmcAJ7jmZEJ1tQr1KjQvY1RETkHnLguyPM/MuZ+dP82TmtBnVPx7JorwVI4fDxeHyerMUPYyrjdjqGxXstWI6dYsCKeJ4ZUJtfJ/rgFZ3CpQvJJJBGhNXCFftnVsbEWjh3NQ2I4e3ZFzA/XoOdn/jz2VNmVn51nrPE8c6M8xRvW5X/TbufTh7JXLqSREwyfDfnIPNj3Pn2I3/WvFaen1ccY+GxTB/j5FaGVzoXx6t2eT58pjRff3qMr2LcWTT5AZa/6MWqFcf5cLeVI2uP8d6WVMa/5sdv71Slwl/nefG/l67VkxDJaz/E88wwP3Z+VItmZ6L57qAl39vOyTCMHPNtXyz8jIMHw5gyddot7pK7Q2TECaKvgMnkQsVq3nmensyTJZYT56JJSgKf2tX+fn1YiIw4R/SVJDx9alP2JiuMPHGC6CQoUcITb+/8XZy3ce4YFh31Zuz0IWSe21w1tD5PzA1l9LqLvN82r+AqIiKOICbqPKW8bu2P6ajdR2n/Maz5JPs1Zckc2H2Z0PBEjp6+worQRDoPqMe/ikbQ/nP49aOauANfT9nF/hZ16R1/nF6rzPz6UQ3cgfDfDtL1OxfWvO9B71cjeHVyI9qWhg0LdjM+yZv1g8sSdzaO7UfjOX4ikb1hseywluK7l8x0fD+SqdMa0coNOHuGJuMv8v7kuux5N5SvzMXpVNMZSGXFjqv4tvRlea8y18bz52F6byvF/4a5MnTQEbwG+DG+iW1q4uuJIcwrU5XBcaeY516V9YNtr3NH1h6g1woTn78IfT+GNR+V4/3hR9iEE00blqbDQ2V4tJF7vl/v76nPvrxZZb2rUaDxwtWDatUK8p0Jrn+rj2Wr3ey6sez/fhIL18Fhq5lF7z9LRXM8u7+ZwRNzQwEf7q96nbdmiojIPePA2qM8t+IqDf08CKrnTsPQRNI/CxLrtQ/fLufuzK581Odi/5hKU1FsK1vjGDf+CJtKmOnRvDQt6yeyYxvX2siQ6WRgCpSpVYIG1Zy5QhFeq1ACU7nr3BGhqBNQJMdNBkwu1/5PyLLcKespJbM770+szbZ90az/8zLvfBzN59nC343cwulLuXd50G2c7Sazm+cOoHqpYhQrVo7mz00CIGjSZxmnP0VE5F6QyomzFsLDr3IkPIEjZ61cPJ6IU+3KzB9Wk+51ihIDREUn51pDlZpuGNYYlu5OIC7yMgt/vgpF08NbGodOWsEax9qQNNuHeF+1sBt4c7QfI7tWpkRiGliTiK1Qggak8c0vkUQlWPj6+4v2FlzwLAeX4orQrE1lujcyse6HSLYl5oxAlw5e5ojVzH3lYfWmSKKAuPDzLD4ObRu741vVBH9F8+dlICGBb366ilsDDzLmGs+eI3DsIWLqVGX86w0YWxvCL6Xme2tqpkxuStmAl4kJa8TnX37N72HnAChdsQFB3Z+hR8vaeawtIiJ3D2cMYhk8fn/GEiezB5/2KY3b/DM0HnQGJ3NRapWA3YcToBxgzjqbZQZca1RlUY8knvv4EPNxoowZ3CoXw9OtDC82PMvE2aF8Bvh6OtnusVnajY5VnJg4NoSJgG8VE2Dh8KVSTH+tEi9+cIp2a8DL0wkoRuXiRWg71JfD756k3aALAHjVLs/kR7Lel9PNszhu1gv0GnWKNW9VJfTdUxnl72tamX83MePepAYDjh1i8BshtvGW9+DL3mXhQKxtbJW8GNs0ionjbX1zwsSbr+X/Fhu6pkxEROQe9XeuKbshazJRV8GrtEueRePCInjl+1QmvO5DJeC76SG8V6wqf9qv27IkWEnABS+3rDNbcZetUNyMe/rpQ2sMb7x3jnbD7qdVWfu1aV+5ZLnmLe6ylSSXnHXl2rfsbdhZLltJuEE9lgQrCclF8jX+zDRTJiIiIgXL7IJXPj8A2r2aO17Hj/D0oEuUweASRRj1WqmMx13dzNe9UN69dLYGzO48WOo4I8eG4FUCoq7AY51rZXkTQo518upbLuVdS1+/T3n1OS8KZSIiIlJ4zO5M/uQBDoQlcCXFmcq13Kl0c9nJrgjdX3mQZsdiuJhoUKq8B7XK/rMunc/19GXHp54sjP6IiIjIHXRbTl/KLbluKBMRERGRO+ufNa8nIiIicpdSKBMRERFxAAplIiIiIg5AoUxERETEASiUiYiIiDgAhTIRERERB6BQJiIiIuIAdEd/yZeQkJDC7oIUAH9//yw/a78K5DwuRKRwKJRJvtWqVauwuyB/w7Jly6774qv9em/L7bgQkTtPpy9FREREHIBCmYiIiIgDUCgTERERcQAKZSIiIiIOQKFMRERExAEolImIiIg4AIUyEREREQeg+5TJbRDH2bOXSU52oURpT7zcXQu7Q3+Dhaiz0VxJ5i4Yi4iIODLNlEnBidvP/DG9qedRhfvvf4AHHrifGlXKE9B7DOvDLXewI1FMb+eBR+/5xP2NWnYsm0CAR3lq3H9/prFMYPPZAuvoLbCPrePcvzW2/LY1t6MHHh692RwHO+b2xsPDg8mbowqkdsvu+dTz8MAjl68J6wtiQ2c9FvYv6o+HRzvWF8wQcra2ebptGxVI368jbj3tCmzbi"
20:58:37.189 [Forwarding screenshot on session f38f5520-bd02-11e6-b34a-8d0186b048d8 to remote] DEBUG org.apache.http.wire - http-outgoing-0 << "Iij0UyZFAzLboZWacViAO/WvNr/CXzd49i+fAGLf5xDxx8PsOrYdwR63cE+HYsiAXC/hVXDfxxD20FzAG96v9qfRpVg9/IFLP5xGsE/xrIldhr1Cri7N+VC3C2P7WbEWQCiuJIEyVG2JJOUnFQgdSfERBEBeAe0ppGXW9bHEszU9/YskHaAjGPh4skDgEfB1ZtDUqZ/b4/Y21i3iBQuhTIpEGs/GM1iwLvrNDYuGEB69npuwCu0m9CR3tPW8+HXOwjVgisQAAAgAElEQVQc0vSO9st0i+uFbV0PeDN7ZwjP1bKfshwwhBZD/Rm0eD4/bh5NvTuaMLPxMGGLMRbg9p1SNWX6v9x9NYCtmFxudatm42L7r8/YRbwReLvjpW0Mrd/eSuzbt70pEZFbotOX8vfFbWbetK1AVz6fcy2QpXvytTF0BdyiLpB+EvPI+kX0b1cv41RVx6HT2Z3pfJzl7A6mD+2Y8Xi9dv1ZtuPaKRvLkbWM6R1gf7weQyeMoXe7AF5dtPu6XYzavZKhWdqby/5cz/9ZuHDB9qApS+BxpcPzr/NkQFd8S1wru3nRBAIyTrsFMGbRZjKfrN2xbDIdA661HdCuP4vSxxK3g6Ht2jF0zKu0s68/f3ccRGUbf8ehrNyd6Zzb1nVMfrU3Hh7lM7bf/tt8hriKd3kAGtXxsvU7oB1jpk9naIB97PU6smjzftbPfzWj3+36T+dIXv3KY+Ytz30Xt5+5r+Z+rGQW/uNkAgKGsjmOjDFMmD830xgCGDN/c6Y1zrJsQv+M06wBQyczd0Jv2vWfzy2dAY3bwdB6AczdEXWDZXGsnTuGdvXS+9SOCdmOqWsbZzOvdmxHvYD+fDZvDAH1OrIo8y8SZ5nbP4B2QxfdgdPdIvJ3aaZM8i01NfW6y63hRzkC1B3RC3+XVHIUc/Hn0+jo9Eo4ve5dGj8zA2jN27PexPXkT4yZMZ71i4/x27mPaGj9g373P8kqoMuIqTzmG8Wil6YwqO1yzvx4mJfrn6Bf4+6sAvq/PYsHrH/y0pQ5AAQ8FE1qaiUMANJITU3l8l8LqNFmFBDA67PexOvsL4yaMprmG06zY+9EauYYkQuNHm0FyxczqLEHP/R/naDmjahf34+G/s/y5apnM7bHhikd6TxlK96t+zOrd2NOrniPGcOC2RWxglWvt+LoylG0HbQAAnozdd7DcPIPZk1ZzLC2idQ79380TIznzNatrN+6lbqtW1P3CFQueYRXWrZlQcS18c9+aQovrD+G++Ev7WPbypz5rXl96lSStn3OjMXjGVC2AZvfalVg+xVS7W1BWmoqJR7sy4pFD3Nf8VRS4+M5dmArW8dvpW6XEbzfNY65ExYwLLg54M2Q96diDlnBjOXjGVa3Matefjhn7WlpAFwMP8DxQ6W5kimbmUp5U7OSO3F57rujjAponrGtOtwXz+LBExjUdjlxv52kf8PULMfC0ZANHDgA8YmppGIbw+JXt+IdPISpfUuyetYU5rwaTBm/k7zcxMxXw9syeHEEAb1f580mZr5+aQKjAerWJTE1lexbLn1MaWmp19+uqfHsijhA2fjEa49nW7bu3e48M2Mr3q2HMG98bXbOf4lpw4KJ8djN1Efs9TuXIvXCr/S5rzOrgLeX7eZZ798Z+cYcpvzfep594AkArH+tZPTyAwS/fx8lrtNfEXEsCmXyt8VfPEsE0N/PO9PSOH76eBbbIsEMgBXKPsJLLz7Emv+bAQSwLPRbgioB9OAh3+G0eWkxc77ux+tu39kC17wdTO1hi0w9HqlHcKPnmPD+Yho+GcIqYMSyUN4KqgT0IcDXTNPBC67Tuzj++67tRX3Z4VUEednae+y+UjTqP5elG17mrVY5T0PW7fERa6nMuPemsGrBFFZlVB3AiHnjeKtHE7D+wewpWyF4Kn/+X3/bODt1xHdgRV6aMps/BreiRDTUDRjCF6vSw18PaiQdo/OMaC7GAybbCUjvLlNZ/Vl/3IGoDe/yTAR0mfUbn/VpCECL8kn4PfMNYYcu2fvRhR9PfsbD7kD/x7Bub8Tctds5+1YrKt38LswfcyVaPWGv3Wr7z7vLLH79rA9moL71AE9O2crrK/7H660qAf4c/rYNJ+KTb1jtgpeeJMee67+M6KkP5bnvel7+hAUR0HveDj6yHyud2jck2Lczo6Z9Q7f/ezpLtelnXk0Z/9jG8Kd9DL39PajYZgzxVxLg7O/MXhyBd+95rPioB2agR/u6dLnvGdZz66fGbyhuA7NmbIXWb/Pbty/jBfToUIeYJo9zYOMurI+UxgOIC1vMwCdHsYoAZv32JX0aegHtebv1S0xY8BV/TnyCJmb4efliIIA+XZvcjt6KSAFTKJN8Mwzj+svtR1Ho4fMYRg37Uiv7v5/B3O2ZCnqb6TeoMn+tArr0oEVFg/QqGzzVkWYvLWb/yWhOmUKBOjzWpsa1Nqs247FmsPWyldjYKMCbho0qZjxeo93TNGMBl0nDMAyMNCANDMNK7FWArTzzVHPqpPclLAyANZv2MrZl6+uOq3H31/ip+2tEnT3CoV27+GPjKqYsXMWMwY9z0djExDoHWQ+wahSt2y+wXYHtAWHbAc6RYDVo3u8DvvJfzw9T3mTW0VOEbF9FWARAM4oaBoaRRhpQ68H6lDQMDCBs+xagGT3bNcgYX8W2Y7l0aSwQxcw0oE5N7iuZvv2KU6YyEAsu9jpuRm77FezbkTTSjGv7yvaQrd+Va1bDZG/TIA1oRpOM/VKZB+vAMfs+ydmu7f9nP1hK/wdKk5B0baqsXG1/DCMhz333MKEALB7cmZ2z0t8skEAYwJ6zxGc5Fgx7H7GPJ33b184Yg6maH81sBYgM288BYHBwYMbjlGlEYDNYH5te3/XHRJpx/e1qbzPL40ZRSqYvi4/nMtDl6baUSa/f1JhP99jDeNx6XIEFo0bZfg7uQe8GZex1laHjC/2YsH4hX607Q+MnzvD53APQZS4tymTbfyLikBTKJN9ye/Euc18TmgHbj4YRazS3vyOwDKNWRWF76YhiVnAd3o11wcUogbs34OqGOfOLmmGfdzDAZAAkkJQlCBgZ/zsbAG62F0ojx8OZ+ml74Uuf0ej3VDe87FM85m69MZutuNXwzjmuuJ281f9lLj46k09ebEyZijVpHlyT5sHdGd53MZVbvEzI4QtYvW3XAHm37ke3wMpYrba6ez/ZG/CkmpvB+ind6PrBegBaB3eh3Ysf0PrX15i3HrD3PxYIqO+b0Y8k+ywULllfSOOi4jCXzDo2I9vgrxcU8nKjUJapULZQZut3uya+mcKF/TFrelnDtrWN67eR3tPKdRrxQOOcs5WGEZ/nvjPZLyEMHtyLB0umT+CZ6d3bDG51KJHtWLi2qa6/7TGSiLX3Lb1/Zowsx1Tm+nKEsow9klsos/9ncsl43BoRxnYgAANLzGXCAH83lyzrW+PisJrdcTfgKkCzLjzrtZ8lq15m1FcP8UF32yxh1ce6E8xCFv7wK8+aTrIeeO35Nll/10TEYelCf8k3wzCu/1XGjydbAd++xr9nbsj5eNQhjp+x1ZFk2Gd1lqzgz8RrZc7+vobtQF3fshimYkAE+0PPXqsj9hAh9lm34u5lgDC2bzuZ8fiR375jO7abHWR+7SXj+w70HDWcUaNGMWrUKIY/VoGDW/YTZb3OeFwMwteH8e3YT9kQlfUxU/qfMdYkytRraptVqdSc4cOv1e3vcoYtu04SbznLjh/Wg3c/tkZG8vUXH/PmoL40q1Yno3MZr7tJSRltVParB2zn19+vjT9x98dUr1OdgYtDM40tvV9cZ1nOr5ver5nrJedjOdbPUfbGbaSvkJRp7NdvP/d9V6xMGQBqPdqP4fbHR416GsvBLRw8G5Nz22TpY85tn7nPZXzvwxtY/tNvJGYcy6Fs2p6pvlzGZHIpcf0xJdmO0cMHL2QsO3fsREabpkrVaAYsWb0t03oneat6dap3nkmUvf6Xx3zAzC9m0xlYOOQFfjppL2vyp+/LzeDbl3m+50zw7kengDI32MeKaiKORDNlkm+5P4F78q/5K9lVsxMrJnal7PIOvNTlEXy9kjm541dmLd1gK9a5IsUNT"
20:58:37.189 [Forwarding screenshot on session f38f5520-bd02-11e6-b34a-8d0186b048d8 to remote] DEBUG org.apache.http.wire - http-outgoing-0 << "zoM6MvE7Z/TvutrfPFGV0qcXceIofOAZjz18P0EuAyk2cQNfNC1O8acd2lVKYbFoweyGuj7akceebwlHcauZuYLjYl9czK1k/bwxtSlAMQattNSthkTgzTDk6cHD2Li9k9o22IQc97tT6Uru5j8wltsx5vPxlfOOS6zPwPf7MDq91bQtc4Oer70PE3v8yLq8A6+nGVrp0tQQ4ySJp7pDCOWDOAJ0zne6PUgZzcsYOh7K6DOKN4vWRQXDyBsCz99t5m2vrDtv5N54/MwoA4J8QZGafvMinHtFF+NVk/SgYXMe6E7bp+9S6tSF1kwYixQh+6P12X/ivSxpYeMa+O1FOhMWXq9YE3LPlOWs99p6bNAGWXTbH3J5cU/LS1nHVnlve8aBA6k1eurmdn1MRJnTOGp+2DdnNeZtTqCDpNHUDLLsWBk6+N12s+8rGoQ7/T0ZuCSl2mbeIJBLdz4fsR7bADwyLz9c45p45cTsf5mwpL+lsmkJNyb92JUa2eKAatff42PPYdTJWEHY0fMA8DFSMMo2YjnenqzfenLPF/FYOgTvuxaOJmFQOdnHsPTiLTN5CXFYxgNmPjNKFZ0m8oLQz/grx9HUQlo2v0ZvGduJwJoNagLNTRLJvKPoVAm+XbDv6pLNmfe0T8InP0fPp21lFnvrc54yLtZZwa9+CLPd2iA2TAo+dRkVsWbGPTKJ7zQ6XNboTqd+fTjD2hf1cDgMZZs+JTXXvwXU4d2Y6qtFgZNn82Ep2pgAJ8fXcX7w19l1ntvAHUYNGoQq6Z+QkBDXwwDTMWwnZsyDKq2n8C6/7gy/N+zGNpthb1XzXh38XSeqmq+7riaD/+clWXeZ/L0WSyd9R5L0x+o04HJE8bTt3kZDAN6zfsTq8co3vj8LdKH4t1qELNnjqSiAd1efZdfur/FewM78R6Ad2dGjerJ1KlL2bj7CO3bGLZbmWY+xVeyOR9t+BzXF/sydWD6+G39bV8RTmcam20NE+7FgGLu1659ugk32q/uxQDKUNyU/ZqknP02mYrZH8lZ9kZtmHI5vQnkve9ozvw/Puet/n35ZMSzfGIv0XnUp3zQ9wEM41KWYwGKAYkZpydzbPssy8w8NXMLRb1fpu/UWYxYAa169qXV0s/ZEJtkO72ey5i2r/ic7dmWNXNvz8inWjLu05fo/a9ZvDXQ9i7ezn17wudLSbK32XXmSuJd/80bs0aweta18UzsdT9G/MUsfS7zyEg+H/Q7fT+ZyoTFwcx79n7MNR7n+Wbw3vY6PP9kY82GifyDOBn6jZV8CAkJwdvbO++CAFiIOneZq8lQvFTp3D8v0hLHuYsxULwUFb2uf/PQqHPnSAZKVKyYcff6uIPf8MbUffT5YAIB9kuRLHs+xffxtxn+1W7GtKyYS7/iOHcqBlyKU7qiV75vuRoXdY6Yq8m43KCflqhzXMy1TBznzl0BXKhY8eZuOBt17hRXcaFcxYp/+xax33//Pf/617+yLLu5/VqY8t53UefOcRUoXroiXgVxP13LQT58ZSqmzuMY/lhV+8KDjKjQmqU9Z3NyRrdb3yeWOM5djgGXclTMpbO2YwqKl6pILoddLux97DCJkwv75tnH6x0XIlI4NFMm+ZZmvwdT3kx4li9P+ofk5LqeyY3y3m43LONZvnx6JaSXSIs/yYrVn7IiyspH/25PqZg9/Gf4JMCbmmU9btDPa+1lri8vbp7lcfO88VhMnuXxzrWMG+XL33icufEs723bjjfR35t1s30qHHnvu2vHXBoFMqQ0K6ErVvO/FcexfjiK5t7JrP14IkuBTv71MP2dfWLK+5i4dkzldzynWD57CVt2r2QZMOy5oL/XRxG54xTKJN8cZVK1pP8Qlo6LpOe4Lxn+3Je2hd6P8P7M6XSpff3TkZI7ba9cmOvzwQ9TYcgopo3szzT74k6j5/Nhz9oOuN2S2DlpNsuAOs/NYkiLCg7YRxG5EYUyyTfHeYI302LA+0T0foPzMVfBpTgVytjO7zhOH/85tM1y5/lgT+Zv68mlS+dJTnaheKkyuLuS7Z2cjqI6bx/Yw/BkF9vvg0P2UURuRKFM8s3hXrzNJSlfviTggH37B9G2y5unp/00eo43MTgWc0lPyqN9KvJPpVAm+aYn+ruT9quIiGNQKJN804v33Un7VUTEMSiUSb7pxfvupP0qIuIYFMok3/TifXfSfhURcQz67EsRERERB6CZMsm3devWFXYX5DbQfhURcQz6mCURERERB6DTlyIiIiIOQKFMRERExAEolImIiIg4AIUyEREREQegUCYiIiLiABTKRERERByAQpmIiIiIA1AoExEREXEACmUiIiIiDkChTERERMQBKJSJiIiIOACFMhEREREHoFAmIiIi4gAUykREREQcgEKZiIiIiANQKBMRERFxAAplIiIiIg5AoUxERETEASiUiYiIiDgAhTIRERERB6BQJiIiIuIAFMpEREREHIBCmYiIiIgDUCgTERERcQAKZSIiIiIOQKFMRERExAEolImIiIg4AIUyEREREQegUCYiIiLiABTKRERERByAQpmIiIiIA1AoExEREXEACmUiIiIiDkChTERERMQBKJSJiIiIOACFMhEREREHoFAmIiIi4gAUykREREQcgEKZiIiIiANQKBMRERFxAAplIiIiIg5AoUxERETEASiUiYiIiDgAhTIRERERB6BQJiIiIuIAFMpEREREHIBCmYiIiIgDUCgTERERcQAKZSIiIiIOoGhhd0BE7i7nL8STZhgFVp/JSMUNS4HVdzOKmM2YPD0LpW0Rufc4GUYBPnuKyD2vxWMfYU1KwWpNISUlDYCSJV2Jj7fk+N7F5IxzEScslhQAPDyKERubCICra1GcnJyodiWcF1PWF8JIwKtlSxr85z+F0raI3Ht0+lJECtSVq0n0fa4ZDR+oTExsIr4+nrw6vBVXriaRaEnmtRFtqFzJg5jYRB5+qBq9uvsTG5eIkxOMe/NxnJ2diIlNpEvHBrR4uDrxsVdIjokplK/UK1cKe3OKyD1EM2UiUqAeaPYBvlVLcyn6Kh7ursTEJlKhvDuRUQmkJKfi7V2a8FPRlCvrRly8FfeSZqxJKZw7H09T/6ps2X4C36qepKUZXL2aRDkjjilPlCiUsaSWr4C1yUMULVKEejV9C6UPInLv0DVlIlLgdv0VQelSxZk9rTMDhnzFjp3hvDy0JVcTk/l04RYqVy7F+LHtebbv/xF+Kpppk55mzbqDrP0ljFYtatKjayOGvbqClJRUfFvUotYrvQtlHOejotm+LwyzyUWhTERuO82UiUiBahQwlYea+nL85CXOnY+jeDEXWrWoyU9r9uPk5MQT7eux/vcjXLmaRDUfT7zKuPFnyCmcnZ14soMfq/53gOTkVBo2qIzFkoxzkoVP325RKGOJSkphX+xVzCYX2j3cpFD6ICL3Ds2UiUiBMgyo5uPJpegrHD0aSZXKpahcyYPExGScnJyoUqUUbiXMREYlULpUcap4l2LTH8fAyYmGD1Rm2fJdpKUaVKrgQfTlK5xeu4VtnaYXylhSH2gI/x5RKG2LyL1HoUxEClSaYTBr7u+U8SzO3FndeGfiGiZP+5V/v9iChCtW3pvyM9WrlWHerG68NGolGzYdZfzY9vy28QjDR64gMKAanZ9uwBtv/0hSUir109JISy6cW2KkJSUVSrsicm9SKBORAle+fEkSrybx4+pQzl+Ix9fHk01/HCMtzcC3qicXLsSz8od9OAGlPIqx9pcwwk9F41vVk/BTl/lxzX6KFXOheDET7t71efDfzxTKOC47FSWsUFoWkXuRQpmIFKiizkUY9VJr/th2kpU/7OXhh6oxoG8ALw7/miJFnJg/5xk+mvc7P6wK5bleTahVsyzj3vsfHh6uLF7Qhxf+tYT1G48wZtRjXLgYz/ET0ZRr27ZQxpIWFQ37FMtE5M7Qhf4iUqAeaPYBLkVtt0AMDKjOtj/DAfCu7EFSUiqRUQmkpRk0a+zD1h0ncXJyouEDlTgQdgGTyZn4eCtN/Kuyc9cpEi0p3F++KLMG1CiUscQUNXGkRCld6C8id4RmykSkwF26dAWTuShtWtXif78cJCkpl"
20:58:37.190 [Forwarding screenshot on session f38f5520-bd02-11e6-b34a-8d0186b048d8 to remote] DEBUG org.apache.http.wire - http-outgoing-0 << "ZaBNbiamMT+A+coVsxEm1a1WLPuIMkpqdxfpwJRl67w194z+NWtiF+9iqz63wHAIP7SafYOm1ko40ht+CC88nqhtC0i9x7d0V9EClRR5yIMG/wITfyrMuzVFfhWLcPbox/n2+/3sPbnMMaNbU+lSh4MH7mCNq1q8a9+AXw093eOHotiysSniDgTw5Rpv/BsD3+eCq5f2MMREbljNFMmIgUqJTWN0APnuHgxnkoV3Lly1crOXacpVsyEYRiE7DpNfLyFihXcOR0RY7trf1k3YmISCTt0gdg4CxUreBB+OprYWAuezZvTatr7hTKWyISr7Dp1rlDaFpF7j0KZiBS4db8ewr2kK5/N6cGwV7/lux/38e8XWxAfb+HLJX9SsYI7Mz/oRL/BSwk9kMzEdzrw24YjfLJgCwHNfHmmayNeHf09KSlptH6kFq7lyxfKOFycowGFMhG5M3Shv4gUqEYBU6lR3YsLF+Mxm4oSdSkB/0ZV2Lf/HIZh0KB+ZXb9FYF7STNFnIvgXtKVi5HxJCWl4levIqH7z1HM1YUSJUykpKRRMuEikx4tnCstEjy9OFOvoS70F5E7QjNlIlKg0gxo07IWO3efZu3PYfg3qkLQY3X4Zf1hijg5EdyuLqfPxBC6/xydnqxPjRpefDhzPe4lzQzsG8CAIcs4dz6OYYNbcPFiAge+CeHkZ+sKZSypDR+Eeg0LpW0RufdopkxECtRjwXO5mphEWppBUlIqLi7OODs7YbGkgBO4moqSkppGSkoaJpMzTk5OWK0pODlBiRJmEhKsALiai2IA1RJPMTDl90IZS8r99bjab5BmykTkjlAoExHJxfmoaLbvC1MoE5E7QrfEEBEREXEAuqZMRArU7gEDSIqNLexuFAirTzUI7ljY3RCRe4RCmYgUqMs7d5J06VJhd6NApFqSILiweyEi9wqFMhEpUCXr1iU5Jqawu1Egknx9uTvm/ETkn0AX+ouI5EIX+ovInaSZMhEpUKmJidwtf+ulJSUVdhdE5B6iUCYiBWrrE0+QFB1d2N0oECl1/WDA4MLuhojcIxTKRKRAJV26dPdc6B8XV9hdEJF7iEKZiBSoyl27kpyQUNjdKBBXy5bXx5GLyB2jC/1FRHKhC/1F5E7STJmIFKirJ0+SlpJS2N0oEBaLLvQXkTtHoUxECtS2jh3vnmvKGj4Ir7xe2N0QkXuEPvtSRERExAFopkxEClTtsWNJs1g4ce4CsfFXCrs7f4tRxquwuyAi9xCFMhEpUJW7dgXg7L4w0qLujvuViYjcCQplInJbFHc14+FWorC7USBciuqpUkRuP90SQ0Rui7S0NO6aZxcncC6iS3BF5PZSKBMRERFxAPrTT0RERMQBKJSJiIiIOACFMhEREREHoFAmIiIi4gAUykREREQcgEKZiIiIiANQKBMRERFxAAplIiIiIg5AoUxERETEASiUiYiIiDgAhTIRERERB6BQJiIiIuIAFMpEREREHIBCmYiIiIgDUCgTERERcQAKZSIiIiIOQKFMRERExAEolImIiIg4AIUyEREREQegUCYiIiLiABTKRERERByAQpmIiIiIA1AoExEREXEACmUiIiIiDkChTERERMQBKJSJiIiIOACFMhEREREHoFAmIiIi4gAUykREREQcgEKZiIiIiANQKBMRERFxAAplIiIiIg5AoUxERETEASiUiYiIiDgAhTIRERERB6BQJiIiIuIAFMpEREREHIBCmYiIiIgDUCgTERERcQAKZSIiIiIOQKFMRERExAEolImIiIg4AIUyEREREQegUCYiIiLiABTK7rBtC4/SZ+BRtkXeuJzl0HmG9TnGPkvBtn9oYySHYgGSWTLyIAtDrDcsv++bY/QZeYbYAuxD7L4zDBt4kGHDDmV8jRx7jCW/JBRgK3ex2BjezbH9TvBdyN89WPJ3TNwRlqt8M+Uw3drswd9/D90GHmbJxqv5W/XQOQb2OUpIPg7a2BMxhJxJA27Pse54ktn4TTgDu+3D3383bYJDGTnlDIcK+Hnmeu06zLFll9tz8e06DjIfa9dXOPvmZn5f5PZTKLuTLJeZ9losq76NZdrymBsWjT+dwNI1sZyOL7jmYzce4+EupzmWBJDG7i+usvWCccN1LmyPYc0XiSQVXDdIumBhybdXWbruKlu22L4Wzo1hWPdDDFwSV4At3aWSklm/8ipLl16xb78rLJwbTb+2+5m17e+86OXvmLj9LEzpcpBBU+I5XsZE69Ymjq+MZ1ing4z8Lu9gFn/6CivXxHEhr4M29hKdmhzjiz22grfjWHcsVmYF76XToChWHofW7UtSo3gyC6ec5+EGhwr8D8Cs0jj4xVV2F/qxZXeD5+ILe+JY80UiBfonYrZjLafC2zf5/n2RO0Kh7A468b9IfrX/obR+5kVO3KBsSTdnwAlTQXbADOBECZPth4kRDzC7g+sNV3lsYiMiompStiD74QJFihRh2Y5GhITYvqIP+RJcBFZOv8iZgmzrbmSCWODFb+vZt9+DnA2pQkARWLT87/y5m79j4raLjOPr7RD8YQ1CvrmfDz+8n5Bj1QkuAl98Fpn3DIaLE/n63THbtqNHCWfgNh3rhcLKFP8Qxv6SNaAfWnKc8VshYEgVIkLq8+HEmnz2TSM2zi5JWmQCH3x7m2eqy4C5QJ/Qbt2NnotdzICPM24ABRWGsh1r2RXqvsnv74vcEQpld0wyP3wWT5FqpVi50IO0yHgWb8z8pGlhychQPD1D8PLaRZcx0UARko6eo43XbuaFJGeUPLP6GLW9DrAxFoiNY0qfPXh6huDpGULwsFP2Jxgr8/rsIbhPKLW9QvAK3E/jJ2JIS0ujS41Qfom08kmfA8yy92Hfd8fw9wqxt7+Hd7+x/fUY8vkhGnQLJxLYNusAwcNOMLbbLnu53bz73bUni33fXKvDv9tBurXZzcB5N5gRzPyXWdkyPP+CE7Y/T7P1PTicSKx8N+Vgxji9/A/wzb5r2y+3tmNDImhTezfBwXWJsHgAABoESURBVLvx9Ayh26zLxB66yEj7z56eIdQOPsTqQ7Zn6G2zDhA88Bgj08fof4AlGy8yto293dqhfBNy4212p5gz/fq6VivNQz5k/HW/bdYBatv3G0BsSAT+tQ+wLRYsJyIZ1mZXxvi7jYywB+Frx4Rtu+1j2LADmcqdyagv9+PuxvWnH+OeniHUbnOI1SdyP53jas70g0dpXp5Vip6PpC+88fGQ0c2QU/jXtv+uAFhiGFh7N1M2xjOry0lOpMHcTnvpM+tylmP9RvXf+Pfg5sZ4uyQlZM8TVr6efpUi1Tz4z8RyZI7d9Z+tyuuPFqU8KRllc9+2t/Z7mF3ktjN0q53+u7OLsUvu5O9OXs/FRSD8Mr3a7MKzku13fsm2vMd/M8daVvnfN5YzlxjbZ3eW37trpzfvhn0jCmV3yoko5m6H1gPK0rKjF48WgVnzIzOeOFePPcSwhVaGzPZl7TIvzu+1LTfV9OBB0njr4yh7yWSWz4nhUrMSNPSw8G6bI0z9/3buPiyq8074+JcjM8MIOCgMoiMSRCQmQTSUqq0biqtZK9rV+rJJNIlLWV+ycYm9NDytkjft04fotYZlIySxlia+pKiXNmuIrUYusmvQ5kGiJCoxQhBRdABnYJB5IcP+McAAyoCJxon9ff4Rz5xzn/vt3PM7577PfDCA7H1RHMrX07LLSMKTF7ECjadbKX7fxuw1QSyfPZiNGVoAlmQNI04PxlOtGB1tYDayJNXEqDUGikuiefVxJ5uXnafACJY6K/WnXAGhrdFB8Y4GPggLZl9BOMsnOslK/YpjVjAfqyJxmQnd43oKDt3HHFr48FMn52sc9MZicYLVidXqpKbkMm/ktcFoFQE98/6IlpPrz5KSeZ1Fvwmn6FA4S3QtrEg6S0GN53PbLTY+NTo5flxD+qpApj7YSuqPq8lr8Sf/UDSH8ocy+riFp355EXNHGfeaOBEWwr59YSRZWlg5t5rSHw0lf/tQJtbbWJHb4LHOvgs6oHDPBXJyqsjKqmTlgs/YXAnPPT4YAFujrbPdAOwWK1X1NhrsNrLmX2CXVkdB8VgK3tDx4bYrLG0fnDv6h"
20:58:37.190 [Forwarding screenshot on session f38f5520-bd02-11e6-b34a-8d0186b048d8 to remote] DEBUG org.apache.http.wire - http-outgoing-0 << "Kve7OzaBW/sG8Ub6Vo+3FZLbpEN8NTvek+/LOccaXkONu2LpviQgR+esvDUjEpuqDJ9AAsnwt6V5wmJKWPlukp2FNQTNi+K7PQwdECRh/7Qld1ip6reRnPHDUCTgxP1TpocKmb86xAAktOH89zPArr1dU/pe7oO+l3GO8F8nZKSRsrLLFwFzBcaKS9rpKTsOlazhWNVMG7OYCJvONCP9N1xbFoU1GfZPX3W3zHAWl7DlFm1VPxwCAVF0Wxdo2XLyvOsLujfmsFvrY+xGBSczjZqHwzhUNF9LB9tI23WWQ4bPZf/VvpaN/1uGwtr4r4i9wNfNuVHUbAthNpdRn48rwoz90jbCHzvdgb+VhzLr6MeHxbOcF2Qi5YoFOYZOVgzgjkGKx/vbkX/zEg2LAoGgnlvq5W41GZgII+v15CXUUdR9jASL7sGlCVvD0VTcpXNlZD8GwOPPuCHHS2/XmPmsY1Gjhj12AF9Sjib0kMBMB9rQVEczJ4VjJ4ud4btg0jFl82cvxLA7BdiSFgK0Xo4DoBP566KEsie7AgigfEZTeTOaqShCT450ICi1/FO9kgMwKTdCqdCKqjopT6cTicp8aWkdNmmKGq2/mc4Ohw98m5hZUgr+pRwsle4yrJpnw+FURfY9WcT6oq+z/1q4f2kxCpgtRKdM5xnfxBC4jCouezk0Z9e4fhf7Z1PmRQlsDMtFtdRmKXlzQ0jMAABaUZmbW+mxq7rtc6+C1rg+C4z5ggfLJY2jEbXWp3zZ5shPqh9L58uR7j+VtPe3F/aKD3TwoyfhFNcFIo6TAvc+EQn6+gDLIgBElW8t7Ecs6MNaz/63c3Sv7KzDWjj9KfNxM0YzP87OpDn1ZqbTBcOJP39cUzafYk9+SZ2bGlgx5YG4Cue2RbDhjmwJ6v3/pAQ1TUtd7m7/wExUwcxXmkgYlII8ZEqijr3t3hMP5XerwPs/S3j7Wf85CLTF3ZZhLr6AnsBRfHh7f8OpxZ4eJTKvX/ReWLmup+CRM4bypG3gjyUvZYgD/XSn+sQ4Hh+HfUobHh+GOEBTqJShpGSf568141kzIxAd2eqp5PnsRjAiaIE8l57OeJ3Ovkg6gIHP2nA5rHf9b+vdWN39qtt9i//mh1OePHQ/aTEq4Ag3sNGXGoDR43BfHAPtI2QoOw7YmHHNjtOJyyLL2VZl0/e2n6NOSmtfFAPj4x1z9eou9xMxc8PJSKjmj1HrAypqqMeLU/P9KPpsOsu5/21Fby/1r2/oqhd44EFHpk4sHO73QbgxNFzQadez+tZZv41zcTiva6BYPy8IWRt6nnf5oTg9rUWnem5xh6VRoF6R5cZyQB+EAGnPNTKqjfuY3oo2BxOCNAwftIg90XfNe9mGxXAghmD3AfrApkTAdtP20nVeT63ovgycmT7Q2E/Pwbbm1macImus0rK+I41Fa4yusfT7v93FdkHtYc6i/0ORq5aXGvKNiS6p/NynvycjLRqZs8K8nCkhn/LM/BFWg1rU75iLaBEash6M5rIHpGDoigMHdLxPxVjgl3rYpqueep3vae/KC2K9V+eZ+3Ll9j28iUUxYfH14ezcYW+25SNtcbCp9WQuCCCxAURZOOksqyO1/9PNbmplUyPH+6xP9AtKLtRZ/PYnK71aY6vgS5flH32t96vg0n9LOOdoJ82msrKr9FpHKyLO4M5M4bsGRrMtgHoNI3sAk6ccd+MBY4MYtMmDZpAH87k15L7kRWLp7J/2sLo3j7rx3XopuB0trIs8fPuW3WtWOAOf/H3MRanDwacME7lHgM0vowCThxtQsut9bs++xpAoIoH6Lttri32QVF8iB7pPj5gsGuNmrrx242RbnezbQTI9OV3wlh0hR1GWJR9H8VF0Rw6FE1x8X08Mx6Ob6ylTO9PUjCcOON+lKxWdVkQqg/hlz+FXZsqeOU1O+PS9MQC6gBX863a9xANDfE0NMRTWXIfWVlDGRvoCiB0g3sMAEDPFZ1WYyO1/jreq4unvCSabS8O5NO9DfzhaP9XuTpsTqDrItZmPquCgF72VxRfJj8azKTEYBKn6UnsGpDRI+86FcOB3Qe7vJlpbeFUFTwywa8f53Z2Pg00H6tk+kozo9KGU1LmqrftKT7c6vvvt6POvr2ul6+GCQ+pgFb39AnuplbT8dabjTPV8Nw7E2ioHEvB9qEkWWykLb3U5xRbx1eG537Xe/pnypqJmB9FQ8MEig+NJOPxAezKuMiRHic+995XzJxZzv7OqUiFyNhQNjyvc5XPz3N/6MbR1r0iNMqNTa3qsfi6j/7mibGfZbwzFHQ6FfgNgHpA7Qt+KnQ6Bfz8+dFEqMqtZX/74j+/yGBSUkawaIGBn8S09yVPZZ+o/ZbXoYvD1oqiaDnU3ncaGuIpyjeQszqY4NtdJT30ORZ37FjjdA+TtlYqgIeTAjz3i2/S16D/beNoc02r1rrvJu3NX7v+HfRtx8j2U9zFthEuEpTdcU7+st2EomhZuiiYmNhBxMcPIiYmmF+sCMDpvM4fC2Dioz5U5V4g53AjNeVG1v3ShLt5FGalDsH5aQuF9T78YrHrkYZukp55CmT9soKCMivGciOrZ3xFWlodDZ3fHV1eQXe04XQ6KSk0dV8EfOEaKSkXeC7zKvYhAYyNbh9V1O403N/zbTf9yYCEucE4nU3MX3mBYyX1rF9QwftOT3dWTux9voLdkfdBJD/uQ33eRTILTNRUNpKz8is+dMLD47Tf4NwQNkrLsGCFY7u/ZPG2th4737yMXT939Flnd5YOKD10hYL9tezff5ltmeXMzLRDxCDi9IBagfpGdh62UFlWy7NLzbj6k4PfPVXDPzxZwTHLAMbG+RMGMEpFYH/P7bHf9Z5+zR8v8tS8s+QUXSdsdCARoQqgoO5RZ7EzgolUIDWujKzdVykpMVGwo5KZ88wQEUic3nN/6CpwqBqn08kb/1FLZY2FbWsuuJ+Q2l39q/yjq5RVdoScbdj76G/u/W50up9lvLNU/ORVPT+NGtBt24o3wxmHndSEUtblXKbomImigsuse7KUhVuc7es5PZU9+LZch3GzgnA6W3hhdQ3lNTZKCipJXFjDiiP2O/w0sT9jsRXwxWk0sTrHSE1NIzmrL1KFwtSxnst/633t1tomYkoIyQo8v+QcRZU2akou88xTTRDsT1Qf14T3t43oINOXd5r5Gjv3wbjlrqdbXUXODiV5hYXcXQ3UvXM/FaZy1i48R8eMkKK4Y2Zd4lBS9A3kjQthVuesYgDZR8OxPlHN4vbHzYpeQ05hNLE42U/3N7D0UQFMVsxkppynKWAMmvbP/eLD2Z7ezOLMamIzqwEYv2goq6b58WWxAoaO6buuf3dw5VEXP5Ky/DZ+9piRmTuMjE8OYLJiYXhc9y9JN9/2n+a4uY68dZiTfT9V1nO8vPg8me11k749hhWxKqD3c6s1Frree+gmDePFZBMvrzzPjpWuKbdFi9Ts2nWd0+ablVHpcTvp+jzQQ519F7RA8ZYrFHfZNnleEBn/NwoDYEgZwdz8r1i7sJy1wN8vGkjwLjt2Anhpr57z84zMjHXdxyuRA3n31eH44eisd7XGFUx05W4TT/1O1Wv604YEsLy0grVzXXlSFB+W54xmWs9vhshhHPyzk2eW1vLysurOzfrJOg7kjXaVz0N/MBa58+4XO4w3Usws21xD/GZQJmuJVFraEwxgYZIPmZtrOWVW8abO3fae+lvR/t6vg8Q1kf0r4x2lMC1l5I2bDaEUfDKAjS9cZPPaS2zp2FvxJeU3BtJXhKKjj2vtG16H4O4/+kmRHMr+mifSapm8rRaAyOQQdm4IvbPV0q+xuI7pY5wokRrOZ1wgdq2rjBnvxjDTQB/l739fK9/Uo6z9bJv/LBxO6vxLzI3/zPX5+ADefWcMMUDMN24b9xh519pGdPJpa2vzkl/zEwBmoxULAzDobzLt6IGxxopd7YNBr+l7595YHdTUf406QI1ed2sPUWuKqnhuuw9b3hrpWtRsNjI16gIPv/sgm25joGI12qi3Q7BB03nn9k3O7arnb1lf8K3q7Lvg6hdqDPqeeXNirLFjV996X7sx/ZvVY+/pm402LD3asDdmo831R"
20:58:37.190 [Forwarding screenshot on session f38f5520-bd02-11e6-b34a-8d0186b048d8 to remote] DEBUG org.apache.http.wire - http-outgoing-0 << "Eqtumn93qw/3IzVbKPeAgbDrbV3f9O/Wb77W8a7wurAaAPsoO+l/T2V/bZch15+7XTkL8Dgd8MTJY918w37Wtfzem4bz9fu30Tb3MMkKBO3hbmkisjpdSiTB5I2aQCFWU2cQs3bJ2Ndd5j36LmFEC5yHXovaZvvDwnKxG1TWXSZ17dfo8rkJGzcIBaljGCS4bu5y7qb5xZCuMh16L2kbb4fJCgTQgghhPACEiYLIYQQQngBCcqEEEIIIbyABGVCCCGEEF5AgjIhhBBCCC8gQZkQQgghhBeQoEwIIYQQwgtIUCaEEEII4QUkKBNCCCGE8AISlAkhhBBCeAEJyoQQQgghvIAEZUIIIYQQXkCCMiGEEEIILyBBmRBCCCGEF5CgTAghhBDCC0hQJoQQQgjhBSQoE0IIIYTwAhKUCSGEEEJ4AQnKhBBCCCG8gARlQgghhBBeQIIyIe5lzc2YTCbsdzsfQggh+uR7tzMghLgDTGfY+eYOTtY7UGlVOFochE+cwz//fDL+N+xayJs7DlLvAAhiyvwnmZ0wAkxl/O617XzRAqjCmf/sUhLC1J3HnSt4jR3GH/PS0wntW5opzn+L/SWXAQifOJ+lP09ATX/YyEr+jJeLu2+dlx7OpvRQdD32XR3yGba3HyR7pl+/q+ROOLyulIVbnDdsV/Q6TpaPxnAX8iSE+P6SoEyIe03zGV77bR6BMxaz8j5fjKZWAvR+nN2zlVdyraxfntQlUKrl3byDfB0/n1/NeYDqw++wfc8eRsf9C5VvbueLkGmsWZpA2Tub2JN7gOiXfk4QJorz89hfcpmgePcQcrHw9+wvsTN/1Xqimw7z2617+POEOGZH9i8sa6wFZd5Qjv46COxQe+oKc5dVM3KSjoxETZc9VTz97kiI61+6d1LCimiK/klB3dzAz2Zd4ZFX7+PXSRosdl8JyIQQt0ymL4W4x5T+6Y/YpyxhKkfJzv0vzpw7ytbsHYQtXkV87UEOnGl272xvwRA3kfnJCQSp/YlNjEdFHabaL/hrPcyYP50QdRBJ8/4RVcspzpnA9Mmf2H/ajzFBYGvtSMjEx0XVjJn/FHG+V7mmfZhVK1fyd6G3FjhFjNQSExlATEwAiQsiWaUHc3MbxmNVJCefJjmmhJCpFRz8Qy1HzjeTmXyCdQXX24+2kjn1BOsPW6k5dpEFMSUMGVJCSEgp63Y3uvYor+XJ+PbtMZ+xu6yZrOQTrNxtaU/DQc6CUlbvv37T/PWkMwQQGzuQmLFaDMDQqAAiIwOIjfEDnBzOOsOQIa7zJa+7jBHAXM+TUz/jyeQThISUkfPKGRasLGdqSAkhISdYnXORdcmuY+IXVFIJYLzG6qknOsuzfn/jLdWrEOL7QYIyIe4pJs58oWH61GEUf1jL7DXP88TC5bywKpXokDAS4odxtfaae3d1JLOf+DnR/q5jC36/B4d2HNHBAFoCOmYHVb6dj9WD4h4n86Xl/ChKS6vDnZQv8MWezWRszCY3ezObd36MpedcaR+qvrBwrMTEsWPX2JF5ls1G0A8ZALZWiotbGJs+nLdfDMb8VzvVFhWTHhlA7iYjZoDyOjae8mFynJXnZl3BLz2KhoZ4/vyqhtwVtdTQyMof13A6aTjllx5i62w7K5JqefBRFbvWXXEFTJV1ZBS2MSVh4C3Wu9OVB0db55bK3ed4bH0r20sm0FAZxajdl1iSYwKc1JyyUTM2hLffHo7Bx07hLjurjz7EgfVatq29gnVJFGVFw9EVNpB/zMbhrErytMGUN8RzNGcgWelXXfkVQtxTZPpSiHuULzCg/QpvMlZzzW8Eva/AquW/XtvM/1wexmNrFhJCKdB6813Vrqdf1h4ftwKET+OFZ6fj33yG117J48PSqTw9IaR9Dzulhw5wrglobSU8IZnJke6oTa0D5/t1zPprPU5jG/pIDS9uiyJtkgpjURuKoiMjZRg6bHzcfkzi4lDYeJmj5gj83zHCT8OYpg8i4ZNojp5sImt9Hf+/sAUiglAbrXyEwusZw9D7wZwNsSSkg4FrBK+v5i81cH/+VUgKZUbXuUd7LYcOfEQTvrS2+pGQPJPIfgSb509eBxSO/K6CIzipqIfju69hfiIAMwqZGSOZpoPDH18geMlwZsZoMNeqUZQ2nl4QhAF/koIvYWxoY+hYLc4tdUyZ2kzK4iEU/k8o+r6zIIT4npGgTIh7ShCxY2x8cOQycxND2Prb16iM8+XkyTrmrAqnuuQyoYsGdz+k+Qy5r+RRqX2A5eufJlINmFwfuacnW2ntLUjr2KMFxkyc4HqRwH8kI7XQ1G0PB83Gq1xtAFpbGdz1MRtgN4P+mZGUb+g93LjhLVJDCOsnXuL3uRcJynWSdiAErI2sTjjHvggNaU8NZsY/tPDBtpsk5gcNn7egjg8hPama3227yIPbW1n+ur5H8NrEtUtXueoLra1DsHqshR4itEz8gT/2ZpiQNZB5aAHXiwH2m7wSa6cNgtWEAeDEBqCG2EUxFN9fz5GCa+zOrGHj80b2no8lUXdjGkKI7y8JyoS4x8T+4z/x4St5fDjtMVKX+GKytJIwOYCz72ZTEjabzOiuj3nq2Lkxj0oiWbw8mcCGWi62wuARkYzTOjj4fjFTnp5M6fuHcRDJsKDezhrE2Dgt7/7pL1yMe4LQq6cob4Eo365DjD9TnljOlNtaWhU/W6Vj7cIrKPpAPpmkAuM1PgJy3nuIBQbYv64O6u3U6tX8ECd/2HmNaSsGcyznLLMyfPmkbiyznw1i9dwrnFIGUjhN0/0U6mgWPht9yzkbalBB1deEJw1jks5KVvLnbBllIGXWgN4PcgD1N27e/S+lrGA4dW+NYcXiy4QkXOaa/M6JEPccCcqEuNf4j+W5X6WSn7eDrYdb0WqhpQUip8znhdkJ3Xa1V5ZyugWgku2bN7Zv1TL/Vy8xK3U2X2bvJz19P6BlWupjjOhyrK+vxhVEtJswP5VzW7LJzjgJQHD8HObE9hrF3UCtA4PGwzLXYJ/OP11hk+v/hmmhzFPMmJ4LJRJAH0BKkg/LYktYBoz/ezVg5WxlEP9+QM+MWRUMWQuKorD+QLTrmMShLFJMfJ4WSmy/c9yVgg7QqNx5jF0xmldPnGFmZIlrj8gA9uaFAUZA6XwDVgWda/fUKh8Idq9L6yjn7H8bTl7SJYbsvQTA5GeGkyTzl0Lcc3za2tra+t5NCPG9ZG+m2QH+/re44t6dAKa66wwMCern741Bs8mEQzWQIP+7+5MVZqMNAjXoblhI58RodBCo17inKWuuMjWuml8cjWdRzO3Nh9Vso8muoNervmVKrnyr1Rp0Mm0pxD1JgjIhxN+0kpzPmL7WhjIvjItvGTy8DCGEEHeWBGVCiL9tVisln9oZPWkQ8gBKCHE3SVAmhBBCCOEF5MdjhRBCCCG8gARlQgghhBBeQIIyIYQQQggvIEGZEEIIIYQXkKBMCCGEEMILSFAmhBBCCOEFJCgTQgghhPACEpQJIYQQQngBCcqEEEIIIbyABGVCCCGEEF5AgjIhhBBCCC8gQZkQQgghhBeQoEwIIYQQwgtIUCaEEEII4QUkKBNCCCGE8AISlAkhhBBCeAEJyoQQQgghvIAEZUIIIYQQXkCCMiGEEEIILyBBmRBCCCGEF5CgTAghhBDCC0hQJoQQQgjhBSQoE0IIIYTwAhKUCSGEEEJ4AQnKhBBCCCG8wP8COOlpscHZbk8AAAAASUVORK5CYII="}"
20:58:37.190 [Forwarding screenshot on session f38f5520-bd02-11e6-b34a-8d0186b048d8 to remote] DEBUG org.apache.http.impl.conn.PoolingHttpClientConnectionManager - Connection [id: 0][route: {}->http://localhost:25620] can be kept alive indefinitely
20:58:37.190 [Forwarding screenshot on session f38f5520-bd02-11e6-b34a-8d0186b048d8 to remote] DEBUG org.apache.http.impl.conn.PoolingHttpClientConnectionManager - Connection released: [id: 0][route: {}->http://localhost:25620][total kept alive: 1; route allocated: 1 of 2000; total allocated: 1 of 2000]
20:58:37.203 [Forwarding findElements on session f38f5520-bd02-11e6-b34a-8d0186b048d8 to remote] DEBUG org.apache.http.client.protocol.RequestAddCookies - CookieSpec selected: default
20:58:37.203 [Forwarding findElements on session f38f5520-bd02-11e6-b34a-8d0186b048d8 to remote] DEBUG org.apache.http.client.protocol.RequestAuthCache - Auth cache not set in the context
20:58:37.203 [Forwarding findElements on session f38f5520-bd02-11e6-b34a-8d0186b048d8 to remote] DEBUG org.apache.http.impl.conn.PoolingHttpClientConnectionManager - Connection request: [route: {}->http://localhost:25620][total kept alive: 1; route allocated: 1 of 2000; total allocated: 1 of 2000]
20:58:37.204 [Forwarding findElements on session f38f5520-bd02-11e6-b34a-8d0186b048d8 to remote] DEBUG org.apache.http.impl.conn.PoolingHttpClientConnectionManager - Connection leased: [id: 0][route: {}->http://localhost:25620][total kept alive: 0; route allocated: 1 of 2000; total allocated: 1 of 2000]
20:58:37.204 [Forwarding findElements on session f38f5520-bd02-11e6-b34a-8d0186b048d8 to remote] DEBUG org.apache.http.impl.execchain.MainClientExec - Stale connection check
20:58:37.205 [Forwarding findElements on session f38f5520-bd02-11e6-b34a-8d0186b048d8 to remote] DEBUG org.apache.http.wire - http-outgoing-0 << "[read] I/O error: Read timed out"
20:58:37.206 [Forwarding findElements on session f38f5520-bd02-11e6-b34a-8d0186b048d8 to remote] DEBUG org.apache.http.impl.conn.DefaultManagedHttpClientConnection - http-outgoing-0: set socket timeout to 10800000
20:58:37.206 [Forwarding findElements on session f38f5520-bd02-11e6-b34a-8d0186b048d8 to remote] DEBUG org.apache.http.impl.execchain.MainClientExec - Executing request POST /session/f38f5520-bd02-11e6-b34a-8d0186b048d8/elements HTTP/1.1
20:58:37.206 [Forwarding findElements on session f38f5520-bd02-11e6-b34a-8d0186b048d8 to remote] DEBUG org.apache.http.impl.execchain.MainClientExec - Target auth state: UNCHALLENGED
20:58:37.206 [Forwarding findElements on session f38f5520-bd02-11e6-b34a-8d0186b048d8 to remote] DEBUG org.apache.http.impl.execchain.MainClientExec - Proxy auth state: UNCHALLENGED
20:58:37.207 [Forwarding findElements on session f38f5520-bd02-11e6-b34a-8d0186b048d8 to remote] DEBUG org.apache.http.headers - http-outgoing-0 >> POST /session/f38f5520-bd02-11e6-b34a-8d0186b048d8/elements HTTP/1.1
20:58:37.207 [Forwarding findElements on session f38f5520-bd02-11e6-b34a-8d0186b048d8 to remote] DEBUG org.apache.http.headers - http-outgoing-0 >> Content-Type: application/json; charset=utf-8
20:58:37.207 [Forwarding findElements on session f38f5520-bd02-11e6-b34a-8d0186b048d8 to remote] DEBUG org.apache.http.headers - http-outgoing-0 >> Content-Length: 36
20:58:37.207 [Forwarding findElements on session f38f5520-bd02-11e6-b34a-8d0186b048d8 to remote] DEBUG org.apache.http.headers - http-outgoing-0 >> Host: localhost:25620
20:58:37.208 [Forwarding findElements on session f38f5520-bd02-11e6-b34a-8d0186b048d8 to remote] DEBUG org.apache.http.headers - http-outgoing-0 >> Connection: Keep-Alive
20:58:37.208 [Forwarding findElements on session f38f5520-bd02-11e6-b34a-8d0186b048d8 to remote] DEBUG org.apache.http.headers - http-outgoing-0 >> User-Agent: Apache-HttpClient/4.5.2 (Java/1.8.0_101)
20:58:37.208 [Forwarding findElements on session f38f5520-bd02-11e6-b34a-8d0186b048d8 to remote] DEBUG org.apache.http.headers - http-outgoing-0 >> Accept-Encoding: gzip,deflate
20:58:37.208 [Forwarding findElements on session f38f5520-bd02-11e6-b34a-8d0186b048d8 to remote] DEBUG org.apache.http.wire - http-outgoing-0 >> "POST /session/f38f5520-bd02-11e6-b34a-8d0186b048d8/elements HTTP/1.1[\r][\n]"
20:58:37.208 [Forwarding findElements on session f38f5520-bd02-11e6-b34a-8d0186b048d8 to remote] DEBUG org.apache.http.wire - http-outgoing-0 >> "Content-Type: application/json; charset=utf-8[\r][\n]"
20:58:37.208 [Forwarding findElements on session f38f5520-bd02-11e6-b34a-8d0186b048d8 to remote] DEBUG org.apache.http.wire - http-outgoing-0 >> "Content-Length: 36[\r][\n]"
20:58:37.208 [Forwarding findElements on session f38f5520-bd02-11e6-b34a-8d0186b048d8 to remote] DEBUG org.apache.http.wire - http-outgoing-0 >> "Host: localhost:25620[\r][\n]"
20:58:37.208 [Forwarding findElements on session f38f5520-bd02-11e6-b34a-8d0186b048d8 to remote] DEBUG org.apache.http.wire - http-outgoing-0 >> "Connection: Keep-Alive[\r][\n]"
20:58:37.209 [Forwarding findElements on session f38f5520-bd02-11e6-b34a-8d0186b048d8 to remote] DEBUG org.apache.http.wire - http-outgoing-0 >> "User-Agent: Apache-HttpClient/4.5.2 (Java/1.8.0_101)[\r][\n]"
20:58:37.209 [Forwarding findElements on session f38f5520-bd02-11e6-b34a-8d0186b048d8 to remote] DEBUG org.apache.http.wire - http-outgoing-0 >> "Accept-Encoding: gzip,deflate[\r][\n]"
20:58:37.209 [Forwarding findElements on session f38f5520-bd02-11e6-b34a-8d0186b048d8 to remote] DEBUG org.apache.http.wire - http-outgoing-0 >> "[\r][\n]"
20:58:37.209 [Forwarding findElements on session f38f5520-bd02-11e6-b34a-8d0186b048d8 to remote] DEBUG org.apache.http.wire - http-outgoing-0 >> "{"using":"class name","value":"lsb"}"
20:58:37.277 [Forwarding findElements on session f38f5520-bd02-11e6-b34a-8d0186b048d8 to remote] DEBUG org.apache.http.wire - http-outgoing-0 << "HTTP/1.1 200 OK[\r][\n]"
20:58:37.279 [Forwarding findElements on session f38f5520-bd02-11e6-b34a-8d0186b048d8 to remote] DEBUG org.apache.http.wire - http-outgoing-0 << "Cache: no-cache[\r][\n]"
20:58:37.279 [Forwarding findElements on session f38f5520-bd02-11e6-b34a-8d0186b048d8 to remote] DEBUG org.apache.http.wire - http-outgoing-0 << "Content-Length: 139[\r][\n]"
20:58:37.279 [Forwarding findElements on session f38f5520-bd02-11e6-b34a-8d0186b048d8 to remote] DEBUG org.apache.http.wire - http-outgoing-0 << "Content-Type: application/json;charset=UTF-8[\r][\n]"
20:58:37.280 [Forwarding findElements on session f38f5520-bd02-11e6-b34a-8d0186b048d8 to remote] DEBUG org.apache.http.wire - http-outgoing-0 << "[\r][\n]"
20:58:37.280 [Forwarding findElements on session f38f5520-bd02-11e6-b34a-8d0186b048d8 to remote] DEBUG org.apache.http.headers - http-outgoing-0 << HTTP/1.1 200 OK
20:58:37.280 [Forwarding findElements on session f38f5520-bd02-11e6-b34a-8d0186b048d8 to remote] DEBUG org.apache.http.headers - http-outgoing-0 << Cache: no-cache
20:58:37.280 [Forwarding findElements on session f38f5520-bd02-11e6-b34a-8d0186b048d8 to remote] DEBUG org.apache.http.headers - http-outgoing-0 << Content-Length: 139
20:58:37.280 [Forwarding findElements on session f38f5520-bd02-11e6-b34a-8d0186b048d8 to remote] DEBUG org.apache.http.headers - http-outgoing-0 << Content-Type: application/json;charset=UTF-8
20:58:37.280 [Forwarding findElements on session f38f5520-bd02-11e6-b34a-8d0186b048d8 to remote] DEBUG org.apache.http.impl.execchain.MainClientExec - Connection can be kept alive indefinitely
20:58:37.280 [Forwarding findElements on session f38f5520-bd02-11e6-b34a-8d0186b048d8 to remote] DEBUG org.apache.http.wire - http-outgoing-0 << "{"sessionId":"f38f5520-bd02-11e6-b34a-8d0186b048d8","status":0,"value":[{"ELEMENT":":wdc:1481173115993"},{"ELEMENT":":wdc:1481173115994"}]}"
20:58:37.280 [Forwarding findElements on session f38f5520-bd02-11e6-b34a-8d0186b048d8 to remote] DEBUG org.apache.http.impl.conn.PoolingHttpClientConnectionManager - Connection [id: 0][route: {}->http://localhost:25620] can be kept alive indefinitely
20:58:37.281 [Forwarding findElements on session f38f5520-bd02-11e6-b34a-8d0186b048d8 to remote] DEBUG org.apache.http.impl.conn.PoolingHttpClientConnectionManager - Connection released: [id: 0][route: {}->http://localhost:25620][total kept alive: 1; route allocated: 1 of 2000; total allocated: 1 of 2000]
20:58:37.283 [Forwarding clickElement on session f38f5520-bd02-11e6-b34a-8d0186b048d8 to remote] DEBUG org.apache.http.client.protocol.RequestAddCookies - CookieSpec selected: default
20:58:37.283 [Forwarding clickElement on session f38f5520-bd02-11e6-b34a-8d0186b048d8 to remote] DEBUG org.apache.http.client.protocol.RequestAuthCache - Auth cache not set in the context
20:58:37.283 [Forwarding clickElement on session f38f5520-bd02-11e6-b34a-8d0186b048d8 to remote] DEBUG org.apache.http.impl.conn.PoolingHttpClientConnectionManager - Connection request: [route: {}->http://localhost:25620][total kept alive: 1; route allocated: 1 of 2000; total allocated: 1 of 2000]
20:58:37.283 [Forwarding clickElement on session f38f5520-bd02-11e6-b34a-8d0186b048d8 to remote] DEBUG org.apache.http.impl.conn.PoolingHttpClientConnectionManager - Connection leased: [id: 0][route: {}->http://localhost:25620][total kept alive: 0; route allocated: 1 of 2000; total allocated: 1 of 2000]
20:58:37.283 [Forwarding clickElement on session f38f5520-bd02-11e6-b34a-8d0186b048d8 to remote] DEBUG org.apache.http.impl.execchain.MainClientExec - Stale connection check
20:58:37.285 [Forwarding clickElement on session f38f5520-bd02-11e6-b34a-8d0186b048d8 to remote] DEBUG org.apache.http.wire - http-outgoing-0 << "[read] I/O error: Read timed out"
20:58:37.285 [Forwarding clickElement on session f38f5520-bd02-11e6-b34a-8d0186b048d8 to remote] DEBUG org.apache.http.impl.conn.DefaultManagedHttpClientConnection - http-outgoing-0: set socket timeout to 10800000
20:58:37.285 [Forwarding clickElement on session f38f5520-bd02-11e6-b34a-8d0186b048d8 to remote] DEBUG org.apache.http.impl.execchain.MainClientExec - Executing request POST /session/f38f5520-bd02-11e6-b34a-8d0186b048d8/element/%3Awdc%3A1481173115993/click HTTP/1.1
20:58:37.285 [Forwarding clickElement on session f38f5520-bd02-11e6-b34a-8d0186b048d8 to remote] DEBUG org.apache.http.impl.execchain.MainClientExec - Target auth state: UNCHALLENGED
20:58:37.285 [Forwarding clickElement on session f38f5520-bd02-11e6-b34a-8d0186b048d8 to remote] DEBUG org.apache.http.impl.execchain.MainClientExec - Proxy auth state: UNCHALLENGED
20:58:37.285 [Forwarding clickElement on session f38f5520-bd02-11e6-b34a-8d0186b048d8 to remote] DEBUG org.apache.http.headers - http-outgoing-0 >> POST /session/f38f5520-bd02-11e6-b34a-8d0186b048d8/element/%3Awdc%3A1481173115993/click HTTP/1.1
20:58:37.292 [Forwarding clickElement on session f38f5520-bd02-11e6-b34a-8d0186b048d8 to remote] DEBUG org.apache.http.headers - http-outgoing-0 >> Content-Type: application/json; charset=utf-8
20:58:37.294 [Forwarding clickElement on session f38f5520-bd02-11e6-b34a-8d0186b048d8 to remote] DEBUG org.apache.http.headers - http-outgoing-0 >> Content-Length: 27
20:58:37.295 [Forwarding clickElement on session f38f5520-bd02-11e6-b34a-8d0186b048d8 to remote] DEBUG org.apache.http.headers - http-outgoing-0 >> Host: localhost:25620
20:58:37.296 [Forwarding clickElement on session f38f5520-bd02-11e6-b34a-8d0186b048d8 to remote] DEBUG org.apache.http.headers - http-outgoing-0 >> Connection: Keep-Alive
20:58:37.296 [Forwarding clickElement on session f38f5520-bd02-11e6-b34a-8d0186b048d8 to remote] DEBUG org.apache.http.headers - http-outgoing-0 >> User-Agent: Apache-HttpClient/4.5.2 (Java/1.8.0_101)
20:58:37.296 [Forwarding clickElement on session f38f5520-bd02-11e6-b34a-8d0186b048d8 to remote] DEBUG org.apache.http.headers - http-outgoing-0 >> Accept-Encoding: gzip,deflate
20:58:37.296 [Forwarding clickElement on session f38f5520-bd02-11e6-b34a-8d0186b048d8 to remote] DEBUG org.apache.http.wire - http-outgoing-0 >> "POST /session/f38f5520-bd02-11e6-b34a-8d0186b048d8/element/%3Awdc%3A1481173115993/click HTTP/1.1[\r][\n]"
20:58:37.296 [Forwarding clickElement on session f38f5520-bd02-11e6-b34a-8d0186b048d8 to remote] DEBUG org.apache.http.wire - http-outgoing-0 >> "Content-Type: application/json; charset=utf-8[\r][\n]"
20:58:37.297 [Forwarding clickElement on session f38f5520-bd02-11e6-b34a-8d0186b048d8 to remote] DEBUG org.apache.http.wire - http-outgoing-0 >> "Content-Length: 27[\r][\n]"
20:58:37.297 [Forwarding clickElement on session f38f5520-bd02-11e6-b34a-8d0186b048d8 to remote] DEBUG org.apache.http.wire - http-outgoing-0 >> "Host: localhost:25620[\r][\n]"
20:58:37.297 [Forwarding clickElement on session f38f5520-bd02-11e6-b34a-8d0186b048d8 to remote] DEBUG org.apache.http.wire - http-outgoing-0 >> "Connection: Keep-Alive[\r][\n]"
20:58:37.297 [Forwarding clickElement on session f38f5520-bd02-11e6-b34a-8d0186b048d8 to remote] DEBUG org.apache.http.wire - http-outgoing-0 >> "User-Agent: Apache-HttpClient/4.5.2 (Java/1.8.0_101)[\r][\n]"
20:58:37.297 [Forwarding clickElement on session f38f5520-bd02-11e6-b34a-8d0186b048d8 to remote] DEBUG org.apache.http.wire - http-outgoing-0 >> "Accept-Encoding: gzip,deflate[\r][\n]"
20:58:37.297 [Forwarding clickElement on session f38f5520-bd02-11e6-b34a-8d0186b048d8 to remote] DEBUG org.apache.http.wire - http-outgoing-0 >> "[\r][\n]"
20:58:37.297 [Forwarding clickElement on session f38f5520-bd02-11e6-b34a-8d0186b048d8 to remote] DEBUG org.apache.http.wire - http-outgoing-0 >> "{"id":":wdc:1481173115993"}"
20:58:38.343 [Forwarding clickElement on session f38f5520-bd02-11e6-b34a-8d0186b048d8 to remote] DEBUG org.apache.http.wire - http-outgoing-0 << "HTTP/1.1 200 OK[\r][\n]"
20:58:38.344 [Forwarding clickElement on session f38f5520-bd02-11e6-b34a-8d0186b048d8 to remote] DEBUG org.apache.http.wire - http-outgoing-0 << "Cache: no-cache[\r][\n]"
20:58:38.345 [Forwarding clickElement on session f38f5520-bd02-11e6-b34a-8d0186b048d8 to remote] DEBUG org.apache.http.wire - http-outgoing-0 << "Content-Length: 74[\r][\n]"
20:58:38.345 [Forwarding clickElement on session f38f5520-bd02-11e6-b34a-8d0186b048d8 to remote] DEBUG org.apache.http.wire - http-outgoing-0 << "Content-Type: application/json;charset=UTF-8[\r][\n]"
20:58:38.346 [Forwarding clickElement on session f38f5520-bd02-11e6-b34a-8d0186b048d8 to remote] DEBUG org.apache.http.wire - http-outgoing-0 << "[\r][\n]"
20:58:38.346 [Forwarding clickElement on session f38f5520-bd02-11e6-b34a-8d0186b048d8 to remote] DEBUG org.apache.http.headers - http-outgoing-0 << HTTP/1.1 200 OK
20:58:38.346 [Forwarding clickElement on session f38f5520-bd02-11e6-b34a-8d0186b048d8 to remote] DEBUG org.apache.http.headers - http-outgoing-0 << Cache: no-cache
20:58:38.346 [Forwarding clickElement on session f38f5520-bd02-11e6-b34a-8d0186b048d8 to remote] DEBUG org.apache.http.headers - http-outgoing-0 << Content-Length: 74
20:58:38.346 [Forwarding clickElement on session f38f5520-bd02-11e6-b34a-8d0186b048d8 to remote] DEBUG org.apache.http.headers - http-outgoing-0 << Content-Type: application/json;charset=UTF-8
20:58:38.346 [Forwarding clickElement on session f38f5520-bd02-11e6-b34a-8d0186b048d8 to remote] DEBUG org.apache.http.impl.execchain.MainClientExec - Connection can be kept alive indefinitely
20:58:38.346 [Forwarding clickElement on session f38f5520-bd02-11e6-b34a-8d0186b048d8 to remote] DEBUG org.apache.http.wire - http-outgoing-0 << "{"sessionId":"f38f5520-bd02-11e6-b34a-8d0186b048d8","status":0,"value":{}}"
20:58:38.346 [Forwarding clickElement on session f38f5520-bd02-11e6-b34a-8d0186b048d8 to remote] DEBUG org.apache.http.impl.conn.PoolingHttpClientConnectionManager - Connection [id: 0][route: {}->http://localhost:25620] can be kept alive indefinitely
20:58:38.346 [Forwarding clickElement on session f38f5520-bd02-11e6-b34a-8d0186b048d8 to remote] DEBUG org.apache.http.impl.conn.PoolingHttpClientConnectionManager - Connection released: [id: 0][route: {}->http://localhost:25620][total kept alive: 1; route allocated: 1 of 2000; total allocated: 1 of 2000]
20:58:38.348 [Forwarding screenshot on session f38f5520-bd02-11e6-b34a-8d0186b048d8 to remote] DEBUG org.apache.http.client.protocol.RequestAddCookies - CookieSpec selected: default
20:58:38.348 [Forwarding screenshot on session f38f5520-bd02-11e6-b34a-8d0186b048d8 to remote] DEBUG org.apache.http.client.protocol.RequestAuthCache - Auth cache not set in the context
20:58:38.348 [Forwarding screenshot on session f38f5520-bd02-11e6-b34a-8d0186b048d8 to remote] DEBUG org.apache.http.impl.conn.PoolingHttpClientConnectionManager - Connection request: [route: {}->http://localhost:25620][total kept alive: 1; route allocated: 1 of 2000; total allocated: 1 of 2000]
20:58:38.348 [Forwarding screenshot on session f38f5520-bd02-11e6-b34a-8d0186b048d8 to remote] DEBUG org.apache.http.impl.conn.PoolingHttpClientConnectionManager - Connection leased: [id: 0][route: {}->http://localhost:25620][total kept alive: 0; route allocated: 1 of 2000; total allocated: 1 of 2000]
20:58:38.348 [Forwarding screenshot on session f38f5520-bd02-11e6-b34a-8d0186b048d8 to remote] DEBUG org.apache.http.impl.execchain.MainClientExec - Stale connection check
20:58:38.350 [Forwarding screenshot on session f38f5520-bd02-11e6-b34a-8d0186b048d8 to remote] DEBUG org.apache.http.wire - http-outgoing-0 << "[read] I/O error: Read timed out"
20:58:38.350 [Forwarding screenshot on session f38f5520-bd02-11e6-b34a-8d0186b048d8 to remote] DEBUG org.apache.http.impl.conn.DefaultManagedHttpClientConnection - http-outgoing-0: set socket timeout to 10800000
20:58:38.350 [Forwarding screenshot on session f38f5520-bd02-11e6-b34a-8d0186b048d8 to remote] DEBUG org.apache.http.impl.execchain.MainClientExec - Executing request GET /session/f38f5520-bd02-11e6-b34a-8d0186b048d8/screenshot HTTP/1.1
20:58:38.350 [Forwarding screenshot on session f38f5520-bd02-11e6-b34a-8d0186b048d8 to remote] DEBUG org.apache.http.impl.execchain.MainClientExec - Target auth state: UNCHALLENGED
20:58:38.350 [Forwarding screenshot on session f38f5520-bd02-11e6-b34a-8d0186b048d8 to remote] DEBUG org.apache.http.impl.execchain.MainClientExec - Proxy auth state: UNCHALLENGED
20:58:38.350 [Forwarding screenshot on session f38f5520-bd02-11e6-b34a-8d0186b048d8 to remote] DEBUG org.apache.http.headers - http-outgoing-0 >> GET /session/f38f5520-bd02-11e6-b34a-8d0186b048d8/screenshot HTTP/1.1
20:58:38.350 [Forwarding screenshot on session f38f5520-bd02-11e6-b34a-8d0186b048d8 to remote] DEBUG org.apache.http.headers - http-outgoing-0 >> Cache-Control: no-cache
20:58:38.350 [Forwarding screenshot on session f38f5520-bd02-11e6-b34a-8d0186b048d8 to remote] DEBUG org.apache.http.headers - http-outgoing-0 >> Host: localhost:25620
20:58:38.350 [Forwarding screenshot on session f38f5520-bd02-11e6-b34a-8d0186b048d8 to remote] DEBUG org.apache.http.headers - http-outgoing-0 >> Connection: Keep-Alive
20:58:38.350 [Forwarding screenshot on session f38f5520-bd02-11e6-b34a-8d0186b048d8 to remote] DEBUG org.apache.http.headers - http-outgoing-0 >> User-Agent: Apache-HttpClient/4.5.2 (Java/1.8.0_101)
20:58:38.350 [Forwarding screenshot on session f38f5520-bd02-11e6-b34a-8d0186b048d8 to remote] DEBUG org.apache.http.headers - http-outgoing-0 >> Accept-Encoding: gzip,deflate
20:58:38.350 [Forwarding screenshot on session f38f5520-bd02-11e6-b34a-8d0186b048d8 to remote] DEBUG org.apache.http.wire - http-outgoing-0 >> "GET /session/f38f5520-bd02-11e6-b34a-8d0186b048d8/screenshot HTTP/1.1[\r][\n]"
20:58:38.351 [Forwarding screenshot on session f38f5520-bd02-11e6-b34a-8d0186b048d8 to remote] DEBUG org.apache.http.wire - http-outgoing-0 >> "Cache-Control: no-cache[\r][\n]"
20:58:38.351 [Forwarding screenshot on session f38f5520-bd02-11e6-b34a-8d0186b048d8 to remote] DEBUG org.apache.http.wire - http-outgoing-0 >> "Host: localhost:25620[\r][\n]"
20:58:38.351 [Forwarding screenshot on session f38f5520-bd02-11e6-b34a-8d0186b048d8 to remote] DEBUG org.apache.http.wire - http-outgoing-0 >> "Connection: Keep-Alive[\r][\n]"
20:58:38.351 [Forwarding screenshot on session f38f5520-bd02-11e6-b34a-8d0186b048d8 to remote] DEBUG org.apache.http.wire - http-outgoing-0 >> "User-Agent: Apache-HttpClient/4.5.2 (Java/1.8.0_101)[\r][\n]"
20:58:38.351 [Forwarding screenshot on session f38f5520-bd02-11e6-b34a-8d0186b048d8 to remote] DEBUG org.apache.http.wire - http-outgoing-0 >> "Accept-Encoding: gzip,deflate[\r][\n]"
20:58:38.351 [Forwarding screenshot on session f38f5520-bd02-11e6-b34a-8d0186b048d8 to remote] DEBUG org.apache.http.wire - http-outgoing-0 >> "[\r][\n]"
20:58:39.331 [Forwarding screenshot on session f38f5520-bd02-11e6-b34a-8d0186b048d8 to remote] DEBUG org.apache.http.wire - http-outgoing-0 << "HTTP/1.1 200 OK[\r][\n]"
20:58:39.331 [Forwarding screenshot on session f38f5520-bd02-11e6-b34a-8d0186b048d8 to remote] DEBUG org.apache.http.wire - http-outgoing-0 << "Cache: no-cache[\r][\n]"
20:58:39.331 [Forwarding screenshot on session f38f5520-bd02-11e6-b34a-8d0186b048d8 to remote] DEBUG org.apache.http.wire - http-outgoing-0 << "Content-Length: 458706[\r][\n]"
20:58:39.332 [Forwarding screenshot on session f38f5520-bd02-11e6-b34a-8d0186b048d8 to remote] DEBUG org.apache.http.wire - http-outgoing-0 << "Content-Type: application/json;charset=UTF-8[\r][\n]"
20:58:39.332 [Forwarding screenshot on session f38f5520-bd02-11e6-b34a-8d0186b048d8 to remote] DEBUG org.apache.http.wire - http-outgoing-0 << "[\r][\n]"
20:58:39.332 [Forwarding screenshot on session f38f5520-bd02-11e6-b34a-8d0186b048d8 to remote] DEBUG org.apache.http.headers - http-outgoing-0 << HTTP/1.1 200 OK
20:58:39.332 [Forwarding screenshot on session f38f5520-bd02-11e6-b34a-8d0186b048d8 to remote] DEBUG org.apache.http.headers - http-outgoing-0 << Cache: no-cache
20:58:39.332 [Forwarding screenshot on session f38f5520-bd02-11e6-b34a-8d0186b048d8 to remote] DEBUG org.apache.http.headers - http-outgoing-0 << Content-Length: 458706
20:58:39.332 [Forwarding screenshot on session f38f5520-bd02-11e6-b34a-8d0186b048d8 to remote] DEBUG org.apache.http.headers - http-outgoing-0 << Content-Type: application/json;charset=UTF-8
20:58:39.332 [Forwarding screenshot on session f38f5520-bd02-11e6-b34a-8d0186b048d8 to remote] DEBUG org.apache.http.impl.execchain.MainClientExec - Connection can be kept alive indefinitely
20:58:39.333 [Forwarding screenshot on session f38f5520-bd02-11e6-b34a-8d0186b048d8 to remote] DEBUG org.apache.http.wire - http-outgoing-0 << "{"sessionId":"f38f5520-bd02-11e6-b34a-8d0186b048d8","status":0,"value":"iVBORw0KGgoAAAANSUhEUgAABFgAAAW9CAYAAADV/eYgAAAACXBIWXMAAAsTAAALEwEAmpwYAAAgAElEQVR4nOzdeVxUdd//8ddhYEAQAQXRUTQwlEslsbTFEM0FUyvNzFKrX1pXdmm3qWVp3u63aV25tMh1tShdmdp2uWRmuZVKZlqpqbiQoqm4UYAgwsBwfn8Mq4KC4Fbv5+Phw5mzfM/nnDnnMOcz38UIDw83+Ytb0qD61Q7hsur5W8bVDkFERERERETksnBxcSEvL+9qh4HL1Q5ARERERERERORSWSyWqx0CAK5XO4BrgWp4iIiIiIiIiFyfLBYLOTk5VzsM1WARERERERERkeuXq+u1UXdECRYRERERERERuW5dK02ElGARERERERERkeuWEiwiIiIiIiIiIpWkBIuIiIiIiIiISCW5ublVeJ3OnTuzZs0a1qxZQ9euXaskDiVYREREREREROS65eJy8dRGtWrV6NixY+F7Hx+fwteBgYGFrzt27Ii7u/slxXFtdLUrIiIiIiIiInIJLjaKULVq1Zg2bRrNmzenRYsWzJgxg5o1axbOL0i2PPvss9x3333s3LmTF154gezs7ArFYYSHh5sVWcEMieKpBzvxt3q18HJ3JftMMgd3xDFn7pekGUaFNl4RUX8fx71Bx5g59h2SLuN2zmWGPsjMcY/QoqE/HhZwZCXz4/L3GDFj2RWLAcA0Q5n84WvcVvM0Hw57hHkJlT8Gpmlj4PihBB3+kkmx66sgymuDaevEmKGdqOFI4ctXp7E+rehYmT5RjHqhG36cZMmr09mUduXOpbIUxOvlcBROcziyST2ewFezFxBvGFf0/Dd9ohg1+l78TsfzxpS5JbZnhvRg/D/aQeKXTIpZXfGyTRsDxwyhiRc4zptrgTN7mX3ONovzuf1RRj8QzOqZE1mddJmPg60TY4Z3gfhlvFzs+jB9bmfU6J6kr36HmNUHLmsMl+pK3aeLfx5bGgxk9ANBFf5srrfrVUREROTPyLRFMeTxLtxYxxd3CziyU9mzcRkxn20CoGXfETx0c11O7/ual9+t+HPAhVRF2Y0aNWL//v1lzo+KimL8+PGF79PS0krUYClt2oQJE9iwYUOF4qhQEyGz5aPEjB1Am7AgvHJTOXo0GWrYCI/qw8vj+1VowxVVu249/IPq4ntZt1KSaT7I5/8dS6cWwQT4euPt7Y1vQDCdHp/C0kn3XsFIALwIDgumblAYNq+qKtODug0CaRBcu6oKvDZ4+FIvMJBAWxjtOzcqMatR+0jCbIEE2poQXOsqxXeu/Hhtgf74+zv/2YKCCW8dzcg3nyPENK/o+W+krWf/aXcCQ6N4sl+zEvMGPnUvwf41OPbzlkss3YMafgX7GYjNZsNmsxHoXzDND48LrF2rfjCB/g0IuNBCVcXDl3r+/oRG9WdAy2J56Fr1CQ0MpI7vlQii4q7kfbpWYDCB/sEEeECt+kGX9tlcb9eriIiIyJ+MaUbx8pQBtA614eftiaenJ95+Nlp3H8SUAbcD0OhvTQn09yckKKDKt18VZV+sBsuaNWtYunRp4ftzkyvnTlu6dClr166teBzlXdA0Q3huQAc8cbBjyQxmLI0vnD7stZeICG5P35AFLDxweX5hzMkFHLlklTdeW29iptzFN5MH89klxtT4yY4EA3CKL1+fxReHajNo3LO08IXge/oROfZz4q5gbZocO+BuJyPJ+b62aXKystt3gCO30qFdcwpqR9S76U74rKiWwZ23Nsx/lUvOFY+qDFnOCzFx2StMWuqM1TRtDJw8hqigJtzWCDIreP5X1qdTYrlpzlCCox8jasGLrDcMbF1HEBVoIXnLfN7dlHZJ5RrGAV4fOQhw7uOomCmEuSYw7qkpRbVWLnRO5+QC2WT+Dqbpg2FcWhzlklVwHlmJenIU6wZP44BhFE6/Fi+bK32fPrB0EsO2+JCWZBASngs4Lum6uq6uVxEREZE/mXrdWmEDIIWNn3zCd8f96DmgD6HeYLszmqZzvyf++zXUPl6doz+vq/LtV0XZFxtFyM3NjWnTptG+ffvCREpycjJfffUVAHfffTf+/v6AsybLtGnT8PT0rHAc5e+D5eZ2NPWGzIRlhV/awfnANGvBd7z5dDge9evBgSRu7/0s/e6OwNsCYCdx4xImvbsCAJ+mPXh2QDeC/a0ApCdtY8Grs9iUZuDTsjcvPHk3Nk8LODJJyXbHKzOeV56fXiIU0xbFqOEPEebvWVhG7Euz2HrOg5krrlTmidSrIIOVm0umPYW41cvYgD///Z828PtuTuBsujM+dhY9WwXhCuSmJ/LxtOd5ZVkCZuiDxM76H1oF5dc7yE1n17dz6TtiDqGPzuD94W1xnEoip2YwAe65bHx9INNP92LWsHsI8nZ+NKmHN/LPAYP4/ERBVFbumv5fHm/RGHcgNXE1Q+8bzrZKJlpMM4TnXnuOumd/xz0oCG8g88QOvtkOnaPDsQL25D3E/t80NqUZ2G7vy9P92hPk7fwcHelJrFnwKgs3pWGaTXlq8pO0CfIDIPlwEp6BVlZOfJ4lR315cNgLdI9wXsLYT7A29g3mbUrCNEN4avIzhes5MpNY896rLNxawYfoLLAADrsDa9BNdPIxWZ1mYPp0oqXNSkpSCn429/z9bslT4/vRJth5MeHIJOG7xbwcuxpbp8GMebgZmSkO/P29ATixYzlTp39KKo2qJtbi3Ip++jeMJBat/42o/mHUDalH8cpuZR37Bae7MXNkR5KXz+Dlz5zXaEiPF3mpZyDLJg9naQUeqg1jK9M/2sas/hH0HtWNddMO8fQD4ZC5h3/NXgWGgWmG8Niop+gQlt8hlD2Z9fP/Rez6A3Qd8U8eqH+Ml4dP54BhYOs0mPEPB7Nk3POsKGw+4kHBbdAXSCrYv07PMv7h+nw57nmWJjk/t1emP0jKslf4FABP2v3vm/T09wYcJO34ilenf0qaYZT73lBehbdpzzD+MawzI19fzblVbMraZtj4N2nvvYeJz8/mKPUY8soYbrbu5+Xh09mPLwMnv0zL3DjGLsspuu8BKYe38N7Y2cRfSszlvE/bQnoy5uFmpJ/IJtDmBzg4vGUNCd6t6RDmfJ+0bRljXl96kWsk/7N6+Xl2VDxapwpdr2Wfc87rtQWOTPD2tpKy4xOGf3SmSs8HERERkT8jD6/qzhcOB1k5p4nfuold+DK5d3M4nUgq0KBOKGHNAmngcYSlm5Jo2XsET94djqcF7MmJHDjrTajNkx0fTWFWfGteGX8vlqM7OObemHCbJ868wKdMKqUJUI1iZS/53oNhrz1HU89MDv1mJyTMhgXn97h/vzSrzO/IF+qUNjIyEl9fX2rXrl2YXElNTaVPnz6kp6cDMHfuXBYtWoSvry8+Pj4888wznDx5ktTUVOLi4sp9LMvdRKhRoyAsOPhxxZLz5hlbYxk6aASx65PwiXqWQd0j8EzZw5LY+WxMOE1wmz5M+3sUpnk7L4zsSbB/NluWz+eTtTtwt0UwaPJz2MzbeWFod2yuyaz9ZD4r49Px87RgreFxzvNMM8aMH0CYfzYbl8xn/vJtWGwRDH1tCD6mia3l7XTqFEW71rWxYKFe63ZEdepEVEtbuQ9Kga3LVnMMwLUuvUfG8MsvP7NheATxK9+j98BJJBgGz3w4h96tgnDNTefwsVRcvYPpP+XfDAk1mfzWWGdyJf0Y+xKPkevqTbNOT/NihIlXjQC8Xd3xrRtMgDtABvsyurBgbE+CvF3JTj1Gai74BrVhysKZFPVp7E7jFo05fewUuYBvcCcmTr6vwvtWGjdPT/yDgji+fjkrtyThGRhO9+imHFq/nLU7krD6h9GtczNMsxPPD4omyHKC5fNjmb98C5neNqL7PY7NNHlw/BDaBPmRuHE585dvwTPIhqfVEzcP6DxsPN0jbCRtW0ls7BISswPpMGgUPUJM2g17hjZBXmxZEsvb89eS4mkjesgQQswKdRNU6Lft8djx59b2zmYHjTq3wY9ktu48QUFu8bGX"
20:58:39.333 [Forwarding screenshot on session f38f5520-bd02-11e6-b34a-8d0186b048d8 to remote] DEBUG org.apache.http.wire - http-outgoing-0 << "h9Im2I8daz8hNnYJe5JdCY26n942Ew8vXzwtnvj7ZbJyfizLtyURGN6dFwbeXOWx5gKubu6Ypg8+Pj7YQqJ4olMokMn++KPFluxc5rGvt2sPqQ4LoW3a42OamKYPHSPDsGSeYEfZzRHLlLb6dZYnZOId9gCvvTaEIIudtbPza3EAPcc8R4ewQOdnOX8lh3P9iRrwHH2bmlg9amCpUb2wLA8vf6yWGpzbqqag5kLxPKiHlw9WSw08C5at5YufxYp7sQSUn182az+Zz9o9ydjyPxPTbHrBe8OlcAX2LJnPjnTwj3jQ2VSoWLAX2uaxY5lY/ZvRuh5QrzVhgZ5Y/BpxWyPAtw0tgzzJPpbG0093x+Y4wCdvv8En6xPxC2rN08M6X1K85b1PF5zbgTY7a5csYVtSNkGto+nQ4CxrlyxnT7IDW0RHetjMi1wj+Z/VJUVbUnmu1wudc859suLtfZo9CYc59FtOlZ8PIiIiIn9G+zduIRnA4k+H/iOJjX2PNx8KJXHzMsa9Mo8kw6B+3UC8PT3xru6FefvfGdI9P7mScoJsv2DCgvyxWDzx8fUF3PC2WvAPjiA80EFKugOwEtzG+R3yXMXLBvDy9MTq6U9omI3Tyek4AG9bBI89dUeZ++BwnN/DY4GJEycyfPhw+vfvXzjt448/xjRNatSoQY0aNTBNk48//rhwfv/+/Rk+fDgTJ06s0LEsfw2W/Kr56fk1KUwzhDExYwkt/GbtYM+Sl9nTrDGQxHvPT2OTYWCu24LnzFlE3BZJ68QsbMCO+dOIWZ0ErOYQkxjZoQldHvHABmyb/yLz1huwYjWuU96jg3/Jhy/Pzp0JtULytlWs2ZGEBwf4plEjuoe1oFujRgQPGURosdpBET0HEAGQtJL1WxdW6OAYCXOIfsxO7JS/ExHkiyuu+AY1o+egKdzT7U4e6vYT3Vo4a6f8+OF4BkzP4q21b9AuIIDIe1sy+63JnGn9N5K3rOVkg3sY9kRdAlzt51R1P8X7j3Vg+pnGPDl6Du5AduISWvcYhxk5gv+Obsfpc56O9302gt6TVjNi4Xc83swbW2hohfarLBZXcBxeycuxn2GaR2j+/iD8E7/Kf7+fsPeHOhf0TWLj+vXkbPuaJQegWYiVg8mtCffzwZc7aBnsiT1xOZPe/QyAA4xjbPd6QCNubeoH6XtYtuwHsn1g2YobGNonghY3N2KLxRWwUKdRI6pv/IHYtw/hn32k8IG+IlyB7KM/srdZOOG33glLD9CuVTAkreS7Uw3o4NwRDm1dy9rNCXywZDeNmoWw/1gKYYHexSuTsOW9F1m4ycBctZ16b84iouVd1D5YdbGCM9EQFD2U96NLTk/aspilSQY9CiZc8Nj/zMofkhnUpgXdGsECOtPKH5LWr7zkuD6d8jEt5wzA5u/JiY2xzIt3lmOat3NrqCeOwysZ87rzuloXn8M7U7pzc/vOOHO8xRvROF+Xr5nHOcuWUgtty3vPM2+TgfnlFgLenEV4q2jCD2dd4N4ACy+xP1p34pn27/W8MzKKqAHP8fXY3YV75nuB+1HdRd9ibxNNi9b1+NYehrMOlCehNzfC90xLvLHz/Zo9BLcCPP1oHNqA9es+5O399ck+8uulBVvO+/Sn+e+2vP0i8zYZ+NjDmNUnjG0fv8q89Wn42Bszq09DPD0udo1U5HMtW/mu1zsueM79kJ+H3BL7f8SsT8On07PMqsD50LVrV7p161Zi2pdffsmKFSsquXciIiIi1zYjaQXPT85h1FP3ERrojQUL3oHBRPUcxJ13hDPuxXfIKTZERc8O4VgAe9J6Bo2JxTQ78cqc/gQWew53Lp3MJ889z5epNzP5naEEWUtU2i+Uc87wFwXvDq/8J+MWxtN73Gy6B3viV7d+mftwoQRLaTw9PUsM7ezi4nJJTYLOVcFhmj1p0LQeJCUBv7M5biOp1SHHM4g2EUElfmEuGMzIMNLYdyKTiBrg5uUBODh24CjgfFBLPe18enLmsRycPFK0tdNnsilWdQMAb19nVss/og9jI4rPSSeH/cweNwYvznAm8D5eHRpJ3BsT+fwEeJ0p2mZ5Rdz7KF2a2vhuZm8GrPKhc59ouvW6j07N6uIa1JFePVMKOx1t9fgMdjxetG695rfgQWu6d22Db8/eZW8k/RBrt4JhJODh5pxkP+18OjLiZtC7+4z841Ows+ls+XwVYJCd6zyJ7BXaqwuwQMrxgtoSJznjABILkjtpnHE4W0cYafGkuvbmwaFT6Fl8/cxcshoF4w8cjS9qnrA//jCO7vVwq9kEPytgDWPQ2LElNu3bKJwvp8XS+OUBRIRH0T88Cmczha/Y/vP+Sxr5xGL/lZXbkglv04zbbZ0ID4SET77kd7ch+Uuk8utJ6PbQIN4vuSMlHhjTTzv/N4w09h3NJCK0OvHTY6lXlbECyTvWsnb3aaxWN9w4w/4dG9l64JwmR6m7yj72wK7lcTzapic3d7yDxNzbsJJO3KKfqei5X8Aw1hOX0Js+YRZ+XL6uqJx6gXgDv/2yvWjho/EcsncnpE5ApZrmlebc/k6Kfya7j2YSHupOLV/nHb30e0MluPlixMcyf0sTBrQOZ+jTboU3/VoXuh+d+IEDmdGEtGhHt9wGcGIHOyzhNGl6J91yG0LmXtbt38+6+WsZ/lAHIjr0JKJDT7CnsPHTt9h6yQMUleM+nQNg5+TJ/P2wWoBMjv6aChjUcrY+I6ec10hVuOj1WvMi59xRZ1wnC/bhgn8rzleQSClIsii5IiIiIn8VIbd34rbgAH75eCzTfvbi5natuaN9JK2D/bEEtqJdo3fILLa8W35Dequl4Ft6PCczIdD7nIIzU9ibCpDGmVzAWpEf5jL55YddgEFO/nPvhfpAzM0te+6UKVNo3LgxPj4+REc7f9Hu1q0bn3/+OX/88QcANWvWLPFj21dffUV6ejr79u0rd8RQgQTL/h37yOwZSni3hwlZNZ0DRhqrF77LasD06UGrWUEAuJXSe28dP0/AFasbgAW/+r6Q/+Dokd8OwML582p4uZ83lmvOGeeEhCWTeTm/Q1Bbyx50b+VJ/O+QlpZEGmCSixUruWlHSUsySLuEB8w7+zxN/xbecF9z9q56hNWfJrAqoRY/ftAbd+xwKJ7kXPB2hR/fH8PUtSlE93qIcL8Uvvs4h+ExbfAllx/nj2fAtBQ++jGGZuc2DbO6nbddaw3ncBlm6AhWLngAkvby3t/fKDoGFd6T8nEFzhbLcLkCjrPZJd4D2Lq+SP82waQkrOffS9axNf4AfSe9R3QgsP8op4HARqGAM8nSqGkQFiDnj0OkO8D/xFoGjJnn3EefljzWJ4LkH7fQqF0bTm6O5fElB7ijc2fa3HUX4RGd6dbo00uqfeDqBT+v+Rl7m2geGNINP5JZ8mUqXoUPijfz9IAOBGYeZsnbH7Hl+13QcwxTejYsVkrJE7C+vydkZ+DZrlHVxgqk7/+OFSsuvHLNbqPKPvaAkbSUH5PuJarVAzyAP47Da1lRyaFtrQUdRhXPNh9NIRNocFMLyO/vBd+G+Fsh+fBRyO8AvCDPklWRXK6ba8mVz+Scs7ads/nzTNOHxvU8ITubM2ec08q6N1TWutlv0GrmJMLDwgA4ThZZF7wf7efkrmTCWnekIxaS1n7DN661CY/qQDRwYuOPHKUR3erB17OHsSo1hG7t7qBzx9a0efBB1qyaVuGaR+W9T5fO9bz+Zcp3jVSNi16vf1zknCO4xD5c+LMpPYbiCRUlV0REROSvIrzD/USHekJkMIcGT2Hr+iR+PlKDd8Z2wFpKWuNkaibgiQNvfEyT1EatqX9ucuUKu1CC5YsvviA3NxfDMLjtttvw8fGhVq1avP3223z99dcAdO7cmVq1nM/haWlpjBs3DtM0cXV1rVDNlnI/9RgHPuPjjS0Z0CacsTGvsGXTj+w7doa6wTfR8rYwrEBuThY/bz9E9+BQBowfCB+uo07Hx4kKhPQdW/h2VQ73dA+mdf8X6JE+h4Ra7XgyOggch9n14VpCOoXS+rH/ZYDX12T9rRMdbBZKpMpwJfPLtZzoE0Zot6fom/IBP9ib8tST3Qm0JLP3nQVFP9Sf"
20:58:39.333 [Forwarding screenshot on session f38f5520-bd02-11e6-b34a-8d0186b048d8 to remote] DEBUG org.apache.http.wire - http-outgoing-0 << "SWTLji0kVuLB6q1PNjCoRTfwbkHM1o0cO5VFQN0A50HLPUb81s/hwDiCG7vT6oGnea7xWW5t09g5f/Nr+aeiK4FN7uKt/7bIT65Uo35QyWo51Qu3t5EnWnTDPbg33319G1nV6xLg7gp+dradgK6XvisVUP4xVs+eOsyBo1l0HTCO6KCCz2odPyQ8RPewnoz7uxsbU2pzf/dgnDN3kfCbneDgdrz06DE++u53Oj7yJG2CPdmT+DXWNp2JDr6b2rzHp1viCb01CoCcS64N4QH717E3PZpwmx/2xJWsNwxC8ue64Y0VIPN3EnYfxbfdYwzo6ez3pCjtZaHdgFEci12G250P08YfTmzcSL32A6o4VkqvL1eCKwV1J0o/9k5ffxNPVP9w/IFtqz+vREDnhFfstWGsZ1fSY3QI6siLfU+xbI+dzg/1xA/YtvdXqJkLloY8+OAdrD8ZSr97C86BkgpqERbf899PpgHBtHn8MfYvSeCO/t2wlljLSvdhozj572V43dmbCG84sXEdW76kfPeGS2QYSUx/aw0xY6Nxpow9OPrlugtuc923v/BY6w5YcPDrTz/zs3srHFGBWLCz67t1wB20i+5AYGQwbrM/ZPv2RCI7tsbvTDqXcusq7326/MpzjVSVi12v6y58zvlFlijtYp9NWeeDEisiIiLyV7Nk7TZ6hrYBz1BGzokhOSUbP38/53d1x+8k7i/ZsGT7zkRo7Y8lsDXTY97E4el9zvf1fBVsL1MZF2oiVJAgeeGFF0oMxVyzZk369u173vI+Pj5MnjyZV199tcJxVGiX1787BnvGs/RpH0HrDt1pnT/dkXmCLSuXELP0APAyn9SbRJ/WUQwd63zoTD+8kVnTv8QwDGbGBvH8Y1H0HJrfRCQzieWzx7LJMPh+jB+TRz1AVJ/+YE8hxQ5+rq75D1+5kJ1BKt8z9e1g/ndANNEDRhIN4EhhfexM1hf7tddI20TMjE1U5qnKWDaKMaFeDHukHQGu3tSt60zL5aYm8uFLD7DMMPj8gdEEfzmRNkFBtGnjjDNx9WyenvcBj7Z8gJGdgglq1Ykg0jmVmk2Arzstut/LmS359VDO5pBRbHvjm9ZmXP9WeNd1juSTm5rInJcGsY+W+ZUpik6c02fOAr5kna3kULW5Rf+5njO5tPdHv1zGjg4hhLfpz6w2AOkkJaVjs9UhvB58OuUlqo0ZT4c23QnGQbozwQnAgomvU/vlIUR06M9YZ8cKJG1ZwiurkzDjP6XFqIeJ6DmIiJ7OfU1c/wGfJVX8M8wFcnOcD8UbtyYRHmUjfmPxYb+yycxax7otXejTOoKRs2YBzhGPHEE2Qm9uxg8FVYVqhNF/pLPWQkriet5453uO1qteZbEWxHvRJbIzOPTlVxc89geS4Oiqb0jqH47NnsCqdakXHva4HOz5N6vMc57LP3hpNgGvPEl4dH/CogHs7Fn5Nq+vT8I8spI7XuxJRPdBRAApSSdw2LzPeyjPyj+nixeduu5T1ndqRFRoB4aO7ADpydhxjmCTZc8//z3DGFDwmSSsZeo732MYRrnuDRXhPI+KojMOLOS9taEM7eAcwN0wNl14m7u+IyGzA2Guv7FtF8AOkhxtCMrcy5pdzvU/WHIbQ3pG0GfkWPoA2E+wfN78S2pqBuW7T9u6lhxo2nlcS3t/4Wtk3Zni61364NXlu15hyQXOuXP36aKfjYiIiIgAYGx6l7fre9Ln7gj8LJ7454/A6EhP4qt/O5/VC/qEzM44Q9r6GCZ7DeaZe1rg5+lNZtJhzgQG4WeBjNTUooJziyU9znmWLU12xpli74qWPZOVDXjjyC27LcfF+mBp164dXbp0KXyfkZFB9erVSyxTfFqXLl344YcfWLeuYkNHG+Hh4Zc0nIItJMSZ+Mj6nQNJ5z/gmz42mtXzJSt1FwfOeeg0TR8aNauHR1Yq8Qecg7Oatk5MHtWFxAX/R+ymNEzTh2EzZxHBFoYNn13qw0ZI06Z4ZGURf+CSOysot4jISKoDGSf2sS3h5HnzQyMiCawOJ/ZtIOFkUaxmaARtA2Hfhq2cLOeXetMMpW3bQMg4Qdy2hKrahSpnC2mKLyWPv2naeOrl5wk6uIRx764HoOWAKQyN8mfl5KdYmD9UsE9ICPU8PEg9uoukc5qw2EJC8PWAo7surT+TijJtITTzPT+WkB4vMbZnPZaMGcy3Hs2olXX+uXylYy3a7vnHvoDp05WZs/rAllhGxKy/7LE4P8vSj4HzGj1K/Ll9yZSnXFsI9XwhPr706zukaVNIPVrq/edK3huqYpul3ROrwsXu0+WOr4xr5Gq50DlXmqtxPoiIiIhcj0KaNsUDyCrjezZASNcRvNjzBk6nJBP3wUSWpHbjlUl9CLRksnzyYD47cOW/L9psNpKSyv4e7erqymuvvUZ4eDhLly5l3LhxjBw5kkceeQSARYsWMXHiRCZNmkSPHj3Yvn07L7zwwgWbHpXmkhMsVc306cRrs/rjTyaHE45irRNCoLeFxJVvMGnh1qsdnlTAo1Peo4PNQkpSIsn4Emrzg+QtjHl+NknX0S/HIb3HMbZ7A1ZOfqIwMXQtM00fBk6eTFSQN5DOkjH/w9JLrFEjIiIiIiJSGrPpo7wzssP5zYLsCfzzqSnEX4Vnvtq1a3Py5PkVIQqYpondbqdt27asXbuW6tWr06tXL4YMcQ6o8J///IcPPviAjIwMOnTowLp16/Dw8MCo4L5YAgMDJ1RmR6qKkX2AlQlnuMFWl9o1fSDrBNtWz2PmZ0quXG+2r9mJWz0bgYE18Xaxc2TXRmKmzOW36yi5ApDnHkCj2mfZtXkTh9Kv/dgNIxv/G1sTVP0sW5fFsmBr8tUOSURERERE/mSMU78Qn+JJoK8Vhz2HrO8bOJ0AACAASURBVDPpnEj8mXmvvsGO7Kvz3OTh4cHZs2fLnG8YBhaLhf379+Pl5RxtMiAggPbt2wPOfvgOHDiA1Wrl119/vaTkClxDNVhERERERERERCrKx8eHtLSKNYk/e/Zs4To1atSo0GhBZbmC/fqKiIiIiIiIiFSti3VyW5pq1apRrVq1Ko3DpUpLExERERERERG5giraGe3logSLiIiIiIiIiFy3LqUGy+WgBIuIiIiIiIiIXLdycnKudgiAEiwiIiIiIiIiIpVmABpFSERERERERESkElwrOpSRiIiIiIiIiIiUpCZCIiIiIiIiIiKVpASLiIiIiIiIiEglKcEiIiIiIiIiIlJJSrCIiIiIiIiIiFSSEiwiIiIiIiIiIpWkBIuIiIiIiIiISCUpwSIiIiIiIiIiUklKsIiIiIiIiIiIVJISLCIiIiIiIiIilaQEi4iIiIiIiIhIJSnBIiIiIiIiIiJSSUqwiIiIiIiIiIhUkhIsIiIiIiIiIiKVpASLiIiIiIiIiEglKcEiIiIiIiIiIlJJSrCIiIiIiIiIiFSSEiwiIiIiIiIiIpWkBIuIiIiIiIiISCW5XqkN5Tgg4QQcTIbTZw3yTKhRzaRBTWhSB9zdrlQkIiIiIiIiIiJV67InWI6mwJKtBnF7DbIcRqnLWA0HkU0MHrjFxOZ3uSO68vaf/o2YPR8Vvp9+6wtXMZoLO378OMeOHbvaYYiIiIhcNi1btqx0GRt/Nfnnijz+OGNWQUTXv5peBiO7uhBhO4unp+fVDkdE5Kq4bAmWXAcs+MFg8U8mGBduiWQ3LazdA+v2OHjoNoPerUyM0nMx16X0nEy2/b7naodRbu3atbvaIYiIiIhcFvv27auScv65Ig9XqxdB1VUNGyDbnsM/V5xh/hNXOxIRkavnsiRYMrJMpnxhYc9xA4olSqyGgxvruuDvZeLiYnIq3YV9x01y8pwJGAcWFvwAqZl5/L2dfg0QERERkWvTH2dMgrxcwdR3VgB3N1dOpuhYiMhfW5UnWLJzYfIyF/adKMqs+Ho56HerQdvG4OGWV2zpPLJzYcO+POZvMknNtFDT08F9EVUdlYiIiIhI1TJRQkFERIpUeYJlznqDfSeKmgTd3MDBiC4mXu6lL+/uCp2amtweYvL+d3n0bgWBPlUdlYiIiIiIiIjI5VOlCZbdSbAqvii5Em4zGd0dXC0X"
20:58:39.333 [Forwarding screenshot on session f38f5520-bd02-11e6-b34a-8d0186b048d8 to remote] DEBUG org.apache.http.wire - http-outgoing-0 << "71CluofBMx31K4CIiIiIXC/03VVERIpUaYLlkx+LXntaTZ67Ow9XS1VuQURERETkGqH8ioiIFFNlCZbkDNh2EMivwHJfhInPZR6hzUxNIS/xV8g8A55euISEYvj4lnt9I+ckxpkdGI50TIs3ptdNmG4B5Vo3xwF7jkFSqoGLASEBJiG1S/TpW8GdMTGTjpB35DfIzcUIrINLSCi4XHgEJrlEWWkcSU7H3d2bgIDKtUnLOnWE5Gzw9vbHx8ejigIUERGRa58yLCIiUqTKEiy//GaUSAa0D7t8f3Dydu8i96O5mDu2l5wOWJrfjKX/41iaNC1zfZeMzVgOT8UtY0OJ6Y48yPONIrf+S5herUpd1zThi+3w6Y8upGeVTKeEBDgYcCeMXVw0bfH/XHx/HJs24FgYi3n4t5L7U7Mm1of+H5ZO3fhTjVt9uaWtootvNJkTvmXD+KZMa1ub0Uzg5IbxBABpP8UQ2WoIOwFoyBcnD9K9fHm186ya1ovo0fkfeMPRHD74MvWrZi/OcYpZXWozPLNoP0REROTqMjWCkIiIFFNlCZaDvxe99vV0EFijqkouKXfxx+TMe5fS6nW4AObOn7GP2orbgKdwve/B85ZxPfYGlt8mYSmlAIsLWE6vxyV+A476E8mtO7jktvNg+lcubDpQerLjwCkLE79wgFG8XZSj7J0xTXJi/03eF/8tdbbLH3+Q+6+Z5O3bjdvgEWCoNkt5ZQKp2XbAiocnsDebbACy+Gy6M7kSPXA4twQ2oIH3JW4kbRWTRi8GmjNweGdCWz5wmZIr+ZvLBFIv4wZERETkutD3dhd63GyhuofzO2lGlsnSnx0s3JR3kTVFRORyqrIES1pm0euaXhdf/v63ytc5S9vGeYyIdv464Fi1HEex5EqeC1jCb8EIrIN54jiO7T/hArgYJo7338bwroHlri6FZVlOfoD1yKTCZkyOPAt5vu3AGgT233A5vQ4LeVgwsRwZB641yQ14uHD9978zSiRXArzyuPVG8HSDPccMdhw1yM0tf6czuV/8t0RyJc/DC9c2kRg+vuQl7MHc6ayhk7fmK3Lr1se118NlFSVl8mHY1yZPZ4Gz8U42pw4D9OW1OTMIr0zR7lYAmo9+izkvt6tsoBdhpYyBuEREROSqufI1WGb1d+XGwJLfN6t7GPRv48ptjRwMm597xWMSERGnKqsSYRhmsddVVSqkZzrLNVNTyH3vX0XbCLoB9zfexzr+FdyeHo51/Ct4vBkLtqDCZezvvImZnuZcPuckrof/t3BeXrUmZLf4npwmn5ATPJ2cJp9iD99InseNhctYfhsFOX8AcDAZlm8t2sf2TRzEPGbyZFuTfrebTLo/j5F3O8C8QI2VYszTqTjmxRbtT/MWeLz9AW7PjMT10b9jnTQd16eHFc53LPgPZvKpcpV9JQzpEk6vER+TVTDhyHL6tQ2n14h5JaeFh3NPj7sJb/sE69IKZpwi5okuhLcdcs60trR98HkGVqDsIXN+ukikp5jzRBc6D4nhVNZPjOgSyeg4gB0837YtQ2K+ByBx3Rx6hd+AYRgYhkGXIbPYm1Z2qWnfx9C29TPEATsXPEPbtv1YvH0dQ9qGM2TO98WXZN6QLrR9IoZTzhUZ0rYtQ2bNYdoTbfO3dwNdnpjGjuLbS9vBrCG9uCE/nn4jJvJNHHCRLoZ2LJ5VbD9uoMuQWUXlpn3PkLZdmDgnhn7hznKfiPkJyGLdnJdoe4NzmtH2CaZNG0Hb8F7M23GBgyAiIvJXZ5pX9F/f2124MdBCRlYek5fYuWd6FvdMz2LyEjsZWXncGGih7+0uVzyuwn8iIn9xVZZg8S3Woe2pNJeqy+cX1DZZ9SXkOB+v8zzccRs3DRdbyQYZRr0g3MZNBVfnb/0u2Vk41nwFgOXUPCx5zmo2DqqT3fgz8Agpsb7pcSPZjT/F4VLNuU5eBq7J8wFYsdMAF+evBfX8TIZ05LwRktrcCA+0Ll92yfHtKsh1NlrBxwe3FydieOd3tpqXR96WjTi+L9ZHTF4OjhVLylX2leCTtJPFMz9ma37GY+83i1gYt5PFM1ewK3/ajq/ns3DnTmrVM9gZN5evNx9xzji1mYVzV7IzLoavN+cnjY7E8a+5cRyuEUSdCpTt0yDworEe2bySuM2nyMaKh1exDIWnJ+7uVhIXjyCk/ZMs3nmIvoOHMzC6IStjhhPWYgg7yiq0ujcBpDtfHwJPzywOHT3FL3E7Wb8/o9iCdg6sL9g+YM/g17g4YoY/yei5h7l/YF8iGx5i5dzR3PSPOfkJpCNMvOcmhscs5lBkX4YPvp+FM2ey8iL7+dOcftzUaziLd0Lf4cPpGwkrY4Zzk28/vk9zbvuXuJVMeHIIC3fmHxu7nZ9i+tH+yanEHWrOwOGDiYyby+jRM4nbuZjdx9MvenxFRET+qswr/K/Hzc4vnzO/ymXT/rzC6Zv25zHzK2fNlR43W654XAX/RET+6qoswXJDsV43T2cbHE258PILnsot81+npkXtR32duQ4c24tqKrje1QWjln+p5brUroNL+w6F7/Py17OcXlc0LeAhTGvdUtc33YMwaz5Q+N5I/RaAXw4XJU6i/5aHaxlHrlt4+f685O36pSjmdp0xvKpjnk4ld9FCsv/xCDlTx2EW22ejaQuMv91UrrKvhHv7RwOLWbfVWcNh87dr8ucsZMOuNCCNDcsXAvcz8OneACxb4WzydGTzd8TlL73hm20A7P1uNTuBfr0eqFDZ97a9eK8n7vk5FXePcF5etIqpkUDz/nzy9dfMeMLKa71mAtF8ccBkwewZzPn6IN/O7AuHYpg6p/QUi0/4oyza8h8igcgJb/H114sYdmfpoxEVbh/A6uwfBqJZdGAPi+YsYMP2jfQF2LGfZODUujlMiIOGfWdzcsMCZsxexOEvJjgLKasPlqzvmfLkQiCSj/bsYcGMGSzYsIePhkcCC/ln7E9gBWceNJKP9pzFTD3MnL52Xhqy2Ln/h3cwZ8ZsNpz9kcENL3pYRURE5AqnMKp7OL+AbtrvOG+ecxr5yyjFIiJyNVRZgiUiCMxiHbquib9wTY5qVqPMf3uPFa3bwN/52jx+rCjoG/92wbJdGheNIFS4XnZi0bTqN19wfUf1ohGELPnrnUorSvo0LD23Azj7n/GuVo4/MCePF73OtpMzayrZAx/G8eEcOHUScNbUcenaA+vrc7D+33QsrW67eLlXSMvuPQBYvjIe2MGKuYcK563f8BsQz9LFQN/7ue2mDgxvCDsXreEIsH3NssJl45ZtJA3YvDQGiKZLZP0Kld2ywqMip+d3dpvtrH+SdpyCVNcf8ctZvHgxixcv5w+rM7N3eP9xyDrC9+vWsa7Yv72nsiDdDhR0plsxzYc/zf3B+cH73MhNkQDuuAPx324E4OlB/QtHC6rf/QkmNC+7vLRdW1kMNB89ioeaFBwUDx4aPYpIYPGKDaThTO40HPiMcxmf+vif/JWVQOTo5+lekKvyuIXnZw6v8D6JiIiIiIj8lVVZJ7e+nnBbsMHm/DzGl9tM7g6nwqMJ7T8Jh1OKEiw31XMmK0zDQcFU8yKtcMzincA4nEkfo1in6iYXKaD4aD3GZeqNvVgIeV9/XmKSERSMpdt9uER1xKjmef661wCP8I4MBmJW/0BiL28WAqM/WkTWi72YuXkze9edYiUw+MFIPAima79IZk5dxZbEHWxZtBMGvsdHDT7h4Qkb2Zz4PSsWAvf34TafipZdce7F/j+1bWN+bZqVPHbP+Y1w4pZtZPddK2gTPbPE9MFfHGZ25CVsPJ+vT/ULzM0EIrkloniNGHd8bEDShcvdueePkhOsVmetlaSTpNMMgKAGNQtnpx93Nts6t2JMzZq1L7whERER4Ur3O5KRlUd1DxduDzHYtL/kd9TbG7kULqP+UEREro4qS7AA9Gltsnm/A1ws2E0L//zKweSeJtWs5euXJNcBb39brPZKLZOQ/Oc8i39dzN+dD4/mgV+hfecyyzEPJBS+Nuo4mwKZ7kGQ66zN4pK5Awd9ylzfJWN74WuH9QYAAmq4cPy0c9qBUwYtGpT+h+v3DEg/W479DagDB4tq1eRZLFjuiMK1"
20:58:39.334 [Forwarding screenshot on session f38f5520-bd02-11e6-b34a-8d0186b048d8 to remote] DEBUG org.apache.http.wire - http-outgoing-0 << "Ww9cmjSr2p6CL4smdBvenJiZK3g31gtozp13d8W+siEz537CGyQBkfSMDAbg1nu7w9TRfPpuLDsOQd/2Hbi7wRFgArGv1WIhMPihgoRJxcqujIBGN9Ec2Bk9kz0f9saakQOAmxuknPgDajYg2L6NmVMbUJjNybJyW4uyqzH55o8u5GQtdZnU7LJjctaHiWPXr2l0vqUoyZKVWdYagN15ckaG1TlvViZAaH0KRqMuvm2r1ZluOrfv3PQ/Tl5gYyIiIuJ0ZRMZS3/Kpf+dVoZ3tTJzRXZhkuX2Ri4M72otXEbNdUREro4qayIE0Kg29CjW+mb/SQvjl7iQnFH2OgXSs0ymLIeEk0UhPXxrXlGtjptaFk53rP0K83Tpo5uYqSnkfrO68L1LuHO9vBpRRdOSF2Lk/l7q+kbOSVz++KSovBrOagoRxRIqK3cZ2MsYAW/ZttKnn8uleUSJ9+6vvIV1xBhcwpqXSK6Y2Vkl+p+5ltzaozewkqkzF0Pze2nh40FEdHdgJTELd8L9D3BrfhsXn5ad6QssnDqTnTSk463B+ES0IhJYGOPsO6TbnU0uqWzIIi0trWiEoYrwr0MowMrN/OFdn+DgYIKDg2HLm9zUqhWD392GR5PODBs1jGHD8v+NGswd9UupO5PfUihu+66iWBLXsjzu/EUv5G+t2gIwZ+5XRRMT484rJystjbQ055Z8mt5BNBA3NZbvix2Inz77iDigeVgopfUQ43NbO+4H4qb+i1WFg1TtZca4maUsLSIiIsVd6UF6Fv+Yw6/Hc6nu4cLY+6ux/HkvPn6mGmPvr1bYP0tGlqlBhERErpIqTbAAPNIGIuoX9cWScNKFZ+a78PFmg99LSbRkZJl8tcPg2QUG234rGpYnKjSP2xsVLefauRu4uAFgZJ5xdgKbVrJhg5nyBzlTx+KSdcY5weqKpVNXAHIDHsVhODP7Fkcq1n2PYuSUHPbYyDmBdd8jWBzOkVMcpgeOgEcA6H6TWdjHzPHTBtO/Nsi0F/0lMXEmXpb+XL7jZGnfmTwP98L3ue++iZl+uuT+ZKSTM208uRNfJOf1VzDTr60RXQJui+b+/NfN772T+kDwrVE0zJ/Wt3vHood6j1voMbBgTncimwA+LehU0Mwm+gEii/VXW5GyT616BV9fX3pMK+rIuLjsc9q/lKg84nEH/5jg7Ai2TbUuTJv3MXOmDSGylzPB0PeBWy96HIqCrkNjgMVD6DFkGnNmvUTbkF7OJkgXGV65eEz1O/ZlcEPYGfMwXYZMZE7MNLqcW86pVXT29cU3chJHAHzaMXR4c+d+hPUi5uPFxLzUj1ZPzgWa88L/K2M/PO5g5Mz7gcVE127LkJdG0OWGMGbuLP9ui4iI/HVd2U5kM+0mQ+dl8eF32c6mQDg7tc3IyuPD77J5e00Wgzq688aj7lc8NtWaERGp4iZCAK4uMKo7zFiZx+ZEZ/4mO8fgo80GH22GOt4mAd6AAaln4fDveSX7PAFa35DHM51K9pRi+NfG9dGB5P7nbQDMvbvIevoRXO9shxFYF/P4UXK/X49LVtGjquWRpzD8ajmXd6+Ho/4YLIfHO+ed2Yz1l9aYfveQ534DLtmJGL8vx0JRFii3wVhMq7PJRf2a0PsWg//mVybZnOjCU+8b3NzApJo77E4ynH3HlDNlZXjXwPr4P8j996z8/YnHPvgxXO5sh1ErADP5FHkb18EZZzx561aR1/wmLB27lm8DV4JHS+4f2JzFc3dy710tnNOCb6Vfc5i6szkPdggvsfidvfrB3Kk0HxyFs65Kfdp3ioa4lfTt07FkDYuKlJ3fzCXzdFFns54A7lbASv1wKD7eso8nJTod6Tz+C75wH8E9o+cy+rGCflgimbAohsG3lD4yUP6Gi20HIJyJ385mX/shrIwZzUqgYd/RTK22jNGbz12nZEklYvIIZ3bcSuj7d2JiJjiHZ24eCTuLVWHxrk4QgG+NwqK6z1jLRz7P8vCEhQx5eLFzYvP7ee+dN3i0iQ+kUeq27xi2iB9rvcTjj00lZmocRA5kQr8UJkxdXFgrR0REREpzdZIKCzbaWbCx9D/SHZu5cmMdV9541IOh885e4chERP7ajLS0tMvyl8E0YdlW+HCTQU5eObMOpoMHWhv0u83EpbQuSEyT3A/exbH0k1JmlmS5/yFcH3nynL5MTNwOT8Tt+FsXXT+nzrPkBP0vxXujzTNh9hqDtXvK3h9vD5P0rKJ1Fj/jYNvve3hu86uF09Z0nVu4Pzkf/Ye8Tz+8+P48/P9w7fPoRZerrOPHj9O4cePLvp1rUtYpEo9lgJsbdevXv6QOdPML4kjiMXKoTnBwwMUXv4BTR46QkQM1g+uX2sSnVGmnSPwjAze36tSvf7Ht72XWExNJa/8c4x+9pXDqqpfCiZ6azgd79vBok0s/EiIiIteaffv2UafO+X2WVVS7abnU9XWrgoiq3huPVePGOq78ejyXoR9cuSTLsdQcVgy14+l5bQ7SICJyuVV5DZYChgH33Qxtw0yWb8/j270mv2dYSl3Ww2LSJtTk/puhfs0L5HsMA9f/9xRGs3Ac8+diHko8f5EbgrH0fxLLLaUNaWyQEzQBR/U7sB6ejEv2nvOWyPP4G/agceT5nt+JrosBz3QyaV4/j4U/wKn0komWmxs4ePg2eOHT0veztP1x6/s4jiZNcXz4LubBMvbn0UFYWrY6f32pWh4BlU6I5BdE/eDKd8ALEFC/PhWOyCeAYJ/yrmVnx9yFzJ27kWz7u/SNrMOvK/5Nr6k7gfu5saGSKyIiImUxr9FmMf/zQSZvPlaNOr6WazZGEZE/o8tWg+VcJnAsFQ4mQ9pZyMuD6h5g84XgAGfToooVaGIePYzj171wJgPDszouoU0w6gWVcwQeE+NsAi5ntkFuKoabDw7PlpjVQuFiwzg7N09iMiSlgquLQUiASe0azvdDPnQmWDytJvOfKucwz6aJeeQ38n7dh3kmHcPLG6NRKC5BDa/oiEJ/6Rosf1GJq6ZxV/RoDpWYGsl7GxfxxB1VkXASERG5dlRlDZY6vuX8Ue0v4niqQzVYROQv7bLVYDmXgTOZYrtIZ5/lL9DAqN8A1/oNLjkis1pjHNXKn0wwgZ1HwMMNQgMhJMD5r3j724QTRcvX9a1A7sowMIIaYglqePFlRapQcOdRHDz7CD9t3c8fGXasNRsQcUuT8jdJEhER+atS5RARESnmiiVYrnfbf4N317twNNWgnp/Jq70deLqXrFmS64AlxYZpblEfkeuDR31uuUMnrIiISMUowyIiIkWqfJjmPys/LziW5mzuczTFYMxig91JzqZCJnDgFExa5sLBU86qoi6Gg87N9EdXRERERERE5K9ANVjKqUEtePxOmJs/Uu7BZAsvLQKr4QDAbpZsg9untUEdHyVYRERERP6sTFPf9UREpIgSLBVwbwRYXBzM2QB5+QmVcxMrAPffnEefW/UHV0REROTPqqaXgT3XxKpv0wDYc53HRETkr+yKjSL0Z3I8Db7YbvDTQYNTp53NhgJquNCsnknXcJNGta9ygJVw/Pjxqx2CiIiIyGVVFaMIbfzV5J8r8vjjjL5KgzO5MrKrCxG2sxpFSET+spRgERERERERERGpJHVyKyIiIiIiIiJSSUqwiIiIiIiIiIhUkhIsIiIiIiIiIiKVpASLiIiIiIiIiEglKcEiIiIiIiIiIlJJSrCIiIiIiIiIiFSSEiwiIiIiIiIiIpWkBIuIiIiIiIiISCUpwSIiIiIiIiIiUklKsIiIiIiIiIiIVJISLCIiIiIiIiIilaQEi4iIiIiIiIhIJSnBIiIiIiIiIiJSSUqwiIiIiIiIiIhUkhIsIiIiIiIiIiKVpASLiIiIiIiIiEglKcEiIiIiIiIiIlJJSrCIiIiIiIiIiFSSEiwiIiIiIiIiIpWkBIuIiIiIiIiISCUpwSIiIiIiIiIiUkmuGRkZVzsGEREREREREZHrmmGapnm1gxARERERERERuZ6piZCIiIiIiIiISCUpwSIiIiIiIiIiUklKsIiIiIiIiIiIVJISLCIiIiIiIiIilaQEi4iIiIiIiIhIJSnBIiIiIiIiIiJSSUqw"
20:58:39.334 [Forwarding screenshot on session f38f5520-bd02-11e6-b34a-8d0186b048d8 to remote] DEBUG org.apache.http.wire - http-outgoing-0 << "iIiIiIiIiIhUkhIsIiIiIiIiIiKVpASLiIiIiIiIiEglKcEiIiIiIiIiIlJJSrCIiIiIiIiIiFSSEiwiIiIiIiIiIpWkBIuIiIiIiIiISCUpwSIiIiIiIiIiUklKsIiIiIiIiIiIVJISLCIiIiIiIiIilaQEi4iIiIiIiIhIJSnBIiIiIiIiIiJSSUqwiIiIiIiIiIhUkhIsIiIiIiIiIiKVpASLiIiIiIiIiEglKcEiIiIiIiIiIlJJlgkTJky42kHI9StzyQxOLvgv6dtPU+32plgK55wmZfYkfv9iO66t7sDNvp0TU17mdLwd71vDrmLEBc4QtyCWuDR/whv4Xu1grk32Iyx6bx5bU/0ID6l1zsw0Vv9nDhuS/fBNWsP8b07RLOIGrOcsdfDbBcxf93up8/4UziTwybsfsctem2bFzyP7ERa9t5CjPqGE1PK4evFdCfbjxC39L4uXfsXXa+LYvnc/We51uCGwOgAH4z4p8/y4PM7w7X9i+dXrOj/2ZxL4JPYz4rb/hn/zv+FrKTbPfpBF73/M+q3HqNO8CTUsZZZy/crf/03bt7N161a2bt3Kjj0HOesRQFAtz0oVbT/yPe/N24BPs3Bq/SlvTCIiInK1qAaLVMJuUt77jOyfN5K9eganD2QVm5eD/btvsP+8lhw7YE8l6+cfyfpu99UK9hy5JO1OZPf+lKsdyLXL6ke104f5ZfVajpwzy35wI6t3HybXy5uU/T9zeHcSuaUUkZKUwOHdSZy9EvFeDbkZHDh8mJ+/+A9xx4tNP3uKrYmJHM3IuWqhXRnJLHp9Fl9s3k1qNT9uuMGP1MTdfDV/Fv/53nlAUn7bfYXPgVwO7U5kf+p1fuxzMziQmEhiwmY27korMStt72Y2JySSmPAzx/6sF1f+/ickHOTIkSMcOXLw/7N373FVVXnjxz/A4X47CCiiR0ElBg0NDA21yMQLhumo5ZQ1Ni8vWU5jM09TzUw581Qz0/T49GQ3q9GfOqUzGvpIMuAFMwxFQUBFIQYQ9ACCgB7kfjjA7499gHO4HFDs0abv+/Xyhey1z9prr7325uzvXmttcs6mErt5Pftyqvv+vAUNFYUUanPQ9XTREkIIIYQYANXtLoD4/mpOTqDJ5PeaL5PxfCGy43crJ+C6M1YAdig/ne6gx4UqUNne7kLcyZwJixxP0s6zpObUMTzIuSPl/PFUQMMDE30ImPg64+zszHsn6PVgZ4eDgz3Yqvi3rWYVxl5bDcRt3UPwKwtxNy5Xwb/vfrerLiSrCjSRy1kTGaAsq8vhwze2kZOcRl34PFQqwNEBR+hoF98tdx5//TWwc+571Ttce8eUvLPZEBLesTw7tT1Qbf/v+0dcBU3A+KUv8kSwOwD6sjQ2vLubjNR/MS8obAB5qwDVv2/dCSGEEOK2ke8X4iY1cj0u3mxJa+Iu6p6NxNn+NhXpplWz78ONXHIZSn1ODlWA2n8qs0Phy93HaAAcNZNYvnIhw+2grjiNmL/Hk1OlPDq29QzgkcefImy4HVDJ19u2sz/n7dCd2QAAIABJREFUMgCaoABqihp5+MU1BDvryUz4jJ1JecpmHf2Zv/xJwoc7A9V8vW1rx+ds1QE88vRThPnc3oCUV8gU/HeeJTP1LAuD2m/wijh+tgHH8VMIsIO8hC387V++vLh2Ho5lmXy2dQ95umZwHIrGSWdylbG8/yl7/kFsaqExTUP0sieZ5ufOnVo37Vra/6NL5fOEYNZEBdCtO09dEXu2/oNUrQ4Az4AInloehXbHfxF/LYQX10TiTB2Jn7xPUuM4Xlw7D3f0JG97hxTbGax9SNVZr8DQoEiWLovE6/9sLy1Tmf4lcQ5i1pxQjl5tL509NGSxdUMW2ssNgCOh85fxWLgflo57XV4i7//tFK4+Nmi1VQD4T13Cz+aF0GwhzY5qDmzcSPNDz7IwGPZt2Eip9wiunz1LFUr7WbhiOSFeoDdtr7ZqhjrXoXOdxAtr5imBsttJpbQtW0dbGnIyyNOHE2AH6PNIzWtgaMBQLue1d18p4+sdu9l/Vqv8aqsmdPYiHpsWYLEe7e7wcwvMwyB2PmMZ6bibrI4llq8bvaeZqiZx86ckFtkxf82zDC3cy7bYDGOPKzWh0Uo9CiGEEEL0hwwREjenLJnac/XAINR/Xo8y08E5qg9fvL3luknNNTq0OTmMjF7CosgAdIXH2Lk7laDoJcyfGkCDNpXD5yuBPDZ9sJucFj+WLF/N8iWRuFXlsfvvh6kDMndsYn/OZcbPWcLyJZHU5OSha6jBYIC8hI3sTMojIGIRq1cvZbxTIbEffERWNRQlbGV/jo7Ipav5+fL5+Ojy2P3hXgbWEf5W8GNKqJrmnAzy9MqS6qxUtMDUB8YB0FhTRnNlDVDG39/dSV7TcOYvW878YBXaKsAYcLO0/1m7NhKbWqikLV9EkL2WuI83klZ5J9eNogmYtHQ5Uz1Bm7RDGSpkFrquZNf6j0nVOjJn6XKWL4mgJS+Jdz9MxMvXjQbtKS7UAXUXyCzU0Xz5PP+qBvQFpOTocPJ1Ie6TneTZBLPs5y+wLHo8l3MS2ZKQdzt215y7hmBPKNy/mVde+y8279jD12lZeEx5jOULw1H6kNgADVQ6hLJ02RJChxrIiP0HmX0cd0PjVXTNOrRlbixavpolEQEUHtvJZ8llFtMAaip11BiUYFRzg47Cs2cZFrmIpYum4qzLY+fOr9FTzGcm7XXRJA8u65ppqGzgThpcFDR1Eo5oycxVWnz1+TQuo2HSeA0Y+xCmbH6X/WfLmDp/GatXL2XS8CYy4naTWWe5Hu/0c8seuJD6TxIS9rFv3x42b1hPRgNMmTIWsNx+LKW1565SVZP44Z9JzKti6mNLCXc9z7bYDNST5vPzF1YTGdBERtxm0u6UChFCCCHEHU8CLOKm1B/+Unly7zMbdfAUXKM0ADTu+fKOujnpL0MT2AYt4rFpIYRFziYAcBy/kMemhRA+72E6nl/qPXggOpqlTy8mZKQ3HkNH8iMNcP0aDRSTcVaH4/glPPFgCAEhkTy7ZDzKTVA1mamXwXMSs6fchYPDCB6KjgCqyLpQTYNBDxgoKSqmwTGAJT9fzeo1s2//U3QgeMp9gJa088qdSebRDHCcZOyx005Ffc5xcoCpT/yM8KAAwheuJLLjHtDS/ueQmqHDNmgRy6PC8AsIY9nzS3BER+rpvDu6bto14su8n0XjSANxn+2jztahPa6EPi+NjAbQRMwiZIQHHqOmMHuSJ2iPUTk6FEd0ZF2oQ38pD6V/gY68C9XoC7KowpFJIb5Kh5jrFRRpK/AIfpifr17NU1N8b9fumvBh4a9fY2n0VAK8Wsg7m8r+3dtZv+4VdqS0z9zTAgSx5pl5BAeFsGBWMEqjKLZ43NtFPvMMYQF+hEQ9RYQn5KWkUW8hra5LCdvP7SciwwgOm8fDoY5QVkp51nHygIhlzxAeFEDYvGeYH6AM6rpThnY1AQ5DgglVQ0ZqNgBZqWchYBJjO+ZU1jM0dD7zlz7DvPDReLh44z/CBwCDSU+qnupKd4efWzaALi+L1NQMUlMzyTNOOHOlpBTL7ed4P9qWjj3r15OodWTO6teYF+zV0fNMV6Hl8jUVYYufYfXqF5hwp1SIEEIIIe54MkRI3ISLVP/vKeW/ZX/n0ooDtJVdNf4ey/XclXgG3r7S3RQD+AzzNv7iiqstDPcfavzdEVdblC7jdl64GC6x4904tpt+Xq3CtvoyxUBAkKZjsbtmBLbkYagvpaIBaEjlgz+nmm26ovASQQufIuLKZyQdiyPnWBxgS0DEQp6KCrn9b98ZHsIk9X5SU7/liRBPTmjBP3pSt5swg6ERcGT44PYS2zFsqBrKgDoL+/+vAvRA0Hj/zoXOGoIcIatER9CyO7hu2hkawGsayyLP83HiMT6Pa+6YP6OhtgYAbdI2/pxk+iFPVG53EayGrKxszqj+Bf5TmWo4RkZONmdUOaAOZay7O2OXzafiH7EkxW4nKRZwHMqcJ57G5zbf+OkriymogOBp8wieNg/QU1Z0hgNf7OZs7N8JHv9roAlsHTuCFg3tN/3117hK78edIcZFHS8CssNvtJqk"
20:58:39.334 [Forwarding screenshot on session f38f5520-bd02-11e6-b34a-8d0186b048d8 to remote] DEBUG org.apache.http.wire - http-outgoing-0 << "zBoajX+6ekrrNuerAYaPHtplYfufPlu8PDqXurg6dx/edZsZVN5MuU/Dsf1nKa7zIr0QQpdNwNFgHPqCHd4ecOAfHxBrflEy+wPfU10Nn3dnn1v1mM/BAtUkfLiepP17yRo3p/f2c7Ect97STNpWQ0Mz0ExpRQ34OYN7CI/NyWHX/gx2F2YAoPafxE+eXIjf939KHyGEEEL8H5AAi7hhLZkHaTC+MMjKwYk2XSM4OEFjPVBPTUIynoEht7WMN8oAuHh6mP2uclCZ/Q5Ql7OHzfvPMjQ0mmceCsbHy520ba+xuwhw98YLuFR4GUKU+SeqtZdoBlRO3njYgtZvPm8tN85loi8j5Xg+6h+NorroX3hNeoq3lg+iOO88mUcPcCzpS85MCSHstj89dWfKtABS49JJTHBBhyfzQ4Z3W0ulcgAaKLumB3fl9kx3rU65yjhb2n9PjmYmk3O2sKPe0FdwuQGGj/SmuujyHVw35vwin2Tq+bc4lqoEkUZi29GOQpf+hseMN4p1ZVmkfduIxtEdj3s1pCZ+yZc0EzA/jLCWUo7FxbIb8J8TjDPV5FTArBWvE+B4lZzscxz8MpH9Ow4T8vuFt7W3QWnabrYlXWb+i28R7gVgh49fGI/PyWPd9jwaDdDri5KdXHGDXo87FNK1L0n5ZR04j8OBhl7THLtsxgA4OLv2Uohmqk3aa21N3R33V9HQCD4hk3Dcv5vYf8RzGQ3zg+xo7piIpIyYj2MpVAex9OcPM2q4F2Tt4o3tpm9s67mumr8X55bpAXHHb6gbSdp6Gu0stJ/RQyCv77YV/cJaDLvXs3/3VgLueoUJFKGzD2LNW09gW1ZEdtoBYo+lkpT9AH5hd8qMR0IIIYS4k8kQIXHDrv8zFgCr0Jfxj0ns+DfsuemAcbLbmttZwpvV/8FNLoOHMMhNRU7yDnbnNBvnGVHmK9GlbmfH15nkZSaycedZlEQvAoIcIS+eXSl5VFeX8XXMVmL3x5FTA5eOf8nu7R+SkHUFD18NXq42KHMEfDd7eqN8Jk1hKJdJTMrDMWgaQd2e5hqwDQrFH0j6IoacsmqK0vYQm2ecB8Pi/o9gfIAtzTlfsictj8qyIhK27OIyMMLP+46vG3POzHv6EdpHbxhoxjloEv5Axp5/kFZUSXVxJp9/uJ39+1OptQO/e0KxpZlmbAkM8MFnTKDxdtiR8Xf7ATUc3R3L5k0x5DQ4MsJ/GC4AarduwYT/a34hE3EEYtf/F/uS08jLyyPt6z28s/0sOAbg33GTbujh7PKzeNwVzcTv3ENeZSU5X29jvxb87wvByUJazx0Num7dgGPwFAKAxM1/JTknj7R9nyjt9Y6bpNsA7mMJ9QRt3mUcx0/Cj86gr4FGGgFcBzN0sBsNRSls3Z4B2Jt0xum5rirv8HPLHijJSiEtJYWUlGQS92xmW2oVOAbh726p/UzoR9tS4ezqxYNPLsETHbs/3Uf1lSxiY3eyfU8aza6+aHw82lcVQgghhOgX+dogbkzNcWpPKMOBnH88zSzJfsaPsfvoCHrOUXPmKtZ2cAferZhTdf5o7rK4p9+dgx5gqiaLY/s3s24/gCcBAZ7k5V3kUh2EPPYrGtlI7P6dnMUWTzWgvDiGsCfWUNmwiaTYzWQoMSoCIpeyMMAZfJ9gfMnfSNr+AcooElvGRy8n5E7plm4XxJQgNbtz6pgUMb5Loj04O2CLH0+ujuajj+PY9u5ZQHlu3qx2xZE+9j9gDZWfbOXY7s0ofT8cmbTo50T5OYP3nV039oDK9H3f7mE8PT+Pd2PPGhcM52c/X8RfN+9m98frlUW2Q4le/TR+AF5jCVHHktoUxBgvgDGMsYUct1DGeymfX7Q0gk3bk9i23pinoz9Lljxw+4dx+EzjheUGtu7Yz7G43RwzLrb1HM+yVU/gBVzuaB+mlOtC+PLej3t1ew+NylQ2r1dSh46P5skHh2OwkAbVZudv13O5s70OZ/lry9j20Q7itm0Gx6EMdYTLTT0Fg24PpW0BOBMSHsCxuDwmhY01WcMJB5UfD0QGUJiYxPp1yhmiCQrANiePvAuV3NX+V76HunKuu7PPLRug6mwiu892LvP0DyX6J4/hBXhZaD9YSKvLUQH2SpTKPYSn5p/l3dhj7ClZzqJJl9idupv1qbsBUAdE8nCI9F4RQgghRP9YtbW1td3uQgjxfVNXXUkDtni5m/ajr+PrzZu4OHo+yx70A6AseTPvxhWz6De/7+hyr6+u5npzM45uXjjbdc23moZmcPNyv/03zzdNT3XldXD0wr2HGzVL+6+k9bz//w51U11ZSbNt13bTX0q9Nts64tVTxd5mddXVSo8JlSPuXQ9sH3o67tVZu/jz9gssfe0VAg2VNKg625OltP4XOI9tHx1k9OMrmTbcDtCTsGEdSUTy+trI718bq6umsqH7edWfuvq+n1uWrhuW0nrPsI7K6w3YOrrdcFsWQgghxA+b9GAR4iY4u3v1MBTBGXsqydn/MRsKxjOUCjLyLoMmkrEm99N27u709jzU2d29lyEO3yd2uHv1/sTX0v7/u9eNpXrpm+V6vd2cbypopOjxuBsMQB2NBrBz9zK/ObaU1l+2UFulJe6DdygIHUXjxSwKq2D8oru/l0EGnN3x6ukE6Uddfd/PrZu9pvSeoTNePVamEEIIIYRlNn/4wx/+cLsLIcS/C03oRDypp7ykHF2rA3dNmsHTP7mf3qbYFEL0zNrKQHW9B3eNDUBt1/+0frPxZNI9I2muraSk/Co4j2TKw48zL8RnwGW/k9ySuhJCCCGEEP0iQ4SEEEIIIYQQQgghBkjeIiSEEEIIIYQQQggxQBJgEUIIIYQQQgghhBggCbAIIYQQQgghhBBCDJAEWIQQQgghhBBCCCEGSAIsQgghhBBCCCGEEAMkARYhhBBCCCGEEEKIAZIAixBCCCGEEEIIIcQASYBFCCGEEEIIIYQQYoAkwCKEEEIIIYQQQggxQBJgEUIIIYQQQgghhBggCbAIIYQQQgghhBBCDJAEWIQQQgghhBBCCCEGSAIsQgghhBBCCCGEEAMkARYhhBBCCCGEEEKIAZIAixBCCCGEEEIIIcQASYBFCCGEEEIIIYQQYoAkwCKEEEIIIYQQQggxQBJgEUIIIYQQQgghhBggCbAIIYQQQgghhBBCDJDqdhdA3HkuRE+53UVgVNzx210EIYQQQgghhBCi36QHixBCCCGEEEIIIcQASYBFCCGEEEIIIYQQYoCsKioq2m53IYQQQgghhBBCCCG+z6za2tokwCKEEEIIIYQQQggxADJESAghhBBCCCGEEGKAJMAihBBCCCGEEEIIMUASYBFCCCGEEEIIIYQYIAmwCCGEEEIIIYQQQgyQBFiEEEIIIYQQQgghBkgCLEIIIYQQQgghhBADJAEWIYQQQgghhBBCiAGSAIsQQgghhBBCCCHEAEmARQghhBBCCCGEEGKAJMAihBBCCCGEEEIIMUASYBFCCCGEEEIIIYQYIAmwCCGEEEIIIYQQQgyQBFiEEEIIIYQQQgghBkgCLEIIIYQQQgghhBADJAEWIYQQQgghhBBCiAFS3e4CiO+3orRDZJRC6IyZ+Ll0Li898xUnSt2JipqI4y3cXkOVlkobHzRq255SKUhP5dzFK7TYeRIwIZRgjbqPHGtJiT2MKnQWYRpjSRu0pKReoMXGxrhOCy02g5kUHoQj0HAll5TUb9HpQa35EeFhgb3uozYrhTN5l9HbODLy7klMHO3ZWVpL+TRXceZ4KgVXGrBTD2VCeDgalx438Z1rvnKG+OQrhEbNROPY1zEQQgghhBBCiB8m6cEibl5zEWmZhVSWF5KWpTVLqrmipVJ7laZbub2GAvbsTuDM5boek7MSdnE4PZfKFjuoziclYRdJBbUWMmwm69A+ssrL0dV3lrS2NI+s3Fyys7ON/3LJLdYZE3PYszeJ/NJ67Gxqyc9MYtehnB5zv3ImloSULKpabECnJf3wbpKLavuRTwPJMbs5masFRxvKC7NI2BFLafMN1tct0nTtCuWVl6htoc9jIIQQQgghhBA/VNKDRdy0qm9zuGb8/7Xsc1SFa2jvn6GyAeztsAdoBm5F"
20:58:39.334 [Forwarding screenshot on session f38f5520-bd02-11e6-b34a-8d0186b048d8 to remote] DEBUG org.apache.http.wire - http-outgoing-0 << "ZwcVGAB7O/vuaQ0FnNU2Ya8JZ1lUMFBL8hc7yD5xmkmjp3XvYdJ8heR9CWRXKoEVG5OkysvlgC+LVkXj2eVjBemnqcOZiCceJ9AFcr/aTlL+aQoaghhttpErpJ4sB49gnng0HFtKidscR3ZGLpP9JnLJQj4jrp0juwZ8Jy8gesJgGoqS+exgNmfydfgG9dUj5zugsgFUSjTW0jEQQgghhBBCiB8wCbCIm9RAzjkt2I9hRmgLh1MKOVNQy0Oj28exqKApn73b86mpawEbDybOiGKinwtQS1bSYVJyy5VV7b2YPHMWE3xdaNCmsOvgZaY9sVAJWDRrif3bV6gfnINN6mGagMLDn7Hn8iwWTvPrLE15MXVAYNAY4xIXRvl5kZ2ppbSBLsEPqM1PJbvSgGaMBm2+lpaOlGaqq2rAVUOL7graGgMePr642ALUcrGoBoZMJtC4m4ETfkRSfjoXLtUyOtBkDE/DNaoAzd1BxtiSLxMCXSnNLqaCQIv5uDaWAh7cPXYwAI5+d+Nvk82l4nLoEmApSo7l2BUb7GpKudZkQ3DUEwS3ZJNwOJ1rLQA2+E+cxcyJGgBKs77iUEq+sWeRM2MmP8BDEzQUJe/h8OXBLHl0Gi5AgzaNXQe1RDyxEK/OWiM5xvwY3Od+ocf8hBBCCCGEEOKHRoYIiZtT9S9ya8Djrh8xOvhHeAD5Z3LoHMViDbSgdx9LVPQM/J2ukX4wltxaKPgqlpTccnyD7yc66n40qkpOxsWSo4MWfS1NLTXo2yMeTfXoWprQG+y5655AALwCJxMWNMSsOConJVKhb+oMlejrm4DWzrxMuPg9yGNPLSfq/rtwNkupo0oH1GSzd9deEhLi2LFlG8kFuo417F0dOld3Uhs/bzDfQH0jBkDt3tnTw2voEEBHda3lfK5d0YG9J14dvX5U2DkAhtZu+9Gir6WushS92p8xmjH4kM3Og+nUewQyKzqa8EAvCtMTSMipgoZcDqXk4xQYzoJF0YT4Gsg/mUBOLbToa2i53mCSr46mlhoazOrOxfwYjKrtNT8hhBBCCCGE+KGRAIu4KUXnsmnBhrvu8gZ8+JHGHiqz+bYjDtEKaJgfHY7GdzQzF0RgTx0XtAXk5Ndho7mf6PAgfDVBRC1U0nLytLQP1ulomCZjdwaPGY4z4Dr8LjSe5l1SbAf7obGBwqRYks/kkpWSwMHcGvO8TDm6oHYEDAbz0EiDjhrAw38ij/1sFU89NguNcxPZh79C26wUp6mm0eQDhq6hFSWb+hpacGawR2c522MV1ljOx95OBU0tJvm64DPYnpYrl+k5duHLnPkzeSgqgta8b2nBnnvum4Da3h7/iaFo7EF7OqcjWFKvq6CqRkXQg9FERy9iTEfHG9OBUl2Og5HZMXCz7SM/IYQQQgghhPjhkCFC4iZc4Vy+Erw4uXsLJ01Szp0pIjjCDzCAs1NnA1PZ4wRc1ZZhDYwYNbTzQ45D0NhDYWUtDOq+tY482oMhhiboNquKJ1FPRPFVwldkn0wCey8C/b3ILayhe78PCxz9mL9sVefvaj/uv9efHUml1DYpQRJ7V9MIgqrHk8jR1R0b6rhc2cBoTfd3DFnKp0lvABsbk3xrKSltwt53GN1jFwawcaKzn4w10MTJuF1mxwWVniaXQCImXiIpPZ9vDuYD4DwkkOmzInqui56YHgML+fneyldHCSGEEEIIIcT3gARYxA2rLThHaQv4TpzBpKGONLWAvX0DZw4dpjD3DKURfsqKjS2dfSIMTdQDg0d6oy+CSxcuQ6BxPpFmHVVN4DXYHQzFyrL2D6pU3XuIqHqYYLVZR9bpYkY+tIyHjNkWfbWdXAYz+EZ6VOhy2RN7iqEPLSTcGBgx6JUZRqyxwU4FTVVXaGY0tkBz5RXqADv7LqeSvRMOQNXVejDmU3JBCza+DHGxocJCPl4+nlCopaQBAh0BmqhvAkMPQ4S6MrToAS+iVi2kfSaU0twsKlrV2NWWUmM3gvmrZqKqKqUwJ42U7FzOFE3gLuO6Nh0/exhXZUplT7OF/G7LZLxCCCGEEEIIcRvJECFxg5rJPZcPeBE6cTSDfX3RaHwZPHg0oXf7AuWcz9EBdtCSz8GUXHS6UlIOnqAJe/yG3MUoXxtatMdJytGiqyolJT6Ja8DgoR7GXh1NnE3Jokp3hbQDyZ2vem5RAgy6i9mUVnUZLGOr50JWFocPJVFaW0tp1lcczK/DIzgIT6C5KodDsQmcKW3AImcnWprqyDqaTFFVLVXaMxxKKQVnP4a5OBI03heuZZGYXkStrojEo1lgo+FuPxdovkJKQhxJWaXgOIK7PKD85FdkXamlqiCZ5MImnMeMQo3lfDzHBOBME8kHU7jSoCPrq68oBcbe7ddLoTuHEw0L8AMqSU5I54quFm1OEnFJKZwsqsX22gVSUpI4lJSDwcmbIZ6uyoesARsVtGg5nXuFqtIsEr4upMf4q8kxuHwxt/f8hBBCCCGEEOIHRnqwiBvTcIl/lYOz/zh8uyR5jr0br5OlFObkMUrdCvYe1GYlsSsLwJ6xEdHKS3CiF1Adu5/sbxLIRUkLvH8B4b6OwD1M1hRxMj+F3fmAqxf27SEWl8H4ediQm59OQpMTy6OCTLY+mIgZwcQeziJuh5Krq2YiUeF+ADTpLlNYrsVQ3cQEs/ErytAcG5XxVLDVMHNGMAmHszi4u1BZ5upP1IIIXACX4BmEl8WRkn6QHekArkyOflB5nbOhhiJtKfWMJiLYl7CoWZTHHiRl7w4AbLzGMiditFJXlvJxDGRORAV7k7LY+1kWAL7Bszp61JhTgYNdx4ns4hdB1EQ9B9PT2atNV2rXayxRkUHY2jZzf+AVvsn9hl253wDg7BtCeKAa9bD7OFd0mKykvWQBHr5DsCmtNQ6vUl7T3PUYHGoK5/7Aaz3mJ4QQQgghhBA/NFZtbW1tt7sQ4t9YcwO6uibs1epus6Y019ZSZwBntQu23T5WS10TqNU3OmNqAzpdEyp7Z1wcTXJtLiV2SwK+C35K2OCuW+ux4NTq6jCo7FG7dA9sNNfqqDOoupW94KvtfN10L8ujAjuW1ep0N5yPkthAbVML2LjQw0f7KL5S793qoY80pazOqF36U0f92JYQQgghhBBC/EBIgEX8IDRoU4g7oyI6OqxboOeWaS4lLiaNgHnzCZQ36QghhBBCCCHED4oEWIQQQgghhBBCCCEGSKajFEIIIYQQQgghhBggCbAIIYQQQgghhBBCDJAEWIQQQgghhBBCCCEGSAIsQgghhBBCCCGEEAMkARYhhBBCCCGEEEKIAZIAixBCCCGEEEIIIcQASYBFCCGEEEIIIYQQYoAkwCKEEEIIIYQQQggxQBJgEUIIIYQQQgghhBggCbAIIYQQQgghhBBCDJAEWIQQQgghhBBCCCEGSAIsQgghhBBCCCGEEAMkARYhhBBCCCGEEEKIAZIAixBCCCGEEEIIIcQASYBFCCGEEEIIIYQQYoAkwCKEEEIIIYQQQggxQKpbmVn93ne4llEKg+5j8AuLsb2VmZtppD4zF/uQCdhwnWsf/oW6ck8G/fpXOLl+ZxsV4jtVUVyD3t4GF1cn3B0Gnl91RQ21TYC9HcO87fv3ocYmSir12Nnb4d3fz5hts57appYb26YQQrRrrKekUq4hQgghhPh+uoU9WHK4timGpozjNCW+w/ULjbcua1NN+ZQ/9xBlr+2lBYA6mo4cQZ8RT7P+u9mk6PTm9Bh81Ymc6HJ4E38XzzC3GHyjMqg2S6kxfuYAR80T+q+6iGh1DDNf1/ZjnaIeEusHVm6t1izvrM+TGOYWw5uJ9b0W5+jr8fiq97Alq6lb+SuS0oyfr1FWbrzCuukx3DP2AJNGx7P0k7I+KsSSeuI3HmdmQAxjRx9g0tgDTBq9D9+AvazdUGCyj/W8PT0G3+knqDAuqU4/zWSffUwae4AJAf8kvqKJ+M1ZZPTjuGXsymBJyB7Gjo7v3GbIAT5OrBrAvvSuJCmLNzeXfCd536j438UxzC2GySu/vbkMqrUW2u6t059221GkExmMUxvPmX6et2Zt/laqKOG9Dd92tN1u54/o1zVyQMfHrI12v3Z0V897"
20:58:39.335 [Forwarding screenshot on session f38f5520-bd02-11e6-b34a-8d0186b048d8 to remote] DEBUG org.apache.http.wire - http-outgoing-0 << "UZ3rVJ/IUK6z6ngSKzrL037tbc8nY3MSwwZ3XkNm/q7oxssqhBBCCHEb3bIAS3NyAqZf22q+TL5VWZvTl9B4CfAZhA0AHriteRn3Fb/CweW72aTo5D/GGqtWHannTY+2joPxxpu2lDLSTL91V1whKRMIGUSQ+81vtwm43tTSj3V6SrEbWLndWqgASo3HSi0qAAAgAElEQVQfLb+g3NjpsVweq9ZWCsv13cvf3Kz8tFVacEVyPpvTQT1RzdJVvjz9kIfFfHtXz3uL41n5cinZ5RAy35tnfzucpUucsCo3EPNaJrOe/xYlxmSDgwNQ3IpSQgN73s2nuBVClviwYo0fFe8fYsV/5FHWR+Ay/vV45q24QHJBK2Pne7P2tyNZPEuFVUENbyw8wtq9upvcn15UF7Fwfi77LjTf2nxvRmMJOz9UalT7RT7xvd9xWmDevr4r/W23AIe2X0LXClatOrbs63+QzLTN3xr1vDkrhbc+uEpt+6Iu549Q9OcaefPHp4c22sdpfb2xcx19U/s2WzvSO5blNyrXoGot6/7D/AQaFeR0E2UVQgghhLh9btEQoUaux8WbLWlN3EXds5E42wNUUfnKc9RWDsFxkiv1Xx6hDVDdtwqfV6dx9bkXaNANwv33nzIo0AFqjlPyyz+hrx+F1/vv4erZnmsVlX/8L+X2oCyWS09cxOv936A/9k9qS71xmDEXVfZWiv8Yg/XYadhUJtJ4qR58puDx9EM07niHhkv14HYvg958E/UoN6g6Rdmbf6A+7yoAtvevYcjLS7G7NRXzb2fKTE/YWUF66jWY6KMsLCwjqVD5r1VrPUfTaoicq4zVqjhTTnYrhC7wxfu7LJi9pZst1cDK7T6Mk2XDwUE5Xez6EZe0s9CAvCOnUHAFJcABuLoog+ke/3Mkr97XZ9a9yth4nL8chLYhav528EEi/TtP79d/m8fikDNkfJbN31eN4WfB9vwiYTGrGkEpRgsVxdBmrebPf51GMHDirTLADhcLw+6qT2Swcn09bdZOvPfNDBYHt3fpD+O5Xck8tKKML57OZIVuOsE3v2vm7G1wM/683Ur2F5LYCuoh1ujKG9m2o4y5a31uLBN3P7P29V3pT7sFoFrL1s8MtA2xxqOilX3/nce6Jz0Z1lf+38lF0wY7NYA17fHzrueP6J8BHR+zNtp3Dyiw6fNv6OhZ43hzVCO4qvEEMBkNNO2NcHau7avFCSGEEELceW5ND5ayZGrP1QODUP95vfGG7RzVhy92rNJSqaW17BR1Xx5BdfcYrADDiU+p2AsOvtB2PZ+axJMANKUcoqnsKm3qYJw8zTfV1tQ+xqOeNv112gBD0TlaLuVj0EOr/iotjVdpzviSRkahcgPKjnPtrTdp0I/C1scJrp/i6p+20Uw+l5/5BfV5V7EecS92Pk40f/MhxetiTJ6zCVP+YUMYbg2HjlfRfiRyj12muBWe/WgMY63hwFedQ1zOHFECV7OmeRmX1BDz+hEmq2OU7uEBcby0sagjL6pLWDs9njc3n2ZZiLLOM5u7j1EoOXGeZ6L2GvOIZ927Wq6DcuN9q8tdXcbaqDie2djbkBQDicZhOcPcYpi8+Agbd/Z+E1J94jTzguP4+EQ9JzYmEfGU0q3/ozl7iF55WukuX1HCm08pXeiHucUwbvoRYtIt3Ng0lrHhNzrarK354x7z4AqAg38A//2BJ1atrdRc1QP1bFkZz7znT1PRWMZLUQlsSAeo5TfT41i28jBr36rHqrWRX0ft5ZkNPe27gUObLwHw6KeTTYIrisDHwnh5ljV468ltH5bQx35VnzjNzOlHiInP6jj+yvAmYxupLmFtVBrZrXD+s/TO+qKJ+A1JZu1q3Wat5Xa1cSBDsZRt7vu8jDZrB/64J5Rp1vDNB7nkmq5SXcLa6XGs3ZDF2yvjjMMk9hC9Mo2s9mbdpX2118GWXadZYizruJB4Pk7SUZiYwUx1+7JEtpu2iYoy3n7+AJMDOusteuUJMm6wV03uvgtktsK830/mt49aY1VQzO70rt1r+tfms/YqQ8c69vv5jM79NrbB6OfT+Pj1I4wz7tfMxcdJLDQY0w8p7bKwlFkh8WxJbzI7fxT9uab0cQyA3MTTLJu+tyN95uJk4nMH0K2ouoS1UXtZ8uK3nWUpLmDZ9L0sefG8+bKQvazdrLTHxsIi1j0V13GOTJ5+hO0nOodDKe0jkbffUtq7rzqOLae79uayfHziX09k8vQjJsM26/l4ZTyTpyd1WRbHzKdOU9HXNbD6Cu89f6DjGC57MY2jmYC69+q5ll/B/oRSTpypoyL9PEui0sk0/uEt2nuG6MXHyWqE9uM7zuT4vvl538MDq3OLWLcyvuNz40LiefPzLteEqDiiow7w0uvJHXXVfhyy9qZ1LPMNSWTL3vOsXRzPzOmJ7C009Ll9IYQQQvww3ZIAS/3hL5VeJT6zUQdPwTVKA0Djni9p/9pnZfzp+B+70bz1NzwjlXWai0pwe3QxAC0JB2kCahO+UdZdMAvzZ9SeeL/+utLtxmcxmphPcfPszNvKdFWH2Qz76FOGr11s/H0KPps+RbNmvrHQzTSf/JKGRoApeL/xHr6/f0XJO+NLar+bqSO+//x9iPAG9lWSB4CB4weqaLN2Ze7i0YT7gza21HiTWc+J4420WauZNs4eqOHtqAOsXV+F1tuJpau8GVfRyPaXTxHRPnRF30x2Zj0bf5lPYoGyyZLmLuGuwm+ZNSeHuGMGQpb4MG9MI5v/VEqxpajYQMqtbyQ708Dp4p6HpGRsPMyyl0s5X6EiepU3bolVHWXvib6pkezyRkprW7Czs8HN+GheE+KAs4MNVBQRHZDCxth6hs/yZOkyV3TpVaydHs97J3oJstQ0UgoQomFhcM89IQKfnE7J9cX8IkLpdl9yqp7zpxrRY42Ds8lnHKyxamnpqE837HB36am3iJ5v8w20WTsxb7ZnD+n2/CJmIaV5s5XgSz/2S9/USHZ6FWt/ksuhWiei57cPbzrFunhdR/kArMoN4GADNLHlqX+y8rUKs3a1+Zcnmfc744HoqV3p+x4qY1FxIVsSgZAhTA/249FHrbEqr+AL0zlO9M0UZDYS81ou736hZ9oSNeO8W8nceZHZP88ytnnz9tVeB6+uyOcbnIicpUJXUM8b8xKZtvAC50NciZyqQleg49czTpIFQBVrpySzYVsNtWPULH/em3EYyNxZTPRPT9P/6Y/qid1cQZu1iqjZw4heovTG+WTrJbO1+tPmMzYnMuenF/imECJX+TAzBDK3XWD2yM55XUry68ncdpE31lfh/6gvS+c7kH2wlJ+GfE1Gow12Dp1/otx8bDrrx3j+9Pea0tcxaMw6zUML8zmU2UrkKh8ejbQj+2AZKyZ/Q8bNTifm7oZ7mYFvNl3ktDGP3K8vkZhu4JtNl8k2Lss6UEhigQH3kc5Q+C0RIafYHNvI8FneLF3iRHF6FS/NOtAx54zSPnRs+FMFxa1g1doIzuZ/yvs6PoPcWyhOryIxzRi4qbjM7i/qKU6vIDHN2H6LS9jyRSOlDrZ4W7wG1vDmgqP8ZVsN10LULF3mSuKnZR3Bkt7Ullwl+WAN++Kvort2jeT0zqBFcXo9GYllFNTUdxxfnTE/q/JGNj6XYnHOosas80yZfIrNO+s7PqcrqGfjcyeZuPK8cj7om8lOaSTzWA3b15eRXW78sKcDubuSmPPTix3LrAp0vPrTHGIO1pOdriMjp8HyzgkhhBDiB+sWBFguUv2/p5T/lv2dSyuiqUwwTrRXFsv1XNNvpxqcxw8FwMpWedptBVgHzsbZB+Ak1QdjqM+rB+7GLWJkD9vr/ILXZqlYmpGooHO2AbWv8lajMeOVIIqT6c4fp3zZFIqeXYfyFe+q5bx/0NQ8OF8FVJFbCFDO/n1A5BBCHVy5b64DVFRxPBeoNs5jMm8oYx2gIvE8G45B29SRHMuby9vrIzh0MZzoIVC87Rxbs5rATukp3mbtwIa0BZRoZ/PJE6ZzkhjY/qdsdK2w+KMHiPvrND5JeIQNy/oaL3Dz5bbY171ay7rf1NBm7cSmcwv4xLhPkUP6V5uhy6exb6MSbJz3hxnsfD+Y"
20:58:39.335 [Forwarding screenshot on session f38f5520-bd02-11e6-b34a-8d0186b048d8 to remote] DEBUG org.apache.http.wire - http-outgoing-0 << "tL+cJtO4fydjpvP2+7MpOBbIcGt46z+/7fFmuSK7jOxWGDfFG9OpbipyyziaVMKJE8Z/SVqyipWn8nbGp8t2DoN5PWYOaycC/sPYnjCXrf9vFrt/60SbtQOvJczl7eU9DHupvsIJ4zw1E/oxv078DeyXetYo0vLm8slnc0ndMxyApGM6cB/Ghv+dyFhrGPviZOLeD8Y1PYdXY1tRzxrFmfZ2pZvO8olw/sMsYgoNPberpwc2BOHE7osUt8Kjz47CHZj5pHIcP/q4oPMpuZ0yN0abtRMfZT7Czr9GcuhUOJHWwLkaqozr9EQ9fwxnMueyLWYBH65SAmBjl93NhSOz2ZYQzZvzrYE6tBVQnZRHTDmol9zN+YRIXv9jBIfyIlk8BChr7Jy/pC+5hWzLBCL9mO4N7pFjiLaGa5/lkdjR46Yfbb6xhL/8h442awfeO/kI29ZPY9uRR9iwygGrVh3/s9W891DkX8KJ++sU3v4smm0vOmHVqmPdu5UsfX+GsV1qiEmYzc8mmveS6u81pa9jUFOuHLFHtz7EtvXT2BATzV9XOQC1nDl/s71YXJm7xAmr1hqOnlbyOJV0DVDmtkk+3wQ0cSxBpwR6pzmy/U/ZFLcq9XEyJoK3/zqX1D3K38GPnj1DoUnu6lmjSL2+mNPZs3k8wCQA2o/jc88cXwAO7L8CQEmaMiQSIOWIsiz3uBK0XvTjERavgRVJ59mYbmyvRyJ5+/3ZpP5DOWctz9Ni3fHTJ+xutn3k25ES+dsgNu0IQ3PsNBuOKcumvXg3qQXTedN4rT//zjn2FveUbw3rf5rTEViJfmMC+45MYPFEY5F25vDHeF3HNQGgzdqapW+MYukSHx6fruedVRXG5Q68tucBko/czTTT9i1jiIUQQgjRiwEHWFoyDxp7gYCVgxNtukZwaJ+Yrp6ahP5MdjsU9+gpQD21771DM2B9/2PG+Vt6UQ+WZmCwGXOXebrFYeNTGLJpP5qN7+H26M9wf+7XOMqEub2a8NBgrFpb+SanHtLLSW6FmVHKl+Ow6V5YtbbydXIVjfkVZLfCvNk+OABnjlcC8MLvx+Pfnpn7MF75ozI7S6nJhLAej45hcaAK3F0ZZjbuR0/hqVbahnjz3JODjctULP7VGNR9tOabLbdFVxupADRrxjJ3eOc+vfgrC33ju6gxTkypb9YDNWS0P8ltqiZ+bx579+bxlbZFGf6UUsGZniIsvcz3mvZBMo/PS2HRLOO/eSf5ybs93ZXojZPdtnTcjOv1yh2KvteXtdjgDKCDvqfNvLH9WrT6Rx1zfgwLG0aI6bGtUeqrfULP04eMj5k9IC1eyTc+XoedpzVWrQbOGp82d2tX3YJCBnJPaDma1PnvRG5vF44q/v5BDW3W1twz2k55xfaIQUo5EwvY36WKNSsCWNA+bMvdg3EhANYW79MeX3FXx7xFg9yUNSMWjzC2SRWjxyn/swPcI+4lu2AuB/80gsLcKxxNzGPLhmyyjcOD+ns/eHTnRXStcP/9nugraqiocOS+ecocRZ/FKDfe/Wnz1ecrSG4FzZogpb6NZV78chBjreGb/aVUG8vVZu3Ni892Brsin1WCbhU1jUBLt3Zpqr/XFOjjGCjTIBHz00SiVyazZVcRo1+YSaluQbegDgCNNZxIMm8ruRXdh43c87ByfTl0sBK4wsEvOrt1HEuuBiqJSwTmDeceh85r229N6mNY5HhengpU6MgxGe7Vfo54D3c1v0714/g4BGpYOgS0sZcpAc58daUj7Xx8GdXAqX0VtFk7ETnVwiRMQE6SMpxy2YqgjvY6bO44nh1t8WPm3NVELtZ0nOcB4WOYO1fDtbSrHasE3+tK+aUWgu4fBCg9dzLO9nBxqqjqmFtLvSSIT9YGEDoxgA27QhhuzD/pmHkXVc1Twby9NpS3/zqN+/T1XDAuH7dmAqsjB+M/8Ue8s+EG51YSQgghxA/SgGdVvP7PWACsQl/G//X5Hcub4n9HyUdHlMlul4f0mY/DjIWoNh2n/Suqy9xpPa+ob1Z6l1yPp/i5KjzW/arn9Zq733F27ZViMzkKe2Jo4jhVmzbhwGlqT+QDU3CcGyEPqXoxLGwIY61LyT51maPuFbRZWzNrmvKl1zvMhxDrYk6dKOWr2qu0WVszc6oyfMTOzpo2awdCg8xvWAYN6f6mCF9N76ENOzVQaINZDGyQM77A9e+g3JZUFCjd9NsumY8jGBHiTp+v2ehR5+SQMb88Q0zXZOsGanuIZnhP8GasdTHnj1dQjV9HL5YJT0/gtbGN2NtZY6ev5k+/KcW3l8lh7br87JO7JxND4JvMSnKq6SFgAdW5JRzTQtg0jxvcrxaz/5v1IehSQL1xqI9u5wVW7uxeBtMjY6ldUV3MwjmnOp58A7QtC6H0/e53itUnLhBTDla08ur0A7xqkmaFgU2fa1nwiqZjmZubbe/b7YW+ufsQJrNletMxGC0c2XiSNet7GNvY71jfFba/owSUkl87yT2vmace+iCfwuWDcbmBNq/N7TK+xs5G6TVg2qvG24ZBXdbxBjLiyyn541CL7fJGrimWjoF3RAgfvljLmvU6MneWkblT6WEzfP5I/vFZWGfwxqgi+QyLFpr3wln8j9lsmGsejHAI1rDYOp8vjpRT+GNbElth+aYJNP7uDJ+fKic3qZHMVnh00TAc6OXahj2TIpwgpbVLHfQ8xK1/1yQ1sx5z4PMPK0krvEJGrIG2JYG8p9Hyi3euklZYwsF9QKSGSe5geYxZq3IM7jE9Bja4+QA3Ms2RyRuQlGCzPXb2nZHVjT9JYWOXj/Q4esukZ0rkwya91Lw9me0PmwvArcvjGb8xTj1+PmRq58njYvGJjxBCCCGEYmABlprj1J5QnjA5/9g8IGI/48fYfXQEPeeoOXPV2FWm8wuKjYvyxcXK1vil13UK7vcPouqbq+D2CG7BvdwIeYbgFOBETV49LZeOUJ//NNZ2pnnbmv2wtjP+x8nWfI4WAILw+e+XKf3dX2g+EaN84Xe4G48/rkNeDmmB92AiQuCjI5fY7VAD3j5MaX9K7T6UWeHw1qlSduYraRONdyf6mlasWhvJv2Qg0mSekNq67sGwnl+3bMwHwL9rdxXly3lvk9wOpNyWuGrcUVuX4jvCvL3WXr35yTH1QJu1ive+mUG4S0tH7xB9rR49dozo6XVMrg7KTWpmCXFZISw11u+wiQGsnti+Ugl//00pN/Um4R7Z4O2pPEk+ekxH5Nyud/IG/v5CCm8cg6V7HsCtH/t1My+Q1RunpI78n3DWz3amtqM5tXDtagtDxriCMhjHYrvC3pXf/ucoOkMULbgG9BydOLRZGQY57flRPDLKtrPctdWs/30ZGW/lk/WKpuPNSRa3ewvk7jrBmvVVtA1x5YVXRnHfOHcm3GPHJ1GJvNvPOF9FYj5xraCe6sOLS93pjGo18/VbF0gsKOWLE038oj9t3hjgHhfo3G07TQCjnTqDCC5dzmW9so5mxpA+31x0q64pYM+clx6kYK2e7LQSko8Us/3DKopjL/KHzSPZtnyw2dqumuG8/FsncDQuaLBm0njH7tniyewVKr7YVMaWbTa0Wau4b7Y/+kNZfP6Flo/Q02btwLypaqC+l2ubgYLzjYBdv86P/l6TwuYNwer9i/zvpn/xbQXMjNAwU1OH1fpiPnsnh8RWePQx3z578elRrgHZ+U1EmvT2abzZuWvM8u4MIi7/n7sJdQUDLdTUtGLn6kBQT3Wu72y6J5KrYIHxHK7WkWLs2dI1EB98j8kwVJPPZ56qAmPQrPbad3wSCyGEEOLfwsACLK5T0MQd7znN/l6Gm6ZNO47pV1SnZe8xaln7b420VBXS0P6q5IejLDxF98T7fxIZVHWZVjsPbF0dzPP2fJ5Rcc93rG0TYv47rhGMMC1X4Hw0MbNpLrtGG3bY+fTda0G48sB0VzauryIGGLdqiMkTXnumPaLG6mUdicC4VUM70jRBzkAjWz7NZ/X7PzIurWf7+6UA2Nn257W7Nnh5glV6KVsS63k1UgmFZcUUkt0KY7+Dclvi4OOGL3D+w3wyXvMj1KF9n272DTXG/Ws18G05LA5uvznQsiTkJN+g"
20:58:39.335 [Forwarding screenshot on session f38f5520-bd02-11e6-b34a-8d0186b048d8 to remote] DEBUG org.apache.http.wire - http-outgoing-0 << "Zk9ZJPd1vetxGMaaV1xJ/lMNv77/MM4n72dBoEmYsFHH9jfOkdkKw+mf9hsn7VXo+R3b9kQ/P5JXD15k0xPHCT05iwWBnZeUrF2pvHFMefXzT6a5k9qP/bqRUQXtr2meMGUQUMq3p2vwXj7MWFQD21fG8dJOA8/um8ur9/QjPwdPlq7tx/lfrWXrF620Wat59Y+hXV4/3UTF3n1sSK/is/ga3p56Izt087RnlKESz22awUsRxmNQ+C2HMgH/1n7cmBuI26a02cdfCeNnEeZP66dwlcRf6ti2OZ+X1vfd5t2DfAixvkjGh/mceM2vo71mGM9TTaC6o5eVVUEp25Pqeck4+XJGTL5yLruZ/xXo6W/CrbmmwNHX43h8fSMvH1nALyIDCI0MYNWsE4yeV8y3F7oPE3MI9OMXr/j1K++weT5YfVrM5k+B0b5McFehn+mJ1c4KYmKBWSMI8wawwc1BqY8tiTW8GmnsDVOYz3v7WgFXRvfjXff9vSa536Mh0voiie+X0WZtzeowNe4+Sk+4xG3K/Dmzp/R9PgTdq5x/27cW8ouJxmNQWGJse/2qol4NGaUcXwBcB7HgscFkbU5i9n9UofF3YPWmEYQOV0GjgeqmFtzd7cHbiVFANqDdlMV7c9SsCrNh64unO+aZuSfICdNxw2Y9w7xdGesN2eVw/p0M3hxvy1yXCtb9eqBvHRNCCCHED8GteU3zAF1/dzEXly2nvgxgDO5zJvT5GRvPoUpw5ZZwwNZnqARXbsCEiM5O/eEPmY9NH9vxSmYIn9MZVgt8chzR1srkkzNXnmDL56dZG7VfmaRy4kh+FtGffkP2PP2bMQB8tPggL72VwXu/S2TOL/v32qebKbdF7hpe/pUyKWd0eCJbdp1n3eL9HRMz3rjO/du48ADLXj9NzOcZLLn3JMmtMO5XY7oHV4weeOV+XptljVVrDWvC4pkclchLLybzzFPxDBucyEvvKzfhEROUGzd9l54NXW/ChwxTNrT+J/G8uavnmwvviDA+XKbCqrWeNWF7iV6ZzNsb0ngmai9zVig3uY9+EEKow83vVzfGIUHad9JZ9nwGZWGBLDVOajp5cTJbPs/izZX7eWmngbYh3jzar3bVf7n78slsBc0K/y7BFQB7Hn1WuQv+/P28XkdW3ExPHUs0E5SeIh/94Ru2xxcRs/E4k0POKTeUhVc501e3peKL7NjXSpu1J/Mjug+FCHxEeZX5tS8Kia/pR5t31/DcChVWrToWBh/g4115fPy7ROb9soo2axW/+OlQs/zfnX+QdRu/Zcvricx7WUebtROvrdUALeh1YFVQzOLFSezt8trkgVxTTI9BUIRy7r81Yz9vbsxi++Y0lq1QJtKZN6uf14JeeE/WMM34l1YzV+mV4x82pGPOqJlRw43BJnsef8U4oe3iQ6x9PYOPN5xgZsg5ilvh/v8cQ2B/Ntjfa5KDD/Mebf8K4MmUQMBd6eUHQLgvU3uJxprW3bCHxrDYeP5FP3+CLRvTiA45o7S9/k9FZdZzpF3w4iBlMmJg84qjDHOLYc4vK7BqbUVb6MwUY4+Zo2/vJ2hkAvEVAIP51afKtd2q1cBfFh5htCaRN3YqA5DbJg5nnXH+rp77pHjynHEOH6vWVjb+NIV5C/PJLO9xZSGEEEIIM3dEgMX+3sXY330vDvcvxvO/P8BN4hx3PPd7fJhmrbyZ44GwrvMO+BI9xJg2wTRtMJ+cm8zSqdZk7yzm1efyiTnWytj5IzmwN6xjOIA94NblHk9ZpjyNdph4D1/9bTgaDGz/0wX+8r6OsbOUG6lBrpafWN9cuW16LJOvh/JMPXLdg7y9ylV5leeKHDYlWhM5v3MC0q7lb+fV5dXH7es6TLyH5H1jCBkCievzWfvcBZLLYdrzQWxd52dh75xYHfMw2/5nOCGjofj/s3fucVFX6eN/6wZDAoOiLAl4ARNpuSgaKgSh4TXzmpc0lV3xlrKtmCF4SQoTNFesEG/oJpqul1QgF1BRSfLGD1EuG6KCF8QmdJQZsBmm7/L7YwYYYEBU2mo779cLZT7n/pzz+TDn+TzPc759yJdbvufr+EdUtW6Nt38Xvro8hjUT2wN/wNalbmlpPQWH61B7vFtrjzeNWVrInUZaHfP5cHasfoE/tYasvd/z6fKbfP3tT1R1M2f5wYF8OrX9E4+rg1lde4U68rP6IyNHPker//zEsZ23uF3ZnjVnPAkY8hzFR79n2bwrbNyrou0rVsQdfaVmU2poDp8cNScP36eqdWv+Mtnw7tN+6IvaDfXZEjLuGV47dWVtOE99GVS1bo29de01Y+PWVD/Ce0x8meWTnqNV5n2C3/p//G1xCdJpXfjbJBNa/UdF7r9r39ZXr1t9is4U8+//QO+FhpRGgJUdcyY8R6v/qIg/db9Za/71tUP4dFFbWsmUhM+8TPjnD6nqZs7HyX683aN2sFWtn8PH8z9sW5zLsrXaPJ+kDuBVCwBzBgVqN7v/PlrKnuQHevL5A817pjx+Dqx83dm6pD3tULFx8RWCg25yurQ141f3Y9mzKuhMrBk1QWtVNHSgTllj/wJv2mvHPva1WgWOla8HJ/7pgDP/4cDaQsKXF5NHa8aHv8yOv9V1mGrqHmnO/AB4jtUqIjpNs9bdJ+a8OlA73sHj7fROJNOXodbKrnZ8f+TTky8zvk9rsnYUs2zxTS7aN6YtNfCVo1oJY1wbi6emjyYvsOOqdn7rFHnFirisV/QUTq2B52rK9ZjoTXJcF9zrnebm7v8i357sX+dvTZ32asr7ciKuC+7dtO1W9bFieXit+VB92QsEAoFAIBBU06qqqkqcSCz4r1NWrESu+T/MLM2wsnhaTzU1d4p+pNLIGHu7Xz5qjqrsEXfllRhbtjUY8PXJ+Yk7ReVU8gfMLM2xesI6y0qVyMv/D2MjY9rbtXn8iUiN9GxipNEAACAASURBVKGs9P+QmEsweWwFP1FaXK6NgdLknDzbuKpRlalRS/6AhUnt+qkZs9nz2Fr9/oJSVo//2e6r5tOsNV/2iCJ5JcZGxtjWWROPWDPwX6ynC9+d9KCy+CHlNLJuVGpK1WBuIWl0HbfIM0Wl5s69H6nU/AFLe3Na5DZ+KmrvkWfpR8s/k5qmtFhJuYafRXalxQ8p1/DE97a2T/+HsaUZts1aF2o2TTvGV5jyp7ZmzPzEA1cTKNqXhvfMUqpamxB39Q0GNcNdSyAQCAQCwe8PoWARPBG20gbnvwgEAoFAYBAvbyvOpLdcaO3H1f1ztlfN1NA/sTq06YhfAoFAIBAIfp8IBYtAIBAIfgF0FizFNmRc9XrsiUECwX8L1ZWr+Pe7TPp/6l6vav0cH8T7MdfX3HBBgUAgEAgEv3uEgkUgEAgEvwiqMiV3lX/4Vbj4CQR1+YminHvclmuo1IBZuza81Kf9L+g2JhAIBAKB4LeAULAIBAKBQCAQCAQCgUAgEDwjzx4FUZFFRMhWfpDUBp2TSCywe6k/Y/2HPZvZt+oOudfAxaV+LQp2h4SgmfQh/u4i0pxAIBAIBAKBQCAQCASCX5ZnV7Co5aQlJ1NgYYONqfZSRUkJilY7WXcoiPOHA3k6FYiC6DE+rHsphsKo+goWNQX7kikbsBT/Z+u94H+MstI7KDHGXGqFxe/vEJn/GqWlNyjHCEup7a9YziqKS+5jbmNbz6xfQXGpHI3GCDNpe6zMmnG+UnkpRYrK5uev14/S0vuUa8CsvS2/w8ONBAKBQCAQCASC3wXPrmCRQDkw/bNDhPlUq1IUfBUykff3/ZPM0kCGPaWRiaocbCxMDSdagIWpNtCcSkUzjpAVtARZN3LZcvJLyh4pn7oOizbmzB74Nu5dXZ6hJ6VEhvYj1GghDz8KxAIFOz9/nem5JQAMGbyDVebnuWTrT4DLr8/KKfNwAC8n3eFoZDKD2xnIUJ6Kz3uz8Jl5mlUeT2AHVqecsVZGpiE8XDbbYOyAzMNTeDnpEaf+fhhfTjP0PX+OAmFzz7PCHW15OQzx2kGKvw+UZ7Hw4zeJkusqMJ3FD+tCn1KJ+vOiurmXTqs+JCLoEiFOUijPJWbnKtZcOsdNvXwunSaybkYYg220D5GcIwG4JdTO"
20:58:39.335 [Forwarding screenshot on session f38f5520-bd02-11e6-b34a-8d0186b048d8 to remote] DEBUG org.apache.http.wire - http-outgoing-0 << "TdE3YTh8GafLPZ3bn/2Zk4lp9B3pT48mlSV32Lt7LSvT4snVuzq2VwgRM2Y/puyTUXo9gS+vdWLBUPeWq1QgEAgEAoFAIBA8Ec+uYKmmslLvg5QRkwYRvH8j14oVYCVnd1g4y3eeAqBK2p1ZyyIIfdMd1Y1UQucuIuGqAoB+Ez7gk0h/ftgSxMa7rWDnn3EvCOLo7rqWMBJTOH9kFWP895HTqhXS7qNYuykCv64mQCkJa1cQtDFF217HAXyyKZI3XaxQZG3h9RnniUjbho8UUGUxz/OvOHx2iNlm/2LijK2YdIGcnLv0C9rN7sB+LSai/wWeVbkCUPZIyZaTX7LxLxHP3qGH91ACFg/OsCW3BEwHEuHlTmfz47x8cCehMyc/exs/A+Vldx6b5+HTVKzRllPpX5Pf18rIYD+0mpJyDWBUySPddfVPlYAxarX285VHFQCUfhdfq1wBuli2x/hp+vlfIC8rBRjICCcpqLMIeO9NtgNI3Ajt/zrd2ig4c/5Ltt/ex5AP8zkVeRjfdvD991cAM10tpcQdjgNsCPIdg7PdMK7vmsr0C/C1X1MKFgUxK32YfxvAkSDfcTi3uc++E1s5dCmSQ2EKfohY1EKKqVKi1iwgotdWFrRIfT8D6jzC523EeXEE4xzNkReksfvgcW4/gE69BzFlki+WuqxFZw5yMv8RxrqFVVlZSbeBE/C1N28i7RGbA5dgNGUVM7ysDbRfxMEvT/LIuO5qraxsg/eEcTiaQ/HlFA4npCOrNMW+rx8TRnpQ/6yYgsRoDj7yIWRSzyaHm5e6l8RTuVQYt6PvsImM9LBrkMdQXU8rF4FAIBAIBALBr4MWUbCYASqNBlChUkGl8hpxW7+kqqo7PbtJSQjqxbJ4Cxau380Ah0qSY0KJeT+UvoN3kjV1FvEdZrEnaTLkfMGU4I+Y7+BGnNfrdK86iWzgPNbOHtDgi66RGeTs38+EFTGEWt9ixbxIZoX34t/b/MmImEZQ7FVGLd5AgAfsCp3H+6OmYXo6mT7lJZSUXaFCt3FEKSe7rIQ/VlaiLi/hquIuVdkDmDfLG+lLDb8U/95poFyReLJ25tvYPMpmyT+2cKORcl3dglj1CizZGMUNQ/U8MVaERBQSUv2xjdbSacYbywl5rSuq3LXa7j33W9t8qAATMDKm7dMUb+dHzuZC3YfSmssN9ABq7UVjIxNAVaMkqXuWixUBs2NwuCnH0tYVgGtXL2mTTKdze10Yv947RMHp8+egxye4Akd2hbId6OIQQsbi2TWKjYAxi3hj2xjGXchmVep5fMf3Y3BAOlUB1fVI0IaXGsO6KYsAOFvcAVBh1sTBN1dOrNAqVyxnkR8RSo+a9iazJPQ1IuQxxGT5s6JFYkhJkJqCS5tfq6oLzmxdRzavMN/RHHXRQeYs3QMmdvRxhLQD0aQVKNi1fCQSoPCbQyRl1lER4us0Al978ybSrBno04GlUVsY6LUc+/odqLjLiaQkZA16JqXbmHF0yNhO0JokkDrQx+YBSXFr+PbqXLYt9KvJKTuznaVxaUh9ezc51qKUcMJis5E6uGFTcpa4NWcpW7aZqT0ta/IYqutZ5CIQCAQCgUAg+HXQIgoWE2D/fD/217s+esV2fKQqct9Yz/pxTozy6Uzpne9x7+UGyYVo1KABuHmNy/m3GfLqfJLix2Ns3RmpVTcG2cDhTv3w69fQlURTDtIJG4j0HwbA0ulx+McXcZ8CDm4tQDoxhqjZ2rTIfVtJ7zWL/cez6OOg3WoaVVdk4A30ioQN+LsIn6Pm4OTmgw1AGzfecDAlurDCYD75T/8Hrf/wRHWrbiazZOdKom6XABbM6DuUB9fS6ej9ORtG2BGzbhrxz08nxkfOmC3byAVufz0V5+P2/Pv+twD84x++XLn+GbtHWhOzPazWPcTUjbChoawY2tBC6ciOKcy/7kji0jBcJUBpKlMiVkDPZezWrbcrJ8IYevg2Oz7chm+7Uo4cWEXIsWpXEBuChn/IqjF+mABXvolg/OE0uluacOh2NlhOZLtjU2O1IcjLm9tP05/g2cStew/XGYdYYMADK/PEWpYcjuGoGrpYD6R3eTbg2DAjAKWkHIvjSNkjuv70EpbX1jI5LVubVBHP8NBLBLy9lQUuEo4cWFE7fokjoUOXsmqETxOzW8qhA39n3Tf7SFcDWDC21ztETJtNDzOg/DzzP15BtpEtHlZwMPckNyUDObVqG76a8yzZsIKI2wXadeH7Dp2//xfHi2HyjK3Mc7GC8gy+ksO84X2g/DSfXSgABrJnwewGViNjp4Yy+cJkVGUyVMDdbyIYdfg20Yv92bd+LjFygBi6vnuct/t0ZdUZrQwGvOtN1NxDLGigJCnl0LF4wIa4ubXKFS1dWfz2QhK3fA0PZIAVoCLtSCSBCXG162dUBKtG+OitnxzGv9yZA2n7yAW6WA4k3D+SaU4Qs3osoRVA5rt0vezJno9i8CSX9f9YRlCutq9dLAcS/vZHTHOxBUqJWTeN48/3p92teLbLy6iqUcr9DCgz2J2mwDNoBJZA3oXzgB3BMVF4mMPl7UGsTEohUz4SL0s5166qMPENYmegV72KmkoDxzFTsDuwkr2pxYT41VP9WXoRvb+2jDJvLzPCDmA3fC6+lmoSVycBbqzZplXOpEZOY9PZyxTjhx1qMg5GsWZPJgDPNznYIvbGZoPDeGJWT0JCAZHTlhJ/4Fsm9ByJpIm6rj21XAQCgUAgEAgEvxZaRMGiAgYERTHbox2VlZVUYkY3p550tdIqKTpbQ8yiYQRdbaVXqjtGWDF/03quLVrA6qBTrAaqOvZj5eef0tVKp3yhskF7AFSAp4dD7WeJ9h9jhYwiYPRg19o0qRMjbGDfdzJwoAFmer9XVXXHrrNQrjSP9rzh1pmK22nkmfvi9fJrRBcm1qSOGhTM+B6deY5K5I/+AJrrza+6/DxTVs3jEDDPdwW9NeeZeWYfAN7fywE7SosLOEoBjPbj7Z6ebLqQTA87bwba2qO6o+TDK9mY2w7Fz8aavVsmMT+3jBleIQzpBPFfRxJ2cDLYnmdFvRgtnTs8z80zcaReXYiri5QrOV+xp6IEziSwwn8YPVCQdCqOm+rRvNBOxc51Q5h+pYwunSYS6/USeafWE5U0i2N315PzzihuFaWRW1FAbgUM6eRICQ5Yt75U26Bab6yDV+Bc8Q3zdWN94v60LedCRQnWP2pdfPQpzgjj5b1xIBnIhnGvci3jQ6IqQKsiNUxxyTkOycGlo5zhZOjFLikjV57NLUUlhz4fyzhd7BvteAqISPAns2wHKVMMKVlKiVndj/l19vRlWteZS5f4f3+PoQ/lZMsLSKeA9GqzA7WEF8xymT9nMjHVxSRlbE+LrKnF50ft86L4u9OkY0PIS11RydK4Arj0nYKnIZceST926ykYrl1NI7cCyltZ0991KNlp+0jHhnF93qBbh9aMlRzlkNqCGb3G4GxtyHpAxu0KwHQEw7o0TLVwCSTns8Caz8d2jGHImQK6WI8mdoAH1898QkSCPxn3tnLa349bV3XrJ+0ck/suJIAsgi6cZHrUCnptjqR7j0F4F8aR3taTvzh5Y2lUwPz3RxGjhsl9Qxhtp2D7wRimf+6DMugS85xAUVrAIXkBSBwZ0kiYq2rCToXxYdqHBtNW+K4gbEBYk+ULjiUgw4l3dK47jx5WAO1ooxOd1MoSqm3flNfJV4BzdwuKiwp4pGlDF0c77eO9qTQASU/e6GPCpkNHkfvNwJLGkLF73QEw8eS9GR6AGofXpzMdlxrLl+eMASq0LnPyc6zZk4ldH0/IPIuiqcEq73IV8Hx9gK5fjowcakdm/CVuMhLHJup6arkIBAKBQCAQCH41tIiCpRzo1NOTfv0MmbvfYNWoBSQ7TmRH0l/p6WgLpyPo5X8EKOW7Ygjc9m+2mX/P+TNpfBr6Icv+uoPB6f5QAUgMm72rAWlbA9FBpe2wAeKP5RDmpwsOqiompwQ83eyg8pz2WvU3U2NjyuuPRo2gOfzxNXqbwIVL+/mntT19+3oxyiyRhHJwcn+Xt3p05vaVFI7et+Itr97VGrNmkZn8KYeAUP/TrPKyBfzxfiEI"
20:58:39.336 [Forwarding screenshot on session f38f5520-bd02-11e6-b34a-8d0186b048d8 to remote] DEBUG org.apache.http.wire - http-outgoing-0 << "p4PxNXkkEkAtQWrjQ8hUOHIhGa+BSwhxl6LK1SpYxg9ZQoC7kiUHyoD+jBv8FiNspEzq25MeO0/wsnnDLYpr39G4JJzkq8zLLHDx4cKls7qUs6TfhB7tM/hKBt5eb9DjwbfMvFIGnUK4XB1I9rXX+eMH/Qi9FMOx8lEY6xQY8yYls+E1rbVI2o6DNe3lHN/CISDo7ROse7Ur4E8/iwBeTjr55P1pVKKl7DoYB/Tn6KptDDYDhur6KVM1WqpaOm2BwQH/4p+PXuet3BIwnU7+Rwvpcu8YHju0ypV545LZMNSRKynaeTqatpGzo3zwNKtbZ1lWbI1yZcbgrawb78f3GdGMj11HLsksSThPyqhad6UuDgtJfOsVbslNscz4qka5EuZ/ghVeXclMCeHlg/vqtJFxLh5MJ9LXCpQ3SrgJzLPvpJdDwaED6zhdVq1eUoHFABaPH4ax7qlobNSVaVPCuJOzj3T1GFb4B2IBvFR2lENpKqbPWISvoR3ug2Ky1UBbIwOJ9VCfZu2ZAugUQv6y2dq+vDaObqv/xMwzn5P2ph/Gz2l7WLs+wJlhDLlQyK0HUkaMCSHzmzgedpvMiik+XDkRRIwaZoxLZttQ7Xqb9Io7Pu/NYv6Bf/L2srG6R1x/jn6423CQZT2qFSj1lSzNUa6AnJNH8sFtJs66Kx4TpmB3PIqwgMX06Q6ZmYVIfQPxsgR1wW3uAcWxYWRWV2HtSVjEQl6823ias04p4eLpDtHfki+fgVcjGpbi1H9wXAHDg/+sc3GT4Ow7EmegKG0ve4+fIzNfhfXwYVrbLsv+REW5YmdnyvaAs5xsarhlSioB2461/mOdezgBF7grB8cm6npauTgLDyGBQCAQCASCXw2tW6ymykYsTSjXvqWzdcChc3uUuQkE+W8FzNDwgB3zFvBmQCTnlaa85OqENUBnK8yxwnmABSVpR0jNbSwgaP021YALw0ZbULYvlLXJWdy5kcuWhe9xvlUrerl1xtzahlat7rJtQwI37hSwIzSUu61aGapc8BiG9e4N3OHMLfj+2kUqMOe13m4AOHftCprviDqeSGrWdqIvfQ9/aL6LUHmFHLDA46XaE3R6vDIObxoJ/qqp5CGg/kkb20Wp0WpztJ9tedNvGHCONz7sRas53kzZeZqXB05nRBdpw7qsPHnbEtIvp1NKLklXyhjiMhpvykjNL6D0u2OkA5P7eVB6I4t0IPS1EXpBZK2YOmwiUMCZq6VobbwcGeNu2BXn+3t3ABv8XLvWXOszaAo1Hj5P0J/GqUChBjoNoG+NwsOKwb0HNlGmPlJekHbQ/iqRYGkmRVmaU3NCTnbGaqasDCD02wzdFTlyA0q1azev6X4bxoLxflgAPTxmsqCTVoJH8zP0osfAX4ZMwrWLOyPcHfn3v8/r2h/NW15dAejzygDqekMVcDy3DO+XvbXuQDqFSfZt/QgcarIz44i6EEfEhTgiLuwj4ptzNIwMVH1FU/O0qdRoFVKVj6Ds+m6mfDCFKasDmLI6gKErQzhb1U7brubxGsWyou84CnA7Eo9Qb1wXeuMaOoiZhQD3tMGHdetneO+uNeVqlEC6PqoBftL28FbRdwBsPzhJW99Cb1w/WEQ6wA8lKNEpzkxd6fUY5Uo1YQPCWOG7ouZz85QrtUjb1WoBivMLKQZ43hhjXcRWxe3bFKuh8sdHGCNleODH7Nq/izVBo5HKzhK5IaXJtGqsnXpigoLCu43FeCrm8BeZYDeaCR4NNTAaRSkVOqnKci5SpAaQYGdnCVSgoa5dmFopRyaT6X7k3C8rRYU1Dh1rx1u9CrTqtsbrelq5CAQCgUAgEAh+PbRYkNvGccF/xWhSPlrNq86rARgwcTQW++I5l23K0h0hFPpHMuXVnQBUdRzG1lWTMAGcvIfSKmE/s0aVklC4rc4mSkK9k1IwA1NtT0ZFHeKWei5R88ezEaiq6si8mCRmu0iBt1gz4V8ExwbhFwtVrgOwqdK+gZcYGz12NIJq3PCxNwfMWTA/uuaqafcBOH2jjfvwU+l1vtddlykrnkKdZ9piJ9T0GRHDD06pfHnqa5LyTrHnUgx7LsUwdvhXHBxT/2hbKwb3609oUhoJJ4zYA8S+/g6lJfGEXkqgb5sUYDR+TlLI0hUxqttTiZHW6sCiGUYM1dRVF+oHuX2C/tQ1x6pTu+onwEhSx63A0lIKXGl+J6upsfKqre12hVYR2saoM5MdeqDSSDH+yUBPfvqxpmyt1EwwrpaVpp5FTZ06dGlqdWPOg6huniUGiOqtPZ3FqmtfvNlK+vffUYaPThFmxYqIQrQqA92R32rJE7tcVCpK2CM7RxeJttabeLLK1IGepnBIfo1barCqX2lpAj7LFtCm1yfs6n8fgC7Wo3nbyRa1TikTYGoOWPJiG2ruoeZagFUrX8b2mkjfNtVTZUSAqQk8/1KDgOHNRV+h0mzlijyfCwpwdu1WfYEjG+PBYTy7Vk9CAqgLDjJ16R72ZQ5moddUtu2fWlPc3msqE1Pjic27yqOQwEbTZAzVKufbSLEAfih7BAZGqs77ljQV+E4YbFAOjiMDCR8J6ry9TA07wKFzY1joa+BUIh2ZW+cQdbb289yVczFBxpVbSjyeyLTk6eVSM3aBQCAQCAQCwS/OsytYpH4kFzYdILGffxTXxy7hjrIS8/a2SE2AyChd6mySC6dTeuc+lcbm2FrVWhQ4vhnJ9RFLUGBMXTsDK0Kz6rbpE5pMYWj1p64ExiQzs7SU+5XQ3tZKL8qElDcjDzNiSSn3lWBrq+/WtIjCwkVPNv7fKS/8yQf71nDxwj6yFACPMLV+jbdcHXmjR3uKgOcsOyMFFIDJH4x4Eh8hM1NLoIBvc24wQucWceXCQdIB7+ZUoNuUa08RusP6dQF80/59DgZEaY+yLfkK1w/f59DFbykb497gCOM+fd+gS9IyZu4tAIbh3c2R753c4EwMQei541ja0AVIPPcNqzze1JVWkXBCG+S0u60VtTb9hrG00I41+1opYz2067E4O5V0oDqCSbP70yjtsHgOKPyGLLV/TSyS9LOn4Bm2Z+aW7Wt+nzJyG6u8bCnL3cLCo9/Ro5MHnQ0YCL3YxRE4B8Sz40QAq15zoez6V+wqLAPA26kfVjXqE0e8Xqy9R//0p/5wpgBI5h8p51k11IGkhP01VjRQezyzj5Ou8XZuvGkN6YWR/GV3Nw5O8aMOD/K5WgE892TegcZtwMp9EVWbGz4zKr36E3bsJH/enkDOO6P0UlTs/Oca0oEZDq5YdW+LN1u53dabkClv1uQ6eziET64o8XkCt7pqmw0zC61lhtPLMwnxqJbdDSLXLeFq+45PMMKGPInVCgCW3XA3gayc61CtqDAGzF6oUWZJOravuVyQuI7VJ4xZFhWoi4ei5qEc6GBFSeI6ljSSVuOQUyanDPijqeEjnvLPnwacGNhHf83L2bv8fc7ZBRA1RxtAVtK5k/ZvzmMUpK4TP2bZUI3uD2kbOtvc4xBQVFxGte9O/vkLYOJOt8aDwjyTXJo4zEogEAgEAoFA8F+m5VyEHofUCltbnXKlASZY2drWUa7UJkmRmjxd0FkTKyts6yhX9Ku1qqdcETwJr/d8CTQFHMj4htQr35B65f+R8E0yt4HePV/j2t1SMHFjvocbL7R7lVkenUHzf82uv8/IvzEWiPjyNebv3kLMjnk47dXGX6l2EWpqM2xuaQPAgSMr2HamEM3DAg6dmUXA7q84m3+encdSyQVcur2EBVCaG03XOe6sz9U5p9j4MkUX/LNLD296AL3calU7b1a743R5g+BOkJv7PkM37uBs/mliNr7FzMIy6PQWPR/jglEJ9BkUwBAgLHYskSdOk/bNWobviKubsbn9qUetjKyYPmYicBKvsBAO5Z5n544pTNcpNap51Gj5aupal5h0e4so3V41YocPPivH0PPzSLZfiSfsXAGmEqD8NFPedWDc7tPanriNJ0g3loi9o2j1rjtt17yvdZXBjQ9GNX76kJXHFIJ0O9Cog5N5fk4/xqXpR7JQcvriOXDwo4/e2BcE72AycChtFq0WTmHJ7i1sOxLNknVjaBXiz3Y1YG1j0KpBXe//yp8A"
20:58:39.336 [Forwarding screenshot on session f38f5520-bd02-11e6-b34a-8d0186b048d8 to remote] DEBUG org.apache.http.wire - http-outgoing-0 << "Cvh0+1rSSg3Hr/Ecv4pQU8i9tIBWofNYn/IVh1K2EBD6J6brYtgsG+oIZh782QFuXnkfn8+jScs/z87dAXgl7eOQDKybZVCnVUbdvPAJSw58haXPOwwBImKHsPBIMmdzk1myciyhV87xwMIBC/6bYaaMaGOsb51lSteuJpAdx94zBcjlRSTuOAyATce2dHjBFEVxGps2pyJTysk4GMWBYnDo70KXJtKq50159wYqpDh0MjSTSnJyZODgQuc6VkWWdDCtpPj4NvaeKUIuK2DX+m0oMMG5c9PKR3M7R3o6O+Ps7Iyzsz3m5m685gDZsZ+TWiSnOGMXG9MUWA/s9xg15tPLRYRgEQgEAoFAIPj10CIuQoLfGWaD6GsJP3x3pvqMCx3ZnLyhZHrX3nT510qSOi5jeN/ZrOurS36Ct/FI+nHw73tYsv49ItIi0R5dPJGDZ/bxanetu4GFEXV2im31ipt08yTUEiJuxzPznxZcC9nKjc8XEZP2PtvTtHm8eywk7i2dNYNGyU3K+OHH6q2gLSO9+hNx7BwjXta+1bb4kw9jieGQZCLDq60jkDLv/WQqN7xL0KUPOXqptu7Y+YHYAdcNq/gAtG4xZn7sClrJ1JhlhO7115bv5Aa3s/VcVprbn7pykOjJyP7VSE7J1QxI2se4z/cBFszo4cb2K9VKAuOat+GS54wBCXZtLUBeVvOkMLOwBQr0PIOkLPgoGda9S9CVAtJv644Ftp7InqAwqg/Lva+GR9Wylbiw7qOv+OOWUEKvFIC6rKbMjr+G4dsOPVen+rJzZN0nCfxxwzI2XcnmJo4E+fbimO74YlTZbJPBjEn1jrI182H335Px27ue9ReSiUg7V5PUxXIgC4YHMvdVd11rJugrkiQ6QVYPuVfvcbhciOTQpRiutulHjr8hhVBXVkUkY7c9jPmXkgk6mFyTMrbXCiJm+OssEaQELD6B+vMFzM9dxwCdKY5WFqF666e+Ikf/mi1eLw+EtJNEHFvJK35Z7FuynoWfLiAqYR7VtoKTvT5h4xh3oLTBvfPzYYnrK9YkJaVSEOiFIxKGBn/EnZUrORC1lAO6sfjODGOcvQTspxA4/AeikzYReFxbg9PwQJZNckZC50bTqsk5fwFwprNBaxENFQqQ9nVooJTwm7+caytXcyAqWNcna0YHLmOoXcNamkbCuMXLKPhgJZuC52hH5zSakBlNxUfSlntauQgEAoFAIBAIfj20qqqqqvqlOyH47TBlQ+DjM+khNbPFxkhF/oP7DdJ268VuqU/Z9d28syebOfMjtRtuQJUfzfNR6wideZpVHraNlq1TT7kCjKRY6HbHZQ/uoPwJJM+3x8qsZY/jVj24w90fwUz6tHWrKC29TznG2Fv9jNZVagXF9+Ug7YpdC4YcKntwB/mPGoyet8SunQFrNEOUl1L8YyU8Z96sMqVZa3ntH8dxtXWgr88CFng51rh75QKhM48zz7Y15u271sx5Q3Ry1jzbXJWVVyIxkzZxyLUOtYJihRyNxgiz9rYNY7JU1/jgDnefVH712inTGGOhN57S0juUA2bSxtv92ZGnETAnGvegaAK9au04OekUsQAAIABJREFUlHIZjzTQxtq6oRWGWom8QgNGpljWP+mrsTT1ZYKmrsRy5hqWD7XnaajuU1tr62c+Alkuk6ExaoO15ZPZmDy1XAQCgUAgEAgEvzhCwSJ4It75Ryhljxo7oaP5WLQxZ+NfIhpNL8uNoO3nW8FyNHEj38BSmUXkwRjSsSAu+CzTurWsckTwG+FBMq4h82pirrhY2pArL9F9cuPU3w/jK+JU/+rI2BzAmvS+RO+c87MFZM3bFURYvDVR+0N4YsMTgUAgEAgEAoGgBfjvxWAR/E8we+DbWLR5Nq9/izbmzB74dtN5XII4Ong0yOOZvmMWbxyMIV3ixoa5Xwvlyu+ZdsM48Pa8mkDHNcoV0/7E/nWDUK78SvGYs4xBNsVcKvq5/JJkZBVZMv3j+UK5IhAIBAKBQCD4xRAWLIJfN2oFxQpls11IBL8fyh6UovypEslz5liJtSEQCAQCgUAgEAh+YYSCRSAQCAQCgUAgEAgEAoHgGXn2U4QUWUSEbOUHSW3APYnEAruX+jPWfxjNC0XaCKo75F4DFxdDtSg4vXsLe1K/Q40U99ffYuab/RoGnLyRTFD4OaZHheHe4CW3gt0hIWgmfYi/uziyWSAQCAQCgUAgEAgEAsHT8ewxWNRy0pKTiT+VQUaG9idlXxxRH83HZ0w0pU9dsYLoMT6M2pZjIE3F7nm9+PPyjRQiRXL/FFHBU3grIrVevjtEzJ1H/MnjyAy6/qsp2JfMJVmloUSBQCAQCAQCgUAgEAgEgmbx7AoWCZQD0z87RHp6Ounp6WQVXmLNhO6Q/U8yn17DgqocbCxMGyYoMohLBtd3viB5WxQxh8+yZqiU7K3HuKGX7Xz0+8RebQWYYdRYIxZgYaoN2qpSPX1fBQKBQCAQCAQCgUAgEPx+ablThCr1rUCkjJg0iFat7nKtWAHcYHdYAN26daNbt244uA8j4qssAFQ3Ugka5l6TNiVkB3eArC1BbLzbirs7/4z7lHqWMMbt8B04kLF+PXUXTLDrZA3kc1uhvaLK3cGUqPN0d+3YZLclpnDpyCrGODjg7NwN92FBpN6o1rSUkrB2Xm2/vQP4KlfbE0XWFrzdAzitaw9VFvPcvVl7uhRF1g6GuXszZoy3dkzR58lNiMDbwUFbj0Pt+H9zKPOIXh5OSsGzH9WsT0HKZpavS6R+reqiVMKXR5PXss2hLM4jz7BZU1OlSNkcyfLl4Ry8LG+QmrE3muXLI0ktelxnlSSuC+dgXsM6fi6UBYksNyBHZUFKs+SrLqrN1+ScqIvYHv5zjE1JRsouwhcHERAQQGDQYtZtT0T/UJo6a0iWQfTiIAKmBRB5MK/efKvJS9nO4sAApk0LYHH4ZjKaWAt5qXv12l3O5r1ptOzonn496M9LY/fQ0/Xj2daoMi+R8OXh7D1T3HTGFlwvRRlneOyt1yIUsSsynMjNqU8k62efHwN1JkY/Q5315lgto6BApv21mc9ddVEakYvDSdT/e6DMY3P48gbyyUuMZvm6/exdt5zoxLw6/UjdHMny8M112lMXpBC+eB0ZMu1zNzwyksg6P+GERyfWuxcby6vNH7k55clk1RLrU13E9vD6YxYIBAKBQPC/SosoWMwAlUYDqFCpVChKc4nd+iVVVd3p2U1KQtBrLIu7SFDUbuLjv2CeZzlb3w8lVVFK9NRZxJtMZHdSKrvXTOP8/o+YvyWLbl6v072qCumAd1j7twHUORjYxIXQbdvwrw6qojjPlq0F4PY6HlKAAkJHfUjVgHA2rRiD1sbGMEZmkLN/P04rYti9YTHWBfHMCt+LCjgdMY2gjSmMWryB+AMbmGh2kvdHTSP5DqjLSygpu0JF9b5MKSe7rITyykrU5SVcVdwlO7sH78ycwIAuN5m7YCud560nKTWeFaPLiQ0eT/IzWPf8YmjKyMrPJu/eoxat9t7VC+SfvUn9WivufUd2fhr3NC3YmDKD0KAwEvMfPmFBDTcuZJKfn82hhIy6Seo8Eg6kkZ+fyeVbj5ONhptnsylo0UE9psWym+Tnn28gR829q2QbuF6firu1+Zqck4q7nMzO5kZZS45Nzq6gGayJjSf7Hji7u2NtfI+zSXEEz4ykQHcP3ss7Tv7Zm2iAjP07SCu8RwfH7jh3+qHOfBelrCEsNokSU2fGvuHOvezjrAn8gMsGdl4FB8MJ23SA7BLo7uxMO00+xw9E87fwRFruwOGnXw/686I//mfvx7Ot0TOJ+8jOz+bA7qNNK6NaaL0oMzYTvGYjt/4Lt5T8zFHiM7PJPP4Fj9Mf6fPs82OgzptZBp+bzUPD1bPZ5N3TAEp2vRfI0oP5AFTc/a5ZzwWJBVwtzCY961bNNXnOSY5n55N5/CiFNTeJjPR9aeTLfuKn2/mkHU6vXRfqQo4ezyQ/+zgnc2Q19VzLOkF2YSG00T53szMzuXr1qt5PATdkj+pZp2p4WHyVgqtXuXo1j8zMTDIzM8nT5b9aWPpk8m+J9Vlxl2+z88m6Wfb0dQgE"
20:58:39.336 [Forwarding screenshot on session f38f5520-bd02-11e6-b34a-8d0186b048d8 to remote] DEBUG org.apache.http.wire - http-outgoing-0 << "AoFAIPjN8OxBbgETYP98P/bXuz56xXZ8pCpy31jP+nFOjPLpTOmd73Hv5QbJhWjUaL/s3LzG5fzbDHl1Pknx4zG27ozUqhuDbOBwp3749XNpvPHS08wb4s9JHFm/fjomQHLYu8QzkIRtU+iatRYAY3PDxTXlIJ2wgUj/YQAsnR6Hf3wR9yng4NYCpBNjiJqtTYvct5X0XrPYfzyLPg7aoL41X+4kDetekbABfxcTKE0lDrhVmEehzInXl+yiTwC8+FuMq6sbsHFLV2sEmBg1cOWy9Ahk1/ZZSBqZv6fCGH4EzNq0eeKiRlJAAarsdPLUQ3HWzbs8+zz5ujymjfqj6WECxs3J12IYAcYNXeWMGrneRL7G5kQNSExNsaBl10dR4gbii8HON5DIQN+aW60gcR1L486y82gR4SPt8Zq/iz4LJUiA20Y/gslAVi+fAeoMDlM930q+TcwGE08iVi/EDhjs1JYZK+NJvSijp6+1Xsty0k9kg91wNkfNwFI3ypTIecRmHuacfCS+li00SJPa9ajG4OPEMHrzoj/+Z+lHzbp82jWqzCA5U2cFKEviWMHbTHJs2KsWXS/G2n/a/Oz3lJpTSem631UkHslg6ByPZpVskfmpR2PPzeZhyfxd29HeyEoqfwSpWRu9ii1oo/PQbXRNWrryijUk5RainuSMBMi5WP0kLCQzX07PnpYgv06OCtxe649Hxb85vCef60qwNAdlfiaFuhJZ5/LByxpQk3uxEOzG42YOOc8DDGL9tjk0/afAkknh25gEgJLtgTNI+nEQMY8t15CWXJ/PP2N5gUAgEAgEvx1aRMGiAgYERTHbox2VlZVUYkY3p550tdKe6dPZGmIWDSPoaiu9Ut0xwor5m9ZzbdECVgedYjVQ1bEfKz//lK5WOuULjQegLT2/g7GTP6SE/sSc2M6wriYosrYwf+dVcOtP9le7SUw9DFRwMHoLjHoLH8d6RwlVgKeHQ+1nifYfY4WMImD0YNfaNKkTI2xg33cycKABZnq/V1V1x66z7kwjKz/+vnI67y3byvyUWO3oh77D2shFuDQ42ei3TdGZvXy28QDFKgApvtPfJXCk1pVLLctga/Qm0vK1flV2fcbzbtAk7Gu+ueveEhansXxFNCU24wl7C8Iic5n7aThOdw8SGnkaO2czMjO1X+IdPKezeOFILNGa4K+OPY4CkDq40aHiBmY+C1k+yVmvh3J2haxBAaStmYFs9DLCp3YidfsGNiVla7NInZi5OIihjg13zxoFmNg5QHE+6dlynD20eTKST4LUDhNFcc0bUmVRGls/i+NssXa8JnZ9mPluEL721bVpt0UFKdGsjk2j++QwQsY5I7+cyOq1cRSqAEzwnR5C4Ej9MVRTTGL0ZuLSdBsaE2sGTX2HOUMN5dW1WC+kkWm9nUNT81eNMm8vC3Rz4mEJBambWb1JJ3drExRA9V2Tl7KdjbFJVL+XdvCczMKF4yg7GMnSIxC2PgRn3c4nLTqIWFl/YsIn6W2G5Bw9nA1SX97TU64AOI58m+HphTzUvb/PO7yGyIv2zOiRQ8xxBZDEhGlF9G+XrzffCxnuM4jhHQZip6vHvFMnGrsNNT9qhVT7/lrC0EkTyeIOHY3k7Fr8N85Z/5nohX7aZHUekfMiMZsSgc/dzXxRZEen8nTOFqpA6sT0uYO4uSOaNBlg4sDMkMUMdQYjY8hJ3kDgmkxkgLXTcN4NnoGjuVYGzVmf1eP/dPVULFGSun09XyRlowKw7kPge/PxtTdvdE6sMcRDdi1e1OgYA/3sGpQoOpVMMSZMDp5J1ppovv46nUnVZWl6vTS+/uTsXf4BF03tqMjUykjqNIiFwXPoXLiLeSuPA7BmxmKCNq/Gq45oGr9PlHlNP1MaID/HkXwVDuOD8C7aSNzxBArmeOCoTWTX4g8o6uSEPC2NYsDEug/vLA/By7ru/NzetbyZa8OyiedII6oa9WXCZ66l3Z8/ItDPHuQZLP/bZ5iODSFknDMoL7N83lrs3w3D+EAUleM/ol9hFEnam4Rpt0cTNh5ARkLUctbo5GLnOZ3lDeRiSZ/ediQlXaKEkdhTTGaaDLtB47FOP8DFc9eZ0dMS+fUcZJgwtpc9XR65w549XClU4tHTnPxzF0HqyXj3Qg6kZVKML3bqa+QWgsN499p7/vknVSNpau7bR1DnmdLU/dTU+mxsLjpmRTX+PFvmgjXUiQ8nEAgEAoHgf5cWcREqBzr19KRfPx98fPzw8+lXo1yBG6watYBkJvJF0jdkXb9O1hczdaVK+a4YArf9m+tZqeze8AH9K86x7K87tDFXKgCJ4XdHd1LX0n/KR1T0n8eJwt0M61rdngTXjt1xVB0nJiqGfWdLaNVKQXzMRs4biLOgBqRt2zVsQNoOGyD+mN4pRqpickrA080OKtXVzWkxNq7niFROtQ+BqjQXmZkPewsLOZcaT1TQUK6mbGTXmTtNC/Y3hrpgL8FRB7jXdTjBH4cxfZANaXErCU8sAIqIClxDWr6UyUFhLJs7GkXmAYJDdtX6xBu3QSM7Q1BQNPmVfVgYPAnTR6UoVCU8AjSPSpGpisnMhJnBy5g53InCs3Hsz5CjvLyLpbHHeb7PeJaFBdOXAgplCmSl9c2yLXllzHAAnIbP5K0BDmRs/oBNSdn0GR/Ix2GBeD6fT+zSD7QbHQNYOHkz0A6Op+ri6KgvcyJbhe+Y1+hQkyuPlcHRnNU4ExT2MWFBk+lQnEn0Z4drxmtqCsUpkSyNTUPqO5egcc6oixL528o47nUdzrKPP2bucEfS4sJYl9bQFyE1Moi4tBuMnruMjz8OZrjjjxyP3ciZRoMMKEjYEE10dPXPZjYcuED1+9Wm568Wjd6cKPN2sXSTVu5hYcG4a7fzaADl5c2ExSZhNGg6YWs+JnC8J4Vn9/DlGRmO7s6gyCTxgm5cygwOpxVj4+5e902z8jr5CrDu24+GW3lrZqyOZqFO+fTo4Q1UJQ/pPHAKw51MwMSNme+Mx3e0/ny74DVpDjP8tFti5JeJ/Fs0Cpzw611fxWCJ9wg3KIwncMI0FoevY1diKnlGXoSEzMDR3BJX1w7Izh6qkbnsXAqZCujew47KigcUZx+nsN0bBAdPx6Eyn7g10Vx3mkxQ4GTsVIXEHtS6mhk9D7LsTJymBxMWNB7yk1i6ci9KaPb6rB4/wOVdK9mUlI3j6EA+DpuLW1km0cEbuNLEnBimbZNjbIicoynZIPVmsIcvA/qYoDr7NRm6sk2tl8etv4oHMgozM3GduYyPgycjzT9O2Mq90PN1Zo52AsBz+nic6mlGmrpPmnqmGCLv2HEUmPDaAC+G+HkD+XydWntvVlbIyE5Lo9vkQIIDR2MhyyQqWutOpj8/zV8bj3+ONEDigH0HFWlHs1ADspzT5KtUZJ7OQgnIc06TrzKmW+d2PCyR8VCjobO7N9aAidNw3pnSl2o9bL5OLnNHu1F8No7dBuTi0K8PUECBDCjO4izQf8jrvOpuguzCRZTA7ZwcMHHHxRok9u64ATn5twA5Fy/IkPb14fWB/YEs8mRAyRXygX59u9Q2JPuW/YkpJCYmkpiYyMGDqRQ/xk/PqN7/0PT91NT6bGouOjb1PJN0xFba1KsigUAgEAgE/0v8TEFu9SlHAWDrgEPn9ihzEwjy3wqYoeEBO+Yt4M2ASM4rTXnJ1Un7FrWzFeZY4TzAgpK0I6Tm1lNElKYyf1YMVVVSAt5yJz8hgYSEBL76Khn5S/4cTk8mOVl7olHapllUVXVk66UsFvk05pNTv+9qwIVhoy0o2xfK2uQs7tzIZcvC9zjfqhW93Dpjbm1Dq1Z32bYhgRt3CtgRGsrdVq0MVQ7FpwgKms37a5OptHwRpxc7aa//V11Efn6yT54G+vBR+Aw8HJ0ZOWcZ4x0ge99Jbud9SyYwOuwjxnk509NvKqvmekLxSS7KAaSgSGJRYBTFJp5E7ax+E6gVkr6opq8JZ6hHT4bOmIETUKHRkHP6JJj4sjxkEj2dPZizehEOaF2B6mPf3xVrwNrVC2e7e6Qel2HiGUjIJF8cnX1ZGBGEFBnHvzUclPBHoxfwHuYEmacoAJSZpynEiYF9"
20:58:39.336 [Forwarding screenshot on session f38f5520-bd02-11e6-b34a-8d0186b048d8 to remote] DEBUG org.apache.http.wire - http-outgoing-0 << "X6jNpO7A6JkzCQ6ZhdeLHenQuQd9nIB7pTxCa7GQ/kU4QbGZOIwOJirQDwmQfTQFFVImThvBC23a4D5mHJ5SOHv4VL0NlZpOr85lbvBHTPVzooNFR5wcuwKgaSJcwI3C61y/Xv2Tz+0HtWu/qfl7UKeW2jnJOXkS8GR5yCScnT0IjAiusYQwfsGbmTMDCZkzkhctOtDZwRYTdOb29gMYbQeZX59CDRSfSaYYa0YPcKzbYY0GBWBtY1FzSZ6xmQkTJtT8BIQf1JONEe3se9LHzgL4I15ePXnZW3++9dQ36gIi56wkU2XH3Khl9DTgQ+A8bjnRy+YyqE9X7mWfJT5uE2FBMwiIPIgc6Dn4DaTISD1VBKg5dfgsOLzBgBrdg1Y2Hh4jGe9tDXgSEjgOL99x/HmQFAquIkNrKSP1DSZwpAfOXpMImdsHCo9yUV70hOvTCJBxOqUQ+sxl+VRfHJ39CP5oLsNHu2Nk2cScNMLjx6gn0qJTHJeB0whvzAF3v4FAMQnHtEqSptZLU+tPXi2jQcHMGdoTR49xhMz11MnIkt6udoA1PgM86llYNO8+MfRMaUgxJ7/OB+uB9LIGiZs3bsDZr2vvTc2PYOIZSOA4Xzx8p+I/SAo3blIb7Un/SdaMtfGY54hhzHnlNTcoPM81IP+sbp0U53ALyPkmDawHoq9PNHf0orcUjK1d8erpWLMeJuvk4jd1Km7A7cK7DVt70RU7VORdl1Ocdwlwwt3eHKf+/UBxgRylnPyLMkz69dfNtT193aDwYiFqZT4XFNC3txPmztp6LlwqprggD3DDvY6VjoKkuFji4uKIi4tjz55D3KpoVAiN0PT91NT6bPKZ/pjnmQaw+Pn91wQCgUAgEPwKaBEXIbMmU13wXzGalI9W86rzagAGTByNxb54zmWbsnRHCIX+kUx5dScAVR2HsXXVJEwAJ++htErYz6xRpSQUbqM6Ektp9gVyWrWiFQqigmbXtFRV5cqOwcOoMWYB1JW6HjbypksC1D2d2QxMtSMaFXWIW+q5RM0fz0agqqoj82KSmO0iBd5izYR/ERwbhF8sVLkOwKaqRFunsVEdqZi4z2TDO1nM3zifVzdqr3Uf9QF/9bNtUnK/VWq/Rkpw6mENJVD5qAIwoVPH2l1sG6lpvfy6uVA94K4S7Aw6zUtpX7PXtsDORGvoZGT0PKge6LlyONBDCiWGqqjUaBUvmkegvIcM6NffqTbdvBt9pZB+457hAT4CR69BmMRGcyFPRqdv0qBPIM7W1LYvscai8irrgmJZo1/WWhsvweh5UBVr33beK/peL8aBdoMcuzSwbpvPV9Qzc5fQsQPs/SyYTXUbaEJvJ+Xdv0fhobdnUV/ezNSVF+rkMjR/jWFk9DxQWTtucydcdXMiaWvBw6xYAmOjDZQ0Z8AbnsRvSuGcbDC3E7PBbXo91w7A1AIb4MbNe6BzxDDt2JvJk60wMjXi5ok40gpKGmw2K3WqNQ3UnW99R4HMr8nEhJlRURjwdAGUFFwupI2TH3N6+jEHUMqKOLV/E3Fpe9h95hUCvbwZ4bCJPSnfIn+lE18Xg2/QAN1c/ggmpnryrPtZq9rSrgdNJTj37laT06KD1qrOqOIx67OToX4bYWQMUrPayA8Sez9m2APqYjK+bGxOGsG6qTHWJfPICQDy94QxYU/t9fwjR5GNc2xyvdT2vqbXdddfJTi7dq5J1X9+aCoBfjSgXGzOfWL4mVIfdd4p0lSAKonACUm1CcUpHCuawDh7bR8dnTvXK2koRkoz18ZjniONYd/XC5O4TWRlZFCcqcBz8mRu79nD+TNn+CETnKa/Ui8mSbU7jb4ApbygJxdbKZxsYBEISJzobwdHczK48EM2OE3X3qmuvbEmjYtnvuW2DPr5165h575uEJvHuTPGKLCjv5M54ISPA+y58C3fGhWA21Ts9duRDmLztjmGXbeay2Oe90amTazPJufiMc+zSnBw6oZAIBAIBIL/fZ5dwSL1I7mwsMks/fyjuD52CXeUlZi3t0VqAkRG6VJnk1w4ndI796k0NsfWqjYaguObkVwfsQQFxnViJFj5hXL9emizumflE0phYWN5rQjNqtt3n9BkarN3JTAmmZmlpdyvhPa2VtTqbqS8GXmYEUtKua8EW1t965hFFBYu0vtswrBF27geqODOfSXG5u2xkuppgX6DGBk1DBCr0TS0F/n+jgxw4icNgIr799Rgqd2aaR5ptzEawAgNmPiyZm0/Pgtcw5qVe9m+etJj+1H9RVjbtn6AkVsUKR4TnNCoDZhbYAmcP5dPoJfuXaX6ewoV4Ni9sSO+NWDen4HW0aTEbcGiEAYt6w/qzBqLGeXl7YTFpeEwaCYfjvHAztqStHXTiNa9TNaUgdP0j5nT5muCNsURleJCyFB7NBoF4ETY/nCqI6kUnEmlSPMCbev0oZitSzeRbe1J8Jq3cbK3hozNzFhTV1nSoOcV1IlWWaFnvNXk/DWyndOW0Q+SW0i+CroBGV+s4EAmjA8KY7CrM5ZkEDBjjS6AJth5D8Vh01kO/+Mf3JPB8FmvNGxA0hkXO8hP20/qGC/87EBi58E4O21g0TNXD5PWhAKoDvXW7CNNW5z6TDRoiQGA/CJLV0bjMPljVo/TKnfMre0ZGTiFw2krdZtgCQNGD2JPVApbNnRAhRtDvKwbqbCJrgG3b98D3fbx0UPdvWH6uPWZb6g6qITKytrNsroohZWbrv5/9t4/rMnrbvx/eT0LRJCgGTatRlegxexCsMiDCmrRB+qPdhbng4/VD9Ve1E5a8/RpbIc4oaUVJ7JOnEtbmOjTUiqjUlfKOqSDaT6toPJNGVC2FGuwbUqbyaImBROy6+P3jwRIIAk/pO3W3q/rQsl9n/uc9znv93mTc+5z3oe75M0+deKZ0daxnRqNERQp5KYvQNRrh4AAPj1VRFGNhrdbtqDwYS++7M8O4Ad6fbczCCr0uvgPt4Z0Y+z9xNsCsPeqTwFytuY+SqjIWdi18+wvqOTt351l3Y4o7EBgULCXHMZOzwh+xCuyGJbLoKqoCJCRec8y9O+WU1lYCMjIWBAKQ8936sOnHdjx5k/9iVmqoLK8jHIgNiPGcTkoikVyqCopBeSkuuzdkt+VgIQiSsuAsI0ogpz5LImmvLSSSiA+Y3gsqZs+gWkEf2//2Lt9juTTvfszKUt+nMyHwcIKFgEBAQEBge8CE7dFaCQk05k50zm5Mgwx02fOdJtcGbwlQSL+ZicjxNOnM9NtcsXlnmT6kMkVXxlJmDlz5r/85MpkQHfuj2jq66mvr6e+vpZaTTthCxcAWn6prsVgMtFSfYCSVpCvXMqc2OUogPL9hTQZTBjba9mvbgRxJLOl4NjMIyJYFseTW2NBX8nBEx2+xHAjavkKoJFn8itoaW+ieGc+Oryc3uB8zf3p+6fpMISQECvG2ljCUU07RkMHFQWH0AMRc7xNsAD4s3xlNFZ9K0ZiWTHP3+Mm+2kz5EyfKqKlVo260TogkB2Y9v0Q5EnbSQ0DbckvqTeCYuliQEfJgWo6jSbaNUfZXVhEibZ7yIqBXsdb1WkzmT1jKr0d9RQU1AGTfQ5CfN1T+NCfNwtXLFwMNKI+Wo/BaKBWfYyBiBR2gBBunT2bQHsnFQeLMOOyzcA/kpREGQatFqs4nhXzPL2bDmJDlhIZBopUD6OuqKWppZ0mTS3qnIcp1JghZCqDUyf24XV00/fgoNL+j0Bk0+CytzgOUgWr5aAv382e4hM0tbTT0lTPAdXzmIHbQxylShNWEIsVbasBWfIq3Dc5eZDHw31RMOgrD1HdbsTYUY9a3Qjy5URJI8Zon3bsSIlaKMPaWEJZQwcmYzuvFZWg01/h3yaBT514awqfdXRg1JxCByTffy+RoRFEREYSERpK0voUZMCpt077tBdf9ifDGaemqpTqFgPGjnoODLQRTh2b0Z1vH7JYcXz9ZBiWJn6vNSOO/RErIyOIiIggIiKUiLi1rAgDc+MfXI75Hpqzqw14+90Tg/e9+RHv+UhZ8h8KMJtBFoUiSMrcWGdkdvkiFgybH5NyR6QYc9u7NHR4i8fjPY7ID2JicKw/lBA/dyB8NAuWKgbK"
20:58:39.337 [Forwarding screenshot on session f38f5520-bd02-11e6-b34a-8d0186b048d8 to remote] DEBUG org.apache.http.wire - http-outgoing-0 << "VLgumZHNJUYMZitELxkMZBsak+D8OyshNmZw5rN/7m3sYW7d/wff/cmnP3PiVRde/ZmFL3rt9H7hu48JCAgICAgIfDuYkC1CAt8tRIBBU45a43JRnIj6VSXZG3vIKy9BpXGcliSP30xOmuMUmsy9W8nbU0KBapvjGVksqpwdhALdTAbnGz75yu1sPP8Y5eUv0fx4FP3fYEV+IoZOmYhwfOkPityAWmXnZ4WV5GlBpojjfzsHAAAgAElEQVRFjhapp1Uo0nAWh4mpqStlT4+EV7P28fmefKrUuTgW/ktYrSxgQ8TwPUoil+JDF9+NrLQVku8eWMrefzto3n2kKM5QVZpLWimAnNhYOVqt43hSh9x2wJ8NO1W8v62QogMVHN2fTu7mXvJLS8lsLHVIo0ghe3viEEkiuH9jLK3llSjTKgFQxMcibtTSpjOS6HGFwWQvx9g6pJbGbfOuvyYtnvQgjUsnO/Vv5FUWoaoBxDLnAElE9H3/RZimBLUqHTWOk53CxK3oP/gQnCc7Jdy3kpc0pcxYmeQhiK0TWSK/LAzg5eJXqKssYdDsZMSnbuahDYnO7Q6TITjAOQibPPi6fai+dzja0vzxWTR1ZqLWr0Hu8UAWGen5e6HgEDV15bTW9V+Xk6J6knUD9hHK6pQwtFVdrFwR7d6uA/IMkcnTfcl1SnOVlALI4sl+Lg0pkOTDPk1Nrn1iML8EZRafXsmnsnA3VU6ZN2ZvZ7WkiUavOrltoD8Bbr97r+MgZ+o0II5lRdyQibKgBNbEHqFE+ycuPlHo1V582h8mRwwWeR+leSpnG8WSmeNoI2b/EDkaaopy6Z1cjHJgb4bvfjI/0LtPccXUdg4DkLpmwZA7jtU9lYV1vPv+ZQ/PDrFJj787P3uwjakj+BFHOtcJxkEiFixBUq5DMn8+QcAdMfOhSk/0fywY2B7kKm9YTAxoGyncfYXd2aHD2gW8xxHxD40hVlyONngxUS6uJyJmAeJyHbcvmjtkS5KM+QtlaDTXSYhx2Qgkn8sSCdRNXuCYOHNKOX0GPrcqeiPQudLIVWpf/Qm8+7ORfLo0yJs/s/NRrYb3Fs4nLcnT1KSAgICAgIDAt4lJN27cuPFNCyHwLcNmwXi1F1GADOmwOQobJuNV7KIAZMNvjhtjUxkHTorYmbPBMeCyNKBMLyRMpWbHKLds2EwmrtphqkzqMb7EeLCYjPQiQiYdY+SAgTacijTIhzQWE8ZeOwFTZfhKNr6yPenP9zNTZbIhbefQN17qYWooZlvhe2SoXyVpNGqyWTD1AXaQTqD9jKrcHsdmNk/l1u55kBLjcorV6TcVI8JmMnLVLkImG57LeOzT8zO+deKNiaqjQwRv9oIX+zOhfnAbPF6MMhqMPaKx+Y+vop98jYzbj4wVmwULfgT5/ws20hjx2Z982KcvXYzZnwkICAgICAh86xBWsAhMPP5ByGTeBj/+SGUT/80zIAD0rZVsU3WQrAikra4RI3LWh4++LH+plImWLEgqY1zTAD7b0K0ARpPsKyl7VM940betnfwn89EaraDYzJLRNrx/UH8In68XL+VaWirY9XwlRivEK++76YkHf6nMqw2Oxz49PzO2PjjRdXSI4MPGvN2zwpe9dvCXIRurDXwV/eRrZNx+ZKz4B3095fwT4LM/+bBPj7oYrz8TEBAQEBAQ+NYhTLAIfCsIikyjMHM6r598D73+S+TJqTyydi3zhC+6/6SIuEU2A4U8ige3r5mwFUNfO5OnIpsRhmJ+Co8kfkuN7Z+ijiKiUlbzj9s8bYYREPim+Zb4MwEBAQEBAYGbRtgiJCAgICAgICAgICAgICAgIHCTfH2nCAkICAgICAgICAgICAgICAh8S7n5LULmZvZlHeZvLkHx/P2Dkf9wET/esoqZN5O39TM++Ajmzr2pXMaBmWNZWdg3PMuWmFEewSwgICAgICAgICAgICAgIPCd5d9yc3NzbyoH81/Ym1VIwxcWLJe76Orq4q9n30Pzf//A0VP/xqYHFhA4voxR/2ghj38ax/+suuOmRBxP2W/8JIuPl21h1R2Sr7nsf3JsHRQ/+yKfy6KYc8tkt+tH972IIWTI9WFYqD5QQLskih/6TDf0mTz+2C1jwZxbBq7VFxfyvzXtyOb/O7f494tRy76Ct+j+m5byP3QSuWQuU5xPGJsqKCz6HV8EKZg7s/+qgbL8X9DYI2fO//v/KHyxnPcaG3nvvfcGfk6daifEpYyvAouhnY+uB3PLlJuY87QZ6dD38P3vTxk57RiYENkmClMH1eWvcLT0NX57/A1ON/yV7v8XxJw7buV7gK2znn0H/kBI3AJu8YdOTRn5z/+K0jdaCV+swGyY+Pa5GTqbGrgqmcW0r8i2bJ31PH/gj9yy+N/5/ljUZ+vk6D41nSFj6afDcbWdjtpiDr71OXHxM3jHhw/oqFZz8G0jcfFzvpJYFpb2agp+/TpfiMOZO8uHf5+gNoCR9GyktriQfb8q4Y/nLhF4x1xu/yoMYsL8g4na4uc5+FIJf2i1syhxrocDnb9abt5GxvN3SEBAQEBAQEBgZG5+i5A/fAlsPvS7gQFps/7PFKy/E1p/i/by+LO2fgkzgsc3PXPTBIO/6Jsp+p+anm7O61q5cM0+7PqZVg/Xh2Hn48ZWOrpHSudO76c6NG++h6n/gk3PO3VadK11nGozDqT7qPlPtOr1BAReQaf9PX82DObx55O/p1XXSuXJPw9eNLRTpdVx5XsB2LsvoW1tRdt+gQsXBn9aO/SMWK2bwdLELlUu1bqrN5MJZU8q2X1CN2FiObKdCNkmCEM9ym27Ka1ppNtPTkzMndClpaokjyfVGgB6uv9Kq06Dw7wM/K6kCv01CRF3TuVPT38F7XMTWJqKySx4iU++Qtvq+fyvaHXv8XnPmB/kVGsrl27G8IfYTnd7HbrGj7GP4AO6P25G1/gxveMv2ScN1a87/MCxdwb9iScmog0YWc/tZfmU1HUQuXw5gV2NqPOO+ZZrfFJMmH8wNR2npK4VZkQQNjNknC9Qbo6bt5Hx/R0SEBAQEBAQEBiJiYvB0tfn8kHCfRuSmTTpcz4ymIFLHMt9mPDwcMLDwwmLWcW+N5oBsF6qR7UqZuDepqxX+Axo/o2Klz6fxOevPkTMJjWu8zQnc9ey5OFXMANg5pXHVrmksfJG1irW5p4ErNT/RjVY7pLHeKvDPJDP5XPH2BQT5rgXFkPuseYhlfID4IM3clkSFobqlaH3v4M4J538RnvdE2LwG9PkVRAxSxVg1nHR4rhi0WnRO+82n+0fNNj44H09yJfyH/EJiLHSfrF/8qWD861Wx6+t5+lwXjV82AzIuDtG7qyDBNWLRzhyZPDn+Kv7SZiQs2m94AfXgSkBN3dCSt91kEyZ4FNWJki2m8dE2S+LMCImJVPNkf1ZKJVZFL5aTKpCjFFTisYE0jglZUfLSJQCtk9ot0L8o8+Rk/UQwbavoH1uBj/HPwFf4URuYGAA4MdYirA5HiSYUfZnbwyxnYTtZZQdVzqOeRYPXrcNeUwkAsSiMck8aixNnNQ6/YCxhj92DC2dQZkmog1gBD1baNYagIVsT08n40dhbn5uIpko/yDyA5DwyJ4cdqQnfSMn5kyIjbjaoGczEBAQEBAQEBAYMxOy5n8KYLXbAStWK/RZPqL08GvcuHEn88IlvKW6i+yqYHYcPMaysD5OvriLF3+6iwX3vEpz2iNUhTxCec1GaHuZTZnPsT0smtKEe7nzximMyx/j+Z8sI8ilvLCIGXSVltNi3sJSWvjdyQ6u8Xu0l5WsCmrh1dc7+H5eGM2/Secn+89x/84XeDghkMrsLTyxqotp594k7soxVmzMJnD5YxxTrcJ48kVUOalYpfXkr3K8kwueApfeUJGS+RZRmw+yb0vMRDTXtwKRaMgXdb9A92Xilg6OFhyiRueY4JDHpvJk1gbkbg+ZqMh5mvcD5fRotRgBiSKZHZnbiAxyS8gPYmKgvJwP9Rbi5gWhO/s+SOJJjdFTqdFiIBG57SM+0ENYagz+smAWiuFc20VIlGHraKYVMas3LqGmvI7mDhsREf582NQOkuUopMBFZ91GNaLyJbvj3lkC"
20:58:39.337 [Forwarding screenshot on session f38f5520-bd02-11e6-b34a-8d0186b048d8 to remote] DEBUG org.apache.http.wire - http-outgoing-0 << "6dbpscpTKC68l+ajL1BU0+p4XKJg604VKyOgLKsAM6ApSMeYks2eNAUNFYUUVmqdaaPJyH6CpNAgwEL90YO8XNOKFUAWi/LJ7YScL6DGkQkPfprCr/an4Ton1FKWw8uGUMKvnEKjtwISkjOy2ZYUChioVhdTqnFOVIllJKc9yraVtw2TLZVKnm+bM5C/pf0ET+Q38/iLe6BqD4c/FBHYpUVvFpOa+yL3/OM0+58vRW8FEJO4OQvlmsjRNLA7hiZqDSBLfpy0ONejgqVs2JbG2Wf+hLXbguXzP/BE/gdk/DyVt3YUYgYaC9PJODGDv7u1z72cObCf0ka9s8qxbM1SkSgfPly0dGo4fKiURoNjclYsj2Xr4yoSQ3s86Hk9Oq+6c8mzpYzH8uoAKEjfiap4P1HXPJej+Pw1nio8xZKMfWxLkkNnLTufLsHvR9ns2TBviLRGqg8ccNZLjFxmBfrby+bDrqCjvpj9RXWYAYlMjBmIAsBEmeqn9G36BelxDqtqKcsZtANTC8WFh6lz9vWw+I3s2LGMPw6xnQdEb5H/fii/2n8vIj9oO/kCygJH35EpVvN4ZjoRQ/r96PzI6Ok8fRIDYjZmbqW5QM3vf/8eG3YkDdz33gbQ2VDBoZcqMVgBJCRufhzlmnn48gWz9cP17D5ZG8ScKDkYmjleX8/f3tGDJJnwoe3gQkdtMftLnDKGRRPSc4kpS3eQsyHSa3tdq/DtH7z7APe+amo6yrYCR33y1j9I0gMr+eDNU4hCwGAwE5aSzf6UyT505tsGXWkp28PhzmnITRq0BkAcxsandrBunmxIuhyvPklxrYHC/JfQGh2Tag7bXIcMh5/XvXsYVUEjBhw+4NEsFQkefICAgICAgICAwGiZkBUsYuD49iTCwyOJjIwkZlEKhbVmUp7Zx1KJlbAfHeTgKxUo75+HbNosYu6KBsBuAzvAxx/RovsU2d3bqamq4uCPw5HMvYfkGRA4ayFJC+cidikv4p77mUEH9S1mrH89R9ukSUyadIGzrZextvyJVmaw/p5pnCw9y42oR3n0x7FMmaLgoV1ZTJrURn3rZZreKOUaM1CpNiKfMoX4LY+w/rYbvF70e8yAfyC8vu8RkjLfYqHqZd7Mvd9Nhu8yk4G2tw6jVqsHfwqPMbhRx0jxE7up0QWyOTOXXFUqdm0lqpwTw95W91wxotdqidqazd7MjUh0deTmVTD0Ba5/aAzRQJvuE8DE++eNSBYs5d7li4Bm2o1A14fogIULfgDImL9QgrW5DQvw0fmzQCQr7ltBNHC2+SPASIvWimxxrMtgw8y5N6uprnb8nDhxgiaD59fJvmTv6TJi0OmJWZ1MYtQsdMVPU1TTSmyqkr25SuIn6yjZ/TQao5TFa1cDoFi9lQeWhdFe8TSFlVpH2r2ZJEpaKcp8miYTtJTlUVTTSkSKkr25GURf06LOfIHvxSxBBogVq3l00/C4R309VzBoa2ietpLMbCWJcjN1RUW02KA+X0Wp5hIpGdns3ZvJ6ojr1JW8RINluGx9PV1Yuwa3C9l7uzBbu7hqh74eI0adlp7bE0mOX07EjdP8T14p3bevJnvvXjJWR6ApzeWAxoAnDE21VFQ3DdM9gOmTC1gRs+a+uOE35SspPLKflRFB2HsvY7Z20RsYxgMZyQOyb1l1t1v7dFXsp7Sxm42ZeynIzeB2oxb1rpc9bM1oJy9TTaM9ElXuXnJVGwkxaFEfetOjnj/2oTtXgubdy9YUBQDxm1NRSL2XE5CwlpVyK3VFv6TJ2IE6rwS9NZYH1w6dXAGNeg+ljXoSN2eSq/oR5sFO6dOuLO1l7C6qY3JsKrm5mcQ4pu/o30BxtdvMVfvgdopBOzCg/mkedToRG1W5ZG5NRt9Yzs+KLw6znd6rlwZsRzQZjK1aFJszyVWlgq6G3cP6/ej9CIDN0ERFWTXtXvfXmHinthUkS7gnLpFlsWKsjb+nqX9VnI82sHVUkFlYSfftq8ncm8vm5BloSvPYU+1YC+fNFzBMz8OlilvxH4CZqqIiGokl+xfb8LZgztJSxu4Sh4zZuZksoAO90Yzx8jWf7XXrCP7Buw9wTydVrCAjxfH3O3nzVhZJzRitZgyGGaxOjmd+2Pd86syXDQ6lr8eIsVWDQbaRvQXZrJ7RRXneHjTGoem8+SQTrz1TiFa0hOyCQrK3JqJvLCe/oh1w2KChsZFZG5VkK1MJNmopLH7bo20JCAgICAgICIyWCVnBYgWWqQr5Sdw0+vr66GMK4Yp53D7dMSUxWwYvPrUK1YVJLk/diYjpbC86yEdPPcF+1Wn2AzduW0jer3/F7dP7v9z3DSuP6bGsjYA36xtY5F/HjZUqdtgO8Nt3G1nk/zZEPECCv57jXTDp85dYveglt8c7mnUkIWbSpAtkptztcmcSTLFgAURTwNzWBsAnf/kUKwgTLC5c69Jz8UuXBdr27oFfbe2nqTODInUTi8NDsHMPm1afpbDmbc6alrnlY78OkuRMtq2cB8wjK+MSyqJ3eN+0wbHNY4BQFkRDyft6bPde47wZFsxXEBTph5wqzv/ZQCTtQDQxoY43kIr5MaBpQ2+zoDtrgNgfIfd35nP2Ayz3zqIZWLkwzE0mTWWp2+fEWxcTJx/+htW77PdgB8TxSnakJwKd5K83Io5XkrUhEYAd+0Q8nF5I3Zl29twXhUxdgywqgUi5neJ39CBfzYZ7ohD1wtqHUtHkVXJO9yHU6iE2g5w0Rz6Zz8FrZ/5B4A8SmC8p4YwsioR5EV60Fs+zWWnIAcVDOjR557naY2PW3RlkJIWRFDcDk/EyiojbqWk1YrdD6CJX2YJoAnBbmC8aciWWrBwlcqCpWIkVCWkP3setAXZmrV1H/JlWGt88jSUxjaEt+sm7JVQ2xrNsTdywe449AcEEBfdfMFGs3EbdwGBLzOrMX7F2QJ4gIpfMR1ZUhywqgfg4+Gv5bwfap6WtD+jj0oedzFl8F8qCvVwThQwf2NpCSNm6FVFkAnHTwXjZTqwCDJcu0wtD9Gyi+GG1F92ZiHNbuiBlfpQcqq6wdFkcUpvRRzlS0p7LpC29gALlbkDG1gIVEcNetBtpO2dEnKhCuSYOiOPn1z9DWdQOmHjPq12ZsL9/CognJ2sDMiByXya69IJhFjREKWD8kHNmSM7MYV2cFIgkl0A+wI8ZPmzHfh0kiZkDcmZd70Tl7Pf9a+P6fPqRdUP8A/R8fo7KKg2dsxYQmei+ygHA1nmaOiMoNi4hCIhJWg7aGt76Ywdx6yJoO+W9DVpPvQvE8tyedEIBIrLp1adR+fopTGvW+/RjbnoeIpOlo5Zdu0tx/HWxAlP4fqAJTcUfYe4yEiPd69H27ikQJw7IOG//U+jX59GNb7/7QchBH/7Btw9wI0jOgqhbKKqSMX9ZIrN1jhUvG/dmsy7CH1t7BWk+fL/Ohw3GedyHGU9OlmPFSUT2o5xJL0SrM7J0WDrPPskO0G1Ap/+cxXGbKAhdgSjkNsCO/bqz765z+NItbe9QcK6Lqwyu+RIQEBAQEBAQGCsTMsHyJTBrXjwLF3o60vgSP7//CU5G/Bev1Pw38yJmwrv7uGvL28Bl/moA5ZG/cCToC841aPjVrmfJ/u9XuOe9LdAD+HvarzGdVRuX8+Kzu9jFNVIO/ogf2f9CYaaK7cCqPcuQSKYxKxhuLCtEX3i/4zHrJd46oUWWMI8vX+7mxo1lvKE/Qv/Gnw/q3+JD+yy+D9iNsGxPFTlTykhS5bDrjX+n8D+9DVy/W1wHx3aFOJdhsK0JZZpjMNJzzfE2UVeZx7ZK1yflw/fM90Fk1OyBjwESx7tVT3vrIxdEQ0k7Zxv8MCNnkSIIULA0DMrPn+GMqAOi0xwDIECqmI8EDW1nz9NmhPj1cx35JMRC0fs0NFzGShgxd7gO5yWoio+MLuaKL9n7ICLSec/SjRFYuEgx+GxQOAsk8N6lbugTcR3A3guWLzCYAXMNmdtq3Ir7VNdFmB9IpgxuxvIPTSI9FMDknJD0FrTxOogDBwavdue8pQh/bguBikOZFLmNp2XOetgHZRs+7eGhjGkMbh4TAUZKdivdk03uwVNuCduPonjEz+vbezCi"
20:58:39.337 [Forwarding screenshot on session f38f5520-bd02-11e6-b34a-8d0186b048d8 to remote] DEBUG org.apache.http.wire - http-outgoing-0 << "/8RCQmQQEMiS9ZuZbgZR7wVKKxvptdvdDcdNdpFb+8xLe5JUwy+prCqhsQpATGzqo6g2JLjHlPCXEdx3gQOqEtybR+RBz5/60N1FhhqVQwfXHYPYoBHKCYrj4VQFuyt1iKPXsDLUwzYG00WarRDxg5CBS6J+U+nxLdtC0WSgb9B6ghREiR0u2DOOjK9c/CtWZMx3WZoRuTKNSABLg1fbsfdB5Pzwgc/BIdMc8rqkGZMfwRF/52jxJgj0bEHat//kyK88l/Xlg9d1b7+DcV0EolG0wWC5/ijmyKDL+dGHL3DTsxsWql4qwSiOJrckh9mtR0kvqEG1VQNWiJ66gMQhu+lEoslgveLSy8OYI3GI4bu97D78wwg+YAjD6yPj1tsc9uhThhFscLjTvQ6yqYMyBM0mUgztbRdZOqrgK1I27czAcKiIyiIdlQCSMDbv2IlcinvfBadyv6LYPwICAgICAgLfGSbu3NU+DytNAPjSEYx2Zhhhs7+P5YO3eHrLYSACO1d45bEnOBmxmfIj2/lhlMLx5mj2dIKYTuSyYA5r3qZ+TRhJc2e65To3OYXgZ09xjWCWxN7O7fYlSG6c5BozWJXoGEgvSplBaekz7Fs+i63x0/jjCxnkvHqBRyub2bJ6LZNefYlns45R8N/30NP2CqnbX+LG+hf4z1VybMB0mYzbk3LZ+dvXyf/p4yxfdJL73cX4zmIfOmjqcQ5mAVGg4ytqcmYx25wxGyyGJk439xIeCO+7ZuQHen03JDjeGfb2OoYznoYB8rsSkFBEaRkQthFFEIA/MUuiKS+tpBKIz3AZkUgVLJZBVcnLgJyU+Y4y5DHxyFBTUqIHxUbuGO+Wex+y24HA/uUWQcFIgXNndSidabF9gd4MEXfeBjhX/4gCIOhWZGLQRWZwPMsZG8JmoP6ddkJiwjl7Cvr6BlvH1llLXtEFHsje5FjsJRrr8MDA4d1FtMriySz4PyhCZdBUTHrBefdkQ2LuiAb+934Kh91uBhTkHt9Dv1Y6GurptN/KVE8P+Ach9aILaXgUMuqoKq3i3v1pSPEnMnGNI19bE29WNo5YU9f2MXV8wq1JT3I8azqd7VrOVB+jqvIIZ+9JcFsZYWk5Sm6phrDkrTy7Ng65TIrmwIOo2511xFXPvnTnMrk2FNHI5WCs51ClY7WAtbWEo01xA/FQBhvJOQD9+Npg1iLnZpBA37L1vHkd92C4enRW6J8CEQFfXh+4ifnKNfCDwJDpgIYPP7ERF+lQXvuJA/y2K5LMLU7/MDRekzO/Tz/tBud0Wu/Vwb7TL4PfCH7EE0FSb9Nz7dRojKBIITd9AaJeOwQE8OmpIopqNLzdsgWF3Xsb2O3Xh+X4xWdGQOHoAaPxY8O6Zi9Xu0EceTeR/kBcOgWbPyOztBWQcf/K0KEPOOVwrfwndJodcXRH8rttXv3DKH2AV64PVNSnDLeMo39csw82m+Vz9FaIjAoHD4chDfdJJvSfwwM5ZUQGXKbl/fMcKymn9MCbLD6y1r3vCggICAgICAhMEBMSg2WKz7tz2fJMCpNO7+fuyEjuTlHBf6UQTAdnWwPZ/UoWER2lbLp7ETF3b6IqcBWHf74BMaBYspJJF47zyP1P88HQbGfG838igBkpxM4Ebv93VgYD0Q+wzDkJsiq3gqwUGSWqVBYtSiLn1Qvc//TLPBUjYfrCp6jc8yAfv57N6rsXkbr9JW5bpuJk7ioA51vsPkDMT351mEV08MRPf4N5qBwCDly+twfNW040UFf0ApoOI6bOBg7uKqC0tI5rQwbQoslgrCqlusWAsaOeA+pGkC8nytM4STaXGDGYrRC9JGZgpUFoTIJz+5aE2BjX8JdSYufLwWqFsEVE9c8HSaNwzrUQvSBm3KdgjCx7/xf9CBJixVgbSziqacdo6KCi4BB6IGLObfS/Cv70/dN0GERELZSA9mWK69sxmQxUH86nqLQE7bVpRC2UYW0soayhA5OxndeKStDpryAKknJHpBhz27s0dBg9SOuQZ/h0SK/jDf20mcyeMZXejnoKCuqAyY60brKZHJW2nucPDZ0YOuopOKQBt/DGg2Uoli4GdJQcqKbTaKJdc5TdhUWUaLvH3ubSBB7fHAv6KrYp93CivoH29hbqq4+yc6sjmKrI5+SSe/tcfOcI6oJdVDR1ETI7nNumiYDJXuenps2QM32qiJZaNepGq3uVB2os86E7D5na7YAZ3fn2gY2QnssxoP5ZEUaiKTh+lFQ51BTsH4gdMsh0IiPFmDVFVDR0YOxs4IUihy5Hkk2xcDHQiPpoPQajgVr1Mdwi5fiB9thrtBiMtNSqKdI6ZJsUsYBYoOrACzQZTBhaqnmpvJFLfWKChtqOs63sgCgY9JWHqG43YuyoR+2h7/iNwY+MhFFzCh2QfP+9RIZGEBEZSURoKEnrU5ABp9467bMNFAsXAFp+qa7FYDLRUn2AklaQr1zqCJjqyxe46Nk9voeMH0aKsWrVFNe2YOhs4tT5S/0Sc6y4flg8oqjlK4BGnsmvoKW9ieKd+eicGvbtd335hxF8gBc83fMtwxj7BxKw1nGwogGjsYOKg0UYkRAZ3j896/Q1Xn3SNd5SF5G75zAtvQGEKcKZBhAy1WWKamgthGObBQQEBAQEBG6Om1/BIknipF7vM8nCLYVc/PHP+MzSR9D3ZyIRA/mFzrs/4aR+M5c/+zt9fkHMnC4ZeC7iP/O5eN/PMOOHZFiu03nqpJ6nBlOT36wn3y3NTH5SeJLNP7vM3/tcynYSsymX5nU7+OzvFvyCvs/0gZvT2dXsUqfpSRwboY7fJSZ7vCpy0VEomQVK8vLUqPu3h4jD2Lo3kwjsnGIwso79OkjkfZTmqSgFkMWSmTP0hIt+ZMxfKEOjuU5CjMvbXflclkigbvKCYRMzYbGxUGNAsTDGZb2NlNhFYdRUdbMgZuhbYs+184R32U2IcI8elJS1j8/35FOlzsWxOF7CamUBGyKCgJKlKrMAACAASURBVHAWh4mpqStlT4+EV3f8nC++3ENlUS51zudjN2aSHhkEkVl8eiWfysLdVDkqz8bs7UQAopgY0DZSuPsKIcf34L6hbTIEBwx5iT4ZiOD+jbG0lleiTHOs6VfExyJu1NKmM5KYMES2h7YQfaaAysJMKoGw2GjEWqNz5YF7GdJ56eRu7iW/tJTMRkdcG4kiheztiaNuY1ci1mRRIKmgqLSS8qLWgetiWTQbH09jXZwUS4uIQR2K3PxGmEv77D26g8SL+VQWOOoBYhK35pAwZN9S0Lz7SFGcoao0l7RSR3vHxsrRah1H6Q7Vc6LSh+6GIJ39Q+RoqCnKpVeV57WcU6V6NGZIyd5OKEGEZik5q1RTUHCC43vWueToz8qsfXyW8wyVhbsZ3KEhGoVs6WSn/o28yiJUNYBY5py0FAFS7tu8mvfUNeSpGgEJcgkYRIEEEIqqIIO8p4soUDlWEYnDksnZngj+BjfbeTxwiA1KrlOaq3T2nXiyn3P0+4tMhuCpBPj0I2PjTJ0GxLGsGLrqJyiBNbFHKNH+iYtPFHptA2ncNrI39pBXXoJKUwKAPH4zOWmOU4R8+jFXPU8uRumyFSZJ9Rwf5+VRU5Ln1ImcVNXjBJw9RGndaT55KIlIl8mkoMgNqFV2flZYSZ4WZIpY5GiR3nkbvv2uL/8wkg/wFJFkMgEiEPm59jdGlCFiDP2jn9bKQpSO/T2sVj3LSrk/TQM2AnFrvfmkUH6SmcqegkrylBpHZpJoVP99H/70DOu7MBn8/omOcRcQEBAQEBD4l2TSjRs3bnzTQgh8ezEZjdhFImQel+6bUD+4DR4vRhkNxh4RMulIcT7+WRif7DaTiat2mCqTjriKw5HWTsBUGUH+nu55yMdmwYIfQf5jfMVvMWHs9VyWJxx6nYrM256eITIZr/YiCpiKdDSZjwKLyRlzRhQ4tjyHtI/FZKJ3FPqwmIz04s2OPRTjQ3e+GGs5vvMJ8GiTPmVz6mqqTDa8PZz3PNfJhsl4FbvIc5nesJmMXLWLkMl819e3H5lgRtEGogAZg9W8eT9mMRnptYtc7NCGyeLP0GyMTWUcOCliZ84Gx+SNpQFleiFhKjU7"
20:58:39.337 [Forwarding screenshot on session f38f5520-bd02-11e6-b34a-8d0186b048d8 to remote] DEBUG org.apache.http.wire - http-outgoing-0 << "XCZCvLaXL/8wRh8wEr50Npr+0VT8MAXnF1N8JB2MJkQyqc8oUN590vhsU0BAQEBAQEBgPExcDBYBAQ9IZSOcx2CFL3vt4C9DNjFj76+PccjuL5WO+oQKX2m93vMPGjEUrUeCpMjG8OCIenXFPwjZWDIfBd5jbYwsi6skQVLfg7bBdLIxtetY9Hwz5YwnH5+y+dKVTz36j80mBmSRjaqdxpP3uBlPG9ykHxuur+GTKwABAaBvrWSbqoNkRSBtdY0YkbM+3L19vLaXL/8wRh8wEr50Npr+Ybf3gfkqdhhxAs53eeOzTQEBAQEBAQGB8fBvubm5ud+0EALfVf7B9b4+blPcRdj3/9VmV/6VZRcQEJg4vj5f4H9LNAmhwZg/68RgNCOLTeLhHUoWyr5970r+cd3O98LvYsEPZwpvggQEBAQEBAT+ZRC2CAkICAgICAgICAgICAgICAjcJBNyipCAgICAgICAgICAgICAgIDAdxlhgkVAQEBAQEBAQEBAQEBAQEDgJhG2NguMDVsHxXkVzHhgO2sipW7XjxZUMH3ddtZEiqg+cBD7yu2si/QVnNDiM11HtZpXL/yAzB3LOD2q/KCjtphX22eQuWONx2COnU0NoEggdLzBHG0dHC2s4G9DDjy22+3MTEgjPWnosc9jwNJO8cET/E00kw2qdCJcwzk4y/2MUNJUaYR+RaEejA0V/Ka+A5FINOye3T6NdU9sQn94dLq4OWw0nDiOrhf8AOijj+msWL8GuT9YOhs4VlGPoQfkMUlsWpcwTN+W9moOlp4n9N500hLd9WLQlFH8h04WPPwEayK+2ZNFLB3VvFDxZ3Bpc78p07hz/grWJIzPniyGdj4R3UHkzUSOthnp+BgiImTYOuspOPpX1mUq8XGi7hgEdNj6FQ92hr2HKZEPsCLwPZ99edRFddTyQsV5t/aFfnveNmJ9JqQtR4uxnbLXTnC2/RLXmcyMO6NIXreexIjBvtapKaPo+Cm6rt/OUwdzmDcgv4Xa4oO81xOJcsc6tyCyHdVqKi5HkZmeOOLpZV9rfQUEBAQEBAQEvmXc/ASLuZl9WYf5m8uxj/7+wch/uIgfb1nFzJvJ2/oZH3wEc+feVC43Rce79TAviQiJmWNZWdg3PMuWmOnfmDzfOD3dnNe1EnnNPuz6mdZWIpMc1y80ttITa2edz8zsfNzYypexdo93uz9uRtcIvdhHmR90XziPrjGGXhg+4G4qJrPgPZTFCYx7GqSnm/e1rRjFEiR+Ltf7+iDCPN5cHdiv0dbaipFWpmnXEpEwOKgytZ6iRtsKXOKTnq9uguUT3fu0dnQ76tZnxmwFnHU194WQZPetswnDpqOqvAq920UJ4feuQd6jYVemGiNyYqPt1JUXcr7LzhFlolvqoMi5BHaVUqUuYs78/cT1G4SthV+rq9BLklF+w5MrAPbuLrStrQPtDGA2m2nU1PHnv+8lZ03E2DK0NLFLVYBcqSZy3KenWCh7UkmVXMnxLBk93X+lVafhbrtynPkNpRdDRwddfn5AH2azdaD+fX19xCwI8NmXx4K9+9Kw9oV+ex7h4Qlpy9FhaT/BE7nlmAF5dDyKwCtoGuvQaetoyyhEmSQHDPyupAo9cqIjbxnyB9zOpfOt6MytHKiYw/4NkQN3uj9uplUDV9MTfZ/e8zXWV0BAQEBAQEDg28jNT7DYTGhOnqQjeAYzAh2Xerq6ME96lQO/U3HuTSXjm44wo167lAM/fBF94TczwWJ+dx+rtrzOi+eaicBGx+snubZsN1u+EWn+SXC+BPbzeV3K9rKj4D+KYZEYpgQEAGCzgcs8neOFs1iEaAz5iUSAJIAATxn6Of4J8PDSfNSI4DqQ+PhBlHETPzjvF635bDMkJA1cb64/7/xtMjcj/kjEpe/neLrjd0tLMel551G9eISEgaqaeN+HziaMy1/QBazOPkr6PPd2bjr6JkZkqIoLSZBCQ7GSwro3adqSiLtKQtmek0rj7kqKDmuI2+GYgNEcPoQeCVuf3Tauo5QnHBGAxL2dTU3kbCug9c13MK6JGJucfg4b7dfReOm7DpIpjjykcUrKjj4yqi49KoLi2PPqq47fbU0o0wpQDOlTTZfw3pfHgqf2HS0T1JYjY+CV/HLMyNic+9zA6kCl0w40Rb9mYcx+4gI/od0K8arn2OGhMqLJgBn0lQeoXXyElXLn9QFfOgJfW30FBAQEBAQEBL6d3PwEiz98CWw+9Dtyl/ZPpZh5I+u/+Onrv0V7WcmqcS74sH4JM4IDb1rEceMHEEhg//f6YAgOdHyptVpBLP6mBPvmEYmGfAH3C2TywAcTx59+mr7U50iPk9JRW8z+kjrMgCQsmpCeS0xZuoOcDbch8gPdu4dRFTRiAMSyWB7NUpEgdx1MuednMzRQmP8SWqMVxDLCgq/RPW0lv9iTBkwG8xkKdp5BpzcDEpIzdrIp5DyP5dUBUJC+E1XxfkKai9lf5JALZCRvfZRtKyMBE2U7/4e2OY+zPz1uzG3T2VDBoZcqMVgBJCRufhzlmnmAiYqcpzlLIN06PVZ5CsWFaQysUxGBHRBLxJgbT9NuSyLSH7C1847WTFhsGHptzzjLWY+uopDCSq3jYUk0GdlPkORjr5S9r/8X9+u+dWagWl1MqUbnSCyWkZzmaNeWshxeNoQSfuUUGr3VqZtstnnYVmX65AJWJPxg8jU62z+BkNmEyoIAE++fMUD0VvoX+CTct5LCulLOtZmIS3DftuQfsQFV8lkK69Sc6ExkHSdQa8woNu4dGHxi6eBowSFqdEYA5LGpPJm1ATlg6dRw+FApjQaHlYjlsWx9XEViqD8tZXs4/KGIwC4terOY1Ny9BNS+QGmj3ln1WLZmqUiUj3JiwLWdpXGsjhejawbP+ryX5qMvUFTT6kgvUbB1p4qVEVCWVYAZ0BSkY0zJZk+aggavurdQf/QgL9e0YgWQxaJ8cjsh5wuocWTCg5+m8PPNInLzPyDjV3vw+4NvPXrv75F4pMfOdQD70LUqnvvytiTHih5TSzX7ny9FbwUQk7g5C+UaL2XgsFtPtJTl8HzbHH6139EXLe0neCK/mcdfVNH2tHtbplLpJe0eqBpqDy9yzz9Oj0pGS8s7aKwQu/VJ962X0jgys1NIz6ui/t0a3io7ihloLExH1ZZJ4TZ3/2QHkMgQm42U5B8lTp2Oe48A7330tiG28z/M0f4vfZt+QXqcdFhbfTrM/kdfXwEBAQEBAQGBbysTF+S2r8/lg4T7NiQzadLnfGQwA5c4lvsw4eHhhIeHExazin1vNANgvVSPalXMwL1NWa/wGdD8GxUvfT6Jz199iJhNai67FXYZ9cOreDgri7VhYYSHh7PqMTX1J9UscX5e8vDzdFgdqa2fvUvuw0sGylir+o3z3mXUm1bxWG7uQD4xq1TUfwbmc2oSNx5m0qTP2XLXJuovg38g/Pntn7M2LIzISGfaS9YJa8J/FSYDbW8dRq1WD/4UHsPokuZql5GrdjuWljJ2l9QxOTaV7NxMFtCB3mjGePka4HjjamhsZNZGJdnKVIKNWgqL38Y2pMz+/KCTQlUh2usRZGTnolwpQ2+0Yu7qcY5PRYCZrinLycxWkRzWR13RIdpm3cvWFAUA8ZtTUYga2F9UR8jqDAoK97Ix9jp1JbloTI7yAqaEMCXQ84hsMvDpuT9QW11NdXU11dUnqK5vwQbYOirILKyk+/bVZO7NZXPyDDSleeyp7gCgp8uIQacnZnUyiVGz8DR9uPC+lUjQ8V6rQxiT9hR6FKyIn4Pj/fLYy/m44mkKK7XEpirZuzeTREkrRZlP02QatdoH8KWz+nwVpZpLpGRks3dvJqsjrlNX8hINFujruYJBW0PztJVkZitJlJupKyqiZaiygYu6i4CZot0qMnNzyVSms7NYM2AXkltcBuLBtzpXeHje75Gw7XFigfK8nezMKwd5Cqp1/dtujBQ/sZsaXSCbM3PJVaVi11aiyjmBjXbyMtU02iNR5e4lV7WREIMW9aE3sQB9PUaMOi09tyeSHL8cifYFShu72Zi5l4LcDG43alHvepnRNvH1XhvYbNhsNozttVQ1WiFkKgEM16eu"
20:58:39.338 [Forwarding screenshot on session f38f5520-bd02-11e6-b34a-8d0186b048d8 to remote] DEBUG org.apache.http.wire - http-outgoing-0 << "+GmKalod+sxVEj9ZR8nup9EYpSxeuxoAxeqtPLAsjHYfum8py6OoppWIFCV7czOIvqZFnfkC34tZggwQK1bz6KYFiHovY7Z20YtvPY7U3z0blK8bw/tygwlsndX8T14p3bevJnvvXjJWR6ApzeWAxuAlLzPn3uzvr9WcOHGCJoMFgL6eLqxdVwdS2nu7MFu7uGof3pbe0w63h4gbp0ctY29PLyDjbg8xd4LmLUABXPh0Eg9kJA/I89Dy8OHVvA6yxVvI2qgAYw2FJ9qHJfHeR4fWdzZXu81Ov8uwtrqZ+goICAgICAgIfFuZkCC3UwCr3Q5YsVqhz/IRpYdf48aNO5kXLuEt1V1kVwWz4+AxloX1cfLFXbz4010suOdVmtMeoSrkEcprNkLby2zKfI7tYdGUJtzLnTdOYVz+GM//ZNmwPfjWzzo4ffoCW39xmIwvf8/25wp55KSER35xmMjPf4+q8CWOntlIflIPu5ZuoYponjn8axQ9Z3jyiXxWdfbx5zc3YDV1UPvqBR585kWelH3E3scO8MjTcfzlyAb27Whme+Fp/ivvUaKnQ/MUaDt+nPXPvMgu2Sc881g+j+y5i78c2cJ3bTHLtS49F790GRnZuz2ma3v3FIgTycnagAyYt/8p9Ovz6E9tvw7ieCU71jm2b2xpe4eCc11c9ZgbWJreQQuk7swhKQKYF8k/DA9SdKF/nGYH4vl5ThoyIJo26vLOA1LmR8mh6gpLl8UhtTcA0P3ZR3zy9zCW/eRZ5nbDD6QAUtblFHqN9yIC9JpK9/ggsmQWJ83j4ql3gVie25PuiPMSkU2vPo3K109hWrPesUIlXsmO9EQPOTumTwJmLWC5rIqq+ma2xSXRVK+BWCUxIRcH0rWOqRwTxQ+rQb6aDfdEIeqFtQ+losmr5Jxu+KqPkfCuMxuz7s4gIymMpLgZmIyXUUTcTk2rEbu9Xz/xPJuVhhxQPKRDk3eeqz0wNPKmX+AUkMWiytpOwnQ79S8XUlSn5rVFv3QMu/9mcZXIOe3kjVC2O1cB6JGR8fPBVUO29tPUmUGRuonF4SHYuYdNq89SWPM2Z79YTMrWrYgiE4ibDsbLdmIVYLh0md6BvGPJylEiB1rKVEAflz7sZM7iu1AW7OWaKMTDCgJPmClSpVHkdk1OxpPrCaJniD47yV9vRByvJGuDQwc79ol4OL2QujPt7LkvCpm6BllUApFyO8Xv6L3o/kOo1UNsBjlpjnwyn4PXzvyDwB8kMF9SwhlZFAnzIjA1nQJc50I863Gk/j42vPVlaH2nFisS0h68j1sD7Mxau474M600vnkaS2Kax5gtmspSt8+Jty4mTt6f0nWWRzTwb+gi17YMoslHWgeD9tBUrBy1jNe+uAIYsXgMOHMboRK4hITIJfORFdUhi0pgnpf4Qdd6ITJdRfKftlFXfoD6ZUe4VdS/vtB3H3Wvr51THktwrf/46isgICAgICAg8G1lQiZYxMDx7UkcH3I95ZmjLJVY+eBHBzm4TsH9S2dz+bMviLkrGk7qsduc75w//ogW3aesuHs7NVWp+MlmI5keTvIMeHPWQpIWzh1Wpv1LkKx/gV3/mQTM4v5nq2ja/LzzczinDlQBYG5+h7cmTWJHZSlbYiRADBUYWPrEb2m4vGEgn9wtqwDY/chv2fJ6B39nEwlxd3Djxmfc96OlTOfyQNr8/rSbS9lS1cnf4eaC+f6LcR1YkrGPba4BL5xxFIYiEk0G6xWXtQVhzJFAV//HPoiInO3ygOMfby+1HfmIuTVk8JpkWjAMLKC6DuLAged7XBZWOba8XMduB6QJPL75fQ6V1qFudWwdkkWv5vEn0hkp7qkZSFQVo/QwMdE/BTIovz+KObLBCg+tr6c6+t3GipUKqkob6LTcyp9aITl7EYH/0A1LO6pyLJ9iMAPmGjK31bg9/6nuIoxxgsW7zvy5LQQqDmVS5GYKMqecDt30by7r34LkSdfzNuzh+IbBz0mbknm5Tkeb9iIKQHKLq8wil+1pngmady/Jkirei9lEkktAk55rjqk8XWUe2ypdn5Aj8pMR3HeBA6oS3KsjcqnPtIH6zEt7klTDL6msKqGxCkBMbOqjqDYkjHhyC0Dy1kwWSaHPbofAEBTzIpyD0p4h+uzGCCxcpHCpYDgLJPDepW7oEw1uubF84UP3XYT5gWTKYOv5hyaRHgpgcvY1T6uCvOtxxP4+Jrz3ZUdpRkp2Dwm6O7nHS1BcCariI2M2dfq8bV/yJu+gPYxFxpBbpwFiz3+QbXo+NEOwaHTy+GEHpGzLyuC8qoiiwjK2hva34gh91C1/Tz3TtaeNv74CAgICAgICAt9WJmSCxQosUxXyk7hp9PX10ccUwhXzuH26Y13HbBm8+NQqVBcmuTx1JyKms73oIB899QT7VafZD9y4bSF5v/4Vt0/v/2rfN6w8AHpg/g/7gyhM45ZgiJvfv2Q6kFuC4Rpg+9LCjRsS7pBLBh4NmhYMOL8+9kB8XNiQzP3xA2x9AF/S178vYWha/8G03zXsQ7/g93heRWC3Xwe3jTCf0GkeDJJrBwKDgsdYupW/d9tA6hi2mq9c8xB11wcisJk66A6Yz8+PKxEZOmg+XUFRVQ2/f/8+diSOJqSo5+0ojvq688VnRkCBndHV194D8sXJSErVHH3hS/QoeHieP31N4ywn6FZkYtBFZnA8yxk412ag/p12QmIUw/IZCe91MHB4dxGtsngyC/4PilAZNBWTXnDeQ1pfmDix52nOzdwyLAaO7AczCHwfzHo9NuLwB2yf6DEC8wNHDv871ExEzmeSM4vZ5owzYTE0cbq5l1svHmVnqYaw5K08uzYOuUyK5sCDqIfvunBI3fEJtyY9yfGs6XS2azlTfYyqyiOcvSeBxBEH9jKiEuKY52UU6q7PYKTAubM6lAlOW7V9gd4MEXfeBv3rRUQBI+g+nLOnoK9v0JZtnbXkFV3ggexNDtfr6RhlH4zU3ycKu90MKMg9vof+CB8dDfV02m9l6jjzFA3876FvD4k55TPtOGSUzr4TMRpe/t9akrJWut1redOxWi55vgIYPsnqFXkS2ZsbyCytokQHyBSMuo+KAgA7IuBLF1fjy9d+FToREBAQEBAQEPhXY0JisHwJzJoXz8KFS1m6NImkpQsHJlfgEj+//wlO8l+8XPN/ab54keaXtzqfusxfDaA88hcuNtdz7IWnWdRzluz/fsURc6UH8Pf8bc4GTJfL3D77uwywBsI69NmYNMmM0TgYK8XW44gHYHemk0yd5ruC/oN5jpj2u4qXcVjU8hVAI8/kV9DS3kTxznx0MGTFwdBBit3td/fYnysc8TT25FHb0o6mbA9FWuuQDO2ehz12O2BGd74d2+fnKSoq5MBRDfbgHxA26xaXelioL86nuLbDd509oFi4ANDyS3UtBpOJluoDlLSCfOVSl5NgRjob1g7S+SyXg06rR5KYTITLU/YxlyMjaqEEtC9TXN+OyWSg+nA+RaUlaH2ExvAtrSed9dIDMG0ms2dMpbejnoKCOmCyS2ovunFDSiBG9DVFVDR0YjJ2UFZQghUxMXPmsOzHsaCv5IXqFkzGFl54qRLE8ayYN9blCRA0bznRQF3RC2g6jJg6Gzi4q4DS0jrMTtczbYac6VNFtNSqUTd6t7WL7xxBXbCLiqYuQmaHc9s0ETD5/2fvzuOiqvoHjn8YdRiRTXEUAVMgw40UzSA1l8L1p2lFmpVaj0u5Zfa4VWqFZmo+mbuZVm6ZSaZCpEkphYopIOKGgmgsgSPKJg0jzv39McM+oIht9n2/Xrxk7j33nHPPcE7Nd845lzp1oCAlnBVzP2TvuVwsM8+sqlJRggfo3FGD/vA6Pg0/RUbKObYtWsYF4AGvJhRllBx9gHMpdap47+vj7dsY/eF1bD50jqsZp9iyZh1nL1yjjl0D7m+jISfuZw6dy7BYF0vVvb3+Xh2Wy2n5aBfgLOs+DCYp4yqnwj/lrSVrWBd15bZmC5VRpy7ofyH0UBIp535g0bLwkhqXacurVactV99q1dGtD1MDWqKPWsfw2R9z6FQSSedi2fbhFOYFnUXz4Ahe7FT9v2/3ga8RUPSdwO9w"
20:58:39.338 [Forwarding screenshot on session f38f5520-bd02-11e6-b34a-8d0186b048d8 to remote] DEBUG org.apache.http.wire - http-outgoing-0 << "yz5a5n6vgRqivthCbEoGsXtXFI+1lvrzre4399xeFsxdwaGUov86Vxxnk374lAUf76WyXiKEEEII8Xd3V2awAOU2uS0tz/SUFlcPPO5zIvfkbuaM/AR4gBtcY8P419jzwAi2rp9AK++Wpg+H92mxQ0ubHg58Ev4tPwz04PG2lhbhVFZmCW2XQfRQNvLuK2/gsflNPK79xLTxX4HDEDy0EGkxnwIMgNpQgJXVb8QciKHLE0WzZSqm/bex/GGpDvZlXplayq7NUFZMucGbS4KYFwWNW3bEjSgatGhSJl2Z3NU2Jb87mDb5LEnnzsxPZ/HhnMWsm/cO2HvgYQ8Xfi/6H/264GBTLt5jqnGD+1rhRjjfrXmH/CnLmdgvnhXfrWDidysAaNxxGM93bgxcJSEiiogb3Xi5zwOUVfVylAadXmbWsOvM27qOKeHrAHB7ZASzXzA93afi/ZZVl6JJA3Z06duRXeui6N2zQ6kU9tjUqX453SfOJz1vLkFr3iHMfKzjsOn8p82tJu7XrfBY68rfswd4YlhHTmwNYuILpvU2LR/piOZwFHFnM/Ct4r0pr89r73Bx3ocELZmOKafGBEyfbXryj9sEXjkzjzUb53F4I4Abo98bg5vFnG7FnemLJjJv3gpWFC1t0Hgw+r3ptH8gn0EtD7Jr4zu8YC6nY0c3oqLOkphrrnup++k08nW6Jy4gaFFRnTV0Hz2bznZw9exZwk8cxtDtefpYXINmX+Xjw8u3+eMz3+e3uQvYteIdvjNf32/iIoY+YAd40sVDw3dhG5l73Z5Nr1fx3reZSfK1BQQteQvToko3hs2awANAHR8fiDrMkreu8dYsd0req8rfx1v198pY/iuooi+3+w/vjMhnwcaNTDf9EWDfchCzJlje26iqEE+nwSN58OCi4r81j44PoonKMI0nDcq15YuVp61Trr7VrWO7oXOZZfMxn2wMY8k7Re+Uho79XmHsfx43B2XKjrPl1atwm3YMnTGF6JeXcKEu3KqPdu9c+n4n8v6IfkSs+I55Uw4D9rjZQ0qdouVh1bzf31OJOhGO+tdn6OzWGLhRYZz97cxBoo74kP9yH1lSJIQQQoh/JqWmssOUPu7uytthKZUmifz8NcXDw6P45z8zXlPam69J+eljpY+7e/E59y7jlLCk3xVFUZT4oBmmY+7/UeLK5HhZmd/eXZlRXGbVr7PjgpRh7UuV0ec1xXSq/HWK8tP8Pop7nw+Uy4qiKEm7lEHmur0ddsZy2i7mtMKi9F82KdMDv1Qyiw7kHFQmBAQo/zuYfmcZ5pxU/vfaLGXPBb35gF75cnqAEjD9a0Vf5YWV0Oco6enpSmbOHV19G/ne3WxrWo4+M1NJT09X7vbtlpFz98rIyUw35WXhnD4zXUlPz7yz992CzPR0JT0zs8LxnEzLxyuTk5lZsV76eCUw4AXl6wt3t+H1lsqqMq3l96XSfPQ5So7+9ut81/v7rdzF/mt6/28vn+qkrX4d9UpmZqaSmXn3/rYrqE4fNdf/9qv/B42pQgghhBD/AFaKoih/SiQnR0dqrgE7J1fsKzxyR48uNROD2g5Xbbnv5/Q55KDGXlPT5/RUUYb4w+Se2sx/3tkFbg/i37IecWGHycCNiSuWxGORlgAAIABJREFUcFtbnZRXcIrZL7zDWRrziL83189GcCJFT/eJS5jY/c7mMAjxR8s9tY15wXWYNfOpe/qb+bve34UQQgghhPgH+fMCLOJfK+XoXr7aE0FGnoH6Hh3oN3gw7RpXe6eEEhmn2LY9mOjka6htm/Jw38EM7CTBFSH+Du56fxdCCCGEEOIfQgIsQgghhBBCCCGEEDV0V54iJIQQQgghhBBCCPFvJgEWIYQQQgghhBBCiBqSAIsQQgghhBBCCCFEDUmARQghhBBCCCGEEKKGJMAihBBCCCGEEEIIUUO1a5xDTgzvz/yEy9Ylj+G0tnbArZUfT47si2tN8tancjIB2ratUS5CCCGEEEIIIYQQf6iaP6ZZ9wN9fcdwzsEFl3qmQ9fT0sixskLxnsKRnRPR3lHGOazo254PW63iwpK+NaqiEEIIIYQQQgghxB+p5kuErCEPGLHsGyIiIoiIiCDmwnEWPdMCTnxJlO7Os9bngYtDvRpXUQghhBBCCCGEEOKPdPf2YDEYSr2w5/+G+mNl9RsJKTnARb54ZxSenp54enri4dOX97+OAUB/8Qem9PUpPvfczA2kAjFrp7D6Nyt+2/QiPs+toHSc5uSGKXh0nUJMTsmxPe8MxmfUWnIA3ZEveM7Hw1SWhw/vfBFTnC7m68X09fCoUB7oWDuqL4NHPYePhwceg8uWKYQQQgghhBBCCFGZuxJgsQX0N24AevR6PTm6k6z7ZAuK0oJ2nvbsnvIYszZGM2XJF+za9TnjH8njk2lv8EOOjhUvjGGXZghffPcDXywazpHtgUxYG4Nn5/60UBTse4xj8eQe2JUqr+0jnbD6bTcbD1w0Hcj5mTUbT9CqW2fU576g97BZ/NphPF/s2sVH4x9h0+wAZu65SM6R9wmYvhrNmHkEfbeLlTOe4cj2QJb/YAqx5MSfI+7AEfqMH8OIrveXKVMIIYQQQgghhBCiMjXf5BbQANsnPM72cscHvf0pj9rrOTngIz56qiVPPHofutR0fNo/CHsucKMAbgBcSiD2bDK9u03gu10BqBvfh73WE38X2NnUl8d925bN+IEBTPGexYefhvD+ExNJ37eVEzzAJ/3bcnTdVLJxYdaUYbjZ3sBj5Bie2bmHr9aE8N+VfVm0yAe/p/vipNNRr5UH9oqCxpztDcD+mZUsmCp7vgghhBBCCCGEEOL23ZUAix7oMWUJYzvVx2AwYMAWz5btaK41hS7uawyrpvZlynmrUle1oA5aJqz5iISpr7FwygEWAkoTX+YtX0pzrTn4gqFCeWDPgP8M4cPX1nMg9UkSPtkDfefxuBZ+RoOV1XmmD+pWKr0V2OZicKpPZsS7dJs+odSpUnW6Do908rgbTSL+AJHrD7E6EsbN74xfFTsn6+PPM2NeJqM/8cNbU3m6W8lOSiexTkM6uN2VblJ1WVGnmP7RZXxG+vCKv+NtXlXAlqmHMAzz5aWONnepJlXnmR1/keUrEgiPyCPHUU37zs68NK4Dfm63l3t8+EVo3xwvh7tUXSFKuffGiAKCAiPZp4Py1dTrrXl5sR+t088yed5VXl7RmQ533K/+iLHE5M8cR4UQQggh/mp3ZYlQHtC03SP4+j7Ko48+zuOP+hYHV+Ai8594jT0M4fPvfiImMZGYz0ebr9JxJgUmrj9NYswPfLFyDn7XI5k1aYNp/5PrgLXaYpnNew/Fj2zWLF7M+nMwfmQvAAwFV1CUHgQlJpJo/tm1dgkfvNaXs0teYMGuK8xYG0RkTCKJMZ/TRFFAbSqjALB3rH83mkTcbfpUlvw3jbBtaSwJSq8yaW6yju3BaSTn1qC87GQCfCLYcOL3GmRy+/Z9Hk/IrkwC3ztfjb1/bhK7LpPIjJt3sSY3iV+XyXFLeSadpbfvMVZvyKJB14b4uUHI8gs81XYvYbdR6ezwSHoOiibRUsxUiJq6J8eIm5z9RkfIBh2REdfK/AQfyOaqAXKTrxIcnE56jfpVFf2+Jv7kcVQIIYQQ4q/2B21yW1oeOQCuHnjc50Tuyd1MGfkJYMsNrrFh/Gs8PWoBR3Lr0cq7JY0B7tNih5Y2PRxIC/+WH06mVsxW48OoEQ8Qt3s32Q5DCPA1fV35YL/BWFkd4N2ZX3AuVUfMnsUMGjuFaQcyUBcA3Md9np7YFZxj7cw3+M3KinNnUkrfyF1rEnH3JO1JIsJo+v3nDxNIqiKtnW0dQIXl0NxtsoYcwKFejXK5PdnJfL7JdHNWUZf4Oq7wNi+0ITB9IEv73+XdgrSW45rxB38jGRVLjw5m2/KuLN3Un192uGFlzCX4YNat87UGUGH7JzSp+Pe5V8cItSMonm58HzOYI6V+0s73wV8L1FFR43sB0Jbci15f08zM/sxxVAghhBDib+CubXJbubaMfHsQVgcW0q1NG7oNmgJDBuHAOSJP1OOtDTN54NxGnuvmh0+359hVry+fzB+KBmjZtQ9W"
20:58:39.338 [Forwarding screenshot on session f38f5520-bd02-11e6-b34a-8d0186b048d8 to remote] DEBUG org.apache.http.wire - http-outgoing-0 << "57cz5ok5nLSQ8+PPjcBeUfAb9STNzce0vlMJmjucS1/Nol83PwImrKZJjynseacvnZ6bgh+RTHjchzZ+/diY9SC+9gqRR04A5s9/4m+ogOCP01E83di60QWrjHS2hOeXOp/Llql7cbUPwsVxBwFvXKJk9Vs+Oxfsx9U+yHTeJ4ygONO12VFx9GoRwsjhocXnX156ET35LHvyCClGWD8wmJFLKwb4suMTmd5vZ/F1bfqFExpvCoxELg1jwKSjzAnYYa7TTubtzKz07uKDE4hGxbxgH/xVsHxDyUdDUx1DmTwprLisoVNPmWe55LP2hX0sC88H8lk2PISRUyMY4GhK12tMNGGh0fiaX/sOP0q8+YNT9FdH6WU+bsozDgthzDKupfyOacgo+Zbb1b8ls8dqcS0KTGZfZtHwkOJ8B0w6ThKQHRlN574pWBkLebbZ7c14EeL23dtjBI61brsldJGnGNoiqPhe52wums2Tz5rhIQydFF7c932HRxKdbTqrtoXo4KMMcAzCs1EQbXqGE5ZUFOzNYstbJWOQS4sQ5n2VXqqNLI1Rt24jIYQQQoh7jvJnyb6spKSkKNm/Wzr5u3I5JUVJuZxt4VS2kv27xYuUy2HzFXf39squFEtZZispKSnK5QoFmsqqeFz8bV04o7R22K4MWZWhKMpvyhCH7UqTF04oRe/gt28GKy5225XZm35VovbFKA87bFeaOAQr+y4rSvi7pnOvrkpQThxLUKb1MJ37NllRLh84rLjYbVea3P+j8u2xDGXfqgOmtNuuKWe//UVxsduujHj/jBJ1QV+uQuY69PhZ2XcsQ4nad0L5P4ftSpO+MUqWUlLmwxOjlPDDCcrsvtuVJg57lMMW/+SuK3N7bFeatD+sZCmK8s3Er5UmDt8q4Vmms8V1dNinbD+Qomx/f5/iYrddmXvguqIo15XZ929Xpu3LURTlurKwx3bTuW1JyrfrDpiv+1qZuy1J+eYj0+tp+3KUrMOmPP/v3ZNK1NkM5dtVPxefK5tn+ffhnOLvYCrj4b4/KnM/OqHsO3atVIIcZW57071uPvCbErUvRvEvfq+uK99+ZKr7tE2/Kpdr8OcgRAX37Bhh6tdNHL5W5q46oXy6KkZZXfSzKUnJUkx1bOLwjbLvsqL8fvak0tphu/LwC78oh09kKN+8/6Opz317TSk7RqQoJw6Y6/R0jJJV6ty0dQnK4W9L911F+WaiqQ5Lv0lRTpz4VVk4+htT+2VVPUZV3UZCCCGEEPeeu7dE6Fbstbi6umJvcUNBDVpXV1y19hZO2WOvKXeRPoYpfX3wG7sOek6jt6ulLO1xdXVFW6FAU1kVj4u/q8htF7iGimf6NgAaMmx0bQhOZE8KQC6RX+lxnPQQgS80pYN/e3Z87gwUApl8/aEex7E+LB3niXdHTxbtfIim6Nm2t2SPhvdCetK/YyP8x3VhdhfY/tkFnB9zprUKmj3iTgf3cnOb9PUYs7YtX37aCf82DjT21NJ7IJCQT545iaJy5svlHejm58l/33YDfueqhf0e9PGJrI6CXhOb4wB0CWiKlTGf9UGXy6T74Ig/Ad1dCZhpmuWSc6PiXgmGLHAc68OsIc3pP6otASpoOqEDs4Y0Z/DkdgSYe7u1W3OWrvPh4zltaN3AFs/WtjiqKm6iWYF7C/ad78a8N53Rpl9j9ex4RvYMw6VFGKFJheijElmdCL3eb0vv1vVo3O4BZsy0geBEftTZ0MXXFkWlYcDAplSx/6gQ1XYvjxEAVkYjqz48z+I3LhD4xgXmzkggcL2uwoLWX7YlcY3aTJvekqa2arqMasXznrB5+QWyMY0RblN9mTXEFe/u3nz8uTOEXeSgrmT8WDTKE7/+7Zk9oTZE5pJJIZ6D2rFqV3deHdwY5/p2dDDvplt6ZbClMcqrqjYSQgghhLgH/UO39a+Dq0crerTqzJR3n7v1B0PxD5bJ1vX5WBlhcrudTDYftQLWbU5l8Kgb7NVB11YlT75QF61Zy8knEXi6b6OS7BycGOgOW89ch/tNh+rXKzpZm/bdNbBeT17BTdPeQTcMVFg8prGjgeEq43xOkmIsdbxj0T4IhaCtXbx0zlBgrpeFu4vYeAmAsCkRuE4pOb5vRQKpoxqhBhRVbRo3KDpTlxZa074GFeTBQ63sitNpteDXqeiJRGq05us0DTVc+Tmah0fHWMqlUklxqVyzbchLM7vy0kzQZ+dzfP8pJr94idHzE4gdalp/FDbjMO1nlLpQZYO6uB0KK9+uSYg7cm+PEWDagyU2xs9iYLLsajsVVsZCJnfZWzaRo8EU2MmD7p1LnlJmW792Sbl50PXhUk8wM++ZpKY29zWGFa/uZ0JU6aI0xfWtdIyqqo2EEEIIIe5Bf94MlrtJ05apq75g/ZKJtLUw6UXcO3Th5wnKgIBVvvx4sBvB+7vx41FfRnWE6AXniNM60l0Lx88UFF+jrmOOG9pb4wp8vafUbBB9DnFJ0LW9KRChqMp2gcRTenDTlOwrVKfiR57syKMMHJ9G89fbEnG6P6k5AXwyVgW3sc9rWelsWqlHGeRB8NFu7NnflT1He7LyTTusEtPYEllg8arK4hMGoHEz2zKvrW1rlXkN8NOiAwRuMjB7R1eOJweQmuyLmwqoU9U+D/l89tRhBvznBOYtG9A42OA3uBOvDgSOZZFjLmtcsKlNUnMCOB3rywcrvGhVeh9e2e9S3EX39hhh5ljrtrqNocCAonIk2Nz/UnMC2LOjHcumNccJwBZiTl0vTp933bTHisH849CgroVcs3jv0ViCcWbr0T6czgngdLAbphlAldSj/AELbSSEEEIIcS/6ZwZYxL9EId9vTkFROTL6haZ4eTeiQ8dGeHk15aVxWqyMmWwPVXi4r4rklVGsCbtMavxF5ryWgmlyViP6DVdxbV0si0LTSU26zJpJR4kwgk870xR3K6ORt944SnRKLpGbI5i+CwaOaoaDwbQEJz48gbikfIu1c/ZwpEnDWkR+dYgxa43gWPqs8ZbPo0oNvUCYEcaPbkkHr0Z4d3TG28uJweO8aK2CDesT7qDNbuMxqwUAdbnPsz52hkzWTI0ixQjxpy3OizGz4ZmZjlhFXaJzwCF2hqUSHZXMZ4FhTN8FHV5siqefBwNUsOq1I4TG5aKLv8j03keYNjGJqxrghhErYyHR+9O5Ww8pEf929/YYAeZgRUwGW3cmsnPn+eKfoK/OEplSNsjRbqArVsYs5kw9RXxKPtGhR+n7VCyv/ngdDaYnEp16O5YtkVmkxp3n9efS4ZH76FQ8Nab8+GEEDKagqpstns3qkhd3nlcHmdrvlvW/jTYSQgghhLiX/EOXCIl/hezf2Lod2ky4H+9yp9yfuB9/lY51W1NI2/QYF7IOMPepn5hblMD8rfPg5Y/xqz6Chc9GsBTTVPbXvuzJK97W6MLNaU9eYmBr01KdrpPasugFJ6AWT/urWLr4DM/maDi12LO4bAe/lswYlMrC8REEjQdFZcMzI23YvukqZ7IBaoNbnXLfOFfsat9vTUNprOWZ7jZlTzg05+Xhx3l10yWODdVWuFYNxQGKyn6v6vXDI1ry6MqTjGkXDIBbbye6Ns7k50M6GGdf4boi3qN6sMFwkMlvpDHh+7Ti4/5T27FssmkjpKVHfNA/G8MY8xIFpbEdy35+1PT+eWrxUaWxdEQEeTv6E+hvY6EUIarhHh8joBYNnVRYGfXMHVFxSd/zX7oyrV6t4mu1fp0IXnWD4RPP8NjaMwC4DfJg4zxPIB9DFjR95CbTe4cBoHTU8uXGDmjJt9Dva4NtHaARL/1PS8iUBB7eZQr6+o/VUn+djsjYXLrYlpRfpDgvrVOlbSSEEEIIcS+yUhRF+asrIcTdkK3LJQ81rtqKa/31unwyC8DJzaZ4zx5deCTtBl3hy0sDeNiQS67aDq1Ddcurhav2nxgoKESX8jvY1UXrUN04ayE63e8YCmph29AGBwubIOlScjFY/1PbRtyr/jVjhL6A1CsG1GX6dz5zWoTCuv4E+kJqbi2L7VCp7HxSc29i29DOYp8XQgghhBAyg0XcQxy0dlT22UejtaHCw6ZumKa/5xlAo7Wr9mbJVZX3"
20:58:39.339 [Forwarding screenshot on session f38f5520-bd02-11e6-b34a-8d0186b048d8 to remote] DEBUG org.apache.http.wire - http-outgoing-0 << "91cbrZvdrZNVdq226mvvPG8h/jj/mjFCY42rm4XgiQ6yr98EjR2u1b4ZG1z/uQOeEEIIIcSfQgIs4l/LztOF8RNsaCr7LwohLLi3xoha+L3bDMO9cTNCCCGEEH9LskRICCGEEEIIIYQQoobkKUJCCCGEEEIIIYQQNSQBFiGEEEIIIYQQQogakgCLEEIIIYQQQgghRA1JgEUIIYQQQgghhBCihiTAIoQQQgghhBBCCFFDEmARQgghhBBCCCGEqKHaf3UFhKhcAVum/kx8+7YEvuBcfGxnYCTfJFszebEfHRxMR/VxZ5n87mUaOxng0dtNf4XnP+rE5U8j2acDTZmyjejtGzHvvTZoS9UnKNBSWlN6tE0InNMSBwt3Er3zOB9vTuN4ogF7Z1u6P+HOy+M80QL6+PNMnqfj5RWdi+tXpKpzpgS5xJ0Hb2+7WzWmEPem7HTmTT2DTlPyfYG1vQ2dn2rJ4I7/jH6RGnWezz6/RHhEHjnUpmXXhgwd+yD9vW2A8uNAPkGBR/j4m2vwkAdfLPck/Q7HgLjQaOZ98Csns9SMfKMD04c43/Ka7KhTTP/oMj4jfXjF37HaZf6xCtgy9RCGYb681NHmr66MEEIIIf6FZAaL+FvLPZXFuv9dRFd0QH+FrR/qCNuWws6jucXpTkdcIjgsm98vVCd9Ftjd5Ow3OkI26IiMuFbm5/ivN1CXqc1Nrpy/RkTENSIjMgnaoCNog46womtO5GOwcA9x6/czcEQCwbHg93hDXPRZrJ4RQ48xp9ADuck6goPTSbdwcW66jpBdaRbPQQHL+u2lz9rLt92eQtxzDHrCt2eyfVOmue9msmX5JSb03MuyyPy/una3FLd+Pw/3jGXVphxcujaie1cNYRtSGNMllEXhpvqXHgd04SeYvDgT2tbHx9OaTXc4Bujj4+j77AWutnXm6bYGPhp7iKCkW1+37/N4QnZlEvje+ZJx9m/jJvHrMjmecfOvrogQQggh/qVkBov4G7OmS4Aj/PcqZ7JB6wDZx9OIMJrO7t1zmUB/O6CQX37IhUfu59mAK2ypRvqHHSDSERRPN76P8bM4+6SEDa9sGswrABSwqGcwH2W5cajK6/L5bnMmSpdmxH7XyTwbppCgSSG8uuk8P85vQ6c6KkCNrfkLaD0lM2S03TuTmFyIppIC9FnQ1F5t+aQQ/wZqyAFG7+pLYHfzjI+kRAJ8YtgS9Buv+nn+tfWrii6R1/+bieLpTMiBrsWz1BbNSGRA2xg+eucsL+/vUGYcyLYGRVWbuZt64kcBi7aduqMxIDc5F0VVm9kf+NFNk8xexyP8ciaXAPcqZsJkJ/P5JtOAahV1ia/jfHjF+2/2vxFasJYhUQghhBB/EZnBIv7WWnRtjJUxn+NnCgCI/T4DxdOZ2ZM0JK/7jSQA/RUOh8GjT7jQpprpi5f6ONaqZs1uFs9WybtFSkMWUK9WqdkttQmY2JJnhrvS1PxBwMqoZ/20MFztg/C0D2LA1FPogOyo43R/6AA/6SA7Ko5eLXYyoN9OXO2D6Dv0B5YmQsryI7QJiEZHPlum7sXVPghX+yDa9AwnNKmwmvclxD+TmpI+rHF3w8+9pG9GLt1Pr+HhDPUJwsVxB2uiCogPO86AFqa+4uK4kzmbU0GfysstdjBnZ6bpQl0yI1vsYPL6dNPr7FRGttjBovB84nZG4utYdH0I875KLy5fF3mKocV572DO5pJzpUV+Ec9pI8zZ6Fd2CaCbJ4HvO9GhrbWpWPM4ELzrKK17p2BlLOQpxx289vqBOx4D1LYarIyFrFx0lqAFp0lGxcOt6lbZxvHBCUSjYl6wD/4qWL6hZMqLaXwKYeTw0OLyX156ET0A+awZHsLQSeH0MreZ7/BIorPN18YnMt08rrnaB9GmXzih8YWVvne3275CCCGEEH82CbCIvzWNlwsDVHAw5hqQz0/f6Gn6ZDOGPeUCXCYqBbikI8wIfR9rUO30xWJS+XjzWbZsPsWWzaf4bP15kvRV101d7l/LbOg/0Qmr7y/QyXEHQ8dEsGzzeaLV7ixd3gnvUh+q9m2CpcGPsHKuEzFrz7A8PB9DXj7JujzyAEPedU5nFBJ92JbJU53p28uV1ipwHNSMpVPd+HX1z0xb9zvzgrvx4/52PBSjY3TvY3/DafxC3F32QHhQDGtWR7Ns6VEmB3zH6kSYNMwNAEP2dU7v0nH1IRfGj25Ke8MZHnsqgSS/Zmw92JUPXrdl/fjDvByk0OZ+I+s2p6EHUo9eIizDyPagNLIB3dFL7NOpaNvoMqNfTKH5zHb8GNuN94YXsnp0BKE60MefokffM1z0a8bXB7uxamZ91o+PYHpoVoV6X002oDR242kLs0A6jOtJyPI2OEDxOFCrbQtWznUCYPyKdgwf1PSOxwAHv5aM8oSIxSeZPD+X14IeI8C9qtko+WxfnwnuLjzV3ZMnh6u4tu48P5mDJKbxSc++yLp8sr8bGxZqCZl9jBlfme47J0VPxAYd3dc+wp5gL7TBKQwYdZxs0hnrG8NmfUM27O9G8A4v3A/rGP3aSbItvXck3Hb7CiGEEEL82f5mc3uFKM+JXs/Aqz9kon9OT3ASDOzeCIeOKjpwgX2HsujIFRSVE529at9BetO8EitjIUvHnywuVVFp2PhEC9wr7mZbJX12Ppm5Rev/a+HkZkOHUT35pc15PttyieBN6URsS2chsbiN9CJkuXfxte8d8SfAC+iu4bu39xN/Ogdam2KgpYM47/3cg5e8awMFGFae5+v7nPH3a0TkkZuAkTPHr9KuryvzjzgwVW1bapNeIe5N1kD0pjRy3FXk5RnJyjAtY7lw5hp0NG3cqqi0rP2kM+7AT4EhKCotOzZ1wgvAuyG5J3YS+G4KL73tBBPTOI036d9dMRVwWEcikL4rDXw86NLQdPhiYiaJGQ0YMKcHD42FFlr4ZXUS16jNu9Nb0tT2Jp6jWvH8tgg2L7/AW/07lFpOmE90VCHYlrqR7IsMaHaMGPOyRkVlx8bzfWhn/i5Ebe9IF9+6KCoN3QZ60tGhgF7up+9gDMhiUcCPrE8Et8aQrFOhbVyXpLBTHMhzYthg5wobeevjE1kdBb2WNMcB6BLQFKsNl1gfdJluoxoVp3svpCf9vYCODZi9eyeBn10gcEhLDFngNtWXWUNcAVc+/jybTi9e5GCyJ2PWtmVCJ3e6NYHU34z0HhhPdGR+8Qyk8u9d5e3bshp/NUIIIYQQd58EWMTfXsdeTjD2Cj/uvUYyNvi3twYa87Q/vLXvIj6aa/BMa9MHpTtID6Y9WGJj/GocjIiYG8rItSWvVyYOxDPxCrbtWzDLrwWzlkN2SiYhq48xfXk8ywc1Z1Id054KTYsn1NTF0x02pOihddn8FZWGpvcVdduiZUqmgI7f5M7MSTjE3Nkn2TL7JIpKxTPvd2DhuOYWnnokxL1DR9k9WExLUvYQODGaAQP7A4WgtS4Ty4DSgcvatH9IA7Hg2cON+sQSEZ5M4qZCnl/ixen/xhMWdpHUTdBrRTMctE4sXZHG5IkpjNmWAkDroc34cHEnQIWVsZDJXfaWLczRQB6UCrDY4Ne5NqtWFpIHprHH2pHR//PiunUdcs9cInDljQr3aigAKMRggDsdA5K+imHp90Ym7+jPdP88Xnb8ibce/RYroxGliwdPWQiwRGy8BEDYlAhcp5Qc37cigdRRjYrbsn69Um3aXQPr9aZASR5071zy1CHb+qZxTK2xo4HhKuN8TpJiLFVgR5U5z/LvXdXtK4QQQgjxV5IAi/jbc+/sRlNiefctwN+L9g4Atek82Amr8QnMBV7Y6HzH6YtYfFBPNXWa0I2vhxnNHwzq4EkKrXvH0HVJN7aZv+V1cHPi+ffasmzlYSpbhWSACh8GTQrLVjQPsDbtPaGLy+K+gM6kLrclPiqFvZ+fZMEbx+kT0Jz+Mo1F3PNK76NkQ/s2Ggg2kGeo2JcMBRX3JUlJ1ANGDG6ujPSJZcFrUYCGLwM88QiKZ+5Tx1BUGlb1cEKvu0y6rQs7sjqjTrrMwd2nmDD7EpuebEnvAgOKypGQLH86mPOOCztPvMEOp3JlNm3lgJUxnQXr0/l4lDNoHBk8"
20:58:39.339 [Forwarding screenshot on session f38f5520-bd02-11e6-b34a-8d0186b048d8 to remote] DEBUG org.apache.http.wire - http-outgoing-0 << "yhSEyA6/SuDKy7cel+5gDEiMvY6isqGbvw1gw8fn23G8RSwpwPiZlh41n86mlXqUQR6EzHKjTp4RbOuQ+M0xJsxPY0tkAS8BiqrsquPEU3pw05ja3xZiTl0Hf9MmunnXTe9B1rGjjByfRtepbfnyP/fh7mZD6NQdjP7B8u0aqtG+QgghhBB/NtmDRfz9uTnTRwspGTBwcMnGtF5d3HBUmWZ/9OjieMfpDeal+9V98ISh3L8ADu6N8OvoTIeOznTo6ISDthGTu0DElJ94OTCOnyLTiQwLhzQ8AAAgAElEQVQ/z/R+R0gxQqvGlZd6629jbWjbV0Xy/kuExeVy5svjjB70I2vCs3G+34n7tCqgNmp5ooa4x9kD0d+fI3TneXbuPMtnC8J5en4+uDvTrjiwYCzuq+16O2Nl1DHprbMk6fKJ3BzB5G3QYWIzXLGh3wuOWCUWgk9D2jnY8HBf85N1HnGhpxvwawoTRhzj9QWJGBo0oFUL8+awamg30BUrYxZzpp4iPiWf6NCj9H0qlld/vF5hVojXC77M6A0hUyIYMOkooeGpREZeZE3gfloPTAPU2FbSf033cmdjQKfeDbEy5jN7ahxxSZmEBqUVzx5ZtSCayJSyAajU0AuEGWH86JZ08GqEd0dnvL2cGDzOi9Yq2LA+AQAro5G33jhKdEoukZsjmL4LBo5qhgOgdoRTb8eyJTKL1LjzvP5cOjxyHz71TWU4ezjSpGEtIr86xJi1RnAsXYNS71012lcIIYQQ4s8mM1jEP4Ad3YZoWLeykH5dSn1H6e7MMPdYVjk600l7p+lr4doWOEm12WsAx1q3CMzYMf2bbjDpF5YujidkcTwAisqGmTs685K3NdmRtbDUFV3saqG2LjlX+vcirR5thNWGdEY8qmfvJT9GRx9i7sD9zMX0bfLotV3xr/rZ00L841kDMcvjGVPqmM9QN2bN98MVSKQ2uNUp7qva7n58vSSCp6ecpOtyU+f3GduKzya7AuD9mBtuqiy0fVxxAFp3bQzkMvB5N9Psjo4P8smbVxkzP4aH58cA0HqkF5P97dDSieBVNxg+8QyPrT0DgNsgDzbOs/S4aBteDeqDy4JoPlhwiTEbLhWf6TqyGVNm+ODnANkV+n7t4sDLnYwBDt0fYuvCAobNiKfvWtOY5P9mO8a1zOTpESnsOJGHn1tJhOP7rWkojbU8U7wEqyij5rw8/DivbrpE5JPmNY4nLzGwtek+uk5qy6IXnIB8DFnQ9JGbTO8dBoDSUcuXGzvgqc1lxqBUFo6PIGi8aWx8ZqQN2zdd5Uy26V7LvHd+VbVvPmqodGagEEIIIcQfzUpRFOWvroQQ/wr6AnS5N4FaaLXWdzXfbGrhoDF9AMvW5ZNXAE5uNvKNrhBV0ReQesWA2s4O7Z0EIouvr4vWofbtn7OoEJ3udwwFtbBtaINDdTrvnY4B2fnoDKC2KykvW5ePg9amqqss0oVH0m7QFb68NICHDbnkqku3aT5zWoTCuv4E+kJqbi1cy42B2bpc8qiF6+2WXe32FUIIIYT448n/lQjxZ9FYo/0jIh4a6zJ7JjhobSzsoSCEqEBjjatbDYKdVV1f7bxro9Xa3XE97mgMcLCpsLH3nQRXALhhBEx73mi0dhUDOzrIvn4TNHa4WhgHHbR21Ru3avreCSGEEEL8ASTAIoQQQogasfN0YfwEG5paXDNZC793m2GwfFIIIYQQ4p4hS4SEEEIIIYQQQgghakieIiSEEEIIIYQQQghRQxJgEUIIIYQQQgghhKghCbAIIYQQQgghhBBC1JAEWIQQQgghhBBCCCFqSAIsQgghhBBCCCGEEDUkARYhhBBCCCGEEEKIGrqrAZb8nR+SOmcqqR8FcaPMmRyurXyLlDkfkp8L5MaSMedV0lbuupvF34Fy9QJAT35MLDf/ymoJIYQQQgghhBDiH+UuBljOcG1dEAXRhygI+5CcC/pS525gOLgfQ/SP3DAAhiz00cfQHzxz94q/I+XqVZBAxvjHSJ+9UwIsQgghhBBCCCGEuG13LcByI+I7Ckq9zt0dUea8lQ1APawA1Jj+tVHfreLvWJl6GVLR/wo4N6DWX1orIYQQQgghhBBC/JPUvjvZ6MkJCS1zxBj2FdfH+VPPuno53YzbQsq7W7G6vx1Wv+7nRo4NdnO3YX89mIyP1lKoB2hKvfFv0rh/OwDyv1/OlbVbzeegVtsnaDhtJvWcIH/7W1zedoTaAwNxG9kZcg+R+vIcCu9/CbfAvqVKzuTKex+YZq6k7+LX5y7RcPliakVVnrcQQgghhBBCCCEE3K0ZLOkR5J3MBxrg+P5iNACcJPuHS9XOypifwU39VQpP7udGDoALdW4Ek7pgLYV6G+p0eIhaJHN91TjS9/8GybvIWLaVQn0D6j7xEnVbNODmyd1kzP4cI3DzcgJGfT43rxXtCnODwpx8biZkVFgGpBQULWvKRzHkoKRVnbcQQgghhBBCCCEE3KUAS/4Pu03BCuc+OHp3xq5fUwD0O3aX2+y2OtrScMMhPLauQHX0OwBUj07CJXAZ2tE9TeVuD+FG1jUUU2kY80HT60Ucxr+P28JnzTdXbgqNwfyvjXmZUjEntIGBpik9zgE0DVqLLbfKWwghhBBCCCGEEOKuLBG6RPY3x0y/pm/l19F7UdKvml/vIid+DE5ed5Ctszd1nQDssTIHSYw/L+TSzwtL0lzORPEej+OjP5L1cwIFYZ9REGY6dT1uBm4zBlXI9kZClCkYlG+p0JJwkAKovJ+qMm8JsgghhBBCCCGEEALuQoDlZsz3/G5eWWOlsUHJ0oPGBvT5QD6530Xg5OVT/YzzSwU7bpi2z63lPwuXUV25eXo/OWevofb0RZV5Desuz2LvAdZNbvD7wW/J+/kkhT9/Qd7oQVBm610wPS7oVmVDLcB4i7ztZR8WIYQQQgghhBBCcBcCLDnf7gLAqsMM3ANLZowUhL5F6qr9ps1uR91BgAXMy3OgbveuELaVm2EbuFI/FePPn1GQDlaPulGvzgkyFgQBDbAZOQZ1fa35qqbUdgIcHYBkboatIt3mMAW7d5tO21go0HDDVGZOKCnjM3F4womrK6rIWwghhBBCCCGEEIKa7sGSe4i8SNNyoHpPdi1zyvrxJzE9hPkkubFXMb249SOFVOo6pl8c6xTvkVLHZxKNR/YBkvl9uym4UqvtS7jM8KeO73gaDuuJFVfJ37CQrN37QXM/DrP/iw1gEzCFus4AyeTv3o2qw0Nl914pXS8nH2xa2AD53Px1P3rbZ6vMWwghhBBCCCGEEALASlEU5dbJ/iYKMjFcM2BVrz517DTlTuZwI/06CmrUzhWnl9xI/w0sXlfRzczfMKpLp606byGEEEIIIYQQQvy7/bMCLEIIIYQQQgghhBB/Q/IgHCGEEEIIIYQQQogakgCLEEIIIYQQQgghRA1JgEWIquizCFp9nLAk0+O+9UnJrFl9nlR99a67M/lEhqejqypJdiY7N58nqVR99LoskrIruyCLzwKPEpZ0ezUIWx1NaHxhhTzWBEYTXWkZoE+6yLKlp4gv3076TJZN3c+inZm3VwEgPiyOResvUkVxt6a7TNDq4+yMzK1JLkIIIYQQQghRqRo/plmIfxK9LpdM1Lhqb/1EKwBys3j7jQT+r5kn/u7W5CYmM3dGGmktnAn0t7vt6+6I7jeeHhjDqB39CfQ3PbfqpwUhPLutIbExfmgB3dF4xk9MZ12fFrhrAH0qAS0OE40Ny470JsArjy1LL5CrNsdSs7OZu1iHcv4G7/WwocAAGIxYt2jGS/2d0Cel8vXBLKypBWo929+4wM9k88FaNzzbOXA19ir5uVeZuzgNx2R47/9suJ53E9T2DBjSFIei209MY8Hb6dz/XBu8Su8rramLPiqTj9ad5Jms7rjfshEK2D4tnlU04+VRze+gEQuJ/uoY48amkGIESGDd2Pv53+z2eDnc6lqBvoDUKwYAbN3skCYTQgghhBCichJgEdWUz6J+oXykdyN2v+lDfmm68EjaD0xh3I7+zPL/+z3MOuKjfYxY6czRrM643s4FarAFNGrz6zq3OelLXQsXQFOvVrkThehSfsdQ"
20:58:39.339 [Forwarding screenshot on session f38f5520-bd02-11e6-b34a-8d0186b048d8 to remote] DEBUG org.apache.http.wire - http-outgoing-0 << "7qhtQzscyj/gSl2L1iqAmyXHDIWQVypNHRWgoqh6aFz5X5AHTwVc4FXfEK583oLDn1/kLCpM3d1Ucv2Tl/niJORQG/L0tJzYmJeA3MRLTB+fVqYaVmQyfXQm49Z5ETk2nhij6XjWtgtM2Gb6Xel9PwOGNC2+xs7WXC81QAFhXyWQYQBrWzW4qbCK0rFgQRy9POpQYLhJvabODO7uBPpcoo9kYbA2tbO6jh5dHnA/nIlLh+s3saiOhvYdnSjdhKmRZwl84yQhUeDW242vP2jJ1d2xjJmdQM91F3jh/Q5MG9e8wt9wiXyW9Qtl4cFKEwDQeupD7JsMA5odo+D1h9g3p3mFfBb1C+WjwzZsPN8f/3IFhr4VwpjletyGtuXIJy2rKOkyk1v8RFAGjPqyD4H9qwjwVShbxZwf/o9XOpYN9unCj9J+4KUK/TU7LpH3Fp1hy66SKUiKSsUzM72ZNbOFxTb7aUEow+bnM25HH2aVCj5mR0XTuucFFJWGVScHMNit5JrIpXt5enYuo3b0qTpgWXQvPUP5CMtjz+2xkIculWVf5DJycksJIAkhhBBCiBqRAIuoNoMeyLpFGir5IPwXU1urQFsqIHEb7KtTQHYucb8aUF/PIgfITsgkyTmPPAOo6zfAyy6FAW2PmWdTlHj+yz4ssvCBOQeA8kEaqqy/l38Hon62pvuj8Ric3Zm/Wk3wKT3WqFAbsln2Rho85MqL3W0wFBjBrgHDhpjCTVr/h0m8XBuNBoo+jH7d8yGOFAUNhnhDdjIDmh2hQ1DFD8WpUYkcToaCs3mAkcjgRAxkMKZc0AYgZH48IebfFdU1OmV1RR0Ry8Cn0iuktcq4xNNdLlV6z4rKmaNZXXEFkiLPs3pxHFu+L93IeSyZdgTqgqMKsoxGtsw4xuY3TjL6f614+XlPXCs8wb0Wdm42uHU0Yo8KsvScTjTl6dbRBnuMkFWIh0Md4AYFQE5lK8L0AEYLx1PZttIUxEjenkDo/Jb0ryRyoAu7QFCG6fd1n57nv/073FZAwKAHK6ORwGcj6Xm+O15lzpr6aen+mh0ZTeveFwBQPO0Y/WQD1DnZbF2XRdD8WLaf0nNhkzflm8vzIUcgn/D9mWUCLLH7TO+nlVHP/kNZDB7iaD5TwC97clFUtXnQ83aCRWa3GHuqVsv0t51gNIca85nX+zCr8lx4ejISYBFCCCGEEDVSswCL/hyLX19Inu9E3hnpU+6kjg0zZ3Km1UQWVDhXVZa7eX1hNGOWvINPtT7ZAvpUTiZA27auNctHVKk6wYl/nkL02YA1QG3IvWkOcpSlN5jSZmcbyLtqQN3AEa0DhM3dx8i1JR+kg6YcIcj8u+NYX04troU94P9mK4Y/qMGQd5VpYy+VzJDR5xJ55DqtujvjgCm4k51+jWy9jXmGS23QZbMvMpMBfk4WKpbLTxE5POzfhiNZbQBI2qlj+YLLuLjVJidFT4oRHI+l8nlCbaCQtJQMWj3hip85/4Lj0XTvexF7HzU5KZC86Ti+35zE3tF0zzlZkKdVoZsWzmEMpHk25UBQJ7TAma2xTDbfvxWwenwMSmMXDl4OwPbUKWatyeWlNx+kfROI+Pgomy43ZvHs+1EXmD/cdmrHnoMPoFbXAmphSDxP32cvMWCJLzMfsyEvz3LgTl3fAVcKWBMQzNzvTccGzG3LIKd8olNugqHkOu+ZDVBTC4+W1ux79wzrp8Sw7r9n2HhpAP5lPmFb89In/XmpuG2TGeB8hGgfN77f71f2w3j2RYv1upXUPUmEGcGxsYqsDD0bvkin/2RnCykLCdmQhqJS0VRrJDnsIiHxHXjey0LScor+tKwydEwMvGhhhk1pl5ne1xRcGbDkET4eVTLPa9ZriQxtG0PErniWRXoy3a/sDDXXdi60VqVx6pAOHUUzg3L5aW9+cZqwfalQFGDRX+HgYcC9EY/ceq2YxXuqPmte/S6AsXrMAaJaqB0BVNjecZ5CCCGEEEKY1GyTW40z9mn72fjuJ5wrd0p/8hsCtx+goH79amWZmxzNnv27yKj23qA5rBj8KE+sjzPlkxHN3gOb7iAfUROWPvjE7YxmqM8OXO2DcHHcwYBJ0cQV71iaz2djQhk6NZotS8Np4xiEq30QvgGHiNblszMwDFd707FeY6LLbpqqS2Xe8NDi82167icoKt9CDW6fLuwXPJvuxLPRTjwbBeHZOqbCbBOALc/uxdV+J62bhvJwuzDazU0EoN2Yzmz9vitfbzStgxiw0Icf97fDRwW25kBfDtDskfvx7+9J/yeccSld/pE4nh4YwfJw0x+uNRA0/jCtxpj+rtVqFVbGXCb33s/ncWBXbnuXyI/CGfbUYbqPOY4OSA0/y4FMB958uwUvjrqfaTNdcFRB2/7NeXmcOy+OasGbbzfhzGdnS9q2nh19RjthnVVI8x7OjB/uTJ/HNZyO0oNbQwY+6czTQ+pjn1dIg4ecGNnPuXi5RtfZfTl9uT+LhqpQVLVZerQ/F+I6466B8DXxBG9PJ72ODRqNDXnJ1whbfpIP9uTh4GCO9TrY4e3dCC8vJ7y8HHFW30BR1WbQE01xd3fC27uRxR8vN2vAmj6veDFukinwFDL7JGPGX2D1/EusXpzCqk1prF6cwur5l1g6/wKTR5whJBF8JjVj5vut6HSr6Qu5JUGavEqS2Fdru50Cgjeno6g0vLejA11V8POKeOItJdVd4otgI/h7sHqpC1ZGI59vvFidwgA4vfgYa6IqHxR1YRcIMZqWfC0dVW4RnZsngSucUFQqUk9ZCDtqG9HLB4jRcaaof6dcJjgGWk+6n3G94dr2y8SZT+lPZRBhhDb9XUqW691Wn/6dDQtKxopeAYf4KaXURswpycwbE1p8vo1PKPO+KpoVZRpvBk46jo58Phuzj6VRQFIavX1C+czcNknhccVjlqt9EAMmRRNfo12WhRBCCCHEv0ENlwjZ83+TRrBw7CZ2H8lhqm/JVJGDQRtRlB6M6N28elmqrYHG1LMD07z6CvP2K6XPAxeHegBoH32HUzEz0cjslT9IAWfis7hquGmOqtwE1FxLLvvEmej1YQyckoWiUtFrrDNEXSZswwX6bLrKjkv++DmALiGfiKgLRACtezvinphFzPdpDPQ0LSvxGeRIQWQWp7ddYESjBhx5rznoLjKgxTFijODW24nuTQxs2ZDJ5J6hpH3fn1f97mz/FzvPpsxeaIO12rwsR3eVWfMrPsfHZ6gLvdvaYOekob5tHZxbNQFA62UONuhv0lqVQuPWbnh1hG7usXxd+nPtDQNgDQVlZ8hou3vxfOM0Vi0/x/NT9USj4pmx9di+7jxBKd64GYwonjZ0yMsncNlZBr5SdvmQ38zHWHrlRyavTaAHRt5sqmPW4lwcG9cGjGCrwsVHw9XQi7z9lRFTjLWQazpHdrxk2v/DwbsFgTNU+K7T0eGDdqblHvpkDq87QvcJfszyqw26i/RaeQyvoR2Y7m9X3FM1DjZoSOen7UasjEaC92QSMNmG7MijTN5mpNdC3+I9OAYv7s2vF0NZ8GIEncvtzVEkdn8WVsZCRvcO5VFnuFocYDNirakD+pv0fr9H8fvt7u/NrK7JhK/MxGdFOwomxrLd34v9U2/yWO8EAlY9wnjnSzz2VBqzv/flTN8jOPR+kFe730ZkRG3x1zJydNeJT8rEYDCnMYBareeKpWUtKUl8Fgb4NKand3MKn4kmYpuO7WH5FfYvitudxGkj9OrXlA799XRVpfHzygSiZzenw20MkUoXD758KZ9ho9MJfPYoPc93xdLkl9j9VwAY/coDFkderxd6kvZCZaXY4NfHBquofCLPFNDNz5qkY7+RYoRxvR+gf6M0Vn+fyf6oArw7WnP6l6sAdO/dyHT5Lfu0KZlVYiYL50PrQVq6/n6NkO/TeLbtAULS/emgyWR6zyNsyTCdf7rxDb5el8Xq0RHQuD+zukPqsXxOocdALdSaku8Y7J1NfSlpZwRdR5gCMv4jndEkXCZkwwV67sll7/nueN+6uYUQQgghxL9UjfdgcX08gD7KRrZ8c4Cpvk+Yj57ki41puIx4Fx8NgJ4f1r7B2IW7AVCa9OGjTxfwxAP2"
20:58:39.339 [Forwarding screenshot on session f38f5520-bd02-11e6-b34a-8d0186b048d8 to remote] DEBUG org.apache.http.wire - http-outgoing-0 << "HFkxnrdjrGkQv4vINAcmznoCK6vzrJ4wmBcPxKEo9gx6fTHvT3wcDZBzbg/zp89je9xvANh7P8H7i96n8YEprP7NCja9iM+5KQRNUzPyP0d4//v1tEvZwJD/bMWjRwP27j6Cotgz5O336azbyJTVpteDZi5jydhHa9oc/xpWiTqGdQqrOpE+lYX/zUJRaVh2pC8BXqYlKUFT9zB5bRZLPk9n22T74g1fA1Z1Y+kLjUCfylDnw0QYYdyX/szq7wgp5/FtG0tyaDqp7zUnduFxYoylrgECx/4/e+ceF2WVPvCv5MCIclUaL2iBiSgiKutdQ/OCZqYZal6y1jQv0QV3FzWlMLCUbSWLVBL9JVlGkStReQm3SBSURQIlERV0HdEJHYERnYsrvz/egRmGYbjo1m6d7+fjR973Pe95n3POc86853mf85wTBI08zbo1hTyzt2nxKSyRe3Vl8RJTsFa0F/lkXX0Dy5C5gTYn5RUFKn66A0MNNTEumkp7nnu9PTtDL5A60R2Q8+QrAWgTMojfeZ4IF8DVg1f+dIN5ocUcGOducb8jIW8/hqPzNyzYoKbXlWAuvVbOnm0XqXKw4rCmu4PDQ10JCTIu26i4yLgHjvKT0Wtn27T9JNi1JuFoPxwAe9RsmfgDUcbArz9N2882IOTTYDYaY8hc+uYsXxnvT4s4SkynKq6+JcVPKS27WWuMOfFZAQfypNgcSxceZ/jeARaBSzVkHZG8F1qdu8nJjq6M8DSaXeX38ePn11DegSGWDhlGo5Vzrx78OaWMz6eo0G/uRX+7s3Tp5cbF3UepDvRm8ZCuxHgc5WqNsesucQCUO07xyI5T1hNYVH/WFxdQ3oHpS7xxAcbN7QpJF9i05Rx/Hmse40TD53FSP5r5uOSd88yC1mR8UM6OfeUMmOpKo1zREzBjCMv/bw/rD19pcKmQvVFH2smaUGArBIzygDcvkHP0OgzpSM7Bn6m2kzOknyO9HToCxRz49iovBSo4drCcajtHHu4nGZO+abRPmwIAj10/lB1LJL+XPau+4oX3ytn48RV2PF5FbpnkgfPtR/0A+FNINr3HX+BE5jUIai8tCSoHexyY894YLp1M5Z3yriTvHYgLP/PymCtU2zmSkPsojxqXLv2wMY1ZEWW8ve1ndjx3f8sqRyAQCAQCgUDwm+ceBLntw6yFPuzbmkJu5OP0l0PZoVS+b9WK12YPByD3g/k8v/4ojy9/n+eGtSV59TO8MqEUt6N7QFPMme/P0CN4HgtHtKN/FwMAWcfb884nyXBoK2Gxz0Ong8Q+eZ3FE5aS5TODrclzcVfnsGbhGpaG9+KH6EfpUf0dqtFLefv5UTjcSKa04jRVgO5GKWcqz1CUEsw7Oz7kyu61rH/jBT7r8TjvfPgBRR++zqZ1f2PaUyMZKTxemkS1nSNL13TE/pZZTIw296E/e4XNO6RJcUVBGRl3oOuLvYzGFYDWhCzvRXxCLof2lVLxsjP2QLWdnMmTjRMXuRuB/eGQsjN/fNQ4efTsyGSvPDYB9mg4nmP0lNFV8M2eCvSAvf2/pYC0mWXkVcDD9yJipc56DBZ9I5Ny/Q3JpNLZ7T5oZsDfniE+DAjNZH1YKdjJ0XfoyJwXWvPUutNkLQDKIWDyQ3QNPcrb/3cHa9340dfGcyq8tRS3pewab/3pNBc97OjaznyWfwfluTu4Pu9oMrA4uBKVMhh91TX+MvssvmsCWDLYhV7uOmIBva4Nk2OG0vvUBWYtKOWxqAD+2E+OW+82xjzL2fjyFaoVQJmcuU/L2LjgJACPTZGTuqGAfyzpwaMetzn82QWOe3rybmgFL72u5lwFeJi3WcklduVC/5ntKfn8GmP/+Ac21gZIvUnM2W94R9mROUEW3krGeCubntpDOrdpdQcmdM8E4PhT+2ilukMrihk3+jw/qWBO061fNtEB1YHteWWqC9T2i/uQc5P1b1oG7r3GrjgN1XZ29OtuT5lSA93c6W93geNp59in9K/16NHmnGPbOaC7O925ySUldB3kBh+U8fnGM6yeOhAPbnM663KdJZH2HdszxMxNRU9rXtoaQGqfPGmp0BMP8mwDKtzSKnHp15kRdhc4dKgMXpbx7Ud3YKiCABeQ91Mwwq6YQ/tVVKyQkZkGDO1IgAvQpD4tGViq7Tx4dYlp+dLUJT156/08CourwEmOO9DqwFn8Rl9l1oxOjH3El0uVA42pLZcb/dtY1n9zA3CpuMlPxivXT51jT57Ry8vo0VZafHdLEAUCgUAgEAgEv23uyS5CI5+cR6uECFIOX6L/mC58++FWqjst5VEfOVDGvsQsqv2XsuSJQOyr4NmVK/ho9noO5pcxBqiufpwtmyJ5ECg79BYArydt43EfYPAG/pXRmw1bk3l10iye++tfWRI4jpEd4dIVA2NHQ/7xUlr1eYqxnWFP18GMGdyHskOpAJh/iH193yYe9wGt/VjWf3mGFW+/xeN95Gjtj7Hpu6+pEvFamo6XBy++XN9LRJuVzeYddXd7uVgncApgf59kmriiNYtl0RaF5WSvnfluP/fVfnmG+2rPJ4fl1QaRrcXuFjfu0aS5pdxQ6ai2k/PQQw7Un9Q1grwL4X/z5P04JYdK2qKQQ4+n/HhtoCPd8nPhxr/BpSuJBx3h+hlGh9Tfdacs7RgBIRo+vRDMw/ZSYF23KT3ZGOJsDBR7H/YyLV8syCPLwWyZkbwNXTvqUV+vxBk7/Ho44eZ2H//Ku8JPd8D77DVujHBC0c2F/nZX6PqAI24dZZJMHq35YeNRdpY5svYDd1Y9r+ax5X248FEmPT8J5o3hP/Njai5J+8t5dK6GL9LAb0UXQl4ewjgrO7ikJZzlOnasfXMYVdpU/vL8UZ4MDuZhFzi++Qgbc2BuYh/qxUd1as9f1nhTjOQp86S9HXq9eSAdO+yRdpGZPNWOfr3aWObQYvxGP0T4y10tzt6G9D2syzSdqciSdgRqxR1Wj97ParPUrbhNws6LTF0h5fOPXeel8+dKeaS7xW5MuRf56kR//thNybQJ/8LRiXoAACAASURBVKTcrJjVz/Sn9L1OddN79mBDnJIJS6/xxrwj9HvHciGQlIHe0EABteV8s+8aXQM64e9lZRmevAOjx8KhNDVZOZABjJzQWfJMkiuYMBkOpZZxOF3GP4GRj3c2tnsz+rTHfXUD0jrJ8ACOHymjTD6EDSnePDulmJ9yytmcU85mTlGtcOLd3aMIsbK+x97s/7IfJT1vxU3Cn8qtl7bgmyuUrbW1tbdAIBAIBAKB4PfMvdmm2WccS3qsZtMXWUSO8STxO5jw18ell9DKYs6WQqvLm5k4ZHOd24pyCxnDDXC5n7YWWbrVnpAzcIQPfHwDvbwL7roTvPjIX7jcqpXxeivo4YA9OqQ5gfWZdXV1JzyN8XY1egPV1T3o3k1uPJbOt9Ar/nfKv63WtEZn5q1hkFrEr6dl60pf++nuaJooebWhY9PD7aAHqu1a8+6hMQxtZ5JFf0OPHnu6/YIzIK3yZ3683oYh/jVbzd7mSGoZeHSmVwu9aB5+bgjqH3dzyNWFboDcvweL/eGH/GxAKn/PwPaUpZ+xcvdtDiSVAu1xcwEqJF+b8g9O8eQH9VP3NjdslV1g0EDTxPKnpzLYaHb5q7B/1m6tDJA7L5PNmCbzaXEa3JYNZlr3K6xCj96pC0kXJoOLtMDoj2NzeWPNP4k59W9+ugMRkyQDQL1qUp5j/ftamNyTCR4OEN6T8JTTPBX6I7ufucNzK8upHu7NKmvLY+SueN4q4+U3Ndaqtg7Vw7059fK9262+UmfNW0mP1sLG+O22iwCMeNGbx71lpr50o4K3X7/C8XVnObGiK/7aS+xIuE21nZxX/vZAnYl9WdYFNiZp2bLjAn+MduXVNd5cq736b5x6WF865D93MMs//ob1h0t5cnLda93/4A6U8sWOc7w6tv5WzCVf5rJwwTWqx9+kNNlaNBIHBo1xgrTr7PpQS/kdGD2ig/Faa4YFt6dVyjV2vHfB4lrT+vRJs7SmG/+NDug6TIp/pB3cl9Qrfbl85jJHMi7x5WelZORoeGleLkG5fa3WSQ0e3dvjaafk4lBvvkvsgb1x"
20:58:39.340 [Forwarding screenshot on session f38f5520-bd02-11e6-b34a-8d0186b048d8 to remote] DEBUG org.apache.http.wire - http-outgoing-0 << "1yp7GahVWnB3FsYVgUAgEAgEAkGD3KOZhQchC6ew6S9fsOMDBUX0Zc04H+mSsyddXaB6VCzFscYYLdrzfLk7B8WwAPS76udWXd2JtrWuC1ryMopAMRbt0bcJifiIwQv/ys55D/NgFw/2rejP0gxj0irAoakbeN4wzvIF/ylcenWUljy8f5asiAeN2wDD8WQpYGfXnq4tipMC99GhPbS6c5tCFYT4m+KHzOx/lEO4svvK2Nrn3Qvs2zWsV9cKi5gW8jMJZ6bxqAegLOHdVPBbZtodpd7dshqvEcm7pB4lhaz66A4j13S2Wkc2tbxMyYefg98yL/yBilNlHMeOFYkDGeRmmpzaO2jZPCGPQvN+4PEAx366H3tzrxbuw/7GvxjfP4+gD0fzxuh2aPTmhoR/o6cN0Jrpf+3F1Ald4egl6ZIe8Kix4Djw7Os9iRp+mo3vSXEynvW3PgQlr8njpzuwNryXNMn39yc1qpTJEWd5MgWqFe356u8Nx9nR6w1U27nybnJPXK0t0ZJB1rp/sumKvsXLYVpMxUU+/PwO1XaurF47wCJoqo6yPalszLnGR99oWKIvkZbZPdOT8Od61M3ncTlffJ7HxYSzZEUEM+dlK9t2W/WecjQtFbLYIavLI948ZlfKVymnWb7Ng43PmbaM1pacZ8Xzkgln6YvdGyxe7xEK3DhL8g4N1Yr2DA80WfB6Dr8fT7trZBzQStdq278pfXoYAK1UV0jN0vHSECnfrE/O8tMdGHG/jIqcH+k9+iyez/+Bo28/iJd/V+YsucJM1wwOGb2WGsIeoIMjDwIXM9Vcd3JiiNGacmlPBhPmXaH3i3/g27UP2shFIBAIBAKBQPB75p59un1w0lMM+css3ljfis4zYjFtKNSFIVM6k5j4Om+N7sqCoW58+/5iIj46w5LkXAYDoKvz4tuq1WUWLnybL9+fRVX6VtafaMWEqMfxQAqSq3jAm47tHTj6RSQvfF4JPQA88Bvlwtb0rzk42Rvb3ykFvwguXVm6IIeFH5QzzX8/r631hrwLRL1XTrVda16a14mGPGFsT3odeHblQ0QdOMvmafs58+eHmOx9h8/XFEvbvv75oXtnXNFIMSBS3z6EfmpfXnxIMjzYy0wmjotHroJHRwKMk7Efdp5BeQdiZtZsi6PnaokpS2dAdfYapzveQn+xTAqGa/HYbxLOcp3WzHqyI83lxJfShDP6Cen5V87epNWdO6yfd9Rq+t51jlrTTnmOkCVKHDrWxGu5D65oUN6B9I1HeSZesmVK3AFPT/5vqxRQ1H+qHwD1wwJLXLhoupO0UnZldeePQ5zqpLn0zRFeTrqD6zMB/NE4AS87cZ5PD5ndW1ZF2peX6D2jSwP7jNnR6k45L0+zXuZaAm1froPeaJMtb36MEr3Z/6dTz5J7B7o+72VlRxoHpi/xYOOCMna+V0gHpOVfT87pVj9Tj278cWweUQc0/F/qNYbMtWZgaQCzpUJ1kHckOtmTr6YpSQ7LIG2nK08Gu2B/Sc3mHZJHUPX4h3jRMu6NeRb+HRnBWb4C3EbdX7eMXl0I8jjFxypwG9XJ7FrT+nRNWO11E/ZS+TdfuhQrWf2ehmo7R154tgsuDvcx1u4saR/8k5kOamYNdOD4F5KRyu0P7nQB9HV2dPo3+nJodU5JSEg6L6wdwsJlcjLeLmdax294Jc4bD6WKt42Brp+cZrHkSiAQCAQCgUAgMOPe+cbLBzNvhg9Zn6mYN3dUnUsTIpNYUfEc68NCSDCee/y1D/lzf2cO7WsHina1X+Qd7I0LdS5sYsrD0pKiwQti2TDbBzmzCBu1h9iIEL6MgOpqf6ZM8Scl5SiFleA7IphWX37OwsfL+GRXLzAuQJHyNK3ab+xYcPfUtOejb49no/MRXn67nKgFeQBUd3di7eZhzOnpAOjo0B5jbBUTznLA2goH4zl5YD8yUuHFBWdJe/ts7cRrxIu92GBld5SmUnbiIunHrlF4qoKsnGvk5hg/8R8o5/jIOzgNlPQzfWcuHX6yR19xk9QNt8HLGC9GeYaodTepHv8Qj/VsTYX2Nlf2FfLxHeh/vwy0BhyAr8KO1llqU4fTBfzlfS1u03tZ3brYNtf4aF051YGePObfGrSXeDO0jOrhD5C3dyAe2tto5a2NRgkN0f33k2qRg4PCid595GjlZl4snk6UlGhAbk9Hz/swrXj5N7g0vriurOQS//dmLhuTtFTbObLiLQ9SV15g9fj9fPKMN1HL/Bji5UDFiQKmzS6l2s6VbdFenE4vZFvCWT5OkZ74WFR/QvtpiZ5yio0LMnlnlROvvP4QU4I96elhvtZJ8hD56ydeuFkTyB6Ob8ll07mm1ap0z324A7jeZ9WDyAFwdrjPypX76OJpB7l2tLPX8d2ea1Tb2fHHWdYb1yv4IUbYlXEo8xJfAtWKjkwZYi0arQOT53cm6kApqR9fIGZu+4Y9wlzry+U/dzDL9+xj/YE72GO67jF2CMdSC3gj8jRf5ZSzLUfqnNV2dkxf4c/qFT0a8TzrwMPTW/NV0m0mTepicc2VUTPkfPyelkmT6hoPG+/TOjp42lGda8+4oXo2h0kLhqoVrmzaPdIY1Lojb6b05NqC02S8J239DuA55QES3/MFdHTpg2mtEU6MDfVgc1gZPx0oY9fI6yS9No6t9kdY+OY1Ni41PsNOztLEQSwOvPvdpgQCgUAgEAgEv11aVVdXV/9SD9OWlXFNr8epfRdpAt0IZZcugVN7PCwSV5ZdQoM9XTysrIbXVlKJPc7ye7g+RHD3VNykRK3HXmZPF8+Gv343n9tcKrmBnvto5+5UdxcaK/zwxh6e+qgjeWeGWI2l8MOq3cx67w7Vdnb4jXVm6B8UDBnqQUC/DnRxaQ1c47WJ6Ww7bFpbUW3Xmlc+GUX4o22IGZ3KxhyI+SmE7pv38OR7t41p5CScfIxHnc7j98A/abesP4kzXdFfuciEyWeZ82kwMY86AT+zyPUHUmnNppNT6xlYfli1h6c+u5/sM8PoApSlHSEg5Ert8qSKLGlL2pCEsWyc4crHTycTngIvH3iU8CHGejfbBhvA9fn+FLzd8JIP6Z6LDO54lOCUybxhY3vqGmrkSrzwODdWf8kLO6SHeU7xZPOGIQzwAMquELPsn2xM0VJtZ0fCmWlcXybJG509lYC/72Pym5Jhpf8zD7B6eX+GeNbYhG/yzebjrFl5BeUdqX4/vfBY7c5Raau+4pn3tPUFs6C6e2eyc4dhaQYQSFSUaVAbgyK7ezm1cElfc2lKnzamkdnTydPRqhdTmVLDDQO0c2+Dh0sj3xK0Osp04OTiYMpLe5OSy3qQ3UcnT6cGPKUEAoFAIBAIBAITv6iBRfC/zYa3fuJvb/3UeEKBQCD4DfKnlb1ZtrJ34wkFAoFAIBAIBL9LhIFF8Lsi7c/JzEvoSHb5COG1IBAIBAKBQCAQCASCe4YwsAh+V5SduERelZwRQ9oLl3+BQCAQCAQCgUAgENwzhIFFIBAIBAKBQCAQCAQCgeAusWs8iUAgEAgEAoFAIBAIBAKBwBbCwCL4XVJWdp6SsktU6O4uH+31S5SUnqfsRuM71vxWqCg7j/L676e8AoFAIBAIBAKBQNAUhIFF8NvhxiGCF3nTapE3a3LL6h8D3Mhl2Upv7l/9CN6rR+K68i3KWvQwLV/vmE2bFSPxXvMI9/+pN+8UVt7Dwlhw4xDTasqS3TKJ7w3nWbP6Ebp+evhXlEEgEAgEAoFAIBAI/vsQBhbBbwg9N41/6W7rwVBFqfG44pYegLJTKcSqTXc84N4e+5Y86vr3rDiSZXaiL34K55bk1DQM+lpDkA79f+45jVGaQyzw1pC+v54MAoFAIBAIBAKBQPBfSOtfWwCB4F7iaH7gFkjcnL9y5baM3r2kTZnPnvlRutZ2Hhc3ROLZ4ge1pTNwEogN+4lXfP9DexLptOAgB8d2dcv2K3H6xDfAEIJ6e/zaoggEAoFAIBAIBALBfxXCwCJoOrpclq1dSfYNOU/O38orfTwoy41j2mdfAd5Eh28iyA3Sk5cSmlNMN5cHqPz5ArQbwqZVkfg7wN+3PceGs5dw7DaPlCWzkXOeNdGLSbtW"
20:58:39.340 [Forwarding screenshot on session f38f5520-bd02-11e6-b34a-8d0186b048d8 to remote] DEBUG org.apache.http.wire - http-outgoing-0 << "BTIHuN2uSXn36LaQ3UuetC3vDSX7f/iCQn0bnug8ihvprzMrPV+6VpXCxJU/8tycrbzSx4Gvk19nxbcpnARw8GFl8CrenDTSarYVhTuY8cFWDhiPv/hkKsceWMo7g6/w9PZE8JzHzmXP4wFUnPyAGWbn7E9+wIztu0ExhBndK4j6NoULQB/FDDa8GMk4D6Oh5vpRXn3/dd66WAR0Zn6fbrXPs8Xp7B2sSd3KLpXku9NHMYHVs9cw09cDKGPThoXsKoO+vv04m5PIAR0snfYl7wd34++frCAsfZ8kj/c85jhf5Ot/ncYn8G9sCxkMaMnI/g66vk5/hyYIIxAIBAKBQCAQCAS/I4SBRdB0HLrTjSJiq6D8UA6v9JnAsaxPyVCXAkXsP1tG0MAqPvthHyd10Nl3HOUl33Kyqoivz6zAv89ZPj/2HRkA6q/I1c1mqPIAkReLACfmuGv4uKKJeQc2wffEoObQxSwyAF+Nho7XsrlQe7GCk+p8/lWp5+/vPcG0k6Wm+3RFvPXlM+RU7GD/7PpGFr2mhANVpvQZqiIoP8LyAS7SeeU1amLn6g3X6p4zXONAVREUF3Gg2JTnSdVnjH/Pm/I3nsdFd5LnVsxie229l7LdXL4GOP2PMHyTUuqcO6nax1Ox+yhccIjXB9pTVpZPhhoyjuTXpunxQDe+3jaDaceKTPcVJ7KytqpuGOslj88uwqxpQ2nMXyfy+0jWpK+xeu31oNeJHBXZaHkEAoFAIBAIBAKB4H8JEYNF0AycmTh8AgAnT32PkkscPGWa+KfmF0LZETbpADozf9xCliika1/n56G9kMOu2tRZHFVWkpP7vXTo/hQvjGpG3sMGNy6urO6SoXHPfcOnfTpLB23nUfi3H3mzcxavGY0XS6ftozq+mMJpUwA4kL6ZzBv1s/UYGEn5q+8wAgAfPn31KOVvvkpnszTWHDwsz62cIz3vq2HGeCY3StEAZfnJtcaVyGf2Uf1uMf98fIrtsuqOstJoXHmg60Ly1/3ErehdhLkb8/noPU7XkaEvn4Z9yffP7GCOZx7vGo0rI/r9lfL4Ym69uoknLB5R8dMhDuDCFH8f27IAkaMieT3o9XrnhXFFIBAIBAKBQCAQ/FYRHiyCZtFz0OOM2L2PDF0GX/7gTbbZNscnzx4kKf2idOA+iUc6O6MePgF27yPjxD9IsT9bJ68fjn5FRaEUKPaJwRMYOkjVjLxbIr0zHZ07AKXg4IB7O2c0p05Iy4KA/Oz1zM4Grf608YwataGIdRsiOWZogxzQVsETs2N52rNtrfHG3dkDl3ZY3Y3IHlkDsvQleIBkqBgROAKO5ENVFnnXod1PxjgxTOGpYVKawLHTGP9lSsPLhG7eqH3+7EkL8HeTA4NZNnkGsTs+A92PnL1uSt6n32Jm+vaRDq4frA0OPPAPD+MC8MAEZvZ04e+nK2rvOXZ8DzgEM6iJdV9jSKnxZBHGFYFAIBAIBAKBQPBbRhhYBM3DbRizFJChKuWFj9cBMKLPQvqWbmWTOpGnvpWSPTF4Ah6AR41BRr3VeM2FsKApfJueyN/TV/N3ADozc1B/cKtsVt53Ra3xxuTTcbHqEgCOsm7M8u6J1uCMfeVFjp3O4riDCwAXdBUEaHTYxMFkVDl74ZT1NO6D6d1O+lNvMNSerrOjkYND03c4asCO4yCzvpjH1d76DeapbxjMr5xnb14pfQLG4dVUmaCOQUUYVwQCgUAgEAgEAsFvGbFESNBMnBljXCZUw9gR85j6kPmyEaPBBGoNMiYGMGdiCIPMT7lPNXqkNDPve4CTe/vav2dP3saht/bx2YxRtJE5E+A9kG4dx7A7vpjz7+Zy/t1cquOLeX1gI+Yd9XF+ugFQydHTx62nsWGj6d27nzHNZyQeOQ/AicNfNxLk1r7WoyY14xujN8t5Pt5fE5OlFw+5NXCrzOzefyRxWqelJPcDPiw2ea9QmkOsDkIGNH975shRkcK4IhAIBAKBQCAQCH7zCAOLoNn0HPS4Mf4IgA/DenShX68hpgS1BhOoZzTpOphAtz6M6ulSe2rW4DG1HinNyvvGIWa/5M20Tw7VXr5JXSyPQVvnSN79KWKNBqC3doxkZPRUAt5bx/bTKURmFdG2RbvlZDHq1RGMXNaPF8yNFE1AD3j0ncIs43HkjkfwXzmCvkmfWaSsZNP6EbRatlSKE9NuJK8GScaPkyfXcP+i/jy46BHCLkrPD5uzhJ40YNdpN5I/G+PAnCzegO9LvfHesk4KRmzk9ImDQF/Gi+2ZBQKBQCAQCAQCgcAqwsAiaD5uw5jV1WggUYylXzvw6DWS8cbL80fUXcJjbjSZ338YACP+EGw848P04WYeKc3M+5oOym7pjUcmTwyH1vZWjqGdSxfjiZocnHnljX3E9pS8ZDIu5nMBeEAxgyNrIml8ryLTohqP/i/waT+jh4eulIyqvizt2dfieVg/BsCddjLAoT/bX32HWcY0J9WljO85gyfa1txqD+iorCqFqlJq4vAGzf6UA+OmIEVWqTDumOTDW3O+ZMPDUvlcjCuDHNvUXXw07pk9HBg3gxFtpbof328FCf1M3ioHD+8DxaNie2aBQCAQCAQCgUAgaIBW1dXV1b+2EALBfwMV1y+hvmVA1sYdTzfnFuejvX6Jq7fByaMLLo0nt5UTyrIr0Lq58mgpK7vGDaCTR5dGt1SGMjatf5oUuuDZYQzrnpuNB2Wse20wK1XQZ9AmMqb5o6E9nm6N5yYQCAQCgUAgEAgEv0eEgUUg+N1TyTsr+xGmlo4eaOuDU1VR7e5KYXP+wYaHH/y1hBMIBAKBQCAQCASC/wnEEiGB4HePM68s28pSd+NOSbXGFReWjtvKm8K4IhAIBAKBQCAQCASNIjxYBAJBLdoblWhuadC1tqeDm0cTlhcJBAKBQCAQCAQCgQCEgUUgEAgEAoFAIBAIBAKB4K4RS4QEAoFAIBAIBAKBQCAQCO4SYWARCAQCgUAgEAgEAoFAILhLhIFFIBAIBAKBQCAQCAQCgeAuEQYWQbPQlRwkKiKOAo316xplAQUqXe1xSfYRShpI2xgFSRGExaUbj9RsD3uO+Gx1yzL7hbmbclvW4T1BV8L2qCh2FzRWfxpSN9SkM//7l6FevSkPEvZcFHka0KkLSIpfR8Ty5UStiye9yEwunZL92zcQsTyCdXFJWBdZTVJUFLstlVddQFLcOpYvj2Bd/G6K1HXvqa931vPRlBwhfl0UERFRxO8+gmXz19XnX5KWt2PR/ngiNqTWK8uvgk5FUZGq+bc1MmY1jKnedCX7W5jH/wpN15Gi1Lj/jE60sH2b/ZgW60NT+eXHzeZgGmN/GTl/vXFPIBAIBIJfB2FgETSLqsunyC88ylWDlYuabFaGRZJaWG48jCc8ZjP/spa2UTQcPVAIHh2kQ1Uu3yn1PNjJvaWi/2LcVbkt6vCeUXWZ7/LzOV/RmFAGzmTmU3DVABi4kJlPkdXGvvdYq7eSYwdQ6u+nK9msWBRJcloB9go3VDlpxK1aRFKBBtCwc0UYCXszwc2egvRkIhdFUVTHRqXjYFwUyfn5lFbcNH8oyxdFkpx+hnZukJO2i1Uvb0BZc72e3jWQjzqdleGxpOWoaWuvIm1XLK/UmVRY6PMvSsvb8WpBGoWZF/hlNMAWGnb+KZRVuwubfafNMcsmpnqrunymhXn8r2De721z9UIuhZkXuNloyubQ8vZtLlVXT5FfmP4fbMum1+UvTd0x9peQ89cc9wQCgUAg+HVo/WsLIPgfQyYDXHBsKx3qAIeaa/ZwC2jn6Fh7DPY4ylrwHM0JDlfC1EEPAaA8eQQtg+nneRey/1LcTbkt6/AeoAMc2rbFpUY0m7jzws7t4OAEqEEO9i0pR0uoV286jh0qRjF6Npw4hBIIWZvATB8H0OSxfH40B747wVTZFVKUELgghhXBXmjydjI/OoWvslQsC1KAroSd0dGkFFYCYF6cgpRkipEzL2Ybk71AeXAdYVsyyS0BTy8LvbORT/aePahQEBYfyzB3OBIfSmzaHrKfCWKgE/X0+Renhe047IWdBC5zMPXxXxH9LXBu14J+YWvMaoyaepPJAHt+qa7wy2Pe"
20:58:39.340 [Forwarding screenshot on session f38f5520-bd02-11e6-b34a-8d0186b048d8 to remote] DEBUG org.apache.http.wire - http-outgoing-0 << "720jkwFy2T2vixa3bzNxHxjKzu0Lm1LUlj6hyXX5i1NnjP0F5Py1xz2BQCAQCH4FhIFF0AJUfBkbQUyO9LXRc+g8IpYN55sVMVQC6THzuTR4CMqjWQDEzF9OWPxyLsa+xvG2nlTl5KACnH3Hsix8EX5OoCnazSur/s7w8I3MH+iO+kQWlQTS30uaChV8n49zUBjntkfw5+9KGf3Sm8wfqOBIfASbM0rpP2M5yyb7UJAUxbqvilB08UB1qaLRdD0GD+DC0eN0GPws60PHoM7byWtv74cHg3kjai7uJftZHr2Tq52D+WvUXMz9Z4oOxrN+SxrSdFvB2AVLmN0xl6XRaWblXo9/RTpb300kUymllHsGsuClMIK8HMjbGcXW0zLaluZQXOnAQ+11tXWomrKaEJJ5+0RPNq6Xnq0p2M0r63J5aVMUpESxtcQNT3U6OUpA7s2sPy9jWoCinnzOCjmVgL9Rdk1JQzJV8flrr6EPeYP5A2tKWs7O5X8mS/EsccvGSKd0Baxbuo52s98idIy51UvNzuWvUdLVF3V6OkpArghkScQKhikATRHbY95lb6G0FMAzMIQ/rZiJS97OevU2rG0hWUoYssSbqxdz8O07heE+xqmxkzc9naEUKC0pALyZOMpLuhQwjiB5CkdPnIMgBeqsJFIK9QwdO5TMtEwzbww1R78rRj40lMleoFapcRn0PGs7XqVDZ+ronQJs5nP8sBL6LmCYUUGGTQomNi2RoyfUDBxWV591yiPErttMjkoLcgXeLhVcdavRLzUHt7/Plr35UkbOvixYHkawj5RxyZEk3t2cjFIL4EzQvJcInRwgtff+eNYnGNvbuy8dqs7TbuQyImZ2qtN7G2oDa7bLgj0xrDvuxcb1c7m4M4IPSzzpeiODzGItOPsyb/FYLuyII10l6d+CFcsJ9oOkiIb7OihJjYsnMd3orSBXMHbuEhYF+wGgPJLEe5uTKTaWceyCZYwo/5S9Usfg6YtTavtDHdR5xMduJc1YLu+hs1i2bJrREGBtzJqMO1CwfzubE/ZSszil5j6FlfowPSqV9W8nGmWUEzRvBaGT/WhM/223vY4jSbHEJucY274vi1e/whgv6xNga+OPVIe2dcha/S4K7mTW791tjA+NmaYaLoOmYDcr1x3C068dOcZ28B46j+XLJnM5KcaifadTaDOfr5F1AKWyEu8pLzPg9KcN6lvdMVbO5HnjSP/sDIs3RtH3pll7WLZ9M/qJhXbUGUNt6UPezgg+VHrR/fp3pBdrpfZYvJpFY7xstCPsXP4yOd5LiF00TLqmySZi6bt4vfQ20zsUWm27AZWfW4yxyyleb2rzhseWZui0RR1a/o4LBAKBQPB7QCwRErSIwhxYEL6axVP6osxM5JNsGD51IgC+Excw96npLJjiC8DQeSH4ukPVdRXFOTn4L1jN2vBZOBemERmdJK3lv2XA2bkzXVyk6dCJH3IhcKDxZbaIjEIYNNKXbl3aotVWcvhgIaDkh7RCtNpKMjNOAhoyDuWj1Wrx8XFvUrqegX1po9VSnP49RcC5Q1motFpUhVmc00HRsX9QXKmljad33Qmd5gjrt6TRYeJiYmLXMivwFmkJkRzv+qhFuQuIDo8j0+BHWORaIsNm0UGZQ9y7e9AA+ioVqsIcqh4MYuzQRxjzhKkOnxrljb6qL3RXCwAAIABJREFUFG2pabmQ4WYpldpSyg3Ge/PTUSpmsTZmNRM7l7IrOop0FWgKdrJqSxptAkOIjAynP9LLr2QUsC1TeamKcoO527gr/v4dUGX+nSPGuAWqrP3kVEKPnvWnG/oqFfnp6XSfFUp46BRcVDnExqWiQ0X8K6vYW9iWeeGRRIaFYMhJJixiN/YBlvUGmsIslPgyyMcJnzHziYqYWzu5UR35hL2V8GBnFy6fOQ/O3nStfYeX4egC6KUyuA94nrjtH7Hs2ZH1J81tQJuZyHPTp7ModBHz57/Md1fA3aGu3jWaD+B8v9lE2KWjMY0kg0mfS4gNiyXnlg+LV0cSGqygWKWlsrQKA5Ad/xpb9uYTGBLK2shQhrYpJGHVa6SrQFeURHhsMlcfnEj42kjmje1MemI0UalFaPJ2sipBau/VkeEMoohiVSWqsgoLKRtuA2tRf26Wn6/VP33VdZT5aRS7PUZ4+Dy89YUkxsRxzncWYaGz8NQWk7A7G7Dd1w+uCyMx/TxTFq9m7dpwJvrcIi1hs6RbylRWxiZT2nks4WsjmTW0DWkJkeS0H4wCkPtOZMnsQbStJ6mSuL9Ek1YoY1ZYJOELxlKcuYtX47NrU9Qfs9Ro8uKJTNiLbOw8ImPWEhoylOLMXXx8pOFYILqSVF6OTuTqgxNZvXYtiyf6kJ4YyYZ0pbGeGtJ/221fkPQasck5UtuvDSfIOZ8t4a9hNexUA+NPutq2DjVUv0lFerN+b3t8sIWtMhhulqHSKskxtsOCib4UZybyebaabv1H1GnfC43mU4lS2ZmJY4cywNvDpr7VHWNH08O5kkptKTdR8/HrseTIRrA6JpbVC4IoztzFuqSCZvcTS8zH0Ib1wdincvaS6xZM+OpQgjwrSduyhTydrXZ0p6e3C8q0FAqMwpR8v49CrT3du11tsO2wMsbWyGlrbLFdBlt1aPk7btGPlNkk7UxtIF6WQCAQCAT/uwgPFkGLmBUTRbAXMNCZIynhXCy+jNdUfxRxe1H4D8PP0wmNvyekXGfkqIG4o8ZwC5zHhrMoOAAIYMXi84RuOcBx9UyCAmYSu22mMXclmTlahob2AUBXdIxCPAnxdcfT+2E8E3JQFuRQUKTlTI1AxQXklbhwQgXIh/Lo9CGc2pvXaLrhQ0cg897CruJCcguKqCqsmVipOJFfRNvjxQCMHB1YtwKM9oerl87yr2vejHp+DX2uwgPu7ujNy61TMWXBAmR+wxjoAaoyA4G+oDxfZhbDIJAVEaHSS6gumz0JpjqUpofmzvgyizNDiVghfS30Wb2Ew/NjySlUITvxnfHaTBSA31vhFM6PkW7RdWiCTHUJGPcYzilbOPh9CcMmd+b7PZngHcIoK2/OhlsgHxpK6LQg6UThd8RkXODngpukVYJvyGyGd++AgXHMnphF7N6vyVJPY0AdfYHsQ8fAdyo+Fvkr0+MJi0sD7ymETfPj4vY2UGkw8yhxx9fXmb25hagJwt3J3fhF2sCtOjld5ecKgEr6L1jN9H5t+P7/3iV5yyo8vHcyyWDSOwAazEdqj8qfzaef5mlM+qzJ3kMOELI8gjE+QIAft5VPs+UMyCjhYJoK+dBQVsyU6m7ZWzKemx9L2uECHMsOAYG8ETUfLwCf1dwsnkvyZ9+ROfgYyINq2ztg/Z8pnh7NVQs5dQXfN9wGV8bh28qkAY6uNWYkc/0z6RQj9hOT5s2KUEn/2hZ+TXTGGVQMtNHXp9L14cUsHuPNmIGdUavK8PV5kL35KgwGyD6wHy2+RK5fhB8wcNmfMMQfxts3kNvOOzis8GdYgA86jRrVTUOtfK6c5mgljA2PYNpAd8CPSNpyEnv0xlTWxiz7USNYsMCXfsFBuKrVOHp3QY7tpXT5B/ajxZm5T0+io6OBrlOnMfRwPpl7vkcT9GiD+n8pu9RG26vJOFAMnhOZOc4f2U2Y+mwI6dHJHC1U09cfys3La2yS+uNPCbG2dKi8gfp11FNWqyRNHB90GlTl5vois1mG7kaZ55m1Q8becKoMBpx8hjHAOcHYvh2If7fxfGatXc00HwdATfy2hn9bpEVHpjFWnR1fq9UGgKtKCosvM3zgbGK8xiPr0AldwTfN6idONhw0GtIHk9l8KGtWSMZj32cLSY8+RnlVCZk22jFq0mTkaQnsz1LhFyTjwJ588J1HkGsHZA22nbvFGGuybOR/1/DYop483UYZhjdYh5a/45ZUXT5Kcko6JV0H4Rdky19MIBAIBIL/LYSBRdACnOnoUvO3C12c4buyCtBL8UMw3AScMOgBblHrDKEHP/9utbk4Okvfoeut5S/JJQcFYQOkl67CjCzwHImvA+AQyEhv2FWcS+K2YioBuRy02iI+2aJGBShGjMTTqW/T0uEA4wPZtSWHQ4nbuGX24fpw8jba"
20:58:39.340 [Forwarding screenshot on session f38f5520-bd02-11e6-b34a-8d0186b048d8 to remote] DEBUG org.apache.http.wire - http-outgoing-0 << "FCMZYnws3qDdh/HSvOO8m5hGXL7kdq3oO5GXXplPB/NyOylw0Z9hQ1gCMeb3K2piGNwCuRu1kQf0hjp1aJtboHA11Z9TN/zkUHDiHCNlbQC9yejg5Iu/HKoAHBqTyQqKEUzy3sKu/YdRD+/KV0oIChtlPZaFHnz8ulmclKGvkKYUhcnRLEo2v+YpTXbq6IuKo+mV9F3Qv04uR3ZGEJtSiLxvCBsjZuIOFN68ZRETQs2J3Eqc+/vXX0ZShw642QMPLiA0WFpmM/OF2RyYH8v5y+UUFprpXSMYAOf7zZ8mo03Nn2b6bCgEkNPRLOajs5sL6AHNVVTA4CG+potO3RnkDBnnr1LjtmEqpwO+PRVQCjJZG9BeNzMymZZQmVNlow20+VsJ3ZpZeyYwNI4xde6+BfK2Zs+ve6w3SiczHljv6w506gBJ74azpa7ySfcZboGzP6ZFTV7MXCQtlzgO1Fg2c7YuItYkKnMXBqFFwQBfUxv4Bc/FD1BnZ9HQmOXg2o3y3ARCE+JoOjJARcKq0Lqn21RJBogG9L8aaLjtL6KsBCr3Er5ob507LxaeIycrpk55F8d/bn38WeDfiA41XL9Ha041cXy4nrOVFWZCBT63lCobZZDWJzrT3qwdPGvGJGoMpIZG60LKR0HHTmYd0+Zvi8UYW4s7s5cvRvnuFpK3FJIM4OzNvGXLGd7MfrLCloGgAX0wyda2VjaD0Rooq2pkLJg2jGDPBFK+OYamuz1plTB28XBwcLfZdvV+k+tJVYNpbLFdhobr0LOi7u+4Je4DQ9kePxva/vcHrhcIBAKBoDkIA4vgrjFg8cVXZvEqW/PWZg/FxVeRgnHAzZs1r9Z1KcrNAOcB+DsBqMk5rMJ7Un/jZN6BQY8Esqs4h+JiLeDLgpf6kBCTTHGxEpAzcnTfZqQDz/4P40kOymLJWyVocRiyv8eSViwZZjxHjKzn4qxTF3HVcQBvfh6KTFlE7vdJbEnZy1fHJ/FsTfFloMnbTmRiOt5jF7Bm6kA8Fe6kb3iauIJGKtWiDmW1/1vUVoXB9FKsuUyxFvz8u2M4cYu6QTmLKdRCd1oqkwOjpoxlV+x+Pni/A1r6Mn6Y9RdnA9DWyaXeefu2kjRjw+NZNFB6qdYos/k+9ybdzdd8yADVSdKRs7g2qrGO/Rv+REKmir4h4UTMrA0QQ7dePSD9GIWaRQxzArjJ9UrQ6xvfHUOSSF//gqHcQu9s59K2DVQWF6NjIA6A7l/FqIABbWV19FmSSMu1q7qadUhUXq+QOpCTC+7A0axCQmvqVneF4krw6dEJwwVLvxm4ckkF+HLLcAvqLJz5FyWV9T0xZDbaoF9gdyIVwdKvwm1w6erK5ZZu6tJgX1eyddUW8hVDCY+Zg6+XArLjmR9zTLpuACqvUwFG45ia3RvepyxgotRMMkl+/xlrWR1sMP6AOaKQHWMn6Zz+l46Bfsa4Tbs38GmpHwsH1xevZszK/vB1knMgJCyScf5+uJPNc/Njap9jDYOhEvAl8vMo/Iznio4cpMTQEVca1n+Jhtq+Iwo5FPot5vMVNXGOlBw8UECH/r54Y1FeisizNv4U9W5Eh2zUr5Gmjg9u/jOIXG2uL87s+bjhMnD5uNV2qKWmfRupCymfW3VvtvHb0nBLqim+DE9F7MTPsYy848f4JGEXiRv20O+l5vUTW9jWhwZoa3ssACfGTR1KStwe3okHCGTSQPemj+0WlWIwNDy2GGyWoeE67DjptNnvuHWc3IVxRSAQCAS/PUQMFsE9QQ/UfBa7ePx7ipTqmtkShccK0AGyNqBKSSQ1T4mq6CAb4jLBczT+7lKgvLiodewvukzuoWIUowMl/w11IYcrYcQg00IRz4EPm2JgePZhyMBBpmUk8v613iZNTYe7P0O8ay4oGDBoGP7ezrXPG2I0xJhk1MDlY2zZEsuG7ekYXB7Au+v9UmIZdcpdM3V36+yJh6uMvP1xxGVqMbk3gOnrrZU6lLUB7TG+OVKCsuggMe+mY7rZGbRpvJN0BJWqiKR3tqDCGb/urvgOHg5kErf9IEqVkv1xn5i2Hm6STPVxHzaeQLTk5CtRjJ1QW5d16sWsTHUxYB8wmr5A2pb3SS9SoS45wjsrY0hMTKPCoW69Ff94BOSD6WNsQOX+WBIyVaAYysNdb3Lw4EEO7t9Pep4Kz0EPo6CSze8kUaJRcTD+PXKAx4IH2C4Q7oye2hcKE9mwOxu1uoTd72+jEmcCOlyrp3cN48SoJwKhOJn3U/NQq/J4f3MyyIcyPkBWR5/dB44nENgVFc3+vALSd0axJaem7n0YFihHm5nA9vQCVMoikmLepRjw6dkJ38GDgBz+FrcfpVpNXuoGEvLBM3gkI0ePBzJ5fV0SeQXZxC9fRyH1m9TJVhu098QvwA8/Pz/8AvzwdK8xLZkvvzLUa9m6SNcb7us3JY8Fty506+zKzaKDxMSkAW0wAP4jRwM5vBu3H6VaxZGk99mVmY+sQ08e8pNTeeIQR4pUOHn6EOBnlNXPiw4+gwgEUja8T7ZSjTIvlc27Mjmvl9OuAUmlMQugAx27daOtoYSkd7ZQCVwsvtxgCX1HDgcKSdiQSolKTUH6dlbFbiEh56qZMa6+/rez2fYK/Ac7Q86HxB8sQK1Wkrp1HVsSE8ipoF55nRocf7xs6lDD9Xt/vXI2OmY5WepLV5tlsI27WfvS7Hxs/bbUylvvrgq+jNtCZNRW8m464u3bHTeADq7c36J+Yov6+mC7T9keCwAUQY/Rl0ryCyvxDplc5yNAg21n8Ztcg62xxWRGt1aGhuqwDUXmv+MCgUAgEPyOEB4sgmYhs5dhbSbu4igD924M95azNy2RqCpnPprRC0/S2bslkptt1iG7Bc6eehKjw0gEUAQSHiHtBqL+13HS83NwDBrMYSWMXyK5RqsLs6ikL/3N3x7d/XnEV86uQi3egX1wwItBgc7k51TiOdrM26Sp6XBi+PihJG/JBIU/vk7AkP6QmQ7OpuVBVTUyTjDgMHA6oRNPE7c3jtC90vICReAs5gxT4K40K3dYNFN8D5OSGMncRABPAgM9yckp5JwGqS5dHE0fFN27163DZ5+h7+EYkmPDSQa8A/siz1HV+TKbnxxLqOSbzcSwNQR7OoDnfFaH/Ex08hbC9gJyBXKpBXEKmGRTJhkmnw7zv8GLiVO8yUkpJXh839qz5vVS/x7zMnoRHhNKdHQccTXLK+TeLFgbLhlrupnqrcAN5IPDa1/uz50xmodUmcSZLUuQDw0lKCCIFWHFrIxNJny+5M8fGLKamX6Wr/bSsh2ZmXeC1+RwQsuiidsVQ+YuADkTQ9+if8VnbLHUOxv5eI55gcWnotmSGE2msU4XrF2Ip6aQA2b6DF6s2L6aDa+9TUJ0JDh74+0MxbekSdaYFW9xOWodKXGRSIsjnJkYGsNMHydgEatnVRG9K4Gw9ATpuUPnETE3ACcCiAsz8GpsMtE5oPANxJMc3Ht0smiTRtqgHub6aaGrtLFwkTFdN9jo64/PCiR/VzKhc6W28h0aiDwzhxOFKoKGzSVy3s9EJiYQli7l2ndKGHMCnCi90h9yMolddZ0On0dZyOtFWMxiol/bQkxYprFYY4l4IQhZ4TkaGrP6jp6Bd3oCcWHziUPafclbnk/xydMws5NZvZnGPfeA+UTOu8m6xETCpcbG2XcKq18IAtQ29d9W2weFvsmVG1Ekb4kkzXhn4Kxw5tfTY3Dwa3j8UQyzpUMN1W87PjTK3dj4IJXH1cqSG9tl0OTV/+0wryvv/qb2Xfv5m4Q0Ix9b+nbOQm9Nv2FePB8eQlRMMtGhxspw7kvYi5NwwKGZ/aQuDY+hNfXXUJ+itmy2xwIAHyZM9CR/r4FHR0m+VI213cBuFr/JRtncBzY8tjSm01brcP4DbFttPu4JBAKBQPD7oVV1dXX1ry2E4PeAmrinF8FL8YT2BVWVDIW7tW9bOlSqKlwV7tLXYJ0GVRUNpP0vwBjoUeboiruNSIcatYqbyFC00CVarVJhkLmiMPtamh3/HDHHhhO/bT6o1MgU7vW/Fhrlc1Uo6i11aYlM+6OeJkE1mvi4+Y3EN7GNVJ6Gn61Rq6Gtu83g"
20:58:39.341 [Forwarding screenshot on session f38f5520-bd02-11e6-b34a-8d0186b048d8 to remote] DEBUG org.apache.http.wire - http-outgoing-0 << "kfXQaVBXGUDmTnPVRadRU34THGvqsIV6p1OrKDfITPprqc+aAja89il+L60m2MsB0JG0fC7JzGLn+mm1baRTqyk3YJZP3XJKOqeoLacqeycb9slYboxLg+YIofNj8Q6LY1kDS7kaa4OW04S+bgxS22CA0Joyuiqo4yCg06DBHieHhhRDh1pVjkHm2Iy2k+6hkT7coIxNva9ZbW+jbpooQ5N0yLJ+zcW9izGrWWWwkMu8fZuWT1N/Wxp8qE2d+c/1k6Zhsx0boMVtZ2VsaeKNFnVoMe4JBAKBQPA7QniwCH45tHDjpgEcFCgafOtyQGF+0cHJRtr/AhycUCgafxN1clfclau0u6L+JNlg0ENlOQZAoWjgRdqGfM2RSZOXxMq3k1FpYWjopLsyroD18tSVrQVPcHBqcLLY+K3u1KmmFuqdg7vCYgtnC322h+vKQhLC/0TBWH+qCjPIV0JQ6KA6ExEHd3erW0HXymbRpo6OUJyfzKKwIsb6tuVEWiYqPJneveF6bqwN7orG+rplfVvSkN46ODWisw4tKFdL7qHJfb+We9H2zZChuTpkyd2MWc0qQ50b67Zvk/Np0m9Lgw+12f7/0X7SBFpSly1uu+bqtOlGi3qyGPcEAoFAIPgdcV9kZGTkry2E4PfAbW7p9XTy7Yd3e/HidS+4fctA6+79GNSry3/cUqqvvMTJs+X4jnmWxZN6CctsS2l9P48E+VFddYWzFy6DS28efeYVnh5mdS1Sk3G4vy/DvFyovFSCUlWJInAMzy0LZbDi12gp0det8h9qe4HQN4FAIBAIBP89iCVCAoFAIBAIBAKBQCAQCAR3idhFSCAQCASCu0Sn01meQaPRWE0rEAgEAoFAIPhtIgwsAoFAIBDoNGg0pn819pKi3RFMD92JTVNJyW7mzp3L7iKTkaUkNZr582MospJco1KSfXAnERHbUarzCJseRrbxVnVJEXkFBRTkFaHWAegoycsmOy+PvLxsCkrUSMYb0Cn38/T0UI6odOg0GjQacyNPAcunT2dngUnygp1hTF++W9qiV7mfp6dPJ7WkBXUlEAgEAoFAILCKWCIkaBEaZTYpe/aRU3ieyltt6Ow3hJA50wn4Hw1sV5J9BHyH4dXc3WeUR9ga/zlHz1fy4OCpLFo4Gc+GduUo2s/7ScdAVndTToPBjWmvLMLKbqwtQ1fC9piduE57gUmOucRsP8W08NB7lr+u5OA9z7Me6iJS93xFxolirlbewrlDDwIfmcj04ICm7UqhU1F0AXx8ft0AlS3BpIsaUje8gyH4Bab53U1YYR0F+z8mMfUwpRXQ2WcQIc8/y0AbfVVTkMo7n/6Iz8Q/MrOJMUKK9sfzUUFnwpdNvquAzv8xdCVsj9nOzX5PETrZr+41TTah82NQmZ1yDgpjW+gwUiOmk9h2MTtXjECvkTartbd3wsEBinavY9WuMyicK1FVSvcpFJ5AJSrjCWeFM5UVHQjbuJ5h7qA+Es+iWGnzYc/AEBZMlBEZvQvkchQP9sfzeiY5KgBPVu+MJcBBw+6Ipewq1EoPCApn++gTzI/cW7+MzmOJ37YId52aorOF7I6MJUc+lsgIf/Zv3kamUpJJ7qzAvlJFJYAcPEeEEbtoWKNVWHAwidTvT1Jl78agCTOYPFDEjxEIBAKBQCAwR8SqFDQbTUES8yOTAfAODKI/F0nPTCE6M4vFcXGM+R+b02qy4wmPySA0fhhezbpTxdaVsaTjy8TRCvbuTeRvrt2InRtgNbXh6nly8vNB7oyzvel8pb4DYwx3UwILqi7zXX4+/ccYqKo4RX7hUR42hN7D7O8mTzVFBVfp8JBPwzv+KP+fvfuPq/nuHz/+0Jw6oh+aHD+KlSG6Qlp+W0wY48pc4WLGRhumi2W+4RrWyEbXPtqPNtmwCTNbl+liDJk1KbQ0kiUUc8RxSHVop3Osvn+c0+/fsh/Xruf9dovO+/0+r/f7/Xq93u/T+3lePw4RGBSJBrB19cLTEy4eTyZmQzLHzgcSEehTxz50bH0lkBinQL5Y/N9VGSvWRSPnE09z18vI+EakmbU/jJANp1G69ufpwZZ8FR1LWGAmSzetoWcNkZCE3Z9zOl3P6dsHGD6gflNy3zx/gvRETwrgjxlguXuNo6fToWVe1XU2biwLD8cIKKzh6JogvjQoADVplwB9JFMnRJZuruwfyJYFPtj9ZRgBAZ7mpU1p2vQmn0ZG08p3MrOftgPuce+eAXiYTs1NWzW3aw5KH9ZvCcQByElYC0ovghaOonmzNvTssgBy9jNz/nmcrQBsGL9yC+M1h3g2MJK+HnbkKfqydGlfyD1OaMQ+/IJCcL2yk/DoG1zRFOJgfYUtIeFcsrXFlnhCXk3Hf/ZE/C5fBUsjyTGx3HTtj5+HPQbs6Tvcq87sy9q/kpANp7F17UG77ESiwhLJW7qeqT1/n+mLhRBCCCH+iCTAIhooi49WRwNOBIavxsfcXGPKqa3MCo3hk48PMWzxsN/3EBvK0vSPtaKuDSvJSSdFD16zA5kxTAVHJ3D4Rm7N2ysAbAn6YCMDfqUn0ELAqnlz7DCflkIB2GHdvHRt43eiUACWNDS7AHISPuHV8ER8gtYTOKC6B7Mctv5fJBqU+AW/xVRvc4AkMIcdy+YTHRdF3BQffOp4pjP8DLYtrO/jCH9nFeqiA3O3bgKrxlQWHUd3nwZlf95cswAnYLibPTNCYzh0UkNPn2oCULokvk42t5bQ7ONgxjNM6lJ3vVEoAKXivurFb6VZjWtsUDmV5bOzs63pF/UJkvW2BKx6A+9WkPThP9lgHMc7C0xBPlWXHuRufInobMxB03zygfz4r/j0hCkJgyGfdiNDGGnOQqsOXXHShzH/2TgsH/FjossV0OfzxacaWjh7kbonlZjETLD1LXd8OWxdHYm+x2wCfYwsmhBCtq0tlgZTi5qYdWuxxQDo+WjXaSJmeRMYEsgJtR5LDCidhuBjncDKb6+iaG4gH7A03Eatvstdo5FB9nWVbxY7NpwGV38+WDMJKzJY/eyrxEQfZULPsQ/iriKEEEII8acgARbRILpTh0nUQ49p80qDKwAOPScQ4HOOE9agAyw1SXwUEUlcuqlJupOXP/OCJuFilcPWZcs519KVO4mJqAFVDz+mPA4bI2LIB2zdRrF06YwGbgs5p3az5q0oMvUASnymLTZ3Bchh66LlZDm7kRMXhxpQqryYs2wxHte38lKoqbl+2IxFBK1fxK1P1hCVmAnm7QIWB1U417KTbktnJSR/uo24pq05nA+tWtvXmYcKyxpW6DLYFPYu+9I1pXn2yuJJmBrhF5KwI5zw6GTTtrY9mL30ZYaZ+zRlHFrPmshYU56olOQDHqUJa4gODSIsXQ0o8fKbQ9DUAVgBuqw4Pno3qqzrgJMXAfOC8HGxAnQc2vQ2n+w7jR5A5UXgK3PLpQuQw87VK9meZsnsN1cwrKb+UWbNO/Sjvxt4dGhe/QbqJParQeU7ryy4AoADk2ZN5dhr36C/qQMHGwprqGMFu8LYlw/EhfHsFT/eWTO1UgsMNbsj1hMVl256qVThO3UOs0ZW6jZizrvda9eW1gcvXx80J24z5e1lWMYs463UrqXp69J28vLqFOZ9sJKeNrXVx4rlBSp8A+YwpU1KlbqYuWY5Bv8VzPB2qPF8Xaxqrt8DVOA62JdRrYZS0pnDxtkZ21rKKOvbr1GjZHJwAClhEezZE8+kBSVB0xx2r63t+jA3xVLHsey1CLLb+fOvlZPql/9D7rEy4C1aPreCwGEukJPEsvnv0vzpxSwe7w66Uyx76S1c5r3DhFap1ddb62MsCtyAa9BbzBpgqj85SZuYH3aOee9NQwVcquXcdTodljaWFBjAzt5I3K6vwHUEA7qosAGUGFC172A+n0KS9n8FvUcwua8ChUIBRi37t+9D4TmUJx6xBgUYjWA0niNJ3QFvJxvASD7gOTGIkX/pQN5hNf39x9DTeIDI/WpGLZ7G7NafEbm/rFlbxs5wYtTg6lVAXIKCpetDSDiqpimX+CQqFs+np9BZu4eo2E6smOUNQF5mKvHxGiwxoBpky/UfvubSHWh1xxQEUhrvcPu2JYa7l9j4"
20:58:39.341 [Forwarding screenshot on session f38f5520-bd02-11e6-b34a-8d0186b048d8 to remote] DEBUG org.apache.http.wire - http-outgoing-0 << "iQdrausipLvGeaD/6CHmYEoXxo50IjnmBy4zli615KkQQgghxP8SGeRWNIjxbgFgy7CBlTvTWDEycCXLZgzDhizCA8OIS7dlclAIS2f7kZ8cTfBi00CRhtsa0hMTcQsIInCyF5rTMYRH7KdPQBCz/bzIT9/Hl6ZBCOq9bWHWbuaHRnHzkVEsXbWK2aO6EBcVwto4tSmduxpOx8XRaXIgwYF+2GmSCY/YjWXP0QT4uQHQf5o/ioNriEq8yeTgVYSFzOYRTTIRSz4hp9rc6MLYMW6Qn0hERAyW/QNYUUP3oDL5HN+1m927TT87d+4kSa0DNKx/+VX2pTdf6+zpAAAgAElEQVRnWnAIIUH+GJOjCVpmGpAybcdywqOT8fIPZNWqYHxsTxMZvJykHNClbeXVyFiaefkTEhKMpykcQvleR5mXWjB7aQizR3UhOSac8P1qII3Q4AgSje4EhawiJGgyrdTJRLy7Cx1wamsokftO08UvkFUhs+mRl0xE8PtcA6AZCkUOO5fNYnuyGr95C+oMrgBYOQ1gwcoF1QesgJyfzqNHydinvKuudBpJ+MY1jOxiA7XUMQfPQagApdso5kzpQ+VQzqHVQUTFXcJv9lJWrQpmVJefid2wjoRqRjGNi1hJVGImvgFLWRU8GXVsHOp8DQVGMNzNRp9d1mLJWJBNvj6bXCO110ddAmsiY2k1ajZh4auY7PUzsRtCOOlcsS66OUButoZco7HW89VRc/0uxIYBk2YxY5j5ETjnFKvnR5CPG8N6V9d9KocD+0+D7SCGe/swxEuJPnEPSea8ydhRx/VhaY1Rk0BQUATpBi8WBFcOrtSS/wZXXFrpiTuQQiGgST1Cul5P8pEUdEBO6hHS9ZZ06nCt5nqr6oSzUk9szFHTQK4UcvQ/+9CrutKpTVva24Kh2poHOUnrmTFjBlMnTCUiMR/N0Y1ExOWjuhlN6I4MQENysh5XN2fzOwzknE/jTEYGx7/5kqioKPan3cC1f39UBjU/HN9OVNR2vjmeRsaZNK6X65nUDCX2lkYK8n/iu8PJWLoNY5iHM7bunrStpgmQUaHC1dWNmzFRRIQfJq8gj7QTJ0j6IRM9oElLIu22Ch8/j9L6rrB1xNnVCSdXVxytrXEb9iQj+nmhagFKp/4McrLkrsEALfvg/5RH1Z2Wl6fDALRvW9YqrENXN+AS16q/OQohhBBC/E+SFiyiQW5e11BbQ3sAXdpRkgG/kBWMd7cB3HmDGwRGHuZkzmiMP5vGMJg1cgDQlsTtyZz3mWN+3YGkmOTStOq77ekD+9Fjy9Rnn6KNtRHncePpf/Q0ibu+RedTts/A8ebxO9IPExZ/mVzG0tvDCWJuM3iIN5YxnwIGLp3LouvAXgSGrSJP0araMShO7VhJaHQ6Slsl+nw9tvYOWGqS2PptPsPHDaOmMUTjoqMqvPZpM5Aeed8Smw9u/lMY2KkVRoYzZdQxwvd9xbGcIaQfyASnUUwa7oGiAMY9509caDTH03MwnjwM9GfZ4kmoAPc3g0mfEVZhH5NXrGSYC9DzUa6lTiVm9wFyhjyFX0AACvcBeDuCRmvEyw3Ul7QUoOHI/kzwms2yqaY8C14B247eA+MlQEPky/PJz7dl2qq3GdvlAfV5MndpsrErWZDD+sBZxJaOPqpkVPA7TLCuuY5ltHqb3rYbOKryYEDPyt+tF+L8+GxmD3NlmHc7cjRa3Lo8wr7TGoxVxsHRkHpcg9IniFkjewI9WTY7g8DI8+W6wZR/GlaU/ltrffRwBeDm1Qv8dMuVIS++zl9uQkcHBwzl6qJDubBefa+pqvUbSsMohRmsnhVKMk7MDl9a7fgrhVnfEqsBt8mDsAE8hw2F5H3852AG3uO78LPRQE3Xx0VsIX8fCwP3oVf2J3zLAqoOgVpb/tsw8IkexEQd5wLjuZmYZnqLOpWfgJvfxYHKj972rVDUWG+deGqiG3FRX3EsZzw+JLMrHbwCRuCAKehoV2NfQCPQn1WbXqCV0YhCUUBqegFtC/YQHHEY9cBHSETJ7A7mu0HhTWjnTp+OzSm4rCFTo8fN3Z2OCgBLCi5rOJ15E7feveioMGKZd5Oy0Wn0HP48ipO2rfhZ78Q0Z8j49jbNLO9ydMdaYk7ng61TaZBUYdsRvwWBeFxcy4xPFdz66RaWqtY0N9wBoEXLlrRUgDH3Chd04G4DCoWpVY3CCK1aWXPx0H84kpaOBi+CFg3j5JpQWg6dhlNqFJu/6o33rGqCmiX1L0+LHhWubcsqTemx1fguIYQQQoj/PRJgEQ3SytkJuISuACpHHTSn4jhztxWdFXcBJc7l/hi3tjV9r6oAMMAjj7Q1r7GjpRI6d+tQsiUtlXC35I313lYBaNjwaqWBV5vdpcCcThf3DhXXYRovwmgA+BmjEbynvoK/+v+IjtlAYgyAEi//OQRNGlBxnIGcBN6NPo3KZzYRgcM4tDaQyH1hBBwGvV6F6+iaAiy2BK3fSOXhR3ISTC0h0qNDmRVdfo0TirtXUOcD+fsInlVx5pAr6Rfpq2gGGMparNi44VE+DwG70i+erfDwUBFzuACjlQo7w3nWBm2gQjhGpUCBAoUl2LYoC6ZZuQxjhovpm36A/Hw9oOfytTyob4AlJ42de8/RdfR4ap4YR0PmTzoGuNsAzRk0YRqO+aAoOE9UdCIFRiPGgtrqmNGcF9WNHGxF21aw491gIiuedNUHxZyLpOuhnWNptAd7ZxfgvGkw1FpPtJb66DCAedNO8m5ULBGnTV2CVD1GMe/lGbQqVxfLq/18qbV+l55O8h6SURIQHs6wGiZ/Sf7qGwDSt4cwYXvZ8vSvDqAZ34WetVwfJfQA+ttc04FTlWpRe/679BmAMiqSlKQk1Mn59J88mSvbt3M8IYEbyeA2bSA2tdZbcBnyV1RRYcQezaKD5T7ycWLUECcgBwzg6tap+pMHwJJWNjbmW5sDA7yBwpG4RYQQFAQ4+dOnJO8M+aQdP87tFi1ornCif39X7mT8wA/mslMonOnf35k7WWn8cPc2ir90YqT5rT9jy7yNG/HW7GbmP9O4/mkQEXFqvKZNZerY8YyOW82sXY6UdDi8lhhFRKIlgS3TUHrMxrlVAY7twNpoREk2zR0daaeAAppjZwmg41x6NndzDYAlBYc+IyUl21xAyWxck0Z+PhDzObdtQdG1liwBbFq1RYmGcz/p8P7Vpg4TQgghhPjvJwEW0SAObR/Fllg+//wQIxeUH8xWwxdvRRCn9yIkqAWg59bNQkqmijE9IJoeeY1AyzatSt9pBCybKSq8Lv97fbY1GvMBN0K+WEnJSBoZCYfIMrbB3rxd87JmEdVTQE7GT7QZ9gpfLHYkKy2Zo7s/JSZ6I8eGD6gwsGrhzevkA3369gFg2II3uRY0gxg14Da2wYPYKpqbzsk3eD2zvE070qmT+DalgE6t26BSQrr7bL4oGUC4UM2hA2m08nTj7q6fqTjobCbpeih7jLSlLMsKSU/VgF1vDKc2ERIVh6tvAK+P88ZJ5UDc2meJMDccwAAGQ1lpFGbtJzTyPKNHKwAlAeFvYVgfSFTEajw8IuoceBYgJ3U/22MS8XIeiHs1A6w6dPJARSwxUTGMXjMVB6xw9xlrKtPCJHZFJ5o2NBqprY5hoMp02CZqPno1ktOq/gSHPYObiwqS1jMj7ETVTR064aaE49qyvh2GPFMgrGq7FVNgp0Rt9bFZTgY3rXvzxheBKNQZpHy7g8iYfew5+RTPWVdKtCzBWs+3PvW7wGiPm9dEhtQ4s24a++I04OZHyIw+KAqMYG3NlcORRO6L46tT0xnXrObrwxojKH0Ie6sv7waGERa6g01rJlWaUaiO/Fd5MlQFMZGRgIrg4UPIPLKd6PBwQMXsPi7o6qq3Nt6M9VKyYdcmNpGOsv9seloBODDoaV/O2dUSGlOWZb361Clw7YmTjTv+o5wI3afGd8rwsvOx6cmCNT3J2L2Wdd9cqSaxkhZILXhi3hrGugC6BIJmhJMPhE2YgNJWCfl6ouPMJbArlJm7DObgZTKvrG9DxKwB9Js0mYjgDUQAvgE5fLLxazRYwt1s9OjJPHYcjSUY7howOnsz1Rsu"
20:58:39.341 [Forwarding screenshot on session f38f5520-bd02-11e6-b34a-8d0186b048d8 to remote] DEBUG org.apache.http.wire - http-outgoing-0 << "HI4j8RFf/FqmEpPoxKpNb8O377PymxZMHOeBNjaKLM9ptP5mA4q+bjXnCYC1LXZAljqPkrnZ04+fAKUnnWQSISGEEEKIUjIGi2gYp2HM9HUiPzGSoLVbSUrLIONUHBGLFhKnh/6zp+LuNRQ3YPuacJLUOWjS9rMmIhGU7nQo/WO8IfMS172t2+CBQDob1u4mS5NDWtwmXg2PZEPyzXItTyqnY27pYDQC+aSfSCP9wEYiwpawIymbVh060balAtN4IxXfadWlK25A7LtvE5ehJiPhIKk3zSvTP2drgroB5wc2PYfSA4iNfJ+4DA05WQm8vSSMqKhY8qxUePS1heRPWH8ojZwcNbs/Wk1k1AaS88Ct70AgkYhNh1Br1OyP+JSKe88nfOUmMjQaTu3+iGg19Bg5tPTb8ZbtnHC0V3BqfwQRiXpzDzAHPPqq0CduYGtCBjmaNLZFbiA98zYKawBLbOxUjA0KwgkNESu31jBOTUUOvZ8mMCCQSdWO/wE4DGDeNC/IjGFW4Ep2HkogLe0Uh3ZvYlFAGPmYuj441FrHHHjUXUl+6hESMjSVdlBgatnTsj0d2tlTkHGIsLBYoFk1tUxF774q9HHr2JqQgSYrgfc3m7YFQNEM9CfYm5CFOuMQYe/Gla6rtT5eO0FkZDhrN8VhtOuIq3Nrc3pUqIuF5bPlvq4pY8Vg5b3mqFqCtpBqaeIOkw74/nU07i5d6OLuThcXF4ZN8EMFHP7Pt1ys9fr4GVBgp/LmlQAvyIzm7Z0ZDcx/BwY94Qb5+aDywM3Ggb94mbpU4dSPPuWqTfX11mTA2JGQn056PowZM8i8VMf1AiMF169Ve/4KAL2GhEM7WTZzAkGhoXx7Dcjaz0f7TFdU7Ke7qHxl37ychtrSiynPTWHKlIo/z015EtTpnL9mroeWbjwXHExIyCqWBk7GLl+P3s2fpSFLCVkagGV+Pvn5doyaFkhISAjznjIFPqxcnsLfFUCFh/cQJk6Zgp+fP35PD0WJkt5P+uHv58e4CRPoY54P2gj4PjuLqWP6AcmsfGkGr0Ylo1fHsXVvKgpVK05vjyBW04r25sBexv5NrF6/nyrDEdn04AlXOL3hPQ5l5aBO2sq6uHxUQ/uiAgrVCUSsXM3+jGoGMhJCCCGE+B8iLVhEgw2YtQKj4n027IshzNRPANNMKIuZNcwJcCJ4VQChKzcQFjTLvNqLoGULcCEHBRUHmqztdX23deg5g5BpBayOiiI40TTGia2bH0vn+kA1+4RmYGeNAnDo0A0n4tgXGULB7AX4XPyA6LBgTD11lPgELKumRYo7QSHTWBMSRcSrQaYtXX0ImtKNfaGRxBxKYeqA6poK1DR+jQvBYYGEhkYQUdKtROlKwKpgugBdAt/g+p2VREeGEGt+h9fkYGa42wAzWOp/g9DoSIL2AUoVSnPuKCzNkaGb+3g10NS9yNV3NsFjXbDCGj+3o8REhTA1CsAJLy8nkpPTuaiDAYGLuXJ7NdHhr2IqZScmL51LV3aZzsMIOAzgldnHCIqM4f3dfVg2to75RGxc8BlZeYDkirqMXUyY7Q4io6LZHnm6dLlS1YPJ86Yy3tsBcKiljgGenpCcSPirt2n1xcpys5x04a+TvTi9PZrAqaYSduvvhTIxmdR0DT4DKgZ+BgQu48rtleXyoIz3uOn0OBpGdLiprrh69UCZrDFlSy310cqqkMBR54jYF0HgvgjzoU/mmQEqHNTl6mKz1WX11sq9QddU+fpdIv/yMeJi8/GYMJbqxhg+GhsHSi9GeFdqkmAzgLFeG9mQ/A28uwCfi6urvT6SaAbm1iFOI+cy+cRLbN++joQh4eW6xNWd/136DMJ2ezq2vXtjAzzq2RtiMunxRB9T65GeT9Vabx1swMZ9CF7EkGzry5DSKaaNXNgfR3zf3kwdVrme6jhobkayIfISXqMCCBvnTUFSBBM2xKHsMY2IFx9mbWA4QTNzWfrGXHqa+wAqaAaGXPJv5nPv3r0KqTZtepcWmGffBrByoGcPI3FffcGG7XHola4EPDuanl1sADeWBsOOT7eyLyqC1P7+zHnuUQAy9n9EdCaAhvBZAfTwHcPjvT3p1Ko9dtjR3qUDHayhwFgABXfBARR2ELsmkFQ0oPRizoqpcPQ9NqpH8Pp4WL8yDlDiF9CPz5d/RK8tC8i7dJTkeE8KZo2s1PLIivGLlpKxPJTIYFP9U7r5sXiGadyWuz+dJO50MtZPNiRwLoQQQgjx59OkuLi4+Pc+CPHfqpCcHFM3heYODlR9ZiskR5OLUWGNyuE36rdfqEOTW4DC2h4Hm7pntamJLieHAiPYq6o7rwo7JEeTCwprHErOsTAHnZUD93vGORoNRoUClUPVtveFOTnkGo1Y26uocnrmc7dXqao95hyNBqrJF12OhgKq31/ZPuuTFw+eLifH1LJB0byG8qyljhXq0GGJjVU179PloCmoIR+rPQ4NRoUKReYmZoQerTCOjqm87FE5VJNQbfXxvurq73BNVaP+10eNCTQo/6tPopZ6W3iKRVNDYfIq1oyv3yTCGYd2kmX7F4Z4d8EKSNsUSMg+DT38ggg2T2uOJomVC8M4rXclZOsa3K0gYe1MwhPByam6ya/zUavz6R8UwYIBKiCL1ROCSUaJz+Q5TB8/oNr7hPrUbt4LjSLTdTJfrPkLKye8isY3iIhZXpw6tIt93x7j/CU1+XpAiXngGzPVKNZHjOPTCbM47uXPxNYniTragv7tLpGYno+Trz/OqXu42+9p2p/7kn3pemx9gtgYWMs0zeWY6vvvW/+EEEIIIf6oJMAihBD1lJMQwazw4wSu31KvMWfEb62Q/WsXsyFRDTgRvCkc7/uNAxRqUOfa41RltOocstTg4mSqADlZady0c6dLDfVBnXYKOvQsG/BXl4POph4B2MIccgwOONgAhTqwasiJFKLOuIx1ly44AIU6HXcL8igwKnB0Kh+A1ZGVcZNWXVzuOyAshBBCCCHKSIBFCCHqSZcVx6dfXWfo9En1njhJ/LbSdkcQFX+HQVOeZ2zPGsb6EUIIIYQQ4lcgARYhhBBCCCGEEEKIRpJZhIQQQgghhBBCCCEaSQIsQgghhBBCCCGEEI0kARYhhBBCCCGEEEKIRpIAixBCCCGEEEIIIUQjSYBFCCGEEEIIIYQQopEkwCKEEEIIIYQQQgjRSBJgEUIIIYQQQgghhGgkCbAIIYQQQgghhBBCNJIEWIQQQgghhBBCCCEaSQIsQgghhBBCCCGEEI0kARYhhBBCCCGEEEKIRpIAixBCCCGEEEIIIUQjSYBFCCGEEEIIIYQQopEkwCKEEEIIIYQQQgjRSBJgEUIIIYQQQgghhGgkCbAIIYQQQgghhBBCNJIEWIQQQgghhBBCCCEaSQIsQgghhBBCCCGEEI0kARYhhBBCCCGEEEKIRpIAixBCCCGEEEIIIUQjSYBFCCGEEEIIIYQQopEkwCKEEEIIIYQQQgjRSBJgEUIIIYQQQgghhGgkCbAIIYQQQgghhBBCNJIEWIQQQgghhBBCCCEaqenvfQBCiLrlaXXcKQRLm2Y42v0vXLb3uKq+A1YtaO/4v3C+QgghhBBCiP920oJFNFABYaOiaW9b8aed/U76eu4l+J3zaBuS1tBo2g091oD3PAB5lxhjX/UcSs/lgR9PAe/678K9czSTVl+p5biuMMl8XGXb5fLus7vo3mk/fbrvp5fzLkLjChp+CHlXS9Ou9pzt9xL7GxWCNu5Y6X7DajoXrZrxf4llxJrL9UjxBvM7m9Jbvlf3QI/1d6W9yrvvpJPXqESqv15/y3L/bsVe2tnv5OPUwvptv3ov7W2jCY2tWJZ5ySfNx7yHXeqK7zn2zn5T+cfWs/wfSN7+/urKW31qKn1rue7ryrOGlt0DU6l8tHFJ1daJB+27FXtrzatJ71z91fadd+wk7vbRtLOP5ViVilnps9L8GTZ8RS2fJ0IIIYT4XchXw6Lh9FBsYYG7p2XZslwDZy8WsG3ZKeKuWHD8rU71Ty/3wR9iXQqBYlVT3B9tCvrya+7Bo8oHvr/8W/fI1UCO7peaNzIYuGT+9cxNAwDa2LOsiblXukmxRVN6d7du"
20:58:39.341 [Forwarding screenshot on session f38f5520-bd02-11e6-b34a-8d0186b048d8 to remote] DEBUG org.apache.http.wire - http-outgoing-0 << "+AEYjOTUvgGGhqfaaHeMNeSHJdgCtlYP1ZmGNjaTaI3p9w2bzvPK6N7YPbhD/J0UEDoikQ/utONv82nU+RjM9bu4k5Le9qa6XyI/txmW1b7rwWpSVESWxgAeVnVu2+kxe6CAuMO3WOprU7r81MHr5rT0HE7IZdxEe/OaQk58raPYoik9OtlUTbCKB5e3fwS15a1Ocxd1kfl+3d+y0r0O8nOhXYvar7GGlN2DUU35GI2mVYq67wcPgn0nJe3sKy3MvYfy56JfbZ8Ht/1EbhE0IZePd9+i39SHq25U7rOyEMgvrOXzRAghhBC/CwmwiPvj0o7ow/0qPJxok1MZM+wcVzb8SOyyTvj+wZ9c3J/14uBy599kX/V6iHVsy6qIAq4UgqpXWwBsWigAU2DlgzPjGOd0r/IzUr0PoOTxyH6EE6tmPEz5iMo9gwXd6vNs+gDY1CNoUiK/zi3usWdzNsUWFjg7FnEl9hJ7zvXmma6NOcI/goewtAewoEUjU7IEii2URH075ne5Ji0bGMFp37Md3S2ySUvQouURHAHQ8d3+stZOsQevQkmARX+To4mAS2v6u9RnDw8ub39vdeat6faB+wLv+7rXNbTsHoyq5ePoO4CLN0D54GPf1Zr89nCW+vxWASUg7wqfbLlHscqCltoidv/feZZPfZj2v90RCCGEEOIBkS5C4r7dqfTa0asLz/Q3/W4wP7xnxaUxa9Se0ibW7p57mP/Oxeqb5uddZf7QPcxacZLQF/aUdj2atfoiWu1VgkftNC/bxfx15ZpGq68Q+sJe3O1L9rGX0M+v130C9fj2L3XXSSZ57iw9ljH/OElq6cEX8PELe5m0MInQF0xNy91HxXPyviIggP4Ox/Zr+HZfNscu3uHkxnh85pjOs0nRPd58di9jXjiDDtBnXSLYvyxf+46KY1c9m/G36+HMuNGdGTeu7Md/YidclJCXnMqYoXsYPiqO70rOU3+DUP+9jBm1h1nrTE3k85JTmTR0D2NGxfHx5z8w3ZxH7p33sHxrxWb0qZ8fY7i5C4/70MO8FV17W5oG0V7m091F4OvKunfa0aSoiE+iLlXZLO/cJZY/W1ZH+o46THRyQb3Xo71K6LNl3Qfch1ZaTwG7VscxvKSudN7F9FdTyar3eiqk9fELB3knGcjKZoTnXj5ONpWtPusSy58tV+5DD7PtWD27TdTRRKk+ade9zT1i1yWUlndf/8Os29HALm2OrRnuCaRo+bGkDqpvsDsFuv/jUeaMgNtf3CC15JjSNMQXgfvoduYH0kL2rotnTLnrtu+oWD6Oy6W2vK29jBt3rdd1H8w79gPDhx4mem8q0z2jS+vI/HculQuoNiJv69XSoa70C/j4hT0Mf+GHCl0oj62Lo69nLLuyylrandx1kklDy/J/0sIfOFd632x4+eQd+4GxHnuIPFZyPDqiVxwu7f7UrvMegteVyyvzZ8n8d1IJK/dZMuaFpHL375oZjHW156vP/vcSuvGH0vKcta7mz6RzuzNJKYKxr/XlnxMsaHJRzb+Tf+NuWUIIIYR4IKQFi7hPD1X99ld/m+TEspd5yScZNDYTgEGT2tBReZevtuiIXpaCvq096yc2q/h+g5GLKXpSkjMptmjKYD8bzuzWseeNFPa8YWrFMdyvObExOqIXHadTn9bM87pD8NDjbNNAdz9H/qYy8u8NuawLiAfVaJb61NydJh/TQ4def6/CcqXSdFmc3BjL2KBcii0sGP5iG0i+QezmTEZuyWHnZV/62YFWXUD8jsvEm997+4IFqvv9llVXQNzuXM4WgVPXAh4vvIH6YlmTdHVyAVfUBZB1nrGepzhbrrW6+qiWuQN3c/3wWGZ71f7Na/4VLSdTFWAwJ2CElp1a4eLYFMOdu6Qk6ym2gDslzxi6AuJiCzhbBNrepqb6htt3iU/WA3pSjpY9buVq9Gx8KZFW3cYyz8uKc1sP8+RLt8rWJ99iXfJ95k81Uv+TxdkiGD7Kmd6j9QyyyObI+xc4uewRepeUg/oi/n1TTPk6wpGnWt5l245bzBt2AOsz4xhNHeutLjGm8/ekFIHTiIfxaWtg2+ZbzB+6l+wDo5nXz5qT7xxh7hs67DvZ8Mw/mnN273Vi3zvH9/kK0t5zq3N9RQ9hqSyLfdu2Mbf4yUrHx/MMavNx+piPM3jEfrJ2jqzQnaaqe9y5cw9sKvYSKanr9Uq7HtucXHeI6YtM3XXGvtiSzA1aYhvcq8KafiOtaZJcwLEfC3m8nxVZ319DXQRzRnRhdOts1h24xeHkQjy8rDh7whSw8xnRGoDYFQd54S09xSolE/7hgP7kDfYczeVVv3hU54dXn7fausr4/q/1uu+DD2Mo1HM2+Rbz/36LYpU1Y/1gT0wB0cu+x6qzPWGj7RuXt4VG9NyjMK9yoOUh7MyDZtcn/avf60lDXyFWZ9DqUF/Uc/LHnxnnYkPW53GMDTDdE3ynt4Ez14n98AJD04r4cV9vku6jfAyFes5q9PS/8wugI2zUft45CsUqa6b6NSdlg5Zti74n7qyeuPfcUJZ+lpyj2MKCwZPsyfk2l5QdlxmpV5K5xYPaik5/5xfgHvoKAbSm5hY09dv/2ZQCziZfKMs7Q01BrgJiNmoptmjKqJHtGdqmDcE7sln/yU/M8+pcy1EKIYQQ4o9IAizi/tzJYfPWNGwKi8DKAm7l8e+IbFKKgBFODHSEpLd/AmDmztGs8DUFOlY8d5JOQzP54ZQOKgdYLM1jo1hY80HKaMa5wNW98fT5+3WKVfbs/N4U1Dj3eRxPBGi5edsA2lxStFA84lEObukFwCv+SXQfcZnUxFtQQ4DFClC/l0L791IqLC+2aMqG8+MYbXOVNa/kUmyh5N3jT+LftSlwj+iFXzP/w1zCP7nOjvm2peNbjAkfxPqZLbmq5v6bdZfrxmML9Jzel7BWPxL8Ri7FFk15OcKdft1aEffGYc4Wmbp9LI7uz99UuayYlsKei7DizR95LrpXrQ8P6h0XGLvjQoVlz3w2krDRFR/QLcv9Uv64gNKuBwDFXm34bFNP+Pp7Ji8yBVMOHLzBPC8r1gaaXpuOtQ9jW+aweGgcSFUAACAASURBVNgZ4h/IUAY6vogwldGkv5rGK5ge0JT4D3PZ/HUuvceZupDErvuRs0Xgu7Ivm+ebukn8vXcsYxflEr71Kpa62tdz8wdSisD/g8d5Z6rpIX7Fi6n4DD7H6tfTmb7Pjb27dBRbWLDqwEjGOQKrbjCr83fsvqBDS0Ed6zF3gylhxTPvDePqmd28netM9D5v7LjHthfOoi4C3zX92TzHVMvmT0qiz/jLfDDnFM+cH0RNPWSaFN1jbs9dzK20fObOkazwbca2N+pKux8JdW3zfUeWL9FRbGHNhjOjGe0ELLvK9McSidU0rGR7DnGENy6TfPw29GtD8qEbFFso6dfLmu5WbYBMDhy8yTwvFScO5VJsYc3jvaxBf52P1uoptrBhT+rI0iBb7Kt7mP6enmOnDKyokrewd2HdZXy/13rSzrrug2VjbdiPcOVAdG/aA1djj9FnvJq4o7kwUNeovD374Sk6fXiqyvJiVTuSzg+gfd6VeqVvaQ/kVu7yaA6IWALcYPWLpmDBqiOjeN7DCtMArXt5O/ESR6+0Y/N9lI82rmxv2tg0U3BjYEeO7vM21fllV5n1WCJ7Np/hkxddmN2h/GfJCMa5NIW8q0zvmMjBMzpuUXvZbZsWy7ZKy5z+8RjHVz1S7/1bQdnnR5ufuUoNAdBzWWxOAXwfYagj2Pk+yhiLbHZvOU9saOc/fFdbIYQQQlQkARZxX5podKx56ccqy51GtGPdxl7YAb7LxvDDnJ8xWP3CueSrXLmSy8l407fNtlXeWabls66MMz8ptu+hwsniOrYTH6Wf+Q/NNqpyLTRslDgATQ5cwH3oTSZPbIvvE25czfeu9fhNg9wqGdyzXKSAX7jbzIFONpCXpiW+CJz/0c0cXAFoiv+ibqzfkMKRr7PJm29bOr7FBP82puN1qnW3DeLo0Z4xd7MJfiMXaErvsZ153K6A0Avm6ISLDd1VRjQ0x/MvFuy5WASx2cRre+HrWGvSVTVirIWXQrx53MUKnn8U"
20:58:39.342 [Forwarding screenshot on session f38f5520-bd02-11e6-b34a-8d0186b048d8 to remote] DEBUG org.apache.http.wire - http-outgoing-0 << "zyW3SCmCQt0voC0g07yN+9yezPNtDbRm7Sc36TOtHl246qBPvsjGi0AnBzpRwFU1OPdpCR9q+eKd8ywd540jBZxM0FNsYc3M58rGoOj9fF929/kZVQcl2ybWtl7BxxPNLZwK89i7Kw8DYGn5i6kOJ2o5ldeb3l5NaZJ8j5cG7OHwxHYMHeFEaKo/680PkHWtr+oXcyuBX7gD2GEg6/siilWO/HNO2aNhe98eLBp4mdWJufyoBZdayt3ey4bHHi5rwXL3VskAp/VJux7bXFChBZzndjc9oAPYtWfhAntiFzVsJGu7Xu0YZHGZI0e0MF/BwS1F0F9FTztQ9lIxyCKTI/s15C1WkBgL9G9DTzuAVmy+PJZbOgPcvMVJdQGZaVoOJpRvc1E5b3WcTK6rjN3u+1pvyH3wb7PdSh/823u3x9NCbeqOk6NvVN4Wq5SMHdK84kL9L+hVNqZLv5HplzJf8y2fdTMHVwCsmbVpEL53lHR3bsETDS6fik4l3ATg5dd6lAUU7dqzeJUjewK0ZGsM0MG02Dmgsym4AmDXEndPOJhrUeftzsnLmkceLjdW1N1faOOkaND+C4GWEx41f37Y1BjQ+W7HZXKLYPDghzFodWhpRr+xphZMW6Jv4DuzdR1HK4QQQog/EgmwiPtSrHqYDZ91w8H4C1CEoRBadngYD5dyLUZ0Gt57OYmNB+7VmE512jmWe+q0UWBLxcFOK/SOV7ZnbYwrz/llcjY5l3XJuazjR4pVNry7cwj+tcx84f5sT3bUMPBjSTf9K+cqDbJg+ZCpNcd1fdkYNI72dPqVvmU0lB87wQDk3eKYudFNk4tapg+sPMdu3bMBOb3YkwOhHTCUm9HI0uY+ZibC9MDZr7s5jyuP81Cu5YvnwLJvb1u0fDC3nW+2XwKgycVsnuiUXXFlyhX2pHryvEfJATjSrXwZKW3o7WUDFNS5vuRhLDroFNGVD8LiZ+4YYPQib55JO862o3qi38sk+j1TaMl/TV/emeNc5/rqWFb+3x7Iqtw1z4o+PtaQWFTrQ2OxhZJ1+0byeLUBnYJ6pV3XNj9naU0z1vxU8Zrp4GlHg6cKU7ZiqC8cic3hWDLEA4OfbGdq6aNU8eRYOLJby9E4Bd8Dg//azvwg3pRrSWf4x5wLpNTSsqNi3j5UrzIG7u9ab9B98JcKv5eMwqG92Li8dX+2J+trGeS2semXMmdkhXs4YOfSht7m37MaXD6V1llaUGyhpHe3ivd2B1XVe5itraLKsvoYGzKsxkFuG7L/ds519SG7wba1pntQ/LLj9FpWce3BiAtkzWxdY8s0IYQQQvzxSIBF3J8WzfD2akPNX5gX8u60RDYeBSe/dsyb3I5unR6mk+V1RnhWbapeXn4Dx/Z7uG8Pdl/vwbXz10iIv8p/Ps8mPlnHvGkp+KT0q/EYa53i0jwtqHvX5lVWFQJ0si570GzRtP6zkTRgBp1q2dnQ2wVSLpqCXP/6lxNWhl/AYESHBTYtbPGuo/WKrZUCO6UVtfYjwqLC0819DbdoKHtfyvc6GG3qsmMwPoD+QfqrbN5wj2ILJS//X8cKZaw9dpl3duiJ3HyZ599qiyEXyMrjih7Knvt07N36E5Y9Hetej6nr2LtHhtG/xS+lASzDHQMGLOngCKDi1c/+yqu6PJISsjmw+zLbYvR8sSSZkf7OjHasa33dp2wAcKk8Lvk9LqbpAcs6A2t3dNRY5vVJu65tHmpvh71FNu06VNzJnZz7qT1W9BlmA7G32f6JntwiGDqolXldUwaMfJgmMbfY/N7liuvyrvAP/wukFMGYhY/i5+NIt+6tuLjuINPfqnlE2vqU8Rlo2LUONOY+WJ6NcyPzto5BbhuTfoWZhswZl59fcX969VX+vV9HtwFWLL+P8inPoCuiSZGeCz/dw9ej7E+YO3eNVbZt6GdJ6T6MBsrCw7/e/rWxF9hTBPYD27DwGbtyN1oj367OJPZiNl8cKyS43/2dhxBCCCF+ezKLkPiV/EK+3vTN+b+2DOCZ0Y/Qu6sNP/4nE3URNf3t2mB5yT/QqfUufJaqcfFw5pk5/dhxeACDLACK6nzorIldtzZ4WkDa+xc4Vu7v/pPRpkFVnbvaV2m6Xh/556+zN/YSe/deLP3ZtesiJ9X1beXTjHadzL9qf0H1WGf8J3Yge9dFXn39POu3XuH6/c5iBGB+RmhSVMCB/TcwzSxyrsKAuvVmo6Sd+de0LWfZda4QtFf516rsWt9WH1lfZ5m6cD3bleCZHjxf7if4ja44WcCVDRc4lmeJy2MWNCnKZdc3ZbPdaGPTeOGlH5n/ma6O9Xm0etg0hkm6Btq72OPiYo+Lg47lg79j5ODv+VGfS3DnXXTreITrTg/jO9GDsC1j+OjFpphi2HWtr11JKwtbpam1zsex5WbtybrAu7uLABs61RGkqbmFS33Srnubbt1taYfpmimbXaeAbe9V7g52j7y8wjqnG+8+SEVL7hG9WUex6mEGlhu8uevA1jhZQPwBvWmd+UFX+8N1UorAfnpP1i/vxWif9rg4GjiZWLK3igHOkrytu4xrPk59XiF5eTVdvw/mPqhsU9+8rUEdgd36pm8AyLpJUmnDOR3fxZXLHEsFDpRce2WL97x+nOCgM8R8q7mP8qnIuZsp6P3xh+XHkSpg23vZ5kNoZBC7Dg9u//fYs9mUv5MXe/P81PL3sd78c7EpIL1544XaEhFCCCHEH4y0YBG/koewBZoU6Xl/4UnuPGnHha8vsOZD08NZvtb0B/X9BkBK2Lm3wdfiArEffs8kqxwme1tx8t+mh++Wjznc/4Czds68FJDMCx/mMt5jP8tXucKpy6x8zzTg7LxpbSkbK6D+1DGXeSHmcpXlz3zWmt7e9WkpYsXf/tGRlQcu06Qol+ndyzo0NAHo2g6P6lopGOrXCsWm3LQo2wK+Y1tAxfX5NICyDfPftCF2kY4mGh1zvXdXGWT1/hSye73pweRvz3SoutqxA8/7nmLlAR0f787jnXmdCd5xjg1TDpL3elcGW+bxryWmh6GF0zryN0NBLetdmHznLisPXGDd+P2cX/goY12L+OL1TNPUwAsfpZ/SHvWTFmzbfIvxo+JYOKsdnFbz1oZ7QDMcLO3pU+v66s7xFwy50OSiGn//OOau6sfkxR1ZM/YyH/gfRLvgEbrZGfj3a2rURTB45aN0rSG3DJX+r8qqHmlb4VDXNnbtWbQglelv5TKmfyyrlrQl6/NzbDxacW/a2O/pNV6N5z/7s2dxzVeo0qMNg7jAHqDlkNZ4lF/p0h4fxx/ZpoGWQ9qWrnPs5Uh3i8ukbUljeS94vK2e3f86R7R55iq9wQA8VCVvn1vyaB1lDLHVHaT2EmM7f0+aSzuSUgZUc7+p332wTnbO9crbmqRtSWZMYmqV5YV6A67jvFg/vz7pW9NvgJJ1yXoCJh5m8dSWXIzOJPqoKfpqCWDXnrmLrYl/Q8f4IbEsX+KE4cRl1uwooljVjhentCFhibrB5TOw3FF0nerOmMDv2LP5DMP1uUzxUfLDtkyij0KxV0ee97Eu6+NZSd3367ojyY3ZfwVq0xTzxRYP41dNd6Suf32U7q98T9oXWex9zaXRn5VCCCGE+G1ICxZxf+zr2sCKFzf1ZJAK4j/M5IXxKazecJdnVnbEVwVXtlzjpN70zXEZ0/gmttV8q2tb7htYS6tyT6TKNrwR0xVPFcS/l8ncaT+yMUaPk19HdlaZ/rb80VW/n/JGvzWCdxba00SjY2XAKVNwpZMNq74exjNdrSj55vtBsLUELB/CoeT4bCp/C1p2qTr6eBP/mSvdK129g17sxierHql+B+XSru1bc6VHL7avrHhSvv/oyBhzqxk318rRm+pvISXH33vOMD5aWFZZii0s8F/YrvTYW9zPt8151ziQCMWqNvj1q+5krBg7w9R2Zve2yxR6eBC/81HcKSJ62Y/MX5TNFZTMj3qc57s2RVnXeq9exO9+FE8VxL51gfkvZRKvgUH/6MYnyx8BwD90AHNGNCX3qJal006x9K1b3Ha04V+HBtPPru71VdngG2hqknL2gJbtX9/G0cebbz5zNR3nW5msXKYmDQv8Vz7G5vk1"
20:58:39.342 [Forwarding screenshot on session f38f5520-bd02-11e6-b34a-8d0186b048d8 to remote] DEBUG org.apache.http.wire - http-outgoing-0 << "ByoslQAKWtQySEt90q7PNr7LhxD2og1NLuayNOBHNsRa4OtnqjOluzeXuVZXV3ChFY9PMH0H8NRTlc/PniETleZ1bcoW2z3Cmog2NCm6x8agU0z/+zm+yLVn/j9NeZlyNJfq8rbuMq7hWrdUmC+nmgZOrc99sNwZVyok033KlF/1ytsaNNHcI+VoQZWfs8n3yDRP3Vyf9H2DH+OZgRY0Sb7FmqALfJGoZM7Cihnz+OJhvL/QniYXc1kZcIY1H+qwH+hI1IE+tL/P8inLn4eA1qw/05dnBlpwdoeapS9dIPpoEd39OrJ/l7c5yFX9Z4ltHUOitHCsT37WZ/91f8ZkJag5WwS9F7hUDB6WcHRi1oSmNCnSE/NtfpX6V75uCCGEEOKPo0lxcXHx730Q4s/sHlez7mDgIRxcbO6rW019adU67hihhUMzHO0eYOOsvAKycgxYKixp73R/g8H+OgrJyvoZeIgWDjY4PsjMNZ9zC4cWDyQv9Xk6ruX8Qou29jjWNe4jQN4lhnf8nvy5pqlRH4y66mL919eU33qtjmt3fqmxrtS1vuobCtEWgo2dVbnhU37Na6o+ade9jT6vgGs5Biwd7GlfZYMCQj33kvri4+yY8yvNkKIvIOtaHddsHXlb32vq3NZYhgZak5RbXQuWquk2tsxqz9vGq0/6eWodOcY6rufa7pv3XT41HMcDuk811O+9fyGEEEL88UiARdTb2jfP8n9vnv29D+O/yoBBjiTEV57pR5SQ/BFCiPv3ypLuLFjS/fc+DCGEEEKYSYBFCPHHk3eJvh2/587cx0h7YC1YxB+CvoAsnSUujn+Gb/zvcTXrZ9q72NS9qRBCCCGE+NOTAIsQ4g/oHqlxaujkhIfTn+FBXAghhBBCCPFnJwEWIYQQQgghhBBCiEaSWYSEEEIIIYQQQgghGkkCLOJPI097CfXtcnOeFmrJ0v73DKCap72KWqslr/DX3Y/+9lWysi+hvVPXNLnlFOajzr6EWqulAe/67/ZfVn+EEEIIIYQQvy8JsIiGuXOIwbNc+WfS1Zq3KbzElujNnCus4fWv4hKvL30C58+Oli6J++xpXJe+QVaj09ayeokrTUI/JK/RaVUnny3vDcJ+6WCcl/Zl4u7j95GG+RhnuTJy85FqXgPo+WrzFJotHozr60/Q+pXuvJ2eX3fKKRF4zOuF8+tP4Ly0L94bD93H8dXTnSOMn2U67teTft/gxoOrP0IIIYQQQoj/BRJgEQ2WW8f6uK1TmXbwIy4UVP/6V5GdTDjwZr8e5gVavj2VTcdeQ3F5UPvIuYXuQaVV3u0EPjyTDc2H8ubwBczz7tao5AruGQAoNAe0zhXcNe/nWxYnHCu3ZQ/cVbZ1pKblg8/XcqbckuHdOjXq+GplNFASVinE8Ovtp06/Qv0RQgghhBBC/KnJ9Bzi/jQ1T0taqAcrZYVVls1aAXpaWFf/+tdwLnUv0A+f7o6mBdpkou/ClMe8Huh+rB5oambWzQGYMWYZi5945AEl6sjMFz/A9XIODu09SvfTDjgDhAed5WU3ZW0JmFmVnvOgPh9xZOawB3R8lZTUI+sW/IrVpP5+pfojhBBCCCGE+POSFiyiweyBS6ejmLvElSbzutNk1iAW7DJ1Q0ndH8SAuNNABkPmDSJ44+wKr99OSeeDtU8yft1bvL72SZrMcqXJLE9mbv53acsFCjP4YN0UHjF3FWmyYByv7y/rNpN35kMGz3uSjaXdW/TEJx0G55F4mqMBWT/u5wxdGNqtPee+exOPBeOYu+6l0jQ9QkOI05aNJpJ38T8sCC05HleazBvE3OhD1Y43UpLego1BeJSm9ybJ2SmsDh1Uek5zdx0pl/6/mbl8UGn6HsuD+PJiPtozEXj8v3nEA4f2TMUjNAItoNceZ/XacaXbP7JkJlvOlHTL0przMISZSzxpMsuVKbtOVjpKLfsPRvFl0uccunyDvPTNjFyyhAPmtf/+dBxTNv4HPZCVspnxCzxL9zXyvQ9N3bkKz/DP5aNZkmN6T/yJhQxeHkSi5jhzlzzJ4CXjysrgznHmLi+3rOT18pfY+M2HjJ9Xkq9Psjoho+wwbx/nn6FPltajmR++U3qMtTmXtJkpFfLzJXakl3UpOvfdmwxe8CQzN77FP81l4rFmM3nk8+Wn5erBmhBWr5vJ4CWDmBldVsfK1x8hhBBCCCGEqA9pwSIazBrYnrCWjs4Teb9vK2K/+4DwfdOx63icv9t042mrGL4stGNGr3G4tbHmaasDpa/dVS1I1mbwZU4GX9KP9595m/zvw1iS8P84UdCc1DlPsuPDScw9k8eMAYsZ4Qwxe1YTsnMytD/Oa39xxGC8RXxhBoN1OsAWCk/x+RWYPL4/JW0yTnwfAw4L6NMCTpyP48zdDM78cJqXhofyOEn8/WAUQ5be4Pt3P8Cr4GvGhL1MPO1YMjyUbs2y+fLQB3xw8AVadzrOa54Vz/+nkvROnGbGgAX439pDyLmPeOz1j6D5UMJHjeO7bz7gg33T6ez2Ay+7/MjzYf+PL6368eZfg2j/cxLLDn7O+LB8kl57jmd69ifyxNd0dRrEUNdHsbxzhClLp/MlMLnPYka1ucWH//mIae8N5urs4yz2hHxzHmLVhRHNoVmz5lXKSZ19jC9z4C9tc1jSOosDd7NL18VrMiA3gUUpafSK/KjC+w6cWY3bkkwyVwzniCa73Jo84jVJ5BjHcDong3goKwPjHU5ryi0rfZ1B/I6vy5IozGDJ5hl07RzP07ZnmLl4MptK1llls+lM+f1V79w3QbjtiKmw7Izma/4e/jXpAUd4zbs9P52PI/5uBvEnygVzWjkRv3Ei48stO5MZxZLS07tTurx8/alNyLchvB73erXrXvN5jZAhIXWejxBCCCGEEOLPQQIsosEKAFwXk77oRZTADDclzcLXkqe7S9fHX+T/XdrLl3F6ps1YiI8VdPv/7N1/XNRVvvjx1/1+GxghBiFt1EYT3HD2ohiyWKBFrj/IzKX12pouWdfYxYrrDdsl26AosZB2oXWngo3clizXjWuyVIRhNpuC6Xdswbg7YqHmpE2yIwyBM0zfb98/ZoAZmBkGwdq9+34+HvVwZs7nnPM5n3PO8Dlzzvl07HF7fQ4DAHG8UfgqSyOAG29CWXAt2X95hnfOz6TxRAdwPcsX3cHSSSpWzpnF9Jff5Xthzukp4+Mf5sLWbJSupUkd//0+ewjnDzNjXDn8kKpj8MMlcwkHgi5zhrtv+ds8mxoDrObaMNDuquIVw2d8J9IMwZMo+elbPDDDuSfJ7VfDmN88h/2rHiDI4/z74lv5Ns9+PwZYzBfrb+Y5+3zqn3qRpGD496sdvF76Al90dkL3eefsnLGzWbn034ji35g3ScNvjocRdsUNbEyHNw+9TfL8X7AxXsWxd7N53SO/cGd8LDc8/gAP//H33BN/F87tVa5nz+OvsigC4ByF73lep96lPWOB8Yn5tF85m1uffID9xPCHX7zMzVfY+V3RjQBcHf0YjQ/dRfi5t0nNvY89XX/khb8+yPtb3+YXD9/MU10wY8bT7P/pUsIdB9g6sFIo8Fza4/Z6xvTHeHfDXfCRjit/Uwyc4fDxz5inqOwbXMm/620eS47B8GY23/uT5+CJB/sHPOwaXLl68k+ovj+ba75q5BfFqyixQP7Lv+GOxMK+awRw3w9+z/qre7AoIf9p5+DKvGuf5o17/43gU2+z+sn7eN0jEc/640/vAMrAQRYZXBFCCCGEEOKfjywREhdl8eRZfbNFlJpZLAbeOf4JAD0O58KaHtemtgNf2+1A9A9ZENEbm4oliTcDZiwXruDfFtwMHOTWx6/lXzLnsfrl9/ne/DUsvbp/Q1al274vh47shuBU5kxyvrYZD7ADWBrfu1msDZjELXNi+o6ZPvdW5gGH/2okXHsX7z9ZysSPn+X+4ntIfTieMb95zs/Z24AYbovvjS+CyaFA6Hf4jmtUw2N71ggtCyMB83NEZ0Yz9eHbeOFMJP/+g7uYHgw4emgH7F85t9D99PRfB+WXSUksjQTsDuy4Bk9CZ3JtBAELvyK0b9AjUjWecMU5Dpmdr0+1vsC/b7mH1dtK+5bo"
20:58:39.342 [Forwarding screenshot on session f38f5520-bd02-11e6-b34a-8d0186b048d8 to remote] DEBUG org.apache.http.wire - http-outgoing-0 << "VDc1QXAEKtc5jQ0ZS3hwIPu2eFox/xbGA+OnOusJAAr47//+i+tFGnckO881YeHy/jDedH/Zt5Rs9dIMZkYoUY6/jg3LfuR80/4XPj7vFj74R/xs6Q1Mn7GApCtcg4NA4vduJBxQXn0zK6d7DqMMrj/+5d+Uz2Mpj/W9lsEVIYQQQggh/jnJDBYxbO3ADd+Ndnunh26cMyUCdXVIBB636grnXXyPAxKWPscX2r288t4b1DS/x46/PMeOvzzHD5f8F7tuG7Beh5PUNJ5hxqxFfU97+fBIHZDGvKv7hoAAMz1fuR8X1HcuHcbfMqukkFPA1ZHXs2DKj3l2Ziv3699mdEzlsaf+m1v/vJNX/k8t7xw7yFPvNPHUO09TnqPnHrVnaGfOunw+Q2fUNtp1fMnf3CI91/4ZoGRV9Hxsjr+h1UQOGUVw7+weRZDPMPaves/ExxkFB+P76AEUPqJQ+Bj4CQ3H2yof99BfOjw/G1x/huY+oCKDK0IIIYQQQvxzkhks4uJ8NfhmeeDjm4NCvL8ODoZTH1VxtO8TG/sPVwFqJqj+xjPFN5O5Hx64p4Ta4g/5+rGnmQG8fuQAHQMTPWOgxA4rZvc/nnnP/2ni6hnzme4RsINjZmvfqxNH3mQ/sOi7Wg4dqOAUUPIfH3DyqVd58d6fcfvU3tkyAd/6+9TxyX+xfMNtvB+5kuINr3K0rJWmlWlAB5+YvTz4WaEEOmj6+LP+9740csgy4qx4ulzLfNcYytVTs3n/qbd5/6kC4kKCmTpxHvNn+pjB4eifCfJFp/MR0CcM+wPanNbdv/7rtc5/2P9IRf1JAI4eeHOIeIL6ZuFU73/LNZvlJK/U9i4r+i7fcZ/VY3f7t8Lt2Hd3csxu48SHv+WlVvda5av+DC3/pnwZXBFCCCGEEOKfmMxgEaPOOVOkhV9v+yWsyBrw+g5XqH0sezSfZ3+0hM/ff4qMVpgx4z4WRYTR3N7C68d+wj2Kp8mYreHjD/byETBj2ncJB859pCPxNy/ywH/sYclne4E4Fg98PHPC4MfrPvybH6G66xGu6dzPT3b9EZjP7XFXEfTFFOAMf/7gHW4YE8fnxkru/9MfATD8txEStR736cMVHhnK8a4WXv/tWoJW3Mt1kef5r/r3ALhSFTYofMqidczT30d++UqwPM7iK9spf/nnzn1Zbv03xoPX/Ax8b+g8j+eHN93Mw7ve5tSxnzP14ZeZ3NXEfteB8QuzvMcTEomrtHlu5w9pei+U/ebBm9N2D3rH873xcWmsooIdQP7vv09l9SQ+sgyOx/16PzDjBn6REscefRMfffQ4V2Y+w9V0cMoVNvvH9zId+Nzb6V5+Az9LjmNPfRMftRajXV88OIyf+iOEEEIIIYQQ/sgMFjFsvpYCTRrjnO1x7ezlzhknf3mOrLcOD3j9Yf8B7RXc+ptVZPyliXnTN/Kn//gBoGLduhe4LzKcbfqfk1yyijX1bzNv+gb+dMcC53GOTk7RwRcXeth74G1Q39L3eGbT8Vo+YpLXx+teHWrm/t/fxeJdL3AqdD67flFC0uWQsPA/yVaH8/qhXL5X9ANu/VMFS5N/wg+DYc8njXQAwR5LU3wsHXFbuxM05grnW5cFQcTNvPrj+5hhP8j9r9zF937zAE+dhuwf7OjbVNejTMffzBs5T7Mq9Az5u35CcunP2dYVTvYPfu/aVBfCBy2VCUYz1rWXyGXeXnvP//TU56j/wY+4eU094QAAIABJREFUGjhl6R1ciaEk413udC2R6T33ENf1JTieX911H1cDzicLnWHVnPtY65oNo7osCPeZJsGX9c4CGvBecDzbfvEMq1zl9pHlDIun/4gfhvaekes4t+sNkLL6D+xZlMYMV/rOwZUYnvrxnyi+0W3fGmckHhbdtZs9i37EvFBn2Sy+diPl18b1fe6v/gghhBBCCCGEP//y9ddff/1tZ0L8T2Sj48segi9XuW7ne1/beebh63iY+/jiqZ/Buc9gzBWMv3zwoEXH+c/o/AqCfXzeF4Yr0ES4Pref44QVosaP7wuj//3N3FSv5L1f7eY6x2e0fRWExu3zXufOfYYdCFNdRfiobXTizsa5c39zpjH+qiGfUOORpwDDXzT7OU78rQuFIpRx48f7GkIacIwVk7XT7/UJjA3Tuc/hskg0Eaqhg7sdd+7c3/gSmDj+qgDyfI7nttxJFVehGbeAwntWM55zFD56HQ+bYcac5zianjCo/gghhBBCCCFEIGSJkLhElIR73HT3vj7nXHJid+4sOn6875kC4RFDDyoMChM8niiv98Y2vnSAMuIqND7i8peX0aEcdhqXPk8uweOJmjTMQYVgFZrxwxkQ8UWJZvzUizpu/PirCDzXwfS0t7DH0gKt+9jbXEFYVwsfuT5ddI3WT/0RQgghhBBCCP9kiZD4xoUrGMVH4QRCCShHYbta8Y9NxQMbnMvPAE71Da6Ec9+iF3jyxqnfYt6EEEIIIYQQ/+hkiZAQ4p+O7UsrnRc6sV8WxLiIAJdECSGEEEIIIYQfMsAihBBCCCGEEEIIMUKyREgIIYQQQgghhBBihGSARQghhBBCCCGEEGKEZIBFCCGEEEIIIYQQYoTkMc1ieDqbKXtmF+cVir63gi6P4JqZ81icEnvJHw7UaWrmU8V3iFUPL6XGbQ/xEisoWZs4MEZqy57l0HlwOyMuv/Iqblh8C7M0YUPliOriZ3Ck3s/y2Mhh5Skg9ha2lezkC7fcATgcDq5KTmftgqgRxb39hT20Kyax9O7lRA0s0s5myp75A+evnMf9mamEYad+57O89n4rDhRol91LVmpMQEmZ6nfyu70nUHieBg5HBMsfyCR2qGIeLlfev4iYwwNZyxit6Fuqdbx8/GpyNoxWnBZqy56l+lALTL2VJ/JWEmgtsp+opWjbcZbnZKGoL+Pl5kmufA0nzotP33/e9lKy7WOW52YS840+MQzvfVTQ5Vw5dSaLlqegHuLw0b/GA41WmXei3/4qhnZIWLqalKiBuXX2bfu/iOAOVxszN1bz25fexexwEBqdSm6A52g/sZeibX9leU7W6LfVb9jFfod8q3X6IrXUuvcLvrn3JaNzfTupLi7i1DV3kLUstu+9vWXP8p5bfQSwt9RS9GIzC26fxd6q/xl1TAghxD83GWARw+Po4GhTE2alClUQQA9Wq40GfR1//PMayvOWXbpBls7DPJxdhCZLR6x6qNskT13dZ2jrcXj5xMHJQwaarEpUKteDnHusWA2gr3mfLJ2OFL9JOTjV0MSXCd7iHgVdbRwxuJe3S08PxFhHHPc+vR4rKmbe7mWAxdHG/iYjNiLozkyFxlcoqWzo+zhaGR5wUp8eeZ+mJrOXT5QkOzKJ9fLJiDg6ONpkxKxS0w2jdqPcdupDjA2MWpyWw69RXteEWhtH9FXjCB3GsV1nj9Nk/IAbHVkomuswNqTgGGacI0nff97+isH4AUld38LN6KA+CnqsVmwNeqreP01ZSbrfAY3RvsYDjV6ZOzDuq6PBCsy8zcsASzfH9xsw2pS0OTIBC7u3VtDU221EEPCj67vO/rWvrv1DG8l3yLdZpy9Sm1u/4I97XzJauk8b0TfvZ/WyWGd7s7eyp85AK7Dv6G3EJjvL/+MP36WptYt5HUH/M+qYEEKIf3oywCKGRwEXgJT1T5OV6LpNsZvYXvAwVU0VvNI4l7WzLsFMDoAgZ9qXh4Rc3MF+qFLW82JW/+wWU/02sktqeOu9ZlJWDnH7r4Qghf8gF62vvJ8hK3GUb/cUoAKsjMFr9kOncfeaVXSrpjMW6OkdoFItpOzFzGH96q5wzSZQaZewZokWHM64vvpKwYzRuqsHwI6dYIJDFc5zGqPwfm4XSaEAlKMXpyIIQMVPNuUx66IyE4QCSL5/OwkbggkGOocR54jS9yM0NKQvb984b30UndQWP0x5wz6OWtJJ8VN5R/saD4p/FMtcMQaw+up/xjI/I4NJ1suYFgpwllYrgDqAgeOBCSmAcEJcbdUOl3y24iUxgu+Qb7VOXyT3fsEvt75kdIQRf4OWyh1GPumEyDDoNDoHVwA+PGiEZDVg56MjraBZwXdV7fyPqGNCCCH+6ckAi7g4"
20:58:39.343 [Forwarding screenshot on session f38f5520-bd02-11e6-b34a-8d0186b048d8 to remote] DEBUG org.apache.http.wire - http-outgoing-0 << "DrffxII1pOf+jGPpBRx438jaWcnYzYd5QVeK3uj8uVSTsIL12SuJCraw/aFHOTFZi0WvxwQo1Qncm7fR+fcWJqp1ZVTojc64lWoWpt9LZupEtm8swgroi9ZiTstlU9oYthVtpcZo7kvjwY0r0VzcCXm80iRoUVFD22dtADTXbuP58hp652BEJ61iw4blHssNOpt38XDhu6hjQ2kytAJKklZlMKv9LUprnK8TVqxn48pEwEJ18RYqGlpdp5lAxsZsUjTD/5PyRP1Otj5fickGoCJlzXqyls1y5edNFOPAZLISnZbLlvRh3NL1/I3D776LWQ3XjvuI/KI65/vW/fw86zzrn9rIFUd38qu+tNUszLiXzFTfA1JjNAmkJA/OQ/OuQopfb2ZS6no2pSdC52E2PbAV89Qf8lTecs5WF7Ppj63Ez5/N+QM1GK2gVMWR8XiOq8w62VtWRGmdEVCiTZhKm4889F6niKkKjEYTAHFp2eSkJzsHKE7oeWFrBQ0mZ91VahLIWJ9NiscUHwvb8x7lWEQ0XzY0YALUcWmsvhFe1FVhxTmYlJu7lqhgaNlbxpbSOpwxOsvp9sgPyHSVacHtd7Ik59f8eMonPtoNNG7fxAvHFISeMdBqVXLLHXP6y293EYVHoshf0cPGAXGu1bZ5bSchh7d5pL/gju9zeHcr657bRGIYYG9mU0YxV61/mrWJDNFuzVQXF7vqsxKN2gY+F+OYqS77LbvrmpzlodKQtmY96SlRgIWdeY+y57yCSaEOjK1mopfksOW2IHSbtqI3WUGpIeU6NcYPmonorS/euPdRhHFT6mzKG2o4fbYTIjt89DOedbdxex4vndAw+cv9NLTaQKVlzbqFnPq9Dr0ZUEaTsfEhUmMjsZvqKSl8HoPZBnjvIywDytz/NXeWxUFCaTO2YtOkDTn7xlMXxxre5V1zBNOSJrD9vnzXDa4Z3c/u4fT6p0mfdhrdlq3onSMvXvPcz8yfSvIoMjjLTJO0hrwNy4jEf5sJpFycOtm77RleqmnC2Z0kkPXg/czufmdwP+a37x/Gd0i6lvqdJZRUGpxhVXGsy32ABVFhDK9O+0pzcF/orS/ITI0dsl+yNFaz5ZcVtNoAlKSs2di//MbSSFnJC9S5yqO3jNtc/cKvt6QTOYw8joar4+Nhxw6OtXaSOCsM48EjoEpiRXwrlXoDJlLQ2D/mo1aIXhFPEPvwVcfadhXyyJuQ/8zGvuVDel025ebreW7Tyku0lE8IIYS4OLLJrRgdwZOJUoP1w6NYOEFJVhF6o4pV2fnkrkvDaqgkZ+N2OoGeLjNNej3TVmWRk5VGuNlAia4aO7C3MJsK/UnS1uWyeXMOS2IuUFf+PPWdkcy9bQkA2iUZ3HHT5ZQ98Ag1xlDW5OSTn70Ch6GS7Lxd2C8i+z2uARa73Y7dbuHwmwexArEJ0+hsLCO/vAbFwjXkF20ma0USrQ07eKXec8mLo/scZpuZJsPlrMvJYUVCOA07dJQeiWBdTjZLtEEYKl/lcCe07NxCRUMbq3I2U5S/jqlmA7qHX8LiJW9jgNMfvEVtdTXV1dVUV++iem8jdsDespOckkrapi4hZ3M+axZOQl9RwKbqFld+rJhMk1iyMInZ0ROGWSpdmExmTMfP4fjK/X0b1o4uOow7yS6pxGRTEh2nRY2ZuvJ8dHpvS4GcOo6+SnFxMcXFxRQWFrJd77yR6D5nwmqzcb6996bYgdlqw3zyHN1A25lWbDYzDTU1nBkXjVoJNmsTul+9RifQuL2gb3AlOm4qJw1G502aF73XyXgykqz8zWSvSKCpqoSSWhPQTEGOjgZHLNn5m8nPXsU4kwHd1t10Doin57wZY0MD2oxsslYlYG6qokRXy5yMbNalJWA11vC6wQyd9WwprWPcknUUlWxmVcIF6srzOTphMevS4gBYuCaD+dPODdluzEYDXVNTWJg0H+24/llZ3e0nsZ1pJ0I7MM4un+0kdEDY6yOtWG1n6O69BF0dnLRZ6XYNVPhrt3rdJioaWklZk0N+9q1YfVaBTnbl/YyKuiasKNFoVGA1UaXLoXivsy60nzdjNZswtjojibhKQdnPC5yDK6po4iZZ0esNmD3qi6cxQI/DAdix2+10Wlp4bdc+QM30KWF++pkB17jrPKamOlojbiUnZw3RPUYqinR8ol1FdtYqNLZWyncdBiy88lgJBsU8cotKyM1IobVhB4U7mz3iixx0ffxf864zZkzGVuKXLCRl5uRhLyc6Z2rFbDLRfuErHD1uH9igh08p/s8C9K1WVBotWrWS1oYdZG2q9tmHGg2QkZPLurQ4TA0VvHrYgv82E1i5gKsN1zQRk5bF5vx1xHUY0OU8y6eD+rHL/Pb9gX+HRNO881FKKg0krMhi8+YcUlRNlOY8ymHLcOq0vzQHBPTRF+gt/vsl+4lq/rOggrapS8jdvJl1S2LQV+RTrDcBJnQ/L6DOqGBVdj45GQtpbdjBL8oO9/ULw8rjKAmOiicOOGr8FLBw5JAZ1ZwbuGX+9cCHNJuBM8cwAtfNubrvOG91LCY+FqwGqg+ZXOV4mN16E5Pi42VwRQghxN8dmcEiRk2QArgA7c0HMABp+U+wPDYMiOVJviCrdB9HLLfguADKpCyylqc4DzTuo2j/KdqxM/nGdaxbEM2CxElYzOfQxkylpsmMwwFR189EratBPTOZ73S8Rb4VtCtWM3faOBwsYvWSg5TUvMlBy3K/SwAGUowBm17H7Xqdx/tKbRo/TtEQZJ5HRoaWa1NTGGuxEBJ9FUp8LzpaVZTHgiiwBx2l0lDDivXZLIgJxh50lJqCQ3Q7IMjRA/Rw8tgJps+9lqyizXQoxnn9dVoBtOor+6ZXA6BeyNwFs/hk3/tAAk9sWksUQEwu3a3pVP5xH+fXu/KzOZflF7lpgHOZDYydtZJncrtYW1AD6oVs02VytMy5Vl6VlE7uhlTOVhfySIUB/e53uCsl3esfvjZzKw3m/jMxkER6igYGTk7vvW8e4/ykd8GGMm4NL+Ytw964nfSCKrB20Y2Fg/uccSate4oNCzRY6nVkluid6wF8WPVEHilRQGw2pw+mU/n2e3TetIi0jAwUsckkjgfzOQcJWjC5Bno8suiqx5mpycBEGnYYOJ5yr+v1FA5XGTzOpe2zj/n0b9Hc9NPHmdEGV0/W0DPzSkqr1My+KYVxn273027ScS5qSGBjXhYawHK4bPDVCtMwxy3OSZ/upM5XO3Es9wg7xWjsv+Ye//A838Ht1szRD8woU7LJWpYIJPLkhc/IKh18E435EG8anTMB1pXoWKCBFle9aXj1TSwLbu9LdmFWCZkp47Gb93NfOUA0Oc9sITEM9hZnUdrg+45XATTosrnds0mTsGojiWF2Wvz0M4OXSSSRt3Glc+7CvFqK6qLZmOWcgRFqfJOC/ccxk+i8zG0mjK1nmZu4mqKoxSjGTfSMasD18X/Nb8GBs8w3rE3xea7+9J6LInQWeeU5ZKUXYUZN9jYdWmMZmTaAONbn5aHt1rMxW4ep6V0MlmUke+mMVhVtIjUKSFRRX5XD6dazEDfOb5sJqFww835tKySsIy/dea45T8ArB74Cx0ln2q5+zN68k3Sfff/SgL9DYjUOyva0gmYJKxfNRNENt929An1BJR8Yj0GgdXqI7y0PvvqCSOj6xFXGXvqlgycPYkNF+p1LmRDiYPJty0k60ETD7vfo1E7kAysszMljeWIkEEs+oXxEkKvoFMPL46iJYk4clB9pxX5LB4esMGe2lrDYIDRUcegvJmJpBuKIjwqmd8qh1zqWeBNpmgqq3ngP+4J0ztW/jQk12TcFtsm6EEII8U2SARYxarqsgCqUy7q7ACWTJ/bfYoeonL+9KgB6ICZ2yoCjFSgIZuI42Lk1h9Ii98/UruMczvtlRzddHc5f5YyVBWRWuofVDHsdueMCoE0jZ8V06HE+oSd84jRio1zTwceG0/5hOVnlOr/xOKmY4Nr7tavHAaiZPDHY9br3TGFW+oOsMP2KyqpyGqrAuXzoXrJXJg9ad24FUrLLyPJyx+P6m9ztnIPRTlfDmd7XaiZMHHpwJZC/sR29e7BccG4A2jvoYW0o"
20:58:39.343 [Forwarding screenshot on session f38f5520-bd02-11e6-b34a-8d0186b048d8 to remote] DEBUG org.apache.http.wire - http-outgoing-0 << "Z+3t5f0B29p9bhCqSsrgybuvxeGaJqEIGe81LcsnR53LsQYMkIRfeQUAwdHT0QCm3gGYMYBVTcIM5yKByJmz0aDHNMb3+YT3bcMQjHamGva10x2sJrznOMXZ5XhWQS97cvTA1Km9N4rhRCjhmu/21usQIpTQBRCZzPo1R9haUYeuybk8RB23hPUPrGVcj/MkHQ5wDNVuuADKCIbaPcLhFudQ7cQ9rDcexeer3Vo+4UMbxFw9rv9dH+Xe2XbWuTRCqSXetZYvJj4eVYUBq8cxGmbOdgbo+uRj11KiaKa5imbClf7ncjgAbdo6VsxU0dPjwEEoU6Zp0UQ624LffsbDBVCGur3v+bqntwyIZPVD6zBtLaWy1EilK79rNjyEZkCzdQznmnst84vU5ejLt+f1bqIg83a311Yf/UF/3wbhXKWCfec6IDjWT5sJtFwUKIJAdXl/JQiOWsDaqN6BxP5+zH+dDvw7hM7PMVkBaw05mTUeZ3r6Lx/QFmCdZqg03fnrC1xBvPVLPSgAM+WPDNgAdkwXZz75KzbUzNb2F2hsajqxQP8Y7DDyOIpi58RBeTMH64OwouF6bRig5YZo2HHoAAcULRCXjnNxIPisY4Rx061JVJXWctC8iNPVTRC3xusgoBBCCPFtkwEWcXEUnrd5nY1vUWeF6MXxXO7YB9j4W5sdXDc0zhsJ542PAwgN8/YEGhMvPFJKkzqJnKIfo41Sw+Ey1hYdGpS2wrWr48KcMjJdG1l2mg7z3ofdrg0dh0elnk7iLO97ORx+6TEqDbAiO59FM2OJ5DD3rC1i0DOHvbrgdfTC0vIpExY8yGsbx3Oi2cCB6lepqnyRg4uSfcy+8X7L43AMnqLx+WdmQMtXKHymP1BAp+IeHudAFIA6ZR1P3DWHDmM9+461c3V0PGN9HDcmKAx1pJqBU3UcAzPp647fMegfzlcXAMwYPjKTolbTaTyKCfzMYFF6vPr0hBnCr+f/NW4jv0JP9MIMHr8tEY06En3xnei8/HDtACImjPN4HTRG4fEawG5poS1kNk++loXC1MKH7+2ktKqGN44s5W73ZuRw4K/dXMyNkCJ0GO2kt8x7EwpSeBSfz3YbOYVYJTSf6uhPV+G9EYaNm+jcWNl2um/zS/OxZucAygX3WuDoK8BIrRY1dZitRo6aIUVtp/WErx12nC4A2unxzPK64XaA/cywWGg9C3fkbSc25ByNRw7xavkOKop3M/fFtb73TRnimvvuKwcKoHYovP4TiCNX9wCTHa28895RFOOj0QbQhzpwzuLr9NtmhlEuPW4baeN8dHBB6XFuucWzH/Nfp028kBnYdwhhE1ArwRi7jtc2LnAlamLvnmbGxU9lb0N1QHV6OPVp6L7Ae7/0vxxWQEv+a5v6nrjWUr+XE44JTBz3EaDn2Kd2EmOddah5VzF/OBPLwr4LfSnq/NA01yajopSK7UD0KrRhAMHEz4tjR0UllUDSOt97wPTWMQDNvFSiSxvY/bvf0WaGJT+Ze0nzLoQQQlwsGWARwzYGOH3kHfTWcL766ivOnjxEVV0TEMea25yPZNSiZ8eWEiY//lOmdBymWNcAyiSmRMJRYPBdvwMH3c5f/COuYsqksXS37EVXVAeonaFdN4Cnj7zH2aWziaOGutJn0Yb/lJmKT3j20RKabFqmL0vxuRWhb35GIRwA45gwZQqhjhPsfLYUK7imLg+c6h6YT/a8iE7fw+c5T3CLdhoTI5x/CQ93oEN73RzQ1/ErXS0Prk7kbwdeorwJNGk3MJ6DAcZipuS+e3ix9y/ZHivj5uew5XbfRzgA7Q2zQV+DWf86L409S9fBKprMoEyawILk4U3dDh/rvHkx619FF3IEY43e+YGfGSj9Ipk9V0NdjYmG0l9Q/NdYWvUNQxxv4yXdNiZkLeWrQ69QYYS4NXO5nH0AREzSMH6sgsZaHboG24C9LQcMBAzl7CFKS6uIPuVgw+3XEz35Suf7btfaAUQmzPfbbtoGpT2Qw2MgxgGEzZrvt52McwsbOm48YKXq1b1MuS2aQ78rZfCDwL212/HExipp0Jeyc3Y4N01s43elznYLYDfV88Lv/sw1K+8nNWY68SrQW1spui+bhNjLaXZtaBm3dLH3dhs5jWglmG0mdFn38JrKijmQJ5T7XPvgv59RuJUlg/7tNSEcdPAnXSlN6r+Sm7eaaO00IgDGjfW5b0og19x7X+kZB4C+5D/58MX+RYvWnnFk//ohn+EdQGTifOKoo4kmXvrdq8zESI3BBMQxIzU5oD7UfVsX720m0HKJZOZ1aur05Wyvn8gt0xzsLi3H2BpHWsiVHiH91+mJAX+HtEycy8zrVOj1L1G2dwK3x4dz4NVCKvRmlkQ/77dOexrie8vdkH2B934pfkoP6GsoL65m/Y/n0m3cTb6uBpKySN0whwQqqSp+lumP383Evx3g+R0NdCQlEKJwXu0hv1v9aKndxq6TV3F/ZiphdLK37Fk+nrqczNSYAW3by5xF9QzilaC3Qdy8+L7ZmVHxySgrmrChIiHe/7b0fXUsOJa0FDUlegMok1h8qZ5WKIQQQoyQDLCIYVMArXU70NX1vqNEm5TGHXen4/wBLZaczRkUbCqnKDvTGUSdQHbeBqKwoMDzD3MYA+EhKIjhB6sSaNpRSVa6c+63NikBZYOBo0YzKcnTmButpKaugk1dWZQXZVFQoEPXO21aGU3G5hyGd2uvIHSIm/i4pT8iWl+OLnstOkAVHUe0sonWj47Byol95+OcVdMfmb/XiXdtIOWTQiqLcpzT5lGSkpFH8qC/URV+xxgiEzPJXdVFwY5ysvXOZTqapDXkpc9C0WggwBEKsFmxuu0KO6bb95/dykljCQHCZq0ld1U7BTsaaKiqAkCtTWPjBj/7RfgYQIq97R6S3n+EBrMZfY2Z6DgtyqbBG9WGjvV+u5q4diMrPttEZZOZBn0Dao0aTH52pQQ4U0N+lnNpQHRKBg8siyKMENK0B6iqyCe9AkBDQoIGg8H5uFFnXXWe/8B67Ot1cOztZC05hq5GR1aNc5mZOmEVP05Ww2FnnCEKINhfu4G2vnbinkLv9R34mStOosjx004sbmGDY24hI+kg5XWlZNcBGi0qtyEW3+02mNSNT/FZ3mNUljxCpccR0PXpEfRNBkJudgAasp7JR1HwPHWtJgwGcD5taz0blvfnyLOiaNjwXD5lRc+z32jGPCaOlGss6A0mfPFf6/33M9e5XWNv5eq5+VLv51H8NGcFm4oqKchyDQ6q4sj+j6U+HjUbyDX31ld6CnW7Mbe6N2DGOT9TQH9ZKuhdfKRwlcMDrrRbDXXOGV/KaDLyHhjUhw7sy3qFhygIm7XUT5vJDLhckrM2cvp8IZUlj+DsTTSsyr2f6ewekLa/Oh02jO8QFS9veJLPv9xEZWk+vV9nCatyWBs7DmJ912lPQ31v9Q/KDN0X4KNfiiJ/TTeFFRXkNFQ4i1GbRu79zr42u2gdBY+WUpTd4CqOheTdn0LHS68F9N06U+H9+gJ0nDyAYX883ZmphOHg4/0G9jtuJDM1ZkDb9kbN7OvU6PUXSI6P6n9bM4N5KqgbM4eZrnESf3WsV/LSVJ7XVzApdcFFPi1QCCGEuPT+5euvv/76286E+J/KjsXcjkMRgjpyGHv9d1owdzsIGasmLIC9WS1mMw6FAnWk71+06nX38HzPPby8ITnwfHhwngshY4kMJFMB6rRY6HbAWHWkjxuxANk7Mbd3owhRM5yiHhV2C+Z2B4pRKBuL2TyiMu60mOlmLOpI38dbDpeRWXSUnG064hxmuhSDy8wZj/86NWx912io87vIdjOEQNqJM5sW2rtBrR7+uTvLLbB8O9MJoJ13HibvgVJ6xk1iZlom6cnjqd50HxVNVtQLc9Bl+nhM89CZHVY/E5iLvXaX5poPK20UF3XNe/lvM4Gfn91ioT3APtFnnR7mtXWm6T18wHV6OGl66QsC6Zf89yEBlPElqfPfHEt9GZkl+1mne5kFw5+mKoQQQnwjZAaLuISCiVRfxF9BYZGoh3GPEVAaPT3YAtrK1ZeLPJchhEVGjs5jJoPDUA+n0EZTcCSjVTQjLeOwSPXQ"
20:58:39.343 [Forwarding screenshot on session f38f5520-bd02-11e6-b34a-8d0186b048d8 to remote] DEBUG org.apache.http.wire - http-outgoing-0 << "5elwAB10OyA4Uu31Ji6geIYr4Gt0aepaoHEGD7P9uRtOuQWcTpiW6WOsVLVaaS3Jpqqk9wMlqYvjLi6jMOx+JjAXe+0uzTX/JtP2f+0DTyM4MjLgJZ4+4xzmtfWXZsB1ejhpeusLAuiX/PchAZTxJanz3wB7M4UPFmIw20C7hnkyuCKEEOLvmAywiH8K4VPjSXD42npV/DMJnTKbhSnjmXgpH58hRlEY6U8VMb5qDx+e+IKuHghVX8WNS28jOeof8Gd4IbyQfskfBVeqJ6HVzOTO+5eNbLanEEIIcYnJEiEhhBBCCCGEEEKIEfpf33YGhBBCCCGEEEIIIf7RyQCLEEIIIYQQQgghxAjJAIsYGfsJtm3axK5mSwBhzbSlXaB2AAAgAElEQVS0DPHoXC9aasvIK66m8xIfc6nzBHiUgf3EXjbl6WgehUye0G/noax7uPOeTbyxO7C8DXUOJw7Xc8LHh+7pNV6qQh5FLdW6S1ofLiX3vHtcs4tsT+JSO8H2wk0Ulu0dXn0bTl+K//YphBBCCCG+HTLAIkam6yz7mpo42THUE3o62f5gFo/sMg47ibbmOowNp4b1DKC244cwNpyie9ipXbo8DSyDrrN/pcn4AW0jebgRACZeL6+itUNFzDVX0nUssLz5K6POw2XkFD3Pp14j8UzvH2Gn7LZTH17S+nApuee9v95dfHsSl5alfg9VhiYMdS9RbxrGgQH3pUO1TyGEEEII8W35R7g3En+n7EBwaCjhQFAA4XsugOrykGGnk3z/dhI2BA/ryQEKBaBUcKkeyHAxeYIBZaBQAOGEhDpf2uHino5g/5RmGyRlP8GG5DCw381twUPnTaEAVCGEANjtEOx2RJDzfyHeCnBgen/PXOcVGjLmktaHS8m9LvfXu86Lbk/iUrLzXs1+179tVL95mNTMxACOGl5f6rd9CiGEEEKIb40MsIhha9lbxpbSOqyASq3ECsx0fdZcu43ny2voXbgQnbSKDRuW07aziBoroC/iztNp/HpLOmd9hFUPSK95dxGFR6L49ZZ0Qk31lBQ+j8Fs83uMk+vnXZOevMd0nJm0gqc3rSSys4VtRVupMTpT1iSs4MGNK+neVcgjb0L+MxuJdY0b6HXZlJuv57lNK3EfSujP0y289dCjnJisxaLXYwKU6gTuzdtI8oBMNQ8og/wVAGb+VJJHkcE5E0GTtIa8DcuIBCyN1Wz5ZQWtNgAlKWs2krUs1jPSzkby1pZgBRpK1pJ9NIeMsW97Ly+lmujwDtoiUnl6UzowBqwHKHroAMZWK6Bi4bqHWD3uEPcV1AFQtPYhssu2kBzpO72SzGns3fYspTVNzjAqLRkPZZMaE0ln8y4eLnwTxTgwmaxEp+WyJX2W2wmYqS4upqKhFQBtUgLnm7u465lNJIb5KwML2/2Uu939vFXRaFVmCOqtpXbqd5ZQUmlw5TeOdbkPsCAqLID8+r8uLXu3saW0xtk2tAlMOm8i6q4nWJsI27N/Ts/qp1mb6CzMxu15/PLodH69JR3FCT0vbK2gwWQFQKlJIGN9NikDHkPcW+/um33MrS4t5kb+TKP6bnQbFrhOsZnC+wq5fPVTZC3Q9B1fvy2P5/edYf76J1mbqKa+LI/n958h/kcPsWFZDM07N1H4Rgvqq8Zj/qxj1MLF/nAjG5d71l1T/U5+83ylqxxVLMzYQGZqLI3b83jJFMW08/vQt9pc9TKXzAVRruvzPprYyzG42kx00hoecrWZAY2Dvdue4aWaJmwA6gSyHryflKgwTtTvZOvzlZhcaaesWU/WslnOepX3KMciovmyoQEToI5LY/WN8KKuynVdl5CbuxavT4i2HORNo43oFdnMO/E8FXV/oiUzkRgvQZ31xXdf2umjTsy2vjaofYYfDqwvFUIIIYQQl5YsERLD0tm8nUdK6xiTsIL8/BzinbcuOIDOxjLyy2tQLFxDftFmslYk0dqwg1fqzUyJn4caUGqXcO/qOXztJ+xA3e0nsZ1pByy88lgJBsU8cotKyM1IobVhB4U7m71nNigEh7me7Gwdxp4ENuSsJBIzZQ88Qo0xlDU5+eRnr8BhqCQ7bxdXx8eC1UD1Ide8/s7D7NabmBQfz8B5Gv15gp4uM016PdNWZZGTlUa42UCJrhr7gGMGloFr4gpGA2Tk5LIuLQ5TQwWvHrZgP1HNfxZU0DZ1CbmbN7NuSQz6inyK9QPWHIRFc8e6hQBol2Rw9/xpbnk7QUl2CYYLMazLzScrVU2r2Yb1TJdr6EkBWDlz+XxycrNZGN1DXelWjk6+hYw0LQBJa1agjfSf3uGyRymtaSJhRRab87NIGmOk/JFH0ZvB0X0Os82KyTSJJQuTmB09wSP79bpNVDS0krImm/zsVZxvMGC2nsfhYMgy8F3uJp51O+91c4MwmoAxzjSbdz5KSaXBmd/NOaSomijNeZTDlqHz6y9Pnc07eaS0hjFJa9hclMucLw0YzWa6Hc7Sbm+z0u7oX9PR03XGdZ2aKcjR0eCIJTt/M/nZqxhnMqDbunvQHh6911bjUZdSuHbmOMwNr1PvOsB8sBaDFa6ZrvE4fspVodhsVg7sNQIm/lxnxGaz0rD/I6CT/e83YbPZiImJHNVwUdOneJ6IqZqHSyo5M2khOZvzWZU0hrryfHa22OnpOo/JUMOHEank5GaRorFSV1pKo733+pgwuNpMxhItrQ0VvHZ48L4ljdsLKK1pIiYti83564jrMKDLeZbWlp3klFTSNnUJOZvzWbNwEvqKAjZVtzivy3kzxoYGtBnZZK1KwNxURYmuljkZ2axLS8BqrOF1g/e9b5rfqcOKku/flMziBfMAI2/s9b5OyF9f6q9OMMuzfU4+HXhfKoQQQgghLi2ZwSKG5ei+fUASeRtXogZin8rBuLYIgKAJ88jI0HJtagpjLRZCoq9CiXM2e1hMMrNV5RxQzyR5Vgx2s8NnWO+cc+EdAG0mjK1nmZu4mqKoxSjGTfQSXgXWGn6WVYNNmUTJyxvQAPbm96izgnbFauZOG4eDRaxecpCSmjc5GP4MaZoKqt54D/uCdM7Vv40JNdk3+fr92ZWnC6BMyiJreYrzbeM+ivafoh08fkEeWAaWw/sAWFW0idQoIFFFfVUOp1vP0nSkFhsq0u9cyoQQB5NvW07SgSYadr9HZ0q624BPGLHzZqMurUM9M5lZMWE4o1XQdXgPBmDFQ3ksiAFmxfKV6U5Kj7uXZhJP5qWjBuI4Sl3BISCS2TM1UHWeG25KHDAzYGB6bRQ+YkaZlMXGlc7z3/CUgnvWllB3oJmZk51Hrdqcy/KYgT/5n+DPejOqlGyyliUD8ARnyCz5EICmPf7K4Baf5f5Z4zkagLQNOSyIDYZZuXScSGfHGQAL+/e0gmYJKxfNRNENt929An1BJR8YLUxT+Muv/zzNmuZsGxs3LEMDxBTmYEwv8lF3einAPo60jAwUsckkjgfzOQcJWjCdPOdjzxgFoQPqEhNuRVVVyt73TpC8bBLv7W6A6BXc5Dm+gib5RjTlBkzNBppbbBzv/aC1mcYT4Rw1A8okbrn9ev5a0zhq4ebGeg5RHt5Tiw0t+VsyiQUSNzyIo+wA0SE9rhBJPL4xHQ2gvduIvuAQ7V3gqk6scWsz+2ty6HIM3IzEzPu1rZCwjrx0Z/3IeQJeOfAVx+qqgQSe2LSWKICYXLpb06n84z4sy27vq1eZqcnARBp2GDiecq/r9RQOVxl8XEsT+94wgnoJ16oheOw84qij4Y336FyQPmiQ1l9f6r9OeLbPK7tDhtmXCiGEEEKIS0UGWMSwKBRjgJ7+DVTDtMxUQhcQPDac9g/LySrXeTnS4TrG+X//YX2JZPVD6zBtLaWy1EglgCqaNRseQjN4fQCA8zdh23nOdoImDLo6nLNOjJUFZFa6h9SgIIybbk2iqrSWg+ZFnK5ugrg1/ctjfOmBmNgBv9Djbb8PzzJwUjEhvPff4Vylgn3nOlwbb5gpfyTLM4oxXXSD581aj4MLAA7PT5y3qkomjHNLLSK89wPgAihD+/LZ1dMfztHj/HzQfevA9DrbMAPXXa/t/zxsGnNUsP9km+uOWM2EiV7WU1g+5TgQ"
20:58:39.343 [Forwarding screenshot on session f38f5520-bd02-11e6-b34a-8d0186b048d8 to remote] DEBUG org.apache.http.wire - http-outgoing-0 << "P3ta31uR065ByYc46C1B32Xgq9y/7ukGVET3pRnMtCg1nAQ6T2OyAtYacjJrPI48bfzEtT7DR35d8fvK0/9ztY0+wVpmqqDdR0x9U2qC1YT3HKc4uxyP4Ri1vz1jBtQl9TyWRpeyo/YAlrmTecMEKdk3Dd6HJyyBG6JhR+uHVLzYihVQKsFma+HVUgtmQD3vBjRhcaMbblD2L4BqJv1Do1GszIwC4LCrXvbuLuNwFWl/Wai4wq3NaFz9jycFiiBQXT6m753gqAWsjYLDZdUD4gtGO10NZ1wve2Dq1N6chROhhGu+21vPQojwmp5z8FZvA2w1ZN3uVrdMtbxz4naWD1hT5K8vHapOuLfPi+tLhRBCCCHEpSADLGJYHI4LQJDbzUkrRhtMAw6/9BiVBliRnc+imbFEcph71ha5Bgtw3nu6/j1kWK8stJ6FO/K2ExtyjsYjh3i1fAcVxbuZ++LaATMtHKBMoeiX17E1q4iigp1s27ISRagz/oU5ZWS69sLoNB3mvQ+7mRYK6nmpRJc2sPt3v6PNDEt+MnfoMgFCw8KHDDewDHzFFQQ4HFZAS/5rm+jduaKlfi8nHBMYG1hKLjb+1maHSOfNnfV8x/B+2h5qE82wcCKBDw4ayerddMb+Oa1WiLlmImAELuD1kUaRE5kEGI2f0rthjeWT49hcyQ5VBr7KPSgoBLBy2u28275wnXfYBNRKMMau47WNvfuVmNi7p5lx8Vo4e8R3fofIU9DRQ3i2jU85anW2DVzn9OWF/rh6r0VX4zbyK/REL8zg8dsS0agj0Rffic7Hyrc+HnUpmJvSFrKjpJbfPjsOG3EsHrgJkCvcnO8nsKPVQGurDdCSsX4G5UWVtLaaACU3zI+7BOEGliNgPU8HuNqthV3Fz3Ju1kpmD3Hag+LyUz49Pf2f2k/UUlB6nBkTLgwK+vlnZkCLwxVfhNuopAMIGqPweO3N/up9gIaM/HuJUgAooOMQW4oqefP1gyzfkOKZbz99aWegdUJxsX2pEEIIIYS4FGQPFjEs2uvmAg3otu3FZDZRq3uVvh0GHADjmDBlCqGOE+x8phQrcLr1LBDJd2KVWI++T32LeYiw3jhw0MGfdKXkb3qBxu4QorXTiAAYN7ZvP5N+FwAF4epEHsxIgNZKntnVQtis+cQBdaXPom8xYzlRzzMPF1FRUUdHMBAcS1qKGpPBgE2ZxOJZ/qavONxutgbedjm83IgNKAMfegDtDXMBI+XF1ZwwW2jWb+ORklLKDW0BPmnIweWJi0kAdmwqoLaxGf32TZQabH0TJ3znk947YIyHmgftJeMphuQEJbaGcrbpmzGbWthZtJVWIGa6t6VbnscuWajGXFOErrqe5vpdPFqipzeDgZXB4HIPmjWPOKDy+RdoNFlo0W9znjfgQM3M61RgeImyvc1YLCaqXyiktKIcQ8cQ2R0iT7PnzwcaKN62F5P5BLVlFXjsvhEEhldfodFkprFW13ctes8gYpKG8WMVNNbq0DX4u04OHF7qUmTyYhKwYWgyoV54s8+NVTWJN/YvXdPM4PrEOf1hlfHMdS2NGu1wdlM9uk2F1LZ0MvOG+YCBrbpaTBYz9TufZUdDk9tyPx/10q9O9pYVUlbbAkQy8zo1toZytte3YDE380ppOcbW80ybNwcw8CtdLSaLhcbqYsqbQJN6g9uSvmGm3nmYNwxWlAm3khobQ0xMDDExUcQk3sbiaLA2vEXjgA11/PalLj7rhFv7dAyrL3UvI89rAtBSu43CstpBe/8IIYQQQojAyAwWMSyRiWvJXfEFBZWlZNcASjVKABTELf0R0fpydNlr0QGq6DiilU20fnQMVsYSHR8PhgZKHjnPY0X+w3oaA+EhKIjipzkr2FRUSUGW3vmRKo7s/1jqZdBhDIQ7f8HVpN7PqkP3sWPH89TfVEJOURYFBTp0vcs8lNFkbM7puylMXprK8/oKJqUuGLy0YVCenDMTenx8NpB7GTySG8WAu2gAwkMURM5aS/6abgorKshpqHCeqjaN3PtTBoUHBSqv6UexcVsuxY/+kvKCfFBFE62C1gu9N6/e8unMT+SU76JBT01pPt1jysjyWCflmd6CjU9xdlMhVbp8nAsjVCzJKmJlTBidjQqv59grOfNXXOBRSitK0KNEo4beR6H4LwOLn3KP4YHNGTz6SDkF2c56ogRs48YSAqRkPcnnX26isjSfOteRCatyWBs7dH795SksGPLXtJNf4WobfaUFEMnSNUvYr6uhILsBUKFRgUkRyvhZi0jTHqCqIp/0CgANCQkaDAYjn3T2ntdY15KZ/mvmXpfGvbaJGKJYkhaNoeoMqYsHzxrpP4mZfF+rZIfRRnTCDIKJYk6CiiaDFc18t+U8oxyu69Mj6JsMhNzsICwxnfw1X5BfUY7rEhGXls2PZ4XRdNB3vVQEDb4+/fXAwcf7Dex33EhmagzJWRs5fb6QypJHqMJZrqty7+d7syLJXdVFwY5ysvXlzk+S1pCX7nyK0MB6NdRrAMvRDzABK5bNGfCJc2ZRZUkd7x8xMyulfwjHX18aNmup3zqR6NY+O1ffQTR/CLAv9Swj92sC0HHyAIb98XRnpg7aM0YIIYQQQgztX77++uuvv+1MiH9A9k7M7d2MVasHDG7YsZjbIWQskWFe5lrYO+kkiLDg4KHD+k4ci7kdhyIEdeTF3wZYzGYcCgXqSM9ZKpb6MjJL9rNO9zILLsVzTj3KYOiw5vZuFMMuI6CzmeJH/0Ds+lxSo5zlvfOhdCpZxfYtywOcCRM4u8VCuwPGqiMDjLuT6sICjsfew4ZlzuEtU20h2eXHySp7kZTey3LRZdBbv9R4qybO/DoIGatmuEXrN0/2TsztoA4xkr22iGnZOrflU87jvKXZaTHTzeD6OFQ+3OtS7aY7KTfPp0w3cMnc36nechyr7l3NNfpJ+KqXfdfQe/34xvjsS4dTJy62LxVCCCGEEKNJZrCIixMchlrt7a4kmEi1n1GJ4DC3X0aHCOs7kos8ztOgOOzNFD5YiMFsA+0a5l2KwRUYUAZDh/VezgEIgvMmI+U5D9K8cCZdxv00mSAla86oD64ABEdGMrwiCyOEMzRUPMJDzSlEc5o6QytoVzHb/X7yosvAfz0Zfn4DzFNwGGo1YOmmjf4n3wx1XFikevizBlx1qbNxJw//shKzDZKylv5jDK7AyOp3oEn4us7fQNoBGZU6MTp9ohBCCCGEGJn/nZ+fn/9tZ0KIvwv/t52Wxo+5THMj2dm3o/5H/yH4siv5fkosX3d9zsenzkL4v3LLXQ9wZ7LvhU/ftOh5N6G5zMZnH5/C/P8uJ2HR7Tx0/5JhbuT7d2rMZSjO/18mx84m+opLW5l6rJ/x0cftaBfczbql35WRcyGEEEIIIb4FskRICCGEEEIIIYQQYoTkKUJCCCGEEEIIIYQQIyQDLEIIIYQQQgghhBAjJAMsQgghhBBCCCGEECMkAyxCCCGEEEIIIYQQIyQDLEIIIYQQQgghhBAjJAMsQgghhBBCCCGEECMkAyxCCCGEEEIIIYQQIyQDLEIIIYQQQgghhBAjJAMsQgghhBBCCCGEECMkAyxCCCGEEEIIIYQQIyQDLEIIIYQQQgghhBAjJAMsQgghhBBCCCGEECMkAyxCCCGEEEIIIYQQIyQDLEIIIYQQQgghhBAjJAMsQgghhBBCCCGEECMkAyxCCCGEEEIIIYQQIyQDLEIIIYQQQgghhBAjJAMsQgghhBBCCCGEECMkAyxCCCGEEEIIIYQQIyQDLEIIIYQQQgghhBAjJAMsQgghhBBCCCGEECMkAyxCCCGEEEIIIYQQIyQDLEIIIYQQQgghhBAjJAMsQgghhBBCCCGEECMkAyxCCCGEEEIIIYQQI3TZt50B8Y/uK86ZLtADBIWNYXy4VKnR01u2/5vLx4UQrvy28yOEEEIIIYQQwheZwSIujq2dV57Yx3Vjd3Ptv9Yy519ruXbybhbdeZA/m75yBeqmaH4lk+Yf5JzPiAaE6TjJrWMrWfTEaZ9H/PmJt5g0dhe/O2of1VMaxJWXSSuO0HFREXSzdcVuYq+pZGWh7/PpOHiEq1SVTBr7FnWugrId"
20:58:39.344 [Forwarding screenshot on session f38f5520-bd02-11e6-b34a-8d0186b048d8 to remote] DEBUG org.apache.http.wire - http-outgoing-0 << "M3JrX9m+xXeT/JWhn1Nwxe3rP//XZnT9ubB2lNLspmiJ73jO6Q/y/9m7/7ioqvzx4y8tYAT5IUljiiZYSKEYEiqkkUmpbabrl3Ip0/0oraasBRVioVFqKttCGfmjyDazjCLLrEzFbJJAZUcTJUdUyJyoWQyBEZxhTL9/zDDMwDCA0lbb+/l4WMz9cX7fy9zDOef28cplSV79ZcUihBBCCCGEEB0hww3EJfgPjwz+klwdXOx6JRP+1osBXuf58s0fObBZy1+2VLH+2F3E+FkOr3YW1hUoFMDxCzRYthiBWuPPTlPQ5cIFynUNMNjtsnPTphMNnAW8L+HU2p/OU62DKn3r+Wk4a2j8yVoG+es1HLhgc5DPFZcQOzQYG5wfoG0q919cg6UMnLaHdgZlaDucBpy3ISGEEEIIIYToTNLBIjrs06f2kasDnzuv5eMNEQRYpq4kL6rn9Ye2k5pTz1MrjhHzfB/rOa6thubGvK2x/M0A7Z0B49p6YJ2rwdzZg88VTtLvXHvO8xzQlyWZnoCCGzwBjOwvMI8CujigN0UHoujjLIB2inl8IFNCFU0dKg0/g69vp4TdHp1Zb/+tJiCEEEIIIYQQ7SVThETHGH4k52UDF7sq+Mfqps4VM3f+7+kQbuwKXjUGm+kbRjatLmC4j3laSsjoPF7fo7fsq+f1hz5lwt+/bmXayHnyVhdwx/Xmc4fH7mJ1ju3UD/P5Ux4vYslDn5rDH5/PfgNQ+T1LHvzUOh0mZPQuctX1Nud9zJTHv+bD1fmEOEqbnyc3Aj3C/fAD0J5iyUOfNh0b9ilL3v3x8sv0bB17tlbw2Rc6dDX/YVHsVl5Um3d1OVHB5NHbWLPHnO5DH+7n7rBNlilFm5jy+NccNTgJ28b1d97AXZOuZ1Ljv/uCmRRztbUM7xj/MVOe0tAYXM2er7l79MfcMV7FHsscqT2rVdwx+mMeWX2CT1errGUxfPQuPrSbsqXnrafyrPvv/vse8k78d8bKOOp8MZR/y6IHP7a2heGjd/FWszY45fH9vPWiTZ5iC9hfWc+Hz+ZZz7vjof325e20jQkhhBBCCCH+SGQEi+iQmq8ryLsAPaZfx11+Dg7wv54d1ddbPpgfNLucqCR1Pvjf4kMMZ8n7qpqnxhVww49jGaGA7/9dTwkGh1NV9q/eyfT5estUpB6UZVeSd8H+mEptPfk5J8m3fD5zvCtK/bfcff2/OXAB/O+8iuhrGnjrjZ94ZPSnVGy/i3kjoPK4gXz1cfIxp+1mai1p282Ak3dxq7c3Y5/xZ9hNVwE/kTx6L2/p4MaJfvw/pYn3s6tZHZ8PyrtIjXa/5DLV66r5eLuei11NTH9Sz/t55+32a9V6yqp+5tBruxiX+JN1e5cLF8h/5TijN59l17GRDGwjnkN7T3LUw4M6S0E30JUB4VfjB3x/vJ5v1HDxxyp+Wgp9gAajgQNqAxe7QlXjOZV6vlEb+EZ9gFy7NP7EnFEFDKgezWDqWRm7jRXbm/YfeEPLgUstoFYZOXK0mqqGny29Kj8Drpw5ZV9+lGuIDjuM9gL43+lHdI863sr5ieQ7t1G+aSypMVdQebyefHUZ+cCNd/oQcKKaA9srmDCgAoCwiT4Y91TzTU4Z0672Ze/S/lDZVhu79DYhhBBCCCGE+P2RESyiQxrX9Ojt17FX2tydOZK9W2N4Y+skXp5+JV0u6Mnba+6AcfUxH9Ni5EHNKRYt0HOxqzvZhyex9vlodpyMJEbZLE2Gpji+r51A0a5wDq74mgMXIHbVrezNHU36S2M58dVA/LvC8mc01IC1Qyd2VWPa7iF9Yle6XKgnr0gPXMldj4zggWhPqKzmQCVcvPM6drwZzbPPx1Dw2bUAHCr8icvi0vSja09/3skdyEjLlXmxqydL3rmZBwfW8Pxj5nguhvdi48G72JLdG5+u0EX3Ixnvtp2G/IUHuP2WfCaMNv+bPCafIsuwoaay7+pwBIjt/kYj/z6I/G9u5ZE7G7fVcaoSDGqNtXPF55bebDw4lo2ZvdpMX0d1OVFJXEQet9+yi9sjdnF7xJfcHpHH/5tjO6roPG899w3aCxCzIpK9udGkv3oX+zaZ627Vwwcpx7Yt3MqO3Bg+Loy01sHD78Tw8Zsx7Ng1BP+ucOrTH/ke+LQdbUwIIYQQQgjxxyEjWETHmDp+ysWuCu6NbXrAHjKqJ7zxIw2mnwEni7dWmacZ9Z17I3f5W7Z59+HxJB/y5jetcOraLI4+/npeV1tGMRhr+PTDGvNrpF1/xgugsJKDNcHW8yZMaEzbldw84SrY7GCykqcCX6DL9uOEjD5N3H3XEHN7MN/XRnS8QJxyY3BMEOFhR8lXA2G+TL6rP+wpso7cGTpaSY+qWhjgxyAqyAfKDurhvqs6GJfrJa9lcnFALzKWBtMHmPX33ry4XWsJEX7SmTvOLnbtyuMvRHFrADBzBEu2fkTq9gutholBz5691XYjmZQ3XsNAP8e3qYtd3ZnzTC9cz9ksZtvtChqO/8jqNxqn6TRQ/u8LXFT68eTDTavN9IkJZf4tJ1leWM2RSmzawtXmAxQ9CA+D3dre/N9dlh5A/15MCDjIKsAVPfvbbGNw66WsjCyEEEIIIYT4XZIOFtEhnkoPfLpCRWVrC3+cZ3/eSc72uIph4ZbHdz8fBtg8aHZXtq/ZVZ6oRHsBLn5nH1e/MG9avELGLo6mRWlzEw/aTWUBoOs5zjY4Og96KVt5K5GiDxmbA/nrxDK+UVezWl3Nao5wUenJyk23EdupbzOy6TCo/tnc4WDzVqUDzx9k3PP2Z5QUVFJDf6dvOnpg/WieHd0dfePbfLgCP0fTvNrD50prGTef2nXkq6a66eHR+NOV3HCzAra3vj5JZf5B/t9k+zVtYt8Zy4t3eTo+IcCPvz8ytEWeDXuKWP3GSetnVx+g/Aq62x3lxrBodyi8YNPJ5EGL6u9uO6LnCnNY1ZafLVvbbGNCCCGEEEKIPwTpYBEdoujnQ2+g5M0y8pYEE9P86bZGy8OxBziFgndO3m7e1v3KZg+37ePZ1xufrhX07mc/HelslbHlwc3iaMD8CumVu8cQ2f1naydAw9kGGnClnx8cbuW81lw1PJQtP4byw7EfKMj/no/erSBfrQXQ98EAACAASURBVGfetANEHxiB074Kt0t7zbKVzcgh/+mBLBjjzvkGMOpN4OZCj+t6tfkaaUX3bii83Ry+rcmab9vXQTsbreTkFckDhvgAP2I/A/E8R0qcr8br2def+U+6QzfLhnNdGRbazckZPzusL32zV3w3AAQ0nw15nhMlBsC1KYyAbvTqwMy39rQxIYQQQgghxB+HdLCIjvHuS+Lcgzz0Uj2PJOxn+5tDbV7zW8/rj3+N9gL0/dtAbvWGPZcRlaKXl7kz5+Xj7F/Yn6EKcxxvvdTWm3uuoOdV0OXCeTQ6iB1smeJRc4opYXvZjQ+bfozqUFpq1F9z4+jj+P/tZvY+35+AwX154OEfmeKTz24uOO2YAag99iOf5v1sfjWyRUMD9Lv5Wvq2I36/IX7c2FXLNxcAgwujJwXjXX6Mu8MOUx5wJTF/8+SuET5thPJzK9vdGRGlYLXaAAcqKSo/z12+Vbz0z4p2pKwl337mxV27XDjPUwv2M+TNoaA6zJotTqYHAYqB/ZmX0v+S4mzdFXgpzG9jej1PT2qMZTRM+XFWbrkAeDKgsbOtg+G23cZiGNGxpYqEEEIIIYQQv2PSwSI67K6FYcS8XEje5jIifL7j3rl96ONmZMebP/KNzryWxdOPXg/Ut9nxANDQ2mgI777MTzrE9OeruTsyj6ULrqH83aO89lWz81uc6MZfF1zH4u3HWT15G8cev44JgRd475ky8i9AyOPXMUIBeR3Is3dIL2K6HifvlX8zxa2KuAg39r9fTv4F6HGzr00nk2PazSd5aPPJFtsfeOdqnvBoeXxD85/9BjA3/hBzXzmPNucoN+YcbTrgxHkGhPXsQG5a6u5pHuHR5UI9Dw358LLC8h5xPQ8PKGP1CajeXMZIr7LLCu/yuBGXci0rJpxkVewOKpP6c4N3A+8/rUV7AUYtvo6BOB655Lzttq+NCSGEEEIIIf445C1C"
20:58:39.344 [Forwarding screenshot on session f38f5520-bd02-11e6-b34a-8d0186b048d8 to remote] DEBUG org.apache.http.wire - http-outgoing-0 << "ouMUfXjj2Egeme5OlwvnyX3pJC8+b+5cuXGiP5sOj7MsSmv+K39rzGtYXEGfQfbb3QAvy5SamEW3kf43T7qcqCY1/gjZeV2JmaiwO99RHIrwm8jfch1hSsh7/jiPzCkjXwcj/34D/1rUv51psw2wF89tHkiYEvJfKmPutCO8ttmA/8Rr2fRScOsBtcHLLqKmy9Gr8eG8V9NaH5OeH8+Lj9uPUrnYVcHD629l3oi214BxtqDtiEeH8/CdTfFf7OrOA3+/Cp+u9umyskmGq1tjyI3HeZL6xUhm3mIT3gAfHnnyqhbn/pIaU+UXHcHn7wQSwgVyny9j8UItJXQldvHNvPFIH1prC16KVtJq2dZ2GxNCCCGEEEL8kXS5ePHixV87EeJ3zGDk+x/Omd+g4tudPt6/zKAoQ009P1Q14OrrQ58OvZnlPN+Xn6WBK+ju64lfJ7zVpVKr56wJuvt2w+8Xyq8zhho9P1T9DC5XcI2/p8M1VS5VjVZPlQl8AzzbXNOlPSq11Zyl89N5aZraQmflr3m4ndXGhBBCCCGEEL8/MkVItFvGsm/457Jvfu1k/C5EjfSjIN/B654F8Mcon8cW3EjSght/7WQIIYQQQggh/ktkBIsQQgghhBBCCCHEZZI1WIQQQgghhBBCCCEuk3SwCCGEEEIIIYQQQlwm6WARQgghhBBCCCGEuEzSwSLEH0Bl5beUV35PjbH95xjOfE95xbdUnjX8cgn7vTNWUl75v71YrxBCCCGEEKJ9pINF/EFUsnxBIF0WZVHTyhGHPplJl1nj2HEGOLuTUbMCebLoe+fhLVjGr/Z4fXY3Y2cF0mVWIM8cqGz5GeDsAZIWBHJ16u0Epo7Cp13pNfDJG/fTLWUUgc/cztWP3cgLmtpfNB+TG9Nd9BvprDB+y5u5b3DU2iFlQL3teV47bJ8+1Tt/JjD1Ocr/6wkUQgghhBBC/NZIB4v4YzmrR9/Krh9/PGr3ubo94XVgREjna6C+MRnnG8BUR4Xlc825BgAqj2wms6rpjGt9r8K1rWDPfEFKwR6bDaGEKL06J8mOmBqsnT5GGn65eDpAtWEq03a8ynFLAVceyOTmTas4cc42fZV8cbCCa28aTcCvkkohhBBCCCHEb8mVv3YChPivcnPBEwADoLDbdcfMfC7OtHw423oQ5jPdfpHkdZS77Yce4WQ98A9+PO/CjTf0AeD4sa/N+zymcSojDf92BepBb+AwkJn4DY8GK9o649IYDeCmAPfu9vn4DXDt1hMw0N2SME8XFwDcrvRsOqhSTW4d3H9z+H8/gUIIIYQQQojfHBnBItrPeICkReMYlTSJFyxTJSoPZDFqwThGLZiD6oz5MFXuHAYvGMefls9iVNI4Ri1K45BlpMcHr81k1IJxjF39NuaVPb7lmSXjGJU4ilHJMe0Oe/Lq9x2n8cxelmdMootlykn/RXPI0dhM66jK45mX7qfLrBvpMiuQsRnPW9NW/uUyBifNQeWwc+V73nxtJv1nBdJtViCTX3qOfXVNe49+uYzBSeOYvMQS94IUDhmhUvM+MxeEWdMzNiOLQ43hn93LzKRxPPlhFjOTzPu7zBtJ0oe7reHWnHifmYtGWs8fvCiRD060Ml3nrJZtX75Pzheb+VpXS+GHicSpis376jYzfkFj2dbySW4ig2c1xjmOJz8xx1mjeYOxCxaw3RLk+29P4v7XPuI/h19hbNJIxma8Yh1tUtNsm/nzOMauSOO13ET6W9Ocwo5Km3VczuzlySXj6DLvRrrMGsnMV160xte6Sj7ITWHUPEuaZ4UxefUrHD3btH9VxiRGLZjE3DfSGGs5bu62w03xWc6b+fYrPJMxiVFJk1h1uOWUpEPbEolSFQOl3DZvJMs/zKDbS6sAeP31aO7PNZdV+ZFtHCaI0ZbOLCGEEEIIIcQfm4xgEe3nNoB+lJJZB9W71Tw6aBz79rxDflUFUMq245VER9Tx7pefcdgIvYPvoLp8B4frSvnkWAqDBx3nvX27yAeo+pgDxvuJ1G4n7VQp4MkDvnreqmln2OEOxmIYDzD36ThWGSFuWArje/1E+kev8pfMMnyXv2k5qJTMw6GkjU/BeHQ9y46u4v4NYRyaOYbjx1QcroOzJsDFNmADb2bczbSjNYwc+BCLB7rwykerzPnwMB/xXbmKw3WlHK6DO/sGUUEgPuWvcHXmciCItHuewO/0TuYWZBD6pBbNyuUMNJ2ltK6UdVszuLbvfbx8qzebP3+VzK3Tufq6r0m5/gj/l/4EH7iNYNk9ifQ5V8TCHe8yOb2W4rWvMbh5/k1V7D61h3wgWK+n109FnLTurOFwVTHf1TbwwUt/ZvLhiqbzjKUs+2g66po32HB9Odvrmvbl60qhuoD5Q73N27U/WWdFNZh+st9m+ontdaVQVsr2sqbgD+ve5c6XAql+9m94Gw8zMyWOddY2VcE627Q4VMmqFcOZW2a7rYYPvl7OB19/zb//uYrw7lBZWUx+FeQXFFuPuv7aOuamxLHKGl8N61TLrftHnWs5JcnV8wb+7LaZD4zezLhpEuGDbmNZ2ZcsOFqMZ5+xjOmtBGDfvzeDbxLDujtPfdoXaTyjesbhvqejnybttrQ28i+EEEIIIYT4PZARLKIDvBh/yzgADh/5Ai3fs/NI08PxlmINVBawygjQmxl3PMTD5mdRPik+iOGkmo3Wo/ewV1uL+sAX5o++f2HubR0IO2p4i9RVFm82d67c8z5vz/wbD/5pAVunTwN0lHz7k+Wo0Xzxzw95etLfeG7+BhLd4HDJPrSAq6W7scUaJWe+4pWjNRD4NDuSFvDgnx5n99P/YBBY12BxtUw3mjPlM7alfsah1L/w/tvmzpWPl3/G03+6nznTX6NsykQwvssbRZXWTpxrA59Gk7qcOZMWsHlOEgC15/RQf8Y8WsRnKFP+9P94MHY5u6YnkRh1K66O1n5xsZ8ydMfMT3lnUG/zB49paP75Nc/13sMiS4fGnMmfcXFtGZrJEwHYrlrN8RvSqH7yBUYCEMQ7T+6l+rkn6W0TrqPJUc23LXjAHPbHUaHmDWcr0AOVxbnWzpW06Z9xcWUZ/75nooMQm9QcyLZ2rsy441Wq15ahiU8ylz+f8eRHe5ulIZR3Ej/ii+lvMFb/ubVzJW365+b4Jt/nNL6BUX/jiRGhgJJpMx7njuuG8uid5hKJvfNJZkYFAQfYfBT+PPwWvJ2GBmm3pfF09NMttkvnihBCCCGEEP9bpINFdMjAYfeYH76N+Xz05ScU2TzoHz6+kxzVTvMH3z9xe28vxlg6ZPIPfc7moi/twvpy78d8XGxeTPXPw8cR2aGwW6btm2/2AEH8X1SYdZt/VBoX1x7g0bCrzBs8ruNG64gDD662jEBxtqJK5bcHyAcW3B7TtGpL71t5wNf2KAMQxKSwIMtnIzUmgFLuXjySwUnmf/fkbAZgS3HTKIuBA4Kt4Sr8h1g6N4AewcT4ArpVBM4KpP+CSbxa4cv/3TOdge1aAsaLXl49LRl0w7e7F/rKQxy27C0uWsH9S2ay4Ksiy5YqqkzgfZWHtaPG18sP7+6OF7h1tR/mYyOUsUPN5TAy3JKbuj0cPAPffGNZE4aJ/CXKfEx4zGTudJKL4yePW34ax6OxY/AGBkbE82hfc9fGdk2R3ZuRBt00mynBg4iOGsV/vtlryf9E/hLV3xzfLbdZOmda12AyT2lqsCxyqzeZADCeNy+RbNB8xUbgT2E3tBGSWfNOFulcEUIIIYQQ4n+PTBESHdMjijgl5OsqmPuWearFyEEPEVrxKquq1vOXHebD/jx8HH6A37B7GLnpM/KrXrXs8yYxeiI7VOv5QJXKBwD0ZsqwMOhR26Gwm2s4b/mh2XN/zZla3C5rFVWT5f9tvn/HTmMfyJwhk7jaEoabiycKVwOevfsCp6gGRg0ItDmrwebtRf15etk33P1lDm/9exs7ju5h2Y5ilu34B9nJKmYqO5AYa2dVU8/MqTrzK6jdXfoRFzgQg8kL1/O0KD/7TDXtPH7yiONjfIdbO7EaTCbrZrvSc3Nrd2k2nD9nTXvTOQpcG5NiMtgd7+NqmwHLPmPnvp/owP48YCIjr23/AsC2"
20:58:39.344 [Forwarding screenshot on session f38f5520-bd02-11e6-b34a-8d0186b048d8 to remote] DEBUG org.apache.http.wire - http-outgoing-0 << "HSrSuSKEEEIIIcT/HhnBIjqoaVRKo5iR05h0XZDNFkuHCVg7ZJoM5YHxsQyz3eQ7yTIipYNhN9Mv4AaglK37v7duM2iy8Em5ifu3HnZ4Tnv49Q9jEPD2HpsROMYy9lW1eoqNEcyY/jhPT1/A09MXkDL8Gg5pjlB53uaQ844f/WtOvM/kpEns9p1CRtLbHFpbRvGUiUANJ3StvWzaOU/fq6w/3z/hNXYv+4x377uNbi5eDAmMoF9bb2Ou2s83ZwFq2Xt0v+NjnLy6+sYbb7Ic8y7rC74F4NBXnzhd5Pa6axvrfzNvfG6ux5oT77OhrAaAkcHDHXa4meMbYfnpM17fthcDlXzw0Xu0tzW4NnbMWerL/BahSrb/u5hrB41mYDvDaZR2W5p0rgghhBBCCPE/SjpYRIdZpwkBEETU9X246YYRTQdYO0ygRadJ3+GE9xjEbQObVq6IGz7G+oDcobDP7ub+eYFMfnu35dzJ/BnIfGsKz3y+k8Kit5mxKgPozYO3DHL43G9s9n+HeoTzcF84efgJJr/2NoWHPyMpLc48+sattXP9mDL+PmAPNyfN5M2ivai+zGJU+hOsO7WfgOv6OYsRAG9fD47VlZL4ygxWfbkb9eGP2FjwBQBXe5lfF1zf7Jzmn60jOCwUA/5CpqXDa9kboxi1ZBJDXlrOuqObSdtTikebU4/2cNuTIxmVdBNzLR0c7dUA+IVOJM7yOe2N2xm8YCShOe82O7KWVStG0iVpDoVnwS80lkTLVK5lOffQZV4YPulPWDplQll0zyjAcT34RdxPoiVPmZvi6DZrOJNVu1ocV3k4i/6zwqxvsDKPhirlxXXPo6o04OlrbnS5nzzNa5+9y7t1cH+4vJ5ZCCGEEEII0UQ6WETH9YgizrL+BcoYbuoOfjeMsq6jMWOk/RQe206TGWFRAIy8eaxlSxD33mIzIqWDYf9khMrGN8F0H8XryS8Q51FBWs5DRGWnstEYROb0dfzZD7xbTH1xM2/r7mmZOGM/3cPH+pMfc574jGWBvflgXypRL80h0xjEtQA+V+FpPdf+/IBbl/PvydMYVLeLadlx3PZWBvkEkTk9hym9Fc3icBBvj3G8/cAcBhn3MPet6dz80qMsOwWJ92zk0UFegKt1rRS3K10dfIbu3n0as2rhxaPPfkbmQPOokPxTxZwErlXeR8Ezadi/m6kpP35hc3nnJsuCtcYK8utCmTMwtFnYOP4MgC/dXQC3MNY9+QJxlmMOV1Vw58D7+LN1LRxXwEhtXQXUVXAWwG0QGc++zzJLmjGaO3auVd7HF0ve4Y4e5s2N9evezXbyURAZ//iIZQNDzfVFEInR97Vcg8Wk5yQ1/MfSlm4aOplBwAdfryLh0yIUAyJZ4AuHT20mfksu39BbXs8shBBCCCGEsNPl4sWLF3/tRAjR2Sorv+UsLlzj14f2r5LRtpoz31N1Dnx792nz7TFNatFWVIGLBz39/C4hPQYqK82vQvb060i8zpnzYsKlmy/+PdqaG2RJyZnvOX2+M9JhQFv5I1zZ/rgBOFuJ9lwDXOnZrvMqDzzP7a/nMbhPIMNGPcqjUUFQ8T6Dn3mCw8CC+N08F9FaR4mBmrMNuHX3stZZzdlauGikygABfq1NTBJCCCGEEEL8EUkHixDif9eZzxicMse65sog394crmp8/XcoX/zzQ6K7t3ayEEIIIYQQQrSfTBESQvzv6jGO3AfmWKeoWTtXPEaQ/feXpXNFCCGEEEII0WlkBIsQ4g+h5kwl+vMNuF3piV9HpiUJIYQQQgghRDtIB4sQQgghhBBCCCHEZZIpQkIIIYQQQgghhBCXSTpYhBBCCCGEEEIIIS6TdLAIIYQQQgghhBBCXKYr0tLS0n7tRIjfCz1bMpaw47SSYQOvtm7buTaT17eWoBx6M1e7mbcaS7exLP0j3EMj6dPqm1r0bMlIp8RrMDdc3e2/kP6OKS8qoNqrLz3cOnaeXlvC8XPeXN39Skq3reWFj34gInIgHQzGodKCLbzxyjqy33qHHV8UUFbjynWD+tMNMJbvZFnGp/SMGGatB5tUWcs6sO5LlmV85vg4YznrlmVR3rNz66R051peeKsY/xFhXHVl+87Rl+/k1dc/pLT+KkIDr2qxX6vawIuvvYemTsnNA69Gd3ALmSvW8N7HH6PS/MyIdpe5nm1rM9mYl09hfj751n+7yP+6liHDOqfubOPbuS6T1zflczFgCIEdbWCXoPPaYbNr1qijtKyOq65y/jqm9rbN3+J9wLnOSXvTveYXKgubenJeF+0P59fgLO3G8p08n7GDq2+5ud33mDbpisha/Dxr17/HEa5j5A1Xt31OO5RuyeKFT3RERA7kZCf/jgB+9XoSQggh/shkBIvokPpTGlQf5lPVuMFYxvY8NZriPHYd0lmPO37gc4rLysDdWWgmThYWU3ra9Aum+NLoi9aSnL6a7zqaNH0RCxLT2KKpBuD0sX1oCk9S3wlpKlibyFOZ6ynUNBASFoaSClS5WcxK3EAVUPfDEYo1e3FcnCaOFRZTctpE3Q/HWj+u7gd2FRfzbU3n1snpI/vQFH/FD3XtP8f0wxFUhYXsOnLa4f7v1Nso1mjIP3YaqOLDlesp1mrR6XSUnQHX9sfEt/vUFKvVqO3+FaNWHeuUumse3/Gv1Gg0ag7+0PmhO9J57bCpHYGeDY8l8NQmTZtntdU2f6v3gbbZlselsb/XXH54DmKwqyfnddH+cH4NdaePUKxROUx73Q9HUGvyO3SPaUvRe2+gKjtNz6DrCRl4TaeFe/rkAev1eLokD03hSTqvxn/9ehJCCCH+yDrr7zziD8GTsFHB5G7UcEIPvp6g16gps+w9sEcDUUrAyOH9ZeAfS6hnG0EqwNXlF072pXA1/8e9o2lzhXNAd3dzz5KLC+Dlbu5nMhrB7dL+RqkvySEzT4siOJYXF0/BF4AEVFmJZKk2817RXdzr4gJ44+5hPscINn8R9WXuhnXg5kldkQvgSvOsGQE3Dw+86UjnRPu4uHQDetDTo0MnAdDa3/EHjIknrn8tfcOGAt9RVgugJCEri2hlB9PXDaiF4PHTGB/shckEcB4Xn4F0MCinzE3ABQ8vc3ydXc6t6ax2aNuOQE/DOfDq7rQX1SYBjW3TvmUCv937QJtsy+MS2d1rOiE8B+zqyel9ogPh/Ap8IxLYsO4hh8Xj4eGOo/va5XB1OQeK0axYOKNzArRcex7u3UDhggsQNXcD4UlunTpK7teuJyGEEOKPTDpYRIdcGxYGGzdytExPxBBPNHv2g1cksWFl5KrUaInG33icw2UQGBuGG1B1cAsrnl9PmQFAQfS0FBImhLQMvOogazNfJU9jHgkTGBlHUtJklFSxc93LrNlabD7OK5j4+YmMDfJFX7KJBcs/RxniQbG6DFAQGRfPkOpPWbPV/Dk8dh4pUyIAIwU5mWTmqi3hhDI79VHGBNh/W9cf3MCcJXkApM+YT+LaFYSbing1aw0qTS0A/uGxzEucQoDdt+IqNqSkUwuo0megm5jKPXSD2q9In/8VmrJawIuY2fOZNSbIkuX2lY0mfzegJD6xsXPFLHr6/RSe+giP+hrLaCEdH2UuJF1t/uulf+Q0FiZNwJcq3lu0iIbYZ5nULOzSnWtZsSaPWsBLqaAWGGzJT87CRezBg9OaMgz+E1mbeS+aVsrw4IaF/EsbwIAzu1CVGSx5TWXWmAAGDPaHPFeucbOPD5TExD/MrLEO2kMb6n88xO7PNfjqf2bnkrcsHX06sh6fyal5/2DqgFNkrViJytzzYtOeWhcQPoGoIc23msvh44oezPvHYiJ84eCGxTy/rZT+Y+exeCIsfnQlDWF3M/DsbjardYAX0dOSrHWpLdjA8tWb0RnAKzAYtO3Pp75cxasr11OoNedD4R9O/LxEogNaPpJpC3J4aXWupT15EROfZClbZ+1Qy5astaxXWf7irVASM9VcJ+br6xNceoJWW0vgxEcYfOgdGmKfZXhZJlvNjZ0HT03kxRVT+WHbOlZnb6VxLFtjmbtY6iZ3SSLpGi2gIHziwyROjWrxYNnu+wVQXpDDytW5aC35jZ42j4QJQ3Dcdu/gq4wM"
20:58:39.344 [Forwarding screenshot on session f38f5520-bd02-11e6-b34a-8d0186b048d8 to remote] DEBUG org.apache.http.wire - http-outgoing-0 << "1heaW0pwZDhnSuqY/sJiIjzbKoPd+Id0R225rgIjpzG/2XU1IwK2ZKywhq9QhhOfkki0v1urZXx/rwPN7jXzKVvRGJ4vRl1r950qNsxfRHnfYKpUKrSW+B5emGLu47ZRkpNuV09psea6cHyfgJJW6vB0s3BeXDHV7l50cMNiXi3vgX+VCrUWUAQS93gSk4cozfuOuuBRoaasVkFs2iqG1XzqsO4ObljIkj1K0rMSCADAyLblj/EuY3lhQj2PLj/M7BcXE+GrY4u1PhX4Kw1gc3W33o6qnNRTk6J180nPqwW2cu+D35M0L4jslYeZvWoxEZ6AsYTF8Rn0mfcP7nX/wkkbAaO2gMzlq1GbbwAEe+nA1XyXLfkwneX7A3hxxV186rRObfPbvP22Xt8vrphKTavXiRBCCCE6m0wREh3iFhBGKHBI8x1Qxf59OryGjeKu0SOAA5TogIqjaIDhw67FWL6FR5as53T/8aQuXcrs8UGo1qeRoWr+hKkl64kl5GlciEtMIzk+hrLCjTy5toiitYtYs7WY8NgElqYlENlNQ/ZTi1DpwFRfic6go1jdndnJycSGe1O4MYs1+3swOzmR8cGuqHPfpkgPJTmLyMxVm8NZmky0VzFrkhdRVGWfEs8hdxE/MRiAyGmxBPuWk5mQjkrjRVxiGqmzJ1KrziU5ZQN6uzN9uWXSeACCx8fzl9sCARegloruo0lOTSQmsIG8NSspqKIDZaOnrEwHXoMZ7Ntsl2cEKSsWMzU6wLpJo4b45FRmTwxFW7iety0ZrK7QUW2yH4iuL9nAU2vy6BYeS1paMmEYAKzD1esqdGg1ZYSNjyF6cF9OOinDhrozaNVbOdBjLMmpCUT715K3Zg0HjeA7+P9Iz/wrvvoCVqzJo+f42aRnLiUu/Bx52WmomtVBe/zwrQatToeuqg5Tg80OAzTwHRmPLEFVVouXfzDBSgVlhRtJWLwFo5Mwd/1rMRkZGWRkZLB8+VpKLBVcfUaHofaMdYpNQ50Og8HAmWoTYEJXa0CjymVziQuB/gqgFtX61RTogfItLMhs6lzxqtBYOpfao4QlyVkUmkJITFtKWmIcPbVqslZ+2KztAdotLMjMpaJ3DMlL04iL7EZedho5pUactcOdyxNZr/qWibNTWbo0mfFB58jLNqfdfH3VotX2ZnxMJEMD/aztqF/YSJSAIng8D98/jIsH15KWvRWXmGmkpS8lITaSssKNvFXQNHWw7NvuzE5NY/b4INSbM8ncZt/W239NgLE0h+TMXE73H0/y0jSmxfRGtX4Ji7eUAi3b7qGsxawvLCN6WiJpiXGcKVSjqz2DydSeMtCitlxX8eODKStcz3vNrqvSnBWsLzxNXPJS0tNm01+nJmvBv6ii9fAPBTa/19hep87vOw11OopVKgbEJZCcMBFvnZrMrJbtu3k9NQ4ic3Sf0Dupw9bCadRQp0NXrEKrjGNpeirje1ewccliVDrLPo2auv7RxESOJqjh01brLnjYINCp2F5guSlU7eFdtY7+IYMw1VdSa6igHlBZ6zOZtMS7qW1qZk7bkbN6sjVg9P2MD1aAIpT4h+/B12SJ23pzrOFbQy31JlMbbUTLy4mZqM8Fmdv+La5otFiH5tVXf4uhotpahq3VaYGT9uusvq9s4zoRQgghROeSDhbRQQEMC4Wy/WUY9Rr21cKwocF4hgzGHwP7vtaiLS0BQgkLcKN4+zYMeHHfg3+il7s7YZMmE+kFhR9+Yf+AqDvK3lqISV7I5KgQIsbOIi1+Inf20KzJ3gAAIABJREFU/4m8PB2KyARSpkQTFBJN0rJEvNCR91WJ9fS49IWMiYhg0vihAMTOS2RMRBQPxA4Daqk3VZG/vQz8xzPljsG4uw9g0l9jAS17Nc2/WvsydLA/oGTUbRG4lHyFGpiY9iyTo0IYMmYqz82OBO0u9jc7NWDEYJSAcnAUIf6emLsqInlu4VQihkTx1/tHYp5ERPvLhnqqTwMNde2apx+XvpixEUMYM3UqocCpsh9aPfbQrl1AJAtTphASEkHCsmS7ER4mQBGZQNKMWSTMGMy+NsswkmdSphIxJJrpf40BTlNdB3gqCfD3tfbcnP7+ON/95MJtf3uGpUszGdG846gdXBonA7gEsDC7Md1KEte9xiT2UmgACGXewsWkpsTjD1D8OWonnTkGbTGFhYUUFhaiVudb13ponHbQNP3AfiKC+VMwqdmZrMhcRqSXebvJBEXbP8cAeIXH89qKxWRmpxHc3kwaezIxPp7klIeIuu4aevYbSHgwcLqyxXoqRdu3YSCYlBWziAgKYXLSY8TGTCTQvYHW26GRvrfOZnbys0wdE0xP72sIDupvTXujuKWpzJiVxJQoP+s2z6AohnqBq3IwUUOC6N5rJPHxCaTMmsB13j3pF9gHBfbToOKeXcyYISGMmZHMRH9Qb9lu92Db/msCinftBsJ5dvEMIoJCmDArldhAKH53F1U0b7v9KFTp8IpOJGFCFCFRk3k2MbpDZTDNcl2NnTGDYKCu2ZPtOVMD0MC3R8updx9EQvpSli67F1+n4dvfa2wvA30b9x3TOXP+EiZHExE9lekxXvDtSaqblVPzemqsD0f3CVcnddg8HMdTWiJZmDKZoIAhzEh9GC90qDWNPR/hpCxMYFbSDM7va73u6oLuIMYL8rZ+BUDpjk+pxZ97bgug8UpzQcehvToU0YkkTIggJGqKuWzacW893Wo92fMNGEK4vzdwNVFRQ/BzaYzbwsFcJEdtRH9wO4XAxKRkS9tPJS7YmlS7wFqv03K+bLX9Oq/vo21cJ0IIIYToXDJFSHRYyLBQyC5hT4ErtfgzItgTCGZUIGzc9xVfuZRC6FQCgNO4ADqyn0qwD6Rbnd0DYtWJIxhQMjS46WtuyNiphOiLSMyG4SNsHkk9BzDMC/K/PQ19Abzo5W3eVddgApT0vcbN8tm83aXuFNpaoHYrybO22iXllOYERNl/vTaPiDiHyQSm+jpAQd9rmsZhu3uZ/37b4jt2g8n8lddUD3gC50DhYT2uznakRRtl0xSbkuuuV5B3zMPBd3ojB3fmQ2CYuShsygK86eMFuyprAMcLNJrXRmlo6rjxDGawAqzrRDZAUEg/889652U43JLXxpn/jaNK7NLsG8W8aftZuT6PrGLz1Ahl6HjmPTqDoMtZdqLOZI3H/rm3mCWz7rX5XOu0kyoyPo2/3tSTepMJcMGvIx0/Sn/6ugG442NZ08U277Umy+3WrR8D/TH/Fbstbkq8G46RkZhNul1cLi3bgukceA22qekApswyj2wqarUdunFNT8hZmcwa+whswlfS6xpHj9MmS1ma/+vm4031gWwSsrNazY63dVkINwYPVrJ5V32z+mjvNWF/RmOYwQOVUGH5aNt2q77jGBA2dID1aN8B16PgAKZ2lYEXV9lcV/6214jFkKmPEav9J7mbsyncDObpiQ+TOCXKafi29xpbbd53bPNnUxot7xH29dSYH0f3CTeffk7q0FE4ts6B0qcpfs9+hCig5NAJRrmcA0WPFmueO647X+68L5S87G0c1A9jz8dlKMJnM8STpg6BMyc4YICga3s2hdWteciO29EAJ/XUvJU3WDowWsux/fpQjtuIqaEe8CLQeg25MSBACd86CLC1OnXafptzXE+tXidCCCGE6FTSwSI6zP+mKLxYw/oNQGAcwZ4AboSNDGXj+lxygcjZ5jUTTKZaIJi09xbTuIpCacFOyk298LEJ06OnH6Di6HdGIkLMX0RLNmXwTsVVeAF792hIaFxcwPgjZbUQdP01gKM3JZxr+Y3YoxdKBWhCZvNeyhhLOFp2bi+hZ5iT8QQuWJ7YDfx02gi+5rSZH35a/+KNS9sLDLa3bAB6BfQGdR4fFt3LjAibp/7yT1iyZiNeMcn8Y6iDOHC+kKrJdA77hSHL0Big8Wu8CfDwtDw1eDovw4ZP2swyxqpSTrsP5bn3EnDRlnLgixzWbN7Kx/v/RFJrK9O6tGPZSheHPwKhpGY9Sl9TGTu+OISLXyDBThbadfW8Bl+lb4u/ZjdqrO/auvZP8mnkZY33B8odvxipBf3BdaStVxEYE88zkyLwV/qi"
20:58:39.344 [Forwarding screenshot on session f38f5520-bd02-11e6-b34a-8d0186b048d8 to remote] DEBUG org.apache.http.wire - http-outgoing-0 << "yniQrJKWx5pMQO0ZasCS/io2ZbxM5ZApOGgaFlpefWoNxcpIktMfIDhACUVrmZG+z+YYB9dTowas9VP0r6fJVUNsYhp3DA7BlyJmzki3qT8vulkrx4jmkA68h9rVV0euCXPbtffj9zogGPPELZu263sNvQGN5jsaFympOnEMA+DSrjJoFreDbVWl39FrzGO8l+JHeYmar7a8zebc19hzRz/U7Qm/eTNv475jl7+22NRTa/lxpR112EY41DR1dKL/gTIDhAwe0OI23VbdBUSNwz87nX+9kIXWALGTh9kf3MPSeXOyxrrJxaXpwnbWji62Wk9RRDvrUG3sAWvMoKuLg/EjNoc3psvVHajllE09nv5PjcMbc6t16rT9OmBTT22VtRBCCCE6l0wREh2nHESYAmoNEDoyzPpXv4CwKBQAeBEe5g9A8KhbAA3ZGVso11VRolrHU5lryFaftvtroVvQMMKBzRkvU6StQntwC6s3FvJtQ39uDVdgKMxmnaoEnbaUnPSVlAFBHXptppLBw71A/S/W7iyhqkrLlleXs2Z9NuoaB4ebn1bR7CvBI3w0wcDGFZkUaavQlWxjRVYhKELo1/wLueVL+Kn9X1Cqbfx7q8nhF9n2lg1AyJTZRCpga/ojZG1SUVpeTtHODSQkbwT8mX1/RKs5b2h1DwQPvwUoJGvdTrQ6Lduy3naw/mpj6ttTho7zavXDPtasySRjnQqT97UE9r3avN3JM5subyUzZ860/nvw3gdZ13zhHJtUmgDfiNGEAlDMv15/mw83/IvczZvZmL2TGgeDMUwOfrLbfw5AR/bi5azNms+aQgcdLK08bYWOHgVAbeEaEpdnsTjhKYoNNgcYy8nJWM66na2vidCjtz9+Pi4c3JZFVqHB4auVBo8aDahZmbUNbZWOgpyX2VhYjEvPxuvEUd3Um0di9OhDv94+1JfuJD09D+jWjocvX64LUVB7aDcFpTpL0fWkV79+eJjKyXlhDbXYTlGrJXPxOkp1Og5ueZVcLYSOHW3XmdWRayJ4+DBAzT+ztqGtquLglgyyi8F/7CibaW6NuQhifIwS3dZ0srYUUFKwiUWZKswFeTll0OTE9tfISl9ATlEFPfsN4JoeLkA3XFzaCN/mXmO7fopvu+47zVPoqI6b1VMrGqzBtVaHbYXjBYY8XsgpQKcrJeeFNejwImRAY9dYU9rarDvPCCZFeqEt1oAyhttaDG/zIyREQa1qDTkFpejKC3h5jblMwXk7OtVqPbVaNEDjHwFq2fz2TrS6cjZlrmnXWkqeQ0YSCuSufpWD2ipKVetYo7Zf68q+3hzVqbP225x9PbXvOhFCCCFEZ5ERLOISKBk6XIlKdY6osKbFVfEfxEgvyOs2zLoYq++QGaRNq2f5+vUkF64HwCt4Iqlzo4EqXGjsAAggMX02SxatIT2xEABFYAwL50YT5DaAHxYvZ3NWGuaJKV6MT0hnSpAn+oPmL8eNXFxb/xyd8Bw/nl1M7po08iz7w+OSmRHScuKBb78b8EfF1jVp1HdbS/LSeJYsziY9cZalCMJJXJhEQIsTB3BLoIKteetZXOfFPI9u4O3erP+gWzvKprkAkl5MNb9laWMWqo3mrQr/cBLmzSXCE/TN8t7I271p7YAG60+WNETMIDX2PyzJXUPiVkChtHSSNT+HNsuwKL/1vDZyC7mXhPFHydqaRcLWLEtRxvFA81ef2DFQW2uw22L7COLh4wE00Dh5whx/EI9a6qxMnWfuNFIEEr/wUYIcxND4cOX4GcuXSbMnsi99M7VaNXlaJeHhgajVZZa4LZNFutmc7dIUmlvQZJbGV/BUtgqtWoXWK5jQwAqKy2pxd3GBhtPsKVRzmkhmjLFPneeQPzEx+Cs2r09j6noAf8LD/VGrm16V3nTsVNKm/Ye09dkkqszbQicm8sAQT4r3tFY3QdwTF07xxlwSpuYC5reTKArVHNLoGOrRsk3ZtonAsDBQF5L51BmeTr+PQFU2WYkzyAK8AkMJVBRTdvgoLsGWmE9v5akE81UcGDOb5AkB2N4HOnJN+EbMIjWujiUbs0lUZQOWt+FMHYL9vcUsatY/Occi1qzPRIUCfyWYX5VzeWXQ+HPE9CSiTywnNz0ZcygKouMXEuUZhIeT8KPt7jXLm8J2C3Fy32mZP3BUxy3r6anUgBb5AfN9InR063XIlBC7cHq+t9jhtVScm0lCLoAX4xOfYay/G0XN0ua87sxG3P0nsgo3Ejr2TmtHQNP93I2xKcv4fuHT5GY+ZSnvxtpw3o4CGnq2Uk8OMkM360gTt6C7iI/cQ3beGhLzAP9gvCxdLM1/7zSmxFw/5nvRoqeyWWK5MBWAoaePZcpUU9k4q9PW229LtvW09L3FbZa1EEIIITpPl4sXL178tRMh/gCMenTV9bi4++Dr6Xh5RMuBVOmqMbm4o/S1/8ZrrKqi2gQ+St9WFlhsZ1Kqqqg2mXD3UeI0KR1I22Vpd9k0Hl5Fdb0JOjMdljT4KJXtKttLL0P7+Nqb50tnqTNcUCovYSVdu6DMaXZXKh2uBdL2+VXoqh2336K1Caysu583k6Icnqqv0lGPC0rfduShsWx9lI0zEtqmr0JXf4n1adSjxxVPNzcayxsn9Vql0zndb5eH9rQP67FKWr8c9GxZvoRjITNJmmDuFtBuW05i9jES1r5mnhpyOWVgG1NVFfWO7lOXHH4n3Xfs6qnt+Fqto1bCKVo7k/R9t7D2tRmgq8JF6dv2ddKuunPOfG20UjZO2lGr9dRmkquorucS7ieN5XopeW1H+22ZUPt66oSyFkIIIUTbpINFCCF+TcZSlqfkcOvChc3XWhadaOfyB1mjNhAYHk0gp8hTl0FwHOsWT760DjNhpyDrQTJVYWS9lyRTT34B0n6FEEKI3wfpYBFCCPEHUEXBpvfYubeMs67dCQy7lXsnR7e6oLHomHJVDrt+CuSByRGXNcJQtEbarxBCCPF7IB0sQgghhBBCCCGEEJdJ3iIkhBBCCCGEEEIIcZmkg0UIIYQQQgghhBDiMkkHi+gkerZkLGZTSZXDvaXb1rIwYwv6to7bkmU57tdmn069toQSnRGwzUvbtKoNLF64kLVbSgA929YuZ+HitZToAYwU5GSQmJBAQkIiWdtKO5zK8qICyvUt0/uLMuooLW3l/aDt9l9MbydraqPN8mBTLsbynSxemGWp59+PzmpPTeG0dKnXkmj0+7l2jOU7Wb5wLaXGzrkmfju/H4QQQgghHJMOFtFJTJwsLKb0tMnh3tMleWgKT2Jq67iTB9AUnqT+l0xqu5g4VlhMyWkT6ItYkJjGFk01AKeP7Wt3Gr87tIdijYZ9J2uAeo7lq9EU53PaBPqDb5GZW4hWp0On09Kg8O5QCvVFa0lOX813JnN6nZVr59Gz4bEEntqkucxwbMr3d6apjdrmwb5c6k4foVij4veUvc5qT/bhtNh5ydeSaPT7uXbqfjiCWpPPD3Wdc038dn4/CCGEEEI4duWvnQDxP0QB3d3dATAawc3mVRJRczcQnuSGG1WgAFeXZudaTvBw7wYKF5rv/u/zZe6GdeDmCcbvOEdT3lxcAC933KFlRptxcTHnpBsAPoyOj6d37ZUM8AAaLE8aXjGsfW1Wx98G4Wr+j3tjYTkp/87UcA68urtfZig25ft70aKN2uZBb1cuvhEJbFj30O8qe53WnpqH02zfpV5LotHv59rx8HAHXHGhc64JFxd+I78fhBBCCCEckw4W0WHaghxeWp1LmQHAi5j4JGaNvQYXV9DsfpXE9EK0gEIZzsMpiUT5u1HyYTrL9wfw4oq77MIyagvIXL4atc4AXoEEe+nAdTAABzcs5tWjLnhUqCmrVRCbtoo7zn/BiufXW+JWED0thYQJIehLNrFg+W78Q7qjVptHEQRGTmN+0gT7jgvjQRbHP0+Pvz5LwpgAqCpi4SMr8fhzCimTQ0B/kIVznidgXhquuZk0xCbi+nY6tYAqfQa6iancQzeo/Yr0+V+hKas1l8Hs+cwaE9RGydVxtPBzPtf14Jpep3k6Pc+8uTafJxLOMG9ZClcdyuGfq3PRGgCUxMQ/zKyxIS1C0h/cwJwl5vPT"
20:58:39.345 [Forwarding screenshot on session f38f5520-bd02-11e6-b34a-8d0186b048d8 to remote] DEBUG org.apache.http.wire - http-outgoing-0 << "Z8wnce18p+XfkbIEKNm2jtXZW2mcCBQYGUdS0mRO56Sz1VwYPHhqIi+umAoHt1xCnVTx3qJFNMQ+y4wI2DB/EeV9g6lSqZrSvjCFKGWzNqJQEuhdw+keY/nH4qktO6WqDrI281XyNDq7dCupYue6l1mztdh8nFcw8fMTGRvk22bbab2NNuVheFmmXbk8N82FtOWHmf3iYiJ8Lz3u0p1rWbEmj1qct4fWj2s97stpT/pyFa+uXE+h1hyjwj+c+HmJDK19r1k4K4iyRlXFhpSOXEtGCnIyycxVW9IeyuzURxkTYGLD/EfYo/wrWUljzPuMJSyfs5zu9y8jYYx/U75KNrFg+ecoQzwoVpcBCiLj4hlS/Slrtpo/h8fOI2VKhJN2fxs72hkfVJGzcBF78OC0pgyD/0TWZt6LxmE+zB1zO9e9wL+2FmO+5MNJeGwu0QGeoC9lXfpKtlrasn94LI+lTMHfpt2FH81kyR4l6VkJBJgTxrblj/EuY3ktZQJVrVybzR3csJB/lfvT92w+hWUG8Apm2uwYTr6RhUoHKAKJT5nP2BBfJ/XiCejYkpHB+kJz2forDYDSUhc5PGq9Jlr7PRLSatuKDpDONyGEEEL89skUIdEx2i0syMyloncMyUvTiIvsRl52GjmlDbh0A21hIX3jEkhNiMVbpyZz7ScYgfrqbzFUVDcPjJcTM1GfC2J2ahqzb3FFo6VxuAcNdTp0GjV1/aOJiRxN0MUveGTJek73H0/q0qXMHh+Ean0aGSotpvpKdAYtajXEJ6cSPz6YssL1vFfUbJ0Ct0ACehpQbT+AEdAd2o3GYEC9+wB6oOrQbjQGVwb060F1hY5qU3dumTQegODx8fzltkDABailovtoklMTiQlsIG/NSgrasSRCpbYMnVZLjcF2q4HamjpqNDkkZuaiNSgIDA1GiY687DSyVC3XO/EcchfxE4MBiJwWS7AvTsu/I2WpP7iWtOytuMRMIy19KQmxkZQVbuStAh39wkaiBBTB43n4/mFcWb7lkuvEXL4ma10Xq1QMiEsgOWGiOe1ZWzBSTqZNG0kYq6RMZ6C2oo6WMw20ZD2xhDyNC3GJaSTHx1BWuJEn1xZRtHYRa7YWEx6bwNK0BCK7ach+ahEqHW2k03kbbcxD83Jxqa+k1lBBPVx63PoCVqzJo+f42aRnLiUu/Bx52WmomrczJ8c5i/vS21MJS5KzKDSFkJi2lLTEOHpq1WSt/BAchNPEt0PXUknOIjJz1ea0L00m2quYNcmLKKryZfDgnugKP6DAshiHbs821LVw/UDbzo7G8tVRrO7O7ORkYsO9KdyYxZr9PZidnMj4YFfUuW9TpMdJuze1Oz6AugodWk0ZYeNjiB7cl5Ot5gMObljCmq3FBE1MYGnabEJr1GQlv4wWHWsffYqtGg+mJaeRlhiLSZ1L4sJNGG3aXfCwQaBTsb3x5lO1h3fVOvqHDMLo5NpsrqHuDNriPMp63E1y8jQCGzSsT8/iRHAciQlx+BvKyN5UBDirF1BlLWZ9YRnR05JJS7ybWpt2ZrK5Jlr/PXKg1bYl664IIYQQ4vdAOlhEhxRt34aBYFJWzCIiKITJSY8RGzORQPcGTOdAEZlA0uRohkRPYXq0F3xbQVO3iv3Abv3B7RQCE5OSGTMkhDEzUokLxjyHwCqclIUJzPr/7N17XM53/8DxF9OBjqJlZJQtWWJpObRaTOQ41t0Y2/jdDrPhRm2zMoc2NmbusjlvsRvbjLshNkRGtEJLJFQIK013pCPXVcbvj+/V1enqqpQd7vv9fDzcd9d1fb+f0/fzvdrn3efz+QZM4O5PkagwZ9RrQ2nTogUuI33pYw5xOw9TpDl63NKF+Lh1x2fCBByB4tKqw3Aznn2+G6Qf5yKQEndWeTvzDL8AZ45Eg00/etiUn2HX2xkbwMbZHSdbM6AU6MNH817Frbs7/zfWo2qha1TWAuZOo1k+VxlsYuPNhs0LaXbyqPJZn1eZO28hM8a5AhC98wCF6kKys7O1/wrVVvRwtgVs8OzrhhXUof3r1pbqNh5MmjSdwCnDecKiNY/bt8MYZeWHmYM7PczB0MYZ9+4OpO5vjGtSXvbpvl64eb3KeG9zuHKVa/H7SQD83p1H/+5OeL06jzdcjSu1pVZ2KscLwHv2PHzdnXDzmULwpBEM7HiTqKhsjPtMJ3C0Fw5OXgQs9secbKJ+Oqs9XVc569ZHq7eLoaZ0Blzm4APmXRZBunHtIr/cNKDv6+/z4Yeh9K46bafG4+qWt6Ie/UndmhGTJjE7cDLuTzxG68c74+oI3Mjhto50Kqr7vZRLzP50sB3M6AHOtGjRiZH/5wdkcjwll+4DhmFONgcPXwbUHN4ZB/bD6Fs93gHAmKXz6O/mxsjBPQDwm+FPfzd3XvHrCRRwuxQM9fT7+uRXiqbdJkxh+gRnTtRYj1SORqaD6xvMe9ULB6f+zP7gDQaPcKEk8TBRBeDoN5ZnO7WmteMAxg62hZQfOFYhwGbkMABvc4ja+xMAaQf2UIAtL/S1I0nPvak7WNGHeYGjcXMbjp+HDdCHwOm+uHv58n/e5pB2gWy91yWVM8ezMfbyZ/pwN5zcR/PRG30ov1kMtP9b4++RZuZ6+pYQQgghxJ+fLBES9VN6B8ydeUz7hh2jp9gBuZwsAQenx8uPNVD+p6b18qUltwFz7B8rm/ptRCc7G7hSdsQdMG5J+W4fBkA2Ye9Nr5xQ82LNf8Kb00q7T6wFtsZQrCNfu57uGG9aS2J8PJkJBfQZM4aMLVs4HhvLfxLAcdyzVNomoKRUSb/0NmCmKZeJtl7FJTVUsBalZXuw3IHblLdUQVwYE14KKz/wRh5ZCV8wNzRO+5br9JW83kI5WRuv0Nv+dW/L3ywtyEsMY3rYSl2l1oznyzJtnGtSreyatO8DYEyb1uXvmre0AB1tnnvpPCps6FFh2oSTz6s4FcbjHwa9ejuWH2zWiZ7mEHPlBrSvuZy199EyVdtFo/gG2TxY3li5M2PcST7bFMXKJGXZjU23wcyYNQGHih20puMmOevPu2oNSqBO/cnIBouSC4T4h7G0YgI2Sl+rlk5Fdb2XijPILAAK9jJ7yt5KSWSkXAJ3D4bar2VL5E/kPtue7zPBy78vuheRmNPGoiz9UsCG9prrWZafAWCkr9/b1CO/iu1WqK8eWdgbgrlpc+17Rnb9mWAHubHrAEgJX8SU8Ipn2Vb5PrVi4KhuRIVFcrqwJ8e+T8fY9Q26m0G8nnuzrPXLVb4OVV+XaFrJQF99Th3nhgocOpTfrAbN0a3G3yNw9uzeGvuWEEIIIcSfnQRYRL2UlgIFt8gHzV+nc9kesoqc7oMpBUzM6v4kHAPDFkABGTfUYKUMVW78J1+zSaauvAsAR4L/vZCyXQTSYg9yubQNFsRUP76mjG1c6GcDEWvXAjbMHtCX9KNbCA8NBWx4o6cSMKpe4IZu7FozA6BUMyK18XqDD8b3JD8llkOpeXSwd6GjcwuC5/ood+xdsGhvCZcqnAz1an99bXnpXwsITwA//2AGODthRTwTJyzV7DCJMtrS/NxY10R/2VXcrNBHCm7p7iMmra2BaFJ/UePmpBx7dnsI32a1whw4fiyF6e6aqUnq66QXgMOTjwHVn4ikDR/Vp49WaJfyQllg9YB5q3PTuNGiBx/9ezoGmWkkHt7K2oi9fH9yKAFe5VOsajwu7ala8q5BLf2p+PQGgjdFY+89ifdHumFrY0V0yGusrDopRt+IuLZ7yaQNNsaQ4vQG/w4s2/ckk4P7z9LaxREwou8Ib7aERvL5qtao6MZAdxu9SZa7o7Mjxuvt93XPr1K7memrRyeOHYKSkvLCqC9HsmjtBV4YobSP9+x1THFTvmkLM+M5nHibTiZwskJ+du6DsA1byr+WryRTBX6+PZVy6Lk3LevYUtXorU9HDsbt5uzVfO3hBgYmutuoht8j11o258ie47X3LSGEEEKIPylZIiTqxdmzH5DAZysjyczNJnbrKrbEJWHQ+lHNEVVHLqWVfq74yqy7B92A8DVfcDozl7ToDaxNUFU5q/wcR89ngRTCQnZzOTuXs9EbeC90LWEJN2qKydTACo/n"
20:58:39.345 [Forwarding screenshot on session f38f5520-bd02-11e6-b34a-8d0186b048d8 to remote] DEBUG org.apache.http.wire - http-outgoing-0 << "HaGgAGyccTSzoqurvfKRbW96Vh03aQIfGScPk5ZZFngprTmA8wBKAUdPZflCdvQO/hURwVcbw9gbEc6/jv2KkZktTt2dcHJywqm7E7ZWRmWjFFJOnEVdKaWqKZf/XJe2NCgFaE2bxx/HpPQyW5evpQDISP8VsOIJJ2MKzhwlNi27Ea+J7rKbug3EFdiycBGRp88S/dVCpY/o+Mu4kUNPXIGIkFXEZ+aSeXo3a7bEcaWkI8+5GqOKC2ND9FmyM9PYuvQz0gGHznoCDdS1j1KtXco54P6AefPrCdauDSVkQzSlFh2wb6+5x6oGLmo8zq5+edezP7Vsa4u1pQGnI1eyMq7CNdGZTsXP6nIv2eDcyxwS/sW6g2fJzc1k9xdLWLspjATN+N3KfSCuqEhIysTGexC1bTFdK739vr75ldVIXz3bv66pAAAgAElEQVRa4tzLBlVcGF/FppGbfZav14aRkn4LC/d+dAOi1q4iOi2b3MuxLA9ayqZNUeRXnTZj5sbIPuZkJqWAjTd9NdOb9N2bumf61PadVkqp3vq0wsnJmILotWyNTSP7ciyr1kah62at8feIuRKQqbFv1VjOQg6uW8K6yDRA2Zh65cIlRKYpi6HSIjewZF2k7OMihBBCiIdOZrCIejHr/irB4/5D8KYw/KOV97qN8OeV7qb8i6orN5qDYYvyny1aYIAyPlSOc2DWh5OY/14YizSJGQOq1paapSzl5wBYdZ9A8LjbLNm0idlxmwAwdxzB3GleGKRcoup/yJfnU51DTw/Mt6Rg3qMHZsATLj0gIp1uz/fUTp3Xnm/ViWftjdkbtYmFxebMMKlcLm399DCxNClPtMqZxm2V+pp1n8DcMXks2hJHXEQEADaOIwgM8NKZptXjXbAlmr1rg7ndfImO+upuf9Dflm2zVNhHh7HSfwIrAXP7btgbJ5GenAqjnbB3cYGEOELfu8WH/174wNekpp8rl9eOwA1zCZm/jLBFwWBuj705pN/RNciyw3/pGyyav5al/spyKmN7b+ZN88LBqBO/LlxCxMpglIUN5gyevpTRDmYUnjbQU079fbRiuSu2y3tz7bRp9g9c/EB5Gzm9xPTBqazcu5Lpe5VlKzauY3ilyswJfcfZuNecd1V17U8m3YcywvEnIjYF8+omAFtcXW1JSEjhUiG4VUpnHdPdK+zEUo97yWv6R1wvWkj42mA0z9vCdcxsJjiVld2OwSPsSYjIwmdgt2r1ATAwrNy++l53GzpKb7+vS35QvS/rrYdTIBm3lhAe+h7KHW/LmLnTcMCK2Uuns2jRSlaWLfExtmfSh7NxoJRDVfLoPWwoK+O20M1nIGW9Q989Xl3V69C8yiyt8s9rrk9rcFrMtXkLCA99j/KVTQbV2rqm3yN//1snTE/9XGPfUsphSfX5T6VcjEkgpvQ5pvg4UPzLSaKTEmgxSPmWyL/yEwkxLtye4sOf/+HWQgghhPgra3L//v37f3QhxF+QupDsvNsYWNqUrZxoSGLkZudBCxus6vJfv2V5t7DEyuy/8NGd6lyy80p/n/rV2JZl16SGMqgLKcQQMyOjWtJpoMKzhMz/FqcZc/GxMwLUbH33VcIZw1cf+9bwl3il7KUGLbCp0qHUubnklYKljVUN59akjn20ars0Rt51bVs9xz14vWtWmJvNbQywsar2sOxGpZS9lBaWNlStfuTC1wjL7se6lROqP7L7wXLT2+8bkp++eui7PrnZ2ZQaNKCdH9K9qa8+St+ofv/VWLYqv0d+r74lhBBCCNHYJMAihPjzUp9l3qvBpGBDH29nilNiSMpU4TU9lOleNTwyRvzXKzy9laBl4WSroM/0lZX2pPlvyE8IIYQQQvw1yRIhIcSfl5ETC1cGs/XfuzmZno6hVS/GjR3JcDcJrvxPa26JTVt7HHuMYPLvEez4vfMTQgghhBB/STKDRQghhBBCCCGEEKKB5ClCQgghhBBCCCGEEA0kARYhhBBCCCGEEEKIBpIAixBCCCGEEEIIIUQDSYBFCCGEEEIIIYQQooEkwCKEEEIIIYQQQgjRQBJgEUIIIYQQQgghhGggCbAIIYQQQgghhBBCNJAEWIQQQgghhBBCCCEaSAIsQgghhBBCCCGEEA0kARYhhBBCCCGEEEKIBpIAixBCCCGEEEIIIUQDSYBFCCGEEEIIIYQQooEkwCKEEEIIIYQQQgjRQBJgEUIIIYQQQgghhGggCbAIIYQQQgghhBBCNJAEWIQQQgghhBBCCCEaSAIsQgghhBBCCCGEEA0kARYhhBBCCCGEEEKIBpIAixBCCCGEEEIIIUQDSYBFCCGEEEIIIYQQooEkwCKEEEIIIYQQQgjRQBJgEUIIIYQQQgghhGggCbAIIYQQQgghhBBCNJAEWIQQQgghhBBCCCEaSAIsQgghhBBCCCGEEA3U7I8ugPiru0tO5h1KAEOz5lhbSJdqPGVt+wimrVtgYfxHl+fPSvqgEEIIIYQQ4o8nM1jEg1Hl8fUHh+hluZOnn4qk51ORPN1+JwNeO8aRzLuag26ztF84bfsdI6fGhKock3+FYZbhDPggo8Yzjnywh7aW2/nyjLpRq1SNpixt/U6S/0AJ3OYzv504PRnO6CU11yf/2EnamYfT1nIPUZqGUqWmMEzbtnvo0kdfG+qpgibtmv7pvzaN68iSyMbNs059sDGp2bP+DCcfrDPU6Fr0GRatv1bj56ozZ3CyDGfAB1d0lukzv8p9RwghhBBCCPHHkACLeAD/YaZzFLOX3SSDZgx73ZaZb7fBxQbORWTyctf9lQd7efrSegRjYyDzHiWad9RAgfo3vSVocu8el7NL9B7TaC6VUPSApxbcvEteNuQW1lyfkiJV2U/aNojZlELivQoHWT7yQPmXqGtpowrt/tCVaNpAb3+oq3r2wUZw5IMDTHrrAtcbs8Hyr+A7IpXd6aU1HlKYXUzePZQbo5rfKLgJcE/Xh0IIIYQQQojfkcylF/W2570ThGeD5cAOfP+VG3aapSuz59/my8n7mbv1Nu99fAHvZe205xjWmJoRM/b68boK6roCxrDmxBpXiWZMa/mInvLrV5fzzDq1Z1GoGWBMFzMANSdjlRkY9zu1JT7RnXb6Eqgj77c7M7qbcXlApeQ3sLJqlLTrojGvW9374JONlqehYVPAEFOzRksSjB7BXPP/NTKopVyNWBwhhBBCCCHEg5MZLKJ+VNfZukrF/abGfLKmfGCraMHfFzjxVFMwz1dVWAaiZvuaWHpZKstSnPpF8eWxQs1nt/ly8h6G/+NUDctG7hK1JpYBTyrn9vI7xJqttyt8rpw/+u14Fk3eo6Q/OIaTKiDnGote26NdDuPU7xDhCbcrnPc9o98+xc41MTjpKpu1GU8BLV2tsQbIzGDR5D3lx7rsYdG26w1v06Jiju3NYt/hbLLz/8N8v718mqB81ORSFr79Ill7TCn3mZ0nGeayXbOkaDuj3z5FqkpP2hU8ObALQ0Y+yciyf6McGen9qLYNBwz+ntHvpVCWXP6xUwzr9z0DBkdzTLMs5tiaaAb0+56Zay6xZ020ti169TvEzkpLtgr5+r0o7efD/nGMqEuNNPXjAfqg6vIV5r/2vbYv9Op3iK8r9UH9fSF1Wywzl9ymyT0V7wzeyZRPlSU9l6PPMmVwebpOLt8z89NLlZaU5adeYf5r5f2m12BNP8y/xszB8Zy7B2c3JzBsck33QP2kRp1ifL+d2j4ywC+GPakPeTmdEEIIIYQQQmawiPrJP5VF1D1oOf4JhljrOMD2SQ7klc0aUIICTS7lMPddsH3WEm+KiPopj/cGxdLlug+9jeHaz7c5i0rnUpWTaw4y/t1C7jdtxvDXW5IelkNUldUQOZm3idl6lRjN61sXm2JTeIVhT/5M4j2wHdgKr8dK+HrjTWb220PW/iHM6A05F1XEJFwkBqVsz1CgKdtROl0dwnMWFvi8b0vPp1sBN5nd7zhfZ8NTI6z5m00p34XlsWZSDNgMYa5Xiwdu08LsPL7fX8j9pqWMn1PId1GV9w/JTCgkPfc3zqw/xCD/m9r3m9y7R8znF+kXUcShCx50riWfM8evkmpiQrGmoUtoSifXR7EGrl28"
20:58:39.345 [Forwarding screenshot on session f38f5520-bd02-11e6-b34a-8d0186b048d8 to remote] DEBUG org.apache.http.wire - http-outgoing-0 << "zbkEuH89l5sfQjugRK0iMUHF/aaQW3ZOTiHnElScS0gkvFIZbzLVM5ZOef1w5jaf+UXy8f7yzxM3ZpL4oA1URf36IHA5BS+XZDLvge1Aa7xaFvP11pvMHhjJ5e0+zPV+pNa+YFpYSqam35ljiIXpI+QnnMRjeDoAHqPb0MG4mB82FxI+LxHVY5asG9UKMi/h1yuRc5q8h2ryntF/Py3i3MC4KXCPJtl3wfjBloFVpDpziud9L3K/aVMGvN4Gyyt5hO+/zqSoo3x/3ZseslGyEEIIIYQQD43MYBH1UranR1vr+o3UhoV6cHyvNxv3jmTV+GY0uVdI1HElAGNoqRxTbalDfgbzgwq537QFYckjWbfMiwNX++BtU6VMqvI8rhUMJ/6QK6c/PkXiPfBb/RzHw/uxdIUPl37qjG1TWPJ+CvmgDej4rS4r2wssHdGUJvduExVfCDRjyMzevOJlBjl5JObA/YFPcGCzFx8s8yZ2XwcAzsTdpEEqLAExbG3Lt+Gd8dDcmfebmrHo22d4rXM+y95S8rnv2oYtp4ewO6wtlk2hSfZ1QrbVXoaYeYk8/2wMw/sp/3z7xxCvmTJR3vZNdS45qfh5GY9/dCXm3HPMHFj2XjEZOaBKSNEGVyyfbcuW0z5sCW1Ta/nqqn598C5ff3SOzHvg/XEfjod7sfSLIZzYrly71W+e5jK194UeE734bk4L7jc1Zt7eISyd2Ib47b8AMHH7ELZ+4cHSFT4kHLQH4NRpZeZL1JrznLsH3gt7afPe/bElTe7dJTQCPt3hylNN4am3e/H9Cmd0xYvqozBbuRle+tfzbFzmwafhw/jidWOgiNNnZRaLEEIIIYQQD5PMYBH1U/NenDW639SYl/zKB9jdPVvDxuuUlP4G6Pmrfa6yxKP9tKcYYqt5z6IdbwdYEvVu+U6phlXyaGdbyJcJmlkg6nz27MxXHuFr+Juy30VcDqfzHbXnDR9eVrZmPDO8FUToWKhhZowV0GT/RZz63WDMqMfwft6RawVu9W8QvYxw9nbA1SWVmATAxQrfIR3hWLx25k6Pfja0zC2ATtZ0JYsYIP10IYxqVc+8DB94/477ndoQ8qEj7YAp/2jLp/szNSnCzWwlcHa/aVPeXu7Oc3bAxN4s2ruLufv1bMaqKuTY8bxKM5lsnnqMztZVvqbq1QdLuPzzPe7bWDPnzfLdZtp5d+PdZ6+yJC6P8znUqS+UlChlLykEjMF73jBOvXmHEqPfSE24RkZGHidjcgGUfsZtTsaquN+0BRP/r702nR5/78XunnewedwKCpV207upc33qqwnWhY+L4tLoNvxtgC3uswaQtcyoHokIIYQQQgghHoQEWES9mNmYYNkUsnJq2vjjLiejrlLUshU9XTXDd2tLOlmUH2FqU7dul3Mph8x7cP+Xynk97mJBtUfRVMqjfFPacP/TlZayAND0DkUlus6DNjY1DESN2xESYc//jUjnXEIeaxLyWMN57tuY8dn2vvg5N+YAtsJgO+83JeBQYQCeuOw0g5ZVPuNsbA75dMSCmr2yqR8f9DOlsOxpPjyC9YNOmbBspm3jqku7zv9Ufm1ampT91IwuzxjD/tvUJCfmNH/zrbynjd+3Pnw6pPKusvXtg4aWwOVHMK10jBE9vVpA3L3yIFNd+0KZwmxWzIpn/f5aHgntYk2XihfG2Iwerpo61eGRz9btzbBsiv6NcFGug7WXC6veLmLasjwSt14ncavSnrYjOvDtZjfsas9OCCGEEEII8YAkwCLqxfhxS9oCZzenE7XIEe+qI/r8TN70SyQDY769+rzynmmzKoPbujFrb4Fl0yzaPl55KUhRro6lDlXyKAHuN23GZ0f708f0N20QoKSohBIMedwakms4ryatenVj9/Vu/HrhV2JjrrFrWxYxCYXMGJeIV2Jv/cs7ahkc16rCLAbb8fYE9W/B3RJQF5aCkQEtn2ijN7gCYGzaHGMLI51Pa9LWu+LjoPXNnNDzqOVO3S2B61RegXiX82f178Zr1t6Wd+e0gOaaN+40pWe35tWOq28fLAGwq7oa8i6XzqoAw/K616MvgJrPxsWx/iewHdGWGWPa0qVTKzoZXmegy+nyNPKAy/lkqKB8RVMhe776BcPuj+P9uN5MFG1MsANOJt1ERfsq16+EG3kATTE1BDBi0Oy+XJpZwrn4a8QcyuTrVTfJjLhK8PoObJz4aB0yFEIIIYQQQjwI2YNF1I9Fe/ynGdPk3m1mTj/JtUof3ubLt0+ReQ/aT+rMc7WN+Gth3MZcGUivuqg8FUiTx9crantyzyO0bgVN7t0lJRva2VliZ2eJnVUh8z2P4OP5M+fr+OSdMvkJp+j06E685mZi59yeV97szdZD7pq9Uu7VMhiHggvX2RN1hT17Lmn/7dx5iZOZtcx+0LDubs1TZXeryoB+Ix3xc3uELW+l8tE/U4hMLK5DKjUtQ2lBb3fNsD0xh/jLdyH/P6z4Z1adylaV1ePKhr9N7t3lvaCTXAYuRyezdree5UGAceeOzAjswYyZmn+BT9PbVkcMuF598BHMjZWnMX0ZVVh+2OWLfLb7HmBGpzrO4ikBmtxTkZEL8BsFKmVZ0Seb3XllSEd6dDbj/K50ZTNcIwBD7J5pSpN7eez8sTzvnKizTJ56npnfVtg3R28ATvNZVDqfRRdW+uTMtmS+vgTYWdHFAo588D2dHt3J5xcN6eH9JDM+7Ed0hLK+LiW95tlDQgghhBBCiIaTGSyi3obMc8F7VRxREem4Wf7CS9Pa0c5IzYHN1zmXrQw6F8x6Erhda+ABNH/l18WiPe8GnGH8sjyG9Yniw6DHuLwtlfU/VTm/2olG/F/QEyzcf5E1vpFcePsJhtvf49/vpxNzD5zefoLexhBVjzpbOLXBu+lFoj7/mdFGuYxxM+Lkd5eJuQctn7GiXS3nZ0ZcZXLE1Wrvv/Lto7xjUv34kqo/W3di2qQzTPv8LplbU3lqa2r5AZfu0smldT1qU52pmRK9aXLvNpO772xQWha9n+TNTumsuQR5Eel4mKc3KD1d6t4HYUxgBz4efpXVfgfICehIF4sSvluQSeY98Fz4BJ2pbbaKwqadMaBi2ct7uBbkjDlKwGXV2ycpGmTBxX0X+fhzJQBSkKMCmvG3GU8ye2sqYWMPkP9+ZzwN8/kkSAlcvT3OFkqUPpERksD4nBzeXtQD56qBSYv2fLD4HMPfLeTT4ZEcGNiKPt2MyI77D9//pAToJn3oqMyg8moNyzJZ0n8fBYs7YGeoYtcSZZ+X4QNl9ooQQgghhBAPk8xgEfVn3I6NFzyYOb4FTe7dJXzFVT5dpgxsnxphy/bkQZpNaZWZJDVR9r54hHZdK79vBJhr/qLvPb8vS183o8mlPOZOOk9YVFO8RxhXOl9XHsauTxOz+wlcbCBq2UVmTk0nJhs8/tGFf83vWMeyVUywDR9FdMbFBmJWpDNt3HnWR6iwHdGB7Ssca06oFuaVMiq/Hc3L1oG0Kd9PZuSywXz6tmWl8+83NebNTc8xo3fte8Do29C296xevDmwPP/7TVvwyj9aKXt/6PqaqFAMQ6OylMuOM2PuYQ8mPlshvU6WzJzTqtq5D6zOfRCsvdz48Vt7nLhH+LJ0Fs7L5CxN8Vv4DBtntqOufcHZxw6PppB36Tar38tg2IbueNhAzOfpTPZNZElYMa8s7IC3DWRs/pWTKjB2diZm+xNK3vPOM/PdLDIwZuam5/h752Zg/SjDhzejyb27HNj8Cxk1RHp6vNmXLxZaY9sUzu2/yfplWXz/013u27RgZpgHHwyx1NTVhS/mtKIlKta8m8ps/6sczWmK38e9GvQocSGEEEIIIUTtmty/f//+H10I8RemUnPt1zvKU3qsTGln8XAmRanyb/NrbgmGVpa0q9fSo7tcu1xECY9gamWGdQOXLQHkZBZSVAqmVs2xfkj11UeVX8ivub+BwSM8Zmumc0+VB5WfWUhuKVjZmdW6p0td5GTmUUTjl7OSOvfB8r7w4PW7S37ObxiZGWFsXJ809R+nylejNnoEC+Pa+tNdcjLvUFT6GxgYYmdbQ9BEpebajTuUlDakrkIIIYQQQoj6kCVCos5C"
20:58:39.345 [Forwarding screenshot on session f38f5520-bd02-11e6-b34a-8d0186b048d8 to remote] DEBUG org.apache.http.wire - http-outgoing-0 << "Fp/jn4vP/dHF+Etw97AmNkbH454FIO3zR3gr6CkCgp76o4shhBBCCCHEfy2ZwSKEEEIIIYQQQgjRQLIHixBCCCGEEEIIIUQDSYBFCCGEEEIIIYQQooEkwCKEEEIIIYQQQgjRQBJgEeJ/QE7OFS7nXCNfXfdzVLeucTnrCjlFqodXsL86dQ6Xc2Sz3spUZGZdI78xk5R2FkIIIYQQfwESYBH/I3JYEmRPk/kraxz4nflhIk2mDOLALaDoIJ5T7JkTf01/ekGL+cOGfUVH8ZliT5Mp9ryfmFP9NUBRIgFB9jw693ns53piWafyqvhh41iaB3pi//7zPPrWUyxPKXio9fAtK3f8n2QQrb7C5vCNpGoDUioSIpexPrly+aK/fRH7uR9xudb+UruEnWNpMmUk0UUPXuwHV/v9UVeqq1tp/74naxqxz2jbudFSrFnOpV0sj0z806YnhBBCCCH+vCTAIv63FBVSWMNH16+nVnqdV5f06jEjpPGVcLusGHdLoLSYLM3r/DslAOScjyA0t/yMDlatMKwt2VuHCYw9VuGNbjjZmDdOkXUpLdEGfdSUPLx86iH6q1cZd+ALLmoaOCcxlGe2r+bSnYrly+Hw6Sw6PN0Pu1KlvzRkrk9Rfi6goqi0AYk0lJ77o67OJkYC/Rjq2Fh9pkI7N1KK+vIKXToL//Tc2g/9Q9ITQgghhBB/Zs3+6AII8bsyMsAMUIbCxpU+GjAxhvsTNS/0zCJQzjR6KMWrrxYVX7R0ZeUrn3D9rgFPdWkHwMULp5TPTMaRERKMbZ0SNaEtkAyE+p9jlqNxbWc8GLUKjIyhhWnlevwJGDZvDagw1RTMzMAAAKNmZuUH5SQQXgxjn3GFlu04sy79wTJTA0ZgaGAMqGoPgD1Meu6Puing6PFj0PkTnBurTBXb+aEzwtwEurZorKvQ2OkJIYQQQog/M5nBIupOnUjA/EF4BoxkuWapRE7iSjyDBuEZNJXoW8ph0eFTcQ4axNAlU/AMGITn/GDOaGZ67Fg/Ec+gQfis+Ubz1/4rvL9oEJ7+nnjO9q5z2r5rvtNdxlvHWRIykiaaJScd509la0qFZR25Uby/YixNpjxFkyn2+IQs05bt8pHFOAdMrWGJxjU2r59Ixyn2NJ9ij++KjzhRXP5p6pHFOAcMwneRJu+gQM6oISflOyYGuWjL4xOykjNl6RcdZ2LAIObsXMnEAOXzJjM8CNh5VJtu/qXvmDjfQ3u+83x/dlyqYelFUSaRR75j6+EITmUXELfTnzHRScpnxREMDipr2wJ+CPfHeUpZnoOY84OSZ37KRnyCgtivSfK7b0Yydv0u/pP8OT4BHviEfK6dbZJf5T3l9SB8Pg5mfbg/HbVlDuRAToW5HbeOM2fRIJrMeIomUzyY+Pmn2vxqlsOO8EA8Z2jKPMUF3zWfk1pU/vnqkJF4Bo1k2sZgfDTHTYtMLs9Pc97Ebz7n/ZCReAaMZHVy9SVJZyL9cY9OAtLoO8ODJTtDaL5iNQBffunF2HClrS6fjyQZB/p1aae5lh6a9s1h9ceDGLtxI8tXjKx07VMrzHhK+HGZUs4Z9nScP5FPfk6qcj2TK53fMWgim5OVJUg5iSvxnOGB7/pd2lkzqT8G4znDhYk7j1dvPk1fm7ZxMWPL+lrASJbHplU+Ts/9ofTxkUxbM7X82i4KJrritS2K57tcmFoWDNFTh7q2U6V2hlru8ZzKfXuKBwE7D5a30ZHFOAeM5f1vArXHdAyayOaUsus2hKBiSE6YQceAqcQVQf6lXQRo+49yj04LP1hhtlIBP1Tsm5r7SVVDejqvzQwP7feervfq9T0ghBBCCCH+MBJgEXVn1InHSSOmOIn1RxMAOHHsW2Jy04jJ3UfkxRzgCtuO7CM5N427jzmQV5xGTPYmfrigApL594lDxOSmsf/U9ySqgUv7Cc5II+Z2AR0eSa9z2sXWOuZiqBOZtmAMQalJjOkZyKYXJmOWvY+XQ19T9lUBII3Q5NsEDw4kyL4t+1NXM/argwBcvBBNcnG6jiUaKjaHDGPciUO07zyZTS9MJSd5Gzs0Mw8AfrkcTXJxGjsykhjY3oGuJvZYXv6cR0PfYUOuDcEvLGKVez/2p4bQbU4gqQClRaQVp7F4bwgHrUaxavBkBpJF6N7xLEkuAPVx/r70HTbkPc7iFz5h04BRFGZH4LvUnzO6rk9pLkczjrEj+xDnCwspuhnPVe2H+STnJvFLQQk7Vgxh2IEIkrXtlsbiXePx+eYoJYWX2V+cpT0rJjuNLadj+bX0JvuLs9ifeVO7KqqkynvK6zT2p29i0oEIbd7J2dsYuGKTsreHOpmJgWNYnKEZ2BtlsSG54nIkXXJY/XEvfA9sI0Y78M5nx6klOL41lQTNoDUnJ4mY3CRWx25iv+a4JzsUM61SfvlsiF5CcGoSMcVJZN6pviTJ0KwLLxoBWDDh6ZG4du3L4s7dADBr50P/tjYAnPg5AqyG0dMUoIgTxVn8R5NeQV4aW2Lfxz8ZggcE4N++LftTQ/DbsA+AzPhgntm6mv30Y5XvAnwND7GjGMpnjaQxbc4L+Ccrfflb36l0zj3EuBWerE4pwNrlRYaaZLHjxCw+iM+BnO/w2bqJGHUfpnr3qt6Emr62OvYLzthOZfsrgbx4Nwn/jYMqD+z13B+/XIgmuTiJ1af2MXTAIr4dMILkjE30nRtAgqa9M88fJYa2DOnSsdY61KWdqrWz3ntcxeaQgQw7EEFh+1GEjV6Av00xoXsn47ZmV4U6HCM4ehvOPQMI7dmPq7mHGBe6gDMY8WRnbzwALPvw92c8sCrex7ClswjNKCJowCI2vTCVF5tlsfrAZD7W7HP0w/pRDDuwjQzLUWwavYCpJsr99NaR69XTM9DRvSnihLq871R7r77fAxUEHw6myftNdP4LPhxcy9lCCCGEEKK+ZImQqAdzBj87CP/t+0g+f5hMnDl4vnwwvjsphY86ZrBaDdCWCQMmc/PSKqZlww9Jp5lllsIW7dHHOJ5ZgGHiYeWl1ctM65vB13VN2736IDInKYLVahjzwnd8M9QFgH4t1bTfGMHZKzc1R/Xj8D/X42UKMBDVjOcJPXuCTPpjqLkbqk3mv/UTn6fmg/0CDgSMxxh4zcUO5/ffIVlddo4yMJ46eh+rnncAClg+/2nAge+X7GNoSz4KSFAAACAASURBVICxDG7vj/3WbWyMf4uPuijndrBfQMq7SroTHM1oHhpCwZ1CuH1LmS1i2YPRQ/+GHX/Do60tKy6YYahr7xeDykuGBkzcw7e3h/BychaYjCPlgwA63DiA20alXaf67mOVjwOpkf44bo9gf/QaLr7wDXlzejDso1nE4MC3czYzqJURJRdWadPVtTiq6ntBr+zjo+cc+GHjSIbFJkFRFoVASVI4GzTHBI/fxwJ3BxJ+8OeZXRE6UlXkJ4YxTbP6ZsKALwjx68/1+JX4hYWQzD7m7DpO5Fj7CmXoxrf+i2iTe4tHC3/EX5vfjyxw70hCZCDPbN9WY36d3V/nnSt72BGtYtyEt/EyAs+BHgSlJuE3cA4TXcyBRCJS4cXBz2KhIw3l8vRm/5JvGNASYBjMeJ7QC8fIxJWvtm9SPv9oPQNMAZ8hPDq/F0HZyryI1B/XsFoNE3z3sd7HAYDRz7rg+dZkpoV/yytzXydw9hccCpzM4rCB7DbK5yoWbJodgqupjgKVDezbBxIT8DoWwItdHsdz7lT8d+7g711f1Byg7/7Q9HFNv4GxPG0Gjtsj+DrhGq7u7Yg/FgEmo+hpXZc6vFhLOw3Ctko7673Hk/fwXWo+tA/k9FyljjyvaddTqzlQ9IK2Dv6v/EjIcx0BcGIQA0+k88stc4aODCThyCbyOo1hwVhP8lM2glFbQl/fw6yuyp4yL3WA5itWK/seFR1kyYk0sJlK/AdvYw289qwjt94ZQ9LpNP75j0CGVkjvgdT2PaBntWJw32AA3o9+v9L7C7wWaD8TQgghhBCNRwIsol4693wBj+37iFHHsOuIPfEVBvrJFw+yNTpDeWE1lOfbmpP77CDYvo+YMz8SYXixUlpHjn9Pfooye+HFXoPo0zO7HmlXL9u5c8cAB/7u"
20:58:39.346 [Forwarding screenshot on session f38f5520-bd02-11e6-b34a-8d0186b048d8 to remote] DEBUG org.apache.http.wire - http-outgoing-0 << "7qJ9z9Y9mPvuwUAOS7YBJk/wlHYAasKjJoBa7xiFnCuJxABBz3uX70rR9jlesYKgCk+ZAQdGujhoXqvJLwVIY9hCD7qWHaaZHbI7KUkbYOncyVGbrrFtd+Uv3gAtHfG2gpjs1dhPWU0Hq26MdR3F318YS2cjoNbNUM1pY94ayAIjI6xMzSk8f0Y7cyUp/mPGxoOqpGxz31xyS8GilYk2UGNlbo2FKTqfPGSIzj/HA93w6aG0g4erB8QmQfExTt8C03OaPWEYwcvuyjGu3r4M3BVR4zKhi1fL+s0gZvn1xwKwcJvErMj1TMrIZ39KPDnYa4/v+vQbjHZUWjx64z+VN41G8LJ7RyW/Z/vSdfu28hk8OpSUKoGOktuAERSWKo2tvlsImKNK+YktQJhLF53nGwGYOPN0y7J3yvqaEUYUU6AG2vfVzH4BsGZAj34E7VWWz/xy+TwAG7aP5kSkieaYYqXM/1GCVRYt+/PVG1N5dO1qktXgP3oHr3XSv2+K//NDywNC1q4MtYKY3JvlG9vqvT9UQFuG9HTQptf52WF4bI8g/nwKuBcTlZyPh5cH1sCpOtRBfztRrZ313eM5icvwB4Iq1hFrXh00iqCN24i9kENfzX06uEdH7RGVA6uFStDnrjKbxMJxPEc/cmVr1Cqm7b/IxZyT7M+t8JylO8XkAWN6DcK67D2jXnzzWdl+PDmV0kv4IZA5iTm0MgBKb9KmaxAh3uhgiGXZj7V9D9SiapBFgitCCCGEEA+PBFhE/bR0Z4wNxGRnMe3rJQB4dJ1Mt6wvWJ27iZcPKIe9qBlwWJcFZHK/0Hxmgb/XCA5Eb2JH9Fx2ANCW0T1doGVBvdKuquSu5ocq4/78WwUYNWgX1bJIRv02qiwb+0ztPpJHNWkYGZhhbKjCrG17IIM8wLOTfYWzSio8vagjCxafY9iRrXz9cyQHUo+x+EASiw98QtjsaCba1KMw2kBQ+Ygso1gZzLcweJwx9p1RlZpjeJdq7Ve5UuUfXrx6XvcxVr20g/SS0vIoUKXWMzKqc2uW3L2jLXv5OcYYlhWltPKzeywNK1ZA85m6cZ9PlHgyChiBR4cH2Qi2BNVdwMCoUmDPysoclMVj2kH/i0+PomeLsstnwEQTY2jehbKtdnNv3dCefzbjEtBRf9b6rm2tjIHs8vtMKSmgeYLS1ThWA6E9uterDvpUbWd997i6rKsZVO5ZRgbKuRYVz6njk5ryUz6ne+gSrgIdrHrT//FXWOWczrRoZQmTquAWyUDP5pXzVBUVoDYwx6JKAKQo/xf2Z5yngxGgzqdz+wq9sll5Gqrs88QAypyXWr4HOtX+tKaKARUJrgghhBBCPDyyB4uoJ3P6Pzuo0jveHuMY+YRDhXc0ARPQBmTK9eCVwX70rPiW1UjNjJR6pl3F43ZdgDT2nrymfU+VshLLwKcZu1fffAX9rDu60BX45tiR8jfV6Zyo05NXezNh/NssGB/EgvFBBPZ6jDMp58mpOEi9q3von3/pO3wDRnLUajQhAd9wZl06SaNHAPlcyn6wh+maWbXS/jx2+HqOLt7HtlF9aW5gTnd7Nx6vbayWe5JzRQAFHE89qfsYPY+ufuqppzXHbGNT7BUAzvz0g95Nbp/oUHb9I9j4o3Id8y99x1fpykwCD8deOgNuSn69NT/t48vI46jIYceuf+udvVKRYVlgTnO9lKcI5bD/5yQ6dO1H5zqmU1lLLJoB6UeUfYg0YuIOA0pkytTCCgDHZyYRqOk7C8b7ofolljM3NCG4rO/w27oNTPoxtb0F+2MnMyf2Gvoc+LnCrh1FSRzKBaxa1SnYocgnNbt8c9XLJ38gBhjQxVH7eGZPzeOZ61QHvaq3s757fMa5u3QAdle8T1Gx68cIoC1Ptqupl1RXdned+GkTV4HQfxznyuJvWP/m27zUsewmMcTYxh4PYEN8XIWzr/DWW09jGbxMO/OrLD2vsd9wf10iVz5L5Mq6dCLHe0IpWAIpV7O1Kfx6rfyJVI31PRDcN1iCK0IIIYQQD5kEWES9de75QvkyFhxwf7IdT3fpXX6ANmAC1YIm7Xvh2rIrfTuXT+If06u/doBcr7SLjjJ2hj2+3xzVnOvLi0Do16N5/8eDxMV/w4TVIUBbXnu2q85xv7rK/+vU0pU328PV5HfwXf8Nccn7CAgeo8y+MarpXGtGDx4FHOOZgIlsjj9O9JGVeC59hw0ZJ7F74nF9OQJgYWXCheI0/D+fwOojR0lI3sWW2MMAPGquDIlvVzmn6muoPLvDuNPLhGoCXos3euK5aCTdVyxhQ2oEwcfSMKl1ycEx+s7xwDPgaaal59d2cCUlgHW3EYzRvA7e+DzOQR5021p1P5QCVn/sQRPNU1esu/nhr1lhsnjrCzSZ4YLl0nc0QZluzH9B+Tu/rutg7TYWf02dQrePofmUXvhGH6p2XE7ySjpOcdFu+KrMlEjj0w3LiM5RYWaldLrwHxawft82thXDWNeaHxusv69ZM27kKOAQ7sGB7Eg+zuaNYxlXoT1dvd9kILA4bCABP+wjLnkfcxa9SFDqMW5Z2GNBGgHL3iEZWDVtPave+Uw5fuM0fsih2r0Byv48yaemMvab74hL3sW0DyezHwge+iIWtZa5XNCKUayOPcqByMX0+3ob0I+Xuplx9OQxsO9PWavUXoda8ix7PHOFdtZ7jw+dyuz2kJz8Dj5rNhKXcpTVa15mUno+tH+Z7i11ZFaNEuy8euIT5oR/xx1L5T49cvwACZeS+eGHYNw2Kv014VwKmLrxemcLSH8f3/VKnstD3mA1MMZjENZV0rusc+8kQ1oAO/a+zfIf97Hjh2BNuyrzzeryPSCEEEIIIf4cJMAi6q+lO2PaawIkNt48bQrWXTwZqPl4gkflJTwVgyYTXNwB8HjGR/OOAy89W2FGSj3TvqmGnLKnb5h68uXs5YwxySJ462Tcw+ayRe1A6PgNvGhdZYkAAEbKe6ZmmqUalZd7aPdAwJqp7+xjsX1bdpyYi/uKqYSqHegAYFn213/jaufbPbeEn33H0bX4EOPCxtD36xBicCB0/FZGtzWukoeOfFsO4ptXptJVfYxpX4/nmRWzWJwB/i9s0Wy4aajdK8WomaGO12Bq0a6sqhrmzPpgH6GdlVkhMRlJyvIHm1HEvh9M5WczldfH2mUa3z6tPEkHdRYxxd2YqnmyTrUNbHQGaawwNQCMXNgwZzljNMck52YxsPMoXjQpO9UQUFNQnAXFWRQBGHUl5IPvWKwpM2olENHBZhSHF32r2Ry1/Pq2qLRcw4GQT3axuHM35XrhgL/XqPI9ccqUFnKVfO2TXJ7u4UtXYMep1UzfE49xpz4EWUFyRgSTdodzjrbljw3WqHgtq/c1tH3NDKVvHB48AnK34btiDONizzOhrD0BTD3ZNmc5E0zyCd01FfcVU1mckc8Y90/4cqQLceHBhBbDiwO2MLUTYOTJ+vHjgCSGrfucfKrcGyjBtw423YiNfgf3FbNYnWuBv+93LHCxrqHMVe8PRQeTbKZtHM/A7V9w1aQf2+eE0od41mfDBDf3OtehtnYqvBBJctV21nuPmzP1HaVv7z/1Pu6h45l2KgmPzgGkvDNd07d1Lemq+F473J/pB6Sx+MAiHuk1E38bC3acmMszS19g2K5NDHWfzItGsP/SafIx5rWAHazq6sCOE0qe/qlpjHH/hE+Hdq2W3rnqEVAw9WTZ6HF0IA3/rVPx3bUJ966D6IAm2FTr94AQQgghhPizaHL//v37f3QhhGhsOTlXKMKAx6zb6RxSPaj8W9fIvQNWbdvpfHqMbgVkZuWCgQmtra0foDwqcnKURyGbWdcnX/2UupRi0NwK25Z1G6ipbl3jxt3GKIeKzJzr0KzueQNQlKM8WrmZWZ3Oy0lcxvNfRuHczp6enrOY5e4AWd8pT4ACgiYd5SO3djWcrSK/qAQjU3PtNcsvKoD7anJVYGdd9yUnNVIXkHkzF8w7Yqvr6T9ATs41igBT83ZY12FTU52KDuL81mT8/nGKBU+qySwowcy8XbU9QvSJ3jiIvrHGHP7nTnqVXuPGXUNstW2gIjPrOmatOupM84HqoM7hckHN7azv"
20:58:39.346 [Forwarding screenshot on session f38f5520-bd02-11e6-b34a-8d0186b048d8 to remote] DEBUG org.apache.http.wire - http-outgoing-0 << "Hlfdusavd8DUvBXWpg/wDaAuIL/UEAvNuTk515T7T0+blefZDuuq17JKejXlmVmQC83aYNtS13EP53tACCGEEEI0HgmwCCH+e93ah3PgVO2eK12t2pKcW/b4724c/udOzSOJ/8tpAizD9QaU9FMCLFR47LgQQgghhBCiIlkiJIT479VyEOGvTNUuUdMGV0x6E/aPVf8bwRUNXcvR6kdZBle/Z2kJIYQQQgjxv0NmsAgh/ifk38qh8G4JRs3MsK7PsiQhhBBCCCGEqAMJsAghhBBCCCGEEEI0kCwREkIIIYQQQgghhGggCbAIIYQQQgghhBBCNJAEWIQQQgghhBBCCCEaqNkfXQDxv+Xswa1s33+MKzcKaG7eFufe3rw02gsrvWcVsjtkOaU+0/B10n/kn0Fa7G6+3xvD2awbNDdvjWPvIYyttY6NqbHbq5DIlcu50MGX6cOdKn2StnslW7O6MHtKf4yqnKW+fJClG87jO3s6TmaNVN7Cs6xbvp1bBgbatwxNH6V7v6H0d7KpW20yz/KLwRM42RiRtnslmy90YHbAcPQWsbY003azdPNVXq5S18K0SJZvvlCHNng49PXFul+fP15hWiSrtp6ACtcdoLS0Jb6zpmBwuHGuY8MVErluFSdugUG1z0qhZU+mTfGpUsa69n89x6kvs2HpV1j61v+eV18+SOiGi/jOnYJD1Zu4sdRUPh33s1ZpMaZOLzPd16n6Z9pk/0x9uJDdIUu5+uTLFb4nCzm4bhWH/9OSl2dN0ZZRnRbJ0vVnGRQQgFvFr63sWEJCDvLkuGkMr+U6FqbtZtXWU5XuCUPTljzZYyDD3e34q/3eFEIIIf5bSIBF/G7Sti8keEsSGNvi6uJEcXocUeEpxKQVEDZveLUBerlSLsQlUexaiu/vWN4HEbvOn9CoTMCWPl4uFF86TnT4SqKPZbAu9NXfKchSytW4JIpcSxstvSvHkzhe0p/pVT65cTWRpGjIm9KfquGN4hvnSUqJ5rnSqmc1oLyl+ZxJSiIbY8zNDYESCgoSiIvey69z1/Fq99oCNPEE+S/FdvpKnGxsuHE1kZQ4uA0NGpiX5l8lJeU4N6rUtfTGBZJSjtehDRpfbX2RX8//YWWrr9IbV0hISgJjc8wrPCe6oKQ1/UuBRrqODVdKXuYF0rLAkBIKClQAGJubY0gJtLajei+v6/ebnuOKf+VQUhIu/et/zxf/ep6ElOP0KX6IAZYay3ebzLQ0sgzL7mWV9hqXlJTg0rNFrWX/M/Xh2xkpRJ+NYexwJ+W7Xp3O/qgE0oFDZ0bi5K58S15M/JGk9GIGVale7qWTxKUnYZhf+3UsvZFV7Z4oKCggLjqKUzc/ZN7w1o38e0AIIYQQdSEBFvE7ySXmxySwHcy60AmaQIOayCVTCUvYybHc4XjVODa2YtpXG8DoD/8TpV6FZ7cSGpWJsaMfny4cranjdKJX+rMyOoJ/xw9hitvv9JdEYzDU8UfhB2YIhobV3zYwAIwNdPy1HqzcpvPVhsl1u2zGYNpCGW2o1WBU00DPAO4AXrM/ZbqmLdWZ0QT6r+TQwTO82t2r1nrcoTwvfeWvHwPAsHo6BjW8/5DVpS++ZGAAWNDCRDlHDXqCnH8wAwBz/Fevx11Hf4pvtOvYUFaMXrie0QAUsmH6BPbe8Wb1+il6Aj91/X7TfZwaMDIxwQLQcYvWysSkBQ+zj+otn5kbCzdv1hwYz/RXl+I4YznT3er4XV+pD//RPdgMF09HwrekcKkQrMygMEUJrgAkHksBdxtATfLJdLD1o1vVauqayVMTXfdEbjzzpiwlaed+soePrfv3qhBCCCEajQRYxO+m9A5gYljhL7hG+IweRSLXeEzz35WZsVtZsSacdBWAOd6TApji8xj/nj+fEr8PmOBmBYVpbFj6GXtTsgGwdfXjrcDR2AKnv5rHvzLt6HTrENHpKiWNN+Yypb8yZfrghuX8a28SKgAbV6a/NQ0vOzO9aaYdXMfHa6MoAMAG70lvMsWn+rT1lJijgA2T/EdXmqniNX4scRm7MLmdD1hxOXYrn60JJ1NTR69xM5g+vDuQy1fz5pPa0p6iuDgyAZtuIxj7HKxfGUEBYO44mLlzJ9D64naClvxIy44GpKRkAtBthD+zX3WvNsTIPb2bj5dt0rSpMV7jApk+3Ins2A28HXoIjzcWM6W/LVyO5N35YRgOm8vC0d3rfX1Pf7WQL1INMMlKIL3AmOHjBhC97QJvfLoQNys4G7mBNWF7ydYcb99nDAEBvtgABoaQcvQL/Jcq9Ta2ceXNQH/cbXWPCCoOpY1se+BoDjHacsxj2ZnOfPqxMmOo8Ox2Zi1JZMZqf87MX0oBEL10Atkj5vJCxUT19qvKdfMLXs1oHWsSDEwqvzYpG1GWnGbha8to+X8fML2/nTIQmvkZJi8GEujrBIWnmTd1GRbPOHA8yYDg5YHa5QTRK/0Jy+7N6oWj6zw7o059sQVANrtC57E0IUWpc59xzAsYrrTb5Wi++GwTcZlKzze2dWXSDH+87Irr3E/tjHLZOm8+J01sKU5IIBswd/QmYLayXEKdGUvokjUkZCszPSr2CV0M6hJBqOX7QXffWIj9L9sJWvIDBq0hM7MA+xFzmfjYsTrd+7qVar/rKs6sKTxbNZ+ZOJ/5lhK/D3ipxWGClhzF1smUBM01se8zjncDhmNFbqXvwYrfS+Y2xhQAzmV51HjtjIBsdoeEsCkuHTDG1kYFNbS4vnT0f9eit3w6FZdyB6C06jykXA5uWMXavUnKS3NHJr3rj49DWc/OJnyRP0tTMgFjXEe8ib/me1Dfd06lvmdsg71FPjda+vDJwlcxyY7ni5VriU5R6m3r6scM/9HY1RKg6ODiAlu2kJpeiFt3M1KOnQTzPvi5pBMenUAmXtiqL5KcDvZ+Lo0TDqo4QcXKjcF9jElJVF7q/16tuV1ru7Y1/U6BXL56dyZnOs/g4wlujVE7IYQQ4i9HNrkVvxMrPIZ2g/QIpr/0Gu8uDOGr3Qc5a+BOYOAEHMyAzN0EhYaT1dab2R8GM6ZPc6LCgtmaVkJeVjZ5paVANutmvcfeFBPGzQ4m2N+P0oRw/OdtRw2UFN8iM2EviS19mD13Ol62BUStXctpNZz+ahFr9ybhMGI6Hwa/Qbf8BFbOXkWmvjQLY/l4bRStB7/B0tAPGeN6h6iwYKJzq9avkPT0bDB3xrnqJBUzNwI/XsirXnao07YyOzScGx0HM/vDYMZ5tyV60yIW7k4DoORWNilxcThO8mf6GFeykyIIXRlJz0n+vDHClYKUvexIyKb0dg7Zqmz+n737j4uyyhv//4oNGDEGJN0xGyswiXYCQ25U0CITZS396O2N69qSdZut7kY/sL3RvYWWFSxlW6l2SrhDK7K4Xfm6spouhrdNKajsSEgUYoLlaI7oBDOC86PV7x/X8FMYQN22bd/Px8NiZq4551znnLngvOecc9UeDyI5YxUpiVEcLs4hp8TUJWtHwzaezirg7G3TSVu1iiXTQzEUZLDWYEITO5sErZ3S3N9TYa5Dn5VPvT2Kh2cPPLgC4GwxY6410nJbHPExkxmttmK1n6IVsFXlkZG/E+/4BWRkryI5MYb68kLeKVOGPt6DwFRezsj5yaQlJxJgNpKT9x6OHvIZBFTvfpdNmzayceMGVi97hlIrzEgY6y7HKeynmtqPd7Wewmo/RZMriImzpwMQNn0RP70vpFOqffWrrud21y09hTqs/PlVPXp92788Xi06qJTYJ4TgoXYMuypxAObqj6i12zF+VIkNsFR/RK3dh+iJd4PVyLaD7na0VbDVYGJEZOQAlr70ry+2qTXCotQ0lsyKwFRewLsVFqCGrFQ95S4dKRmryEiZz1CTEf0rW7HR/34K0PK1mXqjkfBFaaxKnY+6tpSMrE3YsPDOb3Iwek8iLTuHtEVx1JcXsnpTTS/nZeXA1m1s26b827JlCxUmW7dj+mrH3voG7s+UFZNpBNPjYxh708l+fvZ7593t/0qe3fIJGdZ+fVNeM2F0t8mi6WHUlxewuULJtO04W81GVuSWMigqkYyMVCKVkLF7rO257Qz6TArK64lbkEpGygys"
20:58:39.346 [Forwarding screenshot on session f38f5520-bd02-11e6-b34a-8d0186b048d8 to remote] DEBUG org.apache.http.wire - http-outgoing-0 << "ZnrRRx/wcK31XL4+KqubirznyN15mKjEZFZlJBMzqJb8Fc9h6FTu+uM3sCQtgyXTQzG6r4OerzkN5KTkYLwQypK0DJITNNSb7VhPteCigZzkbAy1auanZJC2ZBZWYxGpyzfSvbd15xscSQRQXfslYOHQQTPqcffwwOQJQCU1ZuDUEWqB8eNu7SO1/rnQ6gCHA4fDgbmmhOJyOwwNxA/P11VP9eqpbT39TgHwu2EoNwy+krlUQgghxPeDzGAR3xrdnHT0o3azdecHHDSWU3y4nOKCXNRR8/nd8jkc21WCnTAy1ixGB0QvfRZX3j5C/Jw0utNw1HxAqRXCEh9i4qihuJjKQ9P3k7PzPfZb5ihfyhPDb5cnoQXCHq3FkHWQphYz1SX1ELWE9CRlGUnqSnhn3zc4Kz2keeYxAM6e/Jwvz4Vw389/y11n4dbLVvq00nQWcLZ4HEQc3vMREMXKzIUEA4Sm0VqfRNEf92CZORfXBVDFJLM4IRa4ifJCI0fjfuF+fAsVxcYu6c1fmU5cMKBL4cT+JIr+8gG2hAc68ttVgh01SQ8/yHA/FyNnzyFm32HKt36ALS6JpJWpVC/MJjt5BaBhUXZKr/swOHt8dlC3x1EsT09GC1gq8gD34pnhk1i0KIy7E+IItFjwC7kZFR1LBtrOe+kcpW0eqd5F9oFTNHH5d+vegMm4l11HfXA6ndjtyuDtZP2XoNN1OoouP3sDwRPC0eh3ogmPRaf1p6Lt3PrVrzrOrTfH649xvsto2umuI38m3h9BccEBPmcOZ8vdQQRTNV8CZz80gGYWY//tPmZpCyje/gGOKUk0lv0FExpS7gv1kGt3/euLbeZnZ5IQDESrKStO5UT9VxAxlFmLFuGtiyV6GJgbXUSFgel4I60woH7qugDq+FQWJ4wBxrB8yXGSc3dxyDJVKd9ZE7X1XzEx+iGyg6fhPfSmXstqKCro8jhu+ESitR2hp/61Y899o70+VqUxJ9QXLGXsoj+f/SvTng8W9Ou6vragU5vs3ZlKi8vVpZTVe/YAMaQvn4cG0L2QSu3CbOVFh6e2M1N9wIwqLoXkmdFANM9fOElybg9BLY/ptOnpWttH+Qakgd2lZlQxySyfp1wblr7gzWMLcyjdV0P4SHddrsxkSjAw5na+qk6ieNsufNJ7v+bYKnZhBBKXpTMlFBij4xvTw+QeBWfNPozArIyVzNH5Azqe5wzJuXs4ZEnysJQVIJhxEZB/qB7HA80ctMK4sWH463zQUszBj03oqAEiiOxrOky/WMlNSSK3y3Naljw7F39aPFxXPderMrOv57bt63fKnPSc7/xeaUIIIcTfkwRYxLfERl1VPX5hU1g8ZgqLAZu5gQ8251JgKOTdsomMd10AdTgdw6tg5i0OBiwccD/T0qx8+1xblMXios7pa93DjwugGkzb3oEud1TAG2+8fUB9Q0dAwDd4CguDwVKW13uaQ2J5asEhXikoRX+4FABNxHSeesY966adhttHqyg9OriHL2IdVO3eCyGR7c90WuBC2B0aOOV+6ITbbmurgQCGqGD0nbe4H/sxRAUtnVIO8OuUTrgG9jR1Gvy05WQmf0W3TSAHtSjLFvyjeSwxjBVFtagiZpLQyx/93oPAXlmNhdhOS04cnD5jBsLcA/kLoBpCT9tS+gYG0FSZT3K+vsf0cUKo7paOx97Kf3r6UttK1z1YwMKm9KcpKsin4r6cntNvz6fnZQj961c9n1sHNU/9PofoTlXoqMojKesgAMHjYlEV5FJZUYHJaCVm/nxOFBZyoKyMM0YIWzARf/y5b0YMxbkl7DdP5cS2wxCxgNgBMZnNhwAAIABJREFUDer71xdHuss8PKDttQBuVsOexmbw1RHgPMralHy6DIs17jYZSD91gi68o2391Mo6Km+CeGjZEkyv5FKUW0sRgDqEBUuXoe3xfNWk5K33WBd9t2NfNAy/yd2AQf397F+JTvlcRs2NndpE2+0zD+DtPQhwdgTQ/MMIbzvOV9N721mOUWmH0FuHdqTVPUbaxlM6QO/X2j7KNxC2s5iB8RPCOp7zH8U4New9fhZ3J+5yHQwP11C8p9XjNUcpl4rhHdWAekgAOMHZ2gKoGHlTRyN39Nm+6cZFQH4N+8t8sKJlQpg/EMY9IVB4cB/7vOsgIongPlPqn/hFqUwIAqfLBYOHEjYm1H1la+n9utpXvQ7uvW37/J1yjc5LCCGE+GclARbx7bAcYkWWnpD5q1gzR/k23l8TzMzkh9hqyMIJuFyA9WuUnUoALGxZ+yqNY6a3J+M9WPkTLz41r33DWJupgg8qWxk1GL70VAYnOJ0d3+k7GkrIyj3K/5vl12uaI5111PmN5fnNyXib6qj8YBO5xTvZfuhBlsZ1nVsxPHgEGEvZWjFX2SumTcN7ZOUWoo5P5THXhcuKdfpkR5DCBQzp9Fe/C/AZ5N3lcQdVl0dfNpghYEKXIIDLZQXCyNicSdvcjrqy3TS4hhMIYN7NK0XKXg/2w/lsqIjuWnYAgggPU7PT0LltABqpOQxEjUaD57qvePM3FBkhMSWDqeE6gqjgsYXZ7Zs6uoDB/gEeUuiu81AniLDgoVBrpdVF+/l3LM/oYR6Hd9dQic/V9KtOXC102WezpfO0H00kkzVQnJsLaEideh/1HxVSlJMDaFgyThlyaSclEJJbztY33uCsGaY/PrGfuXfoT1/83dgeyo/7G/6qDWQUGAiJX8RvZ0ej1QRhWPsw+pqO4/rdT32gvv6se4NPaG1tcR9jof4r+Gn6RnR+jVQdOsi7+YUUrN3KxPULr+iOW/1tx977xoX2wjssdZzt52d/4C70sV6mQ0+HuVwX6LoxbT21dhhFH20XdAs6FdR80dz+Tu/uGwe59dUHPJbZQ/kGxD+AIODA/lqS3f0Hx2nqrRA6+iagFlDT0fUc1FabIWBsn9ccsHPurAOClA+s9etmpfO7XJe95mrvs33T3h2LmlwKNgIh8wnzB/AlclIEhQVFFAExS/q7j09fNITHRjOml6hGr9fVvur11OVvaU+zr98pQgghxL842YNFDJCN3XmryStR9gypK9nA6rwS99r0rq91ERTGdC3UF64gM28LFVU1VFXsZm3Ki1iB24b6EX7PZMDIK/oSTBYzZZtepbD8MN5Df9iejP+YyUQApbmvYqgzY2ko46VfZ1NQUEpz+8DW1cMfwkGEj9dgL89nY1kdFnMN7+TmU1v/NQGxHtI8d5Dc3BzWbjDgCriVkJHusvTwVaZu3hJiVLAz+2n0WwzUNTRQsXsjyamFgJYlD0UTNn4cYOT3+hJMFgtV29aSfxi0Cfd0WgrT39tq2nlTv4Eas5mqbWspqIWIhIldvkEMu2ciUEv+2m00mC3UGDawIieXfONZfDGh/+9czESQvXkDiVrYmb2Gih42Ghg6WgcYeS49D0NVDTVVBvLSf4MRiInuPFjoqe7bTmkow2+5hcGuBja9lIsVlOUovZ53z/UwCDh24H0Mu3eze3cJWzasJmunCdTjCAvCPd3mIDvKGjDV7Sb7FQPtS5lcSponDn1AnaltMw0XPlfcr/pT4jZBTLo/DKxW0IQT5h/EXVHufWC0ExjX1gF8dcyK02AyGrGrYpg2pu1uSWXoM1dTUqc0UN3uzp+9rvrTF3vTOSY0ZISWYYHeVJXo0Zfbu60I618/9R4E5uICtlWZMNftZq2+HLSTCQ9q5s/6XDIyX6eq1Y+QsFEMARgaSM9D/r70ox099Y3uvur9s+8wGdBnrm1vi95L1PX/10rY+IlAOfoNuzGZTZTo38XU7Zie224YOp0KqyGXTWV1mBvKeDW3lF7roNd02vT8mehP+fonlNgoFfbyfDYYajCb6tiU/Qr1QOgdbTOorORkbqDObKZq2+sUmSAiYbLHa05Q9DSigMLMLEqqajBszCTXqJzbkKjJhAGFa3KoMFkw15SwRl8OKh23BPWj7TV3EakCqx0iJnVsZBscGesOiauJiuxYaNj1d2hXnl5TXGi7pHnQ03W1P/XaS9t6/J3i4W8AIYQQ4l+EzGARA+Ti871G9rruZXFCKM3H92HcG0nr4gT8u73WlYaFq1dB9ivsLC3EPeMe"
20:58:39.346 [Forwarding screenshot on session f38f5520-bd02-11e6-b34a-8d0186b048d8 to remote] DEBUG org.apache.http.wire - http-outgoing-0 << "0DIr5VnmhPoDSWQsOENGQT4pBuXViFkp/GzMDbxJ28AvmNTsZLKy9OjbpiirQli0KpVQoIJBEODXLf6hjAhik5dz4uvVFOWsoNid9/y0JwglqNc07wr1IXn6EfQ79STvVKaaa6Lm87PYnr7BDmbpy2nk5bxOaaEeQ6E7KW0UyU89QbQ/EL2YtPktZBXmk2LIV0oRs4D0JOUuQt50HeD29ZhTO8lI3glASNwinpkZ3CWdoDELyVjQyuqCAlLLlf0r1GGzSHsijppNyzBYYVbaEwTjT/DyZPYn68nO3sLmzK6r6IMTlpLatJpXikrRZ7U1noqoxBSemNI2WOha994+3u11H/HgTwgx5KNPWYgeUIdEEKI6TP0nR2DeTZefF4PAp+cFOd6AyVCI3tDxnDYinkefWIwG0Mx+hIh92RTlpFIEhERFoDKalcFC0CgmhqjYWVpAZouapwYPgoBA/K6oX3U3CL8eD+gYkYaOm4S6sBb12LH4A7dHjoXieiLuH9clMBb7YALrDAWMSJjSvudLy5eHMBw24vdjZdjT/NlOjIY4XIsTesiz775o69Q+nQX4eeM/5kFmhe2juCCDpAIALVFRWoxG5Ra0A+mnrgug1jopyEqhAEATRWq6chefn6cmkpldRFayuzHVEaQ8+WAvd1fpPQig9L2+2xEPfcO7W3346ub2+tlvqdiK4XA5znt/RoKH9UKDe1jq1j2fzvXl6bXOPwdFLyQt8QxZRbmk7ARUGvfgva+28yVh+QucTP8NRTkrKOqSS1d99YHun3eFUnZP5fOkpxaesvwFvspcTbE+A+VKp2Z6cjbzQv2xVbnTO7uTFW3XwfglpM4MhgZP15w5LN+QxtrnXiQ/KwPUIYSoof6CC5evjtRVi8jKzCc7ZbGSviaKlPSlBAOWr2r7aHsNY8drMBguEBvZaSGQ9i4mqaF00Lgum093/h3aVjuBg/0ue63nXqbu5Zqj8HRd9VSvFXs8tK2H3ylg8fA3gBBCCPGv4bpLly5d+kcXQvyLcdiwtCibNgYF9fBno8OGuakV70BN2wztHlnMZlze3miCBraYwGGx0OSCQE3Q5bc07i3NtjL5BRLk3/fmhA6bhaZWF3j7ofF0jn4aenq5L5aKPBZnV5O6QU+Ey0yLdx/pDLD8HhLCYnEqSyuCgga43t6BxdwEV12G/lHaMhCNp07U6/sG3q+uJUtZHotz9rJE/zZTelmNYqvZwMKMJvSbl/Z6W2PoR1/0wGYx08rV1IUF/cOL4ak8kiPA3OLdQxmUfuG6gvJ5zNlDOw6ob/T02XHUkZmUiS47nznXZLPSK+QuW6BGc9m1rK+2U17vu86vqg94KN+Ak/Jw3QalTS+/tvRyzbHVsPa5/0X3VJp73ykHm5YlUcR8Nq6Z406/l375XWn7a6Sveu39jdfqd4oQQgjx/SIzWMS3z9ffY+AEX380mr4HWkGaK9sHwTcoqNcBaa9p9rNMHYcH4fHwAaZ3GZcLaKbVBb5B/Ri8XG1+HQkRNMCARZf3XmGbXYkrzevbLONlHDWsfnY1RrMdwhYwyUNR6g+cJG7RPI/BFehHX/TAP0hz9ZtW2uF8qwt8NWh67Dp/n37hKc0B5dfDZ8f2eSXno/6dqf/oAbaHz3Vfbdfftr2qPnDNrjuer9vQW5v20rd84GtTLfmpz1ITH05L7V4OmyAueVyna2nP7/3OtP010le99v7Ga9e2QgghxPeJzGAR4p+Qw1TGm1tPMPmRedfgjibiO8NRx4bs9TR4h/PwE0nfg7a1Ydi4mW/GzWXKP//JiO8Tcw2bNm/j0Imv8blhJON+PJuZ0Z5uwi6EEEII0TcJsAghhBBCCCGEEEJcJbmLkBBCCCGEEEIIIcRVkgCLEEIIIYQQQgghxFWSTW7FwNka2PbunzhYb8ZHE87/+9lcxrTvXmmjbMu77DxQDzeM5L45c5mia9tCz0FVyWb+vPcITp8hRE75d+bEBveWSx9ptTGzafX/0BKdxMIp7rRsNWzafACXj4/7GCdO71HMnRfnebNGk4HVedXMTE1G135gL2VwNLDlnT20tufhzsnpx6S5cwj1t1G2ZTO7KxtgsIbYmT2VvQeOOjbkbOJMtxtkulwubo7tdI7XmKXOwLtbSjnxNYwcG89D8+LouGfINWxTSw2b3t3GoRMtDAmJZM7cOYRednOS71ebOhp2k73hM+Z0KUMHm6mGL71vR+f+DDVUlEFYLMFXsGVJzaZ08hvjyUlWbpm6IeW/cD30OxZH/+PuiNQfdSV5vF0zgtSlMy9rz871d/vZErI3HO2xLh0Nu8nZ8Dlz0hYT+q3sP2pj29qXcCU8wYN+lV3auMGwkdzNezh14TZ+9VI6Y3ptSwslea+y7WAd3DaDlenzuCYt5WhgQ/ZGAuc8wRzdP6DtHWbqvoDQUOXzcTV9WgghhBDin4kEWMQAmVj7y1TK7RAWFcHx8mKyyqtJ3bCGaH8H2zJ/ScFhO9qIKKgzkJthoHnVRuaE+lK1YTlZO02oQyIY8XU5hTnlnHLlkBzX08aCntNqU7NRT5GxFrXPl+2DcUvtXop2lnZNLiSRufM8nZeZvNV6jGY1Ma5+lGHoV/zfzp2YL0tHzajZczix9hlyy61owqIYfFR531dpeSSN6WOw03KWQ8bDmFVq1J3H+U4nhFo9v/cKORq2sHhFIai0RIWCoUiPoc7KxvSZ+PbRDgNqU1sFyxZnU4+aiKgRGEsLMe49Ts7bS+l89PetTVu++ozDtQe415XcY538OiUbbbIenUaDrSKP1Oy9JOfFMvBQmo0Du2ph2k/dp1/JHpOTpJu+28EVgLNHD1JbHkkrXBZgaTn7GYdrDdzrSuamr472WpctX32GsfYAMS3fVoDFxRflhzkf5eI+v44ygok/5RdTj5YI3Q89/pK1VGwmv/QwmrAIQm4eyuBrVbSWr9hz+DCRU1x9H3vN2dj4bDLF2mQ2L7/aPi2EEEII8c9FAixiYEw1VNohalEOyxO0ULeFuSsK+ajaTPQtByk4bCdkVhprksaArYzkhTm8t+cwc0JHsX+fCULm89qaOfhiYu3DKRg+rOl5MG7a5SGtaAAcDdtYXVwLwKDBHTM+ThypBaLI2byc/t4TomrjWkrNAIM65o54KsPiWPSbY9vfb6vZxMKMIrTTlxDnXUFyuRV1XAr65Figjsy5KyjZXU3SmDjPBfGGC0DcUy+RHP3tfN37+cEDgJbU13KI9oeqDSlk7SzBaJlJbKundhhYm9YUF1GPigXZ65kZDKbdq0nJLaeyAbTukdf3s029gQD83KNnB3TcCtZHae8b/PzaH4MPft4MnK2afVaYPe525VQ/KcPOeO7+J7gxirc3oPbDD8DhAN+OCElQdDIbNzyOrz9YvL0BH3qqnsGD/Xp97e9GBT7eXcuI40tq7BCTspKlsZ4/w94+AGoez0xnzDUqkgPwHTyYANzd6R/AeQHUN1yDPi2EEEII8U9GAixiQBwuJ3bAR+X+a3nojagBXFD1wf8BUTyZNAabxYzLO5zlqzJwBdwCtOJyAjcMdg8u/fDxAc43dR1wunlOC8DEq88VYA+JIeJsOcc7zVA43WACbRQucwM1Z13cdHsoQR6+0XbUbSGruB6NVo3ZNJAytDHz7toiUMXw7MJowMzc+Yl4R0a5Xw9gsKp/9dsfNSUbWJffMdMiJGY+S5c+yMHVz1JwVEPq79KJDoKaLavJKDQxf9ULTOV9nlnxJyamvszCbstFWptagCH4uceC6mFBwPF+1MFA2tTCgT31qGKSmRkMFrOFgHE/Z9Xwswwd0XbM97lNzfw5J51soxI80sYsIH3pRHYsz8YKGLIXcnL8BEwH9gOQvXAZKXnLOJHzHIcGa2kxGjED6rB4lqYuRucPtrotXdrUUr0fK1FEBisVU/PBYdRxKRzbkM6v9pxi8lPPszBaQ1leOuv2niLyJ8tYOjOUmk2ZrN5eh+bmYZhPNvd53OjxY/niwCGGjn+UNclTsFRt5LkXS+C2BFZmJhHUUMKyrI2cHZHA7zKTui55sVSRl/M6pbVK71X67hxgEFj3kb1sH7X1VkBN/JJlLJ4Siq1mE8+s/oQl"
20:58:39.346 [Forwarding screenshot on session f38f5520-bd02-11e6-b34a-8d0186b048d8 to remote] DEBUG org.apache.http.wire - http-outgoing-0 << "L2cyqludblu7loLyekCFVmMHlCUptpot/Hr1e3gPBZPJqgTUZg1iQ/Yr7HTnrY1K5Nnl89ACVRvTedMUzKiv92Cot7vzT2PxlGAcpjJyVq/DaLZ3KXPnxWHtZXw+kT8vzcEKlOcsJKU6lZzFEZRtyiGnyKgcrI5gSdozRJ7dzOJsZVZW1tyHmZ6agc+7z+N86Hftn9Gqjem8WH0HL69J4oSHMgLU7c5jTW4pVkCtUWEFwnvpjXW7N7L+3RLqrXZARVh8EimLEwgCqjZl8squ46iHDsVaX49VFUVG/hOcfjOb3FKl/4bFxEB9DaeGTL6sjWs2ZbNT6dQkHQmB0/Wd+vQaYr/7E6qEEEIIIa6YBFjEgPgGTyQxpIAi/a/ILNdhMRqxqqJIGKuhtdYFGPl98lxM7tG/Jmo+K5frAH8eTIrCkJ9PcnolGudRDlth+pKplwVXAJwtntKCsrzVlNu1pKU9SvUz5e5wAEATx48D1mJSk4vdz6mZlfo8SdE97ZfRQM6KQghbwPKfNpKSsa/fZWhj2v0GpVaYnvqoe3aFhrg58wAHZZv0FH9koN4O82dM6FcdDwJOHNhByWk/nAC4wG8U06aMwVmVR0Z+Kdr4BWRMu4OzB7ejLyrknbKJLP3Pf2drci7ZOVvIeRgyCo2o45KZE+qPrcqFWj2CmwMu/xo5eu5DaEtzyHhsGVGjwWisRx2XTGwQVHisg4G1KYPAXl7AY3P1KIudVMQvSWexuzq/z20KUGuERalpXH/kz+QWF/BuxUQenD2dYv1OwqYv4qfT7uTs8Cb0xbXELEgkLAhqvzZTX2smflEaTwUdY112IRlZgWxYMw8udG3T6g8rIaqtvHXsrYVxiWHccvpD7HYr+3bXsjDaxYeltdiB8r2fwMyb2PvRYex2CA0N4otjJ/o87o6oCM4Yyqg3fEBd8hSaP9qP2W6H2v0ccyRx9uD/UW+1oxkX0m0/ERP6/8rCYNUyPyWDkba9ZOcX8t95I1mCN2Dm1A2zSE0L4dC76yjNfYXwSD1hrY1Y7ado7VafBn0mBeVm4hakMvnGetbmFLW/5mptxGy3gimM6fE6BodcT94zKyi1hrAgNYMQ1yesyykiJd2bjZlzcLZ8jclYizVqFqlpIznwpp7S3FwmTFqG8Tc5GNXxpGU/CHVbycovZPWmO8iZd1OX/Kz2U7QODuGnS+LJyC0lbPoiEieNombTc+QU1ROVmMycSD92rcsmN/U5Utc+y5JZJ8ktPkz8gkVMHjWY985acbo6lvU4W05hP6Vx/9xbGdcQ8vlGVuSWoolKZOnMEPasy8YA9LRAyGTQsyLXAIBaq8VpMlFbms9iUwsbMufgbDJjtVqxWt1LEkeE0ro5i9xSJZAVFnEbteXlymsXWi7L45bISWiKamkOm84vEiO4UF1Mbqc+LYQQQgjxfSZ3ERIDYzlBw1kAH7x9fPBRAXYzpq8s4J6cf1aTSHZeHmkL4jAbC8ncVANYqDuqjGi9fXzcU+Ph5IkTANgsZsxm5Z/F5vCYlq1qIzmlZuJTVzLGf7AShPB2Bw5spzkDhMQtQL9xMxv0acRorBRn66mx2trzMJvN2Bxg0P8eI2GsypzZvvTEu30jBE/n08bE1jeNoJ3F3Ms2Em3kRMPX+AxWA1C519ivKvYG6g1F5BcUUFBQQEFBIQV/2k8L4DN8EosWJbN88UxuDxjKLSE3o8I9C18zhd8uiYPaQlJWFIJ2Os8nK8tX/MfMI2f9GhJCL1+yYKqtxwQwyAcf9wav1hMnMDn6qgMPberoXtdnOdMMYCVyURp6/SoSowIozV3BlgbH975NAeZnZ5IQPYYpSUlEACfqvyJ4QjgaQBMei057C2PDtYCGe+6LJghwXQB1fCqLE8YQGj2H5UtioH4Xhyzd29REudFOTMxdADjqDlKLlglhQWhj70ULWGuM1NTVcLStQPU1VDUcpNoMqGJ4YO79/TpuYswk7g8BqKWypo7q2ra5VGaqD9dReUiZsXDP5LbZPm0vH+GAFeJT05kTqyM6YTEZi2Yx7TYfXLiAGJ5PTyJ6TCyPPjQJZfFUR5t1DQ2aqT5gRhWXQvLMaHSx83h+SUyn97jrfFUaCxcvZXbAJ5RaISzxISaOGsrQsKk8NF0Lte+x39J2dAy/XZ5E9Jg4Hnk0HjhLU4s7SHHWRG39V9wY/RDZq1bx7NTuM57ayuiPbtLY9jYdEwp7d9WDdjrzpobj5zeK2Y8mAiYOnPBjXPgPAQ1j74sjOKi3BT2dz7znMlbv2QPEkL58HjpdNMkvpNLz9ssW3tusBFci5q9ifU4Ob+uXKMfWvsdBc0d+qrD5bNi8mQ1psRzao7RpzJIXyUzPJC81vsfSAfiHxjJWDT6acGLH/BvjuvVpIYQQQojvM5nBIgakasebGK0aUvL07qneyr4b+W/vI1XrArT8KnUewb7AzMdJ/D8DRR8dwDLxZvINJqIWZbM8QZnSXrEhhezC16mImcsrT+mxt2USlUzqkN7SMvD2R3sADYNPf8CWLc0ccYL14F/YcrsfD04ZQ/r6zR0F1ozh0YfiKM+p5Pj+18l4vbz9pYjZP+awwQzaMI6UbGPPwX2Ak93vbILJD6AMrXo5n3k6ggBHzT4MdoibO7WHu9lombc8nXlAWV4yOTvfpWJuLH1trWIF4lLySO5pLn1gAE2V+STn63t8r3bKQ8S/a6DUCvEPze1lkNWZhffWFUNIIhvXzMMXZXlN0opC/micyj2e6sBDm+4JCOG13I66jkrOYogPcNsikhOU3SbmPfEQuxbmcPyr42x+t5jvc5uCmuEBbT8HcLMa9jQ2g9MdEnAp27u6nAAXaJ/E4ARdeMdg3k+tRIoum4fUUIkRDSljlRav3bsftPcQ5gv4RnFPCBTWV1Kwvh4roFKB3V7Hu7kWzIBm0j1o/SP6dxy+MC2KwlwjHxWs50KnXYH3Fa1nUD1KIKbbTrOWY59hR8PYTtMYdAlJ6ICKvAugGtx+Xi3OPqrz62NU2iH01qHtT3kP6n6QhuE3KWVoaW5S6qUoi8VFnY/RuvNU8nfvGuJuB/AmiIeWLcH0Si5FubUUAahDWLB0GdreogVOV0eb2k5jsgLWnaQu3tnlsBO1x3CFK3m7et2LtvNJ9VZG8PYeBDg7ZpP4hxGugpYeUlTOV824caHKE5pxTNDkUmy2UlVr5h73cUODRyr9399HqVurGt0dSv8KChuLllJMl9U54A6Xtc2fuaxPCyGEEEJ8j0mARQxIS5MV0DGqfXChRRcK5cdPYb/DG3ApgyP32MoFMGQYzq+OAxAc3L7hBmHho2BnJa2+4aRnZLj/HP8G74CRXPhgay9pBRGABjWwZ+tWwInVDtgP86cPQpl6VzNZ//0udy19gXnu+7i6LpwHYMidPyEjLUHp9d/A9a01WNQaXK5Ktv6xEqdTmRJv3LmdH4ZPJWpw7+fTNiGi9sBHQBiTozqFMsxlLEtez9iM15inU954y20a4Dit/R5k9HxgxZu/ocgIiSkZTA3XEUQFjy3Mbp/tUbflVUrdM/tLs19i0sZ0dH3dUcUHuGF4+7Ie35tubH/ax0MdeGpTr9CudR0wMoBdAPQwcnbB4CH/Cm3a5ZS7bkDq7df1gLZIgw/U15+FWKUsra0tHWXupK5yL6jHEu4PYMG4z0zIg5HuU/Rl3P1RFNYbqa+3A2Eseuou8rOLqK83ASrumRwxgONAG3kvWoyY6pWZDXFLUvD+Uw6l9UpgRjvpnss2Ix48dBhg4MiXDqLddVizZS3/e0pH/EA3QB1yCzoV1HzR3FFl3t3vwXOhvaK83Rsmx6fmtd+y2maq4IPKVkYNhi97zchC/Vfw0/SN6PwaqTp0kHfzCylYu5WJ62f3XU7/4WhUUKtbwublU5TnHCZ276phaGQYfHWoy+HewPlOk3CsXzf3a6dal+sCXTf4rafWTrc9a9zHXgCwUnPERIJWC7ZaZXYSanSjNKBss0JYWPd3W6msaSBBG4zp4EfKrLcL9MxJxwy0zicnhBBCCPE9J0uExICMCo8Eylm7YTcmi4Wa3RvYeBi0kydwz9TZqDGz7qWN1FksVJW8TrEJwiLvYHjE"
20:58:39.347 [Forwarding screenshot on session f38f5520-bd02-11e6-b34a-8d0186b048d8 to remote] DEBUG org.apache.http.wire - http-outgoing-0 << "JMKAoldep8JkwdxQxqu5BlBFEhYURKhOh06nQ6cbQ6g2iDG9pjWWn2XqWa/Xs379etavf43palDFpfJ25jz8AwNwWs0UrXuLKpMFU00Ja3ONoJlI2EgtujHufMbouCPmJ+Ss16PXr2f9+vW89qt4QE3KhrdZGO2pDHe4B642qqvNEHIXt3QOYgQG4IOVonWvK2WoKuEP+YdBM5HwIHCYytBnrqakzjbwBnABDGX4Lbcw2NXAppdysaIsN3E0bCOz8DDqmBQ25yWj5jAZ2dtw4CnPwdx2mwoOF7CprA6LpYFtb20FYMRNgR7rwGObdqtrbdBwJs+OgNoC1m6pwGJpYMur67GiZsyoO5j3L9imTqDta/0Thz6gzmRxP7ZSe7AGB8qsDHNxAduqTJjrdrNWXw7ayd3y/IrKj+rRTI5SZhxYatlnhUltMxQAbfS9HbOZtHcxIXoc7a+qIttnm/T3OILCmRD+fjl1AAAgAElEQVTS9oKGseNiCQ9Rt+c3wR2I6VwvvqHjiAKK175KhcmCqWob6wrLOe5UuWdluHoJK/ZkGDqdCqshl01lde6+V0rXGR8d/MdMJgIozX0VQ50ZS0MZL/06m4KCUprb27mn/Jv5sz6XjMzXqWr1IyRsFEMAhgb285bKGsLHq8H4Jnm7a7BYTGx7fTW5BfkYO2JDHfn6gPHdd6gymakq0ZNrtMOgzgG1nusobPxEoBz9ht2YzCZK9O/Ssbezjd15q8krqQOCmDQtDIDy3F+zLDOd5F9mUw+gnUx0p6hYR05BRI1VXjDmp5KckkxK2+w0d3V37f9B3K5TYa3+iLI682V92pPun6O6kg2szivBdtl5CCGEEEJ8N8kMFjEgmrhkUk+fJ7solxT3jHdtzHyWJynLPp5PPU1mdhErFhe7X1tE6hxliJaSsYA1qwvITlH2AEAdQfLKR3pexqKJ85hWB2UY0L53q6+OpamJrM4uIqstH20cGSsX9rn+X5nK3mk002cZXLRYQT0upOtSEl8dyWnzWZ1V2KkMMaQt/xlBgOXLQxgOG/H7cU9DJe9ehoiKiAd/QoghH33KQvSAOiSCENVh6j85wOu7dmJXRZG+VLnVcNqCclILCnh1dySPDuotT18SUldyMiuLopwVyhIIVMQtymBOsC/guQ4G0qbBM1NJbsxCX5hNeaGSz/TkF5hy2W2Ev19t6u3jTU8D/wA/bwi6hYkhKnaWFpDZoubtn9yJFgM7czNoHbQa7wug1jopyEqhAEATRWp6Utc848azzwTTfqEMnC21+7ESQWTneg0K5/4wFYW1dkKi7sKXYMZFqTlstKKd3Gm2SX+Pw5+J02Ioyi0HTThh/sCESCg3gLpjeVBLl3oJJiV7CVnP5ZKdogzQVSHxpD8RR/ObmyHAr9skh0E91F/bz74kLH+Bk+m/6dRv217vqc6DSc1OJitLj35FMu7MWbQqlVCggkG95B/Mz1MTycwuIiu5o4+nPPkgvrTgjXuyRrcyqjulEpf8PKfPZ1KUm0Gp+7mo+aks1PljqVDyUW5hHMSDC6azV7+TrJRyQI1WDSbvtmVBvZURgqIXkpZ4hqy267JKg6q9Plx8vtfIXte9LE4IRTcvjeSWbPJ3Hqb+sDJdRRM2i2fTlH51rEtNKsYsXE2KTw7rS4yYTReImR5H/U5D+53MWrr1/5DISDCWk7Pia1bl3NepT/ey9LGXdJqP78O4N5LWxQn4dzsPIYQQQojvousuXbp06R9dCPFPyGHD0tQKfoEE+Xdfg2LDYnHh7T0Y/8tec2AxN+HCG42mP1seekrLYwGVfLz90AT1uUHGP0EZLk+357q/cjaLmVYX+Gk0Pew9cu3a1GGz0NQKfpqgHvLx+M7vcZv2xIL+4cXwVB7JEWBu8e4lTwdmcwuBmiBlFo7DhrmFb6F8V+ra1qHNYqaV/qdlMZtxeXujCRrIlqtXX2aHxUKTy4VfoAaPXc5hw9zU2vdxHt4bqNH0fCevLmxYzK3gHUiQp3ueAxUb0smtdjI6/AGeWBhHa9kGknN2gjoO/frknoPkDhs2fPD3vXbXKCGEEEKI7zoJsAghxHeSBf3cxZxP1rM8ru/tioX4e6nbks6KwtrLng+ZlcYa9+xFIYQQQgghS4SEEOI7ypvwWdP55ia/vg8V4u8odE4aGQFbKalooKWlBXyGEHpvArPjdP/oogkhhBBCfKfIDBYhhBBCCCGEEEKIqyR3ERJCCCGEEEIIIYS4ShJgEUIIIYQQQgghhLhKEmARQgghhBBCCCGEuEoSYBFCCCGEEEIIIYS4ShJgEUIIIYQQQgghhLhKEmARQgghhBBCCCGEuEoSYBFCCCGEEEIIIYS4ShJgEUIIIYQQQgghhLhKEmARQgghhBBCCCGEuEoSYBFCCCGEEEIIIYS4ShJgEUIIIYQQQgghhLhKEmARQgghhBBCCCGEuEoSYBFCCCGEEEIIIYS4ShJgEUIIIYQQQgghhLhKEmARQgghhBBCCCGEuEoSYBFCCCGEEEIIIYS4ShJgEUIIIYQQQgghhLhKEmARQgghhBBCCCGEuEoSYBFCCCGEEEIIIYS4ShJgEUIIIYQQQgghhLhKEmARQgghhBBCCCGEuEoSYBFCCCGEEEIIIYS4ShJgEUIIIYQQQgghhLhKEmARQgghhBBCCCGEuEoSYBFCCCGEEEIIIYS4Stf/owsgxL+i5kYb5x3g4z+IYQHyMRR9+YZG0wWc/H37TKPJhtP3B9zg70eA6u+ShRBCCCGEEN9bMoNFDFAr2dOLuFnd9d+IwC2Mj9xB6stHafxHlGlyESMm7+9n3g5yH97CiMAdlF5RYVt5JXErutFFzFt9ovfDmk8wL1Cpn47jmnjl4a38aFQJ435Uwt0jt5JlaB14EZpPtqfd078rP7eBazTsb883+0rOpZMPV+7gZnURM1Yev/xF+0keCSxC93A19qvKBWg8ySsv19IMDLz/fIvsTbyzcg/jA7dy9486+szUh/fzoembASTU7RybTzAjsIipbfVsP8Nzk4uUPEbt4Gd5p6/9ubTpnveAtZI1uYgRgaXs79YRSlco/WfE9EPutm1jc7+nhA+7vnDl3OfR22ew7d9zpbZrlGFX9upqdL3kr4vcyiNPHqL6Wp0rXFG7nTRUk7X+5DUshBBCCCHEd5t8dS4Gzg6XvLzQRfp0PNfk5NNjrbyTXoXhhBcHXhz17Zerqb8H/o2zpovAxSvOynruG5rMYLH9rfeDnE6Ou3/85KwTgMbST1lT3DEwvuR1PWN/5DfwAjhdWDwfgHPgqV618y4P9TEAlS/+ldwHb2JJlG/HkzYXp4CvP2nhHHDzFafeSta0cl47P4L/eBoC2p7ud//5tpzh6fAPKTIr/WTmz4czSv0NH759mspiEz/dZqHg6APEDxtAku3n+DcagfMO5VHj3s9Zb4TAqEAejPJj3P1Dru2pdNE174HzIfh2L64zNnGwxsGE9j7SxK4d7gBf+WkqGumom8YzGCqByCDuDOghySt0c/D1OAKvB7ygyc6nxy5ySXM9utuvBztYm7y4Q+PTZzpXwmZuoekiXNKomDqh03SjC05Kd7VSeqye9z9xUrFnwlV8VjobYLs1H2fOrCPwxL+Rdk3yF0IIIYT47pMAi7gywSMo2jOBzmOVRmM1M6Yc4UT+Z5SmjyL+Gg5krjUf93jkSoMQ/RoyDbuJVfpWTjhAc/dNAPjf4A0oA+bXPpnNbO03VzYbwwfahpWB07SsWnhjl5P5xunFnf5XkvDA+fv+4O+S7sqfVjD56CTuaHui7ZwD+1n/vfoBPoEAXtzQ7ZW/z1D4yuxYcZAiMwROu5XtG6MJdvfZ1OdaeePxXaRtamXFmqPEvzh64IkH3MaB01pQKb8C2vrl/BfiSZtwrc6gf3kP3PXETr0RNjViPPg1RA1Xnm44jaFB+fG6i618WGEj/gHlQ9BYZebTizB29ggGEo/yKGAkeZUj2x8276/gR9O+QPdwFO8/N9LDG68RpcnQPTyGt7rnZzrBI5MP8H7laapMcLP2GuQ30Hbz/QFq9/+FEEIIIf5VyBIhccXOd3s8LCqUn8UoPzvbBvuNJ8l6eEfH1PXJ"
20:58:39.347 [Forwarding screenshot on session f38f5520-bd02-11e6-b34a-8d0186b048d8 to remote] DEBUG org.apache.http.wire - http-outgoing-0 << "eygydl1GUr31EPMit7QvNZrRZWp7K288voMZT1aQu3JP+5T4qYlllDZ4WCLhMV8/Joz1AgYzapiSx9bVBqa2lWH0Vh5ZUU3DVdQNAPbz7C8x88HOU+w/dp5D6/cS9wtlqdB1F7/hhYd3MOPxT7AB9objpCZuby/v+OkGtlb376viEREjmf3AaGbP7viX+JNRBKug2VjNjMnbmTrd0LE0wn6GrMQdzJi+ncXrlOn7zcZq5k3ezozpBt7448c84q4L3ejtPLex6xT/6j/uZ+rojnp9scjzXJorEaiB68ynSe5jOYK94TjPPdyp3ibv4Z39HUsymvd/zNTJpWSvNjA+sIgRgdt4fM4uXjYCDaeYFrmDN4xt9exgy7oyxge2nVspb+zvuryjwVDd3ldvVhcx48lDHOnWV+f9qoKsx5W+p5u+lw8NHzN18h6KdlTzSGRRex97+uXjvQfX7KfZ9KqdS14qfreuI7ii8OM/f6PjR16gbra7lzU52LFuLzM6fY7GTy/lDUMv03KaT/O0u/33rzMQ97DSL1/78RZmPP6xO00bRSv3tNfHiNHbSV3XUebL63Y7bxiO8/Tk7Tz9cjXZj2/v+Ew/XtHxme6Ud0e91rB4+vZOS1y28/TLx+hthUtwtAatF7xfdq69PEf2fYXpIvzitdv5kReU/F/HMqeqPUofnTZpqPJE42mynyxh/OiO9pjx+H4ONXo4N6Pnz6PT4Z695ehpFpfn9mk0HGJq5HbmPVndsUyt+SRPT9/O+Ml7PC9r6ik/7Uim3efFdRe/4dCxjuut5/4LR0o/5pHJW9vLODVxLzuOuM/7snbzcN1sPsnT0yv49CLUvG3s6FN91DvNJ/vuPwDYlKVzozv65nPrT3T6PDnY8bKhS9/t+roQQgghxN+HzGARV+gHl337j/1rjOWdHjceZ8bov1J5EbTTbiTuJifvvHWOpyfv4NSuB3hqgh+H1pcyM6WJS15eTP35cDCeofStehLetrDli3gmBMDJz1upNH5BJRA5bwQ/slt4p/gUC0o/YPvpeMZ234yzH/mOmnkHv/yhiuHAoZc/4onnbQSO8udnTw7m0x2nKf3DEf5q9abmD2FXXkW2Vgzbmvj0ImjvaOVexxlMxzqWJZmMrZwwtULDUWZGVvFppxVLpn2NPDFxG6f3zOy6TKYH1hONHKr2Bqc7ARcMGTWU4GHX4zzfQqXRziUvON8W9LK1Yiht5dOL0DjWBYDz6xb2Gu2Ancp9HTuRNJntrP9lOUPvnMlTUb4c2biHH//yXMfrxnOsM155FV3uIpe8/Hl5y+28dE9lz0uF2jTUEhf5CaaLoJ02jLghLbyz6Ryp00po2JJAWrw/ToedT41NfNpWRi8HP/DrWJKlHt7x7fp1xxpJWwbaiYHEc57SfU2s+HEZd55OYIIKGrbuZdICZdAe/8hwVJ+fYftb9Uz+i42So3GEA42mVvZu+oK97jS//tyLIdj51HiOp396jksaP2bOgu3FrRSl/xXf0YFkPxB42ak1f3yK0osw5JHbeaCnKRfa0bzf1DFzpXTl+zz+op1LGhVznwzCfugM2/c1sWLWXjRHZ1yehtPOp5XfYI114RPyA9Q3AGYYGalisOoHgI3s6SW8vA8uafxImjWYyvxG3ln2Vwyf2jH8Ieyyur0OO/j8jWOVdiqNR7jk5cU98wKxfNBE5aYvSLCrqH87HFWnvAGajYeYNLMegEnzhnOrqoX33rZRlF6J/aZA8n5y4+XnHzycuGGfsHHbWY4C4XxDWck5Lnn580DiKJy//5z84lMceXE0d9DK/jI7l7wCmaTzBc7xdOxeZXbQxEAe+4k35X9spHKTiRmmj/ls5909n9sNVz4To8/2ibuVyPP1vPPWEdLGjyAvKYDcx8op2geRv7qLewc4G/Dk/o95ZfNFLnmpmOBegthX/x1d/TH3z/m8/VoceLyJol2nWVT6kXKd7dZuHq+bWf6g8gIucp35G1D9oF/1HuB09d1/cJCbWELmLqVvzv35IPbnn2N9ygHMvn7kJd3AGw+/R1rxxS59d33KAcrrnby/6h+wfFUIIYQQ/zIkwCKuzHkLb22swd9xEXy94Fwz/5/+FJUXgWlaJg6DHb/6mMqLkPjavbyc9EMAVv68mrh7jrD6t7U88icNa55t4pKXilcO/JjEO64HvqHoV3/h6f9pIufN02x6Wt2eZfyaGN76hbKbwLSVO3jkxSaee+kk25d33S9ix5o+8t05lpsn6NxLIVrZsdXGJS8vVu1KYPYwYNUZFo/+kG2f22iEK19S0GkZjxoY88h4sod+RurzTVzyup5n9Dom3DkUw/N7+PQiXPJSsbwohv/QNLFyQSXbj8HKFz7j0aK78XRDF9Omz5m56fMuz/3sfxPIfqDrGiGfTj90LhfQvtwA4FLUcP53wxj4y1+Zv0wJpux6/wxPRfmyNll5rJR1HDOHWFg+5RP2Xvl2Nj1wwehR/EH/JZN+ee7ypUIAfMM7z3+K6WLXfvH0vArGzfmC135Rxc+OTmoPAgZOC2FX0Vh8TDb8tT6ETN7GS00jKdoZTQCtZLuPm5EzibzHlCUnW5/cyhNv2Sg90MqEuPO89OhpLnn5kV/5AA8EK8d/+HIp89MbeXH9Gd567Aac9s7pDOGkCXyOVXYpw83AydL9jJtjwrCvCXoIsDgdSjRsxLB+3MrHfprX19q55OXP9uqE9oBj6YrtPPIHO/urbDwQ3y040Gkt1NjHJrFNV8GoaV8wM2MKaXG+NJbuV4IrE29l385oggHST7L438rZ/tYnvPnzYP6jp7r1P8e7wCUvP16rnMbs4Ouh+SSP3FrO+5/YlL1zuq3DqtjyJQCPbXmAlfFKMGDlo4cYNbmej6ts0FOAhUDum3U9G/PPcaQBwoPN/GUbEK9hrMqf0w+oyH/1HGVH4I7h7v1XZt7Ej1TQbDiqDPLn3UXN6+4A6qomnh5dyubTds53qp6u/eYKf132q31uJHv7nbw3/jO2JR9gZP0g1u2CS1G38sZzt3lMvubVQ4zf8XH74/Pnlf2hAHRP3uneh+ZMn/33xVuVzjv3zft5ebbSJxN+tZ1F+eepqnEw9vbOufZx3QwI4+U/XeTT4Qdg6Xi2PzeSZsP+Pus9wAcceO4/N+w/rARXokawb0+s0jefqEUX+QnbfnuUtDtVpBVfJHBaCB8UjVWu3y+e47nJe8h/tZqiRbeSGCx/+gghhBDi70P+yhBX5DqzjTW//Oyy57XTRrBu/d0EYOOQ0b2Ex9HMjq3Nyi1mff6mDOrLGyk74MXeizDyyTvdwRWA60lcdid5+ZV89JdTND+txge45DWMX/2iY6vG+F/cgXZtJY227pO++863qplO3wj7MTbqeq4zfsMvY7ez5ycjmDxNS1Z1InnX+Da1w8JvZkbLKVKfbwKuZ+zM0dwb0ErW5+7oRLA/P9K4MDOYyLu82H7sIpSeYm/j3QPbyBSuajORX2ZEc2+wL/zn7UT++hyVF8Fh+xs0tlLvPkb3xBieiv8h8EPWvnmWcQs83HXGbmP/gaYu+91ofnQTdwzr/fLjtEFwUizL3tnGmn2nSV55gvef6xwkcNLw14tc0gzjvzv1i5vjI1g28QtWlzfxWSNEu5//jyVhykafWn+g1V2WvymDOvcxl7xUzE0c3p7WmHuGwluncbr+Bs2tfOp+/uvPjrG16iLgBT5KmU7VtwI3uPtqRzo3a6HxWLcyADdH30ykl6n3uxa5eq2ay6mG8tYXMzlnc8LZcxwytVJf08j7Zf3fYcjmXmbidDkBX6rKzgLwzG8iCG47KOBmlq8axvZFjZwyO9uDcl3qtlkJwI1cNFoZHAMEDEEXCe83efXYLePTZ/DxLy7g9P0bR4wnOXGiiUN7lSU96h6ObzPm/h9y3f+c4qPPWkm0mNl7EaZOHwFA9OShXPcHEx/sPcf8uxv59CLMTBiOClDF/RufHovgPNBw5AwnTjRzrKaRTxuBG7p+dLr2myvU3/a5Q8fbvz/DzJRzrHuxVQmGvB3dZ4D3uovuvnj+Iiazci255OXFqr/cz39OcAfv+tN/3QGUogWlHJs3nP+YqiX2mamcetEdju2y"
20:58:39.347 [Forwarding screenshot on session f38f5520-bd02-11e6-b34a-8d0186b048d8 to remote] DEBUG org.apache.http.wire - http-outgoing-0 << "RKcf1033BuBWd98KGEC9e+o/ltPKkqWk/wrv6JvBYWzfHYhTo+bkxo+U54ZAxY6jOJ3g4+OFz43KkqnDn10gMfhb2qBKCCGEEP9yJMAirsglzY3k/++dBLn+f/bOPS7KKn3gXy0uyk1JxBBDsBAvgEh4QQ3Ne2qYWaYZ7iqlKZlQIRgqJq5ILriKqIXsSplRrIlWiOKFRFBZRBETMcHLiE4YytUZxvT3xzvADJdhUKvdfufbh3De9z235zznDOd5n/OcX4F71Cih41NP4Gxfu/3isbo/mBP9T5PYMIO2d6hSLyKvnm9gJDF8TPKwUL/VBMDqMSwbPGMFnPxezrVVT2rcaLncygbrmhcWe/D62eNsP6ogcUMhiRskM8LUNQP5x9uPNlhljWa8hBqg7BeOSQ4OtLlYwqwhDZfcLZ8GZPuWK/vCnqJG40QjQ7MHOJkI1FsK1AuqhrEdNDxf3IbUL1BMO+qeRkrST/PyFG0DzNQvx/KPF5pf5Eh9aMTCT13Z0/c0ZyOz2OzpjKYvg2EHoKjhVjUjBni1h8x7DRbz2m0xbPAbAKsO9NDYimFqXd+uklM3+PEetKGawNdyGtX37Pc3KFnVucl8mq7Dr+iK6GFmbUKHtlBc0lzUiLucTL1MZccnGODegetZebzz9k/kyHVk2goMDdtyv60x/Xtpb82ytG5KrxrHADE3N2jiuWaokLNhURZb97Xm2Gno6mFN77bF/Pif6/xgUcL9tm0ZM1SaJaw8uuDWVsZ/jhVzsLJU2vYypFZ7fuXQpuMsWPtL40wbORM9ilOxHte7f/rPcaT3e5n8eA+6+fbkBT2C0/Z+51n2r+oOQMmZfP46LI+ce/c4dlbBX9UBi/XRX1a5sfH9ShasvU1Owg1yEqQxa+ttx5efedQbM9S0OG82sqbpL3dd+nMxS4pbY2yo7ZVlrw52/EON1Ge3Ewp5M6FxehGHRSAQCAQCwW+JMLAIHgzTdni4d9H5drUG6bSc9UdGMtj01zpDQU1lDTUY0qHqAgB9epo0SqsE6NG+fvFs2iAec430TLeR1o2OIG2p3KcaVtrKmg+/fJEPK8rIyihm357LbE9S8HVwNmOndms6BkYtD3tChoUZ/e0h56JktPr4Y1uMan6FGhUVtMXM1ByPFl5hmxsZYGFshM59RLTVWvA80Am5NfXpcv5TUbe1pUale3+QWTdbFi9pD+3UF+60ZYBLO51p6rB9hshoGePm/8LKKacbVgfsG8bpvsvFswrAsPUnRJk+3jiukBqrHk9g21bG1cEOHIp/BsNKaRFnaAClcgVYmtePBR356IvxUx2wAc5+VkhqmFPjE7nKZLw9NYerGPPlGVcipv5Ezj2Y+P7TeHtZ0at3Jy5u2s+stQ+2nKypuEebewp+unKXUc71XxOVVfq51pTrrWBK1vtksvUo2HrbsHC6Db16PEEPwxuMcTutO6lVZ7zcIObQFf5tXAFWXfCs9YSzeJIxgyH8P8Uk/CTdc1dbCM5/dYwFa3/hvrUZi4IcGNTHAtd+hmwZn8q63+Ko7rKrvKNn//zwUX0spquxp1k/3ZaFLcRg0sTK2YntSRX0nnSZb/3T2dxPiuGkn/4aMS5wOBffreHHrGukH5KxfeMvyJIuE7rVjm1TGxbWwrzZwMDSGrnr0h/TzgaAopH95kzqBXIrDXj8riTAUVGDWTvWhMo6lf2VW6W/Yv208F4RCAQCgUDw2yFOERL8RjxGpyek03Ly5dDVvgP29h2wt6xg2bAfGDvsP1xz6IJbWzi78SeOaawzTiYWSW9we3ao277R5mIx29OqNZ75iR/vgbl5wz+zWy73nNaa5jaBz+yil90Rbtg+wahXnYn4bCKfvvU4+tgfyy/c4PvUS3z//cW6n127LnJSpu/b+HbY1MZcLPkV62efYeqrT1G86yIfrrjAls+vcuNhXrmqFxdt7lWzL+Vn4C6pm85rBdTVGzNjbNT/PPvZj+w6r4SSa3y8qlhnMuOe3VkY1J+F76p/gvoxqBXxLJxnDmTxkIZXH8PcWNKLf6ZqnPRT9BPr99wDzNQnROlG751UndrTHSCzlFtmZpJO2XeA/+QxbkQ6AbE/65uTflh0w3+BMW3uVfOu30m0z3Gq5p/vn0Km9nLoVXiDnHvQYZYrW5b14wWvrthb1XAys1ZxWm8E7NZLMnr+8xPN2D7VbN8g9bWhwaM6evdXyhWS59THn3ny+gvd6d/TjHO7C5Hdo95lqknMeG6EGW2yfyHxKPTxttbwsjBi6IsdaHOxgtRs6OP9ZN29q6clfZkfO5LAOc/w3KDOWFy/wf4cgHsPfHR7c5Sc0q9/yo6dZPraau5bW7Ex3o429+4RPjKDM60sz8LLg0/fkqytH/lmSaf66KG/P3z0LT067+KTnwzpP+oZFq4aQVqS5EKTX1jdoJRWzJtqI/SjknuvgZKX0p4EzXPebhA29TQf/KWIJ5+T7uefqsDKVj3/25uS8bcjTBrxA/881bAtAoFAIBAIBI8O4cEi+I0w4i/BT7Ny309smpLChfefZpLDPb5eUUj6Pejz/tMM6tyN+b7ZvPnJbaY4p7BslQOcvszKDVIQ2IU+T6Lpor/Oex+Vq52wL5ERsvY299u2Z+m73aiPqaFnuVqeHh0YMK4t27f9wpTxabw/1wZyZayNvQu0w7KFFbgs6TJvJl1udP31LzvT30MfTxEjXn7HjpX7LtPm3m1m9a7f1NQGoKcNzk15ptTo54ViZl2feLvvD2z31b5frkcedRh34d3VZqQurqCNvIIFHntY0Jr0D0z7uq1CP94DbgMYMT3IjjWTLhMzdT8lAd3pZVHDv5fLkN2DYSufpic0E+PkV2puQ5uLMqZOTWPBKpeWF3fGXXkzwJj0tbeZ0uV7FkU7YCWTszZcKuHlKZKuPsrF+QtL3Ri1MZPUpEI8OlzhlQVd6WqkZP9nN/hRLhklli96BiuzS/Rue5mzn51lWT947kkFez4+T6L6BBxFTQ2t9ejpObMPE/1+4NtteYxW3GaGlzGntheSeFQKvPpXr/aQpn9+zZf9GOZAm3sKNr5/kspxFvy09yfWfCItxsub3SIl4eplCWulZwc/30XrXu+hnVArC4PHda673s3VBFAQE3oE+w/sMbpczMfBxZJBp6iU0xqxex4FVv2sWu4fRTmB46QtNvNjPZjs1R7eusaCT37B950LHN/wjI4SGvNC2LOMik0n9eINgtnAp2QAACAASURBVP5xjYR3W9bfXpU3YK2M8JF7KV9th72hgt3hMgAmjekMaBoR9Zg31Vt1rkZmM6ukhKnPtiz3hgGQa9HUH4tBz/C69WW2J5xjNBX8xcuYH7b+RPo96L/kaZ4b1Z7XrYvZvi2PgddvMm+yBdfSLrMp4S73ra14xevBtk8KBAKBQCAQ6IPwYBE8GI0PPmmEsXs/0vc8jZs1pK79iXfnF5Iuh6Hv9OJf6pMxXlg7hn+834E28gpW+p6WjCs9zFi1dySv96x/fX2/7eMMG3yPrYvzJONKDzM+PjBcHaxW8lppTbmaTA3z5O0xj3P7aAkhPqcJWfsLt6zM+PjAMAa18njUWswNAcP6uDFGZg3f+NcPPSsvD9K/dKB3g9E49K1e/GtV4/qCdt663vIbO/djx0rtU1hGvWPHRLXXjJNDQ+tN01NCbf37vz2ST9+v7/z7bdsy9X2burqbPqxng2EzU5LtM0RGq11S1MVbeXlw8EsH+nCPxLWFrFwq4yxtmbryWba9q71xrJOp5srNjFF+Ul4/7ithx95KLf1pVCX171HLRvPpkidoc6+af8zPI+RvJdzCmLfjn1MfI/2Yzny06yB1m7muLWbGXdl2YSjvzmpPm3t3SdxwmX+slYwrvb1t2Zk3TorRYdGdNdFdaHPvLlv9TzPrtfN8fbsD7y6R2phz9HYTdXtMXX7TbYXObMkbyOtD2vJjgoyQ+T+RePQevb3tSNnlobUtT7tdTedrrqVmms8Y8VacK0OtIf2TQt6ckkN4bBWvr7RjlDVc/ew6J3XYWCz6dWFoW+nUmec8tLd+GDvbMNFafc+1/l7PV59l6bTHaZP9C4Gv/Yd3Fxdj/oYd704zps09"
20:58:39.347 [Forwarding screenshot on session f38f5520-bd02-11e6-b34a-8d0186b048d8 to remote] DEBUG org.apache.http.wire - http-outgoing-0 << "BXk/1ns4NOwzvWg4HvXon2PrTvLtPej9lishagPA5LBBTLQG2bbTrD/WvDm18dwCGHfhb4mS98mR5af5oaxl/bXycuPTJU/QEQWbFp8n0P8yR0raMnXNQHWdtPu2xXnTqjOTJj1Om3t32f/ZFR57QR+566M/HYjIGMycMY/zY4KMwPk/8W22NL9vCeoGPFF3X7bvBiHzz7MpQUGHIVbE7xvS4DQygUAgEAgEgkdLm/v379//oysh+LNzl2tFldTwGKaWZlg1ZbQoq6aotAZDA0O62mq+YawmYsT3rMOOc4c8qJHdphJD7G31eQupR7kaKEoquF75axN1+L1QUlR0B/Ssb6tQy9fU0hQri4d3XFOUVXC99FdMn+yAPicJ/7bU97OlvRl6i02hpEQJZhZGusPXNEpXTdH1GjB4jCdtzVqX9kFRKLl2/Y50IpalKV2b6kN1vR61/pbJKihV/frIdKdpHrAPH4KykgpKK3/rdmnwG/XPg9ajWf1VKLl28w41Kv36oqV5U1GmRGn0GBbGkowfpdxb0s3asgxN29HVSv9YNgKBQCAQCAQPijCwCPQmcvWP/H31jy0/+CfGc6gVGenNHq77/x4hH4FA8N/Me8G9CQju/UdXQyAQCAQCwZ8UYWAR/Jej9mCR2ZB1wbPRiUECgUAgEAgEAoFAIBD8NyAMLIL/ehRlFVyveEzPbUECgUAgEAgEAoFAIBD8/ggDi0AgEAgEAoFAIBAIBALBQyJOERIIBAKBQCAQCAQCgUAgeEiEgUUg+K9Fgaz4GmV/dDV+R8pKLlFU0lSQ3P9OWZSUXKKo5BplzZ+i2wAFsuJLyG41cfZwZQlFxSJAsEAgEAgEAoFA8L+KMLAI/oQoyE5Zy9a8/+3FquJyAt1WDGNTTgpT5jrQptGPG8PC/Pnm4u/YzsoDDJvrwJKsa3o8XMK6MAfazB3H/lstP52WOIcOIc/jEDKQNstWc17j3vmUBXRbMYyDjZpawjdfzKe7hkzmbPs3mo+VXdzNnGC3OrlN2bQNWe1N5XHmBLjRZq4b4TnNybGE8GAp7dhtR9RyyCEg2IHOIc/jEDKMDsGrabEXlHmsWNabbiuep1tQb+bsOqJxs5x1qwbisHZbYyNSyRGWhI2r7/eFk1mXUaD1SGZKKM5198ex4mBeffKctU3oTv3PCr368iGoPFKnvyuympKSWr7LonUY0B52TKvLCPvkv85IJxAIBAKBQCD48yAMLII/HSU5UTy7M4aLd2r+6Ko8FGdzUoARTOj+eN3ifWi3Qbyk/hlqUkb61SSmRLzJd7+jjeV2K54tq5J+t9gTlQfw23+IMZ7r+M+s+SD/lOBdOeqbOazYeYi+/WJ4yUo72f6tbzAlbS+XLccR9WIA003KiMv4gOe37pUeUB7nrxGLiCstY75XAP7dLPjm1ArGb1Lfr66koKoMKKP8bvO1VKo9VM5XSw0qOZdEVGn9fTvLJzBsoYlFx7cSKofQWTvY6elCXHIw36kNTyU5n+BfCqtnv4WFVqo85oTMYvXVAsb0fZONXq/SV5mL/7ZxhKuNDSVZq/HcGU+e0SBWj3+TMcoCQhNerLsPKp31+s0NDqqaOv1V6tKEygoqmrn1yMZ06S/NliEQCAQCgUAgEDwsj//RFRAIHjVmBgYAGD1u9gfX5GEo58jxY9DzY5wNoD2A5Xy+DXlfYwGuIGHTZF47lcuBC9eYYPXfd4i1EQC9eKqj7ucUchl5wJyBY3B3Gk5oYgz/vC4HIHvXx+zAkW9fG6edSHmcTScKwMSHwtWh2ANMGEOXgHFEndjNmTnjMDy8jW+A+VP2snGsI/ASFsHDCD0VT2blOAbXylYnVsx5KwaHy6VYdnUG4KcLp6RbJj5cjQzFVg9ZXCnKAiMf5nsOxMr6BcgI5+hPJUzwgJjPYsA6iLf7mmulKclKJA54yWsbO2cMA2B2fwfaRYWz/XguQX1d2L7nU8CRb5d+wQQrCHKzw/lvIQTv209Q3xkauVkQOm0tw800DV6G9HL5jfRGqQAjY2hvqoeMASMDpBGrAIy1bj3KMW300DkIBAKBQCAQCARNIzxYBK2j8jhzAsaxZFc0cwJqtyQMJUBru0MJ3yX6129ZmDuUgF0HUAAledE4LxzHurq36yXERI7DeVkQ2bVxLG4dYEbAUJb8UADKArZunaO1BWRs5FqyK6VHz/+wGueAcUwJmyzdf+9F2m2IAeCf//RiRqJUr8yU1YwNqN8m4hw8h61515CMFDNwDpjMurqtEiVs3TAD54WT+exiE7EyAEXJcVZEzqiv18JxLEk5Qt3TlcdZEDyOYcvmELBBXf+Fc0irhKKsTxhbJ7sZxBzcxpxl43AOnk9aZW36LP5dCvOfda8vVKlq8PbdGO8RowDIOpevTpfHug2T69rZPXgOn+VpbgFpvm/q5TmZBZvqt904h4WSVtK0HEBB2neh2vl9VysHK9yfAow60wVAWUDMJg2ZBUxmRcpxqWl3JH0wNNBYWBuaADksST7GUM8PmdDQSKOC7tY2zPYcLxlXAHDEzdYCKOTKLThVkAm48OoQR/X9rviM9gaOse+cvm4/JaTsj+ebrK84cPlnMnf5Mz0tV7pVlcT44MlqfS7Xlu3CcSz57kiDvIy0fz9uRFnWRkKrYOMsnwbeK2BoZs8YI0dG9Xetu2Zs3QWADgC3cvm3HOx6+jCh1rvHbiJvdwPOf0umVmwYO8Y8PxIvj5GMrvsZhq0R9foaPJmt+eXS45XHWbBM41rt52Xz2XrwE6YsrG9nuOaWpVvHpS1NC3vTZu5Q5nzyD/bpI+bSVFZsmEGbub2l7ViRazmjhLK8TxqPafU8FPDFWo15aDJbc/LYv8u/Tv+HrVnLeb3j4wgEAoFAIBAIBA+H8GARtA5VJQVVBcQlR2LX7VU2PmdB0sFPiUqeReenTxHU15DPIsfgc74Mu26vEuvZi7OH1xGV/Cb7r6/jjPeTVCgL2Ho8m0V9x8GtbHacLyCPAvZfWIJ7X3POn/g3O6qKiercnpiPn2PBVXip33zW9LThdFYMq8/HsO8Te+4HvMyVojTyqgrIq4Ix3Rwp/tWdl7u2ZcX5XMy6jmWkjTXnD/rjuTMJLMexcexQuJFORMZefDd8QL/1X+D9wsuE/e0D/GM/YJjHFxjuCsI37xh9+37MKz2MG8ugZC/eIfO1F43KAlbvnMWewnWceftFoJLc0gLSKSBdXvuMESaXonGIjdRId4wFCcfqPlaqd3PIzh0hHRuCenUHLkoX697w16LgwNF0ADx6OQEFLFjyIjFKmD4gCG/bcuJ2xuCzYRgV/qeY79RC37z9IlcuqOV5Kpf5o8N4jixe2x/P8JCf+c/6GNzRZv+2yYzJKMDO2pvY4R5czPiY1btnkXXzU47MGkmvEZ+yb4QTVkDCJ9NYkFfGbM8gxnSDpG/DCd05HboeZ3n3gQwlhh37vqBPn8uEVsH8Z6zJTgxkHy4cfnlY434wHUjkR+kN+mY3n58vA5NXGdDxGjFFZWA5lN6m9Y9YdpQ8NnRuV2mArPgY35RC3ydLGU8Wl+vulJFXmsuV8hq+2fASU/KK6xMpC1i9exbZZdtImTGMLl1cQPkpUQcH0KtoB+DIpGdKWbMkHhzCmN+Erlk4zSJl/Syta2dOHJL+0c4QDKQ2dHvCWuMJc/o4uMDVUkqrNVPeZM+uL7jSTu3BcleFoY0X09y6U6+vMKyiAjAHVSW5co1rdZ8LSE/Yq9XO4G2z6flMOi+Z5zEnaDpxtfeMionTlIlOCojKcyF0fBDK8/GsPh/DjM/dODPNk9U9XQjWGNOorlJQVUB6WgF9HXyI6lbGurQkfDe/CFjgPzoI44s7WV0Yg++/B3JkhpOedYDQw6GsSFvR5L3lXssJHR6qd14CgUAgEAgEgv9fCAOLoHVInvrYOSwnf/EsjIHZTma0i4qk/E4F3Mrnk/Nl0C2I0yHqeBLPv0DnZQMJPhXD/jc+Y54lBJ8+TBHjMDh3jNol8oncc9DXlQNZewFvvG1L2FBjw0ueIeycJW0Pmfa8J2ULnydGdgYZL2Oo3kowf9peNj4veSko8tay4nwuU8csYY6bOdm7oK/l"
20:58:39.348 [Forwarding screenshot on session f38f5520-bd02-11e6-b34a-8d0186b048d8 to remote] DEBUG org.apache.http.wire - http-outgoing-0 << "qySuDqcnADN45u44xpwo5UY1uNu9zO5pWTgkfMXLAUO5XFUMJj7sfudlmjCv8M2XYWrjigvx72zkjb6GfLPtXaZkHCPv1CLW5Q9nkW391hM7hwD2vDaEK6X3ObFrqnTRaByHV8Tg1fEaMWumsaBQWoTWxvHIOpYkGQmsgFqvltIYJoadpNZR4cLVY0ihTMfxuntXzh/0J0YJs6fsZetYSRbThrgx7L03WZD4Ja8v6KG7bypfxPBxtTzrttTMoJ8ZOO1MYnv2NdxdNAShPMLajALoFkR+yFuSrJ6fQo81vfHN2EDayyPxchqp3j5zjdNFZcAgpox+jQk25kwb4ErPzw7yrJkRmA4j9vU3mbo9hOGnYMyAdfytv5yJ7+UyZvxuvExL2P/DD9y4a8IAt3H0bGrLUckBpoQsYh+w+g0frDDEyBSQ36QS6uRWc6eyicS6qfU76QCMnvM9X1a/wGt5kp7kfxSA3c39eGwr1pLd+RR/nHYmsS9tE5kvDmPw2BXEFxbjk/AmYMNq3wS6nNzAaiV8OXsGlOSQcPIchpa9eN7DrZE3C8D5g6G47EwCxrHu5WGgOgDA7bsNHlRJPkTacWGKWZ0cov1c3xi1gaWJrVINt09pfO7bczkHA2ZBXjSdN0QCxWRduMZQg8Q640rorL0s93Qk+zt/nt2d1KRctRnB4b9vxcsUYAyKhc8TdfYEMtNgFo0ZSrDGmKbyKiDNQ1nqechNdY7hGQWE+n7Lco+ugAf5c1/mQivjttQaUBoaWYRxRSAQCAQCgUDQEsLAInggevZwqjM+GNu6MlT975JLOaQDwc9P0FggWjFz3KsEb/uKjAswceAIgpNTOFESimm25Fky32AvMWeyKFNC0lUY6jkRe1M3Ij9KJfOHBJZs8if/+jm+kau3IpgYqRe9CsCRyW6OdaVVqCQ3EOVd6U28++Qokp0OkLgtiIgbVzhx7Rh5SgDHugWo/fPh7DybovZAcOTbpaEa2040KSG3WFpI2/WdzRt9JW+Il157mzEZx9gH/FyhvZHnr2Om4WxnhbNdCSu+kq717fUiXh0BuvLKmAks2PypRooCUvPKGOo1lAYxXbldVR9ZtYPlIPzdX+adSS9jbwT7i84BELdzGidSTNRPVUlGmJ+LuXSpvIW+KWE4CsCGFwbUy7PnkIkM3ZkkbUPSMLCUFZ2TDE1Xw/EIjgclYAR5pQA367xxJLry8shxrN69l4kr+gE2TO83mddH+DDBToo70vO5YM48F1yXYv/WoaQzgtzxHVkRMJBQdcBcElzYF7aL0RrCKcnbxpQNK6T2vb6XILeuQIkU39XEAg0HFmj3sFE4zOli3gkoBiMjLE3NqTh3htpze3Kz1jAjCxQ1tecglVKqArDijbd38UZdPgXMmfsVdv1iGKf6gu4rQuo9Yw4G8fPitzT6X8H+xADG7N8LjGBfWAzuRrQUv7aRj85LfX1wUltJFDUKnnZ1aH3zgakjXpDq1t2VMSDpgQH8+KM6Ng3evOYp6ZD7qCmM2Z3U8jYhk6c1PI1M6GwCKCXjVsMxXUu3Lg4NjKCOePaqjSljywATuPAA7WtoZBHGFYFAIBAIBAKBPggDi6DV3AaG9dBcmNU0PlnGQPvduZE6toaFAbgPeAG75EPsO7oT4wtlDB00ndkWSmJ2Z5CYKmMfsHGgB3CJJQHPs7oKMHJkevd+RA2cwomUcHa0Iq6CtI1FipkxptsIJj0XxOjccKLkmk+Va2ynkHP5Wjl0NEc3LZ0bo6ahd0Gj+9qNUVzOJAaI0oi7AYDlm6SvDm7SswHAUD2aX+r3KgPaS/YOMGCOiTG064Up6lN5dPSNFFxUTo1WnaXnG/ZxzZ1fALCz9uZ1p64o1YvgOSZmgCVPN3CJcJ8Qw89OB9h++FuSzx5mx6kYdpyK4aXx/2bnZDfth0t28+aJYqZP+RznX1JxqYJQ3+Ms75XLsPfe5KPvjzB6lrRtqN5DwoaN7yQwv2+DoK13y7Q8WJpHz/7UpK7r6o02V6ukmDftDZ5iukNPFCpzDJvQgTPfrSEOG759Yxw//nscl/Emf0sUlhlBdN4Wz4lbb6njzlxj3ZqJ+BeWgbUPuYGhONcaItQGlg4N8q6srgQ6YWqgedWFd98KxasF+5JRrRwMmpeHsu7EpWa8Q4yMHkSareI2MKl3EwYiDaPTw4Rf0TSoCOOKQCAQCAQCgUAfRJBbwYPRzJG2VpY22AF7jv2gcVXB7oPSAviZrlZgM4i/WkJccggxSpjg4oG700DgGL67vwIjb0Y6mVOWs4PVVWDX82Pur9/LFwHhLJrg0fKqSb2YlU4cuUbG6Vww8iZ/SyEpIVv529S3GGZlo5Uke5c/voVlDO3pzRjKWLDBn8wmd5KY4WAlmTguX/ia/cXSVozM1J11b+jN22kuLR3xfNqqLq2teiWcd2ozCRdLUNzKIWpPvFYJtcczD3NqbODRdcSsqYUlAE7P+hI0K5jls4JZPmsqiisZnLl5m0769A0AZZyXl9c9UXTyO9KB0b2041hYPTNA8lzqMJSgGe+rywtm4OMyfrh4uYEHyzXWRY5jbjosmhNFSmQO95d/TF/gm5NHGx0VnPDlci7jzfKx3SkrLQEcGd7LCkxdmGACV9X6l/3dfJ7dnYSdtQ//WZ/ewLhihZezCyi/4qBGsOITx74DoIflE1plKipklJRco6j4Ut2PrKQcfTDTyGvGpK0cWb2Xr14dTjsDc1wdPHiqYVcqc1i++xB9B4QwwRRqqAQTKRiwYTsLoJgzl0qAEtYtG4Z/YRnTvWK4/5GGcQWgYzdcjCD99H6K6i7msfNUcaPYM6CgRismiwYqqL31c4XkKlSUna5fcFoNevfup27fV8RnXALgzNHvWp1PI7TG9O9H6PBQYVwRCAQCgUAgEOiN8GARPFrsJhLYLYQFeR8wdlMloSMcyDn0dxYUlkG3Obiqt8WMcR9E6P5jwCC8uhuDqSezgThgqOtEKVaKtSN2wOWSLL7L70mXilxidoSwA8CoeTuLmaVkPEn8bjm2d17kMSOgKotvDh5hgg0c2b+KBXnFgA2Vd6BM/gnPJh8Ck1eJDwjH4Acjum3/Cs91n3A75C0sKo8wY8ksFIOko3JfHPM2nA8H5SHGrOiNnRFcrq2Mw3Le7mtVHzdFC2OmegfhGxUO5PJaxMAmninnyMlj4BBWH1C2dvHbgmHJfdTbjEk+xurYMSh+Xs0rdrBnVzCrr5bx0vgPsLDr0WLfqMPpErzhVcxnfcgzFem8ufMrYASvuHQF8usLNPXgLw7ge/4Dhm24TthoD66c/ASftENg8ibrtRb3ZnC7gG/Ov8kcg4/x7W/LT8cPkAf07dFL2yvn8he8llfG/Gnv0hPUxpcCkk5ewuvpbDZXQU8LUyjZy6Ld6mCrJvDt56Fsr5EMKcq7nZj91/cZPPwN7NI+wDdiNobz3sX04jamnCqGbst5vYcx3Ko3LEQlvExUQgOhGvlwdf2CJkSvfaqScY/XiLIOx18Oq7cN48hBF65ezZW2/FyyYM4M7dSZe1bwDY7sm1J79LQpVP3Ej0qwvPUzYIN7dyvOp8zHX+1p1U6Vw5JNh6WS7yqx6OPD8ufdmP38CGKSv+LFSFuiX3DlcOJC4oD546diBWieldRsNJL2lnUePjEJL5F72IR0eePgtE3ZZzSvWbl4M514dgCh254ncY8NeaWN8ynJi8Zjw1YWvbOPRX2bVm2lxu9OWmPah9ddmkjQAuIwIYFAIBAIBALBb40wsAhaTcPtCNrXzJn/wV5qNi7E/9QK9qlDMgztGUDsAj91wFMY7DERu/3HuNxtuPote1/G9LUhLq+Y6UM8pIdsRhPlOYIpGV8xMUoKXtK355sEq75jdWEa524F1wW51cS4x2CCLWH11SR8v7TgxBsBpMRGEpwwi2AAoxGEejoQmrGX1PxDHPk2HLAhfoE67spzocSfTscnL5wlPwxnY3/4RQnV6mCZFn3f4uo8IxZ+toJvquqNKy8NCGPLnBkNtvBo18/C6S1+fseUd7fHsKO0GCy92egOC/ZLQUBrqrLYKofZ0zzrExkYSotfUzN07u4wHcZXS9YR8I9FRO2e"
20:58:39.348 [Forwarding screenshot on session f38f5520-bd02-11e6-b34a-8d0186b048d8 to remote] DEBUG org.apache.http.wire - http-outgoing-0 << "T5T68nTPj9mk3oLTUt/UGljsTOQs2KY+vcZkBDvfjWKwKVCp3ddzFh9EuWERC/IiGa4OQmJn/Srb3gmu6+vaZ+fN+5QLG94nJu0D4tLqy45/baTGc+XEbA0BXuX957ur5T2Ljd1iWLD9eXWbxrFj3EBKLqyuC5B8uTCe0ELN8lx4lffB5mUO+V7nxdhIfDYfU9fPh38vkgKj1sm2OUyMMMII2w4WUFpWN2OaWnQFCjR2Bpmz6KO9ELkQ//MFpF/NrZPFDv9QbVnc2stb+3MZ6rWN0epgvV4vLGJoxnw8F0pbXvr2+5hhHeHIjXrjRFyGZpwe6Nt+IssB98lR7Cybx5SMSIarw75M94rh7891b9AYYwwNaBojN/4+az4nt8VwmTLS5WVMHzCfdj/FEFcK5o8bAoZ1QW6NHq/10mpwzciNuCXr4O+L2KGEvNJixvR8FRPZV3xTpbH9SFXBZcr4+U4NYChtT9OygBhJ1wwknW84pse6DGs0D2kd8d1UExuVIRAIBAKBQCAQPFra3L9///4fXQnBnxPFrWtcvwOm5k9gZap78aMzn8oSrpfXtDqfsspyMDDHwgigHFlJBWCIrVXL0Tj0LuPWNSrugJF5V6xMW34+M3EOb+XCgA7d8HkjFC8rOPPdfFx27wUTHwojgzAovoHZE93V9X4wSkquUQmYmnfFqol8muubtG3jGJ5hzOG/72Kg6ho37+onLyk/FQbtLLFtIXZN2a1rVNwFo3ZN9aeC7KzDVHb2xMtOM59ysnMyuHHXBFeXYdi2VjbKcop+KcXAwBJbq5Zi6zwcZbeuUapLFpUFfHfyKq4DR2q341YB+8/lg7kTo/s6Nk7XArV9YGreXS9dbBJlObLyimb6plW1QVZyAx5vWR9ag/aYFggEAoFAIBAI/rsQBhaB4Hcke9cMnk0+pv5kw1CTKtKr1BFIHMK4s3hGk0dD/15IBhb4NnyvOsCqQCAQCAQCgUAgEAj0QQS5FQh+R9wn/4P4AYPUn4rrjCtDHd7kPwv+WOOKhDFg/JufACMQCAQCgUAgEAgEfzaEB4tA8EegVFBS/QvKZrfKCAQCgUAgEAgEAoHgfwlhYBEIBAKBQCAQCAQCgUAgeEjEFiGBQCAQCAQCgUAgEAgEgodEGFgEAoFAIBAIBAKBQCAQCB4SYWARCAQCgUAgEAgEAoFAIHhIHv+jKyD4X6KClC0bOXELDBrdU0HHAYztfomdZ20IDJiE2UMVdZYt63Zyy6C+JENDUzp3d2b0FC+sHyZvHSiLUoiIu8CUQD/66GqAPIvI6L30eWMRYx31a2lF0QG2fXOaDq4TmTnSsdF9Wdrn/DP1PJ0HvMbcSX2gooC4dVs5Ka8CAwfe/ihAd50088pI4J8HijBo0FEqVUemLJqrdz76UlGQwrrP0uk89A3mjm3ctqK0z9n89SGK73Tn/XVLcX3E5TeJUk7BZXB0tEZZdICIuHMt96te+cpI2f4VB08WcvMOdOruwNBxrzLJw/aRVLu+nALiohL4ucFoU6lUdPWcyeyR9o+2vKaq8Cjl1gIFKVv47FHMHX8yCvZE89kFOwIDJnH9N5JRUVYGOHli35pM5VlER35BTnE5z7wUQNCUPvqlUxYRF/E5HaYsYEofyweqb9PZ6p67H6iN/yO0NE4rZGe5YvA0fayNHiqfB0VTh/+E4hcIBAKBQAthYBG0AhW3ZRcoKAZDaigvVwBgbG6OITXQyZ7+qhPkZ7pRDQ/3h5SqjDO5uciNzTFXnxlcU16OIjONpCNX2RI1k0f3p3k9VdcvkJt/nOdUfjqfK714nMz8XAxvVuttYFFdP0daZibmhoOaNLBcyU4hN1+BccebzAWyvlhPcq687n6ZSv92NG4NUAAAIABJREFUXDl5hFyNtPUY46mai55LIb1R3bxEbn4+5tY3mzCwyPgmNolCbHHp0/l3mnQq+Pw9P5Js/fg6yJqq6+f06teWkRMX5E+yDMwdXOjjAGczM4nPzeTCvCgCRj5CI0vVTU5ma48BAGpqwLH80ZWjswrnyM1PewRya5mbFx7R3PEn4+blHPIzoRq4eTaV/EwvWjEVtEhF1hYCI9Lx2+JJa0x2WV9vI62wDAeXPvTp+aT+Cauucyg3F7eRj7IVuufuB23j/wo657eKLIL9I7D1i6aPte5XE7/VeNfUYTG2BQKBQPBnRxhYBK3AkmkrtzINgAri/GaTfGcUMVvn1v3RlLXlEJi3pz2AUglGut+YNYsB3AG8Fn6Mn0etKaWClMhgYjMPcaZ0Jl6/hYXFwAAwbMJDRxvLJ+1o9cHKaneSds3c7jHSl+ndy+nm1h8AQ/Xzgx9g4W6gTmvuNB6f8U6gkhYzd+8a0NektRXXgbqPTUx0tE15hbMKGOz/EQGev9+f1zV3wNy0vfTBwACwoL267UrggTSzNJ+jMnCaHsrK2jf2FadZOjuMzG8PUzFy5qNbQNSNgXX4efwxyxJLDz8+j3sTo9+heAMDNOYOHrCD/kTUjq327cDYAAPAc8HnuAcYPVrRGEr/a9/SpNcwmcEdMB7BmqWz9U6jBIxMTLCoLfZRomvufsA2/s+gNb81GDyG0jxi2r59i9k88vHehA4LBAKBQPBnRxhYBA+Iqu4tqvZbqXZQfpSIxUfJLywHzBk1bzFz1R4bpaf3sGZtPIUKAGO8fILwm6TDn0Kl+ZbTjOFj+xObmczV6xVgcJ24iPUk50ueGrbuU3kvaBqSKaKUA3Eb2ZycKyU1d8J3sT9jHS2pOLuT4PCDdOxuQH6+DAAXb38CZ3o2Kr7Z+nZ6AoBePaxRyjKICt9Etlzy6HEYPJ2AgCmt3sZUfeMMRw7mY1n9FIZHdxOWLNUt51/BLL2+kJUznTgQt45/JeeiAIyt3fF9bwFeOnze29m64+Xp2rBVJCxdxrfFHVn48Uo8LOH05ytZm1JA97ELWTmzBwlLl7HvVkcG9DchPTkbhVq+QUHTpHaVniZy5XoyZeVg7IDXwGaWSxWnWTo7inIgM2o2/mfmM0j2b45hws38QhS23myJeoGcFvrKuo8JudmFgDGDp/vievt7NidLn92nLiRomodWsWcTIkguB9IieOOqN6FTAeTsjlpKRHY+ALaDfVgaMEnyhKoo0KFLjTHUXCmYufKazyj2lNS+xZexJ3oL8WlSORhbM2rm28wd20fdniPY9jElW10Ph8E+LK6tRys4/flKPj1vgElxNoXlxkwNjaGv7Gs2xSZT67tUr4ulfL54GUXdnChNS0OGpD9vLw3C0xqgQku3sHbH770F9K/+nkXhecz7x0o8LEvZE7mG+MxCdbPc8Q3yx8vWCEpPsyXqU1LV8tMcA0UZCazflIhMAWCOl89C/CY11EmQ5o5DLPM7hEyuAGMHfN5fzCRXSTJnU+KabFvZznA+/A5C1wXVbWtIi/YnVj6ImJXTtAxeFUVpfLo+XtJbwNjWHd+F/njZGzUpz9F3Dzc7XzVXn4bjXurz7zDoBDJZOQ7eIazxbtesvmnNJ+YOOJnLwdBZKnNXBOEn7fnHmplcbWV9ZRkJbNiUqL5nzijfAGZ0yWF+WCoAEbMX479lDZ1ytrBmcyqShKwZ5SvpriZZcYuJSC0HknnljWuExCylW2Hzc3vBgfo8za2NKQec6wTU/NhrjY43t3ivOP15ozY6lzWtB07Xt/N+1CGGzlvN3JG2UJTC4mWxGE4MYeU0Vx3fXzrGxiOj+e80CTmJYf5E5MsAY9y938Z/phNfB0UgTYWzkXuHsHLmEzrmp4S68W74/VL+JbOnx61DpBUqkL7LQ5ir3pqo67tclw4LBAKBQPBnRwS5FTwwBg1+138qp9h0BIEh/oxyqCF183oySkFZtId3w+K52X08IatWMW+8I2nxoUSmyZrMvx1Qo1IBSpRKJRWlBXy98xBgTc+nqtmy6EOS803wCQwl1H8qquxE/JfuRAlkbVnG5uRc3Kf6sSrUj8Ht8on9cBlpclBVlyBXyMm/ZIlf6Cr8p7qTmxRFVIp2PXTW18yTtRFRDLAuZfvyKLINhhISEUWIrxeFmTsITzjbanlev5SPTC5HfrsKqKm7rkD6WNsmhbE1Lk62KOTZRAeG"
20:58:39.348 [Forwarding screenshot on session f38f5520-bd02-11e6-b34a-8d0186b048d8 to remote] DEBUG org.apache.http.wire - http-outgoing-0 << "kVXRfJ5lZ74gMjKSyMhIwsPD+Vwt69u35CjKb1Gtfq6mSo5CoeDWbVXd/XJ5PqnJ2dg42WIMyLIT+WRPESAn+oMwtXHFFhebm6TV/rHeEDMHXps3CgCn8b78ZcRTVBXLkeUX4jZ+FF7O3cjXo69ys02ZFxjIVHcLMndEs/lkR+YF+jPeyZDsxC8ayeApt6FYA8ZO43l7xgBqnXbys8E3MIR53i7IMuP5IqsUkOvUJS0sezDEFnLjQ3nlDX/Co+PYk5ZFpzFzCZo9EjPgQLg/8WmX8J4XwqpVgYx3vENq7CYyKmrbIyNbXQ/f8U4UZsbzdVZpk+JrB1w9/j0pe/awZ88e9uzZyZ4Dp1Gq+0yen01Vdy9GDR6BQ9kXhMYmYzDKh9CIVfhNHUxh5g62Z8jr+jg3LY0e0/0I9PPGQp5NVPQelMDpz8PYnJyLo7cfq0Ln4VKWTXTgRq5Ul1CuKKYaKEhYQ3zmTaYHriIidB7d5dlEB/+LUmREfxBGar4B0/1DCfQdRWHmDpZsyUJZkEBgVCI3u48ncFUoPqNsSIsPY+WegiZaawAoKLedSOiqQLw6FRIftoyMUqg4vaXZtjm69YHybPacUI/fiix2pcmwcXNr4E10lrDAaDJVffAPXUWo/3Q6ybKJXr+Liibk6Xj/cLPjX1d9GiL1eTkymQ3jRw2mv8PjOvRNxkb/KLLvODIvJJR5QwzJl1HnGlZ9+xKK4tt1/alvfZHtITgqkWKbUQSuCmX64HakxobyfbtR+Ho7ATDYZypOBhms2ZxKp/HziIhaxXT3O6TGhpLWQD17jJjBeCdjMHbB9+0XsSxufq6sOPs5H25OpZ37VEJDA3GTZjS1gV732GutjjeFmesL2m20bF4P2ntOZqytgtTNfydLXkB0WCyFCnfemOyq8/ug+bHx6ND1nVZL4SVTSW/GO5KdFEVUSjVDJo8HpPn3teEOLc5PteO9puoWsuxkcjqOJTDEDy/bclI3b+a0sqXvct06LBAIBALBnx3hwSJ4xKiAwfxt6UysARfOkBp2AoDcfSkoMGfmGxPo0l5Ft8lTGHw0l8xdh6nwary1wgDIjPbnlWjt6+7Tg3C5cpiIcnCaOoMhPTqhYjQzxh8jKvk7jpW6kZkqx3iwH0HTvAAIWG3AnNlRpB49i3M3KZ/pHy3Fyx7o48/VYzNJ3HuYyhn15bRUX2t7W6BUWijclJFfeJ0hHjOIsB+DQadWxCSoa2+9qcp15kpCavwJS5YxamEMcz2us/IVaQE5/u0gZnsakLD4fRILCzl+phQPz6b9HxTyQjLlhXWfsxnMTC/nJoxjjc1kAIP9ognwsiYj2o+oNDmXLl8H+R1yygEcCIxZg4cZHIj0Y3NmU4scM/oM7Y/15lSsnT1xdVRxDDAe7EfAbC+giPBX9OiriKWMtAel4RkSs5OZutCfkY5GKA3PkBx2guoG4RzMHD3pbx7LUWtnPF0dKc06pM5nJWPtAQ9zMpICuVp4HWX7PFKb1aUpDbai2TI7Kg7nlCQOHDxGdloy2WnJxEeD17wI/Eba0O25ecwb6cBIDxtK5SU4OXYnOVeu5Yzlo1GP9ORAqlRNx6MwAArTEinUvGg9iiEjaz1A3Ala6id5PsjP4uvrRL+xXnQoLaW9Q1eMqd+Kobojyd1viiRn8g8RkX6Z28g5klII7vNYOlO6F/gRbD96F1SX6upxR1UD1HDpfBE9h/TDL2IVZQadsJTncLwcRgUuZYqHJdCHUEzIw5DsQ0cAdz5aOVuKfeEYQnXhTBK/OkTpJMcGXjvquUPtJdXnI39yZkdx7Iwcd6ehzbfNfjjetvEkfXsY5ciZlGTsRYY1/sMbxAJSdsLb1xeDPp54WIG8RIW7E8guldQZGjXlmbXFr9nx7xOkoz7NMH1VCFMcjVCeTWBmM/p26MhtMgHvgEBG9jEC1xDKimayo7ihVrSuvmnOx1DgROgaKf6SR8B7qLYcxaG9CU7OtpB0i2HDPbBUZQBw89pPXPnFgeFvraDvTbBrML1Y2rvibmtB8qXOeHq6kr/l02bLdu1xCBjM0tp+XR1I/uwIqUvOHtY59to3aGNLOt40lvTXbKNSrkMPLJn5USBnZkcQ4fchYI1vhD+ORpCl4/tgkHszY0NnvVpDEQf0+k5byUh7wPVprp+ZSdKefbz1d2eso5Oxdvakj60hBjrnJ0m36jVsMCuCZmILOP0ln7SwE9yu0v3deL1DjR46LBAIBALBnxdhYBE8Yu6AsUndH2hVNZr3DAA5sR82CKDXrqrJ4HcqwMl7HlOdzampUaHChKd6OGFraURpRjoA+YlhzE3UTGWLQdVN5MDAQU71l816MMAc0i/dBPUfoxZ1W9KNcHK2hkO3uaO1eNGnvpbMWDwP2frNJG7OJxHA3AGfgMXYPuRf1zXqNbdKVQ2l1+tc4pOj/EmOqn/uYv5VaMbAYj7Yl7/9pR8qtQXCoL0VUKVnDawZ5CxteDDQiB9TevGctH3AvBs91J3WTtcKp0bFHQBVNWAANeDY5ynpXoU+fWVOFwvpVlWNCrCm25NG6s/S9aZOtVKpf9dTnw9Y0NUcDpWUUVUmeQQ0qUsNclXKi8i/AR5jZ+IxdiagRFZwjK82RZO2eT0DB0Th1AkS1geyOUIzpbVGXuY8oVEPW+Pme6Qc8PLfgl8T/XuRO2DckVo1Nupgwe2cWPxioxs9C2jLvQ4D6T9DMDetf8VsZD+S2fZQmrWl7prrzPeYKvs7iUmxZCaBtD3rbf7S7RwKrOnvVF/HPmNn0geoTV7fdiOcelpDk4utO2Ddof5ZQxM6AYX5VzAa9KSOtpkxfOJgkjancEw+mqt7csHFp/GQMLLGouYCkf6xaHdNrWlTW566xv+vLcm6EdZ0qdVZHfrW5m41YI7Dk7VbS4zoYW8Nl5rKU//61qjugLkz9WZfe6bNVW/1uC7lpVIBlp4s9DnJ+vhUonOlbTXWLuNZuGg2DWN510ijWj3Cmi/7nkE7oKZ+JJo54azW+ZbHXit1vBlUNRptNGtBD8w8mDPViQ8T8zF2mcRY+9q+aL6NPZoZG/7TPB9NvBy95knt7zRnZ2uSDlWj0pp/zXiyxfmpFum7vDZLldZc27wsymtU6K/DAoFAIBD8+RAGFsHvhkpVDjgR+vXKulNsCjIOUKTqQocmnr8DOPV0w9W18eLSQB1UdVTgFuaqg+BWyLI4nFNNj84WWALHj+Xj56mOiKC8QWE5OD7zJJAPDULUXimSg8Ug2mksdfWrbymF1+G1pZ/Tp30Jp0+e4IvYHcRH7mLI1tlNv8FseHayPlg+ha0xyBUw3j+CV5zak591mPO3O+A23KnZZO0MzbC2tEa7IhptVP8ur9L/VBrLHr0wJ43ymltcV4KlEa061UQFmJipLQxm+vRVQ+7oV2ANOmWtQnrzrVOXGgQEvnx4M2GJhcyL/pqR1gBG2Dp6sWDGGTIjcqhWyfj0w83kWg8mMOJ1nOytIWsLsyNO6KyHbvSTbta/lpOYDVP9Qxnt3AdLspgzO6JOBlpyb0gN1NTUl6MsSiFs8wVeeKFefqUFV+gy8j2+DrKi6Gw2R/d8QVLiVp4NHAOkcf6KEo8+0qLq7M5Ivizuw3D1IlyTG9fkgFPTrSpT1S/0aqq4CfRxfoqsfy3R2TbboWNx2JzJrn/+k5tyGP/mkEZZV5yOIzQ+DYdRvqyY7IGttSVpkW8Q3cxuPl3j/2ILsm5Mvc7q0rdnTC8C5Vy9qR5YwM2fy/SKCKurvoZnTkD5LcqonQpK2Rm5kRLXabxirn7YAJSlBdxs35+/fe2HgayAnMMJbE5K5tuTEwjwaj6qVItlawWfLSRfAT1akEUPE7jSoJyWdLxFDPTQA/kB1idK844iN5a4LA9me1jqbOP9ZsbGsdGejyYYu17zpDnt6sSgJP+MHCz618vdoD3Q+vmpKXTJopPhcR5UhwUCgUAg+DMgYrAIHhhVg9+ad5paPDkNGwLkExu5hyJ5KWfT4vgwajOx2Tebf8vXzNYJM9cRuACpmzeSViCntCiDdcERxMenUmbkiKe7MYrMWOLSziKXFZAQsZ5CwLHuOFEF/4qO46xczuk9kcTn"
20:58:39.348 [Forwarding screenshot on session f38f5520-bd02-11e6-b34a-8d0186b048d8 to remote] DEBUG org.apache.http.wire - http-outgoing-0 << "g8vYIZi2ur5l7I7eTOjKTzld3R4Hpx50BOjUgeYO65GnrmfOnDl1P2+88gZxzcTgqMeewW7SSij5i89J+n4762MTSUqMJedmTQtpG6O6AyAndmU4W6IXszmzFcf+WvekjzGgyCX0vZVEhy8mOq35GAjN1ED9W5++ehAsebqPMeVnjpBR0HzdamhJl7SfdxzyPObAZj9/Pk9J4+zZs6TtieO9iDQwd8PJsloyX3XsylM2HaguOEBERCrQ7pEerVuPxlhTAXSiy1NPYaIqImHdZsqBq4XXtZ5vnN4S54HWKDJj+TyjgFL5WbZvjiW/8Ja0JlNzcd9WoiOCScgqptNTPXiyowHQjvZOA3AHkiI3kiUrRXZ6D5t2ZHKpxhi3gQOAbP4enYKstJTTeyKJzQXbscOaCAJtDopU1iVkIJcXkLBuK+WY497DuuW2GfXB28saWXY2CuPBjGnCKFtLRxtbrDoYcDolmuhMRYPYEPXy1DX+DfSSddPo0re7HkNxARI3fcppWSkFaXFsztaMWaJdR33r23/YCCCb9dEpyErlZCRsZEdmrrSVUaUCysk/cRbl9RNs3hxFZFwaKgs7HLp1ljJvwX6hq2zngUOATKLjDiCTy0iJ/oLaaFf6jb3W6ngTaLSxdrZsWg9kRC/ZjBwXIr6OY6otJEesIatCdxuvNjM2mrL7FKTEEb4lBSlsVAUHtoSzJaWgiXua6DNPlhO1Mo4CuZzTez4lUQYuY0dgqf4OvXryMAWy662cn1r/Xf6Eqz46LBAIBALBnxfhwSJ4YKSXjw2PXmwHFu0bXwMsXWcT6lNNeHw8gZnxAJg7eROywKvJ/HXHxLMnMMKPsLBoomvdlI0d8F0ViCPgGLSa6yvDSYoOJVkqifF+EUxzNKM0S51FcTKhftJdBy9fFk2yR5Vl0Mr62vNW4FRWRiQS5pcmXTJ3wf+dCTpcwxWUlyu0rmj+4WnSQds0UytLr4AVXF0ZTlJuLkm1bujT32dmHx1naja5MLJk8jxvTkQkUS7LJlVmjbu7A9nZhQ3Krk/c3kQyPUlbhWxZsNqPW8HR5MtzSZOb4+BgTWGhvJkXyQaYa33SDOELI3X0VcXp+v4AMDDU/VkTBzc3yM4k6sNbfBhi3+RzFu0NaEmXtLAdy8ehNayJjCcpNpok9WVjWy9ClvphDbw43Z3cHYn4zZT2PDgNdsc4M5sz+XL6mzSub0N5aN7RPQa0x5rLhFdxSIsl2n820YC5gwsOxrkU5p2HaU82UU59ek+/IK7eCicx6kN1m2yZHrKAnuyqq6/HrAC8LoaTGBEobYXDGC/fpXia2eMeMY+wZZuJ8M9Ui28USxd4YWnkRcj0KsJ2xOKfFivlPNiHpTObOkVIBeYOyBOj8JP22uHtvwIva1DqbJv0Dt1zwlg2pcVjM3Zkk6c/mblOwNvpKEnxocyMl9ro7m5LdnY+Fysay1PX+LcpVrRYn7pebKSjuvTNjEWrfFn2YSxh/mlqKYOiUwf1Vg3NOupfXzMjCPX5mdD4WNTZ4uLtz+uuZhjJemFLGsmbQ6n234Df+PNEJ0fjlyxtw7F2n87rnk15r7Sr80rQVbalkRchU38mLHEz/smAsbXaf7DlsZfVGh13aH4usHxKs41hzerBofhC0srBO2QB9phhH+THMb9oIiJ28vXK5ttoX9OpmbHRuC5ll46Sne5G9dyxmKHip/Rs0lXPMXesY4N72rQ8TwI3k/mw9jtt1DwCJ9kDBgxxMCY5NZ6VVX68r/f89ODf5bp1WCAQCASCPzdt7t+/f/+ProTg/xnKiv9j7/7jcj73B46/tPVDlERuI6OcpUks5ley5DezcazNOMb5YodZM9lOq/mxTMY6jvaj+bHFjmaMxYQhMiIVnVuoqFDMrblP3Kpbue8yvn/cd3WXSgnbznk/H4/O6nN/Ptd1fa7r+nyOz/u+ruuDOr8Yc2s77G0aPkNdo1ZTam6Owv7ub631Gg35pWCnsC8PeGiSVzM9NJWAteF0LVVTZK7AvpYYRd3Kq0ejzqfU3BpFrYk1nFajprgUrO0UNKj6jOdlrVDc9Y/5OiaARp2PeUPLUZZaNW3V8ES1aLHAxrJuKdbWl6rSaowLHJs3ubtfaDWoi0sb3kb1ZmgT7vPaqksbaDUaiqvdp5ZroPwause1ZrLv3f2y9nPTJKxmelg8M8K/MU7fqqn8aoqpWxtXLnvVfBtW11BbfytLuw71VefymnxmpyibvVH/NBqYt51CUW3fqvu11/B6h/voB+XZ13yONV8bD869rlGNWn3vunlQ96da+0kD+rAQQgjxByYBFvE/R5MQzvSwo/it/ubBzI8XQvx29OksfWcpSrUOXCexftELD+3hVgghhBBCiNrIFCHxP6fJk90Z7O3AE/ex1qwQ4vfGnFaKNrg6uvPamxJcEUIIIYQQvx0ZwSKEEEIIIYQQQgjRQPIWISGEEEIIIYQQQogGkgCLEEIIIYQQQgghRAM9FhwcHPxbF0L8seTErWfpsk+J3HKKjgO9af0oFj3Qq8nKLqJFi6boc/azZPkuWvbsRav7zlvLjuUh7LuqoFenVuXb9q8O4+vd6Si6P1uetj4rhiWh27Hu2pe2Te//FLRZOwhbsZn4xETi4+MNP8eOkfVzIXbt/0TzBtRjVsxqPtn+Cz37dqp1DQqtKp1zN5vRqunDWn5JS0x4KHvULU3q9Y/pXnVatS5zkhPIt213X+2Yvmk+Sw4+xvBeHQANa/39ONaiP8+2rf1FzULLjuWhpNu683Sr2uuqIe3z23rw/UGfs59ly/fRqt+ztKjLrUC1H3//b3lioDeti9LZtGYtm7bEcCI7nxbOT9PCWCy9Jp0tkWvZ9P0OjiizoZUzHVpULbOGTYuWkdWyO0/f/w1cCCGEEOJ3SUawiHpS8UNENNkFtrg81eoRrZKsZf07fszdmgFA0S9nOJVxlKulDUu1+FIGcdvi0ZRt0GezN1ZJxqlYDqSqy/c7l/ITp7Kzwbph+ZVezUV56hTpKjXX1WrU16+jSklkd1QEAbOXk9OAtK+mx5KReJFaq0SbTJB/MDsy8huQ072UcuHoKY6eLXiIeTwaV88eIyPxIsXVfVilLrXJqwkIXcnP99UntRzdmwEOLQ1/qlM4oCqhwxPyiqt7K+Vs4inS73EzaFj7/MYeQn8o+uUMyox4fimq2/45x/aiKmlFO4t05k8PJiouHYvmFqTEbmTu9KWGe5c2mcDpwUTFpmOhaI5aGUv43OlsSteapKRnf/giok6dIreg2itLCCGEEOIPTd4iJOpH/zPpOujr/yFzPG0eWbYlN8G2qTHCYW4ONMO6ibFIcB9vDrHBo78rURszOK8FexvQZijJNn6akpQBngpAT9rxbHD0pWtDT9ccwJZZ/wyjp0mBE1b7ExabQpYKnBzvL2nPN9fTY45l7fVgATeBptYNjBTdiwVYWDzcLB4Fc3PA1toQV9PrwdKkdqvWpYXhf6zv581U2lSOFMKYXn8CQJWWgI7ePHOffeF/iz1vrl8Llve4OBvSPr+xh9EfmjSxBiyoW3XoOXY4G4XPBFAeIAMYHbyCiW42aE+uZUrIbg4ka2hWehQV4Ls4gnEulqA9yXtTQth7IJVxbp6gz2F9SAjRGYUAdcxbCCGEEOKPRQIsou60J5k/JYxCIDFsCv6pM+mj2kISTbiakY3OcTSrw0aSsvYLVu0+ZTjG1pVp7/kzzMUebfpWgpb+hMKtCaeU2YAVfcdPo1v+LlbtNvzdw3cWgeN6Vso2fVMouwuBuFBeuzSaYF8ANdvD5hOqNIxqcew7iflzXsAeQJvF2tDP2J1hGIXi2MOXdwLHUfX5pL2HB2zcSGa2lp7dbMhIOg62ffH1yCYqTokKbxz150jLBmdfDywBbU4cX30WSaLK8JBg5diDabP88Xay5OT6RXyVaU6TXCXZhVb4Bq9gnNvdD36lJVSKCPXo4wqxsVy+pgFHezQnd/DxskiydQBWeE8KxO8FN0DDjuUfE5loCANZKXowLdAfb0dL0reFsvS4E59+PJGr+1fz8apYDCVUMHjaG0wf9gTrA0MxVOMU1KPnsWiiKwmbwgiLUhrbqisz"
20:58:39.349 [Forwarding screenshot on session f38f5520-bd02-11e6-b34a-8d0186b048d8 to remote] DEBUG org.apache.http.wire - http-outgoing-0 << "5s1mkJNNNeeyGOuYL6rNu15qbRsVO8JXExlnaFOsFAye+AbTh7kBhik7H0cYzsvWuSstiy7QtP8cZndJY/bSNGasWERPG0CfzqJpy2k76x9M6Wlfa57arK3MnvsD/QI+NexbSWMoPELoe0fIyC4EbBk84z2mD2pZqS4v9+6D6mgSAKFT3sN/9XtcClvA8SaOFCmVqAFb18HMCZiOmw2cXP8eIUp3VodNxB7QpCZRSA88nAx1mX7wFLbe/pxfO593D+TiM+sjpvRUkLB6Pivjc/F45T3mvOBC+qZFLN2ZhaKtA+rLBQ9sP7c/BxI41q28FuLC/YlU9+eTRWOxQcvWRUH8cKMPn348EXv0xCx/hz0WLxPm17HG9qvan16YNJJjm2MxbwkqVSHOo+fx8ejGNbaTXpVA2NKVKNU6AJz7jmfOnLEo0PD9ggWU+H7IlJ5Ue310v/Y9M0NiTdrnY1wv1XyNbZq/oNI97fN3nPlXtXnfLWv/etZsiCG7UAdY4Tp4Iv7Th2EPnNwfWrvcAAAgAElEQVS0iM/2XsC2ZUsKs7MptOpBcMSbXPlXKKtiDXXm2rcvZKeT29yHfywy9I+y/qBAw/r3FpDTzhVNXBwq4zm+MT/QEAtGw/4a7r2gZsfy5ca6scJRoQOTM6j5ngPoM0hSQZ83nGnS7HHG+z5FP+N9zaaxHQDFpXD1pjWuXUfTz8V4T7BxppMt5JblkbSJ6IwS+g7uS2JsYu2j7YQQQggh/qBkipCoOxtnXp0xGADXEdP4q8+TFOWqUWVk4zFiMN7u7chYvYBVu0/Rw9ePxcF+9G2cQcTcBcSpobQ4D7VOzSllU2YEBODboxmJG8NZdbw5MwL8GeFqgTJqA8naytk+6eGFArByHcEbE3phHLhChhKmBcxjxuiuqBIj2ZCsAdSsnj2X3RlNmBQQTLC/L6XKKPznb0Vf5XQsnTzoCqRm/AxoOH5MjW2v/oz06QOkkK4GcjPJAHr3ag+kExIQTmKpG/7Biwn2H09LlZLwz7ahBUqK1KgzlBR18GZwXx+6PFndt+qFZBxL5mRyMsnJycTFrGdBSCzgTA9Xe/Q5O3g7JJKrHUYwb/FiZoxwIS4ymOVxKrI2fUxk4lXGBywmNHgGHdRKwoP+hQYozr+ALjcftAl8vCqWliNmEBq2mPE9bhIbEUycxp5+Y0aUt92rA5xJ37SAsCiloa0WB+Bte4pVAQtI1tx9LrbKL2rMu+5qb5v9S/2JjLvA6BnzWLw4gBEuN4mNWEmCFrQn1zM3IpbGPXyZFxxAL7LIVheiziugtDiPQl0uxWVPbEUFXNAVUlxaeu/+cLMUW9s2tG1W3ffp5kAhuU19CJjnz2DnEmJXfUZClbqc+OrLTBvtCkDfSb642kPRdTXZSiXu0+axOGA8thmxBIdsQgs8bt0chX1FfqmHUqBHT2OQKYv4DOjV35Un2zZBpyvkyP4MQMWh2Ax0ukIS49MALfGHT6HT6XBxsX+g+zl1erJSLTzZ3p7CjJ/I0ALaDA6fUqPLTiJVA+gz2JOopmn7J2ttv6r96SnbQtS6QlSqNowY3Jfuzo/X0k4avv0gDKW5F/NCw5g3zZvsxI0s3ZQOQH6umvzS0hqvj9JuIyu1j3NBzdcYUOWe1pwdteRtShUXztxV0WQX6rB1dMQKHRmxEUyfv9Vwf8hXU1hYiCo72xD8bONC8fchxuCKFa5dXclITCRDXUhhbpExAFHRH8BQj6fi4ug43o8Av9E0UysJC9+BHkiu5d4bF76IyMRsvCcFEOw/isKKGZC13nMAtBlJqHCll4sNlgo3xo4bhkKdzNrli5g6dyPYevOypz0ug6awaP7E8kC2OmEDuwuhQ5tmANh3/xvha79hzl/7VxucEkIIIYT4byAjWEQ92ODm1R3FqlgU7p50cyklCbDq68ecKd5ADktfVmPV14/Acd4AzFliztQpYcQeSce9nSGV8aHzGeQEeotUopS78Z3lzyAXS/QWqewOOVbxoFyWq4sn3W0jOKJwx7ObC5rkA8Z0FjHMCehpS0J0AJeyf0FvnUZsIbj6TqBfx5aUMoQJI5II2/0jSZqxeFcapOBEr64QcTwb/cgCjhVCr+6u2LhZ4Eg0x06ocCMd6GoYXaBvyehp0zB386SnA6jzSunhCqoLeSbrdPQgcL7fXaNlTO1eFcpu0w3OgwmYMYFulpC8NwYdtkx87XlaW5fSbsxY+h45ReK2g/TpUQKUcCEzh079nsEvdDEF5i2xB84DYE7Z18JXL5/j52vODPjbQrpchfb2YNnHHUX4bhTunrg5lrJ6bzY4jmDcEHfMi2HMX32JC4niaIaG3lXO5eR6/xrzrit9+sFa2uZ52j03gxmDnBnUsw0adR6uLh3YfUpNaSmkHj4AVt7MDxyHAuj28btkvxzC1bLzxmTKgXld8xyLd7dxhK0ZV0OJS4G+fDR/IgqgK6nEhhwDwKlSXdqgdXeE6Ov0H9ATezSU3gTbwQFMH9YN6EbgjAv4rdrLcc04vMcGEj62LA8ViUodff26GMqbdYwMHPF1tcfR+TkcI5So0pWkZ+k4W3ZIdjonc5qRqgas+jLy5T6c2X3yge3Xr8qoK6d+z2EbGc7RDC1dLVIxPHarSc3Q0KdJEips8evXhida1Nx+hiap6E+a5NUAjF88j7EulujTNzGxxnYaYOjWV1VkZP9Cv54TCHUainnLJ8BkHMTN0pquD3u6m7TPpQ1+NV5jWu+RlGJ6T9Ow+si/asjblIYfv48DoOv4xcwf6wLq/fj5rUKd8SPH1GOxNdaClet4ViwaC9orbJi9EYC+M5YxZ5ACTfJqpofGlndj0/6AsV9Z9fXDb6zh/krGAULjL5JPDvtja7r3HkZxVI2Vtz9+L/QEevLRzcv4rTIEiU7Vcs/Rek8k4/AxcB2Di8nZ6gs0XL4OtlZQWJjCwZNqxnWrCJuo4lbjHx4LzqPxLxsNZWNvCKxoS7mJEEIIIcR/JwmwiPopMf7juLQYMIcScHEzfuOtvYoa6N3HtWJ/m470soX4C1ehHYAtrQ1faFJUUgooaPeEpfFvw/a7xxKUGh+jTCMvFelAM9rawoG8AooKDIuOZkSFMD3KNA3Hauf8u/XqChHpJCVYUIgjfVxtAFf6O8PGY0c4Yp4FXSfiBGCpoFnJWZb7RxBqmojC3Jj2TbBqfo+1cG2ZEb6GQQo9OQnfsyAsGh1N6OhU9lBrDqiJmOtX+bDGRXSc+A6+qn8SFR1BYjQYplS9gf84z4r97D2ZNek4n0XGEn7K8KCm6DqCWbOn4IJJ22mvoCoECncTML1SuIdLGefpXeVcutWSd10nCdXeNpY80RI2fRbAqsqVizlgbt4YdNdNekDl6QdVlb23pL79obKbYNWkfL+y/glUuQ5sDNO+uElpWQFLwM29YiSIta1h3NVdeeakoESBf3fDw2lGfBI49sfVErDsYeiH2SlErjGMerCyAp0uiw2rNKgBhVd/HG26Ptj9qpbR3p1+Cjhy9DhJ5seh62hGl0Rz4HgKSebHQOFDd3tLqKX9qr82FLQuu/ZrbSd7Jrw3A9Vnq4halUEUgK0zk+a8h6NJhK+2PmraPua1XGPFxrYrv6fVMe+KtrWlVy9jKELRiz6KVUSrCzmZoaa/cb+WTu2wAbCxwLwxUGiLWydD+9u7dseRWFTGDlypP9xVtoqczWu792ZlkKsDl/YtK45oXPn4mutDzdG4QrpO86j0kaXLMOYvGoYhqB5AVNQxxnV7AYCE9fMJi87Aqqsvn84fV68grBBCCCHEH50EWESDlAJNbIyRDptm2ANHkzLw8zR+m6m/QnYhuDz1BJBRTQo3qdNk/BKMq47WXA4LwLyJYZ/BAauZblxTQ6tK5mBKMR2b3H2c4zOe2LKKyPWA83hcbQAs8fDqysbIKKKAvjMM38BqT64lODIO58HTWDimJ44Ke+KWv0b43bMFatXY3JCHk+dEPrymIiAymgXh7Qj386a0tBBwJfj7RZStgpGVsJ+c0tbcyfqZ1oPe4ftAB3LSlRzZsYHoqDUkDfEsf3At0WRx1bo7H33vh7kqi5SDm1gVvZudx59nTnfjTubWYNMa"
20:58:39.349 [Forwarding screenshot on session f38f5520-bd02-11e6-b34a-8d0186b048d8 to remote] DEBUG org.apache.http.wire - http-outgoing-0 << "hRVkuM3g+8BBhu16Ffv3ptPSw5WSHyuXWVNL3t7VPUFV01a1t42Kr6av4pSiLwGhf8HVSQHJq5kSahgxUlp6EzBtwJ/JKTSuXVoW1SjL0sK8/Bvy+vaHejOvEk4rLwNkZ181LpQMxcWG17VU7epZKfFg2x13GwANyiNqnJ/3MAatLOk1sAcbs5VkZ+sAV6bN6kJEaBTZ2SrAiv4+XR/CflXZ4zXQld0bI4hAR48ZAxhwK4foiFWEA10n9cIGFcvn1tx+1au49mtvJw3ZqfDq/PW4Wedx8vgxNkRsJHL5NvqtGVOeWm191N2kfWq7xuyock9DQ/YvNeU9pVLwoPQmQCHpmSqGOTqCNsMwKghb3Doqym9/rq4dq9RDISnpOQxzdEJ17LBhhNDN6vpD1bKZqO3e6/Y0TdL3kn6x4s1e5uYVnb/W+lCnEYcVM4wr7GbtWMqimKYsCS8bpdeS5rbA9Tw06Ele/g4RiWq6+gYwv8paWkIIIYQQ/wtkDRbxAJQ9Nrrg2cMKXWIEa+PSUauy2BT6GdmAS6eqQ+rrw54/uVlRmHqYhCx1jXuVADbdfOgKxK76grgsNZqcBD4JCiUyMpaC6oZaKLrgYQWFOujqVfEg4+ThiRUAtvTwqPydfvM2jjjYmXMyJpzwRF3FcAmgYrRNzUw/d3rhTXydQR0XzvqTWlz79wMyiFi+gxy1hvS4tcwNW0WE8iqX9q4hPDSITcm5tHyyI080Nwcam8QySin95RirVoWxfG0cpc3a49yuleEjc8oDEZeOHyRLZY57b1tQ/ovV+9PRaFTs+GopqyIjUBaYpGf87fw9866sMPs4++P2s3+/4ScmJobsFv1qaZtiigCat+XJNnYUZ+0nNDQWaEwp4O4zFEjkg6WbOJmezOr3lpKBoeqbtHQAConesB+VOoetYauMC/zeuz/oVQmEL1pKTJa2mrOopT0r1aXG+HchGcfS0WMYIaCOjmTHSRXqrP0sD08ERx/c7SErZi1LV8egRUvK4WwUPj0MIxo0GRwpBK9eFZMxHHs+V7FehWMX+vTsVTFVw8qjfEHRB71f1Xpx6TcAK3TosMKjiyOObs+UXx+evVyA2tuv1rrkXu1UwPbwVQQv+oqTxdY4u3akOUBLu0oht1r7qEn7ONdyjVXcIspKWnveFW1pj9dQw+iRxFVBvLdoPn4zQw1vJXP0oafJLaSiFuzp0d3wgTIiAD9/P/xXJRo+aky1/aFy2UxTrO3e64qbmxWFcavYlJCFOieBL1bFUnbjqu2ek3ciAax608XYaVq2bo5OHcfna/ej1mpI3vqVYQreQC+KY8KISFSDoi/PtSs2XPsxMcSdrPmeXT0t+1cvZXVMFnB3X6yocyGEEEKI3x8ZwSLqyRzbSn8ZAhtlBgUu4ZdFS4kODzauM2LLCL9QxrnYoD1peOApP9ai9r9NOXt4gDKRsLnXmTvPqdr9mlmbA04EhPoREhJOeNmQdytnpi0OoOpjioGC7r0VxMXdxNPDqWKzYxe8bCG2cS/cjV9T23R7ntGuR4iODGZiJIAjPXo4olQaXvUMjaGZ9T2mnthWeVWsDePe8yNpejjRn61jwBo/gicVszQykoDESMMRrqOZ96Y3TiUt8T6/lKjQAMNUBazwnjYfTxtINubdxO1l/EZkEr47HL/d4YYz7DGev3gqgFL6OVuxOzaSRUW2fDPnI67cWETUqmBijaXpMT6AKW42JMdXPpeek+fUmHdV5rZAdiyrwmMrbR8xb20tbWPDi+N7cGpjFH4TDTm49u2BVaKS1Aw13p7jCPcv5f2wKEKUoHDtgSNK7J96AksXd6b1TSIidhX+sYCjK7blIZba+4Pm5+PEnVJiPby6R//q2tPY7+w7Vq7LV57GkTh2rwqmuPFSzG+CrWMJkSH+RBoagYD5hrfCnD97BOVRD4on2LNXBUPfMDyYazKSKKQrleJ59u4MdLViY4YO5x5dsMSJXj1sOaUsxNHHZDrPA96vqGq9KDzwUcDum71xUwAYApOJLX3opQBwqbX9elepy7uv9drayYa/BfiyKDSKED/DOifYdsX/reexpKj8HlRrH33SpH38V9d4jYGmyj3NqZa8oeDCEZTxHhRPH4bbuHn4FYUSsfsU2acMw1UUrqN5Z95Ek3WSKk8T6zZlKf4WYayJUaJW3aTvCG+yd8ehBq5X0x+q3m9N+2jN996WELiEy/M/ICpsLlGVUgP7blNqrI9jgeFY9Q4oD8rZ9/wr/qP/Q1j0KvyMMwudB0/Df6wLqeGG1XlQJxIelliei1VfP7xN1mcBcxoD5jWOSCzlXLyS+NLnmD7M5a6+aFrn93g5txBCCCHEI9fozp07d37rQoj/PnqNhvxSsFPY13mNjnsnqkWLBTaWdUtRo1ZTam6Owv7BrgKg1agp5sGnW4leizq/GHNrO+xtKp+vVqOh+F51W8vxd+2q0ZBfWoq1nYJ77Fq3vOugxrbRalAX310WdfJ6lu8x572yNR20CfhNCcPZP5w5xikReq2G/GJQKKpvl4fVH6rJifDXpsOs1fh1BXWROQr76h4F9ajVRRV1qdeiLqKGff8gami/+qi5nfRo1PmUmlvXWkd17qP1uEbqmrexBGjUxWBuh7197ekmr53PqtQSnnIfyZtTvClOWItf2G6w9SZ8xWS4j/5Q273XcO+q4RyqqQ+tRgNN7O9uS2M7m1sr+CN3VyGEEEKIB00CLEKI3z1t+nqmBEeDY1cGuzYhNTYRNY74hYfh/bt756uG8Jenc8MvnMDfX+HE70jW1vnM3Xj32lTOo+fx8cRuv0GJhBBCCCFEQ0iARQjxh6BKjmHznnjUN0po7tydEWPG0E3xwMZHPUBa4tZ/z61eLzPIRb7eF7XRk75/GzHJORQVFYFFc1yeG8YYb7cHN/JPCCGEEEI8MhJgEUIIIYQQQgghhGggeYuQEEIIIYQQQgghRANJgEUIIYQQQgghhBCigSTAIoQQQgghhBBCCNFAEmARQgghhBBCCCGEaCAJsAghhBBCCCGEEEI0kARYhBBCCCGEEEIIIRpIAixCCCGEEEIIIYQQDSQBFiGEEEIIIYQQQogGkgCLEEIIIYQQQgghRANJgEUIIYQQQgghhBCigSTAIoQQQgghhBBCCNFAEmARQgghhBBCCCGEaCAJsAghhBBCCCGEEEI0kARYhBBCCCGEEEIIIRpIAixCCCGEEEIIIYQQDSQBFiGEEEIIIYQQQogGkgCLEEIIIYQQQgghRANJgEUIIYQQQgghhBCigSTAIoQQQgghhBBCCNFAEmARQgghhBBCCCGEaCAJsAghhBBCCCGEEEI0kARYhBBCCCGEEEIIIRpIAixCCCGEEEIIIYQQDSQBFiGEEEIIIYQQQogGkgCLEEIIIYQQQgghRAM9/lsXQAhh6hZ5qpuU8BhNW1rTzOq3Ls/DcovLqpuUAPYtbe55nro8LdewoK2D5SMpnRBCCCGEEELUl4xgEfVQTIhPFG3sYknSVf4kdu4u2tpG0WbEcQoqfaI1HhPDoUuXGGUXxZAPLzS4JJfjUglZc7nmHQouMMouijY+SeQ1OLe606WmM+SprbjZbeOzpOKai5d03FBfdruINRZQl5nBKLttPNM5hl6dd/F03/sre1naNf08yjo5tDTmrjyPb05miN02enWOwatzDE+33sr0peer9JvK4j/ZR8+nlNTU4gXK47jZGc5v+vprdS7LQ1Pw4Pp6/ejZtSaV47VVphBCCCGEEOKhkACLqAcLnP5kRqPb+RxL15tsz2fvLmMwIfEKyaZPr3n/IS4F8LDnadtf0QOFpofej4ILjB2dyY7s0lp30xuK9khp1VpOq2+Tf/sWV2/8WuN+JTfKIlQllBh/i4/MIOW2yU52j91XGUr0JbXvoLrNPfZ4cEqMdWBshwLlcV6YdpHTt2HU+534NMwRN26z86MU/rL0Uo3JWFiagYMZFjVlc6OEfGPd7fj2YjXBmmvsXKOtVJaH61fygNyG9vV6OvThPqa9c5Yrj6yBhRBCCCGEEGVkipCoh8fxHNICNuWhPHYderQ2bM65QlyO4ddGt4s5lKxl8EgbAPJOqjl9G7qPaYMD"
20:58:39.349 [Forwarding screenshot on session f38f5520-bd02-11e6-b34a-8d0186b048d8 to remote] DEBUG org.apache.http.wire - http-outgoing-0 << "hoCIreX9BQ7KWT6GrfG/te4GYNewrOrNvG672XRsR0iYDWDF0zYAeo4n3ALgTsc2JKd40vYBFGfwu50Y19WqIqBS8ivY2z+QtOvCokpE5MjGnwHwjRjMp68YGsd32Fl6dznJ8U2XuBzYruFlS7zCARWMcazYpFNe4seywF9rHn6AqVkHjl5xBKtHe4u1sDADLGhq80izFUIIIYQQQiAjWEQ9OfVU4GgG+xKuUTYGI/PIL6huwxsr/kRnM4j56Ur5/icPaAAY6tWyfFvu2cuEvmucUmS3lVGvJVWe0pB3hdC3Yuj9lHFKy1PbGPV6EsfzgILLvD0imdO3If0bJaNeP1Hn6R6ZsSeY7LOtPN8hvvHsyqxtiIGeXSvjGeWxtfyY3iNi+TruAQyBuFFE0u5c9hxUoy74Dwt8d/Op0vBRo/O5jPWJYZVxilHqtuOVyjDu3RNk6mpJ28RTQ59m5JinGFP284orYwa3Aor5+vVdDBmxk3FzM8rbsiDpBKN8djJkRBxJxjZJWhnHEJ+dvL3yPLtWxpVPxentc4Btqab1p+XbubHln496K4nY86ahDD3Fts3w6OfA+GEmkS/H1gxzggd1O2p0u5jdB/9TaVv8VlX5CBd0mIyE0RL14QF625X1tZ0ErLxQXh8UXOZtn12ErDnBZA/jFKSVF/n69Z2Me/cE21bGl5+vm08sXycZR8kUXOHtETuZvtIwqakg6QRDfA4QtSu1PJ02T23j7U9N8gLykjKYPqKsj24jYGU6oa/tZPqnxslRqkuEvL6rIk+PXYRsNlxvmZsTeHtpMY1u6/j7iG0Vx9R2PZWXLZbQpXH0touijd1OvlY+4qE3QgghhBBC/BeQESyifpxa4+2QxvodVzkLuHOLhJhr3DGzYaRvR0r+eY6I6Fwylz1FJ4pJStBxx8wOLzdL0BtGleRHq/gU8BrXAs3Ba6REqxh18wRnop6hGdd42zOeKDXY9bNj6ivmJG7OI2WTilGqE5z5zgGszIDbNFLfAqu6jYbRpZ5g4Nhz3DEzY8jfWmN3IZ+ovVeYFnuYnVcG072aRVZjP9zH68t03FFY8fJb9uiO/4edR/KZOzoexdlRjHS4/2rUqvPZuVfLHbNSJr+vZUvsrUqfq5RasjW/krrmAMP9K9YUaXT7NvFfnsMn+gYHznrR6R75pB69SGaTJhQZ4xwlmNGxRyscgMvnijmthDtXNFxbDG2BEr2OFKWOO2agKTsmT8tppY7TyhSiKpXxGjP7J9Ax3wd3ivnMN4aP91Z8nrJORUql0ljiu8AH3yplPPTpUdacB4Za0fQe53MvHpNb0+SbK+z4VkXoxFY0A+AaO77QYTfakZduqog4X7a3ltARMXx6BO4orJk4ugkpEXl8+96/iTutI+5zV6xKSjmdUsxp5bnyPC6X/EreOR3xynPEA4797HiWQmKP5DN3+GE6XhzJcyU6TqfcotDTMGqrRK/jtPIab796jTsKa14YDTuji4ma/28sn7IjdKQdZKYzYPgZ8m+DxzgH2qqu8e17ZwDo/GQpcI0An6N8q4bOox14SVHKloh8Vk6LB8VIRmpLURmDSLZY0KzpY3Cv62n3M8ay5XO6LMCHDpo2cJSZEEIIIYQQ/4NkBIuoJzsGjH4cuEZmDoCaPTuAwQq6W9nQZ6QV5F0jIRMoMK6/8sITdDYJYNwxs+LT5DFs+sqHfalejDIDzusoAQrizhoeBsd1IX33YD5c7M2+s4PxVQBXdNxo1pZPf+hBZzPo/G5vdn7uTl3iHFq1YZzAy/8ayLplXnwaNYqv/mYF3OBkejXf1uuu8NVyHXfMbNiZOopPF3uyevcY1r1lRaPbOpJOahtSiZWmElm0dOS7qE54mZXVjw0h3z3La50KWPaOIbhyp0drNp4cyY6INtiZQSP1FZZvrn4xV1Px81MY2C+eF3wMP2MHxZevkVMxiqP6tU1MPy/j9VYX4k8/x9tDy7YVcSkPdMqM8uCKXb82bDw5jI1hre9Zvl0f7mL8/HzumNkQufIZY0CkAdo+wYuvPQ6JP3NAZdhUkHSRqNvw0vh2tCyq2DUvNt0QXOnXniNnRxK6zJt9F/sySgGqdWn8K1UPFoagYFmfvXxpGKv/2rp8ipHvCi+O7h7Mut0vEjrajEa3i4lN1lLTYjF2Q51JPjuS1d+M5NhWwxymuCP5wC2+DjEEV3wjnmPnV96s3j2Wr96yNilwPil5cGfon9j3jTcfLhtMwp72AKQmXqP7VG+2vG/NHTMr5u8eSejU1ve+nqqU7VihLydOD2N8J4m9CyGEEEIIUV8SYBH11m1gKxrdvs3hM8WgVBN/G4aMaANAT5+WNLp9m4Px19Cdy+P0bXhhWGvK4it6oPlrnfAte4CzsqWjB5Cj4UwBNPN+ltPnR7L3oyfJyfwPh2LP8vWnpzltGhTQGhZOLdTXvIjsXYwBjahJsYx6PZ6vN1+g4+wh5OaP4f96VPPqX6uWrLv4AslpniiuXuN40iWi1hzn+4SHsXqHJe6DXejhYfzTw56xIzvwZN4vxBpHJHT3UdBcU4h5Rwe6GHfLvq8gj0WNC8Xey52OrVm+2BUnx1ZMf6uNSYpwTW2YznTHzIx3P/HkOScbnpvah5ChNd9icrbF8/qyYu6Y2RGRNozBDRgRVEaPFUN9W9Ho9q3yaUJHdvzMHTNrRg5sjul8nJMJVwGY/UFXnMo2NmtL4GJDQXLVJcY0ofnLfzL02WY2tG1mOOc7Zla88EJZEOlxnn2hxT3L99IM1/I1Ztr2bItHefWUkKeCO4rWzH6lVfn+I2d3onPZPjZW2AON9p7DzSeWkJXpnGnuyuVCXzYFtjOkUmLoMCXGrlGn66lK2RwcbfivfTu4EEIIIYQQD5F8TSnqrW1PBZ3Ncjn971841CyPO2ZmDPWyB8ChZ2s8zFT8OymXn25oDFNy+lV+8GzjUN1KsLe5UQLwKwdWHuXNZdWMzihbtuM+IgQO3h588e4N3lyWT8qmK6RsMqxb4Ti6Pd9907PiAbvc4/ySnMZbb5wjRV3//OrPJFiU/6thhIRJACll2UmGL6t8RHpCHgV0qHXUx18iffjQpynasrf58BgO9xvIsHu8vOqrhpnOHKlYl6Z5k7LfHufpZ61gb3Wvq9azY/UV7piZsfjoAEY6VrPL/dDexsG7PR5muez4NpdPJz5G9Be34IWn6GP1GIdMdrWwMOOOmRXdn64cYLNXWFNVm3bVhBwc7OhoUvmtFdUE6u7ya6Xfy8dOFVxHmVL1c8DCMHYWR7sAACAASURBVFWnEMCqLcujnfnr6GxOK/NZqcxnJWe4o7Dhs60D8HWvLv86XE/Vlk0IIYQQQghRXxJgEfXn0ApvD1hx4Ge2WGnBoTWeZSNSmj3B0L6w9N+5bDpn+KxHlehFTa9ptgAyNyfx5rJr3FHYMDvQmT5uzej2jAWrR8TySYPWlrVkeMAAzr9dwunky8QfUPHtF9dQRV8keE171k1tVXn3gku85XuOlNsw6t0/Mdrbgac7t+T8yn1MXla3FWYtzO93rIiRyVuoHSc7EzTImlsloNeWgqU5zf/U+p5TaqyaNsaqmWW1IxLKgySmr4Ou7c3XtdR/x252wBUqD4q7xZn0muqqhKvnAIfWjHqg01F+Bdox/mUzjn+fy5bNpey8DdPGPwn8WikwVKK9TaPbOs79fIvB7hVluFF0dyVU22ebPl5pzZgGjW1qZou7Exy+Uf3aJ7bG/7bo3ZUdV7ryy9lfSIi/zPbNucQrtcyalIJ3Sp+7jnt415MQQgghhBCiKpkiJO6DDc/52NBIeY2oI+A2WmEyAsQSrxftaHReS6wS3EY/Uc3okJpdMk57mRkxiICpT/Fcn1Y0++UK+1IAbld+iK3H654PfbiTjq228eU5C7oPfopZi32IizYMm8jIvnuERd6JK6TcBrvJ3Vi94BlGerfFyaGE44llAYN7550ad47Y2PPs2lXxs23bBS7X8Q1ADt0cKqaH6MzxGeOKb8/H2PhOJh/9M4OYlKJajzeoaVSCNX08jWGXlDySc25BwX/4/J+5dStcFfZPGkZ9NLp9i7lBx8kBcuLSWLXjdg1H2PDW3ueI"
20:58:39.349 [Forwarding screenshot on session f38f5520-bd02-11e6-b34a-8d0186b048d8 to remote] DEBUG org.apache.http.wire - http-outgoing-0 << "2flMndbQqa8Bf25No9vFBEy7aFiAeaDhvcWmIa92TxuG2nz95TmTrcV8+7mhDizMH+VCr41xetaMRuorrNxWMdokdmUmp41VWKA8QcdW2/Cep8LJvR1/eaMPmw54GtfuMVwbJUCj2zouGV7eVb/rSQghhBBCCNEgMoJF3Jdu3vawzPDw1ndg5cVMO3u1pGy4Q9/hraoeepcSk/927NYE0LEi+DBOf3fC8mIu/wjKNbwdJUfDyTxoawwaXFquZHJeHu+GdMe96lCOEsPaGeQb0n3auyUsU7F00B4Kl7THyULH9qWGVVBfGHp3GR2ecaCz2UXSv0lnwTPw3BM6dvwjkyjjm1Z0JSXA3VNJTMUvO0N8lW13zMyIONuBnrXUQ/nvDh15c1oqb355C9WmTDpvyqzY4fwtOnq0pCGa2hiiN41uF/N6t20NSqtZn6d4o2M2K89DfnQ2XrbZ9ziimNVTDrEixYbvLg7juQavbltZ24Ht8TLLJf42NH+5PX2MsSTTOu400Y1RfofYuS6NIbp8JnhbceLbbKKOwJ0e7fk/b2soqDb5hxCYeJyX3u3ER9+f4dtJBzg9uTUdf7lK1N6Kt0s1c2vNYLNzxH75b8ZZahjf05LjW3IM5/isPW0BTVsrQMeyV3dxOag7L9fheqquLwohhBBCCCHqT0awiPvS7JnWeJnBHTNrnutpU+kzK/c2jFIYP+tm+tljWAK2VZaKsLUCMKepBXR65Vnmj3ucRsprBLz6b95+Lxfb19rz9jjD23vSTheDQyteeOFxGt2+xb5vfuZSdU+7NlY4A7R+DAsMa7B89X4LmqNj5XuZBPhf5HCeGb4f92aedzWBkmYd+Di8NY1u32KN/0kmv5rJ9/l2vP2+YbxFypH7nV9hVWUJmYpL0LZsHo+xzABjlo3g03crL5Zxx8yKNyKfY1afe6/5UdskpT6ze/OGySK0d8ys+ctbLbAzq1yucibFsLAsS7l8BVbmHfRiaj+T9Dra8fb7Le46tnLZSil5gNGKNs7GSrRqy8uvGeLH4yc+Wf65baW5Uq1Yndabv/Qz4/QmFfNmniPqyG06j25PzLae5YvR3t1nH6NlLevZWhj3qa6vt2xauUUM+xhGylh1ciP9aDcGdzQjZd0Vvo+Fv7zb2tgegFVrPoruhIcC4j/P5s1JZ1gTrcNxdHu2fu4KgPswJ7zMIP98MSvmZtO0LtdTDWUTQgghhBBC1E+jO3fu3PmtCyFEVQV5WjQ3fqWpfVMcmlU/0EpXoEdv+RjNrOoxEEun5/LVm5SUPoa9k829XwusKybnlxIszC1o61j7iJWHSVeg5RfNr2D+GE884Le8FKi0aEqpW33UQZ4qnxs82HIe+nAbr37TmpNn+zyUKUWGOqi9vz1sqZsTWHbYmo8+f6Y8uEPqCdr2O4fjW89ydHGH8n3zVFpulEJT+8bVlPcWBXm/YmljiZWxAepyPQkhhBBCCCEaRgIsos6WLznNP5ec/q2L8bvl6eVAQnzeb12M3y2pnz+Gd4I6Myeo829dDCGEEEIIIf5wJMAihPjdi303ikkRrUnO96oY3fHfJu8ybw9NJOp85c2D33+WdYEdfpMiCSGEEEIIIepOAixCiN+9vNTLnCyywqtPiwc6Per3KCf1MufVpWBuTsfOCpwcZEqPEEIIIYQQfwQSYBFCCCGEEEIIIYRoIHmLkBBCCCGEEEIIIUQDSYBFCPEHokOVe5mC3216D9LvuWwNU5B3AdV13W9djD+cvLwL5ORdpkDfsHR01y+Tk3uBvBvSBkIIIYQQD5IEWIR40G7sp/90Z95PvvyIMtShjFnGmrQ/9ht6Un+cSqPpw9l3veZ9dBc30W5hf1ZmFD7y9B61msqW+ZN/teeVmRDOsDnONJpu+HEPCSYur/oH6JxDwTSa7szClMp9JjEmGHfj8Y1mDWfhT2l35zGrLA8PJqzZgGkKurzDvB/iZVKGQPbdVYYLLJw3kHbfHalHbeSxNMiZRgvCGxRwyju/nU9iUmre4ZFfu1B+btOdGbbucDV/AzdSmBPkTKt5A3Ge1x+7oCXc39Wu48d1E2gc2B/nhQNp9U5nPnmYff/GYcYa+8LC5D/2/UkIIYQQoi4kwCLEg1YK+cCj+m44LyWMZ7eu4PzNkkeU48Nx5eq9H2rTU2IAH553tX3k6T1q1ZUtJ3kZwzZF37VvQVo4ruuWs7eoDf5DAgnu0pW0S5EMmDeH1Ko7X9/DpG8jAdDfqugzeclL8NwaSZplH5aMeJ2h+iyCN73IUmPgTnf+S0Me+jYEDZmDvwI2HpvHwJXbjSlc4P1Fk1lyKZc/PzOTsF4+pF3azNCqZchVEgYs6dO1/pVyQ4u2/keVnSFhobPxz9bUvMsjvnarKja2h944QiWzuAiAvDPRhJkUu719CyzuJ4PrBwlMSDLZ0BU3xUPs+6Ul5YEgPX/s+5MQQgghRF3I6ymEeNCaDyJ1dfYjy87G3BwAy8dtHlmeD8O9HxgLOXw0CTr9A/ffIL1Hq2rZCvlxgz+j4g4YP6/8LqX4w98BEBEQy9SOVsDf8Fw3hqEJe9iYfBn3nmUvt87jk7CZxBv/sixPIY9vd3wFuLBz/gaed4BAj/a4fzSPoL37COwygf17VwIQ5r+L2a624DsKZg0k7OxxVLyITVoUYXrw6vUVW6cOAsDj8TEMSNjD4YxC3I2BoszUXUAfvDs71L9aLM0x9HLdXXVQh4OxbQJdrGvpGY/42q2eA1P/tgLnixrs2xpa/9zZE4aPmkzi0vJgHO83aesmtAHSgDD/08x2fUjv5NLrwNIKrJti/XByEEIIIYT4XZIRLKLu9CnMWTCc/nPG8InxW+28lHD6Bw2nf9BM4oxTFuKiZuIeNJznl06n/5zh9F8QTKrxG9kf1kylf9Bwhq3cYPyW+AILQ4bT378//QMG1zntsSu33F2+G0eZOmc4czYsY2rZVIlZY1iTksa+bf7l0xb6f7yMzPI1DPL4Mcq/YlrEdC/mbNtf/g125qEluM8ZztiQMYbPgwLZ8dMS3OdMYOGGwPLjOgRN5ZuMPJNyeBnPI48VHw9nwrp1fPL5mPIyDFseblIGSD20rGLqxawJLNzgT/85M4m7AaAj8cdg+ptOzVi5jhw9FKR9SePPVwDw9dfeTIgyTClIjFnCsDkeFVM1gqayJu1yRfmChjN1pT/9jee8otppAoX8GBVYke+s4bz/4+GKuklex4QgD5NzWobyRk2dJ48Vy4czbOUWk9EBhm3uH39ZabpD2ffcmQnLGDbHg/7L1xmmhdxIZosGZj7b48GnZ+w7728LN+k7XszZdtgkJR1xPwZX7ivG+shLC8d91vDyvltelgWBKMva+fp+Jszx4v1DWaDPYsXKCXQoS2vOGBbGHK3IqtK5AtcTDMEVxXCm2BvKYtpOGp6kS7uZDOxY8cD8TNfed7WCclsg/moYqnABoLwLXj/FFjW07zSJ58viHu1H8UY7IHMniXodrbvNJtg7BN/yETXmldK2VPTnC8/XmTOgZ/m2J9s5GWrjZllOOuKTD0C7Yai/m0AHk3sDeYb6mbBuT/nxmT8F02HW1PLrH00sCz+fQKPpncv7XKrJdVRzv89jxccjCSqCNOUsOsyZSWJ1fbXStQsF57cwdYHJlKcF/vxwvvYpNQXntzMnZHj5MY1mefFm1P56jIrJI2ZfJD8kb2b/xf+QuM2f8XGnDB8VRTMiqOweWVj53mW8PmssV8Y6hgUFsdf495YNY5iwZjv/SfuSYXO8GLa84ropqLrtxlHeXDCc/gtmsuanLxlrck9YmpBVkcn1o7wfMpxGszrTaLoXU7/8tDy/GumzWLNmasW1MN2j8r2k1mvFcJ2NXbmMhcuHlx8/dd2W8nJPDfKi/4LAivTy9jM1yAv3kGWo6tAaQgghhBD1IQEWUXeWHXmSLOKLTrHmsBKAY0nfEa/JIl6zh5hzecAFNh/aQ5omi1tPuJBflEW8OpIfz+qANL4/doB4TRZ7T+wkRQ+c30vwpSziiwtp/1h2ndMucqjmO9zSG2QVZREWt4JjikmEeY+mvf4U01a9yNDdB/EfEkiQswvx2SuYtuUwoOOb5UMZ"
20:58:39.349 [Forwarding screenshot on session f38f5520-bd02-11e6-b34a-8d0186b048d8 to remote] DEBUG org.apache.http.wire - http-outgoing-0 << "tS8abbtXiBj3Af6KIsJ2v05P47SHn3PiSCvK4odLpxjazoUuTZz5NSeOtKIkguM2495rDmG9fLioOcCksA+MUyFucKwol/8Yp+wU5mexMWEh/mkQPGQO/u3asDdzOb5rDQ+SqoRgun67gr30IWzsBwS1OkNwXDTxRdmUlBqmf3hujyS/7SQix/2DJV0UbDyxEJ8vt9OsgydLOhmmWti0HcagNgoyf/LHc+tX7LXsyxdjQ/jCczhazQGmff53w8N+6Q1UmizWnogmX9GVLpYtad/i7mkCP655hVH7NnPJ7hUix33AzCZZLNk+mXcOXUCVEIxrxEI2atqz5MUQwnr1YW/mCp59Z2ZFQKGKPFUWe8+kcrXKtjT1NUwPaWptWCPEdd0K9t7qS8j/TaYZoDpzmHjaMPLpDg8+PWPfWbJ7OfvtX+GLEa8zlFzCdk9maZrhgXrfujEM2B6JVjGaiHEhBLUrImz7ZIas24+D/RNo9VmsOWrou1xXsjEzizT1ZvadNRyfeWwLG4tyadWqNZu+HMebJ5IY5BnId+MCGc8pgreOZ6Hxwb7quWLtzt5pW7jz4QqmuVedWmPLa29sIHXeuzhV1ATf/vgVAB3tWwCgO7+Ol3YfoH2nf7BmwqjKSRhjJe1aKCql6+bcFdCgKbaih+dkPpgwAUfyUCZvZ+nyNwnTw1C3PjgCVg69mTk5iD93tCUzbT/fRAXisykamrzCWA9j1EZ/ks2XYHzPvnRs2ZiL6kj2l9VPqqF+NiZsJxOAQnYfjOSi3pbWzcvKlEVYWjHBIwIJcm7D3swVTFi/33B8rf3ekqc6DcYLwK4v//esF/aV40NGJteu/ij/F/p31uY/yZIX/0HkkFfQqqMZG+p/97SrMtf3MCp0NmGXbhA0JITIF2fy58dzWbHvdT5OqfsaJKrcJH64dIp9VzTcuJbMxfJPCkjTnOLnwhJ++Hwko/ZFU75Kjt5wfQ7bUH2QpUSbw96i3PK/49VZbDyZwC+l19hblMteVcV1U1J1W+kNTqmziFfvYdqmpfxQtqM+i6B1U/ghD9CnMTVwPEsuGQMulrmsTTOdjlSdQlb8YzjTjh2g+zMz+W5cCEHOTQz3ki8NQfR7XSuFeVn8cGIFwZn2fPGXT1jSqQlrE/7OwJV7oGlvZvbuRLx6My99uQXIY+Hy11mrycV32PhaRwIFHwym0cJG1f4EHwy+x3kJIYQQ4n+VTBES9WDLiH7D8d+6h7QzB1Hhzv4zFf9g33Eqg486XGKFHqANU4a8zrXzX/CmGn48dZLZNhlsLN87iaOqQixSDhr+tH+VNwdc4tu6pu1597fzZQ+J7Z0/IPm9yVgBHqVnGJCQRfC0nXzQsy3Qk4zpL3H2ZglcP8KXmQXQLpCT8/5GM4CBI2m1oDdBJ1aw78aLWBinIcwct4cvBhq+9Y9btwsA/7/8xPLnOgDgxnCGHsvm5+vgXuXBzfAs0oe9SzcwpDlA2dSKJFT0YP2OSKAPBz/agHdTYNifcQx5hjcvGY7/+aJhysKQZ0bz2kAPGPgSnTYEc8q6CQVNuzB7qBdBmafwHfo+Uz1sUW6DLvavELVkKZ0AmMBTt4Yz9JiGK8WGeioG2jsHEv+e8byrurGfpceyQDGT5A/fxQF4rZ8r1/8+nlMn49lSEAm4sDNkm3HEwwT6t57Js9v38M/YFDY873FXkpaWAJYm01KM2/RU2nZwSyDBcZtpr3idHXODcDd+mJxkeFjv5fAQ0jN+u93e+QMyjH1niqsNjcOWU3hTC/qTLEvIgnaBZMz7m6FXDBxLx487My3hc+Je+ooZ9hB08iA5DMf8TFL5NJxjp85Al27sT94DjGa0q5avviwA+jB2yKs838aWcb260embn3jWxrLac8WyLUOM03xKSu81FiKPNcv/jP8l6PLMJ8YpQ1m8/+lCLuLDv+e8RMuUJcZ9K0+Xyb9VJSljXpX2yt3HsxHzyv90bK2ofAx5rPvydZaUPYQ3bUlT468Fpw+zl2Z85+6Cu/loumw/wBblSWZ36c+xE4nGvRKJvwidWiSzRQ1enqOM/RjAh4P/XGO4ThiKbtZAwtKPoWIQNwpr6/e2PD8mEOWhSPI7jueDCf3vUYdA8XXDKAi77ox7/iWceAmvNo58ftYGCz2VO1nZ+anVYNmGsL/tYnYXQ9Dy5fbQ+PMVlda7uZeypO2AIVN38V3xSF5Ny4Umk8j4cA7tr+6j5zrD/XHm2D18McyFzBh/XLdGszduJYkv9qdv08ppOvQMJr9Vd0Z9NJt4XPju/W8Y3sKSkrNf3JXvXWUxp3yqT5dOH/DTnMmQFk6rz5cDuSSfvYyXeRRrjfsET97DB54uKH/059ntd68ZVO7Gec6VtOHPnvPYOnk4AOMGelIwayArVKmo6MPJnNqulbJO1pWdSzfwfHPguQFYhTyD/4lP2Hd9OEPGhBGR6c20zL/jPqcZaUXw5yHrjP9/ULPgAcEALIxbWGn7B94flH8mhBBCCFGVBFhEvXTq9SJeW/cQr49n+yFnkk2GCqSd28+mOGNUwP55BraxRdNvOGzdQ3zqT0RbnKuU1qGjOynIMHzD+efew+nbS12PtGsuY7vWzlVWZ3DB8+myf0w70qsJnAXyLqQQDwQNfN4kyODAxOGvELRuMwln8xiADnBhjIeLSXqGbSO6dyjfYmG8kqpb3cESoIk7z5R/C9+EVk0AvSWWqDmrgfZdXjU+NALY8vKwSbwZEQuAu8cgumzfQ9jWlwjbCl7tRjP+ubHMfq4/zYC80lIA9Le0gC09xoSx23U/UesCCb3yM8cuJ5GmN9SDafk6dexWfXAF4GYR+cD43sMpXynDsjcbPssG0pg6HXAezyCTZTR6eL+E1/Y9pF6pZRHRWlkBp/h/9s4/LMoqbfyfvd4GRpBBJm1K8QfYIrsopoQG2qJpGplhrq2Lme1LtFLyug5thAU2BZZSy7Q2KazoW6zJYmxF5hKG2azKqHxHA2UbaQXNUXeCRhkEgdnr6vvHM8AAMwOY1u6753Nd2czzPOec+9znPoc593POfTR66Q344rkrupwhUEv5ySZmxsxk4JE7Bp/fhPGhXbYjD5wsrXgAmuq/kLY6nNtA5NoCaV7nDSetAI1csY/g3umzWVtaxtEGDUONJaC8j6dkH7P5RCVN7VByTnIWBDGKn8+5j1c+/JgHXrwDGEn8HYt4ZPYKFoxVXGNdHVw5yYvZD6KxSBPhg08+CMCebavRtsMrSS8RAZgdW3ba7C0wgFJ6uAZGLuPqpsW0277g9bwENB/+nB+P/Zy0iZ2roEaw7tW/sY5m9v35BR7Qb+bBbVM48fgcjh77ALznM20kQBSPKGFt1UEaCKD0VBPzJsbRerKEfaZaHlR+wkHgzemRdE2kfW/np139pLMfSX2sf7tvlnJxODqMe9J47ngDN8sA+zfcOnEtOXOd6hkQylwlHLRsJnjlZsYqw1kW8Qv++8FlTPB2k37RYxx4OYKi8jdZtffv/L3hGHut3eceNZ3eyZNvfwS+QwD4xj4CzZqn+9G+glsVw4EL4O2NcqiC5i9OdK1cqa7cyLJKaOs45bhixWqvZUOOhqP2IciBthZ4aJmWRwN9uxwlSsUI/Ifi8jQiL1wu7wFgyez7JYsZN5l5IPULGfztb444McTxy2hpvIyYu5h5H5a43yY0dAo5L5Vj+GsRz21RY7r4Be9bHCtgfL3x7revNEgBgYMfYk7X+KogNvI+1OcMWK+2QYCCx9dsp+KZn7O9pYmxwWnsXDIABxt9nSzCuSIQCAQCgaA/xBYhweAIiCZeBXCBVe9s4CAwc+ITPKUErAX88hMpCOdDjon5hGkPSpNU61bHPX/UMSuYCLyvT0djARjJ0mlTBp23Ky4Dd/80uO8Ne/fHPjtYZD3dIt4yaYrt736O0SfPa6a9hUv9ZTby55z43cf8KfYJ4lUhHDxXwqp3HmPY2ldcxhD45O1FjNY+gbpiF2b7EBb+LA11r0UGl4GI8S705KDNdomTwJAhPXXTdsVGU/tQ/L0B2dBejqxrOtekD/MmxDHPG7TvPM4ex+yv7ayBzcDPp06+Yfn11UkHlzs/Xf0GgLGqOB6Z"
20:58:39.350 [Forwarding screenshot on session f38f5520-bd02-11e6-b34a-8d0186b048d8 to remote] DEBUG org.apache.http.wire - http-outgoing-0 << "tIglkxewJHQB2ntT0N77FLf7QMS0+xlLE3sPvcdfvmxi5qR4EqbPBmsFxeXvsxeIny7FJ4lYsJmvU7einRbHPN8WCj/fzAPau1n8wfFrrmvb2Q+Z/7TkXImP2UxlymMOB9p5DlVJk9a1uXfzo5XBjH5bOkVI+/Y9/CjlFRoc5jesV55XWq8AcobKoKmhFuPpMwDIveX4j5jCmkWPAFD999PQ3sAJ00maHPfl3iNYsOwpEoCTNQcwc4bSqgtMnHyvYyvTCO6dfhe06Pnw048pBH5x/5MsUELh5x/yzuEyII45AzzhaSB236NuTV+x99wxKs4fo+JcNTVNvVeYjOOFV/7G/3vkBdQT7sLPWs0rn6QTnjaFbadtLtM3mf7AuKcf5JelW9nTcJXAMY/wZsx9XTl22C5QaDkspTl/jL1f2/Dqb5xxpmvw6l5rcq7lPOdaztPCGOKDZ/PQ6J/gZTvH0VOHOeYo533Lfuqa3ezd68qyW5C/n/3CvQhdK3HcrMjx9h7ESHCG51J+SvQ7L/LKF18gH3YH2gfTiHdanOKpr3Qy1ieg51gkk/TT0Tmstlq55MjvrKXOactV/2hmaXgh5gXhXBEIBAKBQDAghINFMEgUzJlxX48rc2euYNHtzis8HA4TcHKadDKVR2KXMM35knKRY0XKIPP+joxQjmQssPvwX52utvHhpyXASH486hpOORks3j/hZyo4e/LPjoC2ADaHDNKreuOeNCat385PF61l50sf823eEd4M9gfrHiobAMe2DukUofNUVFWDdxymvDrK0rfx8pJfc/cIF0t+PGxZkKuCmQlsrzQ4XT3D00/fwTBNAT6+wKk/Y3Cas5mP7eEgMKnPlhEJ6ehZpwRXTBztsdhFWhn0XIqWXY8+AdTywBuv0UD3kcV3O022r3d+gFudjPjxNEf8jpmkLfstLzy2lhceW8v0m8z89fRZrtiBkXfx30rYXprO5nZYEB5JROh04DCJH+4C705nwXlez7mPlQdhzeNaynKO8+0Lr0pOx2OHOOJONk9c+JB7X17DXkJ4M+kIO5fd5zTh9GP+gjS0sWm8GZvGmw++wCsTpTguMyc8Qf6ie/ALGE24Nxys+oT6rnQnee/zC6CcyU+H2tiScx93Zq9B76Ry69dS4OQAZQD1h14gXPsgL1Y4HY99yUwtgDKI4ReMaNthydTuGDIR0x5gLLUkFm0G7mPm+BCiQsOhbjPqk029tgd5YuB233nMc8yynXybd5wzm45zJq+Ossd6rmpoOv1nFqcs4oByKTkpOzmRV0f10jigidOWZpfpjx4q4Cyg/Z8jnHllJ9ue/C0Pj+tsRy9GTPkt3+bVSWk2HefbTZuJcLUvpx/8HHF1AJYt3MaBVz5m1y9mMUSmYHJwJGNuncN7zuXk1fFCZD/jmfUYf7sCYOPIqWODlumnP71D+tC+i4KKMwCcOLTHY5DbpuOFvNICYye8yrebPmZnygbWLIh06tae+0oT0rbAsydLnOLitHGwsgRQcatCDpznxewneB9/EibOhpZdzH/DRZB0D2hmaYRzRSAQCAQCwYAQDhbBoOlalQJACNE/HsUdP7mr+4Euhwn0cZqMnk5EwERmTejenBI/fU7XipRB5X3lAMtWB7PYTVDHfhn7AKmj4eTJZ5i/5W0MpgNs3vJLEuuaYPQvmRzQfxYDwdV7464YkShYct8K4DCznlvG63ve5rmNMZIMjiny0JtsnLTuYtnGV9hz8jiffFpESV0TEMlPR4CfUlJI8Z4X2FZRy395A+2VvP/pAU6YDrD5jftYfPICcIUrV91JaWPzxpn8qPN0laGR/HqCP9S9yOJtkm5ez0liMxA/czGP3hsHHCZao+b940f4pEzDzHd2ASE8PGVi3/zwI1AFtBTwm7d38knFTlate4z3Abx76ujK/SbmEgAAIABJREFUJfCPXMufJo4Ey2ZWFn/KgWOHIXgOEV1PXe/8+mFoJL8KhrOnnuHuN3ToTUf4487HiS7dxfsWUA0FGMW8iE5bvYuYcXIYH02C48rMyZ3OAj+4XMv7FU/w+M4/YzAd4Y+f7OMkMHH8WI4PVjZsbN6+xhHzRUlD9ZukbEmT/nsjjSITxMz/NWsW/ZqnFv2apxY8xprZUi+bO3sVj/9sOnJCSLhnNrTv4sEcHXrTAV7MepTtwFOxSxiBgodm3QdU89j6NPacPMKePRopiC3h/GLqOIKmPMhEQPv242z49ACGyp0sy5SOhFbfE8PZE/uAcOY5H888MoZlvtLHsRNmMgG4I7x7BPj59O4TiTz3Iy9H/B1Pdi85z84efZXniv9MfT8LOvyVvnzZUov6Dwls/usBjCc/pLDiMwBuUbg+El158xgA/nrkE4ynT7Jnj4bIt3cBYPybyW1ZvUXpK1rPuDvy8b9E6/BjvvL23dydtYjJb2xg+6kSNIdr8b0Gp400Bs3k7pQ7WFXX1Oduq4sUztdGhMcR7/isefseJq2dSXjRrj5pGk7qGLdyCq+fbMBfFcJY4GxDJXtMJzFW7uTxlJ9Lsbq8od1jX/mJ0xbH/Sxcp2HPySNs2/JLEutg4sSnuDcAPnl7FRorzIvexLb/2UZ+sD9nTz7Dqk9r+8gmEAgEAoFA8F0RDhbB4AmIJn6046etai53DIURP7mbeY7bCTN7buFxdpokTIkGYOad8x1XQnh4htOKlEHm/U07NFztXnXQe4uDl0wOvTaydKPgqWc+RjshhL2fv0i09jFWfV7NzAkpmJ5Jdpww4Sq9q/x6XnOWw9VWI38ZMNQPPyAwWsO5xDRmchj1hy/yyuWfMM8bOidVE+a/SMEdd3GybisPvPFz5hXlsNf7Lv6U+iITAPn4KNYq4eS5EhL/pGf+4hRmcoG1RY8Rrn2MVV+OQhN9H3CBclOtSz1BO7aWC9BywRHvVc6jKe/z5sQQ3j8q6UZ9qpb46Ff5/YKJTLhHS8WDv2CstYTFufHMe6+As76z+VPqLh4a6Tq/Rx7dTLw3FFakM+/tdPYo7yPeF/C9GT8nHXZuL1j66zdI8Ib3P0nndQskREb30Pf1zc+VTpyvKXj82U95c2I4B0/mMEsbzwr9fsaqfsFna9d2nUYSFfkAYwFGz3LECpnIvImSAyx+RmRXXklJW3lK6c92/TNEa+NZUfExMyek8OEDPmxzIZszXr5Kethb+2mM5zq/HEZTUYD2813Sfyd3UeVia0h714607nsRi7S8F30XJ0/lMEv7GJpzTcTHbOZ3jkDOE+Zv4KN77+OsZRcPvBHPAx8WcFZ5Hx89VyDFDwq4j9KkF5jnXcvaoseIzk+nsGUkmqV/Jid6HPsOfQyq+5nSY/I/ioXRklNqwZ1Snf1/ejcPAXj/glinVTx9+5F3Vz/yZgTL+7X7UUTfORuo5ZVPsvibK48BTm0ecB87H3mKie2HWfXOY9z5xhpeOQfqBwu7Atj2JmLub1Cr/Hn/aDp3Zj/IAx8WsCD6CR7yhr2nq+jrtpDqETjMMebd5Oo7DPUf1fmoAwVrXpLGLoCD56o5C4xV/YKKFzUeT8eR6LafEVNW8ac7HKuK2i9wsCWcpxwnk3WX59UVu8X7Ji/X17ynsP2516XtPcBJ6wXmTfgFD/l2ZuVIZ2/mLE3SSU0j70UbPRusu3hA+yB35qdzNPAJ1gaPBKueLy556Cu/nNOzSpcLeOCNeBI/r2bmhDQ+/J8HaTv9B+ZVVIPyCXIdK5QeX7WJh4DNRalOqwYFAoFAIBAIrg8/+vbbb7/9oYUQCH5o2i6d5+JVGKq4mRFD3Tlkbgz6D9QUNM3mzcce7Jr27Nkykwc+h482HJROxgC40oD5agfc5EdgQN8JXtMVG8gUUnwUbJgbmgEvAkd8t61O3boZxYheJ5PQbsP8jRWGKF3K5IqGhvNcwYugAcvVhvnCP/C7eZyjbjc2v35TXzrPxat2ZIOoszuaLp2n+Z/gPaTT7r6bbNeDzvoNVYzr294AVxqot7WAzNeNzqU62JGhHDmqa5VB06XzNHMzgQE3sn8NwO7bbTTZvfAfcD9vo6FBOq7Yb8Qo94GhnWhoOC89rxh1w9ux6dJ5rNfBHtsunafxnwOvo4ecMDf8A24a"
20:58:39.350 [Forwarding screenshot on session f38f5520-bd02-11e6-b34a-8d0186b048d8 to remote] DEBUG org.apache.http.wire - http-outgoing-0 << "uDxtVxq4aOvwOP727SsADWxYO521PMXXr/wWGs7DkO9/DBcIBAKBQCDoRDhYBIIfGP22mcw6eoGH7kjjybvG89WxnSQe3Q+qFL5+KXnwJ8kIBALBfwQNvLh2Opr2J/g6Z60YKwUCgUAgEPzgiGOaBYIfmJiluWgak9B8voH3HSedThy9gj+sEs4VgUAg8ES/p70JBAKBQCAQfI+IFSwCwb8IbVcaaLza0WsJvEAgEAgEAoFAIBAI/h0QDhaBQCAQCAQCgUAgEAgEgu+IOEVIIBAIBAKBQCAQCAQCgeA7IhwsAoFAIBAIBAKBQCAQCATfEeFgEQgEAoFAIBAIBAKBQCD4jvyXRqPR/NBCCP5daaZMl83HluFMm3DLDcjfSlHma9QOn8pPbvHuumqpKuMPW9/mL+VHuWD3ZsLtowZ0HFa7tYY/F2yn6N3dHDLWwS3BjLt5SNf9mn1FbP/fIsoOfU6Lz2gmjFIMSJ4uzHo2vPoRAZHTcHX7elD1no43i49y86Rp3DrE3VPNlOVpebu0BtXUO7mlo4a87DcoN9mZfOfteDfXsj07m23vlvCXT0yMnRE1CHnbqSjaRE7uO3z0l0+o+69gpt1+8/WpHECzJGvpiRamTptAT7Ga2Z2TTY1iEj+5xW3l/2VoNtfw96v+3DL0JsBKWd5rvL4ln79U27krZiKua+Bcx3/ewPp61mVtWR6vf3iRyKjebdBNe/0+Xsn5C8NvoL0PnH9926jdreP1PRaPOv3hGKh99qLdQm1dCzffPPSaSx6IrQ2G78su2+v38VrOJ9wy405u/hc5j/F663JAtNez/RUd9cP/dfueQCAQCATfJ2IFi+A7YOfMkWqOfNl0A/JuZ58uk+Lqai40tXZdtVZuJzkrH0P1FXy9LJTkZ/NUzr7+s2uuJG2lhuLyGrxUAViM5eieX0lRTTMA9WWZaHKL+bLDC84YKMhWs6PK2q883VjI26DDaDpOo/271dwt7VXsLNRjqtaz85MaDw/aOXPUiKn6qCSLvZGD1SaM5TW0ApU7N1FaXYfFYsFirqNpEPI2V72DttiA2WLBYjHTIff/jpXqLXoTJ6pNVB8/S18t2/nSUE3NDVPwdaS5krVqDbtNlwGwVr5Lfnk1jAwheNRwfN0mtHPWUE2t1HA3sL7O5fSlsaYck+EsnkpuufgF1aYjN87eB4Xn+vwr0Hj2OCaDK7v+4Rm4fTrTzI6nk3n+PdN3Krvxy6PXVS/fl122XPwCo+kgF1tubDmD4XrrckC0XGR/dTVnBvOHRCAQCASC/8P8i7x3Efzb4gVeXtc5z/Z6dmRlUWKyASDrutHMX3aWAuFodmQQ5g21uzN5vuAtdtfPZGGQ+3d21hNHMANL1uezNMQbmqt4NiGLvftPsDTsNoryqyF4CZs3LsWbWjY8+jwlxYd4ePJCvN3K003VjhzKLQBDXN6/HpgP7qPO8bnuozLMS8MIdPOsbAhgc8jiO55frYinVTGBYcA/ZJKEUUlaUua4y8ENHY4f0Yq55G1biXLQtXBHO+144+0rk2QeInOhRyWrdmwHb7/rVuoNwwuuAkN9fACQeQEoeCIzg8n9pZWDlwxueH3l3fK1t4O3U/eJXrWDiBRvz2/BZTLAHx/HbLwdftiVGc71+aFlccahXF+fISB3Zdc/PIOyTyc6roJiqM93K1vG9dVLD7u8cZbg6+sDeP1LtadMBih88IG+nfoG0A54+/riD1zvnwECgUAgEPy7IhwsguuElR3qZ+hY9ioJkdK0u2pHBq+dmMDvNy7n3I4M3jIHMf7SfvR1bYCCuUnprJwT1Denw0WUmDqImhuFodzg9BbdTosNFDFzCHP8bgyZ8TPkBdV8efEyBKncStd41YfQ8DhmhDgS+gUzQQEXAJov8iUQdf8sx0/xEBbOD8RY8jlnWchwt/JItNe+R1ZJHapABRbztWmvf5r57CMDKOaSusxOdq6ePZVWVkYOwMXR8Q2Vn36KRQXDzr3HplJJyONvrSXj4moyl4eyb/vrvFVaTRsgV0WQ+PQqYoJ6Tuyba4pYk10ufbEd5JnkSyQ+FsKuTe9jD3mAlzKWosRKUcY6ProQwOpXM4mUVZK5ZhMdUx5gwpUDlBgtgIKYFSkkLwwDmtmXl01uuQmQExoxjka3FbHy7rp1dCx5iYRIJbX78tiYW47k9lIxN/FJVs4P66u5ej1bNxVgMEtPygMjSFytJqaPQ06S/ZhvIC1GIxZAETqXlNSVhPlBu6WSrbpc9A5HW2DEElarlxLkDVU7Mtl6SobvBSN1Nm9uv7kdG6DPTsB8ZwSn/58RgKyHHyU29ffMtn/Cpi3FmNtw6GM1yQt7T2171re+oqj/NO1VZCa+RsCvXiJ5ThBYK8n4zSZ8H0ojbXEYNFeR8dRrBK3WIPMC04GtqLMNmB3t/mSamuhAb2o+yGbDsSB+v3E5SmsVedqtlJssAARHxZOSstgxsbTwoTaDbKO0iiEwagUZKQtdON6ae9gYqgiSHTbmvn1a2PHsOupHh2LV67tlzEgj2kVXl3nBiY/fJDlbajtVaCyrUxMI8QNpa5sWbbHUDijCSUpfw5yg3s4rKzsy1nEqIJgrBkkvqvA4lv0MtulKsAGK0FjS0xMI8vZsW+3mCrQbtmC0tIEimFCFBbwmdTbUwOXxOK5msrU+gECrHqMZkAcT/9sUFk/uqyB39utfvZ2Vjn7daZ8JPcYVK7tzNlJgkNy7clUEiWlqhh/KplQych49F8fvNy6nyZONurEjCceoataT8YKOCyOX8GrmUhoH2Mf7YqE4S022yQzIiYh7EvXyaLw96CHI29qPvVnYnZPj0IOcQFUb0Kln1zqKCezPweG+X9SUbWdLfikWx5Od+lKBh7FvCNgOkf3sIUx1NqS/s8+yck6Ii7LN7NblUaB3rECSq5i7XMqnueY91m44QGDYUIyOvh0ctYJnHX3buXyFSo4NmOSiBIFAIBAI/hMRW4QE143LjTYu27vdDx0tF2i7cNnx+RJmYynHA+aTmp5MTKCN8txcqtr75qOc+mt02/9Iyq/upuc0wQ4dYLtytftS0ze00f/bs5A5CWRmLO9a8WGp2EmpDcaN9IemZjqAUbd1v4kdMyEUOMNFqyd5AOrRPl8IoStIS5yBtG7hBmCuoMwMwfNmEzlnNsFA+Yef4UJ9LmjBbLZg/rKBf9LRdbUNoAMq89aRW1pNm1xFeGggbRYjutQsKpt7ZfNP5y9t2JpaaLvUgLmtDcuZy12Op8uXLLTZLjmWqdux2Now6YspqZERHCgHbOgLtlDRDFU7srqcK8Hh4zhjNElyueHyBYtkY80VbMwtZ3hsEtna9cRHXKU8X4Pe2jtFDVmpOgz2MNSa9WjU8Qw3G9Ft+oDe1QNouWShzmhkUmI661PjUZjK0WQV0Uw92uRs9CYF8WoN6Ulx2IzFpKbtoBnoaLFgMRlpGRfD3Kh7mPNQLAChsYk8uughkuLCAZi7IpEZlJKqLaZxXCyp6zWsmDsSfUEWmbtr3da3vbZoYGm8gwka3oZ+73HaAcuJA5ja2jAeOE4zYD1xAFObF+PHBCAbAmaDgdHxyaQnL8HfYkSbt4d2oPXyGUffNaN7Jotyk4x4tYbUxLnUGQp5Lq+yq0iTERJT00mKC8dsKGBnZZ9GkNq5tJqQuGTWa5IIbzKiS30Tcz/t09FioVqvZ3x8MqnJcZKMut0u7V42BCzVRkJXpKJRLwFTKc9nFdEM1BStQ1tsJGJJMuvXpxKjqCY3dR0uRKXjkgWTwUBooprk+Ags1SVodWVMS1STFBeBzVTK+0ZLP7Zl5k21FuPVEJLSNSTN8MJkhs7AJoORx/O4asFSrcesimd9djqxIy9QmJWJ3tI7F/f2Kwud18M+Z4/vuUGotmgjBYZG4lPXk61JYpzFiG7tWyimzEQFyENjeXLZNG7yaKP92JGXD3ZLBWq1DlNHBCmpS1EOuI+7pu7MUEn3sSEYS7Roy8we9dCfvel1mRQY6ohZkYpG/QA2Jx2701F/orrrF6eq8tDklyKbuwJN9nqSl0RRZyjknQpLP2OfDLBxYehsUtPVzA3uoDx3ExUuBNm3QU2B/gxx"
20:58:39.350 [Forwarding screenshot on session f38f5520-bd02-11e6-b34a-8d0186b048d8 to remote] DEBUG org.apache.http.wire - http-outgoing-0 << "SemsX59KbMhVyvOlcdne2oClzYzR0bcTY0OpMxTwbqWV5podPJ9bzpCIJWg0qUxxjNhig5BAIBAIBBJiBYvgBuO8gDqKF9MkJ0for0zos45yuYW+K7j9lJIjo9ney12hYupMFeXluWTktRIbaqdEV9inlP4w6/NQ68ohOA714jCaa47Thorg27rfHnf+WJR5lAf0ut9hJJT1mQsJrNkupRlYAINBUbX3Y9qQc8+MsQDMi1KQa9jDQcti5rhfuNOFtO0GJi/PJL1DTVapmbmrN7My8iKZD0srWmKfTCMhWkbRs7+luK6OIyesREZ3v8n2m7yU19NbSMgqBdVctutWYq/M61mG2/+Hkp6fyWRvMzmPqzHYwG63cni/9MY3KukVUuYEYq3QsVKr799P5WigxvN/56tvgpn16xeZ2Ahjey+daB9OXGIisrBoIkeApcFORCiYzzTQCvReL2C/Coq5qaycPxmYTFrSGZJz93LIYMcIxGleYnGYHxDGy3xNcu5+jlmXS0vyiSAtI1ly4rVX8kF+KapJ0YRN8GNM2y3klqiYOisG285kIIKXMhMIAghJp7VuOcW79mNd+LDL6lbvP+AhTYjTihE/ZtwTTknBEf7OYhoNjlg95hN8BTT+VQ+qOKaqwHQV5FHJpCyOAeCxE3vJPnKBy115ycByiiM2mJuaweJIJRCGBl9O4tXlqovPzmR+EBCpoKIklXN1F6HHCggLB8rqICKJjOVSWakvwTuH/gk2z+1jd8iY7JAR036yD57lMvRxdtqvgiImleSFkUAkaVfrUefu5Zj1Xkx76yAwlqX3TkLWCot+tQR9VjFHTD1tHKcyV86PBm7DUGjky5gnHd/HUFli7Ne2Gqr2YgDiUlKZE+YNk9Npql9O4QUAKwcHIY9reo6rGWnSyoaQ9Cc5lKDFaLIQo+rWUHPNIff2a1/OtEnd9tl7Ec1VewfQwZlT9UyYcQfJ2etpkg1ndKCMqYp8DqkmET05hMq8Tbi10Wm3u7Uj+xkF2Er5bXIpbfIotH9MkfqQwynQbx93Q/xLmcwJAibfzsUTyynZvZdzgV4e+vH9HuzNwokjFuQx6i77evnqeZJzazzqyLOo7vuFTBlIYmIod8yPYZjVik/wKOQ4XiR4GPuqsQNRvJyxHBUQzgnKs466KLud0T9LImlOMHMiR2K1NBAaMo7SagtOvjxWOPXtg6WptNjtnNi/H8nmlqICwl5JxZSQPbBGEQgEAoHgPwDhYBEMmoHvanc+UeAqyH3pXCNid8zOBrt/PXLl70j2zSa/pABtuYKImAjQGwf89qxiRwbaEhPy8CX8PmOp9AN4+G3IsXDqq2YiwwYe76K5pgid3gKBoZwq283+o4eADva9UwSz7yeyz3L/a6We0v2SEyRfvZx8pzsf7aliTsJgoiZ0h1Gx21vBerFrCXqpVk2ptvu506Zz0Hvy2Zn4KrTi1H79HR6hCmS0N4APw4YANimtFCtGRcREaW2RctJUAtFj7i8/ZTSrVxxjU0E5umppe4MqPJbVazq3hDjwVuHf8SU56nx6TAFUbmI+dEDYpDFdX30UkrfsR20tgJzRTk64zntSPldBHtBl33Q4nHF2yY0j2ftV7Pa+DijwJnSCyrFfzTMDSRM0LRp5QS7HKysxG21ExcdzrrCQIxUVfG2E0BUzJMdSB4SEdddVyrynXi6d/oI2VEwN7baDsPnLCQOslYcBBbd2xTn2Z5QC9jf0DnotQ+YFiqHdjeodNIcEx+7AJk/t01vGzvxc6MbeAWFTx3d99x8eID3dcg6zDbCVkrqytEeac6bTfWycDhg37rauOgXI4cc/6ZTBhwA5tIBH2/q2oxVQEHxb50jpzfggFZwBmgcpTx96jauqYd368BtDmBxqTpyGmG4Hi73Vs/0622dvJi9/miXm31Fcko+hBEBOxJInUS8NdYy7PRO5slFPdtTpo20DaLvExWYI9GPgfdwN/l2d0ZtJk1SU7G+ltdXuUQ9u7c16muNtEDJ2ePdVp2Zwr6NoD38rPfSLdjOV7+STnK/rm8yDXjr/zna2QUtH3+SdOrltOBRtSiW3p/E6tZ+Cm536dqDD7mWyIUBHd6v7hTKps08IBAKBQCAQDhbBYGjmvYwECr0SeTdjPp0/pTt/w8kA5907tktN1z3yXX3FXmzB/80f33Vs9ql/j4f1RmSy/lw17ZTlPE2+wUL4klQylkZ23/JR4A/Um5vA4WAxHTkK8imM9zjXkRGoUGG3H+eDXcfp6JB2xBtLP+KWSfcS2Se8TDtWawsyX1/8vKHZ2gIyX/z8vHvd6/mT3Fq5F2MbRKxIZekEf1rt4OPTxJ7fZaMv/ZDahMm42mE/IJRjCJSDpQ1i1dk8HOqDqfIzTl0expRZoR6TygCZl2O5ztXOn9tNXB7EoVL2qwAWjCelN+7NphOYod8VLO3WWhp9pvLyu8nIzLUc/6yI3JJSPjq2gBSniWVz1XY0BXqC5yby4qJIAlVK9DmPonN3CJMX1NU10hnko7VVmjb8024H2vimsR2UUvvYHffseHAUyvoGALXb+1buH+ctQKhbR+Gg0qimMFsFJbm5gIrUe2dRd6CQYq0WUJE0LQiwYgd8/TyfAuU7fASg59RX7UQ6Ah/VvJfDny6E8cR0F3Lipst3QEdHt6Tt9WVk5X7Jg3E+ZHton4HI2IkMOHeuERzrBlovO9rH91ZUcjCFJfFu2hyHAGb27a1h+JS+Nm4HAm4d3uO71xBZj+/g2ba8vHwAG+ec7KXxa8d46Dc4efodV5vs3fbXfJG6NgibNJ4e9GO/nrDWfsWtc57m3bQR1NcYObR7JyXF2zh876vS4O8Yez3ZqJcHO5ors4M8huzXprMpOZvsrCK2b1yK1wD7uGsUdDdZO6YTFvCfyk32Vo96cGtvSofj6mz34CZzWqroXkfRxHj6G+KmX9wReJxiIyxRa7h3UhhKKnk8IRtkMo9j3939aKUbM1ufz6VaFUVq9iOEBqmgMo+EbFerXejSD3S2s3Nw3zpMbTDeZSqBQCAQCP7zEDFYBIPAj1tVCqjeRVFFDRXvbaXcBiNHOH6QeoFx5ztUmS1UlenINbbBEHoEqf2u+7QvHttFgXYDZTUWrPUVZK4rBMVcFkUqob2eopwNbN/XN5aFuUxLvsECqih+NrqVffv2sa+sDH2VBfzCuScYqvPfYF+9FXPlDrbobahmT3cRc8VJG2GL0W7TodNtY9u2bWz+7VxAgXr7H3sFiZSo3J7GypUrWfPmYbAaWbtyJQlrtmLpfa8H7Rz6uBwIZfHCSIJCQggLCyEoKJJFCyOAavb2DbgwCIKImqIAoHTnDkr+8g6b8ospKc7neKPb15+A1K5+wcGSjmx6MjfkkKlOxeAqiIpLh4mSqTMkR5kh9zlydDms7Qyi298KlotHyc3VkrNdj91/LMGjb5Guu/F0BIwMZMQwGVVlOnSGNrf5y4aApaSA3VVmLLX7yNEZIHA2UTGzCQUKN2qpNFux1JSxUWcAeRhjuprayb4dSwHOHfuMWnN3AAQ7EDp9GmDkd7oyzFYrVbtzyK+GwPmuYvxIDC6Nkpn3hILNBqpJhPopmRgRLN0KvItpPRL07pH2Hp9/FDKNCKAk500qzVbMVbvZUmjgTIecoW5k7Ws1SiZNV9FmyGdHRS1WSw3v5OZjqrvUtZ3Oc/v0ldHVOCLzh7riTeyusWCp3YfO0XaTlComTVeA8S3y9tVgtZrZvXUDuQX5GN06Awc+UrmS3XfyTMKB4i1bqTJbqdVvl8ZDwM4g5fE4riqgrZzXiyqwWGopej0XCwrCxg/rkYUyYiD267rWp/duQ5e9lqLKCwwfM57bAmTAEGQyJbeHybGdOEBFrcWjjY72YEc+XAVk+KsieToxAuqKef29Wo99vN2sR5eZQ1mtq0hKADa0mduptVio2r2VYjOEz5/N+AHpwZW9jSAsTI5Nn0tRRS2W+grezC2n01Dd6whq921nQ16Zi5hP7vvFf/0IYDi3jhmDr72eotdzsYG0/a7fsW8gf2dbpRUnAaMYM3IYrbX7yM6W6tNf2tDpMwADuu37MFvMlOl2csNiuwsEAoFA8G+I"
20:58:39.350 [Forwarding screenshot on session f38f5520-bd02-11e6-b34a-8d0186b048d8 to remote] DEBUG org.apache.http.wire - http-outgoing-0 << "WMEiGBTRy5LYdzybYq0GAHlwLP+zVDrVYcGKWA7qSslSGwAFgQowyzq3BQ0Bf59e89/+ZtEyhkCP1SnRj6Vx2KQhX5MsbZVRhKN+eaU0yexo5LDBSCNRJPQ6NeH0l46fgBYDOq2h67o8KpmYyTEsfjad2nVZ5KaulK6HxpGWEElP+srjjLTMfoj7uZnj+vBbhoGspedxxM73nGmu5tNqUMXE9lmlEjgrltB8I/ryQyTHLO55U9b1j1s678akvMi5zA2UVFdT0rm8Pf63LPewXUo+cpjUrn4RPDw3GF15HWajgUZVIArM2HqX7bQCwFm2yIQ0lpzPpLjagkFvQBWoArN7h5EMaQLvHfYwybGn0JXqSC6VltGrIuJ5pNfxMn6TFxAXeoiSAg3LCwACiYgIxGg0cboZlL2qaL8KisAOCrLUFEiZkpqxHKU3pK5PJCszn2y1ZCOoIlBnpBAENPa2b+V4ZgTLKS0vILNFwe/vBhiCjwyUkStJj28hqzAftV7a8BUYtYKM5ZMBa1cdnevrOU1fQqbNRFFoQjF1Kn7A7VOmQkkd4fdM64o741yeNUYcAAAgAElEQVSOxBDw8un+7O+DjCDU2UlkrcslWy31G3nwXDJWxSAzncZVH/b36Wt30clpnLu0gWLt85RI0hOfvoo7Jts9to9LGfuMI04orlKgSXa0XRTpLy1HCcQkv8w/rmRSnKvB4cIjIj6VBBc23rtMd98929ZK1qxPZN3z+WSp9ZLegLbhUr8ZuDzKfsZViepiLcnFAApi1S8yv/fpNd5hHu3X6tCti6Yj8rEUYk5voDg7lWJHTWISM4j2g/opU8BoQPv8Jda/m+nRRt3ZUdNb74K/VHDg/FXEH32KwsItGPM2uO3jLZUfoK820PGzR5jfa7+QzMtRicZSnk+WtmAFz00idaG0pNC9Hqwe7M2b+WmvcD7jBYq1zzv0AF3jmAcdVX5RilEfg33l/D66ddcvYhWVGPT56NQJ6ABFcDjB8mrqTp7Ce6n7se+rEwP9OxvCg/ERVBcWk7xckjg0KgK5wcgJk4WpvrI+6brHogTSl3xNVnEu6lJArkLupAuBQCAQCP7T+dG333777Q8thODfjXaslssg80HZe4ba3ozlcis+w1T4DSxQyzXRbJXeB/r1Kr8yL5lNLcv4Y0r0NeVrtViwy3xQ9a7XfwDNVou0/ega2q692cplu+ya9dZstdDKMFTKQReM5XIrMp9hKD0ILeUvQ6X0tF7fiu7RlbA6j+RwsLS4qo9k+9fFRrpkV/Vx9FzXNNeF61PvdquVy3YYplL2iE0xsPYZaBkWyRZVffOSyrdf1/HJs+yOsdJNew1YHjfjamXe42QfnUHetgSwWJGplH0CN7uS51rasdlqpdVF29HeTDNe3VsbPdroNZTvqo+315K5PJOw7HwW9zluvRurxQIux4bvogcLrbhO50pHzTXbSdBcRvduitsVaq77RaftuBnbBjj29VMZLK3X2B8c5Q9TqQYYk00gEAgEgv8MhINF8H+H9lo2pBXxs4yM/uNECgR9sKJ7eCVXknWk9RvjQSD44anQPYpWP8Xj5P3/Is01RWTtlpGetrgfh9IPT9X2TA6MWkry/GuOlCUQCAQCgeDfCOFgEQgEAgCa0e94l39Oe5g5AzmmRCD4ganXF7H/m2AeWRwpVhEIBAKBQCAQ/AsgHCwCgUAgEAgEAoFAIBAIBN8RcYqQQCAQCAQCgUAgEAgEAsF3RDhYBAKBQCAQCAQCgUAgEAi+I8LBIrhutNeXkZmho0Y64Idmcw01lvbvXY76ygrqm6G9fl8Peb4/mtmdk8l7NdYBPd0p7/ctR21ZHhk5u/FU9Pejw245v2t5156+H13t1vWrK5fp9uWRkbmd2kF0A7N+B5kZGeTtrgGaKcvbQEZmXledLFW7yVSrSU5O5tlrkEnw/fHDjUECgUAgEAgEgh8C4WARXDdaLn5JtekIjXaguZK1ag27TZe/VxmaK/NIzd7CV3ZoafyCapNekud7xc6XhmpqBlCws7w3Qo6zhmpq3cjRWFOOyXAWT0W3XPyiu01vGN1yftc2u3Z5+9HV2eOYDGdpHWSujV8cxVR9iIstA0/z1YnDVJtMHD3bBLTy5UEjpuqDjjpZ+WBTAdVmMxaLhbpL4DVImQTfHz/cGCQQCAQCgUAg+CG46YcWQPB/CJkM8EIG4AVXgaE+Pt+vDF7SPz4yUEYms2P7E3h/7wfCKFm1YzsDKthJ3huCvLsN2tvB2+mokehVO4hI8fZ8+ohMBvjj4yt9bYcbc1qJHLyuR5t9F3kdMvTAoTRfnyEglzHYZpLJhgABDPcdTBqplCEADGN2YiIjbTcx3hfgInU2ABXJOh3iNOl/bX64MUggEAgEAoFA8EMgHCyCQVNTtp0t+aVYHN+Do+JJSVnsNPm0siMtGxugz07AEpdO5vJQKoq0aIuN0iOKcJLS1zAnyI+qHZlsPSXD94KROpuchSvu5+iuowSGDcVoNDnKWMGzKQtRAs31erZuKsBgtgEgD4wgcbWaqbZ3eSqrHIDshGdJSpnKzs0nSfq9mlMbf4Mx+Em0K6Ol8psryXhqE0GrXyMhcphb2drNFWg3bMFoaetRV8/zWivvrltHx5KXSIiEHc+uo350KFa9HjMgV0XwZEYak/6xo4e86ryN3GYqYtOWYsxtAApiVqwmeeHkntm3V5GZ+BoBv3qJ5DlBYK0k4zeb8H0ojbTFYdBcRcZTrxG0WoPMC0wHtqLONnSXnaYmOtCbmg+y2XAsiN9vXI7SWkWedivlJouLNrXwoTaDbEdbBEatIMPRFs5U7chka30AgVY9RjMgDyb+tyksnixpq76i/7o11xSxZsNJkn6fSaQSzBVFvLGlmDpHmrmJKcxu2c3ze0DzehphjomrXqcm33IX6x/0LG+7pZKtulz0Jsl2AiOWsFq9lKBeXpge7a4IJlRhAa9JnXcHbMv3L5kA+HCbN9doSy2cMnzKp5YAxkfdyo6nNNQ52kT328c5t/pVlo8/h27jJvSS58Vjvu76rgppO9PG3HKkXFTMTXySlfPDPMhtZYf6GTqWvUpCpNJhAxm8dmICv994P59krOMwvjSa6mgLjCNPO4tDujwK9FK7IFcxd7lURnPNe6zdcMBtn8eNfao8tEVvPNln73ZbotnMvf/8jI2vFThsT07MijSSF4YBVnZkrONUQDBXDFK/UoXHsexnsE1Xgg1QhMaSnp7A8L9323PoRcfnzZlE+gHtNWQm5jBq9avSODHAPIO8rezO2UiBoc6hxggS09TEBPZ1JbpvbytFfdrnYUwD1KVAIBAIBAKBwDVii5BgUDRX5aHJL0U2dwWa7PUkL4mizlDIOxUWp6eUzFgUC0BobCK/nBVMTdE6tMVGIpYks359KjGKanJT11FphY4WCxaTkZZxMcyNms2PFTYsbWaMRkhMTScxNpQ6QwHvVlqBGrJSdRjsYag169Go4xluNqLb9AFMvp/EuFAAolYsYdxNDdjaLtCKkgnB/pjLS6hxxMKo/+xjTG1ejB+j8iCblXde0GKUzSQ9W0t6Ygx1hkI2FNX0q6fLFyxctkv7AjpaLFTr9YyPTyY1OQ5/ixGtbjdeveQNbiwiVVtM47hYUtdrWDF3JPqCLDJ31/bM3DuYoOFt6Pcepx2wnDiAqa0N44HjNAPWEwccdQtANgTMBgOj45NJT14ilZ23h3ag9fIZ2i5cBszonsmi3CQjXq0hNXEudYZCnsur7CrS5GiLpLhwzIYCdlb2jVXS0WLBUq3HrIpnfXY6sSMvUJiVid4C7bUDq5u9tbPNAPNu1mqLuTByLqnrNcRHDaE8X8Nx5QSwGdl91Owwyko+0JsZOWUKQz3KW482ORu9SUG8WkN6Uhw2YzGpaTt6xTEx86Zai/FqCEnpGpJmeGEy07mkZFC2PO1nT5Ct/RVKrt2WGsx1WMxmLl/9J/YOpxtt0MFX5PwmC32dDUVgKKEqOXWGQpIzd9M77IvHvttcwcbccobHJpGtXU98xFXK8zXo++kDlxttXXYu2cAFh01BywULZlMdU2LnEjNpNEc3qCnQnyEuKZ3161OJDblK"
20:58:39.351 [Forwarding screenshot on session f38f5520-bd02-11e6-b34a-8d0186b048d8 to remote] DEBUG org.apache.http.wire - http-outgoing-0 << "ef4WKpqldnff593bp6e2GIx99m63kG8/4zdZBTSOiyV9/XqSYkPQF2jI0Us213HJgslgIDRRTXJ8BJbqErS6MqYlqkmKi8BmKuV9o6WHPXd97lRXSxNn2my0do4TA8yztmgjBYZG4lPXk61JYpzFiG7tW/Sucn9jde/2OTsIXQoEAoFAIBAIXCNWsAgGhdetM0lMDOWO+TEMs1rxCR6FnL5xIILumoRKV4pqUjRhgXby9tZBYCxL752ErBUW/WoJ+qxijpisTAcggrSMZAIBa2UeACuyM5kfBEQqOFiaSovdDu3DiUtMRBYWTeQIsDTYiQgF85kGWlEydVIglFzi7lmRBJiOASADIhcsRF6eT9lhC2ExMvZ+UA2hK4hRWT3IdklawdFoxlR3kRmRy8gOmods+G2D0pn9KsijkkleHCNdMO0n++BZLrOwh7zndr4NRPBSZgJBACHptNYtp3jXfqwLQ5xWjPgx455wSgqO8HcW02hwTNLNJ/gKaPyrHlRxTFWByVF2iqPsx07sJfvIBboj48jAcoojNpibmsHiSCUQhgZfTuJF53w+3qktKkpSOVd3ESJ7r2EBiCIjTVoREZL+JIcStBhNFnxMBzzU7WGn9LKufyv3ltFGKJqNKwkDIlOexp53iODb7yIucCclH31G+5zlNFR8jBkV6lkhcHq/W3mbfY5jBOI0L7E4zA8I42W+Jjl3P8es93dJ0Fy1FwMQl5LKnDBvmJxOU/1yCi8AWDk4CFvuxirFurkGW+pcGSbznUxGfirJy7OxoEK9XUeoKY+VbQDhrM7IILRVT5pah7n6U4zWhUQ7NZHHvuuY9Dee/ztffRPMrF+/yMRGGKsEk1u53QUWkSS247C9hBigndqKf5I0J5g5kSOxWhoIDRlHabUFJ/+M6z7v1j7b0e9y3xaR0QO3z7t7tVtlXjJtKFj+6AJu9bEzetFiog5VY/jgM5pj7u/q0yvnRwO3YSg08mXMk47vY6gsMfbQRd9/nT9IDDTPq/YOoIMzp+qZMOMOkrPX0yQb3mdFWX9jdc/2sZL3uG6QuhQIBAKBQCAQ9EY4WASDwnuYP5eP55Ocr/P8YIedqwD2Vmj+B2YbYCsldWVpj8fOmU4znasgD6BntBYFN/t3fvYnUA4tAN4q/Du+JEedT7bz4yopPob0hv9qj0kbAIHRzA/Mp+QvR2ke70W5DeYmzYDmcx5ks5L+bBLmTbkU55ooBlAEsyLlWQIHM9/ogJCwMb0u9pW3ayLd9Yw3oRNUcKFvlkHTopEX5HK8shKz0UZUfDznCgs5UlHB10YIXTEDP1dly7rL7uTS6S9oQ8XU0O5Khc1fThhgrTwMKLjVqS1GKWB/Q5OLil4F1bDuvP3GECaHmhOnuVs28Lp1Yb8Kikl0uyCCWLoyCIDbHoiiJLeMw5Z7Obe7GsJXEK0E62ncymtvbQHkjL6te8uDj8K3l1xg72gFFATf1rnlwpvxQSo4Qz/24s6WAZQsux621GLvkrWnjVeTtdLZUWXr4/7w2HeV0axecYxNBeXoqqVta6rwWFavSRik3EO6P/awPW9uGw5Fm1LJ7dlxnXTvus9b3dlncxUZ+bhtC/o4BTzZZ+92kwEW8p9P7lW9Fml1VQeMG9dpmf4EyOHHP+msqw8BneNVPwxx/jLAPCcvf5ol5t9RXJKPoQRATsSSJ1Evje4Rb6jfsdq5ffqx6766FAgEAoFAIBC4QjhYBIOi8q0XKDbCErWGeyeFoaSSxxOyHcFFXSDzAb9bUcnBFJbEu2lzpOvtZvbtrWH4lFA69vRfbudksblqO5oCPcFzE3lxUSSBKiX6nEfR9d5p0UccP+5dFEWJ7gNezwOIYEGkErB7kE1F3Wkbv8zYQZhPA1XHjrIzv5CCnA+YsS2hzxtjT7L7+vl7fkgGdvvVPpf/cd4ChPZdK6CawmwVlOTmAipS751F3YFCirVaQEXStCA6V030V7bv8BGAnlNftRMZJk3Rat7L4U8Xwnhiuuv6uD25pqnbAUDzReraIGzSeOwnBlG3znLsgO0STeDQtZX3ct6kYfJSVs6cT3CugQ/+939ptEDsEzPc1q9LXrsdaOObxnZQSvWUnC4912LIvHwAG+ecnmv8uknK5Jpt2UrdRb6zLTnbdU8TDyddt4bR9jo++ewEshHBhPYKrOup77Zba2n0mcrL7yYjM9dy/LMicktK+ejYDObgTu5FyIArTk1ru9TUZRw9bc/M1udzqVZFkZr9CKFBKqjMIyH7qNuqdraJe/sMRCkH3LSFS9zYJ6ZeZdttQCiadzMJc1yrrdhHvf1WhjlkC7h1eA9ZvYbIenzvWyHH1c7HvGQ494qB5mmt/Ypb5zzNu2kjqK8xcmj3TkqKt3H43mhinAypv7G6R/v0Y9cCgUAgEAgEgoEhYrAIBocdYDi3jhmDr72eotdzsYG0ZaTHc9J04Nyxz6g1y5g0XQHGt8jbV4PVamb31g3kFuRjbOrOeDAnmQaMDGTEMBlVZTp0hrbuV8HSrBzT0Ro6eqVRxTxAODaqTTaClyx0bOFQeZDNxoe6XDSZW6lq9SE4dDwBAMOH4QvU7tvOhryyXvE7PCqux3d7L3mDp08DjPxOV4bZaqVqdw751RA4/24XAUuVzLwnFGw2UE0i1E/JxIhg6VbgXUzrkaBv2c6ffxQyjQigJOdNKs1WzFW72VJo4EyHvCumSW9661ZCAW3lvF5UgcVSS9HruVhQEDZ+GKGDqpvEpLtnA0Y26cowWy1UFL1JoaFa2p7iHUZcjAqz0UibPIp5kz27KDoAZcRsQoHCjVoqzVYsNWVs1BlAHsYYp+R+k2cSDhRv2UqV2Uqtfju5xjaHtjzZS7dO+9pyk0dbGgx2p/8rI2cTDkA1b/3vTj7Y8RbFJSUU5u+jqXfMU0999+JRcnO15GzXY/cfS/DoW6Q0smbPcnuBcec7VJktVJXpJD0Ncbawzk+t0oqOgFGMGTmM1tp9ZGeXA0P67ffebu1TxdR+28IZ9/bZKWunLKF3zwBM5Ofspt5ipUa/nee1ueQbG51WiQzu7GXJUWSjZOc+zJZ63tPmOgIKO9N/nqf3bkOXvZaiygsMHzOe2wJkwJC+Pu4BjdWd5Q3ErrtpN1egy9xAWW0z0My+vA3kldW6uCcQCAQCgUDwn4VYwSIYFOELfkGwPh+dOgEdoAgOJ1heTd3JUxAs/dAHQDmeGcFySssLyGxR8MeUl/nHlUyKczWUO/KKiE8lIcyPyoNDwN+ne4uMl1M+ndeQJsl+kxcQF3qIkgINywsAAomICMRoNHG6GSLH/IRA9JTmamhaNLtXPiHcFxtIdamd+2eFdV2NSXYn20QsqUvIzC4mK1kv3VCEo/6fBXgDTV+UYtTHYF85v4+eOuXt/Vmiu75KJ3lb1Xmkx7eQVZiPWp8POE7AWd7rFKHO2kybiaLQhGLqVPyA26dMhZI6wu+ZRucmGJdle/l0f/b3QUYQ6uwkstblkq02ACAPnkvGqhhkptN92gLA38O50tXFWpKlvSTEql9kfqA3BK70UDdrl5zObe83eTmaFV+jKchH7VB/eJyaRyZLtYteMJ8t+gJGzp/TFe/Ele10yesdRur6RLIy88lWr5RuqCJQZ6QQ5CQDhLBmfSLrns8ny1GwHGgbPgwfPNlLX1vuJohfe7AlV/gOc7heZF3/ADI6NzXJnGTNysynzliOGUAeTGLGGkJ65eep73ovfZjk2FPoSnUkl+ocqonnkeg7QeZObm8WrIjloK6ULLUBUBCoALPMFx96214ID8ZHUF1YTPLyYgBCoyKQG4ycMFmY6uu+z+PBPkO8Q/8/e/ceF1W1NnD8JwmMIBdRGi94AVIpQlNSEzEy8Zqmx2OZZXaOlzQ1DSvSUqPUQvKFLFIstTTNY5FJmldMSRKVMyIohjfQHMkJHbkIDozK+8cMMCAzDKBZp+f7+VDMvqy99lprb9zPrLW22bowp7r2mUzlenPrPI6wsUWEr1lDaNIaw2n7DGPOVMN8JVWvK3OfTdujfYfBTOh5gBXxMYTEAx4+OJuEWKxNs9sLMwk6E05sRKhhyBYKgibMJaDKKVu8V49qcUv6ltp1"
20:58:39.351 [Forwarding screenshot on session f38f5520-bd02-11e6-b34a-8d0186b048d8 to remote] DEBUG org.apache.http.wire - http-outgoing-0 << "VYW/HiYhTYXDQEOA5nSiikT9o0wa0OGWdUIIIYQQfycNSktLS+92JsRfTTFaTS44uOLmZO7x0MyeWi25ej0OrkpquWslBVoNRdiidLt9cwOYz5vhfPW2DijdKh42CtJXMS4sl+hvZtbwqt3aZqQATW4Rtg5K3P7QN6RWf57WSl4+nohDvVi+chxotNgq3bgllbqcW9k+rsqyETsAaPcvZ1JUIpOjv6RvrSrA2vMsa+fV57Vubbl+ZVxjutiiVFq6Jmq4dsvrp+p6C/k27mNVORRo0RTV9fo3nwdr6sKq9nnLIc2VR90VF2jJLaKGeqpZgVZLkR5clW5mg3R1uVffrnu0EEIIIcTfkfRgEXVgj5uybiEFeze32xKMcHJT1vxwVEvm81b9+WYevEDQhFG3N7gCYO+EUvmHRlbKDlznegXQ60sgPxc9Fh4e63JuVfcpTif81XBUGh34jCWw1lm29jwtb1e3tly/Mq5/ujVsZ7Z+LOxXmzp1cqPuTdt8HqypC6va5y0J3/5r0b5eZVDByc2KAFEd2tvtukcLIYQQQvwdSYBFiDrqPG4u1Q/e+Xtq4TeEQS29cK1503qy5V5lS3w8/Hh+6lAL394LUeGPa59CCCGEEOLvSoYICSGEEEIIIYQQQtSTvEVICCGEEEIIIYQQop4kwCKEEEIIIYQQQghRTxJgEUIIIYQQQgghhKgnCbAIIYQQQgghhBBC1JMEWIQQQgghhBBCCCHqSQIsQgghhBBCCCGEEPUkARYhhBBCCCGEEEKIepIAixBCCCGEEEIIIUQ9SYBFCCGEEEIIIYQQop4kwCKEEEIIIYQQQghRTxJgEUIIIYQQQgghhKgnCbAIIYQQQgghhBBC1JMEWIQQQgghhBBCCCHqSQIsQgghhBBCCCGEEPUkARYhhBBCCCGEEEKIepIAixBCCCGEEEIIIUQ9SYBFCCGEEEIIIYQQop4kwCKEEEIIIYQQQghRTxJgEUIIIYQQQgghhKgnCbAIIYQQQgghhBBC1JMEWIQQQgghhBBCCCHqSQIsQgghhBBCCCGEEPUkARYhhBBCCCGEEEKIepIAixBCCCGEEEIIIUQ9SYBFCCGEEEIIIYQQop4a3u0MCCFMXSdHfY0S7qFxMwdcFHc7P38AXREXfrtBU08nrDpdXTEXLpUA0NjDCZc7mjkhhBBCCCGEsI70YBH18Dsz2sfSyjmWeVsL7m5W8s4zxDWWfu+evbv5oIiPRm7Ct30so8LPm90q78BhWjnH0tJ1K/E5hmW6ExkMcd3EQw/soPsDW7m/5wFy6pCDsrTN/bTsU7d06+Kn8B01HjMn8QjduuzixxoylXf0DKHPb6HVvZvp/sAOuj+wg/tdNzIj/NQfdj53RN5ZhrjWXF85Ccm0co5lQfxdvtaqqH2+iojoY3073PrWFlo5x9JjYkZ9slm9Wt83itm68iiH825/VoQQQgghxF+fBFhEneXEZxKrMfy+YtUp7u4zxw1ygOziu5oJAPIvXydXA9qCG2a3KbmqK/uNEuNviWsySLlpspHrPXU6fklxieUN1DepYYvbp8RYBrkWtrG1AWyws7BJ3oHDPNArhXVxOkq9nRj/WlteetGVJtwk9r1UOj9/FJ2F/f/sioFSZUMe6KXgAX/Tn4b43mfs16PXG/5vW7d2ccfUNV+W2kQZ3QU2fGKo2fPfnGbrbY+k1e6+8dO7u5jw6iku/mEXkBBCCCGE+CuRIUKijq6zZXU2pTY2tHa/yfn4s2w50ZXnOt6l7Li04+BFD1Dc/SZtKVBQxsm7NQuinAAF9zsBFHN4/3UASr1bkpwSQKvbkJfg1zoyqpOiIqBScgPc3G5L2taws6YwavQ7oQMzARgS1ZPl4ytyP+eVM4x6MIXEuBN8dMCb0EccbscB7wrf5/3ZNa+1+Q2CAzjzOyj+ZMPG3O9gvi5szyL+JrgqbcjV6Fj91UUGz2h++w5Qy/uGnZ0NYEdjp9uXBSGEEEII8b9DerCIusk5x1ebb0KwF8uWtKTBzZt8seZspU3yDhyhX589fP71EUZ1MQx38O2ylZiEXLLiD9PPtWxZPOtURSZ7FrN1SQI9jOtbtt/CvJXny3soGNKNJyLcsE1L1y18nnCeGYO2MGnZhYrjnzjLvOe34mtMp8egPcSaHCcrIZ1Jg7aUD8Xw7bKFGUvOlPfEKct/7NajvNClLC+bmLHkbP17S1wt5MC2bLbv1aDJ+515I7exRGVY1eBMNiP67CDmgCGvRzcdZkiXjcYhRRsZ9doRTliZgfb972fw8PYML/t52ofhwfcCRXw+cSv9Bm1h1FsZlcp2SJ8t9BuUwAFjQRxYlkC/PluYsewMW5clVJRnnz1sOmr61X8B696KL18/5OUDxJ+p/1f9OfGZbLkJpf3vY8n4KqEhD2/ejW5KqY0NF9LzjQuL2bossVKZ9RgUz+cJZV0mivh84hZGvXaETcsSy/Pr2yeezw+YDnMpYN27e+jRvvp2WFM7Je8CM/psZcHKI+XtZ9Kyi+ZPtNh8jycw1M1Qvy2GdpF3gRl9tjBjyVEiJm4pP88hE5M5atqVLOciES/vMDmHTQyZeIDDZT1BrEzH0rVUKV9Wlb+1itm89iKlNgoWbuxKoA3siz7BiSpbnYg/wgt9NpUfq9/IRLaeKLZufd7FyvcN9XkWTKw4T98uW1nwtaHOTny9nxnhRTS4qeP1QZuYtOSCVWVs7X2kpvsVORdY8PzWivtVnyrrhRBCCCHEXXf3v+4Xf0lHv8/i+E3oN6g1XQfrCLTJZt8npzk8tx1djd9klxTrOK66zJwJlyn1dqBf/xLidxYxf2g884FSfyf6Ka4R/3Mur/c9SKfcPvhRzOfP/8CcuJuUKh0YM8yRlBU5rAw5SFJmCbsWehvTzeV4WUACHdiVcDzlOvkBxuEK6jOM7JHC8Zvg0d+dJ5oUsm7DZab33YnDseH00hwmcKihV0TgqOa0VRTyw5cFxM5NQdfCleVPNy3P/4xnLlOqdGDoMNgSV0Ts3P9i396ViMGudS6/Ak0uW3YWUGqj54U3C/g2/nql9WpVAZnaGxxduYeBIZfLlze4eZPET0/TJ+4qe04FUlOHoaMHz3HC0ZFCY5yjBBu8/e/FHbhwuojjKii9qOXyQmhlrLMUlY5SG9CW7ZNTwHGVjuOqFGIr5fEyU3rvxzu3D34U8dHIHSzaWbE+ZbWalLoWkInUPZcAmDC5Q7WT4HYc04fsMRWf49/dxcTFOkqVCp562Q3d4d/Z8nMubw1LRHlqCIPdIee0jkTVaRIBj16uPEw+8T/n8tbAfXifG8yjLsXEjNzB/J7u6jAAACAASURBVJ1QqnTgqRcbcWDFZVaGHERj78DyMY1rbKeU6DmeUsRx1enyvF0oMR9EycewTqer3BYUxt4VJcU6jmt09Lx6A0r0nEnRkaI6QamNDb1HuaLdm0vKhnMM0CnI/NIPBZeZEZBIrAZce7ky/mlbkr7OIWWDmiHqI/yy7SFcrEmnhmupm2m+rCx/q6iz+Dwe6KKkj187rj91mMQNOXwTX8ScYENPJd3RIzw+4jSlNjb0e7E5rmdzid15kQnx+9hyMZgHTlle37VEZ3LfuExon4Os08ADw9z5p1LPtytyWTYhEZSDGVygR20cwueMHS6N7wErytiq+0gNZTzY/ixD2v+XlJvg0b8pQS1KWLf6MjP6bCV752Cm/4V7bgkhhBBC/C+RHiyiDgr4JjqXUhsFo55sCrTihQkNaXAzl9Xbb/2W2nXYfaSmDGZ17HA+edHwsPjACw+SuWcAq7cNYcEwG6CQ8zmgU/3CnLibuPb3IvXUYCIWB7Ertw/j/SH9k6PEZlU8fLr29+JQ/kiOHB/A6Acqz/8Qv+wXjt+E4Pk9OBgbRMRng9m8yJUGN68TtfYCyRt/BWD8xsFs+CyQiI8HoNrtBcCR1MqTdbr29yL51GCWfzmYQxs9AEj4ubbfxldhW/GrXTMP/hPbkUDj1Vhq48SC/zzM8x3zWPyqIbhS6t+c9amD2byiJa420EBzkcivL1eTcGWJc1N4vFciQ/sYfkb0TSTZ+M16xeid6uc/MV1fJvDlB0k8/igz+pctK6u3"
20:58:39.351 [Forwarding screenshot on session f38f5520-bd02-11e6-b34a-8d0186b048d8 to remote] DEBUG org.apache.http.wire - http-outgoing-0 << "jPLgimuvlqxPHcD6qNszlMPO3nCsxrY1bAigu8hnkTpKbZzYcnQISxYGsHzbcFa/rKDBTR0HjHVb1q9m5NJADm4LZvW2J4kYZkODm0XEJxeQdyDNEFzxb8nPpwazZHEfDqY8iKsNbH7nFOetaad2YA+U2ihYkjycC+cHsPxf1Q/OsgfUH6fQyjkW73s3lf94Nd9S/bwjdsZ5W2wcWJryJBs+C2bXf3sSbAMcK+AykJdwyvDgP+pB0rcF8+7CIHadCmakErio46qV6dR0LdWl/K1x4NtzqG/CUy954QL0G2MYPrU05kx5z48CjeG3p754nNWLA1kSO4TPXlQAV0lNL65xfaWGn5NLSo6hp9SuL4N4d3Ew+7e3BeBo0mW6jg/i2zcdKLVRMHfbYCLGN7eujI0s3UdqKuOti46QchNGLn2Ug7F9iPh4AGd+7oiHDYS/k3GX578SQgghhBBlpAeLqDWd6gwrzwDebnhTxAU1tO7eBD7N4Zslp5gzvBumX1KPntCh/LObsx1wnaCRbYy9ERri7auAzTexA47sMs6a2wSSt56ipMQw74FdUxsa3LxO2i/XCHI0bPLPyT6GuUQ8nCDPNNhQxOH9OkptHBj/r4o5Lbr+uwebu19D2caNVk5DOPLSNUrsb3BCdYHz53M5nKgFwLnK+ZYfB2jVrRVdbNS3+a019vgFd8C/ywkSVUAXN0YMbgcHkok3fmPetY+SJtp88HbnQbJJBDJTC+DpprU8lp1Vc8RUp9S7OZELDWUx6eWWLNmpNqYIlzWGoQqlNja89mEAj3oC4x9hwbbvmbPzptk0a8OqwUaKZqw+N5TLBSVw6TKH1UVkpuewa3/lve0wBD6GDi0LAjXk4aFNIc5Qs9qLhiEkY173w7NsJ08ftux2pUTpzIW1+wzLLLTTkb0MwYsmT93HyI4NASezc98YJrlV0LuzaRTpBoWN3PC2MN9H6wntGe5pvI27NMG3C+zKNQTMXIIe5viZTlwFsk78zvnzeZxJz+F4DtC4cmzBfDo1X0scN3lblpXlX7PLrI8uoNTGhoe87chRF0AbN7rYnONw/Bm2q/0Y7kF5oDJ2bDxnRjXnn/08CHilH9mL7QHISbC8vlJkwkmBG9Bg52l8+1xi9NMtCH7chwv53co3KSkxtOWSAkBRuzI2fx+pqYxt+fxpY2C5OI+tm/IoAezsbhjuVUk5pObBo/K+ciGEEEKIu04CLKLWflx/FjDMFfK4d3bllSnn2XK0C//2q2haJfpbh0VUWlZS8QBeYhxCkbshk4kbbj125alHLM9ZQRd37jd96FA40dXf+LSac4GPX0lm5c7r1e5a2Y1Kv9+ZFxWZHCP3hiGYYDInR8riVAYurrxH+v4c8miHpeeq59b04d0+jSkoH5pyD+7WDtGoyrVh+QNj1cflX0x69DRxLPutIfc/rICd9Z0nwvhQqzezWpfL1u2Xad25BX6eDvyWfIyXXzpNiqaGZN1d8TYpvOZK+/LfzyQbzkdhV7lnlKe/ISDzUy3aacvW1s3+6vt8ZzZYmuS2Gs7Olrr13GDPsoNMXVxNT6cqo9ssp4PFa6lysLGh9eVvQd4BwxvKGnCTOX12MMdkXQOus2LteYbPao17UBc+ee0qUxfnkrLhIikbDPOleAxry3++7IZnTetND6poRWScF/8alslxVS7LVLks4xdKlU58tPExRvrZcyvry7jG+4jZMi4qv+5iQ1IrDdMDwOYaV+WtRkIIIYQQfwoSYBG1o7vA6hXXKbVR8Mr/ta3UUyXnwDmWbNARs/oc/17sXafkS4wP08FRPVk8wJGr5Q/VN7iivYHyPic4YkU6uUBWHud14F7+fFvA1rW/Yte5OcdDk1j5M3gMa8n00S2537sp3nYX6d8ltU75rpZ9PV+naxJQ8HjBi9l9HbheAsUFerC3pcl9zS0GVwAUjRuhcLGvdu6S8mcy09dBmwtigMXX6np3dgUuUnnU4XV+Sa//y5O9H3YDsvl29RneDPa75Vyyvk9h4oTLlPYvInulKy+PPE3KTRjy2n0MC3Ln/geacWbZLl5YXCUvjRvS2OSj6TNq43ttAd0tvX2Oxp8i7aotDa9b0U4xPHTnWxmRy69hktvq9zG/7sTXB5i6+DKlSidemeXFI74udH7IjuWD4vmwSl1aSsfytdSGzqYb5523vvwt2LXS0Csm8GUvnvSyraibq3ksfvsih8NPc3RWa/ywZ2DoY5yZUcLx5Ask7lGz7pPLqOPOEbayLavH32t5/cjKx23aoxObL3bit1O/sT/xAt9/nU2iqoDpY1MISnmkXmVsieUydqcEKLVpyEf7+tKz8Y3y8ii5WkIJdrSpa9BUCCGEEELcVhJgEbWStT2LxJvQ+oWOhI5vX3nlkwq+/SaV8ytOc2CuN3UJsXQOMDxMZxwpwH18K2MA5zrrJm4hdMN1Xto8mEk1pmKH58M2NDiTy6YfC+g62PhNe3w6E6eocX25IaN1hiEiH3wZwKPGvQ4s2Y/6JjxQ3RfVdZB/6iJb428YXo1sVFICbR5uizX9FNw7u/OAjZrjNwGdLX2G++CSdYohXY6R5dmQ4BedGPxITRPtmntod+CRAAXLVDpIySE56zqD3bR8/H/ZZra3zK2NYZLNBjev89bsw3T+siskHCNmc/2HB7V63IshNtlsiTvBGyvdWTK+Ym4XXdZZZr1oCGRMedmbnCPppNwE1xc6s3xeWfss4Juksod764Je9/dwAwrYvCGLOcG+xqUXWTAylX005T+xbvCh5XY656F6n3q9nDfOdzJlRV9Cg4y3+qwMdqUAnjetG3JV47XkyN7+FVvnHLlY//LPO88X39yk1MaVOQu74ldpZTE5mzazRHWZL7cWMOS/CYxerOONPcOZHtyersHtebH/AbyHqsnILOKnd7dYXF/psKojPNDnNB4vPszBxe3w9GvNcy9dZJRrIvswlFcJ0OCmjvNawN26Mq55SF5NZWzHy00N11aGBkb6uZaX06guB9mHKxsvBvPIn+z13UIIIYQQf0cSYBG1UMzm5YYu9v98rs2tq93b8O/gVObvLODzzZdZULvRDoYkgjvynDKbdauP0eO3S0we7sKFhHMs23CdUqU7TwU5QEJNqTTkn9PbE7rhBCue3UXeOx3pbZfHB7MNwYPXxnpQsP8oDW7q+OS1w1wd6MLp7adZ9KnhYSk/p/69LgDUceeYGHfuluXP/edeXne8dfuSqr+7ezN1wlGmfnod9YYTPLDB5AW1Z67j3aVZvfLX2MnQ26TBzSImdt5Ur7RcHmnPS96ZLDsDuXGZBDpn1iu9ShTNWRDrwZYRamJDEolf68o/B7hgd0HLstWGOivtfx8vBzngkufOAzbnSP8ynXkPwaMtdGz+4ASxxjdO6UoMj7w1BRdcHmnPc8pzrNvwC/0o4F9BCn5aeZrEm9D1zft4NNih5nZ6F2YeNT2v1p0dAR1Lw/bh+bon9uey+WB2tuFNOFlaUnOglZmn/4p0ar6WuFjx6mn3h+pf/ic2G3rAtH7Rs0pwBcCep15yZ8mEHNZ+fIpJs5rBYjXhfbeT/35bPO10fB9umBtoaP97uR/L6+H38pRdfJsTbHOa+E//yyh7LaO72XP4W0NAucnDbrQCtK0UgI7Fz2zlwuyuPGVFGXeregq3qKmMPRl9tZD5O0+zbMQOTr12H0O9bvLNO5kk3gTf1+6T4IoQQgghxJ+EvEVIWC/vN3YmQamyOcMeqa6bhz1Dx7UEYPO6c+QblzZrXPkprtTGBk9lxTI7OxsqmmJTIvb3ZHz/hqh3XmTOlBMs26DDtZc7a3b2qvRa4srp3oM94GzMlsLPj8SN9+HLTWLn/sKMN7I5j4IZax7l3x0deXFVZwKVkPhpJhNHpBC+opDn5rclWAnnv/yNwzpzx8F4nLoP/3GulFzFJehc9pDU/J7yb72HLx7Ektcq91IptVHw0ppHmV5tHVRm6dvzR17pwUv9K45fauPAcy83xdWmcr7KmWTDzr4s5bLtnJizN5DxvUzS83ZlxptNb9m3LtyDH+HQ5vsZ4m9DriqXle+dY9lqwySoI9/sTGrsQ4bhUi7tWBTdnAY3r7My"
20:58:39.351 [Forwarding screenshot on session f38f5520-bd02-11e6-b34a-8d0186b048d8 to remote] DEBUG org.apache.http.wire - http-outgoing-0 << "JJUXnjnBN7muzHjT0Mck5edc4B6aWZgb2M6Y4bJ2eHyDmtApp9migsCX72f5rNZY205N26Ql1m4H0KzxPVRt72WcTR60Oz79MHNHNaSB6jKhz/yXGW9k4/x8W2aMMrzR59jxIqvSsXwtVcTomzW+5zaUfzF7Nl2m1MaGf4/2qHYLzwH3Gd64lZRN1gNd+OzNpjRBx7I3ThAaco59OTaMXNSDOUEOuAdZXl/p/BXNeS+uI12UkPhxJlPH/sLKOB0ew9qy8WMfAPwGeBJoA7lnilj6ViaNrSrjsvIxfx+pqYwV/g+RuPk+uighfvFpZkzJJFFjaI9fzGtnrjCFEEIIIcQfrEFpaWnp3c6EENXJyylAe/UGdo0b0cq9ruN2rnMh6yol3IObp1OVOUssrftz0eUV8Jv2BtjeQwsPp2rnVKmrPHUBWj23rQxy1Llcxfp85iQcoPOwi6w5NZxgK+aSKGsXWKo3XRFZv5VgZ2tHKw+H2p1A1eOpC9Dqb9DYrTHuLrd2+rs97fTOKcufufxbrxbXy20sf6voirlw6RolejN5q2l9FTnqAq7qobFbo2rK7Dp5OTewd7JHYWzgf1wZV6xv7OaE+5/5piWEEEII8TckARZhtcj3j/N/7x+/29n40woIdGd/4u19gfP/EikfIe6MV2c/wMzZD9ztbAghhBBC/O1JgEUIcVflxCfy0IiLfHZmJIPlbShCCCGEEEKIvygJsAgh7q68XH5KLsQ7sBWtZLJOIYQQQgghxF+UBFiEEEIIIYQQQggh6kneIiSEEEIIIYQQQghRTxJgEeLvojgfdfZZ1Dk56GreulxOzlmyci6QV3zHcvYnp0OdfYG8u50NIYQQQgghxJ+aBFiEuN2u7qb3JC/eTL7whxwuJ+V9GkzyosHs98mp5rNhm2j8pj9E63cep/WcHnRbubvmhK+mMHO2F/fOeRyvOb1xNUnvTsg7ttiQ70nPknD1Dh6olnTnNtD6nd4sy8i/21kRQgghhBBC/IlJgEWI200PuVCrXiK3RVkPk+vGXwqLjYtyWPp1JMdMNu13v3eNyeX8EkeUtuJzW7em2N2enFarRK83/qblqt7ipn+o9JQdQB+e8HG+21kRQgghhBBC/Ik1vNsZEOJ/TpO+HF2eedcO79RuEP8Z0QGcvGkGgD32xnWB3T9j3/i+VqVz+tQRwy+OYzkfGYbHHcgrgK5Yh8JegZOtbfmyOxnIqZ189h08AB0/wO9uZ0UIIYQQQgjxpyY9WIT1ilOYOW8gvWcO58NjhsEiOSnR9J49kN6zp5BwxbBZQuwU/GYP5InwSfSeOZDe88I4auxU8d3K8fSePZABy74y9vA4yzsLBtI7pDe9Q4OtTnvEsm+rzWLeme+ZuWCgcaiJFw2mBzI1drfxWDksXTSQESujCf94uHGbLoyP3c6JY18xoGyfmc/yZUbFYJicjG8ZP7tLeZoDIqM5WjaE5epBxs8eyPhlIfSe5EWDSYEsTdnD+JmB5ecB+fwQO4ve08vyNJA3f9hX3sPFmjw/u3o1H5bn2ZCHE2bmRCm+nMGGn79mgyqDguJjvDlvMLONPVESD71G73khJF0FrqTwzqKK47abPYUNxvNO2hTC6IQ0w06FcQyaPZwPj2WwNHI4vWcPZOoPKWWlU2WZ4bPf7OGE//g94eXpd+HZld9WGmKUlfwpA6Z70Wj6AzSYOZ539yRWf0Km+6Ss5lmTuhjx8aecKB9OlMMPsSH4lZXjpEBmbtpdXs4nfnofv5nDmbmyYhu/Be+jyk4hfEFgeT6nbtpXccCryXyrhSkP+9eYNyGEEEIIIcTfmwRYhPXsvWnDSRIL01i5TwXAoQP/IVF7kkTtdnaczgHO8vVP2zmmPcn1Fh3ILTxJomYNP5zSAcf45tAeErUn2XlkCynFwJmdhJ0/SWJRPm3vybQ67UL3avpTXNnOkIhXiDp/ldn9FrDmySn8o2E2S3dNZFGK4dE+P/ck3x2KZPYpB94fNIXRbrBq1xR8Pp5DUceJRAUMhMIDjP30E9RAXsan3Bv1Oqu0SsKeXMAnAX3YeSKSTm/O4gSA/ipq7UlWHYkjV9mJB+2b0dbtJocKs/n9WgkAP6x8miG7vua869OsGfU2UxxP8v73L/DqT2etzvP6/e8QcgzC+s0kpHVLdp6IZOSq7dVWU8m1bL7TpPFdVjbFeg37NNkma/NI1CSjLUrh2Vn/JCzzZPmac9rtPBPVn5VndFy9nMw5k32OadP4NV9PTk4aidqT/HSxYuxQ1WU5OWkc06Yxe8MrzC5PP4/1h15n1g7DQKW8Y9F4rQhnZ1mQqHAP7x9LM9/2gLyMaLxi3mG9sS6iHnqE746F4/PhanTo+DKyP0N2xVHQ+mlWjHqbEGUhUdsm0m3Z9wD8eiqBY4VpRB2Ko3vATMI6duDY+c94+J1/MlvbkahBU/iHfR5Lt73Ah8b5VtS/7CORlgy+v53FvIXtDaPBOw2q/QnbG2ZxXyGEEEIIIcT/BhkiJGrBmUG9BhKycTvHftmLGj92/1Lx8L45LYP32p1naTFAS8b1m8jlM58wVQM/pKXyilMG68u3PsBBdT52KXsNH92eYepj51lnbdoBPW7JXZ5GA/YtiXpxK688aJgv46m20OjjpRRfLwHsjHOS9GHveysJagx5bfWsj/mMtl4L2DfzWQDaXw9kyKEDpF7J59RX4UAHtoRv54kmAM8yqHUIXhu+ZnXyq7x3PxQBbb1mkfjGi7gAXN3NrLJMXd1N+KGToJxC8ruv4Q4838uHK6+PJi1Vxe/3XrUyz4+wM/wr+jUBGALTHyfq1AHUDCwf/lMd+8Z92ffRdt6cPZD3C+HBBz8g8cUnOL15nLEuOrFlwSaecM9n6aIgpmbmMSF2A9fe2Mp/igbzzLFscBxLxrszaWtbzIebDem6mh6DysvK82Pfh51zV9LPOYXxr/+TVcVwSK0B2rBuU6Rxm4HsfWcpQU0u8OGiIYRkmntXTz6xsZFAS/7z9nZGtTTURYuPB/LMqYOkqD349EQetJ5F6hxjPTw+mHvn9WD2kaXsuvokdg0VAEwZtZ1PHu8A9Of36QNZWtyH/e+vpKc9/Lutnu9iPuP3ggLAmeQDceD4NN3dLRQyEPZYGADvJLxTafnbQW+XrxNCCCGEEEL8b5MAi6iVjt2fJHDjdhKLE/n+Jy+STYapHDu9mw0J5w0f3J7g8ZbOaHsNhI3bSTz6I3F2pyul9dPBLeRlHADgHz0G0rO7phZp35o3F58X2PeePxviP2HqztOczjnMTm3lB3Z7AMf7eKCxcZ92XXgQeLRnQPk2jRsaVtpRTJ4e4CRD5gfyYNkGhYbAz+a0NN6731gu3p0ND/VVXSskFxjdYyDlz+j2Pfjqo4o5WqzLsx8PNSlb4si9jkCxvcXgSkUCTXC2BwrB1cEVF3sFVwuNPVDsdaxbNZ51XGN/WXBDk8UlnGnu3AzIBnt73Bo7o6jlO4QC/f9FP3cAD9o7AsVlQZhicgoN27S9/0mCmgC04rnHhxGSucZMasWotYBj5bof9fJ2RgE5KYtJBGY//oRJPbgzZuDTzF79NftP5fAYOqADw7t0MK5vQmtHoOF93GcsyJJKxzxJ/LE8AoMCqSG+AtwaZJHgihBCCCGEEH8vEmARtdMkgNFKSNRkM3VdOACBD06kU/ZnLNWu4Zldhs3+YQwouJcFZLSfGde5EBI0jF0Ja/guYQ7fAdCSUd27QJP8WqVdVV7Gp3SOCucc0NbtEfq2eY5P/DKZmlD9UBoAbG1xBVwaOVa7uiyAMaXzcO7F8Gobe1snFHY6nFq2Bs6TC/T29qp2f13+FY4B3RtVnrZVdzWfYltnyKpDnm+n4pPsz1XQGh1dvfoQwDV0Dp6VAzfVzfXSsOx8LIR4rpeYX2fkZGdb4zbl7KvLi44801c621YuZ3tbQ68Vl1ocpjzlc0ksBaK6drZ6H9OAigRXhBBCCCGE+HuROVhELTnTt9fASkuCA8cy/L4OJkuMARMoD8hU6Mpzg0bS3XSR23Bjr4Rapl3FoZ/XcA6IevkgZ9//ipUvvcZT7cperWv+vTS5QNW+C5U9wrgXXuPtF2bz9guz"
20:58:39.351 [Forwarding screenshot on session f38f5520-bd02-11e6-b34a-8d0186b048d8 to remote] DEBUG org.apache.http.wire - http-outgoing-0 << "mdWjBUczfiHnuskmZoIJCqUXgcCq5CSTpWd59dWHcA1bzK465rm+7IyBB+jD+rBN7Ht/Oy95u9PIuQOPdvDCqYb9z1/MNEweeyWZQ9oaNr6FfXnA41jqt4YJd8nh+x/jatgLKDzKcZOAyq6Vw3F9NZhDDVvSFth84CeTPXTGNFvSvpU1fVAqK3s9c+9avp457LEwCa4IIYQQQgjxNyQBFlFrHbs/SWD5pw4EtG/FQ/c/UrFBecAEbgmatO6Bf5MHeaxjxUCO0T36lvdIqVXaV/fx7HQvRnxleOuLW9M2APx0cBeqM8f44Ycwuq3+GgDV8Qyg+s4Y5rkzatDTwAEenjmeL5MPkvBTNL0jXmfV+cN43tem5iQad+PFji6Q+Q4jVq4mKWMfH0ZOZikwOnAgnnXMc3GV/9ek6nY9+002lvMeAqYHMmBeIP13fc2qI2vYVmCHIfyiq7KXOz19DMGuc5nv4DN7OH6zJhp7IZk/1q3LnHnuHxONK7YT8GoX/Kb3YILJ/CslUKV+3RkzdCxwgMcWhvBdykF+2DSLiYdOgttwuvsNIbQ1HDv2OgOWGcp56bJnDGm2fobOTailAvYdPgBefZH3BwkhhBBCCCGsIQEWUXtNAhjd2hggUQbzUGNwv783/Y2rxwVWHsJjGjQZ18Uw10ngwwOMSzrwVC+THim1TPtyMeQY39bjHzyDEKUL3x2aw8MRTzLk+zU8ETCRf9jDzjOp5FH9UBHXW5Yoyn/zfDSc/44Yy4OFexi7YjSPrYskkQ5EvbCBUS0VZvY3Xabg+Znf8cmDHfju0DsERL1AyImTjA74gCVPPFjnPLvYAo2dKvc0qTpax+SzvTENh7KhSu4D2RL6Af+wB8hmp/FNQ6MDPuDrkYYJhBu7tLolnaAn32KccTTVOW0aBa2HEeJljHg1NGzs4epi8hnACQ/3ysvcu8zmvyPG0haAPI4VuxASMNbYThSUjRwyrV+PgDD2jxhLW20cI2JGM2Tb16B8mr0zp+GOM1Ne305Uxw7sPGIo56lH0gjsOJOM16fhYUy3WibnZ9eoqWGR/jgrNTCuW0D1+wghhBBCCCFEFQ1KS0tL73YmhLidcnIuUAw4ObfCxapZYK2RjzpbC7aONHN3N/eobpHuygV+uwaNnVvh3rjyujuTZ6tyhTr7InpbW0O+rDy2Ib9OeLjXbvjMLYpzUF8uwb6p9cemOB/1ZS00csOjya3Hryjnprg3rktNQVm5ODVt9wfXhxBCCCGEEOKvSgIsQgghhBBCCCGEEPUkQ4SEEEIIIYQQQggh6kkCLEIIIYQQQgghhBD1JAEWIYQQQgghhBBCiHqSAIsQQgghhBBCCCFEPUmARQghhBBCCCGEEKKeJMAihBBCCCGEEEIIUU/3hIWFhd3tTIi/ptSN0XwSe4imft1p3ujOH684azfvR26lWbfu3Gt/p49WQMLaL9j4k4oS9460a1L1gAXsWB7F6m3pKLs+zL32oEndTNSiGL7ZsoWEjBs80rMjVmWzIJ3lEcuJT0oiMTGx/GfPnkTym3Wm4+0+2YJ0lkd8zLajhXTtXjWPBWyOjCDd2Y/77/0DKvU2Hfvk5mg+/EFDN2vLvDrFGk5mFtK0aeO6psCdKr/irN0sjtzFvb0epvH5O3AdGNtEfIaezg/fR07CWpas/IaMQiUPd7y37m27PllSp3P6mgv3Nm4IQFbyfnKdW9PE/m620epV5O1u5+TvxNp2ULGdV+F+q66dkzuW8+H3v9XvflKnvFqvNnm8nddOcdYO3o/c/gf9HRZCCCH+eqQHi6ib4lS+Wp9ARloCX+1K/0MOWXjpF9IyErik/yOOpidjTzxJCfGofi2qZn0RpxJVZKQlGvOjZdNHa0hTq9FoNGReATurD5XH0bQ0VCpVpZ+0NBXpl6o7dj3p8zialkFayjluTV3PqaQ00v+YQr5tx750LoWMpOrOx1oFrH11Gm9tlUSxLwAAIABJREFUzKhzCgZ6ziWlcfI2l1/hb7+gykjkt8I7dB0Y24Tq0CmKgF9VO0jLyCDx1CXq1bbrqiCZ2SFhbM7INX5cTmjEMn7Vw50q47qqnDfxx7H2flHRXqy9di6lx5ORdI7bV6W3/75qbR6rXjv1zUfhb6dIyzj4B/0dFkIIIf56Gt7tDIi/JnXibjKNv2du2YF6lC8ed/iYbt2msXbVROyd7vCBjGwbAflgZ1vdWlf6TJhAy/yGeDsC/EZmPoCSadHRBClrcyCwBVD4MPalQTjrDf9yvX4dmvu41uscKiumGHvsHW0Nx2tk/H8lbkxdu4o/rJDre+ziYrC3x9GhESiqOx/rlVwD58YO9UjBSGGuzdSdo6MDYIctd+g6KGuDxjbh3XcCo9vl07pLV+DXurfturKDa0BjB4fyz2CHQ1m53oEyrrOqeRN/kFrcL4ztxdprJ2DqWvxn2t/GXlq3/75qdR4rtc/bkA9bW8ruRUIIIYS4lQRYRB0UsHdLEjgHE/qsnoiYBH5I1jKpmxsAqWvn8kWWB62vJpKUqQNnH8ZODubc6mgSNIDCiwmz3mCArxsUnGRVxEdsy9AA4OE/kldnjcIDSF07n89O2OKYrSIzX8HQsf1I+PoUk5fMp5tbAbtXfcgX29LQASj9mfbqVII8nSjISuCzj9aQpM4HQOHhz4TpIQR5FrL2jXlktfZBm5CAGlAo/Xlp7iwCav3QWMiJpB/5UdME757NWTslzBhw0hD92njOT/+AMd7niV70EQmGp1O8eo5m5swRmD2UiydDAwJuLe30jcwL/w59hyG8O3cUbmjZMHceW7KbMP2D+XSzTWb+Kx9R0mUIHa/uI06lAZwJGjuTaUN9gQJ2L48gJj4DUODj345LZs9Lyzfz5lEy8l3GdXPj5O7lLIqJx3AGSoInvMSkAb635tFsmdsb2oPaE+8re0jI1AHOBE+ew6S+nhaOjcW6KlbvJyp8GSqNDpy98HHWgJ0fYGh/i492ZMmiMbgZy++V8BSmL51PZyctmyMXsSbJUFsKpT8TZoXQ7OcItuUDCRE8f34Y7411YFH4D9g2A7U6n5Yd7yP7NxfCPpyFr/HZJCE6hBWaR1g6fxRmH1cstG9Qszl6OWsSjL1mFEqCx5SVr4bNkZHGfCrwUOrA2HIK0jfwSvgxJi+Zj89vG5kdvg8P38aoVIZ0vHqO5Y2ZQ3HDMIxg0QpD/Tl7daJZ4Vka957J3FG31qGpootH2fdjBm4FN9i9YF292rb5NlTM/g1RRMWqDBs6d2LynFfo66ln7awIDNUxjgs9HkF98AAAEePeIGT5G5XS16ZuZtHiNWTqABQEjZ1lbPda1s6dx4kmXlxNSkINKDsN49lHYWV0nKFMfAYxZ844PO1rSMdMW/S7uJYpC+JN8raIALdKDcDsfapYk8xn0TEkZOSXt43pIaPwtK/NPRQ2zJ3HYUcPClUqNICzTzAzQycZ26n5Nmb+unRh7RszOKD8F9Ez+xr2K04nfEo4jZ99n2l9zYfSK12XldqF1nI+LV4n5spQX+lelb5jFctWbENjzEt1bdL02mHTG0Rsy0ahAOzscGnUiGvXmjD+g/m47Iog/LAnSxYNZqvFvxmm1yn49PTnSnohL3w4n26VbgrW39tM91n7xgxUXi8RNcn4d6EgmblTPsJz+mJ6ZH5qzOMY3MzU87PNU6q0zzfIXFRRZmhTWR71GfHGcq8oM0v3JiGEEEJYIkOERO2p97NDDV79+9Ctbx+8gPjv91JsXF1SeAV1WjyZTYYQGjoWr5IM1kREc8ZnNCHTRuOhy2TFxmRAw/JX3mJbhiNjQ8MICxmJXhVLyNyNFAMlhRo0GSoK2wUR3LMP7Z3zyddlUwSkrl1AzLY0OgybxsKwyXTKUxEd+glq0lkQGk2S3peQsIWEhYymmVpF9EebKDCmmZaQgPfoaYROG4aLRkVU9ObyvNdGjjoTjVpN7rXr6EtMVuighF+JnLGAhMx8nD188FEqyExaz7T5Fo6lOUx4ZCSRkZFERoYTvnwHBYA+Lwe1TofmbG55d/DcKxp0+VeMQ2L0aPJ1ZCTEEpdui5eHAsgnYc0y9hcYy8oYXPHq1I6zqgzDg4oZudka"
20:58:39.352 [Forwarding screenshot on session f38f5520-bd02-11e6-b34a-8d0186b048d8 to remote] DEBUG org.apache.http.wire - http-outgoing-0 << "cvV6KNjPoph4mg2aTETUQkb7XyN+RRgJ2qp71FTmV1CrtpHSZAChc6YR5JFPfEwMqdUURPmxsVRXaj4JiUJ1rQOT54QxuZcdGWrAOKVASWE2uuzc8jT1Rdnk67LJ1cPJDYtYk3SJ0aELiQibTDuNiujZX+DcJRAloPAZxEvPdse2KAeNLh+1uiWDgnsS4P8g5KvYfEhtSLQgmU0Jalp26WI+uFJD+94dHsKahLMMmzyHhQtDGdThGvErDHWWED2fNUmZBI0NJSxkCPmailT1RTnl14G+KAeNTo1KBRNC5zBhkA+ZSWv4JllLQepa3loRTyP/kcwJC6U7J8nU5KPJybNQ+wa/nc1ArdGg0RbWr21baEPpG+YRFavCf+Q0Fi4MJcg5jZjQeSRr3eg1fBAAPoMmMOaZp5gwzAeAnmNH4mMSwCjO2syMBWu41G4QcxYuZPKgDiSsCSMywVBPJVc0ZCQl4TMhhGmj/dGkxREVvYPuE0KYPMyf/IxtfKfS1JyOmbZo13mw2byBpftUFlHTIkjIcGZ0SBhzJg8jXxVL6Ky1FdeMVfdQKLyiIVOlwm/CHBaGjsY5I56wBRsoqKGNmb8u3fDza4Ym6Tv2Fxhb8oEdqPKhfUdL/RS1rHs7CpVtIHMiopgzIYjMpPWEb0ivIZ+WrxPzZVhxvyhIXU7Yim3YBo8lLGIh00b2JDNpPev2ayrl0PTaadNjGBMm/It/TXiJCU+0R6PRkE8TWrhBUe7Z8nuIpb8Z+8uv0xDCQkZzJUmFJv8K+mqGz1h3bzPlRkcvF9TxcaQbV2Tt3U6Gzg7vNspKeTRXz0e9bm2fFflQE/36AuIzbBkdEkbohGAyk9bz5vJki+1GCCGEEJZJDxZRa6k7t6NDweO92gLQv6czMUk/kKgZQd/yb+B6MnfWKMO3h4E7iIj3YtY0w7eJjhk/sCDxFOfTc4nPB5+Rz9LLuxl6+vHsoANEbfuBA9oRGAYH+DNr7jQ8AG3ycgBs0bBvRyb4T2bumCAAQt+FdT9fh/xmDJswAVvfALq5gyZHj78PqM/mGB5Ir4Gi5zSmjTDsR8YeIhLPkQvme5aYUdZF2taxM3NXhDJtTAQalISsisYnYzmTdACdmD53Lj5FCcwKiUad9iMq7dAq33KX0aBKMn0gsKNo0gBDj+yqx6z2/z7MWTGfzvZqIseHkJQPer2WA3sM3672nPw+M/t6oN0fzaSoBMMYDEuMDwmXLpzm18tePPbiOzx4CdpWzXux5TI36Mk7s8bgAfj8K4OEBYfILQRL/dvN1dWF1BySgGEzQ+nraw+d55CXNYb12aZ7297yuy1wTV8ClHD2RBYdez3EtIiF5Nk2o7WHLV2dV/Cz0o+Azh3QJu8BYPTCOYzoYA8UoP9pE3Fb9lLcdww5+7ejRknIYx3M5r84fa+F9v0ErR+dzOS+XvTt1hKtJgefDu3YlqZBr9dw9KAGRVAI04Z2A7rx3rULTIspm+vI1uS/BmMj5jPAE+jmTOK2UAr1eo4e3AOKoPLrsPOi18h8aoGF3kumJWZM3dazfm3bbBvS8sXOTPAYxKh+ftgWwfB/jSRhQSwHM7RMe8QPZfQ2lH4B+Ho4UeDnAXFX6P1YN9yoiPCl7dyBDmfGPP8EzR30tB4+gp4/p5G0aS8FQYPL29CkAQFAC5LWqzgV9JLxcxuS41S1SufW+8ZQulbKmynz96nClJ9RAcPC3mWErxPgy3v8zrSYPRzWjjHe+2q+h2rohv4aOAeHMmlAZ6AzsyafZVrMTg5rh1toY2Xtp/rrMqjfEJzjYti9N4uAoS3ZuykJvEbyWA3jQPUAl9RkZP5Gr27PEuHZH9tmLQC92XweTMLCddKLo+bu9SbRCLvmgUyY4MNDA4Jw1Wpx8GqFgurmCqq4dpS+ARg6ZKiJnqYCfAj9cCaeYLxGDNuar/ssfkrQ4BwUwrShhh4m75LNpKgUy4VkMc3Kf4e6PTEURfwKdhzQ4Btky85NaeAzliAlJJfnsdhCPbtVaZ8m0XHNCQ7mQ3DoXEZ0cwN8CcORY4DSz3y7EUIIIYRlEmARtZTFtj2Gb3VXhIxhhcmaLT+k0ndcZ+AaKBxNHgArfzZ8IW5LSZ7h27eM2AVMijU9hodx22ugaMKts2LYYmsHzo0r3oJg79mXccYRJ3klp4gMWUGE6S5K4yNjCXTwbXNrelacuUWF+vI0Kv8jNI0Fk54y+ZxvflJC556EvfcvmumLDNvYOqCEin8S1/TSB6UHre0BHHA1zh9jS9lcMkr8HzQ8Hbn5dcWDBNQ1pecWwPSxh/loTTzRaYZu5spOg5j+yjg6mHbbsFfiYqnMjfVfVo9lPSJqLHMzdVVaUgQ449WiLDpjj7enEs7WlCB0HvMqI9X/R2zcCpLiABT4j3yJkFE+xnoxrR0lzcuP4cRjQ3oSF7ODA5p+nN+cBp3GmgmUGRRabN/2tGgGGz4KJaZyoWF75QwpOujQtlnFWVusK2eaupT97oKHAgoBW9tGoLtickZedHSG7OqSsKQ+bdtcG5rgjzofyN9G6KRtlXY5n3EG/PSG+J++CHAytplr1Tzg2QIaVrw1rfLiRoWG4F4JtGvXwrjQhSYKaH9/WZtyoImxrKxJx9x9w1LezN2nDMFiBa1bVFxIDs6O5Tmx9h5adk/z9WtTTToW2phJmtVel8pAnvCKYf2On9H2as0WNQSFPFbDfB9uPPvGZNQfxRAbk0EsgLMXY2e+gYeb+XzeKLB0nVi611cEC+xdXchNWcG0FdEWc3grDatCQkjQKJkcVXVYj5G5utf+yimgS1fvihLwbo+ClJonx7X275BHAAM8VhC39RAF3nbE50Pw5F5VNrJcz+bap/bML+hQ0tWk25XvgDH4AgUnd/Od2XYjhBBCCEskwCJqRZu8E5UO/MeGMqqjC0V6cHDI44f/iyBh2/ecHNfZ6rTsHA3/XAsOXV4+f0uBOpm9KUV4O8KvlnYugZKSin8xFmftYEHMKZ4c5kDEmgS8gifwzvBueCjdSIh8nmjjl/96wNHJpfo0zbLin5XV9DIx6MSc6Fdorc9k196j2Lp74eNoJo1GjrRQuuFW5XtwWzvjDtfKzjeP3JpHeZTTXwPQoDqmIUippCDjKGqosQdLsfYklxy68t4307BVnyRl7wZi4rax5fATzDSZ6bQgdRVhFsq8rszVlZ2dA5DP+UvF4GZ45Lv0e94tX1dX9O6paCfak7/SvO+rfDPLnax0FT9v/oq42JUc6PeB4anVtLsQ1yrFWzwCB+AVk8Smzz/nkgYGTaz6oFPl+Bbbt5rPJsWQpuxJaMRz+HgqIXk54yIOQZM2+Cog/VxFJdvamms0tyrLsl5/DTDd71ey8uvwBqB6tG2zbehkD5QKyPCdzDezyub5ULN7ZzrNuvgAR40HrBJerXIp6vX5gA9h38ynbHaIk/t3k6VvjiuGsmjSvCJQpQfsGtlW+mxtOjXeN6q7TZi5Tw3uD6Djskkb1hcVluepVg+ydpCZeYmyCTyKytNR89lbZtpYjex5bFgw66N28OknzdDRif41TlSlJfM3eGbuWnwdckg9fIivVqxnTeQmeq0cbjafpY0s/x04aqYMn5nzbPmy5C/eJlYFI0PC6OfnixvJjB8XUeV6rqqAjXNfY5taweiF/4e5qWXM1r1bC1oCGRm/lp+T9swpdNRcf9b/HXKi3/CexEVv4sPlAP480a1qVNfKeq6SKcdm7kACJ34tppuvoQ2mb4zkP9ktaJywsY7tRgghhBAyB4uohWJ+3h4P+DBiaDc8O3TA17cDnp7dGD7UH0hjZ0LZEBd9Dd/i6bHr3IdOQHzMJySc1KDN2s+HsyNYsyaePPuK7W5Nxw2/Hkp0SStYu/8kWk0662JWkJF5hbLn0CYtPXB3tSV1RzTRSboqvT+qplh9XsuWJUTNYPz48eU/Tz3/BvtvmYfE5GENcOtmODdI44vPv2LT2i+IjYtj/YrdJudmHScvL0O38fwE5odHMj8klKTqJlGpNmDiRtdehieHpJg3iYyOZHaEoSdBjT1ifjtETEwUkasS0Lu0xav1vYblZp4eairzuvUuv7Wu7DoH0gmIXfYZqWot"
20:58:39.352 [Forwarding screenshot on session f38f5520-bd02-11e6-b34a-8d0186b048d8 to remote] DEBUG org.apache.http.wire - http-outgoing-0 << "JxNWEaPSVWxt2wh0h9i6Pwv1yd1EfJRAWWbO7FxJdMRsNiRn06yNNy2a2AKNsLV14z5fBflH97H/pIZq2fsyLEiJWqVCp+hJ/84Wuq8AThbbd5Gh50STVrRp6UrRyd1ERMQDjdDjjq+vgvyEGDbsP4kmaz+fxMRTc4VV5tenP5DE2+EbSE1PZvkb4WTUOhWDOrdts22oGX49nEH1Bct3p6PVqtn8WTgxa1agyqO8q8z5w3s5qdYaP+eTcSi90jwVPr17ARmsiNxMlkZLesIq3oqKYYXqkklvi5pbXt3SMbZpM3mzdJ9qGtgHH2D9oiiS1Vo06TtYFJ0ECl/auFVJ3yzDettGoIlbw+ZUNZqTu4mMTgKPPvi5WWpjNR/DLaA//uhQpalRBg+kbDBcsTqB6PmR7DhZdUKOPL6PjiFs/mekFjng5eNNE4BmrjhayGf33pauEwv3etPeJnqAZjRv0wZHfRYbPowhHzif+ZvZ0tsdPZv1GTqcg8bwIKdJTU0lOTmVLG1xeaKm5XRr2XdgULASzbYIojfvJ33/RuZFVdxrambd3yFl0BA6kU9aRj5eI4dWeVufHj011LOZ9mnfoTv+QFzkJySrtahTN7NsfRJnSxoYekhZbDdCCCGEMEd6sAjrFaTxYxoogwZRdeYJj8cG4bNCRUL8z/TwaAQuDibP4Y2qfG1ett6T0IhpLFgQTXRZ13yFFxMWhtIBSKZyOrZ2hodhgIBpszh/JZzYqLeIM+SA0XOm8lBnPcN8fiZuTRhj1hiW+/t7oFJlcKbAEBswnbMTqua1gmP5Qh35+aYRjWaGdbZg2k+irGO+YUkHXlk4gQXzV5Cpijf0GFF4MWHuK7eUXY2c/Hkq2Ivo+EzUqiQuKT1wRk1+1Vw3qtrVwPC527hZjLwwn9g0DUkJSSg9lKA2E0SgoozsfZ9i2qATRG+LZto2Q9d7pf9onqvyTbZT5ycslnn1ZVz9Q4hp/ZivK0PZzntrBQtCEgBQALpmrjgA3Ya/QKefI4iNCiUW8PLvhEKlQQ8EvDCToDPhxEYY1oGCoAlzCXCCrC5dQJVE1FtXeGuOZ7V5DHhiAMsS1tByQF+zryWvyLel9u3Ek6P9SVsfy7Qxhpz49PRHkaTiaEYu02a9z4W5bxMb9RaxlVKufB2Y/l71+E6+o4gO0fNmVCwLVKD08ccDFW7tW2AtR1dHoKTObdtSG1IGvMfFq/OJjQnDGPLDf3Qo43ydAG96eSnYFr+G+YXOfPn0/XiQwLaYMIoahZefo1vncYSNLSJ8zRpCk9YA4OwzjDlTgwDtLW3I3OfapmPapt3amOZtOdNMxo2Zu091sHcj9P/Zu/u4KKu88eMfqwFEeZDUKcUSLKRQDFk00SJTMy1X87ZMM9uf0mpKFtaNWmoUWMp2Sw+ksKF3kg9Z3K5GRRquTSqg7EigFKKC5kjNQiMwgjOM6e+PGWCAmeHRrPb7fr1K5no41znnOudSvnPOuSx1GBc5D0vFELmibg2Q1j5DzSPU3L1rSYmNJMWSTtQK8xu07LcxLcNb7Jc+TJjsi3pXKeMfCKzfWv1jIar8LGrvfYLxjeYK+vDXqGnExKUSG2Hul7gHEvnsQzhT7TCfjv4e8LNXh8A+y30JfOgxfFXJJETOIQHzG7N8XfIpPnYcpt9cf/8a+ouOk5Y351SpknlZ1VCKEZEJ3GNVN47ufei8/+EiK0lMiUeFC95KwM6jtXXPNlv8eHCCN/npJibeF2DjHD+H9znsFtt9B3yIjJtP7MpE4iKzLNU+lhULH+di/9N20xusaP7MEUIIIUSDLleuXLlyrTMhhE6rxaRQoPRyPCqgKaNOR4UJPJVejdYH0Ou01ND29DqfEZ22AhMKlMqO5cWo11FhUqD0sv/eGkfMdeKJ0quNQ2iMerQVNShcPfFys3/ur1/n5rrFVYmtKjG3Kdvl1et01NhoNxj16HHCzdl2OXWZScyLP8D8hA+tFnRumd32rdehrTHh6qnEVtWa69S1Xfdcm7OZtV8qWLJiunnSmT6TiDnx+EYmsLjt7yW3oQ1t20EbMvdh+3XQuqy0ro3+auk0TdbOc6q+DhXtu8egI+HJebAoiYhA0FbbeD600MYc2R3zJMna0SQlzGmYuGgsImZWDAFxyUz1sZWgrTK1Ip84/nvAfh02vi6dfO/s05O2OpYTAXNZPMkcWtTsXk1k8gkikjYQ9mv/1dPu+2ynDXag3QghhBD/yWQEi/hN8FK27xc+Zy8vm2//cfNSOnh97q/Jud1la5aSm+2ytla768TZDaWy5TN//Tp3XLeO9rl5ednOq7Ob7e3GAla/sBq11gD+sxnVxhthNy9uXjiq2o7UqasrFOenMi+yiLH+3TiakYUWbx4d0DntsU1t20EbsteH25aV1rXRXy2dpsnaLWMnPB8McKHGBM5KlLZ+EW6hjdmiz9vOsjdT0RpgRMRDjVaF0p/M5ULwI4yzGVwBu2VqKZ847rMtt5POe9a2jhuulJKV8jJLCsLw5SwZ6mLwn8HQaxHXb8d9NrNTb+1OTwghhPjPdn10dHT0tc6EEEL8pv1SQVHeSW7wvpfIyEft/oL4W+LcO5BQHw+qzpWg0VahDB7D3MURDFdKXP2P4xIXa2u52f8ufG/svEZZW3WOYycr8B/zF+Y/dEejb2Kcew9i3Kg7Wnij0K+Tz2vNd9R9eN9g4NzJM2gvdyd43KMsWTgBz2udMSGEEEJcMzJFSAghhBBCCCGEEKKD5C1CQgghhBBCCCGEEB0kARYhhBBCCCGEEEKIDpIAi/jVlORkUqK3fDBqKSoyv8+yKC2BFWvT0Ns/9Vel1xRQoDW2+/yCtARWrN7e6G2d2pztxKyIYXuO9VYNm1evIGl3Ubuv1ZyO3UkxRMx9koiY7ei0OSQsiWTuk3NZvaOgE6/zW2ZdBylsXxvDjgLdNciHnrRWXbu1x/2aeWrSX6+x9vXJ9ter9TOpaHdSi88nY8leYlYkUGDrIGMJG2M6fn/r86TNYe2KGHYXdfbNaVJfVs9oh+UTQgghhBD1JMAifhX6nCSi4tbzgwlAz+YXInh5RyEA5WdyKcw6Q801zaGFPodlkdGkFVa0OwkPp/MUqj/jW03Dtm+//Iz8wnxSv/y2YaOmgF3qQs7f4NqBDDemy/mE5Ix86OOHb9+eFH6yCVVxOT39bidg4M2ddp3fssZ14MEPWfkUlJuuQU5MnGjVtU2cycqn6FfJY+vy1Li/XmPt7pOtrf/mrJ9J5QUZFGadwVEq1eXfk1+owualqn9kX34+pys7Vpl1eSo9dYiswnxOlHf2E9O6vho/o6t//J78wkO2yyeEEEIIIerJ6yTEr8PJ/D9Xhflj7UVw724OLCgUgIsCxbXKmzUnuAh0d21/0MP7rlBcyKfglJbx3kqgiMP5BvPO/MMUMR4/QHM8F1Byb5B3J2TcTOEE4M7TMSsYAuQlbQWX0axZMafTrvFb17QOjE/cD87X4n2jXizcvLF113YBp1+lA7QyT0366zXV7j7ZhvqvYzSCszPdXLvWP5NCF24meLGzw7fmeIVEsHnj080uZQScu3XDA0uVdkDdc7LXzX1w6WBatlnXl77RM9p8cQ9cu5k/GqGNbxESQgghhPjPIAEW0UY60tauISWrGAAXZTDhSyMJ83YGfREb494hvdA8rNw7eBovLJ2OR95mFsRmABA3Zwn/NdGJ9CpAFceTZyczx9c6fSOZ2+OJT1WbP7oHMn/584zxcUNfsINlq/+JMqAb+epiwIURM8IZUvEFienmz8HTFrF0ekgr0tmPd0B31GrzN7S+I2azZPFIvlgahzlrc9BOXs7y+6qJX70etdZgOW4GixdPRemoipSDGO4Ch46egjAlxqJc8nFhwoxRpG/LILfIiJ+fM8dzCsB9NP5ejstt6x7s3fgeien5lmP9CV8SSUjlTubFmes59tEnCQrqTW5uFZDOo0+eY/m6FfQrTmPNmykUGwBcCJu9lIhJAYCO7StWkk03yguLMXhPJil+Fl5WV9Vkbufd9amWc90ZG76YeeMDAA1pCUmkqMx1iYuSsbOeYd74AAd1PQkvh2nar4+8zTG8f1xBt1I1"
20:58:39.352 [Forwarding screenshot on session f38f5520-bd02-11e6-b34a-8d0186b048d8 to remote] DEBUG org.apache.http.wire - http-outgoing-0 << "xVUuTItex/QAcz3pcjY2qoMJUdE4pcZTO+015oTA5iUrKennj06lQoO5/T6zYimhStCXqHj/nRSyNFXmYngHE74okjAfZ/I2r+ADjQ8Dzu9DVWww53X+cuaN8XFQNzfzycqVlmt7OUjfUWOCgt0bWZ+cXj/lzLoNFu1NYk1iBuYUlYwNN9e7UZNpp93qrPKEzb489OdPGvXXyKQ1DK60l/dqh3UKevZufIsP0vMxACiDiXhhIWE+bujy7LXFxm19c5M+GTOrn832P97Pq9m51mV1lM9G9eXui7+7FpwGm+t/Zxyrj/jwt/m9iI36mHui36pvb1pVEi8maHg6ahCb3jnG/LdjCPFqfF/clS5UAYMBfcF2nl99jPnrYghxA4wFxISvpe+iv7XQRqzCGT1vBOCOAUocPo/rGPOICX+THn95jYgxPqDLYcVz79DtkaUsnRoA+jxWLHgTn0UNfWV4cXyjZ3T0NAAtn8avIM7Sj71HzGaFpR83Zv95IIQQQgjxRydThESbFG1fQ0pWOTOiVhEXPZ/+WjUJyz5Ah5ak518mvbAbs6OiiY6chkmdSuSKHTgNmUj4ZH8ARsyexsiRo1ACLv4TeGbmsEbfhBZsX0niuOAnAAAgAElEQVR8qprgaRGsWhVFmHs+iVErydGBqaYMrUFLvro786OimBbsQda2BBKP9GB+VCQT/J1Qp24lR9+adDSo1RAetZzwCf4UZ6XwSQ6MnDIBAP8J4Tx+Xw+2vBKPWjGK5XHxLA8PozhrG6u3t7SWiZKhw90x5B5FD5w8nA0E8MBDDxAIZOeeBLTkqQ0oRwbj1UK5m8pJWklier752OgIRnQtJPnllRy98QHmTw4EYOzscCZOfJwJ/i7gEkj4M3/GqzSN52JTKO8/geWrVjF/gh+qlGjWqsxzmapLtWgKiwmaMJawwf3oZn1RTRrL4lMp7TOWqFXRzBjRlYzkaLYXGdm7OpIU1Wkmz1/OqlVRTPC7SEbyejL1jupa5zBNR/VRW61FW6imun8YY0eMZtAtDUEoL//GdTB6QDcqSrVUmMxzG2qrteSrVAyYEUFUxGQ8tGriE9IwUkBsVAJZpgAio1cRHTmDnho1Ce/sRA/UVp9Ho04nt8d4opZHEOZdRUZiInlGR3VTa3Vtx+nbo89LIjo5HcXY2UTHrSJi2giKs7axJVML+kzWJGbQc8J84uJXMSP4IhnJ0ah0Ooftti5P9vqyqUl/9fdqqW7s1SnkbY4lMT0fv8kRrIqeT2ClmoSo9ygucdwWG3g16ZO+dtu/Skszrbv3Gt6LjEd90Y/5y6OZP9KJQg3Q1ZxGTcVpDKUVOPkE4EsVqTsy6+4OX+3MwOA9kP6UUWUopQbQF2zm5cQMugZPIzo6iiBzaAkT5v5QZSilpm6qTXUlpw1V1LSljbiF8mZcPMOUjp7HVpx98elpQLUnFyOgPbqfQoMB9f5c9IDu6H4KDU4MuKVHfX3dEtT4GV33LCi09OP5kwPRZKWw1cYDytHzQAghhBDij05GsIg2uWiqBWo5fbyEgSPvIiJuFZWKnnQr+IqMKvCfNpORA3piYhwzJ2QTn/452bqpDB3sDbvOc899IfRz0zPUPZmDysGEDvEjJ7sudR0H9hSD9wSmjxuMogam/GUaqthUDhXqGGCZrjAjbgVjfMDodJRUdTrTFkUyxs8Zo9NR0mMPU2PScaQV6cyOi2G8DxDizoH0KKpNJnzuHowyIR3l4FACvE0cACjXUFj8IyNDZhLn8wCKni2vZeI/NAhURyk26inM1kDww3g7+zAsEJKzj6Gf2I9cYPxw3xbLHRJq/R1xCXsztLiMiGDp9DAAFr+hYO6ceDK+rSRqcG8SdykZel8Yd7lBl0MepJ/uTWjoEAqT3seAO7OefIibXE30mzKVEQfzydr5NfqwiZgAlxERLJ4T1qw8OXt2Y8Cf6DXzCABCFr+AKekgvq56PO6dz/wxvowJ6YNOW4a/X3/S87WYrNZrsFXX9tPUOqyP4QAEs3RFBM0mV7l5M8yqDnzcGv8CaLpoLmPEVEsZC/cRd+AMFcZhTA4PRxEQSkgv0JaZCPYHzekyq7WBRvDq0ll4A/5/KUQVe5iKakd1U0tZ3anGnq1Ivzmnm0YRHu7PXePD8NTpcPXtiwuW6SaW+i0/d5Iffvblvr++yqByuNULCsFOu224Kfb6shdejfqrl1HrMO926xQt+3cXQ/B8Vswy74t6DbYcvMTx9DQHbXEW1uO2GvfJclbba/8HCwiban+UhL18nssrIwuYvDiKMQHOMGQ5lSWz2FZqfbYC8Gb8NF+yUr8kxziekLJMdmtgRMQ4urOz/qij+/YBI1ixdDpKIOCNKArnxFmlQ8N0SOspWG1oI0ofc8svtnsPrbkx8v5AdqUc4iRTKc+yBIg1R/kBKP9GBcrJDFXC0boz/EIbPaN1OfsAmGHVjzN3RXG2+EcIsb6akX6teB4IIYQQQvxRSYBFtMmQWS8wTfM/pO5KJmsXmKflPMNf+pkXoCxMjWVeqvUZ3igAUy3ARcs/sk2WX/Oa/ItbfxZNFVCVTtS89Ea7zhaeMo+xx52bPMzbqmtNgJJ+NztbPpu3K6pbl86NHnVbPfB2gWqAWhMXAUw1gJKZS+ajeSeR1MRCUgHcfZm9eAnezcfFN+LlPxR3VBzNPsxRLYx4dBAAAaHBkHiEzMwyDPgSdJsb6PMc59c6wKIvRwsMv9u/YZvbAIa5w4HT5Zj6QUM9Q625NJaaVgBakl+OaJzZrtXmX+BqwS/gFtsFMl0E98E0hJZ8mD7PPLdFXwPb34kiMc76BKXV74526tpemvo8PnVQH8O5CC49sLciR+O21oTNMipQOCvxqD3B2shkGhejbm2gi+DSrf6aprq25qgc6DhUt6nF9G1z9vSgIjeZiOSE5ju9Qlk0+wjvpGSQkG+e0qMMnMCi5+e0qt3a68uR00Mb16FbC3m3V6coUDiBe/euDeXxGcMcH8hJ+hJHbbHRxDjrPtlC+3fITj6v1NYA7vjeXDeWzpkBPko43TyJgHETcU9NYG+2Fo+fvsSAPw+HKSHHKkVFV6C24enm5s/gujZvQ33ttKONOLqH1iMDfYaF4pKSSG5ODhp1FSNmzODstm0cyszk32rwnz2ycZ3bfEY3PHvBg77usK+sskmOnLm5Z0vPAyGEEEKIPy4JsIg20RX9wE1jXuCTpb0oKVBzMG0ru1I3cNeikQCMjUpinuUbTb0mh69zaxhgPdek7l/ZtVgWTrTidhNKFygMmM8nS8eYtxk17N1TQM8gf/jxiI0cXWwWp6Fb29Np9ru4whXQUfwjPL5iMwGuZeQdOczW5G2krN3JyA1zbKw9YMXLn5FK2JX8AeDN5KHmVVu8g0agJIHk5GLwn8FtzoBzC/ltVEceeAGHsguJCLWsBGP8ieIq8Lv9ZixjF2wymaoAf6I/iaHue/6izL2UmG7C01IH3dw87JwLVJ2nEizl1rFj7XuUDRlNdWIi+coRRMU9gb+PEnKSmBN32H4+WkxznMP6qP3cbtItslfG6ryNRKeo8B0bzqtTQvBWeqFa+yQJrXiztf1yTKg/Rt/O9HM+eIVUNUyLjGbc4AC8yGHunDhQKDDqiih3Hcrrn0Sg0BSR+/V2Enel89mRkYzBXrudUp+2vb6cPS7UHIMEULScd0fthlqorW3oXcaS3cQmnmDQTY7bok0K11a0f/vs5dPJyRWo4my5EbzMYYnyf1faXpXW626m+CeQ8kkC5ys1KMdG4geNpuSYTBcBJ6uAQjGFBhhg3mkpS93FFZYQaPvaiKN7GGb9gFIGMVoJuxITASVR4+6jeP82UuPjASXzh/k0KQW2n9HW5cRWFWl4/+W2PQ+EEEIIIf5IZA0W0San9mwgIW4Z23NK6XnLAG7uoQC64n7XaAKBjMT3UBVp0ZVk8tayOFJSMqh0pu63UAoPF2DEi9sCXKg6up/MorqFE0yYUDJ4uDuoPyBpbwE6nYa091eTmJKMuukXpQ51IB3LL0Bnj3xNkeYHPk1IJDrmffJqXPH1H0APgJ6edAOKdm9kddJuO2toeBE81BsMBvC9m8F1Xw97DcYSayFw"
20:58:39.352 [Forwarding screenshot on session f38f5520-bd02-11e6-b34a-8d0186b048d8 to remote] DEBUG org.apache.http.wire - http-outgoing-0 << "WJDlW+a25NeP0GAXDFnJbFQVoNUUsT3uHYoBP6vXMNsavOF/z0igkOS1aZRodRSoNvJyfCLJ6nKrb7ttj+MffM9oQM07CbvR6LRkbn+PbVn5KHp2M38z36Mvt/TxpKZoL3FxGUBXh6+1dZxmQCvqw9Ri+vb3N93TkFaPPt708lSQtzuBhCyD1fAC+9e0X47ezY51nL69rPbkpltuoZuphO1vJVIF5qkZPx4mMTGetRtVmDxuxbef5XoKvcN2W8deX1YoaNRfa1tZN83r1IvBw5UYspLZnFmETlvAlsRkCovPM+D+1rTFuqSs+2TPVrX/Fiq00WenIaMIBFLXv0+eRkeRaiOJakOTo+vuvTP3/XkCaAspNrgw/qHQZlfwHz4SyCJh4140Wg27E7ZSt7JMt569gCp2bd2LRlvCjvhEywLFDdrSBh3ew0a8GHW/P1RVgXIw/m5eDAq2rC7ufTfDmq3abesZ3Vxtsy01bXoeGDWZJMSsZneR+Slq/Uxtuk8IIYQQ4vdARrCINgl5ajFhp1aTGhdlnnqAC2HhKwh18yE4LoLY2AQS6ob9u/gSvioKP4Bb7sAbFemJ0dR0TeKhoCBQZxH/8nmeGNsVPDxxBcIiXuenCzGkJkaTYblm8Iwo5gS4oc8z//JQR+Fk/3Nb0gHzF8q1AF4DGOnrQnpGCjHVEbwZNY2YuFRiI1TmA90DiXz2IZyBytMHUR8IombeeGy968c3OBjSNfgPD7La70Xw3b6k7ypnWFDD62Mc5bepMUvf4MeY1exKiMY8gcadCRFxTPdzQ5cD0NXq9bpd679m9hoyh+jZNaxOSSEqK8V8pv9kli8MA3QNdWCD25BZRM/+N9EpyURaqiJwciRPDAmicEYw+dtSiZhlbhH+I4JxyVJztFDL0G7269p+mm44D7FfHzkHuoKHawtTDhrqwLpczctoTstzyENM9j/IrpRoZqUAeBMc7I1aXcgpfcNxiqbnOixHdz6oL6vj9O3VfeBDj+GrSiYhcg4JgLtvIL4u+RQfO47z9EeJmHCchPQEItLNU4iUwTN4IvRPoLDXbqvrr2W/L9O4v0bGtjHvDXUVGrGUs+dXkxr/Mrswnztj+UL+NMTLQVtsolGfdOdDB+2/qdbcewV+PL8qnJUvJxNruYEugKGnp2VKWON77xbyACNc0snq8zD3WRYBsn72eIXMYfm0fxObmkhkOuCitLxWWYGz30TCR2STnJFIZAbg7Y+7JcTSUhsx58Oz0dQ4h/ewCb9ho3DfVoj70KG4AbcFDYVdxQTeP6z++WRdR75Wz+iXl/tgKxro0ew93n782cHzICy0cSSn+ocjqPLVuD5oDr9YP1NNTfYJIYQQQvwedLly5cqVa50J8fuj1+moMYGn0qvZN846rRaTQoHSq4WFSox69Djh5tzsO2uMOh0VJhOunkrcmu9utc5Jx4hOW4FJ4YrSy1YopfO0Jb/mY23fA8cn6tFW1KBw9cSrrZVSd66nsm42hZleh7amnfVsL006rx20ll6npYZWtF1bHJSjY+mb2x/27pfd+9m6duuoL3c875ac2GurHWiL7W7/9lO01LOSTunmlrJ5KpXN8mfU66ioAaWyeV22p55bew/bzMEzuoUMtf95IIQQQgjxOyYBFiGEEEIIIYQQQogOkjVYhBBCCCGEEEIIITpIAixCCCGEEEIIIYQQHSQBFiGEEEIIIYQQQogOkgCLEEIIIYQQQgghRAdJgEUIIYQQQgghhBCigyTAIoQQQgghhBBCCNFBEmARQgghhBBCCCGE6CAJsAghhBBCCCGEEEJ0kARYhBBCCCGEEEIIITpIAixCCCGEEEIIIYQQHSQBFiGEEEIIIYQQQogOkgCLEEIIIYQQQgghRAdJgEUIIYQQQgghhBCigyTAIoQQQgghhBBCCNFBEmARQgghhBBCCCGE6CAJsAghhBBCCCGEEEJ0kARYhBBCCCGEEEIIITpIAixCCCGEEEIIIYQQHSQBFiGEEEIIIYQQQogOkgCLEEIIIYQQQgghRAdJgEUIIYQQQgghhBCigyTAIoQQQgghhBBCCNFBEmARQgghhBBCCCGE6CAJsAghhBBCCCGEEEJ0kARYhBBCCCGEEEIIITpIAixCCCGEEEIIIYQQHSQBFiGEEEIIIYQQQogOuuFaZ0CI3zVDDefKfwFnJ/r2cr7WuRFCCCGEEEIIcY3ICBbRRjXETUilr7vt//p4fkFG2VW8fOVZHvZMZdxrp815GZ1Kn9HZtPeS2W9n0Of2HQQEqThisH/N6Z7m8k1ffbZ+85ENKvr2/oJhd+5m2IA0xr18ul15+Oa1L+zWZ1/3VJ5af65d6bZdw719+LWzLR/exnTt3acyVTZ93VOJzajpxGsKIYQQQgghxK9LRrCINqu1BCKuDHBhqCcYrfZVVXTF6ape/RfKgAvWF61of2q1lQa6aC9zvkzPT3rAxdZBtZy2/HisvNb8Q+VZVr7QOFzge4dr+zPiwL9O2Yv8XAWWSxmNv3RqsrUGWrxPtXTuNYUQQgghhBDi1yQBFtFmTsCV61xI+fphxnr8yhf36M+hn7zB5QagM0Y8NAzishsY6nUzqxJqOGsE5V03m7dZzQYaFTOC7c/17XBOrlx3AwsSAhjU3Wpj7S843dK7w2m3zvVXLeWrG3QTQgghhBBCiGtPpgiJ9qt1vLtEVcC8CZ/VT3UJCPqM594+RaVlf2X2t4wbvY///fhbpgfVHfMFiaoKSjKOMM6zblsGW9SWYErlTzw34TPmNZs2U0Pi018wfIKK7Eob26dlU9LechoukL1by9fppWSfukCluoDpE9TkXjbvPr0zj4enZXLUAKAn9bV9BFjy3uf2z4jd3NopPk7cO+12pkyx+u8xfybe7QaGn4ia8AXjRn9BYnZDYCl7vYpxoz9j+rNHqQQq1UeZPvozHp6g4n8//pangnaY6/D2z1jZJB+G46d4bsJOy9SunUS9XUSLOa08x3MTdvLw09/WT/fJXq9i+Oh9fFPp8EwHpW7OUHKalU82tJ3ho/exJVtv2VvD/z79BdNfPMKWt1X1dT18WiZHymrY+VpG/Xnjnj7CcesBQGXniH2yYUpWwOh9pKplapIQQgghhBCi42QEi2inS1y4cAnc6meVAODiYm5SleojjJpUDMCo6Tdxq0s1n3+oJ3VFLoabPUl67EZqjQa+U//M8vCfuTLAlXEP1JKxp4aYSRnEAFeC3RjncpGMgxX895hDBFaMZnCtge9yL1EVamqSH1du630ZzfYytu2r4O4pnubNJT/w7ic1nJ/Uj5vbW1R9Daq0Cr67DN4Da3jW6zwH1Jfqd2vUNZy9zsApfQ3pj+zm7YMNp3bRGli/IAtV8Z/4amV/h5fpcrmG7H/+RA8lmEv3CwqvHgz2cQW9gdysGr67DCMuNEylqS3T853awJWKai4ATuerOaA2AAZyDzZMYarQGtiwIIued0xiUbAzaE4xaXgu312uu/Yltqw43orKMJGddYmzXKD2ffOWC6d+5mwuXGgh4AZGvj9ega72F0tU5RfAifNnLzU+rKSQsKBjaC6D9wO9COtRzZbtPxP1wG5Kdoxn+djrKTtZwwF1MQeAOx/wxOdUBbl7Spk0oBSAoMmeGLMr+G57MbN7e3FoVX8oO83Dt/+L3Mvg/cCNhN1cy5ZNP/Pc6C8o3TORRXdfnSleQgghhBBCiP8MMoJFtEuXy5dYOGQnfXvvZIDVfyszzKMMcnb8AMDcHRPZ/v4o4t4dj3qvLwDf5ukbpeU5+TbycieyKXUK7/3VHKC586lBFO8bz6b0h4mdfB1QzdkyHM41GTvbB8/r4JPNp+tHyWR/eoaKyxD+VH+by6u0ilPDjCB3oFfIIDat69Nw3ZfuIHlrCP0OflsfXBn14iAOnxpN7FPmqxasPcZOTcuXevvxAzw4+gCTRh9g0ugsxk/NN48UcWo0K8lKkylOioY9V4JvYlveeLatubF+256v/g3ANxu/rw+ujHpxCAe+u5clk1sRb/Xw5qP9o/js0BDqJkWFLBzFZ3tHEdLL8aldTpUxIySD+0fu4/6Qfdwf8g33h2TwXwt+sjrqElte/w7NZRi7"
20:58:39.352 [Forwarding screenshot on session f38f5520-bd02-11e6-b34a-8d0186b048d8 to remote] DEBUG org.apache.http.wire - http-outgoing-0 << "ZgSHUsOIe38ih3fcCsC6Z/IooWHw1LR19/JV6lg+yxrBKEtVPPPRWD77cCxf7RuC93Vw9oufOAd8seZbci+bzzmUOpq4d8dz6uBAvK+D1a8W0s4BOEIIIYQQQggByAgW0QGewW786caGESzVP0Of7uZ1PMaueJhvn7lIrfMvHFef4+zZCo4c0AHmIIW1GeF+1P1u7uXuBFwibNotloDIDQwIcIG0yy2v4zHQh6eCvuetDA0HNXcx0buCHQl6rlx3I4+OdeuEElt4eDJ2Wj+CIkrJvQy3j7iNiWHOZLycV3/I4D+5of3hF+64xws2ldLlsoEj+XqmeLcxHxcuN5uJ5aRo3VopC6JDuNfHGf7fbQQt+5ncy2DU/wLU8M0+8127MqAPCStvpxewKGEwaWkNo1psuwGfwTfhY7XFw6c3Q33snlDvynWuLHj1JpwuWi1m2/V6ak/+xPpNddN0ain512WuKHvx0jMN69r0HRvIkpFnWJ1VwfdlDesATZpkWZ/GpQfBQbBf04f/N9Eyesn7Jib55LEOcELPkbpRR8ZKvthZSS3g5PSLuT1mlZFXCff+2msKCSGEEEIIIf4wJMAi2uXKdS6sTx/PvfaGhei1vPt8Dhv2XLJzQINaU/O3xzTaVuvwN34rrkyeeyNvL/iZ7V9XMHHIabZoIeBZHwa3MoVWs3rLTq2pFnDGyblhNMn6x7NY3+SUlt4FdOU6F945dD/jvKyXt7mepgNDTpysgjBXoIbsfbbXD7lynQt33+ncLK916oNVJTXowHwND0+CfOC7Uy1ktL18evHsc0NpGsMwZOewftOZhrx5AiXX073RUc4MC3OFLOtAWzeUTYf1dL/Oav/15rQqLD9btqZG5pHaNG/XXWzFFCchhBBCCCGEsE8CLKLdLth7rTFG3pmdxYaD4D25D4tm9OGOATcywOknHgjKs3VCpxk4yYegiJ/5aucJthSb1yCZ+bh3K868DqcOvuqmloZA0Nz4QQx1g0v8gl5/GSc3F+4I7NpiGp5erni0MNWmtLguVNP+t/7UxxKCPLip7mdDDbntXgm4NX6xuS6yvkkAqBbAp+nsxUucKjAATg1p+HTlpjbM+6rF/Kamd/aPYUT3hrzUXqilFiduaaHehRBCCCGEEMIRCbCIdrMfj/iFKoN5FMXfPgzlXsvW7Lcz0VyGO20vJtI5PPrzl0e/JXf7GaL2wJVgbx4Y3HIz73K5hs9ST1F7s/Xokcs4KXsx9rbWXVrp2436cSpuXkx5rDdHN6gY/8LP9PNxYX7yLQz1bn+XM1r+LD1eYV6XJbuIr3Lbk5IrQ0NdQG2gi/oMqzb3I25WD3bGfdfC9CAzQ6URI9fj4WEpi+ESlcZf8PDojBt7Pe4u0OVUKf+boWd53dSukpO8k3YZcGNALzjWjnR73mheO6hQC9MGW6YRVZ5letAh9uPJjp/Gcne7F+oRQgghhBBC/KeTAItos9omfzZ3Pe5Al8sG3nvxCBce9ODklydZ83fz4rZVZS1Nlml7XqyFzeoL281TTsbN8qWvjWNs2RKZy5Ym264o+5CT2ac+uGF94abbBk+7g7ERB8i4DBvCv2FDuHl7F+BsSTdCgzsQgPDoTVgQfKeGij0nucv9ZLNDanG4BnAjE2f74Pne91Rchi0LDrBlQStPLDvNpNv/RYFPH3JyQ+kLfBP3JY+vvUTyiSlM7PAoEGdmLL2VNZPOsG7aV5Qt7s8dHrX83ysaNJfhnpjbGIjt++54ho8zf1l2GzF7TrJ+6m5OvHgbk3wv88mrxRy4DAEv3ibBFSGEEEIIIUSHyFuERJs5uQAo6G73t3ln/rpxCKOUcODvxTw9NZfVydU8EXMrY5Vw9sMfOWIVY+nZJKEr112Hj7Jhm5PTdTQ01etxBtydzT/3vJFmeoX58oTSPIJm+p97Oy6LUwvTbLyvw8nperzqSuZmOd5qW31OXW5i04nhPDGycbfyHNmLlNyRDHR8JRx3R1eeffMO7rQ6xPOBXjxR9+Yfz+ubBFdsp1Wf/4EB7Nl1W6P0gqb3IkhpOc7ZTr24KegD4Kmwut51wA2tDu7YU3d+r7AQ/vmRLwFcJvXNYmJWaCjgOqbF/IlNz/XF3n13dwE8bSRs2eYSfBcH0m4jSAkZb57kuQXFHNDCqGfv4IMWXqEthBBCCCGEEC3pcuXKlSvXOhPij+oS50ouUMv1ePm4NVvc9KopO83Dt/+LI5MGUvzh4Pa/nrkjWdBUcMEETt270rdXZ86JMtcpiq709e6MdI2cK7kInZ7PznC12k9Dut293Oglbw4SQgghhBBCdAIJsIhWW/vGd/zPG99d62x0mtBRvcg8UHats/Gb9J9YNy8su5PFy+681tkQQgghhBBC/E5JgEX8YVSqsrlzkgaAK5MH8v2Hg3+9UTNCCCGEEEIIIf6jSYBF/IFc4mj2j2iNzowK631NpgYJIYQQQgghhPjPJAEWIYQQQgghhBBCiA6StwgJIYQQQgghhBBCdJAEWET7XCijpPQcZRcMLR/7G1RWdpqSsnNUGlt/juH8OUpKT/9uy/xbVVl2Gs15qVMhhBBCCCHE75sEWESblXwTTZcXhuP76j30fmE1mk5O/+jnc+ky70G+Og9c2Ms983x5Kedcyyde2M/4eb50mefLq7llzT8DXMhl8TJfei+/H9/l9+C57A1afleOgc83zaTr0nvwffV+er9wJ28VVnWskC2UY2pdvnM6500+jer0N+U0ry6/n34fHbzWGRFCCCGEEEKIDrnhWmdA/N6UkbIzBehDZNgUArwfxLuTr/DTT8eB7vWfK1p9Zi01lp+Ml2rBVE2p5XPlxVoAyr7fRbyu4YxbvW7EqaVkz3/N0sxsqw2BBCjdW52rNjPV1gd9jNR2SpI/lbciQHUtlKqJB964O/Ba50QIIYQQQgghOkQCLKKNnHF2BpjC2pkvXpUrjJt7gCtzLR8utO1cV+sPPYJJeOJv/HRJwZ139AXg5Ilvzfu6zebs2ujWBYdcu9EHOAbER37H8/5X6f1ERgM4u4Br98bl6AR1QSQnS8IGI7g4d/JF2uH40S+Auwm7s9e1zooQQgghhBBCdIhMERKtd+EQC5eFsUwHVK+j/6IHWXesjMpTn7I49kG6WKa1dFk0ioWpezGvqlHGujUPMnVDAqvfnWI5Joi5qV9y/NjW+ik8XRbP5MNC87iNkm/eYPDiBaiaBFeO7l7K4EVT2NBoes453lozinvWbqKyWX417P7m/9j+9S6+1VaRtTOSGap8877qXUxYNoW3jpUBVXyeGsng+vw/yEuf7wegsnAT45ctY48lyf/bOoWZGz7l38f+zvjFoxi/9u/1o00qm2wzf36Q8Wui2ZAaSWzpCIwAACAASURBVH9L+oNXLuWrMqs1R84f4qXYB+my6E66zBvF3L+/XX+9unqfu/hBFm56g5mL6+prCm9lFjWqhw83zG24xto3eGvDTO5ZU5c/F0DLro+WMnieL10X+dJ/8dz6OrfneM4mZq4cVX9vB69cwPb6c8pYt3YK9yybwsJN0YxfZD5m4e5jQBX/2LqgIT9rolm9fi73LBvF3NRDlvMNHMjZB/3GE/QbCPYIIYQQQgghREfICBbRegoldw8eT77qYw7Qh6nBD3P79Vk8HPc8B+jDsnGx3NG1lH/sXce6r56m94BDvBIEVRVF/KN4Lf9wvps3Jiwg/9AWNn61gI1fwaiBTxN/41kiM79k9t/fY/TaaE6eUHGsGi6YAEXD5W+/7Q6OGT8m5quvmev/ZwAMhf8gsriUR8b549F0uItJx/6z2RwA/PV6bvo5hzP1Oys5psvnh6pa/vHuI0w9VtpwnrGINz59CnXlJjbfXsKe6oZ9B7RFUJHJkqEe5u2an6lbJ7fW9HPjbaaf2VNdBMVF7CluSP6Y9mMeeNeXitf+iofxGHOXzmBj3U7nUjZa5wXAdIGi6iIOZBYxaOACdvzJnQ9TVxO56UFwP8Tzg9z4cO3DzD5eyaiBTxMzUMHmT9cRCdBtMA3r+FYSn/kxM4YtZu4N3/FW5pfMjn+O297ZyggbAY7j/4zEf/uuRtuOab/k8fgvKQzfzyshTpSV5XNA"
20:58:39.353 [Forwarding screenshot on session f38f5520-bd02-11e6-b34a-8d0186b048d8 to remote] DEBUG org.apache.http.wire - http-outgoing-0 << "Bwcy8xvu06238PmGx5h6uCEAdKw4hWX12bDcJ2MeH5+FGVNH0NKYoOivo3lV9arNfa+EvUL0fdEtpCCEEEIIIYQQV5eMYBGt59yfJ2dG85AX0G0KrzwVwbAu58G5D/HPfsHr02by5EMvsnXOAsCyDgpYfsEfzdevb2XplBdZ/9hjANzqG8v+xct4/ql1fDasD1Rnk3cenCxhv6Zro7gMmMgbSjhz7COyLFGD9H0fAX7MHTO8eX4VjacMjZv7BR8N6mP+0G02hf/zLa/3yWalJaCxYOqXXEkqpnDqZAD2qNZz8o5oKl56i1EA+PHRS4eoeP0l+lhXi62qavJ52RPmtD8Ltaw1cqEUPVCWn1ofXIl+6kuuvFPMv/48uVk5AOi3lAOLX+SRe//KjhXrGAVE7vwHlWV7iDteya0DY/lq8TKefOhFdq9exwM28rJg+pdsnRvB80+tY1OoH6BDV0NzxkMsswRXbu33NPmrv+Ni7DYivSx5/fBdjjdKO5CPIj/l66c28YR3Hu9Ygiuj7vobFUnFXHxpHY80uUTld/vZgweTB/vZyEBj0fdF80rYK822S3BFCCGEEEII8VshARbRRnrLnyZqAQ//p9j/eiI3n3yPhWvnMn5ZEF3fXdfoDGeAbrdxp2XdWo/+QQwCHhoRWn9M9xvMOx0vONuL6WMnA9lsPnQOOETit6XgO5sxPVqTd3ducu9pyZQzXt3d0Zcd5Zhlb37OGmbGzmXZwRzLFh06E3jc2K0+UOPl3guP7rYXuHWyHm7TSCDjh5qDCKOCzaGaumDSd99Z1oRhMo+Hmo8JHju1PjhiLfL+h/Co+9Ar2Bzo0v3M6dMFHAOm3h3WMBKkRzCjvazPNgB+TBnWPJhhs85rLtRPfZr5UDiDe7jg0ms4iyeZg2MYv+Wk1RuJBt01n+n+gwgLvYdepobFhkP+dC8egMutDzJ9oAfWDh/ZCc7jGdaHVmkaZJHgihBCCCGEEOK3RKYIiQ6pLPw7Q+JXcwa41etuxtzyBO8NLmah6kv7JykUeAIeXbu1+Xo+wx/nkS27WJeVwZwbStgDRD8wrsUpJs3Uz5tpGINxttr8ph1XxS3M8B2IweSO0yWwGzcBcG7YefLM97aP8RpeH1yqNZnqNzcKbDg7t/w2I0f5gNbVganlQxxdy1lh+yqeTrZPsD76QqNrnyY9r5RBQ8bh08osAY0CKhJcEUIIIYQQQvyWyAgW0SGHD6ZwBoh/9hCn39jKhmde5NH+dSM87IcMzK9ebscriJ2H88wwPyh+lf/alALOk3k8qP1voHHzurH+55mTNrD/jS/5+LH76KpwZ4hvCLe09DZm3RG+uwBQxaHjR2wfY7S9GeDOO++yHPMxKZmnATh68PPGi9xafPWvow0fLuSzTwd43Uj/vn7cCmzNzqB+6dzzlv3t5lQ/aiftwBeW0Syn2bK7bk2WO7jN3qghhdW5/9zOcaOBkty/80Gx1TLEpWrijTBtaNtfzxx9X7QEV4QQQgghhBC/OTKCRbSZ0epPrxtvAUr55tBX3NM1kJ8KU1n46ccAqL8rhBB/R/GFdrln7AxuPfwqZ4AH7n2cgVb7mi4n0nx5EUOjTy4DHideuZpILbyx6R72/zOQs2fzzYvhnvZg7kxaGPWRzX0vjWLUDaUcqG5bOWqBXoGTmUEK24DoTfeTmtaHY7rSZse6Age+XcDMrX/j2UAFm7c8bx6989AjePRxY83AWB4//ioha0p4flB3Pv50nTlI0+q381Sxbs1EFmoDyXxtHSO638NLYYHsUeVz7Nir9J73FrdSWb9IcOQTzzAQO7Gj7vfwYmggezLzOVa8Fv9Fa5sdcvzoXiCQB+T1zEIIIYQQQog/CBnBItrMGcBZgTMQPPY5IpUe/OPwcv4U92ce/jSFh0Kf5hFn2HMqj0rAw8bsEc9mW1zs/Nz8WJdbJzLfC6AP88OsF7dtGDnhfIOTjc/Q3aOvVSEA3Hn+tS+JH2hem+SAJbhyq/IxMl+NxttOHnsFLeSjuyyjL4ylHKgOZMHAwCZpY/szAF50VwDOQWx86S1mWI45pivlgYGP8Ui3ulPN+a4BblUGkqn6b0LffZ51Og8ip/4frwT1AlyYvjiLHaGjOVacQvin62DgZPM6LkajJQhia2qP9TYjVdWlUF1a/y6msJkfsWfcZAYB1AdX/HjjiU9Ze6+5vururWvXxqOVxj21kz3jHmNUN/O6Kw/ctZTkuxpGq+w9+CUoJ8rrmYUQQgghhBB/GF2uXLly5VpnQvz+lZWdwwi4uffF46r/0nyMufP+zMZ+S7m4/K9tX3/Fjsrz59BdNKHo6oV3j5bmBpkZzp+j/BK49eqLR8uHO0oJTdlPcIONa1/Yy+AXnmbas9/yyu1GNFW1jevZeIxX33od53teZ2lof8tGSx0NjOXi4pkdrCMDZWU/cwG4uVffVqRVxro1T7KLvnj3HMPquTPpRRmrVw5nmRYGDVvHgamD0XMj3j066+4JIYQQQgghxLUlU4REp+jVq++vcJXTfLj1A74u3sVGYNn4hzotuALg0aMvHq16G1EDlx59m4xyaS8XvHv1d3iE8aIenPvi3WxWjYm84mz+UTwL4/ko7uttYldaLBuBGQMDO6GOXOjVqy+tn8zjTG1FEXt0RVC8j70FKbhVF9W/rWnc7f7muu5wvoQQQgghhBDit0MCLOJ3pJZsVQobgUGDYlkS8msEdX4bmk+psuIcRNKzr8DfXyX60+frN88Ie4uNDw266nlrzp3nF7/PibUvsk5XyZnqIst2DxaMe5PX7+1/DfIkhBBCCCGEEFeXTBESvyuGC2WUm5xbPYXnP03Z+XMYLznh5t7rV5iq1TLDhSr0F/UYb3CiZ49enTriSAghhBBCCCF+SyTAIoQQQgghhBBCCNFB8hYhIYQQQgghhBBCiA6SAIsQQgghhBBCCCFEB0mARQghhBBCCCGEEKKD5C1Cog307E56j8PnQdFsnwl6DGN8/9PsKOhD1OJJuHXkUsYiNsZv599NrmQymegbOos5Y3w6knq9ot1JfGjJ749pCXx44tY25V1fspdN/8jDc8jDzBrj12y/RrWZ/804Tu9hjzNvUgDoi9j41gaOaKtB4cszry0moFUXs1f3Juh+FwsjOljftq5YtJu3PjxA71FPMm9887JdTUUO7oX9fXrS1r6FafxCHnLNJW7j90yNiuC28r31P7euru0waik6A35+yjafWpKTCf6h+Lg15HFqgFcHMtMkayWdVMY/Cm0OCWu3kltaxe2PLGbp1IBrnaPfOB27k94j7XAR9H+Y11ZMx17rdNQ3MWrYveVj/nmkmPKL0LO/L6MefIxJIZ3zMvsWtaKPagv2sjPta46eKOUiXelz+2DGTn2UML+O98eGft7hpBzS5O1mZ/oBzp4H5cBhPPLEJHwsi5rrSzLZun0vmmrwDhrDzKmhze+TRkVMUiHTl8/Dz2oxdG3ebrZ8egBtrRMDhz3Io5NCOv3vlfbQawr4QXEbAcrfwMrtQgghRAtkBItoAxMVmhMUnTjBiRMFqNVq1Go1BSdOcOJEESeKyyg7cZjCrDPUdPRS1eUcUeejLjjBiRMN/50uKuJceVVnFAaA8oIMCrPOYALKz+S2Oe+mH79HlZXFvu/Lbe7/Qb2b/MJCDpww78/Z+g7p+cVotVq0mmIqTa2+EqcPq8m31HnDf/moVSc6Xt+2rlh+mvzCQg6fsF22q8nRvbC/z8SZrHyKyk1Ul39PfqGKchNU//g9+YWHKG91XduiZ/MLEby8o7DtZ+YkERW3nh9MjfPYmTqnjH8cOZ9sQlVcTk+/2wkYePO1zs5vni7nE5Iz8qGPH759e9LNwbH2+5+WjUsjSU7PorybkoAAJeX5WaTERbJ2r+bqZb5ey320aEcMEdGJZKhP0+P2IAJu70GhOoOEl+exMUfXsas36udXj1aVQGRsMqqCWpQ9aslKTyEqfC0aAJ2KZVHxZKh1dHPSkrEtnucTVE0ymsfqZQnkFx7mx+qGzRpVAhGxyWRpoXvtadJT4li5MefqFqY19Dksi4wmrbDiWudECCGEaBUZwSLawIvpMRuYDoCejRFzSL84"
20:58:39.353 [Forwarding screenshot on session f38f5520-bd02-11e6-b34a-8d0186b048d8 to remote] DEBUG org.apache.http.wire - http-outgoing-0 << "lnUb5tV/y5WTtA/cXXEFMBrBuZ3fOCngIhC26C0iQq7ed2ihCzcTvNgZZ0ChAFwUNkbnOKAwH93Vzu4BY8KZ0b+KfkFDAXCyHD9ifjyLx7TtW11FV6AK/CfMZoK/OyYTwCUUngNp+5gKByz3rVs3x2W7mmzei7p8uXa1f59cwEkBXiERbN74NM5uoFMoAKe23Vcbai+Ce3fXtp/oZP6fa10GXKC7qzmdjnSRRjqpjH8UToqL4DKaNSvmXOus/C4onADceTpmBUNaOtbec1JXyEEN+M+IJqZuxJA+jxVzYsn67Gv0Y2Zd9dEQDvuoTsU72/LBfQTRb1mNHNSqiIxIIH3TFzwa0oE8Nu3nV4WRwxkqYATxHy7GG3PAJSJBxec5OoYe3YkWJZFJ8YR6QWZSBPEZO8l5KowQN/OoxJUvJ5uDMXS1uodadqaoQDmWhIR5KDGyY8kstqXvRzsnpHP/fmkrJ/O/BeqemUIIIcRvnQRYRDuZqPuirgas/lHaFaoOErfkIIXFVYA7Y+cvYZ5l+owuL401b6ZQbABwIWz2UiImtWf4voa0hCRSVJZvK12UjJ31DPPGB6Av2MGy1f9EGdCNfHUx4MKIGeEMqfiCxHTz5+Bpi1g6PYSCnXGsPuLD22tmNSStVbEkIhnfyDeZF2r+p6UuZyPPxR1nUdIaQtowkrzmp6Ps/2chXjW34HTwU2LTzf+0zf1gGSt+XETMLH/2bnyLD9LzMQAuymDCX1hImIMx5j7Bkwht9luQju0rVvJZaQ8W/S2GEC/I2xzDm7uL6D9+ETGzBrB9xUr2nO/BsKHdOJCuxgB4B09j6dLp5n9A6/JYG/MOWZoqcPElbLiTzevr8jbzXOxRnklaQ6gXaFRJLEso5i/xaxjjDdrMjby4/hwvrluB+9HtvLM+FY0BwJ2w2YuImDQE0LE58r+pnfk35lgqNG/zCt48OrDxvQCMmkziV69HrTWAuy/+7lpwGuyw3vUF23l+9THmvx3DgCb1tGN1DNsKnJj/xmuM8YbM7fHEp6rNu90Dmb/8ecY0qf+C7XGkVwGqOJ48O5m318yiMtNe2azykbeZBbEZAMTNWUJk0hIUTlC4/30i47LQYL7nzyyNJNTbGUftOm/zCj7Q+DDg/D5UxQbMfWs585pNl2taxsYRHHt9MG/zCmKzlcQlRGBO0cju1S/wMePZsHSS3fPM/e1zFD1Bo6miz8DbKP3Rg+i3ltb/EqtKiCRZezfrYqZTbqfezOnsxzugO2q1ufy+I2azZPEk83QVfREb494hvVALmNvuC0un0zRMmbNxCXEZVUA6jz55juXrFlL+yXskpudb7rE/4UsiGe/n1SzvvpOXs2ZW43tYsHsj65PT0Vo++46YweLFU5v90tmonTY6znFb99LlkRT/PhmWclmnr8nczrvrUy117s7Y8MXMGx/gsC7s5wOK9iaxJjED8xhAJWPDn+FRr0PMizO30dhHn2RCVDROW19vVd+0xck6wOA2hMdnjyWt7GbO521mQSufG/2KHfw9YafslTb6qPWjOu+LnWiBaUsWNp5GpwwjfNo3JJd41N1JB88EHWlr15CSVQxYntdLIxn68yeN+vn8xUPZuu4Y89fFEOIGGAuICV9L30V/Y04IbF+xkmy6UV5YjMF7Mknxj1LYiucQ1OKkDGRE0Pj6dq/0vwMXVFTXlHHkoAYCwwm1FDz0ofHEZ6Rw6KiOkFAvjuxIRuMSyOTRtexKP9+QrO4UuVUwdv6jKI06tNVw37OrGFjjajO40r5nyAN269V+3x/JF0vjMN/WOWgnLydmVkshQCGEEOLakilCot0UTf5s+FRFaffRRC2PZKxvLRmJ75CpA2NJGs/FplDefwLLV61i/gQ/VCnRrFXZHj7eFTh76At2p6WRlpZGWtoO0vbmYQT2ro4kRXWayfOXs2pVFBP8LpKRvJ5MPZhqytAatOSruzM/KoppwR5kbUsg8UgP5kdFMsHfCXXqVnL0UFNxGkNpk6HHygH0czGQsesgRgCMHPw0HYNyIAPaOE3/x9OFaLRatBXVQG39dgPmjzlJK0lMz8fgoiTQ3xuDVk1CVCw5evtp7vsghrVr17J27VpWr06iwHJsxXkthqrz9UP3a6u1GAwGzleY6vdXaQvJSFfTx98bF0CjTuXvaSWAloT/jrUEV7wJ7FOOSmV7qL3XTf1wophvci3BoowMDBSTmVsCwLd70zF4+ND3x+1ExadS3n8CUauimT22D6qUWGLSisz5Ka+iwtQwnr62urT5vUDDe5HxqC/6MX95NPNHOlGoocVhNaaaMqoMpVbTGLqiUOjYsWIe29QaJi9azBhvZwq2ryQ+VU3wtAhWrYoizD2fxKiVNJ0tcEvQKJSAi/8Enpk5jBuKHJetjtuQiYRP9gdgxOxp+HuZRyJpsrLoNyOC5RHT8NCqiU/6vMV2XVt9Ho06ndwe44laHkGYdxUZiYnkGR2X0ZqjPug/bBBoVezJtBRel83Hai39AwY5PM/c36rQaPowYewIQoMHQZWatMOWfq3PYadKQ5+gIJwc1Js5HQ1qNYRHLSd8gj/FWSl8kqMDtCQ9/zLphd2YHRVNdOQ0TOpUIlfswEhjA0bPZIK/C7gEEv7Mn/n3h+Y+FjwtglXREYzoWkjyyytRaWmW96G+NzVKS5+XRHRyOoqxs4mOW0XEtBEUZ21jS6a2yVV1bHklHrViFMvj4lkeHkZx1jZWby8AHLV1DQn//f/Zu/+4qKt88eMvrYER44eEjT9GC0ikCEm5aKAbuqJESbp+MVbXrCVNW6kW66JdtWVDdpXtStm04g2tyPKSXFdWkzDMpkxMdjRwKcQEy/HHpE38CBwY0+8fn+HXMAy/bKt738/Hw5SZz+d8zjmfc06c8znnfNZQWK5iblIKyQujqCzaxn9sKgbjLp7JyOXssCiS01KYGz6AwqwUcipOO8kLJ/GoO8i6zEJ8YpaQnpHG3NBLFGalcGzIdJbMHANA1IKFTPEf2M26acfbn4laKM1OYc6DSazVbWGXvhif6YtZkTCVkd1tNy46+/9E5+VgiF0dtV/mVP11LaijmBbQccpYUPxqMlYoe8o4axMqctaRXXSRuclppKcs4RaTAd0zr2G1q+e3XG9rf5qzsL6GU5ZaGmx5Wn/WhLG8krExUUQGj+DLbrZD4E504mqWtewp1EjBq29hwYOQwMEAeNzUZlDGc4htgES57rjfZrDljdXMCdWizAtRmE+WUwtU/j2VOfMXk7h4MYv/kEON5+AOedXbNsRZvnZe92HirBgAAmMW8uvJfh3iI4QQQvzUyACLuMasQDh/Wj2fsJAIHp43ieZf5Er3FmDBgwcevI8hbm6MnTWbcA8o2vkBjsYTVEClPpes7Gyys7PJzt5G9t8OUU8jI+5ewpLk55g/NRAfz6EEBtyiXL3N+ve56auZGhbGrBhleU7cE0lMDYvgN3HjgdrWX347THbXct8DgVD5DofMgNnAznIIjZ3e6caPnWk7kT5kfiqrYpTnjlFP/JXUBE/eLVQ6GzGPrWB16gri/NRAJZ8c63w/AIuxlKKiIoqKijAYDrTsu9FxwKvj0BdAeKKOdakZPBap/Op96stzYPonR2sB/Ej+awar121mSXgnE8M145iiBcPBMqCCw7ZxmIpPK4AK3i+FwOiJVO3/CAjludQEwgKCiF28ijg/KH17P52nrn2c60v2UgTMXJbM1JAgpiasYm4gbfsGTsNpOwU+8/dPsq3cgwVpW5gfpgHMHNhbCdoY4qcF4+bmz6yH4wAjn5S3j6F7QATjPMBFE0xESADHu502b8YFawENv5gchjdgvQTq8ESWzY4kJDKehyI94NRZqrtVrsP544r5hIVE8tDDUcBFqlv2UXCUxvac1cGmgGlEeUBh/scAVLy3h1q03D/Z1+l539nCnpu2ioTFy4j/1f3M1IJh9wc0AsaD72JEw8zJAZQ6ybfm5+kL0lOJDgshOiGBQKDeaqWx7AMKayEwbh4T/X3wCZzGvBgtlNvqaNsc9w0hVOsJ3EREhAeG/SbU4YmsiI8kICiSZX9OwgMThR+XtZzTEveI9nnmMmQSCxcmsmJx"
20:58:39.353 [Forwarding screenshot on session f38f5520-bd02-11e6-b34a-8d0186b048d8 to remote] DEBUG org.apache.http.wire - http-outgoing-0 << "LLd6+jDSbzhqbKtB7FgBLhoprzzHjWHzSE9L46lpIx0c2UwFpuN8UgtRyauZHRFEWPRiUhbOZPotLhzcW4CFQFasW0xYQBCzlz1FXNRMRpzZ7zQvOo2HrQxdPPMFX32jYvKjfyQtLYO7RmgZH3wToGHc5Eh8vR3PXHO0tXl7WhIytpC8cCahw6wY9Plk69JJnD8H3b6q7rcbTsraRSfl4J8+7euo3bwtZUZl26TVHSRpzhzmtPxZzkGz8zbhkrUJaOLU8Soa3O4gMT2NtD/Pwduung+yb3/sss6KrQ1IWExiQjCHu9kOtVdHwfqnyDLUMmbBcqZqbI83vm77f1Nru6bSXaPFHahvwo5SOCrLbyAxTYcubQmBTaVkPP0K9o8/eteGeHarrXVU933vCkYDaIIjCNL+FLbcFUIIIZyTJULiGrsE6oEtv0+2/0VOBZjIWpnY/pQB9XbLjBS1QGTSJhIjOg5rqHwgZ0MymeltP9W0+T3WgyGezXGwAhpGDHVtFydn3QXfyfejyU6n8OMqRrrkU4uWmMl9fxNGk62TY7U2gPlcy7KD/Iwk8jNajztZfhocpBsgfGEKD9/pY3saqmJwj0Z9NNwVrHQiVW32jzGf/FxZNuAxAn/bjRjQWT8Ldyb+MpC87KMUl1ygHD/mzh3Etm1HKS6+QCUeJE70he3K0a357ErgaA2c7SzcjtNSmpoaAA/8hjZ3l1zx99XAqe6mt1VtrQWw8OW5Gghwh7rTGGuB2nySF+e3O/Z0+Um7/G9eEtd+B8vupM3aBHCpdZCkCQKC2nS8Vcp/VLgy1Gm5VupW804EVgfluEMaO3BWB72Z/sAYCrMKKKkbz6HdlahDlxDiDsVOzrtki+OQlnvkzuQZ4eRlFnDINI3Tu0phzAIivKF5y8zO882DG5tXauCJVg31QH2NMnuiPHcNi3PbRkDrsB432WJlrbuICZhwV2Drl+7+jPeAA6cuwgj7uLfn6uVJ9dEsErN0Dr9v5c285UswbsgkN7OcXAAPPxYsW47WYf1Uyvq3Jz/HgoZxga0HBUXPJwgo3nQJPIJp3aLXl/jFvpgPbgI6ywsn8QiK4IkFR9iQXYiuVFnOohkTwxO/T8DHvox2El9nGk1VlJ+HsOj5hEXPBxoxVhzi7Y069JkbmDA+o5vtRudl7ZsanKTdcR1VeBMc6EGhXvl/jTeAy0hmzJ1Lg2ogDV++T66+HuqdtwkhCU8RZ/xPcvOyKMoDZbnpYyTFR3Ss585ysG0b0KN2yKaxAt2KleiNEL4gjWWxAYAZK+BxU9vjVd3bQ8sW59AliUQGaAANiQtLSNQd5aQZuzLcizaE0+Q6S2MwdFb3abINElkd/ZYghBBC/PTIAIv4l7Faa4FAUran0jzBueLgPqqsQ/Dq/CwHnxl5ZWUmpZpwktN/Q6CvBoo3kZB+2MnVLzkOqjPuYcSGqsnauYUtlKMOX0KIs81IVb3Y2dB7JFo1mCwQk5TOnEA3yos/4Hi1F2MnB3Z6mov7ULw13p3OpmlOZm1999+25O1/Gx7oqW36lnON4O3qPLt8x0/GIzuTzA0G8JvLtMk38s42HenpBtDOZJw3HLN2nGZy/owJCEQZGoLv2hxS+21Nh6kBLi5uQC2nL9oiBVz8uuNxXVOzMON5mjYlkq1bS3CwjkjvIWjUUB60hO0rpiqHNRrZt7cMn7EO8r+Jlvts7SJtDtmKiBUY6O7p4IDelOuu0tj+iK7qoCbiHrRZ6bz2gg6jBeJmj+/yPE8OYF+/tJOi8cssYuerr3LRBDGLJtrC6TzfLjt++TsAKtuGy1HJm1hs2xekzljMB0cb8Hf2yht3T7yBTw6Vk9g8O6XxPJW1EDBqKFDeIe5tFb/2B3INEJeUwrTgILwp5pGEdAf13UzlOfj16q0EuV2g5Mhh3sraRvb6nUzcPKvTsj7QZzCg5/hXjYQFKeW7bMd6/vtsEJOVA6nBNiCAmR3rX+bMoAFO8sJM5THH8Qj7yyQuuo3jT9sTURkrOPpBoIL/TgAAIABJREFUDpl5+ew+ch8P2+0f2p26ae/LDzJZk1vJEt12pmoAXNEGRLJ03jGK0o/SYO1uu9F5WfMZ+ImTtMOxNnXU3tCbbwGKeHVHGatnB4GrlqmzlUHzuuIT5OqPYh3ovE0wVxxjyNSn2L5iMFVlBj7e9RZ5uZs5NC2Cll2hVLROOWuOiouq3UySdm2Aew/boboSUn+3hlKLlgVpzxHbMpCqYuAAqK2spJEwXIHGryoxAeMGOv//k3dgIB4Utv/wclO7JLTEvTdtiHuD8zSeO9IhTh2qpEo2uRVCCPHzIEuERK9Z7f5u+42j/krgLyYC5WSt30WVyUyZfgsrMzLJMlykZy9SaVCebA0azshhXjRU7CM9vRAY0KMxFMfxbf13RGw01JZTXgszZkxyGoKpcAOPPPJIy58H5zzYjdd++hI+1gOA/Le2krfnTTZk5ZKXm8XRix3mcLeLo8NUXAIwkZW6lk265WQW9eB11prRBKkBSykpT6WiW7scnd5+n4m2x49logZqa8Fv3B24ewdjSwpjfjkedyBwwnjAwH/qCjCazZTsWk9WKWijf6HsC+AChrfepMRooqRAR6bBAgPap9MlZBJjgNyNr1BiNFOh36Ic12kudMYFd08NsUlJaDGhS92KGQ3BEzzA8Bqb9pVhNhvZ9cpaMrOzMNTYn+/NrUFqao99xMEKU9dpa8tqBWopP1zWZr8Q+9hb6V65dly3Ok9je13WQfcwZoV7YCwtB00Uk22dN2fnOex3uwYxM1KD0WDAog5neojSGXaWbx13e2jlHjKFMUBh5svoK0yYqw7ywjPpZGcXUuO08QggIlSNpSiLLfoyTMYKctI3UAkEdOf1zVYAH4aMHMlAaxU5L2RSC5yuPGd3YA1/12WSkvoKJQ1u+AX6MwjAx0vZC6STst4vYDyhQN76lyk2mjGW7GLjtiJONakZ/4spgIENugKMZhMHc15mW1EpA8fd4yQvOo+H27nDZGZmsH6LHqvnzfiNuEmJepsedEvZ6kbdtC+HARN/iQeQmZjE1gI9ZWVl6Hdt4al0PXiMJdCb7rUbTsrajU7LQfs6as83dikz/aB0WwpJa7egLy6hpOQgOZtSSUjXAx64qZy3CSf3bkaX/gw5xWfxGenP0EEqlL2PaFfPr/cZDNSS99Y+jKYqdmRk0rE1bs7BnrRDjexIX0OpBfyifsmN5w6zb98+Cgr2UWZyYfKvQqEyl5d3lWA2lfDyxlxoU/86iwHewcryrcz1FJSZMFXo0b1mAO10gu1O7V0b0pM02kdSieXpIx9QYTTTaDyILnUtBRVONioTQgghfkQyg0X02sCWpQ1tDQBPt46fAd4hCaQsaGBtdjbJRdkAeATOZNXSSAehO5vaHMD9c0Mp3ZZL4nxlnnhgeCjqIgPHyk22p3WtZ6tcnP3cNr4DwNOrZQmGe9BkQsnD4BHFZAcbI7ZnsS3PaNW2AzLQq/1j9ub8iVz2R06nriWvtJS85innc59mflDHqdDND2YdP4v0ZtaSmRxOz6PWaKDQqCE01A+DodLu2q1nuw28wRauCtCy9M+JfPuMjnJTKXqTB35+GiorTZ08EPZmwi8Cyc89xYSxNwOujBuvQV94iYjxyhujvMMWs2puPWu2ZZGkzwJAG76A1ba3QNy3IIYDunzWJBUBHmg9wKhqXgLTfC8C+H3aQp5dmcWaJD1KDoHFp/U+2edrE+3vccu/rYB3BE8tOURSZh4v7xrP6sQ/cf67VHIzU1qe34bOTSbBQf77jR0LhiIyVn5L2vZUp2lrl1Mjb0OLnvzMFBoGrG2JY6sB4OJGV+V6gpO65TSNsQGtcelGHbxrxn3oirYxJnp6y2CRs/NU5SdxtIQk4r5oNuqzGRY9teWNJ87KhKrE0CGc1rzyJTk9kTVrdOialyao/ViYlkwAjgxomXExdcWfOZe6ljxdCsriBA9iEtOJD3CnrqR922BvzH0P4KfPQpeUgA7w8BuDn7qUyn8eh/i2bz/z5dHkOFLTc1mTqJRTPMaQ9Ph9uOLqpKz7kpS+hDXPZpKeVGRLVhSrl0bi7gopC74mJTsL"
20:58:39.353 [Forwarding screenshot on session f38f5520-bd02-11e6-b34a-8d0186b048d8 to remote] DEBUG org.apache.http.wire - http-outgoing-0 << "W9FnzMwkfhNyB3SaF+6dxsNDC4kxx9Hl60jMV5Y8aULn8psIjW3t1gDbK4a9u1k37Wij+UtKE+vWZ5OXpSPP9rFaG8mq1Ym2stSNdqOLMuqsHKja1FGf7al2ZcOb+et0DN7yKm/n56MztC5V8QuNYd5vf0OIO+CsTRi5jMiTa8lNT1aWX6EmcuFqItyBtvU8aT0Lww+RVZhJUiGgDcSjzRCLfRsQ2d12qK6UT2x711QWZpPRZtJJeOIdLJu6lCWfryEzew1K1mlZmLaow5u2FB5tXintzfznUqh+NoWsFFu+eoSSvDq+w6Kc3rYhztLoqB625JG3PxP91OQXZpNa78GLdx1DX2rA7Z7ePU4RQgghfmj9rl69evXHjoT4P6axDlN1Ayo3L7zdezZ3pZ06M6YGK25eGvoSTKcaS1g+fw3MTWPdbMfduGulzmyiwUrf02LLWzeNpper1Rsxm6pRXcs8bbnfGrztI9Uc3y6vp8QLR2FciyiazVRbu1GWGuuowwV3V9eWnztNW2/90OUael8He3Ce+eAmFmccYInuDduSEUfh9DzfzCYTVpUKjXfPtpxW7jF4abx7OGOuuex1J6+UY60qNzT2CXNa1rs+T+WlaV4l16LzvOhGeF2lp9t1s6M6s7IfCKqBvW/ju4hnp2m3r6OOA8dsrsZqVeHm5e0wfc7ahDqzmYZulKXGOjPVDaDRdK+sdrsd6jIcE9VWVS/KevO9U+HdVcXsZRtyrdIohBBC/FTJAIsQHTRSsH4FWUVGQEvylgzCZG89IbqnsYy1T63FYLJA4AK2psb2uJMnhBBCCCHEz5EsERKiA1e0o/zxM2mYNO+3MrgiRI+ouEkzjEBtMA8ulcEVIYQQQgjxf4fMYBFCCCGEEEIIIYToI3mLkBBCCCGEEEIIIUQfyQCLEEII0UZjlZ4d+yp+7GgIIYQQQoifGVkiJHqtZIeO3DKIW5pISM9e6PGTVLFLxxsnbiZ5WSzuQFXxQQiMwLeHe7BU6beSuX0/Zy/dwtMvrFZe/Sl6rLFqH+lbPmd2ciJB7lBnLOMr1a0EaXq7q0cdBZte5vC39q+6tmK94U6WJsZybYpxHbvWv4A1ein3uRWTvuVESxq6pbGCra/spVo1jPseno2vfXLrytj0wn/z7U2TWLo4GncaOZjzMts/qsSKisDYx0iM/iHeetWartlB16jCN1axJX0rXrOvYZh9io+RXa9s4m19ORZArRnD/MeWEt0ct7oKcl7fwT9N9QzSjmXGvNkE2O5r1cEd7C9vwMX2euimpib8p8wh0lED0mik4M23OXD8WwaOuIPYefG0JN/Zd0DZvhx2ffBP6l0GMf6eB4gNc/wSXmmHhBBCCCH+9WQGi+idxhLe2qanvFTPW++V/dixuSYufnmU8qIvaQDqijeRnL6Rr6w9DcXI37LyqKzxIGDUTbKLdB/UX/yc0nI9F61AXTHPJKWwq7y6DyFaOXXYQKnBwIkTJ9r8qeCUqcFu0KUvrJwoKqXsopX6cycoLf9ESUN31V9kv16PvvAdvqp3FPxFDpSWYygsU8pqyZtk5BZhNJkwmYw0qT2vUTo6XLglXddM/Tn2l5ZyquYahtkHZTtfIltfjo9GjVo7hlsulZKV8l9UATSWsTphJbl6Awx0oaxwGysTUqloVM6t/PBv5OfnkZen/MnPz+fYuQYHV6lj64oksvKLYJALZfpcUhY3h+PsO6gqSCUlM5cTTS5wqojs9CS2lpgdXEPaISGEEEKIH4P83iV6xXhgH5W2f1fuLsAYH4Tj56g/HyoVoFYpHW0X5T9uPe11N35FmQXCk55jWYQ8Mu4L77BEtm5ZhKs70AiXgBvc3PoUpmoAQBQvbF7MD3d3vFm6dQu4ulNfrAJcejZ4owIPoJYBjs8b6M/DC+bS4DEaL6CpyTY44RHFps2Lr9EsHEda03UtNAKuAwfiia26/ejMfPJRJYQmsjq2nGf330XShEEsTj/KV2awfryDciAmWUdCmAZMehITdWx8s4SMhBF8ccKCOjKJNxIjnF6lseI98owQujCdFdG+1JVsJWFNHrsPmVg69ONOv1sW2UBOVin4xfHXdfG4UsHaB1eSl/sxc0Ls3tYk7ZAQQgghxI9CBlhEL9Txwe4i8IgieZ6V9Ew97xSbWRymdO0ajQfJWLsRg8kCgF/4XJYtm42mQzhGduk2ka0vV35Ua4ia/xiLo4PsjjOTs/pZDjGQi+WVWLQz2ZQxh/KcDDJyDcohHmNYsur3TPV1B8zsWr+O7KJKW7ChLFyRRKS2nq1J/07TvL+QYItrydbVPH9sNC+um99ytfqSrfzHmkIA0hOWk7RpHRHe7eOzb8vLZOaX2q4dyMLlSUQPPc3qhAxqgaKMBJKOJZOxOKzlrIoda1n5DqS8sKJluYhel0SW6S7+mjqNw47CDPCmriyH36/9J0v+mqq8MrqxjNSF6xn+xF9ICMNB3sxv18muKNjEuqxCagEPvzH41J/ihl8sY3V8ENRVsCV9A/nlJgC0oXE8tSIerS1vXjP64v/tfvSVFsCDqCWrWDzVF2jkYCf5X1e2g2fWvoPKB4zGWvxmruK5aU28ostEX17bcp0nkuLxde28vLg1p/vFJI6nplML6NMTME2NpWnfe/glPc/iCKVUmYu38GT6cZ7YtI6wrkYYBnQ+3FFXpeeVDdkUGZV4qrWhLHwiiUjferaufpbjg/z4rqgII6AZM5N5d8NmXZ6St4ExrFqVgK+rme3PPktT3HPMalNmti5/kkOah9Etm6p81FjG2t+t5YZ5fyZxag+GJ5u+ofj99zFp4E6ff5KSrpRVag/w74nf8sSfV3DjsRz+c2MuRguAhqiFjuoVlGxN5ZXjKgaeNVBZqyYu5a/cYdzOxqx8TLZjWutva7oSwryp2LeJdZlKuWp/jc7LBtDuPA+Nmlog2GFCO6lnAbB1+ZMY/B4jY7FtMKOumNW/24DvE8+TEFjjpEx3TG+8/dqt+m+oabBCUz3eYYls2dqIuysc/PIUEM70MFtLpgnEDyhrqIe6k5TXQtAoT4xVFTRY3bg5QOvwFdVnq8oAP2Im+wLgHjKNSHUenxw7yVlL598xDk4A4fdOtoUbQGy0FkPep3xJLC2LwupKHLRD/p3kpbfD+rpufojDOyKEEEIIIZyTJUKi54wHKTCC3/QphE2dgh9Q+PcPUGaxm3nzDxkYVJNYlZ7BqoWRVBZtY21Ox2VE+9Ymka0/xcwlq0hLSyYm4BKFWRs5WNfxkvVnTRjLKxkbE0Vk8Ai+zHmWjFwDoXGJpKUlE+lRSmbysxSboSJnHdlFF5mbnEZ6yhJuMRnQPfMaZqD6Yi3V1tblCE31Z7Gcbb/sZGDIvSycGQhA+II4Au067MWbniUzv1S5dkoi4QPKyVr5LPoGP369JAqAwJiFPDzFv915AWODoNbArsNG5YO6YnbqjQwbO5byzsI0gbXhArWWszQ0R7u+hlOWWhps6bDPm4FtrllXspWVWYUMCI1jVUoy46mg0lSL6UINYGLT71eSXz6QBckppCTFYTXkkrR6B41AU/23GA35HB0UTfKqRCK1tRRmZlLSCGVO8t/acAGTpRajcRgxUeGM87OSkZiOvtyDuUkprFoyk1pDLskrtlLnpLy0pBtvJs6KacnXX8+YwAi1hcK8j21lrpGP/56PRTMa/+5M3zB9zPZdBezatYtdu3axY8c+jI0AZaxJ1lFkDSIpJY2UpLn4GA3oNuykDmj61kR5URGBC5NInBuKqTSPDF0B4xcmsWRmKLXl+fzNoHTqq8+a2pUz8CY42AdT0d9ayrfpUAGGWhg1uqdzv+oxGk0YT1zAernt5xZqa+qpKc8hKSMXo0WN35hANJgozEpBpzd1CKmp3oSp3ED9LZFEhU/Br+YtUrLyUUUtICU9jcS4cCqLtvHmQbt01R1kXWYhPjFLSM9IY27oJQqzUtCbnZeNurKtrMxUymNKSjJjUQbVHC0Q6rSembwZ7eeJsTCPsualMx+8S7nFBf+RdFGm26f3jpFtB1e8mf6rcCjfRnK6HtPpYxwsM+Lu2naY5Ftq2vzkooba8mOcP3eai4AhK4Wk5JWs"
20:58:39.354 [Forwarding screenshot on session f38f5520-bd02-11e6-b34a-8d0186b048d8 to remote] DEBUG org.apache.http.wire - http-outgoing-0 << "XJnE/MT1lDloy86dOAUefoxoCVaFmyfQZHX6HTV1NAHDh7bO4ho5OhA4xbm2q4TcO7ZDneelo/o6xMHdEEIIIYQQ3SEDLKLHSva+iwU1v5x4M3Ar08M9oPwdDtj6b1aAi0bKK89xY9g80tPSeGraSLtQGhlx9xKWJD/H/KmB+HgOJTDgFuV8B70tK6AOT2RZwmISE4I5vLcStDHETwvGzc2fWQ/HAUY+KTdzydoENHHqeBUNbneQmJ5G2p/nOFk6YT+jwZtxwVpAwy8mh9mdV8W+QhPq8ERWxEcSEBTJsj8n4YGJwo+/ImjSODSAJjiCkAC7K/pOZqYWDLuVwSjjwXcxomHmZJWTMMta4tcSS7vots+byHZPzY99tB/UkaxeEU9IUBiL1z2NH8pym8ayDyishcC4eUz098EncBrzYrRQ/g6HWjps4fxxxXzCQiJ56OEo4CLV9WYOOMn/ZnPTVpGweBn3epZjAGamPMfsiCBCps7nT0vCwbifI2Zn5aU13b53Bbfka5B2NPc9EAiVtniaDewsh9DY6d1cHlNLfnYW2dnZZGdns23b35S9Thp9mLlwIckrFhFx61B8Ro4mNBC4eIEGwHpJyefF0RFEzo4nFPCIfIzF0RFMnT+f0C6uGjJtBh6Y2PdBFdDIBzuLwG8Gk3uxtk4FMAC8QuJ5YZUy+IQmii1vpHL9kY8A8Aifz6rVqTyxQImZfud7OOjvA6GsWJ3I4mUJjPGfxMKFiaxYHMutnj6M9BuOGgdLeGx19OKZL/jqGxWTH/0jaWkZ3OXtvGwc278fCGf1iniCgsJI/HOyg5lt4LyelRF2XyxqKik4ZALM7N1ZCoGzuOtid8p0a3rtJ69opy4jY9USIgM1YCwkIyWJOcu3YgaCp0wHylmbpGPfQT1bUv8DvQW4ZKXhUgMueBCTmMbW7VtJT5qJh6mItS8XdEjZQLcBUGttM6jkTWCgB5aycr538t3pmgtY0OA3tDXSzce1bxLc7dqhmi7aF0VzfY2PcHxHhBBCCCFE12SJkOihKvL3KzMwspLmk9Xmm93vlDA1IYR5y5dg3JBJbmY5uQAefixYthxtu96vK0N9IGdDMpnpbT/XON53ogkCgmyDNHWnMdYCtfkkL85vd9jp8pOEJDxFnPE/yc3LoigPQE1o3GMkxQc6CHiAw1RamwAudRzsqbuICZhwV5uw3P0Z7wEHTl2EJhWXAKwN0GGXD3cmzwgnL7OAQ6ZpnN5VCmMWEKG6yHZnYY7oItZt88aOSjUALN+26bD5MdoDzgL1NcrMnfLcNSzObXuW1nYPLoF6IM3Py5U8AVW98/xX1ntoGDJUGeqxNtQDaka06Ri6eSjzbFR4d1peJrZLo7VdvvpOvh9NdjqFH1cx0iWfWrTEdHekotO9SjR4Np1gfVIW7YukbV+eJrjllqG2Dz0ZpIZRtzXnuxuD1OBoT9rWcCZxn18m2wo+xjxxBLuNEJk02eEykmbd2frV2rwHyyVoAGyxpbYoi4Q5bWroxWo6lspLoB7Uco9dvTypPppFYpbO+UW9I3hiwRE2ZBeiK1WWKGnGxPDEwlCnZWOCagDQ1Jou90CCHeVbV/VsdgTR2izy9hymzt+FwlqIWjKR+prtQFdlujW9jmhDprKo6XOODvwVy8O/YKUuj7cO3ktiRDy6VSrWPr+NzAw9mjGRhGr0lGlvwy9kKpu3ty4z9I2YzwP78sgqO4GJ6HaDSPUNl1r3egLAzLGjtXiMDea6hsOdfjfC5xJqTBz/qo6wrl5J1ba+dJWXI6BtfRVCCCGEEL0nAyyiR8zFezFYIHRBMvGjPWmwgptbDe/8Zzr6/L9TkTCCS+fg16u3EuR2gZIjh3kraxvZ63cycXNCm06tkVdWZlKqCSc5/TcE+mqgeBMJ6YcdXtcKDHS3vR3FfQgaNZQHLWH7iub9LIzs21uGz9hAzBXHGDL1KbavGExVmYGPd71FXu5mDk37Cyrgu0ut4dZ+W+N8h0370R53T7yBTw6Vk9j8pLfxPJW1EDBqKHDRaf5pJ0Xjl1nEzldf5aIJYhZNBPeLzsO0HmsfFxfbII6jvLFjtV6CdouGvqKqVkmyaqASYFTyppb9c+qMxXxwtAH/gfBVZ4kY6Dz/OXcEuNQ6OmC1Aha+udgI3m0HXcCKmcpOysvtSxxcW2XrGruHERuqJmvnFrZQjjp8CSE96B86GrioK9lCSrYev6iF/HFWGFqNN/r1D6Iraz1n0BCfdmG4tNnPpevBEFcmz4xiW0YB//WyDxbGML2L2QKqHm6yrAKstlFBTeQSnntoPDXlB9l/vJqb/cbi1cX5xa/9gVwDxCWlMC04CG+KeSQhvUNEGs0VXHQbx5+2J6IyVnD0gxwy8/LZXTHBadmo33mJ9pv+VlJugfaL6ehGPXNn2qxw8nQ7eWETQCj3hXmjKullmQZlb6P5KZhnprE2WAUuHgRETkKjK6QJK43GYj4o92T1G9tt7ZiJtXP0EDiAil3rWfe+C6syElF2T2mk2gz4DO4wmDPytlGgP0x53WKU/Wcb+LZW2ax4ZEjn3+HmgSdQZayheepN+SeHQT3W+dK4LvOynHb1VQghhBBC9JosERI90MjH7xYCgcyODcM3IICgoAB8fcOYFRsKlLJXX8nfdZmkpL5CSYMbfoH+DALw8WrXzYcG5an1oOGMHOZFQ8U+0tMLgQFOfs9v/kZD8AQPMLzGpn1lmM1Gdr2ylszsLAw1cHLvZnTpz5BTfBafkf4MHaQCBih9RBcwvPUmJUYTJQU6Mg0WGNC2b2Gbnm+1ArWUHy6z7fPRLICIUDWWoiy26MswGSvISd9AJRAweihdcg1iZqQGo8GARR3O9BDvLsMc6DMYqCXvrX0YTVXsyMi0bSzqKG/aU5Y1FPGHtTmUlBWzaflaylFmwLiHTGEMUJj5MvoKE+aqg7zwTDrZ2YXUuLaG2zFk5/lvzzt0CoHAtnUZFBvNmMoKWKcrAnUQI71ruldebIMGp498QIVRWesRERsNteWU18KMGZOU4xqryFm/li37Khzmh9U2MuVs3GLQMC2DvVSUFOjQFVnspgv1rRfqHTGdUCwYSo1oou5p3ZjUIRMZv3uERx6x/XlwDsu3FDs9wwoE/mKccrb+b7yWl8fW17PIz8vltUPnOpkt0+YeWwF8GDJyJAOtVeS8oJS105Xn2p9y7jCZmRms36LH6nkzfiNuUj5X+TgtG4ETJgJF6Lbsw2gyUqB7C6PDOHVdzzSRMxhDLaXltfjFxaKlL2UacB1JgBaMeZt585CRAU2nKdiUjQm4xccLao6Tm5vJyznFSrrWp2JAzQP3heIzZCC1Rj2Zm/ZhqjNTvCODXCP43XUH7kDFvi2s3VRAHaAdfzcaatn4Qg5VdSb2bXoJAzAjepzT73Afwy/9oDTrJfZVmTEWb2WjvhbNlAmdLLPqfl46V8e+TWvZVKDUqUbjQXSpaymoqOvwnRBCCCHE/3Uyg0V0X10p75eCJjKmQ8dQOzmGwCwD+sKv0CXHkZqey5pEvfKlxxiSHr/PrnMXwP1zQyndlkvifGUuf2B4KOoiA8fKTUTaPdlXAU1tfo5M/BPnv0slNzMF2ztUCJ2bTEKQO4xcRuTJteSmJytLTlATuXA1Ee7ejFwQwwFdPmuSigAPtB5gVDUvgxkAnl64Ae4jb0OLnvzMFBoGbCKxzWuEpq74M+dS15KnS0FZBOFBTGI68QHuUKfCo4tsjLgvmo36bIZFT215tbXTMLmXheGHyCrMJKkQ0Abi0WaIxT5v2nIPikeXZOU/MnJZYwBNYChaDHiPGgr4kpyeyJo1OnQrE5UT1H4sTEsmAChmAHi62Q1GDOgy/+tKVLQblXANIjltIWtSs0hPWqx8pgklafUyfIFHOykvA795szUcb38m+qnJL8wmtd6DN5ZF4h40mVDyMHhEMTnAVrqaLnKoyMBFwkmYal9KVQwehrI+ylFehdzHzMCPyctOYX42gJbQUC0GQzkn6zrms7OfW/9tlxf4EjPTD0PeWaKnj3EckbYstdRaWn8c0ND5AI96mK3shiSwam41a7YVUZSXB4AmcCYrlkU6OKv9PR5z3wP4"
20:58:39.354 [Forwarding screenshot on session f38f5520-bd02-11e6-b34a-8d0186b048d8 to remote] DEBUG org.apache.http.wire - http-outgoing-0 << "6bPQJSWgQ3nrlJ+6lMp/Hof4oS3pcg2aQ2LMcXT5OhLzleVEmtC5/CZCgybCSd0kgVVxX7MmN5OkfECtQd2ST+05rxMAAdwTo6U038q9k5vfkNSbMt3MnfjVyVT9ezr5hQDlZAHhC1KYHeAKzGFJ1DEyc9Nty4/URC15jlhfV/CdR2LM1+jyM0m0JTowJpFV8Uq8aj7Px6CPxLo4GtwjWJFUyTMZuSQnKC1UaNwq29uMnH0Hs5evouLZNWQmK/VIHTiTFQmtbypr1b4dcpaXHeprB1a+OGDggPVuFkcHUP/VEfSlBtzuUcpi2++EEEIIIf6v63f16tWrP3YkxP9GjZhN1VhVbmi8newXUGfG1GDFzUuDey+2AGg0m6m2Oj6/zmymwQpeGu/2gzuNdZiqG3p9zfbXdhB+F8wHN7E44wBLdG8w1e7Rs7MwG+vMVDeARtO9rVwBTMVbWf+uiuWr45VlDXUHSUzIwC9Jx7I2g1hmkwmrSoXGu/tht8a3u/fPWZnoZnlpd0oJy+evgblprJvd2rkr3pTIhvp5vLEsoidJaVFnNtFAz/OiuwpSHyTLNIVNuoRubsrbS41mTNVWVG5eePeooCv3gu6cZ6tLjq7htGzYzvPSaLqsO72uZ70s0wDGglSS3g9iy7rZHXZSaqwzU28RwokxAAAgAElEQVQFlbd3h+9orMNcbwXVwHb5UVe2hYSUanTbl7XONmk51puO1cHJdy1p60FdaQ62l3kphBBCCCG6RwZYhPhXaSxj7VNrMZgsELiAramxP3gnp65sKwkpeaAdQ1TgQI4VFmFCS6Iug8if7ctCGilYv4KsIiOgJXlLBmHN/czGCtauyOHu1auJ+EFHL3quriSHZ57PxWSB8EQdy36+N+B/v0YTFV+qCLB/E1gvlWxJ5aPh8STKLA8hhBBCiP/VZIBFiH+Vxgq2pG+mShXMg0vnE9Czh8+9Ziwu4O13D2D6rolBfuOImTWLEM3P+/l12S4d2Qe+Y9K83xIb8vMYqKirKOCFze8zaNxMFsVHyAwCIYQQQggh/peRARYhhBBCCCGEEEKIPpK3CAkhhBBCCCGEEEL0kQywCCGEEEIIIYQQQvSRDLAIIYQQQgghhBBC9JEMsAghhBBCCCGEEEL0kQywCCGEEEIIIYQQQvSRDLAIIYQQQgghhBBC9JEMsAghhBBCCCGEEEL0kQywCCGEEEIIIYQQQvSRDLAIIYQQQgghhBBC9JEMsAghhBBCCCGEEEL0kQywCCGEEEIIIYQQQvSRDLAIIYQQQgghhBBC9JEMsAghhBBCCCGEEEL0kQywCCGEEEIIIYQQQvSRDLAIIYQQQgghhBBC9JEMsAghhBBCCCGEEEL0kQywCCGEEEIIIYQQQvSRDLAIIYQQQgghhBBC9JEMsAghhBBCCCGEEEL0kQywCCGEEEIIIYQQQvSRDLAIIYQQQgghhBBC9JEMsAghhBBCCCGEEEL0kQywCCGEEEIIIYQQQvSRDLAIIYQQQgghhBBC9JEMsAghhBBCCCGEEEL00fU/dgTEz91lLhgv0QS4uA9gsKcUqV6xNHLmYhMAN2jd8fyRo/OT9r8qry5zxvgduN7A8MFd152aC3V81wi4ujB8sOsPH71/oZoLDXzX+P3/yrQJIYQQQoj/G2QGi+gdSzVvPrefCV47ufP2AsbfXsCdI3Yy7cFDfGi8bDuogfQpuQybcogLnQZkd0zNKWZ45TLtudOdnvHhc3sY5rWDV481tvw83CO30z/xL565dul2pCXOp3p+6rGTJD+4m+E37WK8LR9v89rBk2tPtOZZzemuw7c75thWPcM9cllT2NDJCQ1siOnq3lwbF/SHuohL91yzvOq1juX5jP4Yazb3oXxdMDL7jkKmr/vS6WFVhZ8SPzaX2/2VdI/338WwUbt5dusPXLb/BY68fYT4sTu43X9Pa9rGFpBZ+E3rQT2uA91re3paByzHPiXIq337MsxrB0FjdxK/6BAfVl3uOpAfyoUzbHixnJo+BFFjUNI3bOwBjjv4Xml7d1P4QzcaQgghhBA/UzLdQPTC1zwZ/CG5Jrja/3piHx2Cv8dlPnzjPEfzjPx6l5nsE/cSNdh2eLWzsK5DrQa+uEKT7ZNGoLbxe6cx6HflClWmJghufdLt5a9mmJfdgdWXUV+60qPU9YYS556dU3PoCLdPrwTgqr87C3/ljUttDduyqsn9UwnbyyxUvhGMmu+7Ef73XABldgNgqqwDoInO87HWQhf35tpyFpeuXNu86i27slpzitkzj8PSf2NVb4N0AQ/Aw/W6Tg+pMRxh0mwl7drpNxI9ZgA1Jy6Sm2dh8++KMDVOYtMjQ3obgx/Vnuf2sOh5ZeDt9pmDmRbkxpl/nCF3bx2ps/fzeXYUL87ygl7UAaDL8t3TOlBnslB9Ba72709QuAtYAC7zmeEyB04a+Wj7WdL23cdvQ//VM3AaWDO9iL9+N4z/9yS9ntXV9K2Svn4nz5P43Cnee/YWuyN++LZUCCGEEOLnTAZYRI/tWXmYXBN4Tb+Z3VvD8FUrnyc/28Cri/ayKqeBletOEPX88JZzXDoNzZUn8uN41ALqbl7fpZPA5r4wjVWRP8LSAied4859TfI9Sqd5RkY4mx5pzatVvz9J/B1HOZB3nA2H/Em+TfncWSccz1v45LwW1EqVdulyctp1Tu7JT801zqtesyurrtfhYfu7r2qdfFe84ywAcVl38+IDN7V8vkp/hDtjK9mlq2TNI0MY3FkAP1E1h46w6PkGrvZ3Y8NHU4lrGSwN43dvH+CXC8+z/eGjLKyeQrDtm+7Xge7MlupFHVApfwUtC+O9Z0e0fm6p49V/17PqdQsrFxqYfjSC4Y5D+IFch4sXQH9u6EswqtZ/lq0/QuZ9Q1nyLx8sEkIIIYT4+ZIlQqJnLOfJednC1f5q/rKxdXBF4cZv/xDE7f3Bo8bSZtp9Izs2HmSCbWp90JRCXj1UZ/uugVcX7SH28U87maZ/mcKNB5k2Sjl3Qtx+NuY47jw1WZscfg5AzRmenLKTJ9st52jkzcf3MG2R7do1Z3hyym6efPEY6Yt2t0z/n7GomGNt5t2fOVTG4pidyvej9vDsC6epRZmJ0HKtmJ3MWNRZmuBCYSW7r8DV6bfy4iN2XTGtP8/pbuRq//6cKWvtep89cYb0p/e0xuvBQxxpjlfNeZ6M2c3ijZ0sGan5mg2PF7Qsb3jo6WI+PAo0z/ipOcOTU/awZvOnPDRWOWbxxvMAVOmPET92R8uSiBmPH+F4S3408Oqi3cQ//Sk7Nx5oCb/tPW7uxLqolM7x8cJPeWjKzpZ0TIs7wJ7jnU9NuOZ5BXDhPOmPFzDBVq6GjdrJjEWHONJ8wxzmx5etZbXmDE/GFPPZFSh7w8CMRZ9y6O2DTBi7m/TCunZRPP72QSaM3cOrhl5Oq7H1b/1Htp+XMDgykOXT1YwYcoXTzWlzmq4GMhftZkLcIbvlH3VseHA30x48Yiuvjex5Ud9SX4eN2s2zm08rkzU601V+dnCZ9zZ/BcCc/5rQZnBFMfqBMJZP7w+Dmzh+rDXfftA60BP2M+zU7vz2pUk84g/9Tp7lVX1rG3Vs55GW+jPMawczHj/Spj3puv4AXd7XVxe9x4sGoOos09uUNed117l+V67w3K+LHS4VastZ+vY8V8iEKfv5sE16MxftYcIUvd1nu5n2YOftpRBCCCHEz4XMYBE9UvPpWQqvwKCHbuVeR4/MtaN4r3qU7Qelk9Hv5AVWLQftRC+i+I7Cj6tZec9BbjsfzV1qOPOPBsqw4Gh45MjGfTy0vM62FGkQlVkXKOxklrrlu++By1ja9QSvV5Z1NFn57OhlaiOsbb77nqoDba7dZOXkUQtHDce52r8/v4j3wvxBNUdzviTaolaWoFSVM/2ez6m+AmPjhzDc+DWb/6TMMLi9JVwrh4ouc5rvaHrFcVxL9l8EYOGSAIczd0bPn8LZ+bYfak7hClTnGXkRmBR/I+YPvuFonpEZlz7l89w78WyyOEhfszrWzPqQjQa4GurF/Du+583/Ot/+kCYrnx1t4DPDFy0fnWn6nqqdB5i0QDk26qEhqL/4mt2vVzLl"
20:58:39.354 [Forwarding screenshot on session f38f5520-bd02-11e6-b34a-8d0186b048d8 to remote] DEBUG org.apache.http.wire - http-outgoing-0 << "3ToKTkQSDFz4wsIBwxccQLnH/0at7R5/hP+X93L3hFGsflrNxAluWI59yi9nf8HV/v2Z9ugQvE5Vk7v3PAsLP2L3+SjGOciMa55XfMOTEQeUWVgTvXjkARVFb1/gaI6RGcZP+Tz/Tjw7yY92ZVXdH7hCP9NlUF/HYH81xpMWXsg8xRNRwba4NrB941lOV7kxYmTvZgJohqsBC2vveQfDUj/iY4cR4u/N8MFuPJE7gydajuw6XUPUlzHuNbJd38CqSDcALIaTrMuz4BXvxmAaefXBd1iVd4WrGjfmzxzI0awLbE76hKLKJt5L83cQw27kZ4dzmij/4jJX+7sRG32jgzBdeSJ3dmvaavjh60CfeTEn0YvNSdU0WZUBmCObC4lNqm4p7xi+pvD1SqLfMLPjyyju8uxG/fHsKn9vw0Xd+qzEY4gykNmdutuZSf9xB1PKPiM1r7OlQnQrfd6e32M0VFNYXMfdUe5w4Rz/s70B45UGCosbuDvKDYxneHW7he/mqH52s7CEEEIIIezJDBbRI02NyjDIsMHdXdCjmJExiU/yo3g9fxYvP3Q9/a7UUfiJMgDjYnuC3GG6fs1pnn2mjqv93cj65yw2PR/Je1+GE6VxfI03FxQy3GMn/je1/olMPdVJ4HS8touyl8rV/m789ej95LwSxXv/CCeqP/DPOr7hMm/+6TOqr0DcX+9m9yuT2JR/Py8+ZJcXnlr++6NJ7P4kpNNlAi6uStW7QdXJAQ5c7a/mxeJZ5LwyhfeOTWJGf+CkrbPvZK3DBX0ZGw3gNfNWSvZHkf5SNIf/W6t82bz/hIvSgW2+xpnT0Wx6WMULD5/nan83XimJ4/WXJrEpfzbbUr3oZ7rA85u/BmgZGIv7a/M9vp/0mf3pd6WBwuI6UN/IkmfvJFit7GEBMOe1X/L685N4MXcGrzyqBr6jpMzxDI9rnVc1+hNKZzX+Dsryo3guLZL3TkQRpwHOW/iu0/wY0lpePIfz4t9Cub0/3P70BHa/FIx/6Cge8QcKv+RA86P441VsOwqDHvRr3ZOoh4IfiSD9ITX9rlyh8KUvWDT9Q8b77yRoSgHpW0+3bGranXTd8/AtAGzL/aol/Pd3GAF46BFfLIbPWZV3Ba/pfpScuJf05yN5r3oKj4RC2cvHyHWwiWu38rPDSV9z6Cgw1puQHmwY8oPWgWtg5K1KYor2fwOWM6x7qpqr/dVs+OR+Xn9+Eq/vv58XH1XT70o1Ga8pgx9d1Z+u89eV37w0lSdDAd8R5OZH89vQmm7V3c6Ym9xZogvh9v7w2fP/INPR7KtupO/Oe4YBUPCucr0zxSY+sw2QF+1XPjt+8CzGK/D/fjWyT3kvhBBCCPFTIAMsomccPRzuwtX+aubEtW7CGfILH4CWp7ydMivLjEYsvZ17bX0hPIfz9DLHc/q1oW5Mmu7e+meiG3dpe9ArtxmxcBSzfG2TuzwHETQWoD8uNFH1jytc1Qzmd/Ob98K4nrhlt+LVriZdj2/wEMaNdu/yWk4WNbXTCAx6cDRxo23xUnvgPxaoMvN5F1P+P9ebAXho4W0tT4iH3xvEY3aTERqBQXNuVa7h6c5wGvjM9t23n59k584T7Nx5ErOL8oT8bKVtgAzlHsfGNt/j6/m3WEezEmjZ4yF3QSEzFh3g1bdP4f/7aZytntXlxqDXKq88I/+Nz07ey94/jaTq+Nd8WHiCV1/8jM9sgyIubcNpmx/2AwF1Svlt3ZDZnTmPetHvioXtBUrn8cOcL6m+Ag/F9aXz6MZvXprBp8WTeHHdzcyYrgzoVRvqePF3nxCx6BgX6F661KH+POIP377xJYcsALYlf5ohzLnLlU/fMykHD4LiPSfYufMEe/ZU43Jjf/pduUzp55c6xK67+dnedQwEqP5p1YG+aruRc03ZBQ5cgRFLb2uNM9cTt/w2bu8PH717lhq6rj/dy9/vbfn4vTKgVdO9utupRit4+rNep8TjuV8foor297I76WscPYLfaOB03jnOACXvtw7slO05Tw3wj10XuNrfjaiJXbeXQgghhBA/dbJESPSIu2YgXv3h7IXOdmS4zJHCL/lu0I2MD7X9Oj7YC/82ndMbNN0rdhdOXsB4Ba5+1f5aI8d64uixc2zK1Guyya2HR+eDMi5eQNV17TeS9B7IMJxvVNqR8hi3qbMBK0s1e979hhEhQwn2Vj4aNthRvK7wXRNOn97DFa72VzPuzrZ5cx0eQwC7VRLDRrTOxrnw6Xk+uwL9aCD510c7hFq25zwX0mwDTXb3eIjG8X0YHDmWl5/+jqXPV3M05zxHc5QIaGfezH+/EYZvJ/GHa5hXfM/+jZ+w9PlvOh5iN3bXNj86cJDnwXG+3P7MUXZtNvLifBf+540GrmoGM9O2HKfnLnPmuBmziyfBo4cQN3oIcY8BlkaOvF/G8nmVfJZznN1P3MZvg7uTLndmPerF5uXV7DjQwJ03nKLwCoxL9MUXON2kDBBU51SyKKdjMI5rfffzs4XnjYSOhY+OXuTzGjoOXgE1x8/w8WkImzS8ZVDkX1EH+uJkkTLSM3bijTS3UaeP2+Way3XKtjptZ/c4rT/dy1+XNn93r+7e0uWSnOD5E1j+5h7WfXyBx188TbKnCvtRdufp82L6A2q2vnyR4qqvOZJ3mavxo9kw4jRPrDdTXHWGvbuAqBGM7+2rj4QQQgghfkJkBovoEfVIL4YB375RSaGjp8Y1Rh6LO8qvpx7gcPP3N1zfqzdbuI/wxKs/BI1s38n9zux4KYnTTW5t2r+FxPEbSZy9CrYJwNe+2iidUg/7g53w/zdlJOB/Xj/psNNa9fejLFpwlOh/P9llvLp6E0oT0O+Khc++aB+AxcGF215jsP+NaPvD1Yl+vH8ymgMlURwoieLwZ1G8u38SBTvGtHbQ7O5x53fClXuSJ3Py9L3s2hHC8seVaxjzviSlk2UL1zqvjr99iKXPf8NVjTtPZoSwbe/dfPZ1lLLEwm7crsevex58M/NigaPn+Z+dlRRegHGP+DG6h8G0qDEye8KHRE8/2n4DULUr4+4dx/KFymDl56cvdTtd4+J8ub0/vJNXwbY3z3O1//U8fL+ymK3JNpgVlRHOp59FtdzzAyVT2LX/bp50MMugJ/nZ6joG36iUyw8/dnTQZbb9vohFs4v4y4HWzV7/FXWg96rZkaPE1U/jAlZlICJo9MAORzYC+Lu11hkn9ac3+dujuuuUG0+8oiwVOvKHYlJfa7PxbjfTFxarod+Vy/wtq4KCCzAtcgTTIr3pd6WBN9Z/TuEVmPPAsG6/RU4IIYQQ4qdMBlhEz3iOIGmpmn5XGngy8Qjt39fRwKtPf4rxCoxYOJq7+/hEUj3Eg2FA2ctfcKSlI9TAmy/14pGzrcdSVvpNaye96ive6/hw14nr8LnR9paQwjZvCcmtatlXoJmlppGamo77VTQb/ks/ZvSH6rzjLN/cPj2WqlOseFR5Wv27x/u+huE22wDFm69VtX5YdabrtPu4cQtAkZlv3d3x9fXC19cL/vFP7plygGVZzvdxcOTD53bjf9NO/usLF8ZFjeKJtCno85T1X+WdLFu41nl1ukTpJP4uayrJj4zi7rtuwvPceVt+XOn2kpUW7Qbtrmf63GH0u9JA8oJKvuV65v5qaE9DbOV5I9GDoZ/JyCr7t+NYvuFQmVLGbhsxoPvpGnwz82L7U/36F6x6/TKEj2SabepQSIRSVso/rWOw1st2z2/g4J8+InbKh7z6acd71Lv8dGXG4zcDkDXvIDuPt68rx94+TOrHcLW/F7+e1PelI92uA5bL1NR0Y1TN/nXRljrefPogb56Eq/5aYkNd8bxtCGP7K+3XoTYDOUds7cWI0V4ONv/tqKf56wLXtu5qR7FedyP9rlzhs9YxzG6nz/POEUT1h8KXznOa/kwO88LzzsHc3h8KX1f2cImO6GRJoRBCCCHEz4wsERI9du/qsUS9XERhXiVhXl8xZ+lwhrs28t4b5/nMpOwn8IffjwIautVZbersKbfnCJYvO8ZDz1czI7yQtGeGUvX2cTZ/bH9gJ68VamuwG37AZ3u/IO5xK//vVitv/eGsMjDSxWtaW9PgysPP3Erq"
20:58:39.354 [Forwarding screenshot on session f38f5520-bd02-11e6-b34a-8d0186b048d8 to remote] DEBUG org.apache.http.wire - http-outgoing-0 << "3i/4a9xealeMRFtnZt1Ldgm4cIrYUf+gzHcYxUcjHG90qx7Cmlwtu2f/f/bOPy6qKn38b9sGEGRQksYfYykWUqRmLBWoYYkhlWEurWFmu0gLKR8L2hALjEIL2RbKSKHIz0amy8aaRoW4sDobgspOBkqNuIHWiM3CjjAIMkzf9fvHHX4MzAyDYn3aPe/Xyx/33vPrec5zzp373Oecq6UwvpzS7aP5RagHTmf0bH1XeqC6eO8N/E+wK9jYX6Kr37+2mHjPDUQoGil89zgP0MIvbv4Zf153enDZXSbyRIIL5a+2sGTcpzyd7Y2XVser6VIsxS+WjKd37wfHuCl4LLyqJX3+XgyvXM8Up04+Spc2WV1077XWMw2zrqbOdAM62ZL6GVOenYLz6UZ+t07aaJMGPdVNMNFGSISFrZqX03ybqebxpiZ+u+E2pnvAxPu8eeCqRj7+NzBrIvdOu5xp1p1fvz6Bdx5p5OO1lUx4y5WH54/G2diB6r0WaQnd7Ou5d/rVnP/KAbm8QHICjSN5j/T1q4djvHse9L1CpvGoopH33z3OHWebiV3swRnVabYWfM9FhRcPW1nqNMkRfVoJl/AKDuDNx8+w+t0OVgfsJm/pOO66xZmv957h44OSw+Xh7FnSl6Vs+DzsjYG+5xwbAx1khH3Ka0ddyDv5gPWvpJmpzazigcpjABg7u/hSLbX34lVX87v8n0tj3mMSq6LVPPFWC0uml7B+ozdUnybtjRYuXnU1a1Y4Nn4c0+//o6sFRnytJSJCxeqNdzowdh2nd6mQdNzlsHyAyzgWPXwVpQX/Bq4haBrAtQTPgi/VQOAEZiut1SoQCAQCgUDw00NEsAiGjstE3j05h6ced2XEv7+n8I3TvP6q5Fy5OVzJruMLzZvSShEftpCeYX/GxFsszzvTu5QnZP08Mn7jzoivW0iO/oq80qsICXfpkx9GeVkeW+da1u+5gZuvgqPvniY5pZHGRRN4aunVfcLsf2au2zKnvE/suov/rfw1X8kkvuf9l+vZ9EYLN98rPXR6upvfarvLmAAwWma3TV4hd3Kk6CYe8L+KFnUL77x8mq3vtnHxqquIeG4m1YXdn7e11y4Zo5xsp5kwxglcruX1/T8nwv8qjr6rJXntaT6fMjAg31r+kPULePu5axjx7w5eX3Wc5JebOIcLT+bfRay/M471cR+Zg2fx9nPXMIZOtq49QWL8aT5ruoqITXf0fDb4Sutq2i9/TsrSqxmh/heJj/ydp9Y2In/sep5a6sKIf3dy/MsOG/roZ6te17Jo0dWM+Pf3/OW9b/i250l5HGGPSU6VRSu9L/vTs1PuC+Kvu25gztSrGPF1B4VvNfL+u5JzZc5vbuBgcQATcVwugIn33cADCilCJHJhXy/bNWRUBLLy3qvR7vuO5FUn2FrQyejZXuTvm211qdNQ6u3P4jfCeHfTOGlcFnzH6ymn+fjg91yc6k7Krrt5fXm3cQ11DPSzS4fGwM+kT7oz+JKjEf/+N0cPdnD0YAdfqr9ntMKFB37jza7jD/Do9F6H2n2v3svrvx3NCF0badHVkvNhqjsb987n0WmOjR/H9OtOSJxkaV/ua2Ln3nMOjF3bTFD2103vUqFefTsin0TgQ9IGvpMeU5htyJ277pbG+4IIpUORPAKBQCAQCAQ/BUZcvHjx4o/dCMFPmE4jZ85eoAtw8hzFRI8rExTV2drBWX0XTp6jrW6I6Tjfc6bhPF04MWXKpW48CmDkTMMFumROTFFeTjkSrU1t6M//P+BneE5xv2IPHE3aNs6bGHodnR00nO0C2c8Yr3S//P0SOo2cab5Al2no8g6XrrrLGeU5Cq/LsNvOViNG55/h4dJdxvfkROzmpVJX8k/fR4i9BraeYsH1f8ew+ucc3jjZgTZ3cP58F138DM/x7nhY6Yjhkqu7HKdRI5noNfjm0ZdX7/c0ac9z3gQM05iyhd0x0FDLhFknyDu5xG4Ey5Bp7aBB34WTzImJlyibQ/rtNNJkBHcP594xOtxj12rjLl8+gUAgEAgEgv8EhINF4DCZr3zJ71/5cvCEAoFAIBAMgWfW3UzCupt/7GYIBAKBQCAQXBbCwSIQCATDQgtPjS6l8N9w8SpX8o/fR8hge0u0nuKO6//O+dU/p9aBCBbBlaVV20KXcvRlL+sSCAQCgUAgEPx3IhwsAoFAMEycOXGGr779N1MDJjHFobVL33NMpYWpSqYrxZ7jAoFAIBAIBALBTxnhYBEIBAKBQCAQCAQCgUAguEzEV4QEAoFAIBAIBAKBQCAQCC4T4WAR/MfQ2nQK7bnO3hPGJhqamn68Bv1E6Dx3hobGUzSd7xw88X8IA2xFIBAIBAKBQCAQCC4T4WARDI3zZcyN8ea5qjO20xhP8V7hu5ww2ji+IpzixeR7mPTHgz1nVH98CO/kl2m4ktVeUZpIX+fNiPXZtNpIceyTlYyIWchfzuFA35jLW/cKktupk0/eXcbIpLl4v3gP1z5zM69pDFdCEInzn7EkxpsRMd68WPVjOr4G2opAIBAIBAKBQCAQXC7CwSIYMi2DXFdtX86Kv7zNPzqsH18RGtVkAa/cOcN8ookD1Y1cf+vdTLmC1f4gnG+jzcal7747YXE8WN8A0O3oOneApIpDfS7MwE8hH3r7HMXURbdbxUjXlatnMAbYikAgEAgEAoFAIBBcPuKzFYJL42p36V9jJzi7WFxyGjkW6GSUq/XjK8GJY58CdxJ8s/kDq01qCtth2c/9r1ylPxTOMiRtdwKWul6wspyLK80H520XIeV0tjzp6sYE4DiQFf8lT/u6WMk5DHTbiOsorqAJOMwAWxEIBAKBQCAQCASCYUBEsAiGzGjgVE0+q9d5M2LNzYyImUPC7s8AOFYST5CqBqhj3po5JL4Ta3H82lENWzIXsmTrq7yYuZARMd6MiJnFynf/3BPdgLGOLVuXMdm8nGREwmJeLDncU3/r8beYu2Yh7/QsZ+mkvGo/TAplltmH0PBVCcfx4TY+ZG7CQuauT+WYOXLjw3dWMnfdQkK37kDaheMUL25YyNyEhax8LZLp6+awbEeZlPj8YVavW8jcdQt5seKUVL/mXULXLWRu0iM8/PxC5iYs5rXjUuubjmYzd91C5q5bheqcVISqcBXT1y1kydY/W1foucOkZy4268KbyetXUaDps4RGX8qLbyxjRMzNjIjxJjTz1R5ZGv72CtMTVqGy6lw5w3vvrGRyjDcjY7xZ8sbLHGmXrhg07xK6bh37zCn/vGMxy975iH8ef4vQhDmEZr7V0x+t/c+dP8zq9QuZu34V7/z1LZasMffTmoWkV9RZyPXchoU9NrLyrdd76rPHiap3WbZ+To8+plvoo4ktmYuZu24xq99NJdRc9+qS44CBD3es6rGb6ZtSSd+6krnr5rCysNt+BuTD3p0AACAASURBVNqKQCAQCAQCgUAgEAwHwsEiGDKuwM6KTD5x+yVvhq3iIbdGsoof58WjTTi538RDzgAeRN26GN9xMyyO/RSjMDTV8eEXW0g94cmbj77GK9Pc2FbxLPds3QtAwVtLWf3FIeYHJfHHpUlEUkPqrkheNDsxukz/otxYx9dt5oUzxmr+9C1EBgT2xHcc+fse8HyABZOvo6W9jnJdPp+c7ASO88GR/ZTr69j3xcccNQJf7yP12zrK23VMGyfnuL6Rnao/cwJoPfUZW/R1lOvr+N9DagC+OLyTffo6yrum4PezOsrba3jnM+nakUN/pFxfR7l+LyX/aAJO8ae/7eW4vo52L+VAZRqPsvqFSNadqCHy9iTyH3wCd91eHsl6TNpXBYA6so53kBqWxDrvCew7sYVl2yUH0D9OqjjeXs95U/+CO3kv8wFWHNnPpGlPkP/gKpqO/4kPjYAzdLU1sK+9sSd1ua6OndUVnDX9i33tjezT/qtnJVFX/3Om89To6ijX7SW6IF0qE8BYx7p3o/iwCTAeZ2VSJK98a3a4ODey7Xjf5UjWOfHXeHzzXmSnrrdtx3V7eSTrDl407y3T1FRDub6GLRX57DPXfeP11/HJO79kiWovp7vz1eez7ov9lOsbqWs1e6Cs2IotUg+kMuLFEVb/pB5IHVQW"
20:58:39.354 [Forwarding screenshot on session f38f5520-bd02-11e6-b34a-8d0186b048d8 to remote] DEBUG org.apache.http.wire - http-outgoing-0 << "gUAgEAgEAoFA8N+FcLAIhkwHgHcSmuR0Vi3+LTt+kwBAa1s704J+w7N3zgAUrIj6LVH3r7I4XjChO2xgBh+n72DVXQ+SlPApWZPg+Bev8ZdzZ6huaAXuZMmCR1h6z2/Y8dJOUm99gp+7S3m9Zq3jwuYveTlgolTvl5+xDw/Cp/uYyz7KnhPw0B2z8fCax5MK6ewnNdV0nlazs0eSQxzWGlAfPSAdev6SX4c+xBwA9lJ+upMva8p7Up8+UU4DZyiplpwGD931SyJnLwTg+FcH0HKGsq96HQNFNRpoqmCLEWACUUF3DNBlU80ethgh8sE/s2Plb3js/nUUP74C0FF76l/mVHdz4Pe7eWHxb3h57XbineF47RG0gJN5kZ9T/4LPHeStE63g/QJ/SVjHY/f/ls9e+B23ABhhbEAqLc+9ZpbVhz8+d5iWl59jQp8irAV4OAPI6Fnqc8u0F/hnbj3//J8E85lGqk6eoammkG3mM6mP7+Xi5nr+/mC4lRL7YDzMuoI9AFw/6Qlq0r/kwoadxHuay3nvDU5YtGsGf4z/iAOPv8ujymo2H5H6Zc6tv6Mlt54Lz23hoX5VDLQV26TOS+WF4BcGnH8h+AVS56UOml8gEAgEAoFAIBD8dyEcLIJL4t5JM3siAFyUM7kX+MvJrwHoMkkLb7rMm9r2PzYaAe+HmD+muzQ5YQELAR36C9fwi/kLgUM88OKtjIiZw7L3PuPnd6/g/ut7N2B16bPvy5HPd4NzKLebvQOdmoPsBO6fdRMgZ77ZCVJ+7K/sqfqbhRx/O/wxH9dIkRUP3bEQrzFBRHY7ZKo+YZ+mpk/qKor/9gmftQNMYOnts5h2+4OSk8JYzkd/+4SqPl9KOv6PMgpU5qVGnvdzT1/vhZkvvzwE+PDroFk955RBqVzMPcrTs66RTrjdwM2juq+6ca2b9D97K1yaTh2lHFh3T0hvpMaEu3jUszeNxzVuPY4ST7kXHqOsb3DrhMxmPRF334cX4DVZsgEAZPDll1+YD8J5JEhyZviHLOlNY42O8z3LkpbdH830MS64eN1BwqJfSieNX/CPc73Jb7k1lqW+txAcNBcvUxfdeygH/PwuPACX6xeydJqHRRX9bWUw+jtZhHNFIBAIBAKBQCAQ2EI4WARDpgXwv8m7zxnp4Xb0EMq43nWM5RINmeQu6DKB//1b+Gfi22TdHs69bu3s/GILD2TNZcnuo1ZKOkVxdSO3zFzQ87Wgo5+XAuHMuV6qoccJon+bR/6yH/AgPngFtwAfqpJJ1UG3w6SvQ+bDvzwrXXNbyCu3zgAaWf1+OuXQ6zDpccj0XptzyxOs8gT0+eb6zM4bK63v+r5bfsvzrecMdF7WZ6271wwNiG1xDOfeBv3j9Fc2kxm/7/4akI2vAjk7O94CG34cZ5n1xTyjnaxn6JvacunUQFtxhG4ni3CuCAQCgUAgEAgEAnsIB4vg0vh+4AN1/08EO7laP3Z2htPH93Cs50on5VV7AAXj5P/itcyFxJTD0yuzKMk8ykXz0pYPPz9Ia/9KG9VkGSHitt7PM+/7ew3X33I307rT9IlKkbiNR8MiuL3vKc/FPREmPQ4ZM9dPWcjyu0Msqo3scZj0OmS6CZmzgsU39F2C0u28Gch1U24C6ij+/EyvNjTZjE66lWXFx63mcQSvybO4BdhxqE/EjrGeI3oHC9B/zpfnAQwcPvH5kOu/+eZbzXX+iXzz5sDHDn4yyCa3Tj0RNUXln5qjWU7xfske89mbuGGM1Ywg65P3rwWcMHbScPQt/lDfx2IG2IrjpM5LFc4VgUAgEAgEAoFAYBfhYBEMO1JURh2vb3sVVVNnv+PusIz9LFqfyifHD/PO1keIrodbblnFgjHu0FLHhxVPsHLHn6nUHOa9v5RxHLhl6k14AE3Hs5kcM4vXjjdx4lgZMIN7+3+e2b/v55n7OUEm3YH/mFuY12f5SOQd83sjTMYE8Ys+Dpn7/Wag9A3os5/HBML7OEwsHTI+BN04kVtvurO3gD7OG85/xrI13izZ8Zk57xIeArLeX8qLfy2jsmoHUVsygQk8NvsWrAWxGPv9a5Ux/jw5CU4ff5Yl7+yg8vheElIj+RDAeZC8ABxi3nNzmJtwK6vrB7i1epbj2DrnNSOcSPP/U9+9h+nr5jCj4E8D8vTtS0bN5blgyflx/PiLXBszi8kx9xD/rVR//KNPMs2W3KPm8tsgc976THzX3Ix3jjnayMwAWxEIBAKBQCAQCASCYUQ4WARDxtZSoAkjpcUgt962RIo4+WILcZ9W9Tvus8ynJZ8H3ogk+osa5kxL4qP/eRCQExv7Nqs8PdimepagrEhWVOxlzrQEPnpkvpTP1MZpWvnnhS7KDu4FxX09n9zVnizhOBO4+6aJFm3r6wSJmhUEwJyfh5rP+PDw7L4RJnLC5oX3XAuZPhm4ifu9zQ4ZxWLL/VTGBBE5qftaCLeOAq+b5vbsNxI1x3J50L+M0HTBHAE0ai7/m/gakW6NpBY8QVBeMjuNPmQ9vo2HvMBjwCoYZ+ncKHfzHiyWy2d6+8aLVc/u5RXvCXx4JJmgN1aRZfTheoDR1+Bukau3DK9Zq/njreYID2Mj5e0zWDVtRnfVZnqjRZyvdrJ+znkW2557jUhznuP6Ru6d9kse6tk/xpyvT18CBC/7I/sWhEub8dJq/iKQD688+hGZd0lRQd06cR1pufhoweO72bfgl8xxk/ri3luTyLu1N1qlv60IBAKBQCAQCAQCwXAy4uLFixd/7EYI/hPppPV8F86j5ObH9+5jI6+tu4N1rOKfr/wWms7AyGvwGjVwn43Wc2do+x6cbVzvScM1KMeYrxubaDDAFK+fXpRCU9MpziNjvNfEQT8hPBRaz51BfwE8J0zEY/DkAHSeO0Pz9+Du5XgeGyWhbfoOrvZEOcb6Jrq28jU1/Yvz4KA+mtiy6TH2MBHl2Pmkr1yGF02kr7+DdTq45fYtlC+ZbmkrAoFAIBAIBAKBQDCMXP1jN0Dwn4oLHhZOke7jJmmJh1HafdTLa6KVvBIeYwZ/uB+QxtmLKT893woAXl6TrW6Ee7l4jJmIh629S2zgMmYiymGp3QWl1+RLyuflNXEI+nCmq6WOffo6qN9PWW0+7u11dO9is+BGX4fsSSAQCAQCgUAgEAguFbFESPCD4yHD/jeGBYIhI+fpBGlpGcDpHueKB6sWvM3Ld03+EdsmEAgEAoFAIBAI/hsQS4QEAsF/FJ3nDbRdaMN4tRNjx3gN63IrgUAgEAgEAoFAILCFcLAIBAKBQCAQCAQCgUAgEFwmYomQQCAQCAQCgUAgEAgEAsFlIhwsAoFAIBAIBAKBQCAQCASXiXCwCAQCgUAgEAgEAoFAIBBcJuIzzYJLok1bxZ7de1FrTmG4MJIJfncS8ejDzFQ4A20UZb6GKXQ1S/w8++fsc01mJx3UFWXz3snrSUyYR0Xumxw5BzKLFCZMo25lddwiBua+NIwNZWRt+wdLkmPw6f+lI10FmZll3LhiNYustNeyIB11p8HHRzFMLXOMNm0t38huwE/hTF1JLu/VTiAxYRHuV6Y2u/1nga6K7MwdHG00cONDCSQt8bsiLRoKvfY1dP3UVRTxcXE5tY3NjJSPxffO+1i2NBhPJBvK2PYVSxLj8HOgYEf76Yfq20uXrdce7netImPbSevpjA1sy9jO6CUO2M1Q2l2Wy3sVMh5LjBo4dm2grSjgf8sakFlOLJhMY1jydIxD/TcU2upKeO29cq6d8xgxoT5W0+irtvHsDng5KwoFgFGH6pPdlH52jEbDBeQTbuSeB5eyKGCKRT57/Yaxjm1ZBfyz/wxqMjExaDmPTjrKqrRaEvJS8BtUd0MY93a45PHXx37udz06pLFmi4aqCvANYsoQy7B7v/jB7wFtlFi9T145exYIBAKBQDAQEcEiGDJttQVExWewR1WDk3IWs250Q1O5hw1xz1CmAzBxurKGumaTldwmTlbWUNtsGiQdNJ8+iqbyNB2YOHVETY1azcmTJ/v8qeOUrmPAj8nLof3sV6g15ZxtH3hN//XnVNbXcLrVent7aWP7M3E8v0szjC1zgLYq1sWnUqRpAaC5thRN"
20:58:39.355 [Forwarding screenshot on session f38f5520-bd02-11e6-b34a-8d0186b048d8 to remote] DEBUG org.apache.http.wire - http-outgoing-0 << "5WkGa+2lY7//+lL1wbuo6psZ63MjftPGX7EWDYVe+xoaFbnxPJ+VT6WmC79Zs1DQiKowm5j47eiRbKhGcxgH1CK1w5F++oH69vJk6x3b7WdP2k7Xfpb9NTWcGnQcDY3mr46gqTlodeza4pvPP6OmRo1abfmnpqac767AwDE1n6JGo+HIyWYbKRp4M6OYsXfeITlXaCAzOo7snaWcQsGsWTdi0qjJz0gkraiuJ9dg/UZ7M5+ra1DXnrSYQ0/V1XGm2YCzzzxmO9WQ/naFI1L0mcMvnUsdf33tp735K2o0KofHmjXaqnJJzNjKN5dQhu37xY9xD7B1nzxJTV09wzzcBAKBQCAQ2EBEsAiGSANvpxcCSuKy0glWSq/tllVvJ2bDHv7wv2XMT5oFLjDK1RUAoxGce97uebJ6+zZwdgf04AJO/T0k5gxuriPBRYYMkI0ECOG1d2KuUDSGhJubK+Bk3WnT/zW3HbougHyU63A1yzGc4AK9eg9avR3/BGccfJl/aVjrP2tNk10Al7vZlBJ1JVszJGQyeuzLUdpqC8gq1eLiG8HraUvNkVNxqLLjyVbt4YOq+3hYJgM8cHWT8hjBbh841E8/QN9evmy9Y7u9Soa1cWQEnN3c8JBEGlZkspHAGMa6DSWP1EK5bxgrwnzBJD2Ffv+9jFuGUM6gdM9pblJ9I20k05UVUIOS5MVShFdF7u+p7ITAFRtJWGSOeHmijvTo51Hnv0ftvWlc94/B+y3GV7Kf4DWvERdgfQZdvDKY4qwdVD0ehI0kZvrO4ZeAlfnd4axY2o9nQBzbtz1xyU0Bc0E44XoJnnp794sf4x7wQ90nBQKBQCAQ2EY4WARDoq16P5WdMGPFmh7nCoDnzIeJDj7BEVdoA2ROoPnsbeIzKtECLgp/nkyKJ0jZzgfr19MV8RJRAZZlG7UVZKVvRa3rBLk3vnIdOE3vTTDS1i9gPdvjn6Vr2e+ICpAeL6q3p/DqsWm8vmk5325P4Q/aKUw9tx9VfScgJyQ2mZj5UwAdRZmZ5FfWAy4oFZ2AIyHderavXU/DJF/0KlWvjClJeBzIoNgAqDJ47NtwXt+0HKqL2PRqPvWdAC4Er0gibpEfoKcgZT2HcKNZU0+nMpw1/ifYZbO9Woqyc8lXmd+MuigIWf4kMaHj2Z6UgVRtFLrwZB6RfUT651N4fdNyPNFTtu1NcoprpHxyX6LXxhPq40m1Xf1Abck2tuYVozNL7h0YSULCEoe0BFC1bS0ZpQagmIcfO0PylhTkxwrYvLUQbSeAnOAVa4hbNJO22l2sS/8E2VjQag14hz/F9BN/5MQYb85XSrakmBHOsrvgnew9GJAejpOTo5jiDLTVsS1jM8UaqbVK/wieSVqK0oqeV/maG6hTsTYuD+/4V4kJkqTSV23jqYwTrMndRECfVRCa8s8ABdHxSy2WpQU/vozKbz/CraMVXAF0fJSVQoZa6idl4ApSEhbhaaUdCXc2sMXcT259x0CPrufxF7t9a8sm/Abt274Mh2zdY3txv7LrynLZlFMq9ZfCBQMgjeyB+sjNehhNQRZZhWops3wGsclPM3+Ku115pk5XQqkT450t6wMFIdGSPmwxUulPcNDMfmeltn3cOIY1v0sjwBOqt6fxakkdk0PXkLZ8KgUp69l3bgy33+ZGebGaTiSbS0paKo0PfTWZaZup1BrAxZvgO+y5lXTs3qEG/1hmOgM0cKhcB8pwnljUZzmRsw+/fjKMc8UmZF0O9psDePrfjTcqPjpQR8Ai68uXuvXSO4d7Oqxr+/O7kQobfQ627aettoCn048T+7rUP9qKAt7YWmieZ+WERCcQE+pHW4OKtzfnS/0AuCj9iV4Tz22GD1i1oRSAjKi1xOduIkhmaw6R+siR+0VtwcB7QGuF9Tlv2LF3n1z7FGrvJ8mKCZJOtVWRsmozU9a8SpRvq025q7en8fYJGW6NauoNztwwHtom/5rshPlSOcZa0lelM2rZK8TNVw6/TAKBQCAQ/IQQS4QEQ8LU3gHImT+7/wOaM6FxaaREzccd6U2atrKSSZFxJMdF4KFTk5X7CUagpVFHi6l/vLKWN+OzUF/wITY5ldjZTmi0WL7q1R3kg6ISioqKKCoqYteuMrRG6VJLs8GizK72RjobW8z/P4dWXczRMaEkJscRrDRQmpNDtRFU2WnkV9YTvCKR1PgHMOhwmK52HTUqFVMj40iMC5dkzC5i3Kw5KAAX3zCeXHY7VzcU8dSGfJonh5G8cSOxYT6o8lPJVGkBaG/UodXUMysshODpk/iZnfaWpceTrzpFeGwyGzcmEuZzgdK8rVS0eTJ7cRgAvmHRPDLPm46WUz06qMpdT05xDf4RcWxMjSNwpIa859ej0tnXT1t1Lql5xchCVpCasZG4iEDqK3fyfoXjipp69zLCfF3AZQbRTz6I5+kCErMKaZ4cRuLGVFaETECVv4G0ojpMHU3oOg1otRMICwnkNm8vus7p0FRW4hsdT1ykP7qaPWRll3B7dDyx4f4YNMV8qNYBOnKffp5ijRsrElNJjY/ApC4kPmUXRit67nEPKqYyyaWT0j0HkczJyMGPiulUTGOqxRYTbdTX60A+nen9t55wDyBpUxrLg3vHhUYN0YnJxIbPQFuZz44qvdX+vtjTT3refyELtWwOyRlZJEcHU1+5k/SCs3b71rZN2O9bS4ZHNmtju612O8/nlDLSP4LU1ERmITmPulP118fpgvVkFaolW92YSLC8hpzE9VTp7cvjOf3XZGT9Cs+2CjbllDI2LJaMrI1E+l+gNC8Vld6GgQKtx3aQmZlJZmYm6enpbDePzZZzOjoN53qWsXS16+js7ORci6nnukGnobRYzQRfJS6AVl3IW0UNgI7sZzeYnStKZkxoRqWys2Sk7WuOGCAw8BbpWH+W2k7wnXv7gGgERVAUm9Ji8HF3vN9GAt8e/pQS8/xZVLSLorJqekzB2Y97ZoBm937sqEqSu7ufHda1/fm91k6f27MfU0cThs5GqX+0RazLKqRxQgiJG1OJDBxJaV4qBXVH2ZCYTaXJj/jUjaTGRzJWqyZ7826YeR/R4ZKnNXBFBL6e9ucQR+8X1/W/B9TZnvOGHd1+dhTsYldBAQXdf4oqaMOTad4eaEv3UGvu9IYDe9F0OjH1OuzK3dWuQ6dR0z45mJDAe7hjphe6yg+paDNXeagEtQFunCacKwKBQCAQiAgWwZBo/k6H7QD3XkwXwCUwjoQlwQA8fmwfGYcbabGRvq16H5VAeEIi8/2cYWYyrQ3L2dnYN5WB4vy8PscKxs2bj9LmOom+b/ICeTFpOUrA91caVBuO0NKu49hhHS7B8cQtCgACePnCGeJyageVr6+McWYZ0ewno/w03/s8zm3yPA4qphM004eq3M10Imf5Y/czztXEpMVLCDxYQ+XuA7QF34cJs66ipHKqcj+w0V4jk+6KJXa+N/MDJqDXNeHrM5niGh0mE0y5czqK7GIU04PwU7pT1aODBspKdbgExpG0VKoj4RUZK6OyKD1Yy4M29QNO4+YQHe3LraHBjNbrcfWeiAtDW97hOWUm/koPik9dS1DQTDS5bwP+vJQWxRQAn2Q66pdT+Kf9nFsj5YncmMwSH2dAT+47kn5iQoOA8VTuVHMy+Enz8XVU7ZHeehtrD1BqAN+IZcyeOhYTC1gWdois4k84pJ9nRc/55hYquf+XvqjyP+GQfgnBqNmtAf/oe/ttntxBSzPQ1e7Q3ieRGWmETgEC5FTsSeTb+rMQMN5GOyRbNQE0a9HUn2V2wDIyptyLbOx4lG4dNvrWvk3I7PSt5fqi4ZHNGsf27wcCSTFHdfi9kogmKqPnuqU+9OSuzAZlGEsXTEfWAYt/FYFqQyGHNXrusCePp0LapNT8cN985h988y9v5v3mRW5phuvt7MfaqaunUlffc6wmkOXB03tmkN6ZxDI6oPsoMC6bhGAFFdlxZKl0nDp9FnQXOGoA8CZxyyYC3KEsM46cSutP5W31GgzI8fdVWBSumDTWdsOH0G8yoF5VSH3fk4oQZs+f2WMKntfKYSjP/OZKB9O1/fldT/m+ept9bvrcnv3Iev6u2ldCJ76kborB"
20:58:39.355 [Forwarding screenshot on session f38f5520-bd02-11e6-b34a-8d0186b048d8 to remote] DEBUG org.apache.http.wire - http-outgoing-0 << "DwhIeAZT7kG8r5YzKToamV8QAV6gazLh7wvaU0104Mlt05Ww5xxz5wXgVltgZw6Z7fD9wt0naMA9wNacp1/kM2ybtEt0Uvrxh7h0YnZFdYIijAWLggi4fxEupXmUHNLhFyxj3+4a8F3Bnc0HyLYp9xIpcA1/klLipEgeXRlFe3MoO9BA0KIJHNhdCd4RzBP+FYFAIBAIhINFMDTGTlICp2jrgP6/CnXVKo63j+X2oPHQBT5+1/VelEl/2QpeNnVJkTHe47t/6jszdYoCTvVJJA8h950YB3+M9nUCXQAXN7pXw5u6zE069zVHO8Hn+t4HGNngvqNe+ssolYAMk/m5w9RzDnTkPR/Xr4nt0pvXAeXYaC/OjB8LBZsTycnoW5BC0muXiQsApg7o+867rRkdcMedvr3n3KdyuxzKTzWDm636wHm0By1H84jLyx5cH3boklpm8RDYawvO+E5TQI8zTcG48X2e/rtg8uTuh3cPxrjAjTd168uVMS7QDrS3Su47TeEGYgr71q4068daf0lMmfcgivwMSg82cJ1TMQaUhA14WlBww40ulJ50s2LHRqrLysF7FpMAkDPOo/uaBxPlsL+pFbAyNnrwZNnaWLSbcyjM0VAIIPdmRcJalNfZ6NvBbMKmLfVnmGSzgrQ3Sldv37v7Mt3cZ4ClPtq+RWsADMUkxhRblPOt5mvucEQezyDWrPiczfmlZNdIyz8UM8JY83QUPjY2ppAHRvPyr27F1CG1UubqRZ8WDoKCO6crzLL27rGi//oradmMfBJTzfWOtOOZNHWZ6+4RRoYc0Hz+NRbr1ADaGlAdOcvU24Mc6reZY8EABMfnEhdkewb1mDAZOjV83Qaejmzi4aCu7c7vg/X5YPbTU8kFkE/vY4VTWBpjXuZYW0xmfB6WQ0S6H0k2dAGTaZA5ZEj3i/73AHP6nv/1n/OGEXv3SWUQoco89nx6hLapTpQaICR2Nu2tHwB25k4ugMuYnnGHYg73e+ews+Qg+tmT+FgLwfHzrux+XwKBQCAQ/EQQDhbBkPAcfwNySvnTn8oI7V5/DYCOD17NRtXpz7Sg32AC3Nw9bBUzAJmTK2Dg22YjeEo/05r/2TogVMLWW1oZcP5C77Hh3MC8AxhzHX4uUHu6d48CmczxnS3tythFz5OSyWQAfEn9II3unQnqKspoMI1j9GDlWKDl7edzqFEEkpjxKL5TFFCVS1TGEctksn4bK7p74AkcPqQhzrzHCMbvqDeAz43j7f7Ir/rDCxSqISI+lQXT/fCkipVRGUPa8Lc/JtOFAee+O6MDfPkeGXDBoqNNwJhxYy2OnfrsM9DjxjJvIBqSmEuM+YG0TVvFgaMdTHWDz7GjZ/cAFvm7kLd7G9vQ4BLYvQ+GJeOmTAB1KburHu7Z7weAhk/YkLMTeUgiv7vNisz0mqPt/tZTfxYeSdmOn2sT1Z8fYUfeTvIzdzP7NbNzrH/fOmoTDjAcsllD6u++G4HWo+mEqX3y9+jDfRwKF9D4xfJBUvf+DlrK9tUydpYvXZ8MLodRX0ez6228/EEcMm0dRw8UkLOnmI8/v5+EYOs7B410ckfhqejnNO59hO+2MUO7YfAGmPGcehNyVBi6znHWPK3ZizKROcmALi50J3L3xV8Be0r3UhsTQN9dTao/2Ex2sZaISf7c4kC/vbOsvyTWaW08BS639ziEBsNRXdud3wfp8/bd9u2nRzITYDhHK93dqGdX5pucGTOSv316GO+QaF5cHIBS4Ykq8zGy+weeyAaZQ5RDvF9Y3ANsz3nD/nGfkfY2DnZnweJA9mTv5rVcAH/uD/BEVm1/7vxmQDnOzAsPYWdWCW+9OZZOZnBvkPWxJRAIBALBfxtiDxbB0FDOZ2WIEkNlDvGZ26mqraOuWkX22t+i6oTA2OX0vvfv/9PR9k9J95lzmAEUbn2baq2eOtU2ctR91tqbf5/a/OHoBOod71Ot1VFdki3lHdm3RpOV2r3w83PBoMqhoKIOXUMFb+aU4sgSKNsymTDhyQ1+LhiOfUZFnQ7fubMBDXmZRTTo9NSqtvF8Vg556uY+b/ysJU9buAAAIABJREFUldOfDumRb8xErpswmo66MjIypPaaoOcLKN9+foA6rb5POT4E+bvQWZnHNlUtOm0dBRmbqQd8ej6ZbK2+7maNZdx11+FmaqDgtRwMIC0J6YuxgYLMdLaVDb6+wPeO2wE1v88uQavXU12USV4NKEPn4mUz1+CPIe4z72YGUJrzJqo6HfqGCl5bl0F+fimtPYq2reegRaFg0KAxwAMPzLFah9/SWAJdoDjjKbJ3qahraKCqbDtxiTsBJbHLAqzmA+l5y7Y8Jky08lF2Dqlpb1Pd4Yq371TGAIwdjZvNvh3EJvrJaI/hk80S3ztmA5VkbytDq9NSkr0D7YBU3S1UMP0OOaj/QG5ZLXq9lqK308nJz0Pd2pvWrjxnj5CTk0XmNhUmj+vxnnStdP4SfILSvKMjLy2d3Oy15FQ67mBBMQ0/F6CzhtRn0shOX0u2yvbeRe7evsjp5Kuvu/vXnfAnI4AaUlemUVRRTUNDLUW5KWwo1oJvJIt9nC+r3wbIa6Lns2B1ZdtIzy2hzV4GB3Vtf3633+eO2Q9Mn3s3oGZzdglavY6KgjfZWVmDTC45QcZMUOI1WkZ1STbZlZ2907zkmUFzpBYnu3PIUO4X/e4Bdua8/m4Jo7aC7LR0SuokzdeV9O2HNspy08ktsT7PmgB0n/NpmYqysrKePyUlJVTrpI1XFMEPMAMDNRoD3hGLUOL43Nl33HkG3Ys/nahrtChCFmJvW2SBQCAQCP6bEBEsgiETFPMSJtmb5BXvIaNyj/msgpDoJGLmKwE90rvYvowEJ+nte99rvf/34emN0ax/Po8N8SoAXIDOsaNxRYbXBOxEWnhy/4owyrOL2RBfCchRykEr615KMBI8XPv95h8JOBOa9ApnUl6gMOt5eiOj7T+JjXZzBUzWZTTX4z1rFqgryXr+HBs/SCN1RQfp+fkkVkr7fsh9w0leHWxbV1bb68ODkf7U7CwkbrnUWt9Af1wq1RzT6AgOmspsbxeKS/NJa5ezxq23nPlJr3A2LZ092alIQfhywuIyWOrjTtV+W/XBjPt/ibcqj+z4KLIBufcMvF1qqD9+ApaO7217VzOHKtU0E0jUfGs/tUf2hDl4BsSQHNnOhp15xKukPXWUgStIWT4TWbWa/g8s/fVj+3gKiRlxbNiQTXb3ciwXb6I3JuKDif1W9Ty6J+zd3W8e/uxBLQ9hno+tYPcpJLyeTG7W25TuzEa101yN0p+4NasJcIc2J9kAGQA8XHv3i7De31P4TWIEaRmFbIiTxgDyGcT/z/04ezbZ6Fv7NnGHTVu60rL1pvMMiCI54p9sKMwhvhhwUeDSk2agPoLjXua782kU5qRSaj7nH5lIlJ87VeWDy+Ps9zBxYSfILs4mrlha2qbwj+RRe2/YrQ55TxbHhnMkYw8GrZpSrQJ/f2/U6nrcRrtZzezqNko6I5MBSla/Ese5ddlodDWodHK8vRXU1+usB4C5j+dG4OjnGgiSvvLi7reUrHh4451C8rNqepJ6B0byPwlLzA7awfuNNpkDbuM6ylQGFCHT8QS+/qoYtSoYU0yoVXV1MRRd25vf7fc52LYfWR97dJ+5nNQV/yQ1Pw9zFcwIj+fXv5jKqC/+zp78VJbnAyjx91eiVktLoQKuuwklKopzUukYmWtnDnHGZwj3i/73AFtzXn/av/kcVY0a14WSO6P11EHU5bPoiAnFHRP/KFdTbrqLmND+86yM0W4ugI7CnIFLOgPjbmWmQgH4sDBMSU2xifvmdcdF2Zs7ocrqPDKFsHBv1HsaCb13hlUdCAQCgUDw38iIixcvXvyxGyH4qWJEr5fC6N08PYdp/bURva4FXBWO7QFgkbUNXUsHrqMVuA+xMW16HR24ohhypfbb04YT7s7OFu2TuY7Gc6gN7EubHl2H6ZLkNOr1tJhgtGIo/dXdJ/bbXZUbx+b2ZbyXEORgsd36uIS+HgS9TodJJkPhOYTtI43VrF2+ASI3smnJ4O9jjW16WjpMIBtmuzHr2zSUci/DJqy24ErI"
20:58:39.355 [Forwarding screenshot on session f38f5520-bd02-11e6-b34a-8d0186b048d8 to remote] DEBUG org.apache.http.wire - http-outgoing-0 << "Zu7v0QqFQ7Yn2eplyDRc4617XlEoBnzNx8EC0OtakDkgh7Ykjfi88yRv3zRgiVqbXi9FEMg8bY6Xy+k3fUU2MVka4nOzCfKEttptRKW2kP1BwuCfZHdY1/bnd7t97qj9dLdltKJ7NRLQPcc7PifYm0Mcvl/YvAcM/5w3XAxl7ixJe4w83d3kZkcN80a9AoFAIBD8dBEOFoFAcPkY60hPKuCulBTs7KH5fxQjJZlJ5FVqASWJ27Kkt/4CwQ+OlvSH49GFJ5NlJbrhyqEj97E4jsxJ5J0YaUlR9bY0Ppu4lLgBkRKC/3baqgtY92ohus7eL2gJBAKBQCCQEEuEBALB5ePsQ1JWyo/dikvEGeWNU/HWKZiz7NfCuSL4EVGyOjWSDX88ho6Zg0eODBPGhiPUTwghOaZ3v5aZUSn8kC4ewU+IkaNRTPDG97ZwnhDOFYFAIBAILBARLAKBQCAQCAQCgUAgEAgEl4n4ipBAIBAIBAKBQCAQCAQCwWUiHCwCgUAgEAgEAoFAIBAIBJeJcLAIhg+jjro63Y/dil50VWSvjWflYytJ31U77MUbG8pIS8mmts3a1TaKMtPYVavH2FBiO52xgW1pUjp0VWSmpFFSZ7VAq2hV20lLSSG3qBZooyQ3nZS03J66dNVFpMXHExcXx9rMIhwv+YegV0fWqCvKJmWY29xQVUFD2+B1O85wlWOHyxhXwy/vFWIIMjaotrM2biWPrUyj+gcy6LqSXJu2aH8ewEI2e+VYo7f//jtxdA7on+4Ht/u+8/gVoq2uiPS0NNLT03v/ZGayraCkx0YGtUWppP97c8EPoD+BQCAQCH4ohINFMEy0sf2ZOJ7fpfmxG9JD1QfvoqpvZqzPjfhNGz/s5bef/YoazWGaTdaumjhZWUNts4n2sydtp2s/y/6aGk61mtB/fZhKTQ0nmzscbsM3xw5Ro9Fw5HQr0MHJcjWamnJzXXp2b86nRqtFp9NRfw6cLknSK0WvjqzRfPoomsrTOK4N+7RV5ZKYsZVvTFLdpytrqLNRt+MMVzm2uPRxdWXkvRIMRUYtH+btob5Vjs+N1/5gu7Q3nzxi0xbbm7+iRqOyMQ9YymavnAE5LfrvvxNH54C+6X4Uu+8zj18pTM2NqGtqqNXqOKfToTt3Du3RSooL80h8OpMGBrPFnpL+780FP4D+BAKBQCD4oRBfERIMG10XQD7K9cduRg9OsgvgcjebUqKuTAUyGeCBq5t0aAScey56snr7NnB2p71KBjgh65fdCDi7ueGB5PjwHH89LkNuglTqSABGc3d0NBMMVzPVDeAs9QYABXHZ2fzf+9hDr44sMBrB2Rk315HgIhugt0vGSfrLtbtAFxjl6tq3ykvDBZyGrZEDueRxdaXkvQI4LKPxG2o7ITD+JRKCfrjPPclkgNwVV+g/0PEMiGP7ticGmHE3fWWzLGeQTujff/9NDHEOkMnoTfcD233/efyKIQOQs+b3WQT0kaEiN56s0qPUaSF0EFvs4f/QXPCD6U8gEAgEgh8I4WARDBE9RZmbyK+sB8BF4U90UjxjD2ZQbABUGTz2bTivb1rO2ZJtbM0rpjvw3zswkoSEJSgAo7aCrPStqHWd4KLA26OV5jGh/C5tOZ5tdWzL2EyxRsqp9I/gmaSlKK20xqir4u3sHFQaQ0/aNfFLaX5/LRmlBqCYhx87Q/KWFGZa/OjUUpSdS77K/NbcRUHI8ieJCfWzInI1uVlvU2puT7cc0u93HR9lpZChlspRBq4gJWERnuj5YP16uiJeYnG/4urKctmUU4oBkCtcMADTAcZeA8BNUxWW+umnO9u0c6Lyr/xVN4apgePYviqVenMbs3+7km/X/I7lU78le9NmVJLnxWa5bbW7WJf+V8ZMlqHRaAGYER5P4vIgnNFTkLKeQ7jRrKmnUxlObtZ9HN32JjnFNVIBcl+i18YT6gPb1z6F2vtJsmKCzIVXkbJqM1PWJONU+AZdES8RFeBpKbPcG1+5Dpymm/PYtglHdNVWvZ1VG0oByIhaS3zuWmROoPnsbeIzKtEi2fKTSfEEKZ0BIxUFWWQVqs3yzCA2+WnmT7H15CJZQ11JNpvyVNwYmUrSEj/01UVsejWf+k4AF4JXJBG3yI+6Xek8/wmkvpaEn7lIVXY8ebo72ZK2lO5aagsGjqvWigI2by1E2wkgJ3jFGuIWWX5Q98rJq2f72vU0TPJFr1L1lpOSRJACO+U4UZT+DPknFST+LoUAT6jdlU7qTi13z5Ozv5+MntZU3FZNSlQWBqAyK4r4Y4n8ym0vb5+Q4daopt7gQkTqFm5v/dSGfvRsT1nPiTHenK+UdKCYEc6yu+Cd7D3SePQNIzk5iikDHjhHgmE/6+P2o9V1gos3K367lkUzPWmrLeDp9OPEvp6G79ldrEv/BNlY0GoNjLtByXd9ZIvyHgmGg2SsPYim3gDICYldS8x8n0H6bxP+JutznWVb9Wxf+xSHFL8iO2G+dMpYS/qqdEYte4W4+a6UWR2nnlRvT+HVY9N69N9Wu4un04+yZksa3t/sYl36Zyj9RqE2z3XegStYm7AITwaZz/tpstbR+4LFHKBne/yzdC37HVEBUol929tNe/V2nhuC3du6f0g61dvUFdiZx68wpi4sHHz+d/pCaSln/qWnrfUvPbYY4AnaigLe2Fponn/khEQnEBM63q5Oqren8IcGJZPOl1NZ3wlyX1bEhnD63WxUOsDFm+iktYT6edrVUfX2FP6gncLUc/tR1XdK9ccmEzN/yo+qP4FAIBAIrjRiiZBgSNQVbCK/spnIxI1kpMYyWacme90fkM+agwJw8Q3jyWW3c7E6l9S8YmQhK0jN2EhcRCD1lTt5v0IHNJAVn4X6gg+xyanEhSqo13ViaGzHhI7cp5+nWOPGisRUUuMjMKkLiU/ZhXFAaxrIistApZETGZ9Kcmw4BnUhiUnbUdy9jDBfF3CZQfSTDzKu36uxsvR48lWnCI9NZuPGRMJ8LlCat5WKAWvXtWQ/u4FSjYzI+FQSo0Oor9zJc7lVPSk0aohOTCY2fAbaynx2VEnryFsadbSYLEOe22q383xOKSP9I0hNTWQWklPABOAexKsZWdyu0PP+C1moZXNIzsgiOTqY+sqdpBcMvo9Mk7YenVZLy4XvpR/i3XRCF9+Q+dQGVPUG5EpffBUu1FfuJC6taIBuTR1N6Dp1aE55Epe6kfgIf2r2ZJFVIjlb2ht1aDX1zAoLIXj6JDS568kprsE/Io6NqXEEjtSQ9/x6VDpPpnl7oC3dQ625koYDe9F0OjH1Oq8+OtLyZh+biJ3thEaLOTTHnk04piv3mfcRHe4LQOCKCHw9QTYStJWVTIqMIzkuAg+dmqzcTzACtQXrySpUS/JsTCRYXkNO4nqqbGwR4OYG2pJ0ns9TIQ+OJX6JH8aGIp7akE/z5DCSN24kNswHVX4qmSotPrP8wKCm6IjWbBhV7FZpmTBrFn1dGtf1G1dX1xWQmFVI8+QwEjemsiJkAqr8DaQV1f1g8na166hRqZgaGUdiXLhUTnbRIOU4s+jXDyE31JCRtQtt3S5Sd6qRBz/MYwuCLWR0s65icPfmkdgQAHzDovnV3VPpateh06hpnxxMSODd+HR9alc/Xed0aCor8Y2OJy7SH13NHrKyS7g9Op7YcH8MmmI+VFvbC0YGdGJQPkDqxkSCx9aTv2E9FXpprBg6G+mge9wY0GonEBYSSIB/oIVszsgAA42j7iYxOZ4Q7y5KczZT0U/PA/vP9lxnOWV5Mn36WHSVH/bMZbpDJagNcOM0JVU2xyl0tTfS2djSU5KpoxFDZyMtpm65tKjNc110mC/1lfl8UKXH/nxuSZvd+4K9OQBamg0W82n/9gK4Dcnu7evUnq7szuNXFAOaI1VUV1VRVVWFqmQ76zeUAt74+3pa2CLaItZlFdI4IYTEjalEBo6kNC+Vgrouu3NBV/s5tDWl1I95gMTEFXh3acjPyOZr30ji4yJRdtaTt0u6/9m3p3No1cUcHRNKYnIcwUoDpTk5VBt/TP0JBAKBQHDlEQ4WwZC4YOoCujh1ooEO11uIy9jIxlceZpJPELfJwUkxnaCZPowa"
20:58:39.355 [Forwarding screenshot on session f38f5520-bd02-11e6-b34a-8d0186b048d8 to remote] DEBUG org.apache.http.wire - http-outgoing-0 << "N4fo6DiSYhZxg8dYrvOeiAtSCHBb1T7UQMTaFObP9CN4eQqx/tLimIu1Byg1gG/EMmZPHctY3wUsC1OC5hMO9XsIaas9iBoIT32JJUF+zJy/nJdjA0G7nwaPmfgrPYBrCQqaicLiLa+RSXfFEpv4Esvn+zLWYzy+PpMBMPX/hac7wWEDhCSmsCTIj4DQGFKjw7l3shPd/ovIjDRCA2Yyf/lyZgDf1p+1qb9j+/cDgaQkLcXPL4C4VxItIi0UU5S4Y/6h2axFU3+WawKWkbFxI88suG7Q/umOipe5zSQlr7tsBfHb3mExh6nsBJjBmpQ0kpOipaigmr+ituE4iHwphWA/H4KWxhOhBPXeA7SZ2+cSGEdCVAxxUdfxt1IdLoFxJC0NxscvmIRX4pGjo/RgLQH3L8KFekoO6QA9+3bXgO9iiyVLbdX7qATCExKZP9OP+VHJRPoCF6BrEJtwTFee3DZdCSiYOy8AT8B0wSzDkmBmBi/l8WA5nGqkBT3l++pBGcbSBdNxdZ3K4l9FAFoOawYqSuYE5X9IIz5PjXd4Illx83EGavaV0ImcXz52P+NcXZm1eAmBcqjcfYC2KfMIV4L64wMYAW3FXrQoCJ9nGcng3m9cndj/GeDPS2lRBPj4sSgmmQhvqPnTfixbduXk7S4nbkkwAcHLeTxEDqdOD16OYj4vxgaDZifxz+8EZRgvxwUPkNH2agV3/ObchgJQTA9ipk93bIQ/SSlxxCRE8f0R+/rpbntMaBDBS5biD8iDnyQmNIj5y5fjb7NuExDIy0lL8fMJIO4lyb4PHdPRPer6LmOJ3JhMVEwCKyLCLGSTdZeTspyAmUH8atkc4IKV+iz7T2Znrvu8XxfNXPAAcnSUHWgAjBzYXQneDzBP2UCZnXHKACkGyrXCPNeFRkXhC7SbTHbn8/5Le5zs3RfszAG26V+D43Z/xq5O7etqsHn8SlKck8GGjAwyMjLIzttDvXcIiRnJzHTu1YcMqNpXQie+JG2KIcDHjyUJzxAREo63a5eduaAbSbaAgEVEzFEAgSTFLSEoeAm/CpFD3Ul0OGJPgbyYtJyAmcE8/qsQoJmW9sHvgwKBQCAQ/JQRS4QEQ2Lm8meI0P6ewj15VO4BcME/4knil/qa3z5JfzuP9qDlaB5xedkDypBSuDBubO85+RgP6IL2VuknnqZwAzGFfXMpB/yUNnW0Ay5MGt/7zt9VLr3/lgFd5l/mA9+KOTN+LBRsTiQno+95xYA69F9/RScKbvPtDXT3C12OH6CvOgTIGefRfcWDiXLY39QKWN9UVyYbCXT1tsndl+ku0G6RypNla2PRbs6hMEdDIYDcmxUJa1FaXTthg3ZTjzyWjqMaNsQ83OfYYPPNoUfPthjO+E5XwP4W6e1oF/j4mZ0Ybc3ogDvu9O3N6D6V2+VQfqoZlgQRqsxjz6dHaJvqRKkBQmJnW9Rj6uoA5HiPd+6pb+oUBZwazCYc15UU0XOhVxd9ZQDzs4kMWdu3aA2AoZjEmGKLMr7VfA1BlgXLRkKnVopEaW74rs8WHTJAR97zcZYNGdlOB+7MeyCQPTklHNIt4NuiGpixon/R/H/27j0uyjJv/PhH14ERZUTUxgNWYCFFQMqq4SF0PZCmq48P5mZm+6gtlnSAbRHzsG5gIetKB0rc0IpMl2RdSZNVcW02FA87EiiFlFA5mhM2AiM4B5PfHzPAcBpAPNT+vu/XazeY+76v033A6zvXdd1gbXBfNSiqvZ38BqvhXOPjblx9m6RD29PxGj+HCVs0tmtgzix7p6r5OjbLYrXd1dZqwB24DMqeNF69pcX2scCdd9bemz3oqYS776mtixs9m9yLtS6D2qM+XZdu9AZKir6FoY33VdO37jpuXLfLoOxWl06VpfGx9RzPX2vPuobZj+ZhnxS27jmIYdRAdukgNGosrsZvnd+nLQ4dqqWil8OzzsveVs6e5405/bvg5BnQvK7NftrW677GWZtWOX+mKbq15Tl+I6hYlLyR8WozpYe2sTIpExPdGNTc1EXrZVAFOPwl8mZ2hDdg4HhLzwKg8TXa+HeL/QBFa8/9brbjau/N2hGVCtr6d1AIIYT4eZIAi2gXQ/G39B3/e7bF9qG0UMvBnVvIzNjI4Yl/tv3Ly77o6rF3/0iGFsKjVjExwB9PjrFgfmLddjDxwwUzeNr+MV15sQJcwKWbbfuEmA1E2OfaG3XH+CSv2r5wqwOrtUk6to6I7R/9LS+MqOPtZSkUqEOISXwMP281HNvA/MSjTfbs1rsPoOHUt2aG+dvyKNy+jr+d8+fJEU1TtuJ8oT6r9TINF7wtocgEgxrsZaDkO/jNis34u5WRf/woW1K3krZuB6M2zm9+fYrmKJr9EQhkefLzDLSWsO+TEyj6+ODXbOeq4ZK735bqoccDuGGrZzd3e2/LvQeewJHDRUSOtH8PaT5PSSX43t0PcGfijBAyk3fw6gaAYB4eZpu/X1c+FzegkjMO5/LC9225JgyUnGhnW9kbo0EdHLn3Ra2EIv9FbIutXcdCx/69hfQe4tdkd2sF+M1bTYTbLqJS0kjacx+xYd5YrZWAH6u2xVG7sk/xof2UWvviAbiODsMnJZcd77zDBT1MfnJUk7SBBveV7fpp6PxZPeDXcnjiete3A+kUb3+TbNtyF2QnvsrozSvwd21Yx45orX2sQE+HSIAVcOmqaPB7iyrqA5ZYqrgA+AfcDhxvtOPlhgl1tG4KWn3WNeTK2OkT2Jq0h7++2RsTgUwaqQYqnN+n5+qzs/3XecCr4dbmn+eNOfu74OwZUFuuSw6nt6U86rR23Ttr027On2nWb9ryHL8xbJerK94j5/LSDzpi0jJZmTyQ5MjQBvtZrUDlRSrA/hw0sH3dm5QFTW65Tdqjted+M0Hf+rLduvYTQgghbjSZIiTa5fTejSQnLiX92Dl63z6Ifj0VQFcUCk/u8ldSeeJTDhXr7f/67k3f22+nm7WU9FdTqMQ2fcZz2CSCga1x8ezJL0SzOY4UrQm6QregcQQC2SlvoinWYyg9xKtLE0lLy6ai0dwBz+Bx+AFb1yRxTGdAX7iHNcm5oPTndqdRiGrbN2U9B3B7fw+qi/eTmJgNdG3SpXD1HU4wkLnuTY7pDOjyd7J+ay5fW5R0byF1J19K4zdiFJBL8qb96PQ69iRvQddkrwo+Sk5hVdzb5Fe74eM3iJ4AvT1a/5K5EavDfz2H2doWCnj3nS3s2PwuGZmZbE3d36RtbUy8m7yJQr2e/J3rSCuCwLBRDmuE1Kbuy8hgJabcVDZpCtHriklPfJ0SwNf+emx16FQCqaSgqBKf8GlNFix2DxpNIJCx/m3ydQaKNZts1wTg4vSaaEdb2XocFB0tdFhzpvEZtwJqAkaoQPsuG/YXYjDo2Pl2AilpqWgrmm/jnr164zV+MeE+oE39C/v14DdmFFBE6rqdlOoNFGo2sSwphVTtBdsIF1d/poeq0Wm1mJQhTApq7qJteF/5jRgOaPlL8h50BgP5O9eRWgBeYWOaDrG/QfVtKR1rK+mYS3cSt7UAVUgU2zZEoqKAVYk7MTeqI+ZS0tclsGl/cbM5N1eW2tK0rX2uZaUHFZiyeTX9EHp9MemvbqQSFcGDWpvY0KhujcrrlMP569bOZ53nyEkEY0JboEM94SFsE89auU8VXcF0lN2HStEV7yfxdQ0tjRJpkJeT53nTOkFLfxecPQOsAC6g3fIB+To9+XuS6/KwOiRubdRuzq77nk7b1HlbOX+OG9m/IYENe5q/fov3bCJhwx772jkN9224rXmONfGeZnvm6DXJbM5veFTAmHGAlteT96Az6DmU/iZbcwtQ9L6txTZx/Lm18Jq1Dc/9ltJx2n7tvv+FEEKInxYZwSLaZdgT0YSeTiAjMcY2HQMloQtXMNIdSocMAW0uScsu8sfER/DRpJIcNZ9kQOUTiI+ygJKTp2D2TGI3LWfdyrWkxq8ClQ8+Kii5bMWKNzGJkcTHJ5NcO7VC6cPC1TH4Ni6Mqz8xqxcSH5dKYlSE7TN1MFErovEGLtC1hW84ffn1o8EUbM0gcq6tFn4hwShztZwo0hM60rHT5E1U4iLiV6aQGJVr"
20:58:39.356 [Forwarding screenshot on session f38f5520-bd02-11e6-b34a-8d0186b048d8 to remote] DEBUG org.apache.http.wire - http-outgoing-0 << "L84EViwORVF0muZ6ET3c6ufBW+p+su3nOWw+y8O/Jz4jhagsQKmm6WoF3vwuJpy4xAziIzW2j1SBRD3zcIvrU3TzsIcTFI5pKaidRKCw1/t5e3uVaLNt/6BV+rBwxfNN27bWuSxWRdqme/iELuT5abYh5vV1sxkf+wrfxSWQmbwK294qJkcmMtu3Nhzjy0OTvSjIsjJlbP2bmurTsZVt5bJU4qNsdVYCpt4euDm9Jtzb3Faet9+DFxqyUlZR3TWhSR2gK7jYBrSHRr7M+UtxZKSsItu+NfjRGOb7Nx2Kb0vHCrgye0kUxyOSSFmXzqY181k1r5qEtDRictNsRfObzvLF9d80j3w4jPWaNPqHjW/2LVkAPg731eptcSx/tIr4ralEaVIB+5ur5gY1Oe7G1rdROj3cUDhNp4LkBWmYlMGsiLa9TWr5vFxi0tJ4c/8Q/sehjr03/ZrDuVouEML88Y2vTAWqFvIG8BwW4aR9ml63rf1ezwoqH/QZSUTa5qExPepPhKrBeL7+/la41P9cy/H8PTahYXnr6tCMhudvg9NnXVPeTJ7ugzbzHGGTAus+dXqf9n6CwIOJZCTZnu0+wYEotXrbaMBm6lXfVt5OnucNBT7s/O9Cy88ATx6eN5mc5Czio3IBFV4q0Clqp6B0hR4euAHubb3uW/n74e30mebsOW7lqxwtOdYHiQhr+mSt+Pog2pwhVEcQj1RiAAAgAElEQVSE4d5o34bbmqNq9Npud2YvieRwRDKZr7/HsGfd6s6Te9BcVs37nlVpqdibk8DpUTwW1J13W2qTurZ0vEYb/x2t3+7sejp2oOVr3enfQcsFJ/e/EEII8dPXqaampuZWF0L8/BgNBqqt4KH2bNiRNRsx4oK7q+3VrwZ9Obh54OnusJexkHUr/4b/s8sJ87btl75kLhk8yuY1M+vSM+j1WBUK1J6tTYqx5WNVuKH2bOk1us1WAn21FTcPNe4tRS46mkeLyRnRl1fjoVY7WdTzOufZOF0UqNXNt63h2AYiEk8QsymZQKueKoWathTBbDBQ3tx10c6y4dZ8fi1fEzemrWz1aes10lIitnOtaHwfAIZDG4hIymFR8vuMdzYYosF95Zhm285Lm4t6Pep7rek41PHYhkher5rD+/ZgTPsLcGPapzZdN7W6hQ5wy8c1OH/XXoA2X+d74h4nVT+ODclNp8o5u09t95gHas82lrWNz/PGdWjyd6HJ9mbOXW37d/D6bC6/ltrU6TOtTc/xW6z2XvBQ09ZT2u4srvW530L7dfj+F0IIIW4hCbCIm89cyIq5qyhCTciEAKqKcijQmQiNTCIytKXv8cXNZDiUTETSESI3vE9oexbWFW1jLiTh9wlo9Sbwm8fmuGk/3Q7azWYuJiE2nQdXrGhm0V/RGmN+OkvXZqA3QUhkMtGhrU1j6iB5novrSe5/IYQQP3MSYBG3hr6Q9G07OX7mIi7dBzL8oRlMGyb/GP+pMOsO8e6OM4x7Yja+13MEgLAxF7MpcSOligAeXzxX2lhcN8biPby68V/0HDqdJ2ePvDmBO3meCyGEEEIAEmARQgghhBBCCCGE6DB5i5AQQgghhBBCCCFEB0mARQghhBBCCCGEEKKD5DXNou3MpWxK3ES1/2+InOnfaKOB7euS+PrO3xBdt62UzQmb0fUcyeKI8U7fuqHL38OOrBzOXAT14OH8z2PT8K57nVAh6Vt2cvJMFT19hjB11kx86xa/M3Js5zb+ebQUC90YPHoys8KC7OsO1G47haWbD2OnzWC8fzMLPuo0JGw4wbSYSJp5K+2tZ9ZT/A34+qoxl+4ncdMXzLwJZTXrC/n44z0cOV7IuQoLLi49uNP/AcaHTWRkM+1o1B0jc8c/0RZ9TeXlrvT3f4Dwx2YRpHYFjOxc9yrWsMXM9G+8cqHjNoWT/aB4ZzLvf3kHMdFjObThTY5epNFrQK1Yu9/P4shpTd6ccs3tULqfpE1fMXN5BL4/m5VoDaTHvYli5vPMdHahGEvZueUfHC3R46IO4Nd15wsw69jzwYfknLpIt4H3MW3ObBxPSeH+dHZ+cpIql54Mf+iRFtfc0B3byd4TZbi4OL7r1QI9AhjZ9zyftLBt1rRhuAL6/D188FEOeosLg4c/xKxpw5w8S4wc2r6FrCMl0H0gY2fOYry/2mkZnOdj5tjObZwoA8dDLRYLg8bNItT7p/jAEEIIIYQQt4oEWETbufamm6GIrK3beXimP94Om8zF+9iaW0RwUI+6zwyH9pKpLQCKOfTweMJaWPNQr0kmKlkDSh9C/CE3K43cA1+S9H40XuZCVkSsogglgcG+5GVvJTe7mMRtsXhjZmfcfNIKQO0XjPpSIZmpWrRfR5EUMZL9654nJbcSpU8gd17MJmVVNt/EbGD+MMeut54NCclo9SpCrDei0TrKyObfR5LpFcm2WDVVF76goEjDg9bIG5pr4fYEVm3VAkoCQ8N45O4+VJ8t5NOsTJJyM8mcHMWa+fWv0DQWpjN/VQYAPsGhDOEMmtxM4nMPsyg5mfFqK9/kFnApuLlGtvJlbgFVwVZmgpP94MI3eRTlQjVWvj6qpaASVCqVwx4W6O/bKOjSMVXffYG26AghVT+XAIuZ/clxZBToCB1fDS2GI3SsezqGXBP4BQfydW4m8bkniNm0hmHuRjbHRpGps20r1GSg1RSzevMKfF2hdE8cq1ILUPkE0v9cLmmJuVQs38DcoKZhre+O7yErW980e6WVAaNPtLhtyrRhlNU+G9R+BHb7mqy0RE6UxZA0f1iz9d4Z9zRpBSa8AoOhWEPKKg0Vqzcz0EkZnOcziOM7MsmubHpoyKCHJcAihBBCCCEakACLaAd3xs4KJSNJw4F8I95B9Z0L7d69gB/TRtdGUcx8kpVj/9nEzo+PERbRfKfoaLYGCLEFVLAFXCKTNXx8zMAs6wGKgOmr3mKuvzvG/E3Mj8/iwDED3n6n2VMAXpNrO1xm9sQtJDX7MLo5Cv6RW4kqZBEbo8cDBjYviSDzvd3MGja3rsuZv3kdtn5X1+vaKb+eLJdB1d0NAM9hkWze9CSuN7BfZ8zfxKqtWtTB83gp1nEkSBiz58OhTUtIykpig98gIkaqgVLeTsgAvIhMSiDUyxaFmJO/mYj4TN59Zz/jY4eAErq72ephNoNrXbDCk8WbN2GrlAGU4NL4ZNgP6ObWFZQKFICiK8AEXt0Y4XR0VEd16+YGuPy0rg/jISLnb2HOhuSGrzI1l7I5Pp7MIltEwGmZdYXkmSB4YRKxYV5QvJ1Zy7by6Qk9gb0PkqmD4IWJxIZ5Y8zfzPz4THYd1hMdWk16agH4hPPWmtm4UkzC48vIzDjIrKCmr5seFpHMtoj63w9tiCQpW0947BzG+bszroVtnujZkqYB9QSSkyNQY2b7krlszfoU/fxhNBlDpdtLWoEJn+nLWTM3yN5GSXx8oICNTsrQWj4RG7dRf2gpCbNi0CpD+J8b/fpjIYQQQgjxsyMBFtEu6pGTCEzScGD/UeYHjbd/WkyWphJV6AL866b1HObjIhM+4VGMLl1PWvZHFEcMw7dJihZc1IGEDAmjNjSj9rsHJRqqqq108xvHo+F3M8o+zcG9qwcA1VbApQcBfn70GeFnP9KVvrf1AM5QcuIEemDy+OH2bZ4MH+FH5lYtRca5DHMHc/F24jNLUHup0OscimQuJO7pVVjGxRA3t2lQqHj/JtakZFEJqPyC6X9Rh/cTLzF/GGyO+gOWOX+uGyWTv3kFa08M5rU1c/HEzKH0JJIytLaEVIEsWv48473dMesOkZSwHq3eBIBPyKNER8/kQnoiWZWAJpHHz0zn5XkKViWcZNFrcQzzNLB/05ukZBXY0/Nj4ZIownw9MRZuZ2nCp3j5d0erLbKnOY8l0dPwxMDOdWtIyy0BQKkOZmFslD0wouPttVng9yjJsdMo3J7Mc1s1mIDgydPh1Al850UTWf4iyUkf8PDIaHrkHyDXBIHznq0LrgB4Bs1iYegpjrqBEVC4QNGnbxOVmIvOnu9TsVGM9Kpi28qVWMJtbeioQbuofPBT6cEloH6Hri2FEAxOz8WZzSt4V+fNoIsH0JSYABUT"
20:58:39.356 [Forwarding screenshot on session f38f5520-bd02-11e6-b34a-8d0186b048d8 to remote] DEBUG org.apache.http.wire - http-outgoing-0 << "Fi0nYrw3oGfnunX29lHipTZB0+68w/WwmY1b9lBSaQKU+E2YS1REGJ5Afnocr+/9GlXv3lSWlFCpDGZV6mLOv5tISrbtvPiFhEBJIed6juPPcXNRFG7n+VX/YFTMa41GWzV0mctNIiiGw+lkFlkImRBCbnYuzgZlma0WTICL0p5I716oAKxwrrQQ8GHyWNs4NfegiYQqMzly4jQMhS+BkClj7cEUX6aFeaHN/IxvmNbMPe5At5P12XrUE2KY3XjqUuNthhPkVcKERbNQmw3oq2DsM6sZXO3W7NnI/+RfQDDPzA3CaNBjVQQQu3oV1h63X7d8CjenoAXCYxc3GMEnhBBCCCEESIBFtJsvD01QU5D9CYXm8fi7guGYbZTJow8H1+1VuC+bSpQ8MnYkY31OkKbNZtd+HdHjG88TcicscgVhdb+b2fPOFkyoCPJT46pWM3O2P+iPsemDf3IwtwBUocwa6Ql4EhEXV5+UMZ+MbD14hXN/P9tIieqq+i7m5fJLgNUWnKGUpGVbwW8esb8pI2rVwQal6qlSc0nhQmPGwnSWpWShDpnHkv+5nQOvx5OtB7XVCigov1CJxVqfp6XqHKZztm5aYfpKkjJKCA6PZOYQN/auTyQlZiWqDSs48ccktKoJLE98GIp3EJ+6lYT0wbw0ZDTqjCIq/CbzVPhwFNV7qTSdoxo4tmElKdl6W3r3wa71yaQuW4kyOZmA6jL0Jh16rR8LY5bDiQxSs9LYdmwU40rWkJZ7gUdjVjPE7QybVqWQvPRdAt6PwKrZTK7Jh9VxMynevoJVW4vwm7yQXw8q573kDPTAbVc8mPnbOSTnvstpAwRUVQMqxo9q3OV0JSwyzn5uDSi6gi43l5BHI/ltr/O8nZxB0oaPCY4bS/k5vb3dHCMGOt6MSkKrCmTR8pmg/RspWTSMdegPsm3nAPpgAcBqdWP4w+PxcsXpubBUXUSnLaIyeDoxywdy5N1kslNSeGD0GsrfjiMtV0/ovBjG9SphXVJGk+ugroSaZJalaABQeXlh0ekoyk4lQlfFpriZWMr1VFZWUllpn2PS35fqbfGkZNuCN36Bd1KUm2u/QKuwAoorVrqq+jOgd7em15+ulG8rrCiqz2PBwpmiYordrNDjdny93PEc+juSN3midjlGZHZui+UGcPUeRbhPGhnJLxCX649Bq6VSGUzYUDXfvfc1qIYzsC5epsCtB2CxQoUJCzDAfo8B3D7YDzjKdwYc1kdqUnq2v5GGiUBWNBnN1nSb4XQRlUDJR3HMSrRHQFWBRL0c02zqlioroOUvkbPQ2WcDqYMf5aVYx/WiOpCP4RDrM0tQhSxitv/PYq6YEEIIIYS4ySTAItpt2KQwyE7jgFaP/0g1Bz/KBtVkxtatSqvjwK4iUE/mfjW4eowmkGxyd32CcfxcpwtU7lm3lFRtJYHzVjPeoSNtrjBw9iKolFBZmccn+XpmBznsYDhG3HOJFKFm0e9noPIqI0SZhiZpJR7GOfQrP0xKlg5QowA0yX9Bix+r46bhVbgJAEVtf9bVn8ik5GZLeOLAXiCE2OhpeAG+CTEUzU1spcUUgIGcvSXgNZnZEwNQVMOM34ajic/gSNFFW1jhgo6iku8YNWwOid6TUPTuh7vn7QxVpXJQHcDIIF8Mxw7YUyxlf7YeZUgksbNDAYh+RcGC+UlkHywkYKAt53mJcYR5A8NU5GTFUGW1ctlqASx8faqUwaPuJzJxNRWK3ngCx058CcHz8CWfyK1FqEIjiZtvS9/l9KfEZykI8HEFuqLCFoC6cF4PdG2lDcB6GZQhkUTPtKX3xIm9JB45R3kL+xvz95ILTI+OYby/KwQtp6J0LlvPOe5VSVZaqsPvavqOtQVYWj4XtUL4U+xcvAC/3xahiT9KeZWeE0f0KEOjiJw2DBjGy5fPEplS2ExaBj7eZguuBD66mhUzfUG/n8jIFPRFH3NUPxOVPT+l36O8FTcTjOfZ8vxWW+6L1hI9Xo3h2AYiErPrSuceNJvkjbObzW/L0hiyTfWfZCQuIwMgOJJtsaHg7mmLPxmtXG7cnga9PbgICjcPPK1nKL0A4ILCxQUXJWDSo/vOQF+3rlBpdRgB44mfn4qsvCLOVHTDhBqffvV3cu1+iubycbedDHPpPraWQOC8uU1GuTS/zZZISVF3Ilcn48dJkuNSSHrhbW5/P5IejfKpPbcX1OEkvjSRyoNbiE/bSlz6YJJm+19zPrUh4fwd29CjJvK34xFCCCGEEKI5EmAR7ec9isnqNLL2f0bkyL7sKYLAhePq1uowF36CxgSYsoiclVV/nG4P+0pnMdO7md6vuZjk2GVodBAybzXR0xp2wVx9w1gRF0btGggZGUeZHTQNAEP+dv4Qv5VKfIhMesk+TcWL6LdWsSFxHZmpSaDyY3KoH1mac1SeSmejRg9efpzas5MDRw8CFvZ/kA7jpjDMycKVCkVXsI+WsBXMjwAVLQYJ6gIPxjPoKoHKLGIishrscabIwPIli9C9nkJGSpGtw6zyYV70Erw8a7t/jSZ7VF1AD4x4wK/+M/dBDFdBztcXYCCAil51aw73wEsJVUDQ3N8TrvsLGZmp5GYCKAkOf4qo2QGcOVOJanBvjIV56FGycEZoXfKW6sugCmCQO6A3Umlvh94DvYCvMVZD41f36PM1nKzqzfCR/cACvv4O0zUUtv9raZKP1WIbGePTr/Z6cWWQtxq+dthJNYENGyPa+MYgxyDQZVB2o3YMhtV+ShUXT5NnAt87etcX00nsyFZ2FcOH269X9XAeUKeQqa8kv0jPGPt+vb0H2gKL7i629CpV+A+2BQg9/YbiRTa6VmNUnvz2rU3MwQWXihyejtrCnKRXGd0DLC6trEJj1PB0RDJ1sZngSJZ77UBbqSaqbh0XHesejyL1/YNEqS/XrXVjY+BEXiWqIQEM7H0ZJXpOfWtkWONpPlUano5umM+2WNs1VLD3X4APv57UdHJNs9vsl3zwokhCfdWAmsiF+UQm53H6jIbURvnE9LQCXrwQM9v2BrJpTxL+Lw0Znx7BMNsfz2vJxwBengClZGXpIHAhodfr9VRCCCGEEOK/jgRYxDXwZNK0YLJS/8X29J7o8eLJkfUdlpydBwAvFq56Cm97J5qKo6xJzODjfxxmZnRow+SM+cQ9HU+ByYt5q19imm99p614ZwJxe7rzSnLtN8m96akCLpZhAKyHNhGZlIXSZzJJa+bXfduMWc/+3ScZGrmRCPtAl/wNkWThj7dKgZdKjdWax44P87BYbNM3tFm7uC1gIsOcLK5gtV6m4YKn33KiEgbZf1MAlxyGDlRerAAXwL0vaiUU+S9iW6z9G3Czjv17C+k9RE3J6Up+s2Iz/m5l5B8/ypbUraSt28GojTNs8RxFozBEtx54AkcOFxE50l5B83lKKsH37n5AUdOy2/9rKP6WvuN/z7bYPpQWajm4cwuZGRs5PPEtFC6A9QpcqQKgS2225kI+0lSinvAAnphJX5cK6skEeIJn9V2oyObDD/cTFu347b6ebWuT0ZiCGTzyd1iBbu49aCuFixtQyZkLZvC0BVkufG9vz2bq1eR4WjgXzvS8HX8lFH5TUZ+OoulUnbq8LwNUUnhKR5iXFxiLOKEHUOE/SF13Gvz8BjU6spK8wlLCvLzRHf0UHdBkyEkzXN3d7euedKGSSrq4uePqTpOFZZtwD2DFqlX2trqCosdALuxIA/wZVBcw8MLfF3K/PkePsXeD5ihFxghGugNUc7ESLBYruKnoAZTqKqh9V3jRkaOgHMKggU3zsdHxaY4eghcS1KSwzW/z9PNDRXbDXa/YImGKbk3zufzJDsBKlYW6BrEC9OxDt2vNx/6rsfAgWmDCQ80t1C2EEEIIIYSNBFjENfEaOxmf1Hi2ZoAqZBF1LxQyHmOXthJl8BzC/B1HofRnkk8GGbm7yTeG1u+Pme2J8RSYwGfCr+j13VH2n4ErV8Dr/tH069sTkz6bNzbdQ/SsIXy7712yK8Hv4dF4Gg4RlZQFKAmb5Mfp/fs5BVy50gX/sbdzKCODguNVrF4yA/K2EZ+txyf8SQb7B5G0cWZdyYz5G5gff5SoTRttnUlz"
20:58:39.356 [Forwarding screenshot on session f38f5520-bd02-11e6-b34a-8d0186b048d8 to remote] DEBUG org.apache.http.wire - http-outgoing-0 << "KelvplMVNJP54xuOpAkYNw40mazbtJ9nHvahcEcaOuoDLLiAdssH5A9+DAq3kaI1gRqsqAkYoUKjeZcN+/sya0gPDm5JIE2jZ7LPHzmbnEKB+guWr5iDj98gegL09qAbntzlryT7xKccKr6d+vEqvowMVlKQm8omTW8eHqTgk3depwQIH9wPKmjR6b0bSdZYOB/zElP8BtGvp60bqVC40letorLkW9wjHkBNNu/+dTOqh/rxUWIKRYBXlZbkJfFoStREbphvGzniNZ4FE3aRlJ1C1LrvmBM2nB5XvmPvllQ0JghZNLc+8NUkHNLyMqzuQaMJJIuM9W/j9/s5dD29w9aeKttRVntAosU35bR4Lurzbpp7H/z9leRqUkgf2oOx/S7wTko29Qu/GNm/4U2+unMmEWG+jJ7kR3ZGEbkpS1ly6E6qiovQA3iNY5gXnG6SkyfBQ73IytKhTY0h8p9q9LULhthHsJh1Gt5+R8vds58kzLeFkSkut/Po9Ee5veXYTyOe+Po3HHrRI2AIaDS2a3nGECrydrC5ALymP4D/8CrUKVrWv5pOv+fHUrLlDdvirmFDwd2FX/nA1tQ32O+7hMEXdrNeU4l68gjUeKL2b2aIh+FbCk0QEnJ/27d5BjDOCzJT1rGnbzT3K4pIflcLXuEEeHri7tkon4kzUGUms/7VzfRePIXLx7bYXjP96GBbvOWa8rHtUl1RDqgIGNSe4SsNrxWz7hBvv/Nv7p69mDBfGmwTQgghhBD/HSTAIq6NaxBTQtQk51Ywaerwuo8NJ46gA8KnDW98AGOnTyAjKZtPj+sJqn3FqbGAI/Zv+Uuy00hy+CI5JPI+okN/S9T070nKTCHSPrPGZ8JComb6Yjh0wPbNPyYyU5Ic8vIiZmQSv4sJ58XEDJbZp+R4hcxjyeygJlWxTQ/pWt/ztlzgcK6WC4Q0CbC4+89l1bxyVqWlEOUw08fWyffk4XmTyUnOIj4qF1DhpQKdwjYVJTTyZc5fiiMjZVXd9+XBj8Yw3/8+9DHhxCVmEB9pW9MDVSBRzzyMK+AzZAhoc0ladpFly72p7YmPj32F7+ISyExeha0oKiZHJjLb1x1jvoLG66IosA2GGfZENKGnE8hIjLFNR0JJ6MIVjHQH45hxEJ/G5vwNvLQ8nD/EZ5BYAIETJhNYdJDi3Cx0XqHEJD5M9Sfp7B88kfH+noyMeAmr4k1SszJJtM07AtRMWBhLxHgvwFCXf72u4OLWoGwNf/bl+dULWbkslfgojb2kYOrtgRsK+vQHGqzH4sj5uYCu0MOtUXCmK+BKWOwrnF3xRzKS7OubOJxhsPJVjpYc64NEhPniP3s5kVWJpGYVUFJgu5DVftP5/fK5eFIfYHHMJ2h+AlEuSWzco0Wvu0zI5FBKsjTYwyxUfVeEpiAXy4OPtRxgcfVm5lxn77FR0BVQNB755EAdGknM+UskZtRfy14hjxI713aPxEaVsDQpg5j5tlYIDl9e9+afmUuWU7wynpQY2wuMlX7TiW38CqiGxaEr4NJceVrc5sncl1ZRvnIVqasibR+pgolZMbv5dZzUobwcc564xAyWRWTa67OQmJm+Hc7nfNFpUPpze7umBzW8Vqq+PY6mQIvbQ7YHjeM2IYQQQgjx36FTTU1Nza0uhBCtMhrQV1tRuKnxbGW5iUYHotdXN1hssy2ObYjk9ao5vB89svkdzEb05aB2KyJqfiKDopIdpuoY0ZdX4+ahprkszQYD5VZrM9vNGPTlWBVuqBtX0mzEiAvurk0TtKUHHmrP1qeKODAaDFQ3c9yehMdJ1ZqYHJXI/JFNO/FmQzHvxi0jW6dkYWIqYQ3W1DFjMNimF3XzbF95WmZrF9p97mn1XDhjNOippplz0fzeGPTVoPDA09N5Rsc2rSDlhIW7A6aweH4o1fZpbqhCSd4YidpcTNzcOPwTU5tfr+h6MxsxlFdDc/eI2YihygoKz2bb3qDXN3+9XmdGgwErCjzbei4MVhSKbri386S3Lx8hhBBCCCEakgCLEI2Zi0mITefBFSvsi386YdDweEQyQ6KSia4NsPzsGdmTHE+qxvYqYZ9Afwbe1hOFtYqSojxK9CZQBhL5Sox9QWHRHsXbV7Bsa9M1cnymL2fN3CCMhenE71SwPHamkzduCSGEEEIIIX5qJMAiRIfo2LnhY9zGzWF8S9M5fqaM+mKOHjxKfnEp+ouXABfUAwcTNGI4o4f5XqfRKf8/MlO4fwd7jpVSVVUFLj3xfTCMGaH+0qZCCCGEEEL8jEmARQghhBBCCCGEEKKDOt/qAgghhBBCCCGEEEL83EmARQghhBBCCCGEEKKDJMAihBBCCCGEEEII0UESYBFCCCGEEEIIIYToIAmwCCGEEEIIIYQQQnSQBFiEEEIIIYQQQgghOkgCLEIIIYQQQgghhBAdJAEWIYQQQgghhBBCiA6SAIsQQgghhBBCCCFEB0mARQghhBBCCCGEEKKDJMAihBBCCCGEEEII0UESYBFCCCGEEEIIIYToIAmwCCGEEEIIIYQQQnSQBFiEEEIIIYQQQgghOkgCLEIIIYQQQgghhBAdJAEWIYQQQgghhBBCiA6SAIsQQgghhBBCCCFEB0mARQghhBBCCCGEEKKDJMAihBBCCCGEEEII0UESYBFCCCGEEEIIIYToIAmwCCGEEEIIIYQQQnSQBFiEEEIIIYQQQgghOkgCLEIIIYQQQgghhBAdJAEWIYQQQgghhBBCiA6SAIsQQgghhBBCCCFEB0mARQigoszIWZ2Rsoort7ooogUVcn6EEEIIIYQQP2Gdampqam51IcTPRTWvT97NmoPO97r3hV+yb+WdN6VENtW8Hr6XDflXuG/BCNJjBza/W8UZZt9xhJyrMPrF2v3Kef3xT1iTWd9xf2rnFJaHurWvCBVnmX1HLjlXm99c09mNtC+nMKFP+5K9FmWaw9w/TQfAczunENPeujSTTktqgr3IP/AAN7xaprNM7ZtLWfQIjjz3I1Pv+A95LbV1m8tUTeK43bzKjaxDNYmTd/NaC/dM3XXhcoapdxzBHP1L9q287caUq+Lr69RubWFm98Zi+oYHMLTHdUlQCCGEEEKIn7wut7oA4ufkF7h7ueEVfBUVnaHcxOenbb01r2A3VFyF8iv49FDc9JJV/nCFcj0YjD+2vJPFwtf2H09esABQlv15g+BKTecuDL33GgISFisG5ztgaX+qHXbJ6qQ9WuHi6sK96i7g1QWUUPmVCZ0evIKVqAC4Al4u16uoTlV8do68q7Dk4duA7zADNeou+N/VBUyOe16Bu5TtS7z8+pWzORZ7+WoGKRnqAWaHbZXlXbG14I+UAZccN96Acl3XdnPi3y/tY+E6C6m/DrhuaQohhBBCCPFTJwEW0Q6u/N/bU/i/2l9NZ5ja9wjHh3ix98AD3MovqtvUze/Tj9XJ1Zwxg/r+fgC4d7cFg2o6d+GtkzOY4V+51FsAACAASURBVHWlYb+zHQVwtf/oMcmL1fN74RhRuWLpzD3u15Jw+7m7/uK6pNPjgaHs+3Jo3e+HE3YxMwFW75jKhJt8svP36qnp7MFof9e6CIX/48HsW9nCaKWfEBegprOStE+ctdudHDnvBcouQPUNLc/NaDcXl86AC91v0jUvhBBCCCHET4GswSKuncNokUuNNlUc/oyJ47JJTNAwwiOD/h67eEfzNc+N28FzG8867Gnmg2d2M/HJzyhz+Gz3a7bjBqgy6H/3LlZuPHNtgQ9Hpksc3qPnk6xzHD59ieMbcwh96gwAna5e4ZXHdzP1yZMYAVPp18SE72KAylaGEZM17Dhhdp6+Xf/AgcyYcjczZtT/L/yRQXgroUJ7gqnjdjFxsoZ/V9SW63viw3czdfIuItbb2qZCe4LZ43YxdbKGdz78jCeGbGeAKgP/u3excvPZBvmd+PAwE++2ldN/3AHWZjgfS3OtLLUBo8ZDcSrO8ty43cRv/IwnhtjKEbH+G955clej8wqH12sYMSSbHaX1o4ZKNSeYba/fAFUGU585zqkKxwyM/PsfJpjWj3sdB1mYWxudY2b3+hym2tPu77GdEZOzeUfT0tCQanYkaJhYu//dO3hi2QlK"
20:58:39.356 [Forwarding screenshot on session f38f5520-bd02-11e6-b34a-8d0186b048d8 to remote] DEBUG org.apache.http.wire - http-outgoing-0 << "HXcpO0v847vryuo/7gAZ2jYGRJwNYao4z3MO57/htrM8N24XES8dJ/7JXXV1iUg4TVnZWWIm19ZvB8+tP9N6OVptN1qvp+4M8U/uxt9+j/oP2U38h+cBOPXhIZ5LqKbTVRN/mLyDiNeaqZMQQgghhBD/hWQEi7h2Ls3+CIDFbOJzbTmfa22/d8IELj/yed4VKkdaHfb8kdKcagox2fufZt55/GOWZ16lRu3G3OndyEstY2PUEXJLLOxbPejay2usRrOznM+vgtfgah40f4/udP2CFDptNWd01VD6JdOG5PO5w1oVuoNlLB61k/MHprEo2LWZxOtVninj+AkFWOwJWKHnoN549+mC5VIVeVoTNZ3hUm2H21iNJruaz69C2VBb21guVpGjNQEm8g7WhyjK9SY2Pp1L73um8WywK6c2H+Chp3+o3679gfXaa2+ia2Kx8nleNZ9rv6r76KzlR87+x+RwXu27lhnRnTZx/IvLzPB2p3RHDqPn2TrmE57oi/Kr79n1Xgnj/mlkz5ehBADozrOzFKb9vi+O8ZVKbIECk6nhwrdKpe2xlv3SPp5ca6JGrWTWM56Yjn/ProPlLJueg/rLqUxptNjI8dc+ZfHLRjwGufPYM934fPd5st84xX8qFRS+4QdlXzP1btsaJl6TehHaz8IH7/3Ac+N2c27vFJ59wNnUsitcunQF3BvOzKktKxZTM/dGffuezjORpy2hpnMXxkx35+ROI7tezmPXy7bRVxOndyM700jGkiMMGn4bzzq5Rltrt9breZmYcUf4QA/3Tu/D/6qt/D21nPULc0A9hSlGKzr7pa/ChR7dr8+IKiGEEEIIIX7qZASLuKE8JvlwtDKczz4P49F7m+9ouXjY/wuYtF+wPPMqHpN8yP9yColrQ9lXPo4FwVD45gkySjvwFhmHaTwqIOiJESS+aMu8pnMXnnsriL/97R40L5/g86u2aR1Lto/j6MEhTLXHdV565YtWR9Lo0r9i2qh/M21cju1/k3JYf+xyc8VptlwAOCxjUxPcl635YWxd06vus737vge+Z13kD/byK1my/UFyDtzH6Jt9V9vLX9NZyWvHZnD2TBgbftu3wXmt19nhw+959bfnqensxtv54bz3xmg2ZM1ka5wHnfRlrN34PQCl/znHGTozcVR9/V0B3Rt5DFBlMOi2HXX/8+m7i91lgOk8b68zUdPZnV0npvLa6pFsyJrBe88o6XTVxOF8Y6NKVLN7h5Gazp1ZvTeMxNWj2ZX3IFPVcPErI2XA7jWfkXcVwt96kCMZ40h8I4zTBwfj1RkS/lREBS3rdPUKi4N2MMChrINu28HKbGNzjdSkfc3YFsR9K28G6e+HsXdLXwBq1B5s/2YG770fxr9SbRGjCxdbHirTaru1pZ5l5eSVQc2ku9j3figvrZ3AoX/eAcCJ3B8YuiCUv7/oRk1nJSuyppC4oK+TygkhhBBCCPHfQ0awiBvqfxf5MQDAyx0qfmhtdz7bp7f90BOO7f4Si8W2noNLr850unqFgi8uE+59fRZ26BMwgKlV54h5uRzowtBpd/Ngj2riv7J//e7tzr1qK3q6MeS+zuw6fRWyz5FTdn/73wbUgbVgn141jAe9XeH/7mLI0h/Iuwpm449QVk2JfR//xUE8O+E24DbWvXuB4fZRIc27wqnD36F3mPHk0rcXDwy+trcNgS0A0HPWXYQP7gK4M6At64hUVPO5/ceLX5xmR/5VoDO42AJx50psaWg/LoM+/QnxbphfjVrJmCDHBZV/pKqrJ4PcAWVv3vtmGj8YLXDhB47rqikpLGPfoZaCD24MDe5CJ+0Vnh65iwOP9GfcJC/iT4SzQQlg5LjWHtwzV7B7RwUWwMXlR1tQLLeM/Ap40MnaNB7B7vyyV/0IlqofoH87Rnf0fNyHGfY2GBCoxqvzeVSP3MUD9jz7qp2PrII2tFtb6nlVjSfQae9X+I+7wKOP9GPCr/w4WzmsLkWLffSWxQhcv7VzhRBCCCGE+EmTAIu4wdr3FhuLxbZ/eXoJT6Y33d7hdVga5+e4HoUFqPiBw3m2XzudLuOJUWWNj2j1bUBevwtib/ztWBzWqHFxv7bgRU1nJQ/ca+84N147w2Hky5BR9UGn7j1bua0rdMx86D+UO0yBqnliCOfe6MD0K6D/wPb1pMs+O8/nV6ET1cT8Jq/J9sLd5ylb7cbObTBwcX9boM6B/+NBpLe4WGsXvjt2kmee+oo8fdvKM2XJMB4rPMIHB01kvFFCxhu28FX4mhG89lSvuhhZRlQ+GY0P7ny5fspXM2o6K1mfFcaDHQg29O/jcLC7AhVQ6bC9rW+pct5uv2i9np0HsC7Th99OL+FzbTnrteWs5wtq1O68vn0s4QGtB3qEEEIIIYT4byQBFnHTqRq85abhN/gWbL3+CUkhrA3rxqW6JSl+5KLhR9R3tTJ6paNv0OnhzlBvyDsNNepe/PnPXrhafgSLFSOdce+uYlgro1dUrgp6KF1b+ea+c4NRLW1bPrcRS/1xef8xwhTbnByL9WrLxwC4uvPin3yoH0/0I+53e1xLCRqobEMlXBzq3GdQL7w66zgT4sOBtLtxuWQLILkowKA3gacKd20x2VfhqUm3NZOfk+BdxRmeCf+KvKsw9YW7mB7ah3vu7c3p9ft4Ym0LYbo+apb97dcsM1Zw7NA59u78hg8yTWxbqiUsfBIWbFPJXv90PCHdf6wLaFguWbDgwu2tXBeXOjiaoy3t27Z0nAc921JP1xGB7DwfyHdffsehnLN89OE5crRGnp2XR2jeA9enoEIIIYQQQvzMSIBF3Dz2nlphwQ+YGGjra5Z+y748wD71IWikJ3COos+M9FkwAFuf9QofPLmLmPQrPLVzCstDWx4NUvnleXZn/wiW+k6kxQK3//IOhrZpZlFX+g8CTgNlP6L+5d1M8Krm9fC9JOSDf9BtDH5oIH2utaNsDxh1ulrN3j3fM+ERT7LXn2qwoG6buSvpD3wOFL7/OTtm38YMzwv8efU558cpe/HYc72c73MdWABKL3CsDPuCskb+rXEIbvR2407gTK6Bi+7uPGAPUJzdkcND885z7zO/JO62c9R0duPB+9s3Aqjss/PkXQWPJ4LYsPJu+6dGtuXW5t84EFdOzN3ZbC7rxYHycUx4pBcTHglg7As7WJjaBfgFvXvZ1lIp0kN4gD0gVXGG2UOO8CkebD8/gQecXBcdmCV2E7Vez7Ss3jwR9hVev/slR9beiXfAQB576jyzPXL4lKtYsJ37TldNnDEA7Z1OJ4QQQgghxM+UBFjEtasdQVHexukJfdzwAT7f+xXhz1j537usbPnjOVtwwd6P6zNhMI+pz/HBeycZ8d0FFs3owVnNN6xPv0KNug+znARXAHSZ3/Bk5jdNPn/sb7cxdFhbRoq48r/P3EHc3m/odLWcJ+6tnyTRCWBwfwKa60Rb2jYKxV1df/AHC//NBwsbbq+kHZR9ee4Vd7KXGOmkN7J42E4Wt+f4G8qNB0YqWa81sfCRA8TO7cnpjBIyDtoiSS4AygE8Ga0kZ205M/vu5vlkH/ro9KxNsE3L+t+ZPfj3C9UQchdBTtY2aU6f+/twb+dvKHy/kJX3w4P9TOz88yky7G9YMlksgIvDdevB8Ic688F7PzBzsoYXIvpDgY61qVeArni6uPKrpXcRt/cr1s/cw5cv3MU0n6ts+1MJOVfB/4W7WgyutPR2a2fas+/15cpvW6nnhCFKJnT+iuy//ofZrgYeHebK8b+XknMVev7SkwGAYYASMLH2N7s5u3Qoyx+RhW6FEEIIIcR/P3mLkLh2Lr/AE8DjFy1+O9+7u+OW21iZeRf3doa8975h+YpznJvWn+dmd4Hy2n16kXgohAWTuqDbe57lT59ifboJj1F9SNs7isHXWFSVi0N5AVf3xiMY6m+FPqHDyPmbD/c2ujtG/+4e3l19Z/MZOKSNkyUolAH3szWu4eiRCc/cUfeWIj+fxr305m/R2vIPfWo8b79QP72npnNnwl/oX1f27orr+Yrclh8XroCqUb0nxPySx0Z1ppP2B9ZEfcW2XCVPvdCo7isn8vaLveh0tZrXnj7J8pfLuIiSp9Ie"
20:58:39.356 [Forwarding screenshot on session f38f5520-bd02-11e6-b34a-8d0186b048d8 to remote] DEBUG org.apache.http.wire - http-outgoing-0 << "ZNFdFfw9D4b+ui+N4yvN5ddAjztZk9yXTlevsDEqnyd+c4pt5R4896JtOEXewXJqR2vUCo8fyVOTulB+sIzl8/JZvvYHLvZx58/7x/BAD1AG30/OzrsYoobstV/x3NMl5Ohh9DP38O7KO1ssiosSQEF3p0NYfuFQp4blaritIcfpdi6urY+RabXdaEM9lX15OXMwQ9SQ80YJi+d9wcZME17T72D7G34ABIR5M7ozlJ+u5q1lJZxttWRCCCGEEEL8/HWqqampudWFEP+/ucLZ0ktYcMHbu+URKRVlRgyXfsSle1cG9LkVC2eaKS29DPyC7p7u9GnnKAqnKqopNVjo7tmdPj06PpDMVGHkO8OPdO/nce3Tl26QCp0Rg7WVspmqKf3OAopf0M/L3b5Uie066d7Pgx7XWid7ui4KFwZ4tW2akanMyHeXfnRyTO31ewOui5+U1utZpjNyyQrdPbs2cx1foaLsR1zdXVH+xK5JIYQQQgghbgSZIiTabN0rn/OXVz5vfcebaOToPhzKafymH1FL2kfcar9fei/RS++91cUQQgghhBDihpMRLEIIIYQQQgghhBAdJGuwCCGEEEIIIYQQQnSQBFiEEEIIIYQQQgghOkgCLEIIIYQQQgghhBAdJAEW8ZNWUXYWXVkZFeZbXZKbxFxGadn/R4vS/ozqa7p4ltJzX1N2ydSxhMyV6M59ja6sjA6mJIQQQgghhPgJkQCLaLey0x/x6p68G5xLJe+/MRqP5WMYuHwEj+w84nz3S/sZE+HDi8fO3uBy3Viav/0PPstfpvRWF+Qmqa+vCe2etWw8ebODLWUkLPWhU4QPYe99avsk7xU6RfjQaekr2Epj4uP35tA1dgw+f/oVt/3+Xl4tqry23PKSCXj2fgb+6VcMXD6CYRv3X7eaNEfz3gw6Rfgw5r0bm48QQgghhBBCAiyi3cpISnyeqBLDjc3m4iH+evIcdBvHKxOjeXbYPa0eUn5jS3QTlPFJ/jnuuH8c3re6KDdFfX275yXxy+1vcfqy5ZaVpvqKPe8r9uFSVWbMABc/IfbQYYc9A/FXq64hhzLe+nAdJx0+mXjPoGsqa7tduTnZCCGEEEII8f+zLre6AOLnxhVVN7jPzeXGZuPWDYD5U1cQ+6s7b2xePxVlWjKqYM4vg291SW4Oh/q6K4oBcO3ifosLBe53TuZvM33BfRC9Ady60R84CSRFfc7zfsprTNkVV/tPo4e/zacLxl+P4jbLZAalK7goblgWQgghhBBCiEZkBItohzLeWjOFpVVwUvssd0Y/Ta7+CAuWPsSC9VGMifChU8Ro3so7wIJnR/Oq43SPS0cafWZC8/EqAiJs0zM6RYwm+uNPMQFlJ5MJ+MOz5AD7d80lID6ZMiB3zyuERQ+x7+9DwNIFbDzZ/JSgitN/Z8HK0fX7roziH6cdpnVcOsmrb8yo237n0gW830JatU4de485DdJ8mvSi+jqe+vcrjIl+iAUb1/JivG2/gDXvUUEl/9jyNHfWHrdmFQnrFzBm6WgWZNRPfSr9Yg8n8WXcPQM49e9XCIieweL1DsfFr0JTZqpvz8btXlSJqewICeuc1ess729cUJ/muld4deMcxqz5K2X2OgREP8TMeHsaS2M5YW6l7S8dYUH0Q0RvWcuCaPv5fHYGG/NOsm9HVN0xY9as5ZTDWjq19R3Ox3R94y0A3nknlDkZnzZbjp17VnFn9NNoLtWnceJfsQRER6Gt/ewazmtj5h+KSD/4IenaIs4WvUfY0qXstW/7+5YZzNn4ESagNO89Zjq0Sdgbf21Qv4aJnuTFlVNYah/4lXP0BcasjCJXf4TFSx9izNIZbKyddnTpCItXOn5WxlvrZhCwdAYJ//qIhDUP2fMcwpyNf6f+Cqy/zro+68OYdavYe+ZCu+ouhBBCCCGEuHYygkW0gyt3D57A6JI0cjxC+D+/0XhyCZ2hmL2GYu5TB3JfOdzheZX15nOoG0z3uMRRh8/2vTeDSYeKuUM9ndSxwzh96M+88tETHLvwNvsmBvFYUAgpR//JYK/RjPO5i2/+FcXI7Zng+RBvho2G8zkkHvonC9/4A/e/voUGYz7MR/i/xD/wD9cHeOXXUQy4fIwV+z5kZmIlBRs2EkAxi1/8NW+Z4dHhsUz3qmTT9reY98YYjFGf8bRf0+kfp/4VhV96ZoPPTur/yW+S/knRwk/547ABfPulhpyqYnKOFtfv1NuLnI2PMNPhs5MlaSyt/aWiPlpw9D+Z4BnN8O5w9EsNJ6uKOflZAU9PjOdBjvGbfWmMXf49/3n9LYKtzbR713zmLH+Cf2Cr1+S+P/DXj95m3htjOLvoCLFD3Hl/3VTmnapg9OAniRusYPNHbxEF0C0AM/BtqT3fKpg00Jdz+GA+2ErbWy9RXFVMjqaY+3zmkTSwglc1mSxM+TXQg6iJsShPb+eVkrdY+PcRfDpnTIP6jrtnJK8MDmTpqQLcB4Qxvr+ab79sWo4fddv5pgouWeub9/yZzzhZdYnzVuAazmtzLJfP8Q99AVwawR+NZvZWnavblqMvhvJDLMkr5P6Utxsct/dkAn5LSyhZl9B0ipf1/7F393FRlXnjxz9aAyPIoBM2aviEheyimHFriRq6aq7rtpaLubpmeyO7WrHeQkVYWhSYyrbguuTiSm5Llkvys8htScM11gdMFr1FuRtpxadJm6QRZgRmGJXfHzPAADPDAJpm3/frVcKZc65zPZ0Zzneu6zp69ujPOWyoZq++GIP1p5QaytkLTDCZABVYL1Gqd9zmxYULpRwzwLKcpS3S2HLwOXoEDuPNacP56M2fMOtg4zn82Xs8m70eldgm6dMkXil8xelrL0e+TNLEpA6kJoQQQgghxPePjGARHaBi6iOJzPCF4UPn8vK8eQzzhVpgUFAie1/9gKPrPmDGHe0kY9nD6/vLYUAi2lfTWfijeby2vIisINi7/498pppA4vy5DAAiJr1A4iM/ppsRhqsfQ7tqPU9Nm8dTT6xn45hgwMBXta3Sr71o+1a/133MmfFzHo9aze4n4omLeBAvCxz/559Yb4HoWR/z7sLfMGfas+z4/UbGA0/n/o3qNvn9jGX24MqgAb+mdPX/UZeyhTi17eWkt//IccDr9uapI0/97K9of7uRP0fCOntwZfy9v6NqQwV1L6zn0TaVcpi84/Do/ePwd0jrqVkf80bUPOZEpaOdNRP4mHdKvgRF23q/+8Q23rcf8+7C3/D4jGXseXkt44Fl7/2VCxd2knq8mkHDUvgkfhmPz3iWHavX85A9B96AF/bzzvmYHcs/5ujy37Rf9/ZpKIOCXqb4+SSWzkvnrxHBtrqJ+TtpUb/htedX8ShQ1RR0cyhvz+EsfWg8AFEPvcDCiGCn+ehtDwc7Tk6z/dwTLzrRrh7oPzqJqhdsdQjB/O2Fz6h6LZbd729sKnPVhgoaUuz1WPMeG4udLNTbczJ71n3MMtvMN4YP/x1V6wqY0Qt8Wu+raLvNu+mHSexMqaBh3f8j2r7xoE4Pl/awzh5cGX9vCl9vOEzdC2ud9DPXkiYm8XLky222S3BFCCGEEEIIz8gIFtFBJtvCn5dbLkY6bOhI/N0e50Uv+0/VJz+3Tbk4u5rRy7LBAnjDMQNApX2EQj1VgOWy7Vv98EfSyQ/ZRe5fE0n96gwHvzzAMQtAMG1Wg+kdwhQ17NWvJ2jRegapw5gX/hj//bN5DPOGT05+DsCmbXM4uMN+x0uNbfHRr89hgpZlqb3UNA1j3owYRvRWAvcT//BjpP/1PbD8L/+5CD0b9/d+jGdnTLCNYri4i8b4z+j/etCW7qAfM2eYP+8fb77lN2v3sQXIGtW4mK8Z6M9PxgQ31/G4nzJ+Wx7Fn2shrG29nzn7eZtj6D+WGWrYa7Fy7lQZx4C4ByJpCgX1DmeSGnY2TW0xA8E8Mqo5DU/rfkDfIFquThJMxA/usv8cyBhf+MJFeU1W27CUxvZ2lo/2nGmnXc+deJcn//p38O0BwDfWPiQtfabddP3v8G0KeKhVffBXHOag3vb76YqN/Peaf6Hkm6ZpRNtLS/n515/wwuEL3KEArN/Qd/gy0h4JQuUN1EAvn174eyvB"
20:58:39.357 [Forwarding screenshot on session f38f5520-bd02-11e6-b34a-8d0186b048d8 to remote] DEBUG org.apache.http.wire - http-outgoing-0 << "2vZ87owP/xVT+wAEco8vYMF2XVnrm/rZhAem0gdg0ENMGQDvn/U8/cZASuNIFgmuCCGEEEII4TkJsIguqwImDA1q+8LtzbffZv3ntikPQH3dNwAM0szklyF3YbHfXC/09QPU3O1DmxtP25SiUgAeGjCJhx9MZGrpatL1znI0mJdX/R8//VcO7/x7B58cP8CqT0pZ9cnvyEoo5G57r3/03scY42OL74CChb5K6PED2iyz6mKhUG+Fi8VOff2bgy0OHPe+1Kp8hw8VADMZP0jpsLee+hZPf7HVZ+PTklrXu+3VGlw9h6exNTq6RKsndV8FPPxDJ33AoZyOy5O0LW/XebXTrl7Gw2zRH2CQty0kdZqxvNaZRWCtl/im8WdvuFD1JaBkbtAkzNZvCAlUc+mbM+w8+zmDvAFLNcMGtP90JO/GFlK4WUD6sot0HMrh7bDZW+EPHRy74xhQkeCKEEIIIYQQnpMAi+gUU+sNjjd+Vtu36trTehjVB4DzX1Y0vdznnjGMZyNne40ncd7Pm7YXfZDI746bmNDmW/0v2X+kFLxnol2XzjD71vfPZzsNsFSf+H/89xsbeTD6A9LinwDg6D/jCMvJ44TexL3+trk9If8VQ+LoPvajTrE67QW+uKOfk9J6NY1g2L73H8SNeoI+nOKdHY1rsvyAu3vDV427O0YSFA7H/jOHJ8Ji8Pq/bN6qcLzpvcDOf5cyaHh0U9nsJeG43gh9bGuHnDz0EXuBuB+EAFrbLo71rlAC1ZT+50seHW0fOXJJy0ED4AsBdwUzCHj3QAEvRTxhC7RcLGW3/XXnOlb3nnFSXnsgyd1ThGzBpktccgg6fWW8ROPYoZ7ttOt/z3iWhg3PtsnLJx3Nfs8Q26gfAwwaHMee+J8Dx1j9x/V87TOeSSN+QGT/d2mY1/pAJ1OHrDSNPPnaVAP04WTJ3qbRMJ5r7mf7DxVhHvUzlBf2sevLzkyMksCKEEIIIYQQnSEBFtFBthv60wd/xwv+Vfx6Uq+2u9iDCu/nP8ta1VIG1R0g7sP3APu36z1H86sgiDn+HBP+eJ6UqaM5c+jPLCjcDb6/Zl1P4JJjgl54ewM1xbz/zz3M6A97PlnJ08fOAf25VEeLb/D91b58UVPO+3+OxivqSe5XX+T/7f8UgDtVfoSHPclD+QdYlfUQ5q9XMXsQbP9gGavOVvPo9Ofwx/Yko9F/fJOlv93J0uETeCEyjJ2FpRw79gp3LlrLIKo5bT9f3C+fZBgOARZHPSfwbEQYO/eXcqwijZAlaW33aXxccXjbxzMv++NjqJ54kXtMe/n1tveAScwOu4umAIuDyKmLGV/4FElZc8DwCg/dWUXW28/Z1mX56c/p038ga4al8IvjrzB6zUmWDu/Jex+ut93Me7dJrlN17xEn5fVT9wcg96OXCaxbwEAnh919z71w8D3i/pgID0/k/L8z7fmwTSMKn9J+uzrj6sE/rvXh0Yk/Ztm2jzl9/DkGL3ubATWl7LUnNGpKrMsj25zLR01jKGh9zqOUfurL3haL4brOY4ttPSeweHh/dh47x86DS+lRlsqgmnNNfVQIIYQQQghx/ckit6KD7iLivyYB5az6JIX/q4M2IZaeE3h9zgIGUU5czlPM+jCbiOE/ZhCNN4UqFj7/T94YHsbeY2lMTJ/LgsLdDNI8xqfLlhFoT6Y53T7MnxXPeM6xLOcJwtKf4Okv7iIp4sfAOQq05S337/1j3v3lUwy3HODpd57gv/64lFVnIe5nW1g6XAU9J/DeC2uJ9q0m/cOniPjjU6w6W83ciN/xl0dG2dKwmjhNNV/bF2WNnPc3dk6dyXCApuBKMKt++SFpD7ZaJ6RVsGLqEx+wc+pjjPe13eI/dG8iWfeGNb2u+2IHx+jPpKb1SpoN8tXz9F+f4KFtGzntO4ltL6Qztmfr+mmsph/z94TfMdf3HEnbfk1E5nNsqvEn7md/5Y0fBQNK5sQXsS1iEscqson5cD0Mm2lbnNVisbeNkpaTiDpY93ZeitbpNHNWXuXQsSxTw7GzecT8LY/qNvmAIQ8+Q9awYE7r32NW1lM8/b+wbMyk5h08adc2vAnsZQ+9tA43twk6Nedn2LT17P/ZYwwCWAFCmwAAIABJREFUThsagyvBpMf8k8fdTHvytgejfHrYpwF5j+L3TzzFIMD2ZKFzzB3zFNH2BZRVt3u5yKMfgX1abnv0tzm8MczeF2vOcVo9iegB/Z2XTQghhBBCCHHNdWtoaGi40ZkQ30EWI9VWL/x7ullDw2JEZzTA7X0J7O18P/PFLzlfZ0XRQ01g7/Yeo2tEd8H22NrAPn3a2RfAzIUL32AB/Prc5XQEw4ULX3IJ6Km6iz4uR3G0TfMS0K/PXR6sZ3KB9WseJ4+7CAyYzOqF8+jDBVa/dD/L9DB8zHqOzg/npBGGOJSp8K8/ZuJ+JZ/+/gPut35J5WVPy9xcrjblthzjlbWv4T3hNRIjBts3HmPhop+xaVgKdfHz3JSno3XvhuVCm/I2qr5kBIUKfzdtYb54gfN19ajvuMvlfh1v106yXODkNzUoFL4E9OnT4fVtmtMxojOa8O5xB33cXVMeqL74JabLXl3LjxBCCCGEEKLD5HtN0Tne7m+CG/cJ7OM+aKLsfRdDent60vbTa5U6ffq0HRXiqE+fu+hYuEDZwWO8qa8qZ6ehHCp2s6ssG7+actuTbYCp94SAdx+GOE3QzCWrrY4Cnb3shvNyWzlScYD3K+ZjuZjAxDut5G1PYRMwd1hYOzfjHa17N1yWF/x7tn8OZe8+7faZjrdrJ3n3YUj/a3AmD64VT/n3dh5MFEIIIYQQQlxfEmAR4rpSsTR+I1+kPct6QzWna8rt2/15aurrvPbgYBfH2cIdbp4n03Heo9jw25fhz6+Q9OHSps1zI9eyacbwa3kmIYQQQgghhPjekSlCQnxLzJeMmOpMWG73IqD3jZ2+ceHil1gue+Gn6tP+SCQhhBBCCCGEEO2SAIsQQgghhBBCCCFEF8lThIQQQgghhBBCCCG6SAIsQgghhBBCCCGEEF0kARYhhBBCCCGEEEKILpKnCIkOMLFjwxscvAiKNq9ZofcYnl40Db/rcWpLOZs37qRK0Z8Zv5rFkNYLs5rK2LD2b1y8c7w9Dxb257zB1j0VWFEQ8vCTxE4L9uxcpjI2rN3GRUXLUlqtcO+sp3k49BqX0J73r3uPYWnsw27q70bUv4FNcc9hnb0Yxb8+5mta14mVuyLmEz15iJs0TGxPW4t12tPMClVfk1yV79jA22X9SYh3V183h/LtGbz9xSDnebXoKT8NwcGaG5G1JieL90NIBENucGVaTu4iddPnzEqIJdTPMV+e9yH9/hz+vKschcLJVWLtzU8fvZu/5zSfo6tMumLyPviYEu0pjHU96B/6AFG/nM1IzbezenTrOrupOPTvmzqfN6GThZvJ3Lqbc3WDeXbtCkY61tk1r9cb+NkuhBBC3GIkwCI6wEqV7gvKz4EX9RiNZgCUKhVe1EPAEKzX69Q1lewuLMSIihGznQRYrJXsLdVipje1i6bBkXdIzy1qejlI6e/5uazVHC0tRe/kJcWDtVzzW3prNUdLtehVGmrBTeo3oP71h9mtq2e+v5XtJaXolSpUjs+Orq+HYGM7iVg5XVTKpfBrl7vKsgK0RZHXr79dQ5WnD6Mtwknbmtj8TCx5gbFsTbxxARZT8QYSUvcSuyECd2Gyb0NN5eeUagt50BrbKl+e96Ez2kOUllfa+mm9EaMZsPdbY30AY85ZKdV+xoPW2C7n11SWQ3RSLgBB4ZGM4iyFRXmkFB1gcUYGk7+FZnWss5tLy/5dc/7za1bvtz4d72flUUEgYaF3tvpD7XrU6w38bBdCCCFuMRJgER2gZk7ym8wBwMSm2Gjy66aw/s1F1/+bLQWoACM9nHzDBvgO5VcL5lKrGkYvoL7e/uegagob3lxEh8ZNKOzf4ilDWPDkdFRWW1qXL0PfkF5dKERrFix44+2rsJ2vh8J52Zp8+/WvO7YfM/dz70B4D4hcspbY0Z04mxK83BeuQyKe3kx4vDc39ROmLRbw9sbXpwconbdtfR2oevp861lrwcv2P59r"
20:58:39.357 [Forwarding screenshot on session f38f5520-bd02-11e6-b34a-8d0186b048d8 to remote] DEBUG org.apache.http.wire - http-outgoing-0 << "2D6dpR4dy+ZNv8bbD0xnoUW+lNDTx1ZX9qp1anT0GrZG2342HdlAdMpB4ta/SYS92xqKN5CFPz6+tt8t0Ml+dJKNq3OBQGLTVxMZaEtl3pHNLErJ462/7GJy4uROpdwRjnV2s2nRvxUKuCb1/j1gOUOZGcbGvUp8RNuGvfb1egM/24UQQohbjARYRCdZm77Rcvxm/sjmZDYeV+B7roQKo5KHF0yl8L0vWLw+mdF+gKWM5Jg07lryO6JHq8FUzqbUdeRrbeNFAsOjeCZxDoEdzU79NxT/85/oNXBvwDGSUgts2417eS72IktWJXLH0Rx+/6dcdGYADVNinmTRtFDXafoP4eGIiDaby7atJu39MvpPW0Ly/NFgKiZ56Tr0gx9l1YpZnN+eRvJ7FYyadB8X9+WjNYJSFUbMKwn2mzATuzakklmgBZSEhA+msqPl/Zbqv+zTUlSRcXjyRXzZjk38KSu/aeRP0Ni5xMfPanNs+a4NrMkswDbuxbEdLOzPSSc9t8S2oyqMxcuXMtnJvJWyD1JZfWgIf1gzn0qX6TkykLPiJQ75BlJTUoIeUIVMIT5hEaF+bestKmk9Y6r/wbqm/qIicsESYh8eCRjYHPcc9fPsdQgc2byC148O4w9r5uOr20/66j9RojeDKogQlR68RrQtQ04q+UagMJXHz87kD2vmU70/x8U5WzqyOZmNJ3sTaCikRAcog5j7bDyzRmraaQtbPRzAl0ptBeY7gvD+pgKA1OjnWRx/P++v30NgaE9KSrT2YxfwfPzDtiClm/7irA7n2OcsFGbEka2fwNrkWfhhYlvyMt6/9AB/WDMfNRZ2pD3Dx16zeXXSVyxdfYwnfjOMjesKmvIVt+F5FF6g3bORuNQidIBSE86TiXFEBLq+nbTWN/7Q+hU9H6avINVexsCxC1jhQRkdmY7spsgMYQuWNAVXANQjZxMTeZyDPmACKjrYt7anrSG7yNYmSk04MYlxRAZ6Y3HsVw5t6lOWw9LVx1j8h2RCzm9j2WrX7dciDaWGIP9qKntP43fJ89sEod1dz66vYYfjW/XvpCj39W44sp01r2dTYQZQErkgkdiHnb0/u6qjGrfXOBjYtekNMvNLbcmoQoh5Po5pwWpMZe7qzXWbtJ/mRygCQKczEjRzOWvmj2xRDqfH9jvLiuh0jEBRejRxRxNIXzT6W6jXRs4/W1qXZ1DEOC4e+ub6f7YLIYQQ3zGyyK3oNEWrfwHqa/TotSXUDI5kythJ3KMyYjSfo7bxL7aaak6ZjdRarYCeDUtfJF/ry4KEJJLiorCW5BK3YhuWDuemBp1Oj+6LC1gvO243Y6yuoVqbQ1x6LjqzkqCwEDToKchKIqPQ2UQgO/0hVqelkZaWRlraalZv2IEJqL2gw2g2c7GqsVBW9EYz+lMXqAUqz1VgNuspys/nXEAQGiWYjaVk/H4rJuDI5pSm4EpQ2GBOlWgxd7i830b9l7NXC2MmhADQAzj72T/YsX0727dvZ/v2bWzfdQQLtpECSVn5KKYsICl1JbFRY6ko2sI7+1vVr2k/azILCJi+mNT0lcwNr6MgK4lCA5TlvER6bgnhUbGsXJlApKqUzISXKDa0LXtt1SnM56rcptdazUU9FSUljIhZzsqEuai0BSSl5GByUm/B9f8gIT2XysHTSViZxIIp/SnMTiF5ezkAVZVGqqzNd+31Neds+UHHG3HplNQFs3h5EovHeaHV2SuvlYGjxqMBlCHTeXLeGG4vz3F7Tkf1NXr0pYXoNHNZmbqc6f3PsSUlmUJ9+21Rc06PTlvBqOlTiBzzIP8909a+YxdEMfj2C+jNOkpKICZhOTHTQ6goymZrsaHd/tK6DocPbA6MDRykxqj9J1oTYNKyp1SPueIARw2ARcvHRXp6DhqItfYCRvM5GkJ/QoxDvkLUoOgBuqIiBsyNZXlsFP76EtI3fNSJ9wobrb2Mi2eGoSvK5l0PyujIWlMLqJg8rvXEKm+mxSazInoyfk7qxV3fKs9ZQ3ZRJXMTVpKatJjB+hIylr2FAQPvvJxOiWI8y1PTWR4TSUXRFlbnlDXVWS1grXXXfidJd+ibsdM0VOjNGM/VtIk/ue1DHl5zrfu3r5t6t5zczv+kZFM5eDrLV65k8fRgCrOTSCvUtWk313Xk/hov3vASmfmltveXpFjG9tCS9eJLFOrd15u787WfphGdrj/Tp4zlvqC+Lcrh8tjaIH6xeAoAIdNj+NWkod9KvTpy9tnSujyh6vpv6bNdCCGE+G6RESziOggncUUsgdiG44PDH2oOf7FZyj6lwAghUfMYNzQAK1OZN/0A6fkfccAwi8gOrodqm2YDvUbOYe3yGqJT8kEzhU0Zizi6wTY/XTV2Psvjp3F++2pezC6h8INPeCJyvoth0HpKihwDBF629V1aT/Zo/AOzh+2VxskgyrAFvLniYSxHNjM/JQ+MNdRi4MBu2zehYxevIn5yIIb9GSxKL4S6jpXXtWtT/w9UHkRLIFEhaqi3HVpRmEuF46k0Uxg3eSS+fccTExPCvdMi6WUw4BN0F0rss0+c1FXll//hzDdBTPzNKwyvhEFqA2/trIDA6cyZOgJFLTzyqygKU3L5TGtgdISzzqBwk17bva11oJqSwKJpI4GRJC4+RWzmTg4Z5uDTqt6KN8QC4byaHG1blyR4ObUV88l9bzeGh2e7qHcFNUd2UgTMjE9gcqg3jFxO9cn5bDnXdm+/4AjuU2WxTzOCiJHBFG9Y5+acwU6muY1lRaJtREHw8ifZF51OiVbPAyHu28IKKMfGEh8dCYDpiI7MvItMmDia3tpDACxITWbaEGC0ir35CdRYre32l9Z16GjIuAdRZWfwmdZEmNdRbLd3eo5qDTzgewAdKmLHDYETCntNqhkxIhDs+VJjwFpnz/csW76fOLqT1M/OUQUejbBqba5DGffnJXC24jwWn2MevydVfqXHaeTMKc/61sRp9UA9p46fZNi4e4lNXUm1IgA19q5eqUNbcZ5xo+eROuQhFAH9HOqsmbP2MxXvpASIen4Fk4OBkaFc1j1O5hdtFzb1cnc9e3jNte7fhuLdLuu99NAOzKiY//gM+vpYGfDILMbuK6Xog08xtXp/rrO6qSOX1/gYigr0KMfGkjjH1n/iVylYGJ1Owb4yRgxwXW+uz3eSP3uQ5tyVy5kV3HqU1Ul2uTz2DMkz7kOTWYBmRAQjg1t+Ol2vevVUY3kMxRv4x9+/nc92IYQQ4rtEAiziGqsDZW/crSrReEtSU10FgDY3hUW5jnsEul2LxJPF9qyNa7DU2YY5NwY9jEVZRM/Oat6xssr1wrKqsSS99isCrLW2cyp80ABnWu1mOHHUNoy+VYDE/847APAOGkYgoGsMwPQAjBrCh9tuQ9Uj7iOQQnSe3qu5de3qX7v3AAROIMQbqAcjEBm3gVhnwY5e/lQdziI2K8N99tQRLFlwiHXZBWSU2qaAaMKmsyQmHJ0RMOaTsCi/xSFntSfAaYDFTXpLowlu3aj1EDpiYNOvPirbd7+2nuG83pr7oTchwzTgJFBiY6vV+nrbqIagft5Nxw0dooFTzo5pHIrfskd7ds460PRq3tdvIKFKKDt6Au8HBrpvi3oIDm2uB9s0mjqaB+SouKNpTWh/ApVQgyfXq5u+px7BOA3s++wQBxSHIGwmM+vz2H3oMAcUB0EzifvUYD3RfEibfLXKt+2k7a1b5IqKvg5lvEsFuy9Ud+g9KWBAIHAKUy20jn7pjxRyrCaAMRGhdKRvhc5/hijd78nNy6IoD0BJeNSTxM2JYN7zi9GtyyQ3U0sugCqIBfHPM85J2Zy1n60alfQNcNiztz/Utz4evN1dzx5fc876t/N6t60joifrxVYLtfaoafP+PNJlHYW4vsZrKtED9z8Q0pyQ31DGqGDvqUoY4LreXJ7vJwoP0tTQt5+TKWymdvJTr7B9nFidfTpdn3r1jIvyNCZr/7ezn+1CCCHErUACLOL6arw7avyrykvRFIdQ+No2TknYwCL7WhYmXTGfHq5lqC8uOXn6qlsKbI8TBtBELubVJ8ZQrd3P7uNVDAoahctla3v40k+jRt3q7snaOsRjdRHysbb5"
20:58:39.357 [Forwarding screenshot on session f38f5520-bd02-11e6-b34a-8d0186b048d8 to remote] DEBUG org.apache.http.wire - http-outgoing-0 << "wfZbHYCekmN6IjUaTFr7N/rXbASLk7x1uP4NfLRPT9CMUa0WTHRe1uK3Xia3BKLikpg6IhQ1xSyMTm3TWBZDOZU+9/Ha1lgUunIOf5pDZl4+fy+/H40StKGL2dq4MKhFx66dZQSMCnFyRpt6V+kdmkF8ZKtxDV5QUVEJEbbttbU1TSVq3aWs1raN8dWXeiCkaf9LDrsYL1aDF3h5+QBGzlZaQG2rucqvq50M5WksAE111N4526i2NufbdJ4KM4SOGErxWy+4bQsr4Ovn5KlaLq6rxnO3d722Djy2pGb8j0LI35JFFmbCF09k4uWT5GVlkgGELRiDH+BkZldTvlzm+xqwYmuijrwnqfvdjYoC3ntvF9PiHRez1bP19QwKzeEMi2i71oW7dr5Qfoa+k59ha2IfTpaVsG/7u+TlvsmBqSH0Og+/WLGZUJ8LHDl0kHeztpCd9gE/XNx+2ZqZ+cahbzb229bcXc8ur2Fn15xD/3aVNy/AajUCISRtTaaxxsr37+KktW+b92eDyzr6netr3NcfNfDZAS2x9tewfEWFEYLv6QdoXdab6/M970Gadc7fMv3ay087q3Jdh3r1jEN5rsNnuxBCCHErkDVYRKdZW/3r+ErjNt+APoCRvHd3odOfZFt6Jo0P9fUbOYkwoCDzDQrL9RhO7mftslSyswuodvklmZ70pxaycKH9v8dn8/ym4nbzGTLhPtvRhe/zVl4em/+aRX5eLm8dON/hJy749/K1p/UuGZsyeCm90PaCRyNQ1Nw3zjZypSjzBdIy0ljWuCCv/XiLbj8ZyavZUW5qt1yO/zq+0uX6r9GyzwjjxwR7Uih7JgLoO3AgvtaT5Ky1nedsxfmW+50/SGZmOmmbCrH6DyJowJ227YoARtyvgpK32LCrDINBx/aNq8nMzqKk2vVJrS7Ta7u3ogfo87LZfkSHvnwXaRlFEDiJEWqH9Ow/hdw/Bijh9xk70BkMHNmeRlYpBE6bYJuO4gUl777DEZ2eIzsyyCwxQw/wGjmeMCD3Txs5ojNQXrjJ9hrO2knN3aFKjEf3sL9c3/45W1CBuYC1OfvR68vJWZuJHhWhQ3t52BYOubFaASPag2XOBjM08ex6bRN+bBI8biJKzJhRMmp4IIGh96K0lyXCWT9zyFfzug2tU/fs4bGe7FVPB9+TAiezcEogxqJM4tI2U1xWTvmRQjKef5ZCM4xdPN9hqpRnfcu4800yUpeRU3yOgIFD6ddbAfRAoajmw4xMkpI3cqTWh6CQofQGCOiFp/er6tEPEQ5sSU5hx5EyCjcnN/Vb5xXmog95fM217N+u1AMhE8YBWrLStnNSb6CscBMvpmeSVVLZ5v35hMs6cneNBxMRrsRclMWmwjL0unJyUtdRAQQP6+e23lyfr/NpQleOvT716sj1Z0uza//ZLoQQQtwaZASL6DRfp0P0e4C/T9M27+CfEDP2AFkFmcQVAIEhqJr+DBtCQmosKSkZZDQOYVYGEbMyAbe39WYjRodVYXvUuv4zUNm/Fz6A38hols+tImVLEUV5eQBoQmaSGB/pcXkbhT6ykLF7XqRIr6cwX09QWAjK0rYL1fr2cn7rMzo6kagvk8kt1VNUWIQmUAO65j+Ua84corC0BJ8fu78tvJ71H6DdiJEwRjXdISrcxo/CZjxGUGEWGXHRZACqoDCClKVUHDsOc/qhwPYHv3fobGKnHycjP4PYfNv0A034XH4ZoUET8RpfXUomNzMJe8iJ8LkJRIc6G8huK6evm/Ras9aBKrCe7JQ4sm07krDC9vSUE63qTT16Ecvn1pCyJYu4QtuUssCxC1hhfwrIjAXT2ZuRT0pcEaAiUAU6hS8+BLN0ZQwvvZhFSpwt8KYEzAG9nE6dCRo1CkqKSH/xIiu3Jrs9pzOluenE2uaLMD3uFaYFemPxsC0aqQf+gEAKyc9MovqRSbS+427e3/31WtyqDtvQjGKSBvLr7idUAzCcUUooCpjEGHtzKbwUTed3zFdtj9Vt8m2LaHnyiOseLR5B7XgOR/4+inbL2FrEolexKt4gKz+PVNv8EWxP1Ulk0eTGi8fzvqU2xRN5YjW5qQm2aUAoiYxZQYTfEIYmRJGcmktKrD2gqwoj7rcz8P3mnabyOCubY/slblpO2kuvk5WSBKogglRQUdc2KObuevae4/k159i/X1w+xGW9q0dGk7SgltXZ2SQUZduKFzKT5U+3fX8e/YSrOoKjbq7xyYmrOJ+8mryMJGyTEFVMj01lTrAfpiOu683d+ehgmo7c5QeTApXLI69PvTpy9tnSum9dl892IYQQ4hbQraGhoeFGZ0Lc+iwmA1W1oNE4X0vDoNdjVSjQqK/z6ncWA/oqKwqfXqj9uvZVmkGvhy6kYzLoqaUXGvX1/0qvw/VvMaGvAY26I7P0LRj0VZ7VicWEvqrWaTtYDAaqrFZ8emnwuGrdpGdjIOPxRbBkA7FhoK9ReFa2pnQ1tNnd/przfDbWhZPjnJzDhBd+3t7tn9OueMNCUg+OY8Ob0aA3oNCoW62n0IG26IRv7Xq9gTpWRgsGg206iq9a7dmoODftbDIYqLVCL03rtGztalX4dPDaBExlpL30N0KXLGfaEG/AQs7z88llLpvXzHKS53b6ULvXXPN+Lfq3O56mibM68uwat72/OKtb91y3SefT7NKx16leO+qm+WwXQgghbhISYBFCfA8YyJi9iEuxGSS2XifiO2h/xuOkF44iY2t8p56gI76HLGWsmJ+EFg1jp4ygRruXUp2ZyNh0YiNbP/fpu+jWusaFEEII8d10W1JSUtKNzoQQQlxfl6mrr6dfyL0E3fHdXwTgcp2V24fey5gf3CXzPIVnbr+TH0WG0lDzFf85fR78f8hPnljK4xG3QnAFbrVrXAghhBDfTTKCRQghhBBCCCGEEKKL5ClCQgghhBBCCCGEEF0kARYhhBBCCCGEEEKILpLp+6JjLOVs3riTKkV/ZvxqFkNaTXXXFW7mLwXHuXPML1j0cCiYytm09k0O6WtAEcSTr8bj9Km7Tuj25/CXXSdRtHruq9Xam1lLF3mcjqdM5TtY+/Ze7hz/OIumuXmYpKmMDWu3cbF1xgCsNfQM/RmDTn2MddrTzArtwpMT2j3PL4idFdr59N2d+uQu/vr+EXqN/CnzJ7eti+9FO7diObmD1E1fMCshlrsrm3++1vm7tZjYnra269fCt8ykK+OM4m5CNbf2Wh7l2zN4+4tBJMQ/TOtu3Ok6sOgpPw3BwRosJ3eRuulzuU6EEEII8b0hARbRMTWV7C4sxIiKEbPbBljOlOygVGtG2buSRUDxu+vIL9U3vV5t9fxUZw7todTh2GZKIqyLuNahBWvlKUq1WlSaynZuvGvRlZdzzssLqMdoNINShcoL6uvrGTVGwemiUi6Fd6CwnTqPTxfTd816/nMKi4pQeT3gNMDy/WjnlmrOf0Gp9jMetMbSz+Fn4Y6VL4pKqQm3MutGZ8VTpmKWxaUSGJtBqObWfhpN5enDaIugFloGWDpdByY2PxNLXmAsWxM11Jz/XK4TIYQQQnyvSIBFdIwCVICRHjgZV8HQyTHMHWxkwKj7APCyD0sYuzid+Mkde1qFwn6sKmQ6C6aHgNV21375soLhvp0uQVsWC3h74+trO1+P9vb3G03y22/bjy0mdn4qIUvWEju68RbFQMZm6Onj45h8x7V7nutI4b4uvhft3DajgJet3zv+LNxQ8/TmTeD9HRq+4AV1NF+/t6TGa8GnBygVbftxF+qgvg5UPe3HKRSAPz7269gC3NpjgoQQQgjxfScBFnFN1X51lD3/1KKuHYjXvg9JydcBcPitZaw4v4Tk+SHs2rSWt/JLMQNKTTgxzzxN5BDXN2A9AsOJjBjZaquBnBUv8fdzvVnyu2RGq+HI5mRe31HO4GlLSJ4/lJwVL7HzYm/G3OfL3vwSzEBgeBSJiXPQABiOkJa8jiKdEZRBRN7v1fEC11ipA7C2/A5Y4QXaPRuJSy1CZy/nk4lxRAR6Axb256STnlti21kVxuLlS5nspg6cn8dWBwfwpVJbgTlwJkvCj/Pno8P4w5r5qAFT2TaWrj7MkvXJjPQDw5HtrHk9"
20:58:39.357 [Forwarding screenshot on session f38f5520-bd02-11e6-b34a-8d0186b048d8 to remote] DEBUG org.apache.http.wire - http-outgoing-0 << "mwozgJLIBYnEPtzxMSK3cjuX7djEn7LyaRxTEzR2LvHxs9wGU07uz2Hdn3LRmQFURC5YQuxDkBzzOr1/9Sqxk4eAoZgV/7MO30cTSZwVCqYjrHjqdYYs+QPjjVtZk1mAEQANU2KeZNG0tu1yZPMKXnfRviHV+0lf/SdK9OYW+W5v/IHpZCEb12Xb6gdQBoYTsySOyCHeWHTtp2k5uYNnEt5jQtJa5tjngegLN/Bsho4lm+I4nvIS9VGvEj1abZtKlrqOfK2tdgPDo3gmcQ4nMuLI1k9gbfIs/DCxLXkZ7196wF5OCzvSnuFjr9mkxz7g8toxlW1j2eqPUASATmckaOZyFvY74FG9NjOwOTEVI1CYGo1+5nKS5w9g16Y3yMwvtZ8zhJjn45gW3HrKU9vrcUP6bLQur3UD29PWkF1UYat3TTgxiXFEBnpzZHMyG0/2JtBQSIkOUAYx99l4Zo3UAAaX+bHVwR4CQ3tSUqK1t9kCno9/GDW0bE9VECEqPXiNuGZ1UJaTSr7tQB4/O5OkKAA9H6avINWen8CxC1hhz4+r/nCrPDhaCCGEEN8/ssituKbOn9Ki0+vRV9UA9U3bzdh+Ld7wEpn5pZiVGsJCAjHrS8hISKHY5DrN6qPvkpaWRlpaGqtXr2Zzoe1mvuqiHrPxIrX2/epr9JjNZi5WWZteN+q1FOSX0D8kECWgK8nlz9tPAnoynkux33QHEta/ksJCbccL7OKuW9EDdEVFDJgby/LYKPz1JaRv+Ahts5/KAAAgAElEQVQLUJbzEum5JYRHxbJyZQKRqlIyE16i2NDx89Sc06PTVjBq+hQiRwzgtppzmM9VNb1urT2H0XyOKitYTm7nf1KyqRw8neUrV7J4ejCF2Umk2euzI27VdjYd2UBSVj6KKQtISl1JbNRYKoq28M5+Z1OYbCzlOSSk51I5eDoJK5NYMKU/hdkpJO9sYEiAmcKdh7EA+qN70JrNlOw5jAkwHN2D1uzF0Du0rMksIGD6YlLTVzI3vI6CrCQKnfSHepfta+Cdl9MpUYxneWo6y2MiqSjawuqcMtcVDkAZKQkZFFlDiUtaSVLcXAJ0JWSs+wATnqXpPSSUIIzkbtvfWIt88kEB5sBhhPhB1Tk9VVYroGfD0hfJ1/qyICGJpLgorCW5xK3YRt9Baozaf6I1ASYte0r1mCsOcNQAWLR8XKSn56CBbq8da+0F9GYjOl1/pk8Zy339vvS4XpupGffIdABCpsfwi4lBTX05PCqWlUmxjO2hJevFlyh00iVaX4+n3eS3PGcN2UWVzE1YSWrSYgbrS8hY9hYGbH1cX1qITjOXlanLmd7/HFtSkinU4zY/tjrQUVICMQnLiZkeQkVRNluLDYCON+LSKakLZvHyJBaP80Krw8lQrs7XwcBR49EAypDpPDlvDI0D0LT2/CyeGYauKJt3iw1u+4PFXRMJIYQQQtzEJMAirinHweYj5yezfLrtu8gpS9aTHO3PxwW2m+bpTyayIjmRqCAlUMFnR13f9Zj1FRQVFVFUVERJSQl5RSfs56LFv62jEI2/jY3NYE1yOk9G2r53P3X6POiPcdgIEETC+nRWrHmTxWOv3XoL1jpQjo0lflYkIyPn8ESkCk6dowoDe3dWQOB05kwdgY/PUB75VRSg4zOt2zs/5+fBfp7oRcRGR9rL7FgPzVtKd+7AjIrHHp9BXx8fRj0yi7EqKPrgU9zEPZy6VdvZq+94YmJiSVz0MHf7BzAw6C6UgLsxL6W79wDhvJoczejgUB5etJyoICh97zOG/ygMKj7jP4C2yB6Y0B3lDHD0X4WgmcR9vWybK7/8D2e+UTDxN6+wcmU6D7hcE9Z5+1oBKnVoK85zx+h5pK5cyTNTB7rJOWAJYGZMDAmJvybi7n4EDBxGeAhQeYFaj9MMZFpUEJR+TLEF0O1nhw7GPjK1xboelrJPKTBCSNQ8xg0NICBkKvOmB4L2I7764YOo0POZ1oSl4ii23qPnqNaARXsAHSqmjPP36NqZu3I50YvimTOqVwfr1WbIAyPQAJoREYQGVrKrQI9ybCyJcyIJDo0kflUcKvQU7GsbvGp5PY7goJv81lnrgXpOHT9Jrc9wYlNXsnLVbJqzN5YVibMIHjKS6OVPokJPifbfHuVnQWoy00aPZFp0NCFAjdWK6chOioCZ8QlMHhnK5OjlzA3BNhfoGtWBX3AE96nASzOCiJHBTdfNXHt+Js+fTxhwtuK82/5woONvhUIIIYQQNwWZIiQ6zZN1TOvtO1mttWA43zTtIj89jvz05v1OaM9ChPM7H9XYGF771b1Ya22JKXz6ADUe5lLDAyNsN9QKh3VFDCc+t00bUA1gqP0usEcnZgi5VA/BoQ43oraFO1CYzqIzAsZ8EhbltzjkrPaEyzrw+DxuKQA9WS+2WnCyR03bRS476FZpZ+9e/lQdziI2K8PD8zZrDnt4EzJMA+dg4JgIlNmZHC4uRldiZOzcuZzdsoXP9u/n6xIIWTAOP/UQliw4xLrsAjJKC2ylCZvOkqXRBHvcKGrmPb8Y3bpMcjO15AKoglgQ/zyB7rqUtwb/+i9Ii8si1XG7RoGiA2mGTv0JqtwMdh3Q4//Vx5gJ4aeRtuksjWqqbSNvtLkpLMp1PDoQRe8RjNPAvs8OcUBxCMJmMrM+j92HDnNAcdAWiFKcpcDdtTMCQEPffvZVPtQRnavXeofpeKZK9MD9D4Q0v+43lDEq2Huq0smxDtdjO9f6yOhniNL9nty8LIryAJSERz1J3JwIoA40vZr7lN9AQpVQdqgMlbv8DABQcYd/44v+BCptV5G1vhZQEdRYP3gzdIgGTl3LOrDaPxccPx1U9HXIz10q2H2h2n1/cJIlIYQQQojvAgmwiE5z9vRgt9QDCVSC3gzT41KZHeKDtvhTjlf1YtTEEJeH9fDyQ6PWQIubuuYb78Y/5Y01Rs+zMvQHqCjEWH+R8xZQe3sWMPKUFfD182/7gl9fNErQhi5ma+Jk2zaLjl07ywgY5boOOnqe5lEfzaWyWo1ACElbk5uezFO+fxcnrX3p5eoEHW5kvtPtXPzWy+SWQFRcElNHhKKmmIXRqW7rwWptOwTgqy/1QAhWzSgmaSAvMxPQkDB1IhV7tpCbng5oWDxmCBZDOZU+9/Ha1lgUunIOf5pDZl4+fz80g/hI56Nt2ravgYrz8IsVmwn1ucCRQwd5N2sL2WkfMO7NaFzFWExHNpGUXUjQlBheeWQ0gRo1hWmPk1HWwTTVD/BISAbZWzO4WK1DMyWO1s9nUtgXF56SsIFFo21Hm3TFfHq4lqG+agJ+FEL+liyyMBO+eCITL58kLyuTDCBswRj8/PzdXzvnDwF1TQ3cmXptmWEf8PNHDXx2QEtshP0Yy1dUGCH4nn5tDmlxPbZzrRvKj9J38jNsTezDybIS9m1/l7zcNzkwNQIfgGprc6DBdJ4KM4TeN4ya/X93k5+2098ae4jCywcwcrbSfiEAlV9Xux+e1Yk6oB731wu2U7rvD27yJIQQQghxE5MAi+gkPelPLeTNxj/O640ETEogyu0xQxg7SkVJkZH8dzfj9YAvO/KKbOt2DI8gVNOx50vY7mv1ZCWvRjv0IgVFnt94oxlGqBKKzKUkPZNMZOAlCktaLihQvmMT207dxdOLpnVydEfrW3kroGHE/SoKC99iw66+zB7lz753V5NdqGd6UAQjO7W6o8N5FD3AfJB/7H+IcQEVbFhXCPYlSUMmjIPCfLLStrPkl+Oo1X5AUkY+jI1lWqTzlPUF61h4sPkOrN5Yz6SEP9B6WcyWvlvt3PJkAAH0HTgQX+tJct7IxIhtSgNBzg8JuX8MFBbw+4wdPDNvNN/se4usUgicOQENasb/KIT8LVrQjCHET41PeBC5ugoIfIAxGqDsIJmZeQSdthI/+wGCBtxpS9jZParL9q3mw4xMSjWfs3zFPIJChtIbIKAXvkD5rk1s+4/rvty7fyB9eik4siODjCKzvcu4T7Mlbyb+bDrZqflUoGTBjIg2e/iNnEQY+RRkvkGI/28YoTjBGy+lU2oOYdjDkQSPm4hySyZmlIwaHkig9V6UlGJGRcQYW7jG3bUz"
20:58:39.357 [Forwarding screenshot on session f38f5520-bd02-11e6-b34a-8d0186b048d8 to remote] DEBUG org.apache.http.wire - http-outgoing-0 << "oPUJz7upV8tJct7IoWbkLKJbP4bc/hSrs4c+pbzfOCLClZQWZbGpMIAZQxV8+pd1VABRw5wEF2wJ2P91f63X736TjMJ6vkp4lZ+EDKVfb/t0LwWACswFrM0ZwW8mBvDpnzPRo+LhoaO43V1+ql1kCfAbOZ4w8sn900ZCnplHjxMfkFliBpWToGOn60DN3aFKCo7uYX/5QFyFU+tpvz+4C4FZdPvZ+Jd/cc+cp5kW7NfqvdrErg1v8J/Bszr0GHYhhBBCiGtBAiyi88xGjObmX3vUWptuCn17tbwFa7xXjIx/hbPJq8krLSWvcVj83GeZH+omhOH0y1A1jyyeycHUPIy6Egp0GsLDgygpqWh17uaDfXx72rYoFEAgT6+K5eKyDLT6Ugr1KoKCNFRU6Ju+fK0+tY+SvaOobSfA4uxxvwocl3617+Vle3RpZOxrfHUpmdzMJArsr4bPTSDaXR14eJ7RjzxB2L5UctMTyAWCwsNQluixAuqR0SQtqGV1djYJRdkAqEJmsvxpF9EVAMwYHRuZljdjt0I7Owqb8RhBhVlkxEWTAaiCwghSllJx7DgEKWhuheaf1aMXsXxuDSlbsogrzALsT0qZb3siUvCY8ai2aFHddx9+wN2j7oO8CsJ+NMbWr0JnEzv9OBn5GcTm26YmacLn8suItreYrtt3CL9JiCI5NZeU2ELbzqow4n47A2+g+vN8SgojsS6a1iI9v5EzmBmyj7zsJOZnAwQSHh5ISYmWE6ZFbtNszW/0Q4xV5lPU/6dMdAgUNvfRISSkxpKSkkFG4zQ1ZRAxKxNso13so33y6+4nVAMwnFFKKAqYZAtE4f7aMR1xbB/wdlevpmIOFJVQydi2ARb1UMYFKckvyCa5RsXbias4n7yavIwkbBN9VEyPTWWOk3lGra9Ht9f6wHgiT6wmN9XWlqAkMmYFEX5QbN+3NDed2Fz7OeNeYVqgN7jJT+s6aJmnYJaujOGlF7NIiSu0nxHMAb1o8zDmLtRB0KhRUFJE+osXeXH5kDb5AfD3UdBuf3Cj5swhCktL8Pmx7d2o5Xu1lf/sLWGv9UEJsAghhBDiW9etoaGh4UZnQnz/mAx6aq3g00uDX8cGNLRkMaGvqsVHo+nkKBMLBn0Viq7mozNnNhioslq7XgdOGPR6rIpeaNROErbXmcKnF+rrXOjvZjvb9qWj9dNUrxrUnclkB9rFdfva8m5V+KBxyISpbBPRSVVkbI13OjLAZNBTiwKN2tlkIudpdoUt/67O174OXTsu6rV4Qyzraubxdnzb0Tauzwm9NGqnAabO5tdkMFDbKt3iDQtJPTiODW9Gg96AQqNu0+87n5/G/t3xfurxOS0mTHjh5+1ZzrraH4QQQgghbhYSYBFCiFvckU3J7LlrDrHyjb6NpZzViTk8uGJFh9eV/jbsz3ic9MJRLgNiQgghhBDi5iQBFiGEEOImcrIwh93fBPHLWaM7PFpGCCGEEELcOBJgEUIIIYQQQgghhOii7jc6A0IIIYQQQgghhBDfdRJgEUIIIYQQQgghhOgiCbAIIYQQQgghhBBCdJEEWIQQQgghhBBCCCG6SAIsQgghhBBCCCGEEF0kARYhhBBCCCGEEEKILpIAixBCCCGEEEIIIUQXSYBFCCGEEEIIIYQQooskwCKEEEIIIYQQQgjRRRJgEUIIIYQQQgghhOgiCbAIIYQQQgghhBBCdJEEWIQQQgghhBBCCCG6SAIsQgghhBBCCCGEEF0kARYhhBBCCCGEEEKILpIAixBCCCGEEEIIIUQXSYBFCCGEEEIIIYQQooskwCKEEEIIIYQQQgjRRRJgEUIIIYQQQgghhOgiCbAIIYQQQgghhBBCdJEEWIQQQgghhBBCCCG6SAIsQgghhBBCCCGEEF0kARYhhBBCCCGEEEKILpIAixBCCCGEEEIIIUQX3X6jMyCEuDVcvgxnDVfQGxuoq2/gtu6g9unGgIDu+PtILFcIIYQQQghxa5MAixCi0+ovN1D4+WUKyqwcOXMF62XngZRBAd14MOQ2ZtyroI9Kgi1C3CzeP1HQ9LOi++38dMjEG5cZIYQQQojvuG4NDQ0NNzoTQojvlqtXIf+Ilb/8y8LFmm4eH9e9+1VmhXvxxIMKfLwl0CLEjTY6J6rpZ9/blHwatfkG5kYIIYQQ4rtNRrAIITqk0nSVlR9YKD17FfA8uAJw9Wp3cosvs7/8Cq9EeROkue36ZFIIIYQQQgghvmUSYBFCeOxM5RWee7eOykttAytKLxg5oDsD7+hGT2V3rFcaOH+xgWNfXkFf3XLfc9UNJPytjs1P+aJUdCxII4QQQgghhBA3IwmwCCE88rXxKs+8W4ehVXClf+9uLBiv4MEQBd6Ktsc1AP+nu0L2Xgv/rrDNSPS6rYGXHlVKcEUIIYQQQghxy5AAixCiXZcvw8u5bYMrj4TfzqLJXnjd7jpQ0g0IDbyN1b/w4ZOjVjI/qScpSknYQHn7EUIIIYQQQtw65A5HCNGuLQfqKf+q5bboSAW/HOflcRrdgIdGKHhwmAKl54cJIYQQQgghxHeCPMZDCOHWxZqrvLPf0mLbQyNuY14HgiuOJLgihBBCCCGEuBVJgEUI4db2Q5exXm5+q/BXQuxD3h18fpAQQnTN519eYfGbdVwwXr3RWRFCCCGEcEqmCAkh3Pqk9HKL339+vwJf728/vHLlm0ouH/8/GgyVAHS7ow+3D/sht6nv6FyClq+4avw3WOxzn7z70k01mm7eGklP0vvOpfel4Qrl569iNDfg692NkP7dCVRf28egX7VYuKwt48qXZ2m4bKV77ztQ/HA4t93R55qex5U/fFzPF/qrxG02kz5fSR+VfEckhBBCiJuLBFiEEC6dq7rKueqGFtseGvHtvm1YDh2k9p1NXD5yqM1rVwHve8Pxmb8Qr3v/y6P0rn6ziysnV9OturDta1eh2x2TuG3wMrqrJ0p6kt5Nn17RF5fJ3mNps0YSwIgB3fntQ17sK79C/pH6pu2r5vRgcB/Pgy9XjdXUbH6Tun/k0c1c1/I1wGtMBH6/WcLtg4M8TrMzkmd7E7fZzPmqBgmyCCGEEOKm1K2hoaGh/d2EEN9HhZ9befX95huz/r268fZTPt/OyS/XY/xDKpb8Dz3aXfnTR/GLfQ5udxEAulrPFW0sDeff8ii9bv1/zW0ha6Gbk2dPS3qS3g1Or/5yA2n/MPPJMffTZby6X2XQnd35wiEAkxmt5J6+tgDL6Jyopu2+tyn5NGpzi+Otnx+j6qXn4OI37jN8mwK/ZUkoJ051v18XXTBebQqy9OvVTYIsQgghhLipyAgWIYRLX7cavTIowLOpQf976jL/e+ZKh841cuBtjBpsf0u6epWqV5ZhLdrj8fHmv7/P1YsX8X95NXRvdcPVcIXLpXPgm488Tq/h3EYuW7/m9uE5kp6kd1Old7UBXt1mpug/7a9FUn+1ZXClI6wVX3Ax4Sm61Znb3/mKlerk5XTr4YP3/eM6d0IP9FF1J32+UkayCCGEEOKmJAEWIYRLddaWv/t4eRhgOXOFt/debn9HB4ZRDU0Blpp3/9ImuNL97mH4zPoFimE/hIYGrNoy6ra9y5WKE0371O/7lJr3NuP7iwUtjr1ycnXbm1vfkXQf9D/gFw400GAspuHMH6DmWPM+F/K4cub33Db4OUlP0rtp0ntnX32b4MrggG7Mvl9BcL/uXLkKR05fIedAPYaaTq6XdLkeY8oLLYMritvpMXs+3pOm0V19B1e+PEvd+znU794JQPduDZjWJHH7pq3c1qtX587rAWdBls3f1sg6IYQQQgg3ZIqQEMKlvxXVs3F3c5RlwrDbSPq5st3j3vqXpcMBlsk/vI0XHlFy5ZsLGOY9Aleaz+s941FUv3Uy/efyZarTV1G/Y3vzNoU36i153NZLDUCD+TzW/ffQvaF5qlO3fjHcFrIOurdKr8HKlc+fpOF8dtOmq917oIj4D928+0h6kt4NT6/SdJV5GTVcaWgesfHQiNt45idKbm+1rEpVzVUSttRx4uuW2z2ZIlT3jzwupa1szppvT3q/vh7FPSG0ZkxfheWj95t+V86ai99TcW32u5ZaTxWSAMv/"
20:58:39.358 [Forwarding screenshot on session f38f5520-bd02-11e6-b34a-8d0186b048d8 to remote] DEBUG org.apache.http.wire - http-outgoing-0 << "Z+/e46Is8/+PvxhOI4KgiJJgSuiaKYtoppZptmjl6mpKW23Z4atpWWrtmta6ufv10Kq5bWhlmW6Z+u0guvTDdTPZDEPDFNDwxAqigYZOKAjiMMLM74/hKDAcxmO9n4+HD5n7vudzX/d1H2buz1zXdYuIiMi1QG1qRaRe/t41f/0+caZp3X6awr38XtP8eVyN5IrbzT1oNW1m3WOruLnh+8LLGLp2q5p2oYSSLzZVvrT+8EGNm1ta9cO1+9LaN7cALu643vwOePeunGSwnseau1rxFO+aiPev1NIayZWu7eEPv66dXAHwa2ngz2OMuNL0xxqbP6859lGrqTNqJVdKT+RQ9G40JV9tqTH9/L//ibX4XJPX2Vh1jcMiIiIici1QgkVE6nVTu5qXiMyTVs6VNNzo7a7ubsy+38Phv7F9a95g+nrZkzklu76pMd3rd0/WHtOiOjc3Wv7uyRqTLN9WxbD9+EWNeYbOM8HFwRNUDG72Zaqx5lXFUDzFu5rxvsmo2W/v4ds9cHNwegS1ceXOm+sZeLce1vPFWPZXdVVy8fPDOGRY+UwrJd98zZmXp5H32BjOr1sL54qq3uvqimf/QdjOFzdpnY2lQW5FRETkWqYxWESkXiEBrvgaoaBiGAYXAwkHSxney/ENW+cA1wYfA5txsqTG6+A29psk69EjNaa7RzT8+GXP3rdRWO31hWNVMazFB2tkkl1aD2kwnsH/7hq/+dvOHVA8xbvq8WzAsVNWqv82cmtIw49bjghx5atDjW99VvbDcQwuVYlUt9BulJ3Nx/zvOMwbY7CePGkvZ/UytwvEOOJ+jPeNwrV1m0avqymUXBEREZFrnRIsIlIvgwGG9HAjNrlqPJVPki4w7JfuDn81b4gN2HG45g1f9w72gGXni6tu3IwtMLRoeGwFl5be4Ope1bWoqOoXdS6chfKeTlaXlri5tWy4gG6+WF08qrp2lBYonuJd9XhlpfanAlVwd7PS0tjwidimZdMGurUV12x9cuHQfvJ+OwIXa81xlayAR98BeP0myv7kIEctzS6BV9aVKLkiIiIi1zR9OxERh0bf6oat2u/pOadtfPKNxcE7GrYrs5SjpqpfyNv7Qud29l/iXYwtKqdbz5uxWkpqvf9i1uJzNcZtcWlRFQPXaje0tmJsZQ3Ho7So5rgZrt6Kp3hXPZ6rGzXGU7GUgqW04S57jenWV53LxUnNc0U1kisu3j60+O2j+H+4gdZ/jcZzwJ2XPbkCMO1eD7q2Nyi5IiIiItcsfUMREYc6+rsyPLxml6B/fFXCjv827SlBFc6cs/L3f5trTBsR4V7xIz/uHTtVTje42Liwb2+DMS98l1rjtaFTtRgtf1H1NzZs+YkNxrPmb6sZz6tqEF3FU7yrFc8F+/lYwQUD+3Ma7vpz4HjTBrl1vaEDVlvtVi9uN/fAe+ZfaPPJJrwnTsWtQ3CT4jqre5Ar74xvoeSKiIiIXLP0LUVEGjRxiAdtvKv9Cu5i4C8x59n83YX631SHH85YeWG1mVNnq27eWnnBqN5VvRXde99W4z3nP/kQHD1N3mrl3Cera0zy7NO/qqj+kTXmlR37G/ZOSvXHsx77W41JLm1+pXiKd03Eu/WmmmOufJpkcRSNgmIrW9Kalgw1eLXEo0fPGtOMYx6m9Zvv02LocAyenrWLfe4clgNpTVqPiIiIyE+NEiwi0qBWXgb+MqYFHoaqX8LLMLBoo4VX1p0n65TjX9HNF2ys/9bChJXnyT5d83bwD/d51hhHwnjfb2oM8Hkh+VvOffhe3UkWm42ifyyjLK2qBYvV1RXjsF9Xvna54Qms1S51LmfiKTsyl7pvcm2UHZkN+V9XxbO5YbjhMcVTvGsi3ojeNbvsfXvExv9trzvJYim1sTCuhPNNy4MCYBw+usZrc9wGLhzaX+eyVrOZgvmzODN1PIXvvIHVbK5zOREREZGfOte//OUvf7nahRCRa1+7VgZ+cYMrXx+8QFm17gPZp238v5RSdmWWkptv5cw5G6ZCG1kmK7uzSondbeGNTRa2H7ZSelEeZvxd7vw6omb3I4NPK2xFRZQerHpM7IXvUrCkH8DVvy0ufm2wXbBgSUulKHoBJVs21Xi/12/HYRx0d+VrF/fWUJoPZ3dWLZS/jbKzybh43ICLeztsVgu2M19Teug5yK3ZGsbQ+Q8Y2t+veIp3TcTz9TJwthgO/VCVZEk9ZiUjt4y2Pi74tjBQcsFKclYZr/4/M2nZtVMvIyLc8Pe2J33e2/9p5XQPgxtP3DIGAPfOoZTs+ArbmTP2mdYyzFs+B2wYWvuDsQXWwrNYvtnG2b++QtmBfbgApQfSsGxPwPO+kbi4ahx9ERER+Xlxsdkctb0XEanp0Iky/nfD+RrdfJrKhpVnIz0Ze5tHnfOtJSUUvDiZ0iZ2OXANC6fNa2+B20Vxy8yUJg+DwqSmFdR3IG69PweD4inetRPPfMHGH9ac59APzfv4fud/jHQNtHc16vtJVOX0lq5GvopaU/m69PujnJ76P7hUfypXI7ScOhOv34xtVtlERERErmfqIiQiTXJzB1eWj/fiN73dwNa0wTMBgtu48MajLepNrgAYPD3x/Ws0brfd3ui47gPuxG/+G7WTKwCuRlwjNmJrc2/jC+r/a9x6/b/aN8uKp3hXOZ7R3YUFDxmJ6NyIj3CblY5tmpcMdbuxM60Xv4NL2/aNWt5mcMP797OUXBEREZGfLXUREpEm83R3oX8XN4b+0h0DkJtfhvmC45u47h1ceHKQBy8MN3KDX8M3hi4eHrQYMgzDDUFcOJIBRYV1Lxd8Iz6Tf4/3+Mm4eNSftHFx9cS1/YPQIgTbuX1QeqbuBY1dMPzidVy7zgND7cE8FU/xroV4nu4uRPZ0p01LFzJPllJsqX3+dfB1YfYYI2U2OHSiKhk6qo8brVs67iJUwbWNP8Z7RoC1jNIjGVBae8BcK+Ax4E58/7wAz74D6i2ziIiIyE+dugiJiNNsQNapMjJPWsktsFFcYsPVAL5eLgS3MXBzB0PlDV3zVmDjwuFDXDi4D6vpFACGdu1x794T9y7dwKWpv9DbsJ5NxVawE0qO2yd5BuPi2w9Dq16A4ine9RPPaoN92aWk/2CloNiGt9GFmzsY+OWNbhhcYFGcmc1pVQMgffRsC9r5Nv18tJrNXPguhdIjGdjO5oOnEbegjrj36oNr23ZNjiciIiLyU6MEi4iIyHWo0GzD4GKjpafjZMkz/zjHf3Ptf7u6WNk0wwc3V4dvEREREZFm0BD/IiIi15H//lDGZ8kX+HLfBUbe6sHkyPq7Eh0zlVUmVwBu7uCm5IqIiIjIZaIEi4iIyHXi1FkrT79fjAsGwMD6JAtd2xsYGuZea9niEiuv/aukxrTB3ZVdEREREblc1EVIRETkOrJ0cwmxyTUHm43sYeDXEe50aG3gvMVGWraVj765wIkzVR/xrbxgzTMtGuxSJCIiIiLNowSLiIjIdcR8wcYf1pzn0A9N+Pi2WvnfB1owsJsariB2XhIAACAASURBVIqIiIhcLvoZS0RE5DpidHdhwUNG+nRu3NOGDAYr00calVwRERERuczUgkVEROQ6ZLXC5rQL/N+Oml2BKhhcrNzxC3eeGORO5wCNvSIiIiJyuSnBIiIich2zAUdPlZF50spZsw0PNxcCfV3oHuRKS8/GtXIREREREecpwSIiIiIiIiIi4iSNwSIiIiIiIiIi4iQlWEREREREREREnKQEi4iIiIiIiIiIk5RgERERERERERFxktvVLoCISFOY0//Jsy+vpv39s3h1XB8nIpWwbc13rN1cgBl3+ozswsTfBmF0Il78yu9Y91UB+Hlx3xNhjO7j40T5qqR9msTib31YsrgHvs0NUpDLO8uysbSoeFxvGWaPNkx6JrTZMY8nHSJ6ZQ7HzK70uacLkx7t2LxY5jzef+MIhS1qPkrYfN6d+54JI6xZQUtJ+vQ73o87jdlo5K4Hu/NkpH9zApWrOF5OY/bz5f4nejR7/6at2cGKwk5EPxNUNdGcT8wb+4jbbcavW1sef74XvQOcKO71oiCXedMPkk0LJi3uT+/yfZ0eu4tX1xfRY+wvmTHamf0G"
20:58:39.358 [Forwarding screenshot on session f38f5520-bd02-11e6-b34a-8d0186b048d8 to remote] DEBUG org.apache.http.wire - http-outgoing-0 << "mPOI3wmRg52MIyIiItIAJVhE5PphTuOPUWP4xz7oefMzvNrsQKWsfSqOGZ/ALaMCuOnHPBZOMPHFoVvZOLtzsyLGTv83zy4v5ZZRAbRJPMGzq07w/RfDmdrfq9mlBCB9PxMm5pAd0oEiaHYyxLTnKHNfzakxzTbMnUnPNC9e1qYdDHzoBLY+foz0LyB68k625cDGlzo2PVhhIf+34BgHrDUn2wxu9BwfRlgzype04AvGvlpM8DB/bs7J5U9jcsn6OJI5w/2aEa1q//oN8+fWnByeHZLDf+OGM2Nw0/bv8fhd3Dv5BMFTOlSbWsKS++NZuB0iH/cn/q0M1r11hs25Qwhrfsbv+mAxk7AujwNW2ON7mJ2LuwKQvesk8Z+ZOdS+0KkEizn9ECP77ePEhAj2K8EiIiIil5m6CInIdcGU/Am/u/mX/H2f/XXzbpPLFfzAB+sg4o/92LJ6MO/++zdEP2gg5fUcspoVL5u3VpQSPOVWtqwezCepgxhhgHdjfnCmlEA+854+SI4V8DPg4USkzD2nsRkCSDwbxfHyfydiejUzYVPI+7NOYOsTzK6tkbwbM4J5wyBlwTGONydcQGe25FeV68DWLgD0fqkPw5vViqOY+E+KsQ3rRkLMEFZtjeSR9rDin7nNCVa1fyeGsz9mCKu2DmfmMHjjL4coaHSQUratTOC2MccAaFVtjjntvyzcDlErhrBq6RB2fH4TLtY8Vn9Z2LzyXk88wLP8z5zle3knrdQ+2dP+9aSVZz3va6SS3HwOWKFDK2fOHhEREZHGUYJFRK4DOfx97EN8dOwShfP0ZPBIP8YObVc+wY3gjh7AWbIbf8dcxdePF/7WhfmPBZdPaIHvJejesW3BDt5ONTJimAHynYlUSs6+YhjggyUnj5TkU5jMToQz5bE5Cyb/5ZcEmYs5brIw4rVBbPy6J0ENv7sBhSydkIGtfSBLm9MaBoAyLEVAa/fyLl8eGL2BM2aas9kFB3M5YIWxUTeWT/FiyH1+kJrL3sYeL6ZjPPyCiYjHA4kwwNlqs44d/BGbwYeHf2NvYeHbvyvj28O/tuc1o7TXtzlTd2Oqa4bpOLOjYglqFUNQqxgenJ7GcSBtTQI9usbSb8hWksxA+n5GRMTSr+tGlnywi2Gj7K229q/exdCn0pqQEBMRERFpOnUREpHrQFvCf/c//KXv84xv8y863vWyc+GM7fjT6siq1wXHWfa6GQZ04bZmNenwYfj4XkAp8ct28N6nJ0g8CfMe79TsIpqT9/Dwq8U8+nEkDx1OJG5vs0MB5zm0G1wyj3D3LUcAe/eblz77FVMHN30cEdMBEzlWSFvxFUEji+3xQv35MO5OZwoJQFZsCssy4fm43oQ0O4oPj8wPYOWEfQw1n+Sm82fYmAnPv/GLZo2x49na3g2oqKiscto5kwWwUmRpZJCATiTuvYGQEA8WJcayqtqs7L0FEBJIaGXhXPEOBkrKasf5iXNJzmFebD6P1zgP85hx+zesPQnBd/hxs/ks8cvT6Vtg4Mh74Yz9Wzwrk/OY9lQivXJySc2E4Ik9mNjHzNqKuCetnDhjprG7S0RERKQ51IJFRK4DRh58dSV/vj8MT0oubWhTNpNu/YYtGHn77Z5ODHILUETGgRKM/vbc9Vf/ymlg+fqcYuavMvB7PJxFw/2wlP/s3uxODgVnyQYGTunOt6eiOHBgAI9GlLJg1E5SmtWSxX7j/3WcB+9tv4dvt4cztCiPx4Z827wuVpXyef9FE7Y7bmJSE8c2qamYtL3nAPA0umJsYZ+amXGmWdGM3YLsXYyivmTJp0eJXZbI2FftiaXG7xM3QkK8AAsWwLvaHG8fN8iyVrv596L37W6c+Y+p7tYcP0G2YZ14a66949+6F3cTm1E1z5RwmLUnwWbwJ/rDSN79RzgRBmDdMRJNfsyJC+cWA+R8lsvGZLD16cDHi7tiDAvji8/srcpumdKP/TF9+TmMGywiIiJXjxIsIvKzZUpKo1/XncSZfFiRei+jQ5xt1OfH00uHsCpmNKumG9myYB/bmtEnISl6NzFWuDXIzNo1aWz4zgIU8O6yQ6Q3JyHiG8S7qVF8Mr8HQUbwDQ7ixVkdgCJymzPMxwX7fw980I/hYT4EhXXl1ehAMJ3ioBMZAXPyUVaehAl/6Nr8pyUBZH3PtKXFRK0Ywsb3BhK9ejQf/dGLuD+kNmt/gB+Ldg9k8shSFk7YzeTlZqZN8QNKL0mLiKLCUgioPsZOMUmbSuk4PPDnkxDIgyHT+vFIe3A5mc/KVcW1FnGx5jE2NIbQ8FRSrVCRrCK4K3NfqkrIPfpiWGXrp6r98/NrDSQiIiJXnhIsIvKzdDx+F72GpVMU2Ynt+fcw3JnkSs5RHvSL5Z3k0spJoTe3BEob34WkhhYEhxo59EkmS/6WydovrLicLOSN13M405wGPDlHeTxiI+8kV73ZUmTPkjSnVUxAeADBF396WMqaHa/Cni052Ax+jB7o3OOtTd/bB6zp3r0qTRM+wJ4Qadb+MBcS+3+5DPrraPvgwKmRDPI0A23pfgkyIKF9W4Op+nguFkxZUPSz6iJUhgUf5nzcpd4lbAZ/1h8YyZ69A3hl7k3MX96LcB8g6xDTFlQlZNb8bidJFyfSPF0RERERudyUYBGRnx/TUSZFHcNmMDDp0QAOxh4mNvYwMZ9mktWcFiJtjRgpZc70b0nKKiYr6RAvTcyDiCD6NuMGvP+0IexMHcHO1NHsTB3N+ulu2NoHc/BwJP2b07SjrRFzlpk505Pt5Us+xO+fMEFEEOHNSRAE3MAjA2DdEzuISS7keFomf3zRBAM6N2t77Ur4NsEMkW2rjUXSPAH9OhNpgDlTv2VbVjHH048y+/kTENCuedtrtPDvlzN46PldpJmKSYtNYuxiM3f+NcSJcWKqhAzpRA9KmTZ9D+kFhcTO2UmMFaY8HNzwm39CLICxTy/em1LzAAgYfBMjDPYWLPMWpvL+63uZ+8oRZk3M4rQxn9lj9pFjhVsmduKRO8DFms+Y8XvsA9pesD/7e//qZEY8tedn0+VKRERErg4Ncisi1ycnHt9q2ptLqhVcsLLwsd2V020GLz6+J5SQpt7gGwN59fNu5N2bztjwE/ZYdwSy4b2IS9LFw4IbBLs2vzuKMZDXP+vCpFEZ1crXgY0fN3dMCi+mfjyQHx9KZNqQzfZ4oQF8/GFzH/sMUMbZXOh4v79z3YMAjIEs/k93nnvoIA9XbG+oPys29mnmU478mf1ZF/aMyuDeUPujrCImdufNZ5x/ZhIAvp1ZHnOaEVEZ3P2JffCRqIUDeLqPk88ovs5UtH4a/sqtjPg0kY0nwdPHFWjHoq97kj9mH4mrckgFbO19WLLhds5Ff8XKTLC1D+D1xX0JS/ciod9Bcr7IYPanHYnuG0CE4QSpJ0tJ2e3Mo7NEREREGuZis9lsV7sQIiI/DaWYcs5j8fQgKOBavDm+9OUrMBVjwZWAa3l7cSUo2JlBcyuUcDzHgodPCwJ8L8PvE+YSTIVl4OFFgNNZpp+i5u5P+/s82vrg62TrKBERERFHlGAREREREREREXGSxmAREREREREREXGSEiwiIiIiIiIiIk5SgkVERERERERExElKsIiIiIiIiIiIOEkJFhERERERERERJynBIiIiIiIiIiLiJCVYREREREREREScpASLiIiIiIiIiIiTlGAREREREREREXGSEiwiIiIiIiIiIk5SgkVERERERERExElKsIiIiIiIiIiIOEkJFhERERERERERJynBIiIiIiIiIiLiJCVYREREREREREScpASLiIiIiIiIiIiTlGAREREREREREXGSEiwiIiIiIiIiIk5SgkVERERERERExElKsIiIiIiIiIiIOEkJFhERERERERERJynBIiIiIiIiIiLiJCVYRKRBBcn7mTRuK+/E5zte0JzHoqe28n5y8ZUpWHNds+UsYe30q1uugvSjzJsSz9CIWPoN2cSkWSkk5VzZMqR9msTj0/dT0OCSJcTM2sq06KO1Y6zZwaQ5hzE3EMGcfohJ43aQ0vDKrrgrtS/M6YeZNi6JtDorq5iYOVsZGrGBoU/twXQZ1mlOP3zJ98Hl"
20:58:39.358 [Forwarding screenshot on session f38f5520-bd02-11e6-b34a-8d0186b048d8 to remote] DEBUG org.apache.http.wire - http-outgoing-0 << "iCkiIiLSECVYRKRBWz5IZ+NnecyZf9jxDVZhIavW5XHwTNmVKlrzXLPlLCN9RR57Tl6lcmUdYli/3SxblU+bgW3pHwwblx5hTM/NxF+qO+tGOLk3ly0rCihqcMkyDm3KY92bJzh+cYyDp4h73UReAxEKs08TF5dLrqXZxb08ruC+KMw2sS7uBNmFteeZEr5j2uI86NmaiNCW+FyGdRZmmy75PrgcMUVEREQa4na1CyAi17iCbD5YbQXAJfkY69MieDqs9qXDDBh93OkAGK9sCZvkmi9nAPi29ADAbAbjFSxk+vYfyMbAkl2/IaqbfR/PiE/itjE5xG3PJ3K03xUph4cnEOKON4C5FIz1f1R5+AEY8KgrRkDt6bW4G+p8/9V2JfeFj7c79dWBhyfYDG7MXT2E/pdsjRet090AeODtA1DKJflqco3uVxEREflpUwsWEXEoPS6DFAzMi4sg0gBLV2XVmJ8Wm0Q/vxhCW8XQ776dHLCCB5AUHU+HITtIr1yylJgpG+k3ZT+Qz9pZ8QS1iiGoVQwdum5k3qe5ABQkpzG06yamTama/+D0/ZUtZ7Li9/Bg1/L3+cVWvg9KiV+WUBUzYiux6SUNlvNi5qyjTBuyodq606paRxScYtG4jZXzRkzZQ0VtFKRnMuO+2Mp5Pe5LYFN6KQBJ0VsZOi6BByNi6OC3gXeSS+rdDg9vSInbxQi/GELbxdBjSALxWaXN3X1NcibnPPaPhaoWNEGRN/PKxACCsDRYB472a1PqANwg6zhTo2IJahdrnxd7qv6C+7nWalnh4VH9Jt3xsVHBfuxt5PFxmyqXnRR9tMFuRpeDs/siKTqeEVN2MTtqQ1X9xla05ylk7fTN5dM3EPXyMepKapgSdnHLsBxcrKWM8dvAooRix/vf4bHheJ0uVjNvPbWJoFaxdPDbwLRq9Z7y6S6G+sXUfU6ajjOv2jprzKtUzPtTNtGh62Zir9C5JCIiIj9PSrCIiAPFrFuZByEdGDM4lPvHGTiz4jDbysc1KEhO4d7Hcmg1rgtxW/txD/aWLhag191tcUk+wbr48vFETMd4bbWZXv0CiZ0Sz4tvnWXmhwP4fHs/nr+rlLcn7ia+ACxF5zhwsph1qyE6bgDRf/QjcflB3k0ohqz9jIjKYF94MB9tH8j8CW4sm5DIO2mlpCz7D4/PNBG1MILPt/djQmAek/v9h20mx+W8eHuXjNnNOmMH1u+KZP2KDiQuT2fSslygkHl3beONOHcWxQ0kbkMXSlZncMe4NMzkMrFfKmvMbVm1dRBxG7oR8o2JCc/vowCwFJzjwGcmTt/agckTOnKbe0a92+HhB6nLc7nlbxGs/7gLHVJNPDb74BW5ye//YFd6UMq0vnH0u28r86LTiE+GpxcPZsbodg3UAY73axPqAAy4WEs51PpGPvriViZHWnn7iW/r7RrjknyMabOSmD1rh/3fnB0s22zG3gQGh8dGdfZjz8yWpBa8t3UQqxYGsPGV3cz8tIGxhy4DZ/eFpcBM6qpjbL6hMx99EcGEAaW8/cRuksywaVYCM5YXMv7tfmyMuQlTat1lCOjVlbfm+gMw+c1wRt1S4mCdjsvTmHV+neTBW18M5O2XWhNTXu8FSUmMnHAMz993J27XIN5bGEji8nSi4wuBfGYP+4a34wzM2zCQj1YEk7g8nTFzsssjuuHhUcz74zbxp1XFvLTidkaHqOGuiIiIXD76piEi9TKnZ7IsGYb+vTO+wB1RHXFZdYyVMacYNL4duzZ8j80QyAdLexEE9I6FbzrtBMAY9gueCc3g7VVZ/CmyB2kxGWTjRfRIX1oGhvN2VBtGD/bFlFNE796+sO4clmoZj9d2RhLVDRhsJG7BVs5eKGPbJ1mcwY+NMf3pDQxaPICSVse4xbuQTcsLsd3RiclRN+BRBE/+uQsrh2UQv7cYy9b6y3kxC0BGEXsOFnLPkF58ub0LHoG+mJMPsiwThi7sybBbWmLhF8x86QSPLcjky+zOPLW8J8/2DWHQDXD8ByvDRqaTklRcOY6IzRDA8vduJwTYtmBjPdtRxrZ88JsYwaLxoQC88uxRHvq0kDwg6NLv4ppCurLlsC/vr/wv6z85xbJX8lhGOrb2fqz44i7uPp1Zfx2YuhM6qv796tGEOgArNkMgG97rTRBw2/Rc3o7PrbfYNoOB4ymna7RcMOVQnmApdnhsdHevHW/+xiEM7wb0acMr/y+WOe8fYc5ve+N7ySq6EZzaF2F4AzZDIB8v7U0IEP5nEyvuzeV0YSFJn5rxm3Ircx7tCHRkwwdF9H3ix9pl8PVjSL8W2AxGBo0MpVPGnnrX+Xl8mYPydG7UOudvjGR0N6B/W75PiGXBssNMX92Z6BUBDPhtKP6mYlre4o2fobx7X46J9Vkw+bO7eHKwFxBIHCl8i4ES7K1iXrzrc7Kz3Hht+308EuZ5efeZiIiI/OwpwSIi9Ur88BgA8S8kEvRC1fQtb2ZwfHw7PDzdgLKqliC+7RgcAGcB8OKBl/15e2IWSQU3Ev96Ia3HhdPf142C9vDm1K08m1xtZQZjZZcdm8GN9m0qZrSga0VMSymEeNOx8k3+PD3bHwqOszILXDKPcXfosRrbkL47j0iH5azOiykfhnN46l7mPraTuYAt1IfXVtzJsDP2NiTxM7+h18zq5fbCw+hDG8tpnonYR4612rw+FWNAlEKAZ0WDivq3g2K2FcHA26qNr+EJV2osiay045zxbsuTLw3kyZfAXFDMnq37mfbEMSa8msHeBx3UAW7c6HC/NrYOYBulEOBWuc2FtXvz1BTSkbX/7lsjAZI0ZyNjVgMFZzjs4NhgQO1wrVtW/OVGr8FGWGmmCK5ogsW5fQGU12FFfVvK69Djxzw2m2Bgd6/Kt3h4Uy/7+0qxWKDQwTlQlu+gPI1cZ/V6v22wEVZewNDWyI9fp3DbhNpNXkyHTJzByKBeVXF7/7Y3vQFTgr0VS06mFRespGefByVYRERE5DJTgkVE6pHL6rfM2EbdxMY/BeNeZAVvdzL/uZtnXz3B2qQSepeUAq7Vbv5/JMkEvctfdbunC73ZybzpO0k9Ca9MvBHIZ/6de4mLCOTjXeGEd/OBhCS6j6q/hUJFYsRSAmSVcBoIAKCY96fv5PjAEDoFgO3ecE4s7Wpf2JxPbEwugXe0o2iF43JWKeZgNkxbPZpVPkUkbc/m79PSeXHCfvovcwXgmbjh/Gmw/YauICubjdstBB/Yxa8mn2Dg9J58/D83EhLsxabpG5jwn3q2p97t6IIF8G3Tot66uHyKeX/MN6wI7sTBrfZkhdHXi/6j+zJ15DFe3J3P2fH110F3n3zmd238fq2/DnowqMllL6uVALFQPtaGbyuHxwbf1xyxw2ao2XM2c78Zgo04yEFcBs7uC8isL3RbPwYHQMLBqqyVh3vjvgp4eNe/zh4Bp+svT0jD67QZ3PCuzH+UsifBDMHuJC/6ijmrYfaGgYztG0gA2fTrtBPcXfFp44WL9QR7MkoZ1MceL2VlItFH2jJ7mH1fLkkdSsnszbz4u0T6Hx7B8IBGbaqIiIhIs2gMFhGp0/FNR4i3wuQJN9O7WzvC+gQS1s2f0c904xYDrFqZQfiwIFysufxxwWGycvKJmbWP1OotOHw7MnmCG6mf5GPrE8zIME/AQgFAsDehnVpQlHaYqaNyALc6xkSpqe/IG3GxmvjDrENkmQqJX7aTPy3PwyPwBvr/1g1WpzEvNheTKZ+1cxN5dvI+tp2m4XJWOs/7v9vLiHHfklToQfdftiEQINRIUP+bGGGAt5/fyaa0QkzpR5kxbCcvPpfFmfIbw8Cb/LihrStJn+7gqeVWqPGgF2vl9tW/HRW38Rc/prnOwl5iXjzwkh8uyce4PWoHsfHHSUnO5v058cz4DHo/0ZFQB3Vw2tiY/dqYOvCttawjFcvU38LHx+GxcTEXq5VZL+8iJaeQpDWJzPgMRo7vdGW7Bzm9Lyri1FWH3tx2r4Hst5J5J/4Ux9OPMvt5+35yxAL4OljnhcGOytPwOl2spTz22C7ScgpJWvMtc7fDyPE34VcC0IIbQ1vjY8njnenJ5Fgh/cBZjGEdiTLAgglJbMsq"
20:58:39.358 [Forwarding screenshot on session f38f5520-bd02-11e6-b34a-8d0186b048d8 to remote] DEBUG org.apache.http.wire - http-outgoing-0 << "JitpPzP/kMvuEndaAWDAr40Pj7x+K70xM+GxFMePmRcRERFxklqwiEidvvjoBLb2ATww2KvmDN/OTBq3h6mrj3Fw8XDWLyxm7My9xL8KtvZGWhsAXCsXv/vxUFiezsjxXcvHEGnHk38LYOMLGdz2WQYAkRMDaL3CRNLeQu7wduXiS5MH9scr+/bvTdzbxYycvI+BS/cBMGLurUzt74mx/6+YfTaBuY8lsqz8fVF/78eMPp5A3wbLaefP7M+6cGRUBmNvOQGALdSfD1/rjhE3ondGYH4olafu2Gyf196HJV/fyYAwCzNHHWfh5ERiJoPN4MUDj3uxbvVpDhZg355g98okgKPtWFy+rVXcwLuOgUIug7Dxd7HKsp1pL5/g2S9OVE6PnB7Okmn2vVdfHYTh6XC/RjahDr79ouaydnV9XLnS1h+ocwxat8pBbofPr//YMCXUPt7Yd4yRt9i7Ew2c0pNFj/o3XHmXmHP7ArZRXx26EbX0bo7kf8XcMduYWzHL4Oj3Fje8PQD8He7/+ue5EeZgnR6e5edhxjHuraj36eFEP+oP6Tdz51v7eCo8DoDgYf4MbJ/H1ztM8EwYC3eGkz9iLw+HbwLAb1gwH88LxWPPafv2WoCAziz9IIeBjx3hT2uCeffRdo3eDyIiIiJN4WKz2WxXuxAicp0zl3D8Rwv+wT4YG17arqCY44VleLf1wbfRb6q5Po+2PgRc9F6zqZi8knriNrqcpZhyzmPx9CAooPa4DaacQiyergQF1Ew+FZgKKaL29OZsx9VVisl0HkuJK95tvercP/XVQZP36xWsA4fHBmBKSCJ81I98fGwEt1kKKfTwIeDKNl2pgxP7ogH247XuY7whjtbpaF5D6zTlFIJPCwJ8az5m25Rzvo7pNefXd76KiIiIXClKsIiIiACm+B2ER+Wy4vAYjdUhIiIiIk2mLkIiIiKAT2gHJj/rRccr8cgmEREREfnJUQsWEREREREREREn6SlCIiIiIiIiIiJOUoJFRERERERERMRJSrCIiIiIiIiIiDhJCRYREREREREREScpwSIiIiIiIiIi4iQlWEREREREREREnKQEi4iIiIiIiIiIk5RgERERERERERFxkhIsIiIiIiIiIiJOUoJFRERERERERMRJSrCIiIiIiIiIiDhJCRYREREREREREScpwSIiIiIiIiIi4iQlWEREREREREREnKQEi4iIiIiIiIiIk5RgERERERERERFxkhIsIiIiIiIiIiJOUoJFRERERERERMRJSrCIiIiIiIiIiDhJCRYRERERERERESe5Xe0CiDhWwrZP97P201z2ZFpoFdiCiMHBjH++B92Ml3e9a6fvwPJwP57s49X4t5lPMe+p/YQ8349Hqr/PfIpFU/YT9PRF03+CCpL3M+ONU0Q8HsHTkX71L2jOY9GU7wh4uol13ND6s3LJdG9L72A30j5NYvG3PixZ3APf+oqRfphp80xMevN2ete3UJMLkcu86QcxGaty2J6e7gR3b8/Y8aEEXaLV/GzUVZ+tvLh9zM2M7uPjROBmnueXSUrsHt5dc6L8WufN4N+EMOmZUAIaeJ85/RDT5p1u3DFsLiTtMISF+TTq/Lh+lBAzJ4ktJqj6aHDFN8ib4Q92p3+IZ53vuZb2/+VwPH4Pcz45g9FY+/c0s9mTSYv7X7rrnoiIiKgFi1zLillyXxwPTzhCXCYMHt6Om1qeZ+2rBxkSlkCa+XKuu4z0FXnsOVnWtLcVFhMXl8feM2W1pq9fV8f0n6AtH6Sz8bM85sw/jMnRgoWFrFqXx8FLWScF2URFJLLqu/MAnPw2hy0rCrA4KkauiY2fnSDX0UJNZTGTsC6PdZ+fISnR/u9fK06w8IVU+t6X4rhepLaK+lydV16feaxdeoxnh2xmSVKxE4HL2Lsij6SmnueXQdrKrYx8LIO4vdD/V23pYM5n2cxU7npqPw1d6gqzTxMXl9uIY7iEJfdt5p7lp4DGnR/XjzIO/dNEXOUxcoakz3NZ+WoGYyK2sCmn7vdcK/v/csncfZK4rwrK68NEzCpT5XUp7qsCTv80dr6IiMg1Qy1Y5JqVvmYnC7dDxJQIYuaHVv4qmbYmkXsn57I4Jo9Vj/pfvgIEgKdHE99TvnytxjX1Tf+pKcjmg9VWAFySj7E+9lvOhgAAHWxJREFULYKnw2pfZsyA0cedDlziOvGEs4BvS3uFR84bzZHFbg7XETD4djKzSzFeyl9xPezlmLBiGHMGV/wyXkLM9C1MXfE9u0y9Gd5QswSpUlGfn91bWZ/mrEyiIlJZG/MDU/uHNjOwF3NyR4KxrtYNV1Ix/16Th+2OTuz9d9/yFiulxEzZyNTVh/ny1R6Ojxd3A2CgMZcrcz50bNX48+N60/HZvuyc37HydVb8LgaOOcaquFyGPxN40dLXyv6/fAa9dA8nXrL/XZCURPd7c/lw92gi1WpFRETkslALFrlGFbPub3nYQjuwtFpyBSDs0XCmDTPSnguVy8Yu2EpQqxiCWsXQISKemLTiRsyDtE+T6Odnn9cvaisPDoll0rLcWqUxJe3nwa7lMfw2MHtN7WWq83C/6FbH051W1V6ac7KZPS62slwjpuwhvfxn6qToeEY8lcSMqA2VZV6bkMnsIeXr77qZmOTybSg4xaJxG2vEyWqwbi+f9LgMUjAwLy6CSAMsXVWzNGmx9voObRVDv/t2csAKHpxnSdQGRsw5WrVgQTaPd93AooRCoJT4ZQnV9uFWYtNLAEiK3srQcQk8GGHfLw9H7iTHCitHxvF49HFS3v+aPlH2FiPmrKNMG7KhMs6D09M4DhQk72HwrV+xzQQFyWkM7bqJaVPiqy23v7LFSfUYHbpu5MEhG+g3zkGLlAvVfxn3ZMTD7XGxlpLxfUmtsr+TXEJ6/B5GVB5nscxec7zy3fWvu5h3xm1kxLjN9PCLocN9KZjIZ+2sqm3o0HUj8z61H7P2bdzIpCmbK4/nGSsziV1Q9Xrasuxa66xeZ1eLB66VfxtDgukfAkXlr5Oi4+kRVbUvCpLT6Nc1nqQCR9tRzPJHt7AkoRgoZknURibN2sGI8mtCjyEJxFe0fHBwrjmKv3b65srpPYYksCmrtM5ts+QDLV2rtSZxI+q5m3lgXBAdyy8njo6PCgXJe+jXNZ5tBRWFy2VS11gWJRSTsuxrojMhZ+lOekSl8J9q54eja6Xj86Lx23hl1GyNEjIwgGADHM08V74dsYy4z37tfTD6SPn+z2vgGlT/+QQlxC7YSo/yY6bDkAQ2pZeQtjKBDhEJpBRUhdw0axM9xu2h2qQrylJS8cdFMxwc2xdfp95Yk3rdXj9ERESuBCVY5NpUkEdSFvS4vyMhtWb6MCNmBIsetf8auW3Olzz7ah5RCyP4fGsEj/rlM/XOL9mU43heQVIK907IodW4Lqzf2o+RnCExuZQjOTUb5JvT93PXvQc52r8T67cP4u2XWrNyciIzNuXXWfRWQMKKXcyetaPq34v7OGCtWCKPmT13siLOg3kbBrL+w5swrc5gyP0pFACWAjOpn+SQesNNfBTXnTuL8pkxMpWU27ux6uNu9DYVMvWd74FC5t21jTfi3FkUN5C4DV0oWZ3BHePSGuxScHkUs25lHoR0YMzgUO4fZ+DMisOVN3oFySnc+5i9vuO29uMe7BVioQW9fulByuvppJQXPD0ugy0mAz1DfUhZ9h8en2my78Pt/ZgQmMfkfv9hmwksBec48JmJ07d2YPKEjjw4rRMAkX/sybTftKXIVMCZvWagmCVjdrPO2IH1uyJZv6IDicvTmbQsF0tRMdmmIooAS9E5DpwsZt1qiI4bQPQf/UhcfpB3E4qBPGZG7GZdfmve+mIgK55rSWKylex9ljq7WLQCzJYyoBSzuZQC0ymWv5ONzWCkVxfPWmXvZTnI3WMyyOrfiY+2D+S133uzcvI3TFpzqsF1n91nJvWzQn79UjATBvuSMCWeF986y8wPB/D59n48f1cpb0/cTXxBxTaaiVvtwVtx/Zg9zoO1L6QyebORt+Ju5fmRBta9nMa2gvrr7GpoBSTEpPLOshSWRO9iWtS/WZYJUx4OBsBSUFS+r+0sRYVk"
20:58:39.359 [Forwarding screenshot on session f38f5520-bd02-11e6-b34a-8d0186b048d8 to remote] DEBUG org.apache.http.wire - http-outgoing-0 << "m4o4bXG8HT/uNfNjeSLMnGdm49IT9P5bBB99fBMdUk089vJ+zA7Ptfrjpy37mhdXnGde3CC+3BrOrakmJgzbXUdCzovhz/nj8sUR+vpt4MGnElmy5jApHiFEL+1LmC+Y0/Y4OD6ott3lx3PFQVloZo+plKILZYQODOYWA/iN6kT09GBsleeH42ulo/Oi8dt4ZRSVJ1jM5lLM5mK2rc0hxwqD7/Yv345SUr7xZtr0QIb08C7f/x4Or0GxDs6npOivePbVPAb+bwSfbw1nZI6JCf2S8B7YFpdME6u2ln9OFGTz9lvF9LyrwzU23o3jz5GLr1O/bFNyXV4/RERErhR1EZJrk6UME9Drpqqm26aEJHqNrOpIH/xgN754rwPrXzfjNzGC6Gfs3QQWxbqS0Gk3n2w+jF+983LxOPI9tvYd+GBpL4KA/jEG0vy+4ehFRfn2kyzO4Mb/zriZjt5lhI7vziOfJLJm6RFmDe9d55flE/vySfmxWv7SXHXjV5B8jBgrvLT1VzzZxxMIZMMHxfR94nu2m3rjDdgMgZXlYlwWX7/ux7vzwwgCvH+fyZjVpzmSbGZZJgxd2JNht7TEwi+Y+dIJHluQyZemsCveBcWcnsmyZBj69874AndEdcRl1TFWxpxi0Ph27NrwfY3t6h0L33TaCcCgcV1o/fo+Pv6ykN7DXVn3tzwY2Z3hwcXMW16I7Y5OTI66AY8iePLPXVg5LIP4vcVEAjZDAMvfu92eiDNn85bhGJ0GhNA7xJNtQEUe2QKQUcSeg4XcM6QXX27vgkegLxywz6/e5ui1nZFEdQMGG4lbsJWzF8ooSDhMjBVmfziE0WFA/0DeytjA5ETq7JrhCax9KJ61F01/4O+3MsgXtl1U9m1zNmIzBLBhdV+6AYS1pfC7WOb87xFmdMThui2A38QIFr0UCpSSFm/l7ag2jB7siymniN69fWHdOSzVMkHzdw5hdDcwe+Yyd9UxZi+5g9Fhbpg9c3kjLpcii4M6uwo8gZTVJzgbYqCoyEr+SXuC7sjBM9CnoutH9d8MqvZr/dtRs7WDJd9ej3PG268Xr/z+ex5aXcCJ5EwH51povfFP/l8ZYOXgntOE3xvEqzt9me7hXeegtb3HD+HbHod5f+0x4lbnkvhJLgvZS/Dj3di4NIyD/8yp9/h4fkX1SBcdz9UOTt+wEIaG7GP9jYFE9m/Hti8qls9zcB3NpW8X+/vrOi/OWRq/jZebhx/kL00laGlqjel+o25i2nA/SLC/nv/1XTwZ5gYUM7t8mfqvQaWkjQqv53wqZNObhdgeD+fdafZ6i94IoZ+XQacQZt5xkAXvHmHh6N78sDmDFIx8+Jt2V65CGsHs8NgOK/88qrpOmRKSgOvv+iEiInKlKMEi1yYfIzcDew5WdefxuTGIeX9viYePgfRPD7Liq0KKCorJBMbeW+1Lq68/I0Pgo735hNQ37+A5xrdyA1NJtdYHbekTAvtqFcaAi7WUaXdsrjnZz0IR1EqwnAUefmMofxpcrV+/OZuhgfZkgqXIgs1goMuNVfO9W9tPRfu9UCkEuFW7L6r52lJeppIz9qRN/Mxv6DWzenG9GjUWw6WW+OExe3leSCToharpW97M4Pj4dnh4ugFlVfXt247BAfb6IiSESQP2seAf3zOruyvLMmHyGyFQcIbDWeCSeYy7Q4/VWF/67jwiKYUAT7wrJpaU2eNdsGC/Ja/gxZQPwzk8dS9zH9vJXMAW6sNrK+5k2EXbYTO40b5NxasWdC0vowWwGQzcWG0YhzYBHlV9VC5SAkTODeeZfkYsJWVYcCf0lvaEBFRcdi8qe7mqfedGr1uNsLcR6y6Cgbf5Vb7vxvbw5tStPJtcLbDBWBnbZnCjY/k2FpaUYTMY6XKjW/nrinLUX2chV+Hu2UTNMVigmHfGfc6c51IYMXK4g3c2YTtq1GOFhs61+uM/Mu12ZmfsYO4r+1j7yj5sBgMP/LU3C5/pfNG4JyWkJf2Id6+u/Kl/V/60FApy8ti4bDczlqazdFRnIsuXrOv4aEhV98SK8++iQV0dXUcPnoMu9Z8X/Ru9jZefJR9so27i42cDoAQsF8po09Gf3t3sT5oyATaDkY431vHVp75rkMPzyRUPb+jYyr1ysrFbV2Z0s/89clIgC544ypc5XclYlgcPdCfyGht7qbDBz5Ha16nr8fohIiJypaiLkFybjK0ZMACy3zpAbHlncGNIR54cH8Yjv+3BoG7lX5B9PQkC1n9erZm8+SxpWTDwNt/65/XywVJSClR9MYYz7M+i1g2vpcSCzeBH3Nkojpf/+3xDOEte7Ex9Q+xaLlzUaaSw/MYf4IIVF6uVk7lV4xRYztn/bsoDHTy87eNRPBM3vLJcB/b247U3u9HdmSfXNksuq98yYxt1E3G7BvH51oF8vmsIb/3RB5fME6xNKimvb9dqN4g/klT5SFVPxk4JhPjDzJh9CJshgEcGe4FvKzoFgO3x8MptPH4qkrfe7skLDzr4JfjiMXAo5mA2TFs9muPZkaz/uBt3FhXy4oT9/NjAllXfJxfvt9MmS+0DptxZoFOvIPr378igwZ2JHBxULblSx3pKao9bkZNpBqyUNrBuC+DbpkX5nHzm37mXOAL5aNc9HDgbxYG4YMDRuBildRx89dfZ1XsKkmu1v73o1cMIWKq6w1CVgPCgok9e47ejZj1Wi+nwXKs//sG0fG6Mup3jZ0fz5dZbeWmcB+te3sOXF6/YlMO9w77hpbVV1yrfYH8emd+TYIN9UOiGjo9KF6w1K8LTteraA/aknGf1esTxdbRX3ReTiio3NXYbr5CONwYwqH9HBg3uSGRk58rkSpW6jnWo9xrU0PlUBEUlVQkrc/ohHo/aQUoBhNzbhTux8vbCFN5NhefH1+7werVdms+R6+X6ISIicvkpwSLXKE+efi+CHhQzOSKW2csOsS0pl22bDjF7XCyPLy2FLka8acd94wycWbGXRZtyOZ51inem7CLRChHhnRzM86XvmM64WHN5aMoekpKzmRe1g3grNQajBQgfGYSLNZ/Z0/eTnlNMyqZd3DtmL1O/PNf4X2ir3e8HDLyJSAPMemw727KKOZ58iOd+lwsBbQmt/GXP2kCyxYqx/02MMMDbz+9kU1ohpvSjzBi2kxefy+L0Ff7p+PimI8RbYfKEm+ndrR1hfQIJ6+bP6Ge6cYsBVq3MIHxYEC7WXP644DBZOfnEzNpHqrUqRtDwXzCSUjZ+Vsqdf+1WPvaOD/1/6war05gXm4vJlM/auYk8O3kf205X1UVlXVnsNzrpCRmkZRVXm3+e93+3lxHjviWp0IPuv2xDIECokcbeQwQM7kqUAWaN+YqYpFw2RW/l2VVWuLjBQ3UXGnr8a1XZw4cF4mI1MWXWIbJMxSStSWTaJ9D7uU6ENWrdFeuy2AfRDPYmtFMLitIOM3VUDuDWxMfxOl9nl1IrIOWL/7Ip9jCxsYd4f0ECY18thpBAwgMADzcw5fJRfB5ZaYeZOuEE9kaaTd2Oi/dZQ+da/fGPf7yHCaO+5J2EAgK7+HNjgAFww+Pi/F9AO6bdAYkvbGPSnDS2JeWSlHCYGffZB23u3t7D4fFR/dk4Pu29cLGW8l70YbJy8nj/xWRyKs8zL3reayB76zHi0wort8/i8DrquEvHwcZu4xXT/Ecu130NcnQ+edH/t0bOrNjLkvhTmHJyWTJrH1viS3D3BYyBPPWskdRVJs4EBPJAfy8Ha79yql8HfBv1OdLQ51Fdrq3rh4iIyJWiLkJy7QoOJS7Vg8Wz97Js5j5Wlk+2GYw8ujCMF58JxRcYvfRuvjcnsvChRKKxN19+/uMhPB3mCY7m0YtvN1gZE5XB2FUZ3DIqgAiDiaBw+9c/D+y/HAf070vc2xcY99xB7l5+0F60UTfx4by6Hw17cYLGzrVqTAJjIEu+7snEMft4OHyTfZv6BPDh6oF0A07iBsHuNboC1GwlUTHfn+idEZgfSuWp8u5LtvY+LPn6TsKaVNHO++KjE9jaB/DA4ItuIHw7M2ncHqauPsbBxcNZv7CYsTP3Ev8q2NobaW2AqlYJ7XjkJS/iFlh5fGTVLePw+b9i9tkE5j6W"
20:58:39.359 [Forwarding screenshot on session f38f5520-bd02-11e6-b34a-8d0186b048d8 to remote] DEBUG org.apache.http.wire - http-outgoing-0 << "yLLyaVF/78eMPp5s+9dFdRXgz9hIA9GLD/LQWSPLWlXV1ezPunBkVAZjbzkBgC3Unw9f647PyVQqLoUenq5cfFmsOA7An+hjA/B8aCfThiViC/XhzlD4Or/um4+6j4PqapY9YHB/1v89kbEv7GPgUntHtYiJ3Xl/WhCAw3VXldFej0/+LYCNL2Rw22cZAERODKD1ChNJewu5w7vmNl68zVWv66+zq/FYX08gdWk6T1WbFvFgMH96tT9BQND4cEZ+spO5Y7YyFxj4uD+tV5/D4nA7LDXqrmY9QuPONc9640e2CWBCyg7mjrSXyWYwMGH5wDoekevDjH8OginfEr04nY2L0+1xDF68tOF2ngzzBBwcHwkVySQwhnUneuIJpi3ey8DFYLvDj46GqgG5u9/ZDpdVuTx2p5m//r7qGHR0HS1Iqv+8GDSjfyO38XJzpZWjZCcNnd9Q9zXI8fk0Z/5AZp9KZO6YbSzEvs/mf96v8hoc+VgIfm8dpOdzIXUM2H41uOFdI/nl+HNk20XXqfqvFxe/vrauHyIiIleKi81ms13tQog0yFyCqQSwQECAZ92LmIrJKwH/YK9aX+Dqmnc8IYXfrzHw5nu97MmPgqMM7bSbiJh7WBRZx29s5hKO/2jBw6cFAb6XIjdZiinnPBZPD4Lq2abGMuUUYvF0JSjg2viF1KHyevQP9mnSF237PizDu60Pvs3+hu5EnRfkMuOhfdz2xl1EdXMDSnknKpY5dONITNilu2moPM58CKi4SW3OuguKOV7obH3BpTxOrwT7udCCoFrdsS7NdtR/rtUfv8BUTFE916ZazCWYCssA17qvdXUdH3WFKSgmrxCCguu4JphLKMAVX2Pt65ij66gjTdrG61ED51N99WaKTyI86gRv7xvD6OArVtpmuTyfI9fX9UNERMRZSrDIz1ZBcgq3DDmC7Q5/Jg9wJ+H1XPbjxYp9wxl+jX8RlqvAnMvjgYlswcijv29LwTcn2LjdyviPI5kzvIGfzq/ndYtI05lzmXbfDmKSrdhGdefI6h4/zcSTiIiI1KAEi/ysZSUcYtmaHI6dKSPwl+15+H960j9YPeekHjm5vLMsna3pZoytfRj26C08MvgKJTiu5rpFpGnMp1g0JZX9xgCmz+tNmJ5OLCIi8rOgBIuIiIiIiIiIiJP0FCEREREREREREScpwSIi8rOSx5IpW5k257D98bOVSlg7fSvvJxfX877mK8jKJSWn1MESJWz7NIVJUZvoFxHL0Ps2M2PBftLNDt5yCZjTDzFp3A5SChpeVkRE5P+3d/exVZUHHMe/vWKpSAuIZR0tIBRTM7jDAltlMh1apxLZUDunrtgRnFNYdVscbpqxRNQMwjDoEF9KIhbmW22adGG4FbEVAkx5syo0VWotmMLNhb5gbSvc7o9iW0oF9WJYyveTNG3Oc885v9v+cZNfn+c8knQyFiySdAYJlVSyYEWYlxeX85+qriNHqMgLs33fkVN7w/oastLXs+LtT7/gBU08dm0xt9y+m+IP4PKpQxh17qesemQnU4KllH+DJUtjzQGKi2up7WmfbUmSJOkrsmCRpDPGYf654mMAYiIRnsqvOXY4EQacGwvAKes1+kIDndftrmLlZhZsgPTcdHZvm8rCh3/AUwXTWfNEEjH7QiwqCJ+qJMc7OwAE6DmZJEmS9NVYsEjSmSJUzZPFESYvmMjCnADvLq6gvMtwbH/YuHITVw0sIDWhgKtmvEl5x/KZJor+uo7khAKSEwoYml5CQXn7cqJNS0oYk7WV0NFX1m8pJ+PCEjbVN/HY9ZvZE4Hl04rJWbK3W6AmXv5bmLbUoTz+cOox29gGs8dxz4/j+BafAdC8p4Z5M4o67n9d7vYuS4i+OBs0sureVzvGcu4t5ar0EsqOWxZ0mJJlpV2usY6iipav/auWJEnSmceCRZLOEFsLqqghwM+mXcCNWUOJidSRX1TXMR47EN57McSkv2dQXDgaiqu5etZ26oGyB19jziNhshaks2ZdOtkD67j7h6+xeg+01h/i4I7OOS+thxqpCR3iQGs/rs4dAUDm/WO55yfnHxuoPsymKhhz/TBGHpc2nrkF17EwOwkIc9/YzeQVx/JQ4WReeW4Uofz3mXL91pNmK3mglLlPNzLriYkUF6bxcV6Id6uaae22LGjrsrXk3Bdqv8aGDG5PCjM7Yy1loeOCSZIkST2yYJGkM0IdRYvrIH0Yk1IgLuMCrgvAyqd2dzzstrUOUnIzeDB7GOMzL+bpZxOh5EM2hMK8sriZgXeks+SuVIITUllYNJFhNPPiq7VHz+76cdL+cyyQdkUS3wnAiEkjGT+y77GRWo8QAkaN6jweKt3UMYskOaGAjF+VU7OlmoII/HHtlczMTOKS6eMpfDYJNn50kmyVFC9tJiV3Ig9mX8D4zCD/KBgKdH/gbhOrn26k7dIRzM76Nv37D2bmX0YTE2miZMepf+ivJEmSeqc+pzuAJOmb17xlN8v3Qcy+ar6fUN05sPFDCiu+y8w0aD0El08Z3DF0XlJ78RHb0MQHwI3XDOk8b8Bgpo2E53d+wqyEE9y45QgNAJ+1At0Klvg4LgK27+wsMeKHJ/PQo+cSGx+g4qWd5L3eSF12gLZAgNHDO8/vP6jPybNtDdMfuLrLe0q86DwGsZ9jJrA0HKSyCmI+qOaK1OquI1S8FYbMfid4g5IkSVI7Z7BI0hlgzbMf0Rbox5J1l7Fmw2Ws2TCFNcWjGUaEJ59pLxVigerKQx3nHDrQPtOjNaEvycAra/Z3XrC5gfIqmHxxfMeh2I7vkeMDnN3Do2TjBjFpEtQsfY+iozsaxY0cxsxZQX5x0xguSzv6P4DPIsREIuyr7Zx50vrJl8g26TwuAja+1bkMKrTrAAe7ZAUgIYERidCWM469DVntX/szWfrEWH738yFIkiRJX4YFiyT1dvU15OUfZtCMC8maMIRgcAjB4GCCl49lZibU5L3PpnqITYE3/vRfVm1pZG95JfffWguThvO9xCFcOyPAwbwdLFxdy96q/TyZ+ybrI5A+bgDE9oFQLc+XhKkqr+Tu2z+mY4Jka/u2zxWl71Ne1X25TV/ufCadMTQxO72Iect2UbaplrLVu5g3o4icxw/D6DiGTx5FZgAeuG0DZVVN7N2yi9/cWguJ55N6wmwjmPH7ON57ZDPzVn7I1pJybs3qkq1DPJfc1Afyy3moqJZQqI5V89czZ/Y7lB34hv82kiRJ6jVcIiRJvVzozRq2ReDPvxzebaQP0+5MYf6/97B6wyH6A4w8zNwprwLQNiGJwhfGkwhMf/wKPmpez4Kb17MEaAv04bcvTOHOYF9IGse0Fzcz/4Z1zAcm5wxmUP4n7ctwEgdzY2aAJYt2cnNDHO8uSj02QkoqxdtiWTRvB8vue4flRw+3BeLIXhDkD3elMgB47I2x3HHDO9wybvXRbIk8lz+ZNCDtRNmC17CUtcyZ/RZ5gQDj04Ftn9/8LD7/GJz68JXMayhl/m3rWXZ0NOvRDOZO6LasSZIkSfoCMW1tbW2nO4Qk6f9Hc6iRcMtZJKcc/+yR5lAT4RYYnNLvmG2VAUJ7Gmntew7JiV+zu29uIdQCtEJiYk/FxmFCez6ltW8syT2MH5+thVW5r7MjI52F2e1LfapeKuXSOw6SVzmdqYk9RAg1EW45Qv/z4xnQ/Q1KkiRJJ2DBIknqtYpyC5mzIsLknKEEaWTZikbafprGzvwgA053OEmSJPUqFiySpF6siZLlb/Pyv+qpOyeW4I+G8+tZqfQweUWSJEmKigWLJEmSJElSlNxFSJIkSZIkKUoWLJIkSZIkSVGyYJEkSZIkSYqSBYskSZIkSVKULFgkSZIkSZKiZMEiSZIkSZIUJQsWSZIkSZKkKFmwSJIkSZIkRcmCRZIkSZIkKUoWLJIkSZIkSVGyYJEkSZIkSYqSBYskSZIkSVKULFgkSZIkSZKiZMEiSZIkSZIUJQsWSZIkSZKkKFmwSJIkSZIkRcmCRZIkSZIkKUoWLJIkSZIkSVH6HwUSdSHhonkPAAAAAElFTkSuQmCC"}"
20:58:39.359 [Forwarding screenshot on session f38f5520-bd02-11e6-b34a-8d0186b048d8 to remote] DEBUG org.apache.http.impl.conn.PoolingHttpClientConnectionManager - Connection [id: 0][route: {}->http://localhost:25620] can be kept alive indefinitely
20:58:39.359 [Forwarding screenshot on session f38f5520-bd02-11e6-b34a-8d0186b048d8 to remote] DEBUG org.apache.http.impl.conn.PoolingHttpClientConnectionManager - Connection released: [id: 0][route: {}->http://localhost:25620][total kept alive: 1; route allocated: 1 of 2000; total allocated: 1 of 2000]
]]></system-out>
  <system-err><![CDATA[Dec 07, 2016 8:58:16 PM org.openqa.selenium.phantomjs.PhantomJSDriverService <init>
INFO: executable: /usr/local/bin/phantomjs
Dec 07, 2016 8:58:16 PM org.openqa.selenium.phantomjs.PhantomJSDriverService <init>
INFO: port: 25620
Dec 07, 2016 8:58:16 PM org.openqa.selenium.phantomjs.PhantomJSDriverService <init>
INFO: arguments: [--webdriver=25620, --webdriver-logfile=/Users/raliclo/work/bak2/HackerRanks/IDEAs/phantomjsdriver.log]
Dec 07, 2016 8:58:16 PM org.openqa.selenium.phantomjs.PhantomJSDriverService <init>
INFO: environment: {}
[INFO  - 2016-12-08T04:58:22.139Z] GhostDriver - Main - running on port 25620
Dec 07, 2016 8:58:22 PM org.openqa.selenium.remote.ProtocolHandshake createSession
INFO: Attempting bi-dialect session, assuming Postel's Law holds true on the remote end
[INFO  - 2016-12-08T04:58:25.555Z] Session [f38f5520-bd02-11e6-b34a-8d0186b048d8] - page.settings - {"XSSAuditingEnabled":false,"javascriptCanCloseWindows":true,"javascriptCanOpenWindows":true,"javascriptEnabled":true,"loadImages":true,"localToRemoteUrlAccessEnabled":false,"userAgent":"Mozilla/5.0 (Macintosh; Intel Mac OS X) AppleWebKit/538.1 (KHTML, like Gecko) PhantomJS/2.1.1 Safari/538.1","webSecurityEnabled":true}
[INFO  - 2016-12-08T04:58:25.556Z] Session [f38f5520-bd02-11e6-b34a-8d0186b048d8] - page.customHeaders:  - {}
[INFO  - 2016-12-08T04:58:25.556Z] Session [f38f5520-bd02-11e6-b34a-8d0186b048d8] - Session.negotiatedCapabilities - {"browserName":"phantomjs","version":"2.1.1","driverName":"ghostdriver","driverVersion":"1.2.0","platform":"mac-unknown-64bit","javascriptEnabled":true,"takesScreenshot":true,"handlesAlerts":false,"databaseEnabled":false,"locationContextEnabled":false,"applicationCacheEnabled":false,"browserConnectionEnabled":false,"cssSelectorsEnabled":true,"webStorageEnabled":false,"rotatable":false,"acceptSslCerts":false,"nativeEvents":true,"proxy":{"proxyType":"direct"}}
[INFO  - 2016-12-08T04:58:25.556Z] SessionManagerReqHand - _postNewSessionCommand - New Session Created: f38f5520-bd02-11e6-b34a-8d0186b048d8
Dec 07, 2016 8:58:26 PM org.openqa.selenium.remote.ProtocolHandshake createSession
INFO: Detected dialect: OSS
]]></system-err>
</testsuite>
