<?xml version='1.0' encoding='UTF-8'?>
<testsuite name="JUnit Jupiter" tests="2" skipped="0" failures="0" errors="0" time="55.734" hostname="tastypotinc.private" timestamp="2016-12-08T01:00:46">
<properties>
<property name="PID" value="42937"/>
<property name="awt.toolkit" value="sun.lwawt.macosx.LWCToolkit"/>
<property name="catalina.base" value="/private/var/folders/d6/lnrxqp194zn2c1g3_02j1pdh0000gn/T/tomcat.6098575653001228568.8080"/>
<property name="catalina.home" value="/private/var/folders/d6/lnrxqp194zn2c1g3_02j1pdh0000gn/T/tomcat.6098575653001228568.8080"/>
<property name="catalina.useNaming" value="false"/>
<property name="file.encoding" value="UTF-8"/>
<property name="file.encoding.pkg" value="sun.io"/>
<property name="file.separator" value="/"/>
<property name="ftp.nonProxyHosts" value="local|*.local|169.254/16|*.169.254/16"/>
<property name="gopherProxySet" value="false"/>
<property name="http.nonProxyHosts" value="local|*.local|169.254/16|*.169.254/16"/>
<property name="java.awt.graphicsenv" value="sun.awt.CGraphicsEnvironment"/>
<property name="java.awt.headless" value="true"/>
<property name="java.awt.printerjob" value="sun.lwawt.macosx.CPrinterJob"/>
<property name="java.class.path" value="/Users/raliclo/work/bak2/HackerRanks/IDEAs/build/classes/test:/Users/raliclo/work/bak2/HackerRanks/IDEAs/build/resources/test:/Users/raliclo/work/bak2/HackerRanks/IDEAs/build/classes/main:/Users/raliclo/work/bak2/HackerRanks/IDEAs/build/resources/main:/Users/raliclo/.gradle/caches/modules-2/files-2.1/org.antlr/antlr4/4.5.3/f35db7e4b2446e4174ba6a73db7bd6b3e6bb5da1/antlr4-4.5.3.jar:/Users/raliclo/.gradle/caches/modules-2/files-2.1/org.javafxports/ios-sdk/8.60.7/2cc4c327c402343a26340cb0b9397c7c38a717fb/ios-sdk-8.60.7.zip:/Users/raliclo/.gradle/caches/modules-2/files-2.1/org.javafxports/dalvik-sdk/8.60.7/77788c231a33886319c4a9c3506c09c7dc0a7d7/dalvik-sdk-8.60.7.zip:/Users/raliclo/.gradle/caches/modules-2/files-2.1/org.javafxports/jfxdvk/8.60.7/6ab694c11920420d6e752b52e65ff0110a074034/jfxdvk-8.60.7.jar:/Users/raliclo/.gradle/caches/modules-2/files-2.1/ch.qos.logback/logback-classic/1.1.7/9865cf6994f9ff13fce0bf93f2054ef6c65bb462/logback-classic-1.1.7.jar:/Users/raliclo/.gradle/caches/modules-2/files-2.1/org.apache.tika/tika-core/1.14/afff8f1774994aa973ef90bc8d38ddf089b9d6d9/tika-core-1.14.jar:/Users/raliclo/.gradle/caches/modules-2/files-2.1/com.vaadin/vaadin-client/7.7.5/fa92c99ec517e59d91748b96c1c4181656da49b/vaadin-client-7.7.5.jar:/Users/raliclo/.gradle/caches/modules-2/files-2.1/com.vaadin/vaadin-themes/7.7.5/30b2f27299be05381ddb181608693b8fb135aa35/vaadin-themes-7.7.5.jar:/Users/raliclo/.gradle/caches/modules-2/files-2.1/com.vaadin/vaadin-server/7.7.5/28bc909336b9b399d93926b99148ce66d1bf3ed3/vaadin-server-7.7.5.jar:/Users/raliclo/.gradle/caches/modules-2/files-2.1/com.vaadin/vaadin-spring/1.1.1/87865d9aacb0362a18c6ff30098bbbbdd5203e28/vaadin-spring-1.1.1.jar:/Users/raliclo/.gradle/caches/modules-2/files-2.1/io.vertx/vertx-core/3.3.3/515957df3ba4561b6c53497a6bc992d8d6f565c0/vertx-core-3.3.3.jar:/Users/raliclo/.gradle/caches/modules-2/files-2.1/com.fasterxml.jackson.core/jackson-core/2.8.5/60d059f5d2930ccd1ef03535b713fd9f933d1ba7/jackson-core-2.8.5.jar:/Users/raliclo/.gradle/caches/modules-2/files-2.1/com.fasterxml.jackson.core/jackson-databind/2.8.5/b3035f37e674c04dafe36a660c3815cc59f764e2/jackson-databind-2.8.5.jar:/Users/raliclo/.gradle/caches/modules-2/files-2.1/com.fasterxml.jackson.core/jackson-annotations/2.8.5/9d82ff47bc2c2d3b5b6a6618fe636782bbcd5b07/jackson-annotations-2.8.5.jar:/Users/raliclo/.gradle/caches/modules-2/files-2.1/org.apache.logging.log4j/log4j-api/2.6.2/bd1b74a5d170686362091c7cf596bbc3adf5c09b/log4j-api-2.6.2.jar:/Users/raliclo/.gradle/caches/modules-2/files-2.1/org.apache.logging.log4j/log4j-core/2.6.2/a91369f655eb1639c6aece5c5eb5108db18306/log4j-core-2.6.2.jar:/Users/raliclo/.gradle/caches/modules-2/files-2.1/org.seleniumhq.selenium/selenium-java/3.0.0-beta3/24ee95b3c5d64e8911f53094d3a20ab7f8552c50/selenium-java-3.0.0-beta3.jar:/Users/raliclo/.gradle/caches/modules-2/files-2.1/org.seleniumhq.selenium/selenium-server/3.0.0-beta3/39fc4f587d35680ca24331eead36ecab17898438/selenium-server-3.0.0-beta3.jar:/Users/raliclo/.gradle/caches/modules-2/files-2.1/org.seleniumhq.selenium/selenium-remote-driver/3.0.0-beta3/e8aa321fc78d9f7d30867bda6083a305b27b77f0/selenium-remote-driver-3.0.0-beta3.jar:/Users/raliclo/.gradle/caches/modules-2/files-2.1/org.seleniumhq.selenium/selenium-firefox-driver/3.0.0-beta3/1568fedda40c827b5c50cd59dc7e6068e44db124/selenium-firefox-driver-3.0.0-beta3.jar:/Users/raliclo/.gradle/caches/modules-2/files-2.1/org.seleniumhq.selenium/selenium-ie-driver/3.0.0-beta3/55b84fea4819cbe2d7b6420012bf16ed8342b92d/selenium-ie-driver-3.0.0-beta3.jar:/Users/raliclo/.gradle/caches/modules-2/files-2.1/org.seleniumhq.selenium/selenium-chrome-driver/3.0.0-beta3/dbd944d25de10079702f563e9532e2fdd59aa5/selenium-chrome-driver-3.0.0-beta3.jar:/Users/raliclo/.gradle/caches/modules-2/files-2.1/org.seleniumhq.selenium/selenium-safari-driver/3.0.0-beta3/d06e5d5003e4e682080e5cc71528eaa97a636a1b/selenium-safari-driver-3.0.0-beta3.jar:/Users/raliclo/.gradle/caches/modules-2/files-2.1/org.seleniumhq.selenium/selenium-edge-driver/3.0.0-beta3/76003a1241a657f02ffa69426f93f41eff4e7250/selenium-edge-driver-3.0.0-beta3.jar:/Users/raliclo/.gradle/caches/modules-2/files-2.1/org.seleniumhq.selenium/selenium-iphone-driver/2.9.0/8ed2798603f1c3e73e54aa198bdab8ef9696c32a/selenium-iphone-driver-2.9.0.jar:/Users/raliclo/.gradle/caches/modules-2/files-2.1/org.seleniumhq.selenium/selenium-android-driver/2.9.0/8a682d2e64d08560ffae24fd886505f0fcd64452/selenium-android-driver-2.9.0.jar:/Users/raliclo/.gradle/caches/modules-2/files-2.1/org.seleniumhq.selenium/selenium-htmlunit-driver/2.9.0/faffe8eb2fb48f1036d18a659a042c9a6818b355/selenium-htmlunit-driver-2.9.0.jar:/Users/raliclo/.gradle/caches/modules-2/files-2.1/com.machinepublishers/jbrowserdriver/0.17.1/66da64c53ba0af41efeb89a8662a3d06ca6a8bc3/jbrowserdriver-0.17.1.jar:/Users/raliclo/.gradle/caches/modules-2/files-2.1/com.codeborne/phantomjsdriver/1.3.0/670cb2d15e6fe65e08feff3312e757bb2eee6ff5/phantomjsdriver-1.3.0.jar:/Users/raliclo/.gradle/caches/modules-2/files-2.1/mysql/mysql-connector-java/6.0.3/49506be68e2ab1b619d77dee24c2e55d399d371a/mysql-connector-java-6.0.3.jar:/Users/raliclo/.gradle/caches/modules-2/files-2.1/org.springframework.boot/spring-boot-starter/2.0.0.BUILD-SNAPSHOT/25b609fff6e85bbef21c84545f469c58129ee37b/spring-boot-starter-2.0.0.BUILD-SNAPSHOT.jar:/Users/raliclo/.gradle/caches/modules-2/files-2.1/org.springframework.boot/spring-boot-starter-web/2.0.0.BUILD-SNAPSHOT/8b12f71211a4504e507de449b9fd9f0713bf9798/spring-boot-starter-web-2.0.0.BUILD-SNAPSHOT.jar:/Users/raliclo/.gradle/caches/modules-2/files-2.1/org.springframework.boot/spring-boot-starter-data-jpa/2.0.0.BUILD-SNAPSHOT/f28a672b9d8b185cfcf3cda6a8c94b3fd1632a57/spring-boot-starter-data-jpa-2.0.0.BUILD-SNAPSHOT.jar:/Users/raliclo/.gradle/caches/modules-2/files-2.1/org.springframework.boot/spring-boot/2.0.0.BUILD-SNAPSHOT/6b03997282f1f923a130563d45330dccfd8372f1/spring-boot-2.0.0.BUILD-SNAPSHOT.jar:/Users/raliclo/.gradle/caches/modules-2/files-2.1/org.springframework.boot/spring-boot-starter-thymeleaf/2.0.0.BUILD-SNAPSHOT/5b2f5addfda84f98ed1de894395c5909dafdd5c4/spring-boot-starter-thymeleaf-2.0.0.BUILD-SNAPSHOT.jar:/Users/raliclo/.gradle/caches/modules-2/files-2.1/org.springframework.boot/spring-boot-starter-security/2.0.0.BUILD-SNAPSHOT/cd6d4a32fba6b3514ca32f9d924b285a2538c83/spring-boot-starter-security-2.0.0.BUILD-SNAPSHOT.jar:/Users/raliclo/.gradle/caches/modules-2/files-2.1/org.springframework.boot/spring-boot-configuration-processor/2.0.0.BUILD-SNAPSHOT/dd65e33bed0a4e034d5937c4c2ea61f57c7e5f2d/spring-boot-configuration-processor-2.0.0.BUILD-SNAPSHOT.jar:/Users/raliclo/.gradle/caches/modules-2/files-2.1/org.springframework.boot/spring-boot-starter-jetty/2.0.0.BUILD-SNAPSHOT/1d626c69eafa648b33c8a4d8a5def2e2cda3da5f/spring-boot-starter-jetty-2.0.0.BUILD-SNAPSHOT.jar:/Users/raliclo/.gradle/caches/modules-2/files-2.1/org.springframework.boot/spring-boot-starter-actuator/2.0.0.BUILD-SNAPSHOT/d30d6a40e6ddb8c045c8a8069bfb04bccf61c702/spring-boot-starter-actuator-2.0.0.BUILD-SNAPSHOT.jar:/Users/raliclo/.gradle/caches/modules-2/files-2.1/org.springframework/spring-test/5.0.0.BUILD-SNAPSHOT/a110804a8a83949e22b73e38200219d0e9829cf4/spring-test-5.0.0.BUILD-SNAPSHOT.jar:/Users/raliclo/.gradle/caches/modules-2/files-2.1/org.springframework/spring-core/5.0.0.BUILD-SNAPSHOT/d9c94d1df33dfa9b20bbe52f013ce64b65ce1012/spring-core-5.0.0.BUILD-SNAPSHOT.jar:/Users/raliclo/.gradle/caches/modules-2/files-2.1/org.springframework/spring-beans/5.0.0.BUILD-SNAPSHOT/995be4ed0ad2de5d8392e827bbddc81461ed73bc/spring-beans-5.0.0.BUILD-SNAPSHOT.jar:/Users/raliclo/.gradle/caches/modules-2/files-2.1/org.springframework/spring-context/5.0.0.BUILD-SNAPSHOT/7fd60054d88eab63b6a3515b77b1db435e297a3d/spring-context-5.0.0.BUILD-SNAPSHOT.jar:/Users/raliclo/.gradle/caches/modules-2/files-2.1/io.netty/netty-all/5.0.0.Alpha2/9870d1ff5e71352077776a255f9d1494486af16/netty-all-5.0.0.Alpha2.jar:/Users/raliclo/.gradle/caches/modules-2/files-2.1/org.eclipse.jetty/jetty-server/9.4.0.M1/6ec25572ac6a924faab2ef0678db88e8fe20d566/jetty-server-9.4.0.M1.jar:/Users/raliclo/.gradle/caches/modules-2/files-2.1/org.eclipse.jetty/jetty-servlet/9.4.0.M1/da7eefa29055e98596c5c195e299ff0b75b98a65/jetty-servlet-9.4.0.M1.jar:/Users/raliclo/.gradle/caches/modules-2/files-2.1/org.eclipse.jetty/jetty-util/9.4.0.M1/188c8182247afa0541e6c485399dd05a1dedaff0/jetty-util-9.4.0.M1.jar:/Users/raliclo/.gradle/caches/modules-2/files-2.1/org.eclipse.jetty/jetty-http/9.4.0.M1/45e126f45371b510361afb244d40b199fd29b633/jetty-http-9.4.0.M1.jar:/Users/raliclo/.gradle/caches/modules-2/files-2.1/javax.servlet/javax.servlet-api/4.0.0-b01/bd3242322f338c8a462199d49d48c864779a598f/javax.servlet-api-4.0.0-b01.jar:/Users/raliclo/.gradle/caches/modules-2/files-2.1/org.apache.hadoop/hadoop-common/3.0.0-alpha1/e35c7ddf8187264212aee1efc790ddd3c8d1a9c0/hadoop-common-3.0.0-alpha1.jar:/Users/raliclo/.gradle/caches/modules-2/files-2.1/org.apache.hadoop/hadoop-client/3.0.0-alpha1/f021bbfea7ac42582f77daaad33f9a3fa39032c2/hadoop-client-3.0.0-alpha1.jar:/Users/raliclo/.gradle/caches/modules-2/files-2.1/org.apache.hadoop/hadoop-hdfs/3.0.0-alpha1/95c5cca1422e5077e91458da964ae11ff32849e3/hadoop-hdfs-3.0.0-alpha1.jar:/Users/raliclo/.gradle/caches/modules-2/files-2.1/org.apache.hadoop/hadoop-annotations/3.0.0-alpha1/ce48c44a5188dd882e9ef3e6f1bf7ee3e6448c4b/hadoop-annotations-3.0.0-alpha1.jar:/Users/raliclo/.gradle/caches/modules-2/files-2.1/org.apache.hadoop/hadoop-mapreduce-client-core/3.0.0-alpha1/da41828bb36fcacf1ebe3d9360ff87eb35df243b/hadoop-mapreduce-client-core-3.0.0-alpha1.jar:/Users/raliclo/.gradle/caches/modules-2/files-2.1/org.apache.hadoop/hadoop-mapreduce-client-common/3.0.0-alpha1/b055b829b951649e7d8c4c1893365dbd13ef6e1b/hadoop-mapreduce-client-common-3.0.0-alpha1.jar:/Users/raliclo/.gradle/caches/modules-2/files-2.1/org.apache.hadoop/hadoop-mapreduce-client-jobclient/3.0.0-alpha1/9899ddad4273cac1710b57bdaf9c1f955fe6abd7/hadoop-mapreduce-client-jobclient-3.0.0-alpha1.jar:/Users/raliclo/.gradle/caches/modules-2/files-2.1/org.apache.hadoop/hadoop-mapreduce-client-app/3.0.0-alpha1/ff7f77c2f37bc86707591ce51784aba4a52c88d3/hadoop-mapreduce-client-app-3.0.0-alpha1.jar:/Users/raliclo/.gradle/caches/modules-2/files-2.1/org.apache.hadoop/hadoop-mapreduce-client-shuffle/3.0.0-alpha1/64805e603252f6cfa70676e2f17128e65029e013/hadoop-mapreduce-client-shuffle-3.0.0-alpha1.jar:/Users/raliclo/.gradle/caches/modules-2/files-2.1/org.apache.hadoop/hadoop-mapreduce-client-hs/3.0.0-alpha1/6a132fb6fc9adac1499d87de528e60dd63bab296/hadoop-mapreduce-client-hs-3.0.0-alpha1.jar:/Users/raliclo/.gradle/caches/modules-2/files-2.1/org.apache.hadoop/hadoop-streaming/3.0.0-alpha1/1337ef01d758a0ce37cf84641e9bd6637548f3b9/hadoop-streaming-3.0.0-alpha1.jar:/Users/raliclo/.gradle/caches/modules-2/files-2.1/org.apache.hadoop/hadoop-yarn-common/3.0.0-alpha1/199d4dc00bfefd0a1aa701357b2bbb904cc23c75/hadoop-yarn-common-3.0.0-alpha1.jar:/Users/raliclo/.gradle/caches/modules-2/files-2.1/org.apache.hadoop/hadoop-yarn-api/3.0.0-alpha1/b1ee88f00abdcb2329ddfa3892af6d8ce37c2481/hadoop-yarn-api-3.0.0-alpha1.jar:/Users/raliclo/.gradle/caches/modules-2/files-2.1/org.apache.hadoop/hadoop-yarn-server-common/3.0.0-alpha1/bb44d0cf97843465d1e0d1f1d9c70e95f86566c8/hadoop-yarn-server-common-3.0.0-alpha1.jar:/Users/raliclo/.gradle/caches/modules-2/files-2.1/org.apache.hadoop/hadoop-yarn-client/3.0.0-alpha1/4e08e90416d70da6a437fa22ede89d25299cfcca/hadoop-yarn-client-3.0.0-alpha1.jar:/Users/raliclo/.gradle/caches/modules-2/files-2.1/org.apache.hadoop/hadoop-yarn-server-web-proxy/3.0.0-alpha1/12e4037b910b4210c0dab444a91a3e6bc8c3381/hadoop-yarn-server-web-proxy-3.0.0-alpha1.jar:/Users/raliclo/.gradle/caches/modules-2/files-2.1/org.apache.hadoop/hadoop-yarn-server-nodemanager/3.0.0-alpha1/d0b7c7ae83c523fda6e6491ce1fd209a58673454/hadoop-yarn-server-nodemanager-3.0.0-alpha1.jar:/Users/raliclo/.gradle/caches/modules-2/files-2.1/org.apache.hadoop/hadoop-yarn-server-resourcemanager/3.0.0-alpha1/4febcd8a3963de6b7270b28eb6bf687dd1ec51ba/hadoop-yarn-server-resourcemanager-3.0.0-alpha1.jar:/Users/raliclo/.gradle/caches/modules-2/files-2.1/org.apache.hadoop/hadoop-auth/3.0.0-alpha1/b18efdb5fa7ad10f325061e44dcdb967575e44ca/hadoop-auth-3.0.0-alpha1.jar:/Users/raliclo/.gradle/caches/modules-2/files-2.1/org.apache.hadoop/hadoop-minicluster/3.0.0-alpha1/e423d48b35b938bf35cfe9d22503b11b0d16093c/hadoop-minicluster-3.0.0-alpha1.jar:/Users/raliclo/.gradle/caches/modules-2/files-2.1/org.apache.hadoop/hadoop-yarn-server-tests/3.0.0-alpha1/e9b748f5772992707a978d5b1fd1892e1f61524e/hadoop-yarn-server-tests-3.0.0-alpha1.jar:/Users/raliclo/.gradle/caches/modules-2/files-2.1/org.apache.hadoop/hadoop-test/1.2.1/5c52761bb3f74cdc5c0884d9913480e170ccbc33/hadoop-test-1.2.1.jar:/Users/raliclo/.gradle/caches/modules-2/files-2.1/org.apache.zookeeper/zookeeper/3.4.8/933ea2ed15e6a0e24b788973e3d128ff163c3136/zookeeper-3.4.8.jar:/Users/raliclo/.gradle/caches/modules-2/files-2.1/org.apache.spark/spark-core_2.11/2.0.0/c4d04336c142f10eb7e172155f022f86b6d11dd3/spark-core_2.11-2.0.0.jar:/Users/raliclo/.gradle/caches/modules-2/files-2.1/org.apache.spark/spark-sql_2.11/2.0.0/8dc07912a0b64c8d7f8f787b1b9e580b6e3bf0b8/spark-sql_2.11-2.0.0.jar:/Users/raliclo/.gradle/caches/modules-2/files-2.1/org.apache.spark/spark-mllib_2.11/2.0.0/7ee6c09714a571e55a0ee588d023a25206785d1a/spark-mllib_2.11-2.0.0.jar:/Users/raliclo/.gradle/caches/modules-2/files-2.1/org.apache.spark/spark-streaming_2.11/2.0.0/7227cbd39f5952b0ed3579bc78463bcc318ecd2b/spark-streaming_2.11-2.0.0.jar:/Users/raliclo/.gradle/caches/modules-2/files-2.1/org.apache.spark/spark-hive_2.11/2.0.0/345f7e7871333f93272fc5ef35c0af93fe87f146/spark-hive_2.11-2.0.0.jar:/Users/raliclo/.gradle/caches/modules-2/files-2.1/org.apache.spark/spark-repl_2.11/2.0.0/5b44b03faafcc1be82963ebba11ce5038e53843a/spark-repl_2.11-2.0.0.jar:/Users/raliclo/.gradle/caches/modules-2/files-2.1/org.apache.spark/spark-unsafe_2.11/2.0.0/9f8682d4c83ce32f08fea067c2e22aaabca27d86/spark-unsafe_2.11-2.0.0.jar:/Users/raliclo/.gradle/caches/modules-2/files-2.1/org.apache.spark/spark-yarn_2.11/2.0.0/2b612fcda7b8780e62926bc63e900c662af58b6e/spark-yarn_2.11-2.0.0.jar:/Users/raliclo/.gradle/caches/modules-2/files-2.1/org.apache.spark/spark-graphx_2.11/2.0.0/130cd4e6d0b94e2f5857634475df79ec4a2640ff/spark-graphx_2.11-2.0.0.jar:/Users/raliclo/.gradle/caches/modules-2/files-2.1/org.apache.spark/spark-tags_2.11/2.0.0/7f84a46b1e60c1981e47cae05c462fed65217eff/spark-tags_2.11-2.0.0.jar:/Users/raliclo/.gradle/caches/modules-2/files-2.1/org.apache.spark/spark-test-tags_2.11/1.6.2/d1b6760a03ff8f01aaa56a9cdc38fa0c029aeae5/spark-test-tags_2.11-1.6.2.jar:/Users/raliclo/.gradle/caches/modules-2/files-2.1/org.apache.spark/spark-streaming-twitter_2.11/1.6.2/f18eed1e10aeb41e07610b6411901265f466d4c8/spark-streaming-twitter_2.11-1.6.2.jar:/Users/raliclo/.gradle/caches/modules-2/files-2.1/org.apache.spark/spark-streaming-kafka_2.11/1.6.2/dfe4bc0332e19bd9b13419a922fc68531a8d4f72/spark-streaming-kafka_2.11-1.6.2.jar:/Users/raliclo/.gradle/caches/modules-2/files-2.1/org.apache.spark/spark-bagel_2.11/1.6.2/baf46e8c5c7084cba641e327f950dfb76cf07d93/spark-bagel_2.11-1.6.2.jar:/Users/raliclo/.gradle/caches/modules-2/files-2.1/org.bitcoinj/bitcoinj-core/0.14.3/6dd92e26fa57dbcfe9186946f8d86ff058201f37/bitcoinj-core-0.14.3.jar:/Users/raliclo/.gradle/caches/modules-2/files-2.1/org.apache.tinkerpop/hadoop-gremlin/3.2.2/4476a25a5f8424eaab473238f44ad4f996fc7c75/hadoop-gremlin-3.2.2.jar:/Users/raliclo/.gradle/caches/modules-2/files-2.1/org.eclipse.californium/californium-core/2.0.0-M1/80a723e2fa34aa580991dff75c94c1f733708ab8/californium-core-2.0.0-M1.jar:/Users/raliclo/.gradle/caches/modules-2/files-2.1/org.eclipse.leshan/leshan-all/0.1.11-M12/eda4fb99d1d85253903588fccea63251a5813617/leshan-all-0.1.11-M12.jar:/Users/raliclo/.gradle/caches/modules-2/files-2.1/org.apache.camel/camel-core/2.17.3/e58e5c8292c77018be9d9473cdea93e56231f328/camel-core-2.17.3.jar:/Users/raliclo/.gradle/caches/modules-2/files-2.1/org.apache.camel/camel-cdi/2.17.3/4d1e84014a01d904fb68f4c285a270a1ce91cc5c/camel-cdi-2.17.3.jar:/Users/raliclo/.gradle/caches/modules-2/files-2.1/org.apache.camel/camel-test/2.17.3/fcd64816e877765b42a6f154b85a895fe22d39b7/camel-test-2.17.3.jar:/Users/raliclo/.gradle/caches/modules-2/files-2.1/org.apache.camel/camel-spring-boot/2.17.3/de78d53e3871745f963e6e3e685eacc5b607bd73/camel-spring-boot-2.17.3.jar:/Users/raliclo/.gradle/caches/modules-2/files-2.1/org.apache.camel/camel-jetty/2.17.3/136abefd336e0a913479c03eedc05d6f5f81a6eb/camel-jetty-2.17.3.jar:/Users/raliclo/.gradle/caches/modules-2/files-2.1/org.apache.camel/camel-xstream/2.17.3/7736d7d9208793a3f39a4e44c59c8210ad553f8d/camel-xstream-2.17.3.jar:/Users/raliclo/.gradle/caches/modules-2/files-2.1/org.apache.camel/camel-mail/2.17.3/7ea7bcc6f2afa588c739bb96ebbe419f99633970/camel-mail-2.17.3.jar:/Users/raliclo/.gradle/caches/modules-2/files-2.1/com.google.zxing/javase/3.2.1/78e98099b87b4737203af1fcfb514954c4f479d9/javase-3.2.1.jar:/Users/raliclo/.gradle/caches/modules-2/files-2.1/com.holdenkarau/spark-testing-base_2.11/2.0.0_0.4.4/e6fcdc7218aefe59fc2335c045c232114dfc9db1/spark-testing-base_2.11-2.0.0_0.4.4.jar:/Users/raliclo/.gradle/caches/modules-2/files-2.1/org.apache.mesos/mesos/1.0.0/2a7e7503acbc129646bad71d654f749abd57fc18/mesos-1.0.0.jar:/Users/raliclo/.gradle/caches/modules-2/files-2.1/org.apache.poi/poi/3.15-beta2/752ddd3b9e673133273dbe8efbcdd34fb8352dbf/poi-3.15-beta2.jar:/Users/raliclo/.gradle/caches/modules-2/files-2.1/org.deeplearning4j/deeplearning4j-core/0.4.0/94ab62bd77089f58a0c8dca6b5b7bfdedc5c3de7/deeplearning4j-core-0.4.0.jar:/Users/raliclo/.gradle/caches/modules-2/files-2.1/org.deeplearning4j/dl4j-spark_2.11/0.4.0/fe2a1e5918c96302f5fc6799341b7a887adf5fdf/dl4j-spark_2.11-0.4.0.jar:/Users/raliclo/.gradle/caches/modules-2/files-2.1/org.nd4j/nd4j-native-platform/0.4.0/35e1a4ac6127f791d3f39f5d27f0907de82a6181/nd4j-native-platform-0.4.0.jar:/Users/raliclo/.gradle/caches/modules-2/files-2.1/org.openpnp/opencv/2.4.11-2/bff3e6b1d339eb8fa6b4c3caf4f7f36946e0e54d/opencv-2.4.11-2.jar:/Users/raliclo/.gradle/caches/modules-2/files-2.1/com.badlogicgames.gdx/gdx/1.9.4/4b4b7962d1bc75af0438f5c81ec1010557bc9ee5/gdx-1.9.4.jar:/Users/raliclo/.gradle/caches/modules-2/files-2.1/com.badlogicgames.gdx/gdx-platform/1.9.4/48e1e9663315d45db881ad3e6cdf10d8be27b316/gdx-platform-1.9.4.jar:/Users/raliclo/.gradle/caches/modules-2/files-2.1/org.jmonkeyengine/jme3-core/3.1.0-beta1/f62b2637b01033152c0938c2dd36228e430767b4/jme3-core-3.1.0-beta1.jar:/Users/raliclo/.gradle/caches/modules-2/files-2.1/com.gluonhq/maps/1.0.0/2b17192ee8faeb7d476dd17bbeeb2aa16853ff9a/maps-1.0.0.jar:/Users/raliclo/.gradle/caches/modules-2/files-2.1/commons-net/commons-net/3.5/342fc284019f590e1308056990fdb24a08f06318/commons-net-3.5.jar:/Users/raliclo/.gradle/caches/modules-2/files-2.1/org.apache.commons/commons-email/1.4/3b3c527990f7f288a3a9b23a8c7307bbf7e75965/commons-email-1.4.jar:/Users/raliclo/.gradle/caches/modules-2/files-2.1/org.jsoup/jsoup/1.9.2/5e3bda828a80c7a21dfbe2308d1755759c2fd7b4/jsoup-1.9.2.jar:/Users/raliclo/.gradle/caches/modules-2/files-2.1/org.hibernate/hibernate-core/5.2.2.Final/8e547af334b6346233a8293e50a2932e47936c9b/hibernate-core-5.2.2.Final.jar:/Users/raliclo/.gradle/caches/modules-2/files-2.1/joda-time/joda-time/2.9.4/1c295b462f16702ebe720bbb08f62e1ba80da41b/joda-time-2.9.4.jar:/Users/raliclo/.gradle/caches/modules-2/files-2.1/com.h2database/h2/1.4.192/1106492605db135523d2817881cdf029d9292afa/h2-1.4.192.jar:/Users/raliclo/.gradle/caches/modules-2/files-2.1/org.slf4j/slf4j-api/1.7.21/139535a69a4239db087de9bab0bee568bf8e0b70/slf4j-api-1.7.21.jar:/Users/raliclo/.gradle/caches/modules-2/files-2.1/org.scala-lang/scalap/2.12.0-M5/e8a9e7ff856614fd1f757925f8c3918ce9bb4c9b/scalap-2.12.0-M5.jar:/Users/raliclo/.gradle/caches/modules-2/files-2.1/org.apache.kafka/kafka_2.11/0.10.0.1/9cd0b8025c3262f11384f6d0c02f7966b3551205/kafka_2.11-0.10.0.1.jar:/Users/raliclo/.gradle/caches/modules-2/files-2.1/org.apache.kafka/kafka-streams/0.10.0.1/c75f34460a6a211fdd52df21c211b545c7a7411d/kafka-streams-0.10.0.1.jar:/Users/raliclo/.gradle/caches/modules-2/files-2.1/org.apache.kafka/kafka-examples/0.10.0.1/5564103cca117b6570ac46068b63986a7a312b5/kafka-examples-0.10.0.1.jar:/Users/raliclo/.gradle/caches/modules-2/files-2.1/org.apache.kafka/kafka-tools/0.10.0.1/12873447b75a2f4bb4fda27ee5348350939243e8/kafka-tools-0.10.0.1.jar:/Users/raliclo/.gradle/caches/modules-2/files-2.1/org.apache.kafka/kafka-log4j-appender/0.10.0.1/ee40a4d50830e2cc7d6dfd2586cfb2ed8fb187f6/kafka-log4j-appender-0.10.0.1.jar:/Users/raliclo/.gradle/caches/modules-2/files-2.1/org.apache.kafka/kafka-clients/0.10.0.1/36ebf4044d0e546bf74c95629d736ca63320a323/kafka-clients-0.10.0.1.jar:/Users/raliclo/.gradle/caches/modules-2/files-2.1/org.apache.kafka/connect-api/0.10.0.1/ecb51f0dd038d576350afac7394db2de13972bf5/connect-api-0.10.0.1.jar:/Users/raliclo/.gradle/caches/modules-2/files-2.1/org.apache.kafka/connect-json/0.10.0.1/bf27e812ad6674f40662a5edb3aec65f22f541b0/connect-json-0.10.0.1.jar:/Users/raliclo/.gradle/caches/modules-2/files-2.1/org.apache.kafka/connect-file/0.10.0.1/c447bce2f1a172e8c358fa73b1118473cf28a688/connect-file-0.10.0.1.jar:/Users/raliclo/.gradle/caches/modules-2/files-2.1/org.apache.kafka/connect-runtime/0.10.0.1/4e65eb2078da25065b142d54e833ea13b6188c2e/connect-runtime-0.10.0.1.jar:/Users/raliclo/.gradle/caches/modules-2/files-2.1/org.apache.kafka/kafka-streams-examples/0.10.0.1/58ff29abfc6c22f26d431d0ea5320e635e582435/kafka-streams-examples-0.10.0.1.jar:/Users/raliclo/.gradle/caches/modules-2/files-2.1/org.apache.kafka/kafka-hadoop-producer/0.8.2.2/685aa50923298cd77a5ec3b147561fb293fc0573/kafka-hadoop-producer-0.8.2.2.jar:/Users/raliclo/.gradle/caches/modules-2/files-2.1/org.apache.kafka/kafka-hadoop-consumer/0.8.2.2/717734b5fa82e4d494050913d5f8d5ca0f087ed1/kafka-hadoop-consumer-0.8.2.2.jar:/Users/raliclo/.gradle/caches/modules-2/files-2.1/org.apache.kafka/kafka-java-examples/0.8.0/b97efcbd43e0ed42f146ca3a012060d7d0a53405/kafka-java-examples-0.8.0.jar:/Users/raliclo/.gradle/caches/modules-2/files-2.1/org.apache.pdfbox/pdfbox/2.0.2/997dba365753d7da93255781fb17ee40fbca79bc/pdfbox-2.0.2.jar:/Users/raliclo/.gradle/caches/modules-2/files-2.1/com.itextpdf/itextpdf/5.5.9/af7e24e11af3aeb7f25dfe342b050dd1618f2a54/itextpdf-5.5.9.jar:/Users/raliclo/.gradle/caches/modules-2/files-2.1/com.google.code.gson/gson/2.7/751f548c85fa49f330cecbb1875893f971b33c4e/gson-2.7.jar:/Users/raliclo/.gradle/caches/modules-2/files-2.1/org.apache.avro/avro/1.8.1/f4e11d00055760dca33daab193192bd75cc87b59/avro-1.8.1.jar:/Users/raliclo/.gradle/caches/modules-2/files-2.1/org.apache.orc/orc-core/1.2.0/4589327ef6b7928d17d4cd0d85010698f4563587/orc-core-1.2.0.jar:/Users/raliclo/.gradle/caches/modules-2/files-2.1/org.apache.orc/orc-tools/1.2.0/bae3cc416196bed7e32f63169453c4bff0d6c928/orc-tools-1.2.0.jar:/Users/raliclo/.gradle/caches/modules-2/files-2.1/org.apache.orc/orc-mapreduce/1.2.0/7fb2c6c698c90bb7dc19f2dac3a153c6b55f02b9/orc-mapreduce-1.2.0.jar:/Users/raliclo/.gradle/caches/modules-2/files-2.1/com.twitter/parquet-format/2.2.0/df2f9943d5a0abf439705799c149f73e2d8749fa/parquet-format-2.2.0.jar:/Users/raliclo/.gradle/caches/modules-2/files-2.1/org.apache.hive/hive-exec/2.1.0/f6f7bf236e9b9b73c24c63c7d168dbbff4846fe7/hive-exec-2.1.0.jar:/Users/raliclo/.gradle/caches/modules-2/files-2.1/org.apache.hive/hive-orc/2.0.0/85ad8d4e77f3c8b5ea8ca82c207c91674f39e4be/hive-orc-2.0.0.jar:/Users/raliclo/.gradle/caches/modules-2/files-2.1/org.apache.hive/hive-serde/2.1.0/54de8501942565677cb58bf9745976b50df527b4/hive-serde-2.1.0.jar:/Users/raliclo/.gradle/caches/modules-2/files-2.1/org.apache.hive/hive-metastore/2.1.0/37ab23954547f3de9ae98a56038bf8b76e887ad2/hive-metastore-2.1.0.jar:/Users/raliclo/.gradle/caches/modules-2/files-2.1/org.apache.hive/hive-service/2.1.0/4bd13cfd7c0869a2175668a2b7726e7f3a33ed2d/hive-service-2.1.0.jar:/Users/raliclo/.gradle/caches/modules-2/files-2.1/org.apache.ignite/ignite-core/1.7.0/f7dfede85c4ac610aa5324deb46f3804e0f2d552/ignite-core-1.7.0.jar:/Users/raliclo/.gradle/caches/modules-2/files-2.1/org.apache.ignite/ignite-mesos/1.7.0/507daec3273cc838d5085da9794a6d43b6df2a8f/ignite-mesos-1.7.0.jar:/Users/raliclo/.gradle/caches/modules-2/files-2.1/org.apache.ignite/ignite-spring/1.7.0/eb2afe31819b309493902727e5426fa83a721554/ignite-spring-1.7.0.jar:/Users/raliclo/.gradle/caches/modules-2/files-2.1/org.apache.ignite/ignite-tools/1.7.0/d94c3b1bdfab874d9e5b18843eeaf71b289f40dc/ignite-tools-1.7.0.jar:/Users/raliclo/.gradle/caches/modules-2/files-2.1/org.apache.ignite/ignite-rest-http/1.7.0/1325b462054daed3d6b859d5213a0d453c1b43ab/ignite-rest-http-1.7.0.jar:/Users/raliclo/.gradle/caches/modules-2/files-2.1/org.apache.ignite/ignite-spark_2.10/1.7.0/496fad34911007b11a10f1ac8c891760a8024c15/ignite-spark_2.10-1.7.0.jar:/Users/raliclo/.gradle/caches/modules-2/files-2.1/org.apache.ignite/ignite-kafka/1.7.0/72831dce06ca7a3782999c319189dcfb8365715a/ignite-kafka-1.7.0.jar:/Users/raliclo/.gradle/caches/modules-2/files-2.1/org.apache.ignite/ignite-camel/1.7.0/fbf897c8dade4e25230d1d9d1619e71a23989c1e/ignite-camel-1.7.0.jar:/Users/raliclo/.gradle/caches/modules-2/files-2.1/org.apache.ignite/ignite-clients/1.7.0/268fbabb7196acdbf17f2bf22cc64a2eba8cba39/ignite-clients-1.7.0.jar:/Users/raliclo/.gradle/caches/modules-2/files-2.1/org.apache.ignite/ignite-examples/1.0.0-RC3/e8052b2f00f27082e99d2a0ce1a163afe8800771/ignite-examples-1.0.0-RC3.jar:/Users/raliclo/.gradle/caches/modules-2/files-2.1/org.apache.ignite/ignite-codegen/1.0.0-RC3/207e3d8256caa1594e1cac1134d1a6e5cae325ff/ignite-codegen-1.0.0-RC3.jar:/Users/raliclo/.gradle/caches/modules-2/files-2.1/org.ow2.asm/asm-all/6.0_ALPHA/b1d8d6a8fae4f4b44131c7f2390c1bfa99c82743/asm-all-6.0_ALPHA.jar:/Users/raliclo/.gradle/caches/modules-2/files-2.1/org.ow2.asm/asm-debug-all/6.0_ALPHA/ec4d186ad9f00839ff6c9ff4a6a849497db6b3d6/asm-debug-all-6.0_ALPHA.jar:/Users/raliclo/.gradle/caches/modules-2/files-2.1/org.ow2.asm/asm-analysis/6.0_ALPHA/41176e58e57e6bee25d5e27a59ad6eaacce0d9c/asm-analysis-6.0_ALPHA.jar:/Users/raliclo/.gradle/caches/modules-2/files-2.1/com.google.guava/guava/19.0/6ce200f6b23222af3d8abb6b6459e6c44f4bb0e9/guava-19.0.jar:/Users/raliclo/.gradle/caches/modules-2/files-2.1/com.google.guava/guava-gwt/19.0/3235e8eb68bc7bf704c6dd3f91f6deedd0aad798/guava-gwt-19.0.jar:/Users/raliclo/.gradle/caches/modules-2/files-2.1/com.google.guava/guava-tests/19.0/3ad206b27ef883790d84e214d5815c3d80eee5c/guava-tests-19.0.jar:/Users/raliclo/.gradle/caches/modules-2/files-2.1/com.google.guava/guava-testlib/19.0/ce5b880b206de3f76d364988a6308c68c726f74a/guava-testlib-19.0.jar:/Users/raliclo/.gradle/caches/modules-2/files-2.1/com.google.j2objc/j2objc-annotations/1.1/976d8d30bebc251db406f2bdb3eb01962b5685b3/j2objc-annotations-1.1.jar:/Users/raliclo/.gradle/caches/modules-2/files-2.1/com.google.inject/guice/4.1.0/eeb69005da379a10071aa4948c48d89250febb07/guice-4.1.0.jar:/Users/raliclo/.gradle/caches/modules-2/files-2.1/com.google.inject/jdk8-tests/4.1.0/58eda7c8d00935e8e45727f5efd87980a2e27905/jdk8-tests-4.1.0.jar:/Users/raliclo/.gradle/caches/modules-2/files-2.1/com.twitter/util-core_2.10/6.34.0/16e02ebb18337cde79249258d03eace0b4eacf33/util-core_2.10-6.34.0.jar:/Users/raliclo/.gradle/caches/modules-2/files-2.1/io.jsonwebtoken/jjwt/0.6.0/3c8a7897b9ca31c83d3dd364be7f75ce5cd417d7/jjwt-0.6.0.jar:/Users/raliclo/.gradle/caches/modules-2/files-2.1/com.vaadin/vaadin/7.0.0.alpha3/6e84538b89ea4ee7d6d9eb18f24bc5d7f594e0b7/vaadin-7.0.0.alpha3.jar:/Users/raliclo/.gradle/caches/modules-2/files-2.1/org.jmonkeyengine/jme3-desktop/3.1.0-beta1/3ee8a0543541137ce7e4e3297930391f3a90d1c7/jme3-desktop-3.1.0-beta1.jar:/Users/raliclo/.gradle/caches/modules-2/files-2.1/org.jmonkeyengine/jme3-lwjgl/3.1.0-beta1/9c29fa34737fb5a7da4966a5e10d7acc2d4f1740/jme3-lwjgl-3.1.0-beta1.jar:/Users/raliclo/.gradle/caches/modules-2/files-2.1/org.springframework.boot/spring-boot-starter-test/2.0.0.BUILD-SNAPSHOT/ea055f9873ea39a91ed99e7bb838dd80d0e51060/spring-boot-starter-test-2.0.0.BUILD-SNAPSHOT.jar:/Users/raliclo/.gradle/caches/modules-2/files-2.1/org.arquillian.cube/arquillian-cube-requirement/1.0.0.Alpha14/d5c9cbfa80c6ffdf77afcf0be99f5d6f5be71eb7/arquillian-cube-requirement-1.0.0.Alpha14.jar:/Users/raliclo/.gradle/caches/modules-2/files-2.1/org.arquillian.spacelift/arquillian-spacelift/1.0.0.Alpha8/437c2260215bfd55538cd98529f0a2001ef8988d/arquillian-spacelift-1.0.0.Alpha8.jar:/Users/raliclo/.gradle/caches/modules-2/files-2.1/net.serenity-bdd/serenity-core/1.1.42/6b9edf1b4de98ab68f2b026630962c9b0095ba74/serenity-core-1.1.42.jar:/Users/raliclo/.gradle/caches/modules-2/files-2.1/net.serenity-bdd/serenity-junit/1.1.42/b79d0e2e75b589d6d0526fbcf4998843bed2b1f7/serenity-junit-1.1.42.jar:/Users/raliclo/.gradle/caches/modules-2/files-2.1/org.assertj/assertj-core/3.5.2/a5d7feeea2d6a6a8686001a61f627dc1cca1fe6a/assertj-core-3.5.2.jar:/Users/raliclo/.gradle/caches/modules-2/files-2.1/info.cukes/cucumber-java8/1.2.4/95cc2d2c27c5be507ad1ad427a59b98cce23282b/cucumber-java8-1.2.4.jar:/Users/raliclo/.gradle/caches/modules-2/files-2.1/info.cukes/cucumber-java/1.2.4/57cca534b7abe43f6dd7624b90d3d97d33d3023d/cucumber-java-1.2.4.jar:/Users/raliclo/.gradle/caches/modules-2/files-2.1/info.cukes/cucumber-scala_2.12/1.2.4/7739b282ab75100ee54522dbb6436bb69cac25b8/cucumber-scala_2.12-1.2.4.jar:/Users/raliclo/.gradle/caches/modules-2/files-2.1/info.cukes/cucumber-testng/1.2.4/4b24c1d69be9504c6ec2b0f0e68ee464f9d30bfe/cucumber-testng-1.2.4.jar:/Users/raliclo/.gradle/caches/modules-2/files-2.1/info.cukes/cucumber-junit/1.2.4/8a57b68486cff4da4f10019cb9c62c597a6d2861/cucumber-junit-1.2.4.jar:/Users/raliclo/.gradle/caches/modules-2/files-2.1/org.testng/testng/6.9.12/354eba9b34737190bad0a72dd5671683cfbae24d/testng-6.9.12.jar:/Users/raliclo/.gradle/caches/modules-2/files-2.1/org.junit.jupiter/junit-jupiter-api/5.0.0-M3/a0f3d812b3f3b394f0f6b1998f706a3685b28cbe/junit-jupiter-api-5.0.0-M3.jar:/Users/raliclo/.gradle/caches/modules-2/files-2.1/org.scalatest/scalatest-app_2.12.0-M5/3.0.0/f0a52393e035c4b10eba6443ea61c495b8ff9b03/scalatest-app_2.12.0-M5-3.0.0.jar:/Users/raliclo/.gradle/caches/modules-2/files-2.1/org.scalatest/scalatest_2.11/3.0.0/5cd41e3452a015179356ab30de4440ae7dc999f8/scalatest_2.11-3.0.0.jar:/Users/raliclo/.gradle/caches/modules-2/files-2.1/org.junit.jupiter/junit-jupiter-engine/5.0.0-M3/f16a093cdb429dd643638f2f4c617f70568fb3/junit-jupiter-engine-5.0.0-M3.jar:/Users/raliclo/.gradle/caches/modules-2/files-2.1/org.apache.logging.log4j/log4j-jul/2.5/2c679bb8b6ec7e204615045c9943e6b4dbfd45ab/log4j-jul-2.5.jar:/Users/raliclo/.gradle/caches/modules-2/files-2.1/org.pegdown/pegdown/1.6.0/231ae49d913467deb2027d0b8a0b68b231deef4f/pegdown-1.6.0.jar:/Users/raliclo/.gradle/caches/modules-2/files-2.1/ch.qos.logback/logback-core/1.1.7/7873092d39ef741575ca91378a6a21c388363ac8/logback-core-1.1.7.jar:/Users/raliclo/.gradle/caches/modules-2/files-2.1/com.vaadin/vaadin-shared/7.7.5/9c39aa08a3fc8cc658d7c0b05e29bcfb42cfee38/vaadin-shared-7.7.5.jar:/Users/raliclo/.gradle/caches/modules-2/files-2.1/com.vaadin.external.gwt/gwt-elemental/2.7.0.vaadin4/c7f201d2af808364a408ded39aa97c486c8f6463/gwt-elemental-2.7.0.vaadin4.jar:/Users/raliclo/.gradle/caches/modules-2/files-2.1/com.vaadin/vaadin-sass-compiler/0.9.13/663088831773c35e033ea1538b96d817ce7cef52/vaadin-sass-compiler-0.9.13.jar:/Users/raliclo/.gradle/caches/modules-2/files-2.1/org.springframework/spring-web/5.0.0.BUILD-SNAPSHOT/e95fceb057b5c576c6d3cb4414f901f6ca71832a/spring-web-5.0.0.BUILD-SNAPSHOT.jar:/Users/raliclo/.gradle/caches/modules-2/files-2.1/io.netty/netty-common/4.1.5.Final/607f8433d8782445e72abe34e43a7e57e86a5e6c/netty-common-4.1.5.Final.jar:/Users/raliclo/.gradle/caches/modules-2/files-2.1/io.netty/netty-buffer/4.1.5.Final/b5fb6bccda4d63d4a74c9faccdf32f77ab66abc1/netty-buffer-4.1.5.Final.jar:/Users/raliclo/.gradle/caches/modules-2/files-2.1/io.netty/netty-transport/4.1.5.Final/37126b370722ff9631ee13c91139aacec0a71d1d/netty-transport-4.1.5.Final.jar:/Users/raliclo/.gradle/caches/modules-2/files-2.1/io.netty/netty-handler/4.1.5.Final/6262900ee9487e62560030a136160df953b1cd6b/netty-handler-4.1.5.Final.jar:/Users/raliclo/.gradle/caches/modules-2/files-2.1/io.netty/netty-handler-proxy/4.1.5.Final/46eebc10fe115eef1203733359071304d993aee8/netty-handler-proxy-4.1.5.Final.jar:/Users/raliclo/.gradle/caches/modules-2/files-2.1/io.netty/netty-codec-http/4.1.5.Final/87bda1b9ec7e3f75ca721fc87735cbedad2aa1a/netty-codec-http-4.1.5.Final.jar:/Users/raliclo/.gradle/caches/modules-2/files-2.1/io.netty/netty-codec-http2/4.1.5.Final/6568f4fefc2ce0a8761e5bc14d95a6ba1758be29/netty-codec-http2-4.1.5.Final.jar:/Users/raliclo/.gradle/caches/modules-2/files-2.1/io.netty/netty-resolver/4.1.5.Final/5f367bedcdc185a727fda3296b9a18014cdc22c4/netty-resolver-4.1.5.Final.jar:/Users/raliclo/.gradle/caches/modules-2/files-2.1/io.netty/netty-resolver-dns/4.1.5.Final/5c7bc8523cdb5f1870f012afd01e0242e733e133/netty-resolver-dns-4.1.5.Final.jar:/Users/raliclo/.gradle/caches/modules-2/files-2.1/org.seleniumhq.selenium/selenium-opera-driver/3.0.0-beta3/fad8bb9a45c0891d3ffa34e7c0eec5aed42aaae5/selenium-opera-driver-3.0.0-beta3.jar:/Users/raliclo/.gradle/caches/modules-2/files-2.1/com.beust/jcommander/1.48/bfcb96281ea3b59d626704f74bc6d625ff51cbce/jcommander-1.48.jar:/Users/raliclo/.gradle/caches/modules-2/files-2.1/org.seleniumhq.selenium/htmlunit-driver/2.23.2/1582416caf21973acab93be81cbc5e5ee3d4e21e/htmlunit-driver-2.23.2.jar:/Users/raliclo/.gradle/caches/modules-2/files-2.1/net.jcip/jcip-annotations/1.0/afba4942caaeaf46aab0b976afd57cc7c181467e/jcip-annotations-1.0.jar:/Users/raliclo/.gradle/caches/modules-2/files-2.1/org.seleniumhq.selenium/jetty-repacked/9.2.13.v20160825/eda6a963ddd432961f3f5c3918f068d07f9dffc1/jetty-repacked-9.2.13.v20160825.jar:/Users/raliclo/.gradle/caches/modules-2/files-2.1/org.yaml/snakeyaml/1.17/7a27ea250c5130b2922b86dea63cbb1cc10a660c/snakeyaml-1.17.jar:/Users/raliclo/.gradle/caches/modules-2/files-2.1/org.seleniumhq.selenium/selenium-api/2.53.1/b00ff9f84bfa214fda742c1287a06d447e92910e/selenium-api-2.53.1.jar:/Users/raliclo/.gradle/caches/modules-2/files-2.1/cglib/cglib-nodep/3.2.4/42c972dee25a436b32c6027e848287ff47ed6750/cglib-nodep-3.2.4.jar:/Users/raliclo/.gradle/caches/modules-2/files-2.1/org.apache.commons/commons-exec/1.3/8dfb9facd0830a27b1b5f29f84593f0aeee7773b/commons-exec-1.3.jar:/Users/raliclo/.gradle/caches/modules-2/files-2.1/org.apache.httpcomponents/httpclient/4.5.2/733db77aa8d9b2d68015189df76ab06304406e50/httpclient-4.5.2.jar:/Users/raliclo/.gradle/caches/modules-2/files-2.1/org.apache.httpcomponents/httpmime/4.5.2/22b4c53dd9b6761024258de8f9240c3dce6ea368/httpmime-4.5.2.jar:/Users/raliclo/.gradle/caches/modules-2/files-2.1/net.java.dev.jna/jna/4.2.2/5012450aee579c3118ff09461d5ce210e0cdc2a9/jna-4.2.2.jar:/Users/raliclo/.gradle/caches/modules-2/files-2.1/net.java.dev.jna/jna-platform/4.1.0/23457ad1cf75c2c16763330de5565a0e67b4bc0a/jna-platform-4.1.0.jar:/Users/raliclo/.gradle/caches/modules-2/files-2.1/junit/junit/4.12/2973d150c0dc1fefe998f834810d68f278ea58ec/junit-4.12.jar:/Users/raliclo/.gradle/caches/modules-2/files-2.1/net.sourceforge.htmlunit/htmlunit/2.23/51e8f01b7ce983a5eba4a690ddcf946573c75138/htmlunit-2.23.jar:/Users/raliclo/.gradle/caches/modules-2/files-2.1/org.apache.httpcomponents/httpclient-cache/4.5.2/bd50ea83908dbf2f387a333216e66d2f0c5079bd/httpclient-cache-4.5.2.jar:/Users/raliclo/.gradle/caches/modules-2/files-2.1/org.zeroturnaround/zt-process/1.3/cb2ba7dcae545dc8d29baa85d6f6ce9bdbfbd3b8/zt-process-1.3.jar:/Users/raliclo/.gradle/caches/modules-2/files-2.1/io.github.lukehutch/fast-classpath-scanner/1.93.0/2d2fbadbbb197775462d42335c78c28c1110fabd/fast-classpath-scanner-1.93.0.jar:/Users/raliclo/.gradle/caches/modules-2/files-2.1/org.springframework.boot/spring-boot-autoconfigure/2.0.0.BUILD-SNAPSHOT/78ff9b9fab577935191b82b4a1032936846e4b72/spring-boot-autoconfigure-2.0.0.BUILD-SNAPSHOT.jar:/Users/raliclo/.gradle/caches/modules-2/files-2.1/org.springframework.boot/spring-boot-starter-logging/2.0.0.BUILD-SNAPSHOT/3f603dad3978b8e5b87bea730d0d20f6e8ed1204/spring-boot-starter-logging-2.0.0.BUILD-SNAPSHOT.jar:/Users/raliclo/.gradle/caches/modules-2/files-2.1/org.springframework.boot/spring-boot-starter-tomcat/2.0.0.BUILD-SNAPSHOT/f67dbab0e82cd44e3bd21f01a0849cd7b2e35ec4/spring-boot-starter-tomcat-2.0.0.BUILD-SNAPSHOT.jar:/Users/raliclo/.gradle/caches/modules-2/files-2.1/org.hibernate/hibernate-validator/5.2.4.Final/fb18766b576aa6632bcfe9a20a023cbd52bf9769/hibernate-validator-5.2.4.Final.jar:/Users/raliclo/.gradle/caches/modules-2/files-2.1/org.springframework/spring-webmvc/5.0.0.BUILD-SNAPSHOT/84a6eaf6ed979737676376b9ad8c663b77c12225/spring-webmvc-5.0.0.BUILD-SNAPSHOT.jar:/Users/raliclo/.gradle/caches/modules-2/files-2.1/org.springframework.boot/spring-boot-starter-aop/2.0.0.BUILD-SNAPSHOT/6758602d3414a312c1844565a3a6eb6c8edb8e/spring-boot-starter-aop-2.0.0.BUILD-SNAPSHOT.jar:/Users/raliclo/.gradle/caches/modules-2/files-2.1/org.springframework.boot/spring-boot-starter-jdbc/2.0.0.BUILD-SNAPSHOT/bad653cdd3a94aff57ac9af7dcf82a049b5a0b2a/spring-boot-starter-jdbc-2.0.0.BUILD-SNAPSHOT.jar:/Users/raliclo/.gradle/caches/modules-2/files-2.1/org.hibernate/hibernate-entitymanager/5.0.11.Final/549565caed4e0bcb816843693e66ff7b04ce025f/hibernate-entitymanager-5.0.11.Final.jar:/Users/raliclo/.gradle/caches/modules-2/files-2.1/javax.transaction/javax.transaction-api/1.2/d81aff979d603edd90dcd8db2abc1f4ce6479e3e/javax.transaction-api-1.2.jar:/Users/raliclo/.gradle/caches/modules-2/files-2.1/org.springframework.data/spring-data-jpa/1.11.0.BUILD-SNAPSHOT/983adecbbb5000bfb4e539453bff6a957fba57f7/spring-data-jpa-1.11.0.BUILD-SNAPSHOT.jar:/Users/raliclo/.gradle/caches/modules-2/files-2.1/org.springframework/spring-aspects/5.0.0.BUILD-SNAPSHOT/c0e2c82947729506e10d583585765f257fdc328a/spring-aspects-5.0.0.BUILD-SNAPSHOT.jar:/Users/raliclo/.gradle/caches/modules-2/files-2.1/org.thymeleaf/thymeleaf-spring4/2.1.5.RELEASE/74cb9028e99597b5d71a98e919fd531a7fc290b4/thymeleaf-spring4-2.1.5.RELEASE.jar:/Users/raliclo/.gradle/caches/modules-2/files-2.1/nz.net.ultraq.thymeleaf/thymeleaf-layout-dialect/1.4.0/8d7810c069ed1534b9631fb1e85c35973546086/thymeleaf-layout-dialect-1.4.0.jar:/Users/raliclo/.gradle/caches/modules-2/files-2.1/org.springframework/spring-aop/5.0.0.BUILD-SNAPSHOT/8b52eca2ea4579aa462e57275fe853dd5867346f/spring-aop-5.0.0.BUILD-SNAPSHOT.jar:/Users/raliclo/.gradle/caches/modules-2/files-2.1/org.springframework.security/spring-security-config/4.2.0.RELEASE/e34283c282e1afc7ad2efb88c830bf8c0b74aa35/spring-security-config-4.2.0.RELEASE.jar:/Users/raliclo/.gradle/caches/modules-2/files-2.1/org.springframework.security/spring-security-web/4.2.0.RELEASE/bd8415c9e15b8c66adce85c20e585e2a700535e9/spring-security-web-4.2.0.RELEASE.jar:/Users/raliclo/.gradle/caches/modules-2/files-2.1/org.json/json/20140107/d1ffca6e2482b002702c6a576166fd685e3370e3/json-20140107.jar:/Users/raliclo/.gradle/caches/modules-2/files-2.1/org.eclipse.jetty/jetty-servlets/9.3.14.v20161028/6f49da101a1c3cd1ccd78ac38391bbc36619658e/jetty-servlets-9.3.14.v20161028.jar:/Users/raliclo/.gradle/caches/modules-2/files-2.1/org.eclipse.jetty.websocket/websocket-server/9.3.14.v20161028/83dcfeca469cd5264aeaeb661629cad760281494/websocket-server-9.3.14.v20161028.jar:/Users/raliclo/.gradle/caches/modules-2/files-2.1/org.eclipse.jetty.websocket/javax-websocket-server-impl/9.3.14.v20161028/c461343c68056ea296e1817416538cf2b8eafe29/javax-websocket-server-impl-9.3.14.v20161028.jar:/Users/raliclo/.gradle/caches/modules-2/files-2.1/org.mortbay.jasper/apache-el/8.0.33/1b8fa2179b3937cada939317bb135815e79c0ac2/apache-el-8.0.33.jar:/Users/raliclo/.gradle/caches/modules-2/files-2.1/org.springframework.boot/spring-boot-actuator/2.0.0.BUILD-SNAPSHOT/60aa078b1b12225232a1a9a42e5cc03fe250495e/spring-boot-actuator-2.0.0.BUILD-SNAPSHOT.jar:/Users/raliclo/.gradle/caches/modules-2/files-2.1/commons-logging/commons-logging/1.2/4bfc12adfe4842bf07b657f0369c4cb522955686/commons-logging-1.2.jar:/Users/raliclo/.gradle/caches/modules-2/files-2.1/org.springframework/spring-expression/5.0.0.BUILD-SNAPSHOT/1b53357169364c74e60e0306da5aa858a4dc7ca1/spring-expression-5.0.0.BUILD-SNAPSHOT.jar:/Users/raliclo/.gradle/caches/modules-2/files-2.1/org.eclipse.jetty/jetty-io/9.3.14.v20161028/52d796b58c3a997e59e6b47c4bf022cedcba3514/jetty-io-9.3.14.v20161028.jar:/Users/raliclo/.gradle/caches/modules-2/files-2.1/org.eclipse.jetty/jetty-security/9.3.14.v20161028/68be91fa1bcc82eed1709d36e6a85db7d5aff331/jetty-security-9.3.14.v20161028.jar:/Users/raliclo/.gradle/caches/modules-2/files-2.1/commons-cli/commons-cli/1.2/2bf96b7aa8b611c177d329452af1dc933e14501c/commons-cli-1.2.jar:/Users/raliclo/.gradle/caches/modules-2/files-2.1/xmlenc/xmlenc/0.52/d82554efbe65906d83b3d97bd7509289e9db561a/xmlenc-0.52.jar:/Users/raliclo/.gradle/caches/modules-2/files-2.1/commons-codec/commons-codec/1.10/4b95f4897fa13f2cd904aee711aeafc0c5295cd8/commons-codec-1.10.jar:/Users/raliclo/.gradle/caches/modules-2/files-2.1/commons-collections/commons-collections/3.2.2/8ad72fe39fa8c91eaaf12aadb21e0c3661fe26d5/commons-collections-3.2.2.jar:/Users/raliclo/.gradle/caches/modules-2/files-2.1/javax.servlet/servlet-api/2.5/5959582d97d8b61f4d154ca9e495aafd16726e34/servlet-api-2.5.jar:/Users/raliclo/.gradle/caches/modules-2/files-2.1/org.mortbay.jetty/jetty/6.1.26/2f546e289fddd5b1fab1d4199fbb6e9ef43ee4b0/jetty-6.1.26.jar:/Users/raliclo/.gradle/caches/modules-2/files-2.1/org.mortbay.jetty/jetty-util/6.1.26/e5642fe0399814e1687d55a3862aa5a3417226a9/jetty-util-6.1.26.jar:/Users/raliclo/.gradle/caches/modules-2/files-2.1/org.mortbay.jetty/jetty-sslengine/6.1.26/60367999cee49a3b09fa86bdcb52310b6c896014/jetty-sslengine-6.1.26.jar:/Users/raliclo/.gradle/caches/modules-2/files-2.1/javax.servlet.jsp/jsp-api/2.1/63f943103f250ef1f3a4d5e94d145a0f961f5316/jsp-api-2.1.jar:/Users/raliclo/.gradle/caches/modules-2/files-2.1/com.sun.jersey/jersey-core/1.19/9a0619e2c514a79b610f17cadaae619c0a08d6a6/jersey-core-1.19.jar:/Users/raliclo/.gradle/caches/modules-2/files-2.1/com.sun.jersey/jersey-servlet/1.19/2f19f1f7096d0fe3e09ae5698e4427114c23ad03/jersey-servlet-1.19.jar:/Users/raliclo/.gradle/caches/modules-2/files-2.1/com.sun.jersey/jersey-json/1.19/12491ab748d2bee7be96629a749f361154e6705f/jersey-json-1.19.jar:/Users/raliclo/.gradle/caches/modules-2/files-2.1/com.sun.jersey/jersey-server/1.19/ee2ff839a65097eb12004edd909bcb4a97a2832c/jersey-server-1.19.jar:/Users/raliclo/.gradle/caches/modules-2/files-2.1/net.java.dev.jets3t/jets3t/0.9.0/792bc96ee7e57b89f472aa0cb5a31015b9f59c96/jets3t-0.9.0.jar:/Users/raliclo/.gradle/caches/modules-2/files-2.1/commons-lang/commons-lang/2.6/ce1edb914c94ebc388f086c6827e8bdeec71ac2/commons-lang-2.6.jar:/Users/raliclo/.gradle/caches/modules-2/files-2.1/org.codehaus.jackson/jackson-core-asl/1.9.13/3c304d70f42f832e0a86d45bd437f692129299a4/jackson-core-asl-1.9.13.jar:/Users/raliclo/.gradle/caches/modules-2/files-2.1/org.codehaus.jackson/jackson-mapper-asl/1.9.13/1ee2f2bed0e5dd29d1cb155a166e6f8d50bbddb7/jackson-mapper-asl-1.9.13.jar:/Users/raliclo/.gradle/caches/modules-2/files-2.1/com.google.re2j/re2j/1.0/d24ac5f945b832d93a55343cd1645b1ba3eca7c3/re2j-1.0.jar:/Users/raliclo/.gradle/caches/modules-2/files-2.1/com.jcraft/jsch/0.1.51/6ceee2696b07cc320d0e1aaea82c7b40768aca0f/jsch-0.1.51.jar:/Users/raliclo/.gradle/caches/modules-2/files-2.1/org.apache.curator/curator-client/2.7.1/a591dfc085db3e9d4d480381cc7e6ae8a26b34af/curator-client-2.7.1.jar:/Users/raliclo/.gradle/caches/modules-2/files-2.1/org.apache.curator/curator-recipes/2.7.1/a2c180efc6a38a4f8c9197eb35bb4eb5716cd2fa/curator-recipes-2.7.1.jar:/Users/raliclo/.gradle/caches/modules-2/files-2.1/org.apache.htrace/htrace-core4/4.0.1-incubating/f4ef727cb4675788ac66f48e217020acc1690960/htrace-core4-4.0.1-incubating.jar:/Users/raliclo/.gradle/caches/modules-2/files-2.1/org.apache.zookeeper/zookeeper/3.4.8/f02eeeeb9ff6fe17fea3362cbc7a691ada7be769/zookeeper-3.4.8-tests.jar:/Users/raliclo/.gradle/caches/modules-2/files-2.1/org.apache.kerby/kerb-simplekdc/1.0.0-RC2/9838ba87c7b89cc8778db0ca9335779667e0fcdb/kerb-simplekdc-1.0.0-RC2.jar:/Users/raliclo/.gradle/caches/modules-2/files-2.1/org.apache.hadoop/hadoop-common/3.0.0-alpha1/353b7256583ce8c1a380505b3fa5e7d9c8e669f1/hadoop-common-3.0.0-alpha1-tests.jar:/Users/raliclo/.gradle/caches/modules-2/files-2.1/org.apache.hadoop/hadoop-hdfs-client/3.0.0-alpha1/f6e7bc9302f3504e2f5bf814cd18c97759badd79/hadoop-hdfs-client-3.0.0-alpha1.jar:/Users/raliclo/.gradle/caches/modules-2/files-2.1/org.apache.hadoop/hadoop-mapreduce-client-jobclient/3.0.0-alpha1/8fa165b5bf5d70733c796d7319d8b8fc3cd654c8/hadoop-mapreduce-client-jobclient-3.0.0-alpha1-tests.jar:/Users/raliclo/.gradle/caches/modules-2/files-2.1/commons-daemon/commons-daemon/1.0.13/750856a1fdb3ddf721ccf73c3518e4211cffc3a3/commons-daemon-1.0.13.jar:/Users/raliclo/.gradle/caches/modules-2/files-2.1/com.twitter/hpack/0.11.0/9672e39c94613ea85fdbc8a50d1af57631805b9/hpack-0.11.0.jar:/Users/raliclo/.gradle/caches/modules-2/files-2.1/org.fusesource.leveldbjni/leveldbjni-all/1.8/707350a2eeb1fa2ed77a32ddb3893ed308e941db/leveldbjni-all-1.8.jar:/Users/raliclo/.gradle/caches/modules-2/files-2.1/com.google.inject.extensions/guice-servlet/4.0/4503da866f4c402b5090579b40c1c4aaefabb164/guice-servlet-4.0.jar:/Users/raliclo/.gradle/caches/modules-2/files-2.1/org.apache.hadoop/hadoop-yarn-server-web-proxy/3.0.0-alpha1/e1b36146753829f54b272997ab50c22c40a0a62f/hadoop-yarn-server-web-proxy-3.0.0-alpha1-tests.jar:/Users/raliclo/.gradle/caches/modules-2/files-2.1/org.apache.hadoop/hadoop-hdfs/3.0.0-alpha1/26228b7fa60ccf65db82f4bfd5a8e5c327061ba7/hadoop-hdfs-3.0.0-alpha1-tests.jar:/Users/raliclo/.gradle/caches/modules-2/files-2.1/javax.xml.bind/jaxb-api/2.2.2/aeb3021ca93dde265796d82015beecdcff95bf09/jaxb-api-2.2.2.jar:/Users/raliclo/.gradle/caches/modules-2/files-2.1/com.sun.jersey/jersey-client/1.19/6836ee36dba2b3ac1d0ff4733129fba8aba7f963/jersey-client-1.19.jar:/Users/raliclo/.gradle/caches/modules-2/files-2.1/org.codehaus.jackson/jackson-jaxrs/1.9.13/534d72d2b9d6199dd531dfb27083dd4844082bba/jackson-jaxrs-1.9.13.jar:/Users/raliclo/.gradle/caches/modules-2/files-2.1/org.codehaus.jackson/jackson-xc/1.9.13/e3480072bc95c202476ffa1de99ff7ee9149f29c/jackson-xc-1.9.13.jar:/Users/raliclo/.gradle/caches/modules-2/files-2.1/com.sun.jersey.contribs/jersey-guice/1.19/57106fa1b02f7d7fbca88adf2caa0d51f00b7799/jersey-guice-1.19.jar:/Users/raliclo/.gradle/caches/modules-2/files-2.1/com.codahale.metrics/metrics-core/3.0.1/1e98427c7f6e53363b598e2943e50903ce4f3657/metrics-core-3.0.1.jar:/Users/raliclo/.gradle/caches/modules-2/files-2.1/org.apache.hadoop/hadoop-yarn-server-applicationhistoryservice/3.0.0-alpha1/35d1a5e7156e5fba972d686e1588e9b7d2bd0394/hadoop-yarn-server-applicationhistoryservice-3.0.0-alpha1.jar:/Users/raliclo/.gradle/caches/modules-2/files-2.1/org.apache.hadoop/hadoop-yarn-server-timelineservice/3.0.0-alpha1/a49e19a7c004ab8e1f7901ca373c1f4238f07d/hadoop-yarn-server-timelineservice-3.0.0-alpha1.jar:/Users/raliclo/.gradle/caches/modules-2/files-2.1/org.apache.curator/curator-test/2.7.1/6a4ce659a26036f44319837bc343c383b0c5a411/curator-test-2.7.1.jar:/Users/raliclo/.gradle/caches/modules-2/files-2.1/com.nimbusds/nimbus-jose-jwt/3.9/db91ef101bb59af08371bfc8e39fa83423f20954/nimbus-jose-jwt-3.9.jar:/Users/raliclo/.gradle/caches/modules-2/files-2.1/org.apache.curator/curator-framework/2.7.1/8c7b1eeb78e43bb91ea737111ba3dec0512be876/curator-framework-2.7.1.jar:/Users/raliclo/.gradle/caches/modules-2/files-2.1/org.apache.hadoop/hadoop-yarn-server-tests/3.0.0-alpha1/42ecb8de1112176065eebfab30ed11174470e091/hadoop-yarn-server-tests-3.0.0-alpha1-tests.jar:/Users/raliclo/.gradle/caches/modules-2/files-2.1/org.apache.hadoop/hadoop-core/1.2.1/3e5874122a26a735162a380627210779b41bfd59/hadoop-core-1.2.1.jar:/Users/raliclo/.gradle/caches/modules-2/files-2.1/org.apache.ftpserver/ftplet-api/1.0.0/457ca5bbc4b614d1712e8ebb336b3ba1e16a9642/ftplet-api-1.0.0.jar:/Users/raliclo/.gradle/caches/modules-2/files-2.1/org.apache.mina/mina-core/2.0.0-M5/a024f13898ad5df38d4e3173f478eacc94f63567/mina-core-2.0.0-M5.jar:/Users/raliclo/.gradle/caches/modules-2/files-2.1/org.apache.ftpserver/ftpserver-core/1.0.0/47c8480cc3bfda85d578e3368e78103cb9e9bed7/ftpserver-core-1.0.0.jar:/Users/raliclo/.gradle/caches/modules-2/files-2.1/org.apache.ftpserver/ftpserver-deprecated/1.0.0-M2/a1f5645a02a438ba0e115c967262c7818e308fcb/ftpserver-deprecated-1.0.0-M2.jar:/Users/raliclo/.gradle/caches/modules-2/files-2.1/org.apache.avro/avro-mapred/1.7.7/d8f23aff4a3c827c6a35009c8182872bfc0e52f5/avro-mapred-1.7.7-hadoop2.jar:/Users/raliclo/.gradle/caches/modules-2/files-2.1/com.twitter/chill_2.11/0.8.0/3cbb2bf5382e5a2abfce0e258637060ed23266fc/chill_2.11-0.8.0.jar:/Users/raliclo/.gradle/caches/modules-2/files-2.1/com.twitter/chill-java/0.8.0/7ab1c85ae80f25c6e6d4aab720ff9394a5ac4d5d/chill-java-0.8.0.jar:/Users/raliclo/.gradle/caches/modules-2/files-2.1/org.apache.xbean/xbean-asm5-shaded/4.4/a413bb5a8571d4c86a47e8a0272ba7ab0d1a17f5/xbean-asm5-shaded-4.4.jar:/Users/raliclo/.gradle/caches/modules-2/files-2.1/org.apache.hadoop/hadoop-client/3.0.0-alpha1/f021bbfea7ac42582f77daaad33f9a3fa39032c2/hadoop-client-3.0.0-alpha1-tests.jar:/Users/raliclo/.gradle/caches/modules-2/files-2.1/org.apache.spark/spark-launcher_2.11/2.0.0/9c3e1bd84ccb099e86ea232f5acd8fec1a61e291/spark-launcher_2.11-2.0.0.jar:/Users/raliclo/.gradle/caches/modules-2/files-2.1/org.apache.spark/spark-network-common_2.11/2.0.0/b451dae899ee8138e96319528eed64f7e849dbe2/spark-network-common_2.11-2.0.0.jar:/Users/raliclo/.gradle/caches/modules-2/files-2.1/org.apache.spark/spark-network-shuffle_2.11/2.0.0/233c036e88761424212508b2a6a55633a3cf4ec8/spark-network-shuffle_2.11-2.0.0.jar:/Users/raliclo/.gradle/caches/modules-2/files-2.1/org.slf4j/jul-to-slf4j/1.7.21/2f22c882ffa479d1e9ff4eb0e8e2c29f2a0871ed/jul-to-slf4j-1.7.21.jar:/Users/raliclo/.gradle/caches/modules-2/files-2.1/org.slf4j/jcl-over-slf4j/1.7.21/331b564a3a42f002a0004b039c1c430da89062cd/jcl-over-slf4j-1.7.21.jar:/Users/raliclo/.gradle/caches/modules-2/files-2.1/com.ning/compress-lzf/1.0.3/3e1495b0c532ebe58f1c8b1c5d9b3bdcc6c1504c/compress-lzf-1.0.3.jar:/Users/raliclo/.gradle/caches/modules-2/files-2.1/net.jpountz.lz4/lz4/1.3.0/c708bb2590c0652a642236ef45d9f99ff842a2ce/lz4-1.3.0.jar:/Users/raliclo/.gradle/caches/modules-2/files-2.1/org.roaringbitmap/RoaringBitmap/0.5.11/e6b04760ea1896fc36beea4f11b8649481bf5af7/RoaringBitmap-0.5.11.jar:/Users/raliclo/.gradle/caches/modules-2/files-2.1/org.json4s/json4s-jackson_2.11/3.2.11/23101cc7e917e2005b8b244dbd2949ca6d8ff107/json4s-jackson_2.11-3.2.11.jar:/Users/raliclo/.gradle/caches/modules-2/files-2.1/org.glassfish.jersey.core/jersey-server/2.24/5b611d640753c32c8edea99ba7f0b2124adb01e4/jersey-server-2.24.jar:/Users/raliclo/.gradle/caches/modules-2/files-2.1/org.glassfish.jersey.containers/jersey-container-servlet/2.24/8e9381abe5733f386f3366d43f0777d62da6b128/jersey-container-servlet-2.24.jar:/Users/raliclo/.gradle/caches/modules-2/files-2.1/org.glassfish.jersey.containers/jersey-container-servlet-core/2.24/5c7333f047b3e7eeb6ed085f5b6f2e81849eef01/jersey-container-servlet-core-2.24.jar:/Users/raliclo/.gradle/caches/modules-2/files-2.1/org.apache.mesos/mesos/1.0.0/305afe1cd47797e6eb2fa7b3d351af1dae1971e5/mesos-1.0.0-shaded-protobuf.jar:/Users/raliclo/.gradle/caches/modules-2/files-2.1/com.clearspring.analytics/stream/2.7.0/9998f8cf87d329fef226405f8d519638cfe1431d/stream-2.7.0.jar:/Users/raliclo/.gradle/caches/modules-2/files-2.1/io.dropwizard.metrics/metrics-core/3.1.2/224f03afd2521c6c94632f566beb1bb5ee32cf07/metrics-core-3.1.2.jar:/Users/raliclo/.gradle/caches/modules-2/files-2.1/io.dropwizard.metrics/metrics-jvm/3.1.2/ed364e77218e50fdcdebce4d982cb4d1f4a8c187/metrics-jvm-3.1.2.jar:/Users/raliclo/.gradle/caches/modules-2/files-2.1/io.dropwizard.metrics/metrics-json/3.1.2/88d9e57e1ef6431109d4030c717cf5f927900fd9/metrics-json-3.1.2.jar:/Users/raliclo/.gradle/caches/modules-2/files-2.1/io.dropwizard.metrics/metrics-graphite/3.1.2/15a68399652c6123fe6e4c82ac4f0749e2eb6583/metrics-graphite-3.1.2.jar:/Users/raliclo/.gradle/caches/modules-2/files-2.1/com.fasterxml.jackson.module/jackson-module-scala_2.11/2.6.5/7987dd253ccab6c25b39eea5c98a6e450dac71d6/jackson-module-scala_2.11-2.6.5.jar:/Users/raliclo/.gradle/caches/modules-2/files-2.1/org.apache.ivy/ivy/2.4.0/5abe4c24bbe992a9ac07ca563d5bd3e8d569e9ed/ivy-2.4.0.jar:/Users/raliclo/.gradle/caches/modules-2/files-2.1/oro/oro/2.0.8/5592374f834645c4ae250f4c9fbb314c9369d698/oro-2.0.8.jar:/Users/raliclo/.gradle/caches/modules-2/files-2.1/net.razorvine/pyrolite/4.9/ed38335f0609a1a623921096724726d9b823c938/pyrolite-4.9.jar:/Users/raliclo/.gradle/caches/modules-2/files-2.1/net.sf.py4j/py4j/0.10.1/f87bf4daec67dda6591a60d52683123a1e9c254c/py4j-0.10.1.jar:/Users/raliclo/.gradle/caches/modules-2/files-2.1/org.spark-project.spark/unused/1.0.0/205fe37a2fade6ce6dfcf8eff57ed21a4a1c22af/unused-1.0.0.jar:/Users/raliclo/.gradle/caches/modules-2/files-2.1/com.univocity/univocity-parsers/2.1.1/f0b4ce099fe3c5b3d8b86f4d46554c2ed78ae3bc/univocity-parsers-2.1.1.jar:/Users/raliclo/.gradle/caches/modules-2/files-2.1/org.apache.spark/spark-sketch_2.11/2.0.0/34d31dd8512d79e5992a352ec421ab938ab463f2/spark-sketch_2.11-2.0.0.jar:/Users/raliclo/.gradle/caches/modules-2/files-2.1/org.apache.spark/spark-catalyst_2.11/2.0.0/e7fd48d3b50f515916b7db51bf7f842d27842ee0/spark-catalyst_2.11-2.0.0.jar:/Users/raliclo/.gradle/caches/modules-2/files-2.1/org.apache.parquet/parquet-column/1.7.0/87b549ad6981c2484cf2c800dae17dde027b6c3d/parquet-column-1.7.0.jar:/Users/raliclo/.gradle/caches/modules-2/files-2.1/org.apache.parquet/parquet-hadoop/1.7.0/a3d39d6556d0f52a8a47082d2421f70ec74c3e28/parquet-hadoop-1.7.0.jar:/Users/raliclo/.gradle/caches/modules-2/files-2.1/org.apache.spark/spark-mllib-local_2.11/2.0.0/7dca535611bc48bb772785b39b8c0bb685a9e83d/spark-mllib-local_2.11-2.0.0.jar:/Users/raliclo/.gradle/caches/modules-2/files-2.1/org.scalanlp/breeze_2.11/0.11.2/4ad3c8d549f05e59b6b9d82d6882025a853f027/breeze_2.11-0.11.2.jar:/Users/raliclo/.gradle/caches/modules-2/files-2.1/org.jpmml/pmml-model/1.2.15/2b026b87ae80d8957419d4cc7c7fe31080764004/pmml-model-1.2.15.jar:/Users/raliclo/.gradle/caches/modules-2/files-2.1/com.twitter/parquet-hadoop-bundle/1.6.0/b5ac7d2781de212c84420962723093cd17cefd72/parquet-hadoop-bundle-1.6.0.jar:/Users/raliclo/.gradle/caches/modules-2/files-2.1/org.spark-project.hive/hive-exec/1.2.1.spark2/7a6236e2fce787814560970a49a1c517e6de1927/hive-exec-1.2.1.spark2.jar:/Users/raliclo/.gradle/caches/modules-2/files-2.1/org.spark-project.hive/hive-metastore/1.2.1.spark2/1fde9720e4ead8c07b28c45011e231277c79b7a1/hive-metastore-1.2.1.spark2.jar:/Users/raliclo/.gradle/caches/modules-2/files-2.1/commons-httpclient/commons-httpclient/3.1/964cd74171f427720480efdec40a7c7f6e58426a/commons-httpclient-3.1.jar:/Users/raliclo/.gradle/caches/modules-2/files-2.1/org.jodd/jodd-core/3.5.2/a9ac8028eeeb5fa430e17017628629c94123c401/jodd-core-3.5.2.jar:/Users/raliclo/.gradle/caches/modules-2/files-2.1/com.github.fommil.netlib/core/1.1.2/574b480eca62f535fad6d259e144fee3ef24b66e/core-1.1.2.jar:/Users/raliclo/.gradle/caches/modules-2/files-2.1/net.sourceforge.f2j/arpack_combined_all/0.1/225619a060b42605b4d9fd4af11815664abf26eb/arpack_combined_all-0.1.jar:/Users/raliclo/.gradle/caches/modules-2/files-2.1/org.twitter4j/twitter4j-stream/4.0.4/e9c442a779c65cef8872e8676bf693ad88379086/twitter4j-stream-4.0.4.jar:/Users/raliclo/.gradle/caches/modules-2/files-2.1/com.madgag.spongycastle/core/1.51.0.0/f642963312ea0e615ad65f28adc5a5b3a2a0862/core-1.51.0.0.jar:/Users/raliclo/.gradle/caches/modules-2/files-2.1/com.lambdaworks/scrypt/1.4.0/906506b74f30c8c20bccd9ed4a11112d8941fe87/scrypt-1.4.0.jar:/Users/raliclo/.gradle/caches/modules-2/files-2.1/org.bitcoinj/orchid/1.2.1/53beecbbb57040608d0c54a7408ee3eb06e71a59/orchid-1.2.1.jar:/Users/raliclo/.gradle/caches/modules-2/files-2.1/com.squareup.okhttp/okhttp/2.7.2/20f6463eb19ac61960c5d91a094c2f4f0727dc2e/okhttp-2.7.2.jar:/Users/raliclo/.gradle/caches/modules-2/files-2.1/org.apache.tinkerpop/gremlin-core/3.2.2/64dc6db6e136ef6b9f5fe20a356132b3a0779b14/gremlin-core-3.2.2.jar:/Users/raliclo/.gradle/caches/modules-2/files-2.1/org.apache.tinkerpop/gremlin-groovy/3.2.2/ff900dc37acc5de7546269eefcac38885b78b98c/gremlin-groovy-3.2.2.jar:/Users/raliclo/.gradle/caches/modules-2/files-2.1/org.eclipse.californium/element-connector/2.0.0-M1/88cc1a80cc18eaef0b63d71986ed7bf67416d862/element-connector-2.0.0-M1.jar:/Users/raliclo/.gradle/caches/modules-2/files-2.1/org.eclipse.leshan/leshan-server-cf/0.1.11-M12/e05ffa7c2a06e0e06161e5b9e1a9c02cb4d65b9e/leshan-server-cf-0.1.11-M12.jar:/Users/raliclo/.gradle/caches/modules-2/files-2.1/org.eclipse.leshan/leshan-client-cf/0.1.11-M12/22b7e8a2a244169be5c9763abc5400b45bd921ab/leshan-client-cf-0.1.11-M12.jar:/Users/raliclo/.gradle/caches/modules-2/files-2.1/com.sun.xml.bind/jaxb-core/2.2.11/c3f87d654f8d5943cd08592f3f758856544d279a/jaxb-core-2.2.11.jar:/Users/raliclo/.gradle/caches/modules-2/files-2.1/com.sun.xml.bind/jaxb-impl/2.2.11/a49ce57aee680f9435f49ba6ef427d38c93247a6/jaxb-impl-2.2.11.jar:/Users/raliclo/.gradle/caches/modules-2/files-2.1/org.apache.camel/camel-spring/2.17.3/21e0fda6343d4adf608e918f2e59f934ca9b78c5/camel-spring-2.17.3.jar:/Users/raliclo/.gradle/caches/modules-2/files-2.1/org.apache.camel/camel-jetty9/2.17.3/7ad4dcaa2f394930ffee3326830bf647af91e584/camel-jetty9-2.17.3.jar:/Users/raliclo/.gradle/caches/modules-2/files-2.1/stax/stax-api/1.0.1/49c100caf72d658aca8e58bd74a4ba90fa2b0d70/stax-api-1.0.1.jar:/Users/raliclo/.gradle/caches/modules-2/files-2.1/org.codehaus.woodstox/woodstox-core-asl/4.4.1/84fee5eb1a4a1cefe65b6883c73b3fa83be3c1a1/woodstox-core-asl-4.4.1.jar:/Users/raliclo/.gradle/caches/modules-2/files-2.1/com.sun.mail/javax.mail/1.5.6/ab5daef2f881c42c8e280cbe918ec4d7fdfd7efe/javax.mail-1.5.6.jar:/Users/raliclo/.gradle/caches/modules-2/files-2.1/com.google.zxing/core/3.2.1/2287494d4f5f9f3a9a2bb6980e3f32053721b315/core-3.2.1.jar:/Users/raliclo/.gradle/caches/modules-2/files-2.1/io.github.nicolasstucki/multisets_2.11/0.3/1bd7b67a45770ec89a3cff6d754e51a4dbf8d079/multisets_2.11-0.3.jar:/Users/raliclo/.gradle/caches/modules-2/files-2.1/org.scalacheck/scalacheck_2.11/1.12.4/bb7d723764dcd86f4212fa8cc5ece34452bd1ffa/scalacheck_2.11-1.12.4.jar:/Users/raliclo/.gradle/caches/modules-2/files-2.1/org.nd4j/canova-nd4j-common/0.0.0.17/85b0ad33d40f8b5cf08f2b9bcb89cf9b1b8c9569/canova-nd4j-common-0.0.0.17.jar:/Users/raliclo/.gradle/caches/modules-2/files-2.1/org.nd4j/canova-api/0.0.0.17/1ebae6ba84b20e56bc79777637fd16d85609723f/canova-api-0.0.0.17.jar:/Users/raliclo/.gradle/caches/modules-2/files-2.1/org.nd4j/canova-nd4j-image/0.0.0.17/3e9d079ca9f356e6b223fcbaabc54f3b0c63ec11/canova-nd4j-image-0.0.0.17.jar:/Users/raliclo/.gradle/caches/modules-2/files-2.1/org.nd4j/nd4j-api/0.4.0/657a61b9bca9c32749186643a98a97ec79dd4f3d/nd4j-api-0.4.0.jar:/Users/raliclo/.gradle/caches/modules-2/files-2.1/org.projectlombok/lombok/1.16.10/7bd6fc5b3fb7a77c710226ffaa785b404b620ba0/lombok-1.16.10.jar:/Users/raliclo/.gradle/caches/modules-2/files-2.1/com.fasterxml.jackson.dataformat/jackson-dataformat-yaml/2.8.4/b345f237bad9534973cd7c330a9d9cc8d49fa633/jackson-dataformat-yaml-2.8.4.jar:/Users/raliclo/.gradle/caches/modules-2/files-2.1/org.datavec/datavec-nd4j-common/0.4.0/7feb60988a8c1c0f6401f797d2b848d2d293ae6f/datavec-nd4j-common-0.4.0.jar:/Users/raliclo/.gradle/caches/modules-2/files-2.1/org.datavec/datavec-api/0.4.0/6b0dc4298b3f3775c22db74166096cad8157deba/datavec-api-0.4.0.jar:/Users/raliclo/.gradle/caches/modules-2/files-2.1/org.datavec/datavec-data-image/0.4.0/de191a15ad9201fb0802ee305da6178884b23247/datavec-data-image-0.4.0.jar:/Users/raliclo/.gradle/caches/modules-2/files-2.1/org.deeplearning4j/deeplearning4j-scaleout-api/0.4.0/22678cc87bcd6ace5b507e7d4012ca0bbed1eb3b/deeplearning4j-scaleout-api-0.4.0.jar:/Users/raliclo/.gradle/caches/modules-2/files-2.1/org.nd4j/canova-spark_2.11/0.0.0.17/bed4412bd0fc84cdb077353d56171c1f914d1840/canova-spark_2.11-0.0.0.17.jar:/Users/raliclo/.gradle/caches/modules-2/files-2.1/org.datavec/datavec-spark_2.11/0.4.0/34e5b517b439afc2876fba63a34dc18b19e97e1f/datavec-spark_2.11-0.4.0.jar:/Users/raliclo/.gradle/caches/modules-2/files-2.1/org.deeplearning4j/deeplearning4j-ui-components/0.4.0/30ba155c08c38064fb48821deb263eb662c772a6/deeplearning4j-ui-components-0.4.0.jar:/Users/raliclo/.gradle/caches/modules-2/files-2.1/org.nd4j/nd4j-native/0.4.0/b3f75c9167bede7eaccf0bc12c87b0b7602a78b5/nd4j-native-0.4.0.jar:/Users/raliclo/.gradle/caches/modules-2/files-2.1/org.nd4j/nd4j-native/0.4.0/d9c11183ba6174b529bb82b2d378591d094b2781/nd4j-native-0.4.0-linux-x86_64.jar:/Users/raliclo/.gradle/caches/modules-2/files-2.1/org.nd4j/nd4j-native/0.4.0/4348bd4ddcd5376d5768b7398696bb903ae3e4d8/nd4j-native-0.4.0-macosx-x86_64.jar:/Users/raliclo/.gradle/caches/modules-2/files-2.1/org.nd4j/nd4j-native/0.4.0/951b828deaf69d0b5c7590be68a0b4e38dba0d21/nd4j-native-0.4.0-windows-x86_64.jar:/Users/raliclo/.gradle/caches/modules-2/files-2.1/org.nd4j/nd4j-native/0.4.0/70a1525a52ba8b9e5713b743cdf25d5703a298d1/nd4j-native-0.4.0-linux-ppc64le.jar:/Users/raliclo/.gradle/caches/modules-2/files-2.1/com.gluonhq/charm-down-common/2.0.0/ad73abc0ce08616652aa84ef8e5e56fc2989e14d/charm-down-common-2.0.0.jar:/Users/raliclo/.gradle/caches/modules-2/files-2.1/javax.activation/activation/1.1.1/485de3a253e23f645037828c07f1d7f1af40763a/activation-1.1.1.jar:/Users/raliclo/.gradle/caches/modules-2/files-2.1/org.jboss.logging/jboss-logging/3.3.0.Final/3616bb87707910296e2c195dc016287080bba5af/jboss-logging-3.3.0.Final.jar:/Users/raliclo/.gradle/caches/modules-2/files-2.1/org.hibernate.javax.persistence/hibernate-jpa-2.1-api/1.0.0.Final/5e731d961297e5a07290bfaf3db1fbc8bbbf405a/hibernate-jpa-2.1-api-1.0.0.Final.jar:/Users/raliclo/.gradle/caches/modules-2/files-2.1/org.javassist/javassist/3.20.0-GA/a9cbcdfb7e9f86fbc74d3afae65f2248bfbf82a0/javassist-3.20.0-GA.jar:/Users/raliclo/.gradle/caches/modules-2/files-2.1/antlr/antlr/2.7.7/83cd2cd674a217ade95a4bb83a8a14f351f48bd0/antlr-2.7.7.jar:/Users/raliclo/.gradle/caches/modules-2/files-2.1/org.apache.geronimo.specs/geronimo-jta_1.1_spec/1.1.1/aabab3165b8ea936b9360abbf448459c0d04a5a4/geronimo-jta_1.1_spec-1.1.1.jar:/Users/raliclo/.gradle/caches/modules-2/files-2.1/org.jboss/jandex/2.0.0.Final/3e899258936f94649c777193e1be846387ed54b3/jandex-2.0.0.Final.jar:/Users/raliclo/.gradle/caches/modules-2/files-2.1/com.fasterxml/classmate/1.3.3/864c8e370a691e343210cc7c532fc198cee460d8/classmate-1.3.3.jar:/Users/raliclo/.gradle/caches/modules-2/files-2.1/dom4j/dom4j/1.6.1/5d3ccc056b6f056dbf0dddfdf43894b9065a8f94/dom4j-1.6.1.jar:/Users/raliclo/.gradle/caches/modules-2/files-2.1/org.hibernate.common/hibernate-commons-annotations/5.0.1.Final/71e1cff3fcb20d3b3af4f3363c3ddb24d33c6879/hibernate-commons-annotations-5.0.1.Final.jar:/Users/raliclo/.gradle/caches/modules-2/files-2.1/javax.enterprise/cdi-api/1.1/78b1feee99b05a78575fb2fd79fb77be5e74420d/cdi-api-1.1.jar:/Users/raliclo/.gradle/caches/modules-2/files-2.1/org.scala-lang.modules/scala-xml_2.12.0-M5/1.0.5/f0f85b4b3b9af2a61f6c9ab67c32ce6fa067f47f/scala-xml_2.12.0-M5-1.0.5.jar:/Users/raliclo/.gradle/caches/modules-2/files-2.1/org.scala-lang.modules/scala-parser-combinators_2.12.0-M5/1.0.4/91d5da0f70e323cffa7c77463b6a49fa0bb43701/scala-parser-combinators_2.12.0-M5-1.0.4.jar:/Users/raliclo/.gradle/caches/modules-2/files-2.1/org.scala-lang.modules/scala-swing_2.12.0-M5/2.0.0-M2/25a136feaaa8bfbcc75bcdd6fbc275c9422427db/scala-swing_2.12.0-M5-2.0.0-M2.jar:/Users/raliclo/.gradle/caches/modules-2/files-2.1/com.101tec/zkclient/0.8/c0f700a4a3b386279d7d8dd164edecbe836cbfdb/zkclient-0.8.jar:/Users/raliclo/.gradle/caches/modules-2/files-2.1/com.yammer.metrics/metrics-core/2.2.0/f82c035cfa786d3cbec362c38c22a5f5b1bc8724/metrics-core-2.2.0.jar:/Users/raliclo/.gradle/caches/modules-2/files-2.1/org.scala-lang.modules/scala-parser-combinators_2.11/1.0.4/7369d653bcfa95d321994660477a4d7e81d7f490/scala-parser-combinators_2.11-1.0.4.jar:/Users/raliclo/.gradle/caches/modules-2/files-2.1/net.sf.jopt-simple/jopt-simple/4.9/ee9e9eaa0a35360dcfeac129ff4923215fd65904/jopt-simple-4.9.jar:/Users/raliclo/.gradle/caches/modules-2/files-2.1/org.rocksdb/rocksdbjni/4.8.0/b543fc4ea5b52ad790730dee376ba0df06d9f5f7/rocksdbjni-4.8.0.jar:/Users/raliclo/.gradle/caches/modules-2/files-2.1/org.apache.kafka/kafka_2.10/0.10.0.1/4345fa065aa497d488f8b1c1ad7f8c6d375413eb/kafka_2.10-0.10.0.1.jar:/Users/raliclo/.gradle/caches/modules-2/files-2.1/net.sourceforge.argparse4j/argparse4j/0.5.0/701046e9aaaa4a23d45b2d21e3d865426ffb571f/argparse4j-0.5.0.jar:/Users/raliclo/.gradle/caches/modules-2/files-2.1/org.reflections/reflections/0.9.10/c7f4ea230aedc757ca1499ebcfb2953c81cf8b67/reflections-0.9.10.jar:/Users/raliclo/.gradle/caches/modules-2/files-2.1/com.fasterxml.jackson.jaxrs/jackson-jaxrs-json-provider/2.8.4/839366ece31829a19cb15719b2b54a3f9f91148d/jackson-jaxrs-json-provider-2.8.4.jar:/Users/raliclo/.gradle/caches/modules-2/files-2.1/org.apache.pig/piggybank/0.12.0/4b2d5950a28db56211fe93f717098b59af14c853/piggybank-0.12.0.jar:/Users/raliclo/.gradle/caches/modules-2/files-2.1/org.apache.pdfbox/fontbox/2.0.2/1753b66d890d7002da9d7bd47dfbe45ec17be054/fontbox-2.0.2.jar:/Users/raliclo/.gradle/caches/modules-2/files-2.1/com.thoughtworks.paranamer/paranamer/2.7/3ed64c69e882a324a75e890024c32a28aff0ade8/paranamer-2.7.jar:/Users/raliclo/.gradle/caches/modules-2/files-2.1/org.tukaani/xz/1.5/9c64274b7dbb65288237216e3fae7877fd3f2bee/xz-1.5.jar:/Users/raliclo/.gradle/caches/modules-2/files-2.1/io.airlift/aircompressor/0.3/d2367c4419df1fbf4b186a07f81a70fc30c1031f/aircompressor-0.3.jar:/Users/raliclo/.gradle/caches/modules-2/files-2.1/org.apache.hive/hive-storage-api/2.1.1-pre-orc/3800c2f8e112d8b0857addad94fee3122792d020/hive-storage-api-2.1.1-pre-orc.jar:/Users/raliclo/.gradle/caches/modules-2/files-2.1/com.esotericsoftware/kryo-shaded/3.0.3/977d6b42d82de551fcf77dad84ef06c2839e3a74/kryo-shaded-3.0.3.jar:/Users/raliclo/.gradle/caches/modules-2/files-2.1/org.apache.hive/hive-ant/2.1.0/a5334bf1d83981b4d72480f1b283622b3f90d8ac/hive-ant-2.1.0.jar:/Users/raliclo/.gradle/caches/modules-2/files-2.1/org.apache.hive/hive-llap-tez/2.1.0/6f5f96ff1992c24f7c5521f833fa0e64cfe1b348/hive-llap-tez-2.1.0.jar:/Users/raliclo/.gradle/caches/modules-2/files-2.1/org.apache.hive/hive-shims/2.1.0/51d5fe317dd98ca535d39c2ed2c37d3cc949891a/hive-shims-2.1.0.jar:/Users/raliclo/.gradle/caches/modules-2/files-2.1/org.apache.logging.log4j/log4j-1.2-api/2.7/39f4e6c2d68d4ef8fd4b0883d165682dedd5be52/log4j-1.2-api-2.7.jar:/Users/raliclo/.gradle/caches/modules-2/files-2.1/org.apache.ant/ant/1.9.1/35900c96dbebc85dcfbd71f4661059ebcf93c077/ant-1.9.1.jar:/Users/raliclo/.gradle/caches/modules-2/files-2.1/org.apache.curator/apache-curator/2.6.0/1bbbe3a8c191ec5a63ec2eaec7988d8292ea65d2/apache-curator-2.6.0.pom:/Users/raliclo/.gradle/caches/modules-2/files-2.1/org.codehaus.groovy/groovy-all/2.4.7/c5371aaa20bcdca1175d9477fc0811f4fd99b68a/groovy-all-2.4.7.jar:/Users/raliclo/.gradle/caches/modules-2/files-2.1/org.apache.hive/hive-common/2.1.0/e344f14c7b211346241e9e2bcfe17a3f228d9e93/hive-common-2.1.0.jar:/Users/raliclo/.gradle/caches/modules-2/files-2.1/org.apache.hive/hive-service-rpc/2.1.0/786f38259cd4882444b9c5c537fc1be4c2460b05/hive-service-rpc-2.1.0.jar:/Users/raliclo/.gradle/caches/modules-2/files-2.1/net.sf.opencsv/opencsv/2.3/c23708cdb9e80a144db433e23344a788a1fd6599/opencsv-2.3.jar:/Users/raliclo/.gradle/caches/modules-2/files-2.1/org.apache.parquet/parquet-hadoop-bundle/1.8.1/9f0d244af869482fba721e57973b4c1614ed4388/parquet-hadoop-bundle-1.8.1.jar:/Users/raliclo/.gradle/caches/modules-2/files-2.1/javolution/javolution/5.5.1/3fcba819cdb7861728405963ddc4b2755ab182e5/javolution-5.5.1.jar:/Users/raliclo/.gradle/caches/modules-2/files-2.1/com.jolbox/bonecp/0.8.0.RELEASE/cec24ee9345b3678472bb1b8fdd6aa6b9428beb8/bonecp-0.8.0.RELEASE.jar:/Users/raliclo/.gradle/caches/modules-2/files-2.1/org.apache.derby/derby/10.12.1.1/75070c744a8e52a7d17b8b476468580309d5cd09/derby-10.12.1.1.jar:/Users/raliclo/.gradle/caches/modules-2/files-2.1/org.datanucleus/datanucleus-api-jdo/4.2.1/826d0e46ee6d81415ab06ac6e44e901fd2867b5e/datanucleus-api-jdo-4.2.1.jar:/Users/raliclo/.gradle/caches/modules-2/files-2.1/org.datanucleus/datanucleus-rdbms/4.1.7/2c28e8381ac6614f8dc0298abf24054ff5e6df8c/datanucleus-rdbms-4.1.7.jar:/Users/raliclo/.gradle/caches/modules-2/files-2.1/commons-pool/commons-pool/1.6/4572d589699f09d866a226a14b7f4323c6d8f040/commons-pool-1.6.jar:/Users/raliclo/.gradle/caches/modules-2/files-2.1/commons-dbcp/commons-dbcp/1.4/30be73c965cc990b153a100aaaaafcf239f82d39/commons-dbcp-1.4.jar:/Users/raliclo/.gradle/caches/modules-2/files-2.1/javax.jdo/jdo-api/3.0.1/58e7a538e020b73871e232eeb064835fd98a492/jdo-api-3.0.1.jar:/Users/raliclo/.gradle/caches/modules-2/files-2.1/org.datanucleus/javax.jdo/3.2.0-m3/c911b22710a8f77541a966615033b4ab943fd6f3/javax.jdo-3.2.0-m3.jar:/Users/raliclo/.gradle/caches/modules-2/files-2.1/co.cask.tephra/tephra-hbase-compat-1.0/0.6.0/ad8b732e133aa64beeab2126fdc5f3606f70262c/tephra-hbase-compat-1.0-0.6.0.jar:/Users/raliclo/.gradle/caches/modules-2/files-2.1/org.apache.hive/hive-llap-server/2.1.0/4ae86c863a7ba706123ca279b5a82518e6eeae8f/hive-llap-server-2.1.0.jar:/Users/raliclo/.gradle/caches/modules-2/files-2.1/net.sf.jpam/jpam/1.1/cb3d91c2dfda767518a371dbb02edfd6a4aa0600/jpam-1.1.jar:/Users/raliclo/.gradle/caches/modules-2/files-2.1/tomcat/jasper-compiler/5.5.23/6d35bd7fb8c4fbc1f5401fb3678aa976d2e4c241/jasper-compiler-5.5.23.jar:/Users/raliclo/.gradle/caches/modules-2/files-2.1/tomcat/jasper-runtime/5.5.23/96ca5528a93ab47b001476b74320c644beb89dde/jasper-runtime-5.5.23.jar:/Users/raliclo/.gradle/caches/modules-2/files-2.1/org.jamon/jamon-runtime/2.3.1/ae23df9c0953b12ba1b799e42ebd1a281fabcd8c/jamon-runtime-2.3.1.jar:/Users/raliclo/.gradle/caches/modules-2/files-2.1/javax.cache/cache-api/1.0.0/2b57384801243f387f1a2e7ab8066ac79c2a91d3/cache-api-1.0.0.jar:/Users/raliclo/.gradle/caches/modules-2/files-2.1/org.jetbrains/annotations/13.0/919f0dfe192fb4e063e7dacadee7f8bb9a2672a9/annotations-13.0.jar:/Users/raliclo/.gradle/caches/modules-2/files-2.1/org.gridgain/ignite-shmem/1.0.0/1874ee7f7fa2c7f4bc0c458f5dd1e3a3876418e9/ignite-shmem-1.0.0.jar:/Users/raliclo/.gradle/caches/modules-2/files-2.1/org.springframework/spring-tx/5.0.0.BUILD-SNAPSHOT/d67720a06e7966a800745d400b09e23191b78a9c/spring-tx-5.0.0.BUILD-SNAPSHOT.jar:/Users/raliclo/.gradle/caches/modules-2/files-2.1/org.springframework/spring-jdbc/5.0.0.BUILD-SNAPSHOT/5d402b1bbf20c29a48d27eb4ea961e91bd28cac6/spring-jdbc-5.0.0.BUILD-SNAPSHOT.jar:/Users/raliclo/.gradle/caches/modules-2/files-2.1/org.jodd/jodd-lagarto/3.4.8/6a1d86300cc7f856f323b57c17c208925724e895/jodd-lagarto-3.4.8.jar:/Users/raliclo/.gradle/caches/modules-2/files-2.1/org.apache.tomcat/tomcat-servlet-api/8.0.23/fe715e33b2a6ddf2d77970fe280235d228132953/tomcat-servlet-api-8.0.23.jar:/Users/raliclo/.gradle/caches/modules-2/files-2.1/org.eclipse.jetty/jetty-continuation/9.3.14.v20161028/4ba272cee2e367766dfdc1901c960de352160d41/jetty-continuation-9.3.14.v20161028.jar:/Users/raliclo/.gradle/caches/modules-2/files-2.1/org.eclipse.jetty/jetty-xml/9.3.14.v20161028/3054375490c577ee6156a4b63ec262a39b36fc7e/jetty-xml-9.3.14.v20161028.jar:/Users/raliclo/.gradle/caches/modules-2/files-2.1/org.apache.spark/spark-core_2.10/1.5.2/c800c6aaf23e251f52447d8efa8a295c22ab8a0d/spark-core_2.10-1.5.2.jar:/Users/raliclo/.gradle/caches/modules-2/files-2.1/org.apache.spark/spark-sql_2.10/1.5.2/b5a5a798cd94a4ea0ef4a6f44a04a864d1b2b702/spark-sql_2.10-1.5.2.jar:/Users/raliclo/.gradle/caches/modules-2/files-2.1/org.apache.ignite/ignite-hibernate/1.0.0-RC3/f566eb5823f7fbd97da5641cb33fc884ddf7ba2b/ignite-hibernate-1.0.0-RC3.jar:/Users/raliclo/.gradle/caches/modules-2/files-2.1/org.apache.ignite/ignite-log4j/1.0.0-RC3/1ee8e6a5418d1009ff4e352c0de3b95fa4729d1f/ignite-log4j-1.0.0-RC3.jar:/Users/raliclo/.gradle/caches/modules-2/files-2.1/org.apache.ignite/ignite-indexing/1.0.0-RC3/e76123e14e17b101077cb54e1f5cb79f8b110923/ignite-indexing-1.0.0-RC3.jar:/Users/raliclo/.gradle/caches/modules-2/files-2.1/com.google.code.simple-spring-memcached/spymemcached/2.7.3/1ae59770f332d7f560a3f2894a4f14d9c3c38d62/spymemcached-2.7.3.jar:/Users/raliclo/.gradle/caches/modules-2/files-2.1/org.ow2.asm/asm-tree/6.0_ALPHA/1508b4754e3adbe1b67994dce2d94aba90ed1a9/asm-tree-6.0_ALPHA.jar:/Users/raliclo/.gradle/caches/modules-2/files-2.1/com.google.errorprone/error_prone_annotations/2.0.2/8382c6cdc18c8c8ad7840024fa340509cf16be11/error_prone_annotations-2.0.2.jar:/Users/raliclo/.gradle/caches/modules-2/files-2.1/javax.inject/javax.inject/1/6975da39a7040257bd51d21a231b76c915872d38/javax.inject-1.jar:/Users/raliclo/.gradle/caches/modules-2/files-2.1/aopalliance/aopalliance/1.0/235ba8b489512805ac13a8f9ea77a1ca5ebe3e8/aopalliance-1.0.jar:/Users/raliclo/.gradle/caches/modules-2/files-2.1/com.twitter/util-function_2.10/6.34.0/cedc9caf3d0951f4a5557c28bbd1b4bea04d4991/util-function_2.10-6.34.0.jar:/Users/raliclo/.gradle/caches/modules-2/files-2.1/com.twitter/jsr166e/1.0.0/dc8b472bb653a97ecde9b109fa698168c98ce943/jsr166e-1.0.0.jar:/Users/raliclo/.gradle/caches/modules-2/files-2.1/org.lwjgl.lwjgl/lwjgl/2.9.3/3df168ac74e4a8c96562cdff24ad352e255bf89c/lwjgl-2.9.3.jar:/Users/raliclo/.gradle/caches/modules-2/files-2.1/org.springframework.boot/spring-boot-test/2.0.0.BUILD-SNAPSHOT/f19684804b0b2466ca337ff765dd509353d24f2/spring-boot-test-2.0.0.BUILD-SNAPSHOT.jar:/Users/raliclo/.gradle/caches/modules-2/files-2.1/org.springframework.boot/spring-boot-test-autoconfigure/2.0.0.BUILD-SNAPSHOT/597272fc25572d3514cc19efab58db9f24ac7e09/spring-boot-test-autoconfigure-2.0.0.BUILD-SNAPSHOT.jar:/Users/raliclo/.gradle/caches/modules-2/files-2.1/com.jayway.jsonpath/json-path/2.2.0/22290d17944bd239fabf5ac69005a60a7ecbbbcb/json-path-2.2.0.jar:/Users/raliclo/.gradle/caches/modules-2/files-2.1/org.mockito/mockito-core/1.10.19/e8546f5bef4e061d8dd73895b4e8f40e3fe6effe/mockito-core-1.10.19.jar:/Users/raliclo/.gradle/caches/modules-2/files-2.1/org.hamcrest/hamcrest-core/1.3/42a25dc3219429f0e5d060061f71acb49bf010a0/hamcrest-core-1.3.jar:/Users/raliclo/.gradle/caches/modules-2/files-2.1/org.hamcrest/hamcrest-library/1.3/4785a3c21320980282f9f33d0d1264a69040538f/hamcrest-library-1.3.jar:/Users/raliclo/.gradle/caches/modules-2/files-2.1/org.skyscreamer/jsonassert/1.3.0/d5c250eb122496866de36dc84f98e2945845ecdd/jsonassert-1.3.0.jar:/Users/raliclo/.gradle/caches/modules-2/files-2.1/org.arquillian.cube/arquillian-cube-spi/1.0.0.Alpha14/1eb509b8f7b95547ba4ae11c07fd8d7a704bef74/arquillian-cube-spi-1.0.0.Alpha14.jar:/Users/raliclo/.gradle/caches/modules-2/files-2.1/org.jboss.arquillian.junit/arquillian-junit-core/1.1.11.Final/e67720a1599e6213176f9c3d3bab741d330cc484/arquillian-junit-core-1.1.11.Final.jar:/Users/raliclo/.gradle/caches/modules-2/files-2.1/org.arquillian.spacelift/arquillian-spacelift-api/1.0.0.Alpha8/f7bee9b1c46ed9ea41d41471f25df1567e601127/arquillian-spacelift-api-1.0.0.Alpha8.jar:/Users/raliclo/.gradle/caches/modules-2/files-2.1/org.jboss.shrinkwrap.resolver/shrinkwrap-resolver-depchain/2.1.0/a7496b68d064a844839c9a50a87bf868573ad15f/shrinkwrap-resolver-depchain-2.1.0.pom:/Users/raliclo/.gradle/caches/modules-2/files-2.1/cglib/cglib/3.1/1f1cb6c7a7479e0c7fd7987109e503914bebe84a/cglib-3.1.jar:/Users/raliclo/.gradle/caches/modules-2/files-2.1/org.objenesis/objenesis/2.1/87c0ea803b69252868d09308b4618f766f135a96/objenesis-2.1.jar:/Users/raliclo/.gradle/caches/modules-2/files-2.1/xml-apis/xml-apis/1.4.01/3789d9fada2d3d458c4ba2de349d48780f381ee3/xml-apis-1.4.01.jar:/Users/raliclo/.gradle/caches/modules-2/files-2.1/info.cukes/cucumber-core/1.2.4/72790b1da44d8d3d2764c6aef29865ee228bbeb1/cucumber-core-1.2.4.jar:/Users/raliclo/.gradle/caches/modules-2/files-2.1/net.serenity-bdd/serenity-report-resources/1.1.42/b65f3ca01408fb560f8aabf6c1d730d18b3f8c80/serenity-report-resources-1.1.42.jar:/Users/raliclo/.gradle/caches/modules-2/files-2.1/com.opera/operadriver/1.5/3875fb993d2b2b937ced0246b578c3c3f3f32f9e/operadriver-1.5.jar:/Users/raliclo/.gradle/caches/modules-2/files-2.1/io.appium/java-client/4.0.0/b73316f27bb70d60081429c768cf09a09f6eeece/java-client-4.0.0.jar:/Users/raliclo/.gradle/caches/modules-2/files-2.1/org.codehaus.groovy/groovy/2.4.7/10870e6511f544ce45152d0ad08d7514a00c8201/groovy-2.4.7.jar:/Users/raliclo/.gradle/caches/modules-2/files-2.1/org.codehaus.groovy/groovy/2.4.7/dca42f401b962a7c0c3b04edabe1cada1fd9d417/groovy-2.4.7-indy.jar:/Users/raliclo/.gradle/caches/modules-2/files-2.1/commons-beanutils/commons-beanutils-core/1.8.3/75812698e5e859f2cb587c622c4cdfcd61676426/commons-beanutils-core-1.8.3.jar:/Users/raliclo/.gradle/caches/modules-2/files-2.1/com.googlecode.lambdaj/lambdaj/2.3.3/7dee2fb62ef89f1bd5ccaf3c8628f61f80b22054/lambdaj-2.3.3.jar:/Users/raliclo/.gradle/caches/modules-2/files-2.1/org.freemarker/freemarker/2.3.25-incubating/9b31ed0d0321dfc1ae7ce63f2557df04b52a79e3/freemarker-2.3.25-incubating.jar:/Users/raliclo/.gradle/caches/modules-2/files-2.1/net.sourceforge.jexcelapi/jxl/2.6.12/7faf62e0697f7a88954622dfe8c8de33ed142ac7/jxl-2.6.12.jar:/Users/raliclo/.gradle/caches/modules-2/files-2.1/org.fluentlenium/fluentlenium-core/0.10.2/8795bd4ce7050f0c45b772e8d3b36c39646e2f0b/fluentlenium-core-0.10.2.jar:/Users/raliclo/.gradle/caches/modules-2/files-2.1/com.jhlabs/filters/2.0.235/af6a2dfefef70f1ab2d7a8d1f8173f67e276b3f4/filters-2.0.235.jar:/Users/raliclo/.gradle/caches/modules-2/files-2.1/org.asciidoctor/asciidoctor-java-integration/0.1.4/3596c7142fd30d7b65a0e64ba294f3d9d4bd538f/asciidoctor-java-integration-0.1.4.jar:/Users/raliclo/.gradle/caches/modules-2/files-2.1/org.imgscalr/imgscalr-lib/4.2/e2838f7119361511ef7d54fe0d502bf07f3325eb/imgscalr-lib-4.2.jar:/Users/raliclo/.gradle/caches/modules-2/files-2.1/javax.validation/validation-api/1.1.0.Final/8613ae82954779d518631e05daa73a6a954817d5/validation-api-1.1.0.Final.jar:/Users/raliclo/.gradle/caches/modules-2/files-2.1/javax.validation/validation-api/1.1.0.Final/7d49b53caed9bd81d172807c3e096d24f3c57090/validation-api-1.1.0.Final-sources.jar:/Users/raliclo/.gradle/caches/modules-2/files-2.1/javax.el/javax.el-api/2.2.4/1287562cc3f0ff5439ded6f2949e73ce1c0edaab/javax.el-api-2.2.4.jar:/Users/raliclo/.gradle/caches/modules-2/files-2.1/org.glassfish.web/javax.el/2.2.4/a50914ff519682e185bca4385b4313b8c8a81775/javax.el-2.2.4.jar:/Users/raliclo/.gradle/caches/modules-2/files-2.1/xalan/xalan/2.7.2/d55d3f02a56ec4c25695fe67e1334ff8c2ecea23/xalan-2.7.2.jar:/Users/raliclo/.gradle/caches/modules-2/files-2.1/xalan/serializer/2.7.2/24247f3bb052ee068971393bdb83e04512bb1c3c/serializer-2.7.2.jar:/Users/raliclo/.gradle/caches/modules-2/files-2.1/com.jayway.awaitility/awaitility/1.6.3/2b698080294539741574d9f7532eb46bdc2bc345/awaitility-1.6.3.jar:/Users/raliclo/.gradle/caches/modules-2/files-2.1/com.typesafe/config/1.2.1/f771f71fdae3df231bcd54d5ca2d57f0bf93f467/config-1.2.1.jar:/Users/raliclo/.gradle/caches/modules-2/files-2.1/com.google.jimfs/jimfs/1.0/edd65a2b792755f58f11134e76485a928aab4c97/jimfs-1.0.jar:/Users/raliclo/.gradle/caches/modules-2/files-2.1/org.beanshell/bsh/2.0b4/a05f0a0feefa8d8467ac80e16e7de071489f0d9c/bsh-2.0b4.jar:/Users/raliclo/.gradle/caches/modules-2/files-2.1/org.opentest4j/opentest4j/1.0.0-M1/b091255eafd515995a5c5fa042cd8db6f4860bf6/opentest4j-1.0.0-M1.jar:/Users/raliclo/.gradle/caches/modules-2/files-2.1/org.junit.platform/junit-platform-commons/1.0.0-M3/d5c77e2df6a820ae30fc17f21a3f8cfc03183980/junit-platform-commons-1.0.0-M3.jar:/Users/raliclo/.gradle/caches/modules-2/files-2.1/org.scalactic/scalactic_2.11/3.0.0/2cd29a726b0672cd5b7d10a21a95a2848d0f81d6/scalactic_2.11-3.0.0.jar:/Users/raliclo/.gradle/caches/modules-2/files-2.1/org.scala-lang.modules/scala-xml_2.11/1.0.5/77ac9be4033768cf03cc04fbd1fc5e5711de2459/scala-xml_2.11-1.0.5.jar:/Users/raliclo/.gradle/caches/modules-2/files-2.1/org.junit.platform/junit-platform-engine/1.0.0-M3/39a1db55680c9f32985c84ba2951912138b18ac3/junit-platform-engine-1.0.0-M3.jar:/Users/raliclo/.gradle/caches/modules-2/files-2.1/org.parboiled/parboiled-java/1.1.7/2298c64ce8ee8e2fb37e97e16d7be52f0c7cf61f/parboiled-java-1.1.7.jar:/Users/raliclo/.gradle/caches/modules-2/files-2.1/com.vaadin.external.gwt/gwt-user/2.7.0.vaadin4/926666000e33edcc06604a6a19c65e9cfe7ca6df/gwt-user-2.7.0.vaadin4.jar:/Users/raliclo/.gradle/caches/modules-2/files-2.1/org.w3c.css/sac/1.3/cdb2dcb4e22b83d6b32b93095f644c3462739e82/sac-1.3.jar:/Users/raliclo/.gradle/caches/modules-2/files-2.1/com.vaadin.external.flute/flute/1.3.0.gg2/48e8c3a235544a0506ca3081519ce114169242a/flute-1.3.0.gg2.jar:/Users/raliclo/.gradle/caches/modules-2/files-2.1/io.netty/netty-codec/4.1.5.Final/66bbf9324fa36467d041083f89328e2a24ec4f67/netty-codec-4.1.5.Final.jar:/Users/raliclo/.gradle/caches/modules-2/files-2.1/io.netty/netty-codec-socks/4.1.5.Final/9e3f0891d43404cda3d61312c169b4472e2a5e82/netty-codec-socks-4.1.5.Final.jar:/Users/raliclo/.gradle/caches/modules-2/files-2.1/io.netty/netty-codec-dns/4.1.5.Final/2b562b231fc61431df4da2084ec9863809fad131/netty-codec-dns-4.1.5.Final.jar:/Users/raliclo/.gradle/caches/modules-2/files-2.1/org.apache.httpcomponents/httpcore/4.4.5/e7501a1b34325abb00d17dde96150604a0658b54/httpcore-4.4.5.jar:/Users/raliclo/.gradle/caches/modules-2/files-2.1/net.sourceforge.htmlunit/htmlunit-core-js/2.23/6ade18a1568c4da458ca197aaa6d3fe213c69928/htmlunit-core-js-2.23.jar:/Users/raliclo/.gradle/caches/modules-2/files-2.1/net.sourceforge.htmlunit/neko-htmlunit/2.23/924c2587736b71433d44f4660953c7b837563418/neko-htmlunit-2.23.jar:/Users/raliclo/.gradle/caches/modules-2/files-2.1/net.sourceforge.cssparser/cssparser/0.9.20/ae63f187dbfc6000f2853e89bc5127d0f2b94351/cssparser-0.9.20.jar:/Users/raliclo/.gradle/caches/modules-2/files-2.1/org.eclipse.jetty.websocket/websocket-client/9.3.14.v20161028/af3c2db7bb993015d2bb544b883cbc7e38830ac0/websocket-client-9.3.14.v20161028.jar:/Users/raliclo/.gradle/caches/modules-2/files-2.1/org.zeroturnaround/zt-exec/1.7/f0e0581e274c88f38f85c30caf404ed94f5b98f/zt-exec-1.7.jar:/Users/raliclo/.gradle/caches/modules-2/files-2.1/com.sun.jna/jna/3.0.9/9dd557b9a44d05a3810104ed1c835a42b925dc4a/jna-3.0.9.jar:/Users/raliclo/.gradle/caches/modules-2/files-2.1/org.slf4j/log4j-over-slf4j/1.7.21/b3700d97464d99bdcd42c0177d6e7951c94d75ff/log4j-over-slf4j-1.7.21.jar:/Users/raliclo/.gradle/caches/modules-2/files-2.1/org.apache.tomcat.embed/tomcat-embed-core/8.5.6/960834b5abc6b2135250487abf6c060a0fa5a22e/tomcat-embed-core-8.5.6.jar:/Users/raliclo/.gradle/caches/modules-2/files-2.1/org.apache.tomcat.embed/tomcat-embed-el/8.5.6/a102298d8dc72f4065533d5962953d753b172602/tomcat-embed-el-8.5.6.jar:/Users/raliclo/.gradle/caches/modules-2/files-2.1/org.apache.tomcat.embed/tomcat-embed-websocket/8.5.6/6f6940a216b380ea8506530c374fcfeef820ba54/tomcat-embed-websocket-8.5.6.jar:/Users/raliclo/.gradle/caches/modules-2/files-2.1/org.aspectj/aspectjweaver/1.8.9/db28774f477f07220eac18d5ec9c4e01f48589d7/aspectjweaver-1.8.9.jar:/Users/raliclo/.gradle/caches/modules-2/files-2.1/org.apache.tomcat/tomcat-jdbc/8.5.6/feb10a9e22f70565c7556f327b0481dba8587bbc/tomcat-jdbc-8.5.6.jar:/Users/raliclo/.gradle/caches/modules-2/files-2.1/org.springframework.data/spring-data-commons/1.13.0.BUILD-SNAPSHOT/49de7b22f0ce57bc1bec2e502055294617bd5de/spring-data-commons-1.13.0.BUILD-SNAPSHOT.jar:/Users/raliclo/.gradle/caches/modules-2/files-2.1/org.springframework/spring-orm/5.0.0.BUILD-SNAPSHOT/631baaaa1fe6137d69525bfb71806619682385af/spring-orm-5.0.0.BUILD-SNAPSHOT.jar:/Users/raliclo/.gradle/caches/modules-2/files-2.1/org.thymeleaf/thymeleaf/2.1.5.RELEASE/513bffa3daaac277460c1a0a2dccb228fa40569e/thymeleaf-2.1.5.RELEASE.jar:/Users/raliclo/.gradle/caches/modules-2/files-2.1/org.springframework.security/spring-security-core/4.2.0.RELEASE/a6487a92dae110c19033a0b284bdd462d8719ced/spring-security-core-4.2.0.RELEASE.jar:/Users/raliclo/.gradle/caches/modules-2/files-2.1/org.eclipse.jetty.websocket/websocket-common/9.3.14.v20161028/4c7492132d000d1bb8885ea34659e193b9b84c51/websocket-common-9.3.14.v20161028.jar:/Users/raliclo/.gradle/caches/modules-2/files-2.1/org.eclipse.jetty.websocket/websocket-servlet/9.3.14.v20161028/f7669d0af249647484f33ef8641f893328e133d0/websocket-servlet-9.3.14.v20161028.jar:/Users/raliclo/.gradle/caches/modules-2/files-2.1/org.eclipse.jetty/jetty-annotations/9.3.14.v20161028/689e88f74cacf546420f58ea159d70eb5a72f5ac/jetty-annotations-9.3.14.v20161028.jar:/Users/raliclo/.gradle/caches/modules-2/files-2.1/org.eclipse.jetty.websocket/javax-websocket-client-impl/9.3.14.v20161028/6fcbb3318e482076974091c236e596f2acb8650a/javax-websocket-client-impl-9.3.14.v20161028.jar:/Users/raliclo/.gradle/caches/modules-2/files-2.1/javax.websocket/javax.websocket-api/1.0/fc843b649d4a1dcb0497669d262befa3918c7ba8/javax.websocket-api-1.0.jar:/Users/raliclo/.gradle/caches/modules-2/files-2.1/javax.ws.rs/jsr311-api/1.1.1/59033da2a1afd56af1ac576750a8d0b1830d59e6/jsr311-api-1.1.1.jar:/Users/raliclo/.gradle/caches/modules-2/files-2.1/commons-digester/commons-digester/2.1/73a8001e7a54a255eef0f03521ec1805dc738ca0/commons-digester-2.1.jar:/Users/raliclo/.gradle/caches/modules-2/files-2.1/org.apache.kerby/kerby-config/1.0.0-RC2/63a0fadbda1e871e911ffe03d000b630f4f9f284/kerby-config-1.0.0-RC2.jar:/Users/raliclo/.gradle/caches/modules-2/files-2.1/org.apache.kerby/kerb-core/1.0.0-RC2/81e88af44b4a8fd9db75e6f5fdf5b5c3547ac022/kerb-core-1.0.0-RC2.jar:/Users/raliclo/.gradle/caches/modules-2/files-2.1/org.apache.kerby/kerb-client/1.0.0-RC2/c04de4e83e1f47b0cb44c1f30f299ed8ef04d12/kerb-client-1.0.0-RC2.jar:/Users/raliclo/.gradle/caches/modules-2/files-2.1/org.apache.kerby/kerb-util/1.0.0-RC2/f7351a13c029a9125ec074a7f4d7bd53c39633e/kerb-util-1.0.0-RC2.jar:/Users/raliclo/.gradle/caches/modules-2/files-2.1/org.apache.kerby/kerb-server/1.0.0-RC2/219071f841b6e16d53718f7304caad47fdae567d/kerb-server-1.0.0-RC2.jar:/Users/raliclo/.gradle/caches/modules-2/files-2.1/org.apache.kerby/kerb-admin/1.0.0-RC2/1997fffee2cd7c71e4fd07faa744346e94190c48/kerb-admin-1.0.0-RC2.jar:/Users/raliclo/.gradle/caches/modules-2/files-2.1/javax.xml.stream/stax-api/1.0-2/d6337b0de8b25e53e81b922352fbea9f9f57ba0b/stax-api-1.0-2.jar:/Users/raliclo/.gradle/caches/modules-2/files-2.1/de.ruedigermoeller/fst/2.24/479ba6ffefaef7005511930c3cce721c5a67ecd3/fst-2.24.jar:/Users/raliclo/.gradle/caches/modules-2/files-2.1/org.apache.commons/commons-csv/1.0/8a0796ad6541a144eb1c00b93e06fbac03a9f313/commons-csv-1.0.jar:/Users/raliclo/.gradle/caches/modules-2/files-2.1/org.apache.hbase/hbase-common/1.1.3/468847036237356d32ab0eee7d934b0f0066f8f0/hbase-common-1.1.3.jar:/Users/raliclo/.gradle/caches/modules-2/files-2.1/org.apache.hbase/hbase-common/1.1.3/ffa6aa18102c47883f5a84f6df1ac23d9f7f8eff/hbase-common-1.1.3-tests.jar:/Users/raliclo/.gradle/caches/modules-2/files-2.1/org.apache.hbase/hbase-server/1.1.3/b60ec527a8853b30c694cc0bc785b1fed0002a17/hbase-server-1.1.3.jar:/Users/raliclo/.gradle/caches/modules-2/files-2.1/org.apache.phoenix/phoenix-core/4.7.0-HBase-1.1/bba4644e1b7163f00f0a5c611b13c30711670d78/phoenix-core-4.7.0-HBase-1.1.jar:/Users/raliclo/.gradle/caches/modules-2/files-2.1/org.apache.commons/commons-math/2.2/4877b85d388275f994a5cfc7eceb73a8045d3006/commons-math-2.2.jar:/Users/raliclo/.gradle/caches/modules-2/files-2.1/org.apache.avro/avro-ipc/1.7.7/b754e613b8fbd8c81fb6fb250e658f6c16efbffa/avro-ipc-1.7.7.jar:/Users/raliclo/.gradle/caches/modules-2/files-2.1/org.apache.avro/avro-ipc/1.7.7/1ef0eeefcd80710085a95172819c78cf2cb7f13d/avro-ipc-1.7.7-tests.jar:/Users/raliclo/.gradle/caches/modules-2/files-2.1/org.json4s/json4s-core_2.11/3.2.11/87d4c44dfdf74727defa32999aeeb62afb4e5375/json4s-core_2.11-3.2.11.jar:/Users/raliclo/.gradle/caches/modules-2/files-2.1/javax.ws.rs/javax.ws.rs-api/2.0.1/104e9c2b5583cfcfeac0402316221648d6d8ea6b/javax.ws.rs-api-2.0.1.jar:/Users/raliclo/.gradle/caches/modules-2/files-2.1/javax.annotation/javax.annotation-api/1.2/479c1e06db31c432330183f5cae684163f186146/javax.annotation-api-1.2.jar:/Users/raliclo/.gradle/caches/modules-2/files-2.1/org.glassfish.hk2/osgi-resource-locator/1.0.1/4ed2b2d4738aed5786cfa64cba5a332779c4c708/osgi-resource-locator-1.0.1.jar:/Users/raliclo/.gradle/caches/modules-2/files-2.1/org.glassfish.jersey.media/jersey-media-jaxb/2.24/3c6bd69016d1eb02ef5c60e74749c1d2df85279d/jersey-media-jaxb-2.24.jar:/Users/raliclo/.gradle/caches/modules-2/files-2.1/com.fasterxml.jackson.module/jackson-module-paranamer/2.6.5/cb7dadf00fd8001b25a082bde0f676ee536e5275/jackson-module-paranamer-2.6.5.jar:/Users/raliclo/.gradle/caches/modules-2/files-2.1/org.codehaus.janino/janino/2.7.8/109852ba81725a1ca29cc9aa0688455bd7be4b0f/janino-2.7.8.jar:/Users/raliclo/.gradle/caches/modules-2/files-2.1/org.antlr/antlr4-runtime/4.5.3/2609e36f18f7e8d593cc1cddfb2ac776dc96b8e0/antlr4-runtime-4.5.3.jar:/Users/raliclo/.gradle/caches/modules-2/files-2.1/org.apache.parquet/parquet-common/1.7.0/208e4576958c5d5ab64d3c808a759e388d90a99f/parquet-common-1.7.0.jar:/Users/raliclo/.gradle/caches/modules-2/files-2.1/org.apache.parquet/parquet-encoding/1.7.0/3b31bf2a9b472959a30927b96e0dca3e7ba49eb9/parquet-encoding-1.7.0.jar:/Users/raliclo/.gradle/caches/modules-2/files-2.1/org.apache.parquet/parquet-format/2.3.0-incubating/9ce0a76de9e695abc81d28bd6e3cc75322d14d28/parquet-format-2.3.0-incubating.jar:/Users/raliclo/.gradle/caches/modules-2/files-2.1/org.apache.parquet/parquet-jackson/1.7.0/32115a2437f8a3386ed15d7f7bfe7f204312fd20/parquet-jackson-1.7.0.jar:/Users/raliclo/.gradle/caches/modules-2/files-2.1/org.scalanlp/breeze-macros_2.11/0.11.2/fe2c740389b32720054a7ac7facd2e7dd489f63c/breeze-macros_2.11-0.11.2.jar:/Users/raliclo/.gradle/caches/modules-2/files-2.1/com.github.rwl/jtransforms/2.4.0/20ab3d14a0375cc2baee9452b92b217aac7e3c57/jtransforms-2.4.0.jar:/Users/raliclo/.gradle/caches/modules-2/files-2.1/org.spire-math/spire_2.11/0.7.4/6882bd3c7b517e9049ddcd0ff9b97cbed581bf54/spire_2.11-0.7.4.jar:/Users/raliclo/.gradle/caches/modules-2/files-2.1/org.jpmml/pmml-schema/1.2.15/6e9cab7f650da2a5019f0cf530613bd17648007a/pmml-schema-1.2.15.jar:/Users/raliclo/.gradle/caches/modules-2/files-2.1/log4j/apache-log4j-extras/1.2.17/85863614d82185d7e51fe21c00aa9117a523a8b6/apache-log4j-extras-1.2.17.jar:/Users/raliclo/.gradle/caches/modules-2/files-2.1/com.googlecode.javaewah/JavaEWAH/0.3.2/7130b68f1d4d9666f0ced0ba1a1bee37e2e51926/JavaEWAH-0.3.2.jar:/Users/raliclo/.gradle/caches/modules-2/files-2.1/org.twitter4j/twitter4j-core/4.0.4/1f3c896c7b2f20c51103078ccf0bc2ea97ac012a/twitter4j-core-4.0.4.jar:/Users/raliclo/.gradle/caches/modules-2/files-2.1/org.apache.tinkerpop/gremlin-shaded/3.2.2/c4443c270678830b289b61d60c29dffd95ee9ea8/gremlin-shaded-3.2.2.jar:/Users/raliclo/.gradle/caches/modules-2/files-2.1/org.javatuples/javatuples/1.2/507312ac4b601204a72a83380badbca82683dd36/javatuples-1.2.jar:/Users/raliclo/.gradle/caches/modules-2/files-2.1/com.carrotsearch/hppc/0.7.1/8b5057f74ea378c0150a1860874a3ebdcb713767/hppc-0.7.1.jar:/Users/raliclo/.gradle/caches/modules-2/files-2.1/com.jcabi/jcabi-manifests/1.1/e4f4488c0e3905c6fab287aca2569928fe1712df/jcabi-manifests-1.1.jar:/Users/raliclo/.gradle/caches/modules-2/files-2.1/org.codehaus.groovy/groovy-groovysh/2.4.7/ea496fcf70b4cdc7253330d8dcd914af1b5d3d8a/groovy-groovysh-2.4.7-indy.jar:/Users/raliclo/.gradle/caches/modules-2/files-2.1/org.codehaus.groovy/groovy-json/2.4.7/547a6847b5401fa707bbd1e08bea57febd7acd64/groovy-json-2.4.7-indy.jar:/Users/raliclo/.gradle/caches/modules-2/files-2.1/org.codehaus.groovy/groovy-jsr223/2.4.7/87543529407c57b9ab39390fb9d6d5e20474ccba/groovy-jsr223-2.4.7-indy.jar:/Users/raliclo/.gradle/caches/modules-2/files-2.1/com.github.jeremyh/jBCrypt/jbcrypt-0.4/f2503fcb93167ae701a3bf5fd1650d171ec1447e/jBCrypt-jbcrypt-0.4.jar:/Users/raliclo/.gradle/caches/modules-2/files-2.1/org.eclipse.leshan/leshan-server-core/0.1.11-M12/c98a7b24e18f435d393164ba73e5400275faf78f/leshan-server-core-0.1.11-M12.jar:/Users/raliclo/.gradle/caches/modules-2/files-2.1/org.eclipse.californium/scandium/2.0.0-M1/357c08eaa4c14142b01899517bab91fbf51c29a7/scandium-2.0.0-M1.jar:/Users/raliclo/.gradle/caches/modules-2/files-2.1/org.eclipse.leshan/leshan-client-core/0.1.11-M12/de4d540bfca57ce9638710be93436728bf359930/leshan-client-core-0.1.11-M12.jar:/Users/raliclo/.gradle/caches/modules-2/files-2.1/org.apache.camel/camel-http-common/2.17.3/cec1d91778ecd931a791f2396358b22a0277e2db/camel-http-common-2.17.3.jar:/Users/raliclo/.gradle/caches/modules-2/files-2.1/org.eclipse.jetty/jetty-client/9.3.14.v20161028/29aab11fe70c729ac0195ec0ba95201b62616d55/jetty-client-9.3.14.v20161028.jar:/Users/raliclo/.gradle/caches/modules-2/files-2.1/org.eclipse.jetty/jetty-jmx/9.3.14.v20161028/d4829a57973c36f117792455024684bb6a5202aa/jetty-jmx-9.3.14.v20161028.jar:/Users/raliclo/.gradle/caches/modules-2/files-2.1/org.apache.camel/camel-jetty-common/2.17.3/527a7cf4e5652309a4344cf338bf9c9326733556/camel-jetty-common-2.17.3.jar:/Users/raliclo/.gradle/caches/modules-2/files-2.1/org.codehaus.woodstox/stax2-api/3.1.4/ac19014b1e6a7c08aad07fe114af792676b685b7/stax2-api-3.1.4.jar:/Users/raliclo/.gradle/caches/modules-2/files-2.1/com.storm-enroute/scalameter_2.11/0.6/ac47a5a1c49e95e089b203b471c6d4fb5a662bbb/scalameter_2.11-0.6.jar:/Users/raliclo/.gradle/caches/modules-2/files-2.1/org.scala-sbt/test-interface/1.0/a3f14d010c4cb32071f863d97291df31603b521/test-interface-1.0.jar:/Users/raliclo/.gradle/caches/modules-2/files-2.1/org.nd4j/nd4j-buffer/0.4.0/a9bd2f0cc8d489db09c259032709667a6df57e3d/nd4j-buffer-0.4.0.jar:/Users/raliclo/.gradle/caches/modules-2/files-2.1/org.nd4j/canova-data-image/0.0.0.17/ad48a010afc20f39a689b51f865609976c0117b0/canova-data-image-0.0.0.17.jar:/Users/raliclo/.gradle/caches/modules-2/files-2.1/com.github.jai-imageio/jai-imageio-core/1.3.0/268feccd3a0fe32058ede66db41a21d9c7a9e535/jai-imageio-core-1.3.0.jar:/Users/raliclo/.gradle/caches/modules-2/files-2.1/com.twelvemonkeys.imageio/imageio-jpeg/3.1.1/464d6537504c7855c8aa3669b2726641ee3fd00c/imageio-jpeg-3.1.1.jar:/Users/raliclo/.gradle/caches/modules-2/files-2.1/com.twelvemonkeys.imageio/imageio-tiff/3.1.1/df54331a36fba97907e9413297c51defbe24a224/imageio-tiff-3.1.1.jar:/Users/raliclo/.gradle/caches/modules-2/files-2.1/com.twelvemonkeys.imageio/imageio-psd/3.1.1/8073714c928c9343a9e6dc68b4f48ab9c51a41f0/imageio-psd-3.1.1.jar:/Users/raliclo/.gradle/caches/modules-2/files-2.1/com.twelvemonkeys.imageio/imageio-bmp/3.1.1/3b6f82168a6f76899e33a8a9f4058d0e127df30e/imageio-bmp-3.1.1.jar:/Users/raliclo/.gradle/caches/modules-2/files-2.1/org.bytedeco/javacv/1.2/2fd1a7b7d272f6eb38f17bc2292b08ef3c0ca5f/javacv-1.2.jar:/Users/raliclo/.gradle/caches/modules-2/files-2.1/org.bytedeco.javacpp-presets/opencv/3.1.0-1.2/2cbce052bcc7780513b3c54594ba13a370621154/opencv-3.1.0-1.2.jar:/Users/raliclo/.gradle/caches/modules-2/files-2.1/org.bytedeco.javacpp-presets/ffmpeg/3.0.2-1.2/a241e53329a9601667c79afa64236d4abbac56a0/ffmpeg-3.0.2-1.2.jar:/Users/raliclo/.gradle/caches/modules-2/files-2.1/org.bytedeco.javacpp-presets/leptonica/1.73-1.2/9fb1a0408ffbad180280d32308cb66f33daafbc6/leptonica-1.73-1.2.jar:/Users/raliclo/.gradle/caches/modules-2/files-2.1/org.nd4j/nd4j-context/0.4.0/dc352b7777802ef75edcd83aa9a68b02b57f050a/nd4j-context-0.4.0.jar:/Users/raliclo/.gradle/caches/modules-2/files-2.1/org.nd4j/nd4j-native-api/0.4.0/51bb0a1421497edb823d5c0eee15c3929b48ab/nd4j-native-api-0.4.0.jar:/Users/raliclo/.gradle/caches/modules-2/files-2.1/javax.el/el-api/2.2/42971279cc8ba864462580c7fc2199fd5715ee7f/el-api-2.2.jar:/Users/raliclo/.gradle/caches/modules-2/files-2.1/org.jboss.spec.javax.interceptor/jboss-interceptors-api_1.1_spec/1.0.0.Beta1/8cb388fd3b4912373da7a18e199bb55aa52aa5c1/jboss-interceptors-api_1.1_spec-1.0.0.Beta1.jar:/Users/raliclo/.gradle/caches/modules-2/files-2.1/javax.annotation/jsr250-api/1.0/5025422767732a1ab45d93abfea846513d742dcf/jsr250-api-1.0.jar:/Users/raliclo/.gradle/caches/modules-2/files-2.1/com.fasterxml.jackson.jaxrs/jackson-jaxrs-base/2.8.4/6c0ceb3c9fed2e225b0cc2a45533574df393f606/jackson-jaxrs-base-2.8.4.jar:/Users/raliclo/.gradle/caches/modules-2/files-2.1/com.fasterxml.jackson.module/jackson-module-jaxb-annotations/2.8.4/d2eec7cf6c4284f7d5f0b1a72dc7cfa9d6bb579d/jackson-module-jaxb-annotations-2.8.4.jar:/Users/raliclo/.gradle/caches/modules-2/files-2.1/org.mortbay.jetty/jsp-api-2.1/6.1.14/756b3fac155e31bd0e85545dbf953495e0455c73/jsp-api-2.1-6.1.14.jar:/Users/raliclo/.gradle/caches/modules-2/files-2.1/org.mortbay.jetty/jsp-2.1/6.1.14/3a1df1e8e0fa56e9a940abbd19bc6f397fce16b5/jsp-2.1-6.1.14.jar:/Users/raliclo/.gradle/caches/modules-2/files-2.1/commons-el/commons-el/1.0/1df2c042b3f2de0124750241ac6c886dbfa2cc2c/commons-el-1.0.jar:/Users/raliclo/.gradle/caches/modules-2/files-2.1/org.mortbay.jetty/servlet-api-2.5/6.1.14/5f07601ab7d7c85dd9e38a17c0e1b0edfbd4a191/servlet-api-2.5-6.1.14.jar:/Users/raliclo/.gradle/caches/modules-2/files-2.1/net.sf.kosmosfs/kfs/0.3/20fcbc065182bdcd706c90a2eb383ae70eb5b223/kfs-0.3.jar:/Users/raliclo/.gradle/caches/modules-2/files-2.1/hsqldb/hsqldb/1.8.0.10/7e9978fdb754bce5fcd5161133e7734ecb683036/hsqldb-1.8.0.10.jar:/Users/raliclo/.gradle/caches/modules-2/files-2.1/com.googlecode.json-simple/json-simple/1.1.1/c9ad4a0850ab676c5c64461a05ca524cdfff59f1/json-simple-1.1.1.jar:/Users/raliclo/.gradle/caches/modules-2/files-2.1/com.esotericsoftware/minlog/1.3.0/ff07b5f1b01d2f92bb00a337f9a94873712f0827/minlog-1.3.0.jar:/Users/raliclo/.gradle/caches/modules-2/files-2.1/org.apache.velocity/velocity/1.5/9f306baf7523ffc0e81a6353d08a584d254133b/velocity-1.5.jar:/Users/raliclo/.gradle/caches/modules-2/files-2.1/org.apache.hive/hive-llap-client/2.1.0/51fd298e6393be09b60b35cd1e6d7699c405ab0b/hive-llap-client-2.1.0.jar:/Users/raliclo/.gradle/caches/modules-2/files-2.1/org.apache.hive.shims/hive-shims-common/2.1.0/106c8415d4644be66ce84a69081f22000972c476/hive-shims-common-2.1.0.jar:/Users/raliclo/.gradle/caches/modules-2/files-2.1/org.apache.hive.shims/hive-shims-0.23/2.1.0/241e8d9c51e22e1cc91b515d1d9c1f26d8d26e2d/hive-shims-0.23-2.1.0.jar:/Users/raliclo/.gradle/caches/modules-2/files-2.1/org.apache.hive.shims/hive-shims-scheduler/2.1.0/a8ac22d9b2aac5003e413254962ca9ee72bf171e/hive-shims-scheduler-2.1.0.jar:/Users/raliclo/.gradle/caches/modules-2/files-2.1/org.antlr/stringtemplate/3.2.1/59ec8083721eae215c6f3caee944c410d2be34de/stringtemplate-3.2.1.jar:/Users/raliclo/.gradle/caches/modules-2/files-2.1/org.eclipse.jetty.orbit/javax.servlet/3.0.0.v201112011016/aaaa85845fb5c59da00193f06b8e5278d8bf3f8/javax.servlet-3.0.0.v201112011016.jar:/Users/raliclo/.gradle/caches/modules-2/files-2.1/org.apache.logging.log4j/log4j-web/2.7/6c6cec01d95913355ceb79e47573bd84bbfbf60e/log4j-web-2.7.jar:/Users/raliclo/.gradle/caches/modules-2/files-2.1/com.github.joshelser/dropwizard-metrics-hadoop-metrics2-reporter/0.1.0/9f1f34dd4fbe213168f4f879924c33f647730283/dropwizard-metrics-hadoop-metrics2-reporter-0.1.0.jar:/Users/raliclo/.gradle/caches/modules-2/files-2.1/javax.transaction/jta/1.1/2ca09f0b36ca7d71b762e14ea2ff09d5eac57558/jta-1.1.jar:/Users/raliclo/.gradle/caches/modules-2/files-2.1/javax.transaction/transaction-api/1.1/2ca09f0b36ca7d71b762e14ea2ff09d5eac57558/transaction-api-1.1.jar:/Users/raliclo/.gradle/caches/modules-2/files-2.1/com.google.inject.extensions/guice-assistedinject/3.0/544449ddb19f088dcde44f055d30a08835a954a7/guice-assistedinject-3.0.jar:/Users/raliclo/.gradle/caches/modules-2/files-2.1/it.unimi.dsi/fastutil/6.5.6/7b644ef32b59d4f27004da19dd35f9040b726ec/fastutil-6.5.6.jar:/Users/raliclo/.gradle/caches/modules-2/files-2.1/org.apache.twill/twill-common/0.6.0-incubating/34c9d6fbcab9eb68a2c858ce0f16529e5f5e4993/twill-common-0.6.0-incubating.jar:/Users/raliclo/.gradle/caches/modules-2/files-2.1/org.apache.twill/twill-core/0.6.0-incubating/46109bb5fd3876749009d6d8998c8066a911ee8a/twill-core-0.6.0-incubating.jar:/Users/raliclo/.gradle/caches/modules-2/files-2.1/org.apache.twill/twill-discovery-api/0.6.0-incubating/c8b5bf3ac8d25fe20a89924e00ea8e113c1a787a/twill-discovery-api-0.6.0-incubating.jar:/Users/raliclo/.gradle/caches/modules-2/files-2.1/org.apache.twill/twill-discovery-core/0.6.0-incubating/b30e4df2f98d858bba1e2914e79d3b785deb2022/twill-discovery-core-0.6.0-incubating.jar:/Users/raliclo/.gradle/caches/modules-2/files-2.1/org.apache.twill/twill-zookeeper/0.6.0-incubating/58f37b2dc9eeaadcafd63236cce8d61f500ab29c/twill-zookeeper-0.6.0-incubating.jar:/Users/raliclo/.gradle/caches/modules-2/files-2.1/org.apache.hive/hive-llap-common/2.1.0/1f893a35849d6395730baa6bc84c4a29c5a5673b/hive-llap-common-2.1.0.jar:/Users/raliclo/.gradle/caches/modules-2/files-2.1/org.apache.slider/slider-core/0.90.2-incubating/d3c034d3e785993df15f5177ce56cd500b987c97/slider-core-0.90.2-incubating.jar:/Users/raliclo/.gradle/caches/modules-2/files-2.1/com.twitter/chill_2.10/0.5.0/763dd57f6496e1ed9eb5728ac49d054226d21267/chill_2.10-0.5.0.jar:/Users/raliclo/.gradle/caches/modules-2/files-2.1/org.apache.spark/spark-launcher_2.10/1.5.2/454013929453358dd6f9539f4ff098274b621f84/spark-launcher_2.10-1.5.2.jar:/Users/raliclo/.gradle/caches/modules-2/files-2.1/org.apache.spark/spark-network-common_2.10/1.5.2/cd5257d460363f4558a62591cf4774b6fec272b0/spark-network-common_2.10-1.5.2.jar:/Users/raliclo/.gradle/caches/modules-2/files-2.1/org.apache.spark/spark-network-shuffle_2.10/1.5.2/b1c3ab5def5fca7d181f0e76a7fe26623b670682/spark-network-shuffle_2.10-1.5.2.jar:/Users/raliclo/.gradle/caches/modules-2/files-2.1/org.apache.spark/spark-unsafe_2.10/1.5.2/800168cf570987d33bf9cd45d1a2acc3a6e8c865/spark-unsafe_2.10-1.5.2.jar:/Users/raliclo/.gradle/caches/modules-2/files-2.1/com.typesafe.akka/akka-remote_2.10/2.3.11/9aed4ee314df6f54079bb4befdd77050e567b9d/akka-remote_2.10-2.3.11.jar:/Users/raliclo/.gradle/caches/modules-2/files-2.1/com.typesafe.akka/akka-slf4j_2.10/2.3.11/bb54396770d81bde57e17024f4d34daf02fe125f/akka-slf4j_2.10-2.3.11.jar:/Users/raliclo/.gradle/caches/modules-2/files-2.1/org.json4s/json4s-jackson_2.10/3.2.10/d52c4a71a17bc806593d0e868e1d32dca4257da9/json4s-jackson_2.10-3.2.10.jar:/Users/raliclo/.gradle/caches/modules-2/files-2.1/com.fasterxml.jackson.module/jackson-module-scala_2.10/2.4.4/edf8b3b592a4e80160824770d3e53ab51bd79ab/jackson-module-scala_2.10-2.4.4.jar:/Users/raliclo/.gradle/caches/modules-2/files-2.1/org.tachyonproject/tachyon-client/0.7.1/92ad20eb39794c94ae6d8dc8b997435822116823/tachyon-client-0.7.1.jar:/Users/raliclo/.gradle/caches/modules-2/files-2.1/org.apache.spark/spark-catalyst_2.10/1.5.2/2ea4b3c4cd8e956c423a9ac6e04e7bd0d796c558/spark-catalyst_2.10-1.5.2.jar:/Users/raliclo/.gradle/caches/modules-2/files-2.1/org.apache.lucene/lucene-core/3.5.0/90ff0731fafb05c01fee4f2247140d56e9c30a3b/lucene-core-3.5.0.jar:/Users/raliclo/.gradle/caches/modules-2/files-2.1/org.jboss.netty/netty/3.2.0.Final/3bf21bdf3d23cd92358e756ec96fe546d9019a51/netty-3.2.0.Final.jar:/Users/raliclo/.gradle/caches/modules-2/files-2.1/org.lwjgl.lwjgl/lwjgl-platform/2.9.3/fbc2afb3e288578e9942578decb6291a490549a0/lwjgl-platform-2.9.3-natives-windows.jar:/Users/raliclo/.gradle/caches/modules-2/files-2.1/org.lwjgl.lwjgl/lwjgl-platform/2.9.3/b1eafe80093381c56415731e1d64279e6140bcd0/lwjgl-platform-2.9.3-natives-linux.jar:/Users/raliclo/.gradle/caches/modules-2/files-2.1/org.lwjgl.lwjgl/lwjgl-platform/2.9.3/6686cf6ddaa20b4290aa6599a09bc0d17369be05/lwjgl-platform-2.9.3-natives-osx.jar:/Users/raliclo/.gradle/caches/modules-2/files-2.1/net.java.jinput/jinput/2.0.5/39c7796b469a600f72380316f6b1f11db6c2c7c4/jinput-2.0.5.jar:/Users/raliclo/.gradle/caches/modules-2/files-2.1/org.arquillian.cube/arquillian-cube-api/1.0.0.Alpha14/f5c9f4009c131add4a127f45b3e8783a07092856/arquillian-cube-api-1.0.0.Alpha14.jar:/Users/raliclo/.gradle/caches/modules-2/files-2.1/org.jboss.arquillian.core/arquillian-core-spi/1.1.11.Final/6a459fa53984da22cdfe8c6fdb0639bb0306afa0/arquillian-core-spi-1.1.11.Final.jar:/Users/raliclo/.gradle/caches/modules-2/files-2.1/org.arquillian.extension/arquillian-recorder-reporter-api/1.1.2.Final/a45d9c059e33b5da3b2b79e8e95b68fa50858f98/arquillian-recorder-reporter-api-1.1.2.Final.jar:/Users/raliclo/.gradle/caches/modules-2/files-2.1/org.jboss.arquillian.test/arquillian-test-spi/1.1.11.Final/999cf9a818186395e587147b404eded45e2f56a0/arquillian-test-spi-1.1.11.Final.jar:/Users/raliclo/.gradle/caches/modules-2/files-2.1/org.jboss.shrinkwrap.resolver/shrinkwrap-resolver-api/2.1.0/d7c60a84858d9293171284b071611a2c3d10ff84/shrinkwrap-resolver-api-2.1.0.jar:/Users/raliclo/.gradle/caches/modules-2/files-2.1/org.jboss.shrinkwrap.resolver/shrinkwrap-resolver-spi/2.1.0/d5b0eecc03e582e0b32aef0c5352536d7b3193a/shrinkwrap-resolver-spi-2.1.0.jar:/Users/raliclo/.gradle/caches/modules-2/files-2.1/org.jboss.shrinkwrap.resolver/shrinkwrap-resolver-api-maven/2.1.0/b3da450e93443cd446082f3e40c9f25e38d49bf7/shrinkwrap-resolver-api-maven-2.1.0.jar:/Users/raliclo/.gradle/caches/modules-2/files-2.1/org.jboss.shrinkwrap.resolver/shrinkwrap-resolver-spi-maven/2.1.0/37c931b6ce00cae0d8e2230381aab6e4f5979c32/shrinkwrap-resolver-spi-maven-2.1.0.jar:/Users/raliclo/.gradle/caches/modules-2/files-2.1/org.jboss.shrinkwrap.resolver/shrinkwrap-resolver-api-maven-archive/2.1.0/24d6c1bc6d2664a9d2a1dedad32a06c834f2a04e/shrinkwrap-resolver-api-maven-archive-2.1.0.jar:/Users/raliclo/.gradle/caches/modules-2/files-2.1/org.jboss.shrinkwrap.resolver/shrinkwrap-resolver-impl-maven/2.1.0/a3b5f52aa088f7a5a4981b368a8affff76207bcf/shrinkwrap-resolver-impl-maven-2.1.0.jar:/Users/raliclo/.gradle/caches/modules-2/files-2.1/org.jboss.shrinkwrap.resolver/shrinkwrap-resolver-impl-maven-archive/2.1.0/f021d8c7ce80b835cb19fd299b32b1f5cb7b8d1c/shrinkwrap-resolver-impl-maven-archive-2.1.0.jar:/Users/raliclo/.gradle/caches/modules-2/files-2.1/info.cukes/cucumber-html/0.2.3/624a0c986088e32910336dd77aee5191c04a8201/cucumber-html-0.2.3.jar:/Users/raliclo/.gradle/caches/modules-2/files-2.1/info.cukes/cucumber-jvm-deps/1.0.5/69ed0efe4b81f05da3c0bdc7281cbdc43f5ceb26/cucumber-jvm-deps-1.0.5.jar:/Users/raliclo/.gradle/caches/modules-2/files-2.1/info.cukes/gherkin/2.12.2/17138631fa20fd0e44a13e50d6b7be59cee1a94/gherkin-2.12.2.jar:/Users/raliclo/.gradle/caches/modules-2/files-2.1/com.opera/operalaunchers/1.1/8f09d3dc6dcce5580666ae6e0556a7dbb6b1a563/operalaunchers-1.1.jar:/Users/raliclo/.gradle/caches/modules-2/files-2.1/commons-jxpath/commons-jxpath/1.3/c22d7d0f0f40eb7059a23cfa61773a416768b137/commons-jxpath-1.3.jar:/Users/raliclo/.gradle/caches/modules-2/files-2.1/org.ini4j/ini4j/0.5.2/16561cb11c221b5928119e10d7636c95ee5c960d/ini4j-0.5.2.jar:/Users/raliclo/.gradle/caches/modules-2/files-2.1/commons-validator/commons-validator/1.5.0/26b98c21975c5caf6bf34bacdeb7183be7a65970/commons-validator-1.5.0.jar:/Users/raliclo/.gradle/caches/modules-2/files-2.1/org.jruby/jruby-complete/1.7.4/74984d84846523bd7da49064679ed1ccf199e1db/jruby-complete-1.7.4.jar:/Users/raliclo/.gradle/caches/modules-2/files-2.1/org.parboiled/parboiled-core/1.1.7/a60ff9a54cbeb30ec44c89e16ac4c35913cbad5a/parboiled-core-1.1.7.jar:/Users/raliclo/.gradle/caches/modules-2/files-2.1/org.ow2.asm/asm-util/5.0.3/1512e5571325854b05fb1efce1db75fcced54389/asm-util-5.0.3.jar:/Users/raliclo/.gradle/caches/modules-2/files-2.1/org.apache.tomcat/tomcat-juli/8.5.6/83d2d1e3362ecca504f3bf8ed1bc4cc451754d24/tomcat-juli-8.5.6.jar:/Users/raliclo/.gradle/caches/modules-2/files-2.1/ognl/ognl/3.0.8/37e1aebfde7eb7baebc9ad4f85116ef9009c5fc5/ognl-3.0.8.jar:/Users/raliclo/.gradle/caches/modules-2/files-2.1/org.unbescape/unbescape/1.1.0.RELEASE/ab0db4fe0a6fa89fb8da2a40008a4e63a7f3f5b9/unbescape-1.1.0.RELEASE.jar:/Users/raliclo/.gradle/caches/modules-2/files-2.1/org.eclipse.jetty.websocket/websocket-api/9.3.14.v20161028/7f4af518fe69c17311fffc655bdc155efbea5d31/websocket-api-9.3.14.v20161028.jar:/Users/raliclo/.gradle/caches/modules-2/files-2.1/org.eclipse.jetty/jetty-plus/9.3.14.v20161028/312be9b7119f7377675b2f07389d8fa584b7e77d/jetty-plus-9.3.14.v20161028.jar:/Users/raliclo/.gradle/caches/modules-2/files-2.1/org.ow2.asm/asm-commons/5.0.1/7b7147a390a93a14d2edfdcf3f7b0e87a0939c3e/asm-commons-5.0.1.jar:/Users/raliclo/.gradle/caches/modules-2/files-2.1/org.apache.kerby/kerby-asn1/1.0.0-RC2/f9c72709d34b5aa7ffc21b29887a48a16aef9a08/kerby-asn1-1.0.0-RC2.jar:/Users/raliclo/.gradle/caches/modules-2/files-2.1/org.apache.kerby/kerby-pkix/1.0.0-RC2/3213d43b9b88dbfc678b99f859853adbd5860f2e/kerby-pkix-1.0.0-RC2.jar:/Users/raliclo/.gradle/caches/modules-2/files-2.1/org.apache.kerby/kerb-common/1.0.0-RC2/c331b713e3f24986cbfea51c1537215e4001fcfd/kerb-common-1.0.0-RC2.jar:/Users/raliclo/.gradle/caches/modules-2/files-2.1/org.apache.kerby/kerb-crypto/1.0.0-RC2/67c1215417d37f8e4bc307979fc6849be7d5395/kerb-crypto-1.0.0-RC2.jar:/Users/raliclo/.gradle/caches/modules-2/files-2.1/org.apache.kerby/kerb-identity/1.0.0-RC2/d606d73af5c98cee7ba85325d423f8f634c53415/kerb-identity-1.0.0-RC2.jar:/Users/raliclo/.gradle/caches/modules-2/files-2.1/co.cask.tephra/tephra-hbase-compat-1.1/0.7.0/5185cd12a8c8e24829685beb65a180dc5f0a954e/tephra-hbase-compat-1.1-0.7.0.jar:/Users/raliclo/.gradle/caches/modules-2/files-2.1/org.antlr/antlr/3.5/81a1eca3613590a370c69af1299364bc960f979d/antlr-3.5.jar:/Users/raliclo/.gradle/caches/modules-2/files-2.1/sqlline/sqlline/1.1.8/3f7fcce995cb351d7d1f533f15bac74821e7871e/sqlline-1.1.8.jar:/Users/raliclo/.gradle/caches/modules-2/files-2.1/net.sourceforge.findbugs/annotations/1.3.2/d77bc83e0408680034a29481a89de0dba9802a97/annotations-1.3.2.jar:/Users/raliclo/.gradle/caches/modules-2/files-2.1/org.apache.htrace/htrace-core/3.1.0-incubating/f73606e7c9ede5802335c290bf47490ad6d51df3/htrace-core-3.1.0-incubating.jar:/Users/raliclo/.gradle/caches/modules-2/files-2.1/org.apache.hbase/hbase-annotations/1.1.3/aa816194c5e1d22d7194e2b63071a62f3fd51450/hbase-annotations-1.1.3.jar:/Users/raliclo/.gradle/caches/modules-2/files-2.1/org.apache.hbase/hbase-protocol/1.1.3/a073f6182b0fa4936338485f2d316d948c37892f/hbase-protocol-1.1.3.jar:/Users/raliclo/.gradle/caches/modules-2/files-2.1/org.jruby.joni/joni/2.1.2/1f08024ec70e86a716188b7d069b0c2d2f183e14/joni-2.1.2.jar:/Users/raliclo/.gradle/caches/modules-2/files-2.1/org.json4s/json4s-ast_2.11/3.2.11/4e3c37960ea52c8cf3672792ef08887bf63e63d7/json4s-ast_2.11-3.2.11.jar:/Users/raliclo/.gradle/caches/modules-2/files-2.1/org.codehaus.janino/commons-compiler/2.7.8/fe224c801f296af125316178300dfc633675a8ff/commons-compiler-2.7.8.jar:/Users/raliclo/.gradle/caches/modules-2/files-2.1/org.apache.parquet/parquet-generator/1.7.0/3fedca3e1825a8ad7d30d374ff102fdb0d439681/parquet-generator-1.7.0.jar:/Users/raliclo/.gradle/caches/modules-2/files-2.1/org.spire-math/spire-macros_2.11/0.7.4/35a96f7ddee39e99ca8051ac43a0f741eeb66803/spire-macros_2.11-0.7.4.jar:/Users/raliclo/.gradle/caches/modules-2/files-2.1/com.jcabi/jcabi-log/0.14/819a57348f2448f01d74f8a317dab61d6a90cac2/jcabi-log-0.14.jar:/Users/raliclo/.gradle/caches/modules-2/files-2.1/org.codehaus.groovy/groovy-console/2.4.7/573e8838b42e40aeaefaec0b93a42ea41d1a11ed/groovy-console-2.4.7.jar:/Users/raliclo/.gradle/caches/modules-2/files-2.1/org.eclipse.leshan/leshan-core/0.1.11-M12/d703a760fdb50ad780bac97b02f4360e86227f83/leshan-core-0.1.11-M12.jar:/Users/raliclo/.gradle/caches/modules-2/files-2.1/com.storm-enroute/scalameter-core_2.11/0.6/429611cd9f0a98f9bb2e40ea2d4a0bb80ea6a64a/scalameter-core_2.11-0.6.jar:/Users/raliclo/.gradle/caches/modules-2/files-2.1/com.github.wookietreiber/scala-chart_2.11/0.4.2/6cc329e2e33c19eb25a033dc5b246b49b51983d6/scala-chart_2.11-0.4.2.jar:/Users/raliclo/.gradle/caches/modules-2/files-2.1/org.scala-tools.testing/test-interface/0.5/621ea57f37a1fed152bf7cb454e78a2c30e5ca6e/test-interface-0.5.jar:/Users/raliclo/.gradle/caches/modules-2/files-2.1/org.nd4j/nd4j-common/0.4.0/e855e522b079f0b8019eab058f6fd6c21acbce03/nd4j-common-0.4.0.jar:/Users/raliclo/.gradle/caches/modules-2/files-2.1/org.bytedeco/javacpp/1.2.2/532916fe23fdda846d09997dc23c5ae4f43d092a/javacpp-1.2.2.jar:/Users/raliclo/.gradle/caches/modules-2/files-2.1/com.twelvemonkeys.imageio/imageio-core/3.1.1/dbdf29da53ac89753d9abfc0f38802f6483821e/imageio-core-3.1.1.jar:/Users/raliclo/.gradle/caches/modules-2/files-2.1/com.twelvemonkeys.imageio/imageio-metadata/3.1.1/52b6b85601492e94fa8a08211c08179b1c888d91/imageio-metadata-3.1.1.jar:/Users/raliclo/.gradle/caches/modules-2/files-2.1/com.twelvemonkeys.common/common-lang/3.1.1/a9b5f8094211a8fbe5e9f469ebb266c1886d3666/common-lang-3.1.1.jar:/Users/raliclo/.gradle/caches/modules-2/files-2.1/com.twelvemonkeys.common/common-io/3.1.1/b6aec796ca2d20b145b6fa88bbe068724a258450/common-io-3.1.1.jar:/Users/raliclo/.gradle/caches/modules-2/files-2.1/com.twelvemonkeys.common/common-image/3.1.1/c86b3bc138b0caee17ce4193275636543cf28bfe/common-image-3.1.1.jar:/Users/raliclo/.gradle/caches/modules-2/files-2.1/org.apache.hadoop/hadoop-yarn-registry/2.7.1/640014928215054df53fb6c71475f4b36b3c182a/hadoop-yarn-registry-2.7.1.jar:/Users/raliclo/.gradle/caches/modules-2/files-2.1/com.github.stephenc.findbugs/findbugs-annotations/1.3.9-1/a6b11447635d80757d64b355bed3c00786d86801/findbugs-annotations-1.3.9-1.jar:/Users/raliclo/.gradle/caches/modules-2/files-2.1/com.esotericsoftware.kryo/kryo/2.21/9a4e69cff8d225729656f7e97e40893b23bffef/kryo-2.21.jar:/Users/raliclo/.gradle/caches/modules-2/files-2.1/com.typesafe.akka/akka-actor_2.10/2.3.11/cb99662d461833308c760d1abca07bc389084259/akka-actor_2.10-2.3.11.jar:/Users/raliclo/.gradle/caches/modules-2/files-2.1/org.uncommons.maths/uncommons-maths/1.2.2a/e4e84f879d4160be9508aa3904516ec30c39e815/uncommons-maths-1.2.2a.jar:/Users/raliclo/.gradle/caches/modules-2/files-2.1/org.json4s/json4s-core_2.10/3.2.10/dad833a33b231556e6254ab609eedfe8364793d3/json4s-core_2.10-3.2.10.jar:/Users/raliclo/.gradle/caches/modules-2/files-2.1/org.tachyonproject/tachyon-underfs-hdfs/0.7.1/efce0bc9971414b6f41ec5f23596aba2d8465435/tachyon-underfs-hdfs-0.7.1.jar:/Users/raliclo/.gradle/caches/modules-2/files-2.1/org.tachyonproject/tachyon-underfs-local/0.7.1/575e63d2605be85b1d1834bac024162f837e2235/tachyon-underfs-local-0.7.1.jar:/Users/raliclo/.gradle/caches/modules-2/files-2.1/net.java.jutils/jutils/1.0.0/e12fe1fda814bd348c1579329c86943d2cd3c6a6/jutils-1.0.0.jar:/Users/raliclo/.gradle/caches/modules-2/files-2.1/net.java.jinput/jinput-platform/2.0.5/7ff832a6eb9ab6a767f1ade2b548092d0fa64795/jinput-platform-2.0.5-natives-linux.jar:/Users/raliclo/.gradle/caches/modules-2/files-2.1/net.java.jinput/jinput-platform/2.0.5/385ee093e01f587f30ee1c8a2ee7d408fd732e16/jinput-platform-2.0.5-natives-windows.jar:/Users/raliclo/.gradle/caches/modules-2/files-2.1/net.java.jinput/jinput-platform/2.0.5/53f9c919f34d2ca9de8c51fc4e1e8282029a9232/jinput-platform-2.0.5-natives-osx.jar:/Users/raliclo/.gradle/caches/modules-2/files-2.1/org.jboss.arquillian.core/arquillian-core-api/1.1.11.Final/c3a8984dbd9b172e04c641db28f8b1a85695f9d4/arquillian-core-api-1.1.11.Final.jar:/Users/raliclo/.gradle/caches/modules-2/files-2.1/org.arquillian.extension/arquillian-recorder-api/1.1.2.Final/ccd2b9009b34b8fc4123b6eb36c2c17f7c81c98c/arquillian-recorder-api-1.1.2.Final.jar:/Users/raliclo/.gradle/caches/modules-2/files-2.1/org.arquillian.extension/arquillian-recorder-reporter-spi/1.1.2.Final/d1c329458413d58c59948b0a3a44f33aac8d8a59/arquillian-recorder-reporter-spi-1.1.2.Final.jar:/Users/raliclo/.gradle/caches/modules-2/files-2.1/org.eclipse.persistence/org.eclipse.persistence.moxy/2.5.1/2c4634eb0a35cce9ab4b76a9989a78bca501c7af/org.eclipse.persistence.moxy-2.5.1.jar:/Users/raliclo/.gradle/caches/modules-2/files-2.1/org.jboss.arquillian.test/arquillian-test-api/1.1.11.Final/a2618054d354f2d103220ba2152d35f2b4a5ee30/arquillian-test-api-1.1.11.Final.jar:/Users/raliclo/.gradle/caches/modules-2/files-2.1/org.jboss.shrinkwrap/shrinkwrap-api/1.2.1/9cfd86f88f7134c7f160ca2f7b02e410d0c3f518/shrinkwrap-api-1.2.1.jar:/Users/raliclo/.gradle/caches/modules-2/files-2.1/org.eclipse.aether/aether-api/0.9.0.M2/97662c999c6b2fbf2ee50e814a34639c1c1d22de/aether-api-0.9.0.M2.jar:/Users/raliclo/.gradle/caches/modules-2/files-2.1/org.eclipse.aether/aether-impl/0.9.0.M2/eab9a4baae8de96a24c04219236363d0ca73e8a9/aether-impl-0.9.0.M2.jar:/Users/raliclo/.gradle/caches/modules-2/files-2.1/org.eclipse.aether/aether-spi/0.9.0.M2/3647d00620a91360990c9680f29fbcc22d69c2ee/aether-spi-0.9.0.M2.jar:/Users/raliclo/.gradle/caches/modules-2/files-2.1/org.eclipse.aether/aether-util/0.9.0.M2/b957089deb654647da320ad7507b0a4b5ce23813/aether-util-0.9.0.M2.jar:/Users/raliclo/.gradle/caches/modules-2/files-2.1/org.eclipse.aether/aether-connector-wagon/0.9.0.M2/d026605975abe777baea95dc0dcbff1723c0829a/aether-connector-wagon-0.9.0.M2.jar:/Users/raliclo/.gradle/caches/modules-2/files-2.1/org.apache.maven/maven-aether-provider/3.1.1/7fd8a65d950d0e77dd39cc4ce2776ff9673ae470/maven-aether-provider-3.1.1.jar:/Users/raliclo/.gradle/caches/modules-2/files-2.1/org.apache.maven/maven-model/3.1.1/ccf79a1a63ef35de038a4226a952175c4e9f4f59/maven-model-3.1.1.jar:/Users/raliclo/.gradle/caches/modules-2/files-2.1/org.apache.maven/maven-model-builder/3.1.1/5fb53c92da84ebeff403414b667611d6bcd477cf/maven-model-builder-3.1.1.jar:/Users/raliclo/.gradle/caches/modules-2/files-2.1/org.apache.maven/maven-repository-metadata/3.1.1/ef5bccf2a7a22a326c8fe94e1d56f6f15419bedd/maven-repository-metadata-3.1.1.jar:/Users/raliclo/.gradle/caches/modules-2/files-2.1/org.apache.maven/maven-settings/3.1.1/311d38cf15ec7f5c713985862632db91b7a827af/maven-settings-3.1.1.jar:/Users/raliclo/.gradle/caches/modules-2/files-2.1/org.apache.maven/maven-settings-builder/3.1.1/e2d5e96ea4bbd4fc463dbb76d07dd8aefac05e3c/maven-settings-builder-3.1.1.jar:/Users/raliclo/.gradle/caches/modules-2/files-2.1/org.codehaus.plexus/plexus-interpolation/1.19/b260ca7a23bb0d209771db7aae35049899433fe3/plexus-interpolation-1.19.jar:/Users/raliclo/.gradle/caches/modules-2/files-2.1/org.codehaus.plexus/plexus-utils/3.0.15/519b3f1fc84d3387c61a8c8e6235daf89aea4168/plexus-utils-3.0.15.jar:/Users/raliclo/.gradle/caches/modules-2/files-2.1/org.sonatype.plexus/plexus-sec-dispatcher/1.3/dedc02034fb8fcd7615d66593228cb71709134b4/plexus-sec-dispatcher-1.3.jar:/Users/raliclo/.gradle/caches/modules-2/files-2.1/org.apache.maven.wagon/wagon-provider-api/2.6/62da5193bb8ccca0c0bcba0868d702e22f26b33a/wagon-provider-api-2.6.jar:/Users/raliclo/.gradle/caches/modules-2/files-2.1/org.apache.maven.wagon/wagon-file/2.6/b0d5a52db3b08e247dad16f76dbaa0fcb6e2874d/wagon-file-2.6.jar:/Users/raliclo/.gradle/caches/modules-2/files-2.1/org.apache.maven.wagon/wagon-http-lightweight/2.6/c83f3ee0c535f904669ff982876e6f5ad20b57e6/wagon-http-lightweight-2.6.jar:/Users/raliclo/.gradle/caches/modules-2/files-2.1/org.jboss.shrinkwrap/shrinkwrap-impl-base/1.2.1/faaa23800cec50cde5fc7a28a99c29138df6f69a/shrinkwrap-impl-base-1.2.1.jar:/Users/raliclo/.gradle/caches/modules-2/files-2.1/org.jboss.shrinkwrap.resolver/shrinkwrap-resolver-spi-maven-archive/2.1.0/edc5861bf08f524cec1aaeca83101958f4883570/shrinkwrap-resolver-spi-maven-archive-2.1.0.jar:/Users/raliclo/.gradle/caches/modules-2/files-2.1/org.eclipse.sisu/org.eclipse.sisu.plexus/0.0.0.M5/8818cc5a4d2afde2fbc87c2a78cf1ebf5719a869/org.eclipse.sisu.plexus-0.0.0.M5.jar:/Users/raliclo/.gradle/caches/modules-2/files-2.1/org.codehaus.plexus/plexus-compiler-javac/2.3/df849db7e81b9e2d207699c6557d775f5d7d049c/plexus-compiler-javac-2.3.jar:/Users/raliclo/.gradle/caches/modules-2/files-2.1/commons-beanutils/commons-beanutils/1.9.3/c845703de334ddc6b4b3cd26835458cb1cba1f3d/commons-beanutils-1.9.3.jar:/Users/raliclo/.gradle/caches/modules-2/files-2.1/org.apache.kerby/kerby-util/1.0.0-RC2/cc5069ca67d9fe1df3d3ad8d38a50d1d2a1b459e/kerby-util-1.0.0-RC2.jar:/Users/raliclo/.gradle/caches/modules-2/files-2.1/org.jruby.jcodings/jcodings/1.0.8/33fa45fd853c277b888e3d5a2e6a4604b7c11e2c/jcodings-1.0.8.jar:/Users/raliclo/.gradle/caches/modules-2/files-2.1/org.codehaus.groovy/groovy-swing/2.4.7/f5a2cdca4598ba59e9ab94d267bd20925ab368/groovy-swing-2.4.7.jar:/Users/raliclo/.gradle/caches/modules-2/files-2.1/org.codehaus.groovy/groovy-templates/2.4.7/3153f11ab70d65526109d9bcbe4f7b11f60b6fb6/groovy-templates-2.4.7.jar:/Users/raliclo/.gradle/caches/modules-2/files-2.1/org.jfree/jfreechart/1.0.17/5766f5838947395cd2503911d5fd0ffa4d6e257d/jfreechart-1.0.17.jar:/Users/raliclo/.gradle/caches/modules-2/files-2.1/org.scala-lang.modules/scala-swing_2.11/1.0.1/b1cdd92bd47b1e1837139c1c53020e86bb9112ae/scala-swing_2.11-1.0.1.jar:/Users/raliclo/.gradle/caches/modules-2/files-2.1/com.esotericsoftware.reflectasm/reflectasm/1.07/76f11c94a53ee975a0d9154b325c408b210155bd/reflectasm-1.07-shaded.jar:/Users/raliclo/.gradle/caches/modules-2/files-2.1/com.esotericsoftware.minlog/minlog/1.2/59bfcd171d82f9981a5e242b9e840191f650e209/minlog-1.2.jar:/Users/raliclo/.gradle/caches/modules-2/files-2.1/org.json4s/json4s-ast_2.10/3.2.10/6b0269aac8115a624fe432e7d4ae3e9804240ca7/json4s-ast_2.10-3.2.10.jar:/Users/raliclo/.gradle/caches/modules-2/files-2.1/org.jboss.arquillian.config/arquillian-config-api/1.1.11.Final/76166fce63c8555a7be27316b5b6a681404e4662/arquillian-config-api-1.1.11.Final.jar:/Users/raliclo/.gradle/caches/modules-2/files-2.1/org.arquillian.extension/arquillian-recorder-spi/1.1.2.Final/dba9e5a0d9e3995d8e333e97aa63627a3cbeb47a/arquillian-recorder-spi-1.1.2.Final.jar:/Users/raliclo/.gradle/caches/modules-2/files-2.1/org.eclipse.persistence/org.eclipse.persistence.core/2.5.1/edd943f941862f5407a0fdc762262271721994a4/org.eclipse.persistence.core-2.5.1.jar:/Users/raliclo/.gradle/caches/modules-2/files-2.1/org.eclipse.persistence/org.eclipse.persistence.antlr/2.5.1/7c230146738b780aab36973197294b4d55aecd2e/org.eclipse.persistence.antlr-2.5.1.jar:/Users/raliclo/.gradle/caches/modules-2/files-2.1/org.codehaus.plexus/plexus-component-annotations/1.5.5/c72f2660d0cbed24246ddb55d7fdc4f7374d2078/plexus-component-annotations-1.5.5.jar:/Users/raliclo/.gradle/caches/modules-2/files-2.1/org.sonatype.plexus/plexus-cipher/1.4/50ade46f23bb38cd984b4ec560c46223432aac38/plexus-cipher-1.4.jar:/Users/raliclo/.gradle/caches/modules-2/files-2.1/org.apache.maven.wagon/wagon-http-shared/2.6/81e12a1d6cf896f1181b0d00c6e0b41be9767358/wagon-http-shared-2.6.jar:/Users/raliclo/.gradle/caches/modules-2/files-2.1/org.jboss.shrinkwrap/shrinkwrap-spi/1.2.1/fd0a88257480450ceba714e0e1258112db4916a6/shrinkwrap-spi-1.2.1.jar:/Users/raliclo/.gradle/caches/modules-2/files-2.1/org.sonatype.sisu/sisu-guice/3.1.0/97c87d15d749c86b2be1b9809b28321a1d926c7f/sisu-guice-3.1.0-no_aop.jar:/Users/raliclo/.gradle/caches/modules-2/files-2.1/org.eclipse.sisu/org.eclipse.sisu.inject/0.0.0.M5/4f6bda3f528c60a12e70db2e7a3feee539dcc8cd/org.eclipse.sisu.inject-0.0.0.M5.jar:/Users/raliclo/.gradle/caches/modules-2/files-2.1/org.codehaus.plexus/plexus-compiler-api/2.3/a288dca07330a2faee3905498fe143c63994dd55/plexus-compiler-api-2.3.jar:/Users/raliclo/.gradle/caches/modules-2/files-2.1/org.codehaus.groovy/groovy-xml/2.4.7/864b9dc44fb0e05f329fad473e8b4df172f1b48f/groovy-xml-2.4.7.jar:/Users/raliclo/.gradle/caches/modules-2/files-2.1/org.jfree/jcommon/1.0.21/e354d6663dd3695bef264d95586fde66505492d9/jcommon-1.0.21.jar:/Users/raliclo/.gradle/caches/modules-2/files-2.1/org.jboss.shrinkwrap.descriptors/shrinkwrap-descriptors-api-base/2.0.0-alpha-8/7f446d32e508ee54201c93318c72eef2ffb87e24/shrinkwrap-descriptors-api-base-2.0.0-alpha-8.jar:/Users/raliclo/.gradle/caches/modules-2/files-2.1/org.eclipse.persistence/org.eclipse.persistence.asm/2.5.1/ead0368c7fc4be2af6920a4d0df813a7a490e96d/org.eclipse.persistence.asm-2.5.1.jar:/Users/raliclo/.gradle/caches/modules-2/files-2.1/io.netty/netty/3.10.5.Final/9ca7d55d246092bddd29b867706e2f6c7db701a0/netty-3.10.5.Final.jar:/Users/raliclo/.gradle/caches/modules-2/files-2.1/com.jamesmurty.utils/java-xmlbuilder/0.4/ac5962e48cdee3a0a6e1f8e00fcb594747ac5aaf/java-xmlbuilder-0.4.jar:/Users/raliclo/.gradle/caches/modules-2/files-2.1/org.apache.commons/commons-math3/3.4.1/3ac44a8664228384bc68437264cf7c4cf112f579/commons-math3-3.4.1.jar:/Users/raliclo/.gradle/caches/modules-2/files-2.1/com.google.code.findbugs/jsr305/3.0.1/f7be08ec23c21485b9b5a1cf1654c2ec8c58168d/jsr305-3.0.1.jar:/Users/raliclo/.gradle/caches/modules-2/files-2.1/com.google.protobuf/protobuf-java/2.6.1/d9521f2aecb909835746b7a5facf612af5e890e8/protobuf-java-2.6.1.jar:/Users/raliclo/.gradle/caches/modules-2/files-2.1/org.xerial.snappy/snappy-java/1.1.2.6/48d92871ca286a47f230feb375f0bbffa83b85f6/snappy-java-1.1.2.6.jar:/Users/raliclo/.gradle/caches/modules-2/files-2.1/org.codehaus.jettison/jettison/1.3.7/7d36a59a0577f11b12088b9e215d6860345b9e1d/jettison-1.3.7.jar:/Users/raliclo/.gradle/caches/modules-2/files-2.1/org.scala-lang/scala-library/2.12.0-M5/c24c40a71ff615877e28867030bf3bcc49704990/scala-library-2.12.0-M5.jar:/Users/raliclo/.gradle/caches/modules-2/files-2.1/org.apache.commons/commons-compress/1.9/cc18955ff1e36d5abd39a14bfe82b19154330a34/commons-compress-1.9.jar:/Users/raliclo/.gradle/caches/modules-2/files-2.1/org.apache.commons/commons-lang3/3.4/5fe28b9518e58819180a43a850fbc0dd24b7c050/commons-lang3-3.4.jar:/Users/raliclo/.gradle/caches/modules-2/files-2.1/org.scala-lang/scala-compiler/2.12.0-M5/b728be824eb4104e7e2a1e3fec2abda0c7668e18/scala-compiler-2.12.0-M5.jar:/Users/raliclo/.gradle/caches/modules-2/files-2.1/org.scala-lang/scala-reflect/2.12.0-M5/188fde96b3f9debe04298925533f15d2e2813449/scala-reflect-2.12.0-M5.jar:/Users/raliclo/.gradle/caches/modules-2/files-2.1/org.eclipse.jdt/core/3.1.1/88c83ce444cf46d02494da37c9fa1eebc9ce9cea/core-3.1.1.jar:/Users/raliclo/.gradle/caches/modules-2/files-2.1/ant/ant/1.6.5/7d18faf23df1a5c3a43613952e0e8a182664564b/ant-1.6.5.jar:/Users/raliclo/.gradle/caches/modules-2/files-2.1/org.datanucleus/datanucleus-core/4.1.6/de3c18e5f39ee03bb4ed3756a0602f9cd4981308/datanucleus-core-4.1.6.jar:/Users/raliclo/.gradle/caches/modules-2/files-2.1/org.apache.calcite/calcite-core/1.6.0/24cc4f0d9bb570ab0bd25ec6cf07404372776277/calcite-core-1.6.0.jar:/Users/raliclo/.gradle/caches/modules-2/files-2.1/org.apache.calcite/calcite-linq4j/1.6.0/b98944ef8658da18c4c907a8bd8704cb8edb260e/calcite-linq4j-1.6.0.jar:/Users/raliclo/.gradle/caches/modules-2/files-2.1/net.hydromatic/eigenbase-properties/1.1.5/a941956b3a4664d0cf728ece06ba25cc2110a3aa/eigenbase-properties-1.1.5.jar:/Users/raliclo/.gradle/caches/modules-2/files-2.1/jline/jline/2.12/ce9062c6a125e0f9ad766032573c041ae8ecc986/jline-2.12.jar:/Users/raliclo/.gradle/caches/modules-2/files-2.1/org.apache.thrift/libthrift/0.9.3/8625e8f9b6f49b881fa5fd143172c2833df1ce47/libthrift-0.9.3.jar:/Users/raliclo/.gradle/caches/modules-2/files-2.1/org.apache.thrift/libfb303/0.9.3/5d1abb695642e88558f4e7e0d32aa1925a1fd0b7/libfb303-0.9.3.jar:/Users/raliclo/.gradle/caches/modules-2/files-2.1/org.apache.ant/ant-launcher/1.9.1/7c71043ca185eaada9e36391dd022d92859327de/ant-launcher-1.9.1.jar:/Users/raliclo/.gradle/caches/modules-2/files-2.1/com.thoughtworks.xstream/xstream/1.4.9/c43f6e6bfa79b56e04a8898a923c3cf7144dd460/xstream-1.4.9.jar:/Users/raliclo/.gradle/caches/modules-2/files-2.1/xmlpull/xmlpull/1.1.3.1/2b8e230d2ab644e4ecaa94db7cdedbc40c805dfa/xmlpull-1.1.3.1.jar:/Users/raliclo/.gradle/caches/modules-2/files-2.1/xpp3/xpp3_min/1.1.4c/19d4e90b43059058f6e056f794f0ea4030d60b86/xpp3_min-1.1.4c.jar:/Users/raliclo/.gradle/caches/modules-2/files-2.1/org.seleniumhq.selenium/selenium-support/3.0.1/e9c4c37db74ad57554ac747b18e8465055c9e231/selenium-support-3.0.1.jar:/Users/raliclo/.gradle/caches/modules-2/files-2.1/commons-io/commons-io/2.5/2852e6e05fbb95076fc091f6d1780f1f8fe35e0f/commons-io-2.5.jar:/Users/raliclo/.gradle/caches/modules-2/files-2.1/com.squareup.okio/okio/1.6.0/98476622f10715998eacf9240d6b479f12c66143/okio-1.6.0.jar:/Users/raliclo/.gradle/caches/modules-2/files-2.1/org.apache.hbase/hbase-client/1.1.3/279dd11597df94e99512104499ad4c81cffb363d/hbase-client-1.1.3.jar:/Users/raliclo/.gradle/caches/modules-2/files-2.1/org.glassfish.jersey.core/jersey-common/2.24/356a432129c1c6c80216391883cf1f60ffaba1f6/jersey-common-2.24.jar:/Users/raliclo/.gradle/caches/modules-2/files-2.1/org.glassfish.jersey.core/jersey-client/2.24/73af5ad94fed5ee61d27afaecbecb42c33ca0263/jersey-client-2.24.jar:/Users/raliclo/.gradle/caches/modules-2/files-2.1/org.glassfish.hk2/hk2-api/2.5.0-b05/d54a52f5b869b247348cb0ec08edd432c22ef65f/hk2-api-2.5.0-b05.jar:/Users/raliclo/.gradle/caches/modules-2/files-2.1/org.glassfish.hk2/hk2-utils/2.5.0-b05/ede783b3e16339f83603e3293c83bda7a88526bc/hk2-utils-2.5.0-b05.jar:/Users/raliclo/.gradle/caches/modules-2/files-2.1/org.glassfish.hk2.external/aopalliance-repackaged/2.5.0-b05/51becf370a71dad73e6bcc554efb7246ad24c492/aopalliance-repackaged-2.5.0-b05.jar:/Users/raliclo/.gradle/caches/modules-2/files-2.1/org.glassfish.hk2.external/javax.inject/2.5.0-b05/aad1872e1bf5e573229b7ec143d6f83f33b753e4/javax.inject-2.5.0-b05.jar:/Users/raliclo/.gradle/caches/modules-2/files-2.1/org.glassfish.hk2/hk2-locator/2.5.0-b05/bed6e7565ce9491a53f047c17e3951b4dfd101fa/hk2-locator-2.5.0-b05.jar:/Users/raliclo/.gradle/caches/modules-2/files-2.1/commons-configuration/commons-configuration/1.10/2b36e4adfb66d966c5aef2d73deb6be716389dc9/commons-configuration-1.10.jar:/Users/raliclo/.gradle/caches/modules-2/files-2.1/javax.servlet/jsp-api/2.0/e6def06602b51b1d9be51f6c3fcdf163ecd01644/jsp-api-2.0.jar:/Users/raliclo/.gradle/caches/modules-2/files-2.1/org.apache.pig/pig/0.12.0/39118f6dea7d8a149a32223b447c50fb21c75c2/pig-0.12.0.jar:/Users/raliclo/.gradle/caches/modules-2/files-2.1/org.antlr/antlr-runtime/3.5/baa82bff19059401e90e1b90020beb9c96305d7/antlr-runtime-3.5.jar:/Users/raliclo/.gradle/caches/modules-2/files-2.1/org.apache.hbase/hbase-procedure/1.1.3/4f3759c6019a1c4056f974e768e241362b722c26/hbase-procedure-1.1.3.jar:/Users/raliclo/.gradle/caches/modules-2/files-2.1/org.apache.hbase/hbase-prefix-tree/1.1.3/ff0944ca6e2afbd9c9da02c6d774ab65c418cb8c/hbase-prefix-tree-1.1.3.jar:/Users/raliclo/.gradle/caches/modules-2/files-2.1/com.lmax/disruptor/3.3.0/6925c7787741f6ac1535188ea450f04fa1246acf/disruptor-3.3.0.jar:/Users/raliclo/.gradle/caches/modules-2/files-2.1/org.ow2.asm/asm/6.0_ALPHA/ceaedaebaf6b74e9092959285fbc66cfbc03e43b/asm-6.0_ALPHA.jar:/Users/raliclo/.gradle/caches/modules-2/files-2.1/net.minidev/json-smart/2.2.1/5b9e5df7a62d1279b70dc882b041d249c4f0b002/json-smart-2.2.1.jar:/Users/raliclo/.gradle/caches/modules-2/files-2.1/net.minidev/accessors-smart/1.1/a527213f2fea112a04c9bdf0ec0264e34104cd08/accessors-smart-1.1.jar:/Users/raliclo/.gradle/caches/modules-2/files-2.1/xerces/xercesImpl/2.11.0/9bb329db1cfc4e22462c9d6b43a8432f5850e92c/xercesImpl-2.11.0.jar:/Users/raliclo/.gradle/caches/modules-2/files-2.1/co.cask.tephra/tephra-api/0.7.0/f8a0c94892eec68139f6bd52d829161755b366db/tephra-api-0.7.0.jar:/Users/raliclo/.gradle/caches/modules-2/files-2.1/co.cask.tephra/tephra-core/0.7.0/3e70cff7d6a28cc3802e24c49d209f0ab9e9f6ac/tephra-core-0.7.0.jar:/Users/raliclo/.gradle/caches/modules-2/files-2.1/org.apache.twill/twill-api/0.6.0-incubating/338247e16528d12f1d70781769af63b818f4f356/twill-api-0.6.0-incubating.jar:/Users/raliclo/.gradle/caches/modules-2/files-2.1/org.iq80.snappy/snappy/0.3/c4ca27840da7ffc6ed46ec34454683a6c1c2b2f8/snappy-0.3.jar:/Users/raliclo/.gradle/caches/modules-2/files-2.1/org.apache.hbase/hbase-hadoop-compat/1.1.3/c5450b4897a94324e94c26a57197b9c569771ba/hbase-hadoop-compat-1.1.3.jar:/Users/raliclo/.gradle/caches/modules-2/files-2.1/org.antlr/ST4/4.0.7/c013c5d7365477500eee744b65257c72f06e5ee/ST4-4.0.7.jar:/Users/raliclo/.gradle/caches/modules-2/files-2.1/org.glassfish.jersey.bundles.repackaged/jersey-guava/2.24/df9d1fca9c5289097da6c0b8a3092c6d6eb48d87/jersey-guava-2.24.jar:/Users/raliclo/.gradle/caches/modules-2/files-2.1/org.apache.hbase/hbase-hadoop2-compat/1.1.3/87b10760e6dd62dd161f8f21e701364d3b7cf6cf/hbase-hadoop2-compat-1.1.3.jar:/Users/raliclo/.gradle/caches/modules-2/files-2.1/org.junit.platform/junit-platform-launcher/1.0.0-M3/86525f5274dee56f533f938f9aeae9a3716f8c4/junit-platform-launcher-1.0.0-M3.jar:/Users/raliclo/.gradle/caches/modules-2/files-2.1/org.junit.platform/junit-platform-console/1.0.0-M3/fec4071130bcec4081b868a59fa6cad47f11733/junit-platform-console-1.0.0-M3.jar"/>
<property name="java.class.version" value="52.0"/>
<property name="java.endorsed.dirs" value="/Library/Java/JavaVirtualMachines/jdk1.8.0_101.jdk/Contents/Home/jre/lib/endorsed"/>
<property name="java.ext.dirs" value="/Users/raliclo/Library/Java/Extensions:/Library/Java/JavaVirtualMachines/jdk1.8.0_101.jdk/Contents/Home/jre/lib/ext:/Library/Java/Extensions:/Network/Library/Java/Extensions:/System/Library/Java/Extensions:/usr/lib/java"/>
<property name="java.home" value="/Library/Java/JavaVirtualMachines/jdk1.8.0_101.jdk/Contents/Home/jre"/>
<property name="java.io.tmpdir" value="/var/folders/d6/lnrxqp194zn2c1g3_02j1pdh0000gn/T/"/>
<property name="java.library.path" value="/Users/raliclo/Library/Java/Extensions:/Library/Java/Extensions:/Network/Library/Java/Extensions:/System/Library/Java/Extensions:/usr/lib/java:."/>
<property name="java.runtime.name" value="Java(TM) SE Runtime Environment"/>
<property name="java.runtime.version" value="1.8.0_101-b13"/>
<property name="java.specification.name" value="Java Platform API Specification"/>
<property name="java.specification.vendor" value="Oracle Corporation"/>
<property name="java.specification.version" value="1.8"/>
<property name="java.vendor" value="Oracle Corporation"/>
<property name="java.vendor.url" value="http://java.oracle.com/"/>
<property name="java.vendor.url.bug" value="http://bugreport.sun.com/bugreport/"/>
<property name="java.version" value="1.8.0_101"/>
<property name="java.vm.info" value="mixed mode"/>
<property name="java.vm.name" value="Java HotSpot(TM) 64-Bit Server VM"/>
<property name="java.vm.specification.name" value="Java Virtual Machine Specification"/>
<property name="java.vm.specification.vendor" value="Oracle Corporation"/>
<property name="java.vm.specification.version" value="1.8"/>
<property name="java.vm.vendor" value="Oracle Corporation"/>
<property name="java.vm.version" value="25.101-b13"/>
<property name="line.separator" value="&#xa;"/>
<property name="org.jboss.logging.provider" value="slf4j"/>
<property name="os.arch" value="x86_64"/>
<property name="os.name" value="Mac OS X"/>
<property name="os.version" value="10.12.1"/>
<property name="path.separator" value=":"/>
<property name="socksNonProxyHosts" value="local|*.local|169.254/16|*.169.254/16"/>
<property name="spring.beaninfo.ignore" value="true"/>
<property name="sun.arch.data.model" value="64"/>
<property name="sun.boot.class.path" value="/Library/Java/JavaVirtualMachines/jdk1.8.0_101.jdk/Contents/Home/jre/lib/resources.jar:/Library/Java/JavaVirtualMachines/jdk1.8.0_101.jdk/Contents/Home/jre/lib/rt.jar:/Library/Java/JavaVirtualMachines/jdk1.8.0_101.jdk/Contents/Home/jre/lib/sunrsasign.jar:/Library/Java/JavaVirtualMachines/jdk1.8.0_101.jdk/Contents/Home/jre/lib/jsse.jar:/Library/Java/JavaVirtualMachines/jdk1.8.0_101.jdk/Contents/Home/jre/lib/jce.jar:/Library/Java/JavaVirtualMachines/jdk1.8.0_101.jdk/Contents/Home/jre/lib/charsets.jar:/Library/Java/JavaVirtualMachines/jdk1.8.0_101.jdk/Contents/Home/jre/lib/jfr.jar:/Library/Java/JavaVirtualMachines/jdk1.8.0_101.jdk/Contents/Home/jre/classes"/>
<property name="sun.boot.library.path" value="/Library/Java/JavaVirtualMachines/jdk1.8.0_101.jdk/Contents/Home/jre/lib"/>
<property name="sun.cpu.endian" value="little"/>
<property name="sun.cpu.isalist" value=""/>
<property name="sun.io.unicode.encoding" value="UnicodeBig"/>
<property name="sun.java.command" value="org.junit.platform.console.ConsoleLauncher --hide-details --scan-class-path /Users/raliclo/work/bak2/HackerRanks/IDEAs/build/classes/main:/Users/raliclo/work/bak2/HackerRanks/IDEAs/build/resources/main:/Users/raliclo/work/bak2/HackerRanks/IDEAs/build/classes/test:/Users/raliclo/work/bak2/HackerRanks/IDEAs/build/resources/test -n ^.*Tests?$ --reports-dir /Users/raliclo/work/bak2/HackerRanks/IDEAs/build/test-results/junit-platform"/>
<property name="sun.java.launcher" value="SUN_STANDARD"/>
<property name="sun.jnu.encoding" value="UTF-8"/>
<property name="sun.management.compiler" value="HotSpot 64-Bit Tiered Compilers"/>
<property name="sun.os.patch.level" value="unknown"/>
<property name="user.country" value="US"/>
<property name="user.dir" value="/Users/raliclo/work/bak2/HackerRanks/IDEAs"/>
<property name="user.home" value="/Users/raliclo"/>
<property name="user.language" value="en"/>
<property name="user.name" value="raliclo"/>
<property name="user.timezone" value="America/Los_Angeles"/>
<property name="user.variant" value=""/>
</properties>
<testcase name="myFirstTest()" classname="Java8_Tests.ClassTest.Junit5_JupiterTest" time="0.014">
<system-out><![CDATA[
unique-id: [engine:junit-jupiter]/[class:Java8_Tests.ClassTest.Junit5_JupiterTest]/[method:myFirstTest()]
display-name: myFirstTest()
]]></system-out>
</testcase>
<testcase name="testRestByJunit()" classname="org.raliclo.WordCountWeb.RestAPI.SpringJunit5.Spring_WordCountSite_JunitTest" time="2.906">
<system-out><![CDATA[
unique-id: [engine:junit-jupiter]/[class:org.raliclo.WordCountWeb.RestAPI.SpringJunit5.Spring_WordCountSite_JunitTest]/[method:testRestByJunit()]
display-name: testRestByJunit()
]]></system-out>
</testcase>
<system-out><![CDATA[
unique-id: [engine:junit-jupiter]
display-name: JUnit Jupiter
]]></system-out>
</testsuite>
