<?xml version="1.0" encoding="UTF-8"?>
<testsuite name="ScalaTestNG.ScalaTestNG" tests="1" skipped="0" failures="0" errors="0" timestamp="2016-08-30T11:13:00" hostname="tastypotinc.private" time="0.005">
  <properties/>
  <testcase name="verifyEasy" classname="ScalaTestNG.ScalaTestNG" time="0.005"/>
  <system-out><![CDATA[]]></system-out>
  <system-err><![CDATA[]]></system-err>
</testsuite>
