<?xml version="1.0" encoding="UTF-8"?>
<testsuite name="advanced_Selenium.seleniumTest" tests="1" skipped="0" failures="0" errors="0" timestamp="2016-08-30T02:24:39" hostname="tastypotinc.private" time="1.657">
  <properties/>
  <testcase name="main" classname="advanced_Selenium.seleniumTest" time="1.657"/>
  <system-out><![CDATA[
[Info] List out all Elements founded~!
--------------------------------------
--------------------------------------
Elements Amounts : 1
Element href attribute: http://testng.org/


[Info] You shall be searching TestNG on google using Firefox or Chrome~!

]]></system-out>
  <system-err><![CDATA[]]></system-err>
</testsuite>
