<?xml version="1.0" encoding="UTF-8"?>
<testsuite name="Java8_Tests.ClassTest.TestNG_PersonTest" tests="4" skipped="0" failures="0" errors="0" timestamp="2016-08-30T02:24:54" hostname="tastypotinc.private" time="0.028">
  <properties/>
  <testcase name="collect0" classname="Java8_Tests.ClassTest.TestNG_PersonTest" time="0.019"/>
  <testcase name="collect1" classname="Java8_Tests.ClassTest.TestNG_PersonTest" time="0.004"/>
  <testcase name="collect2" classname="Java8_Tests.ClassTest.TestNG_PersonTest" time="0.001"/>
  <testcase name="collect3" classname="Java8_Tests.ClassTest.TestNG_PersonTest" time="0.001"/>
  <system-out><![CDATA[{chicago=[Java8_Tests.ClassTest.Person@38d82241, Java8_Tests.ClassTest.Person@f8b00fe], new york=[Java8_Tests.ClassTest.Person@381844aa, Java8_Tests.ClassTest.Person@78737864]}
{chicago=[raliclo], new york=[raliclo1, raliclo3]}
{chicago=[raliclo, raliclo], new york=[raliclo1, raliclo3]}
{raliclo1=[Java8_Tests.ClassTest.Person@381844aa], raliclo=[Java8_Tests.ClassTest.Person@38d82241, Java8_Tests.ClassTest.Person@f8b00fe], raliclo3=[Java8_Tests.ClassTest.Person@78737864]}
]]></system-out>
  <system-err><![CDATA[]]></system-err>
</testsuite>
